#[TRACE]
#data_labels=Output
#[TRACE_DATA]
3.482261e-06 
1.628532e-05 
1.628495e-05 
1.628495e-05 
1.628495e-05 
2.055044e-05 
-4.674245e-04 
-4.679501e-04 
-4.679501e-04 
-4.679501e-04 
-4.165633e-03 
-9.542471e-01 
-9.542476e-01 
-9.542476e-01 
-9.542476e-01 
-9.542361e-01 
-9.542328e-01 
-9.542328e-01 
-9.542328e-01 
-9.542328e-01 
3.719728e-05 
2.956901e-06 
2.956787e-06 
2.956787e-06 
2.956787e-06 
9.969331e-06 
5.247870e-04 
5.249830e-04 
5.249830e-04 
5.249830e-04 
4.371978e-03 
9.542474e-01 
9.542477e-01 
9.542477e-01 
9.542477e-01 
9.542373e-01 
9.542331e-01 
9.542331e-01 
9.542331e-01 
9.542331e-01 
3.983257e-05 
1.628567e-05 
1.628495e-05 
1.628495e-05 
1.628495e-05 
2.062906e-05 
-4.675771e-04 
-4.679501e-04 
-4.679501e-04 
-4.679501e-04 
-4.331166e-03 
-9.542473e-01 
-9.542476e-01 
-9.542476e-01 
-9.542476e-01 
-9.542360e-01 
-9.542328e-01 
-9.542328e-01 
-9.542328e-01 
-9.542328e-01 
3.592784e-05 
2.940269e-06 
2.940190e-06 
2.940190e-06 
2.940190e-06 
1.015183e-05 
5.248558e-04 
5.249928e-04 
5.249928e-04 
5.249928e-04 
4.546144e-03 
9.542475e-01 
9.542477e-01 
9.542477e-01 
9.542477e-01 
9.542372e-01 
9.542331e-01 
9.542331e-01 
9.542331e-01 
9.542331e-01 
3.766433e-05 
-1.039612e-05 
-1.039543e-05 
-1.039543e-05 
-1.039543e-05 
-4.213612e-07 
4.849701e-04 
4.851571e-04 
4.851571e-04 
4.851571e-04 
4.636642e-03 
9.542476e-01 
9.542477e-01 
9.542477e-01 
9.542477e-01 
9.542371e-01 
9.542331e-01 
9.542331e-01 
9.542331e-01 
9.542331e-01 
3.666686e-05 
1.628582e-05 
1.628495e-05 
1.628495e-05 
1.628495e-05 
2.074687e-05 
-4.677286e-04 
-4.679501e-04 
-4.679501e-04 
-4.679501e-04 
-4.596174e-03 
-9.542475e-01 
-9.542476e-01 
-9.542476e-01 
-9.542476e-01 
-9.542359e-01 
-9.542328e-01 
-9.542328e-01 
-9.542328e-01 
-9.542328e-01 
3.398466e-05 
1.628581e-05 
1.628495e-05 
1.628495e-05 
1.628495e-05 
2.078605e-05 
-4.677642e-04 
-4.679501e-04 
-4.679501e-04 
-4.679501e-04 
-4.689262e-03 
-9.542475e-01 
-9.542476e-01 
-9.542476e-01 
-9.542476e-01 
-9.542359e-01 
-9.542328e-01 
-9.542328e-01 
-9.542328e-01 
-9.542328e-01 
3.333932e-05 
2.956800e-06 
2.956787e-06 
2.956787e-06 
2.956787e-06 
1.072823e-05 
5.249165e-04 
5.249830e-04 
5.249830e-04 
5.249830e-04 
4.923004e-03 
9.542476e-01 
9.542477e-01 
9.542477e-01 
9.542477e-01 
9.542370e-01 
9.542331e-01 
9.542331e-01 
9.542331e-01 
9.542331e-01 
3.396033e-05 
1.628574e-05 
1.628495e-05 
1.628495e-05 
1.628495e-05 
2.086419e-05 
-4.678194e-04 
-4.679501e-04 
-4.679501e-04 
-4.679501e-04 
-4.883046e-03 
-9.542475e-01 
-9.542476e-01 
-9.542476e-01 
-9.542476e-01 
-9.542359e-01 
-9.542328e-01 
-9.542328e-01 
-9.542328e-01 
-9.542328e-01 
3.206550e-05 
1.628570e-05 
1.628495e-05 
1.628495e-05 
1.628495e-05 
2.090311e-05 
-4.678406e-04 
-4.679501e-04 
-4.679501e-04 
-4.679501e-04 
-4.983912e-03 
-9.542475e-01 
-9.542476e-01 
-9.542476e-01 
-9.542476e-01 
-9.542358e-01 
-9.542328e-01 
-9.542328e-01 
-9.542328e-01 
-9.542328e-01 
3.144008e-05 
2.956787e-06 
2.956787e-06 
2.956787e-06 
2.956787e-06 
1.114255e-05 
5.249446e-04 
5.249830e-04 
5.249830e-04 
5.249830e-04 
5.233179e-03 
9.542477e-01 
9.542477e-01 
9.542477e-01 
9.542477e-01 
9.542369e-01 
9.542331e-01 
9.542331e-01 
9.542331e-01 
9.542331e-01 
3.160260e-05 
1.628560e-05 
1.628495e-05 
1.628495e-05 
1.628495e-05 
2.098057e-05 
-4.678734e-04 
-4.679501e-04 
-4.679501e-04 
-4.679501e-04 
-5.194049e-03 
-9.542476e-01 
-9.542476e-01 
-9.542476e-01 
-9.542476e-01 
-9.542358e-01 
-9.542328e-01 
-9.542328e-01 
-9.542328e-01 
-9.542328e-01 
3.021786e-05 
1.628554e-05 
1.628495e-05 
1.628495e-05 
1.628495e-05 
2.101906e-05 
-4.678860e-04 
-4.679501e-04 
-4.679501e-04 
-4.679501e-04 
-5.303512e-03 
-9.542476e-01 
-9.542476e-01 
-9.542476e-01 
-9.542476e-01 
-9.542357e-01 
-9.542328e-01 
-9.542328e-01 
-9.542328e-01 
-9.542328e-01 
2.962261e-05 
1.628549e-05 
1.628495e-05 
1.628495e-05 
1.628495e-05 
2.105737e-05 
-4.678965e-04 
-4.679501e-04 
-4.679501e-04 
-4.679501e-04 
-5.416040e-03 
-9.542476e-01 
-9.542476e-01 
-9.542476e-01 
-9.542476e-01 
-9.542357e-01 
-9.542328e-01 
-9.542328e-01 
-9.542328e-01 
-9.542328e-01 
2.903866e-05 
1.628544e-05 
1.628495e-05 
1.628495e-05 
1.628495e-05 
2.109548e-05 
-4.679054e-04 
-4.679501e-04 
-4.679501e-04 
-4.679501e-04 
-5.531738e-03 
-9.542476e-01 
-9.542476e-01 
-9.542476e-01 
-9.542476e-01 
-9.542357e-01 
-9.542328e-01 
-9.542328e-01 
-9.542328e-01 
-9.542328e-01 
2.846639e-05 
2.956781e-06 
2.956787e-06 
2.956787e-06 
2.956787e-06 
1.189144e-05 
5.249679e-04 
5.249830e-04 
5.249830e-04 
5.249830e-04 
5.810063e-03 
9.542477e-01 
9.542477e-01 
9.542477e-01 
9.542477e-01 
9.542367e-01 
9.542331e-01 
9.542331e-01 
9.542331e-01 
9.542331e-01 
2.825130e-05 
2.956781e-06 
2.956787e-06 
2.956787e-06 
2.956787e-06 
1.205069e-05 
5.249705e-04 
5.249830e-04 
5.249830e-04 
5.249830e-04 
5.935387e-03 
9.542477e-01 
9.542477e-01 
9.542477e-01 
9.542477e-01 
9.542366e-01 
9.542331e-01 
9.542331e-01 
9.542331e-01 
9.542331e-01 
2.765083e-05 
1.628531e-05 
1.628495e-05 
1.628495e-05 
1.628495e-05 
2.120829e-05 
-4.679241e-04 
-4.679501e-04 
-4.679501e-04 
-4.679501e-04 
-5.898992e-03 
-9.542476e-01 
-9.542476e-01 
-9.542476e-01 
-9.542476e-01 
-9.542356e-01 
-9.542328e-01 
-9.542328e-01 
-9.542328e-01 
-9.542328e-01 
2.682174e-05 
1.628527e-05 
1.628495e-05 
1.628495e-05 
1.628495e-05 
2.124530e-05 
-4.679284e-04 
-4.679501e-04 
-4.679501e-04 
-4.679501e-04 
-6.028531e-03 
-9.542476e-01 
-9.542476e-01 
-9.542476e-01 
-9.542476e-01 
-9.542356e-01 
-9.542328e-01 
-9.542328e-01 
-9.542328e-01 
-9.542328e-01 
2.629779e-05 
2.940186e-06 
2.940190e-06 
2.940190e-06 
2.940190e-06 
1.247441e-05 
5.249857e-04 
5.249928e-04 
5.249928e-04 
5.249928e-04 
6.333414e-03 
9.542477e-01 
9.542477e-01 
9.542477e-01 
9.542477e-01 
9.542365e-01 
9.542331e-01 
9.542331e-01 
9.542331e-01 
9.542331e-01 
2.596457e-05 
2.956782e-06 
2.956787e-06 
2.956787e-06 
2.956787e-06 
1.272232e-05 
5.249771e-04 
5.249830e-04 
5.249830e-04 
5.249830e-04 
6.473885e-03 
9.542477e-01 
9.542477e-01 
9.542477e-01 
9.542477e-01 
9.542365e-01 
9.542331e-01 
9.542331e-01 
9.542331e-01 
9.542331e-01 
2.543744e-05 
1.628517e-05 
1.628495e-05 
1.628495e-05 
1.628495e-05 
2.135418e-05 
-4.679376e-04 
-4.679501e-04 
-4.679501e-04 
-4.679501e-04 
-6.440339e-03 
-9.542476e-01 
-9.542476e-01 
-9.542476e-01 
-9.542476e-01 
-9.542355e-01 
-9.542328e-01 
-9.542328e-01 
-9.542328e-01 
-9.542328e-01 
2.479809e-05 
2.940187e-06 
2.940190e-06 
2.940190e-06 
2.940190e-06 
1.300254e-05 
5.249888e-04 
5.249928e-04 
5.249928e-04 
5.249928e-04 
6.767379e-03 
9.542477e-01 
9.542477e-01 
9.542477e-01 
9.542477e-01 
9.542364e-01 
9.542331e-01 
9.542331e-01 
9.542331e-01 
9.542331e-01 
2.443025e-05 
1.628512e-05 
1.628495e-05 
1.628495e-05 
1.628495e-05 
2.142462e-05 
-4.679414e-04 
-4.679501e-04 
-4.679501e-04 
-4.679501e-04 
-6.735643e-03 
-9.542476e-01 
-9.542476e-01 
-9.542476e-01 
-9.542476e-01 
-9.542354e-01 
-9.542328e-01 
-9.542328e-01 
-9.542328e-01 
-9.542328e-01 
2.385693e-05 
1.628510e-05 
1.628495e-05 
1.628495e-05 
1.628495e-05 
2.145910e-05 
-4.679429e-04 
-4.679501e-04 
-4.679501e-04 
-4.679501e-04 
-6.889989e-03 
-9.542476e-01 
-9.542476e-01 
-9.542476e-01 
-9.542476e-01 
-9.542354e-01 
-9.542328e-01 
-9.542328e-01 
-9.542328e-01 
-9.542328e-01 
2.340332e-05 
2.956784e-06 
2.956787e-06 
2.956787e-06 
2.956787e-06 
1.364739e-05 
5.249807e-04 
5.249830e-04 
5.249830e-04 
5.249830e-04 
7.241362e-03 
9.542477e-01 
9.542477e-01 
9.542477e-01 
9.542477e-01 
9.542363e-01 
9.542331e-01 
9.542331e-01 
9.542331e-01 
9.542331e-01 
2.302639e-05 
1.628507e-05 
1.628495e-05 
1.628495e-05 
1.628495e-05 
2.152634e-05 
-4.679451e-04 
-4.679501e-04 
-4.679501e-04 
-4.679501e-04 
-7.212912e-03 
-9.542476e-01 
-9.542476e-01 
-9.542476e-01 
-9.542476e-01 
-9.542354e-01 
-9.542328e-01 
-9.542328e-01 
-9.542328e-01 
-9.542328e-01 
2.252898e-05 
2.940188e-06 
2.940190e-06 
2.940190e-06 
2.940190e-06 
1.396350e-05 
5.249913e-04 
5.249928e-04 
5.249928e-04 
5.249928e-04 
7.581849e-03 
9.542477e-01 
9.542477e-01 
9.542477e-01 
9.542477e-01 
9.542362e-01 
9.542331e-01 
9.542331e-01 
9.542331e-01 
9.542331e-01 
2.215459e-05 
1.628504e-05 
1.628495e-05 
1.628495e-05 
1.628495e-05 
2.159103e-05 
-4.679467e-04 
-4.679501e-04 
-4.679501e-04 
-4.679501e-04 
-7.556024e-03 
-9.542476e-01 
-9.542476e-01 
-9.542476e-01 
-9.542476e-01 
-9.542353e-01 
-9.542328e-01 
-9.542328e-01 
-9.542328e-01 
-9.542328e-01 
2.169681e-05 
1.628503e-05 
1.628495e-05 
1.628495e-05 
1.628495e-05 
2.162230e-05 
-4.679472e-04 
-4.679501e-04 
-4.679501e-04 
-4.679501e-04 
-7.735638e-03 
-9.542476e-01 
-9.542476e-01 
-9.542476e-01 
-9.542476e-01 
-9.542353e-01 
-9.542328e-01 
-9.542328e-01 
-9.542328e-01 
-9.542328e-01 
2.129586e-05 
2.940189e-06 
2.940190e-06 
2.940190e-06 
2.940190e-06 
1.459397e-05 
5.249920e-04 
5.249928e-04 
5.249928e-04 
5.249928e-04 
8.133155e-03 
9.542477e-01 
9.542477e-01 
9.542477e-01 
9.542477e-01 
9.542361e-01 
9.542331e-01 
9.542331e-01 
9.542331e-01 
9.542331e-01 
2.093288e-05 
1.628501e-05 
1.628495e-05 
1.628495e-05 
1.628495e-05 
2.168243e-05 
-4.679481e-04 
-4.679501e-04 
-4.679501e-04 
-4.679501e-04 
-8.112031e-03 
-9.542476e-01 
-9.542476e-01 
-9.542476e-01 
-9.542476e-01 
-9.542352e-01 
-9.542328e-01 
-9.542328e-01 
-9.542328e-01 
-9.542328e-01 
2.052309e-05 
1.628500e-05 
1.628495e-05 
1.628495e-05 
1.628495e-05 
2.171118e-05 
-4.679485e-04 
-4.679501e-04 
-4.679501e-04 
-4.679501e-04 
-8.309260e-03 
-9.542476e-01 
-9.542476e-01 
-9.542476e-01 
-9.542476e-01 
-9.542352e-01 
-9.542328e-01 
-9.542328e-01 
-9.542328e-01 
-9.542328e-01 
2.015071e-05 
1.628499e-05 
1.628495e-05 
1.628495e-05 
1.628495e-05 
2.173898e-05 
-4.679487e-04 
-4.679501e-04 
-4.679501e-04 
-4.679501e-04 
-8.512828e-03 
-9.542476e-01 
-9.542476e-01 
-9.542476e-01 
-9.542476e-01 
-9.542352e-01 
-9.542328e-01 
-9.542328e-01 
-9.542328e-01 
-9.542328e-01 
1.978731e-05 
2.940189e-06 
2.940190e-06 
2.940190e-06 
2.940190e-06 
1.550536e-05 
5.249924e-04 
5.249928e-04 
5.249928e-04 
5.249928e-04 
8.953165e-03 
9.542477e-01 
9.542477e-01 
9.542477e-01 
9.542477e-01 
9.542360e-01 
9.542331e-01 
9.542331e-01 
9.542331e-01 
9.542331e-01 
1.944694e-05 
1.628498e-05 
1.628495e-05 
1.628495e-05 
1.628495e-05 
2.179145e-05 
-4.679492e-04 
-4.679501e-04 
-4.679501e-04 
-4.679501e-04 
-8.940002e-03 
-9.542476e-01 
-9.542476e-01 
-9.542476e-01 
-9.542476e-01 
-9.542351e-01 
-9.542328e-01 
-9.542328e-01 
-9.542328e-01 
-9.542328e-01 
1.908665e-05 
1.628498e-05 
1.628495e-05 
1.628495e-05 
1.628495e-05 
2.181600e-05 
-4.679493e-04 
-4.679501e-04 
-4.679501e-04 
-4.679501e-04 
-9.164148e-03 
-9.542476e-01 
-9.542476e-01 
-9.542476e-01 
-9.542476e-01 
-9.542351e-01 
-9.542328e-01 
-9.542328e-01 
-9.542328e-01 
-9.542328e-01 
1.874881e-05 
2.956787e-06 
2.956787e-06 
2.956787e-06 
2.956787e-06 
1.634456e-05 
5.249827e-04 
5.249830e-04 
5.249830e-04 
5.249830e-04 
9.640658e-03 
9.542477e-01 
9.542477e-01 
9.542477e-01 
9.542477e-01 
9.542359e-01 
9.542331e-01 
9.542331e-01 
9.542331e-01 
9.542331e-01 
1.842756e-05 
1.628497e-05 
1.628495e-05 
1.628495e-05 
1.628495e-05 
2.186134e-05 
-4.679496e-04 
-4.679501e-04 
-4.679501e-04 
-4.679501e-04 
-9.635007e-03 
-9.542476e-01 
-9.542476e-01 
-9.542476e-01 
-9.542476e-01 
-9.542351e-01 
-9.542328e-01 
-9.542328e-01 
-9.542328e-01 
-9.542328e-01 
1.809712e-05 
2.956787e-06 
2.956787e-06 
2.956787e-06 
2.956787e-06 
1.687321e-05 
5.249828e-04 
5.249830e-04 
5.249830e-04 
5.249830e-04 
1.013782e-02 
9.542477e-01 
9.542477e-01 
9.542477e-01 
9.542477e-01 
9.542358e-01 
9.542331e-01 
9.542331e-01 
9.542331e-01 
9.542331e-01 
1.778881e-05 
1.628497e-05 
1.628495e-05 
1.628495e-05 
1.628495e-05 
2.190115e-05 
-4.679497e-04 
-4.679501e-04 
-4.679501e-04 
-4.679501e-04 
-1.013805e-02 
-9.542476e-01 
-9.542476e-01 
-9.542476e-01 
-9.542476e-01 
-9.542350e-01 
-9.542328e-01 
-9.542328e-01 
-9.542328e-01 
-9.542328e-01 
1.747588e-05 
1.628497e-05 
1.628495e-05 
1.628495e-05 
1.628495e-05 
2.191877e-05 
-4.679498e-04 
-4.679501e-04 
-4.679501e-04 
-4.679501e-04 
-1.040250e-02 
-9.542476e-01 
-9.542476e-01 
-9.542476e-01 
-9.542476e-01 
-9.542350e-01 
-9.542328e-01 
-9.542328e-01 
-9.542328e-01 
-9.542328e-01 
1.717607e-05 
2.956787e-06 
2.956787e-06 
2.956787e-06 
2.956787e-06 
1.771660e-05 
5.249829e-04 
5.249830e-04 
5.249830e-04 
5.249830e-04 
1.094846e-02 
9.542477e-01 
9.542477e-01 
9.542477e-01 
9.542477e-01 
9.542358e-01 
9.542331e-01 
9.542331e-01 
9.542331e-01 
9.541493e-01 
1.688687e-05 
1.628496e-05 
1.628495e-05 
1.628495e-05 
1.628495e-05 
2.194896e-05 
-4.679499e-04 
-4.679501e-04 
-4.679501e-04 
-4.680608e-04 
-1.095905e-02 
-9.542476e-01 
-9.542476e-01 
-9.542476e-01 
-9.542476e-01 
-9.542350e-01 
-9.542328e-01 
-9.542328e-01 
-9.542328e-01 
-9.529750e-01 
1.659730e-05 
1.628496e-05 
1.628495e-05 
1.628495e-05 
1.628496e-05 
2.196133e-05 
-4.679499e-04 
-4.679501e-04 
-4.679501e-04 
-4.684780e-04 
-1.125196e-02 
-9.542476e-01 
-9.542476e-01 
-9.542476e-01 
-9.542476e-01 
-9.542349e-01 
-9.542328e-01 
-9.542328e-01 
-9.542328e-01 
-9.505931e-01 
1.631787e-05 
1.628496e-05 
1.628495e-05 
1.628495e-05 
1.628499e-05 
2.197174e-05 
-4.679500e-04 
-4.679501e-04 
-4.679501e-04 
-4.692143e-04 
-1.155518e-02 
-9.542476e-01 
-9.542476e-01 
-9.542476e-01 
-9.542476e-01 
-9.542349e-01 
-9.542328e-01 
-9.542328e-01 
-9.542328e-01 
-9.472373e-01 
1.604484e-05 
1.628496e-05 
1.628495e-05 
1.628495e-05 
1.628510e-05 
2.198008e-05 
-4.679500e-04 
-4.679501e-04 
-4.679501e-04 
-4.702507e-04 
-1.186916e-02 
-9.542476e-01 
-9.542476e-01 
-9.542476e-01 
-9.542476e-01 
-9.542349e-01 
-9.542328e-01 
-9.542328e-01 
-9.542328e-01 
-9.430422e-01 
1.577798e-05 
2.956787e-06 
2.956787e-06 
2.956787e-06 
2.957054e-06 
1.927218e-05 
5.249829e-04 
5.249830e-04 
5.249830e-04 
5.290690e-04 
1.249845e-02 
9.542477e-01 
9.542477e-01 
9.542477e-01 
9.542477e-01 
9.542356e-01 
9.542331e-01 
9.542331e-01 
9.542331e-01 
9.381521e-01 
1.551868e-05 
2.956787e-06 
2.956787e-06 
2.956787e-06 
2.957402e-06 
1.960812e-05 
5.249829e-04 
5.249830e-04 
5.249830e-04 
5.308913e-04 
1.284229e-02 
9.542477e-01 
9.542477e-01 
9.542477e-01 
9.542477e-01 
9.542356e-01 
9.542331e-01 
9.542331e-01 
9.542331e-01 
9.326508e-01 
1.526361e-05 
1.628496e-05 
1.628495e-05 
1.628495e-05 
1.628673e-05 
2.199139e-05 
-4.679500e-04 
-4.679501e-04 
-4.679501e-04 
-4.751290e-04 
-1.288051e-02 
-9.542476e-01 
-9.542476e-01 
-9.542476e-01 
-9.542476e-01 
-9.542348e-01 
-9.542328e-01 
-9.542328e-01 
-9.542328e-01 
-9.266290e-01 
1.501320e-05 
1.628496e-05 
1.628495e-05 
1.628495e-05 
1.628802e-05 
2.199014e-05 
-4.679500e-04 
-4.679501e-04 
-4.679501e-04 
-4.772983e-04 
-1.324251e-02 
-9.542476e-01 
-9.542476e-01 
-9.542476e-01 
-9.542476e-01 
-9.542348e-01 
-9.542328e-01 
-9.542328e-01 
-9.542328e-01 
-9.201430e-01 
1.476952e-05 
2.940190e-06 
2.940190e-06 
2.940190e-06 
2.943523e-06 
2.054904e-05 
5.249928e-04 
5.249928e-04 
5.249928e-04 
5.381851e-04 
1.395079e-02 
9.542477e-01 
9.542477e-01 
9.542477e-01 
9.542477e-01 
9.542355e-01 
9.542331e-01 
9.542331e-01 
9.542331e-01 
9.132523e-01 
1.453203e-05 
2.956787e-06 
2.956787e-06 
2.956787e-06 
2.961877e-06 
2.104452e-05 
5.249829e-04 
5.249830e-04 
5.249830e-04 
5.411476e-04 
1.434791e-02 
9.542477e-01 
9.542477e-01 
9.542477e-01 
9.542477e-01 
9.542355e-01 
9.542331e-01 
9.542331e-01 
9.542331e-01 
9.059931e-01 
1.429901e-05 
1.628496e-05 
1.628495e-05 
1.628495e-05 
1.629527e-05 
2.196929e-05 
-4.679501e-04 
-4.679501e-04 
-4.679501e-04 
-4.852685e-04 
-1.441122e-02 
-9.542476e-01 
-9.542476e-01 
-9.542476e-01 
-9.542475e-01 
-9.542347e-01 
-9.542328e-01 
-9.542328e-01 
-9.542328e-01 
-8.984052e-01 
1.407048e-05 
2.940190e-06 
2.940190e-06 
2.940190e-06 
2.950257e-06 
2.169461e-05 
5.249928e-04 
5.249928e-04 
5.249928e-04 
5.478322e-04 
1.518741e-02 
9.542477e-01 
9.542477e-01 
9.542477e-01 
9.542477e-01 
9.542354e-01 
9.542331e-01 
9.542331e-01 
9.542331e-01 
8.905192e-01 
1.384810e-05 
1.628496e-05 
1.628495e-05 
1.628495e-05 
1.630360e-05 
2.193944e-05 
-4.679501e-04 
-4.679501e-04 
-4.679501e-04 
-4.916484e-04 
-1.526582e-02 
-9.542476e-01 
-9.542476e-01 
-9.542476e-01 
-9.542475e-01 
-9.542347e-01 
-9.542328e-01 
-9.542328e-01 
-9.542328e-01 
-8.823585e-01 
1.362963e-05 
1.628496e-05 
1.628495e-05 
1.628495e-05 
1.630895e-05 
2.191919e-05 
-4.679501e-04 
-4.679501e-04 
-4.679501e-04 
-4.951167e-04 
-1.571790e-02 
-9.542476e-01 
-9.542476e-01 
-9.542476e-01 
-9.542475e-01 
-9.542347e-01 
-9.542328e-01 
-9.542328e-01 
-9.542328e-01 
-8.739479e-01 
1.341621e-05 
2.956787e-06 
2.956787e-06 
2.956787e-06 
2.979130e-06 
2.307444e-05 
5.249830e-04 
5.249830e-04 
5.249830e-04 
5.594089e-04 
1.657070e-02 
9.542477e-01 
9.542477e-01 
9.542477e-01 
9.542476e-01 
9.542353e-01 
9.542331e-01 
9.542331e-01 
9.542331e-01 
8.653096e-01 
1.320779e-05 
1.628495e-05 
1.628495e-05 
1.628495e-05 
1.632203e-05 
2.186699e-05 
-4.679501e-04 
-4.679501e-04 
-4.679501e-04 
-5.025557e-04 
-1.667559e-02 
-9.542476e-01 
-9.542476e-01 
-9.542476e-01 
-9.542474e-01 
-9.542346e-01 
-9.542328e-01 
-9.542328e-01 
-9.542328e-01 
-8.564527e-01 
1.300315e-05 
2.940190e-06 
2.940190e-06 
2.940190e-06 
2.973866e-06 
2.382896e-05 
5.249928e-04 
5.249928e-04 
5.249928e-04 
5.680291e-04 
1.758498e-02 
9.542477e-01 
9.542477e-01 
9.542477e-01 
9.542475e-01 
9.542353e-01 
9.542331e-01 
9.542331e-01 
9.542331e-01 
8.474043e-01 
1.280347e-05 
1.628495e-05 
1.628495e-05 
1.628495e-05 
1.633828e-05 
2.179773e-05 
-4.679501e-04 
-4.679501e-04 
-4.679501e-04 
-5.105894e-04 
-1.771049e-02 
-9.542476e-01 
-9.542476e-01 
-9.542476e-01 
-9.542474e-01 
-9.542346e-01 
-9.542328e-01 
-9.542328e-01 
-9.542328e-01 
-8.381653e-01 
1.260757e-05 
1.628495e-05 
1.628495e-05 
1.628495e-05 
1.634753e-05 
2.175610e-05 
-4.679501e-04 
-4.679501e-04 
-4.679501e-04 
-5.148071e-04 
-1.825926e-02 
-9.542476e-01 
-9.542476e-01 
-9.542476e-01 
-9.542473e-01 
-9.542346e-01 
-9.542328e-01 
-9.542328e-01 
-9.542328e-01 
-8.287589e-01 
1.241585e-05 
2.940190e-06 
2.940190e-06 
2.940190e-06 
2.996273e-06 
2.526384e-05 
5.249928e-04 
5.249928e-04 
5.249928e-04 
5.820439e-04 
1.926299e-02 
9.542477e-01 
9.542477e-01 
9.542477e-01 
9.542475e-01 
9.542352e-01 
9.542331e-01 
9.542331e-01 
9.542331e-01 
8.191981e-01 
1.222846e-05 
1.628495e-05 
1.628495e-05 
1.628495e-05 
1.636818e-05 
2.165749e-05 
-4.679501e-04 
-4.679501e-04 
-4.679501e-04 
-5.236034e-04 
-1.942471e-02 
-9.542476e-01 
-9.542476e-01 
-9.542476e-01 
-9.542473e-01 
-9.542345e-01 
-9.542328e-01 
-9.542328e-01 
-9.542328e-01 
-8.094784e-01
#[#TRACE_DATA]
#[#TRACE]
