#[TRACE]
#data_labels=Output
#[TRACE_DATA]
-5.133142e-03 
-9.542477e-01 
-9.542477e-01 
-9.542477e-01 
-9.542477e-01 
-9.542368e-01 
-9.542331e-01 
-9.542331e-01 
-9.542331e-01 
-9.542331e-01 
-2.359235e-05 
-1.970063e-05 
-1.970063e-05 
-1.970063e-05 
-1.970063e-05 
-2.461766e-05 
4.640894e-04 
4.640894e-04 
4.640894e-04 
4.640894e-04 
4.873684e-03 
9.542476e-01 
9.542476e-01 
9.542476e-01 
9.542476e-01 
9.542358e-01 
9.542329e-01 
9.542329e-01 
9.542329e-01 
9.542329e-01 
-2.747986e-05 
-2.588259e-06 
-2.588259e-06 
-2.588259e-06 
-2.588259e-06 
-1.181096e-05 
-5.244856e-04 
-5.244856e-04 
-5.244856e-04 
-5.244856e-04 
-5.002072e-03 
-9.542477e-01 
-9.542477e-01 
-9.542477e-01 
-9.542477e-01 
-9.542368e-01 
-9.542331e-01 
-9.542331e-01 
-9.542331e-01 
-9.542331e-01 
-2.748529e-05 
-2.604957e-06 
-2.604957e-06 
-2.604957e-06 
-2.604957e-06 
-1.187484e-05 
-5.244802e-04 
-5.244802e-04 
-5.244802e-04 
-5.244802e-04 
-5.002072e-03 
-9.542477e-01 
-9.542477e-01 
-9.542477e-01 
-9.542477e-01 
-9.542368e-01 
-9.542331e-01 
-9.542331e-01 
-9.542331e-01 
-9.542331e-01 
-3.137164e-05 
1.451648e-05 
1.451648e-05 
1.451648e-05 
1.451648e-05 
1.464402e-06 
-4.803489e-04 
-4.803489e-04 
-4.803489e-04 
-4.803489e-04 
-5.002072e-03 
-9.542477e-01 
-9.542477e-01 
-9.542477e-01 
-9.542477e-01 
-9.542368e-01 
-9.542331e-01 
-9.542331e-01 
-9.542331e-01 
-9.542331e-01 
-2.359235e-05 
-1.970063e-05 
-1.970063e-05 
-1.970063e-05 
-1.970063e-05 
-2.461766e-05 
4.640894e-04 
4.640894e-04 
4.640894e-04 
4.640894e-04 
4.873683e-03 
9.542476e-01 
9.542476e-01 
9.542476e-01 
9.542476e-01 
9.542358e-01 
9.542329e-01 
9.542329e-01 
9.542329e-01 
9.542329e-01 
-2.747986e-05 
-2.588259e-06 
-2.588259e-06 
-2.588259e-06 
-2.588259e-06 
-1.181096e-05 
-5.244856e-04 
-5.244856e-04 
-5.244856e-04 
-5.244856e-04 
-5.002071e-03 
-9.542477e-01 
-9.542477e-01 
-9.542477e-01 
-9.542477e-01 
-9.542368e-01 
-9.542331e-01 
-9.542331e-01 
-9.542331e-01 
-9.542331e-01 
-2.748529e-05 
-2.604957e-06 
-2.604957e-06 
-2.604957e-06 
-2.604957e-06 
-1.187484e-05 
-5.244802e-04 
-5.244802e-04 
-5.244802e-04 
-5.244802e-04 
-5.002071e-03 
-9.542477e-01 
-9.542477e-01 
-9.542477e-01 
-9.542477e-01 
-9.542368e-01 
-9.542331e-01 
-9.542331e-01 
-9.542331e-01 
-9.542331e-01 
-3.137164e-05 
1.451648e-05 
1.451648e-05 
1.451648e-05 
1.451648e-05 
1.464404e-06 
-4.803489e-04 
-4.803489e-04 
-4.803489e-04 
-4.803489e-04
#[#TRACE_DATA]
#[#TRACE]
