Running 1 simulations with a radial tolerance of 0.001000
Running simulation 0
About to start the coherence vector simulation with 700000000 samples
3000 samples will be recorded for graphing.
Coherence vector simulation: 0.0Simulation found 11 inputs 1 outputs
It took 9 iterations to converge the initial steady state polarization
Percentage: 0
Percentage: 1.42857e-05
Percentage: 2.85714e-05
Percentage: 4.28571e-05
Percentage: 5.71429e-05
Percentage: 7.14286e-05
Percentage: 8.57143e-05
Percentage: 0.0001
Percentage: 0.000114286
Percentage: 0.000128571
Percentage: 0.000142857
Percentage: 0.000157143
Percentage: 0.000171429
Percentage: 0.000185714
Percentage: 0.0002
Percentage: 0.000214286
Percentage: 0.000228571
Percentage: 0.000242857
Percentage: 0.000257143
Percentage: 0.000271429
