#[TRACE]
#data_labels=Output
#[TRACE_DATA]
3.163271e-05 
-5.820621e-04 
-5.820621e-04 
-5.820621e-04 
-5.820621e-04 
-5.148695e-03 
-9.543232e-01 
-9.543232e-01 
-9.543232e-01 
-9.543232e-01 
-9.542531e-01 
-9.542420e-01 
-9.542420e-01 
-9.542420e-01 
-9.542420e-01 
2.689026e-05 
1.821807e-05 
1.821807e-05 
1.821807e-05 
1.821807e-05 
2.305130e-05 
-5.816393e-04 
-5.816393e-04 
-5.816393e-04 
-5.816393e-04 
-5.148695e-03 
-9.543232e-01 
-9.543232e-01 
-9.543232e-01 
-9.543232e-01 
-9.542531e-01 
-9.542420e-01 
-9.542420e-01 
-9.542420e-01 
-9.542420e-01 
2.689026e-05 
1.821807e-05 
1.821807e-05 
1.821807e-05 
1.821807e-05 
2.305130e-05 
-5.816393e-04 
-5.816393e-04 
-5.816393e-04 
-5.816393e-04 
-5.148695e-03 
-9.543232e-01 
-9.543232e-01 
-9.543232e-01 
-9.543232e-01 
-9.542531e-01 
-9.542419e-01 
-9.542419e-01 
-9.542419e-01 
-9.542419e-01 
2.782124e-05 
9.507571e-07 
9.507571e-07 
9.507571e-07 
9.507571e-07 
1.228502e-05 
6.415802e-04 
6.415802e-04 
6.415802e-04 
6.415802e-04 
5.253618e-03 
9.543234e-01 
9.543234e-01 
9.543234e-01 
9.543234e-01 
9.542568e-01 
9.542427e-01 
9.542427e-01 
9.542427e-01 
9.542427e-01 
2.685713e-05 
4.957033e-06 
4.957033e-06 
4.957033e-06 
4.957033e-06 
1.640982e-05 
6.461531e-04 
6.461531e-04 
6.461531e-04 
6.461531e-04 
5.253618e-03 
9.543234e-01 
9.543234e-01 
9.543234e-01 
9.543234e-01 
9.542568e-01 
9.542427e-01 
9.542427e-01 
9.542427e-01 
9.542427e-01 
2.778823e-05 
1.829778e-05 
1.829778e-05 
1.829778e-05 
1.829778e-05 
2.305130e-05 
-5.816393e-04 
-5.816393e-04 
-5.816393e-04 
-5.816393e-04 
-5.148694e-03 
-9.543232e-01 
-9.543232e-01 
-9.543232e-01 
-9.543232e-01 
-9.542531e-01 
-9.542420e-01 
-9.542420e-01 
-9.542420e-01 
-9.542420e-01 
2.689026e-05 
1.821807e-05 
1.821807e-05 
1.821807e-05 
1.821807e-05 
2.305130e-05 
-5.816393e-04 
-5.816393e-04 
-5.816393e-04 
-5.816393e-04 
-5.148694e-03 
-9.543232e-01 
-9.543232e-01 
-9.543232e-01 
-9.543232e-01 
-9.542531e-01 
-9.542419e-01 
-9.542419e-01 
-9.542419e-01 
-9.542419e-01 
2.782124e-05 
9.507571e-07 
9.507571e-07 
9.507571e-07 
9.507571e-07 
1.228502e-05 
6.415802e-04 
6.415802e-04 
6.415802e-04 
6.415802e-04 
5.253618e-03 
9.543234e-01 
9.543234e-01 
9.543234e-01 
9.543234e-01 
9.542568e-01 
9.542427e-01 
9.542427e-01 
9.542427e-01 
9.542427e-01 
2.685713e-05 
4.957033e-06 
4.957033e-06 
4.957033e-06 
4.957033e-06
#[#TRACE_DATA]
#[#TRACE]
