Running 1 simulations with a radial tolerance of 0.001000
Running simulation 0
design_bus_layout_inputs_icUsed = 2
Number of samples:8000
Number of colors:8
Colors:
1 2 3 4 1 5 1 2 3 6 7 2 8 3 4 2 4 1 5 5 1 6 7 7 1 1 2 2 3 3 4 4 1 1 
[0, 32]: tmp: -0.000000e+00, [0, 32]: input: -1.000000e+00, sin(0)=0.000000e+00, __sinf(0)=0.000000e+00, cos(pi/2)=6.123234e-17, __cosf(pi/2)=-4.371139e-08, float sin(0)=0.000000e+00, float __sinf(0)=0.000000e+00
[0, 33]: tmp: -0.000000e+00, [0, 33]: input: -1.000000e+00, sin(0)=0.000000e+00, __sinf(0)=0.000000e+00, cos(pi/2)=6.123234e-17, __cosf(pi/2)=-4.371139e-08, float sin(0)=0.000000e+00, float __sinf(0)=0.000000e+00
[0, 32]: GO! my_color:1
[0, 33]: GO! my_color:1
[0, 0]: GO! my_color:1
[0, 4]: GO! my_color:1
[0, 6]: GO! my_color:1
[0, 17]: GO! my_color:1
[0, 20]: GO! my_color:1
[0, 24]: GO! my_color:1
[0, 25]: GO! my_color:1
[0, 1]: GO! my_color:2
[0, 7]: GO! my_color:2
[0, 11]: GO! my_color:2
[0, 15]: GO! my_color:2
[0, 26]: GO! my_color:2
[0, 27]: GO! my_color:2
[0, 2]: GO! my_color:3
[0, 8]: GO! my_color:3
[0, 13]: GO! my_color:3
[0, 28]: GO! my_color:3
[0, 29]: GO! my_color:3
[0, 3]: GO! my_color:4
[0, 14]: GO! my_color:4
[0, 16]: GO! my_color:4
[0, 30]: GO! my_color:4
[0, 31]: GO! my_color:4
[0, 5]: GO! my_color:5
[0, 18]: GO! my_color:5
[0, 19]: GO! my_color:5
[0, 9]: GO! my_color:6
[0, 21]: GO! my_color:6
[0, 10]: GO! my_color:7
[0, 22]: GO! my_color:7
[0, 23]: GO! my_color:7
[0, 12]: GO! my_color:8
[0, 32]: GO! my_color:1
[0, 33]: GO! my_color:1
[0, 0]: GO! my_color:1
[0, 4]: GO! my_color:1
[0, 6]: GO! my_color:1
[0, 17]: GO! my_color:1
[0, 20]: GO! my_color:1
[0, 24]: GO! my_color:1
[0, 25]: GO! my_color:1
[0, 1]: GO! my_color:2
[0, 7]: GO! my_color:2
[0, 11]: GO! my_color:2
[0, 15]: GO! my_color:2
[0, 26]: GO! my_color:2
[0, 27]: GO! my_color:2
[0, 2]: GO! my_color:3
[0, 8]: GO! my_color:3
[0, 13]: GO! my_color:3
[0, 28]: GO! my_color:3
[0, 29]: GO! my_color:3
[0, 3]: GO! my_color:4
[0, 14]: GO! my_color:4
[0, 16]: GO! my_color:4
[0, 30]: GO! my_color:4
[0, 31]: GO! my_color:4
[0, 5]: GO! my_color:5
[0, 18]: GO! my_color:5
[0, 19]: GO! my_color:5
[0, 9]: GO! my_color:6
[0, 21]: GO! my_color:6
[0, 10]: GO! my_color:7
[0, 22]: GO! my_color:7
[0, 23]: GO! my_color:7
[0, 12]: GO! my_color:8
[0, 32]: GO! my_color:1
[0, 33]: GO! my_color:1
[0, 0]: GO! my_color:1
[0, 4]: GO! my_color:1
[0, 6]: GO! my_color:1
[0, 17]: GO! my_color:1
[0, 20]: GO! my_color:1
[0, 24]: GO! my_color:1
[0, 25]: GO! my_color:1
[0, 1]: GO! my_color:2
[0, 7]: GO! my_color:2
[0, 11]: GO! my_color:2
[0, 15]: GO! my_color:2
[0, 26]: GO! my_color:2
[0, 27]: GO! my_color:2
[0, 2]: GO! my_color:3
[0, 8]: GO! my_color:3
[0, 13]: GO! my_color:3
[0, 28]: GO! my_color:3
[0, 29]: GO! my_color:3
[0, 3]: GO! my_color:4
[0, 14]: GO! my_color:4
[0, 16]: GO! my_color:4
[0, 30]: GO! my_color:4
[0, 31]: GO! my_color:4
[0, 5]: GO! my_color:5
[0, 18]: GO! my_color:5
[0, 19]: GO! my_color:5
[0, 9]: GO! my_color:6
[0, 21]: GO! my_color:6
[0, 10]: GO! my_color:7
[0, 22]: GO! my_color:7
[0, 23]: GO! my_color:7
[0, 12]: GO! my_color:8
[0, 32]: GO! my_color:1
[0, 33]: GO! my_color:1
[0, 0]: GO! my_color:1
[0, 4]: GO! my_color:1
[0, 6]: GO! my_color:1
[0, 17]: GO! my_color:1
[0, 20]: GO! my_color:1
[0, 24]: GO! my_color:1
[0, 25]: GO! my_color:1
[0, 1]: GO! my_color:2
[0, 7]: GO! my_color:2
[0, 11]: GO! my_color:2
[0, 15]: GO! my_color:2
[0, 26]: GO! my_color:2
[0, 27]: GO! my_color:2
[0, 2]: GO! my_color:3
[0, 8]: GO! my_color:3
[0, 13]: GO! my_color:3
[0, 28]: GO! my_color:3
[0, 29]: GO! my_color:3
[0, 3]: GO! my_color:4
[0, 14]: GO! my_color:4
[0, 16]: GO! my_color:4
[0, 30]: GO! my_color:4
[0, 31]: GO! my_color:4
[0, 5]: GO! my_color:5
[0, 18]: GO! my_color:5
[0, 19]: GO! my_color:5
[0, 9]: GO! my_color:6
[0, 21]: GO! my_color:6
[0, 10]: GO! my_color:7
[0, 22]: GO! my_color:7
[0, 23]: GO! my_color:7
[0, 12]: GO! my_color:8
[0, 32]: GO! my_color:1
[0, 33]: GO! my_color:1
[0, 0]: GO! my_color:1
[0, 4]: GO! my_color:1
[0, 6]: GO! my_color:1
[0, 17]: GO! my_color:1
[0, 20]: GO! my_color:1
[0, 24]: GO! my_color:1
[0, 25]: GO! my_color:1
[0, 1]: GO! my_color:2
[0, 7]: GO! my_color:2
[0, 11]: GO! my_color:2
[0, 15]: GO! my_color:2
[0, 26]: GO! my_color:2
[0, 27]: GO! my_color:2
[0, 2]: GO! my_color:3
[0, 8]: GO! my_color:3
[0, 13]: GO! my_color:3
[0, 28]: GO! my_color:3
[0, 29]: GO! my_color:3
[0, 3]: GO! my_color:4
[0, 14]: GO! my_color:4
[0, 16]: GO! my_color:4
[0, 30]: GO! my_color:4
[0, 31]: GO! my_color:4
[0, 5]: GO! my_color:5
[0, 18]: GO! my_color:5
[0, 19]: GO! my_color:5
[0, 9]: GO! my_color:6
[0, 21]: GO! my_color:6
[0, 10]: GO! my_color:7
[0, 22]: GO! my_color:7
[0, 23]: GO! my_color:7
[0, 12]: GO! my_color:8
[0, 32]: GO! my_color:1
[0, 33]: GO! my_color:1
[0, 0]: GO! my_color:1
[0, 4]: GO! my_color:1
[0, 6]: GO! my_color:1
[0, 17]: GO! my_color:1
[0, 20]: GO! my_color:1
[0, 24]: GO! my_color:1
[0, 25]: GO! my_color:1
[0, 1]: GO! my_color:2
[0, 7]: GO! my_color:2
[0, 11]: GO! my_color:2
[0, 15]: GO! my_color:2
[0, 26]: GO! my_color:2
[0, 27]: GO! my_color:2
[0, 2]: GO! my_color:3
[0, 8]: GO! my_color:3
[0, 13]: GO! my_color:3
[0, 28]: GO! my_color:3
[0, 29]: GO! my_color:3
[0, 3]: GO! my_color:4
[0, 14]: GO! my_color:4
[0, 16]: GO! my_color:4
[0, 30]: GO! my_color:4
[0, 31]: GO! my_color:4
[0, 5]: GO! my_color:5
[0, 18]: GO! my_color:5
[0, 19]: GO! my_color:5
[0, 9]: GO! my_color:6
[0, 21]: GO! my_color:6
[0, 10]: GO! my_color:7
[0, 22]: GO! my_color:7
[0, 23]: GO! my_color:7
[0, 12]: GO! my_color:8
[0, 32]: GO! my_color:1
[0, 33]: GO! my_color:1
[0, 0]: GO! my_color:1
[0, 4]: GO! my_color:1
[0, 6]: GO! my_color:1
[0, 17]: GO! my_color:1
[0, 20]: GO! my_color:1
[0, 24]: GO! my_color:1
[0, 25]: GO! my_color:1
[0, 1]: GO! my_color:2
[0, 7]: GO! my_color:2
[0, 11]: GO! my_color:2
[0, 15]: GO! my_color:2
[0, 26]: GO! my_color:2
[0, 27]: GO! my_color:2
[0, 2]: GO! my_color:3
[0, 8]: GO! my_color:3
[0, 13]: GO! my_color:3
[0, 28]: GO! my_color:3
[0, 29]: GO! my_color:3
[0, 3]: GO! my_color:4
[0, 14]: GO! my_color:4
[0, 16]: GO! my_color:4
[0, 30]: GO! my_color:4
[0, 31]: GO! my_color:4
[0, 5]: GO! my_color:5
[0, 18]: GO! my_color:5
[0, 19]: GO! my_color:5
[0, 9]: GO! my_color:6
[0, 21]: GO! my_color:6
[0, 10]: GO! my_color:7
[0, 22]: GO! my_color:7
[0, 23]: GO! my_color:7
[0, 12]: GO! my_color:8
[0, 32]: GO! my_color:1
[0, 33]: GO! my_color:1
[0, 0]: GO! my_color:1
[0, 4]: GO! my_color:1
[0, 6]: GO! my_color:1
[0, 17]: GO! my_color:1
[0, 20]: GO! my_color:1
[0, 24]: GO! my_color:1
[0, 25]: GO! my_color:1
[0, 1]: GO! my_color:2
[0, 7]: GO! my_color:2
[0, 11]: GO! my_color:2
[0, 15]: GO! my_color:2
[0, 26]: GO! my_color:2
[0, 27]: GO! my_color:2
[0, 2]: GO! my_color:3
[0, 8]: GO! my_color:3
[0, 13]: GO! my_color:3
[0, 28]: GO! my_color:3
[0, 29]: GO! my_color:3
[0, 3]: GO! my_color:4
[0, 14]: GO! my_color:4
[0, 16]: GO! my_color:4
[0, 30]: GO! my_color:4
[0, 31]: GO! my_color:4
[0, 5]: GO! my_color:5
[0, 18]: GO! my_color:5
[0, 19]: GO! my_color:5
[0, 9]: GO! my_color:6
[0, 21]: GO! my_color:6
[0, 10]: GO! my_color:7
[0, 22]: GO! my_color:7
[0, 23]: GO! my_color:7
[0, 12]: GO! my_color:8
[0, 32]: GO! my_color:1
[0, 33]: GO! my_color:1
[0, 0]: GO! my_color:1
[0, 4]: GO! my_color:1
[0, 6]: GO! my_color:1
[0, 17]: GO! my_color:1
[0, 20]: GO! my_color:1
[0, 24]: GO! my_color:1
[0, 25]: GO! my_color:1
[0, 1]: GO! my_color:2
[0, 7]: GO! my_color:2
[0, 11]: GO! my_color:2
[0, 15]: GO! my_color:2
[0, 26]: GO! my_color:2
[0, 27]: GO! my_color:2
[0, 2]: GO! my_color:3
[0, 8]: GO! my_color:3
[0, 13]: GO! my_color:3
[0, 28]: GO! my_color:3
[0, 29]: GO! my_color:3
[0, 3]: GO! my_color:4
[0, 14]: GO! my_color:4
[0, 16]: GO! my_color:4
[0, 30]: GO! my_color:4
[0, 31]: GO! my_color:4
[0, 5]: GO! my_color:5
[0, 18]: GO! my_color:5
[0, 19]: GO! my_color:5
[0, 9]: GO! my_color:6
[0, 21]: GO! my_color:6
[0, 10]: GO! my_color:7
[0, 22]: GO! my_color:7
[0, 23]: GO! my_color:7
[0, 12]: GO! my_color:8
[0, 32]: GO! my_color:1
[0, 33]: GO! my_color:1
[0, 0]: GO! my_color:1
[0, 4]: GO! my_color:1
[0, 6]: GO! my_color:1
[0, 17]: GO! my_color:1
[0, 20]: GO! my_color:1
[0, 24]: GO! my_color:1
[0, 25]: GO! my_color:1
[0, 1]: GO! my_color:2
[0, 7]: GO! my_color:2
[0, 11]: GO! my_color:2
[0, 15]: GO! my_color:2
[0, 26]: GO! my_color:2
[0, 27]: GO! my_color:2
[0, 2]: GO! my_color:3
[0, 8]: GO! my_color:3
[0, 13]: GO! my_color:3
[0, 28]: GO! my_color:3
[0, 29]: GO! my_color:3
[0, 3]: GO! my_color:4
[0, 14]: GO! my_color:4
[0, 16]: GO! my_color:4
[0, 30]: GO! my_color:4
[0, 31]: GO! my_color:4
[0, 5]: GO! my_color:5
[0, 18]: GO! my_color:5
[0, 19]: GO! my_color:5
[0, 9]: GO! my_color:6
[0, 21]: GO! my_color:6
[0, 10]: GO! my_color:7
[0, 22]: GO! my_color:7
[0, 23]: GO! my_color:7
[0, 12]: GO! my_color:8
[0, 32]: GO! my_color:1
[0, 33]: GO! my_color:1
[0, 0]: GO! my_color:1
[0, 4]: GO! my_color:1
[0, 6]: GO! my_color:1
[0, 17]: GO! my_color:1
[0, 20]: GO! my_color:1
[0, 24]: GO! my_color:1
[0, 25]: GO! my_color:1
[0, 1]: GO! my_color:2
[0, 7]: GO! my_color:2
[0, 11]: GO! my_color:2
[0, 15]: GO! my_color:2
[0, 26]: GO! my_color:2
[0, 27]: GO! my_color:2
[0, 2]: GO! my_color:3
[0, 8]: GO! my_color:3
[0, 13]: GO! my_color:3
[0, 28]: GO! my_color:3
[0, 29]: GO! my_color:3
[0, 3]: GO! my_color:4
[0, 14]: GO! my_color:4
[0, 16]: GO! my_color:4
[0, 30]: GO! my_color:4
[0, 31]: GO! my_color:4
[0, 5]: GO! my_color:5
[0, 18]: GO! my_color:5
[0, 19]: GO! my_color:5
[0, 9]: GO! my_color:6
[0, 21]: GO! my_color:6
[0, 10]: GO! my_color:7
[0, 22]: GO! my_color:7
[0, 23]: GO! my_color:7
[0, 12]: GO! my_color:8
[0, 32]: GO! my_color:1
[0, 33]: GO! my_color:1
[0, 0]: GO! my_color:1
[0, 4]: GO! my_color:1
[0, 6]: GO! my_color:1
[0, 17]: GO! my_color:1
[0, 20]: GO! my_color:1
[0, 24]: GO! my_color:1
[0, 25]: GO! my_color:1
[0, 1]: GO! my_color:2
[0, 7]: GO! my_color:2
[0, 11]: GO! my_color:2
[0, 15]: GO! my_color:2
[0, 26]: GO! my_color:2
[0, 27]: GO! my_color:2
[0, 2]: GO! my_color:3
[0, 8]: GO! my_color:3
[0, 13]: GO! my_color:3
[0, 28]: GO! my_color:3
[0, 29]: GO! my_color:3
[0, 3]: GO! my_color:4
[0, 14]: GO! my_color:4
[0, 16]: GO! my_color:4
[0, 30]: GO! my_color:4
[0, 31]: GO! my_color:4
[0, 5]: GO! my_color:5
[0, 18]: GO! my_color:5
[0, 19]: GO! my_color:5
[0, 9]: GO! my_color:6
[0, 21]: GO! my_color:6
[0, 10]: GO! my_color:7
[0, 22]: GO! my_color:7
[0, 23]: GO! my_color:7
[0, 12]: GO! my_color:8
[0, 32]: tmp: -1.570796e-03, [0, 32]: input: -1.000000e+00, sin(0)=0.000000e+00, __sinf(0)=0.000000e+00, cos(pi/2)=6.123234e-17, __cosf(pi/2)=-4.371139e-08, float sin(0)=0.000000e+00, float __sinf(0)=0.000000e+00
[0, 33]: tmp: -3.141587e-03, [0, 33]: input: -1.000000e+00, sin(0)=0.000000e+00, __sinf(0)=0.000000e+00, cos(pi/2)=6.123234e-17, __cosf(pi/2)=-4.371139e-08, float sin(0)=0.000000e+00, float __sinf(0)=0.000000e+00
[0, 32]: GO! my_color:1
[0, 33]: GO! my_color:1
[0, 0]: GO! my_color:1
[0, 4]: GO! my_color:1
[0, 6]: GO! my_color:1
[0, 17]: GO! my_color:1
[0, 20]: GO! my_color:1
[0, 24]: GO! my_color:1
[0, 25]: GO! my_color:1
[0, 1]: GO! my_color:2
[0, 7]: GO! my_color:2
[0, 11]: GO! my_color:2
[0, 15]: GO! my_color:2
[0, 26]: GO! my_color:2
[0, 27]: GO! my_color:2
[0, 2]: GO! my_color:3
[0, 8]: GO! my_color:3
[0, 13]: GO! my_color:3
[0, 28]: GO! my_color:3
[0, 29]: GO! my_color:3
[0, 3]: GO! my_color:4
[0, 14]: GO! my_color:4
[0, 16]: GO! my_color:4
[0, 30]: GO! my_color:4
[0, 31]: GO! my_color:4
[0, 5]: GO! my_color:5
[0, 18]: GO! my_color:5
[0, 19]: GO! my_color:5
[0, 9]: GO! my_color:6
[0, 21]: GO! my_color:6
[0, 10]: GO! my_color:7
[0, 22]: GO! my_color:7
[0, 23]: GO! my_color:7
[0, 12]: GO! my_color:8
[0, 32]: GO! my_color:1
[0, 33]: GO! my_color:1
[0, 0]: GO! my_color:1
[0, 4]: GO! my_color:1
[0, 6]: GO! my_color:1
[0, 17]: GO! my_color:1
[0, 20]: GO! my_color:1
[0, 24]: GO! my_color:1
[0, 25]: GO! my_color:1
[0, 1]: GO! my_color:2
[0, 7]: GO! my_color:2
[0, 11]: GO! my_color:2
[0, 15]: GO! my_color:2
[0, 26]: GO! my_color:2
[0, 27]: GO! my_color:2
[0, 2]: GO! my_color:3
[0, 8]: GO! my_color:3
[0, 13]: GO! my_color:3
[0, 28]: GO! my_color:3
[0, 29]: GO! my_color:3
[0, 3]: GO! my_color:4
[0, 14]: GO! my_color:4
[0, 16]: GO! my_color:4
[0, 30]: GO! my_color:4
[0, 31]: GO! my_color:4
[0, 5]: GO! my_color:5
[0, 18]: GO! my_color:5
[0, 19]: GO! my_color:5
[0, 9]: GO! my_color:6
[0, 21]: GO! my_color:6
[0, 10]: GO! my_color:7
[0, 22]: GO! my_color:7
[0, 23]: GO! my_color:7
[0, 12]: GO! my_color:8
[0, 32]: GO! my_color:1
[0, 33]: GO! my_color:1
[0, 0]: GO! my_color:1
[0, 4]: GO! my_color:1
[0, 6]: GO! my_color:1
[0, 17]: GO! my_color:1
[0, 20]: GO! my_color:1
[0, 24]: GO! my_color:1
[0, 25]: GO! my_color:1
[0, 1]: GO! my_color:2
[0, 7]: GO! my_color:2
[0, 11]: GO! my_color:2
[0, 15]: GO! my_color:2
[0, 26]: GO! my_color:2
[0, 27]: GO! my_color:2
[0, 2]: GO! my_color:3
[0, 8]: GO! my_color:3
[0, 13]: GO! my_color:3
[0, 28]: GO! my_color:3
[0, 29]: GO! my_color:3
[0, 3]: GO! my_color:4
[0, 14]: GO! my_color:4
[0, 16]: GO! my_color:4
[0, 30]: GO! my_color:4
[0, 31]: GO! my_color:4
[0, 5]: GO! my_color:5
[0, 18]: GO! my_color:5
[0, 19]: GO! my_color:5
[0, 9]: GO! my_color:6
[0, 21]: GO! my_color:6
[0, 10]: GO! my_color:7
[0, 22]: GO! my_color:7
[0, 23]: GO! my_color:7
[0, 12]: GO! my_color:8
[0, 32]: tmp: -3.141587e-03, [0, 32]: input: -1.000000e+00, sin(0)=0.000000e+00, __sinf(0)=0.000000e+00, cos(pi/2)=6.123234e-17, __cosf(pi/2)=-4.371139e-08, float sin(0)=0.000000e+00, float __sinf(0)=0.000000e+00
[0, 33]: tmp: -6.283144e-03, [0, 33]: input: -1.000000e+00, sin(0)=0.000000e+00, __sinf(0)=0.000000e+00, cos(pi/2)=6.123234e-17, __cosf(pi/2)=-4.371139e-08, float sin(0)=0.000000e+00, float __sinf(0)=0.000000e+00
[0, 32]: GO! my_color:1
[0, 33]: GO! my_color:1
[0, 0]: GO! my_color:1
[0, 4]: GO! my_color:1
[0, 6]: GO! my_color:1
[0, 17]: GO! my_color:1
[0, 20]: GO! my_color:1
[0, 24]: GO! my_color:1
[0, 25]: GO! my_color:1
[0, 1]: GO! my_color:2
[0, 7]: GO! my_color:2
[0, 11]: GO! my_color:2
[0, 15]: GO! my_color:2
[0, 26]: GO! my_color:2
[0, 27]: GO! my_color:2
[0, 2]: GO! my_color:3
[0, 8]: GO! my_color:3
[0, 13]: GO! my_color:3
[0, 28]: GO! my_color:3
[0, 29]: GO! my_color:3
[0, 3]: GO! my_color:4
[0, 14]: GO! my_color:4
[0, 16]: GO! my_color:4
[0, 30]: GO! my_color:4
[0, 31]: GO! my_color:4
[0, 5]: GO! my_color:5
[0, 18]: GO! my_color:5
[0, 19]: GO! my_color:5
[0, 9]: GO! my_color:6
[0, 21]: GO! my_color:6
[0, 10]: GO! my_color:7
[0, 22]: GO! my_color:7
[0, 23]: GO! my_color:7
[0, 12]: GO! my_color:8
[0, 32]: GO! my_color:1
[0, 33]: GO! my_color:1
[0, 0]: GO! my_color:1
[0, 4]: GO! my_color:1
[0, 6]: GO! my_color:1
[0, 17]: GO! my_color:1
[0, 20]: GO! my_color:1
[0, 24]: GO! my_color:1
[0, 25]: GO! my_color:1
[0, 1]: GO! my_color:2
[0, 7]: GO! my_color:2
[0, 11]: GO! my_color:2
[0, 15]: GO! my_color:2
[0, 26]: GO! my_color:2
[0, 27]: GO! my_color:2
[0, 2]: GO! my_color:3
[0, 8]: GO! my_color:3
[0, 13]: GO! my_color:3
[0, 28]: GO! my_color:3
[0, 29]: GO! my_color:3
[0, 3]: GO! my_color:4
[0, 14]: GO! my_color:4
[0, 16]: GO! my_color:4
[0, 30]: GO! my_color:4
[0, 31]: GO! my_color:4
[0, 5]: GO! my_color:5
[0, 18]: GO! my_color:5
[0, 19]: GO! my_color:5
[0, 9]: GO! my_color:6
[0, 21]: GO! my_color:6
[0, 10]: GO! my_color:7
[0, 22]: GO! my_color:7
[0, 23]: GO! my_color:7
[0, 12]: GO! my_color:8
[0, 32]: GO! my_color:1
[0, 33]: GO! my_color:1
[0, 0]: GO! my_color:1
[0, 4]: GO! my_color:1
[0, 6]: GO! my_color:1
[0, 17]: GO! my_color:1
[0, 20]: GO! my_color:1
[0, 24]: GO! my_color:1
[0, 25]: GO! my_color:1
[0, 1]: GO! my_color:2
[0, 7]: GO! my_color:2
[0, 11]: GO! my_color:2
[0, 15]: GO! my_color:2
[0, 26]: GO! my_color:2
[0, 27]: GO! my_color:2
[0, 2]: GO! my_color:3
[0, 8]: GO! my_color:3
[0, 13]: GO! my_color:3
[0, 28]: GO! my_color:3
[0, 29]: GO! my_color:3
[0, 3]: GO! my_color:4
[0, 14]: GO! my_color:4
[0, 16]: GO! my_color:4
[0, 30]: GO! my_color:4
[0, 31]: GO! my_color:4
[0, 5]: GO! my_color:5
[0, 18]: GO! my_color:5
[0, 19]: GO! my_color:5
[0, 9]: GO! my_color:6
[0, 21]: GO! my_color:6
[0, 10]: GO! my_color:7
[0, 22]: GO! my_color:7
[0, 23]: GO! my_color:7
[0, 12]: GO! my_color:8
[0, 32]: tmp: -4.712372e-03, [0, 32]: input: -1.000000e+00, sin(0)=0.000000e+00, __sinf(0)=0.000000e+00, cos(pi/2)=6.123234e-17, __cosf(pi/2)=-4.371139e-08, float sin(0)=0.000000e+00, float __sinf(0)=0.000000e+00
[0, 33]: tmp: -9.424638e-03, [0, 33]: input: -1.000000e+00, sin(0)=0.000000e+00, __sinf(0)=0.000000e+00, cos(pi/2)=6.123234e-17, __cosf(pi/2)=-4.371139e-08, float sin(0)=0.000000e+00, float __sinf(0)=0.000000e+00
[0, 32]: GO! my_color:1
[0, 33]: GO! my_color:1
[0, 0]: GO! my_color:1
[0, 4]: GO! my_color:1
[0, 6]: GO! my_color:1
[0, 17]: GO! my_color:1
[0, 20]: GO! my_color:1
[0, 24]: GO! my_color:1
[0, 25]: GO! my_color:1
[0, 1]: GO! my_color:2
[0, 7]: GO! my_color:2
[0, 11]: GO! my_color:2
[0, 15]: GO! my_color:2
[0, 26]: GO! my_color:2
[0, 27]: GO! my_color:2
[0, 2]: GO! my_color:3
[0, 8]: GO! my_color:3
[0, 13]: GO! my_color:3
[0, 28]: GO! my_color:3
[0, 29]: GO! my_color:3
[0, 3]: GO! my_color:4
[0, 14]: GO! my_color:4
[0, 16]: GO! my_color:4
[0, 30]: GO! my_color:4
[0, 31]: GO! my_color:4
[0, 5]: GO! my_color:5
[0, 18]: GO! my_color:5
[0, 19]: GO! my_color:5
[0, 9]: GO! my_color:6
[0, 21]: GO! my_color:6
[0, 10]: GO! my_color:7
[0, 22]: GO! my_color:7
[0, 23]: GO! my_color:7
[0, 12]: GO! my_color:8
[0, 32]: GO! my_color:1
[0, 33]: GO! my_color:1
[0, 0]: GO! my_color:1
[0, 4]: GO! my_color:1
[0, 6]: GO! my_color:1
[0, 17]: GO! my_color:1
[0, 20]: GO! my_color:1
[0, 24]: GO! my_color:1
[0, 25]: GO! my_color:1
[0, 1]: GO! my_color:2
[0, 7]: GO! my_color:2
[0, 11]: GO! my_color:2
[0, 15]: GO! my_color:2
[0, 26]: GO! my_color:2
[0, 27]: GO! my_color:2
[0, 2]: GO! my_color:3
[0, 8]: GO! my_color:3
[0, 13]: GO! my_color:3
[0, 28]: GO! my_color:3
[0, 29]: GO! my_color:3
[0, 3]: GO! my_color:4
[0, 14]: GO! my_color:4
[0, 16]: GO! my_color:4
[0, 30]: GO! my_color:4
[0, 31]: GO! my_color:4
[0, 5]: GO! my_color:5
[0, 18]: GO! my_color:5
[0, 19]: GO! my_color:5
[0, 9]: GO! my_color:6
[0, 21]: GO! my_color:6
[0, 10]: GO! my_color:7
[0, 22]: GO! my_color:7
[0, 23]: GO! my_color:7
[0, 12]: GO! my_color:8
[0, 32]: GO! my_color:1
[0, 33]: GO! my_color:1
[0, 0]: GO! my_color:1
[0, 4]: GO! my_color:1
[0, 6]: GO! my_color:1
[0, 17]: GO! my_color:1
[0, 20]: GO! my_color:1
[0, 24]: GO! my_color:1
[0, 25]: GO! my_color:1
[0, 1]: GO! my_color:2
[0, 7]: GO! my_color:2
[0, 11]: GO! my_color:2
[0, 15]: GO! my_color:2
[0, 26]: GO! my_color:2
[0, 27]: GO! my_color:2
[0, 2]: GO! my_color:3
[0, 8]: GO! my_color:3
[0, 13]: GO! my_color:3
[0, 28]: GO! my_color:3
[0, 29]: GO! my_color:3
[0, 3]: GO! my_color:4
[0, 14]: GO! my_color:4
[0, 16]: GO! my_color:4
[0, 30]: GO! my_color:4
[0, 31]: GO! my_color:4
[0, 5]: GO! my_color:5
[0, 18]: GO! my_color:5
[0, 19]: GO! my_color:5
[0, 9]: GO! my_color:6
[0, 21]: GO! my_color:6
[0, 10]: GO! my_color:7
[0, 22]: GO! my_color:7
[0, 23]: GO! my_color:7
[0, 12]: GO! my_color:8
[0, 32]: tmp: -6.283144e-03, [0, 32]: input: -1.000000e+00, sin(0)=0.000000e+00, __sinf(0)=0.000000e+00, cos(pi/2)=6.123234e-17, __cosf(pi/2)=-4.371139e-08, float sin(0)=0.000000e+00, float __sinf(0)=0.000000e+00
[0, 33]: tmp: -1.256604e-02, [0, 33]: input: -1.000000e+00, sin(0)=0.000000e+00, __sinf(0)=0.000000e+00, cos(pi/2)=6.123234e-17, __cosf(pi/2)=-4.371139e-08, float sin(0)=0.000000e+00, float __sinf(0)=0.000000e+00
[0, 32]: GO! my_color:1
[0, 33]: GO! my_color:1
[0, 0]: GO! my_color:1
[0, 4]: GO! my_color:1
[0, 6]: GO! my_color:1
[0, 17]: GO! my_color:1
[0, 20]: GO! my_color:1
[0, 24]: GO! my_color:1
[0, 25]: GO! my_color:1
[0, 1]: GO! my_color:2
[0, 7]: GO! my_color:2
[0, 11]: GO! my_color:2
[0, 15]: GO! my_color:2
[0, 26]: GO! my_color:2
[0, 27]: GO! my_color:2
[0, 2]: GO! my_color:3
[0, 8]: GO! my_color:3
[0, 13]: GO! my_color:3
[0, 28]: GO! my_color:3
[0, 29]: GO! my_color:3
[0, 3]: GO! my_color:4
[0, 14]: GO! my_color:4
[0, 16]: GO! my_color:4
[0, 30]: GO! my_color:4
[0, 31]: GO! my_color:4
[0, 5]: GO! my_color:5
[0, 18]: GO! my_color:5
[0, 19]: GO! my_color:5
[0, 9]: GO! my_color:6
[0, 21]: GO! my_color:6
[0, 10]: GO! my_color:7
[0, 22]: GO! my_color:7
[0, 23]: GO! my_color:7
[0, 12]: GO! my_color:8
[0, 32]: GO! my_color:1
[0, 33]: GO! my_color:1
[0, 0]: GO! my_color:1
[0, 4]: GO! my_color:1
[0, 6]: GO! my_color:1
[0, 17]: GO! my_color:1
[0, 20]: GO! my_color:1
[0, 24]: GO! my_color:1
[0, 25]: GO! my_color:1
[0, 1]: GO! my_color:2
[0, 7]: GO! my_color:2
[0, 11]: GO! my_color:2
[0, 15]: GO! my_color:2
[0, 26]: GO! my_color:2
[0, 27]: GO! my_color:2
[0, 2]: GO! my_color:3
[0, 8]: GO! my_color:3
[0, 13]: GO! my_color:3
[0, 28]: GO! my_color:3
[0, 29]: GO! my_color:3
[0, 3]: GO! my_color:4
[0, 14]: GO! my_color:4
[0, 16]: GO! my_color:4
[0, 30]: GO! my_color:4
[0, 31]: GO! my_color:4
[0, 5]: GO! my_color:5
[0, 18]: GO! my_color:5
[0, 19]: GO! my_color:5
[0, 9]: GO! my_color:6
[0, 21]: GO! my_color:6
[0, 10]: GO! my_color:7
[0, 22]: GO! my_color:7
[0, 23]: GO! my_color:7
[0, 12]: GO! my_color:8
[0, 32]: GO! my_color:1
[0, 33]: GO! my_color:1
[0, 0]: GO! my_color:1
[0, 4]: GO! my_color:1
[0, 6]: GO! my_color:1
[0, 17]: GO! my_color:1
[0, 20]: GO! my_color:1
[0, 24]: GO! my_color:1
[0, 25]: GO! my_color:1
[0, 1]: GO! my_color:2
[0, 7]: GO! my_color:2
[0, 11]: GO! my_color:2
[0, 15]: GO! my_color:2
[0, 26]: GO! my_color:2
[0, 27]: GO! my_color:2
[0, 2]: GO! my_color:3
[0, 8]: GO! my_color:3
[0, 13]: GO! my_color:3
[0, 28]: GO! my_color:3
[0, 29]: GO! my_color:3
[0, 3]: GO! my_color:4
[0, 14]: GO! my_color:4
[0, 16]: GO! my_color:4
[0, 30]: GO! my_color:4
[0, 31]: GO! my_color:4
[0, 5]: GO! my_color:5
[0, 18]: GO! my_color:5
[0, 19]: GO! my_color:5
[0, 9]: GO! my_color:6
[0, 21]: GO! my_color:6
[0, 10]: GO! my_color:7
[0, 22]: GO! my_color:7
[0, 23]: GO! my_color:7
[0, 12]: GO! my_color:8
[0, 32]: tmp: -7.853901e-03, [0, 32]: input: -1.000000e+00, sin(0)=0.000000e+00, __sinf(0)=0.000000e+00, cos(pi/2)=6.123234e-17, __cosf(pi/2)=-4.371139e-08, float sin(0)=0.000000e+00, float __sinf(0)=0.000000e+00
[0, 33]: tmp: -1.570732e-02, [0, 33]: input: -1.000000e+00, sin(0)=0.000000e+00, __sinf(0)=0.000000e+00, cos(pi/2)=6.123234e-17, __cosf(pi/2)=-4.371139e-08, float sin(0)=0.000000e+00, float __sinf(0)=0.000000e+00
[0, 32]: GO! my_color:1
[0, 33]: GO! my_color:1
[0, 0]: GO! my_color:1
[0, 4]: GO! my_color:1
[0, 6]: GO! my_color:1
[0, 17]: GO! my_color:1
[0, 20]: GO! my_color:1
[0, 24]: GO! my_color:1
[0, 25]: GO! my_color:1
[0, 1]: GO! my_color:2
[0, 7]: GO! my_color:2
[0, 11]: GO! my_color:2
[0, 15]: GO! my_color:2
[0, 26]: GO! my_color:2
[0, 27]: GO! my_color:2
[0, 2]: GO! my_color:3
[0, 8]: GO! my_color:3
[0, 13]: GO! my_color:3
[0, 28]: GO! my_color:3
[0, 29]: GO! my_color:3
[0, 3]: GO! my_color:4
[0, 14]: GO! my_color:4
[0, 16]: GO! my_color:4
[0, 30]: GO! my_color:4
[0, 31]: GO! my_color:4
[0, 5]: GO! my_color:5
[0, 18]: GO! my_color:5
[0, 19]: GO! my_color:5
[0, 9]: GO! my_color:6
[0, 21]: GO! my_color:6
[0, 10]: GO! my_color:7
[0, 22]: GO! my_color:7
[0, 23]: GO! my_color:7
[0, 12]: GO! my_color:8
[0, 32]: GO! my_color:1
[0, 33]: GO! my_color:1
[0, 0]: GO! my_color:1
[0, 4]: GO! my_color:1
[0, 6]: GO! my_color:1
[0, 17]: GO! my_color:1
[0, 20]: GO! my_color:1
[0, 24]: GO! my_color:1
[0, 25]: GO! my_color:1
[0, 1]: GO! my_color:2
[0, 7]: GO! my_color:2
[0, 11]: GO! my_color:2
[0, 15]: GO! my_color:2
[0, 26]: GO! my_color:2
[0, 27]: GO! my_color:2
[0, 2]: GO! my_color:3
[0, 8]: GO! my_color:3
[0, 13]: GO! my_color:3
[0, 28]: GO! my_color:3
[0, 29]: GO! my_color:3
[0, 3]: GO! my_color:4
[0, 14]: GO! my_color:4
[0, 16]: GO! my_color:4
[0, 30]: GO! my_color:4
[0, 31]: GO! my_color:4
[0, 5]: GO! my_color:5
[0, 18]: GO! my_color:5
[0, 19]: GO! my_color:5
[0, 9]: GO! my_color:6
[0, 21]: GO! my_color:6
[0, 10]: GO! my_color:7
[0, 22]: GO! my_color:7
[0, 23]: GO! my_color:7
[0, 12]: GO! my_color:8
[0, 32]: GO! my_color:1
[0, 33]: GO! my_color:1
[0, 0]: GO! my_color:1
[0, 4]: GO! my_color:1
[0, 6]: GO! my_color:1
[0, 17]: GO! my_color:1
[0, 20]: GO! my_color:1
[0, 24]: GO! my_color:1
[0, 25]: GO! my_color:1
[0, 1]: GO! my_color:2
[0, 7]: GO! my_color:2
[0, 11]: GO! my_color:2
[0, 15]: GO! my_color:2
[0, 26]: GO! my_color:2
[0, 27]: GO! my_color:2
[0, 2]: GO! my_color:3
[0, 8]: GO! my_color:3
[0, 13]: GO! my_color:3
[0, 28]: GO! my_color:3
[0, 29]: GO! my_color:3
[0, 3]: GO! my_color:4
[0, 14]: GO! my_color:4
[0, 16]: GO! my_color:4
[0, 30]: GO! my_color:4
[0, 31]: GO! my_color:4
[0, 5]: GO! my_color:5
[0, 18]: GO! my_color:5
[0, 19]: GO! my_color:5
[0, 9]: GO! my_color:6
[0, 21]: GO! my_color:6
[0, 10]: GO! my_color:7
[0, 22]: GO! my_color:7
[0, 23]: GO! my_color:7
[0, 12]: GO! my_color:8
[0, 32]: tmp: -9.424638e-03, [0, 32]: input: -1.000000e+00, sin(0)=0.000000e+00, __sinf(0)=0.000000e+00, cos(pi/2)=6.123234e-17, __cosf(pi/2)=-4.371139e-08, float sin(0)=0.000000e+00, float __sinf(0)=0.000000e+00
[0, 33]: tmp: -1.884844e-02, [0, 33]: input: -1.000000e+00, sin(0)=0.000000e+00, __sinf(0)=0.000000e+00, cos(pi/2)=6.123234e-17, __cosf(pi/2)=-4.371139e-08, float sin(0)=0.000000e+00, float __sinf(0)=0.000000e+00
[0, 32]: GO! my_color:1
[0, 33]: GO! my_color:1
[0, 0]: GO! my_color:1
[0, 4]: GO! my_color:1
[0, 6]: GO! my_color:1
[0, 17]: GO! my_color:1
[0, 20]: GO! my_color:1
[0, 24]: GO! my_color:1
[0, 25]: GO! my_color:1
[0, 1]: GO! my_color:2
[0, 7]: GO! my_color:2
[0, 11]: GO! my_color:2
[0, 15]: GO! my_color:2
[0, 26]: GO! my_color:2
[0, 27]: GO! my_color:2
[0, 2]: GO! my_color:3
[0, 8]: GO! my_color:3
[0, 13]: GO! my_color:3
[0, 28]: GO! my_color:3
[0, 29]: GO! my_color:3
[0, 3]: GO! my_color:4
[0, 14]: GO! my_color:4
[0, 16]: GO! my_color:4
[0, 30]: GO! my_color:4
[0, 31]: GO! my_color:4
[0, 5]: GO! my_color:5
[0, 18]: GO! my_color:5
[0, 19]: GO! my_color:5
[0, 9]: GO! my_color:6
[0, 21]: GO! my_color:6
[0, 10]: GO! my_color:7
[0, 22]: GO! my_color:7
[0, 23]: GO! my_color:7
[0, 12]: GO! my_color:8
[0, 32]: GO! my_color:1
[0, 33]: GO! my_color:1
[0, 0]: GO! my_color:1
[0, 4]: GO! my_color:1
[0, 6]: GO! my_color:1
[0, 17]: GO! my_color:1
[0, 20]: GO! my_color:1
[0, 24]: GO! my_color:1
[0, 25]: GO! my_color:1
[0, 1]: GO! my_color:2
[0, 7]: GO! my_color:2
[0, 11]: GO! my_color:2
[0, 15]: GO! my_color:2
[0, 26]: GO! my_color:2
[0, 27]: GO! my_color:2
[0, 2]: GO! my_color:3
[0, 8]: GO! my_color:3
[0, 13]: GO! my_color:3
[0, 28]: GO! my_color:3
[0, 29]: GO! my_color:3
[0, 3]: GO! my_color:4
[0, 14]: GO! my_color:4
[0, 16]: GO! my_color:4
[0, 30]: GO! my_color:4
[0, 31]: GO! my_color:4
[0, 5]: GO! my_color:5
[0, 18]: GO! my_color:5
[0, 19]: GO! my_color:5
[0, 9]: GO! my_color:6
[0, 21]: GO! my_color:6
[0, 10]: GO! my_color:7
[0, 22]: GO! my_color:7
[0, 23]: GO! my_color:7
[0, 12]: GO! my_color:8
[0, 32]: GO! my_color:1
[0, 33]: GO! my_color:1
[0, 0]: GO! my_color:1
[0, 4]: GO! my_color:1
[0, 6]: GO! my_color:1
[0, 17]: GO! my_color:1
[0, 20]: GO! my_color:1
[0, 24]: GO! my_color:1
[0, 25]: GO! my_color:1
[0, 1]: GO! my_color:2
[0, 7]: GO! my_color:2
[0, 11]: GO! my_color:2
[0, 15]: GO! my_color:2
[0, 26]: GO! my_color:2
[0, 27]: GO! my_color:2
[0, 2]: GO! my_color:3
[0, 8]: GO! my_color:3
[0, 13]: GO! my_color:3
[0, 28]: GO! my_color:3
[0, 29]: GO! my_color:3
[0, 3]: GO! my_color:4
[0, 14]: GO! my_color:4
[0, 16]: GO! my_color:4
[0, 30]: GO! my_color:4
[0, 31]: GO! my_color:4
[0, 5]: GO! my_color:5
[0, 18]: GO! my_color:5
[0, 19]: GO! my_color:5
[0, 9]: GO! my_color:6
[0, 21]: GO! my_color:6
[0, 10]: GO! my_color:7
[0, 22]: GO! my_color:7
[0, 23]: GO! my_color:7
[0, 12]: GO! my_color:8
[0, 32]: tmp: -1.099535e-02, [0, 32]: input: -1.000000e+00, sin(0)=0.000000e+00, __sinf(0)=0.000000e+00, cos(pi/2)=6.123234e-17, __cosf(pi/2)=-4.371139e-08, float sin(0)=0.000000e+00, float __sinf(0)=0.000000e+00
[0, 33]: tmp: -2.198938e-02, [0, 33]: input: -1.000000e+00, sin(0)=0.000000e+00, __sinf(0)=0.000000e+00, cos(pi/2)=6.123234e-17, __cosf(pi/2)=-4.371139e-08, float sin(0)=0.000000e+00, float __sinf(0)=0.000000e+00
[0, 32]: GO! my_color:1
[0, 33]: GO! my_color:1
[0, 0]: GO! my_color:1
[0, 4]: GO! my_color:1
[0, 6]: GO! my_color:1
[0, 17]: GO! my_color:1
[0, 20]: GO! my_color:1
[0, 24]: GO! my_color:1
[0, 25]: GO! my_color:1
[0, 1]: GO! my_color:2
[0, 7]: GO! my_color:2
[0, 11]: GO! my_color:2
[0, 15]: GO! my_color:2
[0, 26]: GO! my_color:2
[0, 27]: GO! my_color:2
[0, 2]: GO! my_color:3
[0, 8]: GO! my_color:3
[0, 13]: GO! my_color:3
[0, 28]: GO! my_color:3
[0, 29]: GO! my_color:3
[0, 3]: GO! my_color:4
[0, 14]: GO! my_color:4
[0, 16]: GO! my_color:4
[0, 30]: GO! my_color:4
[0, 31]: GO! my_color:4
[0, 5]: GO! my_color:5
[0, 18]: GO! my_color:5
[0, 19]: GO! my_color:5
[0, 9]: GO! my_color:6
[0, 21]: GO! my_color:6
[0, 10]: GO! my_color:7
[0, 22]: GO! my_color:7
[0, 23]: GO! my_color:7
[0, 12]: GO! my_color:8
[0, 32]: GO! my_color:1
[0, 33]: GO! my_color:1
[0, 0]: GO! my_color:1
[0, 4]: GO! my_color:1
[0, 6]: GO! my_color:1
[0, 17]: GO! my_color:1
[0, 20]: GO! my_color:1
[0, 24]: GO! my_color:1
[0, 25]: GO! my_color:1
[0, 1]: GO! my_color:2
[0, 7]: GO! my_color:2
[0, 11]: GO! my_color:2
[0, 15]: GO! my_color:2
[0, 26]: GO! my_color:2
[0, 27]: GO! my_color:2
[0, 2]: GO! my_color:3
[0, 8]: GO! my_color:3
[0, 13]: GO! my_color:3
[0, 28]: GO! my_color:3
[0, 29]: GO! my_color:3
[0, 3]: GO! my_color:4
[0, 14]: GO! my_color:4
[0, 16]: GO! my_color:4
[0, 30]: GO! my_color:4
[0, 31]: GO! my_color:4
[0, 5]: GO! my_color:5
[0, 18]: GO! my_color:5
[0, 19]: GO! my_color:5
[0, 9]: GO! my_color:6
[0, 21]: GO! my_color:6
[0, 10]: GO! my_color:7
[0, 22]: GO! my_color:7
[0, 23]: GO! my_color:7
[0, 12]: GO! my_color:8
[0, 32]: GO! my_color:1
[0, 33]: GO! my_color:1
[0, 0]: GO! my_color:1
[0, 4]: GO! my_color:1
[0, 6]: GO! my_color:1
[0, 17]: GO! my_color:1
[0, 20]: GO! my_color:1
[0, 24]: GO! my_color:1
[0, 25]: GO! my_color:1
[0, 1]: GO! my_color:2
[0, 7]: GO! my_color:2
[0, 11]: GO! my_color:2
[0, 15]: GO! my_color:2
[0, 26]: GO! my_color:2
[0, 27]: GO! my_color:2
[0, 2]: GO! my_color:3
[0, 8]: GO! my_color:3
[0, 13]: GO! my_color:3
[0, 28]: GO! my_color:3
[0, 29]: GO! my_color:3
[0, 3]: GO! my_color:4
[0, 14]: GO! my_color:4
[0, 16]: GO! my_color:4
[0, 30]: GO! my_color:4
[0, 31]: GO! my_color:4
[0, 5]: GO! my_color:5
[0, 18]: GO! my_color:5
[0, 19]: GO! my_color:5
[0, 9]: GO! my_color:6
[0, 21]: GO! my_color:6
[0, 10]: GO! my_color:7
[0, 22]: GO! my_color:7
[0, 23]: GO! my_color:7
[0, 12]: GO! my_color:8
[0, 32]: tmp: -1.256604e-02, [0, 32]: input: -1.000000e+00, sin(0)=0.000000e+00, __sinf(0)=0.000000e+00, cos(pi/2)=6.123234e-17, __cosf(pi/2)=-4.371139e-08, float sin(0)=0.000000e+00, float __sinf(0)=0.000000e+00
[0, 33]: tmp: -2.513010e-02, [0, 33]: input: -1.000000e+00, sin(0)=0.000000e+00, __sinf(0)=0.000000e+00, cos(pi/2)=6.123234e-17, __cosf(pi/2)=-4.371139e-08, float sin(0)=0.000000e+00, float __sinf(0)=0.000000e+00
[0, 32]: GO! my_color:1
[0, 33]: GO! my_color:1
[0, 0]: GO! my_color:1
[0, 4]: GO! my_color:1
[0, 6]: GO! my_color:1
[0, 17]: GO! my_color:1
[0, 20]: GO! my_color:1
[0, 24]: GO! my_color:1
[0, 25]: GO! my_color:1
[0, 1]: GO! my_color:2
[0, 7]: GO! my_color:2
[0, 11]: GO! my_color:2
[0, 15]: GO! my_color:2
[0, 26]: GO! my_color:2
[0, 27]: GO! my_color:2
[0, 2]: GO! my_color:3
[0, 8]: GO! my_color:3
[0, 13]: GO! my_color:3
[0, 28]: GO! my_color:3
[0, 29]: GO! my_color:3
[0, 3]: GO! my_color:4
[0, 14]: GO! my_color:4
[0, 16]: GO! my_color:4
[0, 30]: GO! my_color:4
[0, 31]: GO! my_color:4
[0, 5]: GO! my_color:5
[0, 18]: GO! my_color:5
[0, 19]: GO! my_color:5
[0, 9]: GO! my_color:6
[0, 21]: GO! my_color:6
[0, 10]: GO! my_color:7
[0, 22]: GO! my_color:7
[0, 23]: GO! my_color:7
[0, 12]: GO! my_color:8
[0, 32]: GO! my_color:1
[0, 33]: GO! my_color:1
[0, 0]: GO! my_color:1
[0, 4]: GO! my_color:1
[0, 6]: GO! my_color:1
[0, 17]: GO! my_color:1
[0, 20]: GO! my_color:1
[0, 24]: GO! my_color:1
[0, 25]: GO! my_color:1
[0, 1]: GO! my_color:2
[0, 7]: GO! my_color:2
[0, 11]: GO! my_color:2
[0, 15]: GO! my_color:2
[0, 26]: GO! my_color:2
[0, 27]: GO! my_color:2
[0, 2]: GO! my_color:3
[0, 8]: GO! my_color:3
[0, 13]: GO! my_color:3
[0, 28]: GO! my_color:3
[0, 29]: GO! my_color:3
[0, 3]: GO! my_color:4
[0, 14]: GO! my_color:4
[0, 16]: GO! my_color:4
[0, 30]: GO! my_color:4
[0, 31]: GO! my_color:4
[0, 5]: GO! my_color:5
[0, 18]: GO! my_color:5
[0, 19]: GO! my_color:5
[0, 9]: GO! my_color:6
[0, 21]: GO! my_color:6
[0, 10]: GO! my_color:7
[0, 22]: GO! my_color:7
[0, 23]: GO! my_color:7
[0, 12]: GO! my_color:8
[0, 32]: GO! my_color:1
[0, 33]: GO! my_color:1
[0, 0]: GO! my_color:1
[0, 4]: GO! my_color:1
[0, 6]: GO! my_color:1
[0, 17]: GO! my_color:1
[0, 20]: GO! my_color:1
[0, 24]: GO! my_color:1
[0, 25]: GO! my_color:1
[0, 1]: GO! my_color:2
[0, 7]: GO! my_color:2
[0, 11]: GO! my_color:2
[0, 15]: GO! my_color:2
[0, 26]: GO! my_color:2
[0, 27]: GO! my_color:2
[0, 2]: GO! my_color:3
[0, 8]: GO! my_color:3
[0, 13]: GO! my_color:3
[0, 28]: GO! my_color:3
[0, 29]: GO! my_color:3
[0, 3]: GO! my_color:4
[0, 14]: GO! my_color:4
[0, 16]: GO! my_color:4
[0, 30]: GO! my_color:4
[0, 31]: GO! my_color:4
[0, 5]: GO! my_color:5
[0, 18]: GO! my_color:5
[0, 19]: GO! my_color:5
[0, 9]: GO! my_color:6
[0, 21]: GO! my_color:6
[0, 10]: GO! my_color:7
[0, 22]: GO! my_color:7
[0, 23]: GO! my_color:7
[0, 12]: GO! my_color:8
[0, 32]: tmp: -1.413670e-02, [0, 32]: input: -1.000000e+00, sin(0)=0.000000e+00, __sinf(0)=0.000000e+00, cos(pi/2)=6.123234e-17, __cosf(pi/2)=-4.371139e-08, float sin(0)=0.000000e+00, float __sinf(0)=0.000000e+00
[0, 33]: tmp: -2.827057e-02, [0, 33]: input: -1.000000e+00, sin(0)=0.000000e+00, __sinf(0)=0.000000e+00, cos(pi/2)=6.123234e-17, __cosf(pi/2)=-4.371139e-08, float sin(0)=0.000000e+00, float __sinf(0)=0.000000e+00
[0, 32]: GO! my_color:1
[0, 33]: GO! my_color:1
[0, 0]: GO! my_color:1
[0, 4]: GO! my_color:1
[0, 6]: GO! my_color:1
[0, 17]: GO! my_color:1
[0, 20]: GO! my_color:1
[0, 24]: GO! my_color:1
[0, 25]: GO! my_color:1
[0, 1]: GO! my_color:2
[0, 7]: GO! my_color:2
[0, 11]: GO! my_color:2
[0, 15]: GO! my_color:2
[0, 26]: GO! my_color:2
[0, 27]: GO! my_color:2
[0, 2]: GO! my_color:3
[0, 8]: GO! my_color:3
[0, 13]: GO! my_color:3
[0, 28]: GO! my_color:3
[0, 29]: GO! my_color:3
[0, 3]: GO! my_color:4
[0, 14]: GO! my_color:4
[0, 16]: GO! my_color:4
[0, 30]: GO! my_color:4
[0, 31]: GO! my_color:4
[0, 5]: GO! my_color:5
[0, 18]: GO! my_color:5
[0, 19]: GO! my_color:5
[0, 9]: GO! my_color:6
[0, 21]: GO! my_color:6
[0, 10]: GO! my_color:7
[0, 22]: GO! my_color:7
[0, 23]: GO! my_color:7
[0, 12]: GO! my_color:8
[0, 32]: GO! my_color:1
[0, 33]: GO! my_color:1
[0, 0]: GO! my_color:1
[0, 4]: GO! my_color:1
[0, 6]: GO! my_color:1
[0, 17]: GO! my_color:1
[0, 20]: GO! my_color:1
[0, 24]: GO! my_color:1
[0, 25]: GO! my_color:1
[0, 1]: GO! my_color:2
[0, 7]: GO! my_color:2
[0, 11]: GO! my_color:2
[0, 15]: GO! my_color:2
[0, 26]: GO! my_color:2
[0, 27]: GO! my_color:2
[0, 2]: GO! my_color:3
[0, 8]: GO! my_color:3
[0, 13]: GO! my_color:3
[0, 28]: GO! my_color:3
[0, 29]: GO! my_color:3
[0, 3]: GO! my_color:4
[0, 14]: GO! my_color:4
[0, 16]: GO! my_color:4
[0, 30]: GO! my_color:4
[0, 31]: GO! my_color:4
[0, 5]: GO! my_color:5
[0, 18]: GO! my_color:5
[0, 19]: GO! my_color:5
[0, 9]: GO! my_color:6
[0, 21]: GO! my_color:6
[0, 10]: GO! my_color:7
[0, 22]: GO! my_color:7
[0, 23]: GO! my_color:7
[0, 12]: GO! my_color:8
[0, 32]: GO! my_color:1
[0, 33]: GO! my_color:1
[0, 0]: GO! my_color:1
[0, 4]: GO! my_color:1
[0, 6]: GO! my_color:1
[0, 17]: GO! my_color:1
[0, 20]: GO! my_color:1
[0, 24]: GO! my_color:1
[0, 25]: GO! my_color:1
[0, 1]: GO! my_color:2
[0, 7]: GO! my_color:2
[0, 11]: GO! my_color:2
[0, 15]: GO! my_color:2
[0, 26]: GO! my_color:2
[0, 27]: GO! my_color:2
[0, 2]: GO! my_color:3
[0, 8]: GO! my_color:3
[0, 13]: GO! my_color:3
[0, 28]: GO! my_color:3
[0, 29]: GO! my_color:3
[0, 3]: GO! my_color:4
[0, 14]: GO! my_color:4
[0, 16]: GO! my_color:4
[0, 30]: GO! my_color:4
[0, 31]: GO! my_color:4
[0, 5]: GO! my_color:5
[0, 18]: GO! my_color:5
[0, 19]: GO! my_color:5
[0, 9]: GO! my_color:6
[0, 21]: GO! my_color:6
[0, 10]: GO! my_color:7
[0, 22]: GO! my_color:7
[0, 23]: GO! my_color:7
[0, 12]: GO! my_color:8
	Processing time1: 0.000000 (s)
	Processing time2: 37888934.000000 (ns)

Launch conclusa

Simulation Time: 0 seconds
