Initialization... done!
Running 1 simulations with a radial tolerance of 0.001000
Running simulation 0
Number of cells = 152
Number of samples = 8000
Number of inputs = 2
Converting to CUDA structures... done!
1.884000e-21, 5.090000e-22, 3.800000e-23, 9.800000e-22, 1.000000e-03 , 152, 25, 8000, 100, 2, 1, 0
0.000000e+00 	3
0.000000e+00 	3
0.000000e+00 	3
0.000000e+00 	3
0.000000e+00 	3
0.000000e+00 	3
0.000000e+00 	3
0.000000e+00 	3
0.000000e+00 	3
0.000000e+00 	3
0.000000e+00 	3
0.000000e+00 	0
0.000000e+00 	0
0.000000e+00 	0
0.000000e+00 	0
0.000000e+00 	2
0.000000e+00 	3
0.000000e+00 	2
0.000000e+00 	2
0.000000e+00 	2
0.000000e+00 	2
0.000000e+00 	3
0.000000e+00 	3
0.000000e+00 	3
0.000000e+00 	2
0.000000e+00 	2
0.000000e+00 	2
0.000000e+00 	2
0.000000e+00 	2
0.000000e+00 	2
0.000000e+00 	2
0.000000e+00 	3
0.000000e+00 	2
0.000000e+00 	1
9.999997e-01 	2
0.000000e+00 	1
0.000000e+00 	2
0.000000e+00 	1
0.000000e+00 	1
0.000000e+00 	1
0.000000e+00 	1
0.000000e+00 	1
0.000000e+00 	2
0.000000e+00 	2
0.000000e+00 	2
0.000000e+00 	1
0.000000e+00 	1
0.000000e+00 	1
0.000000e+00 	1
0.000000e+00 	1
0.000000e+00 	2
0.000000e+00 	1
0.000000e+00 	0
0.000000e+00 	1
0.000000e+00 	0
0.000000e+00 	0
-9.999997e-01 	1
0.000000e+00 	0
0.000000e+00 	0
0.000000e+00 	0
0.000000e+00 	0
0.000000e+00 	0
0.000000e+00 	1
0.000000e+00 	1
0.000000e+00 	1
0.000000e+00 	0
0.000000e+00 	0
0.000000e+00 	0
0.000000e+00 	0
0.000000e+00 	0
0.000000e+00 	0
0.000000e+00 	0
0.000000e+00 	0
0.000000e+00 	1
0.000000e+00 	0
0.000000e+00 	0
0.000000e+00 	0
0.000000e+00 	0
-9.999997e-01 	0
0.000000e+00 	0
0.000000e+00 	0
0.000000e+00 	0
0.000000e+00 	0
0.000000e+00 	0
0.000000e+00 	0
0.000000e+00 	0
0.000000e+00 	0
0.000000e+00 	0
0.000000e+00 	0
0.000000e+00 	0
0.000000e+00 	3
0.000000e+00 	3
0.000000e+00 	3
0.000000e+00 	3
0.000000e+00 	3
0.000000e+00 	3
0.000000e+00 	3
0.000000e+00 	3
0.000000e+00 	3
0.000000e+00 	3
0.000000e+00 	3
0.000000e+00 	3
0.000000e+00 	3
0.000000e+00 	3
0.000000e+00 	3
0.000000e+00 	3
0.000000e+00 	3
0.000000e+00 	3
0.000000e+00 	3
0.000000e+00 	3
0.000000e+00 	3
0.000000e+00 	3
0.000000e+00 	3
0.000000e+00 	3
0.000000e+00 	3
0.000000e+00 	3
0.000000e+00 	3
0.000000e+00 	3
0.000000e+00 	3
0.000000e+00 	3
0.000000e+00 	3
0.000000e+00 	3
0.000000e+00 	3
0.000000e+00 	3
0.000000e+00 	2
0.000000e+00 	2
0.000000e+00 	2
0.000000e+00 	3
0.000000e+00 	3
0.000000e+00 	3
0.000000e+00 	2
0.000000e+00 	2
0.000000e+00 	2
0.000000e+00 	2
0.000000e+00 	2
0.000000e+00 	2
0.000000e+00 	2
0.000000e+00 	2
0.000000e+00 	2
0.000000e+00 	2
0.000000e+00 	3
0.000000e+00 	2
0.000000e+00 	2
0.000000e+00 	2
0.000000e+00 	2
0.000000e+00 	2
0.000000e+00 	2
0.000000e+00 	2
0.000000e+00 	2
0.000000e+00 	2
0.000000e+00 	2
0.000000e+00 	2
2.377005e-22 	7.071708e-24 	9.175822e-25 	6.204916e-23 	5.379668e-25 	2.237886e-24 	5.644697e-24 	5.379668e-25 	-1.940165e-23 	5.644697e-24 	2.237886e-24 	0.000000e+00 	0.000000e+00 	0.000000e+00 	0.000000e+00 	0.000000e+00 	0.000000e+00 	0.000000e+00 	0.000000e+00 	0.000000e+00 	0.000000e+00 	0.000000e+00 	0.000000e+00 	0.000000e+00 	0.000000e+00 		1 2 3 9 80 84 88 91 92 96 100 -1 -1 -1 -1 -1 -1 -1 -1 -1 -1 -1 -1 -1 -1 
2.377005e-22 	2.377005e-22 	7.071708e-24 	9.175822e-25 	-2.967199e-22 	5.379668e-25 	2.237886e-24 	5.644697e-24 	5.379668e-25 	-1.940165e-23 	5.644697e-24 	5.379668e-25 	0.000000e+00 	0.000000e+00 	0.000000e+00 	0.000000e+00 	0.000000e+00 	0.000000e+00 	0.000000e+00 	0.000000e+00 	0.000000e+00 	0.000000e+00 	0.000000e+00 	0.000000e+00 	0.000000e+00 		0 2 3 4 9 84 88 92 95 96 100 111 -1 -1 -1 -1 -1 -1 -1 -1 -1 -1 -1 -1 -1 
7.071708e-24 	2.377005e-22 	2.377005e-22 	7.071708e-24 	9.175822e-25 	6.204916e-23 	5.379668e-25 	2.237886e-24 	5.644697e-24 	5.379668e-25 	-1.940165e-23 	-6.442638e-25 	-2.699881e-25 	2.237886e-24 	-2.699881e-25 	-6.442638e-25 	0.000000e+00 	0.000000e+00 	0.000000e+00 	0.000000e+00 	0.000000e+00 	0.000000e+00 	0.000000e+00 	0.000000e+00 	0.000000e+00 		0 1 3 4 5 9 88 92 96 99 100 109 110 111 112 113 -1 -1 -1 -1 -1 -1 -1 -1 -1 
9.175822e-25 	7.071708e-24 	2.377005e-22 	2.377005e-22 	7.071708e-24 	9.175822e-25 	5.122359e-24 	5.379668e-25 	2.237886e-24 	5.644697e-24 	5.379668e-25 	5.379668e-25 	-2.699881e-25 	-2.505839e-24 	5.644697e-24 	-2.505839e-24 	-2.699881e-25 	5.379668e-25 	0.000000e+00 	0.000000e+00 	0.000000e+00 	0.000000e+00 	0.000000e+00 	0.000000e+00 	0.000000e+00 		0 1 2 4 5 6 9 92 96 100 103 104 109 110 111 112 113 125 -1 -1 -1 -1 -1 -1 -1 
9.175822e-25 	7.071708e-24 	2.377005e-22 	2.377005e-22 	7.071708e-24 	9.175822e-25 	7.972997e-25 	7.972997e-25 	5.379668e-25 	2.237886e-24 	5.379668e-25 	2.237886e-24 	5.644697e-24 	-1.940165e-23 	5.644697e-24 	2.237886e-24 	5.379668e-25 	2.237886e-24 	5.379668e-25 	0.000000e+00 	0.000000e+00 	0.000000e+00 	0.000000e+00 	0.000000e+00 	0.000000e+00 		1 2 3 5 6 7 9 10 96 100 108 109 110 111 112 113 114 125 137 -1 -1 -1 -1 -1 -1 
9.175822e-25 	7.071708e-24 	2.377005e-22 	2.377005e-22 	7.071708e-24 	9.175822e-25 	5.122359e-24 	5.379668e-25 	-2.699881e-25 	-2.505839e-24 	5.644697e-24 	-2.505839e-24 	-2.699881e-25 	5.379668e-25 	5.379668e-25 	5.644697e-24 	-6.442638e-25 	-2.699881e-25 	2.237886e-24 	-2.699881e-25 	5.379668e-25 	0.000000e+00 	0.000000e+00 	0.000000e+00 	0.000000e+00 		2 3 4 6 7 8 10 100 109 110 111 112 113 120 121 125 135 136 137 138 142 -1 -1 -1 -1 
9.175822e-25 	7.071708e-24 	2.377005e-22 	2.377005e-22 	7.071708e-24 	6.204916e-23 	-6.442638e-25 	-2.699881e-25 	2.237886e-24 	-2.699881e-25 	-6.442638e-25 	-1.940165e-23 	5.379668e-25 	-2.699881e-25 	-2.505839e-24 	5.644697e-24 	-2.505839e-24 	2.237886e-24 	0.000000e+00 	0.000000e+00 	0.000000e+00 	0.000000e+00 	0.000000e+00 	0.000000e+00 	0.000000e+00 		3 4 5 7 8 10 109 110 111 112 113 125 126 135 136 137 138 142 -1 -1 -1 -1 -1 -1 -1 
9.175822e-25 	7.071708e-24 	2.377005e-22 	2.377005e-22 	-2.967199e-22 	5.379668e-25 	5.644697e-24 	5.379668e-25 	2.237886e-24 	5.644697e-24 	-1.940165e-23 	5.644697e-24 	5.379668e-25 	5.644697e-24 	0.000000e+00 	0.000000e+00 	0.000000e+00 	0.000000e+00 	0.000000e+00 	0.000000e+00 	0.000000e+00 	0.000000e+00 	0.000000e+00 	0.000000e+00 	0.000000e+00 		4 5 6 8 10 111 125 134 135 136 137 138 139 142 -1 -1 -1 -1 -1 -1 -1 -1 -1 -1 -1 
9.175822e-25 	7.071708e-24 	2.377005e-22 	6.204916e-23 	2.237886e-24 	-2.699881e-25 	-2.505839e-24 	5.644697e-24 	-2.505839e-24 	-1.940165e-23 	5.379668e-25 	0.000000e+00 	0.000000e+00 	0.000000e+00 	0.000000e+00 	0.000000e+00 	0.000000e+00 	0.000000e+00 	0.000000e+00 	0.000000e+00 	0.000000e+00 	0.000000e+00 	0.000000e+00 	0.000000e+00 	0.000000e+00 		5 6 7 10 125 135 136 137 138 142 143 -1 -1 -1 -1 -1 -1 -1 -1 -1 -1 -1 -1 -1 -1 
6.204916e-23 	-2.967199e-22 	6.204916e-23 	5.122359e-24 	7.972997e-25 	7.972997e-25 	5.122359e-24 	1.435935e-25 	6.204916e-23 	7.972997e-25 	-2.967199e-22 	1.435935e-25 	6.204916e-23 	1.435935e-25 	7.972997e-25 	1.435935e-25 	0.000000e+00 	0.000000e+00 	0.000000e+00 	0.000000e+00 	0.000000e+00 	0.000000e+00 	0.000000e+00 	0.000000e+00 	0.000000e+00 		0 1 2 3 4 84 88 91 92 95 96 99 100 110 111 112 -1 -1 -1 -1 -1 -1 -1 -1 -1 
7.972997e-25 	5.122359e-24 	6.204916e-23 	-2.967199e-22 	6.204916e-23 	1.435935e-25 	7.972997e-25 	1.435935e-25 	6.204916e-23 	1.435935e-25 	7.972997e-25 	5.122359e-24 	6.204916e-23 	-2.967199e-22 	6.204916e-23 	7.972997e-25 	6.204916e-23 	1.435935e-25 	0.000000e+00 	0.000000e+00 	0.000000e+00 	0.000000e+00 	0.000000e+00 	0.000000e+00 	0.000000e+00 		4 5 6 7 8 110 111 112 125 126 134 135 136 137 138 139 142 143 -1 -1 -1 -1 -1 -1 -1 
2.377005e-22 	7.071708e-24 	9.175822e-25 	0.000000e+00 	0.000000e+00 	0.000000e+00 	0.000000e+00 	0.000000e+00 	0.000000e+00 	0.000000e+00 	0.000000e+00 	0.000000e+00 	0.000000e+00 	0.000000e+00 	0.000000e+00 	0.000000e+00 	0.000000e+00 	0.000000e+00 	0.000000e+00 	0.000000e+00 	0.000000e+00 	0.000000e+00 	0.000000e+00 	0.000000e+00 	0.000000e+00 		12 13 14 -1 -1 -1 -1 -1 -1 -1 -1 -1 -1 -1 -1 -1 -1 -1 -1 -1 -1 -1 -1 -1 -1 
2.377005e-22 	2.377005e-22 	7.071708e-24 	9.175822e-25 	0.000000e+00 	0.000000e+00 	0.000000e+00 	0.000000e+00 	0.000000e+00 	0.000000e+00 	0.000000e+00 	0.000000e+00 	0.000000e+00 	0.000000e+00 	0.000000e+00 	0.000000e+00 	0.000000e+00 	0.000000e+00 	0.000000e+00 	0.000000e+00 	0.000000e+00 	0.000000e+00 	0.000000e+00 	0.000000e+00 	0.000000e+00 		11 13 14 16 -1 -1 -1 -1 -1 -1 -1 -1 -1 -1 -1 -1 -1 -1 -1 -1 -1 -1 -1 -1 -1 
7.071708e-24 	2.377005e-22 	2.377005e-22 	7.071708e-24 	1.487579e-25 	9.175822e-25 	1.487579e-25 	0.000000e+00 	0.000000e+00 	0.000000e+00 	0.000000e+00 	0.000000e+00 	0.000000e+00 	0.000000e+00 	0.000000e+00 	0.000000e+00 	0.000000e+00 	0.000000e+00 	0.000000e+00 	0.000000e+00 	0.000000e+00 	0.000000e+00 	0.000000e+00 	0.000000e+00 	0.000000e+00 		11 12 14 16 21 22 23 -1 -1 -1 -1 -1 -1 -1 -1 -1 -1 -1 -1 -1 -1 -1 -1 -1 -1 
9.175822e-25 	7.071708e-24 	2.377005e-22 	1.487579e-25 	2.377005e-22 	-1.477105e-24 	-1.635914e-24 	7.071708e-24 	-1.635914e-24 	-1.477105e-24 	9.175822e-25 	0.000000e+00 	0.000000e+00 	0.000000e+00 	0.000000e+00 	0.000000e+00 	0.000000e+00 	0.000000e+00 	0.000000e+00 	0.000000e+00 	0.000000e+00 	0.000000e+00 	0.000000e+00 	0.000000e+00 	0.000000e+00 		11 12 13 15 16 20 21 22 23 24 31 -1 -1 -1 -1 -1 -1 -1 -1 -1 -1 -1 -1 -1 -1 
1.487579e-25 	9.175822e-25 	-5.168209e-23 	2.377005e-22 	-5.168209e-23 	-1.635914e-24 	1.487579e-25 	7.071708e-24 	9.175822e-25 	0.000000e+00 	0.000000e+00 	0.000000e+00 	0.000000e+00 	0.000000e+00 	0.000000e+00 	0.000000e+00 	0.000000e+00 	0.000000e+00 	0.000000e+00 	0.000000e+00 	0.000000e+00 	0.000000e+00 	0.000000e+00 	0.000000e+00 	0.000000e+00 		14 16 18 19 20 21 22 30 33 -1 -1 -1 -1 -1 -1 -1 -1 -1 -1 -1 -1 -1 -1 -1 -1 
9.175822e-25 	7.071708e-24 	2.377005e-22 	9.175822e-25 	1.487579e-25 	-1.635914e-24 	-5.168209e-23 	2.377005e-22 	-5.168209e-23 	-1.635914e-24 	1.487579e-25 	7.071708e-24 	9.175822e-25 	0.000000e+00 	0.000000e+00 	0.000000e+00 	0.000000e+00 	0.000000e+00 	0.000000e+00 	0.000000e+00 	0.000000e+00 	0.000000e+00 	0.000000e+00 	0.000000e+00 	0.000000e+00 		12 13 14 15 19 20 21 22 23 24 25 31 34 -1 -1 -1 -1 -1 -1 -1 -1 -1 -1 -1 -1 
1.487579e-25 	-1.635914e-24 	-5.168209e-23 	2.377005e-22 	-5.168209e-23 	7.071708e-24 	9.175822e-25 	0.000000e+00 	0.000000e+00 	0.000000e+00 	0.000000e+00 	0.000000e+00 	0.000000e+00 	0.000000e+00 	0.000000e+00 	0.000000e+00 	0.000000e+00 	0.000000e+00 	0.000000e+00 	0.000000e+00 	0.000000e+00 	0.000000e+00 	0.000000e+00 	0.000000e+00 	0.000000e+00 		25 26 27 28 29 32 36 -1 -1 -1 -1 -1 -1 -1 -1 -1 -1 -1 -1 -1 -1 -1 -1 -1 -1 
-5.168209e-23 	2.377005e-22 	7.071708e-24 	9.175822e-25 	-5.168209e-23 	-1.635914e-24 	1.487579e-25 	0.000000e+00 	0.000000e+00 	0.000000e+00 	0.000000e+00 	0.000000e+00 	0.000000e+00 	0.000000e+00 	0.000000e+00 	0.000000e+00 	0.000000e+00 	0.000000e+00 	0.000000e+00 	0.000000e+00 	0.000000e+00 	0.000000e+00 	0.000000e+00 	0.000000e+00 	0.000000e+00 		15 19 20 21 30 33 38 -1 -1 -1 -1 -1 -1 -1 -1 -1 -1 -1 -1 -1 -1 -1 -1 -1 -1 
2.377005e-22 	1.487579e-25 	2.377005e-22 	2.377005e-22 	7.071708e-24 	9.175822e-25 	2.377005e-22 	1.487579e-25 	7.071708e-24 	9.175822e-25 	0.000000e+00 	0.000000e+00 	0.000000e+00 	0.000000e+00 	0.000000e+00 	0.000000e+00 	0.000000e+00 	0.000000e+00 	0.000000e+00 	0.000000e+00 	0.000000e+00 	0.000000e+00 	0.000000e+00 	0.000000e+00 	0.000000e+00 		15 16 18 20 21 22 30 31 33 38 -1 -1 -1 -1 -1 -1 -1 -1 -1 -1 -1 -1 -1 -1 -1 
-1.477105e-24 	-5.168209e-23 	-1.635914e-24 	7.071708e-24 	2.377005e-22 	2.377005e-22 	7.071708e-24 	9.175822e-25 	-5.168209e-23 	-1.635914e-24 	-1.635914e-24 	-1.477105e-24 	1.487579e-25 	0.000000e+00 	0.000000e+00 	0.000000e+00 	0.000000e+00 	0.000000e+00 	0.000000e+00 	0.000000e+00 	0.000000e+00 	0.000000e+00 	0.000000e+00 	0.000000e+00 	0.000000e+00 		14 15 16 18 19 21 22 23 30 31 33 34 38 -1 -1 -1 -1 -1 -1 -1 -1 -1 -1 -1 -1 
1.487579e-25 	-1.635914e-24 	-1.635914e-24 	-5.168209e-23 	9.175822e-25 	7.071708e-24 	2.377005e-22 	2.377005e-22 	7.071708e-24 	9.175822e-25 	-1.635914e-24 	-5.168209e-23 	-1.477105e-24 	-1.635914e-24 	0.000000e+00 	0.000000e+00 	0.000000e+00 	0.000000e+00 	0.000000e+00 	0.000000e+00 	0.000000e+00 	0.000000e+00 	0.000000e+00 	0.000000e+00 	0.000000e+00 		13 14 15 16 18 19 20 22 23 24 30 31 33 34 -1 -1 -1 -1 -1 -1 -1 -1 -1 -1 -1 
9.175822e-25 	7.071708e-24 	1.487579e-25 	2.377005e-22 	9.175822e-25 	7.071708e-24 	2.377005e-22 	2.377005e-22 	7.071708e-24 	9.175822e-25 	1.487579e-25 	2.377005e-22 	7.071708e-24 	0.000000e+00 	0.000000e+00 	0.000000e+00 	0.000000e+00 	0.000000e+00 	0.000000e+00 	0.000000e+00 	0.000000e+00 	0.000000e+00 	0.000000e+00 	0.000000e+00 	0.000000e+00 		13 14 15 16 19 20 21 23 24 25 30 31 34 -1 -1 -1 -1 -1 -1 -1 -1 -1 -1 -1 -1 
1.487579e-25 	-1.635914e-24 	-5.168209e-23 	9.175822e-25 	7.071708e-24 	2.377005e-22 	2.377005e-22 	7.071708e-24 	9.175822e-25 	-5.168209e-23 	-1.635914e-24 	-1.477105e-24 	1.487579e-25 	0.000000e+00 	0.000000e+00 	0.000000e+00 	0.000000e+00 	0.000000e+00 	0.000000e+00 	0.000000e+00 	0.000000e+00 	0.000000e+00 	0.000000e+00 	0.000000e+00 	0.000000e+00 		13 14 16 20 21 22 24 25 26 31 34 35 39 -1 -1 -1 -1 -1 -1 -1 -1 -1 -1 -1 -1 
-1.477105e-24 	-1.635914e-24 	9.175822e-25 	7.071708e-24 	2.377005e-22 	2.377005e-22 	7.071708e-24 	9.175822e-25 	-1.635914e-24 	-1.477105e-24 	-1.635914e-24 	9.175822e-25 	1.487579e-25 	0.000000e+00 	0.000000e+00 	0.000000e+00 	0.000000e+00 	0.000000e+00 	0.000000e+00 	0.000000e+00 	0.000000e+00 	0.000000e+00 	0.000000e+00 	0.000000e+00 	0.000000e+00 		14 16 21 22 23 25 26 27 31 34 35 39 40 -1 -1 -1 -1 -1 -1 -1 -1 -1 -1 -1 -1 
1.487579e-25 	1.487579e-25 	9.175822e-25 	7.071708e-24 	2.377005e-22 	2.377005e-22 	7.071708e-24 	9.175822e-25 	1.487579e-25 	1.487579e-25 	7.071708e-24 	1.487579e-25 	9.175822e-25 	1.487579e-25 	0.000000e+00 	0.000000e+00 	0.000000e+00 	0.000000e+00 	0.000000e+00 	0.000000e+00 	0.000000e+00 	0.000000e+00 	0.000000e+00 	0.000000e+00 	0.000000e+00 		16 17 22 23 24 26 27 28 31 32 35 39 40 41 -1 -1 -1 -1 -1 -1 -1 -1 -1 -1 -1 
-1.635914e-24 	9.175822e-25 	7.071708e-24 	2.377005e-22 	2.377005e-22 	7.071708e-24 	9.175822e-25 	-1.635914e-24 	-1.635914e-24 	-1.477105e-24 	1.487579e-25 	9.175822e-25 	1.487579e-25 	0.000000e+00 	0.000000e+00 	0.000000e+00 	0.000000e+00 	0.000000e+00 	0.000000e+00 	0.000000e+00 	0.000000e+00 	0.000000e+00 	0.000000e+00 	0.000000e+00 	0.000000e+00 		17 23 24 25 27 28 29 32 35 36 40 41 42 -1 -1 -1 -1 -1 -1 -1 -1 -1 -1 -1 -1 
-5.168209e-23 	9.175822e-25 	7.071708e-24 	2.377005e-22 	2.377005e-22 	7.071708e-24 	-5.168209e-23 	-1.477105e-24 	-1.635914e-24 	1.487579e-25 	9.175822e-25 	1.487579e-25 	0.000000e+00 	0.000000e+00 	0.000000e+00 	0.000000e+00 	0.000000e+00 	0.000000e+00 	0.000000e+00 	0.000000e+00 	0.000000e+00 	0.000000e+00 	0.000000e+00 	0.000000e+00 	0.000000e+00 		17 24 25 26 28 29 32 35 36 41 42 43 -1 -1 -1 -1 -1 -1 -1 -1 -1 -1 -1 -1 -1 
2.377005e-22 	9.175822e-25 	7.071708e-24 	2.377005e-22 	2.377005e-22 	2.377005e-22 	7.071708e-24 	1.487579e-25 	9.175822e-25 	1.487579e-25 	0.000000e+00 	0.000000e+00 	0.000000e+00 	0.000000e+00 	0.000000e+00 	0.000000e+00 	0.000000e+00 	0.000000e+00 	0.000000e+00 	0.000000e+00 	0.000000e+00 	0.000000e+00 	0.000000e+00 	0.000000e+00 	0.000000e+00 		17 25 26 27 29 32 36 42 43 44 -1 -1 -1 -1 -1 -1 -1 -1 -1 -1 -1 -1 -1 -1 -1 
-5.168209e-23 	9.175822e-25 	7.071708e-24 	2.377005e-22 	-5.168209e-23 	-1.635914e-24 	-1.477105e-24 	1.487579e-25 	9.175822e-25 	1.487579e-25 	0.000000e+00 	0.000000e+00 	0.000000e+00 	0.000000e+00 	0.000000e+00 	0.000000e+00 	0.000000e+00 	0.000000e+00 	0.000000e+00 	0.000000e+00 	0.000000e+00 	0.000000e+00 	0.000000e+00 	0.000000e+00 	0.000000e+00 		17 26 27 28 32 36 37 43 44 45 -1 -1 -1 -1 -1 -1 -1 -1 -1 -1 -1 -1 -1 -1 -1 
7.071708e-24 	-5.168209e-23 	2.377005e-22 	-5.168209e-23 	-1.635914e-24 	1.487579e-25 	9.175822e-25 	2.377005e-22 	1.487579e-25 	7.071708e-24 	9.175822e-25 	0.000000e+00 	0.000000e+00 	0.000000e+00 	0.000000e+00 	0.000000e+00 	0.000000e+00 	0.000000e+00 	0.000000e+00 	0.000000e+00 	0.000000e+00 	0.000000e+00 	0.000000e+00 	0.000000e+00 	0.000000e+00 		15 18 19 20 21 22 31 33 34 38 48 -1 -1 -1 -1 -1 -1 -1 -1 -1 -1 -1 -1 -1 -1 
9.175822e-25 	7.071708e-24 	1.487579e-25 	-1.635914e-24 	-5.168209e-23 	2.377005e-22 	-5.168209e-23 	-1.635914e-24 	1.487579e-25 	9.175822e-25 	1.487579e-25 	2.377005e-22 	1.487579e-25 	-1.477105e-24 	0.000000e+00 	0.000000e+00 	0.000000e+00 	0.000000e+00 	0.000000e+00 	0.000000e+00 	0.000000e+00 	0.000000e+00 	0.000000e+00 	0.000000e+00 	0.000000e+00 		14 16 19 20 21 22 23 24 25 30 33 34 35 39 -1 -1 -1 -1 -1 -1 -1 -1 -1 -1 -1 
7.071708e-24 	1.487579e-25 	-1.635914e-24 	-5.168209e-23 	2.377005e-22 	-5.168209e-23 	1.487579e-25 	2.377005e-22 	1.487579e-25 	-1.477105e-24 	-1.635914e-24 	7.071708e-24 	-1.635914e-24 	-1.477105e-24 	9.175822e-25 	0.000000e+00 	0.000000e+00 	0.000000e+00 	0.000000e+00 	0.000000e+00 	0.000000e+00 	0.000000e+00 	0.000000e+00 	0.000000e+00 	0.000000e+00 		17 25 26 27 28 29 35 36 37 41 42 43 44 45 50 -1 -1 -1 -1 -1 -1 -1 -1 -1 -1 
9.175822e-25 	-1.635914e-24 	7.071708e-24 	-1.635914e-24 	-1.477105e-24 	2.377005e-22 	1.487579e-25 	9.175822e-25 	2.377005e-22 	7.071708e-24 	9.175822e-25 	0.000000e+00 	0.000000e+00 	0.000000e+00 	0.000000e+00 	0.000000e+00 	0.000000e+00 	0.000000e+00 	0.000000e+00 	0.000000e+00 	0.000000e+00 	0.000000e+00 	0.000000e+00 	0.000000e+00 	0.000000e+00 		15 18 19 20 21 30 31 34 38 48 53 -1 -1 -1 -1 -1 -1 -1 -1 -1 -1 -1 -1 -1 -1 
9.175822e-25 	-1.477105e-24 	-1.635914e-24 	7.071708e-24 	-1.635914e-24 	-1.477105e-24 	1.487579e-25 	2.377005e-22 	9.175822e-25 	9.175822e-25 	1.487579e-25 	-1.635914e-24 	1.487579e-25 	9.175822e-25 	0.000000e+00 	0.000000e+00 	0.000000e+00 	0.000000e+00 	0.000000e+00 	0.000000e+00 	0.000000e+00 	0.000000e+00 	0.000000e+00 	0.000000e+00 	0.000000e+00 		-1 -1 -1 -1 -1 -1 -1 -1 -1 -1 -1 -1 -1 -1 -1 -1 -1 -1 -1 -1 -1 -1 -1 -1 -1 
-1.477105e-24 	-1.635914e-24 	7.071708e-24 	-1.635914e-24 	-1.477105e-24 	1.487579e-25 	1.487579e-25 	9.175822e-25 	9.175822e-25 	-5.168209e-23 	2.377005e-22 	-5.168209e-23 	-1.635914e-24 	1.487579e-25 	7.071708e-24 	9.175822e-25 	0.000000e+00 	0.000000e+00 	0.000000e+00 	0.000000e+00 	0.000000e+00 	0.000000e+00 	0.000000e+00 	0.000000e+00 	0.000000e+00 		23 24 25 26 27 31 32 34 36 39 40 41 42 43 49 55 -1 -1 -1 -1 -1 -1 -1 -1 -1 
9.175822e-25 	-1.477105e-24 	-1.635914e-24 	7.071708e-24 	-1.635914e-24 	2.377005e-22 	9.175822e-25 	9.175822e-25 	1.487579e-25 	-1.635914e-24 	-5.168209e-23 	2.377005e-22 	-5.168209e-23 	-1.635914e-24 	1.487579e-25 	7.071708e-24 	9.175822e-25 	0.000000e+00 	0.000000e+00 	0.000000e+00 	0.000000e+00 	0.000000e+00 	0.000000e+00 	0.000000e+00 	0.000000e+00 		17 26 27 28 29 32 35 37 40 41 42 43 44 45 46 50 56 -1 -1 -1 -1 -1 -1 -1 -1 
-1.477105e-24 	1.487579e-25 	9.175822e-25 	1.487579e-25 	-1.635914e-24 	-5.168209e-23 	2.377005e-22 	-5.168209e-23 	7.071708e-24 	1.487579e-25 	1.487579e-25 	0.000000e+00 	0.000000e+00 	0.000000e+00 	0.000000e+00 	0.000000e+00 	0.000000e+00 	0.000000e+00 	0.000000e+00 	0.000000e+00 	0.000000e+00 	0.000000e+00 	0.000000e+00 	0.000000e+00 	0.000000e+00 		29 32 36 43 44 45 46 47 51 57 58 -1 -1 -1 -1 -1 -1 -1 -1 -1 -1 -1 -1 -1 -1 
1.487579e-25 	9.175822e-25 	1.487579e-25 	7.071708e-24 	2.377005e-22 	1.487579e-25 	2.377005e-22 	7.071708e-24 	1.487579e-25 	9.175822e-25 	1.487579e-25 	0.000000e+00 	0.000000e+00 	0.000000e+00 	0.000000e+00 	0.000000e+00 	0.000000e+00 	0.000000e+00 	0.000000e+00 	0.000000e+00 	0.000000e+00 	0.000000e+00 	0.000000e+00 	0.000000e+00 	0.000000e+00 		18 19 20 30 33 34 48 53 62 63 64 -1 -1 -1 -1 -1 -1 -1 -1 -1 -1 -1 -1 -1 -1 
1.487579e-25 	9.175822e-25 	1.487579e-25 	-1.477105e-24 	-1.635914e-24 	-5.168209e-23 	2.377005e-22 	7.071708e-24 	9.175822e-25 	-5.168209e-23 	-1.477105e-24 	-1.635914e-24 	1.487579e-25 	1.487579e-25 	0.000000e+00 	0.000000e+00 	0.000000e+00 	0.000000e+00 	0.000000e+00 	0.000000e+00 	0.000000e+00 	0.000000e+00 	0.000000e+00 	0.000000e+00 	0.000000e+00 		23 24 25 31 34 35 40 41 42 49 54 55 67 68 -1 -1 -1 -1 -1 -1 -1 -1 -1 -1 -1 
1.487579e-25 	9.175822e-25 	1.487579e-25 	1.487579e-25 	2.377005e-22 	1.487579e-25 	2.377005e-22 	2.377005e-22 	7.071708e-24 	9.175822e-25 	2.377005e-22 	1.487579e-25 	7.071708e-24 	9.175822e-25 	0.000000e+00 	0.000000e+00 	0.000000e+00 	0.000000e+00 	0.000000e+00 	0.000000e+00 	0.000000e+00 	0.000000e+00 	0.000000e+00 	0.000000e+00 	0.000000e+00 		24 25 26 34 35 36 39 41 42 43 49 50 55 68 -1 -1 -1 -1 -1 -1 -1 -1 -1 -1 -1 
1.487579e-25 	9.175822e-25 	1.487579e-25 	-1.477105e-24 	-5.168209e-23 	-1.635914e-24 	7.071708e-24 	2.377005e-22 	2.377005e-22 	7.071708e-24 	9.175822e-25 	-5.168209e-23 	-1.635914e-24 	-1.635914e-24 	-1.477105e-24 	1.487579e-25 	0.000000e+00 	0.000000e+00 	0.000000e+00 	0.000000e+00 	0.000000e+00 	0.000000e+00 	0.000000e+00 	0.000000e+00 	0.000000e+00 		25 26 27 32 35 36 39 40 42 43 44 49 50 55 56 68 -1 -1 -1 -1 -1 -1 -1 -1 -1 
1.487579e-25 	9.175822e-25 	1.487579e-25 	-1.635914e-24 	-1.635914e-24 	-5.168209e-23 	9.175822e-25 	7.071708e-24 	2.377005e-22 	2.377005e-22 	7.071708e-24 	9.175822e-25 	-1.635914e-24 	-5.168209e-23 	-1.477105e-24 	-1.635914e-24 	0.000000e+00 	0.000000e+00 	0.000000e+00 	0.000000e+00 	0.000000e+00 	0.000000e+00 	0.000000e+00 	0.000000e+00 	0.000000e+00 		26 27 28 32 35 36 39 40 41 43 44 45 49 50 55 56 -1 -1 -1 -1 -1 -1 -1 -1 -1 
1.487579e-25 	9.175822e-25 	1.487579e-25 	7.071708e-24 	1.487579e-25 	2.377005e-22 	1.487579e-25 	9.175822e-25 	7.071708e-24 	2.377005e-22 	2.377005e-22 	7.071708e-24 	9.175822e-25 	1.487579e-25 	2.377005e-22 	1.487579e-25 	7.071708e-24 	-1.477105e-24 	0.000000e+00 	0.000000e+00 	0.000000e+00 	0.000000e+00 	0.000000e+00 	0.000000e+00 	0.000000e+00 		27 28 29 32 35 36 37 40 41 42 44 45 46 49 50 51 56 57 -1 -1 -1 -1 -1 -1 -1 
1.487579e-25 	9.175822e-25 	-1.635914e-24 	-5.168209e-23 	-1.635914e-24 	9.175822e-25 	7.071708e-24 	2.377005e-22 	2.377005e-22 	7.071708e-24 	9.175822e-25 	-5.168209e-23 	-1.635914e-24 	-1.635914e-24 	-1.635914e-24 	1.487579e-25 	0.000000e+00 	0.000000e+00 	0.000000e+00 	0.000000e+00 	0.000000e+00 	0.000000e+00 	0.000000e+00 	0.000000e+00 	0.000000e+00 		28 29 32 36 37 41 42 43 45 46 47 50 51 56 57 69 -1 -1 -1 -1 -1 -1 -1 -1 -1 
1.487579e-25 	-1.477105e-24 	-1.635914e-24 	-5.168209e-23 	9.175822e-25 	7.071708e-24 	2.377005e-22 	2.377005e-22 	7.071708e-24 	-1.635914e-24 	-5.168209e-23 	-1.477105e-24 	7.071708e-24 	-1.477105e-24 	9.175822e-25 	1.487579e-25 	0.000000e+00 	0.000000e+00 	0.000000e+00 	0.000000e+00 	0.000000e+00 	0.000000e+00 	0.000000e+00 	0.000000e+00 	0.000000e+00 		29 32 36 37 42 43 44 46 47 50 51 56 57 58 69 70 -1 -1 -1 -1 -1 -1 -1 -1 -1 
1.487579e-25 	2.377005e-22 	9.175822e-25 	7.071708e-24 	2.377005e-22 	2.377005e-22 	1.487579e-25 	2.377005e-22 	-1.635914e-24 	-1.635914e-24 	1.487579e-25 	9.175822e-25 	1.487579e-25 	0.000000e+00 	0.000000e+00 	0.000000e+00 	0.000000e+00 	0.000000e+00 	0.000000e+00 	0.000000e+00 	0.000000e+00 	0.000000e+00 	0.000000e+00 	0.000000e+00 	0.000000e+00 		36 37 43 44 45 47 50 51 57 58 69 70 71 -1 -1 -1 -1 -1 -1 -1 -1 -1 -1 -1 -1 
-5.168209e-23 	9.175822e-25 	7.071708e-24 	2.377005e-22 	-5.168209e-23 	-1.477105e-24 	7.071708e-24 	1.487579e-25 	9.175822e-25 	0.000000e+00 	0.000000e+00 	0.000000e+00 	0.000000e+00 	0.000000e+00 	0.000000e+00 	0.000000e+00 	0.000000e+00 	0.000000e+00 	0.000000e+00 	0.000000e+00 	0.000000e+00 	0.000000e+00 	0.000000e+00 	0.000000e+00 	0.000000e+00 		37 44 45 46 51 57 58 70 71 -1 -1 -1 -1 -1 -1 -1 -1 -1 -1 -1 -1 -1 -1 -1 -1 
9.175822e-25 	7.071708e-24 	2.377005e-22 	1.487579e-25 	2.377005e-22 	1.487579e-25 	-1.477105e-24 	-1.635914e-24 	7.071708e-24 	-1.635914e-24 	-1.477105e-24 	9.175822e-25 	0.000000e+00 	0.000000e+00 	0.000000e+00 	0.000000e+00 	0.000000e+00 	0.000000e+00 	0.000000e+00 	0.000000e+00 	0.000000e+00 	0.000000e+00 	0.000000e+00 	0.000000e+00 	0.000000e+00 		30 33 38 52 53 54 61 62 63 64 65 73 -1 -1 -1 -1 -1 -1 -1 -1 -1 -1 -1 -1 -1 
7.071708e-24 	-5.168209e-23 	2.377005e-22 	-5.168209e-23 	-1.635914e-24 	1.487579e-25 	9.175822e-25 	1.487579e-25 	2.377005e-22 	1.487579e-25 	-1.477105e-24 	7.071708e-24 	9.175822e-25 	0.000000e+00 	0.000000e+00 	0.000000e+00 	0.000000e+00 	0.000000e+00 	0.000000e+00 	0.000000e+00 	0.000000e+00 	0.000000e+00 	0.000000e+00 	0.000000e+00 	0.000000e+00 		35 39 40 41 42 43 50 54 55 56 67 68 75 -1 -1 -1 -1 -1 -1 -1 -1 -1 -1 -1 -1 
9.175822e-25 	7.071708e-24 	1.487579e-25 	-1.635914e-24 	-5.168209e-23 	2.377005e-22 	-5.168209e-23 	-1.635914e-24 	1.487579e-25 	9.175822e-25 	9.175822e-25 	1.487579e-25 	2.377005e-22 	-1.635914e-24 	-1.477105e-24 	0.000000e+00 	0.000000e+00 	0.000000e+00 	0.000000e+00 	0.000000e+00 	0.000000e+00 	0.000000e+00 	0.000000e+00 	0.000000e+00 	0.000000e+00 		32 36 40 41 42 43 44 45 46 49 51 55 56 57 69 -1 -1 -1 -1 -1 -1 -1 -1 -1 -1 
7.071708e-24 	1.487579e-25 	-1.635914e-24 	-5.168209e-23 	2.377005e-22 	-5.168209e-23 	9.175822e-25 	1.487579e-25 	-5.168209e-23 	-5.168209e-23 	-1.635914e-24 	7.071708e-24 	-1.635914e-24 	9.175822e-25 	0.000000e+00 	0.000000e+00 	0.000000e+00 	0.000000e+00 	0.000000e+00 	0.000000e+00 	0.000000e+00 	0.000000e+00 	0.000000e+00 	0.000000e+00 	0.000000e+00 		37 43 44 45 46 47 50 56 57 58 69 70 71 76 -1 -1 -1 -1 -1 -1 -1 -1 -1 -1 -1 
1.487579e-25 	9.175822e-25 	-5.168209e-23 	2.377005e-22 	-5.168209e-23 	-1.635914e-24 	1.487579e-25 	7.071708e-24 	9.175822e-25 	0.000000e+00 	0.000000e+00 	0.000000e+00 	0.000000e+00 	0.000000e+00 	0.000000e+00 	0.000000e+00 	0.000000e+00 	0.000000e+00 	0.000000e+00 	0.000000e+00 	0.000000e+00 	0.000000e+00 	0.000000e+00 	0.000000e+00 	0.000000e+00 		48 53 59 60 61 62 63 72 77 -1 -1 -1 -1 -1 -1 -1 -1 -1 -1 -1 -1 -1 -1 -1 -1 
9.175822e-25 	7.071708e-24 	2.377005e-22 	9.175822e-25 	9.175822e-25 	1.487579e-25 	-1.635914e-24 	-5.168209e-23 	2.377005e-22 	-5.168209e-23 	-1.635914e-24 	1.487579e-25 	7.071708e-24 	9.175822e-25 	0.000000e+00 	0.000000e+00 	0.000000e+00 	0.000000e+00 	0.000000e+00 	0.000000e+00 	0.000000e+00 	0.000000e+00 	0.000000e+00 	0.000000e+00 	0.000000e+00 		33 38 48 52 54 60 61 62 63 64 65 66 73 78 -1 -1 -1 -1 -1 -1 -1 -1 -1 -1 -1 
9.175822e-25 	-1.477105e-24 	1.487579e-25 	1.487579e-25 	9.175822e-25 	9.175822e-25 	1.487579e-25 	-1.635914e-24 	-5.168209e-23 	2.377005e-22 	-5.168209e-23 	1.487579e-25 	7.071708e-24 	9.175822e-25 	0.000000e+00 	0.000000e+00 	0.000000e+00 	0.000000e+00 	0.000000e+00 	0.000000e+00 	0.000000e+00 	0.000000e+00 	0.000000e+00 	0.000000e+00 	0.000000e+00 		34 39 48 49 53 55 63 64 65 66 67 68 74 79 -1 -1 -1 -1 -1 -1 -1 -1 -1 -1 -1 
9.175822e-25 	-1.635914e-24 	7.071708e-24 	-1.635914e-24 	-1.477105e-24 	2.377005e-22 	1.487579e-25 	9.175822e-25 	9.175822e-25 	1.487579e-25 	-1.635914e-24 	2.377005e-22 	7.071708e-24 	9.175822e-25 	0.000000e+00 	0.000000e+00 	0.000000e+00 	0.000000e+00 	0.000000e+00 	0.000000e+00 	0.000000e+00 	0.000000e+00 	0.000000e+00 	0.000000e+00 	0.000000e+00 		35 39 40 41 42 49 50 54 56 66 67 68 75 80 -1 -1 -1 -1 -1 -1 -1 -1 -1 -1 -1 
9.175822e-25 	-1.477105e-24 	-1.635914e-24 	7.071708e-24 	-1.635914e-24 	-1.477105e-24 	1.487579e-25 	2.377005e-22 	1.487579e-25 	9.175822e-25 	7.071708e-24 	1.487579e-25 	-1.635914e-24 	1.487579e-25 	0.000000e+00 	0.000000e+00 	0.000000e+00 	0.000000e+00 	0.000000e+00 	0.000000e+00 	0.000000e+00 	0.000000e+00 	0.000000e+00 	0.000000e+00 	0.000000e+00 		-1 -1 -1 -1 -1 -1 -1 -1 -1 -1 -1 -1 -1 -1 -1 -1 -1 -1 -1 -1 -1 -1 -1 -1 -1 
1.487579e-25 	-1.477105e-24 	-1.635914e-24 	7.071708e-24 	-1.635914e-24 	-1.477105e-24 	-1.635914e-24 	-5.168209e-23 	7.071708e-24 	7.071708e-24 	2.377005e-22 	-5.168209e-23 	-1.635914e-24 	-1.635914e-24 	1.487579e-25 	0.000000e+00 	0.000000e+00 	0.000000e+00 	0.000000e+00 	0.000000e+00 	0.000000e+00 	0.000000e+00 	0.000000e+00 	0.000000e+00 	0.000000e+00 		37 43 44 45 46 47 50 51 56 58 69 70 71 76 81 -1 -1 -1 -1 -1 -1 -1 -1 -1 -1 
1.487579e-25 	-1.477105e-24 	-1.635914e-24 	7.071708e-24 	-5.168209e-23 	7.071708e-24 	-1.635914e-24 	-5.168209e-23 	2.377005e-22 	-1.635914e-24 	1.487579e-25 	0.000000e+00 	0.000000e+00 	0.000000e+00 	0.000000e+00 	0.000000e+00 	0.000000e+00 	0.000000e+00 	0.000000e+00 	0.000000e+00 	0.000000e+00 	0.000000e+00 	0.000000e+00 	0.000000e+00 	0.000000e+00 		37 45 46 47 51 57 69 70 71 76 81 -1 -1 -1 -1 -1 -1 -1 -1 -1 -1 -1 -1 -1 -1 
-5.168209e-23 	2.377005e-22 	7.071708e-24 	9.175822e-25 	-5.168209e-23 	-1.635914e-24 	1.487579e-25 	0.000000e+00 	0.000000e+00 	0.000000e+00 	0.000000e+00 	0.000000e+00 	0.000000e+00 	0.000000e+00 	0.000000e+00 	0.000000e+00 	0.000000e+00 	0.000000e+00 	0.000000e+00 	0.000000e+00 	0.000000e+00 	0.000000e+00 	0.000000e+00 	0.000000e+00 	0.000000e+00 		52 60 61 62 72 77 82 -1 -1 -1 -1 -1 -1 -1 -1 -1 -1 -1 -1 -1 -1 -1 -1 -1 -1 
2.377005e-22 	1.487579e-25 	2.377005e-22 	2.377005e-22 	7.071708e-24 	9.175822e-25 	2.377005e-22 	1.487579e-25 	7.071708e-24 	9.175822e-25 	0.000000e+00 	0.000000e+00 	0.000000e+00 	0.000000e+00 	0.000000e+00 	0.000000e+00 	0.000000e+00 	0.000000e+00 	0.000000e+00 	0.000000e+00 	0.000000e+00 	0.000000e+00 	0.000000e+00 	0.000000e+00 	0.000000e+00 		52 53 59 61 62 63 72 73 77 82 -1 -1 -1 -1 -1 -1 -1 -1 -1 -1 -1 -1 -1 -1 -1 
-1.477105e-24 	-5.168209e-23 	-1.635914e-24 	7.071708e-24 	2.377005e-22 	2.377005e-22 	7.071708e-24 	9.175822e-25 	-5.168209e-23 	-1.635914e-24 	-1.635914e-24 	-1.477105e-24 	1.487579e-25 	0.000000e+00 	0.000000e+00 	0.000000e+00 	0.000000e+00 	0.000000e+00 	0.000000e+00 	0.000000e+00 	0.000000e+00 	0.000000e+00 	0.000000e+00 	0.000000e+00 	0.000000e+00 		48 52 53 59 60 62 63 64 72 73 77 78 82 -1 -1 -1 -1 -1 -1 -1 -1 -1 -1 -1 -1 
1.487579e-25 	-1.635914e-24 	-1.635914e-24 	-5.168209e-23 	9.175822e-25 	7.071708e-24 	2.377005e-22 	2.377005e-22 	7.071708e-24 	9.175822e-25 	-1.635914e-24 	-5.168209e-23 	-1.477105e-24 	-1.635914e-24 	0.000000e+00 	0.000000e+00 	0.000000e+00 	0.000000e+00 	0.000000e+00 	0.000000e+00 	0.000000e+00 	0.000000e+00 	0.000000e+00 	0.000000e+00 	0.000000e+00 		38 48 52 53 59 60 61 63 64 65 72 73 77 78 -1 -1 -1 -1 -1 -1 -1 -1 -1 -1 -1 
9.175822e-25 	7.071708e-24 	1.487579e-25 	2.377005e-22 	1.487579e-25 	9.175822e-25 	7.071708e-24 	2.377005e-22 	2.377005e-22 	7.071708e-24 	9.175822e-25 	1.487579e-25 	2.377005e-22 	1.487579e-25 	7.071708e-24 	0.000000e+00 	0.000000e+00 	0.000000e+00 	0.000000e+00 	0.000000e+00 	0.000000e+00 	0.000000e+00 	0.000000e+00 	0.000000e+00 	0.000000e+00 		38 48 52 53 54 60 61 62 64 65 66 72 73 74 78 -1 -1 -1 -1 -1 -1 -1 -1 -1 -1 
1.487579e-25 	-1.635914e-24 	-5.168209e-23 	-1.635914e-24 	9.175822e-25 	7.071708e-24 	2.377005e-22 	2.377005e-22 	7.071708e-24 	9.175822e-25 	-5.168209e-23 	-1.635914e-24 	-1.635914e-24 	-1.477105e-24 	0.000000e+00 	0.000000e+00 	0.000000e+00 	0.000000e+00 	0.000000e+00 	0.000000e+00 	0.000000e+00 	0.000000e+00 	0.000000e+00 	0.000000e+00 	0.000000e+00 		38 48 53 54 61 62 63 65 66 67 73 74 78 79 -1 -1 -1 -1 -1 -1 -1 -1 -1 -1 -1 
-1.477105e-24 	-1.635914e-24 	-5.168209e-23 	9.175822e-25 	7.071708e-24 	2.377005e-22 	2.377005e-22 	7.071708e-24 	-1.635914e-24 	-5.168209e-23 	-1.477105e-24 	-1.635914e-24 	1.487579e-25 	0.000000e+00 	0.000000e+00 	0.000000e+00 	0.000000e+00 	0.000000e+00 	0.000000e+00 	0.000000e+00 	0.000000e+00 	0.000000e+00 	0.000000e+00 	0.000000e+00 	0.000000e+00 		48 53 54 62 63 64 66 67 73 74 78 79 83 -1 -1 -1 -1 -1 -1 -1 -1 -1 -1 -1 -1 
1.487579e-25 	2.377005e-22 	1.487579e-25 	9.175822e-25 	7.071708e-24 	2.377005e-22 	2.377005e-22 	9.175822e-25 	1.487579e-25 	2.377005e-22 	1.487579e-25 	7.071708e-24 	9.175822e-25 	0.000000e+00 	0.000000e+00 	0.000000e+00 	0.000000e+00 	0.000000e+00 	0.000000e+00 	0.000000e+00 	0.000000e+00 	0.000000e+00 	0.000000e+00 	0.000000e+00 	0.000000e+00 		53 54 55 63 64 65 67 68 73 74 75 79 83 -1 -1 -1 -1 -1 -1 -1 -1 -1 -1 -1 -1 
1.487579e-25 	-1.477105e-24 	-5.168209e-23 	-1.635914e-24 	9.175822e-25 	7.071708e-24 	2.377005e-22 	7.071708e-24 	-5.168209e-23 	-1.635914e-24 	-1.635914e-24 	-1.477105e-24 	1.487579e-25 	0.000000e+00 	0.000000e+00 	0.000000e+00 	0.000000e+00 	0.000000e+00 	0.000000e+00 	0.000000e+00 	0.000000e+00 	0.000000e+00 	0.000000e+00 	0.000000e+00 	0.000000e+00 		39 49 54 55 64 65 66 68 74 75 79 80 83 -1 -1 -1 -1 -1 -1 -1 -1 -1 -1 -1 -1 
1.487579e-25 	9.175822e-25 	1.487579e-25 	7.071708e-24 	1.487579e-25 	2.377005e-22 	1.487579e-25 	9.175822e-25 	7.071708e-24 	1.487579e-25 	2.377005e-22 	7.071708e-24 	9.175822e-25 	0.000000e+00 	0.000000e+00 	0.000000e+00 	0.000000e+00 	0.000000e+00 	0.000000e+00 	0.000000e+00 	0.000000e+00 	0.000000e+00 	0.000000e+00 	0.000000e+00 	0.000000e+00 		39 40 41 49 54 55 56 66 67 74 75 80 84 -1 -1 -1 -1 -1 -1 -1 -1 -1 -1 -1 -1 
1.487579e-25 	9.175822e-25 	1.487579e-25 	-1.477105e-24 	-1.635914e-24 	-1.635914e-24 	2.377005e-22 	-1.635914e-24 	2.377005e-22 	7.071708e-24 	-5.168209e-23 	-1.635914e-24 	1.487579e-25 	0.000000e+00 	0.000000e+00 	0.000000e+00 	0.000000e+00 	0.000000e+00 	0.000000e+00 	0.000000e+00 	0.000000e+00 	0.000000e+00 	0.000000e+00 	0.000000e+00 	0.000000e+00 		44 45 46 50 51 56 57 58 70 71 76 81 85 -1 -1 -1 -1 -1 -1 -1 -1 -1 -1 -1 -1 
1.487579e-25 	9.175822e-25 	1.487579e-25 	7.071708e-24 	1.487579e-25 	-5.168209e-23 	-5.168209e-23 	2.377005e-22 	2.377005e-22 	2.377005e-22 	7.071708e-24 	9.175822e-25 	0.000000e+00 	0.000000e+00 	0.000000e+00 	0.000000e+00 	0.000000e+00 	0.000000e+00 	0.000000e+00 	0.000000e+00 	0.000000e+00 	0.000000e+00 	0.000000e+00 	0.000000e+00 	0.000000e+00 		45 46 47 51 56 57 58 69 71 76 81 85 -1 -1 -1 -1 -1 -1 -1 -1 -1 -1 -1 -1 -1 
1.487579e-25 	9.175822e-25 	-1.635914e-24 	-1.635914e-24 	2.377005e-22 	7.071708e-24 	2.377005e-22 	-5.168209e-23 	-1.635914e-24 	1.487579e-25 	0.000000e+00 	0.000000e+00 	0.000000e+00 	0.000000e+00 	0.000000e+00 	0.000000e+00 	0.000000e+00 	0.000000e+00 	0.000000e+00 	0.000000e+00 	0.000000e+00 	0.000000e+00 	0.000000e+00 	0.000000e+00 	0.000000e+00 		46 47 51 57 58 69 70 76 81 85 -1 -1 -1 -1 -1 -1 -1 -1 -1 -1 -1 -1 -1 -1 -1 
7.071708e-24 	-5.168209e-23 	2.377005e-22 	-5.168209e-23 	-1.635914e-24 	1.487579e-25 	9.175822e-25 	2.377005e-22 	1.487579e-25 	7.071708e-24 	9.175822e-25 	0.000000e+00 	0.000000e+00 	0.000000e+00 	0.000000e+00 	0.000000e+00 	0.000000e+00 	0.000000e+00 	0.000000e+00 	0.000000e+00 	0.000000e+00 	0.000000e+00 	0.000000e+00 	0.000000e+00 	0.000000e+00 		52 59 60 61 62 63 73 77 78 82 86 -1 -1 -1 -1 -1 -1 -1 -1 -1 -1 -1 -1 -1 -1 
9.175822e-25 	7.071708e-24 	1.487579e-25 	-1.635914e-24 	-5.168209e-23 	2.377005e-22 	-5.168209e-23 	-1.635914e-24 	1.487579e-25 	9.175822e-25 	9.175822e-25 	1.487579e-25 	2.377005e-22 	1.487579e-25 	0.000000e+00 	0.000000e+00 	0.000000e+00 	0.000000e+00 	0.000000e+00 	0.000000e+00 	0.000000e+00 	0.000000e+00 	0.000000e+00 	0.000000e+00 	0.000000e+00 		48 53 60 61 62 63 64 65 66 72 74 77 78 79 -1 -1 -1 -1 -1 -1 -1 -1 -1 -1 -1 
7.071708e-24 	1.487579e-25 	-1.635914e-24 	-5.168209e-23 	2.377005e-22 	-5.168209e-23 	1.487579e-25 	9.175822e-25 	9.175822e-25 	1.487579e-25 	2.377005e-22 	1.487579e-25 	7.071708e-24 	9.175822e-25 	0.000000e+00 	0.000000e+00 	0.000000e+00 	0.000000e+00 	0.000000e+00 	0.000000e+00 	0.000000e+00 	0.000000e+00 	0.000000e+00 	0.000000e+00 	0.000000e+00 		54 63 64 65 66 67 68 73 75 78 79 80 83 87 -1 -1 -1 -1 -1 -1 -1 -1 -1 -1 -1 
9.175822e-25 	7.071708e-24 	1.487579e-25 	-1.635914e-24 	2.377005e-22 	9.175822e-25 	1.487579e-25 	2.377005e-22 	7.071708e-24 	9.175822e-25 	0.000000e+00 	0.000000e+00 	0.000000e+00 	0.000000e+00 	0.000000e+00 	0.000000e+00 	0.000000e+00 	0.000000e+00 	0.000000e+00 	0.000000e+00 	0.000000e+00 	0.000000e+00 	0.000000e+00 	0.000000e+00 	0.000000e+00 		49 55 66 67 68 74 79 80 84 88 -1 -1 -1 -1 -1 -1 -1 -1 -1 -1 -1 -1 -1 -1 -1 
9.175822e-25 	-1.635914e-24 	-1.635914e-24 	-5.168209e-23 	2.377005e-22 	-5.168209e-23 	2.377005e-22 	7.071708e-24 	9.175822e-25 	0.000000e+00 	0.000000e+00 	0.000000e+00 	0.000000e+00 	0.000000e+00 	0.000000e+00 	0.000000e+00 	0.000000e+00 	0.000000e+00 	0.000000e+00 	0.000000e+00 	0.000000e+00 	0.000000e+00 	0.000000e+00 	0.000000e+00 	0.000000e+00 		51 57 58 69 70 71 81 85 89 -1 -1 -1 -1 -1 -1 -1 -1 -1 -1 -1 -1 -1 -1 -1 -1 
9.175822e-25 	-1.635914e-24 	7.071708e-24 	-1.635914e-24 	-1.477105e-24 	2.377005e-22 	1.487579e-25 	9.175822e-25 	2.377005e-22 	7.071708e-24 	9.175822e-25 	0.000000e+00 	0.000000e+00 	0.000000e+00 	0.000000e+00 	0.000000e+00 	0.000000e+00 	0.000000e+00 	0.000000e+00 	0.000000e+00 	0.000000e+00 	0.000000e+00 	0.000000e+00 	0.000000e+00 	0.000000e+00 		52 59 60 61 62 72 73 78 82 86 90 -1 -1 -1 -1 -1 -1 -1 -1 -1 -1 -1 -1 -1 -1 
9.175822e-25 	-1.477105e-24 	-1.635914e-24 	7.071708e-24 	-1.635914e-24 	-1.477105e-24 	1.487579e-25 	2.377005e-22 	1.487579e-25 	9.175822e-25 	9.175822e-25 	1.487579e-25 	1.487579e-25 	0.000000e+00 	0.000000e+00 	0.000000e+00 	0.000000e+00 	0.000000e+00 	0.000000e+00 	0.000000e+00 	0.000000e+00 	0.000000e+00 	0.000000e+00 	0.000000e+00 	0.000000e+00 		-1 -1 -1 -1 -1 -1 -1 -1 -1 -1 -1 -1 -1 -1 -1 -1 -1 -1 -1 -1 -1 -1 -1 -1 -1 
9.175822e-25 	-1.477105e-24 	-1.635914e-24 	7.071708e-24 	-1.635914e-24 	1.487579e-25 	2.377005e-22 	1.487579e-25 	9.175822e-25 	9.175822e-25 	2.377005e-22 	1.487579e-25 	7.071708e-24 	9.175822e-25 	0.000000e+00 	0.000000e+00 	0.000000e+00 	0.000000e+00 	0.000000e+00 	0.000000e+00 	0.000000e+00 	0.000000e+00 	0.000000e+00 	0.000000e+00 	0.000000e+00 		54 64 65 66 67 73 74 75 78 80 83 84 87 91 -1 -1 -1 -1 -1 -1 -1 -1 -1 -1 -1 
5.379668e-25 	9.175822e-25 	-1.477105e-24 	7.071708e-24 	1.487579e-25 	2.377005e-22 	9.175822e-25 	1.487579e-25 	2.377005e-22 	7.071708e-24 	9.175822e-25 	0.000000e+00 	0.000000e+00 	0.000000e+00 	0.000000e+00 	0.000000e+00 	0.000000e+00 	0.000000e+00 	0.000000e+00 	0.000000e+00 	0.000000e+00 	0.000000e+00 	0.000000e+00 	0.000000e+00 	0.000000e+00 		0 55 67 68 74 75 79 83 84 88 92 -1 -1 -1 -1 -1 -1 -1 -1 -1 -1 -1 -1 -1 -1 
1.487579e-25 	1.487579e-25 	-1.635914e-24 	7.071708e-24 	-1.635914e-24 	2.377005e-22 	2.377005e-22 	7.071708e-24 	9.175822e-25 	0.000000e+00 	0.000000e+00 	0.000000e+00 	0.000000e+00 	0.000000e+00 	0.000000e+00 	0.000000e+00 	0.000000e+00 	0.000000e+00 	0.000000e+00 	0.000000e+00 	0.000000e+00 	0.000000e+00 	0.000000e+00 	0.000000e+00 	0.000000e+00 		57 58 69 70 71 76 85 89 93 -1 -1 -1 -1 -1 -1 -1 -1 -1 -1 -1 -1 -1 -1 -1 -1 
1.487579e-25 	9.175822e-25 	1.487579e-25 	7.071708e-24 	2.377005e-22 	1.487579e-25 	2.377005e-22 	7.071708e-24 	9.175822e-25 	0.000000e+00 	0.000000e+00 	0.000000e+00 	0.000000e+00 	0.000000e+00 	0.000000e+00 	0.000000e+00 	0.000000e+00 	0.000000e+00 	0.000000e+00 	0.000000e+00 	0.000000e+00 	0.000000e+00 	0.000000e+00 	0.000000e+00 	0.000000e+00 		59 60 61 72 77 78 86 90 94 -1 -1 -1 -1 -1 -1 -1 -1 -1 -1 -1 -1 -1 -1 -1 -1 
1.487579e-25 	9.175822e-25 	1.487579e-25 	7.071708e-24 	1.487579e-25 	2.377005e-22 	1.487579e-25 	9.175822e-25 	2.377005e-22 	1.487579e-25 	7.071708e-24 	9.175822e-25 	0.000000e+00 	0.000000e+00 	0.000000e+00 	0.000000e+00 	0.000000e+00 	0.000000e+00 	0.000000e+00 	0.000000e+00 	0.000000e+00 	0.000000e+00 	0.000000e+00 	0.000000e+00 	0.000000e+00 		65 66 67 74 78 79 80 84 87 88 91 95 -1 -1 -1 -1 -1 -1 -1 -1 -1 -1 -1 -1 -1 
2.237886e-24 	5.379668e-25 	7.972997e-25 	9.175822e-25 	7.071708e-24 	1.487579e-25 	2.377005e-22 	9.175822e-25 	1.487579e-25 	2.377005e-22 	7.071708e-24 	9.175822e-25 	0.000000e+00 	0.000000e+00 	0.000000e+00 	0.000000e+00 	0.000000e+00 	0.000000e+00 	0.000000e+00 	0.000000e+00 	0.000000e+00 	0.000000e+00 	0.000000e+00 	0.000000e+00 	0.000000e+00 		0 1 9 68 75 79 80 83 87 88 92 96 -1 -1 -1 -1 -1 -1 -1 -1 -1 -1 -1 -1 -1 
1.487579e-25 	9.175822e-25 	1.487579e-25 	7.071708e-24 	2.377005e-22 	2.377005e-22 	7.071708e-24 	9.175822e-25 	0.000000e+00 	0.000000e+00 	0.000000e+00 	0.000000e+00 	0.000000e+00 	0.000000e+00 	0.000000e+00 	0.000000e+00 	0.000000e+00 	0.000000e+00 	0.000000e+00 	0.000000e+00 	0.000000e+00 	0.000000e+00 	0.000000e+00 	0.000000e+00 	0.000000e+00 		69 70 71 76 81 89 93 97 -1 -1 -1 -1 -1 -1 -1 -1 -1 -1 -1 -1 -1 -1 -1 -1 -1 
9.175822e-25 	7.071708e-24 	2.377005e-22 	2.377005e-22 	7.071708e-24 	9.175822e-25 	0.000000e+00 	0.000000e+00 	0.000000e+00 	0.000000e+00 	0.000000e+00 	0.000000e+00 	0.000000e+00 	0.000000e+00 	0.000000e+00 	0.000000e+00 	0.000000e+00 	0.000000e+00 	0.000000e+00 	0.000000e+00 	0.000000e+00 	0.000000e+00 	0.000000e+00 	0.000000e+00 	0.000000e+00 		72 77 82 90 94 98 -1 -1 -1 -1 -1 -1 -1 -1 -1 -1 -1 -1 -1 -1 -1 -1 -1 -1 -1 
9.175822e-25 	7.071708e-24 	2.377005e-22 	1.487579e-25 	9.175822e-25 	2.377005e-22 	1.487579e-25 	7.071708e-24 	9.175822e-25 	0.000000e+00 	0.000000e+00 	0.000000e+00 	0.000000e+00 	0.000000e+00 	0.000000e+00 	0.000000e+00 	0.000000e+00 	0.000000e+00 	0.000000e+00 	0.000000e+00 	0.000000e+00 	0.000000e+00 	0.000000e+00 	0.000000e+00 	0.000000e+00 		74 79 83 84 88 91 92 95 99 -1 -1 -1 -1 -1 -1 -1 -1 -1 -1 -1 -1 -1 -1 -1 -1 
5.644697e-24 	2.237886e-24 	5.379668e-25 	5.122359e-24 	9.175822e-25 	7.071708e-24 	1.487579e-25 	2.377005e-22 	9.175822e-25 	1.487579e-25 	2.377005e-22 	7.071708e-24 	9.175822e-25 	0.000000e+00 	0.000000e+00 	0.000000e+00 	0.000000e+00 	0.000000e+00 	0.000000e+00 	0.000000e+00 	0.000000e+00 	0.000000e+00 	0.000000e+00 	0.000000e+00 	0.000000e+00 		0 1 2 9 75 80 83 84 87 91 92 96 100 -1 -1 -1 -1 -1 -1 -1 -1 -1 -1 -1 -1 
9.175822e-25 	7.071708e-24 	2.377005e-22 	2.377005e-22 	7.071708e-24 	9.175822e-25 	0.000000e+00 	0.000000e+00 	0.000000e+00 	0.000000e+00 	0.000000e+00 	0.000000e+00 	0.000000e+00 	0.000000e+00 	0.000000e+00 	0.000000e+00 	0.000000e+00 	0.000000e+00 	0.000000e+00 	0.000000e+00 	0.000000e+00 	0.000000e+00 	0.000000e+00 	0.000000e+00 	0.000000e+00 		76 81 85 93 97 101 -1 -1 -1 -1 -1 -1 -1 -1 -1 -1 -1 -1 -1 -1 -1 -1 -1 -1 -1 
9.175822e-25 	7.071708e-24 	2.377005e-22 	2.377005e-22 	7.071708e-24 	9.175822e-25 	0.000000e+00 	0.000000e+00 	0.000000e+00 	0.000000e+00 	0.000000e+00 	0.000000e+00 	0.000000e+00 	0.000000e+00 	0.000000e+00 	0.000000e+00 	0.000000e+00 	0.000000e+00 	0.000000e+00 	0.000000e+00 	0.000000e+00 	0.000000e+00 	0.000000e+00 	0.000000e+00 	0.000000e+00 		77 82 86 94 98 102 -1 -1 -1 -1 -1 -1 -1 -1 -1 -1 -1 -1 -1 -1 -1 -1 -1 -1 -1 
5.379668e-25 	1.435935e-25 	9.175822e-25 	7.071708e-24 	2.377005e-22 	1.487579e-25 	9.175822e-25 	2.377005e-22 	1.487579e-25 	7.071708e-24 	9.175822e-25 	0.000000e+00 	0.000000e+00 	0.000000e+00 	0.000000e+00 	0.000000e+00 	0.000000e+00 	0.000000e+00 	0.000000e+00 	0.000000e+00 	0.000000e+00 	0.000000e+00 	0.000000e+00 	0.000000e+00 	0.000000e+00 		0 9 79 83 87 88 92 95 96 99 103 -1 -1 -1 -1 -1 -1 -1 -1 -1 -1 -1 -1 -1 -1 
-1.940165e-23 	5.644697e-24 	2.237886e-24 	5.379668e-25 	6.204916e-23 	9.175822e-25 	7.071708e-24 	1.487579e-25 	2.377005e-22 	9.175822e-25 	1.487579e-25 	2.377005e-22 	7.071708e-24 	0.000000e+00 	0.000000e+00 	0.000000e+00 	0.000000e+00 	0.000000e+00 	0.000000e+00 	0.000000e+00 	0.000000e+00 	0.000000e+00 	0.000000e+00 	0.000000e+00 	0.000000e+00 		0 1 2 3 9 80 84 87 88 91 95 96 100 -1 -1 -1 -1 -1 -1 -1 -1 -1 -1 -1 -1 
9.175822e-25 	7.071708e-24 	2.377005e-22 	2.377005e-22 	7.071708e-24 	9.175822e-25 	0.000000e+00 	0.000000e+00 	0.000000e+00 	0.000000e+00 	0.000000e+00 	0.000000e+00 	0.000000e+00 	0.000000e+00 	0.000000e+00 	0.000000e+00 	0.000000e+00 	0.000000e+00 	0.000000e+00 	0.000000e+00 	0.000000e+00 	0.000000e+00 	0.000000e+00 	0.000000e+00 	0.000000e+00 		81 85 89 97 101 105 -1 -1 -1 -1 -1 -1 -1 -1 -1 -1 -1 -1 -1 -1 -1 -1 -1 -1 -1 
9.175822e-25 	7.071708e-24 	2.377005e-22 	2.377005e-22 	7.071708e-24 	9.175822e-25 	0.000000e+00 	0.000000e+00 	0.000000e+00 	0.000000e+00 	0.000000e+00 	0.000000e+00 	0.000000e+00 	0.000000e+00 	0.000000e+00 	0.000000e+00 	0.000000e+00 	0.000000e+00 	0.000000e+00 	0.000000e+00 	0.000000e+00 	0.000000e+00 	0.000000e+00 	0.000000e+00 	0.000000e+00 		82 86 90 98 102 106 -1 -1 -1 -1 -1 -1 -1 -1 -1 -1 -1 -1 -1 -1 -1 -1 -1 -1 -1 
5.379668e-25 	7.972997e-25 	9.175822e-25 	7.071708e-24 	2.377005e-22 	1.487579e-25 	9.175822e-25 	2.377005e-22 	1.487579e-25 	7.071708e-24 	1.487579e-25 	9.175822e-25 	1.487579e-25 	0.000000e+00 	0.000000e+00 	0.000000e+00 	0.000000e+00 	0.000000e+00 	0.000000e+00 	0.000000e+00 	0.000000e+00 	0.000000e+00 	0.000000e+00 	0.000000e+00 	0.000000e+00 		1 9 83 87 91 92 96 99 100 103 107 108 109 -1 -1 -1 -1 -1 -1 -1 -1 -1 -1 -1 -1 
5.644697e-24 	-1.940165e-23 	5.644697e-24 	2.237886e-24 	5.379668e-25 	-2.967199e-22 	9.175822e-25 	7.071708e-24 	1.487579e-25 	2.377005e-22 	9.175822e-25 	1.487579e-25 	2.377005e-22 	1.487579e-25 	9.175822e-25 	1.487579e-25 	0.000000e+00 	0.000000e+00 	0.000000e+00 	0.000000e+00 	0.000000e+00 	0.000000e+00 	0.000000e+00 	0.000000e+00 	0.000000e+00 		0 1 2 3 4 9 84 88 91 92 95 99 100 110 111 112 -1 -1 -1 -1 -1 -1 -1 -1 -1 
9.175822e-25 	7.071708e-24 	2.377005e-22 	2.377005e-22 	7.071708e-24 	1.487579e-25 	9.175822e-25 	1.487579e-25 	0.000000e+00 	0.000000e+00 	0.000000e+00 	0.000000e+00 	0.000000e+00 	0.000000e+00 	0.000000e+00 	0.000000e+00 	0.000000e+00 	0.000000e+00 	0.000000e+00 	0.000000e+00 	0.000000e+00 	0.000000e+00 	0.000000e+00 	0.000000e+00 	0.000000e+00 		85 89 93 101 105 116 117 118 -1 -1 -1 -1 -1 -1 -1 -1 -1 -1 -1 -1 -1 -1 -1 -1 -1 
9.175822e-25 	7.071708e-24 	2.377005e-22 	2.377005e-22 	7.071708e-24 	9.175822e-25 	0.000000e+00 	0.000000e+00 	0.000000e+00 	0.000000e+00 	0.000000e+00 	0.000000e+00 	0.000000e+00 	0.000000e+00 	0.000000e+00 	0.000000e+00 	0.000000e+00 	0.000000e+00 	0.000000e+00 	0.000000e+00 	0.000000e+00 	0.000000e+00 	0.000000e+00 	0.000000e+00 	0.000000e+00 		86 90 94 102 106 119 -1 -1 -1 -1 -1 -1 -1 -1 -1 -1 -1 -1 -1 -1 -1 -1 -1 -1 -1 
5.379668e-25 	1.435935e-25 	9.175822e-25 	7.071708e-24 	2.377005e-22 	1.487579e-25 	9.175822e-25 	2.377005e-22 	-1.635914e-24 	7.071708e-24 	-1.635914e-24 	-1.477105e-24 	9.175822e-25 	0.000000e+00 	0.000000e+00 	0.000000e+00 	0.000000e+00 	0.000000e+00 	0.000000e+00 	0.000000e+00 	0.000000e+00 	0.000000e+00 	0.000000e+00 	0.000000e+00 	0.000000e+00 		2 9 87 91 95 96 100 103 107 108 109 110 120 -1 -1 -1 -1 -1 -1 -1 -1 -1 -1 -1 -1 
2.237886e-24 	5.644697e-24 	-1.940165e-23 	5.644697e-24 	2.237886e-24 	5.379668e-25 	6.204916e-23 	9.175822e-25 	7.071708e-24 	1.487579e-25 	2.377005e-22 	9.175822e-25 	1.487579e-25 	1.487579e-25 	-1.477105e-24 	-1.635914e-24 	7.071708e-24 	-1.635914e-24 	-1.477105e-24 	0.000000e+00 	0.000000e+00 	0.000000e+00 	0.000000e+00 	0.000000e+00 	0.000000e+00 		0 1 2 3 4 5 9 88 92 95 96 99 103 104 109 110 111 112 113 -1 -1 -1 -1 -1 -1 
9.175822e-25 	7.071708e-24 	2.377005e-22 	1.487579e-25 	2.377005e-22 	-1.477105e-24 	-1.635914e-24 	7.071708e-24 	-1.635914e-24 	9.175822e-25 	0.000000e+00 	0.000000e+00 	0.000000e+00 	0.000000e+00 	0.000000e+00 	0.000000e+00 	0.000000e+00 	0.000000e+00 	0.000000e+00 	0.000000e+00 	0.000000e+00 	0.000000e+00 	0.000000e+00 	0.000000e+00 	0.000000e+00 		89 93 97 104 105 115 116 117 118 122 -1 -1 -1 -1 -1 -1 -1 -1 -1 -1 -1 -1 -1 -1 -1 
9.175822e-25 	7.071708e-24 	2.377005e-22 	2.377005e-22 	7.071708e-24 	9.175822e-25 	0.000000e+00 	0.000000e+00 	0.000000e+00 	0.000000e+00 	0.000000e+00 	0.000000e+00 	0.000000e+00 	0.000000e+00 	0.000000e+00 	0.000000e+00 	0.000000e+00 	0.000000e+00 	0.000000e+00 	0.000000e+00 	0.000000e+00 	0.000000e+00 	0.000000e+00 	0.000000e+00 	0.000000e+00 		90 94 98 106 119 123 -1 -1 -1 -1 -1 -1 -1 -1 -1 -1 -1 -1 -1 -1 -1 -1 -1 -1 -1 
5.379668e-25 	9.175822e-25 	7.071708e-24 	2.377005e-22 	1.487579e-25 	-5.168209e-23 	2.377005e-22 	-5.168209e-23 	-1.635914e-24 	1.487579e-25 	7.071708e-24 	0.000000e+00 	0.000000e+00 	0.000000e+00 	0.000000e+00 	0.000000e+00 	0.000000e+00 	0.000000e+00 	0.000000e+00 	0.000000e+00 	0.000000e+00 	0.000000e+00 	0.000000e+00 	0.000000e+00 	0.000000e+00 		3 91 95 99 100 107 108 109 110 111 120 -1 -1 -1 -1 -1 -1 -1 -1 -1 -1 -1 -1 -1 -1 
5.379668e-25 	1.487579e-25 	1.487579e-25 	9.175822e-25 	1.487579e-25 	-1.635914e-24 	-5.168209e-23 	2.377005e-22 	-5.168209e-23 	-1.635914e-24 	1.487579e-25 	7.071708e-24 	9.175822e-25 	0.000000e+00 	0.000000e+00 	0.000000e+00 	0.000000e+00 	0.000000e+00 	0.000000e+00 	0.000000e+00 	0.000000e+00 	0.000000e+00 	0.000000e+00 	0.000000e+00 	0.000000e+00 		3 100 101 105 111 112 113 114 115 116 117 121 126 -1 -1 -1 -1 -1 -1 -1 -1 -1 -1 -1 -1 
9.175822e-25 	7.071708e-24 	2.377005e-22 	9.175822e-25 	1.487579e-25 	-1.635914e-24 	-5.168209e-23 	2.377005e-22 	-5.168209e-23 	7.071708e-24 	0.000000e+00 	0.000000e+00 	0.000000e+00 	0.000000e+00 	0.000000e+00 	0.000000e+00 	0.000000e+00 	0.000000e+00 	0.000000e+00 	0.000000e+00 	0.000000e+00 	0.000000e+00 	0.000000e+00 	0.000000e+00 	0.000000e+00 		93 97 101 104 114 115 116 117 118 122 -1 -1 -1 -1 -1 -1 -1 -1 -1 -1 -1 -1 -1 -1 -1 
9.175822e-25 	7.071708e-24 	2.377005e-22 	2.377005e-22 	7.071708e-24 	1.487579e-25 	9.175822e-25 	1.487579e-25 	0.000000e+00 	0.000000e+00 	0.000000e+00 	0.000000e+00 	0.000000e+00 	0.000000e+00 	0.000000e+00 	0.000000e+00 	0.000000e+00 	0.000000e+00 	0.000000e+00 	0.000000e+00 	0.000000e+00 	0.000000e+00 	0.000000e+00 	0.000000e+00 	0.000000e+00 		94 98 102 119 123 127 128 129 -1 -1 -1 -1 -1 -1 -1 -1 -1 -1 -1 -1 -1 -1 -1 -1 -1 
1.487579e-25 	-1.635914e-24 	-5.168209e-23 	2.377005e-22 	7.071708e-24 	9.175822e-25 	-5.168209e-23 	-1.477105e-24 	1.487579e-25 	9.175822e-25 	1.487579e-25 	0.000000e+00 	0.000000e+00 	0.000000e+00 	0.000000e+00 	0.000000e+00 	0.000000e+00 	0.000000e+00 	0.000000e+00 	0.000000e+00 	0.000000e+00 	0.000000e+00 	0.000000e+00 	0.000000e+00 	0.000000e+00 		95 99 103 108 109 110 120 124 132 133 134 -1 -1 -1 -1 -1 -1 -1 -1 -1 -1 -1 -1 -1 -1 
5.379668e-25 	9.175822e-25 	7.071708e-24 	2.377005e-22 	2.377005e-22 	2.377005e-22 	7.071708e-24 	9.175822e-25 	2.377005e-22 	1.487579e-25 	9.175822e-25 	1.487579e-25 	0.000000e+00 	0.000000e+00 	0.000000e+00 	0.000000e+00 	0.000000e+00 	0.000000e+00 	0.000000e+00 	0.000000e+00 	0.000000e+00 	0.000000e+00 	0.000000e+00 	0.000000e+00 	0.000000e+00 		4 95 99 103 107 109 110 111 120 133 134 135 -1 -1 -1 -1 -1 -1 -1 -1 -1 -1 -1 -1 -1 
-6.442638e-25 	-2.699881e-25 	2.237886e-24 	-2.699881e-25 	-6.442638e-25 	1.487579e-25 	-1.635914e-24 	-1.477105e-24 	-5.168209e-23 	7.071708e-24 	2.377005e-22 	2.377005e-22 	7.071708e-24 	9.175822e-25 	-5.168209e-23 	-1.477105e-24 	1.487579e-25 	9.175822e-25 	1.487579e-25 	0.000000e+00 	0.000000e+00 	0.000000e+00 	0.000000e+00 	0.000000e+00 	0.000000e+00 		2 3 4 5 6 95 99 100 103 107 108 110 111 112 120 125 134 135 136 -1 -1 -1 -1 -1 -1 
-2.699881e-25 	-2.505839e-24 	5.644697e-24 	-2.505839e-24 	-2.699881e-25 	1.435935e-25 	1.435935e-25 	1.487579e-25 	-1.477105e-24 	-1.635914e-24 	-1.635914e-24 	9.175822e-25 	7.071708e-24 	2.377005e-22 	2.377005e-22 	7.071708e-24 	9.175822e-25 	-1.635914e-24 	-1.635914e-24 	1.487579e-25 	9.175822e-25 	1.487579e-25 	0.000000e+00 	0.000000e+00 	0.000000e+00 		2 3 4 5 6 9 10 96 99 100 103 107 108 109 111 112 113 120 125 135 136 137 -1 -1 -1 
5.379668e-25 	2.237886e-24 	5.644697e-24 	-1.940165e-23 	5.644697e-24 	2.237886e-24 	5.379668e-25 	7.972997e-25 	7.972997e-25 	9.175822e-25 	7.071708e-24 	1.487579e-25 	1.487579e-25 	9.175822e-25 	7.071708e-24 	2.377005e-22 	2.377005e-22 	7.071708e-24 	9.175822e-25 	1.487579e-25 	1.487579e-25 	7.071708e-24 	1.487579e-25 	9.175822e-25 	1.487579e-25 		1 2 3 4 5 6 7 9 10 96 100 103 104 108 109 110 112 113 114 120 121 125 136 137 138 
-2.699881e-25 	-2.505839e-24 	5.644697e-24 	-2.505839e-24 	-2.699881e-25 	1.435935e-25 	1.435935e-25 	1.487579e-25 	-1.635914e-24 	-1.635914e-24 	9.175822e-25 	7.071708e-24 	2.377005e-22 	2.377005e-22 	7.071708e-24 	9.175822e-25 	-1.635914e-24 	-1.635914e-24 	-1.477105e-24 	1.487579e-25 	9.175822e-25 	0.000000e+00 	0.000000e+00 	0.000000e+00 	0.000000e+00 		2 3 4 5 6 9 10 96 100 104 109 110 111 113 114 115 121 125 126 137 138 -1 -1 -1 -1 
-6.442638e-25 	-2.699881e-25 	2.237886e-24 	-2.699881e-25 	-6.442638e-25 	-1.477105e-24 	-5.168209e-23 	9.175822e-25 	7.071708e-24 	2.377005e-22 	2.377005e-22 	7.071708e-24 	9.175822e-25 	-5.168209e-23 	-1.477105e-24 	-1.635914e-24 	1.487579e-25 	1.487579e-25 	0.000000e+00 	0.000000e+00 	0.000000e+00 	0.000000e+00 	0.000000e+00 	0.000000e+00 	0.000000e+00 		2 3 4 5 6 100 104 110 111 112 114 115 116 121 125 126 138 139 -1 -1 -1 -1 -1 -1 -1 
5.379668e-25 	2.377005e-22 	1.487579e-25 	9.175822e-25 	7.071708e-24 	2.377005e-22 	2.377005e-22 	7.071708e-24 	9.175822e-25 	2.377005e-22 	1.487579e-25 	7.071708e-24 	9.175822e-25 	0.000000e+00 	0.000000e+00 	0.000000e+00 	0.000000e+00 	0.000000e+00 	0.000000e+00 	0.000000e+00 	0.000000e+00 	0.000000e+00 	0.000000e+00 	0.000000e+00 	0.000000e+00 		4 104 105 111 112 113 115 116 117 121 122 126 139 -1 -1 -1 -1 -1 -1 -1 -1 -1 -1 -1 -1 
-1.477105e-24 	-5.168209e-23 	-1.635914e-24 	9.175822e-25 	7.071708e-24 	2.377005e-22 	2.377005e-22 	7.071708e-24 	9.175822e-25 	-5.168209e-23 	-1.635914e-24 	-1.635914e-24 	1.487579e-25 	0.000000e+00 	0.000000e+00 	0.000000e+00 	0.000000e+00 	0.000000e+00 	0.000000e+00 	0.000000e+00 	0.000000e+00 	0.000000e+00 	0.000000e+00 	0.000000e+00 	0.000000e+00 		101 104 105 112 113 114 116 117 118 121 122 126 139 -1 -1 -1 -1 -1 -1 -1 -1 -1 -1 -1 -1 
1.487579e-25 	-1.635914e-24 	-1.635914e-24 	-5.168209e-23 	9.175822e-25 	7.071708e-24 	2.377005e-22 	2.377005e-22 	7.071708e-24 	-1.635914e-24 	-5.168209e-23 	-1.477105e-24 	0.000000e+00 	0.000000e+00 	0.000000e+00 	0.000000e+00 	0.000000e+00 	0.000000e+00 	0.000000e+00 	0.000000e+00 	0.000000e+00 	0.000000e+00 	0.000000e+00 	0.000000e+00 	0.000000e+00 		97 101 104 105 113 114 115 117 118 121 122 126 -1 -1 -1 -1 -1 -1 -1 -1 -1 -1 -1 -1 -1 
9.175822e-25 	7.071708e-24 	1.487579e-25 	2.377005e-22 	9.175822e-25 	7.071708e-24 	2.377005e-22 	2.377005e-22 	1.487579e-25 	2.377005e-22 	0.000000e+00 	0.000000e+00 	0.000000e+00 	0.000000e+00 	0.000000e+00 	0.000000e+00 	0.000000e+00 	0.000000e+00 	0.000000e+00 	0.000000e+00 	0.000000e+00 	0.000000e+00 	0.000000e+00 	0.000000e+00 	0.000000e+00 		97 101 104 105 114 115 116 118 121 122 -1 -1 -1 -1 -1 -1 -1 -1 -1 -1 -1 -1 -1 -1 -1 
1.487579e-25 	-1.635914e-24 	-5.168209e-23 	9.175822e-25 	7.071708e-24 	2.377005e-22 	-5.168209e-23 	0.000000e+00 	0.000000e+00 	0.000000e+00 	0.000000e+00 	0.000000e+00 	0.000000e+00 	0.000000e+00 	0.000000e+00 	0.000000e+00 	0.000000e+00 	0.000000e+00 	0.000000e+00 	0.000000e+00 	0.000000e+00 	0.000000e+00 	0.000000e+00 	0.000000e+00 	0.000000e+00 		97 101 105 115 116 117 122 -1 -1 -1 -1 -1 -1 -1 -1 -1 -1 -1 -1 -1 -1 -1 -1 -1 -1 
9.175822e-25 	7.071708e-24 	2.377005e-22 	2.377005e-22 	1.487579e-25 	-1.635914e-24 	7.071708e-24 	-1.635914e-24 	-1.477105e-24 	9.175822e-25 	0.000000e+00 	0.000000e+00 	0.000000e+00 	0.000000e+00 	0.000000e+00 	0.000000e+00 	0.000000e+00 	0.000000e+00 	0.000000e+00 	0.000000e+00 	0.000000e+00 	0.000000e+00 	0.000000e+00 	0.000000e+00 	0.000000e+00 		98 102 106 123 124 127 128 129 130 140 -1 -1 -1 -1 -1 -1 -1 -1 -1 -1 -1 -1 -1 -1 -1 
5.379668e-25 	9.175822e-25 	7.071708e-24 	-5.168209e-23 	2.377005e-22 	-5.168209e-23 	-1.635914e-24 	1.487579e-25 	1.487579e-25 	1.487579e-25 	-1.477105e-24 	-1.635914e-24 	7.071708e-24 	-1.635914e-24 	-1.477105e-24 	0.000000e+00 	0.000000e+00 	0.000000e+00 	0.000000e+00 	0.000000e+00 	0.000000e+00 	0.000000e+00 	0.000000e+00 	0.000000e+00 	0.000000e+00 		5 99 103 107 108 109 110 111 124 125 132 133 134 135 136 -1 -1 -1 -1 -1 -1 -1 -1 -1 -1 
5.379668e-25 	7.071708e-24 	1.487579e-25 	-1.635914e-24 	-5.168209e-23 	2.377005e-22 	-5.168209e-23 	-1.635914e-24 	1.487579e-25 	9.175822e-25 	1.487579e-25 	2.377005e-22 	-1.477105e-24 	7.071708e-24 	9.175822e-25 	0.000000e+00 	0.000000e+00 	0.000000e+00 	0.000000e+00 	0.000000e+00 	0.000000e+00 	0.000000e+00 	0.000000e+00 	0.000000e+00 	0.000000e+00 		5 104 111 112 113 114 115 116 117 122 125 126 138 139 143 -1 -1 -1 -1 -1 -1 -1 -1 -1 -1 
9.175822e-25 	7.071708e-24 	1.487579e-25 	-1.635914e-24 	-5.168209e-23 	2.377005e-22 	-5.168209e-23 	9.175822e-25 	1.487579e-25 	0.000000e+00 	0.000000e+00 	0.000000e+00 	0.000000e+00 	0.000000e+00 	0.000000e+00 	0.000000e+00 	0.000000e+00 	0.000000e+00 	0.000000e+00 	0.000000e+00 	0.000000e+00 	0.000000e+00 	0.000000e+00 	0.000000e+00 	0.000000e+00 		101 105 114 115 116 117 118 121 126 -1 -1 -1 -1 -1 -1 -1 -1 -1 -1 -1 -1 -1 -1 -1 -1 
9.175822e-25 	7.071708e-24 	2.377005e-22 	9.175822e-25 	-5.168209e-23 	2.377005e-22 	-5.168209e-23 	-1.635914e-24 	1.487579e-25 	7.071708e-24 	0.000000e+00 	0.000000e+00 	0.000000e+00 	0.000000e+00 	0.000000e+00 	0.000000e+00 	0.000000e+00 	0.000000e+00 	0.000000e+00 	0.000000e+00 	0.000000e+00 	0.000000e+00 	0.000000e+00 	0.000000e+00 	0.000000e+00 		102 106 119 124 127 128 129 130 131 140 -1 -1 -1 -1 -1 -1 -1 -1 -1 -1 -1 -1 -1 -1 -1 
-1.477105e-24 	1.487579e-25 	1.487579e-25 	9.175822e-25 	1.487579e-25 	-1.635914e-24 	-5.168209e-23 	2.377005e-22 	-5.168209e-23 	-1.635914e-24 	1.487579e-25 	7.071708e-24 	9.175822e-25 	0.000000e+00 	0.000000e+00 	0.000000e+00 	0.000000e+00 	0.000000e+00 	0.000000e+00 	0.000000e+00 	0.000000e+00 	0.000000e+00 	0.000000e+00 	0.000000e+00 	0.000000e+00 		107 119 120 123 128 129 130 131 132 133 134 141 144 -1 -1 -1 -1 -1 -1 -1 -1 -1 -1 -1 -1 
5.379668e-25 	2.237886e-24 	5.644697e-24 	-1.940165e-23 	5.644697e-24 	2.237886e-24 	6.204916e-23 	-1.477105e-24 	-1.635914e-24 	7.071708e-24 	-1.635914e-24 	-1.477105e-24 	1.487579e-25 	1.487579e-25 	9.175822e-25 	1.487579e-25 	-1.635914e-24 	-5.168209e-23 	2.377005e-22 	-5.168209e-23 	1.487579e-25 	7.071708e-24 	0.000000e+00 	0.000000e+00 	0.000000e+00 		3 4 5 6 7 8 10 109 110 111 112 113 120 121 126 134 135 136 137 138 139 142 -1 -1 -1 
5.379668e-25 	1.435935e-25 	9.175822e-25 	-1.477105e-24 	-1.635914e-24 	7.071708e-24 	-1.635914e-24 	-1.477105e-24 	2.377005e-22 	1.487579e-25 	9.175822e-25 	1.487579e-25 	-1.635914e-24 	2.377005e-22 	7.071708e-24 	9.175822e-25 	0.000000e+00 	0.000000e+00 	0.000000e+00 	0.000000e+00 	0.000000e+00 	0.000000e+00 	0.000000e+00 	0.000000e+00 	0.000000e+00 		6 10 104 112 113 114 115 116 121 122 125 137 138 139 143 145 -1 -1 -1 -1 -1 -1 -1 -1 -1 
1.487579e-25 	-1.635914e-24 	-5.168209e-23 	2.377005e-22 	7.071708e-24 	9.175822e-25 	-5.168209e-23 	0.000000e+00 	0.000000e+00 	0.000000e+00 	0.000000e+00 	0.000000e+00 	0.000000e+00 	0.000000e+00 	0.000000e+00 	0.000000e+00 	0.000000e+00 	0.000000e+00 	0.000000e+00 	0.000000e+00 	0.000000e+00 	0.000000e+00 	0.000000e+00 	0.000000e+00 	0.000000e+00 		106 119 123 128 129 130 140 -1 -1 -1 -1 -1 -1 -1 -1 -1 -1 -1 -1 -1 -1 -1 -1 -1 -1 
9.175822e-25 	7.071708e-24 	2.377005e-22 	1.487579e-25 	2.377005e-22 	2.377005e-22 	7.071708e-24 	9.175822e-25 	2.377005e-22 	1.487579e-25 	0.000000e+00 	0.000000e+00 	0.000000e+00 	0.000000e+00 	0.000000e+00 	0.000000e+00 	0.000000e+00 	0.000000e+00 	0.000000e+00 	0.000000e+00 	0.000000e+00 	0.000000e+00 	0.000000e+00 	0.000000e+00 	0.000000e+00 		106 119 123 124 127 129 130 131 140 141 -1 -1 -1 -1 -1 -1 -1 -1 -1 -1 -1 -1 -1 -1 -1 
1.487579e-25 	-1.635914e-24 	-5.168209e-23 	-1.635914e-24 	7.071708e-24 	2.377005e-22 	2.377005e-22 	7.071708e-24 	9.175822e-25 	-5.168209e-23 	-1.635914e-24 	-1.477105e-24 	0.000000e+00 	0.000000e+00 	0.000000e+00 	0.000000e+00 	0.000000e+00 	0.000000e+00 	0.000000e+00 	0.000000e+00 	0.000000e+00 	0.000000e+00 	0.000000e+00 	0.000000e+00 	0.000000e+00 		106 119 123 124 127 128 130 131 132 140 141 144 -1 -1 -1 -1 -1 -1 -1 -1 -1 -1 -1 -1 -1 
-1.477105e-24 	-1.635914e-24 	-5.168209e-23 	9.175822e-25 	7.071708e-24 	2.377005e-22 	2.377005e-22 	7.071708e-24 	9.175822e-25 	-1.635914e-24 	-5.168209e-23 	-1.635914e-24 	1.487579e-25 	0.000000e+00 	0.000000e+00 	0.000000e+00 	0.000000e+00 	0.000000e+00 	0.000000e+00 	0.000000e+00 	0.000000e+00 	0.000000e+00 	0.000000e+00 	0.000000e+00 	0.000000e+00 		119 123 124 127 128 129 131 132 133 140 141 144 146 -1 -1 -1 -1 -1 -1 -1 -1 -1 -1 -1 -1 
1.487579e-25 	2.377005e-22 	9.175822e-25 	7.071708e-24 	2.377005e-22 	2.377005e-22 	7.071708e-24 	9.175822e-25 	1.487579e-25 	2.377005e-22 	7.071708e-24 	9.175822e-25 	0.000000e+00 	0.000000e+00 	0.000000e+00 	0.000000e+00 	0.000000e+00 	0.000000e+00 	0.000000e+00 	0.000000e+00 	0.000000e+00 	0.000000e+00 	0.000000e+00 	0.000000e+00 	0.000000e+00 		123 124 128 129 130 132 133 134 140 141 144 146 -1 -1 -1 -1 -1 -1 -1 -1 -1 -1 -1 -1 -1 
1.487579e-25 	-1.477105e-24 	-5.168209e-23 	9.175822e-25 	7.071708e-24 	2.377005e-22 	2.377005e-22 	7.071708e-24 	9.175822e-25 	-5.168209e-23 	-1.635914e-24 	1.487579e-25 	0.000000e+00 	0.000000e+00 	0.000000e+00 	0.000000e+00 	0.000000e+00 	0.000000e+00 	0.000000e+00 	0.000000e+00 	0.000000e+00 	0.000000e+00 	0.000000e+00 	0.000000e+00 	0.000000e+00 		107 120 124 129 130 131 133 134 135 141 144 146 -1 -1 -1 -1 -1 -1 -1 -1 -1 -1 -1 -1 -1 
9.175822e-25 	1.487579e-25 	-1.635914e-24 	-1.635914e-24 	9.175822e-25 	7.071708e-24 	2.377005e-22 	2.377005e-22 	7.071708e-24 	9.175822e-25 	-1.635914e-24 	-1.477105e-24 	0.000000e+00 	0.000000e+00 	0.000000e+00 	0.000000e+00 	0.000000e+00 	0.000000e+00 	0.000000e+00 	0.000000e+00 	0.000000e+00 	0.000000e+00 	0.000000e+00 	0.000000e+00 	0.000000e+00 		107 108 120 124 130 131 132 134 135 136 141 144 -1 -1 -1 -1 -1 -1 -1 -1 -1 -1 -1 -1 -1 
5.379668e-25 	7.972997e-25 	1.487579e-25 	9.175822e-25 	1.487579e-25 	7.071708e-24 	1.487579e-25 	1.487579e-25 	9.175822e-25 	7.071708e-24 	2.377005e-22 	2.377005e-22 	7.071708e-24 	9.175822e-25 	1.487579e-25 	1.487579e-25 	0.000000e+00 	0.000000e+00 	0.000000e+00 	0.000000e+00 	0.000000e+00 	0.000000e+00 	0.000000e+00 	0.000000e+00 	0.000000e+00 		7 10 107 108 109 120 124 125 131 132 133 135 136 137 141 142 -1 -1 -1 -1 -1 -1 -1 -1 -1 
-6.442638e-25 	-2.699881e-25 	2.237886e-24 	-2.699881e-25 	5.122359e-24 	1.487579e-25 	9.175822e-25 	1.487579e-25 	-1.635914e-24 	-1.635914e-24 	9.175822e-25 	7.071708e-24 	2.377005e-22 	2.377005e-22 	7.071708e-24 	9.175822e-25 	-1.635914e-24 	0.000000e+00 	0.000000e+00 	0.000000e+00 	0.000000e+00 	0.000000e+00 	0.000000e+00 	0.000000e+00 	0.000000e+00 		5 6 7 8 10 108 109 110 120 125 132 133 134 136 137 138 142 -1 -1 -1 -1 -1 -1 -1 -1 
-2.699881e-25 	-2.505839e-24 	5.644697e-24 	-2.505839e-24 	6.204916e-23 	1.487579e-25 	9.175822e-25 	1.487579e-25 	-1.477105e-24 	-5.168209e-23 	9.175822e-25 	7.071708e-24 	2.377005e-22 	2.377005e-22 	7.071708e-24 	-5.168209e-23 	0.000000e+00 	0.000000e+00 	0.000000e+00 	0.000000e+00 	0.000000e+00 	0.000000e+00 	0.000000e+00 	0.000000e+00 	0.000000e+00 		5 6 7 8 10 109 110 111 120 125 133 134 135 137 138 142 -1 -1 -1 -1 -1 -1 -1 -1 -1 
5.379668e-25 	2.237886e-24 	5.644697e-24 	-1.940165e-23 	5.644697e-24 	-2.967199e-22 	1.487579e-25 	9.175822e-25 	1.487579e-25 	2.377005e-22 	1.487579e-25 	9.175822e-25 	7.071708e-24 	2.377005e-22 	2.377005e-22 	9.175822e-25 	2.377005e-22 	1.487579e-25 	0.000000e+00 	0.000000e+00 	0.000000e+00 	0.000000e+00 	0.000000e+00 	0.000000e+00 	0.000000e+00 		4 5 6 7 8 10 110 111 112 125 126 134 135 136 138 139 142 143 -1 -1 -1 -1 -1 -1 -1 
-2.699881e-25 	-2.505839e-24 	5.644697e-24 	-2.505839e-24 	6.204916e-23 	1.487579e-25 	9.175822e-25 	1.487579e-25 	-1.477105e-24 	-5.168209e-23 	-1.635914e-24 	9.175822e-25 	7.071708e-24 	2.377005e-22 	7.071708e-24 	-5.168209e-23 	-1.635914e-24 	-1.477105e-24 	0.000000e+00 	0.000000e+00 	0.000000e+00 	0.000000e+00 	0.000000e+00 	0.000000e+00 	0.000000e+00 		5 6 7 8 10 111 112 113 121 125 126 135 136 137 139 142 143 145 -1 -1 -1 -1 -1 -1 -1 
5.379668e-25 	7.972997e-25 	1.487579e-25 	9.175822e-25 	1.487579e-25 	7.071708e-24 	1.487579e-25 	2.377005e-22 	9.175822e-25 	7.071708e-24 	1.487579e-25 	2.377005e-22 	7.071708e-24 	9.175822e-25 	0.000000e+00 	0.000000e+00 	0.000000e+00 	0.000000e+00 	0.000000e+00 	0.000000e+00 	0.000000e+00 	0.000000e+00 	0.000000e+00 	0.000000e+00 	0.000000e+00 		7 10 113 114 115 121 125 126 137 138 142 143 145 147 -1 -1 -1 -1 -1 -1 -1 -1 -1 -1 -1 
9.175822e-25 	7.071708e-24 	-5.168209e-23 	2.377005e-22 	-5.168209e-23 	-1.635914e-24 	1.487579e-25 	9.175822e-25 	1.487579e-25 	0.000000e+00 	0.000000e+00 	0.000000e+00 	0.000000e+00 	0.000000e+00 	0.000000e+00 	0.000000e+00 	0.000000e+00 	0.000000e+00 	0.000000e+00 	0.000000e+00 	0.000000e+00 	0.000000e+00 	0.000000e+00 	0.000000e+00 	0.000000e+00 		119 123 127 128 129 130 131 141 144 -1 -1 -1 -1 -1 -1 -1 -1 -1 -1 -1 -1 -1 -1 -1 -1 
7.071708e-24 	1.487579e-25 	-1.635914e-24 	-5.168209e-23 	2.377005e-22 	-5.168209e-23 	-1.635914e-24 	1.487579e-25 	9.175822e-25 	2.377005e-22 	7.071708e-24 	9.175822e-25 	0.000000e+00 	0.000000e+00 	0.000000e+00 	0.000000e+00 	0.000000e+00 	0.000000e+00 	0.000000e+00 	0.000000e+00 	0.000000e+00 	0.000000e+00 	0.000000e+00 	0.000000e+00 	0.000000e+00 		124 128 129 130 131 132 133 134 140 144 146 148 -1 -1 -1 -1 -1 -1 -1 -1 -1 -1 -1 -1 -1 
5.379668e-25 	2.237886e-24 	5.644697e-24 	-1.940165e-23 	6.204916e-23 	7.071708e-24 	1.487579e-25 	-1.635914e-24 	-5.168209e-23 	2.377005e-22 	-5.168209e-23 	1.487579e-25 	9.175822e-25 	1.487579e-25 	0.000000e+00 	0.000000e+00 	0.000000e+00 	0.000000e+00 	0.000000e+00 	0.000000e+00 	0.000000e+00 	0.000000e+00 	0.000000e+00 	0.000000e+00 	0.000000e+00 		5 6 7 8 10 125 134 135 136 137 138 139 143 145 -1 -1 -1 -1 -1 -1 -1 -1 -1 -1 -1 
5.379668e-25 	1.435935e-25 	9.175822e-25 	7.071708e-24 	1.487579e-25 	-1.635914e-24 	2.377005e-22 	9.175822e-25 	2.377005e-22 	7.071708e-24 	9.175822e-25 	0.000000e+00 	0.000000e+00 	0.000000e+00 	0.000000e+00 	0.000000e+00 	0.000000e+00 	0.000000e+00 	0.000000e+00 	0.000000e+00 	0.000000e+00 	0.000000e+00 	0.000000e+00 	0.000000e+00 	0.000000e+00 		8 10 121 126 137 138 139 142 145 147 149 -1 -1 -1 -1 -1 -1 -1 -1 -1 -1 -1 -1 -1 -1 
9.175822e-25 	-1.477105e-24 	-1.635914e-24 	7.071708e-24 	-1.635914e-24 	-1.477105e-24 	1.487579e-25 	2.377005e-22 	2.377005e-22 	7.071708e-24 	9.175822e-25 	0.000000e+00 	0.000000e+00 	0.000000e+00 	0.000000e+00 	0.000000e+00 	0.000000e+00 	0.000000e+00 	0.000000e+00 	0.000000e+00 	0.000000e+00 	0.000000e+00 	0.000000e+00 	0.000000e+00 	0.000000e+00 		124 129 130 131 132 133 140 141 146 148 150 -1 -1 -1 -1 -1 -1 -1 -1 -1 -1 -1 -1 -1 -1 
9.175822e-25 	-1.477105e-24 	7.071708e-24 	1.487579e-25 	2.377005e-22 	2.377005e-22 	7.071708e-24 	9.175822e-25 	0.000000e+00 	0.000000e+00 	0.000000e+00 	0.000000e+00 	0.000000e+00 	0.000000e+00 	0.000000e+00 	0.000000e+00 	0.000000e+00 	0.000000e+00 	0.000000e+00 	0.000000e+00 	0.000000e+00 	0.000000e+00 	0.000000e+00 	0.000000e+00 	0.000000e+00 		126 138 139 142 143 147 149 151 -1 -1 -1 -1 -1 -1 -1 -1 -1 -1 -1 -1 -1 -1 -1 -1 -1 
1.487579e-25 	9.175822e-25 	1.487579e-25 	7.071708e-24 	2.377005e-22 	2.377005e-22 	7.071708e-24 	0.000000e+00 	0.000000e+00 	0.000000e+00 	0.000000e+00 	0.000000e+00 	0.000000e+00 	0.000000e+00 	0.000000e+00 	0.000000e+00 	0.000000e+00 	0.000000e+00 	0.000000e+00 	0.000000e+00 	0.000000e+00 	0.000000e+00 	0.000000e+00 	0.000000e+00 	0.000000e+00 		130 131 132 141 144 148 150 -1 -1 -1 -1 -1 -1 -1 -1 -1 -1 -1 -1 -1 -1 -1 -1 -1 -1 
9.175822e-25 	7.071708e-24 	2.377005e-22 	2.377005e-22 	7.071708e-24 	0.000000e+00 	0.000000e+00 	0.000000e+00 	0.000000e+00 	0.000000e+00 	0.000000e+00 	0.000000e+00 	0.000000e+00 	0.000000e+00 	0.000000e+00 	0.000000e+00 	0.000000e+00 	0.000000e+00 	0.000000e+00 	0.000000e+00 	0.000000e+00 	0.000000e+00 	0.000000e+00 	0.000000e+00 	0.000000e+00 		139 143 145 149 151 -1 -1 -1 -1 -1 -1 -1 -1 -1 -1 -1 -1 -1 -1 -1 -1 -1 -1 -1 -1 
9.175822e-25 	7.071708e-24 	2.377005e-22 	2.377005e-22 	0.000000e+00 	0.000000e+00 	0.000000e+00 	0.000000e+00 	0.000000e+00 	0.000000e+00 	0.000000e+00 	0.000000e+00 	0.000000e+00 	0.000000e+00 	0.000000e+00 	0.000000e+00 	0.000000e+00 	0.000000e+00 	0.000000e+00 	0.000000e+00 	0.000000e+00 	0.000000e+00 	0.000000e+00 	0.000000e+00 	0.000000e+00 		141 144 146 150 -1 -1 -1 -1 -1 -1 -1 -1 -1 -1 -1 -1 -1 -1 -1 -1 -1 -1 -1 -1 -1 
9.175822e-25 	7.071708e-24 	2.377005e-22 	2.377005e-22 	0.000000e+00 	0.000000e+00 	0.000000e+00 	0.000000e+00 	0.000000e+00 	0.000000e+00 	0.000000e+00 	0.000000e+00 	0.000000e+00 	0.000000e+00 	0.000000e+00 	0.000000e+00 	0.000000e+00 	0.000000e+00 	0.000000e+00 	0.000000e+00 	0.000000e+00 	0.000000e+00 	0.000000e+00 	0.000000e+00 	0.000000e+00 		143 145 147 151 -1 -1 -1 -1 -1 -1 -1 -1 -1 -1 -1 -1 -1 -1 -1 -1 -1 -1 -1 -1 -1 
9.175822e-25 	7.071708e-24 	2.377005e-22 	0.000000e+00 	0.000000e+00 	0.000000e+00 	0.000000e+00 	0.000000e+00 	0.000000e+00 	0.000000e+00 	0.000000e+00 	0.000000e+00 	0.000000e+00 	0.000000e+00 	0.000000e+00 	0.000000e+00 	0.000000e+00 	0.000000e+00 	0.000000e+00 	0.000000e+00 	0.000000e+00 	0.000000e+00 	0.000000e+00 	0.000000e+00 	0.000000e+00 		-1 -1 -1 -1 -1 -1 -1 -1 -1 -1 -1 -1 -1 -1 -1 -1 -1 -1 -1 -1 -1 -1 -1 -1 -1 
9.175822e-25 	7.071708e-24 	2.377005e-22 	0.000000e+00 	0.000000e+00 	0.000000e+00 	0.000000e+00 	0.000000e+00 	0.000000e+00 	0.000000e+00 	0.000000e+00 	0.000000e+00 	0.000000e+00 	0.000000e+00 	0.000000e+00 	0.000000e+00 	0.000000e+00 	0.000000e+00 	0.000000e+00 	0.000000e+00 	0.000000e+00 	0.000000e+00 	0.000000e+00 	0.000000e+00 	0.000000e+00 		-1 -1 -1 -1 -1 -1 -1 -1 -1 -1 -1 -1 -1 -1 -1 -1 -1 -1 -1 -1 -1 -1 -1 -1 -1 
Coloring... done!
Number of colors = 12
Allocating memory on device... done!
#Simulating on CUDA: 0%#Simulating on CUDA: 1%