Running 1 simulations with a radial tolerance of 0.001000
Running simulation 0
design_bus_layout_inputs_icUsed = 2
Number of samples:8000
Number of colors:8
Colors:
1 2 3 4 1 5 1 2 3 6 7 2 8 3 4 2 4 1 5 5 1 6 7 7 1 1 2 2 3 3 4 4 1 1 
0	0.000000e+00
1	0.000000e+00
2	0.000000e+00
3	0.000000e+00
4	0.000000e+00
5	0.000000e+00
6	0.000000e+00
7	0.000000e+00
8	0.000000e+00
9	0.000000e+00
10	0.000000e+00
11	0.000000e+00
12	0.000000e+00
13	0.000000e+00
14	0.000000e+00
15	0.000000e+00
16	0.000000e+00
17	0.000000e+00
18	0.000000e+00
19	0.000000e+00
20	9.999997e-01
21	0.000000e+00
22	0.000000e+00
23	0.000000e+00
24	0.000000e+00
25	0.000000e+00
26	0.000000e+00
27	0.000000e+00
28	0.000000e+00
29	0.000000e+00
30	0.000000e+00
31	0.000000e+00
32	-1.000000e+00
33	-1.000000e+00
[0, 32]: tmp: 0.000000e+00, [0, 32]: tmp: -0.000000e+00, [0, 32]: input: -1.000000e+00, sin(0)=0.000000e+00, __sinf(0)=0.000000e+00, cos(pi/4)=6.123234e-17, __cosf(pi/4)=-4.371139e-08, sin(pi/5)=5.877853e-01, __sinf(pi/5)=5.877852e-01
[0, 33]: tmp: 0.000000e+00, [0, 33]: tmp: -0.000000e+00, [0, 33]: input: -1.000000e+00, sin(0)=0.000000e+00, __sinf(0)=0.000000e+00, cos(pi/4)=6.123234e-17, __cosf(pi/4)=-4.371139e-08, sin(pi/5)=5.877853e-01, __sinf(pi/5)=5.877852e-01
	Processing time1: 0.000000 (s)
	Processing time2: 1268832.000000 (ns)

Launch conclusa

Simulation Time: 0 seconds
