Running 1 simulations with a radial tolerance of 0.001000
Running simulation 0
design_bus_layout_inputs_icUsed = 2
Number of samples:8000
Number of colors:8
Colors:
1 2 3 4 1 5 1 2 3 6 7 2 8 3 4 2 4 1 5 5 1 6 7 7 1 1 2 2 3 3 4 4 1 1 
0.000000e+00
0.000000e+00
0.000000e+00
0.000000e+00
0.000000e+00
0.000000e+00
0.000000e+00
0.000000e+00
0.000000e+00
0.000000e+00
0.000000e+00
0.000000e+00
0.000000e+00
0.000000e+00
0.000000e+00
0.000000e+00
0.000000e+00
0.000000e+00
0.000000e+00
0.000000e+00
9.999997e-01
0.000000e+00
0.000000e+00
0.000000e+00
0.000000e+00
0.000000e+00
0.000000e+00
0.000000e+00
0.000000e+00
0.000000e+00
0.000000e+00
0.000000e+00
-1.000000e+00
-1.000000e+00
5.118422e-03
1.909817e-02
6.616309e-02
2.319240e-01
2.590447e-03
9.365912e-01
2.590447e-03
1.779057e-02
6.624527e-02
2.299929e-01
9.333636e-01
9.965436e-01
9.333636e-01
2.299929e-01
6.624527e-02
1.779057e-02
2.795523e-03
9.809914e-01
2.795523e-03
1.631559e-04
9.999997e-01
1.631559e-04
8.003041e-05
8.003041e-05
-5.126308e-04
-5.126308e-04
-3.261402e-03
-3.261402e-03
-1.887592e-02
-1.887592e-02
-1.226440e-01
-1.226440e-01
-1.000000e+00
-1.000000e+00
5.491093e-03
2.035198e-02
6.929258e-02
2.379545e-01
2.110339e-03
9.374048e-01
2.110339e-03
1.663930e-02
6.363155e-02
2.241982e-01
9.325993e-01
9.965418e-01
9.325993e-01
2.241982e-01
6.363155e-02
1.663930e-02
2.299474e-03
9.810016e-01
2.299474e-03
1.902572e-04
9.999997e-01
1.902572e-04
7.390881e-05
7.390881e-05
-5.096640e-04
-5.096640e-04
-3.261322e-03
-3.261322e-03
-1.887571e-02
-1.887571e-02
-1.226440e-01
-1.226440e-01
-1.000000e+00
-1.000000e+00
6.020939e-03
2.189071e-02
7.291028e-02
2.444453e-01
1.725850e-03
9.383190e-01
1.725850e-03
1.561580e-02
6.052660e-02
2.186910e-01
9.317142e-01
9.965401e-01
9.317142e-01
2.186910e-01
6.052660e-02
1.561580e-02
1.899847e-03
9.810128e-01
1.899847e-03
1.263098e-04
9.999997e-01
1.263098e-04
6.516229e-05
6.516229e-05
-5.113827e-04
-5.113827e-04
-3.261414e-03
-3.261414e-03
-1.887573e-02
-1.887573e-02
-1.226440e-01
-1.226440e-01
-1.000000e+00
-1.000000e+00
6.628160e-03
2.361579e-02
7.684885e-02
2.513105e-01
1.355979e-03
9.392632e-01
1.355979e-03
1.464799e-02
5.767807e-02
2.134120e-01
9.308556e-01
9.965385e-01
9.308556e-01
2.134120e-01
5.767807e-02
1.464799e-02
1.511785e-03
9.810241e-01
1.511785e-03
7.211229e-05
9.999997e-01
7.211229e-05
5.457204e-05
5.457204e-05
-5.130531e-04
-5.130531e-04
-3.261703e-03
-3.261703e-03
-1.887577e-02
-1.887577e-02
-1.226440e-01
-1.226440e-01
-1.000000e+00
-1.000000e+00
[0, 32]: tmp: 0.000000e+00, [0, 32]: tmp: -0.000000e+00, [0, 32]: input: -1.000000e+00, sin(0)=0.000000e+00, __sinf(0)=0.000000e+00, cos(pi/4)=6.123234e-17, __cosf(pi/4)=-4.371139e-08, sin(pi/5)=5.877853e-01, __sinf(pi/5)=5.877852e-01
[0, 33]: tmp: 0.000000e+00, [0, 33]: tmp: -0.000000e+00, [0, 33]: input: -1.000000e+00, sin(0)=0.000000e+00, __sinf(0)=0.000000e+00, cos(pi/4)=6.123234e-17, __cosf(pi/4)=-4.371139e-08, sin(pi/5)=5.877853e-01, __sinf(pi/5)=5.877852e-01
[0, 32]: tmp: 1.570796e-03, [0, 32]: tmp: -1.570796e-03, [0, 32]: input: -1.000000e+00, sin(0)=0.000000e+00, __sinf(0)=0.000000e+00, cos(pi/4)=6.123234e-17, __cosf(pi/4)=-4.371139e-08, sin(pi/5)=5.877853e-01, __sinf(pi/5)=5.877852e-01
[0, 33]: tmp: 3.141593e-03, [0, 33]: tmp: -3.141587e-03, [0, 33]: input: -1.000000e+00, sin(0)=0.000000e+00, __sinf(0)=0.000000e+00, cos(pi/4)=6.123234e-17, __cosf(pi/4)=-4.371139e-08, sin(pi/5)=5.877853e-01, __sinf(pi/5)=5.877852e-01
[0, 32]: tmp: 3.141593e-03, [0, 32]: tmp: -3.141587e-03, [0, 32]: input: -1.000000e+00, sin(0)=0.000000e+00, __sinf(0)=0.000000e+00, cos(pi/4)=6.123234e-17, __cosf(pi/4)=-4.371139e-08, sin(pi/5)=5.877853e-01, __sinf(pi/5)=5.877852e-01
[0, 33]: tmp: 6.283185e-03, [0, 33]: tmp: -6.283144e-03, [0, 33]: input: -1.000000e+00, sin(0)=0.000000e+00, __sinf(0)=0.000000e+00, cos(pi/4)=6.123234e-17, __cosf(pi/4)=-4.371139e-08, sin(pi/5)=5.877853e-01, __sinf(pi/5)=5.877852e-01
[0, 32]: tmp: 4.712389e-03, [0, 32]: tmp: -4.712372e-03, [0, 32]: input: -1.000000e+00, sin(0)=0.000000e+00, __sinf(0)=0.000000e+00, cos(pi/4)=6.123234e-17, __cosf(pi/4)=-4.371139e-08, sin(pi/5)=5.877853e-01, __sinf(pi/5)=5.877852e-01
[0, 33]: tmp: 9.424778e-03, [0, 33]: tmp: -9.424638e-03, [0, 33]: input: -1.000000e+00, sin(0)=0.000000e+00, __sinf(0)=0.000000e+00, cos(pi/4)=6.123234e-17, __cosf(pi/4)=-4.371139e-08, sin(pi/5)=5.877853e-01, __sinf(pi/5)=5.877852e-01
[0, 32]: tmp: 6.283185e-03, [0, 32]: tmp: -6.283144e-03, [0, 32]: input: -1.000000e+00, sin(0)=0.000000e+00, __sinf(0)=0.000000e+00, cos(pi/4)=6.123234e-17, __cosf(pi/4)=-4.371139e-08, sin(pi/5)=5.877853e-01, __sinf(pi/5)=5.877852e-01
[0, 33]: tmp: 1.256637e-02, [0, 33]: tmp: -1.256604e-02, [0, 33]: input: -1.000000e+00, sin(0)=0.000000e+00, __sinf(0)=0.000000e+00, cos(pi/4)=6.123234e-17, __cosf(pi/4)=-4.371139e-08, sin(pi/5)=5.877853e-01, __sinf(pi/5)=5.877852e-01
	Processing time1: 0.000000 (s)
	Processing time2: 9665707.000000 (ns)

Launch conclusa

Simulation Time: 0 seconds
