#[TRACE]
#data_labels=Output
#[TRACE_DATA]
2.310974e-05 
2.342498e-05 
2.363402e-05 
2.356761e-05 
2.297219e-05 
2.137084e-05 
1.784729e-05 
1.062691e-05 
-3.589090e-06 
-2.987982e-05 
-7.238690e-05 
-1.292199e-04 
-1.956038e-04 
-2.709278e-04 
-3.570137e-04 
-4.476451e-04 
-4.658052e-04 
-4.658052e-04 
-4.658052e-04 
-4.658052e-04 
-4.658052e-04 
-4.658052e-04 
-4.658052e-04 
-4.658052e-04 
-4.658052e-04 
-4.658052e-04 
-4.658052e-04 
-4.658052e-04 
-4.658052e-04 
-4.658052e-04 
-4.658052e-04 
-4.658052e-04 
-4.658052e-04 
-4.658052e-04 
-4.658052e-04 
-4.658052e-04 
-4.658052e-04 
-4.658052e-04 
-4.658052e-04 
-4.658052e-04 
-4.658052e-04 
-4.658052e-04 
-4.658052e-04 
-4.658052e-04 
-4.658052e-04 
-4.658052e-04 
-4.658052e-04 
-4.658052e-04 
-4.658052e-04 
-4.658052e-04 
-4.658052e-04 
-4.658052e-04 
-4.658052e-04 
-4.658052e-04 
-4.658052e-04 
-4.658052e-04 
-4.658052e-04 
-4.658052e-04 
-4.658052e-04 
-4.658052e-04 
-4.658052e-04 
-4.658052e-04 
-4.658052e-04 
-4.658052e-04 
-4.658052e-04 
-4.658052e-04 
-4.658052e-04 
-4.658052e-04 
-4.658052e-04 
-4.658052e-04 
-4.658052e-04 
-4.658052e-04 
-4.658052e-04 
-4.658052e-04 
-4.658052e-04 
-4.658052e-04 
-4.658052e-04 
-4.658052e-04 
-4.658052e-04 
-4.890040e-04 
-5.454674e-04 
-6.116657e-04 
-6.897577e-04 
-7.825240e-04 
-8.935116e-04 
-1.027246e-03 
-1.189573e-03 
-1.387940e-03 
-1.632661e-03 
-1.938506e-03 
-2.326078e-03 
-2.824628e-03 
-3.476674e-03 
-4.345555e-03 
-5.528284e-03 
-7.178180e-03 
-9.546491e-03 
-1.306261e-02 
-1.849712e-02 
-2.731251e-02 
-4.245634e-02 
-7.016263e-02 
-1.232412e-01 
-2.202018e-01 
-3.607904e-01 
-5.152032e-01 
-6.630841e-01 
-7.967160e-01 
-9.075058e-01 
-9.542476e-01 
-9.542476e-01 
-9.542476e-01 
-9.542476e-01 
-9.542476e-01 
-9.542476e-01 
-9.542476e-01 
-9.542476e-01 
-9.542476e-01 
-9.542476e-01 
-9.542476e-01 
-9.542476e-01 
-9.542476e-01 
-9.542476e-01 
-9.542476e-01 
-9.542476e-01 
-9.542476e-01 
-9.542476e-01 
-9.542476e-01 
-9.542476e-01 
-9.542476e-01 
-9.542476e-01 
-9.542476e-01 
-9.542476e-01 
-9.542476e-01 
-9.542476e-01 
-9.542476e-01 
-9.542476e-01 
-9.542476e-01 
-9.542476e-01 
-9.542476e-01 
-9.542476e-01 
-9.542476e-01 
-9.542476e-01 
-9.542476e-01 
-9.542476e-01 
-9.542476e-01 
-9.542476e-01 
-9.542476e-01 
-9.542476e-01 
-9.542476e-01 
-9.542476e-01 
-9.542476e-01 
-9.542476e-01 
-9.542476e-01 
-9.542476e-01 
-9.542476e-01 
-9.542476e-01 
-9.542476e-01 
-9.542476e-01 
-9.542476e-01 
-9.542476e-01 
-9.542476e-01 
-9.542476e-01 
-9.542476e-01 
-9.542476e-01 
-9.542476e-01 
-9.542476e-01 
-9.542476e-01 
-9.542476e-01 
-9.542476e-01 
-9.542476e-01 
-9.542476e-01 
-9.542476e-01 
-9.542472e-01 
-9.542467e-01 
-9.542459e-01 
-9.542450e-01 
-9.542436e-01 
-9.542416e-01 
-9.542400e-01 
-9.542392e-01 
-9.542385e-01 
-9.542379e-01 
-9.542374e-01 
-9.542369e-01 
-9.542365e-01 
-9.542361e-01 
-9.542358e-01 
-9.542355e-01 
-9.542352e-01 
-9.542349e-01 
-9.542346e-01 
-9.542344e-01 
-9.542342e-01 
-9.542340e-01 
-9.542338e-01 
-9.542337e-01 
-9.542335e-01 
-9.542334e-01 
-9.542332e-01 
-9.542331e-01 
-9.542330e-01 
-9.542328e-01 
-9.542328e-01 
-9.542328e-01 
-9.542328e-01 
-9.542328e-01 
-9.542328e-01 
-9.542328e-01 
-9.542328e-01 
-9.542328e-01 
-9.542328e-01 
-9.542328e-01 
-9.542328e-01 
-9.542328e-01 
-9.542328e-01 
-9.542328e-01 
-9.542328e-01 
-9.542328e-01 
-9.542328e-01 
-9.542328e-01 
-9.542328e-01 
-9.542328e-01 
-9.542328e-01 
-9.542328e-01 
-9.542328e-01 
-9.542328e-01 
-9.542328e-01 
-9.542328e-01 
-9.542328e-01 
-9.542328e-01 
-9.542328e-01 
-9.542328e-01 
-9.542328e-01 
-9.542328e-01 
-9.542328e-01 
-9.542328e-01 
-9.542328e-01 
-9.542328e-01 
-9.542328e-01 
-9.542328e-01 
-9.542328e-01 
-9.542328e-01 
-9.542328e-01 
-9.542328e-01 
-9.542328e-01 
-9.542328e-01 
-9.542328e-01 
-9.542328e-01 
-9.542328e-01 
-9.542328e-01 
-9.542328e-01 
-9.542328e-01 
-9.542328e-01 
-9.542328e-01 
-9.542328e-01 
-9.542328e-01 
-9.542328e-01 
-9.542328e-01 
-9.542328e-01 
-9.542328e-01 
-9.542328e-01 
-9.542328e-01 
-9.542328e-01 
-9.542328e-01 
-9.542328e-01 
-9.087638e-01 
-7.992458e-01 
-6.664951e-01 
-5.143113e-01 
-3.335126e-01 
-1.150373e-01 
-4.079378e-03 
6.462024e-04 
3.414344e-04 
2.028593e-04 
1.316459e-04 
9.072214e-05 
6.538055e-05 
4.880844e-05 
3.750795e-05 
2.954364e-05 
2.378175e-05 
1.952823e-05 
1.634411e-05 
1.394666e-05 
1.215517e-05 
1.086213e-05 
1.002008e-05 
9.627455e-06 
9.151861e-06 
4.031304e-06 
3.418700e-06 
2.931540e-06 
2.289581e-06 
1.451076e-06 
8.694141e-07 
8.693993e-07 
8.693993e-07 
8.693993e-07 
8.693993e-07 
8.693993e-07 
8.693993e-07 
8.693993e-07 
8.693993e-07 
8.693993e-07 
8.693993e-07 
8.693993e-07 
8.693993e-07 
8.693993e-07 
8.693993e-07 
8.693993e-07 
8.693993e-07 
8.693993e-07 
8.693993e-07 
8.693993e-07 
8.693993e-07 
8.693993e-07 
8.693993e-07 
8.693993e-07 
8.693993e-07 
8.693993e-07 
8.693993e-07 
8.693993e-07 
8.693993e-07 
8.693993e-07 
8.693993e-07 
8.693993e-07 
8.693993e-07 
8.693993e-07 
8.693993e-07 
8.693993e-07 
8.693993e-07 
8.693993e-07 
8.693993e-07 
8.693993e-07 
8.693993e-07 
8.693993e-07 
8.693993e-07 
8.693993e-07 
8.693993e-07 
8.693993e-07 
8.693993e-07 
8.693993e-07 
8.693993e-07 
8.693993e-07 
8.693993e-07 
8.693993e-07 
8.693993e-07 
8.693993e-07 
8.693993e-07 
8.693993e-07 
8.693993e-07 
8.693993e-07 
8.693993e-07 
8.693993e-07 
8.693993e-07 
8.693993e-07 
8.693993e-07 
8.702050e-07 
1.032316e-06 
1.234655e-06 
1.462809e-06 
1.721402e-06 
2.016132e-06 
2.354090e-06 
2.744191e-06 
3.197792e-06 
3.729516e-06 
4.358351e-06 
5.109374e-06 
6.016289e-06 
7.125227e-06 
8.500627e-06 
1.023464e-05 
1.246263e-05 
1.538965e-05 
1.933743e-05 
2.483124e-05 
3.276581e-05 
4.472461e-05 
6.353778e-05 
9.379870e-05 
1.401377e-04 
2.007901e-04 
2.676985e-04 
3.360652e-04 
4.042052e-04 
4.678637e-04 
5.170308e-04 
5.225569e-04 
5.225569e-04 
5.225569e-04 
5.225569e-04 
5.225569e-04 
5.225569e-04 
5.225569e-04 
5.225569e-04 
5.225569e-04 
5.225569e-04 
5.225569e-04 
5.225569e-04 
5.225569e-04 
5.225569e-04 
5.225569e-04 
5.225569e-04 
5.225569e-04 
5.225569e-04 
5.225569e-04 
5.225569e-04 
5.225569e-04 
5.225569e-04 
5.225569e-04 
5.225569e-04 
5.225569e-04 
5.225569e-04 
5.225569e-04 
5.225569e-04 
5.225569e-04 
5.225569e-04 
5.225569e-04 
5.225569e-04 
5.225569e-04 
5.225569e-04 
5.225569e-04 
5.225569e-04 
5.225569e-04 
5.225569e-04 
5.225569e-04 
5.225569e-04 
5.225569e-04 
5.225569e-04 
5.225569e-04 
5.225569e-04 
5.225569e-04 
5.225569e-04 
5.225569e-04 
5.225569e-04 
5.225569e-04 
5.225569e-04 
5.225569e-04 
5.225569e-04 
5.225569e-04 
5.225569e-04 
5.225569e-04 
5.225569e-04 
5.225569e-04 
5.225569e-04 
5.225569e-04 
5.225569e-04 
5.225569e-04 
5.225569e-04 
5.225569e-04 
5.521377e-04 
6.144141e-04 
6.863800e-04 
7.671633e-04 
8.170467e-04 
9.328921e-04 
1.072574e-03 
1.242181e-03 
1.449302e-03 
1.704897e-03 
2.024407e-03 
2.429363e-03 
2.950381e-03 
3.631988e-03 
4.540568e-03 
5.777879e-03 
7.504905e-03 
9.985770e-03 
1.367250e-02 
1.937755e-02 
2.864504e-02 
4.458831e-02 
7.376943e-02 
1.294495e-01 
2.296501e-01 
3.717174e-01 
5.257842e-01 
6.727805e-01 
8.051576e-01 
9.139043e-01 
9.542477e-01 
9.542477e-01 
9.542477e-01 
9.542477e-01 
9.542477e-01 
9.542477e-01 
9.542477e-01 
9.542477e-01 
9.542477e-01 
9.542477e-01 
9.542477e-01 
9.542477e-01 
9.542477e-01 
9.542477e-01 
9.542477e-01 
9.542477e-01 
9.542477e-01 
9.542477e-01 
9.542477e-01 
9.542477e-01 
9.542477e-01 
9.542477e-01 
9.542477e-01 
9.542477e-01 
9.542477e-01 
9.542477e-01 
9.542477e-01 
9.542477e-01 
9.542477e-01 
9.542477e-01 
9.542477e-01 
9.542477e-01 
9.542477e-01 
9.542477e-01 
9.542477e-01 
9.542477e-01 
9.542477e-01 
9.542477e-01 
9.542477e-01 
9.542477e-01 
9.542477e-01 
9.542477e-01 
9.542477e-01 
9.542477e-01 
9.542477e-01 
9.542477e-01 
9.542477e-01 
9.542477e-01 
9.542477e-01 
9.542477e-01 
9.542477e-01 
9.542477e-01 
9.542477e-01 
9.542477e-01 
9.542477e-01 
9.542477e-01 
9.542477e-01 
9.542477e-01 
9.542477e-01 
9.542477e-01 
9.542477e-01 
9.542477e-01 
9.542477e-01 
9.542477e-01 
9.542474e-01 
9.542469e-01 
9.542463e-01 
9.542456e-01 
9.542448e-01 
9.542439e-01 
9.542429e-01 
9.542418e-01 
9.542408e-01 
9.542399e-01 
9.542391e-01 
9.542384e-01 
9.542378e-01 
9.542372e-01 
9.542367e-01 
9.542363e-01 
9.542359e-01 
9.542356e-01 
9.542353e-01 
9.542350e-01 
9.542347e-01 
9.542345e-01 
9.542343e-01 
9.542341e-01 
9.542339e-01 
9.542337e-01 
9.542336e-01 
9.542334e-01 
9.542333e-01 
9.542331e-01 
9.542331e-01 
9.542331e-01 
9.542331e-01 
9.542331e-01 
9.542331e-01 
9.542331e-01 
9.542331e-01 
9.542331e-01 
9.542331e-01 
9.542331e-01 
9.542331e-01 
9.542331e-01 
9.542331e-01 
9.542331e-01 
9.542331e-01 
9.542331e-01 
9.542331e-01 
9.542331e-01 
9.542331e-01 
9.542331e-01 
9.542331e-01 
9.542331e-01 
9.542331e-01 
9.542331e-01 
9.542331e-01 
9.542331e-01 
9.542331e-01 
9.542331e-01 
9.542331e-01 
9.542331e-01 
9.542331e-01 
9.542331e-01 
9.542331e-01 
9.542331e-01 
9.542331e-01 
9.542331e-01 
9.542331e-01 
9.542331e-01 
9.542331e-01 
9.542331e-01 
9.542331e-01 
9.542331e-01 
9.542331e-01 
9.542331e-01 
9.542331e-01 
9.542331e-01 
9.542331e-01 
9.542331e-01 
9.542331e-01 
9.542331e-01 
9.542331e-01 
9.542331e-01 
9.542331e-01 
9.542331e-01 
9.542331e-01 
9.542331e-01 
9.542331e-01 
9.542331e-01 
9.542331e-01 
9.542331e-01 
9.542331e-01 
9.542331e-01 
9.542331e-01 
9.022642e-01 
7.908159e-01 
6.568161e-01 
5.034457e-01 
3.213365e-01 
1.067727e-01 
6.113032e-03 
6.535414e-04 
3.282710e-04 
1.964813e-04 
1.281197e-04 
8.859800e-05 
6.402023e-05 
4.789598e-05 
3.687327e-05 
2.908924e-05 
2.344895e-05 
1.928035e-05 
1.615764e-05 
1.380644e-05 
1.205173e-05 
1.079040e-05 
9.978822e-06 
9.616253e-06 
8.952198e-06 
3.963089e-06 
3.386909e-06 
2.893899e-06 
2.238055e-06 
1.388925e-06 
8.693882e-07 
8.693993e-07 
8.693993e-07 
8.693993e-07 
8.693993e-07 
8.693993e-07 
8.693993e-07 
8.693993e-07 
8.693993e-07 
8.693993e-07 
8.693993e-07 
8.693993e-07 
8.693993e-07 
8.693993e-07 
8.693993e-07 
8.693993e-07 
8.693993e-07 
8.693993e-07 
8.693993e-07 
8.693993e-07 
8.693993e-07 
8.693993e-07 
8.693993e-07 
8.693993e-07 
8.693993e-07 
8.693993e-07 
8.693993e-07 
8.693993e-07 
8.693993e-07 
8.693993e-07 
8.693993e-07 
8.693993e-07 
8.693993e-07 
8.693993e-07 
8.693993e-07 
8.693993e-07 
8.693993e-07 
8.693993e-07 
8.693993e-07 
8.693993e-07 
8.693993e-07 
8.693993e-07 
8.693993e-07 
8.693993e-07 
8.693993e-07 
8.693993e-07 
8.693993e-07 
8.693993e-07 
8.693993e-07 
8.693993e-07 
8.693993e-07 
8.693993e-07 
8.693993e-07 
8.693993e-07 
8.693993e-07 
8.693993e-07 
8.693993e-07 
8.693993e-07 
8.693993e-07 
8.693993e-07 
8.693993e-07 
8.693993e-07 
8.693993e-07 
8.736249e-07 
1.045410e-06 
1.249386e-06 
1.479463e-06 
1.740331e-06 
2.037774e-06 
2.378989e-06 
2.773038e-06 
3.231472e-06 
3.769174e-06 
4.405483e-06 
5.165975e-06 
6.085065e-06 
7.209917e-06 
8.606516e-06 
1.036938e-05 
1.263764e-05 
1.562249e-05 
1.965622e-05 
2.528281e-05 
3.343163e-05 
4.575069e-05 
6.518046e-05 
9.642235e-05 
1.439076e-04 
2.052527e-04 
2.723500e-04 
3.407536e-04 
4.087817e-04 
4.718296e-04 
5.193711e-04 
5.225569e-04 
5.225569e-04 
5.225569e-04 
5.225569e-04 
5.225569e-04 
5.225569e-04 
5.225569e-04 
5.225569e-04 
5.225569e-04 
5.225569e-04 
5.225569e-04 
5.225569e-04 
5.225569e-04 
5.225569e-04 
5.225569e-04 
5.225569e-04 
5.225569e-04 
5.225569e-04 
5.225569e-04 
5.225569e-04 
5.225569e-04 
5.225569e-04 
5.225569e-04 
5.225569e-04 
5.225569e-04 
5.225569e-04 
5.225569e-04 
5.225569e-04 
5.225569e-04 
5.225569e-04 
5.225569e-04 
5.225569e-04 
5.225569e-04 
5.225569e-04 
5.225569e-04 
5.225569e-04 
5.225569e-04 
5.225569e-04 
5.225569e-04 
5.225569e-04 
5.225569e-04 
5.225569e-04 
5.225569e-04 
5.225569e-04 
5.225569e-04 
5.225569e-04 
5.225569e-04 
5.225569e-04 
5.225569e-04 
5.225569e-04 
5.225569e-04 
5.225569e-04 
5.225569e-04 
5.225569e-04 
5.225569e-04 
5.225569e-04 
5.225569e-04 
5.225569e-04 
5.225569e-04 
5.225569e-04 
5.225569e-04 
5.225569e-04 
5.225569e-04 
5.561142e-04 
6.190120e-04 
6.916790e-04 
7.723106e-04 
8.242970e-04 
9.416231e-04 
1.083141e-03 
1.255047e-03 
1.465086e-03 
1.724503e-03 
2.049085e-03 
2.460876e-03 
2.991261e-03 
3.685962e-03 
4.613269e-03 
5.878070e-03 
7.646690e-03 
1.019275e-02 
1.398599e-02 
1.987377e-02 
2.947302e-02 
4.605656e-02 
7.653154e-02 
1.347100e-01 
2.383037e-01 
3.821997e-01 
5.361717e-01 
6.823713e-01 
8.134846e-01 
9.201204e-01 
9.542477e-01 
9.542477e-01 
9.542477e-01 
9.542477e-01 
9.542477e-01 
9.542477e-01 
9.542477e-01 
9.542477e-01 
9.542477e-01 
9.542477e-01 
9.542477e-01 
9.542477e-01 
9.542477e-01 
9.542477e-01 
9.542477e-01 
9.542477e-01 
9.542477e-01 
9.542477e-01 
9.542477e-01 
9.542477e-01 
9.542477e-01 
9.542477e-01 
9.542477e-01 
9.542477e-01 
9.542477e-01 
9.542477e-01 
9.542477e-01 
9.542477e-01 
9.542477e-01 
9.542477e-01 
9.542477e-01 
9.542477e-01 
9.542477e-01 
9.542477e-01 
9.542477e-01 
9.542477e-01 
9.542477e-01 
9.542477e-01 
9.542477e-01 
9.542477e-01 
9.542477e-01 
9.542477e-01 
9.542477e-01 
9.542477e-01 
9.542477e-01 
9.542477e-01 
9.542477e-01 
9.542477e-01 
9.542477e-01 
9.542477e-01 
9.542477e-01 
9.542477e-01 
9.542477e-01 
9.542477e-01 
9.542477e-01 
9.542477e-01 
9.542477e-01 
9.542477e-01 
9.542477e-01 
9.542477e-01 
9.542477e-01 
9.542477e-01 
9.542477e-01 
9.542477e-01 
9.542473e-01 
9.542468e-01 
9.542463e-01 
9.542456e-01 
9.542447e-01 
9.542438e-01 
9.542428e-01 
9.542418e-01 
9.542408e-01 
9.542399e-01 
9.542390e-01 
9.542383e-01 
9.542377e-01 
9.542372e-01 
9.542367e-01 
9.542363e-01 
9.542359e-01 
9.542356e-01 
9.542353e-01 
9.542350e-01 
9.542347e-01 
9.542345e-01 
9.542343e-01 
9.542341e-01 
9.542339e-01 
9.542337e-01 
9.542336e-01 
9.542334e-01 
9.542333e-01 
9.542331e-01 
9.542331e-01 
9.542331e-01 
9.542331e-01 
9.542331e-01 
9.542331e-01 
9.542331e-01 
9.542331e-01 
9.542331e-01 
9.542331e-01 
9.542331e-01 
9.542331e-01 
9.542331e-01 
9.542331e-01 
9.542331e-01 
9.542331e-01 
9.542331e-01 
9.542331e-01 
9.542331e-01 
9.542331e-01 
9.542331e-01 
9.542331e-01 
9.542331e-01 
9.542331e-01 
9.542331e-01 
9.542331e-01 
9.542331e-01 
9.542331e-01 
9.542331e-01 
9.542331e-01 
9.542331e-01 
9.542331e-01 
9.542331e-01 
9.542331e-01 
9.542331e-01 
9.542331e-01 
9.542331e-01 
9.542331e-01 
9.542331e-01 
9.542331e-01 
9.542331e-01 
9.542331e-01 
9.542331e-01 
9.542331e-01 
9.542331e-01 
9.542331e-01 
9.542331e-01 
9.542331e-01 
9.542331e-01 
9.542331e-01 
9.542331e-01 
9.542331e-01 
9.542331e-01 
9.542331e-01 
9.542331e-01 
9.542331e-01 
9.542331e-01 
9.542331e-01 
9.542331e-01 
9.542331e-01 
9.542331e-01 
9.542331e-01 
9.542331e-01 
9.542331e-01 
8.955960e-01 
7.822728e-01 
6.469787e-01 
4.920973e-01 
3.073688e-01 
9.371017e-02 
4.813812e-03 
6.145436e-04 
3.157932e-04 
1.903781e-04 
1.247217e-04 
8.654119e-05 
6.269832e-05 
4.700682e-05 
3.625344e-05 
2.864470e-05 
2.312293e-05 
1.903730e-05 
1.597476e-05 
1.366908e-05 
1.195110e-05 
1.072372e-05 
9.961136e-06 
9.862572e-06 
1.330606e-05 
1.600427e-05 
1.716495e-05 
1.787567e-05 
1.826154e-05 
1.835662e-05 
1.839732e-05 
1.839728e-05 
1.839728e-05 
1.839728e-05 
1.839728e-05 
1.839728e-05 
1.839728e-05 
1.839728e-05 
1.839728e-05 
1.839728e-05 
1.839728e-05 
1.839728e-05 
1.839728e-05 
1.839728e-05 
1.839728e-05 
1.839728e-05 
1.839728e-05 
1.839728e-05 
1.839728e-05 
1.839728e-05 
1.839728e-05 
1.839728e-05 
1.839728e-05 
1.839728e-05 
1.839728e-05 
1.839728e-05 
1.839728e-05 
1.839728e-05 
1.839728e-05 
1.839728e-05 
1.839728e-05 
1.839728e-05 
1.839728e-05 
1.839728e-05 
1.839728e-05 
1.839728e-05 
1.839728e-05 
1.839728e-05 
1.839728e-05 
1.839728e-05 
1.839728e-05 
1.839728e-05 
1.839728e-05 
1.839728e-05 
1.839728e-05 
1.839728e-05 
1.839728e-05 
1.839728e-05 
1.839728e-05 
1.839728e-05 
1.839728e-05 
1.839728e-05 
1.839728e-05 
1.839728e-05 
1.839728e-05 
1.839728e-05 
1.839728e-05 
1.839728e-05 
1.839728e-05 
1.839728e-05 
1.839728e-05 
1.839728e-05 
1.839728e-05 
1.841035e-05 
1.859311e-05 
1.879359e-05 
1.900995e-05 
1.924365e-05 
1.949626e-05 
1.976937e-05 
2.006457e-05 
2.038333e-05 
2.072679e-05 
2.109532e-05 
2.148801e-05 
2.190163e-05 
2.232897e-05 
2.275589e-05 
2.315621e-05 
2.348245e-05 
2.364897e-05 
2.349997e-05 
2.274733e-05 
2.084662e-05 
1.674832e-05 
8.424812e-06 
-7.812955e-06 
-3.722982e-05 
-8.305364e-05 
-1.421574e-04 
-2.102608e-04 
-2.876933e-04 
-3.757850e-04 
-4.622558e-04 
-4.658052e-04 
-4.658052e-04 
-4.658052e-04 
-4.658052e-04 
-4.658052e-04 
-4.658052e-04 
-4.658052e-04 
-4.658052e-04 
-4.658052e-04 
-4.658052e-04 
-4.658052e-04 
-4.658052e-04 
-4.658052e-04 
-4.658052e-04 
-4.658052e-04 
-4.658052e-04 
-4.658052e-04 
-4.658052e-04 
-4.658052e-04 
-4.658052e-04 
-4.658052e-04 
-4.658052e-04 
-4.658052e-04 
-4.658052e-04 
-4.658052e-04 
-4.658052e-04 
-4.658052e-04 
-4.658052e-04 
-4.658052e-04 
-4.658052e-04 
-4.658052e-04 
-4.658052e-04 
-4.658052e-04 
-4.658052e-04 
-4.658052e-04 
-4.658052e-04 
-4.658052e-04 
-4.658052e-04 
-4.658052e-04 
-4.658052e-04 
-4.658052e-04 
-4.658052e-04 
-4.658052e-04 
-4.658052e-04 
-4.658052e-04 
-4.658052e-04 
-4.658052e-04 
-4.658052e-04 
-4.658052e-04 
-4.658052e-04 
-4.658052e-04 
-4.658052e-04 
-4.658052e-04 
-4.658052e-04 
-4.658052e-04 
-4.658052e-04 
-4.658052e-04 
-4.658052e-04 
-4.658052e-04 
-4.658052e-04 
-4.658052e-04 
-4.658052e-04 
-4.658052e-04 
-4.998790e-04 
-5.581903e-04 
-6.266338e-04 
-7.074865e-04 
-8.036732e-04 
-9.189201e-04 
-1.057994e-03 
-1.227045e-03 
-1.433947e-03 
-1.689840e-03 
-2.010538e-03 
-2.418137e-03 
-2.944162e-03 
-3.634654e-03 
-4.558581e-03 
-5.822213e-03 
-7.594691e-03 
-1.015544e-02 
-1.398653e-02 
-1.996261e-02 
-2.976404e-02 
-4.681788e-02 
-7.840360e-02 
-1.390192e-01 
-2.462482e-01 
-3.923206e-01 
-5.463998e-01 
-6.918649e-01 
-8.216956e-01 
-9.261482e-01 
-9.542476e-01 
-9.542476e-01 
-9.542476e-01 
-9.542476e-01 
-9.542476e-01 
-9.542476e-01 
-9.542476e-01 
-9.542476e-01 
-9.542476e-01 
-9.542476e-01 
-9.542476e-01 
-9.542476e-01 
-9.542476e-01 
-9.542476e-01 
-9.542476e-01 
-9.542476e-01 
-9.542476e-01 
-9.542476e-01 
-9.542476e-01 
-9.542476e-01 
-9.542476e-01 
-9.542476e-01 
-9.542476e-01 
-9.542476e-01 
-9.542476e-01 
-9.542476e-01 
-9.542476e-01 
-9.542476e-01 
-9.542476e-01 
-9.542476e-01 
-9.542476e-01 
-9.542476e-01 
-9.542476e-01 
-9.542476e-01 
-9.542476e-01 
-9.542476e-01 
-9.542476e-01 
-9.542476e-01 
-9.542476e-01 
-9.542476e-01 
-9.542476e-01 
-9.542476e-01 
-9.542476e-01 
-9.542476e-01 
-9.542476e-01 
-9.542476e-01 
-9.542476e-01 
-9.542476e-01 
-9.542476e-01 
-9.542476e-01 
-9.542476e-01 
-9.542476e-01 
-9.542476e-01 
-9.542476e-01 
-9.542476e-01 
-9.542476e-01 
-9.542476e-01 
-9.542476e-01 
-9.542476e-01 
-9.542476e-01 
-9.542476e-01 
-9.542476e-01 
-9.542476e-01 
-9.542475e-01 
-9.542471e-01 
-9.542465e-01 
-9.542458e-01 
-9.542448e-01 
-9.542433e-01 
-9.542412e-01 
-9.542398e-01 
-9.542390e-01 
-9.542384e-01 
-9.542378e-01 
-9.542373e-01 
-9.542368e-01 
-9.542364e-01 
-9.542360e-01 
-9.542357e-01 
-9.542354e-01 
-9.542351e-01 
-9.542348e-01 
-9.542346e-01 
-9.542344e-01 
-9.542342e-01 
-9.542340e-01 
-9.542338e-01 
-9.542336e-01 
-9.542335e-01 
-9.542333e-01 
-9.542332e-01 
-9.542331e-01 
-9.542329e-01 
-9.542328e-01 
-9.542328e-01 
-9.542328e-01 
-9.542328e-01 
-9.542328e-01 
-9.542328e-01 
-9.542328e-01 
-9.542328e-01 
-9.542328e-01 
-9.542328e-01 
-9.542328e-01 
-9.542328e-01 
-9.542328e-01 
-9.542328e-01 
-9.542328e-01 
-9.542328e-01 
-9.542328e-01 
-9.542328e-01 
-9.542328e-01 
-9.542328e-01 
-9.542328e-01 
-9.542328e-01 
-9.542328e-01 
-9.542328e-01 
-9.542328e-01 
-9.542328e-01 
-9.542328e-01 
-9.542328e-01 
-9.542328e-01 
-9.542328e-01 
-9.542328e-01 
-9.542328e-01 
-9.542328e-01 
-9.542328e-01 
-9.542328e-01 
-9.542328e-01 
-9.542328e-01 
-9.542328e-01 
-9.542328e-01 
-9.542328e-01 
-9.542328e-01 
-9.542328e-01 
-9.542328e-01 
-9.542328e-01 
-9.542328e-01 
-9.542328e-01 
-9.542328e-01 
-9.542328e-01 
-9.542328e-01 
-9.542328e-01 
-9.542328e-01 
-9.542328e-01 
-9.542328e-01 
-9.542328e-01 
-9.542328e-01 
-9.542328e-01 
-9.542328e-01 
-9.542328e-01 
-9.542328e-01 
-9.542328e-01 
-9.542328e-01 
-9.542328e-01 
-9.542328e-01 
-9.542328e-01 
-8.887642e-01 
-7.736136e-01 
-6.369527e-01 
-4.801321e-01 
-2.910612e-01 
-7.544047e-02 
-8.785488e-04 
5.669346e-04 
3.039748e-04 
1.845342e-04 
1.214459e-04 
8.454904e-05 
6.141348e-05 
4.614025e-05 
3.564805e-05 
2.820978e-05 
2.280355e-05 
1.879898e-05 
1.579537e-05 
1.353436e-05 
1.185228e-05 
1.065656e-05 
9.927671e-06 
9.910076e-06 
1.367830e-05 
1.610175e-05 
1.722619e-05 
1.791132e-05 
1.827781e-05 
1.834988e-05 
1.839730e-05 
1.839728e-05 
1.839728e-05 
1.839728e-05 
1.839728e-05 
1.839728e-05 
1.839728e-05 
1.839728e-05 
1.839728e-05 
1.839728e-05 
1.839728e-05 
1.839728e-05 
1.839728e-05 
1.839728e-05 
1.839728e-05 
1.839728e-05 
1.839728e-05 
1.839728e-05 
1.839728e-05 
1.839728e-05 
1.839728e-05 
1.839728e-05 
1.839728e-05 
1.839728e-05 
1.839728e-05 
1.839728e-05 
1.839728e-05 
1.839728e-05 
1.839728e-05 
1.839728e-05 
1.839728e-05 
1.839728e-05 
1.839728e-05 
1.839728e-05 
1.839728e-05 
1.839728e-05 
1.839728e-05 
1.839728e-05 
1.839728e-05 
1.839728e-05 
1.839728e-05 
1.839728e-05 
1.839728e-05 
1.839728e-05 
1.839728e-05 
1.839728e-05 
1.839728e-05 
1.839728e-05 
1.839728e-05 
1.839728e-05 
1.839728e-05 
1.839728e-05 
1.839728e-05 
1.839728e-05 
1.839728e-05 
1.839728e-05 
1.839728e-05 
1.839728e-05 
1.839728e-05 
1.839728e-05 
1.839728e-05 
1.839728e-05 
1.839728e-05 
1.842061e-05 
1.860634e-05 
1.880786e-05 
1.902536e-05 
1.926030e-05 
1.951426e-05 
1.978883e-05 
2.008560e-05 
2.040602e-05 
2.075119e-05 
2.112143e-05 
2.151568e-05 
2.193053e-05 
2.235839e-05 
2.278451e-05 
2.318159e-05 
2.350021e-05 
2.365118e-05 
2.347212e-05 
2.266230e-05 
2.065262e-05 
1.634492e-05 
7.620365e-06 
-9.342737e-06 
-3.983950e-05 
-8.673686e-05 
-1.465503e-04 
-2.152311e-04 
-2.933888e-04 
-3.820807e-04 
-4.642695e-04 
-4.658052e-04 
-4.658052e-04 
-4.658052e-04 
-4.658052e-04 
-4.658052e-04 
-4.658052e-04 
-4.658052e-04 
-4.658052e-04 
-4.658052e-04 
-4.658052e-04 
-4.658052e-04 
-4.658052e-04 
-4.658052e-04 
-4.658052e-04 
-4.658052e-04 
-4.658052e-04 
-4.658052e-04 
-4.658052e-04 
-4.658052e-04 
-4.658052e-04 
-4.658052e-04 
-4.658052e-04 
-4.658052e-04 
-4.658052e-04 
-4.658052e-04 
-4.658052e-04 
-4.658052e-04 
-4.658052e-04 
-4.658052e-04 
-4.658052e-04 
-4.658052e-04 
-4.658052e-04 
-4.658052e-04 
-4.658052e-04 
-4.658052e-04 
-4.658052e-04 
-4.658052e-04 
-4.658052e-04 
-4.658052e-04 
-4.658052e-04 
-4.658052e-04 
-4.658052e-04 
-4.658052e-04 
-4.658052e-04 
-4.658052e-04 
-4.658052e-04 
-4.658052e-04 
-4.658052e-04 
-4.658052e-04 
-4.658052e-04 
-4.658052e-04 
-4.658052e-04 
-4.658052e-04 
-4.658052e-04 
-4.658052e-04 
-4.658052e-04 
-4.658052e-04 
-4.658052e-04 
-4.658052e-04 
-4.658052e-04 
-4.658052e-04 
-4.658052e-04 
-4.658052e-04 
-5.035818e-04 
-5.625248e-04 
-6.317376e-04 
-7.135375e-04 
-8.108986e-04 
-9.276091e-04 
-1.068520e-03 
-1.239883e-03 
-1.449732e-03 
-1.709493e-03 
-2.035343e-03 
-2.449904e-03 
-2.985504e-03 
-3.689435e-03 
-4.632665e-03 
-5.924780e-03 
-7.740606e-03 
-1.036976e-02 
-1.431352e-02 
-2.048473e-02 
-3.064436e-02 
-4.839767e-02 
-8.140768e-02 
-1.447292e-01 
-2.553328e-01 
-4.028976e-01 
-5.567149e-01 
-7.013179e-01 
-8.297964e-01 
-9.319826e-01 
-9.542476e-01 
-9.542476e-01 
-9.542476e-01 
-9.542476e-01 
-9.542476e-01 
-9.542476e-01 
-9.542476e-01 
-9.542476e-01 
-9.542476e-01 
-9.542476e-01 
-9.542476e-01 
-9.542476e-01 
-9.542476e-01 
-9.542476e-01 
-9.542476e-01 
-9.542476e-01 
-9.542476e-01 
-9.542476e-01 
-9.542476e-01 
-9.542476e-01 
-9.542476e-01 
-9.542476e-01 
-9.542476e-01 
-9.542476e-01 
-9.542476e-01 
-9.542476e-01 
-9.542476e-01 
-9.542476e-01 
-9.542476e-01 
-9.542476e-01 
-9.542476e-01 
-9.542476e-01 
-9.542476e-01 
-9.542476e-01 
-9.542476e-01 
-9.542476e-01 
-9.542476e-01 
-9.542476e-01 
-9.542476e-01 
-9.542476e-01 
-9.542476e-01 
-9.542476e-01 
-9.542476e-01 
-9.542476e-01 
-9.542476e-01 
-9.542476e-01 
-9.542476e-01 
-9.542476e-01 
-9.542476e-01 
-9.542476e-01 
-9.542476e-01 
-9.542476e-01 
-9.542476e-01 
-9.542476e-01 
-9.542476e-01 
-9.542476e-01 
-9.542476e-01 
-9.542476e-01 
-9.542476e-01 
-9.542476e-01 
-9.542476e-01 
-9.542476e-01 
-9.542476e-01 
-9.542475e-01 
-9.542471e-01 
-9.542465e-01 
-9.542457e-01 
-9.542447e-01 
-9.542432e-01 
-9.542410e-01 
-9.542397e-01 
-9.542390e-01 
-9.542383e-01 
-9.542378e-01 
-9.542373e-01 
-9.542368e-01 
-9.542364e-01 
-9.542360e-01 
-9.542357e-01 
-9.542354e-01 
-9.542351e-01 
-9.542348e-01 
-9.542346e-01 
-9.542344e-01 
-9.542342e-01 
-9.542340e-01 
-9.542338e-01 
-9.542336e-01 
-9.542335e-01 
-9.542333e-01 
-9.542332e-01 
-9.542331e-01 
-9.542329e-01 
-9.542328e-01 
-9.542328e-01 
-9.542328e-01 
-9.542328e-01 
-9.542328e-01 
-9.542328e-01 
-9.542328e-01 
-9.542328e-01 
-9.542328e-01 
-9.542328e-01 
-9.542328e-01 
-9.542328e-01 
-9.542328e-01 
-9.542328e-01 
-9.542328e-01 
-9.542328e-01 
-9.542328e-01 
-9.542328e-01 
-9.542328e-01 
-9.542328e-01 
-9.542328e-01 
-9.542328e-01 
-9.542328e-01 
-9.542328e-01 
-9.542328e-01 
-9.542328e-01 
-9.542328e-01 
-9.542328e-01 
-9.542328e-01 
-9.542328e-01 
-9.542328e-01 
-9.542328e-01 
-9.542328e-01 
-9.542328e-01 
-9.542328e-01 
-9.542328e-01 
-9.542328e-01 
-9.542328e-01 
-9.542328e-01 
-9.542328e-01 
-9.542328e-01 
-9.542328e-01 
-9.542328e-01 
-9.542328e-01 
-9.542328e-01 
-9.542328e-01 
-9.542328e-01 
-9.542328e-01 
-9.542328e-01 
-9.542328e-01 
-9.542328e-01 
-9.542328e-01 
-9.542328e-01 
-9.542328e-01 
-9.542328e-01 
-9.542328e-01 
-9.542328e-01 
-9.542328e-01 
-9.542328e-01 
-9.542328e-01 
-9.542328e-01 
-9.542328e-01 
-9.542328e-01 
-9.542328e-01 
-8.817784e-01 
-7.648740e-01 
-6.269300e-01 
-4.684640e-01 
-2.764773e-01 
-6.407100e-02 
-3.699745e-04 
5.215583e-04 
2.809002e-04 
1.708036e-04 
1.122317e-04 
7.782230e-05 
5.617164e-05 
4.182909e-05 
3.193220e-05 
2.486822e-05 
1.967644e-05 
1.575701e-05 
1.271880e-05 
1.029469e-05 
8.291193e-06 
6.557133e-06 
4.977810e-06 
3.721080e-06 
5.901957e-06 
6.048927e-06 
5.392904e-06 
4.920440e-06 
4.773346e-06 
4.918449e-06 
5.043931e-06 
5.043929e-06 
5.043929e-06 
5.043929e-06 
5.043929e-06 
5.043929e-06 
5.043929e-06 
5.043929e-06 
5.043929e-06 
5.043929e-06 
5.043929e-06 
5.043929e-06 
5.043929e-06 
5.043929e-06 
5.043929e-06 
5.043929e-06 
5.043929e-06 
5.043929e-06 
5.043929e-06 
5.043929e-06 
5.043929e-06 
5.043929e-06 
5.043929e-06 
5.043929e-06 
5.043929e-06 
5.043929e-06 
5.043929e-06 
5.043929e-06 
5.043929e-06 
5.043929e-06 
5.043929e-06 
5.043929e-06 
5.043929e-06 
5.043929e-06 
5.043929e-06 
5.043929e-06 
5.043929e-06 
5.043929e-06 
5.043929e-06 
5.043929e-06 
5.043929e-06 
5.043929e-06 
5.043929e-06 
5.043929e-06 
5.043929e-06 
5.043929e-06 
5.043929e-06 
5.043929e-06 
5.043929e-06 
5.043929e-06 
5.043929e-06 
5.043929e-06 
5.043929e-06 
5.043929e-06 
5.043929e-06 
5.043929e-06 
5.043929e-06 
5.043929e-06 
5.043929e-06 
5.043929e-06 
5.043929e-06 
5.043929e-06 
5.043929e-06 
5.073335e-06 
5.253944e-06 
5.458570e-06 
5.690381e-06 
5.954375e-06 
6.256748e-06 
6.605261e-06 
7.009703e-06 
7.482482e-06 
8.039741e-06 
8.702651e-06 
9.499352e-06 
1.046788e-05 
1.166060e-05 
1.315117e-05 
1.504571e-05 
1.750131e-05 
2.075794e-05 
2.519532e-05 
3.143815e-05 
4.055525e-05 
5.442751e-05 
7.630309e-05 
1.108691e-04 
1.611410e-04 
2.229665e-04 
2.892887e-04 
3.571878e-04 
4.250517e-04 
4.869992e-04 
5.269355e-04 
5.272029e-04 
5.272029e-04 
5.272029e-04 
5.272029e-04 
5.272029e-04 
5.272029e-04 
5.272029e-04 
5.272029e-04 
5.272029e-04 
5.272029e-04 
5.272029e-04 
5.272029e-04 
5.272029e-04 
5.272029e-04 
5.272029e-04 
5.272029e-04 
5.272029e-04 
5.272029e-04 
5.272029e-04 
5.272029e-04 
5.272029e-04 
5.272029e-04 
5.272029e-04 
5.272029e-04 
5.272029e-04 
5.272029e-04 
5.272029e-04 
5.272029e-04 
5.272029e-04 
5.272029e-04 
5.272029e-04 
5.272029e-04 
5.272029e-04 
5.272029e-04 
5.272029e-04 
5.272029e-04 
5.272029e-04 
5.272029e-04 
5.272029e-04 
5.272029e-04 
5.272029e-04 
5.272029e-04 
5.272029e-04 
5.272029e-04 
5.272029e-04 
5.272029e-04 
5.272029e-04 
5.272029e-04 
5.272029e-04 
5.272029e-04 
5.272029e-04 
5.272029e-04 
5.272029e-04 
5.272029e-04 
5.272029e-04 
5.272029e-04 
5.272029e-04 
5.272029e-04 
5.272029e-04 
5.272029e-04 
5.272029e-04 
5.272029e-04 
5.272029e-04 
5.724287e-04 
6.362276e-04 
7.086457e-04 
7.544756e-04 
8.533738e-04 
9.694321e-04 
1.116012e-03 
1.294756e-03 
1.513832e-03 
1.785157e-03 
2.125580e-03 
2.558759e-03 
3.118532e-03 
3.854437e-03 
4.840871e-03 
6.192808e-03 
8.093871e-03 
1.084863e-02 
1.498501e-02 
2.146584e-02 
3.215090e-02 
5.084693e-02 
8.559965e-02 
1.518413e-01 
2.654429e-01 
4.138380e-01 
5.670833e-01 
7.107194e-01 
8.377809e-01 
9.376171e-01 
9.542477e-01 
9.542477e-01 
9.542477e-01 
9.542477e-01 
9.542477e-01 
9.542477e-01 
9.542477e-01 
9.542477e-01 
9.542477e-01 
9.542477e-01 
9.542477e-01 
9.542477e-01 
9.542477e-01 
9.542477e-01 
9.542477e-01 
9.542477e-01 
9.542477e-01 
9.542477e-01 
9.542477e-01 
9.542477e-01 
9.542477e-01 
9.542477e-01 
9.542477e-01 
9.542477e-01 
9.542477e-01 
9.542477e-01 
9.542477e-01 
9.542477e-01 
9.542477e-01 
9.542477e-01 
9.542477e-01 
9.542477e-01 
9.542477e-01 
9.542477e-01 
9.542477e-01 
9.542477e-01 
9.542477e-01 
9.542477e-01 
9.542477e-01 
9.542477e-01 
9.542477e-01 
9.542477e-01 
9.542477e-01 
9.542477e-01 
9.542477e-01 
9.542477e-01 
9.542477e-01 
9.542477e-01 
9.542477e-01 
9.542477e-01 
9.542477e-01 
9.542477e-01 
9.542477e-01 
9.542477e-01 
9.542477e-01 
9.542477e-01 
9.542477e-01 
9.542477e-01 
9.542477e-01 
9.542477e-01 
9.542477e-01 
9.542477e-01 
9.542477e-01 
9.542476e-01 
9.542472e-01 
9.542467e-01 
9.542461e-01 
9.542454e-01 
9.542446e-01 
9.542436e-01 
9.542426e-01 
9.542416e-01 
9.542406e-01 
9.542397e-01 
9.542389e-01 
9.542382e-01 
9.542376e-01 
9.542371e-01 
9.542366e-01 
9.542362e-01 
9.542358e-01 
9.542355e-01 
9.542352e-01 
9.542349e-01 
9.542347e-01 
9.542344e-01 
9.542342e-01 
9.542340e-01 
9.542339e-01 
9.542337e-01 
9.542335e-01 
9.542334e-01 
9.542332e-01 
9.542331e-01 
9.542331e-01 
9.542331e-01 
9.542331e-01 
9.542331e-01 
9.542331e-01 
9.542331e-01 
9.542331e-01 
9.542331e-01 
9.542331e-01 
9.542331e-01 
9.542331e-01 
9.542331e-01 
9.542331e-01 
9.542331e-01 
9.542331e-01 
9.542331e-01 
9.542331e-01 
9.542331e-01 
9.542331e-01 
9.542331e-01 
9.542331e-01 
9.542331e-01 
9.542331e-01 
9.542331e-01 
9.542331e-01 
9.542331e-01 
9.542331e-01 
9.542331e-01 
9.542331e-01 
9.542331e-01 
9.542331e-01 
9.542331e-01 
9.542331e-01 
9.542331e-01 
9.542331e-01 
9.542331e-01 
9.542331e-01 
9.542331e-01 
9.542331e-01 
9.542331e-01 
9.542331e-01 
9.542331e-01 
9.542331e-01 
9.542331e-01 
9.542331e-01 
9.542331e-01 
9.542331e-01 
9.542331e-01 
9.542331e-01 
9.542331e-01 
9.542331e-01 
9.542331e-01 
9.542331e-01 
9.542331e-01 
9.542331e-01 
9.542331e-01 
9.542331e-01 
9.542331e-01 
9.542331e-01 
9.542331e-01 
9.542331e-01 
9.542331e-01 
9.542331e-01 
8.746454e-01 
7.560631e-01 
6.169408e-01 
4.572225e-01 
2.641834e-01 
5.956779e-02 
2.452285e-03 
5.220948e-04 
2.821656e-04 
1.735692e-04 
1.152393e-04 
8.074861e-05 
5.894985e-05 
4.447202e-05 
3.447895e-05 
2.736778e-05 
2.218405e-05 
1.833615e-05 
1.544682e-05 
1.327277e-05 
1.166060e-05 
1.052427e-05 
9.835031e-06 
9.583433e-06 
7.236727e-06 
3.761540e-06 
3.260191e-06 
2.734799e-06 
2.022368e-06 
1.139443e-06 
8.693984e-07 
8.693993e-07 
8.693993e-07 
8.693993e-07 
8.693993e-07 
8.693993e-07 
8.693993e-07 
8.693993e-07 
8.693993e-07 
8.693993e-07 
8.693993e-07 
8.693993e-07 
8.693993e-07 
8.693993e-07 
8.693993e-07 
8.693993e-07 
8.693993e-07 
8.693993e-07 
8.693993e-07 
8.693993e-07 
8.693993e-07 
8.693993e-07 
8.693993e-07 
8.693993e-07 
8.693993e-07 
8.693993e-07 
8.693993e-07 
8.693993e-07 
8.693993e-07 
8.693993e-07 
8.693993e-07 
8.693993e-07 
8.693993e-07 
8.693993e-07 
8.693993e-07 
8.693993e-07 
8.693993e-07 
8.693993e-07 
8.693993e-07 
8.693993e-07 
8.693993e-07 
8.693993e-07 
8.693993e-07 
8.693993e-07 
8.693993e-07 
8.693993e-07 
8.693993e-07 
8.693993e-07 
8.693993e-07 
8.693993e-07 
8.693993e-07 
8.693993e-07 
8.693993e-07 
8.693993e-07 
8.693993e-07 
8.693993e-07 
8.693993e-07 
8.693993e-07 
8.693993e-07 
8.693993e-07 
8.693993e-07 
8.693993e-07 
8.693993e-07 
9.117089e-07 
1.098838e-06 
1.309539e-06 
1.547531e-06 
1.817775e-06 
2.126405e-06 
2.481078e-06 
2.891465e-06 
3.369938e-06 
3.932463e-06 
4.599879e-06 
5.399876e-06 
6.369897e-06 
7.561530e-06 
9.047395e-06 
1.093225e-05 
1.337155e-05 
1.660346e-05 
2.100666e-05 
2.720831e-05 
3.629199e-05 
5.019222e-05 
7.231876e-05 
1.077146e-04 
1.596387e-04 
2.233244e-04 
2.910010e-04 
3.594955e-04 
4.268566e-04 
4.869393e-04 
5.224645e-04 
5.225569e-04 
5.225569e-04 
5.225569e-04 
5.225569e-04 
5.225569e-04 
5.225569e-04 
5.225569e-04 
5.225569e-04 
5.225569e-04 
5.225569e-04 
5.225569e-04 
5.225569e-04 
5.225569e-04 
5.225569e-04 
5.225569e-04 
5.225569e-04 
5.225569e-04 
5.225569e-04 
5.225569e-04 
5.225569e-04 
5.225569e-04 
5.225569e-04 
5.225569e-04 
5.225569e-04 
5.225569e-04 
5.225569e-04 
5.225569e-04 
5.225569e-04 
5.225569e-04 
5.225569e-04 
5.225569e-04 
5.225569e-04 
5.225569e-04 
5.225569e-04 
5.225569e-04 
5.225569e-04 
5.225569e-04 
5.225569e-04 
5.225569e-04 
5.225569e-04 
5.225569e-04 
5.225569e-04 
5.225569e-04 
5.225569e-04 
5.225569e-04 
5.225569e-04 
5.225569e-04 
5.225569e-04 
5.225569e-04 
5.225569e-04 
5.225569e-04 
5.225569e-04 
5.225569e-04 
5.225569e-04 
5.225569e-04 
5.225569e-04 
5.225569e-04 
5.225569e-04 
5.225569e-04 
5.225569e-04 
5.225569e-04 
5.225569e-04 
5.225569e-04 
5.724203e-04 
6.378667e-04 
7.133442e-04 
7.777610e-04 
8.542734e-04 
9.776891e-04 
1.126852e-03 
1.308307e-03 
1.530558e-03 
1.806007e-03 
2.151926e-03 
2.592541e-03 
3.162559e-03 
3.912871e-03 
4.920046e-03 
6.302672e-03 
8.250593e-03 
1.107959e-02 
1.533878e-02 
2.203344e-02 
3.311324e-02 
5.258312e-02 
8.890362e-02 
1.580168e-01 
2.748468e-01 
4.244207e-01 
5.772956e-01 
7.200203e-01 
8.456370e-01 
9.430451e-01 
9.542477e-01 
9.542477e-01 
9.542477e-01 
9.542477e-01 
9.542477e-01 
9.542477e-01 
9.542477e-01 
9.542477e-01 
9.542477e-01 
9.542477e-01 
9.542477e-01 
9.542477e-01 
9.542477e-01 
9.542477e-01 
9.542477e-01 
9.542477e-01 
9.542477e-01 
9.542477e-01 
9.542477e-01 
9.542477e-01 
9.542477e-01 
9.542477e-01 
9.542477e-01 
9.542477e-01 
9.542477e-01 
9.542477e-01 
9.542477e-01 
9.542477e-01 
9.542477e-01 
9.542477e-01 
9.542477e-01 
9.542477e-01 
9.542477e-01 
9.542477e-01 
9.542477e-01 
9.542477e-01 
9.542477e-01 
9.542477e-01 
9.542477e-01 
9.542477e-01 
9.542477e-01 
9.542477e-01 
9.542477e-01 
9.542477e-01 
9.542477e-01 
9.542477e-01 
9.542477e-01 
9.542477e-01 
9.542477e-01 
9.542477e-01 
9.542477e-01 
9.542477e-01 
9.542477e-01 
9.542477e-01 
9.542477e-01 
9.542477e-01 
9.542477e-01 
9.542477e-01 
9.542477e-01 
9.542477e-01 
9.542477e-01 
9.542477e-01 
9.542477e-01 
9.542476e-01 
9.542472e-01 
9.542467e-01 
9.542461e-01 
9.542453e-01 
9.542445e-01 
9.542436e-01 
9.542425e-01 
9.542415e-01 
9.542405e-01 
9.542396e-01 
9.542388e-01 
9.542382e-01 
9.542376e-01 
9.542371e-01 
9.542366e-01 
9.542362e-01 
9.542358e-01 
9.542355e-01 
9.542352e-01 
9.542349e-01 
9.542347e-01 
9.542344e-01 
9.542342e-01 
9.542340e-01 
9.542338e-01 
9.542337e-01 
9.542335e-01 
9.542334e-01 
9.542332e-01 
9.542331e-01 
9.542331e-01 
9.542331e-01 
9.542331e-01 
9.542331e-01 
9.542331e-01 
9.542331e-01 
9.542331e-01 
9.542331e-01 
9.542331e-01 
9.542331e-01 
9.542331e-01 
9.542331e-01 
9.542331e-01 
9.542331e-01 
9.542331e-01 
9.542331e-01 
9.542331e-01 
9.542331e-01 
9.542331e-01 
9.542331e-01 
9.542331e-01 
9.542331e-01 
9.542331e-01 
9.542331e-01 
9.542331e-01 
9.542331e-01 
9.542331e-01 
9.542331e-01 
9.542331e-01 
9.542331e-01 
9.542331e-01 
9.542331e-01 
9.542331e-01 
9.542331e-01 
9.542331e-01 
9.542331e-01 
9.542331e-01 
9.542331e-01 
9.542331e-01 
9.542331e-01 
9.542331e-01 
9.542331e-01 
9.542331e-01 
9.542331e-01 
9.542331e-01 
9.542331e-01 
9.542331e-01 
9.542331e-01 
9.542331e-01 
9.542331e-01 
9.542331e-01 
9.542331e-01 
9.542331e-01 
9.542331e-01 
9.542331e-01 
9.542331e-01 
9.542331e-01 
9.542331e-01 
9.542331e-01 
9.542331e-01 
9.542331e-01 
9.542331e-01 
9.542331e-01 
8.673649e-01 
7.471405e-01 
6.067481e-01 
4.453004e-01 
2.493925e-01 
5.014219e-02 
2.007003e-03 
4.969028e-04 
2.720815e-04 
1.684224e-04 
1.122981e-04 
7.893555e-05 
5.776861e-05 
4.366900e-05 
3.391443e-05 
2.696019e-05 
2.188360e-05 
1.811141e-05 
1.527757e-05 
1.314611e-05 
1.156920e-05 
1.046784e-05 
9.844120e-06 
1.014878e-05 
1.454211e-05 
1.637616e-05 
1.739785e-05 
1.800964e-05 
1.831876e-05 
1.831637e-05 
1.839728e-05 
1.839728e-05 
1.839728e-05 
1.839728e-05 
1.839728e-05 
1.839728e-05 
1.839728e-05 
1.839728e-05 
1.839728e-05 
1.839728e-05 
1.839728e-05 
1.839728e-05 
1.839728e-05 
1.839728e-05 
1.839728e-05 
1.839728e-05 
1.839728e-05 
1.839728e-05 
1.839728e-05 
1.839728e-05 
1.839728e-05 
1.839728e-05 
1.839728e-05 
1.839728e-05 
1.839728e-05 
1.839728e-05 
1.839728e-05 
1.839728e-05 
1.839728e-05 
1.839728e-05 
1.839728e-05 
1.839728e-05 
1.839728e-05 
1.839728e-05 
1.839728e-05 
1.839728e-05 
1.839728e-05 
1.839728e-05 
1.839728e-05 
1.839728e-05 
1.839728e-05 
1.839728e-05 
1.839728e-05 
1.839728e-05 
1.839728e-05 
1.839728e-05 
1.839728e-05 
1.839728e-05 
1.839728e-05 
1.839728e-05 
1.839728e-05 
1.839728e-05 
1.839728e-05 
1.839728e-05 
1.839728e-05 
1.839728e-05 
1.839728e-05 
1.839728e-05 
1.839728e-05 
1.839728e-05 
1.839728e-05 
1.839728e-05 
1.839728e-05 
1.845666e-05 
1.864644e-05 
1.885113e-05 
1.907208e-05 
1.931079e-05 
1.956885e-05 
1.984785e-05 
2.014935e-05 
2.047478e-05 
2.082510e-05 
2.120041e-05 
2.159927e-05 
2.201758e-05 
2.244660e-05 
2.286954e-05 
2.325552e-05 
2.354879e-05 
2.364859e-05 
2.337095e-05 
2.237373e-05 
2.000654e-05 
1.501120e-05 
4.974266e-06 
-1.432338e-05 
-4.814775e-05 
-9.814098e-05 
-1.599619e-04 
-2.304082e-04 
-3.107952e-04 
-4.009868e-04 
-4.657292e-04 
-4.658052e-04 
-4.658052e-04 
-4.658052e-04 
-4.658052e-04 
-4.658052e-04 
-4.658052e-04 
-4.658052e-04 
-4.658052e-04 
-4.658052e-04 
-4.658052e-04 
-4.658052e-04 
-4.658052e-04 
-4.658052e-04 
-4.658052e-04 
-4.658052e-04 
-4.658052e-04 
-4.658052e-04 
-4.658052e-04 
-4.658052e-04 
-4.658052e-04 
-4.658052e-04 
-4.658052e-04 
-4.658052e-04 
-4.658052e-04 
-4.658052e-04 
-4.658052e-04 
-4.658052e-04 
-4.658052e-04 
-4.658052e-04 
-4.658052e-04 
-4.658052e-04 
-4.658052e-04 
-4.658052e-04 
-4.658052e-04 
-4.658052e-04 
-4.658052e-04 
-4.658052e-04 
-4.658052e-04 
-4.658052e-04 
-4.658052e-04 
-4.658052e-04 
-4.658052e-04 
-4.658052e-04 
-4.658052e-04 
-4.658052e-04 
-4.658052e-04 
-4.658052e-04 
-4.658052e-04 
-4.658052e-04 
-4.658052e-04 
-4.658052e-04 
-4.658052e-04 
-4.658052e-04 
-4.658052e-04 
-4.658052e-04 
-4.658052e-04 
-4.658052e-04 
-4.658052e-04 
-4.658052e-04 
-4.658052e-04 
-4.658052e-04 
-4.658052e-04 
-4.660199e-04 
-5.149293e-04 
-5.758177e-04 
-6.474041e-04 
-7.321293e-04 
-8.331206e-04 
-9.543584e-04 
-1.100956e-03 
-1.279480e-03 
-1.498493e-03 
-1.770316e-03 
-2.112259e-03 
-2.548618e-03 
-3.114273e-03 
-3.860514e-03 
-4.864734e-03 
-6.247199e-03 
-8.201178e-03 
-1.104956e-02 
-1.535672e-02 
-2.216212e-02 
-3.349601e-02 
-5.356069e-02 
-9.127912e-02 
-1.632760e-01 
-2.836426e-01 
-4.347147e-01 
-5.873763e-01 
-7.292255e-01 
-8.533616e-01 
-9.482604e-01 
-9.542476e-01 
-9.542476e-01 
-9.542476e-01 
-9.542476e-01 
-9.542476e-01 
-9.542476e-01 
-9.542476e-01 
-9.542476e-01 
-9.542476e-01 
-9.542476e-01 
-9.542476e-01 
-9.542476e-01 
-9.542476e-01 
-9.542476e-01 
-9.542476e-01 
-9.542476e-01 
-9.542476e-01 
-9.542476e-01 
-9.542476e-01 
-9.542476e-01 
-9.542476e-01 
-9.542476e-01 
-9.542476e-01 
-9.542476e-01 
-9.542476e-01 
-9.542476e-01 
-9.542476e-01 
-9.542476e-01 
-9.542476e-01 
-9.542476e-01 
-9.542476e-01 
-9.542476e-01 
-9.542476e-01 
-9.542476e-01 
-9.542476e-01 
-9.542476e-01 
-9.542476e-01 
-9.542476e-01 
-9.542476e-01 
-9.542476e-01 
-9.542476e-01 
-9.542476e-01 
-9.542476e-01 
-9.542476e-01 
-9.542476e-01 
-9.542476e-01 
-9.542476e-01 
-9.542476e-01 
-9.542476e-01 
-9.542476e-01 
-9.542476e-01 
-9.542476e-01 
-9.542476e-01 
-9.542476e-01 
-9.542476e-01 
-9.542476e-01 
-9.542476e-01 
-9.542476e-01 
-9.542476e-01 
-9.542476e-01 
-9.542476e-01 
-9.542476e-01 
-9.542476e-01 
-9.542474e-01 
-9.542470e-01 
-9.542463e-01 
-9.542455e-01 
-9.542444e-01 
-9.542427e-01 
-9.542407e-01 
-9.542396e-01 
-9.542389e-01 
-9.542382e-01 
-9.542377e-01 
-9.542372e-01 
-9.542367e-01 
-9.542363e-01 
-9.542359e-01 
-9.542356e-01 
-9.542353e-01 
-9.542350e-01 
-9.542348e-01 
-9.542345e-01 
-9.542343e-01 
-9.542341e-01 
-9.542339e-01 
-9.542337e-01 
-9.542336e-01 
-9.542334e-01 
-9.542333e-01 
-9.542331e-01 
-9.542330e-01 
-9.542329e-01 
-9.542328e-01 
-9.542328e-01 
-9.542328e-01 
-9.542328e-01 
-9.542328e-01 
-9.542328e-01 
-9.542328e-01 
-9.542328e-01 
-9.542328e-01 
-9.542328e-01 
-9.542328e-01 
-9.542328e-01 
-9.542328e-01 
-9.542328e-01 
-9.542328e-01 
-9.542328e-01 
-9.542328e-01 
-9.542328e-01 
-9.542328e-01 
-9.542328e-01 
-9.542328e-01 
-9.542328e-01 
-9.542328e-01 
-9.542328e-01 
-9.542328e-01 
-9.542328e-01 
-9.542328e-01 
-9.542328e-01 
-9.542328e-01 
-9.542328e-01 
-9.542328e-01 
-9.542328e-01 
-9.542328e-01 
-9.542328e-01 
-9.542328e-01 
-9.542328e-01 
-9.542328e-01 
-9.542328e-01 
-9.542328e-01 
-9.542328e-01 
-9.542328e-01 
-9.542328e-01 
-9.542328e-01 
-9.542328e-01 
-9.542328e-01 
-9.542328e-01 
-9.542328e-01 
-9.542328e-01 
-9.542328e-01 
-9.542328e-01 
-9.542328e-01 
-9.542328e-01 
-9.542328e-01 
-9.542328e-01 
-9.542328e-01 
-9.542328e-01 
-9.542328e-01 
-9.542328e-01 
-9.542328e-01 
-9.542328e-01 
-9.542328e-01 
-9.542328e-01 
-9.542328e-01 
-9.516539e-01 
-8.599405e-01 
-7.380986e-01 
-5.963040e-01 
-4.324922e-01 
-2.313221e-01 
-3.597423e-02 
5.030688e-04 
4.718358e-04 
2.624971e-04 
1.634838e-04 
1.094587e-04 
7.717764e-05 
5.661956e-05 
4.288588e-05 
3.336278e-05 
2.656126e-05 
2.158919e-05 
1.789102e-05 
1.511155e-05 
1.302188e-05 
1.147927e-05 
1.040927e-05 
9.822673e-06 
1.027459e-05 
1.475409e-05 
1.646209e-05 
1.745120e-05 
1.803964e-05 
1.832972e-05 
1.830035e-05 
1.839728e-05 
1.839728e-05 
1.839728e-05 
1.839728e-05 
1.839728e-05 
1.839728e-05 
1.839728e-05 
1.839728e-05 
1.839728e-05 
1.839728e-05 
1.839728e-05 
1.839728e-05 
1.839728e-05 
1.839728e-05 
1.839728e-05 
1.839728e-05 
1.839728e-05 
1.839728e-05 
1.839728e-05 
1.839728e-05 
1.839728e-05 
1.839728e-05 
1.839728e-05 
1.839728e-05 
1.839728e-05 
1.839728e-05 
1.839728e-05 
1.839728e-05 
1.839728e-05 
1.839728e-05 
1.839728e-05 
1.839728e-05 
1.839728e-05 
1.839728e-05 
1.839728e-05 
1.839728e-05 
1.839728e-05 
1.839728e-05 
1.839728e-05 
1.839728e-05 
1.839728e-05 
1.839728e-05 
1.839728e-05 
1.839728e-05 
1.839728e-05 
1.839728e-05 
1.839728e-05 
1.839728e-05 
1.839728e-05 
1.839728e-05 
1.839728e-05 
1.839728e-05 
1.839728e-05 
1.839728e-05 
1.839728e-05 
1.839728e-05 
1.839728e-05 
1.839728e-05 
1.839728e-05 
1.839728e-05 
1.839728e-05 
1.839728e-05 
1.839728e-05 
1.846916e-05 
1.865995e-05 
1.886570e-05 
1.908782e-05 
1.932780e-05 
1.958724e-05 
1.986773e-05 
2.017083e-05 
2.049793e-05 
2.084997e-05 
2.122696e-05 
2.162732e-05 
2.204671e-05 
2.247597e-05 
2.289757e-05 
0.000000e+00 
0.000000e+00 
0.000000e+00 
0.000000e+00 
0.000000e+00 
0.000000e+00 
0.000000e+00 
0.000000e+00
#[#TRACE_DATA]
#[#TRACE]
