#[TRACE]
#data_labels=Output
#[TRACE_DATA]
2.309213e-05 
2.335541e-05 
2.342629e-05 
2.311825e-05 
2.210518e-05 
1.977893e-05 
1.497947e-05 
5.475174e-06 
-1.284749e-05 
-4.622816e-05 
-9.953619e-05 
-1.701134e-04 
-2.520300e-04 
-3.446507e-04 
-4.502734e-04 
-5.611513e-04 
-5.816374e-04 
-5.816374e-04 
-5.816374e-04 
-5.816374e-04 
-5.816374e-04 
-5.816374e-04 
-5.816374e-04 
-5.816374e-04 
-5.816374e-04 
-5.816374e-04 
-5.816374e-04 
-5.816374e-04 
-5.816374e-04 
-5.816374e-04 
-5.816374e-04 
-5.816374e-04 
-5.816374e-04 
-5.816374e-04 
-5.816374e-04 
-5.816374e-04 
-5.816374e-04 
-5.816374e-04 
-5.816374e-04 
-5.816374e-04 
-5.816374e-04 
-5.816374e-04 
-5.816374e-04 
-5.816374e-04 
-5.816374e-04 
-5.816374e-04 
-5.816374e-04 
-5.816374e-04 
-5.816374e-04 
-5.816374e-04 
-5.816374e-04 
-5.816374e-04 
-5.816374e-04 
-5.816374e-04 
-5.816374e-04 
-5.816374e-04 
-5.816374e-04 
-5.816374e-04 
-5.816374e-04 
-5.816374e-04 
-5.816374e-04 
-5.816374e-04 
-5.816374e-04 
-5.816374e-04 
-5.816374e-04 
-5.816374e-04 
-5.816374e-04 
-5.816374e-04 
-5.816374e-04 
-5.816374e-04 
-5.816374e-04 
-5.816374e-04 
-5.816374e-04 
-5.816374e-04 
-5.816374e-04 
-5.816374e-04 
-5.816374e-04 
-5.816374e-04 
-5.816374e-04 
-6.071197e-04 
-6.683983e-04 
-7.398522e-04 
-8.236975e-04 
-9.227829e-04 
-1.040737e-03 
-1.182182e-03 
-1.353081e-03 
-1.561026e-03 
-1.816514e-03 
-2.134552e-03 
-2.536048e-03 
-3.050651e-03 
-3.721405e-03 
-4.612366e-03 
-5.821536e-03 
-7.503654e-03 
-9.912050e-03 
-1.347928e-02 
-1.898092e-02 
-2.788740e-02 
-4.315860e-02 
-7.104259e-02 
-1.243335e-01 
-2.213881e-01 
-3.617819e-01 
-5.159139e-01 
-6.635689e-01 
-7.970191e-01 
-9.076533e-01 
-9.543232e-01 
-9.543232e-01 
-9.543232e-01 
-9.543232e-01 
-9.543232e-01 
-9.543232e-01 
-9.543232e-01 
-9.543232e-01 
-9.543232e-01 
-9.543232e-01 
-9.543232e-01 
-9.543232e-01 
-9.543232e-01 
-9.543232e-01 
-9.543232e-01 
-9.543232e-01 
-9.543232e-01 
-9.543232e-01 
-9.543232e-01 
-9.543232e-01 
-9.543232e-01 
-9.543232e-01 
-9.543232e-01 
-9.543232e-01 
-9.543232e-01 
-9.543232e-01 
-9.543232e-01 
-9.543232e-01 
-9.543232e-01 
-9.543232e-01 
-9.543232e-01 
-9.543232e-01 
-9.543232e-01 
-9.543232e-01 
-9.543232e-01 
-9.543232e-01 
-9.543232e-01 
-9.543232e-01 
-9.543232e-01 
-9.543232e-01 
-9.543232e-01 
-9.543232e-01 
-9.543232e-01 
-9.543232e-01 
-9.543232e-01 
-9.543232e-01 
-9.543232e-01 
-9.543232e-01 
-9.543232e-01 
-9.543232e-01 
-9.543232e-01 
-9.543232e-01 
-9.543232e-01 
-9.543232e-01 
-9.543232e-01 
-9.543232e-01 
-9.543232e-01 
-9.543232e-01 
-9.543232e-01 
-9.543232e-01 
-9.543232e-01 
-9.543232e-01 
-9.543232e-01 
-9.543232e-01 
-9.543198e-01 
-9.543151e-01 
-9.543094e-01 
-9.543025e-01 
-9.542933e-01 
-9.542810e-01 
-9.542725e-01 
-9.542684e-01 
-9.542652e-01 
-9.542624e-01 
-9.542601e-01 
-9.542580e-01 
-9.542561e-01 
-9.542545e-01 
-9.542531e-01 
-9.542518e-01 
-9.542506e-01 
-9.542496e-01 
-9.542486e-01 
-9.542477e-01 
-9.542469e-01 
-9.542462e-01 
-9.542455e-01 
-9.542449e-01 
-9.542443e-01 
-9.542438e-01 
-9.542433e-01 
-9.542428e-01 
-9.542424e-01 
-9.542420e-01 
-9.542420e-01 
-9.542420e-01 
-9.542420e-01 
-9.542420e-01 
-9.542420e-01 
-9.542420e-01 
-9.542420e-01 
-9.542420e-01 
-9.542420e-01 
-9.542420e-01 
-9.542420e-01 
-9.542420e-01 
-9.542420e-01 
-9.542420e-01 
-9.542420e-01 
-9.542420e-01 
-9.542420e-01 
-9.542420e-01 
-9.542420e-01 
-9.542420e-01 
-9.542420e-01 
-9.542420e-01 
-9.542420e-01 
-9.542420e-01 
-9.542420e-01 
-9.542420e-01 
-9.542420e-01 
-9.542420e-01 
-9.542420e-01 
-9.542420e-01 
-9.542420e-01 
-9.542420e-01 
-9.542420e-01 
-9.542420e-01 
-9.542420e-01 
-9.542420e-01 
-9.542420e-01 
-9.542420e-01 
-9.542420e-01 
-9.542420e-01 
-9.542420e-01 
-9.542420e-01 
-9.542420e-01 
-9.542420e-01 
-9.542420e-01 
-9.542420e-01 
-9.542420e-01 
-9.542420e-01 
-9.542420e-01 
-9.542420e-01 
-9.542420e-01 
-9.542420e-01 
-9.542420e-01 
-9.542420e-01 
-9.542420e-01 
-9.542420e-01 
-9.542420e-01 
-9.542420e-01 
-9.542420e-01 
-9.542420e-01 
-9.542420e-01 
-9.542420e-01 
-9.542420e-01 
-9.087805e-01 
-7.992761e-01 
-6.665388e-01 
-5.143848e-01 
-3.337023e-01 
-1.155888e-01 
-4.422258e-03 
5.258222e-04 
2.813593e-04 
1.679045e-04 
1.095246e-04 
7.592340e-05 
5.507818e-05 
4.141862e-05 
3.208377e-05 
2.549007e-05 
2.070968e-05 
1.717470e-05 
1.452642e-05 
1.253480e-05 
1.105456e-05 
1.000258e-05 
9.348343e-06 
9.101799e-06 
8.727759e-06 
3.763215e-06 
3.235137e-06 
2.816476e-06 
2.233505e-06 
1.446678e-06 
8.947901e-07 
8.947880e-07 
8.947880e-07 
8.947880e-07 
8.947880e-07 
8.947880e-07 
8.947880e-07 
8.947880e-07 
8.947880e-07 
8.947880e-07 
8.947880e-07 
8.947880e-07 
8.947880e-07 
8.947880e-07 
8.947880e-07 
8.947880e-07 
8.947880e-07 
8.947880e-07 
8.947880e-07 
8.947880e-07 
8.947880e-07 
8.947880e-07 
8.947880e-07 
8.947880e-07 
8.947880e-07 
8.947880e-07 
8.947880e-07 
8.947880e-07 
8.947880e-07 
8.947880e-07 
8.947880e-07 
8.947880e-07 
8.947880e-07 
8.947880e-07 
8.947880e-07 
8.947880e-07 
8.947880e-07 
8.947880e-07 
8.947880e-07 
8.947880e-07 
8.947880e-07 
8.947880e-07 
8.947880e-07 
8.947880e-07 
8.947880e-07 
8.947880e-07 
8.947880e-07 
8.947880e-07 
8.947880e-07 
8.947880e-07 
8.947880e-07 
8.947880e-07 
8.947880e-07 
8.947880e-07 
8.947880e-07 
8.947880e-07 
8.947880e-07 
8.947880e-07 
8.947880e-07 
8.947880e-07 
8.947880e-07 
8.947880e-07 
8.947880e-07 
8.964124e-07 
1.094635e-06 
1.339377e-06 
1.615864e-06 
1.929823e-06 
2.288322e-06 
2.700157e-06 
3.176399e-06 
3.731135e-06 
4.382514e-06 
5.154154e-06 
6.077281e-06 
7.193886e-06 
8.561470e-06 
1.026041e-05 
1.240573e-05 
1.516648e-05 
1.879896e-05 
2.370552e-05 
3.054350e-05 
4.043304e-05 
5.535626e-05 
7.884987e-05 
1.166168e-04 
1.742601e-04 
2.492724e-04 
3.315733e-04 
4.153420e-04 
4.985759e-04 
5.760727e-04 
6.355879e-04 
6.415651e-04 
6.415651e-04 
6.415651e-04 
6.415651e-04 
6.415651e-04 
6.415651e-04 
6.415651e-04 
6.415651e-04 
6.415651e-04 
6.415651e-04 
6.415651e-04 
6.415651e-04 
6.415651e-04 
6.415651e-04 
6.415651e-04 
6.415651e-04 
6.415651e-04 
6.415651e-04 
6.415651e-04 
6.415651e-04 
6.415651e-04 
6.415651e-04 
6.415651e-04 
6.415651e-04 
6.415651e-04 
6.415651e-04 
6.415651e-04 
6.415651e-04 
6.415651e-04 
6.415651e-04 
6.415651e-04 
6.415651e-04 
6.415651e-04 
6.415651e-04 
6.415651e-04 
6.415651e-04 
6.415651e-04 
6.415651e-04 
6.415651e-04 
6.415651e-04 
6.415651e-04 
6.415651e-04 
6.415651e-04 
6.415651e-04 
6.415651e-04 
6.415651e-04 
6.415651e-04 
6.415651e-04 
6.415651e-04 
6.415651e-04 
6.415651e-04 
6.415651e-04 
6.415651e-04 
6.415651e-04 
6.415651e-04 
6.415651e-04 
6.415651e-04 
6.415651e-04 
6.415651e-04 
6.415651e-04 
6.415651e-04 
6.415651e-04 
6.415651e-04 
6.735955e-04 
7.403231e-04 
8.170192e-04 
9.022981e-04 
9.530383e-04 
1.075087e-03 
1.221570e-03 
1.398659e-03 
1.614037e-03 
1.878778e-03 
2.208476e-03 
2.624850e-03 
3.158754e-03 
3.855013e-03 
4.780400e-03 
6.037182e-03 
7.787034e-03 
1.029504e-02 
1.401462e-02 
1.976032e-02 
2.907964e-02 
4.509155e-02 
7.436692e-02 
1.301713e-01 
2.304739e-01 
3.724988e-01 
5.264115e-01 
6.732348e-01 
8.054464e-01 
9.140422e-01 
9.543234e-01 
9.543234e-01 
9.543234e-01 
9.543234e-01 
9.543234e-01 
9.543234e-01 
9.543234e-01 
9.543234e-01 
9.543234e-01 
9.543234e-01 
9.543234e-01 
9.543234e-01 
9.543234e-01 
9.543234e-01 
9.543234e-01 
9.543234e-01 
9.543234e-01 
9.543234e-01 
9.543234e-01 
9.543234e-01 
9.543234e-01 
9.543234e-01 
9.543234e-01 
9.543234e-01 
9.543234e-01 
9.543234e-01 
9.543234e-01 
9.543234e-01 
9.543234e-01 
9.543234e-01 
9.543234e-01 
9.543234e-01 
9.543234e-01 
9.543234e-01 
9.543234e-01 
9.543234e-01 
9.543234e-01 
9.543234e-01 
9.543234e-01 
9.543234e-01 
9.543234e-01 
9.543234e-01 
9.543234e-01 
9.543234e-01 
9.543234e-01 
9.543234e-01 
9.543234e-01 
9.543234e-01 
9.543234e-01 
9.543234e-01 
9.543234e-01 
9.543234e-01 
9.543234e-01 
9.543234e-01 
9.543234e-01 
9.543234e-01 
9.543234e-01 
9.543234e-01 
9.543234e-01 
9.543234e-01 
9.543234e-01 
9.543234e-01 
9.543234e-01 
9.543233e-01 
9.543202e-01 
9.543162e-01 
9.543116e-01 
9.543063e-01 
9.543005e-01 
9.542943e-01 
9.542879e-01 
9.542817e-01 
9.542761e-01 
9.542713e-01 
9.542673e-01 
9.542639e-01 
9.542611e-01 
9.542587e-01 
9.542566e-01 
9.542548e-01 
9.542533e-01 
9.542519e-01 
9.542507e-01 
9.542496e-01 
9.542486e-01 
9.542477e-01 
9.542469e-01 
9.542461e-01 
9.542455e-01 
9.542448e-01 
9.542442e-01 
9.542437e-01 
9.542432e-01 
9.542428e-01 
9.542427e-01 
9.542427e-01 
9.542427e-01 
9.542427e-01 
9.542427e-01 
9.542427e-01 
9.542427e-01 
9.542427e-01 
9.542427e-01 
9.542427e-01 
9.542427e-01 
9.542427e-01 
9.542427e-01 
9.542427e-01 
9.542427e-01 
9.542427e-01 
9.542427e-01 
9.542427e-01 
9.542427e-01 
9.542427e-01 
9.542427e-01 
9.542427e-01 
9.542427e-01 
9.542427e-01 
9.542427e-01 
9.542427e-01 
9.542427e-01 
9.542427e-01 
9.542427e-01 
9.542427e-01 
9.542427e-01 
9.542427e-01 
9.542427e-01 
9.542427e-01 
9.542427e-01 
9.542427e-01 
9.542427e-01 
9.542427e-01 
9.542427e-01 
9.542427e-01 
9.542427e-01 
9.542427e-01 
9.542427e-01 
9.542427e-01 
9.542427e-01 
9.542427e-01 
9.542427e-01 
9.542427e-01 
9.542427e-01 
9.542427e-01 
9.542427e-01 
9.542427e-01 
9.542427e-01 
9.542427e-01 
9.542427e-01 
9.542427e-01 
9.542427e-01 
9.542427e-01 
9.542427e-01 
9.542427e-01 
9.542427e-01 
9.542427e-01 
9.542427e-01 
9.022828e-01 
7.908472e-01 
6.568508e-01 
5.034579e-01 
3.212321e-01 
1.063109e-01 
5.809029e-03 
5.397541e-04 
2.705911e-04 
1.626789e-04 
1.066314e-04 
7.417758e-05 
5.395796e-05 
4.066561e-05 
3.155883e-05 
2.511341e-05 
2.043328e-05 
1.696856e-05 
1.437137e-05 
1.241854e-05 
1.096961e-05 
9.945236e-06 
9.318302e-06 
9.099232e-06 
8.531528e-06 
3.702074e-06 
3.208409e-06 
2.783137e-06 
2.185729e-06 
1.387822e-06 
8.947726e-07 
8.947880e-07 
8.947880e-07 
8.947880e-07 
8.947880e-07 
8.947880e-07 
8.947880e-07 
8.947880e-07 
8.947880e-07 
8.947880e-07 
8.947880e-07 
8.947880e-07 
8.947880e-07 
8.947880e-07 
8.947880e-07 
8.947880e-07 
8.947880e-07 
8.947880e-07 
8.947880e-07 
8.947880e-07 
8.947880e-07 
8.947880e-07 
8.947880e-07 
8.947880e-07 
8.947880e-07 
8.947880e-07 
8.947880e-07 
8.947880e-07 
8.947880e-07 
8.947880e-07 
8.947880e-07 
8.947880e-07 
8.947880e-07 
8.947880e-07 
8.947880e-07 
8.947880e-07 
8.947880e-07 
8.947880e-07 
8.947880e-07 
8.947880e-07 
8.947880e-07 
8.947880e-07 
8.947880e-07 
8.947880e-07 
8.947880e-07 
8.947880e-07 
8.947880e-07 
8.947880e-07 
8.947880e-07 
8.947880e-07 
8.947880e-07 
8.947880e-07 
8.947880e-07 
8.947880e-07 
8.947880e-07 
8.947880e-07 
8.947880e-07 
8.947880e-07 
8.947880e-07 
8.947880e-07 
8.947880e-07 
8.947880e-07 
8.947880e-07 
9.014625e-07 
1.110459e-06 
1.357212e-06 
1.636065e-06 
1.952828e-06 
2.314671e-06 
2.730528e-06 
3.211648e-06 
3.772362e-06 
4.431138e-06 
5.212040e-06 
6.146913e-06 
7.278636e-06 
8.666001e-06 
1.039132e-05 
1.257256e-05 
1.538351e-05 
1.908814e-05 
2.410203e-05 
3.110597e-05 
4.126344e-05 
5.663730e-05 
8.090128e-05 
1.198877e-04 
1.789366e-04 
2.547742e-04 
3.372819e-04 
4.210769e-04 
5.041569e-04 
5.808889e-04 
6.382312e-04 
6.415651e-04 
6.415651e-04 
6.415651e-04 
6.415651e-04 
6.415651e-04 
6.415651e-04 
6.415651e-04 
6.415651e-04 
6.415651e-04 
6.415651e-04 
6.415651e-04 
6.415651e-04 
6.415651e-04 
6.415651e-04 
6.415651e-04 
6.415651e-04 
6.415651e-04 
6.415651e-04 
6.415651e-04 
6.415651e-04 
6.415651e-04 
6.415651e-04 
6.415651e-04 
6.415651e-04 
6.415651e-04 
6.415651e-04 
6.415651e-04 
6.415651e-04 
6.415651e-04 
6.415651e-04 
6.415651e-04 
6.415651e-04 
6.415651e-04 
6.415651e-04 
6.415651e-04 
6.415651e-04 
6.415651e-04 
6.415651e-04 
6.415651e-04 
6.415651e-04 
6.415651e-04 
6.415651e-04 
6.415651e-04 
6.415651e-04 
6.415651e-04 
6.415651e-04 
6.415651e-04 
6.415651e-04 
6.415651e-04 
6.415651e-04 
6.415651e-04 
6.415651e-04 
6.415651e-04 
6.415651e-04 
6.415651e-04 
6.415651e-04 
6.415651e-04 
6.415651e-04 
6.415651e-04 
6.415651e-04 
6.415651e-04 
6.415651e-04 
6.415651e-04 
6.778670e-04 
7.452361e-04 
8.226490e-04 
9.075372e-04 
9.606961e-04 
1.084263e-03 
1.232626e-03 
1.412064e-03 
1.630416e-03 
1.899045e-03 
2.233894e-03 
2.657195e-03 
3.200576e-03 
3.910063e-03 
4.854341e-03 
6.138818e-03 
7.930524e-03 
1.050406e-02 
1.433061e-02 
2.025968e-02 
2.991170e-02 
4.656531e-02 
7.713664e-02 
1.354408e-01 
2.391301e-01 
3.829726e-01 
5.367872e-01 
6.828140e-01 
8.137626e-01 
9.202490e-01 
9.543234e-01 
9.543234e-01 
9.543234e-01 
9.543234e-01 
9.543234e-01 
9.543234e-01 
9.543234e-01 
9.543234e-01 
9.543234e-01 
9.543234e-01 
9.543234e-01 
9.543234e-01 
9.543234e-01 
9.543234e-01 
9.543234e-01 
9.543234e-01 
9.543234e-01 
9.543234e-01 
9.543234e-01 
9.543234e-01 
9.543234e-01 
9.543234e-01 
9.543234e-01 
9.543234e-01 
9.543234e-01 
9.543234e-01 
9.543234e-01 
9.543234e-01 
9.543234e-01 
9.543234e-01 
9.543234e-01 
9.543234e-01 
9.543234e-01 
9.543234e-01 
9.543234e-01 
9.543234e-01 
9.543234e-01 
9.543234e-01 
9.543234e-01 
9.543234e-01 
9.543234e-01 
9.543234e-01 
9.543234e-01 
9.543234e-01 
9.543234e-01 
9.543234e-01 
9.543234e-01 
9.543234e-01 
9.543234e-01 
9.543234e-01 
9.543234e-01 
9.543234e-01 
9.543234e-01 
9.543234e-01 
9.543234e-01 
9.543234e-01 
9.543234e-01 
9.543234e-01 
9.543234e-01 
9.543234e-01 
9.543234e-01 
9.543234e-01 
9.543234e-01 
9.543231e-01 
9.543200e-01 
9.543159e-01 
9.543112e-01 
9.543059e-01 
9.543001e-01 
9.542939e-01 
9.542875e-01 
9.542813e-01 
9.542757e-01 
9.542710e-01 
9.542670e-01 
9.542637e-01 
9.542609e-01 
9.542585e-01 
9.542565e-01 
9.542547e-01 
9.542532e-01 
9.542518e-01 
9.542506e-01 
9.542495e-01 
9.542485e-01 
9.542476e-01 
9.542468e-01 
9.542461e-01 
9.542454e-01 
9.542448e-01 
9.542442e-01 
9.542437e-01 
9.542432e-01 
9.542427e-01 
9.542427e-01 
9.542427e-01 
9.542427e-01 
9.542427e-01 
9.542427e-01 
9.542427e-01 
9.542427e-01 
9.542427e-01 
9.542427e-01 
9.542427e-01 
9.542427e-01 
9.542427e-01 
9.542427e-01 
9.542427e-01 
9.542427e-01 
9.542427e-01 
9.542427e-01 
9.542427e-01 
9.542427e-01 
9.542427e-01 
9.542427e-01 
9.542427e-01 
9.542427e-01 
9.542427e-01 
9.542427e-01 
9.542427e-01 
9.542427e-01 
9.542427e-01 
9.542427e-01 
9.542427e-01 
9.542427e-01 
9.542427e-01 
9.542427e-01 
9.542427e-01 
9.542427e-01 
9.542427e-01 
9.542427e-01 
9.542427e-01 
9.542427e-01 
9.542427e-01 
9.542427e-01 
9.542427e-01 
9.542427e-01 
9.542427e-01 
9.542427e-01 
9.542427e-01 
9.542427e-01 
9.542427e-01 
9.542427e-01 
9.542427e-01 
9.542427e-01 
9.542427e-01 
9.542427e-01 
9.542427e-01 
9.542427e-01 
9.542427e-01 
9.542427e-01 
9.542427e-01 
9.542427e-01 
9.542427e-01 
9.542427e-01 
9.542427e-01 
9.542427e-01 
8.956156e-01 
7.823047e-01 
6.470130e-01 
4.921059e-01 
3.072484e-01 
9.322983e-02 
4.531775e-03 
5.067289e-04 
2.603779e-04 
1.576779e-04 
1.038431e-04 
7.248687e-05 
5.286921e-05 
3.993171e-05 
3.104608e-05 
2.474487e-05 
2.016248e-05 
1.676642e-05 
1.421930e-05 
1.230472e-05 
1.088715e-05 
9.892670e-06 
9.311499e-06 
9.352353e-06 
1.287923e-05 
1.564164e-05 
1.686708e-05 
1.763581e-05 
1.807367e-05 
1.821493e-05 
1.827046e-05 
1.827042e-05 
1.827042e-05 
1.827042e-05 
1.827042e-05 
1.827042e-05 
1.827042e-05 
1.827042e-05 
1.827042e-05 
1.827042e-05 
1.827042e-05 
1.827042e-05 
1.827042e-05 
1.827042e-05 
1.827042e-05 
1.827042e-05 
1.827042e-05 
1.827042e-05 
1.827042e-05 
1.827042e-05 
1.827042e-05 
1.827042e-05 
1.827042e-05 
1.827042e-05 
1.827042e-05 
1.827042e-05 
1.827042e-05 
1.827042e-05 
1.827042e-05 
1.827042e-05 
1.827042e-05 
1.827042e-05 
1.827042e-05 
1.827042e-05 
1.827042e-05 
1.827042e-05 
1.827042e-05 
1.827042e-05 
1.827042e-05 
1.827042e-05 
1.827042e-05 
1.827042e-05 
1.827042e-05 
1.827042e-05 
1.827042e-05 
1.827042e-05 
1.827042e-05 
1.827042e-05 
1.827042e-05 
1.827042e-05 
1.827042e-05 
1.827042e-05 
1.827042e-05 
1.827042e-05 
1.827042e-05 
1.827042e-05 
1.827042e-05 
1.827042e-05 
1.827042e-05 
1.827042e-05 
1.827042e-05 
1.827042e-05 
1.827042e-05 
1.828675e-05 
1.848346e-05 
1.869858e-05 
1.893046e-05 
1.918055e-05 
1.945032e-05 
1.974125e-05 
2.005466e-05 
2.039161e-05 
2.075257e-05 
2.113689e-05 
2.154208e-05 
2.196241e-05 
2.238680e-05 
2.279495e-05 
2.315077e-05 
2.339064e-05 
2.340191e-05 
2.298248e-05 
2.176251e-05 
1.904888e-05 
1.351465e-05 
2.613866e-06 
-1.824322e-05 
-5.549247e-05 
-1.128300e-04 
-1.861106e-04 
-2.700727e-04 
-3.652379e-04 
-4.732736e-04 
-5.779726e-04 
-5.816374e-04 
-5.816374e-04 
-5.816374e-04 
-5.816374e-04 
-5.816374e-04 
-5.816374e-04 
-5.816374e-04 
-5.816374e-04 
-5.816374e-04 
-5.816374e-04 
-5.816374e-04 
-5.816374e-04 
-5.816374e-04 
-5.816374e-04 
-5.816374e-04 
-5.816374e-04 
-5.816374e-04 
-5.816374e-04 
-5.816374e-04 
-5.816374e-04 
-5.816374e-04 
-5.816374e-04 
-5.816374e-04 
-5.816374e-04 
-5.816374e-04 
-5.816374e-04 
-5.816374e-04 
-5.816374e-04 
-5.816374e-04 
-5.816374e-04 
-5.816374e-04 
-5.816374e-04 
-5.816374e-04 
-5.816374e-04 
-5.816374e-04 
-5.816374e-04 
-5.816374e-04 
-5.816374e-04 
-5.816374e-04 
-5.816374e-04 
-5.816374e-04 
-5.816374e-04 
-5.816374e-04 
-5.816374e-04 
-5.816374e-04 
-5.816374e-04 
-5.816374e-04 
-5.816374e-04 
-5.816374e-04 
-5.816374e-04 
-5.816374e-04 
-5.816374e-04 
-5.816374e-04 
-5.816374e-04 
-5.816374e-04 
-5.816374e-04 
-5.816374e-04 
-5.816374e-04 
-5.816374e-04 
-5.816374e-04 
-5.816374e-04 
-5.816374e-04 
-5.816374e-04 
-6.189491e-04 
-6.821617e-04 
-7.559579e-04 
-8.426739e-04 
-9.453054e-04 
-1.067663e-03 
-1.214614e-03 
-1.392430e-03 
-1.609138e-03 
-1.876068e-03 
-2.209287e-03 
-2.631211e-03 
-3.173786e-03 
-3.883612e-03 
-4.830420e-03 
-6.121547e-03 
-7.927662e-03 
-1.053045e-02 
-1.441547e-02 
-2.046281e-02 
-3.036161e-02 
-4.755214e-02 
-7.932634e-02 
-1.401491e-01 
-2.474164e-01 
-3.932529e-01 
-5.470593e-01 
-6.923098e-01 
-8.219647e-01 
-9.262677e-01 
-9.543232e-01 
-9.543232e-01 
-9.543232e-01 
-9.543232e-01 
-9.543232e-01 
-9.543232e-01 
-9.543232e-01 
-9.543232e-01 
-9.543232e-01 
-9.543232e-01 
-9.543232e-01 
-9.543232e-01 
-9.543232e-01 
-9.543232e-01 
-9.543232e-01 
-9.543232e-01 
-9.543232e-01 
-9.543232e-01 
-9.543232e-01 
-9.543232e-01 
-9.543232e-01 
-9.543232e-01 
-9.543232e-01 
-9.543232e-01 
-9.543232e-01 
-9.543232e-01 
-9.543232e-01 
-9.543232e-01 
-9.543232e-01 
-9.543232e-01 
-9.543232e-01 
-9.543232e-01 
-9.543232e-01 
-9.543232e-01 
-9.543232e-01 
-9.543232e-01 
-9.543232e-01 
-9.543232e-01 
-9.543232e-01 
-9.543232e-01 
-9.543232e-01 
-9.543232e-01 
-9.543232e-01 
-9.543232e-01 
-9.543232e-01 
-9.543232e-01 
-9.543232e-01 
-9.543232e-01 
-9.543232e-01 
-9.543232e-01 
-9.543232e-01 
-9.543232e-01 
-9.543232e-01 
-9.543232e-01 
-9.543232e-01 
-9.543232e-01 
-9.543232e-01 
-9.543232e-01 
-9.543232e-01 
-9.543232e-01 
-9.543232e-01 
-9.543232e-01 
-9.543232e-01 
-9.543226e-01 
-9.543189e-01 
-9.543140e-01 
-9.543081e-01 
-9.543009e-01 
-9.542910e-01 
-9.542786e-01 
-9.542715e-01 
-9.542677e-01 
-9.542646e-01 
-9.542619e-01 
-9.542596e-01 
-9.542576e-01 
-9.542558e-01 
-9.542542e-01 
-9.542528e-01 
-9.542515e-01 
-9.542504e-01 
-9.542494e-01 
-9.542484e-01 
-9.542476e-01 
-9.542468e-01 
-9.542461e-01 
-9.542454e-01 
-9.542448e-01 
-9.542442e-01 
-9.542437e-01 
-9.542432e-01 
-9.542427e-01 
-9.542423e-01 
-9.542420e-01 
-9.542420e-01 
-9.542420e-01 
-9.542420e-01 
-9.542420e-01 
-9.542420e-01 
-9.542420e-01 
-9.542420e-01 
-9.542420e-01 
-9.542420e-01 
-9.542420e-01 
-9.542420e-01 
-9.542420e-01 
-9.542420e-01 
-9.542420e-01 
-9.542420e-01 
-9.542420e-01 
-9.542420e-01 
-9.542420e-01 
-9.542420e-01 
-9.542420e-01 
-9.542420e-01 
-9.542420e-01 
-9.542420e-01 
-9.542420e-01 
-9.542420e-01 
-9.542420e-01 
-9.542420e-01 
-9.542420e-01 
-9.542420e-01 
-9.542420e-01 
-9.542420e-01 
-9.542420e-01 
-9.542420e-01 
-9.542420e-01 
-9.542420e-01 
-9.542420e-01 
-9.542420e-01 
-9.542420e-01 
-9.542420e-01 
-9.542420e-01 
-9.542420e-01 
-9.542420e-01 
-9.542420e-01 
-9.542420e-01 
-9.542420e-01 
-9.542420e-01 
-9.542420e-01 
-9.542420e-01 
-9.542420e-01 
-9.542420e-01 
-9.542420e-01 
-9.542420e-01 
-9.542420e-01 
-9.542420e-01 
-9.542420e-01 
-9.542420e-01 
-9.542420e-01 
-9.542420e-01 
-9.542420e-01 
-9.542420e-01 
-9.542420e-01 
-9.542420e-01 
-9.542420e-01 
-8.887838e-01 
-7.736464e-01 
-6.370002e-01 
-4.802179e-01 
-2.913031e-01 
-7.603389e-02 
-1.146994e-03 
4.646051e-04 
2.507031e-04 
1.528892e-04 
1.011548e-04 
7.084912e-05 
5.181085e-05 
3.921635e-05 
3.054521e-05 
2.438425e-05 
1.989716e-05 
1.656822e-05 
1.407016e-05 
1.219311e-05 
1.080618e-05 
9.839374e-06 
9.288687e-06 
9.406591e-06 
1.325301e-05 
1.574377e-05 
1.693248e-05 
1.767520e-05 
1.809328e-05 
1.821115e-05 
1.827044e-05 
1.827042e-05 
1.827042e-05 
1.827042e-05 
1.827042e-05 
1.827042e-05 
1.827042e-05 
1.827042e-05 
1.827042e-05 
1.827042e-05 
1.827042e-05 
1.827042e-05 
1.827042e-05 
1.827042e-05 
1.827042e-05 
1.827042e-05 
1.827042e-05 
1.827042e-05 
1.827042e-05 
1.827042e-05 
1.827042e-05 
1.827042e-05 
1.827042e-05 
1.827042e-05 
1.827042e-05 
1.827042e-05 
1.827042e-05 
1.827042e-05 
1.827042e-05 
1.827042e-05 
1.827042e-05 
1.827042e-05 
1.827042e-05 
1.827042e-05 
1.827042e-05 
1.827042e-05 
1.827042e-05 
1.827042e-05 
1.827042e-05 
1.827042e-05 
1.827042e-05 
1.827042e-05 
1.827042e-05 
1.827042e-05 
1.827042e-05 
1.827042e-05 
1.827042e-05 
1.827042e-05 
1.827042e-05 
1.827042e-05 
1.827042e-05 
1.827042e-05 
1.827042e-05 
1.827042e-05 
1.827042e-05 
1.827042e-05 
1.827042e-05 
1.827042e-05 
1.827042e-05 
1.827042e-05 
1.827042e-05 
1.827042e-05 
1.827042e-05 
1.829804e-05 
1.849766e-05 
1.871389e-05 
1.894697e-05 
1.919835e-05 
1.946952e-05 
1.976195e-05 
2.007694e-05 
2.041553e-05 
2.077812e-05 
2.116398e-05 
2.157042e-05 
2.199147e-05 
2.241553e-05 
2.282148e-05 
2.317181e-05 
2.340037e-05 
2.338998e-05 
2.293017e-05 
2.163516e-05 
1.878078e-05 
1.297921e-05 
1.571378e-06 
-2.019362e-05 
-5.877636e-05 
-1.174144e-04 
-1.915382e-04 
-2.761885e-04 
-3.722299e-04 
-4.809844e-04 
-5.800676e-04 
-5.816374e-04 
-5.816374e-04 
-5.816374e-04 
-5.816374e-04 
-5.816374e-04 
-5.816374e-04 
-5.816374e-04 
-5.816374e-04 
-5.816374e-04 
-5.816374e-04 
-5.816374e-04 
-5.816374e-04 
-5.816374e-04 
-5.816374e-04 
-5.816374e-04 
-5.816374e-04 
-5.816374e-04 
-5.816374e-04 
-5.816374e-04 
-5.816374e-04 
-5.816374e-04 
-5.816374e-04 
-5.816374e-04 
-5.816374e-04 
-5.816374e-04 
-5.816374e-04 
-5.816374e-04 
-5.816374e-04 
-5.816374e-04 
-5.816374e-04 
-5.816374e-04 
-5.816374e-04 
-5.816374e-04 
-5.816374e-04 
-5.816374e-04 
-5.816374e-04 
-5.816374e-04 
-5.816374e-04 
-5.816374e-04 
-5.816374e-04 
-5.816374e-04 
-5.816374e-04 
-5.816374e-04 
-5.816374e-04 
-5.816374e-04 
-5.816374e-04 
-5.816374e-04 
-5.816374e-04 
-5.816374e-04 
-5.816374e-04 
-5.816374e-04 
-5.816374e-04 
-5.816374e-04 
-5.816374e-04 
-5.816374e-04 
-5.816374e-04 
-5.816374e-04 
-5.816374e-04 
-5.816374e-04 
-5.816374e-04 
-5.816374e-04 
-5.816374e-04 
-5.816374e-04 
-6.229737e-04 
-6.868471e-04 
-7.614456e-04 
-8.491462e-04 
-9.529948e-04 
-1.076865e-03 
-1.225709e-03 
-1.405904e-03 
-1.625636e-03 
-1.896527e-03 
-2.235010e-03 
-2.664034e-03 
-3.216354e-03 
-3.939834e-03 
-4.906223e-03 
-6.226197e-03 
-8.076152e-03 
-1.074804e-02 
-1.474670e-02 
-2.099063e-02 
-3.124985e-02 
-4.914310e-02 
-8.234503e-02 
-1.458702e-01 
-2.564919e-01 
-4.038100e-01 
-5.573579e-01 
-7.017498e-01 
-8.300544e-01 
-9.320931e-01 
-9.543232e-01 
-9.543232e-01 
-9.543232e-01 
-9.543232e-01 
-9.543232e-01 
-9.543232e-01 
-9.543232e-01 
-9.543232e-01 
-9.543232e-01 
-9.543232e-01 
-9.543232e-01 
-9.543232e-01 
-9.543232e-01 
-9.543232e-01 
-9.543232e-01 
-9.543232e-01 
-9.543232e-01 
-9.543232e-01 
-9.543232e-01 
-9.543232e-01 
-9.543232e-01 
-9.543232e-01 
-9.543232e-01 
-9.543232e-01 
-9.543232e-01 
-9.543232e-01 
-9.543232e-01 
-9.543232e-01 
-9.543232e-01 
-9.543232e-01 
-9.543232e-01 
-9.543232e-01 
-9.543232e-01 
-9.543232e-01 
-9.543232e-01 
-9.543232e-01 
-9.543232e-01 
-9.543232e-01 
-9.543232e-01 
-9.543232e-01 
-9.543232e-01 
-9.543232e-01 
-9.543232e-01 
-9.543232e-01 
-9.543232e-01 
-9.543232e-01 
-9.543232e-01 
-9.543232e-01 
-9.543232e-01 
-9.543232e-01 
-9.543232e-01 
-9.543232e-01 
-9.543232e-01 
-9.543232e-01 
-9.543232e-01 
-9.543232e-01 
-9.543232e-01 
-9.543232e-01 
-9.543232e-01 
-9.543232e-01 
-9.543232e-01 
-9.543232e-01 
-9.543232e-01 
-9.543224e-01 
-9.543186e-01 
-9.543136e-01 
-9.543077e-01 
-9.543003e-01 
-9.542902e-01 
-9.542779e-01 
-9.542712e-01 
-9.542675e-01 
-9.542644e-01 
-9.542618e-01 
-9.542595e-01 
-9.542574e-01 
-9.542557e-01 
-9.542541e-01 
-9.542527e-01 
-9.542515e-01 
-9.542503e-01 
-9.542493e-01 
-9.542484e-01 
-9.542475e-01 
-9.542467e-01 
-9.542460e-01 
-9.542454e-01 
-9.542448e-01 
-9.542442e-01 
-9.542437e-01 
-9.542432e-01 
-9.542427e-01 
-9.542423e-01 
-9.542420e-01 
-9.542420e-01 
-9.542420e-01 
-9.542420e-01 
-9.542420e-01 
-9.542420e-01 
-9.542420e-01 
-9.542420e-01 
-9.542420e-01 
-9.542420e-01 
-9.542420e-01 
-9.542420e-01 
-9.542420e-01 
-9.542420e-01 
-9.542420e-01 
-9.542420e-01 
-9.542420e-01 
-9.542420e-01 
-9.542420e-01 
-9.542420e-01 
-9.542420e-01 
-9.542420e-01 
-9.542420e-01 
-9.542420e-01 
-9.542420e-01 
-9.542420e-01 
-9.542420e-01 
-9.542420e-01 
-9.542420e-01 
-9.542420e-01 
-9.542420e-01 
-9.542420e-01 
-9.542420e-01 
-9.542420e-01 
-9.542420e-01 
-9.542420e-01 
-9.542420e-01 
-9.542420e-01 
-9.542420e-01 
-9.542420e-01 
-9.542420e-01 
-9.542420e-01 
-9.542420e-01 
-9.542420e-01 
-9.542420e-01 
-9.542420e-01 
-9.542420e-01 
-9.542420e-01 
-9.542420e-01 
-9.542420e-01 
-9.542420e-01 
-9.542420e-01 
-9.542420e-01 
-9.542420e-01 
-9.542420e-01 
-9.542420e-01 
-9.542420e-01 
-9.542420e-01 
-9.542420e-01 
-9.542420e-01 
-9.542420e-01 
-9.542420e-01 
-9.542420e-01 
-9.542420e-01 
-8.817990e-01 
-7.649077e-01 
-6.269789e-01 
-4.685547e-01 
-2.767392e-01 
-6.466399e-02 
-6.169850e-04 
4.246548e-04 
2.298494e-04 
1.403006e-04 
9.260595e-05 
6.454462e-05 
4.685509e-05 
3.510981e-05 
2.698279e-05 
2.116285e-05 
1.686815e-05 
1.360970e-05 
1.106762e-05 
9.022032e-06 
7.311642e-06 
5.807746e-06 
4.411460e-06 
3.298567e-06 
5.569743e-06 
5.799864e-06 
5.217124e-06 
4.802833e-06 
4.700449e-06 
4.879345e-06 
5.012832e-06 
5.012830e-06 
5.012830e-06 
5.012830e-06 
5.012830e-06 
5.012830e-06 
5.012830e-06 
5.012830e-06 
5.012830e-06 
5.012830e-06 
5.012830e-06 
5.012830e-06 
5.012830e-06 
5.012830e-06 
5.012830e-06 
5.012830e-06 
5.012830e-06 
5.012830e-06 
5.012830e-06 
5.012830e-06 
5.012830e-06 
5.012830e-06 
5.012830e-06 
5.012830e-06 
5.012830e-06 
5.012830e-06 
5.012830e-06 
5.012830e-06 
5.012830e-06 
5.012830e-06 
5.012830e-06 
5.012830e-06 
5.012830e-06 
5.012830e-06 
5.012830e-06 
5.012830e-06 
5.012830e-06 
5.012830e-06 
5.012830e-06 
5.012830e-06 
5.012830e-06 
5.012830e-06 
5.012830e-06 
5.012830e-06 
5.012830e-06 
5.012830e-06 
5.012830e-06 
5.012830e-06 
5.012830e-06 
5.012830e-06 
5.012830e-06 
5.012830e-06 
5.012830e-06 
5.012830e-06 
5.012830e-06 
5.012830e-06 
5.012830e-06 
5.012830e-06 
5.012830e-06 
5.012830e-06 
5.012830e-06 
5.012830e-06 
5.012830e-06 
5.051182e-06 
5.269590e-06 
5.517340e-06 
5.798554e-06 
6.119431e-06 
6.487656e-06 
6.912852e-06 
7.407188e-06 
7.986145e-06 
8.669796e-06 
9.484478e-06 
1.046522e-05 
1.165940e-05 
1.313229e-05 
1.497574e-05 
1.732215e-05 
2.036765e-05 
2.441198e-05 
2.992974e-05 
3.770207e-05 
4.906582e-05 
6.637278e-05 
9.367457e-05 
1.367654e-04 
1.991979e-04 
2.755506e-04 
3.570529e-04 
4.401826e-04 
5.230004e-04 
5.982957e-04 
6.458776e-04 
6.461481e-04 
6.461481e-04 
6.461481e-04 
6.461481e-04 
6.461481e-04 
6.461481e-04 
6.461481e-04 
6.461481e-04 
6.461481e-04 
6.461481e-04 
6.461481e-04 
6.461481e-04 
6.461481e-04 
6.461481e-04 
6.461481e-04 
6.461481e-04 
6.461481e-04 
6.461481e-04 
6.461481e-04 
6.461481e-04 
6.461481e-04 
6.461481e-04 
6.461481e-04 
6.461481e-04 
6.461481e-04 
6.461481e-04 
6.461481e-04 
6.461481e-04 
6.461481e-04 
6.461481e-04 
6.461481e-04 
6.461481e-04 
6.461481e-04 
6.461481e-04 
6.461481e-04 
6.461481e-04 
6.461481e-04 
6.461481e-04 
6.461481e-04 
6.461481e-04 
6.461481e-04 
6.461481e-04 
6.461481e-04 
6.461481e-04 
6.461481e-04 
6.461481e-04 
6.461481e-04 
6.461481e-04 
6.461481e-04 
6.461481e-04 
6.461481e-04 
6.461481e-04 
6.461481e-04 
6.461481e-04 
6.461481e-04 
6.461481e-04 
6.461481e-04 
6.461481e-04 
6.461481e-04 
6.461481e-04 
6.461481e-04 
6.461481e-04 
6.461481e-04 
6.949942e-04 
7.632674e-04 
8.401897e-04 
8.864482e-04 
9.910786e-04 
1.113420e-03 
1.266984e-03 
1.453412e-03 
1.680973e-03 
1.961713e-03 
2.312641e-03 
2.757614e-03 
3.330722e-03 
4.081826e-03 
5.085738e-03 
6.457986e-03 
8.382946e-03 
1.116625e-02 
1.533736e-02 
2.186149e-02 
3.260229e-02 
5.137297e-02 
8.622854e-02 
1.525983e-01 
2.662722e-01 
4.145831e-01 
5.676632e-01 
7.111275e-01 
8.380264e-01 
9.377191e-01 
9.543234e-01 
9.543234e-01 
9.543234e-01 
9.543234e-01 
9.543234e-01 
9.543234e-01 
9.543234e-01 
9.543234e-01 
9.543234e-01 
9.543234e-01 
9.543234e-01 
9.543234e-01 
9.543234e-01 
9.543234e-01 
9.543234e-01 
9.543234e-01 
9.543234e-01 
9.543234e-01 
9.543234e-01 
9.543234e-01 
9.543234e-01 
9.543234e-01 
9.543234e-01 
9.543234e-01 
9.543234e-01 
9.543234e-01 
9.543234e-01 
9.543234e-01 
9.543234e-01 
9.543234e-01 
9.543234e-01 
9.543234e-01 
9.543234e-01 
9.543234e-01 
9.543234e-01 
9.543234e-01 
9.543234e-01 
9.543234e-01 
9.543234e-01 
9.543234e-01 
9.543234e-01 
9.543234e-01 
9.543234e-01 
9.543234e-01 
9.543234e-01 
9.543234e-01 
9.543234e-01 
9.543234e-01 
9.543234e-01 
9.543234e-01 
9.543234e-01 
9.543234e-01 
9.543234e-01 
9.543234e-01 
9.543234e-01 
9.543234e-01 
9.543234e-01 
9.543234e-01 
9.543234e-01 
9.543234e-01 
9.543234e-01 
9.543234e-01 
9.543234e-01 
9.543226e-01 
9.543192e-01 
9.543150e-01 
9.543102e-01 
9.543048e-01 
9.542989e-01 
9.542926e-01 
9.542862e-01 
9.542801e-01 
9.542747e-01 
9.542701e-01 
9.542663e-01 
9.542631e-01 
9.542604e-01 
9.542581e-01 
9.542561e-01 
9.542544e-01 
9.542529e-01 
9.542516e-01 
9.542504e-01 
9.542493e-01 
9.542483e-01 
9.542475e-01 
9.542467e-01 
9.542459e-01 
9.542453e-01 
9.542447e-01 
9.542441e-01 
9.542436e-01 
9.542431e-01 
9.542427e-01 
9.542427e-01 
9.542427e-01 
9.542427e-01 
9.542427e-01 
9.542427e-01 
9.542427e-01 
9.542427e-01 
9.542427e-01 
9.542427e-01 
9.542427e-01 
9.542427e-01 
9.542427e-01 
9.542427e-01 
9.542427e-01 
9.542427e-01 
9.542427e-01 
9.542427e-01 
9.542427e-01 
9.542427e-01 
9.542427e-01 
9.542427e-01 
9.542427e-01 
9.542427e-01 
9.542427e-01 
9.542427e-01 
9.542427e-01 
9.542427e-01 
9.542427e-01 
9.542427e-01 
9.542427e-01 
9.542427e-01 
9.542427e-01 
9.542427e-01 
9.542427e-01 
9.542427e-01 
9.542427e-01 
9.542427e-01 
9.542427e-01 
9.542427e-01 
9.542427e-01 
9.542427e-01 
9.542427e-01 
9.542427e-01 
9.542427e-01 
9.542427e-01 
9.542427e-01 
9.542427e-01 
9.542427e-01 
9.542427e-01 
9.542427e-01 
9.542427e-01 
9.542427e-01 
9.542427e-01 
9.542427e-01 
9.542427e-01 
9.542427e-01 
9.542427e-01 
9.542427e-01 
9.542427e-01 
9.542427e-01 
9.542427e-01 
9.542427e-01 
9.542427e-01 
8.746679e-01 
7.560966e-01 
6.169732e-01 
4.572179e-01 
2.640050e-01 
5.906326e-02 
2.227093e-03 
4.296331e-04 
2.328511e-04 
1.439025e-04 
9.606033e-05 
6.772416e-05 
4.978104e-05 
3.783890e-05 
2.957773e-05 
2.368595e-05 
1.938245e-05 
1.618327e-05 
1.378044e-05 
1.197654e-05 
1.064932e-05 
9.734239e-06 
9.217504e-06 
9.099146e-06 
6.836159e-06 
3.525507e-06 
3.101334e-06 
2.640827e-06 
1.984714e-06 
1.151208e-06 
8.947870e-07 
8.947880e-07 
8.947880e-07 
8.947880e-07 
8.947880e-07 
8.947880e-07 
8.947880e-07 
8.947880e-07 
8.947880e-07 
8.947880e-07 
8.947880e-07 
8.947880e-07 
8.947880e-07 
8.947880e-07 
8.947880e-07 
8.947880e-07 
8.947880e-07 
8.947880e-07 
8.947880e-07 
8.947880e-07 
8.947880e-07 
8.947880e-07 
8.947880e-07 
8.947880e-07 
8.947880e-07 
8.947880e-07 
8.947880e-07 
8.947880e-07 
8.947880e-07 
8.947880e-07 
8.947880e-07 
8.947880e-07 
8.947880e-07 
8.947880e-07 
8.947880e-07 
8.947880e-07 
8.947880e-07 
8.947880e-07 
8.947880e-07 
8.947880e-07 
8.947880e-07 
8.947880e-07 
8.947880e-07 
8.947880e-07 
8.947880e-07 
8.947880e-07 
8.947880e-07 
8.947880e-07 
8.947880e-07 
8.947880e-07 
8.947880e-07 
8.947880e-07 
8.947880e-07 
8.947880e-07 
8.947880e-07 
8.947880e-07 
8.947880e-07 
8.947880e-07 
8.947880e-07 
8.947880e-07 
8.947880e-07 
8.947880e-07 
8.947880e-07 
9.489214e-07 
1.175046e-06 
1.430067e-06 
1.718660e-06 
2.046974e-06 
2.422616e-06 
2.855092e-06 
3.356404e-06 
3.941899e-06 
4.631405e-06 
5.450859e-06 
6.434747e-06 
7.629724e-06 
9.100108e-06 
1.093650e-05 
1.326969e-05 
1.629386e-05 
2.030678e-05 
2.578212e-05 
3.350484e-05 
4.483159e-05 
6.218318e-05 
8.981474e-05 
1.339566e-04 
1.984300e-04 
2.770341e-04 
3.601570e-04 
4.439905e-04 
5.261863e-04 
5.992195e-04 
6.414719e-04 
6.415651e-04 
6.415651e-04 
6.415651e-04 
6.415651e-04 
6.415651e-04 
6.415651e-04 
6.415651e-04 
6.415651e-04 
6.415651e-04 
6.415651e-04 
6.415651e-04 
6.415651e-04 
6.415651e-04 
6.415651e-04 
6.415651e-04 
6.415651e-04 
6.415651e-04 
6.415651e-04 
6.415651e-04 
6.415651e-04 
6.415651e-04 
6.415651e-04 
6.415651e-04 
6.415651e-04 
6.415651e-04 
6.415651e-04 
6.415651e-04 
6.415651e-04 
6.415651e-04 
6.415651e-04 
6.415651e-04 
6.415651e-04 
6.415651e-04 
6.415651e-04 
6.415651e-04 
6.415651e-04 
6.415651e-04 
6.415651e-04 
6.415651e-04 
6.415651e-04 
6.415651e-04 
6.415651e-04 
6.415651e-04 
6.415651e-04 
6.415651e-04 
6.415651e-04 
6.415651e-04 
6.415651e-04 
6.415651e-04 
6.415651e-04 
6.415651e-04 
6.415651e-04 
6.415651e-04 
6.415651e-04 
6.415651e-04 
6.415651e-04 
6.415651e-04 
6.415651e-04 
6.415651e-04 
6.415651e-04 
6.415651e-04 
6.415651e-04 
6.415651e-04 
6.953665e-04 
7.653647e-04 
8.456376e-04 
9.102536e-04 
9.923241e-04 
1.122138e-03 
1.278325e-03 
1.467515e-03 
1.698312e-03 
1.983246e-03 
2.339750e-03 
2.792256e-03 
3.375725e-03 
4.141377e-03 
5.166204e-03 
6.569359e-03 
8.541457e-03 
1.139936e-02 
1.569379e-02 
2.243245e-02 
3.356904e-02 
5.311518e-02 
8.954074e-02 
1.587822e-01 
2.756755e-01 
4.251557e-01 
5.778635e-01 
7.204170e-01 
8.458719e-01 
9.431386e-01 
9.543234e-01 
9.543234e-01 
9.543234e-01 
9.543234e-01 
9.543234e-01 
9.543234e-01 
9.543234e-01 
9.543234e-01 
9.543234e-01 
9.543234e-01 
9.543234e-01 
9.543234e-01 
9.543234e-01 
9.543234e-01 
9.543234e-01 
9.543234e-01 
9.543234e-01 
9.543234e-01 
9.543234e-01 
9.543234e-01 
9.543234e-01 
9.543234e-01 
9.543234e-01 
9.543234e-01 
9.543234e-01 
9.543234e-01 
9.543234e-01 
9.543234e-01 
9.543234e-01 
9.543234e-01 
9.543234e-01 
9.543234e-01 
9.543234e-01 
9.543234e-01 
9.543234e-01 
9.543234e-01 
9.543234e-01 
9.543234e-01 
9.543234e-01 
9.543234e-01 
9.543234e-01 
9.543234e-01 
9.543234e-01 
9.543234e-01 
9.543234e-01 
9.543234e-01 
9.543234e-01 
9.543234e-01 
9.543234e-01 
9.543234e-01 
9.543234e-01 
9.543234e-01 
9.543234e-01 
9.543234e-01 
9.543234e-01 
9.543234e-01 
9.543234e-01 
9.543234e-01 
9.543234e-01 
9.543234e-01 
9.543234e-01 
9.543234e-01 
9.543234e-01 
9.543224e-01 
9.543189e-01 
9.543147e-01 
9.543098e-01 
9.543044e-01 
9.542984e-01 
9.542921e-01 
9.542857e-01 
9.542797e-01 
9.542744e-01 
9.542698e-01 
9.542660e-01 
9.542629e-01 
9.542602e-01 
9.542580e-01 
9.542560e-01 
9.542543e-01 
9.542528e-01 
9.542515e-01 
9.542503e-01 
9.542492e-01 
9.542483e-01 
9.542474e-01 
9.542466e-01 
9.542459e-01 
9.542452e-01 
9.542446e-01 
9.542441e-01 
9.542435e-01 
9.542430e-01 
9.542427e-01 
9.542427e-01 
9.542427e-01 
9.542427e-01 
9.542427e-01 
9.542427e-01 
9.542427e-01 
9.542427e-01 
9.542427e-01 
9.542427e-01 
9.542427e-01 
9.542427e-01 
9.542427e-01 
9.542427e-01 
9.542427e-01 
9.542427e-01 
9.542427e-01 
9.542427e-01 
9.542427e-01 
9.542427e-01 
9.542427e-01 
9.542427e-01 
9.542427e-01 
9.542427e-01 
9.542427e-01 
9.542427e-01 
9.542427e-01 
9.542427e-01 
9.542427e-01 
9.542427e-01 
9.542427e-01 
9.542427e-01 
9.542427e-01 
9.542427e-01 
9.542427e-01 
9.542427e-01 
9.542427e-01 
9.542427e-01 
9.542427e-01 
9.542427e-01 
9.542427e-01 
9.542427e-01 
9.542427e-01 
9.542427e-01 
9.542427e-01 
9.542427e-01 
9.542427e-01 
9.542427e-01 
9.542427e-01 
9.542427e-01 
9.542427e-01 
9.542427e-01 
9.542427e-01 
9.542427e-01 
9.542427e-01 
9.542427e-01 
9.542427e-01 
9.542427e-01 
9.542427e-01 
9.542427e-01 
9.542427e-01 
9.542427e-01 
9.542427e-01 
9.542427e-01 
8.673883e-01 
7.471744e-01 
6.067795e-01 
4.452904e-01 
2.491913e-01 
4.964113e-02 
1.797695e-03 
4.088445e-04 
2.245953e-04 
1.396837e-04 
9.364576e-05 
6.623306e-05 
4.880759e-05 
3.717570e-05 
2.911046e-05 
2.334785e-05 
1.913278e-05 
1.599634e-05 
1.363978e-05 
1.187179e-05 
1.057488e-05 
9.690988e-06 
9.236619e-06 
9.668721e-06 
1.413049e-05 
1.603197e-05 
1.711646e-05 
1.778458e-05 
1.814409e-05 
1.818636e-05 
1.827042e-05 
1.827042e-05 
1.827042e-05 
1.827042e-05 
1.827042e-05 
1.827042e-05 
1.827042e-05 
1.827042e-05 
1.827042e-05 
1.827042e-05 
1.827042e-05 
1.827042e-05 
1.827042e-05 
1.827042e-05 
1.827042e-05 
1.827042e-05 
1.827042e-05 
1.827042e-05 
1.827042e-05 
1.827042e-05 
1.827042e-05 
1.827042e-05 
1.827042e-05 
1.827042e-05 
1.827042e-05 
1.827042e-05 
1.827042e-05 
1.827042e-05 
1.827042e-05 
1.827042e-05 
1.827042e-05 
1.827042e-05 
1.827042e-05 
1.827042e-05 
1.827042e-05 
1.827042e-05 
1.827042e-05 
1.827042e-05 
1.827042e-05 
1.827042e-05 
1.827042e-05 
1.827042e-05 
1.827042e-05 
1.827042e-05 
1.827042e-05 
1.827042e-05 
1.827042e-05 
1.827042e-05 
1.827042e-05 
1.827042e-05 
1.827042e-05 
1.827042e-05 
1.827042e-05 
1.827042e-05 
1.827042e-05 
1.827042e-05 
1.827042e-05 
1.827042e-05 
1.827042e-05 
1.827042e-05 
1.827042e-05 
1.827042e-05 
1.827042e-05 
1.833692e-05 
1.854071e-05 
1.876028e-05 
1.899699e-05 
1.925231e-05 
1.952773e-05 
1.982468e-05 
2.014444e-05 
2.048795e-05 
2.085542e-05 
2.124581e-05 
2.165588e-05 
2.207873e-05 
2.250121e-05 
2.289952e-05 
2.323152e-05 
2.342287e-05 
2.334163e-05 
2.274989e-05 
2.120956e-05 
1.789424e-05 
1.121606e-05 
-1.848893e-06 
-2.653140e-05 
-6.921368e-05 
-1.315910e-04 
-2.080967e-04 
-2.948563e-04 
-3.935927e-04 
-5.041292e-04 
-5.815605e-04 
-5.816374e-04 
-5.816374e-04 
-5.816374e-04 
-5.816374e-04 
-5.816374e-04 
-5.816374e-04 
-5.816374e-04 
-5.816374e-04 
-5.816374e-04 
-5.816374e-04 
-5.816374e-04 
-5.816374e-04 
-5.816374e-04 
-5.816374e-04 
-5.816374e-04 
-5.816374e-04 
-5.816374e-04 
-5.816374e-04 
-5.816374e-04 
-5.816374e-04 
-5.816374e-04 
-5.816374e-04 
-5.816374e-04 
-5.816374e-04 
-5.816374e-04 
-5.816374e-04 
-5.816374e-04 
-5.816374e-04 
-5.816374e-04 
-5.816374e-04 
-5.816374e-04 
-5.816374e-04 
-5.816374e-04 
-5.816374e-04 
-5.816374e-04 
-5.816374e-04 
-5.816374e-04 
-5.816374e-04 
-5.816374e-04 
-5.816374e-04 
-5.816374e-04 
-5.816374e-04 
-5.816374e-04 
-5.816374e-04 
-5.816374e-04 
-5.816374e-04 
-5.816374e-04 
-5.816374e-04 
-5.816374e-04 
-5.816374e-04 
-5.816374e-04 
-5.816374e-04 
-5.816374e-04 
-5.816374e-04 
-5.816374e-04 
-5.816374e-04 
-5.816374e-04 
-5.816374e-04 
-5.816374e-04 
-5.816374e-04 
-5.816374e-04 
-5.816374e-04 
-5.818967e-04 
-6.352981e-04 
-7.012059e-04 
-7.782783e-04 
-8.690184e-04 
-9.766276e-04 
-1.105175e-03 
-1.259880e-03 
-1.447437e-03 
-1.676571e-03 
-1.959810e-03 
-2.314732e-03 
-2.765976e-03 
-3.348880e-03 
-4.115339e-03 
-5.143581e-03 
-6.555044e-03 
-8.544693e-03 
-1.143796e-02 
-1.580312e-02 
-2.268588e-02 
-3.412640e-02 
-5.434118e-02 
-9.226096e-02 
-1.644448e-01 
-2.847657e-01 
-4.355676e-01 
-5.879716e-01 
-7.296195e-01 
-8.535869e-01 
-9.483456e-01 
-9.543232e-01 
-9.543232e-01 
-9.543232e-01 
-9.543232e-01 
-9.543232e-01 
-9.543232e-01 
-9.543232e-01 
-9.543232e-01 
-9.543232e-01 
-9.543232e-01 
-9.543232e-01 
-9.543232e-01 
-9.543232e-01 
-9.543232e-01 
-9.543232e-01 
-9.543232e-01 
-9.543232e-01 
-9.543232e-01 
-9.543232e-01 
-9.543232e-01 
-9.543232e-01 
-9.543232e-01 
-9.543232e-01 
-9.543232e-01 
-9.543232e-01 
-9.543232e-01 
-9.543232e-01 
-9.543232e-01 
-9.543232e-01 
-9.543232e-01 
-9.543232e-01 
-9.543232e-01 
-9.543232e-01 
-9.543232e-01 
-9.543232e-01 
-9.543232e-01 
-9.543232e-01 
-9.543232e-01 
-9.543232e-01 
-9.543232e-01 
-9.543232e-01 
-9.543232e-01 
-9.543232e-01 
-9.543232e-01 
-9.543232e-01 
-9.543232e-01 
-9.543232e-01 
-9.543232e-01 
-9.543232e-01 
-9.543232e-01 
-9.543232e-01 
-9.543232e-01 
-9.543232e-01 
-9.543232e-01 
-9.543232e-01 
-9.543232e-01 
-9.543232e-01 
-9.543232e-01 
-9.543232e-01 
-9.543232e-01 
-9.543232e-01 
-9.543232e-01 
-9.543232e-01 
-9.543218e-01 
-9.543176e-01 
-9.543125e-01 
-9.543063e-01 
-9.542985e-01 
-9.542876e-01 
-9.542760e-01 
-9.542704e-01 
-9.542668e-01 
-9.542638e-01 
-9.542613e-01 
-9.542590e-01 
-9.542571e-01 
-9.542553e-01 
-9.542538e-01 
-9.542524e-01 
-9.542512e-01 
-9.542501e-01 
-9.542491e-01 
-9.542482e-01 
-9.542474e-01 
-9.542466e-01 
-9.542459e-01 
-9.542452e-01 
-9.542446e-01 
-9.542441e-01 
-9.542436e-01 
-9.542431e-01 
-9.542426e-01 
-9.542422e-01 
-9.542420e-01 
-9.542420e-01 
-9.542420e-01 
-9.542420e-01 
-9.542420e-01 
-9.542420e-01 
-9.542420e-01 
-9.542420e-01 
-9.542420e-01 
-9.542420e-01 
-9.542420e-01 
-9.542420e-01 
-9.542420e-01 
-9.542420e-01 
-9.542420e-01 
-9.542420e-01 
-9.542420e-01 
-9.542420e-01 
-9.542420e-01 
-9.542420e-01 
-9.542420e-01 
-9.542420e-01 
-9.542420e-01 
-9.542420e-01 
-9.542420e-01 
-9.542420e-01 
-9.542420e-01 
-9.542420e-01 
-9.542420e-01 
-9.542420e-01 
-9.542420e-01 
-9.542420e-01 
-9.542420e-01 
-9.542420e-01 
-9.542420e-01 
-9.542420e-01 
-9.542420e-01 
-9.542420e-01 
-9.542420e-01 
-9.542420e-01 
-9.542420e-01 
-9.542420e-01 
-9.542420e-01 
-9.542420e-01 
-9.542420e-01 
-9.542420e-01 
-9.542420e-01 
-9.542420e-01 
-9.542420e-01 
-9.542420e-01 
-9.542420e-01 
-9.542420e-01 
-9.542420e-01 
-9.542420e-01 
-9.542420e-01 
-9.542420e-01 
-9.542420e-01 
-9.542420e-01 
-9.542420e-01 
-9.542420e-01 
-9.542420e-01 
-9.542420e-01 
-9.542420e-01 
-9.516635e-01 
-8.599640e-01 
-7.381349e-01 
-5.963578e-01 
-4.326014e-01 
-2.316579e-01 
-3.653433e-02 
3.062662e-04 
3.878765e-04 
2.167481e-04 
1.356352e-04 
9.131446e-05 
6.478712e-05 
4.786054e-05 
3.652884e-05 
2.865377e-05 
2.301689e-05 
1.888810e-05 
1.581302e-05 
1.350183e-05 
1.176908e-05 
1.050160e-05 
9.645351e-06 
9.224972e-06 
9.799098e-06 
1.434619e-05 
1.612242e-05 
1.717386e-05 
1.781821e-05 
1.815829e-05 
1.817320e-05 
1.827042e-05 
1.827042e-05 
1.827042e-05 
1.827042e-05 
1.827042e-05 
1.827042e-05 
1.827042e-05 
1.827042e-05 
1.827042e-05 
1.827042e-05 
1.827042e-05 
1.827042e-05 
1.827042e-05 
1.827042e-05 
1.827042e-05 
1.827042e-05 
1.827042e-05 
1.827042e-05 
1.827042e-05 
1.827042e-05 
1.827042e-05 
1.827042e-05 
1.827042e-05 
1.827042e-05 
1.827042e-05 
1.827042e-05 
1.827042e-05 
1.827042e-05 
1.827042e-05 
1.827042e-05 
1.827042e-05 
1.827042e-05 
1.827042e-05 
1.827042e-05 
1.827042e-05 
1.827042e-05 
1.827042e-05 
1.827042e-05 
1.827042e-05 
1.827042e-05 
1.827042e-05 
1.827042e-05 
1.827042e-05 
1.827042e-05 
1.827042e-05 
1.827042e-05 
1.827042e-05 
1.827042e-05 
1.827042e-05 
1.827042e-05 
1.827042e-05 
1.827042e-05 
1.827042e-05 
1.827042e-05 
1.827042e-05 
1.827042e-05 
1.827042e-05 
1.827042e-05 
1.827042e-05 
1.827042e-05 
1.827042e-05 
1.827042e-05 
1.827042e-05 
1.835036e-05 
1.855521e-05 
1.877590e-05 
1.901384e-05 
1.927049e-05 
1.954733e-05 
1.984581e-05 
2.016717e-05 
2.051232e-05 
2.088141e-05 
2.127327e-05 
2.168449e-05 
2.210783e-05 
2.252957e-05 
2.292496e-05 
0.000000e+00 
0.000000e+00 
0.000000e+00 
0.000000e+00 
0.000000e+00 
0.000000e+00 
0.000000e+00 
0.000000e+00
#[#TRACE_DATA]
#[#TRACE]
