#[TRACE]
#data_labels=Output
#[TRACE_DATA]
2.347544e-05 
2.374121e-05 
2.381609e-05 
2.351336e-05 
2.250749e-05 
2.019116e-05 
1.540533e-05 
5.918968e-06 
-1.238382e-05 
-4.575331e-05 
-9.907354e-05 
-1.696775e-04 
-2.516135e-04 
-3.442432e-04 
-4.498745e-04 
-5.607720e-04 
-5.812636e-04 
-5.812636e-04 
-5.812636e-04 
-5.812636e-04 
-5.812636e-04 
-5.812636e-04 
-5.812636e-04 
-5.812636e-04 
-5.812636e-04 
-5.812636e-04 
-5.812636e-04 
-5.812636e-04 
-5.812636e-04 
-5.812636e-04 
-5.812636e-04 
-5.812636e-04 
-5.812636e-04 
-5.812636e-04 
-5.812636e-04 
-5.812636e-04 
-5.812636e-04 
-5.812636e-04 
-5.812636e-04 
-5.812636e-04 
-5.812636e-04 
-5.812636e-04 
-5.812636e-04 
-5.812636e-04 
-5.812636e-04 
-5.812636e-04 
-5.812636e-04 
-5.812636e-04 
-5.812636e-04 
-5.812636e-04 
-5.812636e-04 
-5.812636e-04 
-5.812636e-04 
-5.812636e-04 
-5.812636e-04 
-5.812636e-04 
-5.812636e-04 
-5.812636e-04 
-5.812636e-04 
-5.812636e-04 
-5.812636e-04 
-5.812636e-04 
-5.812636e-04 
-5.812636e-04 
-5.812636e-04 
-5.812636e-04 
-5.812636e-04 
-5.812636e-04 
-5.812636e-04 
-5.812636e-04 
-5.812636e-04 
-5.812636e-04 
-5.812636e-04 
-5.812636e-04 
-5.812636e-04 
-5.812636e-04 
-5.812636e-04 
-5.812636e-04 
-5.812636e-04 
-6.067268e-04 
-6.679583e-04 
-7.393568e-04 
-8.231371e-04 
-9.221457e-04 
-1.040009e-03 
-1.181344e-03 
-1.352110e-03 
-1.559892e-03 
-1.815175e-03 
-2.132958e-03 
-2.534132e-03 
-3.048322e-03 
-3.718537e-03 
-4.608787e-03 
-5.817000e-03 
-7.497805e-03 
-9.904361e-03 
-1.346896e-02 
-1.896672e-02 
-2.786744e-02 
-4.313007e-02 
-7.100233e-02 
-1.242825e-01 
-2.213428e-01 
-3.617601e-01 
-5.159074e-01 
-6.635675e-01 
-7.970189e-01 
-9.076532e-01 
-9.543232e-01 
-9.543232e-01 
-9.543232e-01 
-9.543232e-01 
-9.543232e-01 
-9.543232e-01 
-9.543232e-01 
-9.543232e-01 
-9.543232e-01 
-9.543232e-01 
-9.543232e-01 
-9.543232e-01 
-9.543232e-01 
-9.543232e-01 
-9.543232e-01 
-9.543232e-01 
-9.543232e-01 
-9.543232e-01 
-9.543232e-01 
-9.543232e-01 
-9.543232e-01 
-9.543232e-01 
-9.543232e-01 
-9.543232e-01 
-9.543232e-01 
-9.543232e-01 
-9.543232e-01 
-9.543232e-01 
-9.543232e-01 
-9.543232e-01 
-9.543232e-01 
-9.543232e-01 
-9.543232e-01 
-9.543232e-01 
-9.543232e-01 
-9.543232e-01 
-9.543232e-01 
-9.543232e-01 
-9.543232e-01 
-9.543232e-01 
-9.543232e-01 
-9.543232e-01 
-9.543232e-01 
-9.543232e-01 
-9.543232e-01 
-9.543232e-01 
-9.543232e-01 
-9.543232e-01 
-9.543232e-01 
-9.543232e-01 
-9.543232e-01 
-9.543232e-01 
-9.543232e-01 
-9.543232e-01 
-9.543232e-01 
-9.543232e-01 
-9.543232e-01 
-9.543232e-01 
-9.543232e-01 
-9.543232e-01 
-9.543232e-01 
-9.543232e-01 
-9.543232e-01 
-9.543232e-01 
-9.543198e-01 
-9.543151e-01 
-9.543094e-01 
-9.543025e-01 
-9.542933e-01 
-9.542810e-01 
-9.542725e-01 
-9.542684e-01 
-9.542652e-01 
-9.542624e-01 
-9.542600e-01 
-9.542580e-01 
-9.542561e-01 
-9.542545e-01 
-9.542531e-01 
-9.542518e-01 
-9.542506e-01 
-9.542496e-01 
-9.542486e-01 
-9.542477e-01 
-9.542469e-01 
-9.542462e-01 
-9.542455e-01 
-9.542449e-01 
-9.542443e-01 
-9.542438e-01 
-9.542433e-01 
-9.542428e-01 
-9.542424e-01 
-9.542420e-01 
-9.542419e-01 
-9.542419e-01 
-9.542419e-01 
-9.542419e-01 
-9.542419e-01 
-9.542419e-01 
-9.542419e-01 
-9.542419e-01 
-9.542419e-01 
-9.542419e-01 
-9.542419e-01 
-9.542419e-01 
-9.542419e-01 
-9.542419e-01 
-9.542419e-01 
-9.542419e-01 
-9.542419e-01 
-9.542419e-01 
-9.542419e-01 
-9.542419e-01 
-9.542419e-01 
-9.542419e-01 
-9.542419e-01 
-9.542419e-01 
-9.542419e-01 
-9.542419e-01 
-9.542419e-01 
-9.542419e-01 
-9.542419e-01 
-9.542419e-01 
-9.542419e-01 
-9.542419e-01 
-9.542419e-01 
-9.542419e-01 
-9.542419e-01 
-9.542419e-01 
-9.542419e-01 
-9.542419e-01 
-9.542419e-01 
-9.542419e-01 
-9.542419e-01 
-9.542419e-01 
-9.542419e-01 
-9.542419e-01 
-9.542419e-01 
-9.542419e-01 
-9.542419e-01 
-9.542419e-01 
-9.542419e-01 
-9.542419e-01 
-9.542419e-01 
-9.542419e-01 
-9.542419e-01 
-9.542419e-01 
-9.542419e-01 
-9.542419e-01 
-9.542419e-01 
-9.542419e-01 
-9.542419e-01 
-9.542419e-01 
-9.542419e-01 
-9.542419e-01 
-9.542419e-01 
-9.087804e-01 
-7.992752e-01 
-6.665332e-01 
-5.143568e-01 
-3.335759e-01 
-1.151463e-01 
-4.130711e-03 
6.293931e-04 
3.331286e-04 
1.981958e-04 
1.288835e-04 
8.905796e-05 
6.439320e-05 
4.825723e-05 
3.724682e-05 
2.947984e-05 
2.385424e-05 
1.969562e-05 
1.657767e-05 
1.422597e-05 
1.246537e-05 
1.119211e-05 
1.036117e-05 
9.972490e-06 
9.494364e-06 
4.421786e-06 
3.810152e-06 
3.322351e-06 
2.681068e-06 
1.844363e-06 
1.266357e-06 
1.266353e-06 
1.266353e-06 
1.266353e-06 
1.266353e-06 
1.266353e-06 
1.266353e-06 
1.266353e-06 
1.266353e-06 
1.266353e-06 
1.266353e-06 
1.266353e-06 
1.266353e-06 
1.266353e-06 
1.266353e-06 
1.266353e-06 
1.266353e-06 
1.266353e-06 
1.266353e-06 
1.266353e-06 
1.266353e-06 
1.266353e-06 
1.266353e-06 
1.266353e-06 
1.266353e-06 
1.266353e-06 
1.266353e-06 
1.266353e-06 
1.266353e-06 
1.266353e-06 
1.266353e-06 
1.266353e-06 
1.266353e-06 
1.266353e-06 
1.266353e-06 
1.266353e-06 
1.266353e-06 
1.266353e-06 
1.266353e-06 
1.266353e-06 
1.266353e-06 
1.266353e-06 
1.266353e-06 
1.266353e-06 
1.266353e-06 
1.266353e-06 
1.266353e-06 
1.266353e-06 
1.266353e-06 
1.266353e-06 
1.266353e-06 
1.266353e-06 
1.266353e-06 
1.266353e-06 
1.266353e-06 
1.266353e-06 
1.266353e-06 
1.266353e-06 
1.266353e-06 
1.266353e-06 
1.266353e-06 
1.266353e-06 
1.266353e-06 
1.267981e-06 
1.466472e-06 
1.711520e-06 
1.988332e-06 
2.302637e-06 
2.661502e-06 
3.073729e-06 
3.550390e-06 
4.105592e-06 
4.757507e-06 
5.529761e-06 
6.453583e-06 
7.570972e-06 
8.939444e-06 
1.063940e-05 
1.278588e-05 
1.554800e-05 
1.918207e-05 
2.409055e-05 
3.093082e-05 
4.082312e-05 
5.574954e-05 
7.924637e-05 
1.170151e-04 
1.746571e-04 
2.496692e-04 
3.319755e-04 
4.157506e-04 
4.989837e-04 
5.764651e-04 
6.359549e-04 
6.419288e-04 
6.419288e-04 
6.419288e-04 
6.419288e-04 
6.419288e-04 
6.419288e-04 
6.419288e-04 
6.419288e-04 
6.419288e-04 
6.419288e-04 
6.419288e-04 
6.419288e-04 
6.419288e-04 
6.419288e-04 
6.419288e-04 
6.419288e-04 
6.419288e-04 
6.419288e-04 
6.419288e-04 
6.419288e-04 
6.419288e-04 
6.419288e-04 
6.419288e-04 
6.419288e-04 
6.419288e-04 
6.419288e-04 
6.419288e-04 
6.419288e-04 
6.419288e-04 
6.419288e-04 
6.419288e-04 
6.419288e-04 
6.419288e-04 
6.419288e-04 
6.419288e-04 
6.419288e-04 
6.419288e-04 
6.419288e-04 
6.419288e-04 
6.419288e-04 
6.419288e-04 
6.419288e-04 
6.419288e-04 
6.419288e-04 
6.419288e-04 
6.419288e-04 
6.419288e-04 
6.419288e-04 
6.419288e-04 
6.419288e-04 
6.419288e-04 
6.419288e-04 
6.419288e-04 
6.419288e-04 
6.419288e-04 
6.419288e-04 
6.419288e-04 
6.419288e-04 
6.419288e-04 
6.419288e-04 
6.419288e-04 
6.419288e-04 
6.419288e-04 
6.739815e-04 
7.407577e-04 
8.175148e-04 
9.029394e-04 
9.536768e-04 
1.075816e-03 
1.222410e-03 
1.399635e-03 
1.615176e-03 
1.880121e-03 
2.210073e-03 
2.626769e-03 
3.161087e-03 
3.857885e-03 
4.783984e-03 
6.041727e-03 
7.792899e-03 
1.030276e-02 
1.402499e-02 
1.977459e-02 
2.909971e-02 
4.512019e-02 
7.440712e-02 
1.302214e-01 
2.305168e-01 
3.725187e-01 
5.264173e-01 
6.732361e-01 
8.054466e-01 
9.140423e-01 
9.543234e-01 
9.543234e-01 
9.543234e-01 
9.543234e-01 
9.543234e-01 
9.543234e-01 
9.543234e-01 
9.543234e-01 
9.543234e-01 
9.543234e-01 
9.543234e-01 
9.543234e-01 
9.543234e-01 
9.543234e-01 
9.543234e-01 
9.543234e-01 
9.543234e-01 
9.543234e-01 
9.543234e-01 
9.543234e-01 
9.543234e-01 
9.543234e-01 
9.543234e-01 
9.543234e-01 
9.543234e-01 
9.543234e-01 
9.543234e-01 
9.543234e-01 
9.543234e-01 
9.543234e-01 
9.543234e-01 
9.543234e-01 
9.543234e-01 
9.543234e-01 
9.543234e-01 
9.543234e-01 
9.543234e-01 
9.543234e-01 
9.543234e-01 
9.543234e-01 
9.543234e-01 
9.543234e-01 
9.543234e-01 
9.543234e-01 
9.543234e-01 
9.543234e-01 
9.543234e-01 
9.543234e-01 
9.543234e-01 
9.543234e-01 
9.543234e-01 
9.543234e-01 
9.543234e-01 
9.543234e-01 
9.543234e-01 
9.543234e-01 
9.543234e-01 
9.543234e-01 
9.543234e-01 
9.543234e-01 
9.543234e-01 
9.543234e-01 
9.543234e-01 
9.543233e-01 
9.543202e-01 
9.543162e-01 
9.543116e-01 
9.543063e-01 
9.543005e-01 
9.542943e-01 
9.542879e-01 
9.542817e-01 
9.542761e-01 
9.542713e-01 
9.542673e-01 
9.542639e-01 
9.542611e-01 
9.542587e-01 
9.542566e-01 
9.542549e-01 
9.542533e-01 
9.542519e-01 
9.542507e-01 
9.542496e-01 
9.542486e-01 
9.542477e-01 
9.542469e-01 
9.542462e-01 
9.542455e-01 
9.542448e-01 
9.542443e-01 
9.542437e-01 
9.542432e-01 
9.542428e-01 
9.542428e-01 
9.542428e-01 
9.542428e-01 
9.542428e-01 
9.542428e-01 
9.542428e-01 
9.542428e-01 
9.542428e-01 
9.542428e-01 
9.542428e-01 
9.542428e-01 
9.542428e-01 
9.542428e-01 
9.542428e-01 
9.542428e-01 
9.542428e-01 
9.542428e-01 
9.542428e-01 
9.542428e-01 
9.542428e-01 
9.542428e-01 
9.542428e-01 
9.542428e-01 
9.542428e-01 
9.542428e-01 
9.542428e-01 
9.542428e-01 
9.542428e-01 
9.542428e-01 
9.542428e-01 
9.542428e-01 
9.542428e-01 
9.542428e-01 
9.542428e-01 
9.542428e-01 
9.542428e-01 
9.542428e-01 
9.542428e-01 
9.542428e-01 
9.542428e-01 
9.542428e-01 
9.542428e-01 
9.542428e-01 
9.542428e-01 
9.542428e-01 
9.542428e-01 
9.542428e-01 
9.542428e-01 
9.542428e-01 
9.542428e-01 
9.542428e-01 
9.542428e-01 
9.542428e-01 
9.542428e-01 
9.542428e-01 
9.542428e-01 
9.542428e-01 
9.542428e-01 
9.542428e-01 
9.542428e-01 
9.542428e-01 
9.542428e-01 
9.542428e-01 
9.022829e-01 
7.908482e-01 
6.568569e-01 
5.034881e-01 
3.213663e-01 
1.067470e-01 
6.075189e-03 
6.377017e-04 
3.203087e-04 
1.919873e-04 
1.254518e-04 
8.699076e-05 
6.306897e-05 
4.736849e-05 
3.662814e-05 
2.903644e-05 
2.352908e-05 
1.945307e-05 
1.639491e-05 
1.408828e-05 
1.236360e-05 
1.112139e-05 
1.032039e-05 
9.961320e-06 
9.294510e-06 
4.354119e-06 
3.778297e-06 
3.284709e-06 
2.629638e-06 
1.782353e-06 
1.266338e-06 
1.266353e-06 
1.266353e-06 
1.266353e-06 
1.266353e-06 
1.266353e-06 
1.266353e-06 
1.266353e-06 
1.266353e-06 
1.266353e-06 
1.266353e-06 
1.266353e-06 
1.266353e-06 
1.266353e-06 
1.266353e-06 
1.266353e-06 
1.266353e-06 
1.266353e-06 
1.266353e-06 
1.266353e-06 
1.266353e-06 
1.266353e-06 
1.266353e-06 
1.266353e-06 
1.266353e-06 
1.266353e-06 
1.266353e-06 
1.266353e-06 
1.266353e-06 
1.266353e-06 
1.266353e-06 
1.266353e-06 
1.266353e-06 
1.266353e-06 
1.266353e-06 
1.266353e-06 
1.266353e-06 
1.266353e-06 
1.266353e-06 
1.266353e-06 
1.266353e-06 
1.266353e-06 
1.266353e-06 
1.266353e-06 
1.266353e-06 
1.266353e-06 
1.266353e-06 
1.266353e-06 
1.266353e-06 
1.266353e-06 
1.266353e-06 
1.266353e-06 
1.266353e-06 
1.266353e-06 
1.266353e-06 
1.266353e-06 
1.266353e-06 
1.266353e-06 
1.266353e-06 
1.266353e-06 
1.266353e-06 
1.266353e-06 
1.266353e-06 
1.273040e-06 
1.482317e-06 
1.729377e-06 
2.008556e-06 
2.325666e-06 
2.687877e-06 
3.104127e-06 
3.585669e-06 
4.146853e-06 
4.806172e-06 
5.587692e-06 
6.523266e-06 
7.655779e-06 
9.044041e-06 
1.077038e-05 
1.295281e-05 
1.576512e-05 
1.947137e-05 
2.448719e-05 
3.149346e-05 
4.165373e-05 
5.703082e-05 
8.129797e-05 
1.202859e-04 
1.793335e-04 
2.551712e-04 
3.376845e-04 
4.214858e-04 
5.045642e-04 
5.812796e-04 
6.385968e-04 
6.419288e-04 
6.419288e-04 
6.419288e-04 
6.419288e-04 
6.419288e-04 
6.419288e-04 
6.419288e-04 
6.419288e-04 
6.419288e-04 
6.419288e-04 
6.419288e-04 
6.419288e-04 
6.419288e-04 
6.419288e-04 
6.419288e-04 
6.419288e-04 
6.419288e-04 
6.419288e-04 
6.419288e-04 
6.419288e-04 
6.419288e-04 
6.419288e-04 
6.419288e-04 
6.419288e-04 
6.419288e-04 
6.419288e-04 
6.419288e-04 
6.419288e-04 
6.419288e-04 
6.419288e-04 
6.419288e-04 
6.419288e-04 
6.419288e-04 
6.419288e-04 
6.419288e-04 
6.419288e-04 
6.419288e-04 
6.419288e-04 
6.419288e-04 
6.419288e-04 
6.419288e-04 
6.419288e-04 
6.419288e-04 
6.419288e-04 
6.419288e-04 
6.419288e-04 
6.419288e-04 
6.419288e-04 
6.419288e-04 
6.419288e-04 
6.419288e-04 
6.419288e-04 
6.419288e-04 
6.419288e-04 
6.419288e-04 
6.419288e-04 
6.419288e-04 
6.419288e-04 
6.419288e-04 
6.419288e-04 
6.419288e-04 
6.419288e-04 
6.419288e-04 
6.782560e-04 
7.456743e-04 
8.231495e-04 
9.082294e-04 
9.613392e-04 
1.084999e-03 
1.233475e-03 
1.413049e-03 
1.631568e-03 
1.900404e-03 
2.235510e-03 
2.659139e-03 
3.202941e-03 
3.912978e-03 
4.857982e-03 
6.143440e-03 
7.936496e-03 
1.051193e-02 
1.434120e-02 
2.027427e-02 
2.993226e-02 
4.659466e-02 
7.717769e-02 
1.354911e-01 
2.391716e-01 
3.829911e-01 
5.367925e-01 
6.828151e-01 
8.137627e-01 
9.202490e-01 
9.543234e-01 
9.543234e-01 
9.543234e-01 
9.543234e-01 
9.543234e-01 
9.543234e-01 
9.543234e-01 
9.543234e-01 
9.543234e-01 
9.543234e-01 
9.543234e-01 
9.543234e-01 
9.543234e-01 
9.543234e-01 
9.543234e-01 
9.543234e-01 
9.543234e-01 
9.543234e-01 
9.543234e-01 
9.543234e-01 
9.543234e-01 
9.543234e-01 
9.543234e-01 
9.543234e-01 
9.543234e-01 
9.543234e-01 
9.543234e-01 
9.543234e-01 
9.543234e-01 
9.543234e-01 
9.543234e-01 
9.543234e-01 
9.543234e-01 
9.543234e-01 
9.543234e-01 
9.543234e-01 
9.543234e-01 
9.543234e-01 
9.543234e-01 
9.543234e-01 
9.543234e-01 
9.543234e-01 
9.543234e-01 
9.543234e-01 
9.543234e-01 
9.543234e-01 
9.543234e-01 
9.543234e-01 
9.543234e-01 
9.543234e-01 
9.543234e-01 
9.543234e-01 
9.543234e-01 
9.543234e-01 
9.543234e-01 
9.543234e-01 
9.543234e-01 
9.543234e-01 
9.543234e-01 
9.543234e-01 
9.543234e-01 
9.543234e-01 
9.543234e-01 
9.543231e-01 
9.543200e-01 
9.543159e-01 
9.543112e-01 
9.543059e-01 
9.543001e-01 
9.542939e-01 
9.542875e-01 
9.542813e-01 
9.542757e-01 
9.542710e-01 
9.542670e-01 
9.542637e-01 
9.542609e-01 
9.542586e-01 
9.542565e-01 
9.542548e-01 
9.542532e-01 
9.542518e-01 
9.542506e-01 
9.542495e-01 
9.542485e-01 
9.542477e-01 
9.542468e-01 
9.542461e-01 
9.542454e-01 
9.542448e-01 
9.542442e-01 
9.542437e-01 
9.542432e-01 
9.542428e-01 
9.542428e-01 
9.542428e-01 
9.542428e-01 
9.542428e-01 
9.542428e-01 
9.542428e-01 
9.542428e-01 
9.542428e-01 
9.542428e-01 
9.542428e-01 
9.542428e-01 
9.542428e-01 
9.542428e-01 
9.542428e-01 
9.542428e-01 
9.542428e-01 
9.542428e-01 
9.542428e-01 
9.542428e-01 
9.542428e-01 
9.542428e-01 
9.542428e-01 
9.542428e-01 
9.542428e-01 
9.542428e-01 
9.542428e-01 
9.542428e-01 
9.542428e-01 
9.542428e-01 
9.542428e-01 
9.542428e-01 
9.542428e-01 
9.542428e-01 
9.542428e-01 
9.542428e-01 
9.542428e-01 
9.542428e-01 
9.542428e-01 
9.542428e-01 
9.542428e-01 
9.542428e-01 
9.542428e-01 
9.542428e-01 
9.542428e-01 
9.542428e-01 
9.542428e-01 
9.542428e-01 
9.542428e-01 
9.542428e-01 
9.542428e-01 
9.542428e-01 
9.542428e-01 
9.542428e-01 
9.542428e-01 
9.542428e-01 
9.542428e-01 
9.542428e-01 
9.542428e-01 
9.542428e-01 
9.542428e-01 
9.542428e-01 
9.542428e-01 
9.542428e-01 
8.956157e-01 
7.823059e-01 
6.470199e-01 
4.921395e-01 
3.073966e-01 
9.367985e-02 
4.778027e-03 
5.995246e-04 
3.081564e-04 
1.860463e-04 
1.221450e-04 
8.498906e-05 
6.178210e-05 
4.650240e-05 
3.602389e-05 
2.860261e-05 
2.321050e-05 
1.921521e-05 
1.621563e-05 
1.395338e-05 
1.226456e-05 
1.105557e-05 
1.030260e-05 
1.020294e-05 
1.360838e-05 
1.628328e-05 
1.742991e-05 
1.813174e-05 
1.851244e-05 
1.860449e-05 
1.864019e-05 
1.864016e-05 
1.864016e-05 
1.864016e-05 
1.864016e-05 
1.864016e-05 
1.864016e-05 
1.864016e-05 
1.864016e-05 
1.864016e-05 
1.864016e-05 
1.864016e-05 
1.864016e-05 
1.864016e-05 
1.864016e-05 
1.864016e-05 
1.864016e-05 
1.864016e-05 
1.864016e-05 
1.864016e-05 
1.864016e-05 
1.864016e-05 
1.864016e-05 
1.864016e-05 
1.864016e-05 
1.864016e-05 
1.864016e-05 
1.864016e-05 
1.864016e-05 
1.864016e-05 
1.864016e-05 
1.864016e-05 
1.864016e-05 
1.864016e-05 
1.864016e-05 
1.864016e-05 
1.864016e-05 
1.864016e-05 
1.864016e-05 
1.864016e-05 
1.864016e-05 
1.864016e-05 
1.864016e-05 
1.864016e-05 
1.864016e-05 
1.864016e-05 
1.864016e-05 
1.864016e-05 
1.864016e-05 
1.864016e-05 
1.864016e-05 
1.864016e-05 
1.864016e-05 
1.864016e-05 
1.864016e-05 
1.864016e-05 
1.864016e-05 
1.864016e-05 
1.864016e-05 
1.864016e-05 
1.864016e-05 
1.864016e-05 
1.864016e-05 
1.865652e-05 
1.885351e-05 
1.906895e-05 
1.930118e-05 
1.955164e-05 
1.982184e-05 
2.011324e-05 
2.042718e-05 
2.076476e-05 
2.112647e-05 
2.151170e-05 
2.191797e-05 
2.233962e-05 
2.276561e-05 
2.317575e-05 
2.353408e-05 
2.377717e-05 
2.379267e-05 
2.337889e-05 
2.216661e-05 
1.946357e-05 
1.394385e-05 
3.061766e-06 
-1.777600e-05 
-5.501799e-05 
-1.123725e-04 
-1.856797e-04 
-2.696587e-04 
-3.648318e-04 
-4.728776e-04 
-5.775978e-04 
-5.812636e-04 
-5.812636e-04 
-5.812636e-04 
-5.812636e-04 
-5.812636e-04 
-5.812636e-04 
-5.812636e-04 
-5.812636e-04 
-5.812636e-04 
-5.812636e-04 
-5.812636e-04 
-5.812636e-04 
-5.812636e-04 
-5.812636e-04 
-5.812636e-04 
-5.812636e-04 
-5.812636e-04 
-5.812636e-04 
-5.812636e-04 
-5.812636e-04 
-5.812636e-04 
-5.812636e-04 
-5.812636e-04 
-5.812636e-04 
-5.812636e-04 
-5.812636e-04 
-5.812636e-04 
-5.812636e-04 
-5.812636e-04 
-5.812636e-04 
-5.812636e-04 
-5.812636e-04 
-5.812636e-04 
-5.812636e-04 
-5.812636e-04 
-5.812636e-04 
-5.812636e-04 
-5.812636e-04 
-5.812636e-04 
-5.812636e-04 
-5.812636e-04 
-5.812636e-04 
-5.812636e-04 
-5.812636e-04 
-5.812636e-04 
-5.812636e-04 
-5.812636e-04 
-5.812636e-04 
-5.812636e-04 
-5.812636e-04 
-5.812636e-04 
-5.812636e-04 
-5.812636e-04 
-5.812636e-04 
-5.812636e-04 
-5.812636e-04 
-5.812636e-04 
-5.812636e-04 
-5.812636e-04 
-5.812636e-04 
-5.812636e-04 
-5.812636e-04 
-5.812636e-04 
-6.185471e-04 
-6.817110e-04 
-7.554500e-04 
-8.420988e-04 
-9.446508e-04 
-1.066914e-03 
-1.213751e-03 
-1.391429e-03 
-1.607965e-03 
-1.874682e-03 
-2.207634e-03 
-2.629219e-03 
-3.171357e-03 
-3.880615e-03 
-4.826668e-03 
-6.116776e-03 
-7.921486e-03 
-1.052230e-02 
-1.440447e-02 
-2.044762e-02 
-3.034015e-02 
-4.752144e-02 
-7.928347e-02 
-1.400973e-01 
-2.473753e-01 
-3.932353e-01 
-5.470544e-01 
-6.923088e-01 
-8.219645e-01 
-9.262677e-01 
-9.543232e-01 
-9.543232e-01 
-9.543232e-01 
-9.543232e-01 
-9.543232e-01 
-9.543232e-01 
-9.543232e-01 
-9.543232e-01 
-9.543232e-01 
-9.543232e-01 
-9.543232e-01 
-9.543232e-01 
-9.543232e-01 
-9.543232e-01 
-9.543232e-01 
-9.543232e-01 
-9.543232e-01 
-9.543232e-01 
-9.543232e-01 
-9.543232e-01 
-9.543232e-01 
-9.543232e-01 
-9.543232e-01 
-9.543232e-01 
-9.543232e-01 
-9.543232e-01 
-9.543232e-01 
-9.543232e-01 
-9.543232e-01 
-9.543232e-01 
-9.543232e-01 
-9.543232e-01 
-9.543232e-01 
-9.543232e-01 
-9.543232e-01 
-9.543232e-01 
-9.543232e-01 
-9.543232e-01 
-9.543232e-01 
-9.543232e-01 
-9.543232e-01 
-9.543232e-01 
-9.543232e-01 
-9.543232e-01 
-9.543232e-01 
-9.543232e-01 
-9.543232e-01 
-9.543232e-01 
-9.543232e-01 
-9.543232e-01 
-9.543232e-01 
-9.543232e-01 
-9.543232e-01 
-9.543232e-01 
-9.543232e-01 
-9.543232e-01 
-9.543232e-01 
-9.543232e-01 
-9.543232e-01 
-9.543232e-01 
-9.543232e-01 
-9.543232e-01 
-9.543232e-01 
-9.543226e-01 
-9.543189e-01 
-9.543140e-01 
-9.543081e-01 
-9.543009e-01 
-9.542910e-01 
-9.542786e-01 
-9.542715e-01 
-9.542677e-01 
-9.542646e-01 
-9.542619e-01 
-9.542596e-01 
-9.542576e-01 
-9.542558e-01 
-9.542542e-01 
-9.542528e-01 
-9.542515e-01 
-9.542504e-01 
-9.542494e-01 
-9.542484e-01 
-9.542476e-01 
-9.542468e-01 
-9.542461e-01 
-9.542454e-01 
-9.542448e-01 
-9.542442e-01 
-9.542437e-01 
-9.542432e-01 
-9.542427e-01 
-9.542423e-01 
-9.542419e-01 
-9.542419e-01 
-9.542419e-01 
-9.542419e-01 
-9.542419e-01 
-9.542419e-01 
-9.542419e-01 
-9.542419e-01 
-9.542419e-01 
-9.542419e-01 
-9.542419e-01 
-9.542419e-01 
-9.542419e-01 
-9.542419e-01 
-9.542419e-01 
-9.542419e-01 
-9.542419e-01 
-9.542419e-01 
-9.542419e-01 
-9.542419e-01 
-9.542419e-01 
-9.542419e-01 
-9.542419e-01 
-9.542419e-01 
-9.542419e-01 
-9.542419e-01 
-9.542419e-01 
-9.542419e-01 
-9.542419e-01 
-9.542419e-01 
-9.542419e-01 
-9.542419e-01 
-9.542419e-01 
-9.542419e-01 
-9.542419e-01 
-9.542419e-01 
-9.542419e-01 
-9.542419e-01 
-9.542419e-01 
-9.542419e-01 
-9.542419e-01 
-9.542419e-01 
-9.542419e-01 
-9.542419e-01 
-9.542419e-01 
-9.542419e-01 
-9.542419e-01 
-9.542419e-01 
-9.542419e-01 
-9.542419e-01 
-9.542419e-01 
-9.542419e-01 
-9.542419e-01 
-9.542419e-01 
-9.542419e-01 
-9.542419e-01 
-9.542419e-01 
-9.542419e-01 
-9.542419e-01 
-9.542419e-01 
-9.542419e-01 
-9.542419e-01 
-9.542419e-01 
-9.542419e-01 
-8.887836e-01 
-7.736451e-01 
-6.369923e-01 
-4.801796e-01 
-2.911321e-01 
-7.554981e-02 
-9.174360e-04 
5.526545e-04 
2.966467e-04 
1.803581e-04 
1.189572e-04 
8.305027e-05 
6.053127e-05 
4.565827e-05 
3.543369e-05 
2.817814e-05 
2.289839e-05 
1.898197e-05 
1.603976e-05 
1.382105e-05 
1.216730e-05 
1.098932e-05 
1.026939e-05 
1.024887e-05 
1.397709e-05 
1.637960e-05 
1.749038e-05 
1.816693e-05 
1.852844e-05 
1.859761e-05 
1.864017e-05 
1.864016e-05 
1.864016e-05 
1.864016e-05 
1.864016e-05 
1.864016e-05 
1.864016e-05 
1.864016e-05 
1.864016e-05 
1.864016e-05 
1.864016e-05 
1.864016e-05 
1.864016e-05 
1.864016e-05 
1.864016e-05 
1.864016e-05 
1.864016e-05 
1.864016e-05 
1.864016e-05 
1.864016e-05 
1.864016e-05 
1.864016e-05 
1.864016e-05 
1.864016e-05 
1.864016e-05 
1.864016e-05 
1.864016e-05 
1.864016e-05 
1.864016e-05 
1.864016e-05 
1.864016e-05 
1.864016e-05 
1.864016e-05 
1.864016e-05 
1.864016e-05 
1.864016e-05 
1.864016e-05 
1.864016e-05 
1.864016e-05 
1.864016e-05 
1.864016e-05 
1.864016e-05 
1.864016e-05 
1.864016e-05 
1.864016e-05 
1.864016e-05 
1.864016e-05 
1.864016e-05 
1.864016e-05 
1.864016e-05 
1.864016e-05 
1.864016e-05 
1.864016e-05 
1.864016e-05 
1.864016e-05 
1.864016e-05 
1.864016e-05 
1.864016e-05 
1.864016e-05 
1.864016e-05 
1.864016e-05 
1.864016e-05 
1.864016e-05 
1.866781e-05 
1.886773e-05 
1.908428e-05 
1.931770e-05 
1.956947e-05 
1.984107e-05 
2.013397e-05 
2.044950e-05 
2.078872e-05 
2.115208e-05 
2.153885e-05 
2.194640e-05 
2.236877e-05 
2.279446e-05 
2.320243e-05 
2.355531e-05 
2.378716e-05 
2.378108e-05 
2.332703e-05 
2.203987e-05 
1.919633e-05 
1.340956e-05 
2.020663e-06 
-1.972532e-05 
-5.830225e-05 
-1.169587e-04 
-1.911089e-04 
-2.757752e-04 
-3.718243e-04 
-4.805895e-04 
-5.796933e-04 
-5.812636e-04 
-5.812636e-04 
-5.812636e-04 
-5.812636e-04 
-5.812636e-04 
-5.812636e-04 
-5.812636e-04 
-5.812636e-04 
-5.812636e-04 
-5.812636e-04 
-5.812636e-04 
-5.812636e-04 
-5.812636e-04 
-5.812636e-04 
-5.812636e-04 
-5.812636e-04 
-5.812636e-04 
-5.812636e-04 
-5.812636e-04 
-5.812636e-04 
-5.812636e-04 
-5.812636e-04 
-5.812636e-04 
-5.812636e-04 
-5.812636e-04 
-5.812636e-04 
-5.812636e-04 
-5.812636e-04 
-5.812636e-04 
-5.812636e-04 
-5.812636e-04 
-5.812636e-04 
-5.812636e-04 
-5.812636e-04 
-5.812636e-04 
-5.812636e-04 
-5.812636e-04 
-5.812636e-04 
-5.812636e-04 
-5.812636e-04 
-5.812636e-04 
-5.812636e-04 
-5.812636e-04 
-5.812636e-04 
-5.812636e-04 
-5.812636e-04 
-5.812636e-04 
-5.812636e-04 
-5.812636e-04 
-5.812636e-04 
-5.812636e-04 
-5.812636e-04 
-5.812636e-04 
-5.812636e-04 
-5.812636e-04 
-5.812636e-04 
-5.812636e-04 
-5.812636e-04 
-5.812636e-04 
-5.812636e-04 
-5.812636e-04 
-5.812636e-04 
-5.812636e-04 
-6.225686e-04 
-6.863928e-04 
-7.609335e-04 
-8.485660e-04 
-9.523342e-04 
-1.076109e-03 
-1.224838e-03 
-1.404892e-03 
-1.624449e-03 
-1.895125e-03 
-2.233336e-03 
-2.662015e-03 
-3.213891e-03 
-3.936792e-03 
-4.902411e-03 
-6.221344e-03 
-8.069862e-03 
-1.073972e-02 
-1.473546e-02 
-2.097508e-02 
-3.122786e-02 
-4.911165e-02 
-8.230130e-02 
-1.458183e-01 
-2.564523e-01 
-4.037937e-01 
-5.573535e-01 
-7.017489e-01 
-8.300543e-01 
-9.320931e-01 
-9.543232e-01 
-9.543232e-01 
-9.543232e-01 
-9.543232e-01 
-9.543232e-01 
-9.543232e-01 
-9.543232e-01 
-9.543232e-01 
-9.543232e-01 
-9.543232e-01 
-9.543232e-01 
-9.543232e-01 
-9.543232e-01 
-9.543232e-01 
-9.543232e-01 
-9.543232e-01 
-9.543232e-01 
-9.543232e-01 
-9.543232e-01 
-9.543232e-01 
-9.543232e-01 
-9.543232e-01 
-9.543232e-01 
-9.543232e-01 
-9.543232e-01 
-9.543232e-01 
-9.543232e-01 
-9.543232e-01 
-9.543232e-01 
-9.543232e-01 
-9.543232e-01 
-9.543232e-01 
-9.543232e-01 
-9.543232e-01 
-9.543232e-01 
-9.543232e-01 
-9.543232e-01 
-9.543232e-01 
-9.543232e-01 
-9.543232e-01 
-9.543232e-01 
-9.543232e-01 
-9.543232e-01 
-9.543232e-01 
-9.543232e-01 
-9.543232e-01 
-9.543232e-01 
-9.543232e-01 
-9.543232e-01 
-9.543232e-01 
-9.543232e-01 
-9.543232e-01 
-9.543232e-01 
-9.543232e-01 
-9.543232e-01 
-9.543232e-01 
-9.543232e-01 
-9.543232e-01 
-9.543232e-01 
-9.543232e-01 
-9.543232e-01 
-9.543232e-01 
-9.543232e-01 
-9.543224e-01 
-9.543186e-01 
-9.543136e-01 
-9.543077e-01 
-9.543003e-01 
-9.542902e-01 
-9.542779e-01 
-9.542712e-01 
-9.542675e-01 
-9.542644e-01 
-9.542617e-01 
-9.542594e-01 
-9.542574e-01 
-9.542557e-01 
-9.542541e-01 
-9.542527e-01 
-9.542514e-01 
-9.542503e-01 
-9.542493e-01 
-9.542484e-01 
-9.542475e-01 
-9.542467e-01 
-9.542460e-01 
-9.542453e-01 
-9.542447e-01 
-9.542442e-01 
-9.542436e-01 
-9.542431e-01 
-9.542427e-01 
-9.542423e-01 
-9.542419e-01 
-9.542419e-01 
-9.542419e-01 
-9.542419e-01 
-9.542419e-01 
-9.542419e-01 
-9.542419e-01 
-9.542419e-01 
-9.542419e-01 
-9.542419e-01 
-9.542419e-01 
-9.542419e-01 
-9.542419e-01 
-9.542419e-01 
-9.542419e-01 
-9.542419e-01 
-9.542419e-01 
-9.542419e-01 
-9.542419e-01 
-9.542419e-01 
-9.542419e-01 
-9.542419e-01 
-9.542419e-01 
-9.542419e-01 
-9.542419e-01 
-9.542419e-01 
-9.542419e-01 
-9.542419e-01 
-9.542419e-01 
-9.542419e-01 
-9.542419e-01 
-9.542419e-01 
-9.542419e-01 
-9.542419e-01 
-9.542419e-01 
-9.542419e-01 
-9.542419e-01 
-9.542419e-01 
-9.542419e-01 
-9.542419e-01 
-9.542419e-01 
-9.542419e-01 
-9.542419e-01 
-9.542419e-01 
-9.542419e-01 
-9.542419e-01 
-9.542419e-01 
-9.542419e-01 
-9.542419e-01 
-9.542419e-01 
-9.542419e-01 
-9.542419e-01 
-9.542419e-01 
-9.542419e-01 
-9.542419e-01 
-9.542419e-01 
-9.542419e-01 
-9.542419e-01 
-9.542419e-01 
-9.542419e-01 
-9.542419e-01 
-9.542419e-01 
-9.542419e-01 
-9.542419e-01 
-8.817988e-01 
-7.649062e-01 
-6.269700e-01 
-4.685123e-01 
-2.765511e-01 
-6.417831e-02 
-4.055898e-04 
5.080041e-04 
2.738824e-04 
1.667964e-04 
1.098483e-04 
7.639586e-05 
5.534313e-05 
4.138974e-05 
3.175372e-05 
2.486841e-05 
1.980091e-05 
1.596881e-05 
1.299235e-05 
1.061208e-05 
8.639763e-06 
6.927943e-06 
5.364143e-06 
4.111620e-06 
6.266838e-06 
6.414501e-06 
5.757614e-06 
5.280808e-06 
5.125536e-06 
5.259783e-06 
5.381004e-06 
5.381001e-06 
5.381001e-06 
5.381001e-06 
5.381001e-06 
5.381001e-06 
5.381001e-06 
5.381001e-06 
5.381001e-06 
5.381001e-06 
5.381001e-06 
5.381001e-06 
5.381001e-06 
5.381001e-06 
5.381001e-06 
5.381001e-06 
5.381001e-06 
5.381001e-06 
5.381001e-06 
5.381001e-06 
5.381001e-06 
5.381001e-06 
5.381001e-06 
5.381001e-06 
5.381001e-06 
5.381001e-06 
5.381001e-06 
5.381001e-06 
5.381001e-06 
5.381001e-06 
5.381001e-06 
5.381001e-06 
5.381001e-06 
5.381001e-06 
5.381001e-06 
5.381001e-06 
5.381001e-06 
5.381001e-06 
5.381001e-06 
5.381001e-06 
5.381001e-06 
5.381001e-06 
5.381001e-06 
5.381001e-06 
5.381001e-06 
5.381001e-06 
5.381001e-06 
5.381001e-06 
5.381001e-06 
5.381001e-06 
5.381001e-06 
5.381001e-06 
5.381001e-06 
5.381001e-06 
5.381001e-06 
5.381001e-06 
5.381001e-06 
5.381001e-06 
5.381001e-06 
5.381001e-06 
5.381001e-06 
5.381001e-06 
5.381001e-06 
5.419422e-06 
5.638168e-06 
5.886287e-06 
6.167906e-06 
6.489227e-06 
6.857945e-06 
7.283695e-06 
7.778643e-06 
8.358242e-06 
9.042584e-06 
9.858020e-06 
1.083960e-05 
1.203471e-05 
1.350866e-05 
1.535332e-05 
1.770112e-05 
2.074825e-05 
2.479450e-05 
3.031454e-05 
3.808959e-05 
4.945657e-05 
6.676709e-05 
9.407200e-05 
1.371637e-04 
1.995946e-04 
2.759488e-04 
3.574579e-04 
4.405941e-04 
5.234087e-04 
5.986834e-04 
6.462411e-04 
6.465114e-04 
6.465114e-04 
6.465114e-04 
6.465114e-04 
6.465114e-04 
6.465114e-04 
6.465114e-04 
6.465114e-04 
6.465114e-04 
6.465114e-04 
6.465114e-04 
6.465114e-04 
6.465114e-04 
6.465114e-04 
6.465114e-04 
6.465114e-04 
6.465114e-04 
6.465114e-04 
6.465114e-04 
6.465114e-04 
6.465114e-04 
6.465114e-04 
6.465114e-04 
6.465114e-04 
6.465114e-04 
6.465114e-04 
6.465114e-04 
6.465114e-04 
6.465114e-04 
6.465114e-04 
6.465114e-04 
6.465114e-04 
6.465114e-04 
6.465114e-04 
6.465114e-04 
6.465114e-04 
6.465114e-04 
6.465114e-04 
6.465114e-04 
6.465114e-04 
6.465114e-04 
6.465114e-04 
6.465114e-04 
6.465114e-04 
6.465114e-04 
6.465114e-04 
6.465114e-04 
6.465114e-04 
6.465114e-04 
6.465114e-04 
6.465114e-04 
6.465114e-04 
6.465114e-04 
6.465114e-04 
6.465114e-04 
6.465114e-04 
6.465114e-04 
6.465114e-04 
6.465114e-04 
6.465114e-04 
6.465114e-04 
6.465114e-04 
6.465114e-04 
6.953918e-04 
7.637186e-04 
8.407376e-04 
8.870270e-04 
9.917252e-04 
1.114173e-03 
1.267859e-03 
1.454429e-03 
1.682164e-03 
1.963120e-03 
2.314318e-03 
2.759635e-03 
3.333188e-03 
4.084873e-03 
5.089557e-03 
6.462850e-03 
8.389254e-03 
1.117460e-02 
1.534865e-02 
2.187712e-02 
3.262439e-02 
5.140452e-02 
8.627207e-02 
1.526488e-01 
2.663092e-01 
4.145978e-01 
5.676671e-01 
7.111283e-01 
8.380266e-01 
9.377191e-01 
9.543234e-01 
9.543234e-01 
9.543234e-01 
9.543234e-01 
9.543234e-01 
9.543234e-01 
9.543234e-01 
9.543234e-01 
9.543234e-01 
9.543234e-01 
9.543234e-01 
9.543234e-01 
9.543234e-01 
9.543234e-01 
9.543234e-01 
9.543234e-01 
9.543234e-01 
9.543234e-01 
9.543234e-01 
9.543234e-01 
9.543234e-01 
9.543234e-01 
9.543234e-01 
9.543234e-01 
9.543234e-01 
9.543234e-01 
9.543234e-01 
9.543234e-01 
9.543234e-01 
9.543234e-01 
9.543234e-01 
9.543234e-01 
9.543234e-01 
9.543234e-01 
9.543234e-01 
9.543234e-01 
9.543234e-01 
9.543234e-01 
9.543234e-01 
9.543234e-01 
9.543234e-01 
9.543234e-01 
9.543234e-01 
9.543234e-01 
9.543234e-01 
9.543234e-01 
9.543234e-01 
9.543234e-01 
9.543234e-01 
9.543234e-01 
9.543234e-01 
9.543234e-01 
9.543234e-01 
9.543234e-01 
9.543234e-01 
9.543234e-01 
9.543234e-01 
9.543234e-01 
9.543234e-01 
9.543234e-01 
9.543234e-01 
9.543234e-01 
9.543234e-01 
9.543226e-01 
9.543192e-01 
9.543150e-01 
9.543102e-01 
9.543048e-01 
9.542989e-01 
9.542926e-01 
9.542862e-01 
9.542801e-01 
9.542747e-01 
9.542701e-01 
9.542663e-01 
9.542631e-01 
9.542604e-01 
9.542581e-01 
9.542561e-01 
9.542544e-01 
9.542529e-01 
9.542516e-01 
9.542504e-01 
9.542493e-01 
9.542484e-01 
9.542475e-01 
9.542467e-01 
9.542460e-01 
9.542453e-01 
9.542447e-01 
9.542441e-01 
9.542436e-01 
9.542431e-01 
9.542428e-01 
9.542428e-01 
9.542428e-01 
9.542428e-01 
9.542428e-01 
9.542428e-01 
9.542428e-01 
9.542428e-01 
9.542428e-01 
9.542428e-01 
9.542428e-01 
9.542428e-01 
9.542428e-01 
9.542428e-01 
9.542428e-01 
9.542428e-01 
9.542428e-01 
9.542428e-01 
9.542428e-01 
9.542428e-01 
9.542428e-01 
9.542428e-01 
9.542428e-01 
9.542428e-01 
9.542428e-01 
9.542428e-01 
9.542428e-01 
9.542428e-01 
9.542428e-01 
9.542428e-01 
9.542428e-01 
9.542428e-01 
9.542428e-01 
9.542428e-01 
9.542428e-01 
9.542428e-01 
9.542428e-01 
9.542428e-01 
9.542428e-01 
9.542428e-01 
9.542428e-01 
9.542428e-01 
9.542428e-01 
9.542428e-01 
9.542428e-01 
9.542428e-01 
9.542428e-01 
9.542428e-01 
9.542428e-01 
9.542428e-01 
9.542428e-01 
9.542428e-01 
9.542428e-01 
9.542428e-01 
9.542428e-01 
9.542428e-01 
9.542428e-01 
9.542428e-01 
9.542428e-01 
9.542428e-01 
9.542428e-01 
9.542428e-01 
9.542428e-01 
9.542428e-01 
8.746681e-01 
7.560983e-01 
6.169829e-01 
4.572636e-01 
2.642038e-01 
5.952632e-02 
2.422449e-03 
5.092070e-04 
2.754090e-04 
1.696853e-04 
1.129171e-04 
7.935155e-05 
5.813273e-05 
4.403312e-05 
3.429380e-05 
2.735627e-05 
2.229290e-05 
1.852891e-05 
1.569800e-05 
1.356409e-05 
1.197866e-05 
1.085893e-05 
1.017822e-05 
9.928330e-06 
7.585590e-06 
4.153295e-06 
3.651328e-06 
3.125676e-06 
2.414385e-06 
1.533419e-06 
1.266352e-06 
1.266353e-06 
1.266353e-06 
1.266353e-06 
1.266353e-06 
1.266353e-06 
1.266353e-06 
1.266353e-06 
1.266353e-06 
1.266353e-06 
1.266353e-06 
1.266353e-06 
1.266353e-06 
1.266353e-06 
1.266353e-06 
1.266353e-06 
1.266353e-06 
1.266353e-06 
1.266353e-06 
1.266353e-06 
1.266353e-06 
1.266353e-06 
1.266353e-06 
1.266353e-06 
1.266353e-06 
1.266353e-06 
1.266353e-06 
1.266353e-06 
1.266353e-06 
1.266353e-06 
1.266353e-06 
1.266353e-06 
1.266353e-06 
1.266353e-06 
1.266353e-06 
1.266353e-06 
1.266353e-06 
1.266353e-06 
1.266353e-06 
1.266353e-06 
1.266353e-06 
1.266353e-06 
1.266353e-06 
1.266353e-06 
1.266353e-06 
1.266353e-06 
1.266353e-06 
1.266353e-06 
1.266353e-06 
1.266353e-06 
1.266353e-06 
1.266353e-06 
1.266353e-06 
1.266353e-06 
1.266353e-06 
1.266353e-06 
1.266353e-06 
1.266353e-06 
1.266353e-06 
1.266353e-06 
1.266353e-06 
1.266353e-06 
1.266353e-06 
1.320568e-06 
1.546986e-06 
1.802319e-06 
2.091244e-06 
2.419910e-06 
2.795927e-06 
3.228803e-06 
3.730548e-06 
4.316531e-06 
5.006600e-06 
5.826695e-06 
6.811307e-06 
8.007101e-06 
9.478414e-06 
1.131587e-05 
1.365029e-05 
1.667590e-05 
2.069051e-05 
2.616788e-05 
3.389305e-05 
4.522273e-05 
6.257761e-05 
9.021212e-05 
1.343548e-04 
1.988265e-04 
2.774322e-04 
3.605616e-04 
4.444001e-04 
5.265907e-04 
5.996034e-04 
6.418357e-04 
6.419288e-04 
6.419288e-04 
6.419288e-04 
6.419288e-04 
6.419288e-04 
6.419288e-04 
6.419288e-04 
6.419288e-04 
6.419288e-04 
6.419288e-04 
6.419288e-04 
6.419288e-04 
6.419288e-04 
6.419288e-04 
6.419288e-04 
6.419288e-04 
6.419288e-04 
6.419288e-04 
6.419288e-04 
6.419288e-04 
6.419288e-04 
6.419288e-04 
6.419288e-04 
6.419288e-04 
6.419288e-04 
6.419288e-04 
6.419288e-04 
6.419288e-04 
6.419288e-04 
6.419288e-04 
6.419288e-04 
6.419288e-04 
6.419288e-04 
6.419288e-04 
6.419288e-04 
6.419288e-04 
6.419288e-04 
6.419288e-04 
6.419288e-04 
6.419288e-04 
6.419288e-04 
6.419288e-04 
6.419288e-04 
6.419288e-04 
6.419288e-04 
6.419288e-04 
6.419288e-04 
6.419288e-04 
6.419288e-04 
6.419288e-04 
6.419288e-04 
6.419288e-04 
6.419288e-04 
6.419288e-04 
6.419288e-04 
6.419288e-04 
6.419288e-04 
6.419288e-04 
6.419288e-04 
6.419288e-04 
6.419288e-04 
6.419288e-04 
6.419288e-04 
6.957681e-04 
7.658182e-04 
8.461602e-04 
9.115793e-04 
9.929903e-04 
1.122902e-03 
1.279208e-03 
1.468543e-03 
1.699516e-03 
1.984669e-03 
2.341448e-03 
2.794305e-03 
3.378226e-03 
4.144469e-03 
5.170085e-03 
6.574308e-03 
8.547883e-03 
1.140788e-02 
1.570532e-02 
2.244845e-02 
3.359169e-02 
5.314750e-02 
8.958507e-02 
1.588326e-01 
2.757109e-01 
4.251693e-01 
5.778671e-01 
7.204177e-01 
8.458720e-01 
9.431386e-01 
9.543234e-01 
9.543234e-01 
9.543234e-01 
9.543234e-01 
9.543234e-01 
9.543234e-01 
9.543234e-01 
9.543234e-01 
9.543234e-01 
9.543234e-01 
9.543234e-01 
9.543234e-01 
9.543234e-01 
9.543234e-01 
9.543234e-01 
9.543234e-01 
9.543234e-01 
9.543234e-01 
9.543234e-01 
9.543234e-01 
9.543234e-01 
9.543234e-01 
9.543234e-01 
9.543234e-01 
9.543234e-01 
9.543234e-01 
9.543234e-01 
9.543234e-01 
9.543234e-01 
9.543234e-01 
9.543234e-01 
9.543234e-01 
9.543234e-01 
9.543234e-01 
9.543234e-01 
9.543234e-01 
9.543234e-01 
9.543234e-01 
9.543234e-01 
9.543234e-01 
9.543234e-01 
9.543234e-01 
9.543234e-01 
9.543234e-01 
9.543234e-01 
9.543234e-01 
9.543234e-01 
9.543234e-01 
9.543234e-01 
9.543234e-01 
9.543234e-01 
9.543234e-01 
9.543234e-01 
9.543234e-01 
9.543234e-01 
9.543234e-01 
9.543234e-01 
9.543234e-01 
9.543234e-01 
9.543234e-01 
9.543234e-01 
9.543234e-01 
9.543234e-01 
9.543224e-01 
9.543189e-01 
9.543147e-01 
9.543098e-01 
9.543044e-01 
9.542984e-01 
9.542921e-01 
9.542857e-01 
9.542797e-01 
9.542744e-01 
9.542698e-01 
9.542661e-01 
9.542629e-01 
9.542602e-01 
9.542580e-01 
9.542560e-01 
9.542543e-01 
9.542528e-01 
9.542515e-01 
9.542503e-01 
9.542492e-01 
9.542483e-01 
9.542474e-01 
9.542466e-01 
9.542459e-01 
9.542453e-01 
9.542446e-01 
9.542441e-01 
9.542436e-01 
9.542431e-01 
9.542428e-01 
9.542428e-01 
9.542428e-01 
9.542428e-01 
9.542428e-01 
9.542428e-01 
9.542428e-01 
9.542428e-01 
9.542428e-01 
9.542428e-01 
9.542428e-01 
9.542428e-01 
9.542428e-01 
9.542428e-01 
9.542428e-01 
9.542428e-01 
9.542428e-01 
9.542428e-01 
9.542428e-01 
9.542428e-01 
9.542428e-01 
9.542428e-01 
9.542428e-01 
9.542428e-01 
9.542428e-01 
9.542428e-01 
9.542428e-01 
9.542428e-01 
9.542428e-01 
9.542428e-01 
9.542428e-01 
9.542428e-01 
9.542428e-01 
9.542428e-01 
9.542428e-01 
9.542428e-01 
9.542428e-01 
9.542428e-01 
9.542428e-01 
9.542428e-01 
9.542428e-01 
9.542428e-01 
9.542428e-01 
9.542428e-01 
9.542428e-01 
9.542428e-01 
9.542428e-01 
9.542428e-01 
9.542428e-01 
9.542428e-01 
9.542428e-01 
9.542428e-01 
9.542428e-01 
9.542428e-01 
9.542428e-01 
9.542428e-01 
9.542428e-01 
9.542428e-01 
9.542428e-01 
9.542428e-01 
9.542428e-01 
9.542428e-01 
9.542428e-01 
9.542428e-01 
8.673886e-01 
7.471764e-01 
6.067904e-01 
4.453410e-01 
2.494098e-01 
5.009828e-02 
1.978982e-03 
4.846313e-04 
2.655896e-04 
1.646759e-04 
1.100549e-04 
7.758698e-05 
5.698264e-05 
4.325078e-05 
3.374332e-05 
2.695837e-05 
2.199919e-05 
1.830888e-05 
1.553200e-05 
1.343962e-05 
1.188865e-05 
1.080315e-05 
1.018670e-05 
1.048411e-05 
1.483613e-05 
1.665075e-05 
1.765991e-05 
1.826400e-05 
1.856867e-05 
1.856372e-05 
1.864016e-05 
1.864016e-05 
1.864016e-05 
1.864016e-05 
1.864016e-05 
1.864016e-05 
1.864016e-05 
1.864016e-05 
1.864016e-05 
1.864016e-05 
1.864016e-05 
1.864016e-05 
1.864016e-05 
1.864016e-05 
1.864016e-05 
1.864016e-05 
1.864016e-05 
1.864016e-05 
1.864016e-05 
1.864016e-05 
1.864016e-05 
1.864016e-05 
1.864016e-05 
1.864016e-05 
1.864016e-05 
1.864016e-05 
1.864016e-05 
1.864016e-05 
1.864016e-05 
1.864016e-05 
1.864016e-05 
1.864016e-05 
1.864016e-05 
1.864016e-05 
1.864016e-05 
1.864016e-05 
1.864016e-05 
1.864016e-05 
1.864016e-05 
1.864016e-05 
1.864016e-05 
1.864016e-05 
1.864016e-05 
1.864016e-05 
1.864016e-05 
1.864016e-05 
1.864016e-05 
1.864016e-05 
1.864016e-05 
1.864016e-05 
1.864016e-05 
1.864016e-05 
1.864016e-05 
1.864016e-05 
1.864016e-05 
1.864016e-05 
1.864016e-05 
1.864016e-05 
1.864016e-05 
1.864016e-05 
1.864016e-05 
1.864016e-05 
1.864016e-05 
1.870676e-05 
1.891084e-05 
1.913074e-05 
1.936780e-05 
1.962352e-05 
1.989937e-05 
2.019681e-05 
2.051713e-05 
2.086129e-05 
2.122956e-05 
2.162090e-05 
2.203211e-05 
2.245634e-05 
2.288052e-05 
2.328095e-05 
2.361562e-05 
2.381045e-05 
2.373377e-05 
2.314817e-05 
2.161622e-05 
1.831247e-05 
1.164999e-05 
-1.395435e-06 
-2.606024e-05 
-6.874147e-05 
-1.311410e-04 
-2.076717e-04 
-2.944450e-04 
-3.931886e-04 
-5.037380e-04 
-5.811868e-04 
-5.812636e-04 
-5.812636e-04 
-5.812636e-04 
-5.812636e-04 
-5.812636e-04 
-5.812636e-04 
-5.812636e-04 
-5.812636e-04 
-5.812636e-04 
-5.812636e-04 
-5.812636e-04 
-5.812636e-04 
-5.812636e-04 
-5.812636e-04 
-5.812636e-04 
-5.812636e-04 
-5.812636e-04 
-5.812636e-04 
-5.812636e-04 
-5.812636e-04 
-5.812636e-04 
-5.812636e-04 
-5.812636e-04 
-5.812636e-04 
-5.812636e-04 
-5.812636e-04 
-5.812636e-04 
-5.812636e-04 
-5.812636e-04 
-5.812636e-04 
-5.812636e-04 
-5.812636e-04 
-5.812636e-04 
-5.812636e-04 
-5.812636e-04 
-5.812636e-04 
-5.812636e-04 
-5.812636e-04 
-5.812636e-04 
-5.812636e-04 
-5.812636e-04 
-5.812636e-04 
-5.812636e-04 
-5.812636e-04 
-5.812636e-04 
-5.812636e-04 
-5.812636e-04 
-5.812636e-04 
-5.812636e-04 
-5.812636e-04 
-5.812636e-04 
-5.812636e-04 
-5.812636e-04 
-5.812636e-04 
-5.812636e-04 
-5.812636e-04 
-5.812636e-04 
-5.812636e-04 
-5.812636e-04 
-5.812636e-04 
-5.812636e-04 
-5.812636e-04 
-5.815228e-04 
-6.348836e-04 
-7.007404e-04 
-7.777531e-04 
-8.684228e-04 
-9.759488e-04 
-1.104397e-03 
-1.258982e-03 
-1.446393e-03 
-1.675344e-03 
-1.958357e-03 
-2.312993e-03 
-2.763876e-03 
-3.346311e-03 
-4.112157e-03 
-5.139580e-03 
-6.549933e-03 
-8.538044e-03 
-1.142913e-02 
-1.579113e-02 
-2.266921e-02 
-3.410274e-02 
-5.430737e-02 
-9.221476e-02 
-1.643933e-01 
-2.847311e-01 
-4.355548e-01 
-5.879683e-01 
-7.296188e-01 
-8.535868e-01 
-9.483456e-01 
-9.543232e-01 
-9.543232e-01 
-9.543232e-01 
-9.543232e-01 
-9.543232e-01 
-9.543232e-01 
-9.543232e-01 
-9.543232e-01 
-9.543232e-01 
-9.543232e-01 
-9.543232e-01 
-9.543232e-01 
-9.543232e-01 
-9.543232e-01 
-9.543232e-01 
-9.543232e-01 
-9.543232e-01 
-9.543232e-01 
-9.543232e-01 
-9.543232e-01 
-9.543232e-01 
-9.543232e-01 
-9.543232e-01 
-9.543232e-01 
-9.543232e-01 
-9.543232e-01 
-9.543232e-01 
-9.543232e-01 
-9.543232e-01 
-9.543232e-01 
-9.543232e-01 
-9.543232e-01 
-9.543232e-01 
-9.543232e-01 
-9.543232e-01 
-9.543232e-01 
-9.543232e-01 
-9.543232e-01 
-9.543232e-01 
-9.543232e-01 
-9.543232e-01 
-9.543232e-01 
-9.543232e-01 
-9.543232e-01 
-9.543232e-01 
-9.543232e-01 
-9.543232e-01 
-9.543232e-01 
-9.543232e-01 
-9.543232e-01 
-9.543232e-01 
-9.543232e-01 
-9.543232e-01 
-9.543232e-01 
-9.543232e-01 
-9.543232e-01 
-9.543232e-01 
-9.543232e-01 
-9.543232e-01 
-9.543232e-01 
-9.543232e-01 
-9.543232e-01 
-9.543232e-01 
-9.543217e-01 
-9.543176e-01 
-9.543125e-01 
-9.543063e-01 
-9.542985e-01 
-9.542876e-01 
-9.542759e-01 
-9.542704e-01 
-9.542668e-01 
-9.542638e-01 
-9.542612e-01 
-9.542590e-01 
-9.542571e-01 
-9.542553e-01 
-9.542538e-01 
-9.542524e-01 
-9.542512e-01 
-9.542501e-01 
-9.542491e-01 
-9.542482e-01 
-9.542473e-01 
-9.542466e-01 
-9.542459e-01 
-9.542452e-01 
-9.542446e-01 
-9.542441e-01 
-9.542435e-01 
-9.542431e-01 
-9.542426e-01 
-9.542422e-01 
-9.542419e-01 
-9.542419e-01 
-9.542419e-01 
-9.542419e-01 
-9.542419e-01 
-9.542419e-01 
-9.542419e-01 
-9.542419e-01 
-9.542419e-01 
-9.542419e-01 
-9.542419e-01 
-9.542419e-01 
-9.542419e-01 
-9.542419e-01 
-9.542419e-01 
-9.542419e-01 
-9.542419e-01 
-9.542419e-01 
-9.542419e-01 
-9.542419e-01 
-9.542419e-01 
-9.542419e-01 
-9.542419e-01 
-9.542419e-01 
-9.542419e-01 
-9.542419e-01 
-9.542419e-01 
-9.542419e-01 
-9.542419e-01 
-9.542419e-01 
-9.542419e-01 
-9.542419e-01 
-9.542419e-01 
-9.542419e-01 
-9.542419e-01 
-9.542419e-01 
-9.542419e-01 
-9.542419e-01 
-9.542419e-01 
-9.542419e-01 
-9.542419e-01 
-9.542419e-01 
-9.542419e-01 
-9.542419e-01 
-9.542419e-01 
-9.542419e-01 
-9.542419e-01 
-9.542419e-01 
-9.542419e-01 
-9.542419e-01 
-9.542419e-01 
-9.542419e-01 
-9.542419e-01 
-9.542419e-01 
-9.542419e-01 
-9.542419e-01 
-9.542419e-01 
-9.542419e-01 
-9.542419e-01 
-9.542419e-01 
-9.542419e-01 
-9.542419e-01 
-9.542419e-01 
-9.516634e-01 
-8.599636e-01 
-7.381327e-01 
-5.963454e-01 
-4.325435e-01 
-2.314061e-01 
-3.606933e-02 
4.752723e-04 
4.601369e-04 
2.562572e-04 
1.598692e-04 
1.072917e-04 
7.587604e-05 
5.586386e-05 
4.248778e-05 
3.320536e-05 
2.656890e-05 
2.171137e-05 
1.809308e-05 
1.536916e-05 
1.331754e-05 
1.180009e-05 
1.074532e-05 
1.016526e-05 
1.060671e-05 
1.504611e-05 
1.673565e-05 
1.771260e-05 
1.829360e-05 
1.857940e-05 
1.854760e-05 
1.864016e-05 
1.864016e-05 
1.864016e-05 
1.864016e-05 
1.864016e-05 
1.864016e-05 
1.864016e-05 
1.864016e-05 
1.864016e-05 
1.864016e-05 
1.864016e-05 
1.864016e-05 
1.864016e-05 
1.864016e-05 
1.864016e-05 
1.864016e-05 
1.864016e-05 
1.864016e-05 
1.864016e-05 
1.864016e-05 
1.864016e-05 
1.864016e-05 
1.864016e-05 
1.864016e-05 
1.864016e-05 
1.864016e-05 
1.864016e-05 
1.864016e-05 
1.864016e-05 
1.864016e-05 
1.864016e-05 
1.864016e-05 
1.864016e-05 
1.864016e-05 
1.864016e-05 
1.864016e-05 
1.864016e-05 
1.864016e-05 
1.864016e-05 
1.864016e-05 
1.864016e-05 
1.864016e-05 
1.864016e-05 
1.864016e-05 
1.864016e-05 
1.864016e-05 
1.864016e-05 
1.864016e-05 
1.864016e-05 
1.864016e-05 
1.864016e-05 
1.864016e-05 
1.864016e-05 
1.864016e-05 
1.864016e-05 
1.864016e-05 
1.864016e-05 
1.864016e-05 
1.864016e-05 
1.864016e-05 
1.864016e-05 
1.864016e-05 
1.864016e-05 
1.872022e-05 
1.892536e-05 
1.914638e-05 
1.938468e-05 
1.964172e-05 
1.991901e-05 
2.021797e-05 
2.053989e-05 
2.088571e-05 
2.125560e-05 
2.164843e-05 
2.206081e-05 
2.248554e-05 
2.290901e-05 
2.330655e-05 
0.000000e+00 
0.000000e+00 
0.000000e+00 
0.000000e+00 
0.000000e+00 
0.000000e+00 
0.000000e+00 
0.000000e+00
#[#TRACE_DATA]
#[#TRACE]
