#[TRACE]
#data_labels=Output
#[TRACE_DATA]
-5.053949e-03 
-6.317971e-03 
-8.285953e-03 
-1.115338e-02 
-1.548749e-02 
-2.233295e-02 
-3.372992e-02 
-5.389981e-02 
-9.179703e-02 
-1.640506e-01 
-2.845833e-01 
-4.355906e-01 
-5.881159e-01 
-7.298411e-01 
-8.538515e-01 
-9.485806e-01 
-9.542486e-01 
-9.542486e-01 
-9.542486e-01 
-9.542486e-01 
-9.542486e-01 
-9.542486e-01 
-9.542486e-01 
-9.542486e-01 
-9.542486e-01 
-9.542486e-01 
-9.542486e-01 
-9.542486e-01 
-9.542486e-01 
-9.542486e-01 
-9.542486e-01 
-9.542486e-01 
-9.542486e-01 
-9.542486e-01 
-9.542486e-01 
-9.542486e-01 
-9.542486e-01 
-9.542486e-01 
-9.542486e-01 
-9.542486e-01 
-9.542486e-01 
-9.542486e-01 
-9.542486e-01 
-9.542486e-01 
-9.542486e-01 
-9.542486e-01 
-9.542486e-01 
-9.542486e-01 
-9.542486e-01 
-9.542486e-01 
-9.542486e-01 
-9.542486e-01 
-9.542486e-01 
-9.542486e-01 
-9.542486e-01 
-9.542486e-01 
-9.542486e-01 
-9.542486e-01 
-9.542486e-01 
-9.542486e-01 
-9.542486e-01 
-9.542486e-01 
-9.542486e-01 
-9.542486e-01 
-9.542486e-01 
-9.542486e-01 
-9.542486e-01 
-9.542486e-01 
-9.542486e-01 
-9.542486e-01 
-9.542486e-01 
-9.542486e-01 
-9.542486e-01 
-9.542486e-01 
-9.542486e-01 
-9.542486e-01 
-9.542486e-01 
-9.542486e-01 
-9.542486e-01 
-9.542484e-01 
-9.542479e-01 
-9.542472e-01 
-9.542463e-01 
-9.542450e-01 
-9.542431e-01 
-9.542407e-01 
-9.542396e-01 
-9.542389e-01 
-9.542382e-01 
-9.542377e-01 
-9.542372e-01 
-9.542367e-01 
-9.542363e-01 
-9.542360e-01 
-9.542356e-01 
-9.542353e-01 
-9.542350e-01 
-9.542348e-01 
-9.542345e-01 
-9.542343e-01 
-9.542341e-01 
-9.542339e-01 
-9.542337e-01 
-9.542336e-01 
-9.542334e-01 
-9.542333e-01 
-9.542331e-01 
-9.542330e-01 
-9.542329e-01 
-9.542328e-01 
-9.542328e-01 
-9.542328e-01 
-9.542328e-01 
-9.542328e-01 
-9.542328e-01 
-9.542328e-01 
-9.542328e-01 
-9.542328e-01 
-9.542328e-01 
-9.542328e-01 
-9.542328e-01 
-9.542328e-01 
-9.542328e-01 
-9.542328e-01 
-9.542328e-01 
-9.542328e-01 
-9.542328e-01 
-9.542328e-01 
-9.542328e-01 
-9.542328e-01 
-9.542328e-01 
-9.542328e-01 
-9.542328e-01 
-9.542328e-01 
-9.542328e-01 
-9.542328e-01 
-9.542328e-01 
-9.542328e-01 
-9.542328e-01 
-9.542328e-01 
-9.542328e-01 
-9.542328e-01 
-9.542328e-01 
-9.542328e-01 
-9.542328e-01 
-9.542328e-01 
-9.542328e-01 
-9.542328e-01 
-9.542328e-01 
-9.542328e-01 
-9.542328e-01 
-9.542328e-01 
-9.542328e-01 
-9.542328e-01 
-9.542328e-01 
-9.542328e-01 
-9.542328e-01 
-9.542328e-01 
-9.542328e-01 
-9.542328e-01 
-9.542328e-01 
-9.542328e-01 
-9.542328e-01 
-9.542328e-01 
-9.542328e-01 
-9.542328e-01 
-9.542328e-01 
-9.542328e-01 
-9.542328e-01 
-9.542328e-01 
-9.542328e-01 
-9.542328e-01 
-9.513984e-01 
-8.594721e-01 
-7.375319e-01 
-5.956561e-01 
-4.317243e-01 
-2.303544e-01 
-3.547390e-02 
5.236075e-04 
4.773773e-04 
2.666425e-04 
1.667449e-04 
1.121257e-04 
7.943090e-05 
5.857866e-05 
4.463598e-05 
3.496942e-05 
2.807990e-05 
2.307267e-05 
1.939717e-05 
1.671351e-05 
1.482497e-05 
1.365134e-05 
1.322911e-05 
1.368710e-05 
1.498360e-05 
1.650129e-05 
1.765536e-05 
1.844052e-05 
1.905204e-05 
1.962271e-05 
2.006548e-05 
2.025775e-05 
2.025775e-05 
2.025775e-05 
2.025775e-05 
2.025775e-05 
2.025775e-05 
2.025775e-05 
2.025775e-05 
2.025775e-05 
2.025775e-05 
2.025775e-05 
2.025775e-05 
2.025775e-05 
2.025775e-05 
2.025775e-05 
2.025775e-05 
2.025775e-05 
2.025775e-05 
2.025775e-05 
2.025775e-05 
2.025775e-05 
2.025775e-05 
2.025775e-05 
2.025775e-05 
2.025775e-05 
2.025775e-05 
2.025775e-05 
2.025775e-05 
2.025775e-05 
2.025775e-05 
2.025775e-05 
2.025775e-05 
2.025775e-05 
2.025775e-05 
2.025775e-05 
2.025775e-05 
2.025775e-05 
2.025775e-05 
2.025775e-05 
2.025775e-05 
2.025775e-05 
2.025775e-05 
2.025775e-05 
2.025775e-05 
2.025775e-05 
2.025775e-05 
2.025775e-05 
2.025775e-05 
2.025775e-05 
2.025775e-05 
2.025775e-05 
2.025775e-05 
2.025775e-05 
2.025775e-05 
2.025775e-05 
2.025775e-05 
2.025775e-05 
2.025775e-05 
2.025775e-05 
2.025775e-05 
2.025775e-05 
2.025775e-05 
2.025775e-05 
2.032294e-05 
2.049578e-05 
2.068146e-05 
2.088098e-05 
2.109534e-05 
2.132555e-05 
2.157256e-05 
2.183742e-05 
2.212109e-05 
2.242377e-05 
2.274416e-05 
2.307894e-05 
2.342150e-05 
2.375967e-05 
2.407181e-05 
2.432002e-05 
2.443787e-05 
2.430788e-05 
2.371880e-05 
2.228204e-05 
1.926509e-05 
1.326250e-05 
1.611906e-06 
-2.020802e-05 
-5.738953e-05 
-1.106233e-04 
-1.748208e-04 
-2.470129e-04 
-3.287704e-04 
-4.194331e-04 
-4.773776e-04 
-4.774009e-04 
-4.774009e-04 
-4.774009e-04 
-4.774009e-04 
-4.774009e-04 
-4.774009e-04 
-4.774009e-04 
-4.774009e-04 
-4.774009e-04 
-4.774009e-04 
-4.774009e-04 
-4.774009e-04 
-4.774009e-04 
-4.774009e-04 
-4.774009e-04 
-4.774009e-04 
-4.774009e-04 
-4.774009e-04 
-4.774009e-04 
-4.774009e-04 
-4.774009e-04 
-4.774009e-04 
-4.774009e-04 
-4.774009e-04 
-4.774009e-04 
-4.774009e-04 
-4.774009e-04 
-4.774009e-04 
-4.774009e-04 
-4.774009e-04 
-4.774009e-04 
-4.774009e-04 
-4.774009e-04 
-4.774009e-04 
-4.774009e-04 
-4.774009e-04 
-4.774009e-04 
-4.774009e-04 
-4.774009e-04 
-4.774009e-04 
-4.774009e-04 
-4.774009e-04 
-4.774009e-04 
-4.774009e-04 
-4.774009e-04 
-4.774009e-04 
-4.774009e-04 
-4.774009e-04 
-4.774009e-04 
-4.774009e-04 
-4.774009e-04 
-4.774009e-04 
-4.774009e-04 
-4.774009e-04 
-4.774009e-04 
-4.774009e-04 
-4.774009e-04 
-4.774009e-04 
-4.774009e-04 
-4.774009e-04 
-4.774009e-04 
-4.774009e-04 
-4.792924e-04 
-5.318455e-04 
-5.947237e-04 
-6.685103e-04 
-7.557245e-04 
-8.596299e-04 
-9.844031e-04 
-1.135252e-03 
-1.318707e-03 
-1.543717e-03 
-1.823002e-03 
-2.174356e-03 
-2.622831e-03 
-3.204444e-03 
-3.972216e-03 
-5.006288e-03 
-6.431429e-03 
-8.448613e-03 
-1.139452e-02 
-1.585956e-02 
-2.293520e-02 
-3.476187e-02 
-5.578357e-02 
-9.541170e-02 
-1.707330e-01 
-2.943336e-01 
-4.461927e-01 
-5.982257e-01 
-7.389774e-01 
-8.614356e-01 
-9.528596e-01 
-9.542486e-01 
-9.542486e-01 
-9.542486e-01 
-9.542486e-01 
-9.542486e-01 
-9.542486e-01 
-9.542486e-01 
-9.542486e-01 
-9.542486e-01 
-9.542486e-01 
-9.542486e-01 
-9.542486e-01 
-9.542486e-01 
-9.542486e-01 
-9.542486e-01 
-9.542486e-01 
-9.542486e-01 
-9.542486e-01 
-9.542486e-01 
-9.542486e-01 
-9.542486e-01 
-9.542486e-01 
-9.542486e-01 
-9.542486e-01 
-9.542486e-01 
-9.542486e-01 
-9.542486e-01 
-9.542486e-01 
-9.542486e-01 
-9.542486e-01 
-9.542486e-01 
-9.542486e-01 
-9.542486e-01 
-9.542486e-01 
-9.542486e-01 
-9.542486e-01 
-9.542486e-01 
-9.542486e-01 
-9.542486e-01 
-9.542486e-01 
-9.542486e-01 
-9.542486e-01 
-9.542486e-01 
-9.542486e-01 
-9.542486e-01 
-9.542486e-01 
-9.542486e-01 
-9.542486e-01 
-9.542486e-01 
-9.542486e-01 
-9.542486e-01 
-9.542486e-01 
-9.542486e-01 
-9.542486e-01 
-9.542486e-01 
-9.542486e-01 
-9.542486e-01 
-9.542486e-01 
-9.542486e-01 
-9.542486e-01 
-9.542486e-01 
-9.542486e-01 
-9.542486e-01 
-9.542484e-01 
-9.542478e-01 
-9.542471e-01 
-9.542462e-01 
-9.542449e-01 
-9.542429e-01 
-9.542406e-01 
-9.542395e-01 
-9.542388e-01 
-9.542382e-01 
-9.542376e-01 
-9.542371e-01 
-9.542367e-01 
-9.542363e-01 
-9.542359e-01 
-9.542356e-01 
-9.542353e-01 
-9.542350e-01 
-9.542348e-01 
-9.542345e-01 
-9.542343e-01 
-9.542341e-01 
-9.542339e-01 
-9.542337e-01 
-9.542336e-01 
-9.542334e-01 
-9.542333e-01 
-9.542331e-01 
-9.542330e-01 
-9.542329e-01 
-9.542328e-01 
-9.542328e-01 
-9.542328e-01 
-9.542328e-01 
-9.542328e-01 
-9.542328e-01 
-9.542328e-01 
-9.542328e-01 
-9.542328e-01 
-9.542328e-01 
-9.542328e-01 
-9.542328e-01 
-9.542328e-01 
-9.542328e-01 
-9.542328e-01 
-9.542328e-01 
-9.542328e-01 
-9.542328e-01 
-9.542328e-01 
-9.542328e-01 
-9.542328e-01 
-9.542328e-01 
-9.542328e-01 
-9.542328e-01 
-9.542328e-01 
-9.542328e-01 
-9.542328e-01 
-9.542328e-01 
-9.542328e-01 
-9.542328e-01 
-9.542328e-01 
-9.542328e-01 
-9.542328e-01 
-9.542328e-01 
-9.542328e-01 
-9.542328e-01 
-9.542328e-01 
-9.542328e-01 
-9.542328e-01 
-9.542328e-01 
-9.542328e-01 
-9.542328e-01 
-9.542328e-01 
-9.542328e-01 
-9.542328e-01 
-9.542328e-01 
-9.542328e-01 
-9.542328e-01 
-9.542328e-01 
-9.542328e-01 
-9.542328e-01 
-9.542328e-01 
-9.542328e-01 
-9.542328e-01 
-9.542328e-01 
-9.542328e-01 
-9.542328e-01 
-9.542328e-01 
-9.542328e-01 
-9.542328e-01 
-9.542328e-01 
-9.542328e-01 
-9.542328e-01 
-9.467515e-01 
-8.519082e-01 
-7.284220e-01 
-5.852517e-01 
-4.193933e-01 
-2.149907e-01 
-2.845550e-02 
6.076355e-04 
4.462961e-04 
2.509548e-04 
1.573321e-04 
1.057890e-04 
7.478632e-05 
5.493169e-05 
4.159736e-05 
3.229852e-05 
2.561153e-05 
2.067787e-05 
1.695782e-05 
1.410014e-05 
1.186946e-05 
1.010394e-05 
8.688846e-06 
7.536934e-06 
6.575855e-06 
5.763359e-06 
5.082517e-06 
4.510044e-06 
4.021741e-06 
3.597089e-06 
3.227153e-06 
3.209981e-06 
3.209981e-06 
3.209981e-06 
3.209981e-06 
3.209981e-06 
3.209981e-06 
3.209981e-06 
3.209981e-06 
3.209981e-06 
3.209981e-06 
3.209981e-06 
3.209981e-06 
3.209981e-06 
3.209981e-06 
3.209981e-06 
3.209981e-06 
3.209981e-06 
3.209981e-06 
3.209981e-06 
3.209981e-06 
3.209981e-06 
3.209981e-06 
3.209981e-06 
3.209981e-06 
3.209981e-06 
3.209981e-06 
3.209981e-06 
3.209981e-06 
3.209981e-06 
3.209981e-06 
3.209981e-06 
3.209981e-06 
3.209981e-06 
3.209981e-06 
3.209981e-06 
3.209981e-06 
3.209981e-06 
3.209981e-06 
3.209981e-06 
3.209981e-06 
3.209981e-06 
3.209981e-06 
3.209981e-06 
3.209981e-06 
3.209981e-06 
3.209981e-06 
3.209981e-06 
3.209981e-06 
3.209981e-06 
3.209981e-06 
3.209981e-06 
3.209981e-06 
3.209981e-06 
3.209981e-06 
3.209981e-06 
3.209981e-06 
3.209981e-06 
3.209981e-06 
3.209981e-06 
3.209981e-06 
3.209981e-06 
3.209981e-06 
3.209981e-06 
3.295582e-06 
3.501063e-06 
3.732365e-06 
3.994004e-06 
4.291547e-06 
4.631896e-06 
5.023685e-06 
5.477841e-06 
6.008340e-06 
6.633262e-06 
7.376327e-06 
8.269155e-06 
9.354634e-06 
1.069207e-05 
1.236532e-05 
1.449593e-05 
1.726524e-05 
2.095281e-05 
2.600599e-05 
3.317028e-05 
4.373829e-05 
6.000466e-05 
8.587533e-05 
1.264325e-04 
1.831181e-04 
2.492330e-04 
3.179367e-04 
3.871503e-04 
4.546878e-04 
5.130286e-04 
5.385442e-04 
5.385472e-04 
5.385472e-04 
5.385472e-04 
5.385472e-04 
5.385472e-04 
5.385472e-04 
5.385472e-04 
5.385472e-04 
5.385472e-04 
5.385472e-04 
5.385472e-04 
5.385472e-04 
5.385472e-04 
5.385472e-04 
5.385472e-04 
5.385472e-04 
5.385472e-04 
5.385472e-04 
5.385472e-04 
5.385472e-04 
5.385472e-04 
5.385472e-04 
5.385472e-04 
5.385472e-04 
5.385472e-04 
5.385472e-04 
5.385472e-04 
5.385472e-04 
5.385472e-04 
5.385472e-04 
5.385472e-04 
5.385472e-04 
5.385472e-04 
5.385472e-04 
5.385472e-04 
5.385472e-04 
5.385472e-04 
5.385472e-04 
5.385472e-04 
5.385472e-04 
5.385472e-04 
5.385472e-04 
5.385472e-04 
5.385472e-04 
5.385472e-04 
5.385472e-04 
5.385472e-04 
5.385472e-04 
5.385472e-04 
5.385472e-04 
5.385472e-04 
5.385472e-04 
5.385472e-04 
5.385472e-04 
5.385472e-04 
5.385472e-04 
5.385472e-04 
5.385472e-04 
5.385472e-04 
5.385472e-04 
5.385472e-04 
5.385472e-04 
5.435697e-04 
6.019691e-04 
6.698904e-04 
7.471157e-04 
7.948010e-04 
8.968891e-04 
1.027141e-03 
1.184648e-03 
1.376209e-03 
1.611171e-03 
1.902845e-03 
2.269845e-03 
2.738387e-03 
3.346175e-03 
4.148758e-03 
5.230157e-03 
6.721310e-03 
8.833359e-03 
1.192049e-02 
1.660472e-02 
2.403771e-02 
3.648029e-02 
5.862106e-02 
1.003022e-01 
1.787885e-01 
3.049083e-01 
4.570379e-01 
6.083495e-01 
7.480448e-01 
8.688827e-01 
9.539781e-01 
9.542487e-01 
9.542487e-01 
9.542487e-01 
9.542487e-01 
9.542487e-01 
9.542487e-01 
9.542487e-01 
9.542487e-01 
9.542487e-01 
9.542487e-01 
9.542487e-01 
9.542487e-01 
9.542487e-01 
9.542487e-01 
9.542487e-01 
9.542487e-01 
9.542487e-01 
9.542487e-01 
9.542487e-01 
9.542487e-01 
9.542487e-01 
9.542487e-01 
9.542487e-01 
9.542487e-01 
9.542487e-01 
9.542487e-01 
9.542487e-01 
9.542487e-01 
9.542487e-01 
9.542487e-01 
9.542487e-01 
9.542487e-01 
9.542487e-01 
9.542487e-01 
9.542487e-01 
9.542487e-01 
9.542487e-01 
9.542487e-01 
9.542487e-01 
9.542487e-01 
9.542487e-01 
9.542487e-01 
9.542487e-01 
9.542487e-01 
9.542487e-01 
9.542487e-01 
9.542487e-01 
9.542487e-01 
9.542487e-01 
9.542487e-01 
9.542487e-01 
9.542487e-01 
9.542487e-01 
9.542487e-01 
9.542487e-01 
9.542487e-01 
9.542487e-01 
9.542487e-01 
9.542487e-01 
9.542487e-01 
9.542487e-01 
9.542487e-01 
9.542487e-01 
9.542485e-01 
9.542481e-01 
9.542475e-01 
9.542468e-01 
9.542460e-01 
9.542450e-01 
9.542440e-01 
9.542428e-01 
9.542417e-01 
9.542407e-01 
9.542397e-01 
9.542389e-01 
9.542382e-01 
9.542376e-01 
9.542371e-01 
9.542366e-01 
9.542362e-01 
9.542358e-01 
9.542355e-01 
9.542352e-01 
9.542349e-01 
9.542347e-01 
9.542344e-01 
9.542342e-01 
9.542340e-01 
9.542339e-01 
9.542337e-01 
9.542335e-01 
9.542334e-01 
9.542332e-01 
9.542332e-01 
9.542332e-01 
9.542332e-01 
9.542332e-01 
9.542332e-01 
9.542332e-01 
9.542332e-01 
9.542332e-01 
9.542332e-01 
9.542332e-01 
9.542332e-01 
9.542332e-01 
9.542332e-01 
9.542332e-01 
9.542332e-01 
9.542332e-01 
9.542332e-01 
9.542332e-01 
9.542332e-01 
9.542332e-01 
9.542332e-01 
9.542332e-01 
9.542332e-01 
9.542332e-01 
9.542332e-01 
9.542332e-01 
9.542332e-01 
9.542332e-01 
9.542332e-01 
9.542332e-01 
9.542332e-01 
9.542332e-01 
9.542332e-01 
9.542332e-01 
9.542332e-01 
9.542332e-01 
9.542332e-01 
9.542332e-01 
9.542332e-01 
9.542332e-01 
9.542332e-01 
9.542332e-01 
9.542332e-01 
9.542332e-01 
9.542332e-01 
9.542332e-01 
9.542332e-01 
9.542332e-01 
9.542332e-01 
9.542332e-01 
9.542332e-01 
9.542332e-01 
9.542332e-01 
9.542332e-01 
9.542332e-01 
9.542332e-01 
9.542332e-01 
9.542332e-01 
9.542332e-01 
9.542332e-01 
9.542332e-01 
9.542332e-01 
9.542332e-01 
9.415767e-01 
8.442205e-01 
7.192633e-01 
5.749447e-01 
4.077677e-01 
2.032051e-01 
2.771398e-02 
1.201154e-03 
4.277138e-04 
2.423637e-04 
1.528155e-04 
1.031566e-04 
7.313931e-05 
5.384537e-05 
4.085068e-05 
3.176788e-05 
2.522383e-05 
2.038791e-05 
1.673660e-05 
1.392846e-05 
1.173431e-05 
9.996341e-06 
8.602530e-06 
7.467410e-06 
6.520332e-06 
5.720726e-06 
5.050700e-06 
4.486692e-06 
4.005144e-06 
3.586181e-06 
3.235638e-06 
3.228812e-06 
3.228812e-06 
3.228812e-06 
3.228812e-06 
3.228812e-06 
3.228812e-06 
3.228812e-06 
3.228812e-06 
3.228812e-06 
3.228812e-06 
3.228812e-06 
3.228812e-06 
3.228812e-06 
3.228812e-06 
3.228812e-06 
3.228812e-06 
3.228812e-06 
3.228812e-06 
3.228812e-06 
3.228812e-06 
3.228812e-06 
3.228812e-06 
3.228812e-06 
3.228812e-06 
3.228812e-06 
3.228812e-06 
3.228812e-06 
3.228812e-06 
3.228812e-06 
3.228812e-06 
3.228812e-06 
3.228812e-06 
3.228812e-06 
3.228812e-06 
3.228812e-06 
3.228812e-06 
3.228812e-06 
3.228812e-06 
3.228812e-06 
3.228812e-06 
3.228812e-06 
3.228812e-06 
3.228812e-06 
3.228812e-06 
3.228812e-06 
3.228812e-06 
3.228812e-06 
3.228812e-06 
3.228812e-06 
3.228812e-06 
3.228812e-06 
3.228812e-06 
3.228812e-06 
3.228812e-06 
3.228812e-06 
3.228812e-06 
3.228812e-06 
3.228812e-06 
3.228812e-06 
3.228812e-06 
3.228812e-06 
3.228812e-06 
3.228812e-06 
3.328305e-06 
3.536649e-06 
3.771228e-06 
4.036655e-06 
4.338607e-06 
4.684124e-06 
5.082023e-06 
5.543465e-06 
6.082738e-06 
6.718337e-06 
7.474557e-06 
8.383818e-06 
9.490145e-06 
1.085450e-05 
1.256321e-05 
1.474163e-05 
1.757711e-05 
2.135917e-05 
2.655214e-05 
3.393161e-05 
4.484445e-05 
6.167795e-05 
8.845073e-05 
1.301715e-04 
1.877097e-04 
2.540376e-04 
3.227148e-04 
3.918677e-04 
4.590772e-04 
5.163584e-04 
5.385412e-04 
5.385421e-04 
5.385421e-04 
5.385421e-04 
5.385421e-04 
5.385421e-04 
5.385421e-04 
5.385421e-04 
5.385421e-04 
5.385421e-04 
5.385421e-04 
5.385421e-04 
5.385421e-04 
5.385421e-04 
5.385421e-04 
5.385421e-04 
5.385421e-04 
5.385421e-04 
5.385421e-04 
5.385421e-04 
5.385421e-04 
5.385421e-04 
5.385421e-04 
5.385421e-04 
5.385421e-04 
5.385421e-04 
5.385421e-04 
5.385421e-04 
5.385421e-04 
5.385421e-04 
5.385421e-04 
5.385421e-04 
5.385421e-04 
5.385421e-04 
5.385421e-04 
5.385421e-04 
5.385421e-04 
5.385421e-04 
5.385421e-04 
5.385421e-04 
5.385421e-04 
5.385421e-04 
5.385421e-04 
5.385421e-04 
5.385421e-04 
5.385421e-04 
5.385421e-04 
5.385421e-04 
5.385421e-04 
5.385421e-04 
5.385421e-04 
5.385421e-04 
5.385421e-04 
5.385421e-04 
5.385421e-04 
5.385421e-04 
5.385421e-04 
5.385421e-04 
5.385421e-04 
5.385421e-04 
5.385421e-04 
5.385421e-04 
5.385421e-04 
5.470149e-04 
6.063015e-04 
6.748758e-04 
7.524324e-04 
8.001398e-04 
9.050444e-04 
1.036974e-03 
1.196574e-03 
1.390766e-03 
1.629130e-03 
1.925291e-03 
2.298295e-03 
2.774996e-03 
3.394082e-03 
4.212646e-03 
5.317209e-03 
6.842905e-03 
9.008188e-03 
1.218058e-02 
1.700772e-02 
2.469333e-02 
3.761007e-02 
6.069316e-02 
1.042688e-01 
1.859420e-01 
3.148761e-01 
4.675995e-01 
6.183434e-01 
7.570104e-01 
8.761833e-01 
9.541959e-01 
9.542487e-01 
9.542487e-01 
9.542487e-01 
9.542487e-01 
9.542487e-01 
9.542487e-01 
9.542487e-01 
9.542487e-01 
9.542487e-01 
9.542487e-01 
9.542487e-01 
9.542487e-01 
9.542487e-01 
9.542487e-01 
9.542487e-01 
9.542487e-01 
9.542487e-01 
9.542487e-01 
9.542487e-01 
9.542487e-01 
9.542487e-01 
9.542487e-01 
9.542487e-01 
9.542487e-01 
9.542487e-01 
9.542487e-01 
9.542487e-01 
9.542487e-01 
9.542487e-01 
9.542487e-01 
9.542487e-01 
9.542487e-01 
9.542487e-01 
9.542487e-01 
9.542487e-01 
9.542487e-01 
9.542487e-01 
9.542487e-01 
9.542487e-01 
9.542487e-01 
9.542487e-01 
9.542487e-01 
9.542487e-01 
9.542487e-01 
9.542487e-01 
9.542487e-01 
9.542487e-01 
9.542487e-01 
9.542487e-01 
9.542487e-01 
9.542487e-01 
9.542487e-01 
9.542487e-01 
9.542487e-01 
9.542487e-01 
9.542487e-01 
9.542487e-01 
9.542487e-01 
9.542487e-01 
9.542487e-01 
9.542487e-01 
9.542487e-01 
9.542487e-01 
9.542485e-01 
9.542480e-01 
9.542475e-01 
9.542468e-01 
9.542459e-01 
9.542450e-01 
9.542439e-01 
9.542428e-01 
9.542416e-01 
9.542406e-01 
9.542397e-01 
9.542389e-01 
9.542382e-01 
9.542376e-01 
9.542371e-01 
9.542366e-01 
9.542362e-01 
9.542358e-01 
9.542355e-01 
9.542352e-01 
9.542349e-01 
9.542347e-01 
9.542344e-01 
9.542342e-01 
9.542340e-01 
9.542338e-01 
9.542337e-01 
9.542335e-01 
9.542334e-01 
9.542332e-01 
9.542332e-01 
9.542332e-01 
9.542332e-01 
9.542332e-01 
9.542332e-01 
9.542332e-01 
9.542332e-01 
9.542332e-01 
9.542332e-01 
9.542332e-01 
9.542332e-01 
9.542332e-01 
9.542332e-01 
9.542332e-01 
9.542332e-01 
9.542332e-01 
9.542332e-01 
9.542332e-01 
9.542332e-01 
9.542332e-01 
9.542332e-01 
9.542332e-01 
9.542332e-01 
9.542332e-01 
9.542332e-01 
9.542332e-01 
9.542332e-01 
9.542332e-01 
9.542332e-01 
9.542332e-01 
9.542332e-01 
9.542332e-01 
9.542332e-01 
9.542332e-01 
9.542332e-01 
9.542332e-01 
9.542332e-01 
9.542332e-01 
9.542332e-01 
9.542332e-01 
9.542332e-01 
9.542332e-01 
9.542332e-01 
9.542332e-01 
9.542332e-01 
9.542332e-01 
9.542332e-01 
9.542332e-01 
9.542332e-01 
9.542332e-01 
9.542332e-01 
9.542332e-01 
9.542332e-01 
9.542332e-01 
9.542332e-01 
9.542332e-01 
9.542332e-01 
9.542332e-01 
9.542332e-01 
9.542332e-01 
9.542332e-01 
9.542332e-01 
9.542332e-01 
9.361323e-01 
8.364024e-01 
7.099836e-01 
5.643556e-01 
3.951438e-01 
1.879527e-01 
2.234885e-02 
1.036780e-03 
3.997899e-04 
2.280216e-04 
1.440397e-04 
9.716392e-05 
6.869581e-05 
5.032079e-05 
3.788651e-05 
2.913903e-05 
2.277272e-05 
1.798831e-05 
1.426911e-05 
1.125774e-05 
8.679408e-06 
6.282908e-06 
3.788041e-06 
8.967277e-07 
-2.388097e-06 
-5.442907e-06 
-7.836344e-06 
-9.688424e-06 
-1.124197e-05 
-1.263858e-05 
-1.378647e-05 
-1.382746e-05 
-1.382746e-05 
-1.382746e-05 
-1.382746e-05 
-1.382746e-05 
-1.382746e-05 
-1.382746e-05 
-1.382746e-05 
-1.382746e-05 
-1.382746e-05 
-1.382746e-05 
-1.382746e-05 
-1.382746e-05 
-1.382746e-05 
-1.382746e-05 
-1.382746e-05 
-1.382746e-05 
-1.382746e-05 
-1.382746e-05 
-1.382746e-05 
-1.382746e-05 
-1.382746e-05 
-1.382746e-05 
-1.382746e-05 
-1.382746e-05 
-1.382746e-05 
-1.382746e-05 
-1.382746e-05 
-1.382746e-05 
-1.382746e-05 
-1.382746e-05 
-1.382746e-05 
-1.382746e-05 
-1.382746e-05 
-1.382746e-05 
-1.382746e-05 
-1.382746e-05 
-1.382746e-05 
-1.382746e-05 
-1.382746e-05 
-1.382746e-05 
-1.382746e-05 
-1.382746e-05 
-1.382746e-05 
-1.382746e-05 
-1.382746e-05 
-1.382746e-05 
-1.382746e-05 
-1.382746e-05 
-1.382746e-05 
-1.382746e-05 
-1.382746e-05 
-1.382746e-05 
-1.382746e-05 
-1.382746e-05 
-1.382746e-05 
-1.382746e-05 
-1.382746e-05 
-1.382746e-05 
-1.382746e-05 
-1.382746e-05 
-1.382746e-05 
-1.382746e-05 
-1.370271e-05 
-1.346122e-05 
-1.318043e-05 
-1.285217e-05 
-1.246626e-05 
-1.200983e-05 
-1.146655e-05 
-1.081571e-05 
-1.003052e-05 
-9.075383e-06 
-7.902584e-06 
-6.447765e-06 
-4.623047e-06 
-2.306810e-06 
6.714475e-07 
4.553331e-06 
9.683285e-06 
1.655060e-05 
2.583468e-05 
3.842385e-05 
5.533350e-05 
7.742550e-05 
1.049817e-04 
1.375563e-04 
1.745141e-04 
2.159251e-04 
2.631796e-04 
3.190317e-04 
3.862531e-04 
4.617652e-04 
4.945171e-04 
4.945176e-04 
4.945176e-04 
4.945176e-04 
4.945176e-04 
4.945176e-04 
4.945176e-04 
4.945176e-04 
4.945176e-04 
4.945176e-04 
4.945176e-04 
4.945176e-04 
4.945176e-04 
4.945176e-04 
4.945176e-04 
4.945176e-04 
4.945176e-04 
4.945176e-04 
4.945176e-04 
4.945176e-04 
4.945176e-04 
4.945176e-04 
4.945176e-04 
4.945176e-04 
4.945176e-04 
4.945176e-04 
4.945176e-04 
4.945176e-04 
4.945176e-04 
4.945176e-04 
4.945176e-04 
4.945176e-04 
4.945176e-04 
4.945176e-04 
4.945176e-04 
4.945176e-04 
4.945176e-04 
4.945176e-04 
4.945176e-04 
4.945176e-04 
4.945176e-04 
4.945176e-04 
4.945176e-04 
4.945176e-04 
4.945176e-04 
4.945176e-04 
4.945176e-04 
4.945176e-04 
4.945176e-04 
4.945176e-04 
4.945176e-04 
4.945176e-04 
4.945176e-04 
4.945176e-04 
4.945176e-04 
4.945176e-04 
4.945176e-04 
4.945176e-04 
4.945176e-04 
4.945176e-04 
4.945176e-04 
4.945176e-04 
4.945176e-04 
5.059249e-04 
5.632601e-04 
6.302827e-04 
7.090054e-04 
8.021650e-04 
9.133029e-04 
1.046937e-03 
1.208659e-03 
1.405527e-03 
1.647357e-03 
1.948094e-03 
2.327224e-03 
2.812263e-03 
3.442911e-03 
4.277852e-03 
5.406200e-03 
6.967436e-03 
9.187624e-03 
1.244821e-02 
1.742366e-02 
2.537249e-02 
3.878537e-02 
6.285750e-02 
1.084146e-01 
1.933353e-01 
3.249529e-01 
4.781444e-01 
6.282803e-01 
7.658875e-01 
8.833344e-01 
9.542384e-01 
9.542487e-01 
9.542487e-01 
9.542487e-01 
9.542487e-01 
9.542487e-01 
9.542487e-01 
9.542487e-01 
9.542487e-01 
9.542487e-01 
9.542487e-01 
9.542487e-01 
9.542487e-01 
9.542487e-01 
9.542487e-01 
9.542487e-01 
9.542487e-01 
9.542487e-01 
9.542487e-01 
9.542487e-01 
9.542487e-01 
9.542487e-01 
9.542487e-01 
9.542487e-01 
9.542487e-01 
9.542487e-01 
9.542487e-01 
9.542487e-01 
9.542487e-01 
9.542487e-01 
9.542487e-01 
9.542487e-01 
9.542487e-01 
9.542487e-01 
9.542487e-01 
9.542487e-01 
9.542487e-01 
9.542487e-01 
9.542487e-01 
9.542487e-01 
9.542487e-01 
9.542487e-01 
9.542487e-01 
9.542487e-01 
9.542487e-01 
9.542487e-01 
9.542487e-01 
9.542487e-01 
9.542487e-01 
9.542487e-01 
9.542487e-01 
9.542487e-01 
9.542487e-01 
9.542487e-01 
9.542487e-01 
9.542487e-01 
9.542487e-01 
9.542487e-01 
9.542487e-01 
9.542487e-01 
9.542487e-01 
9.542487e-01 
9.542487e-01 
9.542487e-01 
9.542485e-01 
9.542480e-01 
9.542474e-01 
9.542467e-01 
9.542459e-01 
9.542449e-01 
9.542438e-01 
9.542427e-01 
9.542415e-01 
9.542405e-01 
9.542396e-01 
9.542388e-01 
9.542381e-01 
9.542375e-01 
9.542370e-01 
9.542366e-01 
9.542362e-01 
9.542358e-01 
9.542355e-01 
9.542352e-01 
9.542349e-01 
9.542346e-01 
9.542344e-01 
9.542342e-01 
9.542340e-01 
9.542338e-01 
9.542337e-01 
9.542335e-01 
9.542334e-01 
9.542332e-01 
9.542332e-01 
9.542332e-01 
9.542332e-01 
9.542332e-01 
9.542332e-01 
9.542332e-01 
9.542332e-01 
9.542332e-01 
9.542332e-01 
9.542332e-01 
9.542332e-01 
9.542332e-01 
9.542332e-01 
9.542332e-01 
9.542332e-01 
9.542332e-01 
9.542332e-01 
9.542332e-01 
9.542332e-01 
9.542332e-01 
9.542332e-01 
9.542332e-01 
9.542332e-01 
9.542332e-01 
9.542332e-01 
9.542332e-01 
9.542332e-01 
9.542332e-01 
9.542332e-01 
9.542332e-01 
9.542332e-01 
9.542332e-01 
9.542332e-01 
9.542332e-01 
9.542332e-01 
9.542332e-01 
9.542332e-01 
9.542332e-01 
9.542332e-01 
9.542332e-01 
9.542332e-01 
9.542332e-01 
9.542332e-01 
9.542332e-01 
9.542332e-01 
9.542332e-01 
9.542332e-01 
9.542332e-01 
9.542332e-01 
9.542332e-01 
9.542332e-01 
9.542332e-01 
9.542332e-01 
9.542332e-01 
9.542332e-01 
9.542332e-01 
9.542332e-01 
9.542332e-01 
9.542332e-01 
9.542332e-01 
9.542332e-01 
9.542332e-01 
9.542332e-01 
9.304744e-01 
8.284637e-01 
7.006198e-01 
5.536675e-01 
3.823558e-01 
1.728451e-01 
1.798871e-02 
9.587771e-04 
4.014032e-04 
2.324184e-04 
1.486813e-04 
1.015718e-04 
7.281942e-05 
5.421852e-05 
4.164533e-05 
3.285514e-05 
2.655145e-05 
2.195253e-05 
1.857520e-05 
1.612342e-05 
1.443361e-05 
1.345677e-05 
1.326137e-05 
1.397328e-05 
1.541205e-05 
1.686157e-05 
1.789893e-05 
1.861714e-05 
1.921022e-05 
1.976902e-05 
2.024508e-05 
2.025775e-05 
2.025775e-05 
2.025775e-05 
2.025775e-05 
2.025775e-05 
2.025775e-05 
2.025775e-05 
2.025775e-05 
2.025775e-05 
2.025775e-05 
2.025775e-05 
2.025775e-05 
2.025775e-05 
2.025775e-05 
2.025775e-05 
2.025775e-05 
2.025775e-05 
2.025775e-05 
2.025775e-05 
2.025775e-05 
2.025775e-05 
2.025775e-05 
2.025775e-05 
2.025775e-05 
2.025775e-05 
2.025775e-05 
2.025775e-05 
2.025775e-05 
2.025775e-05 
2.025775e-05 
2.025775e-05 
2.025775e-05 
2.025775e-05 
2.025775e-05 
2.025775e-05 
2.025775e-05 
2.025775e-05 
2.025775e-05 
2.025775e-05 
2.025775e-05 
2.025775e-05 
2.025775e-05 
2.025775e-05 
2.025775e-05 
2.025775e-05 
2.025775e-05 
2.025775e-05 
2.025775e-05 
2.025775e-05 
2.025775e-05 
2.025775e-05 
2.025775e-05 
2.025775e-05 
2.025775e-05 
2.025775e-05 
2.025775e-05 
2.025775e-05 
2.025775e-05 
2.025775e-05 
2.025775e-05 
2.025775e-05 
2.025775e-05 
2.025775e-05 
2.036899e-05 
2.054525e-05 
2.073462e-05 
2.093809e-05 
2.115669e-05 
2.139139e-05 
2.164318e-05 
2.191311e-05 
2.220201e-05 
2.250974e-05 
2.283450e-05 
2.317225e-05 
2.351513e-05 
2.384885e-05 
2.414820e-05 
2.436898e-05 
2.443365e-05 
2.420457e-05 
2.343276e-05 
2.165715e-05 
1.800330e-05 
1.079140e-05 
-3.110959e-06 
-2.868573e-05 
-7.051438e-05 
-1.273197e-04 
-1.937594e-04 
-2.683199e-04 
-3.529643e-04 
-4.441106e-04 
-4.774007e-04 
-4.774009e-04 
-4.774009e-04 
-4.774009e-04 
-4.774009e-04 
-4.774009e-04 
-4.774009e-04 
-4.774009e-04 
-4.774009e-04 
-4.774009e-04 
-4.774009e-04 
-4.774009e-04 
-4.774009e-04 
-4.774009e-04 
-4.774009e-04 
-4.774009e-04 
-4.774009e-04 
-4.774009e-04 
-4.774009e-04 
-4.774009e-04 
-4.774009e-04 
-4.774009e-04 
-4.774009e-04 
-4.774009e-04 
-4.774009e-04 
-4.774009e-04 
-4.774009e-04 
-4.774009e-04 
-4.774009e-04 
-4.774009e-04 
-4.774009e-04 
-4.774009e-04 
-4.774009e-04 
-4.774009e-04 
-4.774009e-04 
-4.774009e-04 
-4.774009e-04 
-4.774009e-04 
-4.774009e-04 
-4.774009e-04 
-4.774009e-04 
-4.774009e-04 
-4.774009e-04 
-4.774009e-04 
-4.774009e-04 
-4.774009e-04 
-4.774009e-04 
-4.774009e-04 
-4.774009e-04 
-4.774009e-04 
-4.774009e-04 
-4.774009e-04 
-4.774009e-04 
-4.774009e-04 
-4.774009e-04 
-4.774009e-04 
-4.774009e-04 
-4.774009e-04 
-4.774009e-04 
-4.774009e-04 
-4.774009e-04 
-4.774009e-04 
-4.774009e-04 
-4.919246e-04 
-5.480783e-04 
-6.137266e-04 
-6.909070e-04 
-7.823265e-04 
-8.914824e-04 
-1.022824e-03 
-1.181867e-03 
-1.375661e-03 
-1.614065e-03 
-1.911039e-03 
-2.286086e-03 
-2.766815e-03 
-3.393161e-03 
-4.224324e-03 
-5.350480e-03 
-6.913267e-03 
-9.143158e-03 
-1.243085e-02 
-1.747092e-02 
-2.556771e-02 
-3.932165e-02 
-6.419678e-02 
-1.116022e-01 
-1.998934e-01 
-3.345459e-01 
-4.884726e-01 
-6.381080e-01 
-7.746631e-01 
-8.903292e-01 
-9.542465e-01 
-9.542486e-01 
-9.542486e-01 
-9.542486e-01 
-9.542486e-01 
-9.542486e-01 
-9.542486e-01 
-9.542486e-01 
-9.542486e-01 
-9.542486e-01 
-9.542486e-01 
-9.542486e-01 
-9.542486e-01 
-9.542486e-01 
-9.542486e-01 
-9.542486e-01 
-9.542486e-01 
-9.542486e-01 
-9.542486e-01 
-9.542486e-01 
-9.542486e-01 
-9.542486e-01 
-9.542486e-01 
-9.542486e-01 
-9.542486e-01 
-9.542486e-01 
-9.542486e-01 
-9.542486e-01 
-9.542486e-01 
-9.542486e-01 
-9.542486e-01 
-9.542486e-01 
-9.542486e-01 
-9.542486e-01 
-9.542486e-01 
-9.542486e-01 
-9.542486e-01 
-9.542486e-01 
-9.542486e-01 
-9.542486e-01 
-9.542486e-01 
-9.542486e-01 
-9.542486e-01 
-9.542486e-01 
-9.542486e-01 
-9.542486e-01 
-9.542486e-01 
-9.542486e-01 
-9.542486e-01 
-9.542486e-01 
-9.542486e-01 
-9.542486e-01 
-9.542486e-01 
-9.542486e-01 
-9.542486e-01 
-9.542486e-01 
-9.542486e-01 
-9.542486e-01 
-9.542486e-01 
-9.542486e-01 
-9.542486e-01 
-9.542486e-01 
-9.542486e-01 
-9.542486e-01 
-9.542482e-01 
-9.542477e-01 
-9.542469e-01 
-9.542459e-01 
-9.542445e-01 
-9.542422e-01 
-9.542402e-01 
-9.542393e-01 
-9.542386e-01 
-9.542380e-01 
-9.542375e-01 
-9.542370e-01 
-9.542366e-01 
-9.542362e-01 
-9.542358e-01 
-9.542355e-01 
-9.542352e-01 
-9.542349e-01 
-9.542347e-01 
-9.542345e-01 
-9.542342e-01 
-9.542340e-01 
-9.542339e-01 
-9.542337e-01 
-9.542335e-01 
-9.542334e-01 
-9.542332e-01 
-9.542331e-01 
-9.542330e-01 
-9.542329e-01 
-9.542328e-01 
-9.542328e-01 
-9.542328e-01 
-9.542328e-01 
-9.542328e-01 
-9.542328e-01 
-9.542328e-01 
-9.542328e-01 
-9.542328e-01 
-9.542328e-01 
-9.542328e-01 
-9.542328e-01 
-9.542328e-01 
-9.542328e-01 
-9.542328e-01 
-9.542328e-01 
-9.542328e-01 
-9.542328e-01 
-9.542328e-01 
-9.542328e-01 
-9.542328e-01 
-9.542328e-01 
-9.542328e-01 
-9.542328e-01 
-9.542328e-01 
-9.542328e-01 
-9.542328e-01 
-9.542328e-01 
-9.542328e-01 
-9.542328e-01 
-9.542328e-01 
-9.542328e-01 
-9.542328e-01 
-9.542328e-01 
-9.542328e-01 
-9.542328e-01 
-9.542328e-01 
-9.542328e-01 
-9.542328e-01 
-9.542328e-01 
-9.542328e-01 
-9.542328e-01 
-9.542328e-01 
-9.542328e-01 
-9.542328e-01 
-9.542328e-01 
-9.542328e-01 
-9.542328e-01 
-9.542328e-01 
-9.542328e-01 
-9.542328e-01 
-9.542328e-01 
-9.542328e-01 
-9.542328e-01 
-9.542328e-01 
-9.542328e-01 
-9.542328e-01 
-9.542328e-01 
-9.542328e-01 
-9.542328e-01 
-9.542328e-01 
-9.542328e-01 
-9.542328e-01 
-9.246179e-01 
-8.203990e-01 
-6.911146e-01 
-5.425929e-01 
-3.681347e-01 
-1.530871e-01 
-9.857108e-03 
6.936018e-04 
3.758918e-04 
2.189680e-04 
1.403163e-04 
9.579530e-05 
6.849959e-05 
5.076846e-05 
3.872707e-05 
3.025396e-05 
2.411515e-05 
1.955734e-05 
1.610216e-05 
1.343565e-05 
1.134589e-05 
9.686119e-06 
8.350949e-06 
7.257706e-06 
6.339635e-06 
5.564912e-06 
4.916256e-06 
4.369066e-06 
3.900035e-06 
3.489894e-06 
3.210297e-06 
3.209981e-06 
3.209981e-06 
3.209981e-06 
3.209981e-06 
3.209981e-06 
3.209981e-06 
3.209981e-06 
3.209981e-06 
3.209981e-06 
3.209981e-06 
3.209981e-06 
3.209981e-06 
3.209981e-06 
3.209981e-06 
3.209981e-06 
3.209981e-06 
3.209981e-06 
3.209981e-06 
3.209981e-06 
3.209981e-06 
3.209981e-06 
3.209981e-06 
3.209981e-06 
3.209981e-06 
3.209981e-06 
3.209981e-06 
3.209981e-06 
3.209981e-06 
3.209981e-06 
3.209981e-06 
3.209981e-06 
3.209981e-06 
3.209981e-06 
3.209981e-06 
3.209981e-06 
3.209981e-06 
3.209981e-06 
3.209981e-06 
3.209981e-06 
3.209981e-06 
3.209981e-06 
3.209981e-06 
3.209981e-06 
3.209981e-06 
3.209981e-06 
3.209981e-06 
3.209981e-06 
3.209981e-06 
3.209981e-06 
3.209981e-06 
3.209981e-06 
3.209981e-06 
3.209981e-06 
3.209981e-06 
3.209981e-06 
3.209981e-06 
3.209981e-06 
3.209981e-06 
3.209981e-06 
3.209981e-06 
3.209981e-06 
3.209981e-06 
3.209981e-06 
3.349433e-06 
3.561586e-06 
3.800696e-06 
4.071552e-06 
4.380053e-06 
4.733527e-06 
5.141176e-06 
5.614673e-06 
6.168995e-06 
6.823588e-06 
7.604071e-06 
8.544749e-06 
9.692393e-06 
1.111205e-05 
1.289629e-05 
1.518032e-05 
1.816754e-05 
2.217467e-05 
2.771399e-05 
3.564890e-05 
4.749032e-05 
6.591672e-05 
9.531445e-05 
1.404866e-04 
2.006476e-04 
2.679157e-04 
3.368546e-04 
4.059783e-04 
4.720424e-04 
5.257409e-04 
5.385472e-04 
5.385472e-04 
5.385472e-04 
5.385472e-04 
5.385472e-04 
5.385472e-04 
5.385472e-04 
5.385472e-04 
5.385472e-04 
5.385472e-04 
5.385472e-04 
5.385472e-04 
5.385472e-04 
5.385472e-04 
5.385472e-04 
5.385472e-04 
5.385472e-04 
5.385472e-04 
5.385472e-04 
5.385472e-04 
5.385472e-04 
5.385472e-04 
5.385472e-04 
5.385472e-04 
5.385472e-04 
5.385472e-04 
5.385472e-04 
5.385472e-04 
5.385472e-04 
5.385472e-04 
5.385472e-04 
5.385472e-04 
5.385472e-04 
5.385472e-04 
5.385472e-04 
5.385472e-04 
5.385472e-04 
5.385472e-04 
5.385472e-04 
5.385472e-04 
5.385472e-04 
5.385472e-04 
5.385472e-04 
5.385472e-04 
5.385472e-04 
5.385472e-04 
5.385472e-04 
5.385472e-04 
5.385472e-04 
5.385472e-04 
5.385472e-04 
5.385472e-04 
5.385472e-04 
5.385472e-04 
5.385472e-04 
5.385472e-04 
5.385472e-04 
5.385472e-04 
5.385472e-04 
5.385472e-04 
5.385472e-04 
5.385472e-04 
5.385472e-04 
5.583826e-04 
6.195925e-04 
6.901811e-04 
7.676003e-04 
8.174009e-04 
9.301362e-04 
1.067256e-03 
1.233324e-03 
1.435680e-03 
1.684636e-03 
1.994796e-03 
2.386565e-03 
2.888835e-03 
3.543422e-03 
4.412359e-03 
5.590211e-03 
7.225661e-03 
9.560926e-03 
1.300717e-02 
1.829649e-02 
2.680565e-02 
4.128143e-02 
6.748151e-02 
1.172712e-01 
2.088307e-01 
3.453853e-01 
4.991668e-01 
6.479759e-01 
7.833638e-01 
8.971658e-01 
9.542483e-01 
9.542487e-01 
9.542487e-01 
9.542487e-01 
9.542487e-01 
9.542487e-01 
9.542487e-01 
9.542487e-01 
9.542487e-01 
9.542487e-01 
9.542487e-01 
9.542487e-01 
9.542487e-01 
9.542487e-01 
9.542487e-01 
9.542487e-01 
9.542487e-01 
9.542487e-01 
9.542487e-01 
9.542487e-01 
9.542487e-01 
9.542487e-01 
9.542487e-01 
9.542487e-01 
9.542487e-01 
9.542487e-01 
9.542487e-01 
9.542487e-01 
9.542487e-01 
9.542487e-01 
9.542487e-01 
9.542487e-01 
9.542487e-01 
9.542487e-01 
9.542487e-01 
9.542487e-01 
9.542487e-01 
9.542487e-01 
9.542487e-01 
9.542487e-01 
9.542487e-01 
9.542487e-01 
9.542487e-01 
9.542487e-01 
9.542487e-01 
9.542487e-01 
9.542487e-01 
9.542487e-01 
9.542487e-01 
9.542487e-01 
9.542487e-01 
9.542487e-01 
9.542487e-01 
9.542487e-01 
9.542487e-01 
9.542487e-01 
9.542487e-01 
9.542487e-01 
9.542487e-01 
9.542487e-01 
9.542487e-01 
9.542487e-01 
9.542487e-01 
9.542487e-01 
9.542484e-01 
9.542479e-01 
9.542473e-01 
9.542466e-01 
9.542457e-01 
9.542448e-01 
9.542437e-01 
9.542425e-01 
9.542414e-01 
9.542404e-01 
9.542395e-01 
9.542387e-01 
9.542381e-01 
9.542375e-01 
9.542370e-01 
9.542365e-01 
9.542361e-01 
9.542357e-01 
9.542354e-01 
9.542351e-01 
9.542349e-01 
9.542346e-01 
9.542344e-01 
9.542342e-01 
9.542340e-01 
9.542338e-01 
9.542336e-01 
9.542335e-01 
9.542333e-01 
9.542332e-01 
9.542332e-01 
9.542332e-01 
9.542332e-01 
9.542332e-01 
9.542332e-01 
9.542332e-01 
9.542332e-01 
9.542332e-01 
9.542332e-01 
9.542332e-01 
9.542332e-01 
9.542332e-01 
9.542332e-01 
9.542332e-01 
9.542332e-01 
9.542332e-01 
9.542332e-01 
9.542332e-01 
9.542332e-01 
9.542332e-01 
9.542332e-01 
9.542332e-01 
9.542332e-01 
9.542332e-01 
9.542332e-01 
9.542332e-01 
9.542332e-01 
9.542332e-01 
9.542332e-01 
9.542332e-01 
9.542332e-01 
9.542332e-01 
9.542332e-01 
9.542332e-01 
9.542332e-01 
9.542332e-01 
9.542332e-01 
9.542332e-01 
9.542332e-01 
9.542332e-01 
9.542332e-01 
9.542332e-01 
9.542332e-01 
9.542332e-01 
9.542332e-01 
9.542332e-01 
9.542332e-01 
9.542332e-01 
9.542332e-01 
9.542332e-01 
9.542332e-01 
9.542332e-01 
9.542332e-01 
9.542332e-01 
9.542332e-01 
9.542332e-01 
9.542332e-01 
9.542332e-01 
9.542332e-01 
9.542332e-01 
9.542332e-01 
9.542332e-01 
9.542332e-01 
9.185741e-01 
8.122395e-01 
6.816359e-01 
5.319533e-01 
3.561405e-01 
1.429250e-01 
1.128782e-02 
7.804113e-04 
3.608216e-04 
2.118560e-04 
1.364527e-04 
9.349388e-05 
6.703662e-05 
4.979165e-05 
3.804905e-05 
2.976821e-05 
2.375784e-05 
1.928856e-05 
1.589609e-05 
1.327505e-05 
1.121903e-05 
9.584876e-06 
8.269612e-06 
7.192191e-06 
6.287752e-06 
5.525491e-06 
4.886964e-06 
4.347704e-06 
3.885073e-06 
3.480450e-06 
3.228886e-06 
3.228812e-06 
3.228812e-06 
3.228812e-06 
3.228812e-06 
3.228812e-06 
3.228812e-06 
3.228812e-06 
3.228812e-06 
3.228812e-06 
3.228812e-06 
3.228812e-06 
3.228812e-06 
3.228812e-06 
3.228812e-06 
3.228812e-06 
3.228812e-06 
3.228812e-06 
3.228812e-06 
3.228812e-06 
3.228812e-06 
3.228812e-06 
3.228812e-06 
3.228812e-06 
3.228812e-06 
3.228812e-06 
3.228812e-06 
3.228812e-06 
3.228812e-06 
3.228812e-06 
3.228812e-06 
3.228812e-06 
3.228812e-06 
3.228812e-06 
3.228812e-06 
3.228812e-06 
3.228812e-06 
3.228812e-06 
3.228812e-06 
3.228812e-06 
3.228812e-06 
3.228812e-06 
3.228812e-06 
3.228812e-06 
3.228812e-06 
3.228812e-06 
3.228812e-06 
3.228812e-06 
3.228812e-06 
3.228812e-06 
3.228812e-06 
3.228812e-06 
3.228812e-06 
3.228812e-06 
3.228812e-06 
3.228812e-06 
3.228812e-06 
3.228812e-06 
3.228812e-06 
3.228812e-06 
3.228812e-06 
3.228812e-06 
3.228812e-06 
3.228812e-06 
3.382908e-06 
3.598023e-06 
3.840541e-06 
4.115342e-06 
4.428443e-06 
4.787324e-06 
5.201378e-06 
5.682533e-06 
6.246103e-06 
6.911986e-06 
7.706429e-06 
8.664617e-06 
9.834577e-06 
1.128320e-05 
1.310583e-05 
1.544195e-05 
1.850189e-05 
2.261379e-05 
2.830977e-05 
3.648857e-05 
4.872455e-05 
6.779992e-05 
9.819677e-05 
1.445207e-04 
2.053498e-04 
2.727195e-04 
3.416222e-04 
4.106511e-04 
4.762319e-04 
5.286248e-04 
5.385421e-04 
5.385421e-04 
5.385421e-04 
5.385421e-04 
5.385421e-04 
5.385421e-04 
5.385421e-04 
5.385421e-04 
5.385421e-04 
5.385421e-04 
5.385421e-04 
5.385421e-04 
5.385421e-04 
5.385421e-04 
5.385421e-04 
5.385421e-04 
5.385421e-04 
5.385421e-04 
5.385421e-04 
5.385421e-04 
5.385421e-04 
5.385421e-04 
5.385421e-04 
5.385421e-04 
5.385421e-04 
5.385421e-04 
5.385421e-04 
5.385421e-04 
5.385421e-04 
5.385421e-04 
5.385421e-04 
5.385421e-04 
5.385421e-04 
5.385421e-04 
5.385421e-04 
5.385421e-04 
5.385421e-04 
5.385421e-04 
5.385421e-04 
5.385421e-04 
5.385421e-04 
5.385421e-04 
5.385421e-04 
5.385421e-04 
5.385421e-04 
5.385421e-04 
5.385421e-04 
5.385421e-04 
5.385421e-04 
5.385421e-04 
5.385421e-04 
5.385421e-04 
5.385421e-04 
5.385421e-04 
5.385421e-04 
5.385421e-04 
5.385421e-04 
5.385421e-04 
5.385421e-04 
5.385421e-04 
5.385421e-04 
5.385421e-04 
5.385421e-04 
5.622865e-04 
6.240974e-04 
6.953452e-04 
7.709146e-04 
8.239669e-04 
9.387140e-04 
1.077617e-03 
1.245907e-03 
1.451079e-03 
1.703699e-03 
2.018711e-03 
2.416998e-03 
2.928169e-03 
3.595150e-03 
4.481730e-03 
5.685346e-03 
7.359541e-03 
9.755111e-03 
1.329908e-02 
1.875446e-02 
2.756189e-02 
4.260694e-02 
6.995101e-02 
1.219956e-01 
2.169244e-01 
3.557178e-01 
5.096365e-01 
6.577310e-01 
7.919566e-01 
9.038348e-01 
9.542486e-01 
9.542487e-01 
9.542487e-01 
9.542487e-01 
9.542487e-01 
9.542487e-01 
9.542487e-01 
9.542487e-01 
9.542487e-01 
9.542487e-01 
9.542487e-01 
9.542487e-01 
9.542487e-01 
9.542487e-01 
9.542487e-01 
9.542487e-01 
9.542487e-01 
9.542487e-01 
9.542487e-01 
9.542487e-01 
9.542487e-01 
9.542487e-01 
9.542487e-01 
9.542487e-01 
9.542487e-01 
9.542487e-01 
9.542487e-01 
9.542487e-01 
9.542487e-01 
9.542487e-01 
9.542487e-01 
9.542487e-01 
9.542487e-01 
9.542487e-01 
9.542487e-01 
9.542487e-01 
9.542487e-01 
9.542487e-01 
9.542487e-01 
9.542487e-01 
9.542487e-01 
9.542487e-01 
9.542487e-01 
9.542487e-01 
9.542487e-01 
9.542487e-01 
9.542487e-01 
9.542487e-01 
9.542487e-01 
9.542487e-01 
9.542487e-01 
9.542487e-01 
9.542487e-01 
9.542487e-01 
9.542487e-01 
9.542487e-01 
9.542487e-01 
9.542487e-01 
9.542487e-01 
9.542487e-01 
9.542487e-01 
9.542487e-01 
9.542487e-01 
9.542487e-01 
9.542484e-01 
9.542479e-01 
9.542473e-01 
9.542465e-01 
9.542457e-01 
9.542447e-01 
9.542436e-01 
9.542424e-01 
9.542413e-01 
9.542403e-01 
9.542394e-01 
9.542387e-01 
9.542380e-01 
9.542374e-01 
9.542369e-01 
9.542365e-01 
9.542361e-01 
9.542357e-01 
9.542354e-01 
9.542351e-01 
9.542348e-01 
9.542346e-01 
9.542344e-01 
9.542342e-01 
9.542340e-01 
9.542338e-01 
9.542336e-01 
9.542335e-01 
9.542333e-01 
9.542332e-01 
9.542332e-01 
9.542332e-01 
9.542332e-01 
9.542332e-01 
9.542332e-01 
9.542332e-01 
9.542332e-01 
9.542332e-01 
9.542332e-01 
9.542332e-01 
9.542332e-01 
9.542332e-01 
9.542332e-01 
9.542332e-01 
9.542332e-01 
9.542332e-01 
9.542332e-01 
9.542332e-01 
9.542332e-01 
9.542332e-01 
9.542332e-01 
9.542332e-01 
9.542332e-01 
9.542332e-01 
9.542332e-01 
9.542332e-01 
9.542332e-01 
9.542332e-01 
9.542332e-01 
9.542332e-01 
9.542332e-01 
9.542332e-01 
9.542332e-01 
9.542332e-01 
9.542332e-01 
9.542332e-01 
9.542332e-01 
9.542332e-01 
9.542332e-01 
9.542332e-01 
9.542332e-01 
9.542332e-01 
9.542332e-01 
9.542332e-01 
9.542332e-01 
9.542332e-01 
9.542332e-01 
9.542332e-01 
9.542332e-01 
9.542332e-01 
9.542332e-01 
9.542332e-01 
9.542332e-01 
9.542332e-01 
9.542332e-01 
9.542332e-01 
9.542332e-01 
9.542332e-01 
9.542332e-01 
9.542332e-01 
9.542332e-01 
9.542332e-01 
9.542332e-01 
9.123464e-01 
8.039616e-01 
6.720167e-01 
5.209221e-01 
3.427143e-01 
1.283878e-01 
8.852230e-03 
7.068969e-04 
3.381516e-04 
1.994830e-04 
1.286205e-04 
8.801266e-05 
6.289189e-05 
4.644866e-05 
3.519524e-05 
2.720179e-05 
2.133267e-05 
1.688249e-05 
1.338774e-05 
1.052009e-05 
8.016798e-06 
5.623424e-06 
3.046910e-06 
2.033218e-08 
-3.277533e-06 
-6.164419e-06 
-8.385965e-06 
-1.013407e-05 
-1.163820e-05 
-1.298630e-05 
-1.382738e-05 
-1.382746e-05 
-1.382746e-05 
-1.382746e-05 
-1.382746e-05 
-1.382746e-05 
-1.382746e-05 
-1.382746e-05 
-1.382746e-05 
-1.382746e-05 
-1.382746e-05 
-1.382746e-05 
-1.382746e-05 
-1.382746e-05 
-1.382746e-05 
-1.382746e-05 
-1.382746e-05 
-1.382746e-05 
-1.382746e-05 
-1.382746e-05 
-1.382746e-05 
-1.382746e-05 
-1.382746e-05 
-1.382746e-05 
-1.382746e-05 
-1.382746e-05 
-1.382746e-05 
-1.382746e-05 
-1.382746e-05 
-1.382746e-05 
-1.382746e-05 
-1.382746e-05 
-1.382746e-05 
-1.382746e-05 
-1.382746e-05 
-1.382746e-05 
-1.382746e-05 
-1.382746e-05 
-1.382746e-05 
-1.382746e-05 
-1.382746e-05 
-1.382746e-05 
-1.382746e-05 
-1.382746e-05 
-1.382746e-05 
-1.382746e-05 
-1.382746e-05 
-1.382746e-05 
-1.382746e-05 
-1.382746e-05 
-1.382746e-05 
-1.382746e-05 
-1.382746e-05 
-1.382746e-05 
-1.382746e-05 
-1.382746e-05 
-1.382746e-05 
-1.382746e-05 
-1.382746e-05 
-1.382746e-05 
-1.382746e-05 
-1.382746e-05 
-1.382746e-05 
-1.382725e-05 
-1.364017e-05 
-1.338864e-05 
-1.309575e-05 
-1.275284e-05 
-1.234905e-05 
-1.187065e-05 
-1.130023e-05 
-1.061562e-05 
-9.787932e-06 
-8.778607e-06 
-7.535913e-06 
-5.989858e-06 
-4.044528e-06 
-1.566689e-06 
1.631039e-06 
5.814787e-06 
1.136406e-05 
1.881595e-05 
2.890757e-05 
4.257693e-05 
6.083507e-05 
8.442663e-05 
1.134231e-04 
1.472457e-04 
1.853660e-04 
2.281745e-04 
2.774616e-04 
3.362276e-04 
4.065369e-04 
4.816420e-04 
4.945176e-04 
4.945176e-04 
4.945176e-04 
4.945176e-04 
4.945176e-04 
4.945176e-04 
4.945176e-04 
4.945176e-04 
4.945176e-04 
4.945176e-04 
4.945176e-04 
4.945176e-04 
4.945176e-04 
4.945176e-04 
4.945176e-04 
4.945176e-04 
4.945176e-04 
4.945176e-04 
4.945176e-04 
4.945176e-04 
4.945176e-04 
4.945176e-04 
4.945176e-04 
4.945176e-04 
4.945176e-04 
4.945176e-04 
4.945176e-04 
4.945176e-04 
4.945176e-04 
4.945176e-04 
4.945176e-04 
4.945176e-04 
4.945176e-04 
4.945176e-04 
4.945176e-04 
4.945176e-04 
4.945176e-04 
4.945176e-04 
4.945176e-04 
4.945176e-04 
4.945176e-04 
4.945176e-04 
4.945176e-04 
4.945176e-04 
4.945176e-04 
4.945176e-04 
4.945176e-04 
4.945176e-04 
4.945176e-04 
4.945176e-04 
4.945176e-04 
4.945176e-04 
4.945176e-04 
4.945176e-04 
4.945176e-04 
4.945176e-04 
4.945176e-04 
4.945176e-04 
4.945176e-04 
4.945176e-04 
4.945176e-04 
4.945176e-04 
4.945176e-04 
5.207014e-04 
5.805585e-04 
6.505487e-04 
7.329174e-04 
8.306039e-04 
9.474015e-04 
1.088114e-03 
1.258662e-03 
1.466698e-03 
1.723051e-03 
2.043011e-03 
2.447953e-03 
2.968225e-03 
3.647893e-03 
4.552563e-03 
0.000000e+00 
0.000000e+00 
0.000000e+00 
0.000000e+00 
0.000000e+00 
0.000000e+00 
0.000000e+00 
0.000000e+00
#[#TRACE_DATA]
#[#TRACE]
