#[TRACE]
#data_labels=Output
#[TRACE_DATA]
4.382166e-06 
8.435098e-06 
1.559055e-05 
1.600784e-05 
1.600784e-05 
1.600784e-05 
1.600784e-05 
1.600784e-05 
1.600784e-05 
1.600784e-05 
1.606039e-05 
1.781298e-05 
2.043591e-05 
-2.818508e-05 
-4.808669e-04 
-4.816566e-04 
-4.816566e-04 
-4.816566e-04 
-4.816566e-04 
-4.816566e-04 
-4.816566e-04 
-4.816566e-04 
-6.967950e-04 
-2.287209e-03 
-1.699605e-02 
-6.720683e-01 
-9.542486e-01 
-9.542486e-01 
-9.542486e-01 
-9.542486e-01 
-9.542486e-01 
-9.542486e-01 
-9.542486e-01 
-9.542486e-01 
-9.542438e-01 
-9.542363e-01 
-9.542341e-01 
-9.542329e-01 
-9.542328e-01 
-9.542328e-01 
-9.542328e-01 
-9.542328e-01 
-9.542328e-01 
-9.542328e-01 
-9.542328e-01 
-8.840100e-01 
-1.935136e-02 
2.461495e-05 
6.372441e-06 
3.204594e-06 
3.203695e-06 
3.203695e-06 
3.203695e-06 
3.203695e-06 
3.203695e-06 
3.203695e-06 
3.203695e-06 
3.624451e-06 
7.017567e-06 
2.311350e-05 
2.784648e-04 
5.387001e-04 
5.387043e-04 
5.387043e-04 
5.387043e-04 
5.387043e-04 
5.387043e-04 
5.387043e-04 
5.387043e-04 
9.887616e-04 
3.539248e-03 
3.903936e-02 
9.310903e-01 
9.542487e-01 
9.542487e-01 
9.542487e-01 
9.542487e-01 
9.542487e-01 
9.542487e-01 
9.542487e-01 
9.542487e-01 
9.542430e-01 
9.542367e-01 
9.542342e-01 
9.542332e-01 
9.542332e-01 
9.542332e-01 
9.542332e-01 
9.542332e-01 
9.542332e-01 
9.542332e-01 
9.542332e-01 
6.398616e-01 
1.493883e-03 
1.607867e-05 
5.196525e-06 
3.203690e-06 
3.203695e-06 
3.203695e-06 
3.203695e-06 
3.203695e-06 
3.203695e-06 
3.203695e-06 
3.203695e-06 
4.171320e-06 
8.892600e-06 
3.780862e-05 
4.337732e-04 
5.387042e-04 
5.387043e-04 
5.387043e-04 
5.387043e-04 
5.387043e-04 
5.387043e-04 
5.387043e-04 
5.399580e-04 
1.265877e-03 
5.654604e-03 
1.095225e-01 
9.541997e-01 
9.542487e-01 
9.542487e-01 
9.542487e-01 
9.542487e-01 
9.542487e-01 
9.542487e-01 
9.542487e-01 
9.542480e-01 
9.542408e-01 
9.542358e-01 
9.542338e-01 
9.542332e-01 
9.542332e-01 
9.542332e-01 
9.542332e-01 
9.542332e-01 
9.542332e-01 
9.542332e-01 
9.542332e-01 
3.580755e-01 
1.232806e-04 
1.114479e-05 
4.112612e-06 
3.203695e-06 
3.203695e-06 
3.203695e-06 
3.203695e-06 
3.203695e-06 
3.203695e-06 
3.203695e-06 
3.203695e-06 
4.892884e-06 
1.174022e-05 
7.106852e-05 
5.287289e-04 
5.387043e-04 
5.387043e-04 
5.387043e-04 
5.387043e-04 
5.387043e-04 
5.387043e-04 
5.387043e-04 
6.342926e-04 
1.728629e-03 
9.823073e-03 
3.505314e-01 
9.542486e-01 
9.542487e-01 
9.542487e-01 
9.542487e-01 
9.542487e-01 
9.542487e-01 
9.542487e-01 
9.542487e-01 
9.542467e-01 
9.542390e-01 
9.542352e-01 
9.542335e-01 
9.542332e-01 
9.542332e-01 
9.542332e-01 
9.542332e-01 
9.542332e-01 
9.542332e-01 
9.542332e-01 
9.542332e-01 
1.120491e-01 
3.959259e-05 
8.105486e-06 
-9.229871e-06 
-9.608996e-06 
-9.608996e-06 
-9.608996e-06 
-9.608996e-06 
-9.608996e-06 
-9.608996e-06 
-9.608996e-06 
-9.520795e-06 
-6.216570e-06 
1.111870e-05 
1.610399e-04 
4.986451e-04 
4.989734e-04 
4.989734e-04 
4.989734e-04 
4.989734e-04 
4.989734e-04 
4.989734e-04 
4.989734e-04 
7.453385e-04 
2.481231e-03 
1.915571e-02 
7.151871e-01 
9.542487e-01 
9.542487e-01 
9.542487e-01 
9.542487e-01 
9.542487e-01 
9.542487e-01 
9.542487e-01 
9.542487e-01 
9.542449e-01 
9.542376e-01 
9.542346e-01 
9.542332e-01 
9.542332e-01 
9.542332e-01 
9.542332e-01 
9.542332e-01 
9.542332e-01 
9.542332e-01 
9.542332e-01 
8.564551e-01 
1.475043e-02 
2.323157e-05 
6.185355e-06 
1.600696e-05 
1.600784e-05 
1.600784e-05 
1.600784e-05 
1.600784e-05 
1.600784e-05 
1.600784e-05 
1.600784e-05 
1.643879e-05 
1.855991e-05 
2.016300e-05 
-1.513918e-04 
-4.816506e-04 
-4.816566e-04 
-4.816566e-04 
-4.816566e-04 
-4.816566e-04 
-4.816566e-04 
-4.816566e-04 
-4.816566e-04 
-9.383101e-04 
-3.642240e-03 
-4.330053e-02 
-9.439989e-01 
-9.542486e-01 
-9.542486e-01 
-9.542486e-01 
-9.542486e-01 
-9.542486e-01 
-9.542486e-01 
-9.542486e-01 
-9.542485e-01 
-9.542403e-01 
-9.542355e-01 
-9.542337e-01 
-9.542328e-01 
-9.542328e-01 
-9.542328e-01 
-9.542328e-01 
-9.542328e-01 
-9.542328e-01 
-9.542328e-01 
-9.542328e-01 
-6.036635e-01 
-7.465451e-04 
1.526890e-05 
6.377647e-06 
1.600810e-05 
1.600784e-05 
1.600784e-05 
1.600784e-05 
1.600784e-05 
1.600784e-05 
1.600784e-05 
1.600784e-05 
1.687619e-05 
1.929506e-05 
1.678951e-05 
-3.317835e-04 
-4.816565e-04 
-4.816566e-04 
-4.816566e-04 
-4.816566e-04 
-4.816566e-04 
-4.816566e-04 
-4.816566e-04 
-4.870710e-04 
-1.259560e-03 
-5.886503e-03 
-1.262295e-01 
-9.542268e-01 
-9.542486e-01 
-9.542486e-01 
-9.542486e-01 
-9.542486e-01 
-9.542486e-01 
-9.542486e-01 
-9.542486e-01 
-9.542475e-01 
-9.542381e-01 
-9.542349e-01 
-9.542334e-01 
-9.542328e-01 
-9.542328e-01 
-9.542328e-01 
-9.542328e-01 
-9.542328e-01 
-9.542328e-01 
-9.542328e-01 
-9.542328e-01 
-3.201041e-01 
3.243034e-05 
1.065807e-05 
3.920925e-06 
3.203695e-06 
3.203695e-06 
3.203695e-06 
3.203695e-06 
3.203695e-06 
3.203695e-06 
3.203695e-06 
3.203695e-06 
5.005001e-06 
1.222443e-05 
7.818718e-05 
5.323713e-04 
5.387043e-04 
5.387043e-04 
5.387043e-04 
5.387043e-04 
5.387043e-04 
5.387043e-04 
5.387043e-04 
6.530078e-04 
1.808509e-03 
1.064983e-02 
3.996048e-01 
9.542486e-01 
9.542487e-01 
9.542487e-01 
9.542487e-01 
9.542487e-01 
9.542487e-01 
9.542487e-01 
9.542487e-01 
9.542465e-01 
9.542388e-01 
9.542351e-01 
9.542335e-01 
9.542332e-01 
9.542332e-01 
9.542332e-01 
9.542332e-01 
9.542332e-01 
9.542332e-01 
9.542332e-01 
9.542332e-01 
9.004167e-02 
3.640138e-05 
7.800018e-06 
1.582613e-05 
1.600784e-05 
1.600784e-05 
1.600784e-05 
1.600784e-05 
1.600784e-05 
1.600784e-05 
1.600784e-05 
1.612650e-05 
1.797775e-05 
2.051258e-05 
-4.743239e-05 
-4.813928e-04 
-4.816566e-04 
-4.816566e-04 
-4.816566e-04 
-4.816566e-04 
-4.816566e-04 
-4.816566e-04 
-4.816566e-04 
-7.446210e-04 
-2.533856e-03 
-2.069240e-02 
-7.555974e-01 
-9.542486e-01 
-9.542486e-01 
-9.542486e-01 
-9.542486e-01 
-9.542486e-01 
-9.542486e-01 
-9.542486e-01 
-9.542486e-01 
-9.542430e-01 
-9.542361e-01 
-9.542340e-01 
-9.542329e-01 
-9.542328e-01 
-9.542328e-01 
-9.542328e-01 
-9.542328e-01 
-9.542328e-01 
-9.542328e-01 
-9.542328e-01 
-8.268573e-01 
-9.996468e-03 
2.185289e-05 
6.002569e-06 
1.600839e-05 
1.600784e-05 
1.600784e-05 
1.600784e-05 
1.600784e-05 
1.600784e-05 
1.600784e-05 
1.600784e-05 
1.649273e-05 
1.865384e-05 
1.997388e-05 
-1.723504e-04 
-4.816533e-04 
-4.816566e-04 
-4.816566e-04 
-4.816566e-04 
-4.816566e-04 
-4.816566e-04 
-4.816566e-04 
-4.816566e-04 
-9.738072e-04 
-3.864855e-03 
-4.916816e-02 
-9.497115e-01 
-9.542486e-01 
-9.542486e-01 
-9.542486e-01 
-9.542486e-01 
-9.542486e-01 
-9.542486e-01 
-9.542486e-01 
-9.542484e-01 
-9.542399e-01 
-9.542354e-01 
-9.542336e-01 
-9.542328e-01 
-9.542328e-01 
-9.542328e-01 
-9.542328e-01 
-9.542328e-01 
-9.542328e-01 
-9.542328e-01 
-9.542328e-01 
-5.670090e-01 
-4.626851e-04 
1.451573e-05 
5.072116e-06 
3.203692e-06 
3.203695e-06 
3.203695e-06 
3.203695e-06 
3.203695e-06 
3.203695e-06 
3.203695e-06 
3.203695e-06 
4.342734e-06 
9.528309e-06 
4.400127e-05 
4.693590e-04 
5.387043e-04 
5.387043e-04 
5.387043e-04 
5.387043e-04 
5.387043e-04 
5.387043e-04 
5.387043e-04 
5.527879e-04 
1.366247e-03 
6.483918e-03 
1.495194e-01 
9.542391e-01 
9.542487e-01 
9.542487e-01 
9.542487e-01 
9.542487e-01 
9.542487e-01 
9.542487e-01 
9.542487e-01 
9.542477e-01 
9.542403e-01 
9.542357e-01 
9.542337e-01 
9.542332e-01 
9.542332e-01 
9.542332e-01 
9.542332e-01 
9.542332e-01 
9.542332e-01 
9.542332e-01 
9.542332e-01 
2.840268e-01 
8.003433e-05 
1.020123e-05 
1.456272e-05 
1.600785e-05 
1.600784e-05 
1.600784e-05 
1.600784e-05 
1.600784e-05 
1.600784e-05 
1.600784e-05 
1.600798e-05 
1.745951e-05 
2.011450e-05 
-1.029916e-06 
-4.735922e-04 
-4.816566e-04 
-4.816566e-04 
-4.816566e-04 
-4.816566e-04 
-4.816566e-04 
-4.816566e-04 
-4.816566e-04 
-6.030263e-04 
-1.833162e-03 
-1.128624e-02 
-4.493877e-01 
-9.542485e-01 
-9.542486e-01 
-9.542486e-01 
-9.542486e-01 
-9.542486e-01 
-9.542486e-01 
-9.542486e-01 
-9.542486e-01 
-9.542454e-01 
-9.542368e-01 
-9.542343e-01 
-9.542330e-01 
-9.542328e-01 
-9.542328e-01 
-9.542328e-01 
-9.542328e-01 
-9.542328e-01 
-9.542328e-01 
-9.542328e-01 
-9.542328e-01 
-7.002301e-02 
3.269540e-05 
7.509228e-06 
1.589692e-05 
1.600784e-05 
1.600784e-05 
1.600784e-05 
1.600784e-05 
1.600784e-05 
1.600784e-05 
1.600784e-05 
1.616700e-05 
1.806240e-05 
2.052844e-05 
-5.915848e-05 
-4.815060e-04 
-4.816566e-04 
-4.816566e-04 
-4.816566e-04 
-4.816566e-04 
-4.816566e-04 
-4.816566e-04 
-4.816566e-04 
-7.702855e-04 
-2.670561e-03 
-2.293460e-02 
-7.935969e-01 
-9.542486e-01 
-9.542486e-01 
-9.542486e-01 
-9.542486e-01 
-9.542486e-01 
-9.542486e-01 
-9.542486e-01 
-9.542486e-01 
-9.542426e-01 
-9.542360e-01 
-9.542339e-01 
-9.542328e-01 
-9.542328e-01 
-9.542328e-01 
-9.542328e-01 
-9.542328e-01 
-9.542328e-01 
-9.542328e-01 
-9.542328e-01 
-7.956455e-01 
-7.035138e-03 
2.062598e-05 
5.842781e-06 
1.600886e-05 
1.600784e-05 
1.600784e-05 
1.600784e-05 
1.600784e-05 
1.600784e-05 
1.600784e-05 
1.600784e-05 
1.654786e-05 
1.874899e-05 
1.972923e-05 
-1.943775e-04 
-4.816548e-04 
-4.816566e-04 
-4.816566e-04 
-4.816566e-04 
-4.816566e-04 
-4.816566e-04 
-4.816566e-04 
-4.816566e-04 
-1.011183e-03 
-4.105915e-03 
-5.607336e-02 
-9.522397e-01 
-9.542486e-01 
-9.542486e-01 
-9.542486e-01 
-9.542486e-01 
-9.542486e-01 
-9.542486e-01 
-9.542486e-01 
-9.542483e-01 
-9.542396e-01 
-9.542353e-01 
-9.542336e-01 
-9.542328e-01 
-9.542328e-01 
-9.542328e-01 
-9.542328e-01 
-9.542328e-01 
-9.542328e-01 
-9.542328e-01 
-9.542328e-01 
-5.299140e-01 
-2.742016e-04 
1.381340e-05 
8.198188e-06 
1.600795e-05 
1.600784e-05 
1.600784e-05 
1.600784e-05 
1.600784e-05 
1.600784e-05 
1.600784e-05 
1.600784e-05 
1.700360e-05 
1.949445e-05 
1.467595e-05 
-3.840622e-04 
-4.816566e-04 
-4.816566e-04 
-4.816566e-04 
-4.816566e-04 
-4.816566e-04 
-4.816566e-04 
-4.816566e-04 
-5.038902e-04 
-1.369125e-03 
-6.774346e-03 
-1.735398e-01 
-9.542443e-01 
-9.542486e-01 
-9.542486e-01 
-9.542486e-01 
-9.542486e-01 
-9.542486e-01 
-9.542486e-01 
-9.542486e-01 
-9.542471e-01 
-9.542377e-01 
-9.542348e-01 
-9.542333e-01 
-9.542328e-01 
-9.542328e-01 
-9.542328e-01 
-9.542328e-01 
-9.542328e-01 
-9.542328e-01 
-9.542328e-01 
-9.542328e-01 
-2.475905e-01 
4.194271e-05 
9.771095e-06 
3.586152e-06 
3.203695e-06 
3.203695e-06 
3.203695e-06 
3.203695e-06 
3.203695e-06 
3.203695e-06 
3.203695e-06 
3.205629e-06 
5.243231e-06 
1.329252e-05 
9.534787e-05 
5.363165e-04 
5.387043e-04 
5.387043e-04 
5.387043e-04 
5.387043e-04 
5.387043e-04 
5.387043e-04 
5.387043e-04 
6.932037e-04 
1.984249e-03 
1.259785e-02 
5.013790e-01 
9.542487e-01 
9.542487e-01 
9.542487e-01 
9.542487e-01 
9.542487e-01 
9.542487e-01 
9.542487e-01 
9.542487e-01 
9.542460e-01 
9.542384e-01 
9.542350e-01 
9.542334e-01 
9.542332e-01 
9.542332e-01 
9.542332e-01 
9.542332e-01 
9.542332e-01 
9.542332e-01 
9.542332e-01 
9.521555e-01 
5.543294e-02 
3.129088e-05 
7.231385e-06 
3.212610e-06 
3.203695e-06 
3.203695e-06 
3.203695e-06 
3.203695e-06 
3.203695e-06 
3.203695e-06 
3.203695e-06 
3.420694e-06 
6.350187e-06 
1.900768e-05 
2.056436e-04 
5.386687e-04 
5.387043e-04 
5.387043e-04 
5.387043e-04 
5.387043e-04 
5.387043e-04 
5.387043e-04 
5.387043e-04 
8.806842e-04 
2.903787e-03 
2.604946e-02 
8.290324e-01 
9.542487e-01 
9.542487e-01 
9.542487e-01 
9.542487e-01 
9.542487e-01 
9.542487e-01 
9.542487e-01 
9.542487e-01 
9.542441e-01 
9.542371e-01 
9.542344e-01 
9.542332e-01 
9.542332e-01 
9.542332e-01 
9.542332e-01 
9.542332e-01 
9.542332e-01 
9.542332e-01 
9.542332e-01 
7.631422e-01 
5.394167e-03 
1.950072e-05 
5.714263e-06 
1.600886e-05 
1.600784e-05 
1.600784e-05 
1.600784e-05 
1.600784e-05 
1.600784e-05 
1.600784e-05 
1.600784e-05 
1.660416e-05 
1.884527e-05 
1.941912e-05 
-2.173646e-04 
-4.816556e-04 
-4.816566e-04 
-4.816566e-04 
-4.816566e-04 
-4.816566e-04 
-4.816566e-04 
-4.816566e-04 
-4.816566e-04 
-1.050560e-03 
-4.367349e-03 
-6.423380e-02 
-9.533588e-01 
-9.542486e-01 
-9.542486e-01 
-9.542486e-01 
-9.542486e-01 
-9.542486e-01 
-9.542486e-01 
-9.542486e-01 
-9.542482e-01 
-9.542392e-01 
-9.542352e-01 
-9.542335e-01 
-9.542328e-01 
-9.542328e-01 
-9.542328e-01 
-9.542328e-01 
-9.542328e-01 
-9.542328e-01 
-9.542328e-01 
-9.542328e-01 
-4.924486e-01 
-1.509754e-04 
1.315749e-05 
9.424168e-06 
1.600791e-05 
1.600784e-05 
1.600784e-05 
1.600784e-05 
1.600784e-05 
1.600784e-05 
1.600784e-05 
1.600784e-05 
1.706926e-05 
1.959361e-05 
1.329049e-05 
-4.078836e-04 
-4.816566e-04 
-4.816566e-04 
-4.816566e-04 
-4.816566e-04 
-4.816566e-04 
-4.816566e-04 
-4.816566e-04 
-5.154952e-04 
-1.428761e-03 
-7.284997e-03 
-2.037043e-01 
-9.542467e-01 
-9.542486e-01 
-9.542486e-01 
-9.542486e-01 
-9.542486e-01 
-9.542486e-01 
-9.542486e-01 
-9.542486e-01 
-9.542469e-01 
-9.542376e-01 
-9.542347e-01 
-9.542332e-01 
-9.542328e-01 
-9.542328e-01 
-9.542328e-01 
-9.542328e-01 
-9.542328e-01 
-9.542328e-01 
-9.542328e-01 
-9.542328e-01 
-2.134093e-01 
4.245293e-05 
9.366674e-06 
3.458527e-06 
3.203695e-06 
3.203695e-06 
3.203695e-06 
3.203695e-06 
3.203695e-06 
3.203695e-06 
3.203695e-06 
3.211541e-06 
5.369866e-06 
1.388252e-05 
1.056146e-04 
5.372782e-04 
5.387043e-04 
5.387043e-04 
5.387043e-04 
5.387043e-04 
5.387043e-04 
5.387043e-04 
5.387043e-04 
7.146834e-04 
2.080914e-03 
1.374815e-02 
5.516733e-01 
9.542487e-01 
9.542487e-01 
9.542487e-01 
9.542487e-01 
9.542487e-01 
9.542487e-01 
9.542487e-01 
9.542487e-01 
9.542458e-01 
9.542382e-01 
9.542349e-01 
9.542333e-01 
9.542332e-01 
9.542332e-01 
9.542332e-01 
9.542332e-01 
9.542332e-01 
9.542332e-01 
9.542332e-01 
9.401873e-01 
4.250590e-02 
2.918377e-05 
6.971721e-06 
3.208552e-06 
3.203695e-06 
3.203695e-06 
3.203695e-06 
3.203695e-06 
3.203695e-06 
3.203695e-06 
3.203695e-06 
3.473692e-06 
6.526412e-06 
2.004055e-05 
2.253162e-04 
5.386847e-04 
5.387043e-04 
5.387043e-04 
5.387043e-04 
5.387043e-04 
5.387043e-04 
5.387043e-04 
5.387043e-04 
9.099920e-04 
3.065649e-03 
2.904759e-02 
8.617283e-01 
9.542487e-01 
9.542487e-01 
9.542487e-01 
9.542487e-01 
9.542487e-01 
9.542487e-01 
9.542487e-01 
9.542487e-01 
9.542438e-01 
9.542370e-01 
9.542344e-01 
9.542332e-01 
9.542332e-01 
9.542332e-01 
9.542332e-01 
9.542332e-01 
9.542332e-01 
9.542332e-01 
9.542332e-01 
7.295692e-01 
3.788839e-03 
1.844482e-05 
5.632798e-06 
1.600870e-05 
1.600784e-05 
1.600784e-05 
1.600784e-05 
1.600784e-05 
1.600784e-05 
1.600784e-05 
1.600784e-05 
1.666164e-05 
1.894255e-05 
1.903183e-05 
-2.412159e-04 
-4.816560e-04 
-4.816566e-04 
-4.816566e-04 
-4.816566e-04 
-4.816566e-04 
-4.816566e-04 
-4.816566e-04 
-4.816566e-04 
-1.092071e-03 
-4.651331e-03 
-7.391526e-02 
-9.538544e-01 
-9.542486e-01 
-9.542486e-01 
-9.542486e-01 
-9.542486e-01 
-9.542486e-01 
-9.542486e-01 
-9.542486e-01 
-9.542481e-01 
-9.542390e-01 
-9.542352e-01 
-9.542335e-01 
-9.542328e-01 
-9.542328e-01 
-9.542328e-01 
-9.542328e-01 
-9.542328e-01 
-9.542328e-01 
-9.542328e-01 
-9.542328e-01 
-4.546987e-01 
-7.183064e-05 
1.254415e-05 
4.649573e-06 
3.203694e-06 
3.203695e-06 
3.203695e-06 
3.203695e-06 
3.203695e-06 
3.203695e-06 
3.203695e-06 
3.203695e-06 
4.624894e-06 
1.062932e-05 
5.636541e-05 
5.106593e-04 
5.387043e-04 
5.387043e-04 
5.387043e-04 
5.387043e-04 
5.387043e-04 
5.387043e-04 
5.387043e-04 
5.910314e-04 
1.545491e-03 
8.057102e-03 
2.403931e-01 
9.542479e-01 
9.542487e-01 
9.542487e-01 
9.542487e-01 
9.542487e-01 
9.542487e-01 
9.542487e-01 
9.542487e-01 
9.542472e-01 
9.542395e-01 
9.542354e-01 
9.542336e-01 
9.542332e-01 
9.542332e-01 
9.542332e-01 
9.542332e-01 
9.542332e-01 
9.542332e-01 
9.542332e-01 
9.542332e-01 
1.822984e-01 
5.127724e-05 
8.986588e-06 
1.531617e-05 
1.600784e-05 
1.600784e-05 
1.600784e-05 
1.600784e-05 
1.600784e-05 
1.600784e-05 
1.600784e-05 
1.602714e-05 
1.768843e-05 
2.034399e-05 
-1.660501e-05 
-4.798484e-04 
-4.816566e-04 
-4.816566e-04 
-4.816566e-04 
-4.816566e-04 
-4.816566e-04 
-4.816566e-04 
-4.816566e-04 
-6.624192e-04 
-2.116345e-03 
-1.468682e-02 
-6.000419e-01 
-9.542486e-01 
-9.542486e-01 
-9.542486e-01 
-9.542486e-01 
-9.542486e-01 
-9.542486e-01 
-9.542486e-01 
-9.542486e-01 
-9.542444e-01 
-9.542365e-01 
-9.542342e-01 
-9.542329e-01 
-9.542328e-01 
-9.542328e-01 
-9.542328e-01 
-9.542328e-01 
-9.542328e-01 
-9.542328e-01 
-9.542328e-01 
-9.214753e-01 
-3.115202e-02 
2.709312e-05 
6.734569e-06 
1.599063e-05 
1.600784e-05 
1.600784e-05 
1.600784e-05 
1.600784e-05 
1.600784e-05 
1.600784e-05 
1.600784e-05 
1.630654e-05 
1.832524e-05 
2.044913e-05 
-1.033664e-04 
-4.816296e-04 
-4.816566e-04 
-4.816566e-04 
-4.816566e-04 
-4.816566e-04 
-4.816566e-04 
-4.816566e-04 
-4.816566e-04 
-8.551508e-04 
-3.144558e-03 
-3.185449e-02 
-8.915281e-01 
-9.542486e-01 
-9.542486e-01 
-9.542486e-01 
-9.542486e-01 
-9.542486e-01 
-9.542486e-01 
-9.542486e-01 
-9.542486e-01 
-9.542413e-01 
-9.542357e-01 
-9.542338e-01 
-9.542328e-01 
-9.542328e-01 
-9.542328e-01 
-9.542328e-01 
-9.542328e-01 
-9.542328e-01 
-9.542328e-01 
-9.542328e-01 
-6.950915e-01 
-2.247172e-03 
1.746379e-05 
5.346536e-06 
3.203692e-06 
3.203695e-06 
3.203695e-06 
3.203695e-06 
3.203695e-06 
3.203695e-06 
3.203695e-06 
3.203695e-06 
4.045777e-06 
8.442390e-06 
3.381445e-05 
4.036221e-04 
5.387042e-04 
5.387043e-04 
5.387043e-04 
5.387043e-04 
5.387043e-04 
5.387043e-04 
5.387043e-04 
5.387043e-04 
1.197329e-03 
5.101870e-03 
8.671785e-02 
9.540741e-01 
9.542487e-01 
9.542487e-01 
9.542487e-01 
9.542487e-01 
9.542487e-01 
9.542487e-01 
9.542487e-01 
9.542482e-01 
9.542413e-01 
9.542360e-01 
9.542339e-01 
9.542332e-01 
9.542332e-01 
9.542332e-01 
9.542332e-01 
9.542332e-01 
9.542332e-01 
9.542332e-01 
9.542332e-01 
4.171149e-01 
1.883137e-04 
1.197040e-05 
1.187725e-05 
1.600787e-05 
1.600784e-05 
1.600784e-05 
1.600784e-05 
1.600784e-05 
1.600784e-05 
1.600784e-05 
1.600784e-05 
1.720461e-05 
1.978887e-05 
9.648960e-06 
-4.443975e-04 
-4.816566e-04 
-4.816566e-04 
-4.816566e-04 
-4.816566e-04 
-4.816566e-04 
-4.816566e-04 
-4.816566e-04 
-5.431725e-04 
-1.558942e-03 
-8.468781e-03 
-2.784469e-01 
-9.542482e-01 
-9.542486e-01 
-9.542486e-01 
-9.542486e-01 
-9.542486e-01 
-9.542486e-01 
-9.542486e-01 
-9.542486e-01 
-9.542464e-01 
-9.542373e-01 
-9.542346e-01 
-9.542332e-01 
-9.542328e-01 
-9.542328e-01 
-9.542328e-01 
-9.542328e-01 
-9.542328e-01 
-9.542328e-01 
-9.542328e-01 
-9.542328e-01 
-1.515127e-01 
4.002000e-05 
8.627044e-06 
3.307380e-06 
3.203695e-06 
3.203695e-06 
3.203695e-06 
3.203695e-06 
3.203695e-06 
3.203695e-06 
3.203695e-06 
3.243472e-06 
5.639621e-06 
1.519237e-05 
1.300105e-04 
5.382177e-04 
5.387043e-04 
5.387043e-04 
5.387043e-04 
5.387043e-04 
5.387043e-04 
5.387043e-04 
5.387043e-04 
7.605231e-04 
2.294218e-03 
1.649403e-02 
6.470277e-01 
9.542487e-01 
9.542487e-01 
9.542487e-01 
9.542487e-01 
9.542487e-01 
9.542487e-01 
9.542487e-01 
9.542487e-01 
9.542453e-01 
9.542378e-01 
9.542347e-01 
9.542333e-01 
9.542332e-01 
9.542332e-01 
9.542332e-01 
9.542332e-01 
9.542332e-01 
9.542332e-01 
9.542332e-01 
8.984062e-01 
2.394736e-02 
2.559291e-05 
6.507583e-06 
1.600035e-05 
1.600784e-05 
1.600784e-05 
1.600784e-05 
1.600784e-05 
1.600784e-05 
1.600784e-05 
1.600784e-05 
1.635705e-05 
1.841574e-05 
2.036689e-05 
-1.210607e-04 
-4.816416e-04 
-4.816566e-04 
-4.816566e-04 
-4.816566e-04 
-4.816566e-04 
-4.816566e-04 
-4.816566e-04 
-4.816566e-04 
-8.863370e-04 
-3.327309e-03 
-3.579828e-02 
-9.182030e-01 
-9.542486e-01 
-9.542486e-01 
-9.542486e-01 
-9.542486e-01 
-9.542486e-01 
-9.542486e-01 
-9.542486e-01 
-9.542485e-01 
-9.542409e-01 
-9.542356e-01 
-9.542337e-01 
-9.542328e-01 
-9.542328e-01 
-9.542328e-01 
-9.542328e-01 
-9.542328e-01 
-9.542328e-01 
-9.542328e-01 
-9.542328e-01 
-6.598934e-01 
-1.486597e-03 
1.655835e-05 
5.750916e-06 
1.600831e-05 
1.600784e-05 
1.600784e-05 
1.600784e-05 
1.600784e-05 
1.600784e-05 
1.600784e-05 
1.600784e-05 
1.678018e-05 
1.913960e-05 
1.796765e-05 
-2.911574e-04 
-4.816564e-04 
-4.816566e-04 
-4.816566e-04 
-4.816566e-04 
-4.816566e-04 
-4.816566e-04 
-4.816566e-04 
-4.817706e-04 
-1.182077e-03 
-5.297075e-03 
-9.919203e-02 
-9.541711e-01 
-9.542486e-01 
-9.542486e-01 
-9.542486e-01 
-9.542486e-01 
-9.542486e-01 
-9.542486e-01 
-9.542486e-01 
-9.542478e-01 
-9.542385e-01 
-9.542350e-01 
-9.542334e-01 
-9.542328e-01 
-9.542328e-01 
-9.542328e-01 
-9.542328e-01 
-9.542328e-01 
-9.542328e-01 
-9.542328e-01 
-9.542328e-01 
-3.788502e-01 
8.311843e-06 
1.143243e-05 
4.229710e-06 
3.203695e-06 
3.203695e-06 
3.203695e-06 
3.203695e-06 
3.203695e-06 
3.203695e-06 
3.203695e-06 
3.203695e-06 
4.831740e-06 
1.148104e-05 
6.743448e-05 
5.259709e-04 
5.387043e-04 
5.387043e-04 
5.387043e-04 
5.387043e-04 
5.387043e-04 
5.387043e-04 
5.387043e-04 
6.241871e-04 
1.685855e-03 
9.394829e-03 
3.241332e-01 
9.542485e-01 
9.542487e-01 
9.542487e-01 
9.542487e-01 
9.542487e-01 
9.542487e-01 
9.542487e-01 
9.542487e-01 
9.542468e-01 
9.542391e-01 
9.542352e-01 
9.542335e-01 
9.542332e-01 
9.542332e-01 
9.542332e-01 
9.542332e-01 
9.542332e-01 
9.542332e-01 
9.542332e-01 
9.542332e-01 
1.258157e-01 
4.164999e-05 
8.289971e-06 
1.565390e-05 
1.600784e-05 
1.600784e-05 
1.600784e-05 
1.600784e-05 
1.600784e-05 
1.600784e-05 
1.600784e-05 
1.607280e-05 
1.784850e-05 
2.045709e-05 
-3.194419e-05 
-4.810333e-04 
-4.816566e-04 
-4.816566e-04 
-4.816566e-04 
-4.816566e-04 
-4.816566e-04 
-4.816566e-04 
-4.816566e-04 
-7.068763e-04 
-2.338330e-03 
-1.772627e-02 
-6.911879e-01 
-9.542486e-01 
-9.542486e-01 
-9.542486e-01 
-9.542486e-01 
-9.542486e-01 
-9.542486e-01 
-9.542486e-01 
-9.542486e-01 
-9.542436e-01 
-9.542362e-01 
-9.542341e-01 
-9.542329e-01 
-9.542328e-01 
-9.542328e-01 
-9.542328e-01 
-9.542328e-01 
-9.542328e-01 
-9.542328e-01 
-9.542328e-01 
-8.722376e-01 
-1.682911e-02 
2.397320e-05 
6.296572e-06 
1.600539e-05 
1.600784e-05 
1.600784e-05 
1.600784e-05 
1.600784e-05 
1.600784e-05 
1.600784e-05 
1.600784e-05 
1.640900e-05 
1.850763e-05 
2.024819e-05 
-1.401157e-04 
-4.816482e-04 
-4.816566e-04 
-4.816566e-04 
-4.816566e-04 
-4.816566e-04 
-4.816566e-04 
-4.816566e-04 
-4.816566e-04 
-9.191247e-04 
-3.524470e-03 
-4.038777e-02 
-9.380263e-01 
-9.542486e-01 
-9.542486e-01 
-9.542486e-01 
-9.542486e-01 
-9.542486e-01 
-9.542486e-01 
-9.542486e-01 
-9.542485e-01 
-9.542405e-01 
-9.542355e-01 
-9.542337e-01 
-9.542328e-01 
-9.542328e-01 
-9.542328e-01 
-9.542328e-01 
-9.542328e-01 
-9.542328e-01 
-9.542328e-01 
-9.542328e-01 
-6.240637e-01 
-9.633749e-04 
1.571653e-05 
6.076461e-06 
1.600817e-05 
1.600784e-05 
1.600784e-05 
1.600784e-05 
1.600784e-05 
1.600784e-05 
1.600784e-05 
1.600784e-05 
1.684128e-05 
1.923900e-05 
1.725481e-05 
-3.170379e-04 
-4.816565e-04 
-4.816566e-04 
-4.816566e-04 
-4.816566e-04 
-4.816566e-04 
-4.816566e-04 
-4.816566e-04 
-4.842772e-04 
-1.230892e-03 
-5.664760e-03 
-1.156220e-01 
-9.542142e-01 
-9.542486e-01 
-9.542486e-01 
-9.542486e-01 
-9.542486e-01 
-9.542486e-01 
-9.542486e-01 
-9.542486e-01 
-9.542476e-01 
-9.542382e-01 
-9.542349e-01 
-9.542334e-01 
-9.542328e-01 
-9.542328e-01 
-9.542328e-01 
-9.542328e-01 
-9.542328e-01 
-9.542328e-01 
-9.542328e-01 
-9.542328e-01 
-3.411280e-01 
2.614684e-05 
1.092806e-05 
4.024630e-06 
3.203695e-06 
3.203695e-06 
3.203695e-06 
3.203695e-06 
3.203695e-06 
3.203695e-06 
3.203695e-06 
3.203695e-06 
4.941385e-06 
1.194826e-05 
7.407474e-05 
5.305021e-04 
5.387043e-04 
5.387043e-04 
5.387043e-04 
5.387043e-04 
5.387043e-04 
5.387043e-04 
5.387043e-04 
6.423641e-04 
1.762957e-03 
1.017401e-02 
3.717137e-01 
9.542486e-01 
9.542487e-01 
9.542487e-01 
9.542487e-01 
9.542487e-01 
9.542487e-01 
9.542487e-01 
9.542487e-01 
9.542466e-01 
9.542389e-01 
9.542351e-01 
9.542335e-01 
9.542332e-01 
9.542332e-01 
9.542332e-01 
9.542332e-01 
9.542332e-01 
9.542332e-01 
9.542332e-01 
9.542332e-01 
1.020297e-01 
3.813061e-05 
7.971255e-06 
1.577346e-05 
1.600784e-05 
1.600784e-05 
1.600784e-05 
1.600784e-05 
1.600784e-05 
1.600784e-05 
1.600784e-05 
1.610564e-05 
1.793080e-05 
2.049654e-05 
-4.147116e-05 
-4.812962e-04 
-4.816566e-04 
-4.816566e-04 
-4.816566e-04 
-4.816566e-04 
-4.816566e-04 
-4.816566e-04 
-4.816566e-04 
-7.307114e-04 
-2.461039e-03 
-1.955521e-02 
-7.331118e-01 
-9.542486e-01 
-9.542486e-01 
-9.542486e-01 
-9.542486e-01 
-9.542486e-01 
-9.542486e-01 
-9.542486e-01 
-9.542486e-01 
-9.542432e-01 
-9.542361e-01 
-9.542340e-01 
-9.542329e-01 
-9.542328e-01 
-9.542328e-01 
-9.542328e-01 
-9.542328e-01 
-9.542328e-01 
-9.542328e-01 
-9.542328e-01 
-8.437278e-01 
-1.210600e-02 
2.258642e-05 
6.102897e-06 
1.600775e-05 
1.600784e-05 
1.600784e-05 
1.600784e-05 
1.600784e-05 
1.600784e-05 
1.600784e-05 
1.600784e-05 
1.646224e-05 
1.860085e-05 
2.008653e-05 
-1.604221e-04 
-4.816520e-04 
-4.816566e-04 
-4.816566e-04 
-4.816566e-04 
-4.816566e-04 
-4.816566e-04 
-4.816566e-04 
-4.816566e-04 
-9.536159e-04 
-3.737476e-03 
-4.575209e-02 
-9.470688e-01 
-9.542486e-01 
-9.542486e-01 
-9.542486e-01 
-9.542486e-01 
-9.542486e-01 
-9.542486e-01 
-9.542486e-01 
-9.542485e-01 
-9.542401e-01 
-9.542354e-01 
-9.542337e-01 
-9.542328e-01 
-9.542328e-01 
-9.542328e-01 
-9.542328e-01 
-9.542328e-01 
-9.542328e-01 
-9.542328e-01 
-9.542328e-01 
-5.876861e-01 
-6.082404e-04 
1.493284e-05 
5.110106e-06 
3.203691e-06 
3.203695e-06 
3.203695e-06 
3.203695e-06 
3.203695e-06 
3.203695e-06 
3.203695e-06 
3.203695e-06 
4.293249e-06 
9.342260e-06 
4.211982e-05 
4.597651e-04 
5.387043e-04 
5.387043e-04 
5.387043e-04 
5.387043e-04 
5.387043e-04 
5.387043e-04 
5.387043e-04 
5.479064e-04 
1.336528e-03 
6.235262e-03 
1.368339e-01 
9.542335e-01 
9.542487e-01 
9.542487e-01 
9.542487e-01 
9.542487e-01 
9.542487e-01 
9.542487e-01 
9.542487e-01 
9.542478e-01 
9.542404e-01 
9.542357e-01 
9.542338e-01 
9.542332e-01 
9.542332e-01 
9.542332e-01 
9.542332e-01 
9.542332e-01 
9.542332e-01 
9.542332e-01 
9.542332e-01 
3.045511e-01 
8.925671e-05 
1.045486e-05 
1.430915e-05 
1.600785e-05 
1.600784e-05 
1.600784e-05 
1.600784e-05 
1.600784e-05 
1.600784e-05 
1.600784e-05 
1.600785e-05 
1.741806e-05 
2.006595e-05 
1.120174e-06 
-4.711716e-04 
-4.816566e-04 
-4.816566e-04 
-4.816566e-04 
-4.816566e-04 
-4.816566e-04 
-4.816566e-04 
-4.816566e-04 
-5.928006e-04 
-1.785791e-03 
-1.076709e-02 
-4.206037e-01 
-9.542485e-01 
-9.542486e-01 
-9.542486e-01 
-9.542486e-01 
-9.542486e-01 
-9.542486e-01 
-9.542486e-01 
-9.542486e-01 
-9.542456e-01 
-9.542369e-01 
-9.542344e-01 
-9.542331e-01 
-9.542328e-01 
-9.542328e-01 
-9.542328e-01 
-9.542328e-01 
-9.542328e-01 
-9.542328e-01 
-9.542328e-01 
-9.542328e-01 
-8.021250e-02 
3.385527e-05 
7.668457e-06 
3.225617e-06 
3.203695e-06 
3.203695e-06 
3.203695e-06 
3.203695e-06 
3.203695e-06 
3.203695e-06 
3.203695e-06 
3.346354e-06 
6.090452e-06 
1.754951e-05 
1.768281e-04 
5.386153e-04 
5.387043e-04 
5.387043e-04 
5.387043e-04 
5.387043e-04 
5.387043e-04 
5.387043e-04 
5.387043e-04 
8.369951e-04 
2.672967e-03 
2.211851e-02 
7.725871e-01 
9.542487e-01 
9.542487e-01 
9.542487e-01 
9.542487e-01 
9.542487e-01 
9.542487e-01 
9.542487e-01 
9.542487e-01 
9.542445e-01 
9.542374e-01 
9.542345e-01 
9.542332e-01 
9.542332e-01 
9.542332e-01 
9.542332e-01 
9.542332e-01 
9.542332e-01 
9.542332e-01 
9.542332e-01 
8.133872e-01 
9.211979e-03 
2.132808e-05 
5.929467e-06 
1.600868e-05 
1.600784e-05 
1.600784e-05 
1.600784e-05 
1.600784e-05 
1.600784e-05 
1.600784e-05 
1.600784e-05 
1.651670e-05 
1.869532e-05 
1.987423e-05 
-1.818622e-04 
-4.816540e-04 
-4.816566e-04 
-4.816566e-04 
-4.816566e-04 
-4.816566e-04 
-4.816566e-04 
-4.816566e-04 
-4.816566e-04 
-9.899203e-04 
-3.967937e-03 
-5.204960e-02 
-9.510701e-01 
-9.542486e-01 
-9.542486e-01 
-9.542486e-01 
-9.542486e-01 
-9.542486e-01 
-9.542486e-01 
-9.542486e-01 
-9.542484e-01 
-9.542397e-01 
-9.542354e-01 
-9.542336e-01 
-9.542328e-01 
-9.542328e-01 
-9.542328e-01 
-9.542328e-01 
-9.542328e-01 
-9.542328e-01 
-9.542328e-01 
-9.542328e-01 
-5.508307e-01 
-3.705058e-04 
1.420254e-05 
7.578783e-06 
1.600798e-05 
1.600784e-05 
1.600784e-05 
1.600784e-05 
1.600784e-05 
1.600784e-05 
1.600784e-05 
1.600784e-05 
1.696724e-05 
1.943845e-05 
1.535130e-05 
-3.696376e-04 
-4.816566e-04 
-4.816566e-04 
-4.816566e-04 
-4.816566e-04 
-4.816566e-04 
-4.816566e-04 
-4.816566e-04 
-4.982043e-04 
-1.337048e-03 
-6.507724e-03 
-1.585762e-01 
-9.542418e-01 
-9.542486e-01 
-9.542486e-01 
-9.542486e-01 
-9.542486e-01 
-9.542486e-01 
-9.542486e-01 
-9.542486e-01 
-9.542472e-01 
-9.542378e-01 
-9.542348e-01 
-9.542333e-01 
-9.542328e-01 
-9.542328e-01 
-9.542328e-01 
-9.542328e-01 
-9.542328e-01 
-9.542328e-01 
-9.542328e-01 
-9.542328e-01 
-2.675218e-01 
4.071635e-05 
1.000962e-05 
3.671947e-06 
3.203695e-06 
3.203695e-06 
3.203695e-06 
3.203695e-06 
3.203695e-06 
3.203695e-06 
3.203695e-06 
3.204293e-06 
5.174258e-06 
1.297772e-05 
9.009007e-05 
5.355375e-04 
5.387043e-04 
5.387043e-04 
5.387043e-04 
5.387043e-04 
5.387043e-04 
5.387043e-04 
5.387043e-04 
6.815285e-04 
1.932541e-03 
1.200580e-02 
4.726860e-01 
9.542487e-01 
9.542487e-01 
9.542487e-01 
9.542487e-01 
9.542487e-01 
9.542487e-01 
9.542487e-01 
9.542487e-01 
9.542461e-01 
9.542385e-01 
9.542350e-01 
9.542334e-01 
9.542332e-01 
9.542332e-01 
9.542332e-01 
9.542332e-01 
9.542332e-01 
9.542332e-01 
9.542332e-01 
9.542332e-01 
6.393850e-02 
3.259210e-05 
7.387308e-06 
1.591998e-05 
1.600784e-05 
1.600784e-05 
1.600784e-05 
1.600784e-05 
1.600784e-05 
1.600784e-05 
1.600784e-05 
1.618588e-05 
1.809990e-05 
2.052967e-05 
-6.475616e-05 
-4.815390e-04 
-4.816566e-04 
-4.816566e-04 
-4.816566e-04 
-4.816566e-04 
-4.816566e-04 
-4.816566e-04 
-4.816566e-04 
-7.819052e-04 
-2.733462e-03 
-2.401437e-02 
-8.094138e-01 
-9.542486e-01 
-9.542486e-01 
-9.542486e-01 
-9.542486e-01 
-9.542486e-01 
-9.542486e-01 
-9.542486e-01 
-9.542486e-01 
-9.542424e-01 
-9.542359e-01 
-9.542339e-01 
-9.542328e-01 
-9.542328e-01 
-9.542328e-01 
-9.542328e-01 
-9.542328e-01 
-9.542328e-01 
-9.542328e-01 
-9.542328e-01 
-7.815652e-01 
-6.006223e-03 
2.011849e-05 
5.782006e-06 
1.600889e-05 
1.600784e-05 
1.600784e-05 
1.600784e-05 
1.600784e-05 
1.600784e-05 
1.600784e-05 
1.600784e-05 
1.657235e-05 
1.879098e-05 
1.960226e-05 
-2.043218e-04 
-4.816552e-04 
-4.816566e-04 
-4.816566e-04 
-4.816566e-04 
-4.816566e-04 
-4.816566e-04 
-4.816566e-04 
-4.816566e-04 
-1.028156e-03 
-4.217660e-03 
-5.947451e-02 
-9.528410e-01 
-9.542486e-01 
-9.542486e-01 
-9.542486e-01 
-9.542486e-01 
-9.542486e-01 
-9.542486e-01 
-9.542486e-01 
-9.542483e-01 
-9.542394e-01 
-9.542353e-01 
-9.542336e-01 
-9.542328e-01 
-9.542328e-01 
-9.542328e-01 
-9.542328e-01 
-9.542328e-01 
-9.542328e-01 
-9.542328e-01 
-9.542328e-01 
-5.135644e-01 
-2.136860e-04 
1.352096e-05 
8.720435e-06 
1.600793e-05 
1.600784e-05 
1.600784e-05 
1.600784e-05 
1.600784e-05 
1.600784e-05 
1.600784e-05 
1.600784e-05 
1.703216e-05 
1.953791e-05 
1.410060e-05 
-3.948372e-04 
-4.816566e-04 
-4.816566e-04 
-4.816566e-04 
-4.816566e-04 
-4.816566e-04 
-4.816566e-04 
-4.816566e-04 
-5.087508e-04 
-1.394794e-03 
-6.991746e-03 
-1.861598e-01 
-9.542456e-01 
-9.542486e-01 
-9.542486e-01 
-9.542486e-01 
-9.542486e-01 
-9.542486e-01 
-9.542486e-01 
-9.542486e-01 
-9.542470e-01 
-9.542377e-01 
-9.542347e-01 
-9.542333e-01 
-9.542328e-01 
-9.542328e-01 
-9.542328e-01 
-9.542328e-01 
-9.542328e-01 
-9.542328e-01 
-9.542328e-01 
-9.542328e-01 
-2.324202e-01 
4.238452e-05 
9.591626e-06 
1.498399e-05 
1.600785e-05 
1.600784e-05 
1.600784e-05 
1.600784e-05 
1.600784e-05 
1.600784e-05 
1.600784e-05 
1.601145e-05 
1.756754e-05 
2.023151e-05 
-7.544355e-06 
-4.776454e-04 
-4.816566e-04 
-4.816566e-04 
-4.816566e-04 
-4.816566e-04 
-4.816566e-04 
-4.816566e-04 
-4.816566e-04 
-6.304465e-04 
-1.962093e-03 
-1.277038e-02 
-5.229181e-01 
-9.542485e-01 
-9.542486e-01 
-9.542486e-01 
-9.542486e-01 
-9.542486e-01 
-9.542486e-01 
-9.542486e-01 
-9.542486e-01 
-9.542450e-01 
-9.542366e-01 
-9.542343e-01 
-9.542330e-01 
-9.542328e-01 
-9.542328e-01 
-9.542328e-01 
-9.542328e-01 
-9.542328e-01 
-9.542328e-01 
-9.542328e-01 
-9.479752e-01 
-4.834493e-02 
2.987553e-05 
7.115925e-06 
3.210553e-06 
3.203695e-06 
3.203695e-06 
3.203695e-06 
3.203695e-06 
3.203695e-06 
3.203695e-06 
3.203695e-06 
3.443413e-06 
6.426284e-06 
1.944930e-05 
2.141485e-04 
5.386768e-04 
5.387043e-04 
5.387043e-04 
5.387043e-04 
5.387043e-04 
5.387043e-04 
5.387043e-04 
5.387043e-04 
8.933831e-04 
2.973160e-03 
2.730949e-02 
8.436785e-01 
9.542487e-01 
9.542487e-01 
9.542487e-01 
9.542487e-01 
9.542487e-01 
9.542487e-01 
9.542487e-01 
9.542487e-01 
9.542439e-01 
9.542371e-01 
9.542344e-01 
9.542332e-01 
9.542332e-01 
9.542332e-01 
9.542332e-01 
9.542332e-01 
9.542332e-01 
9.542332e-01 
9.542332e-01 
7.485731e-01 
4.625986e-03 
1.902860e-05 
5.553945e-06 
3.203711e-06 
3.203695e-06 
3.203695e-06 
3.203695e-06 
3.203695e-06 
3.203695e-06 
3.203695e-06 
3.203695e-06 
3.927056e-06 
8.028212e-06 
3.041090e-05 
3.720409e-04 
5.387040e-04 
5.387043e-04 
5.387043e-04 
5.387043e-04 
5.387043e-04 
5.387043e-04 
5.387043e-04 
5.387043e-04 
1.136451e-03 
4.618509e-03 
6.937944e-02 
9.536253e-01 
9.542487e-01 
9.542487e-01 
9.542487e-01 
9.542487e-01 
9.542487e-01 
9.542487e-01 
9.542487e-01 
9.542484e-01 
9.542417e-01 
9.542362e-01 
9.542340e-01 
9.542332e-01 
9.542332e-01 
9.542332e-01 
9.542332e-01 
9.542332e-01 
9.542332e-01 
9.542332e-01 
9.542332e-01 
4.761820e-01 
3.072325e-04 
1.288428e-05 
9.981726e-06 
1.600790e-05 
1.600784e-05 
1.600784e-05 
1.600784e-05 
1.600784e-05 
1.600784e-05 
1.600784e-05 
1.600784e-05 
1.709840e-05 
1.963674e-05 
1.260113e-05 
-4.172632e-04 
-4.816566e-04 
-4.816566e-04 
-4.816566e-04 
-4.816566e-04 
-4.816566e-04 
-4.816566e-04 
-4.816566e-04 
-5.210915e-04 
-1.455952e-03 
-7.524362e-03 
-2.184018e-01 
-9.542472e-01 
-9.542486e-01 
-9.542486e-01 
-9.542486e-01 
-9.542486e-01 
-9.542486e-01 
-9.542486e-01 
-9.542486e-01 
-9.542468e-01 
-9.542375e-01 
-9.542347e-01 
-9.542332e-01 
-9.542328e-01 
-9.542328e-01 
-9.542328e-01 
-9.542328e-01 
-9.542328e-01 
-9.542328e-01 
-9.542328e-01 
-9.542328e-01 
-1.990586e-01 
4.220777e-05 
9.197892e-06 
1.520209e-05 
1.600784e-05 
1.600784e-05 
1.600784e-05 
1.600784e-05 
1.600784e-05 
1.600784e-05 
1.600784e-05 
1.601961e-05 
1.764450e-05 
2.030556e-05 
-1.307803e-05 
-4.792381e-04 
-4.816566e-04 
-4.816566e-04 
-4.816566e-04 
-4.816566e-04 
-4.816566e-04 
-4.816566e-04 
-4.816566e-04 
-6.506409e-04 
-2.059008e-03 
-1.395619e-02 
-5.727842e-01 
-9.542486e-01 
-9.542486e-01 
-9.542486e-01 
-9.542486e-01 
-9.542486e-01 
-9.542486e-01 
-9.542486e-01 
-9.542486e-01 
-9.542446e-01 
-9.542365e-01 
-9.542342e-01 
-9.542330e-01 
-9.542328e-01 
-9.542328e-01 
-9.542328e-01 
-9.542328e-01 
-9.542328e-01 
-9.542328e-01 
-9.542328e-01 
-9.326503e-01 
-3.664973e-02 
2.805932e-05 
6.862705e-06 
3.207383e-06 
3.203695e-06 
3.203695e-06 
3.203695e-06 
3.203695e-06 
3.203695e-06 
3.203695e-06 
3.203695e-06 
3.498001e-06 
6.606115e-06 
2.051954e-05 
2.341597e-04 
5.386892e-04 
5.387043e-04 
5.387043e-04 
5.387043e-04 
5.387043e-04 
5.387043e-04 
5.387043e-04 
5.387043e-04 
9.231122e-04 
3.140252e-03 
3.049890e-02 
8.751370e-01 
9.542487e-01 
9.542487e-01 
9.542487e-01 
9.542487e-01 
9.542487e-01 
9.542487e-01 
9.542487e-01 
9.542487e-01 
9.542436e-01 
9.542369e-01 
9.542344e-01 
9.542332e-01 
9.542332e-01 
9.542332e-01 
9.542332e-01 
9.542332e-01 
9.542332e-01 
9.542332e-01 
9.542332e-01 
7.145966e-01 
3.239239e-03 
1.800790e-05 
5.414827e-06 
3.203696e-06 
3.203695e-06 
3.203695e-06 
3.203695e-06 
3.203695e-06 
3.203695e-06 
3.203695e-06 
3.203695e-06 
4.002273e-06 
8.289337e-06 
3.252720e-05 
3.923920e-04 
5.387041e-04 
5.387043e-04 
5.387043e-04 
5.387043e-04 
5.387043e-04 
5.387043e-04 
5.387043e-04 
5.387043e-04 
1.174597e-03 
4.920455e-03 
7.992692e-02 
9.539725e-01 
9.542487e-01 
9.542487e-01 
9.542487e-01 
9.542487e-01 
9.542487e-01 
9.542487e-01 
9.542487e-01 
9.542482e-01 
9.542414e-01 
9.542361e-01 
9.542339e-01 
9.542332e-01 
9.542332e-01 
9.542332e-01 
9.542332e-01 
9.542332e-01 
9.542332e-01 
9.542332e-01 
9.542332e-01 
4.384117e-01 
2.230956e-04 
1.228861e-05 
1.122677e-05 
1.600788e-05 
1.600784e-05 
1.600784e-05 
1.600784e-05 
1.600784e-05 
1.600784e-05 
1.600784e-05 
1.600784e-05 
1.716599e-05 
1.973452e-05 
1.080725e-05 
-4.358092e-04 
-4.816566e-04 
-4.816566e-04 
-4.816566e-04 
-4.816566e-04 
-4.816566e-04 
-4.816566e-04 
-4.816566e-04 
-5.348787e-04 
-1.520770e-03 
-8.111715e-03 
-2.554931e-01 
-9.542480e-01 
-9.542486e-01 
-9.542486e-01 
-9.542486e-01 
-9.542486e-01 
-9.542486e-01 
-9.542486e-01 
-9.542486e-01 
-9.542466e-01 
-9.542374e-01 
-9.542346e-01 
-9.542332e-01 
-9.542328e-01 
-9.542328e-01 
-9.542328e-01 
-9.542328e-01 
-9.542328e-01 
-9.542328e-01 
-9.542328e-01 
-9.542328e-01 
-1.679049e-01 
4.097901e-05 
8.826274e-06 
3.338862e-06 
3.203695e-06 
3.203695e-06 
3.203695e-06 
3.203695e-06 
3.203695e-06 
3.203695e-06 
3.203695e-06 
3.231443e-06 
5.561426e-06 
1.480513e-05 
1.226040e-04 
5.380424e-04 
5.387043e-04 
5.387043e-04 
5.387043e-04 
5.387043e-04 
5.387043e-04 
5.387043e-04 
5.387043e-04 
7.472313e-04 
2.231357e-03 
1.565443e-02 
6.210686e-01 
9.542487e-01 
9.542487e-01 
9.542487e-01 
9.542487e-01 
9.542487e-01 
9.542487e-01 
9.542487e-01 
9.542487e-01 
9.542454e-01 
9.542379e-01 
9.542348e-01 
9.542333e-01 
9.542332e-01 
9.542332e-01 
9.542332e-01 
9.542332e-01 
9.542332e-01 
9.542332e-01 
9.542332e-01 
9.118277e-01 
2.829684e-02 
2.653089e-05 
6.633345e-06 
1.599562e-05 
1.600784e-05 
1.600784e-05 
1.600784e-05 
1.600784e-05 
1.600784e-05 
1.600784e-05 
1.600784e-05 
1.632845e-05 
1.836466e-05 
2.041726e-05 
-1.109337e-04 
-4.816357e-04 
-4.816566e-04 
-4.816566e-04 
-4.816566e-04 
-4.816566e-04 
-4.816566e-04 
-4.816566e-04 
-4.816566e-04 
-8.686035e-04 
-3.222821e-03 
-3.350763e-02 
-9.036000e-01 
-9.542486e-01 
-9.542486e-01 
-9.542486e-01 
-9.542486e-01 
-9.542486e-01 
-9.542486e-01 
-9.542486e-01 
-9.542486e-01 
-9.542411e-01 
-9.542357e-01 
-9.542338e-01 
-9.542328e-01 
-9.542328e-01 
-9.542328e-01 
-9.542328e-01 
-9.542328e-01 
-9.542328e-01 
-9.542328e-01 
-9.542328e-01 
-6.797768e-01 
-1.879879e-03 
1.705949e-05 
5.662000e-06 
1.600841e-05 
1.600784e-05 
1.600784e-05 
1.600784e-05 
1.600784e-05 
1.600784e-05 
1.600784e-05 
1.600784e-05 
1.674635e-05 
1.908390e-05 
1.831149e-05 
-2.768401e-04 
-4.816564e-04 
-4.816566e-04 
-4.816566e-04 
-4.816566e-04 
-4.816566e-04 
-4.816566e-04 
-4.816566e-04 
-4.816566e-04 
-1.155770e-03 
-5.104049e-03 
-9.115699e-02 
-9.541261e-01 
-9.542486e-01 
-9.542486e-01 
-9.542486e-01 
-9.542486e-01 
-9.542486e-01 
-9.542486e-01 
-9.542486e-01 
-9.542479e-01 
-9.542386e-01 
-9.542351e-01 
-9.542334e-01 
-9.542328e-01 
-9.542328e-01 
-9.542328e-01 
-9.542328e-01 
-9.542328e-01 
-9.542328e-01 
-9.542328e-01 
-9.542328e-01 
-4.001759e-01 
-6.867870e-06 
1.173066e-05 
4.357538e-06 
3.203695e-06 
3.203695e-06 
3.203695e-06 
3.203695e-06 
3.203695e-06 
3.203695e-06 
3.203695e-06 
3.203695e-06 
4.771932e-06 
1.123081e-05 
6.404365e-05 
5.225970e-04 
5.387043e-04 
5.387043e-04 
5.387043e-04 
5.387043e-04 
5.387043e-04 
5.387043e-04 
5.387043e-04 
6.144040e-04 
1.644569e-03 
8.990783e-03 
2.988594e-01 
9.542484e-01 
9.542487e-01 
9.542487e-01 
9.542487e-01 
9.542487e-01 
9.542487e-01 
9.542487e-01 
9.542487e-01 
9.542469e-01 
9.542392e-01 
9.542353e-01 
9.542336e-01 
9.542332e-01 
9.542332e-01 
9.542332e-01 
9.542332e-01 
9.542332e-01 
9.542332e-01 
9.542332e-01 
9.542332e-01 
1.405517e-01 
4.394490e-05 
8.477654e-06 
1.557151e-05 
1.600784e-05 
1.600784e-05 
1.600784e-05 
1.600784e-05 
1.600784e-05 
1.600784e-05 
1.600784e-05 
1.605708e-05 
1.780287e-05 
2.042946e-05 
-2.715440e-05 
-4.808119e-04 
-4.816566e-04 
-4.816566e-04 
-4.816566e-04 
-4.816566e-04 
-4.816566e-04 
-4.816566e-04 
-4.816566e-04 
-6.939515e-04 
-2.272874e-03 
-1.679458e-02 
-6.665180e-01 
-9.542486e-01 
-9.542486e-01 
-9.542486e-01 
-9.542486e-01 
-9.542486e-01 
-9.542486e-01 
-9.542486e-01 
-9.542486e-01 
-9.542439e-01 
-9.542363e-01 
-9.542341e-01 
-9.542329e-01 
-9.542328e-01 
-9.542328e-01 
-9.542328e-01 
-9.542328e-01 
-9.542328e-01 
-9.542328e-01 
-9.542328e-01 
-8.872853e-01 
-2.012917e-02 
2.480242e-05 
6.399373e-06 
3.204677e-06 
3.203695e-06 
3.203695e-06 
3.203695e-06 
3.203695e-06 
3.203695e-06 
3.203695e-06 
3.203695e-06 
3.616658e-06 
6.992185e-06 
2.294747e-05 
2.758173e-04 
5.386998e-04 
5.387043e-04 
5.387043e-04 
5.387043e-04 
5.387043e-04 
5.387043e-04 
5.387043e-04 
5.387043e-04 
9.848326e-04 
3.513960e-03 
3.845793e-02 
9.286051e-01 
9.542487e-01 
9.542487e-01 
9.542487e-01 
9.542487e-01 
9.542487e-01 
9.542487e-01 
9.542487e-01 
9.542487e-01 
9.542431e-01 
9.542367e-01 
9.542342e-01 
9.542332e-01 
9.542332e-01 
9.542332e-01 
9.542332e-01 
9.542332e-01 
9.542332e-01 
9.542332e-01 
9.542332e-01 
6.443394e-01 
1.564031e-03 
1.618404e-05 
5.863562e-06 
1.600824e-05 
1.600784e-05 
1.600784e-05 
1.600784e-05 
1.600784e-05 
1.600784e-05 
1.600784e-05 
1.600784e-05 
1.680676e-05 
1.918303e-05 
1.767269e-05 
-3.024185e-04 
-4.816565e-04 
-4.816566e-04 
-4.816566e-04 
-4.816566e-04 
-4.816566e-04 
-4.816566e-04 
-4.816566e-04 
-4.824631e-04 
-1.203103e-03 
-5.453927e-03 
-1.060217e-01 
-9.541943e-01 
-9.542486e-01 
-9.542486e-01 
-9.542486e-01 
-9.542486e-01 
-9.542486e-01 
-9.542486e-01 
-9.542486e-01 
-9.542477e-01 
-9.542384e-01 
-9.542350e-01 
-9.542334e-01 
-9.542328e-01 
-9.542328e-01 
-9.542328e-01 
-9.542328e-01 
-9.542328e-01 
-9.542328e-01 
-9.542328e-01 
-9.542328e-01 
-3.623066e-01 
1.735002e-05 
1.120804e-05 
1.327658e-05 
1.600786e-05 
1.600784e-05 
1.600784e-05 
1.600784e-05 
1.600784e-05 
1.600784e-05 
1.600784e-05 
1.600784e-05 
1.730530e-05 
1.992482e-05 
6.111757e-06 
-4.607274e-04 
-4.816566e-04 
-4.816566e-04 
-4.816566e-04 
-4.816566e-04 
-4.816566e-04 
-4.816566e-04 
-4.816566e-04 
-5.658882e-04 
-1.662504e-03 
-9.480078e-03 
-3.431650e-01 
-9.542484e-01 
-9.542486e-01 
-9.542486e-01 
-9.542486e-01 
-9.542486e-01 
-9.542486e-01 
-9.542486e-01 
-9.542486e-01 
-9.542461e-01 
-9.542371e-01 
-9.542345e-01 
-9.542331e-01 
-9.542328e-01 
-9.542328e-01 
-9.542328e-01 
-9.542328e-01 
-9.542328e-01 
-9.542328e-01 
-9.542328e-01 
-9.542328e-01 
-1.138162e-01 
3.715188e-05 
8.146818e-06 
3.254277e-06 
3.203695e-06 
3.203695e-06 
3.203695e-06 
3.203695e-06 
3.203695e-06 
3.203695e-06 
3.203695e-06 
3.285173e-06 
5.848262e-06 
1.625648e-05 
1.509286e-04 
5.384863e-04 
5.387043e-04 
5.387043e-04 
5.387043e-04 
5.387043e-04 
5.387043e-04 
5.387043e-04 
5.387043e-04 
7.959678e-04 
2.466045e-03 
1.892302e-02 
7.099523e-01 
9.542487e-01 
9.542487e-01 
9.542487e-01 
9.542487e-01 
9.542487e-01 
9.542487e-01 
9.542487e-01 
9.542487e-01 
9.542449e-01 
9.542376e-01 
9.542346e-01 
9.542332e-01 
9.542332e-01 
9.542332e-01 
9.542332e-01 
9.542332e-01 
9.542332e-01 
9.542332e-01 
9.542332e-01 
8.600219e-01 
1.535025e-02 
2.340854e-05 
6.209584e-06 
1.600667e-05 
1.600784e-05 
1.600784e-05 
1.600784e-05 
1.600784e-05 
1.600784e-05 
1.600784e-05 
1.600784e-05 
1.643214e-05 
1.854825e-05 
2.018318e-05 
-1.488524e-04 
-4.816501e-04 
-4.816566e-04 
-4.816566e-04 
-4.816566e-04 
-4.816566e-04 
-4.816566e-04 
-4.816566e-04 
-4.816566e-04 
-9.339983e-04 
-3.615617e-03 
-4.263065e-02 
-9.428992e-01 
-9.542486e-01 
-9.542486e-01 
-9.542486e-01 
-9.542486e-01 
-9.542486e-01 
-9.542486e-01 
-9.542486e-01 
-9.542485e-01 
-9.542403e-01 
-9.542355e-01 
-9.542337e-01 
-9.542328e-01 
-9.542328e-01 
-9.542328e-01 
-9.542328e-01 
-9.542328e-01 
-9.542328e-01 
-9.542328e-01 
-9.542328e-01 
-6.082121e-01 
-7.906893e-04 
0.000000e+00 
0.000000e+00 
0.000000e+00 
0.000000e+00 
0.000000e+00 
0.000000e+00 
0.000000e+00 
0.000000e+00
#[#TRACE_DATA]
#[#TRACE]
