#[TRACE]
#data_labels=Output
#[TRACE_DATA]
-5.066223e-03 
-6.332784e-03 
-8.304469e-03 
-1.117699e-02 
-1.551832e-02 
-2.237428e-02 
-3.378690e-02 
-5.398006e-02 
-9.190815e-02 
-1.641827e-01 
-2.846854e-01 
-4.356372e-01 
-5.881311e-01 
-7.298449e-01 
-8.538521e-01 
-9.485806e-01 
-9.542486e-01 
-9.542486e-01 
-9.542486e-01 
-9.542486e-01 
-9.542486e-01 
-9.542486e-01 
-9.542486e-01 
-9.542486e-01 
-9.542486e-01 
-9.542486e-01 
-9.542486e-01 
-9.542486e-01 
-9.542486e-01 
-9.542486e-01 
-9.542486e-01 
-9.542486e-01 
-9.542486e-01 
-9.542486e-01 
-9.542486e-01 
-9.542486e-01 
-9.542486e-01 
-9.542486e-01 
-9.542486e-01 
-9.542486e-01 
-9.542486e-01 
-9.542486e-01 
-9.542486e-01 
-9.542486e-01 
-9.542486e-01 
-9.542486e-01 
-9.542486e-01 
-9.542486e-01 
-9.542486e-01 
-9.542486e-01 
-9.542486e-01 
-9.542486e-01 
-9.542486e-01 
-9.542486e-01 
-9.542486e-01 
-9.542486e-01 
-9.542486e-01 
-9.542486e-01 
-9.542486e-01 
-9.542486e-01 
-9.542486e-01 
-9.542486e-01 
-9.542486e-01 
-9.542486e-01 
-9.542486e-01 
-9.542486e-01 
-9.542486e-01 
-9.542486e-01 
-9.542486e-01 
-9.542486e-01 
-9.542486e-01 
-9.542486e-01 
-9.542486e-01 
-9.542486e-01 
-9.542486e-01 
-9.542486e-01 
-9.542486e-01 
-9.542486e-01 
-9.542486e-01 
-9.542484e-01 
-9.542479e-01 
-9.542472e-01 
-9.542463e-01 
-9.542450e-01 
-9.542431e-01 
-9.542407e-01 
-9.542396e-01 
-9.542389e-01 
-9.542382e-01 
-9.542377e-01 
-9.542372e-01 
-9.542367e-01 
-9.542363e-01 
-9.542360e-01 
-9.542356e-01 
-9.542353e-01 
-9.542350e-01 
-9.542348e-01 
-9.542345e-01 
-9.542343e-01 
-9.542341e-01 
-9.542339e-01 
-9.542338e-01 
-9.542336e-01 
-9.542334e-01 
-9.542333e-01 
-9.542332e-01 
-9.542330e-01 
-9.542329e-01 
-9.542328e-01 
-9.542328e-01 
-9.542328e-01 
-9.542328e-01 
-9.542328e-01 
-9.542328e-01 
-9.542328e-01 
-9.542328e-01 
-9.542328e-01 
-9.542328e-01 
-9.542328e-01 
-9.542328e-01 
-9.542328e-01 
-9.542328e-01 
-9.542328e-01 
-9.542328e-01 
-9.542328e-01 
-9.542328e-01 
-9.542328e-01 
-9.542328e-01 
-9.542328e-01 
-9.542328e-01 
-9.542328e-01 
-9.542328e-01 
-9.542328e-01 
-9.542328e-01 
-9.542328e-01 
-9.542328e-01 
-9.542328e-01 
-9.542328e-01 
-9.542328e-01 
-9.542328e-01 
-9.542328e-01 
-9.542328e-01 
-9.542328e-01 
-9.542328e-01 
-9.542328e-01 
-9.542328e-01 
-9.542328e-01 
-9.542328e-01 
-9.542328e-01 
-9.542328e-01 
-9.542328e-01 
-9.542328e-01 
-9.542328e-01 
-9.542328e-01 
-9.542328e-01 
-9.542328e-01 
-9.542328e-01 
-9.542328e-01 
-9.542328e-01 
-9.542328e-01 
-9.542328e-01 
-9.542328e-01 
-9.542328e-01 
-9.542328e-01 
-9.542328e-01 
-9.542328e-01 
-9.542328e-01 
-9.542328e-01 
-9.542328e-01 
-9.542328e-01 
-9.542328e-01 
-9.513984e-01 
-8.594722e-01 
-7.375325e-01 
-5.956590e-01 
-4.317364e-01 
-2.304035e-01 
-3.556584e-02 
4.858117e-04 
4.589866e-04 
2.554849e-04 
1.592545e-04 
1.067751e-04 
7.543983e-05 
5.550384e-05 
4.220628e-05 
3.300971e-05 
2.647214e-05 
2.173455e-05 
1.826965e-05 
1.575322e-05 
1.399943e-05 
1.293578e-05 
1.260427e-05 
1.313744e-05 
1.449588e-05 
1.606505e-05 
1.726323e-05 
1.808665e-05 
1.873122e-05 
1.933013e-05 
1.979687e-05 
1.999079e-05 
1.999079e-05 
1.999079e-05 
1.999079e-05 
1.999079e-05 
1.999079e-05 
1.999079e-05 
1.999079e-05 
1.999079e-05 
1.999079e-05 
1.999079e-05 
1.999079e-05 
1.999079e-05 
1.999079e-05 
1.999079e-05 
1.999079e-05 
1.999079e-05 
1.999079e-05 
1.999079e-05 
1.999079e-05 
1.999079e-05 
1.999079e-05 
1.999079e-05 
1.999079e-05 
1.999079e-05 
1.999079e-05 
1.999079e-05 
1.999079e-05 
1.999079e-05 
1.999079e-05 
1.999079e-05 
1.999079e-05 
1.999079e-05 
1.999079e-05 
1.999079e-05 
1.999079e-05 
1.999079e-05 
1.999079e-05 
1.999079e-05 
1.999079e-05 
1.999079e-05 
1.999079e-05 
1.999079e-05 
1.999079e-05 
1.999079e-05 
1.999079e-05 
1.999079e-05 
1.999079e-05 
1.999079e-05 
1.999079e-05 
1.999079e-05 
1.999079e-05 
1.999079e-05 
1.999079e-05 
1.999079e-05 
1.999079e-05 
1.999079e-05 
1.999079e-05 
1.999079e-05 
1.999079e-05 
1.999079e-05 
1.999079e-05 
1.999079e-05 
2.005233e-05 
2.021623e-05 
2.039236e-05 
2.058165e-05 
2.078506e-05 
2.100348e-05 
2.123780e-05 
2.148890e-05 
2.175758e-05 
2.204390e-05 
2.234640e-05 
2.266161e-05 
2.298271e-05 
2.329731e-05 
2.358352e-05 
2.380316e-05 
2.388955e-05 
2.372501e-05 
2.309820e-05 
2.162079e-05 
1.856116e-05 
1.251594e-05 
8.265695e-07 
-2.102338e-05 
-5.822472e-05 
-1.114761e-04 
-1.757075e-04 
-2.479779e-04 
-3.298953e-04 
-4.208511e-04 
-4.790744e-04 
-4.790977e-04 
-4.790977e-04 
-4.790977e-04 
-4.790977e-04 
-4.790977e-04 
-4.790977e-04 
-4.790977e-04 
-4.790977e-04 
-4.790977e-04 
-4.790977e-04 
-4.790977e-04 
-4.790977e-04 
-4.790977e-04 
-4.790977e-04 
-4.790977e-04 
-4.790977e-04 
-4.790977e-04 
-4.790977e-04 
-4.790977e-04 
-4.790977e-04 
-4.790977e-04 
-4.790977e-04 
-4.790977e-04 
-4.790977e-04 
-4.790977e-04 
-4.790977e-04 
-4.790977e-04 
-4.790977e-04 
-4.790977e-04 
-4.790977e-04 
-4.790977e-04 
-4.790977e-04 
-4.790977e-04 
-4.790977e-04 
-4.790977e-04 
-4.790977e-04 
-4.790977e-04 
-4.790977e-04 
-4.790977e-04 
-4.790977e-04 
-4.790977e-04 
-4.790977e-04 
-4.790977e-04 
-4.790977e-04 
-4.790977e-04 
-4.790977e-04 
-4.790977e-04 
-4.790977e-04 
-4.790977e-04 
-4.790977e-04 
-4.790977e-04 
-4.790977e-04 
-4.790977e-04 
-4.790977e-04 
-4.790977e-04 
-4.790977e-04 
-4.790977e-04 
-4.790977e-04 
-4.790977e-04 
-4.790977e-04 
-4.790977e-04 
-4.790977e-04 
-4.809959e-04 
-5.337106e-04 
-5.967766e-04 
-6.707789e-04 
-7.582420e-04 
-8.624369e-04 
-9.875486e-04 
-1.138796e-03 
-1.322724e-03 
-1.548299e-03 
-1.828270e-03 
-2.180460e-03 
-2.629971e-03 
-3.212882e-03 
-3.982305e-03 
-5.018509e-03 
-6.446460e-03 
-8.467427e-03 
-1.141855e-02 
-1.589098e-02 
-2.297741e-02 
-3.482018e-02 
-5.586573e-02 
-9.552498e-02 
-1.708650e-01 
-2.944318e-01 
-4.462362e-01 
-5.982397e-01 
-7.389808e-01 
-8.614361e-01 
-9.528597e-01 
-9.542486e-01 
-9.542486e-01 
-9.542486e-01 
-9.542486e-01 
-9.542486e-01 
-9.542486e-01 
-9.542486e-01 
-9.542486e-01 
-9.542486e-01 
-9.542486e-01 
-9.542486e-01 
-9.542486e-01 
-9.542486e-01 
-9.542486e-01 
-9.542486e-01 
-9.542486e-01 
-9.542486e-01 
-9.542486e-01 
-9.542486e-01 
-9.542486e-01 
-9.542486e-01 
-9.542486e-01 
-9.542486e-01 
-9.542486e-01 
-9.542486e-01 
-9.542486e-01 
-9.542486e-01 
-9.542486e-01 
-9.542486e-01 
-9.542486e-01 
-9.542486e-01 
-9.542486e-01 
-9.542486e-01 
-9.542486e-01 
-9.542486e-01 
-9.542486e-01 
-9.542486e-01 
-9.542486e-01 
-9.542486e-01 
-9.542486e-01 
-9.542486e-01 
-9.542486e-01 
-9.542486e-01 
-9.542486e-01 
-9.542486e-01 
-9.542486e-01 
-9.542486e-01 
-9.542486e-01 
-9.542486e-01 
-9.542486e-01 
-9.542486e-01 
-9.542486e-01 
-9.542486e-01 
-9.542486e-01 
-9.542486e-01 
-9.542486e-01 
-9.542486e-01 
-9.542486e-01 
-9.542486e-01 
-9.542486e-01 
-9.542486e-01 
-9.542486e-01 
-9.542486e-01 
-9.542484e-01 
-9.542479e-01 
-9.542472e-01 
-9.542462e-01 
-9.542449e-01 
-9.542429e-01 
-9.542406e-01 
-9.542395e-01 
-9.542388e-01 
-9.542382e-01 
-9.542376e-01 
-9.542372e-01 
-9.542367e-01 
-9.542363e-01 
-9.542359e-01 
-9.542356e-01 
-9.542353e-01 
-9.542350e-01 
-9.542348e-01 
-9.542345e-01 
-9.542343e-01 
-9.542341e-01 
-9.542339e-01 
-9.542337e-01 
-9.542336e-01 
-9.542334e-01 
-9.542333e-01 
-9.542331e-01 
-9.542330e-01 
-9.542329e-01 
-9.542328e-01 
-9.542328e-01 
-9.542328e-01 
-9.542328e-01 
-9.542328e-01 
-9.542328e-01 
-9.542328e-01 
-9.542328e-01 
-9.542328e-01 
-9.542328e-01 
-9.542328e-01 
-9.542328e-01 
-9.542328e-01 
-9.542328e-01 
-9.542328e-01 
-9.542328e-01 
-9.542328e-01 
-9.542328e-01 
-9.542328e-01 
-9.542328e-01 
-9.542328e-01 
-9.542328e-01 
-9.542328e-01 
-9.542328e-01 
-9.542328e-01 
-9.542328e-01 
-9.542328e-01 
-9.542328e-01 
-9.542328e-01 
-9.542328e-01 
-9.542328e-01 
-9.542328e-01 
-9.542328e-01 
-9.542328e-01 
-9.542328e-01 
-9.542328e-01 
-9.542328e-01 
-9.542328e-01 
-9.542328e-01 
-9.542328e-01 
-9.542328e-01 
-9.542328e-01 
-9.542328e-01 
-9.542328e-01 
-9.542328e-01 
-9.542328e-01 
-9.542328e-01 
-9.542328e-01 
-9.542328e-01 
-9.542328e-01 
-9.542328e-01 
-9.542328e-01 
-9.542328e-01 
-9.542328e-01 
-9.542328e-01 
-9.542328e-01 
-9.542328e-01 
-9.542328e-01 
-9.542328e-01 
-9.542328e-01 
-9.542328e-01 
-9.542328e-01 
-9.542328e-01 
-9.467515e-01 
-8.519083e-01 
-7.284226e-01 
-5.852549e-01 
-4.194066e-01 
-2.150445e-01 
-2.854472e-02 
5.720148e-04 
4.285721e-04 
2.401053e-04 
1.500117e-04 
1.005419e-04 
7.086256e-05 
5.190261e-05 
3.919972e-05 
3.036175e-05 
2.402035e-05 
1.935173e-05 
1.583880e-05 
1.314560e-05 
1.104738e-05 
9.389835e-06 
8.063725e-06 
6.985984e-06 
6.087553e-06 
5.328334e-06 
4.692852e-06 
4.159265e-06 
3.704569e-06 
3.309172e-06 
2.964435e-06 
2.948102e-06 
2.948102e-06 
2.948102e-06 
2.948102e-06 
2.948102e-06 
2.948102e-06 
2.948102e-06 
2.948102e-06 
2.948102e-06 
2.948102e-06 
2.948102e-06 
2.948102e-06 
2.948102e-06 
2.948102e-06 
2.948102e-06 
2.948102e-06 
2.948102e-06 
2.948102e-06 
2.948102e-06 
2.948102e-06 
2.948102e-06 
2.948102e-06 
2.948102e-06 
2.948102e-06 
2.948102e-06 
2.948102e-06 
2.948102e-06 
2.948102e-06 
2.948102e-06 
2.948102e-06 
2.948102e-06 
2.948102e-06 
2.948102e-06 
2.948102e-06 
2.948102e-06 
2.948102e-06 
2.948102e-06 
2.948102e-06 
2.948102e-06 
2.948102e-06 
2.948102e-06 
2.948102e-06 
2.948102e-06 
2.948102e-06 
2.948102e-06 
2.948102e-06 
2.948102e-06 
2.948102e-06 
2.948102e-06 
2.948102e-06 
2.948102e-06 
2.948102e-06 
2.948102e-06 
2.948102e-06 
2.948102e-06 
2.948102e-06 
2.948102e-06 
2.948102e-06 
2.948102e-06 
2.948102e-06 
2.948102e-06 
2.948102e-06 
2.948102e-06 
3.029523e-06 
3.226079e-06 
3.447795e-06 
3.699115e-06 
3.985522e-06 
4.313817e-06 
4.692523e-06 
5.132431e-06 
5.647357e-06 
6.255193e-06 
6.979429e-06 
7.851408e-06 
8.913677e-06 
1.022512e-05 
1.186906e-05 
1.396635e-05 
1.669744e-05 
2.034070e-05 
2.534183e-05 
3.244397e-05 
4.293625e-05 
5.910787e-05 
8.485633e-05 
1.252539e-04 
1.817459e-04 
2.476654e-04 
3.161978e-04 
3.852701e-04 
4.526966e-04 
5.109583e-04 
5.364433e-04 
5.364463e-04 
5.364463e-04 
5.364463e-04 
5.364463e-04 
5.364463e-04 
5.364463e-04 
5.364463e-04 
5.364463e-04 
5.364463e-04 
5.364463e-04 
5.364463e-04 
5.364463e-04 
5.364463e-04 
5.364463e-04 
5.364463e-04 
5.364463e-04 
5.364463e-04 
5.364463e-04 
5.364463e-04 
5.364463e-04 
5.364463e-04 
5.364463e-04 
5.364463e-04 
5.364463e-04 
5.364463e-04 
5.364463e-04 
5.364463e-04 
5.364463e-04 
5.364463e-04 
5.364463e-04 
5.364463e-04 
5.364463e-04 
5.364463e-04 
5.364463e-04 
5.364463e-04 
5.364463e-04 
5.364463e-04 
5.364463e-04 
5.364463e-04 
5.364463e-04 
5.364463e-04 
5.364463e-04 
5.364463e-04 
5.364463e-04 
5.364463e-04 
5.364463e-04 
5.364463e-04 
5.364463e-04 
5.364463e-04 
5.364463e-04 
5.364463e-04 
5.364463e-04 
5.364463e-04 
5.364463e-04 
5.364463e-04 
5.364463e-04 
5.364463e-04 
5.364463e-04 
5.364463e-04 
5.364463e-04 
5.364463e-04 
5.364463e-04 
5.414498e-04 
5.996440e-04 
6.673283e-04 
7.442691e-04 
7.916508e-04 
8.933986e-04 
1.023225e-03 
1.180232e-03 
1.371196e-03 
1.605442e-03 
1.896249e-03 
2.262188e-03 
2.729417e-03 
3.335559e-03 
4.136046e-03 
5.214733e-03 
6.702310e-03 
8.809538e-03 
1.189001e-02 
1.656479e-02 
2.398398e-02 
3.640599e-02 
5.851643e-02 
1.001590e-01 
1.786254e-01 
3.047912e-01 
4.569871e-01 
6.083334e-01 
7.480409e-01 
8.688821e-01 
9.539780e-01 
9.542487e-01 
9.542487e-01 
9.542487e-01 
9.542487e-01 
9.542487e-01 
9.542487e-01 
9.542487e-01 
9.542487e-01 
9.542487e-01 
9.542487e-01 
9.542487e-01 
9.542487e-01 
9.542487e-01 
9.542487e-01 
9.542487e-01 
9.542487e-01 
9.542487e-01 
9.542487e-01 
9.542487e-01 
9.542487e-01 
9.542487e-01 
9.542487e-01 
9.542487e-01 
9.542487e-01 
9.542487e-01 
9.542487e-01 
9.542487e-01 
9.542487e-01 
9.542487e-01 
9.542487e-01 
9.542487e-01 
9.542487e-01 
9.542487e-01 
9.542487e-01 
9.542487e-01 
9.542487e-01 
9.542487e-01 
9.542487e-01 
9.542487e-01 
9.542487e-01 
9.542487e-01 
9.542487e-01 
9.542487e-01 
9.542487e-01 
9.542487e-01 
9.542487e-01 
9.542487e-01 
9.542487e-01 
9.542487e-01 
9.542487e-01 
9.542487e-01 
9.542487e-01 
9.542487e-01 
9.542487e-01 
9.542487e-01 
9.542487e-01 
9.542487e-01 
9.542487e-01 
9.542487e-01 
9.542487e-01 
9.542487e-01 
9.542487e-01 
9.542487e-01 
9.542485e-01 
9.542480e-01 
9.542475e-01 
9.542468e-01 
9.542460e-01 
9.542450e-01 
9.542439e-01 
9.542428e-01 
9.542417e-01 
9.542406e-01 
9.542397e-01 
9.542389e-01 
9.542382e-01 
9.542376e-01 
9.542371e-01 
9.542366e-01 
9.542362e-01 
9.542358e-01 
9.542355e-01 
9.542352e-01 
9.542349e-01 
9.542347e-01 
9.542344e-01 
9.542342e-01 
9.542340e-01 
9.542338e-01 
9.542337e-01 
9.542335e-01 
9.542334e-01 
9.542332e-01 
9.542332e-01 
9.542332e-01 
9.542332e-01 
9.542332e-01 
9.542332e-01 
9.542332e-01 
9.542332e-01 
9.542332e-01 
9.542332e-01 
9.542332e-01 
9.542332e-01 
9.542332e-01 
9.542332e-01 
9.542332e-01 
9.542332e-01 
9.542332e-01 
9.542332e-01 
9.542332e-01 
9.542332e-01 
9.542332e-01 
9.542332e-01 
9.542332e-01 
9.542332e-01 
9.542332e-01 
9.542332e-01 
9.542332e-01 
9.542332e-01 
9.542332e-01 
9.542332e-01 
9.542332e-01 
9.542332e-01 
9.542332e-01 
9.542332e-01 
9.542332e-01 
9.542332e-01 
9.542332e-01 
9.542332e-01 
9.542332e-01 
9.542332e-01 
9.542332e-01 
9.542332e-01 
9.542332e-01 
9.542332e-01 
9.542332e-01 
9.542332e-01 
9.542332e-01 
9.542332e-01 
9.542332e-01 
9.542332e-01 
9.542332e-01 
9.542332e-01 
9.542332e-01 
9.542332e-01 
9.542332e-01 
9.542332e-01 
9.542332e-01 
9.542332e-01 
9.542332e-01 
9.542332e-01 
9.542332e-01 
9.542332e-01 
9.542332e-01 
9.542332e-01 
9.415767e-01 
8.442204e-01 
7.192625e-01 
5.749410e-01 
4.077527e-01 
2.031473e-01 
2.762998e-02 
1.167632e-03 
4.106664e-04 
2.318375e-04 
1.456780e-04 
9.802365e-05 
6.929173e-05 
5.086972e-05 
3.849203e-05 
2.986051e-05 
2.365549e-05 
1.908000e-05 
1.563252e-05 
1.298652e-05 
1.092319e-05 
9.292108e-06 
7.986558e-06 
6.924904e-06 
6.039302e-06 
5.291673e-06 
4.666110e-06 
4.140367e-06 
3.691893e-06 
3.301618e-06 
2.974541e-06 
2.967985e-06 
2.967985e-06 
2.967985e-06 
2.967985e-06 
2.967985e-06 
2.967985e-06 
2.967985e-06 
2.967985e-06 
2.967985e-06 
2.967985e-06 
2.967985e-06 
2.967985e-06 
2.967985e-06 
2.967985e-06 
2.967985e-06 
2.967985e-06 
2.967985e-06 
2.967985e-06 
2.967985e-06 
2.967985e-06 
2.967985e-06 
2.967985e-06 
2.967985e-06 
2.967985e-06 
2.967985e-06 
2.967985e-06 
2.967985e-06 
2.967985e-06 
2.967985e-06 
2.967985e-06 
2.967985e-06 
2.967985e-06 
2.967985e-06 
2.967985e-06 
2.967985e-06 
2.967985e-06 
2.967985e-06 
2.967985e-06 
2.967985e-06 
2.967985e-06 
2.967985e-06 
2.967985e-06 
2.967985e-06 
2.967985e-06 
2.967985e-06 
2.967985e-06 
2.967985e-06 
2.967985e-06 
2.967985e-06 
2.967985e-06 
2.967985e-06 
2.967985e-06 
2.967985e-06 
2.967985e-06 
2.967985e-06 
2.967985e-06 
2.967985e-06 
2.967985e-06 
2.967985e-06 
2.967985e-06 
2.967985e-06 
2.967985e-06 
2.967985e-06 
3.062705e-06 
3.262064e-06 
3.486983e-06 
3.741998e-06 
4.032698e-06 
4.366018e-06 
4.750653e-06 
5.197622e-06 
5.721035e-06 
6.339185e-06 
7.076113e-06 
7.963929e-06 
9.046271e-06 
1.038362e-05 
1.206166e-05 
1.420493e-05 
1.699970e-05 
2.073396e-05 
2.586992e-05 
3.318011e-05 
4.400689e-05 
6.073134e-05 
8.736551e-05 
1.289194e-04 
1.862829e-04 
2.524496e-04 
3.209842e-04 
3.900112e-04 
4.571097e-04 
5.142988e-04 
5.364464e-04 
5.364473e-04 
5.364473e-04 
5.364473e-04 
5.364473e-04 
5.364473e-04 
5.364473e-04 
5.364473e-04 
5.364473e-04 
5.364473e-04 
5.364473e-04 
5.364473e-04 
5.364473e-04 
5.364473e-04 
5.364473e-04 
5.364473e-04 
5.364473e-04 
5.364473e-04 
5.364473e-04 
5.364473e-04 
5.364473e-04 
5.364473e-04 
5.364473e-04 
5.364473e-04 
5.364473e-04 
5.364473e-04 
5.364473e-04 
5.364473e-04 
5.364473e-04 
5.364473e-04 
5.364473e-04 
5.364473e-04 
5.364473e-04 
5.364473e-04 
5.364473e-04 
5.364473e-04 
5.364473e-04 
5.364473e-04 
5.364473e-04 
5.364473e-04 
5.364473e-04 
5.364473e-04 
5.364473e-04 
5.364473e-04 
5.364473e-04 
5.364473e-04 
5.364473e-04 
5.364473e-04 
5.364473e-04 
5.364473e-04 
5.364473e-04 
5.364473e-04 
5.364473e-04 
5.364473e-04 
5.364473e-04 
5.364473e-04 
5.364473e-04 
5.364473e-04 
5.364473e-04 
5.364473e-04 
5.364473e-04 
5.364473e-04 
5.364473e-04 
5.448888e-04 
6.039709e-04 
6.723148e-04 
7.496486e-04 
7.970524e-04 
9.015270e-04 
1.033027e-03 
1.192119e-03 
1.385708e-03 
1.623347e-03 
1.918629e-03 
2.290556e-03 
2.765925e-03 
3.383338e-03 
4.199770e-03 
5.301572e-03 
6.823621e-03 
8.983979e-03 
1.214956e-02 
1.696700e-02 
2.463844e-02 
3.753404e-02 
6.058606e-02 
1.041231e-01 
1.857797e-01 
3.147640e-01 
4.675521e-01 
6.183286e-01 
7.570070e-01 
8.761828e-01 
9.541958e-01 
9.542487e-01 
9.542487e-01 
9.542487e-01 
9.542487e-01 
9.542487e-01 
9.542487e-01 
9.542487e-01 
9.542487e-01 
9.542487e-01 
9.542487e-01 
9.542487e-01 
9.542487e-01 
9.542487e-01 
9.542487e-01 
9.542487e-01 
9.542487e-01 
9.542487e-01 
9.542487e-01 
9.542487e-01 
9.542487e-01 
9.542487e-01 
9.542487e-01 
9.542487e-01 
9.542487e-01 
9.542487e-01 
9.542487e-01 
9.542487e-01 
9.542487e-01 
9.542487e-01 
9.542487e-01 
9.542487e-01 
9.542487e-01 
9.542487e-01 
9.542487e-01 
9.542487e-01 
9.542487e-01 
9.542487e-01 
9.542487e-01 
9.542487e-01 
9.542487e-01 
9.542487e-01 
9.542487e-01 
9.542487e-01 
9.542487e-01 
9.542487e-01 
9.542487e-01 
9.542487e-01 
9.542487e-01 
9.542487e-01 
9.542487e-01 
9.542487e-01 
9.542487e-01 
9.542487e-01 
9.542487e-01 
9.542487e-01 
9.542487e-01 
9.542487e-01 
9.542487e-01 
9.542487e-01 
9.542487e-01 
9.542487e-01 
9.542487e-01 
9.542487e-01 
9.542484e-01 
9.542480e-01 
9.542474e-01 
9.542467e-01 
9.542459e-01 
9.542449e-01 
9.542439e-01 
9.542427e-01 
9.542416e-01 
9.542406e-01 
9.542397e-01 
9.542389e-01 
9.542382e-01 
9.542376e-01 
9.542371e-01 
9.542366e-01 
9.542362e-01 
9.542358e-01 
9.542355e-01 
9.542352e-01 
9.542349e-01 
9.542346e-01 
9.542344e-01 
9.542342e-01 
9.542340e-01 
9.542338e-01 
9.542337e-01 
9.542335e-01 
9.542334e-01 
9.542332e-01 
9.542332e-01 
9.542332e-01 
9.542332e-01 
9.542332e-01 
9.542332e-01 
9.542332e-01 
9.542332e-01 
9.542332e-01 
9.542332e-01 
9.542332e-01 
9.542332e-01 
9.542332e-01 
9.542332e-01 
9.542332e-01 
9.542332e-01 
9.542332e-01 
9.542332e-01 
9.542332e-01 
9.542332e-01 
9.542332e-01 
9.542332e-01 
9.542332e-01 
9.542332e-01 
9.542332e-01 
9.542332e-01 
9.542332e-01 
9.542332e-01 
9.542332e-01 
9.542332e-01 
9.542332e-01 
9.542332e-01 
9.542332e-01 
9.542332e-01 
9.542332e-01 
9.542332e-01 
9.542332e-01 
9.542332e-01 
9.542332e-01 
9.542332e-01 
9.542332e-01 
9.542332e-01 
9.542332e-01 
9.542332e-01 
9.542332e-01 
9.542332e-01 
9.542332e-01 
9.542332e-01 
9.542332e-01 
9.542332e-01 
9.542332e-01 
9.542332e-01 
9.542332e-01 
9.542332e-01 
9.542332e-01 
9.542332e-01 
9.542332e-01 
9.542332e-01 
9.542332e-01 
9.542332e-01 
9.542332e-01 
9.542332e-01 
9.542332e-01 
9.542332e-01 
9.361323e-01 
8.364023e-01 
7.099828e-01 
5.643516e-01 
3.951273e-01 
1.878900e-01 
2.226843e-02 
1.005048e-03 
3.833336e-04 
2.177775e-04 
1.370605e-04 
9.212844e-05 
6.491199e-05 
4.738867e-05 
3.555848e-05 
2.725360e-05 
2.122026e-05 
1.669184e-05 
1.317311e-05 
1.032121e-05 
7.871454e-06 
5.579856e-06 
3.171578e-06 
3.529295e-07 
-2.869445e-06 
-5.870539e-06 
-8.218463e-06 
-1.003177e-05 
-1.155173e-05 
-1.291854e-05 
-1.404259e-05 
-1.408342e-05 
-1.408342e-05 
-1.408342e-05 
-1.408342e-05 
-1.408342e-05 
-1.408342e-05 
-1.408342e-05 
-1.408342e-05 
-1.408342e-05 
-1.408342e-05 
-1.408342e-05 
-1.408342e-05 
-1.408342e-05 
-1.408342e-05 
-1.408342e-05 
-1.408342e-05 
-1.408342e-05 
-1.408342e-05 
-1.408342e-05 
-1.408342e-05 
-1.408342e-05 
-1.408342e-05 
-1.408342e-05 
-1.408342e-05 
-1.408342e-05 
-1.408342e-05 
-1.408342e-05 
-1.408342e-05 
-1.408342e-05 
-1.408342e-05 
-1.408342e-05 
-1.408342e-05 
-1.408342e-05 
-1.408342e-05 
-1.408342e-05 
-1.408342e-05 
-1.408342e-05 
-1.408342e-05 
-1.408342e-05 
-1.408342e-05 
-1.408342e-05 
-1.408342e-05 
-1.408342e-05 
-1.408342e-05 
-1.408342e-05 
-1.408342e-05 
-1.408342e-05 
-1.408342e-05 
-1.408342e-05 
-1.408342e-05 
-1.408342e-05 
-1.408342e-05 
-1.408342e-05 
-1.408342e-05 
-1.408342e-05 
-1.408342e-05 
-1.408342e-05 
-1.408342e-05 
-1.408342e-05 
-1.408342e-05 
-1.408342e-05 
-1.408342e-05 
-1.408342e-05 
-1.396396e-05 
-1.373144e-05 
-1.346034e-05 
-1.314259e-05 
-1.276811e-05 
-1.232414e-05 
-1.179451e-05 
-1.115861e-05 
-1.038983e-05 
-9.452818e-06 
-8.300203e-06 
-6.868029e-06 
-5.068924e-06 
-2.781909e-06 
1.626862e-07 
4.005390e-06 
9.089245e-06 
1.590175e-05 
2.512012e-05 
3.763026e-05 
5.444557e-05 
7.642733e-05 
1.038592e-04 
1.362992e-04 
1.731164e-04 
2.143840e-04 
2.614950e-04 
3.172076e-04 
3.843012e-04 
4.597108e-04 
4.924296e-04 
4.924301e-04 
4.924301e-04 
4.924301e-04 
4.924301e-04 
4.924301e-04 
4.924301e-04 
4.924301e-04 
4.924301e-04 
4.924301e-04 
4.924301e-04 
4.924301e-04 
4.924301e-04 
4.924301e-04 
4.924301e-04 
4.924301e-04 
4.924301e-04 
4.924301e-04 
4.924301e-04 
4.924301e-04 
4.924301e-04 
4.924301e-04 
4.924301e-04 
4.924301e-04 
4.924301e-04 
4.924301e-04 
4.924301e-04 
4.924301e-04 
4.924301e-04 
4.924301e-04 
4.924301e-04 
4.924301e-04 
4.924301e-04 
4.924301e-04 
4.924301e-04 
4.924301e-04 
4.924301e-04 
4.924301e-04 
4.924301e-04 
4.924301e-04 
4.924301e-04 
4.924301e-04 
4.924301e-04 
4.924301e-04 
4.924301e-04 
4.924301e-04 
4.924301e-04 
4.924301e-04 
4.924301e-04 
4.924301e-04 
4.924301e-04 
4.924301e-04 
4.924301e-04 
4.924301e-04 
4.924301e-04 
4.924301e-04 
4.924301e-04 
4.924301e-04 
4.924301e-04 
4.924301e-04 
4.924301e-04 
4.924301e-04 
4.924301e-04 
5.037932e-04 
5.609196e-04 
6.277030e-04 
7.061504e-04 
7.989913e-04 
9.097582e-04 
1.042957e-03 
1.204167e-03 
1.400424e-03 
1.641519e-03 
1.941365e-03 
2.319404e-03 
2.803090e-03 
3.432037e-03 
4.264810e-03 
5.390345e-03 
6.947861e-03 
9.163019e-03 
1.241663e-02 
1.738215e-02 
2.531642e-02 
3.870755e-02 
6.274789e-02 
1.082665e-01 
1.931742e-01 
3.248458e-01 
4.781003e-01 
6.282668e-01 
7.658844e-01 
8.833339e-01 
9.542383e-01 
9.542487e-01 
9.542487e-01 
9.542487e-01 
9.542487e-01 
9.542487e-01 
9.542487e-01 
9.542487e-01 
9.542487e-01 
9.542487e-01 
9.542487e-01 
9.542487e-01 
9.542487e-01 
9.542487e-01 
9.542487e-01 
9.542487e-01 
9.542487e-01 
9.542487e-01 
9.542487e-01 
9.542487e-01 
9.542487e-01 
9.542487e-01 
9.542487e-01 
9.542487e-01 
9.542487e-01 
9.542487e-01 
9.542487e-01 
9.542487e-01 
9.542487e-01 
9.542487e-01 
9.542487e-01 
9.542487e-01 
9.542487e-01 
9.542487e-01 
9.542487e-01 
9.542487e-01 
9.542487e-01 
9.542487e-01 
9.542487e-01 
9.542487e-01 
9.542487e-01 
9.542487e-01 
9.542487e-01 
9.542487e-01 
9.542487e-01 
9.542487e-01 
9.542487e-01 
9.542487e-01 
9.542487e-01 
9.542487e-01 
9.542487e-01 
9.542487e-01 
9.542487e-01 
9.542487e-01 
9.542487e-01 
9.542487e-01 
9.542487e-01 
9.542487e-01 
9.542487e-01 
9.542487e-01 
9.542487e-01 
9.542487e-01 
9.542487e-01 
9.542487e-01 
9.542484e-01 
9.542480e-01 
9.542474e-01 
9.542467e-01 
9.542458e-01 
9.542449e-01 
9.542438e-01 
9.542427e-01 
9.542415e-01 
9.542405e-01 
9.542396e-01 
9.542388e-01 
9.542381e-01 
9.542375e-01 
9.542370e-01 
9.542366e-01 
9.542361e-01 
9.542358e-01 
9.542355e-01 
9.542352e-01 
9.542349e-01 
9.542346e-01 
9.542344e-01 
9.542342e-01 
9.542340e-01 
9.542338e-01 
9.542337e-01 
9.542335e-01 
9.542334e-01 
9.542332e-01 
9.542332e-01 
9.542332e-01 
9.542332e-01 
9.542332e-01 
9.542332e-01 
9.542332e-01 
9.542332e-01 
9.542332e-01 
9.542332e-01 
9.542332e-01 
9.542332e-01 
9.542332e-01 
9.542332e-01 
9.542332e-01 
9.542332e-01 
9.542332e-01 
9.542332e-01 
9.542332e-01 
9.542332e-01 
9.542332e-01 
9.542332e-01 
9.542332e-01 
9.542332e-01 
9.542332e-01 
9.542332e-01 
9.542332e-01 
9.542332e-01 
9.542332e-01 
9.542332e-01 
9.542332e-01 
9.542332e-01 
9.542332e-01 
9.542332e-01 
9.542332e-01 
9.542332e-01 
9.542332e-01 
9.542332e-01 
9.542332e-01 
9.542332e-01 
9.542332e-01 
9.542332e-01 
9.542332e-01 
9.542332e-01 
9.542332e-01 
9.542332e-01 
9.542332e-01 
9.542332e-01 
9.542332e-01 
9.542332e-01 
9.542332e-01 
9.542332e-01 
9.542332e-01 
9.542332e-01 
9.542332e-01 
9.542332e-01 
9.542332e-01 
9.542332e-01 
9.542332e-01 
9.542332e-01 
9.542332e-01 
9.542332e-01 
9.542332e-01 
9.542332e-01 
9.304743e-01 
8.284635e-01 
7.006188e-01 
5.536630e-01 
3.823377e-01 
1.727779e-01 
1.791279e-02 
9.288557e-04 
3.855859e-04 
2.224907e-04 
1.418845e-04 
9.665187e-05 
6.911376e-05 
5.134206e-05 
3.935864e-05 
3.100161e-05 
2.502446e-05 
2.067710e-05 
1.749719e-05 
1.520284e-05 
1.364035e-05 
1.276775e-05 
1.265852e-05 
1.344179e-05 
1.493930e-05 
1.643803e-05 
1.751781e-05 
1.827280e-05 
1.889759e-05 
1.948337e-05 
1.997811e-05 
1.999079e-05 
1.999079e-05 
1.999079e-05 
1.999079e-05 
1.999079e-05 
1.999079e-05 
1.999079e-05 
1.999079e-05 
1.999079e-05 
1.999079e-05 
1.999079e-05 
1.999079e-05 
1.999079e-05 
1.999079e-05 
1.999079e-05 
1.999079e-05 
1.999079e-05 
1.999079e-05 
1.999079e-05 
1.999079e-05 
1.999079e-05 
1.999079e-05 
1.999079e-05 
1.999079e-05 
1.999079e-05 
1.999079e-05 
1.999079e-05 
1.999079e-05 
1.999079e-05 
1.999079e-05 
1.999079e-05 
1.999079e-05 
1.999079e-05 
1.999079e-05 
1.999079e-05 
1.999079e-05 
1.999079e-05 
1.999079e-05 
1.999079e-05 
1.999079e-05 
1.999079e-05 
1.999079e-05 
1.999079e-05 
1.999079e-05 
1.999079e-05 
1.999079e-05 
1.999079e-05 
1.999079e-05 
1.999079e-05 
1.999079e-05 
1.999079e-05 
1.999079e-05 
1.999079e-05 
1.999079e-05 
1.999079e-05 
1.999079e-05 
1.999079e-05 
1.999079e-05 
1.999079e-05 
1.999079e-05 
1.999079e-05 
1.999079e-05 
1.999079e-05 
2.009599e-05 
2.026314e-05 
2.044278e-05 
2.063584e-05 
2.084327e-05 
2.106595e-05 
2.130477e-05 
2.156061e-05 
2.183417e-05 
2.212513e-05 
2.243156e-05 
2.274924e-05 
2.307011e-05 
2.337965e-05 
2.365236e-05 
2.384381e-05 
2.387620e-05 
2.361170e-05 
2.280131e-05 
2.098437e-05 
1.728758e-05 
1.003364e-05 
-3.905557e-06 
-2.950738e-05 
-7.135401e-05 
-1.281791e-04 
-1.946617e-04 
-2.693186e-04 
-3.541536e-04 
-4.456386e-04 
-4.790975e-04 
-4.790977e-04 
-4.790977e-04 
-4.790977e-04 
-4.790977e-04 
-4.790977e-04 
-4.790977e-04 
-4.790977e-04 
-4.790977e-04 
-4.790977e-04 
-4.790977e-04 
-4.790977e-04 
-4.790977e-04 
-4.790977e-04 
-4.790977e-04 
-4.790977e-04 
-4.790977e-04 
-4.790977e-04 
-4.790977e-04 
-4.790977e-04 
-4.790977e-04 
-4.790977e-04 
-4.790977e-04 
-4.790977e-04 
-4.790977e-04 
-4.790977e-04 
-4.790977e-04 
-4.790977e-04 
-4.790977e-04 
-4.790977e-04 
-4.790977e-04 
-4.790977e-04 
-4.790977e-04 
-4.790977e-04 
-4.790977e-04 
-4.790977e-04 
-4.790977e-04 
-4.790977e-04 
-4.790977e-04 
-4.790977e-04 
-4.790977e-04 
-4.790977e-04 
-4.790977e-04 
-4.790977e-04 
-4.790977e-04 
-4.790977e-04 
-4.790977e-04 
-4.790977e-04 
-4.790977e-04 
-4.790977e-04 
-4.790977e-04 
-4.790977e-04 
-4.790977e-04 
-4.790977e-04 
-4.790977e-04 
-4.790977e-04 
-4.790977e-04 
-4.790977e-04 
-4.790977e-04 
-4.790977e-04 
-4.790977e-04 
-4.790977e-04 
-4.790977e-04 
-4.936681e-04 
-5.499922e-04 
-6.158355e-04 
-6.932401e-04 
-7.849189e-04 
-8.943767e-04 
-1.026072e-03 
-1.185533e-03 
-1.379822e-03 
-1.618822e-03 
-1.916518e-03 
-2.292452e-03 
-2.774281e-03 
-3.402011e-03 
-4.234942e-03 
-5.363393e-03 
-6.929221e-03 
-9.163231e-03 
-1.245664e-02 
-1.750489e-02 
-2.561369e-02 
-3.938561e-02 
-6.428699e-02 
-1.117236e-01 
-2.000222e-01 
-3.346280e-01 
-4.885054e-01 
-6.381178e-01 
-7.746652e-01 
-8.903294e-01 
-9.542466e-01 
-9.542486e-01 
-9.542486e-01 
-9.542486e-01 
-9.542486e-01 
-9.542486e-01 
-9.542486e-01 
-9.542486e-01 
-9.542486e-01 
-9.542486e-01 
-9.542486e-01 
-9.542486e-01 
-9.542486e-01 
-9.542486e-01 
-9.542486e-01 
-9.542486e-01 
-9.542486e-01 
-9.542486e-01 
-9.542486e-01 
-9.542486e-01 
-9.542486e-01 
-9.542486e-01 
-9.542486e-01 
-9.542486e-01 
-9.542486e-01 
-9.542486e-01 
-9.542486e-01 
-9.542486e-01 
-9.542486e-01 
-9.542486e-01 
-9.542486e-01 
-9.542486e-01 
-9.542486e-01 
-9.542486e-01 
-9.542486e-01 
-9.542486e-01 
-9.542486e-01 
-9.542486e-01 
-9.542486e-01 
-9.542486e-01 
-9.542486e-01 
-9.542486e-01 
-9.542486e-01 
-9.542486e-01 
-9.542486e-01 
-9.542486e-01 
-9.542486e-01 
-9.542486e-01 
-9.542486e-01 
-9.542486e-01 
-9.542486e-01 
-9.542486e-01 
-9.542486e-01 
-9.542486e-01 
-9.542486e-01 
-9.542486e-01 
-9.542486e-01 
-9.542486e-01 
-9.542486e-01 
-9.542486e-01 
-9.542486e-01 
-9.542486e-01 
-9.542486e-01 
-9.542486e-01 
-9.542483e-01 
-9.542477e-01 
-9.542469e-01 
-9.542459e-01 
-9.542445e-01 
-9.542422e-01 
-9.542402e-01 
-9.542393e-01 
-9.542386e-01 
-9.542380e-01 
-9.542375e-01 
-9.542370e-01 
-9.542366e-01 
-9.542362e-01 
-9.542358e-01 
-9.542355e-01 
-9.542352e-01 
-9.542349e-01 
-9.542347e-01 
-9.542345e-01 
-9.542343e-01 
-9.542341e-01 
-9.542339e-01 
-9.542337e-01 
-9.542335e-01 
-9.542334e-01 
-9.542332e-01 
-9.542331e-01 
-9.542330e-01 
-9.542329e-01 
-9.542328e-01 
-9.542328e-01 
-9.542328e-01 
-9.542328e-01 
-9.542328e-01 
-9.542328e-01 
-9.542328e-01 
-9.542328e-01 
-9.542328e-01 
-9.542328e-01 
-9.542328e-01 
-9.542328e-01 
-9.542328e-01 
-9.542328e-01 
-9.542328e-01 
-9.542328e-01 
-9.542328e-01 
-9.542328e-01 
-9.542328e-01 
-9.542328e-01 
-9.542328e-01 
-9.542328e-01 
-9.542328e-01 
-9.542328e-01 
-9.542328e-01 
-9.542328e-01 
-9.542328e-01 
-9.542328e-01 
-9.542328e-01 
-9.542328e-01 
-9.542328e-01 
-9.542328e-01 
-9.542328e-01 
-9.542328e-01 
-9.542328e-01 
-9.542328e-01 
-9.542328e-01 
-9.542328e-01 
-9.542328e-01 
-9.542328e-01 
-9.542328e-01 
-9.542328e-01 
-9.542328e-01 
-9.542328e-01 
-9.542328e-01 
-9.542328e-01 
-9.542328e-01 
-9.542328e-01 
-9.542328e-01 
-9.542328e-01 
-9.542328e-01 
-9.542328e-01 
-9.542328e-01 
-9.542328e-01 
-9.542328e-01 
-9.542328e-01 
-9.542328e-01 
-9.542328e-01 
-9.542328e-01 
-9.542328e-01 
-9.542328e-01 
-9.542328e-01 
-9.542328e-01 
-9.246180e-01 
-8.203991e-01 
-6.911157e-01 
-5.425976e-01 
-3.681543e-01 
-1.531610e-01 
-9.929751e-03 
6.651625e-04 
3.606002e-04 
2.092987e-04 
1.336668e-04 
9.096694e-05 
6.485427e-05 
4.793340e-05 
3.646959e-05 
2.842141e-05 
2.260334e-05 
1.829285e-05 
1.503184e-05 
1.252016e-05 
1.055551e-05 
8.998044e-06 
7.747431e-06 
6.724920e-06 
5.866774e-06 
5.143017e-06 
4.537814e-06 
4.027960e-06 
3.591263e-06 
3.209320e-06 
2.948409e-06 
2.948102e-06 
2.948102e-06 
2.948102e-06 
2.948102e-06 
2.948102e-06 
2.948102e-06 
2.948102e-06 
2.948102e-06 
2.948102e-06 
2.948102e-06 
2.948102e-06 
2.948102e-06 
2.948102e-06 
2.948102e-06 
2.948102e-06 
2.948102e-06 
2.948102e-06 
2.948102e-06 
2.948102e-06 
2.948102e-06 
2.948102e-06 
2.948102e-06 
2.948102e-06 
2.948102e-06 
2.948102e-06 
2.948102e-06 
2.948102e-06 
2.948102e-06 
2.948102e-06 
2.948102e-06 
2.948102e-06 
2.948102e-06 
2.948102e-06 
2.948102e-06 
2.948102e-06 
2.948102e-06 
2.948102e-06 
2.948102e-06 
2.948102e-06 
2.948102e-06 
2.948102e-06 
2.948102e-06 
2.948102e-06 
2.948102e-06 
2.948102e-06 
2.948102e-06 
2.948102e-06 
2.948102e-06 
2.948102e-06 
2.948102e-06 
2.948102e-06 
2.948102e-06 
2.948102e-06 
2.948102e-06 
2.948102e-06 
2.948102e-06 
2.948102e-06 
2.948102e-06 
2.948102e-06 
2.948102e-06 
2.948102e-06 
2.948102e-06 
2.948102e-06 
3.080995e-06 
3.284049e-06 
3.513380e-06 
3.773702e-06 
4.070826e-06 
4.411978e-06 
4.806239e-06 
5.265143e-06 
5.803499e-06 
6.440553e-06 
7.201684e-06 
8.120904e-06 
9.244622e-06 
1.063744e-05 
1.239135e-05 
1.464081e-05 
1.758829e-05 
2.154917e-05 
2.703395e-05 
3.490341e-05 
4.666454e-05 
6.498967e-05 
9.425581e-05 
1.392575e-04 
1.992207e-04 
2.662984e-04 
3.350741e-04 
4.040647e-04 
4.700264e-04 
5.236548e-04 
5.364463e-04 
5.364463e-04 
5.364463e-04 
5.364463e-04 
5.364463e-04 
5.364463e-04 
5.364463e-04 
5.364463e-04 
5.364463e-04 
5.364463e-04 
5.364463e-04 
5.364463e-04 
5.364463e-04 
5.364463e-04 
5.364463e-04 
5.364463e-04 
5.364463e-04 
5.364463e-04 
5.364463e-04 
5.364463e-04 
5.364463e-04 
5.364463e-04 
5.364463e-04 
5.364463e-04 
5.364463e-04 
5.364463e-04 
5.364463e-04 
5.364463e-04 
5.364463e-04 
5.364463e-04 
5.364463e-04 
5.364463e-04 
5.364463e-04 
5.364463e-04 
5.364463e-04 
5.364463e-04 
5.364463e-04 
5.364463e-04 
5.364463e-04 
5.364463e-04 
5.364463e-04 
5.364463e-04 
5.364463e-04 
5.364463e-04 
5.364463e-04 
5.364463e-04 
5.364463e-04 
5.364463e-04 
5.364463e-04 
5.364463e-04 
5.364463e-04 
5.364463e-04 
5.364463e-04 
5.364463e-04 
5.364463e-04 
5.364463e-04 
5.364463e-04 
5.364463e-04 
5.364463e-04 
5.364463e-04 
5.364463e-04 
5.364463e-04 
5.364463e-04 
5.562101e-04 
6.172060e-04 
6.875476e-04 
7.646210e-04 
8.141726e-04 
9.265361e-04 
1.063212e-03 
1.228754e-03 
1.430484e-03 
1.678686e-03 
1.987931e-03 
2.378577e-03 
2.879452e-03 
3.532283e-03 
4.398975e-03 
5.573909e-03 
7.205487e-03 
9.535499e-03 
1.297444e-02 
1.825330e-02 
2.674709e-02 
4.119990e-02 
6.736675e-02 
1.171185e-01 
2.086732e-01 
3.452882e-01 
4.991287e-01 
6.479646e-01 
7.833614e-01 
8.971655e-01 
9.542483e-01 
9.542487e-01 
9.542487e-01 
9.542487e-01 
9.542487e-01 
9.542487e-01 
9.542487e-01 
9.542487e-01 
9.542487e-01 
9.542487e-01 
9.542487e-01 
9.542487e-01 
9.542487e-01 
9.542487e-01 
9.542487e-01 
9.542487e-01 
9.542487e-01 
9.542487e-01 
9.542487e-01 
9.542487e-01 
9.542487e-01 
9.542487e-01 
9.542487e-01 
9.542487e-01 
9.542487e-01 
9.542487e-01 
9.542487e-01 
9.542487e-01 
9.542487e-01 
9.542487e-01 
9.542487e-01 
9.542487e-01 
9.542487e-01 
9.542487e-01 
9.542487e-01 
9.542487e-01 
9.542487e-01 
9.542487e-01 
9.542487e-01 
9.542487e-01 
9.542487e-01 
9.542487e-01 
9.542487e-01 
9.542487e-01 
9.542487e-01 
9.542487e-01 
9.542487e-01 
9.542487e-01 
9.542487e-01 
9.542487e-01 
9.542487e-01 
9.542487e-01 
9.542487e-01 
9.542487e-01 
9.542487e-01 
9.542487e-01 
9.542487e-01 
9.542487e-01 
9.542487e-01 
9.542487e-01 
9.542487e-01 
9.542487e-01 
9.542487e-01 
9.542487e-01 
9.542484e-01 
9.542479e-01 
9.542473e-01 
9.542466e-01 
9.542457e-01 
9.542447e-01 
9.542436e-01 
9.542425e-01 
9.542414e-01 
9.542404e-01 
9.542395e-01 
9.542387e-01 
9.542380e-01 
9.542375e-01 
9.542370e-01 
9.542365e-01 
9.542361e-01 
9.542357e-01 
9.542354e-01 
9.542351e-01 
9.542348e-01 
9.542346e-01 
9.542344e-01 
9.542342e-01 
9.542340e-01 
9.542338e-01 
9.542336e-01 
9.542335e-01 
9.542333e-01 
9.542332e-01 
9.542332e-01 
9.542332e-01 
9.542332e-01 
9.542332e-01 
9.542332e-01 
9.542332e-01 
9.542332e-01 
9.542332e-01 
9.542332e-01 
9.542332e-01 
9.542332e-01 
9.542332e-01 
9.542332e-01 
9.542332e-01 
9.542332e-01 
9.542332e-01 
9.542332e-01 
9.542332e-01 
9.542332e-01 
9.542332e-01 
9.542332e-01 
9.542332e-01 
9.542332e-01 
9.542332e-01 
9.542332e-01 
9.542332e-01 
9.542332e-01 
9.542332e-01 
9.542332e-01 
9.542332e-01 
9.542332e-01 
9.542332e-01 
9.542332e-01 
9.542332e-01 
9.542332e-01 
9.542332e-01 
9.542332e-01 
9.542332e-01 
9.542332e-01 
9.542332e-01 
9.542332e-01 
9.542332e-01 
9.542332e-01 
9.542332e-01 
9.542332e-01 
9.542332e-01 
9.542332e-01 
9.542332e-01 
9.542332e-01 
9.542332e-01 
9.542332e-01 
9.542332e-01 
9.542332e-01 
9.542332e-01 
9.542332e-01 
9.542332e-01 
9.542332e-01 
9.542332e-01 
9.542332e-01 
9.542332e-01 
9.542332e-01 
9.542332e-01 
9.542332e-01 
9.185740e-01 
8.122393e-01 
6.816347e-01 
5.319478e-01 
3.561186e-01 
1.428482e-01 
1.122042e-02 
7.534212e-04 
3.460696e-04 
2.024599e-04 
1.299627e-04 
8.876712e-05 
6.346013e-05 
4.700543e-05 
3.582755e-05 
2.796303e-05 
2.226744e-05 
1.804129e-05 
1.483999e-05 
1.237165e-05 
1.043927e-05 
8.906447e-06 
7.675072e-06 
6.667583e-06 
5.821782e-06 
5.109282e-06 
4.513409e-06 
4.010903e-06 
3.580074e-06 
3.203058e-06 
2.968057e-06 
2.967985e-06 
2.967985e-06 
2.967985e-06 
2.967985e-06 
2.967985e-06 
2.967985e-06 
2.967985e-06 
2.967985e-06 
2.967985e-06 
2.967985e-06 
2.967985e-06 
2.967985e-06 
2.967985e-06 
2.967985e-06 
2.967985e-06 
2.967985e-06 
2.967985e-06 
2.967985e-06 
2.967985e-06 
2.967985e-06 
2.967985e-06 
2.967985e-06 
2.967985e-06 
2.967985e-06 
2.967985e-06 
2.967985e-06 
2.967985e-06 
2.967985e-06 
2.967985e-06 
2.967985e-06 
2.967985e-06 
2.967985e-06 
2.967985e-06 
2.967985e-06 
2.967985e-06 
2.967985e-06 
2.967985e-06 
2.967985e-06 
2.967985e-06 
2.967985e-06 
2.967985e-06 
2.967985e-06 
2.967985e-06 
2.967985e-06 
2.967985e-06 
2.967985e-06 
2.967985e-06 
2.967985e-06 
2.967985e-06 
2.967985e-06 
2.967985e-06 
2.967985e-06 
2.967985e-06 
2.967985e-06 
2.967985e-06 
2.967985e-06 
2.967985e-06 
2.967985e-06 
2.967985e-06 
2.967985e-06 
2.967985e-06 
2.967985e-06 
2.967985e-06 
3.114914e-06 
3.320866e-06 
3.553526e-06 
3.817696e-06 
4.119297e-06 
4.465702e-06 
4.866177e-06 
5.332498e-06 
5.879796e-06 
6.527753e-06 
7.302348e-06 
8.238438e-06 
9.383639e-06 
1.080432e-05 
1.259515e-05 
1.489473e-05 
1.791218e-05 
2.197401e-05 
2.760998e-05 
3.571542e-05 
4.785975e-05 
6.681853e-05 
9.706823e-05 
1.432204e-04 
2.038771e-04 
2.710907e-04 
3.398556e-04 
4.087627e-04 
4.742369e-04 
5.265454e-04 
5.364473e-04 
5.364473e-04 
5.364473e-04 
5.364473e-04 
5.364473e-04 
5.364473e-04 
5.364473e-04 
5.364473e-04 
5.364473e-04 
5.364473e-04 
5.364473e-04 
5.364473e-04 
5.364473e-04 
5.364473e-04 
5.364473e-04 
5.364473e-04 
5.364473e-04 
5.364473e-04 
5.364473e-04 
5.364473e-04 
5.364473e-04 
5.364473e-04 
5.364473e-04 
5.364473e-04 
5.364473e-04 
5.364473e-04 
5.364473e-04 
5.364473e-04 
5.364473e-04 
5.364473e-04 
5.364473e-04 
5.364473e-04 
5.364473e-04 
5.364473e-04 
5.364473e-04 
5.364473e-04 
5.364473e-04 
5.364473e-04 
5.364473e-04 
5.364473e-04 
5.364473e-04 
5.364473e-04 
5.364473e-04 
5.364473e-04 
5.364473e-04 
5.364473e-04 
5.364473e-04 
5.364473e-04 
5.364473e-04 
5.364473e-04 
5.364473e-04 
5.364473e-04 
5.364473e-04 
5.364473e-04 
5.364473e-04 
5.364473e-04 
5.364473e-04 
5.364473e-04 
5.364473e-04 
5.364473e-04 
5.364473e-04 
5.364473e-04 
5.364473e-04 
5.601073e-04 
6.217062e-04 
6.927174e-04 
7.682891e-04 
8.207393e-04 
9.350858e-04 
1.073539e-03 
1.241298e-03 
1.445836e-03 
1.697692e-03 
2.011776e-03 
2.408924e-03 
2.918679e-03 
3.583875e-03 
4.468171e-03 
5.668813e-03 
7.339057e-03 
9.729260e-03 
1.326575e-02 
1.871040e-02 
2.750203e-02 
4.252349e-02 
6.983363e-02 
1.218408e-01 
2.167692e-01 
3.556257e-01 
5.096012e-01 
6.577208e-01 
7.919544e-01 
9.038346e-01 
9.542486e-01 
9.542487e-01 
9.542487e-01 
9.542487e-01 
9.542487e-01 
9.542487e-01 
9.542487e-01 
9.542487e-01 
9.542487e-01 
9.542487e-01 
9.542487e-01 
9.542487e-01 
9.542487e-01 
9.542487e-01 
9.542487e-01 
9.542487e-01 
9.542487e-01 
9.542487e-01 
9.542487e-01 
9.542487e-01 
9.542487e-01 
9.542487e-01 
9.542487e-01 
9.542487e-01 
9.542487e-01 
9.542487e-01 
9.542487e-01 
9.542487e-01 
9.542487e-01 
9.542487e-01 
9.542487e-01 
9.542487e-01 
9.542487e-01 
9.542487e-01 
9.542487e-01 
9.542487e-01 
9.542487e-01 
9.542487e-01 
9.542487e-01 
9.542487e-01 
9.542487e-01 
9.542487e-01 
9.542487e-01 
9.542487e-01 
9.542487e-01 
9.542487e-01 
9.542487e-01 
9.542487e-01 
9.542487e-01 
9.542487e-01 
9.542487e-01 
9.542487e-01 
9.542487e-01 
9.542487e-01 
9.542487e-01 
9.542487e-01 
9.542487e-01 
9.542487e-01 
9.542487e-01 
9.542487e-01 
9.542487e-01 
9.542487e-01 
9.542487e-01 
9.542487e-01 
9.542483e-01 
9.542478e-01 
9.542472e-01 
9.542465e-01 
9.542457e-01 
9.542447e-01 
9.542436e-01 
9.542424e-01 
9.542413e-01 
9.542403e-01 
9.542394e-01 
9.542387e-01 
9.542380e-01 
9.542374e-01 
9.542369e-01 
9.542365e-01 
9.542361e-01 
9.542357e-01 
9.542354e-01 
9.542351e-01 
9.542348e-01 
9.542346e-01 
9.542344e-01 
9.542342e-01 
9.542340e-01 
9.542338e-01 
9.542336e-01 
9.542335e-01 
9.542333e-01 
9.542332e-01 
9.542332e-01 
9.542332e-01 
9.542332e-01 
9.542332e-01 
9.542332e-01 
9.542332e-01 
9.542332e-01 
9.542332e-01 
9.542332e-01 
9.542332e-01 
9.542332e-01 
9.542332e-01 
9.542332e-01 
9.542332e-01 
9.542332e-01 
9.542332e-01 
9.542332e-01 
9.542332e-01 
9.542332e-01 
9.542332e-01 
9.542332e-01 
9.542332e-01 
9.542332e-01 
9.542332e-01 
9.542332e-01 
9.542332e-01 
9.542332e-01 
9.542332e-01 
9.542332e-01 
9.542332e-01 
9.542332e-01 
9.542332e-01 
9.542332e-01 
9.542332e-01 
9.542332e-01 
9.542332e-01 
9.542332e-01 
9.542332e-01 
9.542332e-01 
9.542332e-01 
9.542332e-01 
9.542332e-01 
9.542332e-01 
9.542332e-01 
9.542332e-01 
9.542332e-01 
9.542332e-01 
9.542332e-01 
9.542332e-01 
9.542332e-01 
9.542332e-01 
9.542332e-01 
9.542332e-01 
9.542332e-01 
9.542332e-01 
9.542332e-01 
9.542332e-01 
9.542332e-01 
9.542332e-01 
9.542332e-01 
9.542332e-01 
9.542332e-01 
9.542332e-01 
9.123464e-01 
8.039613e-01 
6.720154e-01 
5.209161e-01 
3.426902e-01 
1.283064e-01 
8.788952e-03 
6.811572e-04 
3.238713e-04 
1.903250e-04 
1.222680e-04 
8.337222e-05 
5.937264e-05 
4.370188e-05 
3.300166e-05 
2.541668e-05 
1.985680e-05 
1.564565e-05 
1.233893e-05 
9.621452e-06 
7.239635e-06 
4.945678e-06 
2.451529e-06 
-5.054882e-07 
-3.743327e-06 
-6.578838e-06 
-8.756880e-06 
-1.046778e-05 
-1.193949e-05 
-1.325864e-05 
-1.408334e-05 
-1.408342e-05 
-1.408342e-05 
-1.408342e-05 
-1.408342e-05 
-1.408342e-05 
-1.408342e-05 
-1.408342e-05 
-1.408342e-05 
-1.408342e-05 
-1.408342e-05 
-1.408342e-05 
-1.408342e-05 
-1.408342e-05 
-1.408342e-05 
-1.408342e-05 
-1.408342e-05 
-1.408342e-05 
-1.408342e-05 
-1.408342e-05 
-1.408342e-05 
-1.408342e-05 
-1.408342e-05 
-1.408342e-05 
-1.408342e-05 
-1.408342e-05 
-1.408342e-05 
-1.408342e-05 
-1.408342e-05 
-1.408342e-05 
-1.408342e-05 
-1.408342e-05 
-1.408342e-05 
-1.408342e-05 
-1.408342e-05 
-1.408342e-05 
-1.408342e-05 
-1.408342e-05 
-1.408342e-05 
-1.408342e-05 
-1.408342e-05 
-1.408342e-05 
-1.408342e-05 
-1.408342e-05 
-1.408342e-05 
-1.408342e-05 
-1.408342e-05 
-1.408342e-05 
-1.408342e-05 
-1.408342e-05 
-1.408342e-05 
-1.408342e-05 
-1.408342e-05 
-1.408342e-05 
-1.408342e-05 
-1.408342e-05 
-1.408342e-05 
-1.408342e-05 
-1.408342e-05 
-1.408342e-05 
-1.408342e-05 
-1.408342e-05 
-1.408342e-05 
-1.408322e-05 
-1.390381e-05 
-1.366143e-05 
-1.337845e-05 
-1.304629e-05 
-1.265420e-05 
-1.218858e-05 
-1.163214e-05 
-1.096285e-05 
-1.015201e-05 
-9.161343e-06 
-7.939461e-06 
-6.416809e-06 
-4.498007e-06 
-2.050514e-06 
1.112163e-06 
5.254993e-06 
1.075598e-05 
1.815030e-05 
2.817281e-05 
4.175912e-05 
5.991854e-05 
8.339573e-05 
1.122647e-04 
1.459506e-04 
1.839292e-04 
2.265940e-04 
2.757382e-04 
3.343669e-04 
4.045537e-04 
4.795662e-04 
4.924301e-04 
4.924301e-04 
4.924301e-04 
4.924301e-04 
4.924301e-04 
4.924301e-04 
4.924301e-04 
4.924301e-04 
4.924301e-04 
4.924301e-04 
4.924301e-04 
4.924301e-04 
4.924301e-04 
4.924301e-04 
4.924301e-04 
4.924301e-04 
4.924301e-04 
4.924301e-04 
4.924301e-04 
4.924301e-04 
4.924301e-04 
4.924301e-04 
4.924301e-04 
4.924301e-04 
4.924301e-04 
4.924301e-04 
4.924301e-04 
4.924301e-04 
4.924301e-04 
4.924301e-04 
4.924301e-04 
4.924301e-04 
4.924301e-04 
4.924301e-04 
4.924301e-04 
4.924301e-04 
4.924301e-04 
4.924301e-04 
4.924301e-04 
4.924301e-04 
4.924301e-04 
4.924301e-04 
4.924301e-04 
4.924301e-04 
4.924301e-04 
4.924301e-04 
4.924301e-04 
4.924301e-04 
4.924301e-04 
4.924301e-04 
4.924301e-04 
4.924301e-04 
4.924301e-04 
4.924301e-04 
4.924301e-04 
4.924301e-04 
4.924301e-04 
4.924301e-04 
4.924301e-04 
4.924301e-04 
4.924301e-04 
4.924301e-04 
4.924301e-04 
5.185154e-04 
5.781558e-04 
6.478976e-04 
7.299799e-04 
8.273344e-04 
9.437449e-04 
1.084003e-03 
1.254013e-03 
1.461407e-03 
1.716987e-03 
2.036006e-03 
2.439792e-03 
2.958625e-03 
3.636479e-03 
4.538825e-03 
0.000000e+00 
0.000000e+00 
0.000000e+00 
0.000000e+00 
0.000000e+00 
0.000000e+00 
0.000000e+00 
0.000000e+00
#[#TRACE_DATA]
#[#TRACE]
