Running 1 simulations with a radial tolerance of 0.001000
Running simulation 0
About to start the coherence vector simulation with 700000 samples
3000 samples will be recorded for graphing.
Coherence vector simulation: 0.0Simulation found 2 inputs 1 outputs
It took 9 iterations to converge the initial steady state polarization
Percentage: 0
Percentage: 0.0142857
Percentage: 0.0285714
[0, 1]: Cosine function (hazardous arg): arg: 1.5708, cos: 5.44897e-10
[0, 3]: Cosine function (hazardous arg): arg: 1.5708, cos: 5.44897e-10
[0, 4]: Cosine function (hazardous arg): arg: 1.5708, cos: 5.44897e-10
[0, 5]: Cosine function (hazardous arg): arg: 1.5708, cos: 5.44897e-10
[0, 6]: Cosine function (hazardous arg): arg: 1.5708, cos: 5.44897e-10
[0, 9]: Cosine function (hazardous arg): arg: 1.5708, cos: 5.44897e-10
[0, 14]: Cosine function (hazardous arg): arg: 1.5708, cos: 5.44897e-10
[0, 17]: Cosine function (hazardous arg): arg: 1.5708, cos: 5.44897e-10
[0, 18]: Cosine function (hazardous arg): arg: 1.5708, cos: 5.44897e-10
[0, 21]: Cosine function (hazardous arg): arg: 1.5708, cos: 5.44897e-10
[0, 24]: Cosine function (hazardous arg): arg: 1.5708, cos: 5.44897e-10
[0, 26]: Cosine function (hazardous arg): arg: 1.5708, cos: 5.44897e-10
[0, 27]: Cosine function (hazardous arg): arg: 1.5708, cos: 5.44897e-10
[0, 28]: Cosine function (hazardous arg): arg: 1.5708, cos: 5.44897e-10
[0, 30]: Cosine function (hazardous arg): arg: 1.5708, cos: 5.44897e-10
[0, 31]: Cosine function (hazardous arg): arg: 1.5708, cos: 5.44897e-10
[0, 32]: Cosine function (hazardous arg): arg: 1.5708, cos: 5.44897e-10
[0, 33]: Cosine function (hazardous arg): arg: 1.5708, cos: 5.44897e-10
[0, 35]: Cosine function (hazardous arg): arg: 1.5708, cos: 5.44897e-10
[0, 37]: Cosine function (hazardous arg): arg: 1.5708, cos: 5.44897e-10
Percentage: 0.0428571
Percentage: 0.0571429
[0, 38]: Cosine function (hazardous arg): arg: 1.5708, cos: 1.08979e-09
[0, 39]: Cosine function (hazardous arg): arg: 1.5708, cos: 1.08979e-09
[0, 2]: Cosine function (hazardous arg): arg: 1.5708, cos: 1.08979e-09
[0, 7]: Cosine function (hazardous arg): arg: 1.5708, cos: 1.08979e-09
[0, 10]: Cosine function (hazardous arg): arg: 1.5708, cos: 1.08979e-09
[0, 12]: Cosine function (hazardous arg): arg: 1.5708, cos: 1.08979e-09
[0, 15]: Cosine function (hazardous arg): arg: 1.5708, cos: 1.08979e-09
[0, 20]: Cosine function (hazardous arg): arg: 1.5708, cos: 1.08979e-09
[0, 22]: Cosine function (hazardous arg): arg: 1.5708, cos: 1.08979e-09
[0, 23]: Cosine function (hazardous arg): arg: 1.5708, cos: 1.08979e-09
[0, 29]: Cosine function (hazardous arg): arg: 1.5708, cos: 1.08979e-09
Percentage: 0.0714286
Percentage: 0.0857143
[0, 1]: Cosine function (hazardous arg): arg: 4.71239, cos: -1.63469e-09
[0, 3]: Cosine function (hazardous arg): arg: 4.71239, cos: -1.63469e-09
[0, 4]: Cosine function (hazardous arg): arg: 4.71239, cos: -1.63469e-09
[0, 5]: Cosine function (hazardous arg): arg: 4.71239, cos: -1.63469e-09
[0, 6]: Cosine function (hazardous arg): arg: 4.71239, cos: -1.63469e-09
[0, 9]: Cosine function (hazardous arg): arg: 4.71239, cos: -1.63469e-09
[0, 14]: Cosine function (hazardous arg): arg: 4.71239, cos: -1.63469e-09
[0, 17]: Cosine function (hazardous arg): arg: 4.71239, cos: -1.63469e-09
[0, 18]: Cosine function (hazardous arg): arg: 4.71239, cos: -1.63469e-09
[0, 21]: Cosine function (hazardous arg): arg: 4.71239, cos: -1.63469e-09
[0, 24]: Cosine function (hazardous arg): arg: 4.71239, cos: -1.63469e-09
[0, 26]: Cosine function (hazardous arg): arg: 4.71239, cos: -1.63469e-09
[0, 27]: Cosine function (hazardous arg): arg: 4.71239, cos: -1.63469e-09
[0, 28]: Cosine function (hazardous arg): arg: 4.71239, cos: -1.63469e-09
[0, 30]: Cosine function (hazardous arg): arg: 4.71239, cos: -1.63469e-09
[0, 31]: Cosine function (hazardous arg): arg: 4.71239, cos: -1.63469e-09
[0, 32]: Cosine function (hazardous arg): arg: 4.71239, cos: -1.63469e-09
[0, 33]: Cosine function (hazardous arg): arg: 4.71239, cos: -1.63469e-09
[0, 35]: Cosine function (hazardous arg): arg: 4.71239, cos: -1.63469e-09
[0, 37]: Cosine function (hazardous arg): arg: 4.71239, cos: -1.63469e-09
[0, 8]: Cosine function (hazardous arg): arg: 1.5708, cos: 1.63469e-09
[0, 11]: Cosine function (hazardous arg): arg: 1.5708, cos: 1.63469e-09
[0, 16]: Cosine function (hazardous arg): arg: 1.5708, cos: 1.63469e-09
[0, 19]: Cosine function (hazardous arg): arg: 1.5708, cos: 1.63469e-09
[0, 25]: Cosine function (hazardous arg): arg: 1.5708, cos: 1.63469e-09
Percentage: 0.1
Percentage: 0.114286
[0, 2]: Cosine function (hazardous arg): arg: 4.71239, cos: -2.17959e-09
[0, 7]: Cosine function (hazardous arg): arg: 4.71239, cos: -2.17959e-09
[0, 10]: Cosine function (hazardous arg): arg: 4.71239, cos: -2.17959e-09
[0, 12]: Cosine function (hazardous arg): arg: 4.71239, cos: -2.17959e-09
[0, 15]: Cosine function (hazardous arg): arg: 4.71239, cos: -2.17959e-09
[0, 20]: Cosine function (hazardous arg): arg: 4.71239, cos: -2.17959e-09
[0, 22]: Cosine function (hazardous arg): arg: 4.71239, cos: -2.17959e-09
[0, 23]: Cosine function (hazardous arg): arg: 4.71239, cos: -2.17959e-09
[0, 29]: Cosine function (hazardous arg): arg: 4.71239, cos: -2.17959e-09
[0, 38]: Cosine function (hazardous arg): arg: 4.71239, cos: -2.17959e-09
[0, 39]: Cosine function (hazardous arg): arg: 4.71239, cos: -2.17959e-09
[0, 34]: Cosine function (hazardous arg): arg: 1.5708, cos: 2.17959e-09
[0, 36]: Cosine function (hazardous arg): arg: 1.5708, cos: 2.17959e-09
[0, 0]: Cosine function (hazardous arg): arg: 1.5708, cos: 2.17959e-09
[0, 13]: Cosine function (hazardous arg): arg: 1.5708, cos: 2.17959e-09
Percentage: 0.128571
Percentage: 0.142857
[0, 8]: Cosine function (hazardous arg): arg: 4.71239, cos: -2.72448e-09
[0, 11]: Cosine function (hazardous arg): arg: 4.71239, cos: -2.72448e-09
[0, 16]: Cosine function (hazardous arg): arg: 4.71239, cos: -2.72448e-09
[0, 19]: Cosine function (hazardous arg): arg: 4.71239, cos: -2.72448e-09
[0, 25]: Cosine function (hazardous arg): arg: 4.71239, cos: -2.72448e-09
[0, 32]: Cosine function (hazardous arg): arg: 7.85398, cos: 2.72448e-09
[0, 33]: Cosine function (hazardous arg): arg: 7.85398, cos: 2.72448e-09
[0, 35]: Cosine function (hazardous arg): arg: 7.85398, cos: 2.72448e-09
[0, 37]: Cosine function (hazardous arg): arg: 7.85398, cos: 2.72448e-09
[0, 1]: Cosine function (hazardous arg): arg: 7.85398, cos: 2.72448e-09
[0, 3]: Cosine function (hazardous arg): arg: 7.85398, cos: 2.72448e-09
[0, 4]: Cosine function (hazardous arg): arg: 7.85398, cos: 2.72448e-09
[0, 5]: Cosine function (hazardous arg): arg: 7.85398, cos: 2.72448e-09
[0, 6]: Cosine function (hazardous arg): arg: 7.85398, cos: 2.72448e-09
[0, 9]: Cosine function (hazardous arg): arg: 7.85398, cos: 2.72448e-09
[0, 14]: Cosine function (hazardous arg): arg: 7.85398, cos: 2.72448e-09
[0, 17]: Cosine function (hazardous arg): arg: 7.85398, cos: 2.72448e-09
[0, 18]: Cosine function (hazardous arg): arg: 7.85398, cos: 2.72448e-09
[0, 21]: Cosine function (hazardous arg): arg: 7.85398, cos: 2.72448e-09
[0, 24]: Cosine function (hazardous arg): arg: 7.85398, cos: 2.72448e-09
[0, 26]: Cosine function (hazardous arg): arg: 7.85398, cos: 2.72448e-09
[0, 27]: Cosine function (hazardous arg): arg: 7.85398, cos: 2.72448e-09
[0, 28]: Cosine function (hazardous arg): arg: 7.85398, cos: 2.72448e-09
[0, 30]: Cosine function (hazardous arg): arg: 7.85398, cos: 2.72448e-09
[0, 31]: Cosine function (hazardous arg): arg: 7.85398, cos: 2.72448e-09
Percentage: 0.157143
Percentage: 0.171429
Percentage: 0.185714
[0, 0]: Cosine function (hazardous arg): arg: 4.71239, cos: -3.26938e-09
[0, 13]: Cosine function (hazardous arg): arg: 4.71239, cos: -3.26938e-09
[0, 34]: Cosine function (hazardous arg): arg: 4.71239, cos: -3.26938e-09
[0, 36]: Cosine function (hazardous arg): arg: 4.71239, cos: -3.26938e-09
[0, 38]: Cosine function (hazardous arg): arg: 7.85398, cos: 3.26938e-09
[0, 39]: Cosine function (hazardous arg): arg: 7.85398, cos: 3.26938e-09
[0, 2]: Cosine function (hazardous arg): arg: 7.85398, cos: 3.26938e-09
[0, 7]: Cosine function (hazardous arg): arg: 7.85398, cos: 3.26938e-09
[0, 10]: Cosine function (hazardous arg): arg: 7.85398, cos: 3.26938e-09
[0, 12]: Cosine function (hazardous arg): arg: 7.85398, cos: 3.26938e-09
[0, 15]: Cosine function (hazardous arg): arg: 7.85398, cos: 3.26938e-09
[0, 20]: Cosine function (hazardous arg): arg: 7.85398, cos: 3.26938e-09
[0, 22]: Cosine function (hazardous arg): arg: 7.85398, cos: 3.26938e-09
[0, 23]: Cosine function (hazardous arg): arg: 7.85398, cos: 3.26938e-09
[0, 29]: Cosine function (hazardous arg): arg: 7.85398, cos: 3.26938e-09
Percentage: 0.2
Percentage: 0.214286
[0, 1]: Cosine function (hazardous arg): arg: 10.9956, cos: -3.81428e-09
[0, 3]: Cosine function (hazardous arg): arg: 10.9956, cos: -3.81428e-09
[0, 4]: Cosine function (hazardous arg): arg: 10.9956, cos: -3.81428e-09
[0, 5]: Cosine function (hazardous arg): arg: 10.9956, cos: -3.81428e-09
[0, 6]: Cosine function (hazardous arg): arg: 10.9956, cos: -3.81428e-09
[0, 9]: Cosine function (hazardous arg): arg: 10.9956, cos: -3.81428e-09
[0, 14]: Cosine function (hazardous arg): arg: 10.9956, cos: -3.81428e-09
[0, 17]: Cosine function (hazardous arg): arg: 10.9956, cos: -3.81428e-09
[0, 18]: Cosine function (hazardous arg): arg: 10.9956, cos: -3.81428e-09
[0, 21]: Cosine function (hazardous arg): arg: 10.9956, cos: -3.81428e-09
[0, 24]: Cosine function (hazardous arg): arg: 10.9956, cos: -3.81428e-09
[0, 26]: Cosine function (hazardous arg): arg: 10.9956, cos: -3.81428e-09
[0, 27]: Cosine function (hazardous arg): arg: 10.9956, cos: -3.81428e-09
[0, 28]: Cosine function (hazardous arg): arg: 10.9956, cos: -3.81428e-09
[0, 30]: Cosine function (hazardous arg): arg: 10.9956, cos: -3.81428e-09
[0, 31]: Cosine function (hazardous arg): arg: 10.9956, cos: -3.81428e-09
[0, 32]: Cosine function (hazardous arg): arg: 10.9956, cos: -3.81428e-09
[0, 33]: Cosine function (hazardous arg): arg: 10.9956, cos: -3.81428e-09
[0, 35]: Cosine function (hazardous arg): arg: 10.9956, cos: -3.81428e-09
[0, 37]: Cosine function (hazardous arg): arg: 10.9956, cos: -3.81428e-09
[0, 8]: Cosine function (hazardous arg): arg: 7.85398, cos: 3.81428e-09
[0, 11]: Cosine function (hazardous arg): arg: 7.85398, cos: 3.81428e-09
[0, 16]: Cosine function (hazardous arg): arg: 7.85398, cos: 3.81428e-09
[0, 19]: Cosine function (hazardous arg): arg: 7.85398, cos: 3.81428e-09
[0, 25]: Cosine function (hazardous arg): arg: 7.85398, cos: 3.81428e-09
Percentage: 0.228571
Percentage: 0.242857
[0, 38]: Cosine function (hazardous arg): arg: 10.9956, cos: -4.35917e-09
[0, 39]: Cosine function (hazardous arg): arg: 10.9956, cos: -4.35917e-09
[0, 2]: Cosine function (hazardous arg): arg: 10.9956, cos: -4.35917e-09
[0, 7]: Cosine function (hazardous arg): arg: 10.9956, cos: -4.35917e-09
[0, 10]: Cosine function (hazardous arg): arg: 10.9956, cos: -4.35917e-09
[0, 12]: Cosine function (hazardous arg): arg: 10.9956, cos: -4.35917e-09
[0, 15]: Cosine function (hazardous arg): arg: 10.9956, cos: -4.35917e-09
[0, 20]: Cosine function (hazardous arg): arg: 10.9956, cos: -4.35917e-09
[0, 22]: Cosine function (hazardous arg): arg: 10.9956, cos: -4.35917e-09
[0, 23]: Cosine function (hazardous arg): arg: 10.9956, cos: -4.35917e-09
[0, 29]: Cosine function (hazardous arg): arg: 10.9956, cos: -4.35917e-09
[0, 34]: Cosine function (hazardous arg): arg: 7.85398, cos: 4.35917e-09
[0, 36]: Cosine function (hazardous arg): arg: 7.85398, cos: 4.35917e-09
[0, 0]: Cosine function (hazardous arg): arg: 7.85398, cos: 4.35917e-09
[0, 13]: Cosine function (hazardous arg): arg: 7.85398, cos: 4.35917e-09
Percentage: 0.257143
Percentage: 0.271429
[0, 8]: Cosine function (hazardous arg): arg: 10.9956, cos: -4.90407e-09
[0, 11]: Cosine function (hazardous arg): arg: 10.9956, cos: -4.90407e-09
[0, 16]: Cosine function (hazardous arg): arg: 10.9956, cos: -4.90407e-09
[0, 19]: Cosine function (hazardous arg): arg: 10.9956, cos: -4.90407e-09
[0, 25]: Cosine function (hazardous arg): arg: 10.9956, cos: -4.90407e-09
[0, 32]: Cosine function (hazardous arg): arg: 14.1372, cos: 4.90407e-09
[0, 33]: Cosine function (hazardous arg): arg: 14.1372, cos: 4.90407e-09
[0, 35]: Cosine function (hazardous arg): arg: 14.1372, cos: 4.90407e-09
[0, 37]: Cosine function (hazardous arg): arg: 14.1372, cos: 4.90407e-09
[0, 1]: Cosine function (hazardous arg): arg: 14.1372, cos: 4.90407e-09
[0, 3]: Cosine function (hazardous arg): arg: 14.1372, cos: 4.90407e-09
[0, 4]: Cosine function (hazardous arg): arg: 14.1372, cos: 4.90407e-09
[0, 5]: Cosine function (hazardous arg): arg: 14.1372, cos: 4.90407e-09
[0, 6]: Cosine function (hazardous arg): arg: 14.1372, cos: 4.90407e-09
[0, 9]: Cosine function (hazardous arg): arg: 14.1372, cos: 4.90407e-09
[0, 14]: Cosine function (hazardous arg): arg: 14.1372, cos: 4.90407e-09
[0, 17]: Cosine function (hazardous arg): arg: 14.1372, cos: 4.90407e-09
[0, 18]: Cosine function (hazardous arg): arg: 14.1372, cos: 4.90407e-09
[0, 21]: Cosine function (hazardous arg): arg: 14.1372, cos: 4.90407e-09
[0, 24]: Cosine function (hazardous arg): arg: 14.1372, cos: 4.90407e-09
[0, 26]: Cosine function (hazardous arg): arg: 14.1372, cos: 4.90407e-09
[0, 27]: Cosine function (hazardous arg): arg: 14.1372, cos: 4.90407e-09
[0, 28]: Cosine function (hazardous arg): arg: 14.1372, cos: 4.90407e-09
[0, 30]: Cosine function (hazardous arg): arg: 14.1372, cos: 4.90407e-09
[0, 31]: Cosine function (hazardous arg): arg: 14.1372, cos: 4.90407e-09
Percentage: 0.285714
Percentage: 0.3
[0, 0]: Cosine function (hazardous arg): arg: 10.9956, cos: -5.44897e-09
[0, 13]: Cosine function (hazardous arg): arg: 10.9956, cos: -5.44897e-09
[0, 34]: Cosine function (hazardous arg): arg: 10.9956, cos: -5.44897e-09
[0, 36]: Cosine function (hazardous arg): arg: 10.9956, cos: -5.44897e-09
[0, 2]: Cosine function (hazardous arg): arg: 14.1372, cos: 5.44897e-09
[0, 7]: Cosine function (hazardous arg): arg: 14.1372, cos: 5.44897e-09
[0, 10]: Cosine function (hazardous arg): arg: 14.1372, cos: 5.44897e-09
[0, 12]: Cosine function (hazardous arg): arg: 14.1372, cos: 5.44897e-09
[0, 15]: Cosine function (hazardous arg): arg: 14.1372, cos: 5.44897e-09
[0, 20]: Cosine function (hazardous arg): arg: 14.1372, cos: 5.44897e-09
[0, 22]: Cosine function (hazardous arg): arg: 14.1372, cos: 5.44897e-09
[0, 23]: Cosine function (hazardous arg): arg: 14.1372, cos: 5.44897e-09
[0, 29]: Cosine function (hazardous arg): arg: 14.1372, cos: 5.44897e-09
[0, 38]: Cosine function (hazardous arg): arg: 14.1372, cos: 5.44897e-09
[0, 39]: Cosine function (hazardous arg): arg: 14.1372, cos: 5.44897e-09
Percentage: 0.314286
Percentage: 0.328571
Percentage: 0.342857
[0, 1]: Cosine function (hazardous arg): arg: 17.2788, cos: -5.99386e-09
[0, 3]: Cosine function (hazardous arg): arg: 17.2788, cos: -5.99386e-09
[0, 4]: Cosine function (hazardous arg): arg: 17.2788, cos: -5.99386e-09
[0, 5]: Cosine function (hazardous arg): arg: 17.2788, cos: -5.99386e-09
[0, 6]: Cosine function (hazardous arg): arg: 17.2788, cos: -5.99386e-09
[0, 9]: Cosine function (hazardous arg): arg: 17.2788, cos: -5.99386e-09
[0, 14]: Cosine function (hazardous arg): arg: 17.2788, cos: -5.99386e-09
[0, 17]: Cosine function (hazardous arg): arg: 17.2788, cos: -5.99386e-09
[0, 18]: Cosine function (hazardous arg): arg: 17.2788, cos: -5.99386e-09
[0, 21]: Cosine function (hazardous arg): arg: 17.2788, cos: -5.99386e-09
[0, 24]: Cosine function (hazardous arg): arg: 17.2788, cos: -5.99386e-09
[0, 26]: Cosine function (hazardous arg): arg: 17.2788, cos: -5.99386e-09
[0, 27]: Cosine function (hazardous arg): arg: 17.2788, cos: -5.99386e-09
[0, 28]: Cosine function (hazardous arg): arg: 17.2788, cos: -5.99386e-09
[0, 30]: Cosine function (hazardous arg): arg: 17.2788, cos: -5.99386e-09
[0, 31]: Cosine function (hazardous arg): arg: 17.2788, cos: -5.99386e-09
[0, 32]: Cosine function (hazardous arg): arg: 17.2788, cos: -5.99386e-09
[0, 33]: Cosine function (hazardous arg): arg: 17.2788, cos: -5.99386e-09
[0, 35]: Cosine function (hazardous arg): arg: 17.2788, cos: -5.99386e-09
[0, 37]: Cosine function (hazardous arg): arg: 17.2788, cos: -5.99386e-09
[0, 8]: Cosine function (hazardous arg): arg: 14.1372, cos: 5.99386e-09
[0, 11]: Cosine function (hazardous arg): arg: 14.1372, cos: 5.99386e-09
[0, 16]: Cosine function (hazardous arg): arg: 14.1372, cos: 5.99386e-09
[0, 19]: Cosine function (hazardous arg): arg: 14.1372, cos: 5.99386e-09
[0, 25]: Cosine function (hazardous arg): arg: 14.1372, cos: 5.99386e-09
Percentage: 0.357143
Percentage: 0.371429
[0, 38]: Cosine function (hazardous arg): arg: 17.2788, cos: -6.53876e-09
[0, 39]: Cosine function (hazardous arg): arg: 17.2788, cos: -6.53876e-09
[0, 2]: Cosine function (hazardous arg): arg: 17.2788, cos: -6.53876e-09
[0, 7]: Cosine function (hazardous arg): arg: 17.2788, cos: -6.53876e-09
[0, 10]: Cosine function (hazardous arg): arg: 17.2788, cos: -6.53876e-09
[0, 12]: Cosine function (hazardous arg): arg: 17.2788, cos: -6.53876e-09
[0, 15]: Cosine function (hazardous arg): arg: 17.2788, cos: -6.53876e-09
[0, 20]: Cosine function (hazardous arg): arg: 17.2788, cos: -6.53876e-09
[0, 22]: Cosine function (hazardous arg): arg: 17.2788, cos: -6.53876e-09
[0, 23]: Cosine function (hazardous arg): arg: 17.2788, cos: -6.53876e-09
[0, 29]: Cosine function (hazardous arg): arg: 17.2788, cos: -6.53876e-09
[0, 34]: Cosine function (hazardous arg): arg: 14.1372, cos: 6.53876e-09
[0, 36]: Cosine function (hazardous arg): arg: 14.1372, cos: 6.53876e-09
[0, 0]: Cosine function (hazardous arg): arg: 14.1372, cos: 6.53876e-09
[0, 13]: Cosine function (hazardous arg): arg: 14.1372, cos: 6.53876e-09
Percentage: 0.385714
Percentage: 0.4
[0, 32]: Cosine function (hazardous arg): arg: 20.4204, cos: 7.08366e-09
[0, 33]: Cosine function (hazardous arg): arg: 20.4204, cos: 7.08366e-09
[0, 35]: Cosine function (hazardous arg): arg: 20.4204, cos: 7.08366e-09
[0, 37]: Cosine function (hazardous arg): arg: 20.4204, cos: 7.08366e-09
[0, 8]: Cosine function (hazardous arg): arg: 17.2788, cos: -7.08366e-09
[0, 11]: Cosine function (hazardous arg): arg: 17.2788, cos: -7.08366e-09
[0, 16]: Cosine function (hazardous arg): arg: 17.2788, cos: -7.08366e-09
[0, 19]: Cosine function (hazardous arg): arg: 17.2788, cos: -7.08366e-09
[0, 25]: Cosine function (hazardous arg): arg: 17.2788, cos: -7.08366e-09
[0, 1]: Cosine function (hazardous arg): arg: 20.4204, cos: 7.08366e-09
[0, 3]: Cosine function (hazardous arg): arg: 20.4204, cos: 7.08366e-09
[0, 4]: Cosine function (hazardous arg): arg: 20.4204, cos: 7.08366e-09
[0, 5]: Cosine function (hazardous arg): arg: 20.4204, cos: 7.08366e-09
[0, 6]: Cosine function (hazardous arg): arg: 20.4204, cos: 7.08366e-09
[0, 9]: Cosine function (hazardous arg): arg: 20.4204, cos: 7.08366e-09
[0, 14]: Cosine function (hazardous arg): arg: 20.4204, cos: 7.08366e-09
[0, 17]: Cosine function (hazardous arg): arg: 20.4204, cos: 7.08366e-09
[0, 18]: Cosine function (hazardous arg): arg: 20.4204, cos: 7.08366e-09
[0, 21]: Cosine function (hazardous arg): arg: 20.4204, cos: 7.08366e-09
[0, 24]: Cosine function (hazardous arg): arg: 20.4204, cos: 7.08366e-09
[0, 26]: Cosine function (hazardous arg): arg: 20.4204, cos: 7.08366e-09
[0, 27]: Cosine function (hazardous arg): arg: 20.4204, cos: 7.08366e-09
[0, 28]: Cosine function (hazardous arg): arg: 20.4204, cos: 7.08366e-09
[0, 30]: Cosine function (hazardous arg): arg: 20.4204, cos: 7.08366e-09
[0, 31]: Cosine function (hazardous arg): arg: 20.4204, cos: 7.08366e-09
Percentage: 0.414286
Percentage: 0.428571
[0, 34]: Cosine function (hazardous arg): arg: 17.2788, cos: -7.62855e-09
[0, 36]: Cosine function (hazardous arg): arg: 17.2788, cos: -7.62855e-09
[0, 0]: Cosine function (hazardous arg): arg: 17.2788, cos: -7.62855e-09
[0, 13]: Cosine function (hazardous arg): arg: 17.2788, cos: -7.62855e-09
[0, 38]: Cosine function (hazardous arg): arg: 20.4204, cos: 7.62855e-09
[0, 39]: Cosine function (hazardous arg): arg: 20.4204, cos: 7.62855e-09
[0, 2]: Cosine function (hazardous arg): arg: 20.4204, cos: 7.62855e-09
[0, 7]: Cosine function (hazardous arg): arg: 20.4204, cos: 7.62855e-09
[0, 10]: Cosine function (hazardous arg): arg: 20.4204, cos: 7.62855e-09
[0, 12]: Cosine function (hazardous arg): arg: 20.4204, cos: 7.62855e-09
[0, 15]: Cosine function (hazardous arg): arg: 20.4204, cos: 7.62855e-09
[0, 20]: Cosine function (hazardous arg): arg: 20.4204, cos: 7.62855e-09
[0, 22]: Cosine function (hazardous arg): arg: 20.4204, cos: 7.62855e-09
[0, 23]: Cosine function (hazardous arg): arg: 20.4204, cos: 7.62855e-09
[0, 29]: Cosine function (hazardous arg): arg: 20.4204, cos: 7.62855e-09
Percentage: 0.442857
Percentage: 0.457143
[0, 1]: Cosine function (hazardous arg): arg: 23.5619, cos: -8.17345e-09
[0, 3]: Cosine function (hazardous arg): arg: 23.5619, cos: -8.17345e-09
[0, 4]: Cosine function (hazardous arg): arg: 23.5619, cos: -8.17345e-09
[0, 5]: Cosine function (hazardous arg): arg: 23.5619, cos: -8.17345e-09
[0, 6]: Cosine function (hazardous arg): arg: 23.5619, cos: -8.17345e-09
[0, 9]: Cosine function (hazardous arg): arg: 23.5619, cos: -8.17345e-09
[0, 14]: Cosine function (hazardous arg): arg: 23.5619, cos: -8.17345e-09
[0, 17]: Cosine function (hazardous arg): arg: 23.5619, cos: -8.17345e-09
[0, 18]: Cosine function (hazardous arg): arg: 23.5619, cos: -8.17345e-09
[0, 21]: Cosine function (hazardous arg): arg: 23.5619, cos: -8.17345e-09
[0, 24]: Cosine function (hazardous arg): arg: 23.5619, cos: -8.17345e-09
[0, 26]: Cosine function (hazardous arg): arg: 23.5619, cos: -8.17345e-09
[0, 27]: Cosine function (hazardous arg): arg: 23.5619, cos: -8.17345e-09
[0, 28]: Cosine function (hazardous arg): arg: 23.5619, cos: -8.17345e-09
[0, 30]: Cosine function (hazardous arg): arg: 23.5619, cos: -8.17345e-09
[0, 31]: Cosine function (hazardous arg): arg: 23.5619, cos: -8.17345e-09
[0, 32]: Cosine function (hazardous arg): arg: 23.5619, cos: -8.17345e-09
[0, 33]: Cosine function (hazardous arg): arg: 23.5619, cos: -8.17345e-09
[0, 35]: Cosine function (hazardous arg): arg: 23.5619, cos: -8.17345e-09
[0, 37]: Cosine function (hazardous arg): arg: 23.5619, cos: -8.17345e-09
[0, 8]: Cosine function (hazardous arg): arg: 20.4204, cos: 8.17345e-09
[0, 11]: Cosine function (hazardous arg): arg: 20.4204, cos: 8.17345e-09
[0, 16]: Cosine function (hazardous arg): arg: 20.4204, cos: 8.17345e-09
[0, 19]: Cosine function (hazardous arg): arg: 20.4204, cos: 8.17345e-09
[0, 25]: Cosine function (hazardous arg): arg: 20.4204, cos: 8.17345e-09
Percentage: 0.471429
Percentage: 0.485714
Percentage: 0.5
[0, 38]: Cosine function (hazardous arg): arg: 23.5619, cos: -8.71834e-09
[0, 39]: Cosine function (hazardous arg): arg: 23.5619, cos: -8.71834e-09
[0, 2]: Cosine function (hazardous arg): arg: 23.5619, cos: -8.71834e-09
[0, 7]: Cosine function (hazardous arg): arg: 23.5619, cos: -8.71834e-09
[0, 10]: Cosine function (hazardous arg): arg: 23.5619, cos: -8.71834e-09
[0, 12]: Cosine function (hazardous arg): arg: 23.5619, cos: -8.71834e-09
[0, 15]: Cosine function (hazardous arg): arg: 23.5619, cos: -8.71834e-09
[0, 20]: Cosine function (hazardous arg): arg: 23.5619, cos: -8.71834e-09
[0, 22]: Cosine function (hazardous arg): arg: 23.5619, cos: -8.71834e-09
[0, 23]: Cosine function (hazardous arg): arg: 23.5619, cos: -8.71834e-09
[0, 29]: Cosine function (hazardous arg): arg: 23.5619, cos: -8.71834e-09
[0, 34]: Cosine function (hazardous arg): arg: 20.4204, cos: 8.71834e-09
[0, 36]: Cosine function (hazardous arg): arg: 20.4204, cos: 8.71834e-09
[0, 0]: Cosine function (hazardous arg): arg: 20.4204, cos: 8.71834e-09
[0, 13]: Cosine function (hazardous arg): arg: 20.4204, cos: 8.71834e-09
Percentage: 0.514286
Percentage: 0.528571
[0, 8]: Cosine function (hazardous arg): arg: 23.5619, cos: -9.26324e-09
[0, 11]: Cosine function (hazardous arg): arg: 23.5619, cos: -9.26324e-09
[0, 16]: Cosine function (hazardous arg): arg: 23.5619, cos: -9.26324e-09
[0, 19]: Cosine function (hazardous arg): arg: 23.5619, cos: -9.26324e-09
[0, 25]: Cosine function (hazardous arg): arg: 23.5619, cos: -9.26324e-09
[0, 32]: Cosine function (hazardous arg): arg: 26.7035, cos: 9.26324e-09
[0, 33]: Cosine function (hazardous arg): arg: 26.7035, cos: 9.26324e-09
[0, 35]: Cosine function (hazardous arg): arg: 26.7035, cos: 9.26324e-09
[0, 37]: Cosine function (hazardous arg): arg: 26.7035, cos: 9.26324e-09
[0, 1]: Cosine function (hazardous arg): arg: 26.7035, cos: 9.26324e-09
[0, 3]: Cosine function (hazardous arg): arg: 26.7035, cos: 9.26324e-09
[0, 4]: Cosine function (hazardous arg): arg: 26.7035, cos: 9.26324e-09
[0, 5]: Cosine function (hazardous arg): arg: 26.7035, cos: 9.26324e-09
[0, 6]: Cosine function (hazardous arg): arg: 26.7035, cos: 9.26324e-09
[0, 9]: Cosine function (hazardous arg): arg: 26.7035, cos: 9.26324e-09
[0, 14]: Cosine function (hazardous arg): arg: 26.7035, cos: 9.26324e-09
[0, 17]: Cosine function (hazardous arg): arg: 26.7035, cos: 9.26324e-09
[0, 18]: Cosine function (hazardous arg): arg: 26.7035, cos: 9.26324e-09
[0, 21]: Cosine function (hazardous arg): arg: 26.7035, cos: 9.26324e-09
[0, 24]: Cosine function (hazardous arg): arg: 26.7035, cos: 9.26324e-09
[0, 26]: Cosine function (hazardous arg): arg: 26.7035, cos: 9.26324e-09
[0, 27]: Cosine function (hazardous arg): arg: 26.7035, cos: 9.26324e-09
[0, 28]: Cosine function (hazardous arg): arg: 26.7035, cos: 9.26324e-09
[0, 30]: Cosine function (hazardous arg): arg: 26.7035, cos: 9.26324e-09
[0, 31]: Cosine function (hazardous arg): arg: 26.7035, cos: 9.26324e-09
Percentage: 0.542857
Percentage: 0.557143
[0, 34]: Cosine function (hazardous arg): arg: 23.5619, cos: -9.80814e-09
[0, 36]: Cosine function (hazardous arg): arg: 23.5619, cos: -9.80814e-09
[0, 0]: Cosine function (hazardous arg): arg: 23.5619, cos: -9.80814e-09
[0, 13]: Cosine function (hazardous arg): arg: 23.5619, cos: -9.80814e-09
[0, 2]: Cosine function (hazardous arg): arg: 26.7035, cos: 9.80814e-09
[0, 7]: Cosine function (hazardous arg): arg: 26.7035, cos: 9.80814e-09
[0, 10]: Cosine function (hazardous arg): arg: 26.7035, cos: 9.80814e-09
[0, 12]: Cosine function (hazardous arg): arg: 26.7035, cos: 9.80814e-09
[0, 15]: Cosine function (hazardous arg): arg: 26.7035, cos: 9.80814e-09
[0, 20]: Cosine function (hazardous arg): arg: 26.7035, cos: 9.80814e-09
[0, 22]: Cosine function (hazardous arg): arg: 26.7035, cos: 9.80814e-09
[0, 23]: Cosine function (hazardous arg): arg: 26.7035, cos: 9.80814e-09
[0, 29]: Cosine function (hazardous arg): arg: 26.7035, cos: 9.80814e-09
[0, 38]: Cosine function (hazardous arg): arg: 26.7035, cos: 9.80814e-09
[0, 39]: Cosine function (hazardous arg): arg: 26.7035, cos: 9.80814e-09
Percentage: 0.571429
Percentage: 0.585714
[0, 1]: Cosine function (hazardous arg): arg: 29.8451, cos: -1.0353e-08
[0, 3]: Cosine function (hazardous arg): arg: 29.8451, cos: -1.0353e-08
[0, 4]: Cosine function (hazardous arg): arg: 29.8451, cos: -1.0353e-08
[0, 5]: Cosine function (hazardous arg): arg: 29.8451, cos: -1.0353e-08
[0, 6]: Cosine function (hazardous arg): arg: 29.8451, cos: -1.0353e-08
[0, 9]: Cosine function (hazardous arg): arg: 29.8451, cos: -1.0353e-08
[0, 14]: Cosine function (hazardous arg): arg: 29.8451, cos: -1.0353e-08
[0, 17]: Cosine function (hazardous arg): arg: 29.8451, cos: -1.0353e-08
[0, 18]: Cosine function (hazardous arg): arg: 29.8451, cos: -1.0353e-08
[0, 21]: Cosine function (hazardous arg): arg: 29.8451, cos: -1.0353e-08
[0, 24]: Cosine function (hazardous arg): arg: 29.8451, cos: -1.0353e-08
[0, 26]: Cosine function (hazardous arg): arg: 29.8451, cos: -1.0353e-08
[0, 27]: Cosine function (hazardous arg): arg: 29.8451, cos: -1.0353e-08
[0, 28]: Cosine function (hazardous arg): arg: 29.8451, cos: -1.0353e-08
[0, 30]: Cosine function (hazardous arg): arg: 29.8451, cos: -1.0353e-08
[0, 31]: Cosine function (hazardous arg): arg: 29.8451, cos: -1.0353e-08
[0, 32]: Cosine function (hazardous arg): arg: 29.8451, cos: -1.0353e-08
[0, 33]: Cosine function (hazardous arg): arg: 29.8451, cos: -1.0353e-08
[0, 35]: Cosine function (hazardous arg): arg: 29.8451, cos: -1.0353e-08
[0, 37]: Cosine function (hazardous arg): arg: 29.8451, cos: -1.0353e-08
[0, 8]: Cosine function (hazardous arg): arg: 26.7035, cos: 1.0353e-08
[0, 11]: Cosine function (hazardous arg): arg: 26.7035, cos: 1.0353e-08
[0, 16]: Cosine function (hazardous arg): arg: 26.7035, cos: 1.0353e-08
[0, 19]: Cosine function (hazardous arg): arg: 26.7035, cos: 1.0353e-08
[0, 25]: Cosine function (hazardous arg): arg: 26.7035, cos: 1.0353e-08
Percentage: 0.6
Percentage: 0.614286
[0, 38]: Cosine function (hazardous arg): arg: 29.8451, cos: -1.08979e-08
[0, 39]: Cosine function (hazardous arg): arg: 29.8451, cos: -1.08979e-08
[0, 2]: Cosine function (hazardous arg): arg: 29.8451, cos: -1.08979e-08
[0, 7]: Cosine function (hazardous arg): arg: 29.8451, cos: -1.08979e-08
[0, 10]: Cosine function (hazardous arg): arg: 29.8451, cos: -1.08979e-08
[0, 12]: Cosine function (hazardous arg): arg: 29.8451, cos: -1.08979e-08
[0, 15]: Cosine function (hazardous arg): arg: 29.8451, cos: -1.08979e-08
[0, 20]: Cosine function (hazardous arg): arg: 29.8451, cos: -1.08979e-08
[0, 22]: Cosine function (hazardous arg): arg: 29.8451, cos: -1.08979e-08
[0, 23]: Cosine function (hazardous arg): arg: 29.8451, cos: -1.08979e-08
[0, 29]: Cosine function (hazardous arg): arg: 29.8451, cos: -1.08979e-08
[0, 34]: Cosine function (hazardous arg): arg: 26.7035, cos: 1.08979e-08
[0, 36]: Cosine function (hazardous arg): arg: 26.7035, cos: 1.08979e-08
[0, 0]: Cosine function (hazardous arg): arg: 26.7035, cos: 1.08979e-08
[0, 13]: Cosine function (hazardous arg): arg: 26.7035, cos: 1.08979e-08
Percentage: 0.628571
Percentage: 0.642857
[0, 32]: Cosine function (hazardous arg): arg: 32.9867, cos: 1.14428e-08
[0, 33]: Cosine function (hazardous arg): arg: 32.9867, cos: 1.14428e-08
[0, 35]: Cosine function (hazardous arg): arg: 32.9867, cos: 1.14428e-08
[0, 37]: Cosine function (hazardous arg): arg: 32.9867, cos: 1.14428e-08
[0, 8]: Cosine function (hazardous arg): arg: 29.8451, cos: -1.14428e-08
[0, 11]: Cosine function (hazardous arg): arg: 29.8451, cos: -1.14428e-08
[0, 16]: Cosine function (hazardous arg): arg: 29.8451, cos: -1.14428e-08
[0, 19]: Cosine function (hazardous arg): arg: 29.8451, cos: -1.14428e-08
[0, 25]: Cosine function (hazardous arg): arg: 29.8451, cos: -1.14428e-08
[0, 1]: Cosine function (hazardous arg): arg: 32.9867, cos: 1.14428e-08
[0, 3]: Cosine function (hazardous arg): arg: 32.9867, cos: 1.14428e-08
[0, 4]: Cosine function (hazardous arg): arg: 32.9867, cos: 1.14428e-08
[0, 5]: Cosine function (hazardous arg): arg: 32.9867, cos: 1.14428e-08
[0, 6]: Cosine function (hazardous arg): arg: 32.9867, cos: 1.14428e-08
[0, 9]: Cosine function (hazardous arg): arg: 32.9867, cos: 1.14428e-08
[0, 14]: Cosine function (hazardous arg): arg: 32.9867, cos: 1.14428e-08
[0, 17]: Cosine function (hazardous arg): arg: 32.9867, cos: 1.14428e-08
[0, 18]: Cosine function (hazardous arg): arg: 32.9867, cos: 1.14428e-08
[0, 21]: Cosine function (hazardous arg): arg: 32.9867, cos: 1.14428e-08
[0, 24]: Cosine function (hazardous arg): arg: 32.9867, cos: 1.14428e-08
[0, 26]: Cosine function (hazardous arg): arg: 32.9867, cos: 1.14428e-08
[0, 27]: Cosine function (hazardous arg): arg: 32.9867, cos: 1.14428e-08
[0, 28]: Cosine function (hazardous arg): arg: 32.9867, cos: 1.14428e-08
[0, 30]: Cosine function (hazardous arg): arg: 32.9867, cos: 1.14428e-08
[0, 31]: Cosine function (hazardous arg): arg: 32.9867, cos: 1.14428e-08
Percentage: 0.657143
Percentage: 0.671429
Percentage: 0.685714
[0, 0]: Cosine function (hazardous arg): arg: 29.8451, cos: -1.19877e-08
[0, 13]: Cosine function (hazardous arg): arg: 29.8451, cos: -1.19877e-08
[0, 34]: Cosine function (hazardous arg): arg: 29.8451, cos: -1.19877e-08
[0, 36]: Cosine function (hazardous arg): arg: 29.8451, cos: -1.19877e-08
[0, 2]: Cosine function (hazardous arg): arg: 32.9867, cos: 1.19877e-08
[0, 7]: Cosine function (hazardous arg): arg: 32.9867, cos: 1.19877e-08
[0, 10]: Cosine function (hazardous arg): arg: 32.9867, cos: 1.19877e-08
[0, 12]: Cosine function (hazardous arg): arg: 32.9867, cos: 1.19877e-08
[0, 15]: Cosine function (hazardous arg): arg: 32.9867, cos: 1.19877e-08
[0, 20]: Cosine function (hazardous arg): arg: 32.9867, cos: 1.19877e-08
[0, 22]: Cosine function (hazardous arg): arg: 32.9867, cos: 1.19877e-08
[0, 23]: Cosine function (hazardous arg): arg: 32.9867, cos: 1.19877e-08
[0, 29]: Cosine function (hazardous arg): arg: 32.9867, cos: 1.19877e-08
[0, 38]: Cosine function (hazardous arg): arg: 32.9867, cos: 1.19877e-08
[0, 39]: Cosine function (hazardous arg): arg: 32.9867, cos: 1.19877e-08
Percentage: 0.7
Percentage: 0.714286
[0, 32]: Cosine function (hazardous arg): arg: 36.1283, cos: -1.25326e-08
[0, 33]: Cosine function (hazardous arg): arg: 36.1283, cos: -1.25326e-08
[0, 35]: Cosine function (hazardous arg): arg: 36.1283, cos: -1.25326e-08
[0, 37]: Cosine function (hazardous arg): arg: 36.1283, cos: -1.25326e-08
[0, 1]: Cosine function (hazardous arg): arg: 36.1283, cos: -1.25326e-08
[0, 3]: Cosine function (hazardous arg): arg: 36.1283, cos: -1.25326e-08
[0, 4]: Cosine function (hazardous arg): arg: 36.1283, cos: -1.25326e-08
[0, 5]: Cosine function (hazardous arg): arg: 36.1283, cos: -1.25326e-08
[0, 6]: Cosine function (hazardous arg): arg: 36.1283, cos: -1.25326e-08
[0, 9]: Cosine function (hazardous arg): arg: 36.1283, cos: -1.25326e-08
[0, 14]: Cosine function (hazardous arg): arg: 36.1283, cos: -1.25326e-08
[0, 17]: Cosine function (hazardous arg): arg: 36.1283, cos: -1.25326e-08
[0, 18]: Cosine function (hazardous arg): arg: 36.1283, cos: -1.25326e-08
[0, 21]: Cosine function (hazardous arg): arg: 36.1283, cos: -1.25326e-08
[0, 24]: Cosine function (hazardous arg): arg: 36.1283, cos: -1.25326e-08
[0, 26]: Cosine function (hazardous arg): arg: 36.1283, cos: -1.25326e-08
[0, 27]: Cosine function (hazardous arg): arg: 36.1283, cos: -1.25326e-08
[0, 28]: Cosine function (hazardous arg): arg: 36.1283, cos: -1.25326e-08
[0, 30]: Cosine function (hazardous arg): arg: 36.1283, cos: -1.25326e-08
[0, 31]: Cosine function (hazardous arg): arg: 36.1283, cos: -1.25326e-08
[0, 8]: Cosine function (hazardous arg): arg: 32.9867, cos: 1.25326e-08
[0, 11]: Cosine function (hazardous arg): arg: 32.9867, cos: 1.25326e-08
[0, 16]: Cosine function (hazardous arg): arg: 32.9867, cos: 1.25326e-08
[0, 19]: Cosine function (hazardous arg): arg: 32.9867, cos: 1.25326e-08
[0, 25]: Cosine function (hazardous arg): arg: 32.9867, cos: 1.25326e-08
Percentage: 0.728571
Percentage: 0.742857
[0, 2]: Cosine function (hazardous arg): arg: 36.1283, cos: -1.30775e-08
[0, 7]: Cosine function (hazardous arg): arg: 36.1283, cos: -1.30775e-08
[0, 10]: Cosine function (hazardous arg): arg: 36.1283, cos: -1.30775e-08
[0, 12]: Cosine function (hazardous arg): arg: 36.1283, cos: -1.30775e-08
[0, 15]: Cosine function (hazardous arg): arg: 36.1283, cos: -1.30775e-08
[0, 20]: Cosine function (hazardous arg): arg: 36.1283, cos: -1.30775e-08
[0, 22]: Cosine function (hazardous arg): arg: 36.1283, cos: -1.30775e-08
[0, 23]: Cosine function (hazardous arg): arg: 36.1283, cos: -1.30775e-08
[0, 29]: Cosine function (hazardous arg): arg: 36.1283, cos: -1.30775e-08
[0, 38]: Cosine function (hazardous arg): arg: 36.1283, cos: -1.30775e-08
[0, 39]: Cosine function (hazardous arg): arg: 36.1283, cos: -1.30775e-08
[0, 34]: Cosine function (hazardous arg): arg: 32.9867, cos: 1.30775e-08
[0, 36]: Cosine function (hazardous arg): arg: 32.9867, cos: 1.30775e-08
[0, 0]: Cosine function (hazardous arg): arg: 32.9867, cos: 1.30775e-08
[0, 13]: Cosine function (hazardous arg): arg: 32.9867, cos: 1.30775e-08
Percentage: 0.757143
Percentage: 0.771429
[0, 32]: Cosine function (hazardous arg): arg: 39.2699, cos: 1.36224e-08
[0, 33]: Cosine function (hazardous arg): arg: 39.2699, cos: 1.36224e-08
[0, 35]: Cosine function (hazardous arg): arg: 39.2699, cos: 1.36224e-08
[0, 37]: Cosine function (hazardous arg): arg: 39.2699, cos: 1.36224e-08
[0, 8]: Cosine function (hazardous arg): arg: 36.1283, cos: -1.36224e-08
[0, 11]: Cosine function (hazardous arg): arg: 36.1283, cos: -1.36224e-08
[0, 16]: Cosine function (hazardous arg): arg: 36.1283, cos: -1.36224e-08
[0, 19]: Cosine function (hazardous arg): arg: 36.1283, cos: -1.36224e-08
[0, 25]: Cosine function (hazardous arg): arg: 36.1283, cos: -1.36224e-08
[0, 1]: Cosine function (hazardous arg): arg: 39.2699, cos: 1.36224e-08
[0, 3]: Cosine function (hazardous arg): arg: 39.2699, cos: 1.36224e-08
[0, 4]: Cosine function (hazardous arg): arg: 39.2699, cos: 1.36224e-08
[0, 5]: Cosine function (hazardous arg): arg: 39.2699, cos: 1.36224e-08
[0, 6]: Cosine function (hazardous arg): arg: 39.2699, cos: 1.36224e-08
[0, 9]: Cosine function (hazardous arg): arg: 39.2699, cos: 1.36224e-08
[0, 14]: Cosine function (hazardous arg): arg: 39.2699, cos: 1.36224e-08
[0, 17]: Cosine function (hazardous arg): arg: 39.2699, cos: 1.36224e-08
[0, 18]: Cosine function (hazardous arg): arg: 39.2699, cos: 1.36224e-08
[0, 21]: Cosine function (hazardous arg): arg: 39.2699, cos: 1.36224e-08
[0, 24]: Cosine function (hazardous arg): arg: 39.2699, cos: 1.36224e-08
[0, 26]: Cosine function (hazardous arg): arg: 39.2699, cos: 1.36224e-08
[0, 27]: Cosine function (hazardous arg): arg: 39.2699, cos: 1.36224e-08
[0, 28]: Cosine function (hazardous arg): arg: 39.2699, cos: 1.36224e-08
[0, 30]: Cosine function (hazardous arg): arg: 39.2699, cos: 1.36224e-08
[0, 31]: Cosine function (hazardous arg): arg: 39.2699, cos: 1.36224e-08
Percentage: 0.785714
Percentage: 0.8
[0, 0]: Cosine function (hazardous arg): arg: 36.1283, cos: -1.41673e-08
[0, 13]: Cosine function (hazardous arg): arg: 36.1283, cos: -1.41673e-08
[0, 34]: Cosine function (hazardous arg): arg: 36.1283, cos: -1.41673e-08
[0, 36]: Cosine function (hazardous arg): arg: 36.1283, cos: -1.41673e-08
[0, 38]: Cosine function (hazardous arg): arg: 39.2699, cos: 1.41673e-08
[0, 39]: Cosine function (hazardous arg): arg: 39.2699, cos: 1.41673e-08
[0, 2]: Cosine function (hazardous arg): arg: 39.2699, cos: 1.41673e-08
[0, 7]: Cosine function (hazardous arg): arg: 39.2699, cos: 1.41673e-08
[0, 10]: Cosine function (hazardous arg): arg: 39.2699, cos: 1.41673e-08
[0, 12]: Cosine function (hazardous arg): arg: 39.2699, cos: 1.41673e-08
[0, 15]: Cosine function (hazardous arg): arg: 39.2699, cos: 1.41673e-08
[0, 20]: Cosine function (hazardous arg): arg: 39.2699, cos: 1.41673e-08
[0, 22]: Cosine function (hazardous arg): arg: 39.2699, cos: 1.41673e-08
[0, 23]: Cosine function (hazardous arg): arg: 39.2699, cos: 1.41673e-08
[0, 29]: Cosine function (hazardous arg): arg: 39.2699, cos: 1.41673e-08
Percentage: 0.814286
Percentage: 0.828571
Percentage: 0.842857
[0, 1]: Cosine function (hazardous arg): arg: 42.4115, cos: -1.47122e-08
[0, 3]: Cosine function (hazardous arg): arg: 42.4115, cos: -1.47122e-08
[0, 4]: Cosine function (hazardous arg): arg: 42.4115, cos: -1.47122e-08
[0, 5]: Cosine function (hazardous arg): arg: 42.4115, cos: -1.47122e-08
[0, 6]: Cosine function (hazardous arg): arg: 42.4115, cos: -1.47122e-08
[0, 9]: Cosine function (hazardous arg): arg: 42.4115, cos: -1.47122e-08
[0, 14]: Cosine function (hazardous arg): arg: 42.4115, cos: -1.47122e-08
[0, 17]: Cosine function (hazardous arg): arg: 42.4115, cos: -1.47122e-08
[0, 18]: Cosine function (hazardous arg): arg: 42.4115, cos: -1.47122e-08
[0, 21]: Cosine function (hazardous arg): arg: 42.4115, cos: -1.47122e-08
[0, 24]: Cosine function (hazardous arg): arg: 42.4115, cos: -1.47122e-08
[0, 26]: Cosine function (hazardous arg): arg: 42.4115, cos: -1.47122e-08
[0, 27]: Cosine function (hazardous arg): arg: 42.4115, cos: -1.47122e-08
[0, 28]: Cosine function (hazardous arg): arg: 42.4115, cos: -1.47122e-08
[0, 30]: Cosine function (hazardous arg): arg: 42.4115, cos: -1.47122e-08
[0, 31]: Cosine function (hazardous arg): arg: 42.4115, cos: -1.47122e-08
[0, 32]: Cosine function (hazardous arg): arg: 42.4115, cos: -1.47122e-08
[0, 33]: Cosine function (hazardous arg): arg: 42.4115, cos: -1.47122e-08
[0, 35]: Cosine function (hazardous arg): arg: 42.4115, cos: -1.47122e-08
[0, 37]: Cosine function (hazardous arg): arg: 42.4115, cos: -1.47122e-08
[0, 8]: Cosine function (hazardous arg): arg: 39.2699, cos: 1.47122e-08
[0, 11]: Cosine function (hazardous arg): arg: 39.2699, cos: 1.47122e-08
[0, 16]: Cosine function (hazardous arg): arg: 39.2699, cos: 1.47122e-08
[0, 19]: Cosine function (hazardous arg): arg: 39.2699, cos: 1.47122e-08
[0, 25]: Cosine function (hazardous arg): arg: 39.2699, cos: 1.47122e-08
Percentage: 0.857143
Percentage: 0.871429
[0, 38]: Cosine function (hazardous arg): arg: 42.4115, cos: -1.52571e-08
[0, 39]: Cosine function (hazardous arg): arg: 42.4115, cos: -1.52571e-08
[0, 2]: Cosine function (hazardous arg): arg: 42.4115, cos: -1.52571e-08
[0, 7]: Cosine function (hazardous arg): arg: 42.4115, cos: -1.52571e-08
[0, 10]: Cosine function (hazardous arg): arg: 42.4115, cos: -1.52571e-08
[0, 12]: Cosine function (hazardous arg): arg: 42.4115, cos: -1.52571e-08
[0, 15]: Cosine function (hazardous arg): arg: 42.4115, cos: -1.52571e-08
[0, 20]: Cosine function (hazardous arg): arg: 42.4115, cos: -1.52571e-08
[0, 22]: Cosine function (hazardous arg): arg: 42.4115, cos: -1.52571e-08
[0, 23]: Cosine function (hazardous arg): arg: 42.4115, cos: -1.52571e-08
[0, 29]: Cosine function (hazardous arg): arg: 42.4115, cos: -1.52571e-08
[0, 34]: Cosine function (hazardous arg): arg: 39.2699, cos: 1.52571e-08
[0, 36]: Cosine function (hazardous arg): arg: 39.2699, cos: 1.52571e-08
[0, 0]: Cosine function (hazardous arg): arg: 39.2699, cos: 1.52571e-08
[0, 13]: Cosine function (hazardous arg): arg: 39.2699, cos: 1.52571e-08
Percentage: 0.885714
Percentage: 0.9
[0, 32]: Cosine function (hazardous arg): arg: 45.5531, cos: 1.5802e-08
[0, 33]: Cosine function (hazardous arg): arg: 45.5531, cos: 1.5802e-08
[0, 35]: Cosine function (hazardous arg): arg: 45.5531, cos: 1.5802e-08
[0, 37]: Cosine function (hazardous arg): arg: 45.5531, cos: 1.5802e-08
[0, 8]: Cosine function (hazardous arg): arg: 42.4115, cos: -1.5802e-08
[0, 11]: Cosine function (hazardous arg): arg: 42.4115, cos: -1.5802e-08
[0, 16]: Cosine function (hazardous arg): arg: 42.4115, cos: -1.5802e-08
[0, 19]: Cosine function (hazardous arg): arg: 42.4115, cos: -1.5802e-08
[0, 25]: Cosine function (hazardous arg): arg: 42.4115, cos: -1.5802e-08
[0, 1]: Cosine function (hazardous arg): arg: 45.5531, cos: 1.5802e-08
[0, 3]: Cosine function (hazardous arg): arg: 45.5531, cos: 1.5802e-08
[0, 4]: Cosine function (hazardous arg): arg: 45.5531, cos: 1.5802e-08
[0, 5]: Cosine function (hazardous arg): arg: 45.5531, cos: 1.5802e-08
[0, 6]: Cosine function (hazardous arg): arg: 45.5531, cos: 1.5802e-08
[0, 9]: Cosine function (hazardous arg): arg: 45.5531, cos: 1.5802e-08
[0, 14]: Cosine function (hazardous arg): arg: 45.5531, cos: 1.5802e-08
[0, 17]: Cosine function (hazardous arg): arg: 45.5531, cos: 1.5802e-08
[0, 18]: Cosine function (hazardous arg): arg: 45.5531, cos: 1.5802e-08
[0, 21]: Cosine function (hazardous arg): arg: 45.5531, cos: 1.5802e-08
[0, 24]: Cosine function (hazardous arg): arg: 45.5531, cos: 1.5802e-08
[0, 26]: Cosine function (hazardous arg): arg: 45.5531, cos: 1.5802e-08
[0, 27]: Cosine function (hazardous arg): arg: 45.5531, cos: 1.5802e-08
[0, 28]: Cosine function (hazardous arg): arg: 45.5531, cos: 1.5802e-08
[0, 30]: Cosine function (hazardous arg): arg: 45.5531, cos: 1.5802e-08
[0, 31]: Cosine function (hazardous arg): arg: 45.5531, cos: 1.5802e-08
Percentage: 0.914286
Percentage: 0.928571
[0, 34]: Cosine function (hazardous arg): arg: 42.4115, cos: -1.63469e-08
[0, 36]: Cosine function (hazardous arg): arg: 42.4115, cos: -1.63469e-08
[0, 0]: Cosine function (hazardous arg): arg: 42.4115, cos: -1.63469e-08
[0, 13]: Cosine function (hazardous arg): arg: 42.4115, cos: -1.63469e-08
[0, 38]: Cosine function (hazardous arg): arg: 45.5531, cos: 1.63469e-08
[0, 39]: Cosine function (hazardous arg): arg: 45.5531, cos: 1.63469e-08
[0, 2]: Cosine function (hazardous arg): arg: 45.5531, cos: 1.63469e-08
[0, 7]: Cosine function (hazardous arg): arg: 45.5531, cos: 1.63469e-08
[0, 10]: Cosine function (hazardous arg): arg: 45.5531, cos: 1.63469e-08
[0, 12]: Cosine function (hazardous arg): arg: 45.5531, cos: 1.63469e-08
[0, 15]: Cosine function (hazardous arg): arg: 45.5531, cos: 1.63469e-08
[0, 20]: Cosine function (hazardous arg): arg: 45.5531, cos: 1.63469e-08
[0, 22]: Cosine function (hazardous arg): arg: 45.5531, cos: 1.63469e-08
[0, 23]: Cosine function (hazardous arg): arg: 45.5531, cos: 1.63469e-08
[0, 29]: Cosine function (hazardous arg): arg: 45.5531, cos: 1.63469e-08
Percentage: 0.942857
Percentage: 0.957143
[0, 32]: Cosine function (hazardous arg): arg: 48.6947, cos: -1.68918e-08
[0, 33]: Cosine function (hazardous arg): arg: 48.6947, cos: -1.68918e-08
[0, 35]: Cosine function (hazardous arg): arg: 48.6947, cos: -1.68918e-08
[0, 37]: Cosine function (hazardous arg): arg: 48.6947, cos: -1.68918e-08
[0, 1]: Cosine function (hazardous arg): arg: 48.6947, cos: -1.68918e-08
[0, 3]: Cosine function (hazardous arg): arg: 48.6947, cos: -1.68918e-08
[0, 4]: Cosine function (hazardous arg): arg: 48.6947, cos: -1.68918e-08
[0, 5]: Cosine function (hazardous arg): arg: 48.6947, cos: -1.68918e-08
[0, 6]: Cosine function (hazardous arg): arg: 48.6947, cos: -1.68918e-08
[0, 9]: Cosine function (hazardous arg): arg: 48.6947, cos: -1.68918e-08
[0, 14]: Cosine function (hazardous arg): arg: 48.6947, cos: -1.68918e-08
[0, 17]: Cosine function (hazardous arg): arg: 48.6947, cos: -1.68918e-08
[0, 18]: Cosine function (hazardous arg): arg: 48.6947, cos: -1.68918e-08
[0, 21]: Cosine function (hazardous arg): arg: 48.6947, cos: -1.68918e-08
[0, 24]: Cosine function (hazardous arg): arg: 48.6947, cos: -1.68918e-08
[0, 26]: Cosine function (hazardous arg): arg: 48.6947, cos: -1.68918e-08
[0, 27]: Cosine function (hazardous arg): arg: 48.6947, cos: -1.68918e-08
[0, 28]: Cosine function (hazardous arg): arg: 48.6947, cos: -1.68918e-08
[0, 30]: Cosine function (hazardous arg): arg: 48.6947, cos: -1.68918e-08
[0, 31]: Cosine function (hazardous arg): arg: 48.6947, cos: -1.68918e-08
[0, 8]: Cosine function (hazardous arg): arg: 45.5531, cos: 1.68918e-08
[0, 11]: Cosine function (hazardous arg): arg: 45.5531, cos: 1.68918e-08
[0, 16]: Cosine function (hazardous arg): arg: 45.5531, cos: 1.68918e-08
[0, 19]: Cosine function (hazardous arg): arg: 45.5531, cos: 1.68918e-08
[0, 25]: Cosine function (hazardous arg): arg: 45.5531, cos: 1.68918e-08
Percentage: 0.971429
Percentage: 0.985714
Total simulation time: 360 s

Simulation Time: 360 seconds
