#[TRACE]
#data_labels=Output
#[TRACE_DATA]
5.034452e-04 
9.540108e-01 
9.543225e-01 
9.543225e-01 
9.543225e-01 
9.542604e-01 
9.542427e-01 
9.542427e-01 
9.542427e-01 
9.542427e-01 
6.855045e-04 
3.091328e-06 
3.333135e-06 
3.333135e-06 
3.333135e-06 
1.029443e-05 
6.209596e-04 
6.327325e-04 
6.327325e-04 
6.327325e-04 
4.489115e-03 
9.542226e-01 
9.543225e-01 
9.543225e-01 
9.543225e-01 
9.542585e-01 
9.542427e-01 
9.542427e-01 
9.542427e-01 
9.542427e-01 
3.499960e-04 
1.687419e-05 
1.708691e-05 
1.708691e-05 
1.708691e-05 
2.254663e-05 
-5.563583e-04 
-5.679235e-04 
-5.679235e-04 
-5.679235e-04 
-5.180506e-03 
-9.542901e-01 
-9.543222e-01 
-9.543222e-01 
-9.543222e-01 
-9.542529e-01 
-9.542419e-01 
-9.542419e-01 
-9.542419e-01 
-9.542419e-01 
-1.116414e-04 
1.700177e-05 
1.708691e-05 
1.708691e-05 
1.708691e-05 
2.302823e-05 
-5.621945e-04 
-5.679235e-04 
-5.679235e-04 
-5.679235e-04 
-6.228085e-03 
-9.543119e-01 
-9.543222e-01 
-9.543222e-01 
-9.543222e-01 
-9.542518e-01 
-9.542419e-01 
-9.542419e-01 
-9.542419e-01 
-9.542419e-01 
-3.974711e-05 
1.705808e-05 
1.708691e-05 
1.708691e-05 
1.708691e-05 
2.350959e-05 
-5.651618e-04 
-5.679235e-04 
-5.679235e-04 
-5.679235e-04 
-7.580354e-03 
-9.543189e-01 
-9.543222e-01 
-9.543222e-01 
-9.543222e-01 
-9.542509e-01 
-9.542419e-01 
-9.542419e-01 
-9.542419e-01 
-9.542419e-01 
-7.484474e-06 
1.708025e-05 
1.708691e-05 
1.708691e-05 
1.708691e-05 
2.397234e-05 
-5.666225e-04 
-5.679235e-04 
-5.679235e-04 
-5.683511e-04 
-9.354411e-03 
-9.543211e-01 
-9.543222e-01 
-9.543222e-01 
-9.543222e-01 
-9.542500e-01 
-9.542419e-01 
-9.542419e-01 
-9.542419e-01 
-9.397262e-01 
6.081931e-06 
1.708757e-05 
1.708691e-05 
1.708691e-05 
1.709016e-05 
2.438677e-05 
-5.673223e-04 
-5.679235e-04 
-5.679235e-04 
-5.791407e-04 
-1.172437e-02 
-9.543219e-01 
-9.543222e-01 
-9.543222e-01 
-9.543215e-01 
-9.542493e-01 
-9.542419e-01 
-9.542419e-01 
-9.542419e-01 
-8.872417e-01 
1.111028e-05 
1.708916e-05 
1.708691e-05 
1.708691e-05 
1.711359e-05 
2.470512e-05 
-5.676500e-04 
-5.679235e-04 
-5.679235e-04 
-6.028609e-04 
-1.495558e-02 
-9.543221e-01 
-9.543222e-01 
-9.543222e-01 
-9.543196e-01 
-9.542485e-01 
-9.542419e-01 
-9.542419e-01 
-9.542419e-01 
-8.130590e-01 
1.034635e-05 
3.333870e-06 
3.333135e-06 
3.333135e-06 
3.389805e-06 
2.572578e-05 
6.326822e-04 
6.327325e-04 
6.327325e-04 
7.100719e-04 
1.992921e-02 
9.543225e-01 
9.543225e-01 
9.543225e-01 
9.543178e-01 
9.542500e-01 
9.542427e-01 
9.542427e-01 
9.542427e-01 
7.275558e-01 
1.460107e-05 
1.708827e-05 
1.708691e-05 
1.708691e-05 
1.726966e-05 
2.469992e-05 
-5.678689e-04 
-5.679235e-04 
-5.679235e-04 
-6.814309e-04 
-2.591877e-02 
-9.543222e-01 
-9.543222e-01 
-9.543222e-01 
-9.543134e-01 
-9.542472e-01 
-9.542419e-01 
-9.542419e-01 
-9.542419e-01 
-6.366504e-01 
9.187843e-06 
3.333481e-06 
3.333135e-06 
3.333135e-06 
3.574465e-06 
3.707754e-05 
6.327234e-04 
6.327325e-04 
6.327325e-04 
8.160753e-04 
3.619172e-02 
9.543225e-01 
9.543225e-01 
9.543225e-01 
9.543115e-01 
9.542484e-01 
9.542427e-01 
9.542427e-01 
9.542427e-01 
5.438956e-01 
1.098416e-05 
1.708737e-05 
1.708691e-05 
1.708691e-05 
1.756834e-05 
2.258015e-05 
-5.679130e-04 
-5.679235e-04 
-5.679235e-04 
-7.947786e-04 
-4.993014e-02 
-9.543222e-01 
-9.543222e-01 
-9.543222e-01 
-9.543053e-01 
-9.542461e-01 
-9.542419e-01 
-9.542419e-01 
-9.542419e-01 
-4.513865e-01 
9.732404e-06 
1.708716e-05 
1.708691e-05 
1.708691e-05 
1.775651e-05 
1.974641e-05 
-5.679190e-04 
-5.679235e-04 
-5.679235e-04 
-8.647652e-04 
-7.275708e-02 
-9.543222e-01 
-9.543222e-01 
-9.543222e-01 
-9.543007e-01 
-9.542456e-01 
-9.542419e-01 
-9.542419e-01 
-9.542419e-01 
-3.617282e-01 
9.060767e-06 
1.708704e-05 
1.708691e-05 
1.708691e-05 
1.796426e-05 
1.467350e-05 
-5.679216e-04 
-5.679235e-04 
-5.679235e-04 
-9.449836e-04 
-1.097968e-01 
-9.543222e-01 
-9.543222e-01 
-9.543222e-01 
-9.542958e-01 
-9.542451e-01 
-9.542419e-01 
-9.542419e-01 
-9.542419e-01 
-2.778774e-01 
8.552304e-06 
1.708697e-05 
1.708691e-05 
1.708691e-05 
1.818931e-05 
5.958809e-06 
-5.679227e-04 
-5.679235e-04 
-5.679235e-04 
-1.037053e-03 
-1.706148e-01 
-9.543222e-01 
-9.543222e-01 
-9.543222e-01 
-9.542907e-01 
-9.542446e-01 
-9.542419e-01 
-9.542419e-01 
-9.542419e-01 
-2.033871e-01 
8.223159e-06 
1.708694e-05 
1.708691e-05 
1.708691e-05 
1.843086e-05 
-8.521398e-06 
-5.679232e-04 
-5.679235e-04 
-5.679235e-04 
-1.143070e-03 
-2.669599e-01 
-9.543222e-01 
-9.543222e-01 
-9.543222e-01 
-9.542854e-01 
-9.542442e-01 
-9.542419e-01 
-9.542419e-01 
-9.542419e-01 
-1.413604e-01 
8.086372e-06 
1.708692e-05 
1.708691e-05 
1.708691e-05 
1.868909e-05 
-3.165519e-05 
-5.679234e-04 
-5.679235e-04 
-5.679235e-04 
-1.265666e-03 
-4.023251e-01 
-9.543222e-01 
-9.543222e-01 
-9.543222e-01 
-9.542803e-01 
-9.542438e-01 
-9.542419e-01 
-9.542419e-01 
-9.542419e-01 
-9.328749e-02 
8.149225e-06 
1.708691e-05 
1.708691e-05 
1.708691e-05 
1.896469e-05 
-6.670185e-05 
-5.679235e-04 
-5.679235e-04 
-5.679235e-04 
-1.408128e-03 
-5.584813e-01 
-9.543222e-01 
-9.543222e-01 
-9.543222e-01 
-9.542754e-01 
-9.542434e-01 
-9.542419e-01 
-9.542419e-01 
-9.542419e-01 
-5.860014e-02 
8.422066e-06 
1.708691e-05 
1.708691e-05 
1.708691e-05 
1.925866e-05 
-1.163550e-04 
-5.679235e-04 
-5.679235e-04 
-5.679235e-04 
-1.574571e-03 
-7.061455e-01 
-9.543222e-01 
-9.543222e-01 
-9.543222e-01 
-9.542711e-01 
-9.542430e-01 
-9.542419e-01 
-9.542419e-01 
-9.542419e-01 
-3.517494e-02 
9.022774e-06 
1.708691e-05 
1.708691e-05 
1.708691e-05 
1.957213e-05 
-1.816519e-04 
-5.679235e-04 
-5.679235e-04 
-5.679235e-04 
-1.770194e-03 
-8.272932e-01 
-9.543222e-01 
-9.543222e-01 
-9.543222e-01 
-9.542673e-01 
-9.542427e-01 
-9.542419e-01 
-9.542419e-01 
-9.542419e-01 
-2.025970e-02 
1.014455e-05 
1.708691e-05 
1.708691e-05 
1.708691e-05 
1.990625e-05 
-2.610216e-04 
-5.679235e-04 
-5.679235e-04 
-5.679235e-04 
-2.001620e-03 
-9.099079e-01 
-9.543222e-01 
-9.543222e-01 
-9.543222e-01 
-9.542641e-01 
-9.542424e-01 
-9.542419e-01 
-9.542419e-01 
-9.542419e-01 
-1.123920e-02 
1.173121e-05 
1.708691e-05 
1.708691e-05 
1.708691e-05 
2.026209e-05 
-3.455125e-04 
-5.679235e-04 
-5.679235e-04 
-5.679235e-04 
-2.277377e-03 
-9.400775e-01 
-9.543222e-01 
-9.543222e-01 
-9.543222e-01 
-9.542614e-01 
-9.542421e-01 
-9.542419e-01 
-9.542419e-01 
-9.542419e-01 
-6.023390e-03 
1.344361e-05 
1.708691e-05 
1.708691e-05 
1.708691e-05 
2.064051e-05 
-4.202107e-04 
-5.679235e-04 
-5.679235e-04 
-5.679235e-04 
-2.608568e-03 
-9.497577e-01 
-9.543222e-01 
-9.543222e-01 
-9.543222e-01 
-9.542592e-01 
-9.542420e-01 
-9.542419e-01 
-9.542419e-01 
-9.542419e-01 
-3.124386e-03 
1.486886e-05 
1.708691e-05 
1.708691e-05 
1.708691e-05 
2.104199e-05 
-4.772174e-04 
-5.679235e-04 
-5.679235e-04 
-5.679235e-04 
-3.009805e-03 
-9.528604e-01 
-9.543222e-01 
-9.543222e-01 
-9.543222e-01 
-9.542573e-01 
-9.542420e-01 
-9.542419e-01 
-9.542419e-01 
-9.542419e-01 
-1.572449e-03 
2.727031e-06 
3.333135e-06 
3.333135e-06 
3.333135e-06 
9.006127e-06 
6.042269e-04 
6.327325e-04 
6.327325e-04 
6.327325e-04 
3.612296e-03 
9.538553e-01 
9.543225e-01 
9.543225e-01 
9.543225e-01 
9.542612e-01 
9.542427e-01 
9.542427e-01 
9.542427e-01 
9.542427e-01 
8.759744e-04 
1.646737e-05 
1.708691e-05 
1.708691e-05 
1.708691e-05 
2.191252e-05 
-5.395848e-04 
-5.679235e-04 
-5.679235e-04 
-5.679235e-04 
-4.107093e-03 
-9.541722e-01 
-9.543222e-01 
-9.543222e-01 
-9.543222e-01 
-9.542544e-01 
-9.542419e-01 
-9.542419e-01 
-9.542419e-01 
-9.542419e-01 
-3.558992e-04 
3.185291e-06 
3.333135e-06 
3.333135e-06 
3.333135e-06 
1.101298e-05 
6.252104e-04 
6.327325e-04 
6.327325e-04 
6.327325e-04 
5.009813e-03 
9.542745e-01 
9.543225e-01 
9.543225e-01 
9.543225e-01 
9.542574e-01 
9.542427e-01 
9.542427e-01 
9.542427e-01 
9.542427e-01 
2.277847e-04 
3.445930e-06 
3.310265e-06 
3.310265e-06 
3.310265e-06 
1.222195e-05 
6.290739e-04 
6.327228e-04 
6.327228e-04 
6.327228e-04 
5.992276e-03 
9.543071e-01 
9.543225e-01 
9.543225e-01 
9.543225e-01 
9.542559e-01 
9.542427e-01 
9.542427e-01 
9.542427e-01 
9.542427e-01 
1.199561e-04 
3.365734e-06 
3.310265e-06 
3.310265e-06 
3.310265e-06 
1.374859e-05 
6.310057e-04 
6.327228e-04 
6.327228e-04 
6.327228e-04 
7.255017e-03 
9.543176e-01 
9.543225e-01 
9.543225e-01 
9.543225e-01 
9.542545e-01 
9.542427e-01 
9.542427e-01 
9.542427e-01 
9.542427e-01 
6.669416e-05 
3.330105e-06 
3.310265e-06 
3.310265e-06 
3.310265e-06 
1.559247e-05 
6.319349e-04 
6.327228e-04 
6.327228e-04 
6.327228e-04 
8.900701e-03 
9.543209e-01 
9.543225e-01 
9.543225e-01 
9.543225e-01 
9.542533e-01 
9.542427e-01 
9.542427e-01 
9.542427e-01 
9.500676e-01 
4.023482e-05 
3.315766e-06 
3.310265e-06 
3.310265e-06 
3.310660e-06 
1.784555e-05 
6.323688e-04 
6.327228e-04 
6.327228e-04 
6.391830e-04 
1.108276e-02 
9.543220e-01 
9.543225e-01 
9.543225e-01 
9.543222e-01 
9.542522e-01 
9.542427e-01 
9.542427e-01 
9.542427e-01 
9.091155e-01 
2.679586e-05 
1.708894e-05 
1.708691e-05 
1.708691e-05 
1.710183e-05 
2.460697e-05 
-5.675611e-04 
-5.679235e-04 
-5.679235e-04 
-5.930761e-04 
-1.368602e-02 
-9.543220e-01 
-9.543222e-01 
-9.543222e-01 
-9.543204e-01 
-9.542488e-01 
-9.542419e-01 
-9.542419e-01 
-9.542419e-01 
-8.411524e-01 
1.219747e-05 
1.708908e-05 
1.708691e-05 
1.708691e-05 
1.714660e-05 
2.482523e-05 
-5.677600e-04 
-5.679235e-04 
-5.679235e-04 
-6.240377e-04 
-1.767941e-02 
-9.543222e-01 
-9.543222e-01 
-9.543222e-01 
-9.543179e-01 
-9.542481e-01 
-9.542419e-01 
-9.542419e-01 
-9.542419e-01 
-7.588024e-01 
1.235245e-05 
1.708849e-05 
1.708691e-05 
1.708691e-05 
1.723040e-05 
2.479799e-05 
-5.678506e-04 
-5.679235e-04 
-5.679235e-04 
-6.648078e-04 
-2.334292e-02 
-9.543222e-01 
-9.543222e-01 
-9.543222e-01 
-9.543147e-01 
-9.542475e-01 
-9.542419e-01 
-9.542419e-01 
-9.542419e-01 
-6.693310e-01 
1.171012e-05 
1.708790e-05 
1.708691e-05 
1.708691e-05 
1.735244e-05 
2.435657e-05 
-5.678913e-04 
-5.679235e-04 
-5.679235e-04 
-7.142714e-04 
-3.160394e-02 
-9.543222e-01 
-9.543222e-01 
-9.543222e-01 
-9.543109e-01 
-9.542468e-01 
-9.542419e-01 
-9.542419e-01 
-9.542419e-01 
-5.768917e-01 
1.084747e-05 
1.708748e-05 
1.708691e-05 
1.708691e-05 
1.750689e-05 
2.322607e-05 
-5.679094e-04 
-5.679235e-04 
-5.679235e-04 
-7.721270e-04 
-4.403665e-02 
-9.543222e-01 
-9.543222e-01 
-9.543222e-01 
-9.543068e-01 
-9.542463e-01 
-9.542419e-01 
-9.542419e-01 
-9.542419e-01 
-4.840670e-01 
1.000599e-05 
1.708722e-05 
1.708691e-05 
1.708691e-05 
1.768719e-05 
2.095598e-05 
-5.679174e-04 
-5.679235e-04 
-5.679235e-04 
-8.387783e-04 
-6.338560e-02 
-9.543222e-01 
-9.543222e-01 
-9.543222e-01 
-9.543024e-01 
-9.542458e-01 
-9.542419e-01 
-9.542419e-01 
-9.542419e-01 
-3.931154e-01 
9.281907e-06 
1.708707e-05 
1.708691e-05 
1.708691e-05 
1.788833e-05 
1.680829e-05 
-5.679209e-04 
-5.679235e-04 
-5.679235e-04 
-9.151971e-04 
-9.448360e-02 
-9.543222e-01 
-9.543222e-01 
-9.543222e-01 
-9.542976e-01 
-9.542453e-01 
-9.542419e-01 
-9.542419e-01 
-9.542419e-01 
-3.068059e-01 
8.713294e-06 
1.708699e-05 
1.708691e-05 
1.708691e-05 
1.810738e-05 
9.590897e-06 
-5.679224e-04 
-5.679235e-04 
-5.679235e-04 
-1.002838e-03 
-1.455114e-01 
-9.543222e-01 
-9.543222e-01 
-9.543222e-01 
-9.542925e-01 
-9.542448e-01 
-9.542419e-01 
-9.542419e-01 
-9.542419e-01 
-2.285814e-01 
8.318765e-06 
1.708695e-05 
1.708691e-05 
1.708691e-05 
1.834309e-05 
-2.545342e-06 
-5.679230e-04 
-5.679235e-04 
-5.679235e-04 
-1.103624e-03 
-2.280411e-01 
-9.543222e-01 
-9.543222e-01 
-9.543222e-01 
-9.542873e-01 
-9.542443e-01 
-9.542419e-01 
-9.542419e-01 
-9.542419e-01 
-1.618572e-01 
3.607492e-06 
3.333144e-06 
3.333135e-06 
3.333135e-06 
4.757635e-06 
1.549011e-04 
6.327324e-04 
6.327325e-04 
6.327325e-04 
1.325428e-03 
3.524765e-01 
9.543225e-01 
9.543225e-01 
9.543225e-01 
9.542890e-01 
9.542451e-01 
9.542427e-01 
9.542427e-01 
9.542427e-01 
1.093869e-01 
8.106948e-06 
1.708691e-05 
1.708691e-05 
1.708691e-05 
1.886465e-05 
-5.268161e-05 
-5.679234e-04 
-5.679235e-04 
-5.679235e-04 
-1.354960e-03 
-5.024992e-01 
-9.543222e-01 
-9.543222e-01 
-9.543222e-01 
-9.542771e-01 
-9.542435e-01 
-9.542419e-01 
-9.542419e-01 
-9.542419e-01 
-6.951946e-02 
1.633646e-06 
3.333137e-06 
3.333135e-06 
3.333135e-06 
5.412225e-06 
2.665897e-04 
6.327325e-04 
6.327325e-04 
6.327325e-04 
1.610293e-03 
6.568702e-01 
9.543225e-01 
9.543225e-01 
9.543225e-01 
9.542807e-01 
9.542442e-01 
9.542427e-01 
9.542427e-01 
9.542427e-01 
4.289722e-02 
8.755868e-06 
1.708691e-05 
1.708691e-05 
1.708691e-05 
1.945837e-05 
-1.566738e-04 
-5.679235e-04 
-5.679235e-04 
-5.679235e-04 
-1.696915e-03 
-7.877728e-01 
-9.543222e-01 
-9.543222e-01 
-9.543222e-01 
-9.542685e-01 
-9.542428e-01 
-9.542419e-01 
-9.542419e-01 
-9.542419e-01 
-2.476118e-02 
9.688508e-06 
1.708691e-05 
1.708691e-05 
1.708691e-05 
1.978502e-05 
-2.314390e-04 
-5.679235e-04 
-5.679235e-04 
-5.679235e-04 
-1.914744e-03 
-8.877833e-01 
-9.543222e-01 
-9.543222e-01 
-9.543222e-01 
-9.542651e-01 
-9.542425e-01 
-9.542419e-01 
-9.542419e-01 
-9.542419e-01 
-1.391551e-02 
1.112512e-05 
1.708691e-05 
1.708691e-05 
1.708691e-05 
2.013302e-05 
-3.159375e-04 
-5.679235e-04 
-5.679235e-04 
-5.679235e-04 
-2.173616e-03 
-9.329736e-01 
-9.543222e-01 
-9.543222e-01 
-9.543222e-01 
-9.542623e-01 
-9.542422e-01 
-9.542419e-01 
-9.542419e-01 
-9.542419e-01 
-7.547703e-03 
1.285162e-05 
1.708691e-05 
1.708691e-05 
1.708691e-05 
2.050333e-05 
-3.954423e-04 
-5.679235e-04 
-5.679235e-04 
-5.679235e-04 
-2.483629e-03 
-9.474806e-01 
-9.543222e-01 
-9.543222e-01 
-9.543222e-01 
-9.542599e-01 
-9.542421e-01 
-9.542419e-01 
-9.542419e-01 
-9.542419e-01 
-3.960281e-03 
1.440963e-05 
1.708691e-05 
1.708691e-05 
1.708691e-05 
2.089659e-05 
-4.591519e-04 
-5.679235e-04 
-5.679235e-04 
-5.679235e-04 
-2.858015e-03 
-9.521311e-01 
-9.543222e-01 
-9.543222e-01 
-9.543222e-01 
-9.542580e-01 
-9.542420e-01 
-9.542419e-01 
-9.542419e-01 
-9.542419e-01 
-2.011965e-03 
1.555759e-05 
1.708691e-05 
1.708691e-05 
1.708691e-05 
2.131291e-05 
-5.040136e-04 
-5.679235e-04 
-5.679235e-04 
-5.679235e-04 
-3.314331e-03 
-9.536205e-01 
-9.543222e-01 
-9.543222e-01 
-9.543222e-01 
-9.542563e-01 
-9.542419e-01 
-9.542419e-01 
-9.542419e-01 
-9.542419e-01 
-9.882856e-04 
1.628935e-05 
1.708691e-05 
1.708691e-05 
1.708691e-05 
2.175153e-05 
-5.325302e-04 
-5.679235e-04 
-5.679235e-04 
-5.679235e-04 
-3.876155e-03 
-9.540973e-01 
-9.543222e-01 
-9.543222e-01 
-9.543222e-01 
-9.542549e-01 
-9.542419e-01 
-9.542419e-01 
-9.542419e-01 
-9.542419e-01 
-4.666789e-04 
1.670605e-05 
1.708691e-05 
1.708691e-05 
1.708691e-05 
2.221033e-05 
-5.492506e-04 
-5.679235e-04 
-5.679235e-04 
-5.679235e-04 
-4.575604e-03 
-9.542502e-01 
-9.543222e-01 
-9.543222e-01 
-9.543222e-01 
-9.542536e-01 
-9.542419e-01 
-9.542419e-01 
-9.542419e-01 
-9.542419e-01 
-2.086639e-04 
1.692152e-05 
1.708691e-05 
1.708691e-05 
1.708691e-05 
2.268503e-05 
-5.584539e-04 
-5.679235e-04 
-5.679235e-04 
-5.679235e-04 
-5.457093e-03 
-9.542991e-01 
-9.543222e-01 
-9.543222e-01 
-9.543222e-01 
-9.542525e-01 
-9.542419e-01 
-9.542419e-01 
-9.542419e-01 
-9.542419e-01 
-8.488800e-05 
1.702328e-05 
1.708691e-05 
1.708691e-05 
1.708691e-05 
2.316796e-05 
-5.632703e-04 
-5.679235e-04 
-5.679235e-04 
-5.679235e-04 
-6.583094e-03 
-9.543148e-01 
-9.543222e-01 
-9.543222e-01 
-9.543222e-01 
-9.542516e-01 
-9.542419e-01 
-9.542419e-01 
-9.542419e-01 
-9.542419e-01 
-2.756391e-05 
1.706688e-05 
1.708691e-05 
1.708691e-05 
1.708691e-05 
2.364623e-05 
-5.656966e-04 
-5.679235e-04 
-5.679235e-04 
-5.679235e-04 
-8.043142e-03 
-9.543198e-01 
-9.543222e-01 
-9.543222e-01 
-9.543222e-01 
-9.542506e-01 
-9.542419e-01 
-9.542419e-01 
-9.542419e-01 
-9.542419e-01 
-2.235919e-06 
1.708335e-05 
1.708691e-05 
1.708691e-05 
1.708695e-05 
2.409872e-05 
-5.668808e-04 
-5.679235e-04 
-5.679235e-04 
-5.700219e-04 
-9.968236e-03 
-9.543214e-01 
-9.543222e-01 
-9.543222e-01 
-9.543221e-01 
-9.542498e-01 
-9.542419e-01 
-9.542419e-01 
-9.542419e-01 
-9.276617e-01 
8.129752e-06 
1.708838e-05 
1.708691e-05 
1.708691e-05 
1.709404e-05 
2.449132e-05 
-5.674440e-04 
-5.679235e-04 
-5.679235e-04 
-5.847559e-04 
-1.255451e-02 
-9.543220e-01 
-9.543222e-01 
-9.543222e-01 
-9.543210e-01 
-9.542490e-01 
-9.542419e-01 
-9.542419e-01 
-9.542419e-01 
-8.674721e-01 
9.696306e-06 
3.333863e-06 
3.333135e-06 
3.333135e-06 
3.357803e-06 
2.291155e-05 
6.326411e-04 
6.327325e-04 
6.327325e-04 
6.816190e-04 
1.650092e-02 
9.543224e-01 
9.543225e-01 
9.543225e-01 
9.543196e-01 
9.542506e-01 
9.542427e-01 
9.542427e-01 
9.542427e-01 
7.891991e-01 
1.682238e-05 
1.708872e-05 
1.708691e-05 
1.708691e-05 
1.719603e-05 
2.484465e-05 
-5.678262e-04 
-5.679235e-04 
-5.679235e-04 
-6.492763e-04 
-2.108978e-02 
-9.543222e-01 
-9.543222e-01 
-9.543222e-01 
-9.543159e-01 
-9.542477e-01 
-9.542419e-01 
-9.542419e-01 
-9.542419e-01 
-7.016512e-01 
9.840496e-06 
3.333620e-06 
3.333135e-06 
3.333135e-06 
3.492621e-06 
3.232148e-05 
6.327157e-04 
6.327325e-04 
6.327325e-04 
7.742773e-04 
2.891997e-02 
9.543225e-01 
9.543225e-01 
9.543225e-01 
9.543139e-01 
9.542489e-01 
9.542427e-01 
9.542427e-01 
9.542427e-01 
6.099637e-01 
1.197733e-05 
3.309771e-06 
3.310265e-06 
3.310265e-06 
3.587555e-06 
3.913781e-05 
6.327157e-04 
6.327228e-04 
6.327228e-04 
8.342624e-04 
3.981255e-02 
9.543225e-01 
9.543225e-01 
9.543225e-01 
9.543105e-01 
9.542482e-01 
9.542427e-01 
9.542427e-01 
9.542427e-01 
5.170747e-01 
1.064232e-05 
3.309974e-06 
3.310265e-06 
3.310265e-06 
3.738564e-06 
4.849872e-05 
6.327199e-04 
6.327228e-04 
6.327228e-04 
9.031212e-04 
5.652985e-02 
9.543225e-01 
9.543225e-01 
9.543225e-01 
9.543068e-01 
9.542475e-01 
9.542427e-01 
9.542427e-01 
9.542427e-01 
4.252654e-01 
9.669143e-06 
3.310104e-06 
3.310265e-06 
3.310265e-06 
3.918585e-06 
6.134821e-05 
6.327216e-04 
6.327228e-04 
6.327228e-04 
9.813532e-04 
8.304312e-02 
9.543225e-01 
9.543225e-01 
9.543225e-01 
9.543030e-01 
9.542469e-01 
9.542427e-01 
9.542427e-01 
9.542427e-01 
3.370616e-01 
8.957388e-06 
3.310180e-06 
3.310265e-06 
3.310265e-06 
4.125864e-06 
7.928943e-05 
6.327223e-04 
6.327228e-04 
6.327228e-04 
1.069674e-03 
1.261960e-01 
9.543225e-01 
9.543225e-01 
9.543225e-01 
9.542989e-01 
9.542463e-01 
9.542427e-01 
9.542427e-01 
9.542427e-01 
2.556809e-01 
8.463415e-06 
1.708696e-05 
1.708691e-05 
1.708691e-05 
1.825740e-05 
2.482121e-06 
-5.679229e-04 
-5.679235e-04 
-5.679235e-04 
-1.066142e-03 
-1.943406e-01 
-9.543222e-01 
-9.543222e-01 
-9.543222e-01 
-9.542892e-01 
-9.542445e-01 
-9.542419e-01 
-9.542419e-01 
-9.542419e-01 
-1.840844e-01 
8.163403e-06 
1.708693e-05 
1.708691e-05 
1.708691e-05 
1.850372e-05 
-1.417239e-05 
-5.679232e-04 
-5.679235e-04 
-5.679235e-04 
-1.176651e-03 
-3.024050e-01 
-9.543222e-01 
-9.543222e-01 
-9.543222e-01 
-9.542839e-01 
-9.542441e-01 
-9.542419e-01 
-9.542419e-01 
-9.542419e-01 
-1.260272e-01 
8.083923e-06 
1.708692e-05 
1.708691e-05 
1.708691e-05 
1.876688e-05 
-4.041635e-05 
-5.679234e-04 
-5.679235e-04 
-5.679235e-04 
-1.304616e-03 
-4.466251e-01 
-9.543222e-01 
-9.543222e-01 
-9.543222e-01 
-9.542788e-01 
-9.542437e-01 
-9.542419e-01 
-9.542419e-01 
-9.542419e-01 
-8.196412e-02 
8.204980e-06 
1.708691e-05 
1.708691e-05 
1.708691e-05 
1.904767e-05 
-7.945992e-05 
-5.679235e-04 
-5.679235e-04 
-5.679235e-04 
-1.453540e-03 
-6.031200e-01 
-9.543222e-01 
-9.543222e-01 
-9.543222e-01 
-9.542741e-01 
-9.542433e-01 
-9.542419e-01 
-9.542419e-01 
-9.542419e-01 
-5.079383e-02 
8.551045e-06 
1.708691e-05 
1.708691e-05 
1.708691e-05 
1.934716e-05 
-1.336225e-04 
-5.679235e-04 
-5.679235e-04 
-5.679235e-04 
-1.627824e-03 
-7.442711e-01 
-9.543222e-01 
-9.543222e-01 
-9.543222e-01 
-9.542699e-01 
-9.542429e-01 
-9.542419e-01 
-9.542419e-01 
-9.542419e-01 
-3.011497e-02 
9.292536e-06 
1.708691e-05 
1.708691e-05 
1.708691e-05 
1.966648e-05 
-2.032903e-04 
-5.679235e-04 
-5.679235e-04 
-5.679235e-04 
-1.833036e-03 
-8.563716e-01 
-9.543222e-01 
-9.543222e-01 
-9.543222e-01 
-9.542663e-01 
-9.542426e-01 
-9.542419e-01 
-9.542419e-01 
-9.542419e-01 
-1.715213e-02 
1.055886e-05 
1.708691e-05 
1.708691e-05 
1.708691e-05 
2.000677e-05 
-2.856492e-04 
-5.679235e-04 
-5.679235e-04 
-5.679235e-04 
-2.076293e-03 
-9.223296e-01 
-9.543222e-01 
-9.543222e-01 
-9.543222e-01 
-9.542632e-01 
-9.542423e-01 
-9.542419e-01 
-9.542419e-01 
-9.542419e-01 
-9.418312e-03 
1.223561e-05 
1.708691e-05 
1.708691e-05 
1.708691e-05 
2.036906e-05 
-3.686015e-04 
-5.679235e-04 
-5.679235e-04 
-5.679235e-04 
-2.366789e-03 
-9.440678e-01 
-9.543222e-01 
-9.543222e-01 
-9.543222e-01 
-9.542607e-01 
-9.542421e-01 
-9.542419e-01 
-9.542419e-01 
-9.542419e-01 
-4.999471e-03 
1.389630e-05 
1.708691e-05 
1.708691e-05 
1.708691e-05 
2.075411e-05 
-4.386543e-04 
-5.679235e-04 
-5.679235e-04 
-5.679235e-04 
-2.716529e-03 
-9.510379e-01 
-9.543222e-01 
-9.543222e-01 
-9.543222e-01 
-9.542586e-01 
-9.542420e-01 
-9.542419e-01 
-9.542419e-01 
-9.542419e-01 
-2.573226e-03 
2.413114e-06 
3.333135e-06 
3.333135e-06 
3.333135e-06 
8.430598e-06 
5.890480e-04 
6.327325e-04 
6.327325e-04 
6.327325e-04 
3.245239e-03 
9.532727e-01 
9.543225e-01 
9.543225e-01 
9.543225e-01 
9.542627e-01 
9.542428e-01 
9.542427e-01 
9.542427e-01 
9.542427e-01 
1.414612e-03 
1.607145e-05 
1.708691e-05 
1.708691e-05 
1.708691e-05 
2.159312e-05 
-5.239880e-04 
-5.679235e-04 
-5.679235e-04 
-5.679235e-04 
-3.662505e-03 
-9.539851e-01 
-9.543222e-01 
-9.543222e-01 
-9.543222e-01 
-9.542554e-01 
-9.542419e-01 
-9.542419e-01 
-9.542419e-01 
-9.542419e-01 
-6.154918e-04 
3.079221e-06 
3.333135e-06 
3.333135e-06 
3.333135e-06 
1.022435e-05 
6.204134e-04 
6.327325e-04 
6.327325e-04 
6.327325e-04 
4.439518e-03 
9.542147e-01 
9.543225e-01 
9.543225e-01 
9.543225e-01 
9.542587e-01 
9.542427e-01 
9.542427e-01 
9.542427e-01 
9.542427e-01 
3.660555e-04 
1.686174e-05 
1.708691e-05 
1.708691e-05 
1.708691e-05 
2.251482e-05 
-5.558206e-04 
-5.679235e-04 
-5.679235e-04 
-5.679235e-04 
-5.119359e-03 
-9.542876e-01 
-9.543222e-01 
-9.543222e-01 
-9.543222e-01 
-9.542529e-01 
-9.542419e-01 
-9.542419e-01 
-9.542419e-01 
-9.542419e-01 
-1.187002e-04 
1.699602e-05 
1.708691e-05 
1.708691e-05 
1.708691e-05 
2.299597e-05 
-5.619126e-04 
-5.679235e-04 
-5.679235e-04 
-5.679235e-04 
-6.149805e-03 
-9.543111e-01 
-9.543222e-01 
-9.543222e-01 
-9.543222e-01 
-9.542519e-01 
-9.542419e-01 
-9.542419e-01 
-9.542419e-01 
-9.542419e-01 
-4.298589e-05 
1.705568e-05 
1.708691e-05 
1.708691e-05 
1.708691e-05 
2.347782e-05 
-5.650216e-04 
-5.679235e-04 
-5.679235e-04 
-5.679235e-04 
-7.478606e-03 
-9.543187e-01 
-9.543222e-01 
-9.543222e-01 
-9.543222e-01 
-9.542510e-01 
-9.542419e-01 
-9.542419e-01 
-9.542419e-01 
-9.542419e-01 
-8.896119e-06 
1.707938e-05 
1.708691e-05 
1.708691e-05 
1.708691e-05 
2.394258e-05 
-5.665549e-04 
-5.679235e-04 
-5.679235e-04 
-5.681485e-04 
-9.219895e-03 
-9.543211e-01 
-9.543222e-01 
-9.543222e-01 
-9.543222e-01 
-9.542501e-01 
-9.542419e-01 
-9.542419e-01 
-9.542419e-01 
-9.420866e-01 
5.518434e-06 
1.708733e-05 
1.708691e-05 
1.708691e-05 
1.708952e-05 
2.436147e-05 
-5.672904e-04 
-5.679235e-04 
-5.679235e-04 
-5.779948e-04 
-1.154311e-02 
-9.543218e-01 
-9.543222e-01 
-9.543222e-01 
-9.543215e-01 
-9.542493e-01 
-9.542419e-01 
-9.542419e-01 
-9.542419e-01 
-8.915589e-01 
1.092632e-05 
1.708913e-05 
1.708691e-05 
1.708691e-05 
1.711105e-05 
2.468822e-05 
-5.676351e-04 
-5.679235e-04 
-5.679235e-04 
-6.009136e-04 
-1.470605e-02 
-9.543221e-01 
-9.543222e-01 
-9.543222e-01 
-9.543198e-01 
-9.542486e-01 
-9.542419e-01 
-9.542419e-01 
-9.542419e-01 
-8.184436e-01 
1.238113e-05 
1.708893e-05 
1.708691e-05 
1.708691e-05 
1.716670e-05 
2.484852e-05 
-5.677939e-04 
-5.679235e-04 
-5.679235e-04 
-6.348741e-04 
-1.911167e-02 
-9.543222e-01 
-9.543222e-01 
-9.543222e-01 
-9.543171e-01 
-9.542479e-01 
-9.542419e-01 
-9.542419e-01 
-9.542419e-01 
-7.334601e-01 
1.221400e-05 
1.708831e-05 
1.708691e-05 
1.708691e-05 
1.726193e-05 
2.472267e-05 
-5.678659e-04 
-5.679235e-04 
-5.679235e-04 
-6.782329e-04 
-2.540863e-02 
-9.543222e-01 
-9.543222e-01 
-9.543222e-01 
-9.543137e-01 
-9.542473e-01 
-9.542419e-01 
-9.542419e-01 
-9.542419e-01 
-6.428004e-01 
1.146877e-05 
1.708776e-05 
1.708691e-05 
1.708691e-05 
1.739403e-05 
2.411656e-05 
-5.678982e-04 
-5.679235e-04 
-5.679235e-04 
-7.301168e-04 
-3.467410e-02 
-9.543222e-01 
-9.543222e-01 
-9.543222e-01 
-9.543098e-01 
-9.542467e-01 
-9.542419e-01 
-9.542419e-01 
-9.542419e-01 
-5.500192e-01 
1.059624e-05 
1.708739e-05 
1.708691e-05 
1.708691e-05 
1.755658e-05 
2.271326e-05 
-5.679124e-04 
-5.679235e-04 
-5.679235e-04 
-7.904443e-04 
-4.875216e-02 
-9.543222e-01 
-9.543222e-01 
-9.543222e-01 
-9.543056e-01 
-9.542461e-01 
-9.542419e-01 
-9.542419e-01 
-9.542419e-01 
-4.574925e-01 
9.782438e-06 
1.708717e-05 
1.708691e-05 
1.708691e-05 
1.774332e-05 
1.999298e-05 
-5.679187e-04 
-5.679235e-04 
-5.679235e-04 
-8.597956e-04 
-7.087555e-02 
-9.543222e-01 
-9.543222e-01 
-9.543222e-01 
-9.543010e-01 
-9.542456e-01 
-9.542419e-01 
-9.542419e-01 
-9.542419e-01 
-3.675635e-01 
9.100684e-06 
1.708704e-05 
1.708691e-05 
1.708691e-05 
1.794985e-05 
1.510608e-05 
-5.679214e-04 
-5.679235e-04 
-5.679235e-04 
-9.392864e-04 
-1.067142e-01 
-9.543222e-01 
-9.543222e-01 
-9.543222e-01 
-9.542961e-01 
-9.542451e-01 
-9.542419e-01 
-9.542419e-01 
-9.542419e-01 
-2.832170e-01 
8.580786e-06 
1.708697e-05 
1.708691e-05 
1.708691e-05 
1.817378e-05 
6.691483e-06 
-5.679226e-04 
-5.679235e-04 
-5.679235e-04 
-1.030506e-03 
-1.655762e-01 
-9.543222e-01 
-9.543222e-01 
-9.543222e-01 
-9.542910e-01 
-9.542447e-01 
-9.542419e-01 
-9.542419e-01 
-9.542419e-01 
-2.080011e-01 
4.284612e-06 
3.333150e-06 
3.333135e-06 
3.333135e-06 
4.558380e-06 
1.260703e-04 
6.327324e-04 
6.327325e-04 
6.327325e-04 
1.241046e-03 
2.615108e-01 
9.543225e-01 
9.543225e-01 
9.543225e-01 
9.542920e-01 
9.542454e-01 
9.542427e-01 
9.542427e-01 
9.542427e-01 
1.456622e-01 
8.095126e-06 
1.708692e-05 
1.708691e-05 
1.708691e-05 
1.867134e-05 
-2.977753e-05 
-5.679234e-04 
-5.679235e-04 
-5.679235e-04 
-1.256914e-03 
-3.923316e-01 
-9.543222e-01 
-9.543222e-01 
-9.543222e-01 
-9.542806e-01 
-9.542438e-01 
-9.542419e-01 
-9.542419e-01 
-9.542419e-01 
-9.606901e-02 
2.339819e-06 
3.333138e-06 
3.333135e-06 
3.333135e-06 
5.162134e-06 
2.221428e-04 
6.327325e-04 
6.327325e-04 
6.327325e-04 
1.499348e-03 
5.493011e-01 
9.543225e-01 
9.543225e-01 
9.543225e-01 
9.542836e-01 
9.542445e-01 
9.542427e-01 
9.542427e-01 
9.542427e-01 
6.109989e-02 
8.345204e-06 
3.310262e-06 
3.310265e-06 
3.310265e-06 
5.481189e-06 
2.854994e-04 
6.327228e-04 
6.327228e-04 
6.327228e-04 
1.652909e-03 
6.976242e-01 
9.543225e-01 
9.543225e-01 
9.543225e-01 
9.542796e-01 
9.542441e-01 
9.542427e-01 
9.542427e-01 
9.542427e-01 
3.693088e-02 
8.618270e-06 
3.310264e-06 
3.310265e-06 
3.310265e-06 
5.881332e-06 
3.551319e-04 
6.327228e-04 
6.327228e-04 
6.327228e-04 
1.842096e-03 
8.204335e-01 
9.543225e-01 
9.543225e-01 
9.543225e-01 
9.542757e-01 
9.542436e-01 
9.542427e-01 
9.542427e-01 
9.542427e-01 
2.144650e-02 
8.515867e-06 
3.310265e-06 
3.310265e-06 
3.310265e-06 
6.333834e-06 
4.256362e-04 
6.327228e-04 
6.327228e-04 
6.327228e-04 
2.069063e-03 
9.064677e-01 
9.543225e-01 
9.543225e-01 
9.543225e-01 
9.542722e-01 
9.542433e-01 
9.542427e-01 
9.542427e-01 
9.542427e-01 
1.202186e-02 
7.705316e-06 
3.310265e-06 
3.310265e-06 
3.310265e-06 
6.848030e-06 
4.903150e-04 
6.327228e-04 
6.327228e-04 
6.327228e-04 
2.342786e-03 
9.389807e-01 
9.543225e-01 
9.543225e-01 
9.543225e-01 
9.542690e-01 
9.542430e-01 
9.542427e-01 
9.542427e-01 
9.542427e-01 
6.534512e-03 
1.333525e-05 
1.708691e-05 
1.708691e-05 
1.708691e-05 
2.061456e-05 
-4.157484e-04 
-5.679235e-04 
-5.679235e-04 
-5.679235e-04 
-2.584489e-03 
-9.493994e-01 
-9.543222e-01 
-9.543222e-01 
-9.543222e-01 
-9.542593e-01 
-9.542420e-01 
-9.542419e-01 
-9.542419e-01 
-9.542419e-01 
-3.267441e-03 
1.478701e-05 
1.708691e-05 
1.708691e-05 
1.708691e-05 
2.101450e-05 
-4.740004e-04 
-5.679235e-04 
-5.679235e-04 
-5.679235e-04 
-2.980512e-03 
-9.527456e-01 
-9.543222e-01 
-9.543222e-01 
-9.543222e-01 
-9.542575e-01 
-9.542420e-01 
-9.542419e-01 
-9.542419e-01 
-9.542419e-01 
-1.644365e-03 
1.580824e-05 
1.708691e-05 
1.708691e-05 
1.708691e-05 
2.143739e-05 
-5.137406e-04 
-5.679235e-04 
-5.679235e-04 
-5.679235e-04 
-3.464564e-03 
-9.538169e-01 
-9.543222e-01 
-9.543222e-01 
-9.543222e-01 
-9.542559e-01 
-9.542419e-01 
-9.542419e-01 
-9.542419e-01 
-9.542419e-01 
-7.992616e-04 
1.643680e-05 
1.708691e-05 
1.708691e-05 
1.708691e-05 
2.188214e-05 
-5.383677e-04 
-5.679235e-04 
-5.679235e-04 
-5.679235e-04 
-4.062389e-03 
-9.541603e-01 
-9.543222e-01 
-9.543222e-01 
-9.543222e-01 
-9.542545e-01 
-9.542419e-01 
-9.542419e-01 
-9.542419e-01 
-9.542419e-01 
-3.723338e-04 
1.678445e-05 
1.708691e-05 
1.708691e-05 
1.708691e-05 
2.234609e-05 
-5.525221e-04 
-5.679235e-04 
-5.679235e-04 
-5.679235e-04 
-4.809197e-03 
-9.542704e-01 
-9.543222e-01 
-9.543222e-01 
-9.543222e-01 
-9.542533e-01 
-9.542419e-01 
-9.542419e-01 
-9.542419e-01 
-9.542419e-01 
-1.629677e-04 
1.695958e-05 
1.708691e-05 
1.708691e-05 
1.708691e-05 
2.282414e-05 
-5.601863e-04 
-5.679235e-04 
-5.679235e-04 
-5.679235e-04 
-5.753916e-03 
-9.543056e-01 
-9.543222e-01 
-9.543222e-01 
-9.543222e-01 
-9.542522e-01 
-9.542419e-01 
-9.542419e-01 
-9.542419e-01 
-9.542419e-01 
-6.347763e-05 
1.704010e-05 
1.708691e-05 
1.708691e-05 
1.708691e-05 
2.330735e-05 
-5.641530e-04 
-5.679235e-04 
-5.679235e-04 
-5.679235e-04 
-6.965724e-03 
-9.543169e-01 
-9.543222e-01 
-9.543222e-01 
-9.543222e-01 
-9.542513e-01 
-9.542419e-01 
-9.542419e-01 
-9.542419e-01 
-9.542419e-01 
-1.794565e-05 
1.707351e-05 
1.708691e-05 
1.708691e-05 
1.708691e-05 
2.378080e-05 
-5.661314e-04 
-5.679235e-04 
-5.679235e-04 
-5.679235e-04 
-8.544336e-03 
-9.543205e-01 
-9.543222e-01 
-9.543222e-01 
-9.543222e-01 
-9.542504e-01 
-9.542419e-01 
-9.542419e-01 
-9.542419e-01 
-9.513826e-01 
1.817031e-06 
1.708555e-05 
1.708691e-05 
1.708691e-05 
1.708746e-05 
2.422023e-05 
-5.670892e-04 
-5.679235e-04 
-5.679235e-04 
-5.728877e-04 
-1.063659e-02 
-9.543217e-01 
-9.543222e-01 
-9.543222e-01 
-9.543219e-01 
-9.542496e-01 
-9.542419e-01 
-9.542419e-01 
-9.542419e-01 
-9.128581e-01 
7.596446e-06 
3.333486e-06 
3.333135e-06 
3.333135e-06 
3.340685e-06 
2.053533e-05 
6.325675e-04 
6.327325e-04 
6.327325e-04 
6.589003e-04 
1.380619e-02 
9.543223e-01 
9.543225e-01 
9.543225e-01 
9.543210e-01 
9.542513e-01 
9.542427e-01 
9.542427e-01 
9.542427e-01 
8.462392e-01 
2.002006e-05 
1.708910e-05 
1.708691e-05 
1.708691e-05 
1.714245e-05 
2.481689e-05 
-5.677510e-04 
-5.679235e-04 
-5.679235e-04 
-6.216528e-04 
-1.736890e-02 
-9.543221e-01 
-9.543222e-01 
-9.543222e-01 
-9.543181e-01 
-9.542481e-01 
-9.542419e-01 
-9.542419e-01 
-9.542419e-01 
-7.645758e-01 
1.028921e-05 
3.333771e-06 
3.333135e-06 
3.333135e-06 
3.428549e-06 
2.840960e-05 
6.327016e-04 
6.327325e-04 
6.327325e-04 
7.369519e-04 
2.342946e-02 
9.543225e-01 
9.543225e-01 
9.543225e-01 
9.543162e-01 
9.542495e-01 
9.542427e-01 
9.542427e-01 
9.542427e-01 
6.754483e-01 
1.325671e-05 
1.708794e-05 
1.708691e-05 
1.708691e-05 
1.734321e-05 
2.440366e-05 
-5.678895e-04 
-5.679235e-04 
-5.679235e-04 
-7.107127e-04 
-3.094546e-02 
-9.543222e-01 
-9.543222e-01 
-9.543222e-01 
-9.543112e-01 
-9.542469e-01 
-9.542419e-01 
-9.542419e-01 
-9.542419e-01 
-5.830916e-01 
1.090596e-05 
1.708750e-05 
1.708691e-05 
1.708691e-05 
1.749572e-05 
2.333069e-05 
-5.679086e-04 
-5.679235e-04 
-5.679235e-04 
-7.680026e-04 
-4.303143e-02 
-9.543222e-01 
-9.543222e-01 
-9.543222e-01 
-9.543071e-01 
-9.542463e-01 
-9.542419e-01 
-9.542419e-01 
-9.542419e-01 
-4.902245e-01 
1.005907e-05 
1.708723e-05 
1.708691e-05 
1.708691e-05 
1.767448e-05 
2.115560e-05 
-5.679170e-04 
-5.679235e-04 
-5.679235e-04 
-8.340437e-04 
-6.179835e-02 
-9.543222e-01 
-9.543222e-01 
-9.543222e-01 
-9.543027e-01 
-9.542458e-01 
-9.542419e-01 
-9.542419e-01 
-9.542419e-01 
-3.990703e-01 
9.325614e-06 
1.708708e-05 
1.708691e-05 
1.708691e-05 
1.787434e-05 
1.716412e-05 
-5.679207e-04 
-5.679235e-04 
-5.679235e-04 
-9.097710e-04 
-9.190192e-02 
-9.543222e-01 
-9.543222e-01 
-9.543222e-01 
-9.542979e-01 
-9.542453e-01 
-9.542419e-01 
-9.542419e-01 
-9.542419e-01 
-3.123498e-01 
8.745958e-06 
1.708699e-05 
1.708691e-05 
1.708691e-05 
1.809225e-05 
1.020063e-05 
-5.679223e-04 
-5.679235e-04 
-5.679235e-04 
-9.966092e-04 
-1.412662e-01 
-9.543222e-01 
-9.543222e-01 
-9.543222e-01 
-9.542929e-01 
-9.542448e-01 
-9.542419e-01 
-9.542419e-01 
-9.542419e-01 
-2.334734e-01 
8.339363e-06 
1.708695e-05 
1.708691e-05 
1.708691e-05 
1.832686e-05 
-1.534360e-06 
-5.679230e-04 
-5.679235e-04 
-5.679235e-04 
-1.096449e-03 
-2.213284e-01 
-9.543222e-01 
-9.543222e-01 
-9.543222e-01 
-9.542877e-01 
-9.542444e-01 
-9.542419e-01 
-9.542419e-01 
-9.542419e-01 
-1.658875e-01 
8.119998e-06 
1.708693e-05 
1.708691e-05 
1.708691e-05 
1.857799e-05 
-2.062219e-05 
-5.679233e-04 
-5.679235e-04 
-5.679235e-04 
-1.211685e-03 
-3.410435e-01 
-9.543222e-01 
-9.543222e-01 
-9.543222e-01 
-9.542824e-01 
-9.542440e-01 
-9.542419e-01 
-9.542419e-01 
-9.542419e-01 
-1.118754e-01 
8.098211e-06 
1.708692e-05 
1.708691e-05 
1.708691e-05 
1.884614e-05 
-5.025140e-05 
-5.679234e-04 
-5.679235e-04 
-5.679235e-04 
-1.345309e-03 
-4.919693e-01 
-9.543222e-01 
-9.543222e-01 
-9.543222e-01 
-9.542774e-01 
-9.542436e-01 
-9.542419e-01 
-9.542419e-01 
-9.542419e-01 
-7.172513e-02 
8.278472e-06 
1.708691e-05 
1.708691e-05 
1.708691e-05 
1.913222e-05 
-9.349229e-05 
-5.679235e-04 
-5.679235e-04 
-5.679235e-04 
-1.501062e-03 
-6.463631e-01 
-9.543222e-01 
-9.543222e-01 
-9.543222e-01 
-9.542728e-01 
-9.542432e-01 
-9.542419e-01 
-9.542419e-01 
-9.542419e-01 
-4.386516e-02 
8.712629e-06 
1.708691e-05 
1.708691e-05 
1.708691e-05 
1.943732e-05 
-1.522017e-04 
-5.679235e-04 
-5.679235e-04 
-5.679235e-04 
-1.683648e-03 
-7.799129e-01 
-9.543222e-01 
-9.543222e-01 
-9.543222e-01 
-9.542688e-01 
-9.542428e-01 
-9.542419e-01 
-9.542419e-01 
-9.542419e-01 
-2.569673e-02 
9.609214e-06 
1.708691e-05 
1.708691e-05 
1.708691e-05 
1.976258e-05 
-2.260414e-04 
-5.679235e-04 
-5.679235e-04 
-5.679235e-04 
-1.899039e-03 
-8.825088e-01 
-9.543222e-01 
-9.543222e-01 
-9.543222e-01 
-9.542653e-01 
-9.542425e-01 
-9.542419e-01 
-9.542419e-01 
-9.542419e-01 
-1.447706e-02 
1.101495e-05 
1.708691e-05 
1.708691e-05 
1.708691e-05 
2.010913e-05 
-3.102944e-04 
-5.679235e-04 
-5.679235e-04 
-5.679235e-04 
-2.154890e-03 
-9.312887e-01 
-9.543222e-01 
-9.543222e-01 
-9.543222e-01 
-9.542625e-01 
-9.542422e-01 
-9.542419e-01 
-9.542419e-01 
-9.542419e-01 
-7.870222e-03 
1.273745e-05 
1.708691e-05 
1.708691e-05 
1.708691e-05 
2.047793e-05 
-3.905690e-04 
-5.679235e-04 
-5.679235e-04 
-5.679235e-04 
-2.461121e-03 
-9.469435e-01 
-9.543222e-01 
-9.543222e-01 
-9.543222e-01 
-9.542601e-01 
-9.542421e-01 
-9.542419e-01 
-9.542419e-01 
-9.542419e-01 
-4.142917e-03 
2.003927e-06 
3.333135e-06 
3.333135e-06 
3.333135e-06 
7.912364e-06 
5.677641e-04 
6.327325e-04 
6.327325e-04 
6.327325e-04 
2.928479e-03 
9.519637e-01 
9.543225e-01 
9.543225e-01 
9.543225e-01 
9.542644e-01 
9.542428e-01 
9.542427e-01 
9.542427e-01 
9.542427e-01 
2.270503e-03 
1.549480e-05 
1.708691e-05 
1.708691e-05 
1.708691e-05 
2.128444e-05 
-5.015725e-04 
-5.679235e-04 
-5.679235e-04 
-5.679235e-04 
-3.280921e-03 
-9.535648e-01 
-9.543222e-01 
-9.543222e-01 
-9.543222e-01 
-9.542564e-01 
-9.542420e-01 
-9.542419e-01 
-9.542419e-01 
-9.542419e-01 
-1.040685e-03 
2.915503e-06 
3.333135e-06 
3.333135e-06 
3.333135e-06 
9.521821e-06 
6.129734e-04 
6.327325e-04 
6.327325e-04 
6.327325e-04 
3.954318e-03 
9.540803e-01 
9.543225e-01 
9.543225e-01 
9.543225e-01 
9.542600e-01 
9.542427e-01 
9.542427e-01 
9.542427e-01 
9.542427e-01 
5.921441e-04 
3.722122e-06 
3.310265e-06 
3.310265e-06 
3.310265e-06 
1.046755e-05 
6.226106e-04 
6.327228e-04 
6.327228e-04 
6.327228e-04 
4.658361e-03 
9.542449e-01 
9.543225e-01 
9.543225e-01 
9.543225e-01 
9.542582e-01 
9.542427e-01 
9.542427e-01 
9.542427e-01 
9.542427e-01 
3.015411e-04 
3.502358e-06 
3.310265e-06 
3.310265e-06 
3.310265e-06 
1.165550e-05 
6.277482e-04 
6.327228e-04 
6.327228e-04 
6.327228e-04 
5.547583e-03 
9.542977e-01 
9.543225e-01 
9.543225e-01 
9.543225e-01 
9.542565e-01 
9.542427e-01 
9.542427e-01 
9.542427e-01 
9.542427e-01 
1.564772e-04 
3.392266e-06 
3.310265e-06 
3.310265e-06 
3.310265e-06 
1.306966e-05 
6.303539e-04 
6.327228e-04 
6.327228e-04 
6.327228e-04 
6.682042e-03 
9.543145e-01 
9.543225e-01 
9.543225e-01 
9.543225e-01 
9.542551e-01 
9.542427e-01 
9.542427e-01 
9.542427e-01 
9.542427e-01 
8.473380e-05 
3.341528e-06 
3.310265e-06 
3.310265e-06 
3.310265e-06 
1.476997e-05 
6.316250e-04 
6.327228e-04 
6.327228e-04 
6.327228e-04 
8.150671e-03 
9.543199e-01 
9.543225e-01 
9.543225e-01 
9.543225e-01 
9.542538e-01 
9.542427e-01 
9.542427e-01 
9.542427e-01 
9.542427e-01 
4.923819e-05 
1.708272e-05 
1.708691e-05 
1.708691e-05 
1.708692e-05 
2.406994e-05 
-5.668264e-04 
-5.679235e-04 
-5.679235e-04 
-5.695277e-04 
-9.821919e-03 
-9.543214e-01 
-9.543222e-01 
-9.543222e-01 
-9.543221e-01 
-9.542499e-01 
-9.542419e-01 
-9.542419e-01 
-9.542419e-01 
-9.306947e-01 
7.709531e-06 
1.708823e-05 
1.708691e-05 
1.708691e-05 
1.709296e-05 
2.446796e-05 
-5.674181e-04 
-5.679235e-04 
-5.679235e-04 
-5.833598e-04 
0.000000e+00 
0.000000e+00 
0.000000e+00 
0.000000e+00 
0.000000e+00
#[#TRACE_DATA]
#[#TRACE]
