#[TRACE]
#data_labels=Output
#[TRACE_DATA]
3.816803e-06 
-4.819767e-04 
-4.819768e-04 
-4.819768e-04 
-4.819768e-04 
-4.600980e-03 
-9.542486e-01 
-9.542486e-01 
-9.542486e-01 
-9.542486e-01 
-9.542359e-01 
-9.542329e-01 
-9.542329e-01 
-9.542329e-01 
-9.542329e-01 
3.209264e-05 
2.885883e-06 
2.885883e-06 
2.885883e-06 
2.885883e-06 
1.188831e-05 
5.383378e-04 
5.383378e-04 
5.383378e-04 
5.383378e-04 
4.819059e-03 
9.542487e-01 
9.542487e-01 
9.542487e-01 
9.542487e-01 
9.542371e-01 
9.542331e-01 
9.542331e-01 
9.542331e-01 
9.542331e-01 
2.836661e-05 
2.862801e-06 
2.862801e-06 
2.862801e-06 
2.862801e-06 
1.197749e-05 
5.383036e-04 
5.383036e-04 
5.383036e-04 
5.383036e-04 
4.916460e-03 
9.542487e-01 
9.542487e-01 
9.542487e-01 
9.542487e-01 
9.542370e-01 
9.542332e-01 
9.542332e-01 
9.542332e-01 
9.542332e-01 
3.079708e-05 
2.885883e-06 
2.885883e-06 
2.885883e-06 
2.885883e-06 
1.220673e-05 
5.383378e-04 
5.383378e-04 
5.383378e-04 
5.383378e-04 
5.016494e-03 
9.542487e-01 
9.542487e-01 
9.542487e-01 
9.542487e-01 
9.542370e-01 
9.542332e-01 
9.542332e-01 
9.542332e-01 
9.542332e-01 
3.017707e-05 
1.569016e-05 
1.569016e-05 
1.569016e-05 
1.569016e-05 
1.978854e-05 
-4.819798e-04 
-4.819798e-04 
-4.819798e-04 
-4.819798e-04 
-4.987313e-03 
-9.542486e-01 
-9.542486e-01 
-9.542486e-01 
-9.542486e-01 
-9.542358e-01 
-9.542329e-01 
-9.542329e-01 
-9.542329e-01 
-9.542329e-01 
2.957478e-05 
2.885883e-06 
2.885883e-06 
2.885883e-06 
2.885883e-06 
1.253840e-05 
5.383378e-04 
5.383378e-04 
5.383378e-04 
5.383378e-04 
5.224817e-03 
9.542487e-01 
9.542487e-01 
9.542487e-01 
9.542487e-01 
9.542369e-01 
9.542332e-01 
9.542332e-01 
9.542332e-01 
9.542332e-01 
2.898949e-05 
1.569016e-05 
1.569016e-05 
1.569016e-05 
1.569016e-05 
1.984185e-05 
-4.819798e-04 
-4.819798e-04 
-4.819798e-04 
-4.819798e-04 
-5.196698e-03 
-9.542486e-01 
-9.542486e-01 
-9.542486e-01 
-9.542486e-01 
-9.542358e-01 
-9.542329e-01 
-9.542329e-01 
-9.542329e-01 
-9.542329e-01 
2.546726e-05 
-9.950108e-06 
-9.950108e-06 
-9.950108e-06 
-9.950108e-06 
5.223179e-06 
4.986053e-04 
4.986053e-04 
4.986053e-04 
4.986053e-04 
5.444782e-03 
9.542487e-01 
9.542487e-01 
9.542487e-01 
9.542487e-01 
9.542368e-01 
9.542331e-01 
9.542331e-01 
9.542331e-01 
9.542331e-01 
2.493466e-05 
-9.950108e-06 
-9.950108e-06 
-9.950108e-06 
-9.950108e-06 
5.529956e-06 
4.986053e-04 
4.986053e-04 
4.986053e-04 
4.986053e-04 
5.559383e-03 
9.542487e-01 
9.542487e-01 
9.542487e-01 
9.542487e-01 
9.542368e-01 
9.542331e-01 
9.542331e-01 
9.542331e-01 
9.542331e-01 
2.441653e-05 
-9.950108e-06 
-9.950108e-06 
-9.950108e-06 
-9.950108e-06 
5.843786e-06 
4.986053e-04 
4.986053e-04 
4.986053e-04 
4.986053e-04 
5.677205e-03 
9.542487e-01 
9.542487e-01 
9.542487e-01 
9.542487e-01 
9.542367e-01 
9.542331e-01 
9.542331e-01 
9.542331e-01 
9.542331e-01 
2.391234e-05 
2.862801e-06 
2.862801e-06 
2.862801e-06 
2.862801e-06 
1.335547e-05 
5.383036e-04 
5.383036e-04 
5.383036e-04 
5.383036e-04 
5.798361e-03 
9.542487e-01 
9.542487e-01 
9.542487e-01 
9.542487e-01 
9.542367e-01 
9.542331e-01 
9.542331e-01 
9.542331e-01 
9.542331e-01 
2.342147e-05 
-1.002741e-05 
-1.002741e-05 
-1.002741e-05 
-1.002741e-05 
6.152377e-06 
4.986094e-04 
4.986094e-04 
4.986094e-04 
4.986094e-04 
5.922988e-03 
9.542487e-01 
9.542487e-01 
9.542487e-01 
9.542487e-01 
9.542367e-01 
9.542331e-01 
9.542331e-01 
9.542331e-01 
9.542331e-01 
2.294402e-05 
-9.950108e-06 
-9.950108e-06 
-9.950108e-06 
-9.950108e-06 
6.829567e-06 
4.986053e-04 
4.986053e-04 
4.986053e-04 
4.986053e-04 
6.051151e-03 
9.542487e-01 
9.542487e-01 
9.542487e-01 
9.542487e-01 
9.542366e-01 
9.542331e-01 
9.542331e-01 
9.542331e-01 
9.542331e-01 
2.247870e-05 
-1.002741e-05 
-1.002741e-05 
-1.002741e-05 
-1.002741e-05 
6.824331e-06 
4.986094e-04 
4.986094e-04 
4.986094e-04 
4.986094e-04 
6.183054e-03 
9.542487e-01 
9.542487e-01 
9.542487e-01 
9.542487e-01 
9.542366e-01 
9.542331e-01 
9.542331e-01 
9.542331e-01 
9.542331e-01 
2.202598e-05 
-9.950108e-06 
-9.950108e-06 
-9.950108e-06 
-9.950108e-06 
7.525729e-06 
4.986053e-04 
4.986053e-04 
4.986053e-04 
4.986053e-04 
6.318752e-03 
9.542487e-01 
9.542487e-01 
9.542487e-01 
9.542487e-01 
9.542366e-01 
9.542331e-01 
9.542331e-01 
9.542331e-01 
9.542331e-01 
2.158453e-05 
-1.002741e-05 
-1.002741e-05 
-1.002741e-05 
-1.002741e-05 
7.528370e-06 
4.986094e-04 
4.986094e-04 
4.986094e-04 
4.986094e-04 
6.458463e-03 
9.542487e-01 
9.542487e-01 
9.542487e-01 
9.542487e-01 
9.542365e-01 
9.542331e-01 
9.542331e-01 
9.542331e-01 
9.542331e-01 
2.115488e-05 
-9.950108e-06 
-9.950108e-06 
-9.950108e-06 
-9.950108e-06 
8.255122e-06 
4.986053e-04 
4.986053e-04 
4.986053e-04 
4.986053e-04 
6.602250e-03 
9.542487e-01 
9.542487e-01 
9.542487e-01 
9.542487e-01 
9.542365e-01 
9.542331e-01 
9.542331e-01 
9.542331e-01 
9.542331e-01 
2.073572e-05 
-1.002741e-05 
-1.002741e-05 
-1.002741e-05 
-1.002741e-05 
8.266315e-06 
4.986094e-04 
4.986094e-04 
4.986094e-04 
4.986094e-04 
6.750349e-03 
9.542487e-01 
9.542487e-01 
9.542487e-01 
9.542487e-01 
9.542364e-01 
9.542331e-01 
9.542331e-01 
9.542331e-01 
9.542331e-01 
2.032765e-05 
-9.950108e-06 
-9.950108e-06 
-9.950108e-06 
-9.950108e-06 
9.019626e-06 
4.986053e-04 
4.986053e-04 
4.986053e-04 
4.986053e-04 
6.902830e-03 
9.542487e-01 
9.542487e-01 
9.542487e-01 
9.542487e-01 
9.542364e-01 
9.542332e-01 
9.542332e-01 
9.542332e-01 
9.542332e-01 
2.269173e-05 
2.885883e-06 
2.885883e-06 
2.885883e-06 
2.885883e-06 
1.530023e-05 
5.383378e-04 
5.383378e-04 
5.383378e-04 
5.383378e-04 
7.059924e-03 
9.542487e-01 
9.542487e-01 
9.542487e-01 
9.542487e-01 
9.542364e-01 
9.542332e-01 
9.542332e-01 
9.542332e-01 
9.542332e-01 
2.229246e-05 
1.569016e-05 
1.569016e-05 
1.569016e-05 
1.569016e-05 
2.014164e-05 
-4.819798e-04 
-4.819798e-04 
-4.819798e-04 
-4.819798e-04 
-7.045568e-03 
-9.542486e-01 
-9.542486e-01 
-9.542486e-01 
-9.542486e-01 
-9.542354e-01 
-9.542329e-01 
-9.542329e-01 
-9.542329e-01 
-9.542329e-01 
2.190353e-05 
2.885883e-06 
2.885883e-06 
2.885883e-06 
2.885883e-06 
1.576939e-05 
5.383378e-04 
5.383378e-04 
5.383378e-04 
5.383378e-04 
7.388578e-03 
9.542487e-01 
9.542487e-01 
9.542487e-01 
9.542487e-01 
9.542363e-01 
9.542332e-01 
9.542332e-01 
9.542332e-01 
9.542332e-01 
2.152452e-05 
1.569016e-05 
1.569016e-05 
1.569016e-05 
1.569016e-05 
2.016950e-05 
-4.819798e-04 
-4.819798e-04 
-4.819798e-04 
-4.819798e-04 
-7.377443e-03 
-9.542486e-01 
-9.542486e-01 
-9.542486e-01 
-9.542486e-01 
-9.542353e-01 
-9.542329e-01 
-9.542329e-01 
-9.542329e-01 
-9.542329e-01 
1.843329e-05 
-9.950108e-06 
-9.950108e-06 
-9.950108e-06 
-9.950108e-06 
1.109789e-05 
4.986053e-04 
4.986053e-04 
4.986053e-04 
4.986053e-04 
7.737759e-03 
9.542487e-01 
9.542487e-01 
9.542487e-01 
9.542487e-01 
9.542362e-01 
9.542331e-01 
9.542331e-01 
9.542331e-01 
9.542331e-01 
1.808168e-05 
-9.950108e-06 
-9.950108e-06 
-9.950108e-06 
-9.950108e-06 
1.154437e-05 
4.986053e-04 
4.986053e-04 
4.986053e-04 
4.986053e-04 
7.920542e-03 
9.542487e-01 
9.542487e-01 
9.542487e-01 
9.542487e-01 
9.542362e-01 
9.542331e-01 
9.542331e-01 
9.542331e-01 
9.542331e-01 
1.773849e-05 
-9.950108e-06 
-9.950108e-06 
-9.950108e-06 
-9.950108e-06 
1.200182e-05 
4.986053e-04 
4.986053e-04 
4.986053e-04 
4.986053e-04 
8.109071e-03 
9.542487e-01 
9.542487e-01 
9.542487e-01 
9.542487e-01 
9.542362e-01 
9.542331e-01 
9.542331e-01 
9.542331e-01 
9.542331e-01 
1.740342e-05 
2.862801e-06 
2.862801e-06 
2.862801e-06 
2.862801e-06 
1.695050e-05 
5.383036e-04 
5.383036e-04 
5.383036e-04 
5.383036e-04 
8.303568e-03 
9.542487e-01 
9.542487e-01 
9.542487e-01 
9.542487e-01 
9.542361e-01 
9.542331e-01 
9.542331e-01 
9.542331e-01 
9.542331e-01 
1.707600e-05 
-1.002741e-05 
-1.002741e-05 
-1.002741e-05 
-1.002741e-05 
1.253663e-05 
4.986094e-04 
4.986094e-04 
4.986094e-04 
4.986094e-04 
8.504295e-03 
9.542487e-01 
9.542487e-01 
9.542487e-01 
9.542487e-01 
9.542361e-01 
9.542331e-01 
9.542331e-01 
9.542331e-01 
9.542331e-01 
1.675680e-05 
-9.950108e-06 
-9.950108e-06 
-9.950108e-06 
-9.950108e-06 
1.344308e-05 
4.986053e-04 
4.986053e-04 
4.986053e-04 
4.986053e-04 
8.711420e-03 
9.542487e-01 
9.542487e-01 
9.542487e-01 
9.542487e-01 
9.542361e-01 
9.542331e-01 
9.542331e-01 
9.542331e-01 
9.542331e-01 
1.644438e-05 
-1.002741e-05 
-1.002741e-05 
-1.002741e-05 
-1.002741e-05 
1.352305e-05 
4.986094e-04 
4.986094e-04 
4.986094e-04 
4.986094e-04 
8.925304e-03 
9.542487e-01 
9.542487e-01 
9.542487e-01 
9.542487e-01 
9.542360e-01 
9.542331e-01 
9.542331e-01 
9.542331e-01 
9.542331e-01 
1.613978e-05 
-9.950108e-06 
-9.950108e-06 
-9.950108e-06 
-9.950108e-06 
1.446469e-05 
4.986053e-04 
4.986053e-04 
4.986053e-04 
4.986053e-04 
9.146112e-03 
9.542487e-01 
9.542487e-01 
9.542487e-01 
9.542487e-01 
9.542360e-01 
9.542331e-01 
9.542331e-01 
9.542331e-01 
9.542331e-01 
1.584147e-05 
-1.002741e-05 
-1.002741e-05 
-1.002741e-05 
-1.002741e-05 
1.455968e-05 
4.986094e-04 
4.986094e-04 
4.986094e-04 
4.986094e-04 
9.374233e-03 
9.542487e-01 
9.542487e-01 
9.542487e-01 
9.542487e-01 
9.542360e-01 
9.542331e-01 
9.542331e-01 
9.542331e-01 
9.542331e-01 
1.555057e-05 
-9.950108e-06 
-9.950108e-06 
-9.950108e-06 
-9.950108e-06
#[#TRACE_DATA]
#[#TRACE]
