#[TRACE]
#data_labels=Output
#[TRACE_DATA]
5.174067e-03 
9.542487e-01 
9.542487e-01 
9.542487e-01 
9.542487e-01 
9.542369e-01 
9.542332e-01 
9.542332e-01 
9.542332e-01 
9.542332e-01 
3.052679e-05 
-1.399430e-05 
-1.399430e-05 
-1.399430e-05 
-1.399430e-05 
7.038987e-07 
4.920777e-04 
4.920777e-04 
4.920777e-04 
4.920777e-04 
5.042715e-03 
9.542487e-01 
9.542487e-01 
9.542487e-01 
9.542487e-01 
9.542369e-01 
9.542331e-01 
9.542331e-01 
9.542331e-01 
9.542331e-01 
2.654286e-05 
2.579107e-06 
2.579107e-06 
2.579107e-06 
2.579107e-06 
1.222225e-05 
5.360982e-04 
5.360982e-04 
5.360982e-04 
5.360982e-04 
5.042715e-03 
9.542487e-01 
9.542487e-01 
9.542487e-01 
9.542487e-01 
9.542369e-01 
9.542331e-01 
9.542331e-01 
9.542331e-01 
9.542331e-01 
2.656222e-05 
2.600100e-06 
2.600100e-06 
2.600100e-06 
2.600100e-06 
1.229040e-05 
5.360992e-04 
5.360992e-04 
5.360992e-04 
5.360992e-04 
5.042714e-03 
9.542487e-01 
9.542487e-01 
9.542487e-01 
9.542487e-01 
9.542369e-01 
9.542331e-01 
9.542331e-01 
9.542331e-01 
9.542331e-01 
2.257736e-05 
1.916342e-05 
1.916342e-05 
1.916342e-05 
1.916342e-05 
2.322230e-05 
-4.794918e-04 
-4.794918e-04 
-4.794918e-04 
-4.794918e-04 
-4.940933e-03 
-9.542486e-01 
-9.542486e-01 
-9.542486e-01 
-9.542486e-01 
-9.542358e-01 
-9.542328e-01 
-9.542328e-01 
-9.542328e-01 
-9.542328e-01 
3.052679e-05 
-1.399430e-05 
-1.399430e-05 
-1.399430e-05 
-1.399430e-05 
7.038969e-07 
4.920777e-04 
4.920777e-04 
4.920777e-04 
4.920777e-04 
5.042714e-03 
9.542487e-01 
9.542487e-01 
9.542487e-01 
9.542487e-01 
9.542369e-01 
9.542331e-01 
9.542331e-01 
9.542331e-01 
9.542331e-01 
2.654286e-05 
2.579107e-06 
2.579107e-06 
2.579107e-06 
2.579107e-06 
1.222224e-05 
5.360982e-04 
5.360982e-04 
5.360982e-04 
5.360982e-04 
5.042714e-03 
9.542487e-01 
9.542487e-01 
9.542487e-01 
9.542487e-01 
9.542369e-01 
9.542331e-01 
9.542331e-01 
9.542331e-01 
9.542331e-01 
2.656222e-05 
2.600100e-06 
2.600100e-06 
2.600100e-06 
2.600100e-06 
1.229040e-05 
5.360992e-04 
5.360992e-04 
5.360992e-04 
5.360992e-04 
5.042714e-03 
9.542487e-01 
9.542487e-01 
9.542487e-01 
9.542487e-01 
9.542369e-01 
9.542331e-01 
9.542331e-01 
9.542331e-01 
9.542331e-01 
2.257736e-05 
1.916342e-05 
1.916342e-05 
1.916342e-05 
1.916342e-05 
2.322230e-05 
-4.794918e-04 
-4.794918e-04 
-4.794918e-04 
-4.794918e-04
#[#TRACE_DATA]
#[#TRACE]
