#[TRACE]
#data_labels=Output
#[TRACE_DATA]
5.117857e-03 
6.398733e-03 
8.391899e-03 
1.129401e-02 
1.567658e-02 
2.259035e-02 
3.408282e-02 
5.437778e-02 
9.239704e-02 
1.646254e-01 
2.848525e-01 
4.356007e-01 
5.880696e-01 
7.298118e-01 
8.538420e-01 
9.485794e-01 
9.542477e-01 
9.542477e-01 
9.542477e-01 
9.542477e-01 
9.542477e-01 
9.542477e-01 
9.542477e-01 
9.542477e-01 
9.542477e-01 
9.542477e-01 
9.542477e-01 
9.542477e-01 
9.542477e-01 
9.542477e-01 
9.542477e-01 
9.542477e-01 
9.542477e-01 
9.542477e-01 
9.542477e-01 
9.542477e-01 
9.542477e-01 
9.542477e-01 
9.542477e-01 
9.542477e-01 
9.542477e-01 
9.542477e-01 
9.542477e-01 
9.542477e-01 
9.542477e-01 
9.542477e-01 
9.542477e-01 
9.542477e-01 
9.542477e-01 
9.542477e-01 
9.542477e-01 
9.542477e-01 
9.542477e-01 
9.542477e-01 
9.542477e-01 
9.542477e-01 
9.542477e-01 
9.542477e-01 
9.542477e-01 
9.542477e-01 
9.542477e-01 
9.542477e-01 
9.542477e-01 
9.542477e-01 
9.542477e-01 
9.542477e-01 
9.542477e-01 
9.542477e-01 
9.542477e-01 
9.542477e-01 
9.542477e-01 
9.542477e-01 
9.542477e-01 
9.542477e-01 
9.542477e-01 
9.542477e-01 
9.542477e-01 
9.542477e-01 
9.542477e-01 
9.542475e-01 
9.542471e-01 
9.542466e-01 
9.542460e-01 
9.542453e-01 
9.542444e-01 
9.542435e-01 
9.542424e-01 
9.542414e-01 
9.542404e-01 
9.542395e-01 
9.542388e-01 
9.542381e-01 
9.542375e-01 
9.542370e-01 
9.542365e-01 
9.542361e-01 
9.542358e-01 
9.542354e-01 
9.542351e-01 
9.542349e-01 
9.542346e-01 
9.542344e-01 
9.542342e-01 
9.542340e-01 
9.542338e-01 
9.542336e-01 
9.542335e-01 
9.542333e-01 
9.542332e-01 
9.542331e-01 
9.542331e-01 
9.542331e-01 
9.542331e-01 
9.542331e-01 
9.542331e-01 
9.542331e-01 
9.542331e-01 
9.542331e-01 
9.542331e-01 
9.542331e-01 
9.542331e-01 
9.542331e-01 
9.542331e-01 
9.542331e-01 
9.542331e-01 
9.542331e-01 
9.542331e-01 
9.542331e-01 
9.542331e-01 
9.542331e-01 
9.542331e-01 
9.542331e-01 
9.542331e-01 
9.542331e-01 
9.542331e-01 
9.542331e-01 
9.542331e-01 
9.542331e-01 
9.542331e-01 
9.542331e-01 
9.542331e-01 
9.542331e-01 
9.542331e-01 
9.542331e-01 
9.542331e-01 
9.542331e-01 
9.542331e-01 
9.542331e-01 
9.542331e-01 
9.542331e-01 
9.542331e-01 
9.542331e-01 
9.542331e-01 
9.542331e-01 
9.542331e-01 
9.542331e-01 
9.542331e-01 
9.542331e-01 
9.542331e-01 
9.542331e-01 
9.542331e-01 
9.542331e-01 
9.542331e-01 
9.542331e-01 
9.542331e-01 
9.542331e-01 
9.542331e-01 
9.542331e-01 
9.542331e-01 
9.542331e-01 
9.542331e-01 
9.542331e-01 
9.513987e-01 
8.594761e-01 
7.375605e-01 
5.958095e-01 
4.324288e-01 
2.333728e-01 
4.104474e-02 
1.561150e-03 
4.310852e-04 
2.380173e-04 
1.476414e-04 
9.839064e-05 
6.899355e-05 
5.028252e-05 
3.777794e-05 
2.908940e-05 
2.285324e-05 
1.824845e-05 
1.475672e-05 
1.203425e-05 
9.836556e-06 
7.963934e-06 
6.196016e-06 
4.136441e-06 
7.870507e-07 
-4.288825e-06 
-7.951504e-06 
-1.023155e-05 
-1.189772e-05 
-1.330830e-05 
-1.449628e-05 
-1.477083e-05 
-1.477083e-05 
-1.477083e-05 
-1.477083e-05 
-1.477083e-05 
-1.477083e-05 
-1.477083e-05 
-1.477083e-05 
-1.477083e-05 
-1.477083e-05 
-1.477083e-05 
-1.477083e-05 
-1.477083e-05 
-1.477083e-05 
-1.477083e-05 
-1.477083e-05 
-1.477083e-05 
-1.477083e-05 
-1.477083e-05 
-1.477083e-05 
-1.477083e-05 
-1.477083e-05 
-1.477083e-05 
-1.477083e-05 
-1.477083e-05 
-1.477083e-05 
-1.477083e-05 
-1.477083e-05 
-1.477083e-05 
-1.477083e-05 
-1.477083e-05 
-1.477083e-05 
-1.477083e-05 
-1.477083e-05 
-1.477083e-05 
-1.477083e-05 
-1.477083e-05 
-1.477083e-05 
-1.477083e-05 
-1.477083e-05 
-1.477083e-05 
-1.477083e-05 
-1.477083e-05 
-1.477083e-05 
-1.477083e-05 
-1.477083e-05 
-1.477083e-05 
-1.477083e-05 
-1.477083e-05 
-1.477083e-05 
-1.477083e-05 
-1.477083e-05 
-1.477083e-05 
-1.477083e-05 
-1.477083e-05 
-1.477083e-05 
-1.477083e-05 
-1.477083e-05 
-1.477083e-05 
-1.477083e-05 
-1.477083e-05 
-1.477083e-05 
-1.477083e-05 
-1.471995e-05 
-1.457374e-05 
-1.441075e-05 
-1.421922e-05 
-1.398524e-05 
-1.369234e-05 
-1.332082e-05 
-1.283947e-05 
-1.222179e-05 
-1.145123e-05 
-1.049261e-05 
-9.291765e-06 
-7.773044e-06 
-5.831102e-06 
-3.317750e-06 
-2.234000e-08 
4.356739e-06 
1.025107e-05 
1.826799e-05 
2.922196e-05 
4.409206e-05 
6.380877e-05 
8.886150e-05 
1.190477e-04 
1.538269e-04 
1.931483e-04 
2.381397e-04 
2.913072e-04 
3.556518e-04 
4.301250e-04 
4.782437e-04 
4.782614e-04 
4.782614e-04 
4.782614e-04 
4.782614e-04 
4.782614e-04 
4.782614e-04 
4.782614e-04 
4.782614e-04 
4.782614e-04 
4.782614e-04 
4.782614e-04 
4.782614e-04 
4.782614e-04 
4.782614e-04 
4.782614e-04 
4.782614e-04 
4.782614e-04 
4.782614e-04 
4.782614e-04 
4.782614e-04 
4.782614e-04 
4.782614e-04 
4.782614e-04 
4.782614e-04 
4.782614e-04 
4.782614e-04 
4.782614e-04 
4.782614e-04 
4.782614e-04 
4.782614e-04 
4.782614e-04 
4.782614e-04 
4.782614e-04 
4.782614e-04 
4.782614e-04 
4.782614e-04 
4.782614e-04 
4.782614e-04 
4.782614e-04 
4.782614e-04 
4.782614e-04 
4.782614e-04 
4.782614e-04 
4.782614e-04 
4.782614e-04 
4.782614e-04 
4.782614e-04 
4.782614e-04 
4.782614e-04 
4.782614e-04 
4.782614e-04 
4.782614e-04 
4.782614e-04 
4.782614e-04 
4.782614e-04 
4.782614e-04 
4.782614e-04 
4.782614e-04 
4.782614e-04 
4.782614e-04 
4.782614e-04 
4.782614e-04 
4.801631e-04 
5.332724e-04 
5.968381e-04 
6.714630e-04 
7.597167e-04 
8.649272e-04 
9.913506e-04 
1.144276e-03 
1.330309e-03 
1.558507e-03 
1.841772e-03 
2.198141e-03 
2.653008e-03 
3.242853e-03 
4.021354e-03 
5.069586e-03 
6.513675e-03 
8.556588e-03 
1.153797e-02 
1.605261e-02 
2.319818e-02 
3.512245e-02 
5.627079e-02 
9.601724e-02 
1.712951e-01 
2.945786e-01 
4.461938e-01 
5.981795e-01 
7.389497e-01 
8.614271e-01 
9.528586e-01 
9.542477e-01 
9.542477e-01 
9.542477e-01 
9.542477e-01 
9.542477e-01 
9.542477e-01 
9.542477e-01 
9.542477e-01 
9.542477e-01 
9.542477e-01 
9.542477e-01 
9.542477e-01 
9.542477e-01 
9.542477e-01 
9.542477e-01 
9.542477e-01 
9.542477e-01 
9.542477e-01 
9.542477e-01 
9.542477e-01 
9.542477e-01 
9.542477e-01 
9.542477e-01 
9.542477e-01 
9.542477e-01 
9.542477e-01 
9.542477e-01 
9.542477e-01 
9.542477e-01 
9.542477e-01 
9.542477e-01 
9.542477e-01 
9.542477e-01 
9.542477e-01 
9.542477e-01 
9.542477e-01 
9.542477e-01 
9.542477e-01 
9.542477e-01 
9.542477e-01 
9.542477e-01 
9.542477e-01 
9.542477e-01 
9.542477e-01 
9.542477e-01 
9.542477e-01 
9.542477e-01 
9.542477e-01 
9.542477e-01 
9.542477e-01 
9.542477e-01 
9.542477e-01 
9.542477e-01 
9.542477e-01 
9.542477e-01 
9.542477e-01 
9.542477e-01 
9.542477e-01 
9.542477e-01 
9.542477e-01 
9.542477e-01 
9.542477e-01 
9.542477e-01 
9.542475e-01 
9.542471e-01 
9.542466e-01 
9.542459e-01 
9.542452e-01 
9.542443e-01 
9.542434e-01 
9.542424e-01 
9.542413e-01 
9.542403e-01 
9.542395e-01 
9.542387e-01 
9.542381e-01 
9.542375e-01 
9.542370e-01 
9.542365e-01 
9.542361e-01 
9.542357e-01 
9.542354e-01 
9.542351e-01 
9.542348e-01 
9.542346e-01 
9.542344e-01 
9.542342e-01 
9.542340e-01 
9.542338e-01 
9.542336e-01 
9.542335e-01 
9.542333e-01 
9.542332e-01 
9.542331e-01 
9.542331e-01 
9.542331e-01 
9.542331e-01 
9.542331e-01 
9.542331e-01 
9.542331e-01 
9.542331e-01 
9.542331e-01 
9.542331e-01 
9.542331e-01 
9.542331e-01 
9.542331e-01 
9.542331e-01 
9.542331e-01 
9.542331e-01 
9.542331e-01 
9.542331e-01 
9.542331e-01 
9.542331e-01 
9.542331e-01 
9.542331e-01 
9.542331e-01 
9.542331e-01 
9.542331e-01 
9.542331e-01 
9.542331e-01 
9.542331e-01 
9.542331e-01 
9.542331e-01 
9.542331e-01 
9.542331e-01 
9.542331e-01 
9.542331e-01 
9.542331e-01 
9.542331e-01 
9.542331e-01 
9.542331e-01 
9.542331e-01 
9.542331e-01 
9.542331e-01 
9.542331e-01 
9.542331e-01 
9.542331e-01 
9.542331e-01 
9.542331e-01 
9.542331e-01 
9.542331e-01 
9.542331e-01 
9.542331e-01 
9.542331e-01 
9.542331e-01 
9.542331e-01 
9.542331e-01 
9.542331e-01 
9.542331e-01 
9.542331e-01 
9.542331e-01 
9.542331e-01 
9.542331e-01 
9.542331e-01 
9.542331e-01 
9.542331e-01 
9.467518e-01 
8.519126e-01 
7.284520e-01 
5.854102e-01 
4.201173e-01 
2.180570e-01 
3.344124e-02 
1.191525e-03 
3.559981e-04 
1.986435e-04 
1.239387e-04 
8.294135e-05 
5.836119e-05 
4.267074e-05 
3.216752e-05 
2.486710e-05 
1.963464e-05 
1.578714e-05 
1.289613e-05 
1.068352e-05 
8.963748e-06 
7.610583e-06 
6.537989e-06 
5.688812e-06 
5.000931e-06 
4.327594e-06 
3.772831e-06 
3.329839e-06 
2.957035e-06 
2.633559e-06 
2.349894e-06 
2.335946e-06 
2.335946e-06 
2.335946e-06 
2.335946e-06 
2.335946e-06 
2.335946e-06 
2.335946e-06 
2.335946e-06 
2.335946e-06 
2.335946e-06 
2.335946e-06 
2.335946e-06 
2.335946e-06 
2.335946e-06 
2.335946e-06 
2.335946e-06 
2.335946e-06 
2.335946e-06 
2.335946e-06 
2.335946e-06 
2.335946e-06 
2.335946e-06 
2.335946e-06 
2.335946e-06 
2.335946e-06 
2.335946e-06 
2.335946e-06 
2.335946e-06 
2.335946e-06 
2.335946e-06 
2.335946e-06 
2.335946e-06 
2.335946e-06 
2.335946e-06 
2.335946e-06 
2.335946e-06 
2.335946e-06 
2.335946e-06 
2.335946e-06 
2.335946e-06 
2.335946e-06 
2.335946e-06 
2.335946e-06 
2.335946e-06 
2.335946e-06 
2.335946e-06 
2.335946e-06 
2.335946e-06 
2.335946e-06 
2.335946e-06 
2.335946e-06 
2.335946e-06 
2.335946e-06 
2.335946e-06 
2.335946e-06 
2.335946e-06 
2.335946e-06 
2.335946e-06 
2.335946e-06 
2.335946e-06 
2.335946e-06 
2.335946e-06 
2.335946e-06 
2.408932e-06 
2.587042e-06 
2.788506e-06 
3.017822e-06 
3.280451e-06 
3.583046e-06 
3.933648e-06 
4.342118e-06 
4.820848e-06 
5.386568e-06 
6.061544e-06 
6.875488e-06 
7.868749e-06 
9.097218e-06 
1.064005e-05 
1.261221e-05 
1.518553e-05 
1.862543e-05 
2.335741e-05 
3.009200e-05 
4.006388e-05 
5.547092e-05 
8.007162e-05 
1.188138e-04 
1.732860e-04 
2.373031e-04 
3.043730e-04 
3.724344e-04 
4.392007e-04 
4.970475e-04 
5.223826e-04 
5.223856e-04 
5.223856e-04 
5.223856e-04 
5.223856e-04 
5.223856e-04 
5.223856e-04 
5.223856e-04 
5.223856e-04 
5.223856e-04 
5.223856e-04 
5.223856e-04 
5.223856e-04 
5.223856e-04 
5.223856e-04 
5.223856e-04 
5.223856e-04 
5.223856e-04 
5.223856e-04 
5.223856e-04 
5.223856e-04 
5.223856e-04 
5.223856e-04 
5.223856e-04 
5.223856e-04 
5.223856e-04 
5.223856e-04 
5.223856e-04 
5.223856e-04 
5.223856e-04 
5.223856e-04 
5.223856e-04 
5.223856e-04 
5.223856e-04 
5.223856e-04 
5.223856e-04 
5.223856e-04 
5.223856e-04 
5.223856e-04 
5.223856e-04 
5.223856e-04 
5.223856e-04 
5.223856e-04 
5.223856e-04 
5.223856e-04 
5.223856e-04 
5.223856e-04 
5.223856e-04 
5.223856e-04 
5.223856e-04 
5.223856e-04 
5.223856e-04 
5.223856e-04 
5.223856e-04 
5.223856e-04 
5.223856e-04 
5.223856e-04 
5.223856e-04 
5.223856e-04 
5.223856e-04 
5.223856e-04 
5.223856e-04 
5.223856e-04 
5.272836e-04 
5.845005e-04 
6.511050e-04 
7.269608e-04 
7.722603e-04 
8.728419e-04 
1.000897e-03 
1.155856e-03 
1.344446e-03 
1.575949e-03 
1.863569e-03 
2.225763e-03 
2.688542e-03 
3.289335e-03 
4.083305e-03 
5.153932e-03 
6.631367e-03 
8.725573e-03 
1.178892e-02 
1.644056e-02 
2.382754e-02 
3.620338e-02 
5.824731e-02 
9.980289e-02 
1.782068e-01 
3.044389e-01 
4.567802e-01 
6.082358e-01 
7.480045e-01 
8.688731e-01 
9.539770e-01 
9.542477e-01 
9.542477e-01 
9.542477e-01 
9.542477e-01 
9.542477e-01 
9.542477e-01 
9.542477e-01 
9.542477e-01 
9.542477e-01 
9.542477e-01 
9.542477e-01 
9.542477e-01 
9.542477e-01 
9.542477e-01 
9.542477e-01 
9.542477e-01 
9.542477e-01 
9.542477e-01 
9.542477e-01 
9.542477e-01 
9.542477e-01 
9.542477e-01 
9.542477e-01 
9.542477e-01 
9.542477e-01 
9.542477e-01 
9.542477e-01 
9.542477e-01 
9.542477e-01 
9.542477e-01 
9.542477e-01 
9.542477e-01 
9.542477e-01 
9.542477e-01 
9.542477e-01 
9.542477e-01 
9.542477e-01 
9.542477e-01 
9.542477e-01 
9.542477e-01 
9.542477e-01 
9.542477e-01 
9.542477e-01 
9.542477e-01 
9.542477e-01 
9.542477e-01 
9.542477e-01 
9.542477e-01 
9.542477e-01 
9.542477e-01 
9.542477e-01 
9.542477e-01 
9.542477e-01 
9.542477e-01 
9.542477e-01 
9.542477e-01 
9.542477e-01 
9.542477e-01 
9.542477e-01 
9.542477e-01 
9.542477e-01 
9.542477e-01 
9.542477e-01 
9.542475e-01 
9.542471e-01 
9.542465e-01 
9.542459e-01 
9.542451e-01 
9.542443e-01 
9.542433e-01 
9.542423e-01 
9.542412e-01 
9.542403e-01 
9.542394e-01 
9.542387e-01 
9.542380e-01 
9.542374e-01 
9.542369e-01 
9.542365e-01 
9.542361e-01 
9.542357e-01 
9.542354e-01 
9.542351e-01 
9.542348e-01 
9.542346e-01 
9.542344e-01 
9.542341e-01 
9.542340e-01 
9.542338e-01 
9.542336e-01 
9.542335e-01 
9.542333e-01 
9.542332e-01 
9.542331e-01 
9.542331e-01 
9.542331e-01 
9.542331e-01 
9.542331e-01 
9.542331e-01 
9.542331e-01 
9.542331e-01 
9.542331e-01 
9.542331e-01 
9.542331e-01 
9.542331e-01 
9.542331e-01 
9.542331e-01 
9.542331e-01 
9.542331e-01 
9.542331e-01 
9.542331e-01 
9.542331e-01 
9.542331e-01 
9.542331e-01 
9.542331e-01 
9.542331e-01 
9.542331e-01 
9.542331e-01 
9.542331e-01 
9.542331e-01 
9.542331e-01 
9.542331e-01 
9.542331e-01 
9.542331e-01 
9.542331e-01 
9.542331e-01 
9.542331e-01 
9.542331e-01 
9.542331e-01 
9.542331e-01 
9.542331e-01 
9.542331e-01 
9.542331e-01 
9.542331e-01 
9.542331e-01 
9.542331e-01 
9.542331e-01 
9.542331e-01 
9.542331e-01 
9.542331e-01 
9.542331e-01 
9.542331e-01 
9.542331e-01 
9.542331e-01 
9.542331e-01 
9.542331e-01 
9.542331e-01 
9.542331e-01 
9.542331e-01 
9.542331e-01 
9.542331e-01 
9.542331e-01 
9.542331e-01 
9.542331e-01 
9.542331e-01 
9.542331e-01 
9.415766e-01 
8.442196e-01 
7.192582e-01 
5.749221e-01 
4.076749e-01 
2.028407e-01 
2.719785e-02 
1.013716e-03 
3.401872e-04 
1.917870e-04 
1.203465e-04 
8.085501e-05 
5.706050e-05 
4.181596e-05 
3.158217e-05 
2.445267e-05 
1.933301e-05 
1.556244e-05 
1.272539e-05 
1.055156e-05 
8.860299e-06 
7.528610e-06 
6.472708e-06 
5.636858e-06 
4.954116e-06 
4.282167e-06 
3.737100e-06 
3.299824e-06 
2.931174e-06 
2.610846e-06 
2.340370e-06 
2.334450e-06 
2.334450e-06 
2.334450e-06 
2.334450e-06 
2.334450e-06 
2.334450e-06 
2.334450e-06 
2.334450e-06 
2.334450e-06 
2.334450e-06 
2.334450e-06 
2.334450e-06 
2.334450e-06 
2.334450e-06 
2.334450e-06 
2.334450e-06 
2.334450e-06 
2.334450e-06 
2.334450e-06 
2.334450e-06 
2.334450e-06 
2.334450e-06 
2.334450e-06 
2.334450e-06 
2.334450e-06 
2.334450e-06 
2.334450e-06 
2.334450e-06 
2.334450e-06 
2.334450e-06 
2.334450e-06 
2.334450e-06 
2.334450e-06 
2.334450e-06 
2.334450e-06 
2.334450e-06 
2.334450e-06 
2.334450e-06 
2.334450e-06 
2.334450e-06 
2.334450e-06 
2.334450e-06 
2.334450e-06 
2.334450e-06 
2.334450e-06 
2.334450e-06 
2.334450e-06 
2.334450e-06 
2.334450e-06 
2.334450e-06 
2.334450e-06 
2.334450e-06 
2.334450e-06 
2.334450e-06 
2.334450e-06 
2.334450e-06 
2.334450e-06 
2.334450e-06 
2.334450e-06 
2.334450e-06 
2.334450e-06 
2.334450e-06 
2.334450e-06 
2.418937e-06 
2.598510e-06 
2.801725e-06 
3.033144e-06 
3.298310e-06 
3.603972e-06 
3.958278e-06 
4.371187e-06 
4.855369e-06 
5.427938e-06 
6.111603e-06 
6.936709e-06 
7.944523e-06 
9.192291e-06 
1.076122e-05 
1.276949e-05 
1.539408e-05 
1.890906e-05 
2.375493e-05 
3.066932e-05 
4.093686e-05 
5.684399e-05 
8.226707e-05 
1.221222e-04 
1.774938e-04 
2.418386e-04 
3.089854e-04 
3.770564e-04 
4.435372e-04 
5.003488e-04 
5.223785e-04 
5.223794e-04 
5.223794e-04 
5.223794e-04 
5.223794e-04 
5.223794e-04 
5.223794e-04 
5.223794e-04 
5.223794e-04 
5.223794e-04 
5.223794e-04 
5.223794e-04 
5.223794e-04 
5.223794e-04 
5.223794e-04 
5.223794e-04 
5.223794e-04 
5.223794e-04 
5.223794e-04 
5.223794e-04 
5.223794e-04 
5.223794e-04 
5.223794e-04 
5.223794e-04 
5.223794e-04 
5.223794e-04 
5.223794e-04 
5.223794e-04 
5.223794e-04 
5.223794e-04 
5.223794e-04 
5.223794e-04 
5.223794e-04 
5.223794e-04 
5.223794e-04 
5.223794e-04 
5.223794e-04 
5.223794e-04 
5.223794e-04 
5.223794e-04 
5.223794e-04 
5.223794e-04 
5.223794e-04 
5.223794e-04 
5.223794e-04 
5.223794e-04 
5.223794e-04 
5.223794e-04 
5.223794e-04 
5.223794e-04 
5.223794e-04 
5.223794e-04 
5.223794e-04 
5.223794e-04 
5.223794e-04 
5.223794e-04 
5.223794e-04 
5.223794e-04 
5.223794e-04 
5.223794e-04 
5.223794e-04 
5.223794e-04 
5.223794e-04 
5.306531e-04 
5.887463e-04 
6.559950e-04 
7.322171e-04 
7.772481e-04 
8.808566e-04 
1.010568e-03 
1.167592e-03 
1.358783e-03 
1.593651e-03 
1.885712e-03 
2.253852e-03 
2.724716e-03 
3.336710e-03 
4.146532e-03 
5.240151e-03 
6.751890e-03 
8.898991e-03 
1.204711e-02 
1.684091e-02 
2.447935e-02 
3.732760e-02 
6.031152e-02 
1.037609e-01 
1.853607e-01 
3.144209e-01 
4.673544e-01 
6.182367e-01 
7.569733e-01 
8.761748e-01 
9.541949e-01 
9.542477e-01 
9.542477e-01 
9.542477e-01 
9.542477e-01 
9.542477e-01 
9.542477e-01 
9.542477e-01 
9.542477e-01 
9.542477e-01 
9.542477e-01 
9.542477e-01 
9.542477e-01 
9.542477e-01 
9.542477e-01 
9.542477e-01 
9.542477e-01 
9.542477e-01 
9.542477e-01 
9.542477e-01 
9.542477e-01 
9.542477e-01 
9.542477e-01 
9.542477e-01 
9.542477e-01 
9.542477e-01 
9.542477e-01 
9.542477e-01 
9.542477e-01 
9.542477e-01 
9.542477e-01 
9.542477e-01 
9.542477e-01 
9.542477e-01 
9.542477e-01 
9.542477e-01 
9.542477e-01 
9.542477e-01 
9.542477e-01 
9.542477e-01 
9.542477e-01 
9.542477e-01 
9.542477e-01 
9.542477e-01 
9.542477e-01 
9.542477e-01 
9.542477e-01 
9.542477e-01 
9.542477e-01 
9.542477e-01 
9.542477e-01 
9.542477e-01 
9.542477e-01 
9.542477e-01 
9.542477e-01 
9.542477e-01 
9.542477e-01 
9.542477e-01 
9.542477e-01 
9.542477e-01 
9.542477e-01 
9.542477e-01 
9.542477e-01 
9.542477e-01 
9.542475e-01 
9.542470e-01 
9.542465e-01 
9.542458e-01 
9.542451e-01 
9.542442e-01 
9.542432e-01 
9.542422e-01 
9.542412e-01 
9.542402e-01 
9.542394e-01 
9.542386e-01 
9.542380e-01 
9.542374e-01 
9.542369e-01 
9.542364e-01 
9.542360e-01 
9.542357e-01 
9.542354e-01 
9.542351e-01 
9.542348e-01 
9.542346e-01 
9.542343e-01 
9.542341e-01 
9.542339e-01 
9.542338e-01 
9.542336e-01 
9.542334e-01 
9.542333e-01 
9.542331e-01 
9.542331e-01 
9.542331e-01 
9.542331e-01 
9.542331e-01 
9.542331e-01 
9.542331e-01 
9.542331e-01 
9.542331e-01 
9.542331e-01 
9.542331e-01 
9.542331e-01 
9.542331e-01 
9.542331e-01 
9.542331e-01 
9.542331e-01 
9.542331e-01 
9.542331e-01 
9.542331e-01 
9.542331e-01 
9.542331e-01 
9.542331e-01 
9.542331e-01 
9.542331e-01 
9.542331e-01 
9.542331e-01 
9.542331e-01 
9.542331e-01 
9.542331e-01 
9.542331e-01 
9.542331e-01 
9.542331e-01 
9.542331e-01 
9.542331e-01 
9.542331e-01 
9.542331e-01 
9.542331e-01 
9.542331e-01 
9.542331e-01 
9.542331e-01 
9.542331e-01 
9.542331e-01 
9.542331e-01 
9.542331e-01 
9.542331e-01 
9.542331e-01 
9.542331e-01 
9.542331e-01 
9.542331e-01 
9.542331e-01 
9.542331e-01 
9.542331e-01 
9.542331e-01 
9.542331e-01 
9.542331e-01 
9.542331e-01 
9.542331e-01 
9.542331e-01 
9.542331e-01 
9.542331e-01 
9.542331e-01 
9.542331e-01 
9.542331e-01 
9.542331e-01 
9.361321e-01 
8.364010e-01 
7.099757e-01 
5.643191e-01 
3.949893e-01 
1.873473e-01 
2.159600e-02 
7.702582e-04 
2.746605e-04 
1.562904e-04 
9.861606e-05 
6.653050e-05 
4.712151e-05 
3.465733e-05 
2.628229e-05 
2.045229e-05 
1.627966e-05 
1.322997e-05 
1.097143e-05 
9.296877e-06 
8.085636e-06 
7.295431e-06 
7.001253e-06 
7.568685e-06 
1.000343e-05 
1.368744e-05 
1.590516e-05 
1.714945e-05 
1.801224e-05 
1.875089e-05 
1.939352e-05 
1.943215e-05 
1.943215e-05 
1.943215e-05 
1.943215e-05 
1.943215e-05 
1.943215e-05 
1.943215e-05 
1.943215e-05 
1.943215e-05 
1.943215e-05 
1.943215e-05 
1.943215e-05 
1.943215e-05 
1.943215e-05 
1.943215e-05 
1.943215e-05 
1.943215e-05 
1.943215e-05 
1.943215e-05 
1.943215e-05 
1.943215e-05 
1.943215e-05 
1.943215e-05 
1.943215e-05 
1.943215e-05 
1.943215e-05 
1.943215e-05 
1.943215e-05 
1.943215e-05 
1.943215e-05 
1.943215e-05 
1.943215e-05 
1.943215e-05 
1.943215e-05 
1.943215e-05 
1.943215e-05 
1.943215e-05 
1.943215e-05 
1.943215e-05 
1.943215e-05 
1.943215e-05 
1.943215e-05 
1.943215e-05 
1.943215e-05 
1.943215e-05 
1.943215e-05 
1.943215e-05 
1.943215e-05 
1.943215e-05 
1.943215e-05 
1.943215e-05 
1.943215e-05 
1.943215e-05 
1.943215e-05 
1.943215e-05 
1.943215e-05 
1.943215e-05 
1.943215e-05 
1.943215e-05 
1.943215e-05 
1.943215e-05 
1.943215e-05 
1.943215e-05 
1.954352e-05 
1.975517e-05 
1.999514e-05 
2.026041e-05 
2.054747e-05 
2.085273e-05 
2.117086e-05 
2.148815e-05 
2.180683e-05 
2.214082e-05 
2.249408e-05 
2.286533e-05 
2.324930e-05 
2.363492e-05 
2.400141e-05 
2.431113e-05 
2.449661e-05 
2.443622e-05 
2.390763e-05 
2.249576e-05 
1.940824e-05 
1.311255e-05 
7.188183e-07 
-2.249553e-05 
-6.127278e-05 
-1.151689e-04 
-1.793342e-04 
-2.520981e-04 
-3.353689e-04 
-4.263574e-04 
-4.657868e-04 
-4.657875e-04 
-4.657875e-04 
-4.657875e-04 
-4.657875e-04 
-4.657875e-04 
-4.657875e-04 
-4.657875e-04 
-4.657875e-04 
-4.657875e-04 
-4.657875e-04 
-4.657875e-04 
-4.657875e-04 
-4.657875e-04 
-4.657875e-04 
-4.657875e-04 
-4.657875e-04 
-4.657875e-04 
-4.657875e-04 
-4.657875e-04 
-4.657875e-04 
-4.657875e-04 
-4.657875e-04 
-4.657875e-04 
-4.657875e-04 
-4.657875e-04 
-4.657875e-04 
-4.657875e-04 
-4.657875e-04 
-4.657875e-04 
-4.657875e-04 
-4.657875e-04 
-4.657875e-04 
-4.657875e-04 
-4.657875e-04 
-4.657875e-04 
-4.657875e-04 
-4.657875e-04 
-4.657875e-04 
-4.657875e-04 
-4.657875e-04 
-4.657875e-04 
-4.657875e-04 
-4.657875e-04 
-4.657875e-04 
-4.657875e-04 
-4.657875e-04 
-4.657875e-04 
-4.657875e-04 
-4.657875e-04 
-4.657875e-04 
-4.657875e-04 
-4.657875e-04 
-4.657875e-04 
-4.657875e-04 
-4.657875e-04 
-4.657875e-04 
-4.657875e-04 
-4.657875e-04 
-4.657875e-04 
-4.657875e-04 
-4.657875e-04 
-4.657875e-04 
-4.766393e-04 
-5.314270e-04 
-5.955490e-04 
-6.709587e-04 
-7.603074e-04 
-8.670177e-04 
-9.954425e-04 
-1.150980e-03 
-1.340522e-03 
-1.573682e-03 
-1.864064e-03 
-2.230681e-03 
-2.700412e-03 
-3.312096e-03 
-4.123220e-03 
-5.221200e-03 
-6.743063e-03 
-8.911249e-03 
-1.210176e-02 
-1.698083e-02 
-2.479470e-02 
-3.801791e-02 
-6.183602e-02 
-1.071305e-01 
-1.920505e-01 
-3.241448e-01 
-4.777971e-01 
-6.281536e-01 
-7.658486e-01 
-8.833263e-01 
-9.542373e-01 
-9.542476e-01 
-9.542476e-01 
-9.542476e-01 
-9.542476e-01 
-9.542476e-01 
-9.542476e-01 
-9.542476e-01 
-9.542476e-01 
-9.542476e-01 
-9.542476e-01 
-9.542476e-01 
-9.542476e-01 
-9.542476e-01 
-9.542476e-01 
-9.542476e-01 
-9.542476e-01 
-9.542476e-01 
-9.542476e-01 
-9.542476e-01 
-9.542476e-01 
-9.542476e-01 
-9.542476e-01 
-9.542476e-01 
-9.542476e-01 
-9.542476e-01 
-9.542476e-01 
-9.542476e-01 
-9.542476e-01 
-9.542476e-01 
-9.542476e-01 
-9.542476e-01 
-9.542476e-01 
-9.542476e-01 
-9.542476e-01 
-9.542476e-01 
-9.542476e-01 
-9.542476e-01 
-9.542476e-01 
-9.542476e-01 
-9.542476e-01 
-9.542476e-01 
-9.542476e-01 
-9.542476e-01 
-9.542476e-01 
-9.542476e-01 
-9.542476e-01 
-9.542476e-01 
-9.542476e-01 
-9.542476e-01 
-9.542476e-01 
-9.542476e-01 
-9.542476e-01 
-9.542476e-01 
-9.542476e-01 
-9.542476e-01 
-9.542476e-01 
-9.542476e-01 
-9.542476e-01 
-9.542476e-01 
-9.542476e-01 
-9.542476e-01 
-9.542476e-01 
-9.542476e-01 
-9.542474e-01 
-9.542468e-01 
-9.542461e-01 
-9.542453e-01 
-9.542441e-01 
-9.542422e-01 
-9.542403e-01 
-9.542394e-01 
-9.542387e-01 
-9.542381e-01 
-9.542376e-01 
-9.542371e-01 
-9.542366e-01 
-9.542362e-01 
-9.542359e-01 
-9.542356e-01 
-9.542353e-01 
-9.542350e-01 
-9.542347e-01 
-9.542345e-01 
-9.542343e-01 
-9.542341e-01 
-9.542339e-01 
-9.542337e-01 
-9.542336e-01 
-9.542334e-01 
-9.542333e-01 
-9.542331e-01 
-9.542330e-01 
-9.542329e-01 
-9.542328e-01 
-9.542328e-01 
-9.542328e-01 
-9.542328e-01 
-9.542328e-01 
-9.542328e-01 
-9.542328e-01 
-9.542328e-01 
-9.542328e-01 
-9.542328e-01 
-9.542328e-01 
-9.542328e-01 
-9.542328e-01 
-9.542328e-01 
-9.542328e-01 
-9.542328e-01 
-9.542328e-01 
-9.542328e-01 
-9.542328e-01 
-9.542328e-01 
-9.542328e-01 
-9.542328e-01 
-9.542328e-01 
-9.542328e-01 
-9.542328e-01 
-9.542328e-01 
-9.542328e-01 
-9.542328e-01 
-9.542328e-01 
-9.542328e-01 
-9.542328e-01 
-9.542328e-01 
-9.542328e-01 
-9.542328e-01 
-9.542328e-01 
-9.542328e-01 
-9.542328e-01 
-9.542328e-01 
-9.542328e-01 
-9.542328e-01 
-9.542328e-01 
-9.542328e-01 
-9.542328e-01 
-9.542328e-01 
-9.542328e-01 
-9.542328e-01 
-9.542328e-01 
-9.542328e-01 
-9.542328e-01 
-9.542328e-01 
-9.542328e-01 
-9.542328e-01 
-9.542328e-01 
-9.542328e-01 
-9.542328e-01 
-9.542328e-01 
-9.542328e-01 
-9.542328e-01 
-9.542328e-01 
-9.542328e-01 
-9.542328e-01 
-9.542328e-01 
-9.542328e-01 
-9.304736e-01 
-8.284560e-01 
-7.005718e-01 
-5.534286e-01 
-3.812909e-01 
-1.686146e-01 
-1.339830e-02 
6.384431e-04 
3.600661e-04 
2.070221e-04 
1.313369e-04 
8.889330e-05 
6.305803e-05 
4.637265e-05 
3.509334e-05 
2.718207e-05 
2.145777e-05 
1.719979e-05 
1.394732e-05 
1.138985e-05 
9.300290e-06 
7.481393e-06 
5.687641e-06 
3.413761e-06 
-5.322978e-07 
-5.494202e-06 
-8.669491e-06 
-1.072773e-05 
-1.230068e-05 
-1.366447e-05 
-1.475526e-05 
-1.477083e-05 
-1.477083e-05 
-1.477083e-05 
-1.477083e-05 
-1.477083e-05 
-1.477083e-05 
-1.477083e-05 
-1.477083e-05 
-1.477083e-05 
-1.477083e-05 
-1.477083e-05 
-1.477083e-05 
-1.477083e-05 
-1.477083e-05 
-1.477083e-05 
-1.477083e-05 
-1.477083e-05 
-1.477083e-05 
-1.477083e-05 
-1.477083e-05 
-1.477083e-05 
-1.477083e-05 
-1.477083e-05 
-1.477083e-05 
-1.477083e-05 
-1.477083e-05 
-1.477083e-05 
-1.477083e-05 
-1.477083e-05 
-1.477083e-05 
-1.477083e-05 
-1.477083e-05 
-1.477083e-05 
-1.477083e-05 
-1.477083e-05 
-1.477083e-05 
-1.477083e-05 
-1.477083e-05 
-1.477083e-05 
-1.477083e-05 
-1.477083e-05 
-1.477083e-05 
-1.477083e-05 
-1.477083e-05 
-1.477083e-05 
-1.477083e-05 
-1.477083e-05 
-1.477083e-05 
-1.477083e-05 
-1.477083e-05 
-1.477083e-05 
-1.477083e-05 
-1.477083e-05 
-1.477083e-05 
-1.477083e-05 
-1.477083e-05 
-1.477083e-05 
-1.477083e-05 
-1.477083e-05 
-1.477083e-05 
-1.477083e-05 
-1.477083e-05 
-1.477083e-05 
-1.468101e-05 
-1.453130e-05 
-1.436173e-05 
-1.416010e-05 
-1.391172e-05 
-1.359957e-05 
-1.320166e-05 
-1.268458e-05 
-1.202733e-05 
-1.120968e-05 
-1.019099e-05 
-8.911783e-06 
-7.289299e-06 
-5.208009e-06 
-2.504921e-06 
1.052226e-06 
5.796284e-06 
1.220235e-05 
2.093291e-05 
3.285701e-05 
4.897090e-05 
7.012674e-05 
9.663030e-05 
1.281219e-04 
1.641079e-04 
2.048086e-04 
2.517350e-04 
3.076986e-04 
3.753093e-04 
4.506408e-04 
4.782612e-04 
4.782614e-04 
4.782614e-04 
4.782614e-04 
4.782614e-04 
4.782614e-04 
4.782614e-04 
4.782614e-04 
4.782614e-04 
4.782614e-04 
4.782614e-04 
4.782614e-04 
4.782614e-04 
4.782614e-04 
4.782614e-04 
4.782614e-04 
4.782614e-04 
4.782614e-04 
4.782614e-04 
4.782614e-04 
4.782614e-04 
4.782614e-04 
4.782614e-04 
4.782614e-04 
4.782614e-04 
4.782614e-04 
4.782614e-04 
4.782614e-04 
4.782614e-04 
4.782614e-04 
4.782614e-04 
4.782614e-04 
4.782614e-04 
4.782614e-04 
4.782614e-04 
4.782614e-04 
4.782614e-04 
4.782614e-04 
4.782614e-04 
4.782614e-04 
4.782614e-04 
4.782614e-04 
4.782614e-04 
4.782614e-04 
4.782614e-04 
4.782614e-04 
4.782614e-04 
4.782614e-04 
4.782614e-04 
4.782614e-04 
4.782614e-04 
4.782614e-04 
4.782614e-04 
4.782614e-04 
4.782614e-04 
4.782614e-04 
4.782614e-04 
4.782614e-04 
4.782614e-04 
4.782614e-04 
4.782614e-04 
4.782614e-04 
4.782614e-04 
4.929242e-04 
5.496807e-04 
6.160533e-04 
6.941215e-04 
7.866462e-04 
8.971932e-04 
1.030294e-03 
1.191543e-03 
1.388068e-03 
1.629857e-03 
1.931064e-03 
2.311466e-03 
2.799036e-03 
3.434223e-03 
4.276946e-03 
5.418415e-03 
7.001772e-03 
9.259712e-03 
1.258623e-02 
1.768077e-02 
2.585435e-02 
3.971435e-02 
6.472083e-02 
1.122219e-01 
2.003888e-01 
3.347009e-01 
4.884471e-01 
6.380646e-01 
7.746417e-01 
8.903238e-01 
9.542457e-01 
9.542477e-01 
9.542477e-01 
9.542477e-01 
9.542477e-01 
9.542477e-01 
9.542477e-01 
9.542477e-01 
9.542477e-01 
9.542477e-01 
9.542477e-01 
9.542477e-01 
9.542477e-01 
9.542477e-01 
9.542477e-01 
9.542477e-01 
9.542477e-01 
9.542477e-01 
9.542477e-01 
9.542477e-01 
9.542477e-01 
9.542477e-01 
9.542477e-01 
9.542477e-01 
9.542477e-01 
9.542477e-01 
9.542477e-01 
9.542477e-01 
9.542477e-01 
9.542477e-01 
9.542477e-01 
9.542477e-01 
9.542477e-01 
9.542477e-01 
9.542477e-01 
9.542477e-01 
9.542477e-01 
9.542477e-01 
9.542477e-01 
9.542477e-01 
9.542477e-01 
9.542477e-01 
9.542477e-01 
9.542477e-01 
9.542477e-01 
9.542477e-01 
9.542477e-01 
9.542477e-01 
9.542477e-01 
9.542477e-01 
9.542477e-01 
9.542477e-01 
9.542477e-01 
9.542477e-01 
9.542477e-01 
9.542477e-01 
9.542477e-01 
9.542477e-01 
9.542477e-01 
9.542477e-01 
9.542477e-01 
9.542477e-01 
9.542477e-01 
9.542477e-01 
9.542474e-01 
9.542470e-01 
9.542464e-01 
9.542457e-01 
9.542450e-01 
9.542441e-01 
9.542431e-01 
9.542421e-01 
9.542410e-01 
9.542401e-01 
9.542393e-01 
9.542385e-01 
9.542379e-01 
9.542373e-01 
9.542368e-01 
9.542364e-01 
9.542360e-01 
9.542356e-01 
9.542353e-01 
9.542350e-01 
9.542348e-01 
9.542345e-01 
9.542343e-01 
9.542341e-01 
9.542339e-01 
9.542337e-01 
9.542336e-01 
9.542334e-01 
9.542333e-01 
9.542331e-01 
9.542331e-01 
9.542331e-01 
9.542331e-01 
9.542331e-01 
9.542331e-01 
9.542331e-01 
9.542331e-01 
9.542331e-01 
9.542331e-01 
9.542331e-01 
9.542331e-01 
9.542331e-01 
9.542331e-01 
9.542331e-01 
9.542331e-01 
9.542331e-01 
9.542331e-01 
9.542331e-01 
9.542331e-01 
9.542331e-01 
9.542331e-01 
9.542331e-01 
9.542331e-01 
9.542331e-01 
9.542331e-01 
9.542331e-01 
9.542331e-01 
9.542331e-01 
9.542331e-01 
9.542331e-01 
9.542331e-01 
9.542331e-01 
9.542331e-01 
9.542331e-01 
9.542331e-01 
9.542331e-01 
9.542331e-01 
9.542331e-01 
9.542331e-01 
9.542331e-01 
9.542331e-01 
9.542331e-01 
9.542331e-01 
9.542331e-01 
9.542331e-01 
9.542331e-01 
9.542331e-01 
9.542331e-01 
9.542331e-01 
9.542331e-01 
9.542331e-01 
9.542331e-01 
9.542331e-01 
9.542331e-01 
9.542331e-01 
9.542331e-01 
9.542331e-01 
9.542331e-01 
9.542331e-01 
9.542331e-01 
9.542331e-01 
9.542331e-01 
9.542331e-01 
9.246187e-01 
8.204066e-01 
6.911629e-01 
5.428352e-01 
3.692214e-01 
1.572987e-01 
1.384056e-02 
6.963899e-04 
2.987154e-04 
1.730950e-04 
1.103906e-04 
7.500963e-05 
5.338765e-05 
3.938785e-05 
2.991158e-05 
2.326546e-05 
1.846634e-05 
1.491527e-05 
1.223275e-05 
1.017040e-05 
8.561477e-06 
7.292209e-06 
6.285433e-06 
5.489291e-06 
4.818091e-06 
4.160270e-06 
3.643069e-06 
3.221933e-06 
2.864374e-06 
2.551674e-06 
2.336202e-06 
2.335946e-06 
2.335946e-06 
2.335946e-06 
2.335946e-06 
2.335946e-06 
2.335946e-06 
2.335946e-06 
2.335946e-06 
2.335946e-06 
2.335946e-06 
2.335946e-06 
2.335946e-06 
2.335946e-06 
2.335946e-06 
2.335946e-06 
2.335946e-06 
2.335946e-06 
2.335946e-06 
2.335946e-06 
2.335946e-06 
2.335946e-06 
2.335946e-06 
2.335946e-06 
2.335946e-06 
2.335946e-06 
2.335946e-06 
2.335946e-06 
2.335946e-06 
2.335946e-06 
2.335946e-06 
2.335946e-06 
2.335946e-06 
2.335946e-06 
2.335946e-06 
2.335946e-06 
2.335946e-06 
2.335946e-06 
2.335946e-06 
2.335946e-06 
2.335946e-06 
2.335946e-06 
2.335946e-06 
2.335946e-06 
2.335946e-06 
2.335946e-06 
2.335946e-06 
2.335946e-06 
2.335946e-06 
2.335946e-06 
2.335946e-06 
2.335946e-06 
2.335946e-06 
2.335946e-06 
2.335946e-06 
2.335946e-06 
2.335946e-06 
2.335946e-06 
2.335946e-06 
2.335946e-06 
2.335946e-06 
2.335946e-06 
2.335946e-06 
2.335946e-06 
2.455553e-06 
2.639646e-06 
2.848248e-06 
3.086084e-06 
3.358930e-06 
3.673787e-06 
4.039154e-06 
4.465457e-06 
4.966105e-06 
5.559226e-06 
6.268879e-06 
7.127310e-06 
8.178539e-06 
9.483894e-06 
1.113081e-05 
1.324721e-05 
1.602597e-05 
1.976791e-05 
2.496058e-05 
3.242733e-05 
4.361232e-05 
6.108364e-05 
8.907053e-05 
1.322841e-04 
1.902081e-04 
2.554880e-04 
3.229315e-04 
3.910184e-04 
4.563963e-04 
5.096630e-04 
5.223856e-04 
5.223856e-04 
5.223856e-04 
5.223856e-04 
5.223856e-04 
5.223856e-04 
5.223856e-04 
5.223856e-04 
5.223856e-04 
5.223856e-04 
5.223856e-04 
5.223856e-04 
5.223856e-04 
5.223856e-04 
5.223856e-04 
5.223856e-04 
5.223856e-04 
5.223856e-04 
5.223856e-04 
5.223856e-04 
5.223856e-04 
5.223856e-04 
5.223856e-04 
5.223856e-04 
5.223856e-04 
5.223856e-04 
5.223856e-04 
5.223856e-04 
5.223856e-04 
5.223856e-04 
5.223856e-04 
5.223856e-04 
5.223856e-04 
5.223856e-04 
5.223856e-04 
5.223856e-04 
5.223856e-04 
5.223856e-04 
5.223856e-04 
5.223856e-04 
5.223856e-04 
5.223856e-04 
5.223856e-04 
5.223856e-04 
5.223856e-04 
5.223856e-04 
5.223856e-04 
5.223856e-04 
5.223856e-04 
5.223856e-04 
5.223856e-04 
5.223856e-04 
5.223856e-04 
5.223856e-04 
5.223856e-04 
5.223856e-04 
5.223856e-04 
5.223856e-04 
5.223856e-04 
5.223856e-04 
5.223856e-04 
5.223856e-04 
5.223856e-04 
5.417879e-04 
6.017771e-04 
6.710135e-04 
7.474558e-04 
7.944589e-04 
9.055183e-04 
1.040353e-03 
1.203763e-03 
1.403023e-03 
1.648370e-03 
1.954287e-03 
2.341012e-03 
2.837213e-03 
3.484406e-03 
4.344202e-03 
5.510569e-03 
7.131310e-03 
9.447322e-03 
1.286772e-02 
1.812133e-02 
2.657966e-02 
4.098139e-02 
6.707534e-02 
1.167387e-01 
2.082571e-01 
3.449747e-01 
4.989571e-01 
6.478881e-01 
7.833351e-01 
8.971601e-01 
9.542473e-01 
9.542477e-01 
9.542477e-01 
9.542477e-01 
9.542477e-01 
9.542477e-01 
9.542477e-01 
9.542477e-01 
9.542477e-01 
9.542477e-01 
9.542477e-01 
9.542477e-01 
9.542477e-01 
9.542477e-01 
9.542477e-01 
9.542477e-01 
9.542477e-01 
9.542477e-01 
9.542477e-01 
9.542477e-01 
9.542477e-01 
9.542477e-01 
9.542477e-01 
9.542477e-01 
9.542477e-01 
9.542477e-01 
9.542477e-01 
9.542477e-01 
9.542477e-01 
9.542477e-01 
9.542477e-01 
9.542477e-01 
9.542477e-01 
9.542477e-01 
9.542477e-01 
9.542477e-01 
9.542477e-01 
9.542477e-01 
9.542477e-01 
9.542477e-01 
9.542477e-01 
9.542477e-01 
9.542477e-01 
9.542477e-01 
9.542477e-01 
9.542477e-01 
9.542477e-01 
9.542477e-01 
9.542477e-01 
9.542477e-01 
9.542477e-01 
9.542477e-01 
9.542477e-01 
9.542477e-01 
9.542477e-01 
9.542477e-01 
9.542477e-01 
9.542477e-01 
9.542477e-01 
9.542477e-01 
9.542477e-01 
9.542477e-01 
9.542477e-01 
9.542477e-01 
9.542474e-01 
9.542469e-01 
9.542464e-01 
9.542457e-01 
9.542449e-01 
9.542440e-01 
9.542430e-01 
9.542420e-01 
9.542410e-01 
9.542400e-01 
9.542392e-01 
9.542385e-01 
9.542378e-01 
9.542373e-01 
9.542368e-01 
9.542364e-01 
9.542360e-01 
9.542356e-01 
9.542353e-01 
9.542350e-01 
9.542348e-01 
9.542345e-01 
9.542343e-01 
9.542341e-01 
9.542339e-01 
9.542337e-01 
9.542336e-01 
9.542334e-01 
9.542333e-01 
9.542331e-01 
9.542331e-01 
9.542331e-01 
9.542331e-01 
9.542331e-01 
9.542331e-01 
9.542331e-01 
9.542331e-01 
9.542331e-01 
9.542331e-01 
9.542331e-01 
9.542331e-01 
9.542331e-01 
9.542331e-01 
9.542331e-01 
9.542331e-01 
9.542331e-01 
9.542331e-01 
9.542331e-01 
9.542331e-01 
9.542331e-01 
9.542331e-01 
9.542331e-01 
9.542331e-01 
9.542331e-01 
9.542331e-01 
9.542331e-01 
9.542331e-01 
9.542331e-01 
9.542331e-01 
9.542331e-01 
9.542331e-01 
9.542331e-01 
9.542331e-01 
9.542331e-01 
9.542331e-01 
9.542331e-01 
9.542331e-01 
9.542331e-01 
9.542331e-01 
9.542331e-01 
9.542331e-01 
9.542331e-01 
9.542331e-01 
9.542331e-01 
9.542331e-01 
9.542331e-01 
9.542331e-01 
9.542331e-01 
9.542331e-01 
9.542331e-01 
9.542331e-01 
9.542331e-01 
9.542331e-01 
9.542331e-01 
9.542331e-01 
9.542331e-01 
9.542331e-01 
9.542331e-01 
9.542331e-01 
9.542331e-01 
9.542331e-01 
9.542331e-01 
9.542331e-01 
9.185739e-01 
8.122379e-01 
6.816281e-01 
5.319200e-01 
3.560040e-01 
1.424404e-01 
1.088253e-02 
6.333754e-04 
2.865465e-04 
1.674243e-04 
1.073206e-04 
7.318738e-05 
5.223344e-05 
3.862001e-05 
2.938059e-05 
2.288649e-05 
1.818865e-05 
1.470722e-05 
1.207387e-05 
1.004710e-05 
8.464493e-06 
7.215197e-06 
6.224111e-06 
5.440187e-06 
4.769766e-06 
4.118102e-06 
3.609126e-06 
3.193177e-06 
2.839457e-06 
2.529714e-06 
2.334525e-06 
2.334450e-06 
2.334450e-06 
2.334450e-06 
2.334450e-06 
2.334450e-06 
2.334450e-06 
2.334450e-06 
2.334450e-06 
2.334450e-06 
2.334450e-06 
2.334450e-06 
2.334450e-06 
2.334450e-06 
2.334450e-06 
2.334450e-06 
2.334450e-06 
2.334450e-06 
2.334450e-06 
2.334450e-06 
2.334450e-06 
2.334450e-06 
2.334450e-06 
2.334450e-06 
2.334450e-06 
2.334450e-06 
2.334450e-06 
2.334450e-06 
2.334450e-06 
2.334450e-06 
2.334450e-06 
2.334450e-06 
2.334450e-06 
2.334450e-06 
2.334450e-06 
2.334450e-06 
2.334450e-06 
2.334450e-06 
2.334450e-06 
2.334450e-06 
2.334450e-06 
2.334450e-06 
2.334450e-06 
2.334450e-06 
2.334450e-06 
2.334450e-06 
2.334450e-06 
2.334450e-06 
2.334450e-06 
2.334450e-06 
2.334450e-06 
2.334450e-06 
2.334450e-06 
2.334450e-06 
2.334450e-06 
2.334450e-06 
2.334450e-06 
2.334450e-06 
2.334450e-06 
2.334450e-06 
2.334450e-06 
2.334450e-06 
2.334450e-06 
2.334450e-06 
2.465936e-06 
2.651562e-06 
2.862004e-06 
3.102053e-06 
3.377572e-06 
3.695659e-06 
4.064919e-06 
4.495900e-06 
5.002344e-06 
5.602766e-06 
6.321712e-06 
7.192127e-06 
8.259048e-06 
9.585320e-06 
1.126069e-05 
1.341672e-05 
1.625221e-05 
2.007798e-05 
2.539915e-05 
3.307111e-05 
4.459692e-05 
6.264527e-05 
9.155305e-05 
1.358892e-04 
1.945552e-04 
2.600539e-04 
3.275559e-04 
3.956098e-04 
4.605410e-04 
5.125234e-04 
5.223794e-04 
5.223794e-04 
5.223794e-04 
5.223794e-04 
5.223794e-04 
5.223794e-04 
5.223794e-04 
5.223794e-04 
5.223794e-04 
5.223794e-04 
5.223794e-04 
5.223794e-04 
5.223794e-04 
5.223794e-04 
5.223794e-04 
5.223794e-04 
5.223794e-04 
5.223794e-04 
5.223794e-04 
5.223794e-04 
5.223794e-04 
5.223794e-04 
5.223794e-04 
5.223794e-04 
5.223794e-04 
5.223794e-04 
5.223794e-04 
5.223794e-04 
5.223794e-04 
5.223794e-04 
5.223794e-04 
5.223794e-04 
5.223794e-04 
5.223794e-04 
5.223794e-04 
5.223794e-04 
5.223794e-04 
5.223794e-04 
5.223794e-04 
5.223794e-04 
5.223794e-04 
5.223794e-04 
5.223794e-04 
5.223794e-04 
5.223794e-04 
5.223794e-04 
5.223794e-04 
5.223794e-04 
5.223794e-04 
5.223794e-04 
5.223794e-04 
5.223794e-04 
5.223794e-04 
5.223794e-04 
5.223794e-04 
5.223794e-04 
5.223794e-04 
5.223794e-04 
5.223794e-04 
5.223794e-04 
5.223794e-04 
5.223794e-04 
5.223794e-04 
5.456114e-04 
6.061929e-04 
6.760807e-04 
7.512248e-04 
8.010248e-04 
9.139501e-04 
1.050545e-03 
1.216150e-03 
1.418193e-03 
1.667165e-03 
1.977885e-03 
2.371066e-03 
2.876089e-03 
3.535571e-03 
4.412871e-03 
5.604812e-03 
7.264037e-03 
9.639980e-03 
1.315755e-02 
1.857639e-02 
2.733168e-02 
4.230075e-02 
6.953639e-02 
1.214556e-01 
2.163557e-01 
3.553224e-01 
5.094377e-01 
6.576489e-01 
7.919304e-01 
9.038298e-01 
9.542476e-01 
9.542477e-01 
9.542477e-01 
9.542477e-01 
9.542477e-01 
9.542477e-01 
9.542477e-01 
9.542477e-01 
9.542477e-01 
9.542477e-01 
9.542477e-01 
9.542477e-01 
9.542477e-01 
9.542477e-01 
9.542477e-01 
9.542477e-01 
9.542477e-01 
9.542477e-01 
9.542477e-01 
9.542477e-01 
9.542477e-01 
9.542477e-01 
9.542477e-01 
9.542477e-01 
9.542477e-01 
9.542477e-01 
9.542477e-01 
9.542477e-01 
9.542477e-01 
9.542477e-01 
9.542477e-01 
9.542477e-01 
9.542477e-01 
9.542477e-01 
9.542477e-01 
9.542477e-01 
9.542477e-01 
9.542477e-01 
9.542477e-01 
9.542477e-01 
9.542477e-01 
9.542477e-01 
9.542477e-01 
9.542477e-01 
9.542477e-01 
9.542477e-01 
9.542477e-01 
9.542477e-01 
9.542477e-01 
9.542477e-01 
9.542477e-01 
9.542477e-01 
9.542477e-01 
9.542477e-01 
9.542477e-01 
9.542477e-01 
9.542477e-01 
9.542477e-01 
9.542477e-01 
9.542477e-01 
9.542477e-01 
9.542477e-01 
9.542477e-01 
9.542477e-01 
9.542474e-01 
9.542469e-01 
9.542463e-01 
9.542456e-01 
9.542449e-01 
9.542440e-01 
9.542430e-01 
9.542419e-01 
9.542409e-01 
9.542400e-01 
9.542392e-01 
9.542384e-01 
9.542378e-01 
9.542373e-01 
9.542368e-01 
9.542363e-01 
9.542359e-01 
9.542356e-01 
9.542353e-01 
9.542350e-01 
9.542347e-01 
9.542345e-01 
9.542343e-01 
9.542341e-01 
9.542339e-01 
9.542337e-01 
9.542335e-01 
9.542334e-01 
9.542332e-01 
9.542331e-01 
9.542331e-01 
9.542331e-01 
9.542331e-01 
9.542331e-01 
9.542331e-01 
9.542331e-01 
9.542331e-01 
9.542331e-01 
9.542331e-01 
9.542331e-01 
9.542331e-01 
9.542331e-01 
9.542331e-01 
9.542331e-01 
9.542331e-01 
9.542331e-01 
9.542331e-01 
9.542331e-01 
9.542331e-01 
9.542331e-01 
9.542331e-01 
9.542331e-01 
9.542331e-01 
9.542331e-01 
9.542331e-01 
9.542331e-01 
9.542331e-01 
9.542331e-01 
9.542331e-01 
9.542331e-01 
9.542331e-01 
9.542331e-01 
9.542331e-01 
9.542331e-01 
9.542331e-01 
9.542331e-01 
9.542331e-01 
9.542331e-01 
9.542331e-01 
9.542331e-01 
9.542331e-01 
9.542331e-01 
9.542331e-01 
9.542331e-01 
9.542331e-01 
9.542331e-01 
9.542331e-01 
9.542331e-01 
9.542331e-01 
9.542331e-01 
9.542331e-01 
9.542331e-01 
9.542331e-01 
9.542331e-01 
9.542331e-01 
9.542331e-01 
9.542331e-01 
9.542331e-01 
9.542331e-01 
9.542331e-01 
9.542331e-01 
9.542331e-01 
9.542331e-01 
9.123461e-01 
8.039592e-01 
6.720045e-01 
5.208677e-01 
3.424859e-01 
1.276013e-01 
8.274622e-03 
4.970452e-04 
2.321162e-04 
1.366728e-04 
8.804994e-05 
6.028250e-05 
4.317707e-05 
3.204207e-05 
2.448097e-05 
1.917375e-05 
1.535084e-05 
1.254423e-05 
1.046190e-05 
8.922858e-06 
7.827313e-06 
7.158101e-06 
7.042509e-06 
7.994090e-06 
1.105123e-05 
1.444421e-05 
1.630915e-05 
1.740757e-05 
1.822233e-05 
1.893266e-05 
1.943208e-05 
1.943215e-05 
1.943215e-05 
1.943215e-05 
1.943215e-05 
1.943215e-05 
1.943215e-05 
1.943215e-05 
1.943215e-05 
1.943215e-05 
1.943215e-05 
1.943215e-05 
1.943215e-05 
1.943215e-05 
1.943215e-05 
1.943215e-05 
1.943215e-05 
1.943215e-05 
1.943215e-05 
1.943215e-05 
1.943215e-05 
1.943215e-05 
1.943215e-05 
1.943215e-05 
1.943215e-05 
1.943215e-05 
1.943215e-05 
1.943215e-05 
1.943215e-05 
1.943215e-05 
1.943215e-05 
1.943215e-05 
1.943215e-05 
1.943215e-05 
1.943215e-05 
1.943215e-05 
1.943215e-05 
1.943215e-05 
1.943215e-05 
1.943215e-05 
1.943215e-05 
1.943215e-05 
1.943215e-05 
1.943215e-05 
1.943215e-05 
1.943215e-05 
1.943215e-05 
1.943215e-05 
1.943215e-05 
1.943215e-05 
1.943215e-05 
1.943215e-05 
1.943215e-05 
1.943215e-05 
1.943215e-05 
1.943215e-05 
1.943215e-05 
1.943215e-05 
1.943215e-05 
1.943215e-05 
1.943215e-05 
1.943215e-05 
1.943215e-05 
1.943232e-05 
1.959841e-05 
1.981812e-05 
2.006532e-05 
2.033692e-05 
2.062929e-05 
2.093888e-05 
2.125827e-05 
2.157442e-05 
2.189634e-05 
2.223551e-05 
2.259398e-05 
2.296942e-05 
2.335526e-05 
2.373826e-05 
2.409392e-05 
2.437807e-05 
2.451153e-05 
2.435110e-05 
2.363364e-05 
2.186482e-05 
1.809606e-05 
1.049465e-05 
-4.320165e-06 
-3.143695e-05 
-7.470250e-05 
-1.318689e-04 
-1.983267e-04 
-2.737541e-04 
-3.599519e-04 
-4.502065e-04 
-4.657875e-04 
-4.657875e-04 
-4.657875e-04 
-4.657875e-04 
-4.657875e-04 
-4.657875e-04 
-4.657875e-04 
-4.657875e-04 
-4.657875e-04 
-4.657875e-04 
-4.657875e-04 
-4.657875e-04 
-4.657875e-04 
-4.657875e-04 
-4.657875e-04 
-4.657875e-04 
-4.657875e-04 
-4.657875e-04 
-4.657875e-04 
-4.657875e-04 
-4.657875e-04 
-4.657875e-04 
-4.657875e-04 
-4.657875e-04 
-4.657875e-04 
-4.657875e-04 
-4.657875e-04 
-4.657875e-04 
-4.657875e-04 
-4.657875e-04 
-4.657875e-04 
-4.657875e-04 
-4.657875e-04 
-4.657875e-04 
-4.657875e-04 
-4.657875e-04 
-4.657875e-04 
-4.657875e-04 
-4.657875e-04 
-4.657875e-04 
-4.657875e-04 
-4.657875e-04 
-4.657875e-04 
-4.657875e-04 
-4.657875e-04 
-4.657875e-04 
-4.657875e-04 
-4.657875e-04 
-4.657875e-04 
-4.657875e-04 
-4.657875e-04 
-4.657875e-04 
-4.657875e-04 
-4.657875e-04 
-4.657875e-04 
-4.657875e-04 
-4.657875e-04 
-4.657875e-04 
-4.657875e-04 
-4.657875e-04 
-4.657875e-04 
-4.657875e-04 
-4.657875e-04 
-4.907516e-04 
-5.479693e-04 
-6.149530e-04 
-6.938822e-04 
-7.876027e-04 
-8.997774e-04 
-1.035033e-03 
-1.199099e-03 
-1.399466e-03 
-1.646729e-03 
-1.955798e-03 
-2.347533e-03 
-2.851594e-03 
-3.511107e-03 
-4.390363e-03 
0.000000e+00 
0.000000e+00 
0.000000e+00 
0.000000e+00 
0.000000e+00 
0.000000e+00 
0.000000e+00 
0.000000e+00
#[#TRACE_DATA]
#[#TRACE]
