Running 1 simulations with a radial tolerance of 0.001000
Running simulation 0
About to start the coherence vector simulation with 7000000 samples
3000 samples will be recorded for graphing.
Coherence vector simulation: 0.0Simulation found 4 inputs 1 outputs
It took 14 iterations to converge the initial steady state polarization
Percentage: 0
Percentage: 0.00142857
Percentage: 0.00285714
Percentage: 0.00428571
Percentage: 0.00571429
Percentage: 0.00714286
Percentage: 0.00857143
Percentage: 0.01
Percentage: 0.0114286
Percentage: 0.0128571
Percentage: 0.0142857
Percentage: 0.0157143
Percentage: 0.0171429
Percentage: 0.0185714
Percentage: 0.02
Percentage: 0.0214286
Percentage: 0.0228571
Percentage: 0.0242857
Percentage: 0.0257143
Percentage: 0.0271429
Percentage: 0.0285714
Percentage: 0.03
Percentage: 0.0314286
Percentage: 0.0328571
Percentage: 0.0342857
Percentage: 0.0357143
Percentage: 0.0371429
Percentage: 0.0385714
Percentage: 0.04
Percentage: 0.0414286
Percentage: 0.0428571
Percentage: 0.0442857
Percentage: 0.0457143
Percentage: 0.0471429
Percentage: 0.0485714
Percentage: 0.05
Percentage: 0.0514286
Percentage: 0.0528571
Percentage: 0.0542857
Percentage: 0.0557143
Percentage: 0.0571429
Percentage: 0.0585714
Percentage: 0.06
Percentage: 0.0614286
Percentage: 0.0628571
Percentage: 0.0642857
Percentage: 0.0657143
Percentage: 0.0671429
Percentage: 0.0685714
Percentage: 0.07
Percentage: 0.0714286
Percentage: 0.0728571
Percentage: 0.0742857
Percentage: 0.0757143
Percentage: 0.0771429
Percentage: 0.0785714
Percentage: 0.08
Percentage: 0.0814286
Percentage: 0.0828571
Percentage: 0.0842857
Percentage: 0.0857143
Percentage: 0.0871429
Percentage: 0.0885714
Percentage: 0.09
Percentage: 0.0914286
Percentage: 0.0928571
Percentage: 0.0942857
Percentage: 0.0957143
Percentage: 0.0971429
Percentage: 0.0985714
Percentage: 0.1
Percentage: 0.101429
Percentage: 0.102857
Percentage: 0.104286
Percentage: 0.105714
Percentage: 0.107143
Percentage: 0.108571
Percentage: 0.11
Percentage: 0.111429
Percentage: 0.112857
Percentage: 0.114286
Percentage: 0.115714
Percentage: 0.117143
Percentage: 0.118571
Percentage: 0.12
Percentage: 0.121429
Percentage: 0.122857
Percentage: 0.124286
Percentage: 0.125714
Percentage: 0.127143
Percentage: 0.128571
Percentage: 0.13
Percentage: 0.131429
Percentage: 0.132857
Percentage: 0.134286
Percentage: 0.135714
Percentage: 0.137143
Percentage: 0.138571
Percentage: 0.14
Percentage: 0.141429
Percentage: 0.142857
Percentage: 0.144286
Percentage: 0.145714
Percentage: 0.147143
Percentage: 0.148571
Percentage: 0.15
Percentage: 0.151429
Percentage: 0.152857
Percentage: 0.154286
Percentage: 0.155714
Percentage: 0.157143
Percentage: 0.158571
Percentage: 0.16
Percentage: 0.161429
Percentage: 0.162857
Percentage: 0.164286
Percentage: 0.165714
Percentage: 0.167143
Percentage: 0.168571
Percentage: 0.17
Percentage: 0.171429
Percentage: 0.172857
Percentage: 0.174286
Percentage: 0.175714
Percentage: 0.177143
Percentage: 0.178571
