#[TRACE]
#data_labels=Output
#[TRACE_DATA]
3.068331e-05 
2.248638e-05 
2.256108e-05 
2.232874e-05 
2.152567e-05 
1.966254e-05 
1.581219e-05 
8.206818e-06 
-6.377149e-06 
-3.279523e-05 
-7.495992e-05 
-1.312432e-04 
-1.973186e-04 
-2.726393e-04 
-3.588864e-04 
-4.496833e-04 
-4.678636e-04 
-4.678636e-04 
-4.678636e-04 
-4.678636e-04 
-4.678636e-04 
-4.678636e-04 
-4.678636e-04 
-4.678636e-04 
-4.678636e-04 
-4.678636e-04 
-4.678636e-04 
-4.678636e-04 
-4.678636e-04 
-4.678636e-04 
-4.678636e-04 
-4.678636e-04 
-4.678636e-04 
-4.678636e-04 
-4.678636e-04 
-4.678636e-04 
-4.678636e-04 
-4.678636e-04 
-4.678636e-04 
-4.678636e-04 
-4.678636e-04 
-4.678636e-04 
-4.678636e-04 
-4.678636e-04 
-4.678636e-04 
-4.678636e-04 
-4.678636e-04 
-4.678636e-04 
-4.678636e-04 
-4.678636e-04 
-4.678636e-04 
-4.678636e-04 
-4.678636e-04 
-4.678636e-04 
-4.678636e-04 
-4.678636e-04 
-4.678636e-04 
-4.678636e-04 
-4.678636e-04 
-4.678636e-04 
-4.678636e-04 
-4.678636e-04 
-4.678636e-04 
-4.678636e-04 
-4.678636e-04 
-4.678636e-04 
-4.678636e-04 
-4.678636e-04 
-4.678636e-04 
-4.678636e-04 
-4.678636e-04 
-4.678636e-04 
-4.678636e-04 
-4.678636e-04 
-4.678636e-04 
-4.678636e-04 
-4.678636e-04 
-4.678636e-04 
-4.678636e-04 
-4.911465e-04 
-5.477606e-04 
-6.141123e-04 
-6.922934e-04 
-7.849351e-04 
-8.960593e-04 
-1.030062e-03 
-1.192902e-03 
-1.391972e-03 
-1.637431e-03 
-1.944073e-03 
-2.332585e-03 
-2.832290e-03 
-3.485783e-03 
-4.356515e-03 
-5.541653e-03 
-7.194751e-03 
-9.567416e-03 
-1.308961e-02 
-1.853285e-02 
-2.736113e-02 
-4.252426e-02 
-7.025831e-02 
-1.233671e-01 
-2.203262e-01 
-3.608624e-01 
-5.152303e-01 
-6.630918e-01 
-7.967176e-01 
-9.075059e-01 
-9.542476e-01 
-9.542476e-01 
-9.542476e-01 
-9.542476e-01 
-9.542476e-01 
-9.542476e-01 
-9.542476e-01 
-9.542476e-01 
-9.542476e-01 
-9.542476e-01 
-9.542476e-01 
-9.542476e-01 
-9.542476e-01 
-9.542476e-01 
-9.542476e-01 
-9.542476e-01 
-9.542476e-01 
-9.542476e-01 
-9.542476e-01 
-9.542476e-01 
-9.542476e-01 
-9.542476e-01 
-9.542476e-01 
-9.542476e-01 
-9.542476e-01 
-9.542476e-01 
-9.542476e-01 
-9.542476e-01 
-9.542476e-01 
-9.542476e-01 
-9.542476e-01 
-9.542476e-01 
-9.542476e-01 
-9.542476e-01 
-9.542476e-01 
-9.542476e-01 
-9.542476e-01 
-9.542476e-01 
-9.542476e-01 
-9.542476e-01 
-9.542476e-01 
-9.542476e-01 
-9.542476e-01 
-9.542476e-01 
-9.542476e-01 
-9.542476e-01 
-9.542476e-01 
-9.542476e-01 
-9.542476e-01 
-9.542476e-01 
-9.542476e-01 
-9.542476e-01 
-9.542476e-01 
-9.542476e-01 
-9.542476e-01 
-9.542476e-01 
-9.542476e-01 
-9.542476e-01 
-9.542476e-01 
-9.542476e-01 
-9.542476e-01 
-9.542476e-01 
-9.542476e-01 
-9.542476e-01 
-9.542472e-01 
-9.542467e-01 
-9.542459e-01 
-9.542450e-01 
-9.542437e-01 
-9.542416e-01 
-9.542400e-01 
-9.542392e-01 
-9.542385e-01 
-9.542379e-01 
-9.542374e-01 
-9.542369e-01 
-9.542365e-01 
-9.542361e-01 
-9.542358e-01 
-9.542355e-01 
-9.542352e-01 
-9.542349e-01 
-9.542347e-01 
-9.542344e-01 
-9.542342e-01 
-9.542340e-01 
-9.542338e-01 
-9.542337e-01 
-9.542335e-01 
-9.542334e-01 
-9.542332e-01 
-9.542331e-01 
-9.542330e-01 
-9.542329e-01 
-9.542328e-01 
-9.542328e-01 
-9.542328e-01 
-9.542328e-01 
-9.542328e-01 
-9.542328e-01 
-9.542328e-01 
-9.542328e-01 
-9.542328e-01 
-9.542328e-01 
-9.542328e-01 
-9.542328e-01 
-9.542328e-01 
-9.542328e-01 
-9.542328e-01 
-9.542328e-01 
-9.542328e-01 
-9.542328e-01 
-9.542328e-01 
-9.542328e-01 
-9.542328e-01 
-9.542328e-01 
-9.542328e-01 
-9.542328e-01 
-9.542328e-01 
-9.542328e-01 
-9.542328e-01 
-9.542328e-01 
-9.542328e-01 
-9.542328e-01 
-9.542328e-01 
-9.542328e-01 
-9.542328e-01 
-9.542328e-01 
-9.542328e-01 
-9.542328e-01 
-9.542328e-01 
-9.542328e-01 
-9.542328e-01 
-9.542328e-01 
-9.542328e-01 
-9.542328e-01 
-9.542328e-01 
-9.542328e-01 
-9.542328e-01 
-9.542328e-01 
-9.542328e-01 
-9.542328e-01 
-9.542328e-01 
-9.542328e-01 
-9.542328e-01 
-9.542328e-01 
-9.542328e-01 
-9.542328e-01 
-9.542328e-01 
-9.542328e-01 
-9.542328e-01 
-9.542328e-01 
-9.542328e-01 
-9.542328e-01 
-9.542328e-01 
-9.542328e-01 
-9.542328e-01 
-9.087639e-01 
-7.992462e-01 
-6.664973e-01 
-5.143216e-01 
-3.335574e-01 
-1.151949e-01 
-4.190734e-03 
6.017455e-04 
3.168271e-04 
1.870409e-04 
1.205795e-04 
8.251531e-05 
5.901693e-05 
4.368992e-05 
3.325706e-05 
2.590758e-05 
2.058118e-05 
1.662748e-05 
1.363212e-05 
1.132304e-05 
9.518757e-06 
8.104926e-06 
7.063730e-06 
6.881118e-06 
1.083325e-05 
1.471432e-05 
1.645829e-05 
1.738549e-05 
1.787299e-05 
1.804467e-05 
1.809155e-05 
1.809150e-05 
1.809150e-05 
1.809150e-05 
1.809150e-05 
1.809150e-05 
1.809150e-05 
1.809150e-05 
1.809150e-05 
1.809150e-05 
1.809150e-05 
1.809150e-05 
1.809150e-05 
1.809150e-05 
1.809150e-05 
1.809150e-05 
1.809150e-05 
1.809150e-05 
1.809150e-05 
1.809150e-05 
1.809150e-05 
1.809150e-05 
1.809150e-05 
1.809150e-05 
1.809150e-05 
1.809150e-05 
1.809150e-05 
1.809150e-05 
1.809150e-05 
1.809150e-05 
1.809150e-05 
1.809150e-05 
1.809150e-05 
1.809150e-05 
1.809150e-05 
1.809150e-05 
1.809150e-05 
1.809150e-05 
1.809150e-05 
1.809150e-05 
1.809150e-05 
1.809150e-05 
1.809150e-05 
1.809150e-05 
1.809150e-05 
1.809150e-05 
1.809150e-05 
1.809150e-05 
1.809150e-05 
1.809150e-05 
1.809150e-05 
1.809150e-05 
1.809150e-05 
1.809150e-05 
1.809150e-05 
1.809150e-05 
1.809150e-05 
1.809150e-05 
1.809150e-05 
1.809150e-05 
1.809150e-05 
1.809150e-05 
1.809150e-05 
1.809247e-05 
1.825467e-05 
1.844593e-05 
1.865183e-05 
1.887931e-05 
1.913177e-05 
1.940596e-05 
1.968056e-05 
1.997669e-05 
2.029698e-05 
2.064167e-05 
2.100938e-05 
2.139676e-05 
2.179679e-05 
2.219606e-05 
2.256987e-05 
2.287382e-05 
2.302812e-05 
2.288843e-05 
2.218910e-05 
2.043063e-05 
1.665376e-05 
9.004457e-06 
-5.935354e-06 
-3.329495e-05 
-7.691033e-05 
-1.344815e-04 
-2.014318e-04 
-2.775261e-04 
-3.645136e-04 
-4.550489e-04 
-4.675070e-04 
-4.675070e-04 
-4.675070e-04 
-4.675070e-04 
-4.675070e-04 
-4.675070e-04 
-4.675070e-04 
-4.675070e-04 
-4.675070e-04 
-4.675070e-04 
-4.675070e-04 
-4.675070e-04 
-4.675070e-04 
-4.675070e-04 
-4.675070e-04 
-4.675070e-04 
-4.675070e-04 
-4.675070e-04 
-4.675070e-04 
-4.675070e-04 
-4.675070e-04 
-4.675070e-04 
-4.675070e-04 
-4.675070e-04 
-4.675070e-04 
-4.675070e-04 
-4.675070e-04 
-4.675070e-04 
-4.675070e-04 
-4.675070e-04 
-4.675070e-04 
-4.675070e-04 
-4.675070e-04 
-4.675070e-04 
-4.675070e-04 
-4.675070e-04 
-4.675070e-04 
-4.675070e-04 
-4.675070e-04 
-4.675070e-04 
-4.675070e-04 
-4.675070e-04 
-4.675070e-04 
-4.675070e-04 
-4.675070e-04 
-4.675070e-04 
-4.675070e-04 
-4.675070e-04 
-4.675070e-04 
-4.675070e-04 
-4.675070e-04 
-4.675070e-04 
-4.675070e-04 
-4.675070e-04 
-4.675070e-04 
-4.675070e-04 
-4.675070e-04 
-4.675070e-04 
-4.675070e-04 
-4.675070e-04 
-4.675070e-04 
-4.675070e-04 
-4.675070e-04 
-4.943774e-04 
-5.516169e-04 
-6.187267e-04 
-6.978858e-04 
-7.919066e-04 
-9.044331e-04 
-1.040203e-03 
-1.205266e-03 
-1.407138e-03 
-1.656251e-03 
-1.967753e-03 
-2.362814e-03 
-2.871491e-03 
-3.537521e-03 
-4.426170e-03 
-5.637589e-03 
-7.330413e-03 
-9.765270e-03 
-1.338893e-02 
-1.900594e-02 
-2.814922e-02 
-4.391977e-02 
-7.288490e-02 
-1.284082e-01 
-2.287951e-01 
-3.713259e-01 
-5.256665e-01 
-6.727531e-01 
-8.051528e-01 
-9.139038e-01 
-9.542476e-01 
-9.542476e-01 
-9.542476e-01 
-9.542476e-01 
-9.542476e-01 
-9.542476e-01 
-9.542476e-01 
-9.542476e-01 
-9.542476e-01 
-9.542476e-01 
-9.542476e-01 
-9.542476e-01 
-9.542476e-01 
-9.542476e-01 
-9.542476e-01 
-9.542476e-01 
-9.542476e-01 
-9.542476e-01 
-9.542476e-01 
-9.542476e-01 
-9.542476e-01 
-9.542476e-01 
-9.542476e-01 
-9.542476e-01 
-9.542476e-01 
-9.542476e-01 
-9.542476e-01 
-9.542476e-01 
-9.542476e-01 
-9.542476e-01 
-9.542476e-01 
-9.542476e-01 
-9.542476e-01 
-9.542476e-01 
-9.542476e-01 
-9.542476e-01 
-9.542476e-01 
-9.542476e-01 
-9.542476e-01 
-9.542476e-01 
-9.542476e-01 
-9.542476e-01 
-9.542476e-01 
-9.542476e-01 
-9.542476e-01 
-9.542476e-01 
-9.542476e-01 
-9.542476e-01 
-9.542476e-01 
-9.542476e-01 
-9.542476e-01 
-9.542476e-01 
-9.542476e-01 
-9.542476e-01 
-9.542476e-01 
-9.542476e-01 
-9.542476e-01 
-9.542476e-01 
-9.542476e-01 
-9.542476e-01 
-9.542476e-01 
-9.542476e-01 
-9.542476e-01 
-9.542476e-01 
-9.542472e-01 
-9.542466e-01 
-9.542459e-01 
-9.542449e-01 
-9.542435e-01 
-9.542415e-01 
-9.542399e-01 
-9.542391e-01 
-9.542385e-01 
-9.542379e-01 
-9.542374e-01 
-9.542369e-01 
-9.542365e-01 
-9.542361e-01 
-9.542358e-01 
-9.542354e-01 
-9.542351e-01 
-9.542349e-01 
-9.542346e-01 
-9.542344e-01 
-9.542342e-01 
-9.542340e-01 
-9.542338e-01 
-9.542337e-01 
-9.542335e-01 
-9.542333e-01 
-9.542332e-01 
-9.542331e-01 
-9.542330e-01 
-9.542328e-01 
-9.542328e-01 
-9.542328e-01 
-9.542328e-01 
-9.542328e-01 
-9.542328e-01 
-9.542328e-01 
-9.542328e-01 
-9.542328e-01 
-9.542328e-01 
-9.542328e-01 
-9.542328e-01 
-9.542328e-01 
-9.542328e-01 
-9.542328e-01 
-9.542328e-01 
-9.542328e-01 
-9.542328e-01 
-9.542328e-01 
-9.542328e-01 
-9.542328e-01 
-9.542328e-01 
-9.542328e-01 
-9.542328e-01 
-9.542328e-01 
-9.542328e-01 
-9.542328e-01 
-9.542328e-01 
-9.542328e-01 
-9.542328e-01 
-9.542328e-01 
-9.542328e-01 
-9.542328e-01 
-9.542328e-01 
-9.542328e-01 
-9.542328e-01 
-9.542328e-01 
-9.542328e-01 
-9.542328e-01 
-9.542328e-01 
-9.542328e-01 
-9.542328e-01 
-9.542328e-01 
-9.542328e-01 
-9.542328e-01 
-9.542328e-01 
-9.542328e-01 
-9.542328e-01 
-9.542328e-01 
-9.542328e-01 
-9.542328e-01 
-9.542328e-01 
-9.542328e-01 
-9.542328e-01 
-9.542328e-01 
-9.542328e-01 
-9.542328e-01 
-9.542328e-01 
-9.542328e-01 
-9.542328e-01 
-9.542328e-01 
-9.542328e-01 
-9.542328e-01 
-9.542328e-01 
-9.022627e-01 
-7.908026e-01 
-6.567372e-01 
-5.030645e-01 
-3.196464e-01 
-1.012537e-01 
-2.792362e-03 
5.776210e-04 
3.044640e-04 
1.810799e-04 
1.172952e-04 
8.054320e-05 
5.775754e-05 
4.284700e-05 
3.267142e-05 
2.548805e-05 
2.027283e-05 
1.639586e-05 
1.345485e-05 
1.118523e-05 
9.410561e-06 
8.021068e-06 
7.010776e-06 
6.956911e-06 
1.122960e-05 
1.487466e-05 
1.654149e-05 
1.743028e-05 
1.789461e-05 
1.804370e-05 
1.809156e-05 
1.809150e-05 
1.809150e-05 
1.809150e-05 
1.809150e-05 
1.809150e-05 
1.809150e-05 
1.809150e-05 
1.809150e-05 
1.809150e-05 
1.809150e-05 
1.809150e-05 
1.809150e-05 
1.809150e-05 
1.809150e-05 
1.809150e-05 
1.809150e-05 
1.809150e-05 
1.809150e-05 
1.809150e-05 
1.809150e-05 
1.809150e-05 
1.809150e-05 
1.809150e-05 
1.809150e-05 
1.809150e-05 
1.809150e-05 
1.809150e-05 
1.809150e-05 
1.809150e-05 
1.809150e-05 
1.809150e-05 
1.809150e-05 
1.809150e-05 
1.809150e-05 
1.809150e-05 
1.809150e-05 
1.809150e-05 
1.809150e-05 
1.809150e-05 
1.809150e-05 
1.809150e-05 
1.809150e-05 
1.809150e-05 
1.809150e-05 
1.809150e-05 
1.809150e-05 
1.809150e-05 
1.809150e-05 
1.809150e-05 
1.809150e-05 
1.809150e-05 
1.809150e-05 
1.809150e-05 
1.809150e-05 
1.809150e-05 
1.809150e-05 
1.809150e-05 
1.809150e-05 
1.809150e-05 
1.809150e-05 
1.809150e-05 
1.809150e-05 
1.809642e-05 
1.826731e-05 
1.845953e-05 
1.866649e-05 
1.889560e-05 
1.915089e-05 
1.942417e-05 
1.970008e-05 
1.999780e-05 
2.031978e-05 
2.066610e-05 
2.103530e-05 
2.142382e-05 
2.182432e-05 
2.222280e-05 
2.259355e-05 
2.289033e-05 
2.303011e-05 
2.286247e-05 
2.211026e-05 
2.025150e-05 
1.628261e-05 
8.265519e-06 
-7.347214e-06 
-3.574609e-05 
-8.046387e-05 
-1.387920e-04 
-2.063195e-04 
-2.831240e-04 
-3.707924e-04 
-4.602765e-04 
-4.675070e-04 
-4.675070e-04 
-4.675070e-04 
-4.675070e-04 
-4.675070e-04 
-4.675070e-04 
-4.675070e-04 
-4.675070e-04 
-4.675070e-04 
-4.675070e-04 
-4.675070e-04 
-4.675070e-04 
-4.675070e-04 
-4.675070e-04 
-4.675070e-04 
-4.675070e-04 
-4.675070e-04 
-4.675070e-04 
-4.675070e-04 
-4.675070e-04 
-4.675070e-04 
-4.675070e-04 
-4.675070e-04 
-4.675070e-04 
-4.675070e-04 
-4.675070e-04 
-4.675070e-04 
-4.675070e-04 
-4.675070e-04 
-4.675070e-04 
-4.675070e-04 
-4.675070e-04 
-4.675070e-04 
-4.675070e-04 
-4.675070e-04 
-4.675070e-04 
-4.675070e-04 
-4.675070e-04 
-4.675070e-04 
-4.675070e-04 
-4.675070e-04 
-4.675070e-04 
-4.675070e-04 
-4.675070e-04 
-4.675070e-04 
-4.675070e-04 
-4.675070e-04 
-4.675070e-04 
-4.675070e-04 
-4.675070e-04 
-4.675070e-04 
-4.675070e-04 
-4.675070e-04 
-4.675070e-04 
-4.675070e-04 
-4.675070e-04 
-4.675070e-04 
-4.675070e-04 
-4.675070e-04 
-4.675070e-04 
-4.675070e-04 
-4.675070e-04 
-4.675070e-04 
-4.980134e-04 
-5.558695e-04 
-6.237274e-04 
-7.038049e-04 
-7.989642e-04 
-9.129150e-04 
-1.050479e-03 
-1.217800e-03 
-1.422522e-03 
-1.675361e-03 
-1.991821e-03 
-2.393569e-03 
-2.911420e-03 
-3.590287e-03 
-4.497313e-03 
-5.735739e-03 
-7.469476e-03 
-9.968552e-03 
-1.369730e-02 
-1.949497e-02 
-2.896706e-02 
-4.537429e-02 
-7.563212e-02 
-1.336669e-01 
-2.374776e-01 
-3.818353e-01 
-5.360643e-01 
-6.823467e-01 
-8.134805e-01 
-9.201200e-01 
-9.542476e-01 
-9.542476e-01 
-9.542476e-01 
-9.542476e-01 
-9.542476e-01 
-9.542476e-01 
-9.542476e-01 
-9.542476e-01 
-9.542476e-01 
-9.542476e-01 
-9.542476e-01 
-9.542476e-01 
-9.542476e-01 
-9.542476e-01 
-9.542476e-01 
-9.542476e-01 
-9.542476e-01 
-9.542476e-01 
-9.542476e-01 
-9.542476e-01 
-9.542476e-01 
-9.542476e-01 
-9.542476e-01 
-9.542476e-01 
-9.542476e-01 
-9.542476e-01 
-9.542476e-01 
-9.542476e-01 
-9.542476e-01 
-9.542476e-01 
-9.542476e-01 
-9.542476e-01 
-9.542476e-01 
-9.542476e-01 
-9.542476e-01 
-9.542476e-01 
-9.542476e-01 
-9.542476e-01 
-9.542476e-01 
-9.542476e-01 
-9.542476e-01 
-9.542476e-01 
-9.542476e-01 
-9.542476e-01 
-9.542476e-01 
-9.542476e-01 
-9.542476e-01 
-9.542476e-01 
-9.542476e-01 
-9.542476e-01 
-9.542476e-01 
-9.542476e-01 
-9.542476e-01 
-9.542476e-01 
-9.542476e-01 
-9.542476e-01 
-9.542476e-01 
-9.542476e-01 
-9.542476e-01 
-9.542476e-01 
-9.542476e-01 
-9.542476e-01 
-9.542476e-01 
-9.542476e-01 
-9.542472e-01 
-9.542466e-01 
-9.542458e-01 
-9.542449e-01 
-9.542434e-01 
-9.542413e-01 
-9.542399e-01 
-9.542391e-01 
-9.542384e-01 
-9.542379e-01 
-9.542373e-01 
-9.542369e-01 
-9.542365e-01 
-9.542361e-01 
-9.542357e-01 
-9.542354e-01 
-9.542351e-01 
-9.542349e-01 
-9.542346e-01 
-9.542344e-01 
-9.542342e-01 
-9.542340e-01 
-9.542338e-01 
-9.542336e-01 
-9.542335e-01 
-9.542333e-01 
-9.542332e-01 
-9.542331e-01 
-9.542329e-01 
-9.542328e-01 
-9.542328e-01 
-9.542328e-01 
-9.542328e-01 
-9.542328e-01 
-9.542328e-01 
-9.542328e-01 
-9.542328e-01 
-9.542328e-01 
-9.542328e-01 
-9.542328e-01 
-9.542328e-01 
-9.542328e-01 
-9.542328e-01 
-9.542328e-01 
-9.542328e-01 
-9.542328e-01 
-9.542328e-01 
-9.542328e-01 
-9.542328e-01 
-9.542328e-01 
-9.542328e-01 
-9.542328e-01 
-9.542328e-01 
-9.542328e-01 
-9.542328e-01 
-9.542328e-01 
-9.542328e-01 
-9.542328e-01 
-9.542328e-01 
-9.542328e-01 
-9.542328e-01 
-9.542328e-01 
-9.542328e-01 
-9.542328e-01 
-9.542328e-01 
-9.542328e-01 
-9.542328e-01 
-9.542328e-01 
-9.542328e-01 
-9.542328e-01 
-9.542328e-01 
-9.542328e-01 
-9.542328e-01 
-9.542328e-01 
-9.542328e-01 
-9.542328e-01 
-9.542328e-01 
-9.542328e-01 
-9.542328e-01 
-9.542328e-01 
-9.542328e-01 
-9.542328e-01 
-9.542328e-01 
-9.542328e-01 
-9.542328e-01 
-9.542328e-01 
-9.542328e-01 
-9.542328e-01 
-9.542328e-01 
-9.542328e-01 
-9.542328e-01 
-9.542328e-01 
-9.542328e-01 
-8.955942e-01 
-7.822575e-01 
-6.468894e-01 
-4.916697e-01 
-3.054796e-01 
-8.795052e-02 
-1.706654e-03 
5.665426e-04 
3.000123e-04 
1.798006e-04 
1.170719e-04 
8.070884e-05 
5.806586e-05 
4.319956e-05 
3.302805e-05 
2.583337e-05 
2.060264e-05 
1.671126e-05 
1.375981e-05 
1.148562e-05 
9.713694e-06 
8.332640e-06 
7.304592e-06 
6.817492e-06 
5.868247e-06 
3.221336e-06 
2.972524e-06 
2.558725e-06 
1.925171e-06 
1.093082e-06 
6.465970e-07 
6.466065e-07 
6.466065e-07 
6.466065e-07 
6.466065e-07 
6.466065e-07 
6.466065e-07 
6.466065e-07 
6.466065e-07 
6.466065e-07 
6.466065e-07 
6.466065e-07 
6.466065e-07 
6.466065e-07 
6.466065e-07 
6.466065e-07 
6.466065e-07 
6.466065e-07 
6.466065e-07 
6.466065e-07 
6.466065e-07 
6.466065e-07 
6.466065e-07 
6.466065e-07 
6.466065e-07 
6.466065e-07 
6.466065e-07 
6.466065e-07 
6.466065e-07 
6.466065e-07 
6.466065e-07 
6.466065e-07 
6.466065e-07 
6.466065e-07 
6.466065e-07 
6.466065e-07 
6.466065e-07 
6.466065e-07 
6.466065e-07 
6.466065e-07 
6.466065e-07 
6.466065e-07 
6.466065e-07 
6.466065e-07 
6.466065e-07 
6.466065e-07 
6.466065e-07 
6.466065e-07 
6.466065e-07 
6.466065e-07 
6.466065e-07 
6.466065e-07 
6.466065e-07 
6.466065e-07 
6.466065e-07 
6.466065e-07 
6.466065e-07 
6.466065e-07 
6.466065e-07 
6.466065e-07 
6.466065e-07 
6.466065e-07 
6.466065e-07 
6.567649e-07 
8.246668e-07 
1.019172e-06 
1.239786e-06 
1.490994e-06 
1.778271e-06 
2.108396e-06 
2.490178e-06 
2.936221e-06 
3.462570e-06 
4.088541e-06 
4.839609e-06 
5.750443e-06 
6.868850e-06 
8.261975e-06 
1.002629e-05 
1.230422e-05 
1.531260e-05 
1.939370e-05 
2.510971e-05 
3.342408e-05 
4.604858e-05 
6.602915e-05 
9.814959e-05 
1.465797e-04 
2.083387e-04 
2.753878e-04 
3.436474e-04 
4.114067e-04 
4.736917e-04 
5.189019e-04 
5.204589e-04 
5.204589e-04 
5.204589e-04 
5.204589e-04 
5.204589e-04 
5.204589e-04 
5.204589e-04 
5.204589e-04 
5.204589e-04 
5.204589e-04 
5.204589e-04 
5.204589e-04 
5.204589e-04 
5.204589e-04 
5.204589e-04 
5.204589e-04 
5.204589e-04 
5.204589e-04 
5.204589e-04 
5.204589e-04 
5.204589e-04 
5.204589e-04 
5.204589e-04 
5.204589e-04 
5.204589e-04 
5.204589e-04 
5.204589e-04 
5.204589e-04 
5.204589e-04 
5.204589e-04 
5.204589e-04 
5.204589e-04 
5.204589e-04 
5.204589e-04 
5.204589e-04 
5.204589e-04 
5.204589e-04 
5.204589e-04 
5.204589e-04 
5.204589e-04 
5.204589e-04 
5.204589e-04 
5.204589e-04 
5.204589e-04 
5.204589e-04 
5.204589e-04 
5.204589e-04 
5.204589e-04 
5.204589e-04 
5.204589e-04 
5.204589e-04 
5.204589e-04 
5.204589e-04 
5.204589e-04 
5.204589e-04 
5.204589e-04 
5.204589e-04 
5.204589e-04 
5.204589e-04 
5.204589e-04 
5.204589e-04 
5.204589e-04 
5.204589e-04 
5.579014e-04 
6.212307e-04 
6.944983e-04 
7.775367e-04 
8.301363e-04 
9.470180e-04 
1.089899e-03 
1.263370e-03 
1.475636e-03 
1.738151e-03 
2.066944e-03 
2.484521e-03 
3.022992e-03 
3.729212e-03 
4.673297e-03 
5.963167e-03 
7.770379e-03 
1.037795e-02 
1.427338e-02 
2.033937e-02 
3.026755e-02 
4.749617e-02 
7.929278e-02 
1.400310e-01 
2.470159e-01 
3.926441e-01 
5.464922e-01 
6.918855e-01 
8.216989e-01 
9.261485e-01 
9.542477e-01 
9.542477e-01 
9.542477e-01 
9.542477e-01 
9.542477e-01 
9.542477e-01 
9.542477e-01 
9.542477e-01 
9.542477e-01 
9.542477e-01 
9.542477e-01 
9.542477e-01 
9.542477e-01 
9.542477e-01 
9.542477e-01 
9.542477e-01 
9.542477e-01 
9.542477e-01 
9.542477e-01 
9.542477e-01 
9.542477e-01 
9.542477e-01 
9.542477e-01 
9.542477e-01 
9.542477e-01 
9.542477e-01 
9.542477e-01 
9.542477e-01 
9.542477e-01 
9.542477e-01 
9.542477e-01 
9.542477e-01 
9.542477e-01 
9.542477e-01 
9.542477e-01 
9.542477e-01 
9.542477e-01 
9.542477e-01 
9.542477e-01 
9.542477e-01 
9.542477e-01 
9.542477e-01 
9.542477e-01 
9.542477e-01 
9.542477e-01 
9.542477e-01 
9.542477e-01 
9.542477e-01 
9.542477e-01 
9.542477e-01 
9.542477e-01 
9.542477e-01 
9.542477e-01 
9.542477e-01 
9.542477e-01 
9.542477e-01 
9.542477e-01 
9.542477e-01 
9.542477e-01 
9.542477e-01 
9.542477e-01 
9.542477e-01 
9.542477e-01 
9.542476e-01 
9.542473e-01 
9.542468e-01 
9.542462e-01 
9.542455e-01 
9.542447e-01 
9.542437e-01 
9.542427e-01 
9.542417e-01 
9.542407e-01 
9.542398e-01 
9.542390e-01 
9.542383e-01 
9.542377e-01 
9.542371e-01 
9.542367e-01 
9.542363e-01 
9.542359e-01 
9.542355e-01 
9.542352e-01 
9.542350e-01 
9.542347e-01 
9.542345e-01 
9.542343e-01 
9.542341e-01 
9.542339e-01 
9.542337e-01 
9.542335e-01 
9.542334e-01 
9.542333e-01 
9.542331e-01 
9.542331e-01 
9.542331e-01 
9.542331e-01 
9.542331e-01 
9.542331e-01 
9.542331e-01 
9.542331e-01 
9.542331e-01 
9.542331e-01 
9.542331e-01 
9.542331e-01 
9.542331e-01 
9.542331e-01 
9.542331e-01 
9.542331e-01 
9.542331e-01 
9.542331e-01 
9.542331e-01 
9.542331e-01 
9.542331e-01 
9.542331e-01 
9.542331e-01 
9.542331e-01 
9.542331e-01 
9.542331e-01 
9.542331e-01 
9.542331e-01 
9.542331e-01 
9.542331e-01 
9.542331e-01 
9.542331e-01 
9.542331e-01 
9.542331e-01 
9.542331e-01 
9.542331e-01 
9.542331e-01 
9.542331e-01 
9.542331e-01 
9.542331e-01 
9.542331e-01 
9.542331e-01 
9.542331e-01 
9.542331e-01 
9.542331e-01 
9.542331e-01 
9.542331e-01 
9.542331e-01 
9.542331e-01 
9.542331e-01 
9.542331e-01 
9.542331e-01 
9.542331e-01 
9.542331e-01 
9.542331e-01 
9.542331e-01 
9.542331e-01 
9.542331e-01 
9.542331e-01 
9.542331e-01 
9.542331e-01 
9.542331e-01 
9.542331e-01 
9.542331e-01 
8.887663e-01 
7.736308e-01 
6.370514e-01 
4.806005e-01 
2.931244e-01 
8.125510e-02 
3.720093e-03 
5.416198e-04 
2.816968e-04 
1.699119e-04 
1.110775e-04 
7.678276e-05 
5.534326e-05 
4.122444e-05 
3.154047e-05 
2.467590e-05 
1.967496e-05 
1.594650e-05 
1.311136e-05 
1.091942e-05 
9.203806e-06 
7.860768e-06 
6.877476e-06 
6.677084e-06 
7.613224e-06 
5.948553e-06 
5.085664e-06 
4.582344e-06 
4.438031e-06 
4.594423e-06 
4.744169e-06 
4.744164e-06 
4.744164e-06 
4.744164e-06 
4.744164e-06 
4.744164e-06 
4.744164e-06 
4.744164e-06 
4.744164e-06 
4.744164e-06 
4.744164e-06 
4.744164e-06 
4.744164e-06 
4.744164e-06 
4.744164e-06 
4.744164e-06 
4.744164e-06 
4.744164e-06 
4.744164e-06 
4.744164e-06 
4.744164e-06 
4.744164e-06 
4.744164e-06 
4.744164e-06 
4.744164e-06 
4.744164e-06 
4.744164e-06 
4.744164e-06 
4.744164e-06 
4.744164e-06 
4.744164e-06 
4.744164e-06 
4.744164e-06 
4.744164e-06 
4.744164e-06 
4.744164e-06 
4.744164e-06 
4.744164e-06 
4.744164e-06 
4.744164e-06 
4.744164e-06 
4.744164e-06 
4.744164e-06 
4.744164e-06 
4.744164e-06 
4.744164e-06 
4.744164e-06 
4.744164e-06 
4.744164e-06 
4.744164e-06 
4.744164e-06 
4.744164e-06 
4.744164e-06 
4.744164e-06 
4.744164e-06 
4.744164e-06 
4.744164e-06 
4.744164e-06 
4.744164e-06 
4.744164e-06 
4.744164e-06 
4.744164e-06 
4.744164e-06 
4.761968e-06 
4.933159e-06 
5.128530e-06 
5.349621e-06 
5.601493e-06 
5.890469e-06 
6.224507e-06 
6.613317e-06 
7.067877e-06 
7.602861e-06 
8.239039e-06 
9.004046e-06 
9.934914e-06 
1.108243e-05 
1.251787e-05 
1.434380e-05 
1.671182e-05 
1.985317e-05 
2.413308e-05 
3.015130e-05 
3.893221e-05 
5.227873e-05 
7.332316e-05 
1.067021e-04 
1.557774e-04 
2.169334e-04 
2.829740e-04 
3.506892e-04 
4.185641e-04 
4.811509e-04 
5.244186e-04 
5.251067e-04 
5.251067e-04 
5.251067e-04 
5.251067e-04 
5.251067e-04 
5.251067e-04 
5.251067e-04 
5.251067e-04 
5.251067e-04 
5.251067e-04 
5.251067e-04 
5.251067e-04 
5.251067e-04 
5.251067e-04 
5.251067e-04 
5.251067e-04 
5.251067e-04 
5.251067e-04 
5.251067e-04 
5.251067e-04 
5.251067e-04 
5.251067e-04 
5.251067e-04 
5.251067e-04 
5.251067e-04 
5.251067e-04 
5.251067e-04 
5.251067e-04 
5.251067e-04 
5.251067e-04 
5.251067e-04 
5.251067e-04 
5.251067e-04 
5.251067e-04 
5.251067e-04 
5.251067e-04 
5.251067e-04 
5.251067e-04 
5.251067e-04 
5.251067e-04 
5.251067e-04 
5.251067e-04 
5.251067e-04 
5.251067e-04 
5.251067e-04 
5.251067e-04 
5.251067e-04 
5.251067e-04 
5.251067e-04 
5.251067e-04 
5.251067e-04 
5.251067e-04 
5.251067e-04 
5.251067e-04 
5.251067e-04 
5.251067e-04 
5.251067e-04 
5.251067e-04 
5.251067e-04 
5.251067e-04 
5.251067e-04 
5.251067e-04 
5.251067e-04 
5.661429e-04 
6.290979e-04 
7.008136e-04 
7.452465e-04 
8.424464e-04 
9.562244e-04 
1.100420e-03 
1.276470e-03 
1.491830e-03 
1.758307e-03 
2.092366e-03 
2.517053e-03 
3.065295e-03 
3.785215e-03 
4.748959e-03 
6.067805e-03 
7.919061e-03 
1.059604e-02 
1.460559e-02 
2.086883e-02 
3.115820e-02 
4.908971e-02 
8.231069e-02 
1.457388e-01 
2.560698e-01 
4.031974e-01 
5.567990e-01 
7.013362e-01 
8.297993e-01 
9.319828e-01 
9.542477e-01 
9.542477e-01 
9.542477e-01 
9.542477e-01 
9.542477e-01 
9.542477e-01 
9.542477e-01 
9.542477e-01 
9.542477e-01 
9.542477e-01 
9.542477e-01 
9.542477e-01 
9.542477e-01 
9.542477e-01 
9.542477e-01 
9.542477e-01 
9.542477e-01 
9.542477e-01 
9.542477e-01 
9.542477e-01 
9.542477e-01 
9.542477e-01 
9.542477e-01 
9.542477e-01 
9.542477e-01 
9.542477e-01 
9.542477e-01 
9.542477e-01 
9.542477e-01 
9.542477e-01 
9.542477e-01 
9.542477e-01 
9.542477e-01 
9.542477e-01 
9.542477e-01 
9.542477e-01 
9.542477e-01 
9.542477e-01 
9.542477e-01 
9.542477e-01 
9.542477e-01 
9.542477e-01 
9.542477e-01 
9.542477e-01 
9.542477e-01 
9.542477e-01 
9.542477e-01 
9.542477e-01 
9.542477e-01 
9.542477e-01 
9.542477e-01 
9.542477e-01 
9.542477e-01 
9.542477e-01 
9.542477e-01 
9.542477e-01 
9.542477e-01 
9.542477e-01 
9.542477e-01 
9.542477e-01 
9.542477e-01 
9.542477e-01 
9.542477e-01 
9.542476e-01 
9.542472e-01 
9.542467e-01 
9.542461e-01 
9.542454e-01 
9.542446e-01 
9.542437e-01 
9.542427e-01 
9.542416e-01 
9.542406e-01 
9.542397e-01 
9.542389e-01 
9.542382e-01 
9.542376e-01 
9.542371e-01 
9.542366e-01 
9.542362e-01 
9.542359e-01 
9.542355e-01 
9.542352e-01 
9.542349e-01 
9.542347e-01 
9.542344e-01 
9.542342e-01 
9.542340e-01 
9.542339e-01 
9.542337e-01 
9.542335e-01 
9.542334e-01 
9.542332e-01 
9.542331e-01 
9.542331e-01 
9.542331e-01 
9.542331e-01 
9.542331e-01 
9.542331e-01 
9.542331e-01 
9.542331e-01 
9.542331e-01 
9.542331e-01 
9.542331e-01 
9.542331e-01 
9.542331e-01 
9.542331e-01 
9.542331e-01 
9.542331e-01 
9.542331e-01 
9.542331e-01 
9.542331e-01 
9.542331e-01 
9.542331e-01 
9.542331e-01 
9.542331e-01 
9.542331e-01 
9.542331e-01 
9.542331e-01 
9.542331e-01 
9.542331e-01 
9.542331e-01 
9.542331e-01 
9.542331e-01 
9.542331e-01 
9.542331e-01 
9.542331e-01 
9.542331e-01 
9.542331e-01 
9.542331e-01 
9.542331e-01 
9.542331e-01 
9.542331e-01 
9.542331e-01 
9.542331e-01 
9.542331e-01 
9.542331e-01 
9.542331e-01 
9.542331e-01 
9.542331e-01 
9.542331e-01 
9.542331e-01 
9.542331e-01 
9.542331e-01 
9.542331e-01 
9.542331e-01 
9.542331e-01 
9.542331e-01 
9.542331e-01 
9.542331e-01 
9.542331e-01 
9.542331e-01 
9.542331e-01 
9.542331e-01 
9.542331e-01 
9.542331e-01 
9.542331e-01 
8.817810e-01 
7.648936e-01 
6.270402e-01 
4.689820e-01 
2.787454e-01 
6.990962e-02 
2.986190e-03 
5.250959e-04 
2.779308e-04 
1.688494e-04 
1.109328e-04 
7.697786e-05 
5.566178e-05 
4.157930e-05 
3.189625e-05 
2.501931e-05 
2.000280e-05 
1.626045e-05 
1.341591e-05 
1.122158e-05 
9.514867e-06 
8.205601e-06 
7.353607e-06 
7.978428e-06 
1.288323e-05 
1.557567e-05 
1.690999e-05 
1.764052e-05 
1.801845e-05 
1.808986e-05 
1.815214e-05 
1.815214e-05 
1.815214e-05 
1.815214e-05 
1.815214e-05 
1.815214e-05 
1.815214e-05 
1.815214e-05 
1.815214e-05 
1.815214e-05 
1.815214e-05 
1.815214e-05 
1.815214e-05 
1.815214e-05 
1.815214e-05 
1.815214e-05 
1.815214e-05 
1.815214e-05 
1.815214e-05 
1.815214e-05 
1.815214e-05 
1.815214e-05 
1.815214e-05 
1.815214e-05 
1.815214e-05 
1.815214e-05 
1.815214e-05 
1.815214e-05 
1.815214e-05 
1.815214e-05 
1.815214e-05 
1.815214e-05 
1.815214e-05 
1.815214e-05 
1.815214e-05 
1.815214e-05 
1.815214e-05 
1.815214e-05 
1.815214e-05 
1.815214e-05 
1.815214e-05 
1.815214e-05 
1.815214e-05 
1.815214e-05 
1.815214e-05 
1.815214e-05 
1.815214e-05 
1.815214e-05 
1.815214e-05 
1.815214e-05 
1.815214e-05 
1.815214e-05 
1.815214e-05 
1.815214e-05 
1.815214e-05 
1.815214e-05 
1.815214e-05 
1.815214e-05 
1.815214e-05 
1.815214e-05 
1.815214e-05 
1.815214e-05 
1.815214e-05 
1.818487e-05 
1.836043e-05 
1.855061e-05 
1.875644e-05 
1.897910e-05 
1.921973e-05 
1.947936e-05 
1.975926e-05 
2.006184e-05 
2.038886e-05 
2.074005e-05 
2.111359e-05 
2.150533e-05 
2.190685e-05 
2.230224e-05 
2.266249e-05 
2.293547e-05 
2.302747e-05 
2.276826e-05 
2.184285e-05 
1.965523e-05 
1.505601e-05 
5.834552e-06 
-1.195115e-05 
-4.357711e-05 
-9.150261e-05 
-1.519645e-04 
-2.212406e-04 
-3.002427e-04 
-3.897371e-04 
-4.669027e-04 
-4.675070e-04 
-4.675070e-04 
-4.675070e-04 
-4.675070e-04 
-4.675070e-04 
-4.675070e-04 
-4.675070e-04 
-4.675070e-04 
-4.675070e-04 
-4.675070e-04 
-4.675070e-04 
-4.675070e-04 
-4.675070e-04 
-4.675070e-04 
-4.675070e-04 
-4.675070e-04 
-4.675070e-04 
-4.675070e-04 
-4.675070e-04 
-4.675070e-04 
-4.675070e-04 
-4.675070e-04 
-4.675070e-04 
-4.675070e-04 
-4.675070e-04 
-4.675070e-04 
-4.675070e-04 
-4.675070e-04 
-4.675070e-04 
-4.675070e-04 
-4.675070e-04 
-4.675070e-04 
-4.675070e-04 
-4.675070e-04 
-4.675070e-04 
-4.675070e-04 
-4.675070e-04 
-4.675070e-04 
-4.675070e-04 
-4.675070e-04 
-4.675070e-04 
-4.675070e-04 
-4.675070e-04 
-4.675070e-04 
-4.675070e-04 
-4.675070e-04 
-4.675070e-04 
-4.675070e-04 
-4.675070e-04 
-4.675070e-04 
-4.675070e-04 
-4.675070e-04 
-4.675070e-04 
-4.675070e-04 
-4.675070e-04 
-4.675070e-04 
-4.675070e-04 
-4.675070e-04 
-4.675070e-04 
-4.675070e-04 
-4.675070e-04 
-4.675070e-04 
-4.675070e-04 
-5.091557e-04 
-5.689092e-04 
-6.390742e-04 
-7.219877e-04 
-8.206670e-04 
-9.390270e-04 
-1.082150e-03 
-1.256456e-03 
-1.470031e-03 
-1.734484e-03 
-2.066428e-03 
-2.489106e-03 
-3.035743e-03 
-3.755009e-03 
-4.720067e-03 
-6.044112e-03 
-7.908152e-03 
-1.061286e-02 
-1.468025e-02 
-2.106440e-02 
-3.161307e-02 
-5.012219e-02 
-8.465728e-02 
-1.508044e-01 
-2.647111e-01 
-4.135474e-01 
-5.670024e-01 
-7.107018e-01 
-8.377781e-01 
-9.376169e-01 
-9.542476e-01 
-9.542476e-01 
-9.542476e-01 
-9.542476e-01 
-9.542476e-01 
-9.542476e-01 
-9.542476e-01 
-9.542476e-01 
-9.542476e-01 
-9.542476e-01 
-9.542476e-01 
-9.542476e-01 
-9.542476e-01 
-9.542476e-01 
-9.542476e-01 
-9.542476e-01 
-9.542476e-01 
-9.542476e-01 
-9.542476e-01 
-9.542476e-01 
-9.542476e-01 
-9.542476e-01 
-9.542476e-01 
-9.542476e-01 
-9.542476e-01 
-9.542476e-01 
-9.542476e-01 
-9.542476e-01 
-9.542476e-01 
-9.542476e-01 
-9.542476e-01 
-9.542476e-01 
-9.542476e-01 
-9.542476e-01 
-9.542476e-01 
-9.542476e-01 
-9.542476e-01 
-9.542476e-01 
-9.542476e-01 
-9.542476e-01 
-9.542476e-01 
-9.542476e-01 
-9.542476e-01 
-9.542476e-01 
-9.542476e-01 
-9.542476e-01 
-9.542476e-01 
-9.542476e-01 
-9.542476e-01 
-9.542476e-01 
-9.542476e-01 
-9.542476e-01 
-9.542476e-01 
-9.542476e-01 
-9.542476e-01 
-9.542476e-01 
-9.542476e-01 
-9.542476e-01 
-9.542476e-01 
-9.542476e-01 
-9.542476e-01 
-9.542476e-01 
-9.542476e-01 
-9.542475e-01 
-9.542471e-01 
-9.542464e-01 
-9.542457e-01 
-9.542446e-01 
-9.542430e-01 
-9.542409e-01 
-9.542397e-01 
-9.542390e-01 
-9.542383e-01 
-9.542378e-01 
-9.542372e-01 
-9.542368e-01 
-9.542364e-01 
-9.542360e-01 
-9.542357e-01 
-9.542354e-01 
-9.542351e-01 
-9.542348e-01 
-9.542346e-01 
-9.542344e-01 
-9.542341e-01 
-9.542340e-01 
-9.542338e-01 
-9.542336e-01 
-9.542335e-01 
-9.542333e-01 
-9.542332e-01 
-9.542330e-01 
-9.542329e-01 
-9.542328e-01 
-9.542328e-01 
-9.542328e-01 
-9.542328e-01 
-9.542328e-01 
-9.542328e-01 
-9.542328e-01 
-9.542328e-01 
-9.542328e-01 
-9.542328e-01 
-9.542328e-01 
-9.542328e-01 
-9.542328e-01 
-9.542328e-01 
-9.542328e-01 
-9.542328e-01 
-9.542328e-01 
-9.542328e-01 
-9.542328e-01 
-9.542328e-01 
-9.542328e-01 
-9.542328e-01 
-9.542328e-01 
-9.542328e-01 
-9.542328e-01 
-9.542328e-01 
-9.542328e-01 
-9.542328e-01 
-9.542328e-01 
-9.542328e-01 
-9.542328e-01 
-9.542328e-01 
-9.542328e-01 
-9.542328e-01 
-9.542328e-01 
-9.542328e-01 
-9.542328e-01 
-9.542328e-01 
-9.542328e-01 
-9.542328e-01 
-9.542328e-01 
-9.542328e-01 
-9.542328e-01 
-9.542328e-01 
-9.542328e-01 
-9.542328e-01 
-9.542328e-01 
-9.542328e-01 
-9.542328e-01 
-9.542328e-01 
-9.542328e-01 
-9.542328e-01 
-9.542328e-01 
-9.542328e-01 
-9.542328e-01 
-9.542328e-01 
-9.542328e-01 
-9.542328e-01 
-9.542328e-01 
-9.542328e-01 
-9.542328e-01 
-9.542328e-01 
-9.542328e-01 
-9.542328e-01 
-8.746424e-01 
-7.560408e-01 
-6.168176e-01 
-4.566473e-01 
-2.616775e-01 
-5.372546e-02 
-1.496114e-05 
4.815531e-04 
2.612618e-04 
1.596784e-04 
1.053049e-04 
7.325931e-05 
5.306533e-05 
3.968489e-05 
3.046221e-05 
2.389810e-05 
1.909968e-05 
1.551163e-05 
1.277616e-05 
1.065648e-05 
8.995247e-06 
7.702401e-06 
6.836259e-06 
7.510334e-06 
1.259970e-05 
1.544391e-05 
1.684123e-05 
1.759107e-05 
1.796723e-05 
1.801917e-05 
1.809150e-05 
1.809150e-05 
1.809150e-05 
1.809150e-05 
1.809150e-05 
1.809150e-05 
1.809150e-05 
1.809150e-05 
1.809150e-05 
1.809150e-05 
1.809150e-05 
1.809150e-05 
1.809150e-05 
1.809150e-05 
1.809150e-05 
1.809150e-05 
1.809150e-05 
1.809150e-05 
1.809150e-05 
1.809150e-05 
1.809150e-05 
1.809150e-05 
1.809150e-05 
1.809150e-05 
1.809150e-05 
1.809150e-05 
1.809150e-05 
1.809150e-05 
1.809150e-05 
1.809150e-05 
1.809150e-05 
1.809150e-05 
1.809150e-05 
1.809150e-05 
1.809150e-05 
1.809150e-05 
1.809150e-05 
1.809150e-05 
1.809150e-05 
1.809150e-05 
1.809150e-05 
1.809150e-05 
1.809150e-05 
1.809150e-05 
1.809150e-05 
1.809150e-05 
1.809150e-05 
1.809150e-05 
1.809150e-05 
1.809150e-05 
1.809150e-05 
1.809150e-05 
1.809150e-05 
1.809150e-05 
1.809150e-05 
1.809150e-05 
1.809150e-05 
1.809150e-05 
1.809150e-05 
1.809150e-05 
1.809150e-05 
1.809150e-05 
1.809150e-05 
1.813633e-05 
1.831850e-05 
1.851460e-05 
1.872595e-05 
1.896169e-05 
1.922882e-05 
1.949773e-05 
1.977919e-05 
2.008341e-05 
2.041211e-05 
2.076491e-05 
2.113986e-05 
2.153260e-05 
2.193433e-05 
2.232843e-05 
2.268472e-05 
2.294893e-05 
2.302350e-05 
2.273100e-05 
2.174263e-05 
1.943534e-05 
1.460652e-05 
4.947741e-06 
-1.361469e-05 
-4.634669e-05 
-9.530151e-05 
-1.564338e-04 
-2.263033e-04 
-3.060570e-04 
-3.960651e-04 
-4.672865e-04 
-4.675070e-04 
-4.675070e-04 
-4.675070e-04 
-4.675070e-04 
-4.675070e-04 
-4.675070e-04 
-4.675070e-04 
-4.675070e-04 
-4.675070e-04 
-4.675070e-04 
-4.675070e-04 
-4.675070e-04 
-4.675070e-04 
-4.675070e-04 
-4.675070e-04 
-4.675070e-04 
-4.675070e-04 
-4.675070e-04 
-4.675070e-04 
-4.675070e-04 
-4.675070e-04 
-4.675070e-04 
-4.675070e-04 
-4.675070e-04 
-4.675070e-04 
-4.675070e-04 
-4.675070e-04 
-4.675070e-04 
-4.675070e-04 
-4.675070e-04 
-4.675070e-04 
-4.675070e-04 
-4.675070e-04 
-4.675070e-04 
-4.675070e-04 
-4.675070e-04 
-4.675070e-04 
-4.675070e-04 
-4.675070e-04 
-4.675070e-04 
-4.675070e-04 
-4.675070e-04 
-4.675070e-04 
-4.675070e-04 
-4.675070e-04 
-4.675070e-04 
-4.675070e-04 
-4.675070e-04 
-4.675070e-04 
-4.675070e-04 
-4.675070e-04 
-4.675070e-04 
-4.675070e-04 
-4.675070e-04 
-4.675070e-04 
-4.675070e-04 
-4.675070e-04 
-4.675070e-04 
-4.675070e-04 
-4.675070e-04 
-4.675070e-04 
-4.675070e-04 
-4.675070e-04 
-5.129494e-04 
-5.733519e-04 
-6.443073e-04 
-7.281940e-04 
-8.280825e-04 
-9.479590e-04 
-1.092995e-03 
-1.269702e-03 
-1.486334e-03 
-1.754810e-03 
-2.092126e-03 
-2.522083e-03 
-3.078756e-03 
-3.812149e-03 
-4.797567e-03 
-6.151771e-03 
-8.061920e-03 
-1.083978e-02 
-1.502841e-02 
-2.162410e-02 
-3.256431e-02 
-5.184382e-02 
-8.794775e-02 
-1.569861e-01 
-2.741482e-01 
-4.241521e-01 
-5.772220e-01 
-7.200047e-01 
-8.456346e-01 
-9.430449e-01 
-9.542476e-01 
-9.542476e-01 
-9.542476e-01 
-9.542476e-01 
-9.542476e-01 
-9.542476e-01 
-9.542476e-01 
-9.542476e-01 
-9.542476e-01 
-9.542476e-01 
-9.542476e-01 
-9.542476e-01 
-9.542476e-01 
-9.542476e-01 
-9.542476e-01 
-9.542476e-01 
-9.542476e-01 
-9.542476e-01 
-9.542476e-01 
-9.542476e-01 
-9.542476e-01 
-9.542476e-01 
-9.542476e-01 
-9.542476e-01 
-9.542476e-01 
-9.542476e-01 
-9.542476e-01 
-9.542476e-01 
-9.542476e-01 
-9.542476e-01 
-9.542476e-01 
-9.542476e-01 
-9.542476e-01 
-9.542476e-01 
-9.542476e-01 
-9.542476e-01 
-9.542476e-01 
-9.542476e-01 
-9.542476e-01 
-9.542476e-01 
-9.542476e-01 
-9.542476e-01 
-9.542476e-01 
-9.542476e-01 
-9.542476e-01 
-9.542476e-01 
-9.542476e-01 
-9.542476e-01 
-9.542476e-01 
-9.542476e-01 
-9.542476e-01 
-9.542476e-01 
-9.542476e-01 
-9.542476e-01 
-9.542476e-01 
-9.542476e-01 
-9.542476e-01 
-9.542476e-01 
-9.542476e-01 
-9.542476e-01 
-9.542476e-01 
-9.542476e-01 
-9.542476e-01 
-9.542475e-01 
-9.542470e-01 
-9.542464e-01 
-9.542456e-01 
-9.542445e-01 
-9.542429e-01 
-9.542408e-01 
-9.542396e-01 
-9.542389e-01 
-9.542383e-01 
-9.542377e-01 
-9.542372e-01 
-9.542368e-01 
-9.542364e-01 
-9.542360e-01 
-9.542356e-01 
-9.542353e-01 
-9.542351e-01 
-9.542348e-01 
-9.542346e-01 
-9.542343e-01 
-9.542341e-01 
-9.542339e-01 
-9.542338e-01 
-9.542336e-01 
-9.542334e-01 
-9.542333e-01 
-9.542332e-01 
-9.542330e-01 
-9.542329e-01 
-9.542328e-01 
-9.542328e-01 
-9.542328e-01 
-9.542328e-01 
-9.542328e-01 
-9.542328e-01 
-9.542328e-01 
-9.542328e-01 
-9.542328e-01 
-9.542328e-01 
-9.542328e-01 
-9.542328e-01 
-9.542328e-01 
-9.542328e-01 
-9.542328e-01 
-9.542328e-01 
-9.542328e-01 
-9.542328e-01 
-9.542328e-01 
-9.542328e-01 
-9.542328e-01 
-9.542328e-01 
-9.542328e-01 
-9.542328e-01 
-9.542328e-01 
-9.542328e-01 
-9.542328e-01 
-9.542328e-01 
-9.542328e-01 
-9.542328e-01 
-9.542328e-01 
-9.542328e-01 
-9.542328e-01 
-9.542328e-01 
-9.542328e-01 
-9.542328e-01 
-9.542328e-01 
-9.542328e-01 
-9.542328e-01 
-9.542328e-01 
-9.542328e-01 
-9.542328e-01 
-9.542328e-01 
-9.542328e-01 
-9.542328e-01 
-9.542328e-01 
-9.542328e-01 
-9.542328e-01 
-9.542328e-01 
-9.542328e-01 
-9.542328e-01 
-9.542328e-01 
-9.542328e-01 
-9.542328e-01 
-9.542328e-01 
-9.542328e-01 
-9.542328e-01 
-9.542328e-01 
-9.542328e-01 
-9.542328e-01 
-9.542328e-01 
-9.542328e-01 
-9.542328e-01 
-9.542328e-01 
-8.673614e-01 
-7.471150e-01 
-6.066090e-01 
-4.446559e-01 
-2.466043e-01 
-4.431373e-02 
2.819242e-04 
4.710554e-04 
2.580765e-04 
1.588024e-04 
1.052281e-04 
7.347957e-05 
5.339213e-05 
4.004113e-05 
3.081664e-05 
2.423930e-05 
1.942529e-05 
1.582370e-05 
1.307922e-05 
1.095686e-05 
9.300413e-06 
8.015238e-06 
7.097552e-06 
6.851061e-06 
4.312522e-06 
3.161134e-06 
2.879460e-06 
2.408047e-06 
1.713585e-06 
8.506194e-07 
6.466062e-07 
6.466065e-07 
6.466065e-07 
6.466065e-07 
6.466065e-07 
6.466065e-07 
6.466065e-07 
6.466065e-07 
6.466065e-07 
6.466065e-07 
6.466065e-07 
6.466065e-07 
6.466065e-07 
6.466065e-07 
6.466065e-07 
6.466065e-07 
6.466065e-07 
6.466065e-07 
6.466065e-07 
6.466065e-07 
6.466065e-07 
6.466065e-07 
6.466065e-07 
6.466065e-07 
6.466065e-07 
6.466065e-07 
6.466065e-07 
6.466065e-07 
6.466065e-07 
6.466065e-07 
6.466065e-07 
6.466065e-07 
6.466065e-07 
6.466065e-07 
6.466065e-07 
6.466065e-07 
6.466065e-07 
6.466065e-07 
6.466065e-07 
6.466065e-07 
6.466065e-07 
6.466065e-07 
6.466065e-07 
6.466065e-07 
6.466065e-07 
6.466065e-07 
6.466065e-07 
6.466065e-07 
6.466065e-07 
6.466065e-07 
6.466065e-07 
6.466065e-07 
6.466065e-07 
6.466065e-07 
6.466065e-07 
6.466065e-07 
6.466065e-07 
6.466065e-07 
6.466065e-07 
6.466065e-07 
6.466065e-07 
6.466065e-07 
6.466065e-07 
6.975611e-07 
8.755005e-07 
1.076742e-06 
1.305243e-06 
1.565722e-06 
1.863981e-06 
2.207234e-06 
2.605155e-06 
3.071467e-06 
3.622940e-06 
4.280264e-06 
5.071116e-06 
6.033294e-06 
7.219153e-06 
8.702654e-06 
1.059081e-05 
1.304287e-05 
1.630359e-05 
2.076336e-05 
2.707091e-05 
3.635041e-05 
5.061111e-05 
7.337592e-05 
1.097196e-04 
1.624917e-04 
2.264229e-04 
2.940022e-04 
3.623392e-04 
4.293418e-04 
4.884526e-04 
5.204277e-04 
5.204589e-04 
5.204589e-04 
5.204589e-04 
5.204589e-04 
5.204589e-04 
5.204589e-04 
5.204589e-04 
5.204589e-04 
5.204589e-04 
5.204589e-04 
5.204589e-04 
5.204589e-04 
5.204589e-04 
5.204589e-04 
5.204589e-04 
5.204589e-04 
5.204589e-04 
5.204589e-04 
5.204589e-04 
5.204589e-04 
5.204589e-04 
5.204589e-04 
5.204589e-04 
5.204589e-04 
5.204589e-04 
5.204589e-04 
5.204589e-04 
5.204589e-04 
5.204589e-04 
5.204589e-04 
5.204589e-04 
5.204589e-04 
5.204589e-04 
5.204589e-04 
5.204589e-04 
5.204589e-04 
5.204589e-04 
5.204589e-04 
5.204589e-04 
5.204589e-04 
5.204589e-04 
5.204589e-04 
5.204589e-04 
5.204589e-04 
5.204589e-04 
5.204589e-04 
5.204589e-04 
5.204589e-04 
5.204589e-04 
5.204589e-04 
5.204589e-04 
5.204589e-04 
5.204589e-04 
5.204589e-04 
5.204589e-04 
5.204589e-04 
5.204589e-04 
5.204589e-04 
5.204589e-04 
5.204589e-04 
5.204589e-04 
5.204589e-04 
5.206988e-04 
5.743155e-04 
6.402257e-04 
7.164025e-04 
7.975509e-04 
8.594428e-04 
9.833978e-04 
1.134018e-03 
1.317154e-03 
1.541863e-03 
1.820681e-03 
2.171186e-03 
2.618131e-03 
3.197038e-03 
3.960087e-03 
4.985937e-03 
6.396683e-03 
8.388283e-03 
1.128765e-02 
1.566520e-02 
2.256934e-02 
3.404225e-02 
5.429507e-02 
9.222101e-02 
1.642665e-01 
2.842829e-01 
4.349509e-01 
5.874390e-01 
7.292385e-01 
8.533635e-01 
9.482605e-01 
9.542477e-01 
9.542477e-01 
9.542477e-01 
9.542477e-01 
9.542477e-01 
9.542477e-01 
9.542477e-01 
9.542477e-01 
9.542477e-01 
9.542477e-01 
9.542477e-01 
9.542477e-01 
9.542477e-01 
9.542477e-01 
9.542477e-01 
9.542477e-01 
9.542477e-01 
9.542477e-01 
9.542477e-01 
9.542477e-01 
9.542477e-01 
9.542477e-01 
9.542477e-01 
9.542477e-01 
9.542477e-01 
9.542477e-01 
9.542477e-01 
9.542477e-01 
9.542477e-01 
9.542477e-01 
9.542477e-01 
9.542477e-01 
9.542477e-01 
9.542477e-01 
9.542477e-01 
9.542477e-01 
9.542477e-01 
9.542477e-01 
9.542477e-01 
9.542477e-01 
9.542477e-01 
9.542477e-01 
9.542477e-01 
9.542477e-01 
9.542477e-01 
9.542477e-01 
9.542477e-01 
9.542477e-01 
9.542477e-01 
9.542477e-01 
9.542477e-01 
9.542477e-01 
9.542477e-01 
9.542477e-01 
9.542477e-01 
9.542477e-01 
9.542477e-01 
9.542477e-01 
9.542477e-01 
9.542477e-01 
9.542477e-01 
9.542477e-01 
9.542477e-01 
9.542476e-01 
9.542471e-01 
9.542466e-01 
9.542460e-01 
9.542453e-01 
9.542444e-01 
9.542435e-01 
9.542424e-01 
9.542414e-01 
9.542404e-01 
9.542395e-01 
9.542388e-01 
9.542381e-01 
9.542375e-01 
9.542370e-01 
9.542366e-01 
9.542361e-01 
9.542358e-01 
9.542355e-01 
9.542352e-01 
9.542349e-01 
9.542346e-01 
9.542344e-01 
9.542342e-01 
9.542340e-01 
9.542338e-01 
9.542337e-01 
9.542335e-01 
9.542334e-01 
9.542332e-01 
9.542331e-01 
9.542331e-01 
9.542331e-01 
9.542331e-01 
9.542331e-01 
9.542331e-01 
9.542331e-01 
9.542331e-01 
9.542331e-01 
9.542331e-01 
9.542331e-01 
9.542331e-01 
9.542331e-01 
9.542331e-01 
9.542331e-01 
9.542331e-01 
9.542331e-01 
9.542331e-01 
9.542331e-01 
9.542331e-01 
9.542331e-01 
9.542331e-01 
9.542331e-01 
9.542331e-01 
9.542331e-01 
9.542331e-01 
9.542331e-01 
9.542331e-01 
9.542331e-01 
9.542331e-01 
9.542331e-01 
9.542331e-01 
9.542331e-01 
9.542331e-01 
9.542331e-01 
9.542331e-01 
9.542331e-01 
9.542331e-01 
9.542331e-01 
9.542331e-01 
9.542331e-01 
9.542331e-01 
9.542331e-01 
9.542331e-01 
9.542331e-01 
9.542331e-01 
9.542331e-01 
9.542331e-01 
9.542331e-01 
9.542331e-01 
9.542331e-01 
9.542331e-01 
9.542331e-01 
9.542331e-01 
9.542331e-01 
9.542331e-01 
9.542331e-01 
9.542331e-01 
9.542331e-01 
9.542331e-01 
9.542331e-01 
9.542331e-01 
9.542331e-01 
9.516542e-01 
8.599445e-01 
7.381271e-01 
5.964572e-01 
4.331978e-01 
2.343490e-01 
4.159880e-02 
1.601615e-03 
4.411002e-04 
2.428319e-04 
1.502594e-04 
9.992405e-05 
6.994546e-05 
5.090853e-05 
3.821970e-05 
2.943200e-05 
2.315292e-05 
1.854777e-05 
1.509474e-05 
1.245625e-05 
1.040835e-05 
8.802309e-06 
7.552599e-06 
6.698231e-06 
7.012016e-06 
6.995660e-06 
5.677888e-06 
4.911683e-06 
4.508084e-06 
4.456141e-06 
4.665321e-06 
4.744164e-06 
4.744164e-06 
4.744164e-06 
4.744164e-06 
4.744164e-06 
4.744164e-06 
4.744164e-06 
4.744164e-06 
4.744164e-06 
4.744164e-06 
4.744164e-06 
4.744164e-06 
4.744164e-06 
4.744164e-06 
4.744164e-06 
4.744164e-06 
4.744164e-06 
4.744164e-06 
4.744164e-06 
4.744164e-06 
4.744164e-06 
4.744164e-06 
4.744164e-06 
4.744164e-06 
4.744164e-06 
4.744164e-06 
4.744164e-06 
4.744164e-06 
4.744164e-06 
4.744164e-06 
4.744164e-06 
4.744164e-06 
4.744164e-06 
4.744164e-06 
4.744164e-06 
4.744164e-06 
4.744164e-06 
4.744164e-06 
4.744164e-06 
4.744164e-06 
4.744164e-06 
4.744164e-06 
4.744164e-06 
4.744164e-06 
4.744164e-06 
4.744164e-06 
4.744164e-06 
4.744164e-06 
4.744164e-06 
4.744164e-06 
4.744164e-06 
4.744164e-06 
4.744164e-06 
4.744164e-06 
4.744164e-06 
4.744164e-06 
4.744164e-06 
4.744164e-06 
4.744164e-06 
4.744164e-06 
4.744164e-06 
4.744164e-06 
4.744164e-06 
4.805170e-06 
4.984283e-06 
5.186251e-06 
5.415210e-06 
5.676541e-06 
5.976971e-06 
6.324968e-06 
6.730593e-06 
7.205444e-06 
7.765778e-06 
8.434111e-06 
9.240317e-06 
1.022468e-05 
1.144278e-05 
1.297317e-05 
0.000000e+00 
0.000000e+00 
0.000000e+00 
0.000000e+00 
0.000000e+00 
0.000000e+00 
0.000000e+00 
0.000000e+00
#[#TRACE_DATA]
#[#TRACE]
