#[TRACE]
#data_labels=Output
#[TRACE_DATA]
4.888145e-04 
9.363838e-01 
9.542487e-01 
9.542487e-01 
9.542487e-01 
9.542486e-01 
9.542369e-01 
9.542332e-01 
9.542332e-01 
9.542332e-01 
9.542332e-01 
5.810394e-01 
2.144854e-05 
3.176845e-06 
3.203727e-06 
3.203727e-06 
3.203727e-06 
3.992607e-06 
3.193480e-05 
5.385263e-04 
5.387000e-04 
5.387000e-04 
5.387000e-04 
1.337952e-03 
1.155189e-01 
9.542487e-01 
9.542487e-01 
9.542487e-01 
9.542487e-01 
9.542413e-01 
9.542339e-01 
9.542332e-01 
9.542332e-01 
9.542332e-01 
9.542332e-01 
2.109738e-03 
9.795981e-06 
1.603100e-05 
1.603099e-05 
1.603099e-05 
1.603137e-05 
1.991042e-05 
-4.003685e-04 
-4.816531e-04 
-4.816531e-04 
-4.816531e-04 
-5.849772e-04 
-9.981824e-03 
-9.542092e-01 
-9.542486e-01 
-9.542486e-01 
-9.542486e-01 
-9.542461e-01 
-9.542345e-01 
-9.542328e-01 
-9.542328e-01 
-9.542328e-01 
-9.542328e-01 
-1.425648e-01 
9.320341e-06 
1.603248e-05 
1.603099e-05 
1.603099e-05 
1.603099e-05 
1.778195e-05 
-1.307669e-05 
-4.816482e-04 
-4.816531e-04 
-4.816531e-04 
-4.816531e-04 
-2.479845e-03 
-7.662526e-01 
-9.542486e-01 
-9.542486e-01 
-9.542486e-01 
-9.542486e-01 
-9.542364e-01 
-9.542329e-01 
-9.542328e-01 
-9.542328e-01 
-9.542328e-01 
-7.910251e-01 
-1.408678e-05 
1.563549e-05 
1.603099e-05 
1.603099e-05 
1.603099e-05 
1.637648e-05 
2.094760e-05 
-4.792524e-04 
-4.816531e-04 
-4.816531e-04 
-4.816531e-04 
-9.611656e-04 
-4.554253e-02 
-9.542485e-01 
-9.542486e-01 
-9.542486e-01 
-9.542486e-01 
-9.542413e-01 
-9.542337e-01 
-9.542328e-01 
-9.542328e-01 
-9.542328e-01 
-9.542328e-01 
-9.034673e-03 
8.038073e-06 
1.603105e-05 
1.603099e-05 
1.603099e-05 
1.603099e-05 
1.920396e-05 
-2.601003e-04 
-4.816531e-04 
-4.816531e-04 
-4.816531e-04 
-5.034728e-04 
-6.112783e-03 
-9.536888e-01 
-9.542486e-01 
-9.542486e-01 
-9.542486e-01 
-9.542475e-01 
-9.542350e-01 
-9.542328e-01 
-9.542328e-01 
-9.542328e-01 
-9.542328e-01 
-3.067700e-01 
1.128039e-05 
1.603325e-05 
1.603099e-05 
1.603099e-05 
1.603099e-05 
1.728128e-05 
1.126459e-05 
-4.816187e-04 
-4.816531e-04 
-4.816531e-04 
-4.816531e-04 
-1.798959e-03 
-4.222663e-01 
-9.542486e-01 
-9.542486e-01 
-9.542486e-01 
-9.542486e-01 
-9.542373e-01 
-9.542331e-01 
-9.542328e-01 
-9.542328e-01 
-9.542328e-01 
-9.420749e-01 
-1.931904e-04 
1.415140e-05 
1.603099e-05 
1.603099e-05 
1.603099e-05 
1.612892e-05 
2.074387e-05 
-4.689464e-04 
-4.816531e-04 
-4.816531e-04 
-4.816531e-04 
-7.624364e-04 
-2.168661e-02 
-9.542473e-01 
-9.542486e-01 
-9.542486e-01 
-9.542486e-01 
-9.542436e-01 
-9.542340e-01 
-9.542328e-01 
-9.542328e-01 
-9.542328e-01 
-9.542328e-01 
-3.476024e-02 
3.797837e-06 
3.203846e-06 
3.203727e-06 
3.203727e-06 
3.203727e-06 
6.941550e-06 
2.606080e-04 
5.386999e-04 
5.387000e-04 
5.387000e-04 
5.387000e-04 
4.123489e-03 
9.462959e-01 
9.542487e-01 
9.542487e-01 
9.542487e-01 
9.542485e-01 
9.542366e-01 
9.542332e-01 
9.542332e-01 
9.542332e-01 
9.542332e-01 
5.149731e-01 
1.910722e-05 
1.601104e-05 
1.603099e-05 
1.603099e-05 
1.603099e-05 
1.684571e-05 
1.887490e-05 
-4.814251e-04 
-4.816531e-04 
-4.816531e-04 
-4.816531e-04 
-1.347002e-03 
-1.557032e-01 
-9.542486e-01 
-9.542486e-01 
-9.542486e-01 
-9.542486e-01 
-9.542387e-01 
-9.542333e-01 
-9.542328e-01 
-9.542328e-01 
-9.542328e-01 
-9.542328e-01 
-1.182186e-03 
8.539073e-07 
3.203730e-06 
3.203727e-06 
3.203727e-06 
3.208226e-06 
1.156198e-05 
5.082436e-04 
5.387000e-04 
5.387000e-04 
5.387000e-04 
6.914210e-04 
1.208683e-02 
9.542312e-01 
9.542487e-01 
9.542487e-01 
9.542487e-01 
9.542463e-01 
9.542351e-01 
9.542332e-01 
9.542332e-01 
9.542332e-01 
9.542332e-01 
1.073396e-01 
8.925400e-06 
1.603205e-05 
1.603099e-05 
1.603099e-05 
1.603099e-05 
1.794836e-05 
-2.727911e-05 
-4.816504e-04 
-4.816531e-04 
-4.816531e-04 
-4.816531e-04 
-2.754629e-03 
-8.453228e-01 
-9.542486e-01 
-9.542486e-01 
-9.542486e-01 
-9.542486e-01 
-9.542361e-01 
-9.542329e-01 
-9.542328e-01 
-9.542328e-01 
-9.542328e-01 
-7.294814e-01 
-1.301243e-07 
1.580872e-05 
1.603099e-05 
1.603099e-05 
1.603099e-05 
1.647450e-05 
2.081538e-05 
-4.802473e-04 
-4.816531e-04 
-4.816531e-04 
-4.816531e-04 
-1.036148e-03 
-5.901908e-02 
-9.542485e-01 
-9.542486e-01 
-9.542486e-01 
-9.542486e-01 
-9.542406e-01 
-9.542336e-01 
-9.542328e-01 
-9.542328e-01 
-9.542328e-01 
-9.542328e-01 
-5.768712e-03 
8.314520e-06 
1.603102e-05 
1.603099e-05 
1.603099e-05 
1.603099e-05 
1.941678e-05 
-3.099160e-04 
-4.816531e-04 
-4.816531e-04 
-4.816531e-04 
-5.227219e-04 
-7.042763e-03 
-9.539994e-01 
-9.542486e-01 
-9.542486e-01 
-9.542486e-01 
-9.542471e-01 
-9.542348e-01 
-9.542328e-01 
-9.542328e-01 
-9.542328e-01 
-9.542328e-01 
-2.501039e-01 
1.064025e-05 
1.603346e-05 
1.603099e-05 
1.603099e-05 
1.603099e-05 
1.742671e-05 
6.463686e-06 
-4.816339e-04 
-4.816531e-04 
-4.816531e-04 
-4.816531e-04 
-1.976668e-03 
-5.337325e-01 
-9.542486e-01 
-9.542486e-01 
-9.542486e-01 
-9.542486e-01 
-9.542370e-01 
-9.542330e-01 
-9.542328e-01 
-9.542328e-01 
-9.542328e-01 
-9.090970e-01 
-1.024997e-04 
1.479917e-05 
1.603099e-05 
1.603099e-05 
1.603099e-05 
1.618989e-05 
2.087520e-05 
-4.738769e-04 
-4.816531e-04 
-4.816531e-04 
-4.816531e-04 
-8.162544e-04 
-2.675874e-02 
-9.542480e-01 
-9.542486e-01 
-9.542486e-01 
-9.542486e-01 
-9.542429e-01 
-9.542339e-01 
-9.542328e-01 
-9.542328e-01 
-9.542328e-01 
-9.542328e-01 
-2.355341e-02 
7.855250e-06 
1.603116e-05 
1.603099e-05 
1.603099e-05 
1.603099e-05 
1.873670e-05 
-1.507551e-04 
-4.816529e-04 
-4.816531e-04 
-4.816531e-04 
-4.819483e-04 
-4.523997e-03 
-9.507022e-01 
-9.542486e-01 
-9.542486e-01 
-9.542486e-01 
-9.542482e-01 
-9.542353e-01 
-9.542328e-01 
-9.542328e-01 
-9.542328e-01 
-9.542328e-01 
-4.493142e-01 
1.239653e-05 
1.602457e-05 
1.603099e-05 
1.603099e-05 
1.603099e-05 
1.697183e-05 
1.745778e-05 
-4.815241e-04 
-4.816531e-04 
-4.816531e-04 
-4.816531e-04 
-1.466706e-03 
-2.145242e-01 
-9.542486e-01 
-9.542486e-01 
-9.542486e-01 
-9.542486e-01 
-9.542382e-01 
-9.542333e-01 
-9.542328e-01 
-9.542328e-01 
-9.542328e-01 
-9.542328e-01 
-6.994926e-04 
1.195339e-05 
1.603099e-05 
1.603099e-05 
1.603099e-05 
1.604761e-05 
2.033165e-05 
-4.454336e-04 
-4.816531e-04 
-4.816531e-04 
-4.816531e-04 
-6.579774e-04 
-1.402500e-02 
-9.542408e-01 
-9.542486e-01 
-9.542486e-01 
-9.542486e-01 
-9.542451e-01 
-9.542343e-01 
-9.542328e-01 
-9.542328e-01 
-9.542328e-01 
-9.542328e-01 
-7.788374e-02 
8.473301e-06 
1.603171e-05 
1.603099e-05 
1.603099e-05 
1.603099e-05 
1.812147e-05 
-4.624514e-05 
-4.816516e-04 
-4.816531e-04 
-4.816531e-04 
-4.816531e-04 
-3.071464e-03 
-9.037827e-01 
-9.542486e-01 
-9.542486e-01 
-9.542486e-01 
-9.542485e-01 
-9.542359e-01 
-9.542329e-01 
-9.542328e-01 
-9.542328e-01 
-9.542328e-01 
-6.652242e-01 
7.171628e-06 
1.591292e-05 
1.603099e-05 
1.603099e-05 
1.603099e-05 
1.658021e-05 
2.052344e-05 
-4.808379e-04 
-4.816531e-04 
-4.816531e-04 
-4.816531e-04 
-1.119443e-03 
-7.783208e-02 
-9.542485e-01 
-9.542486e-01 
-9.542486e-01 
-9.542486e-01 
-9.542400e-01 
-9.542335e-01 
-9.542328e-01 
-9.542328e-01 
-9.542328e-01 
-9.542328e-01 
-3.623251e-03 
8.804875e-06 
1.603101e-05 
1.603099e-05 
1.603099e-05 
1.603099e-05 
1.963265e-05 
-3.546030e-04 
-4.816531e-04 
-4.816531e-04 
-4.816531e-04 
-5.470847e-04 
-8.168079e-03 
-9.541377e-01 
-9.542486e-01 
-9.542486e-01 
-9.542486e-01 
-9.542467e-01 
-9.542347e-01 
-9.542328e-01 
-9.542328e-01 
-9.542328e-01 
-9.542328e-01 
-1.988082e-01 
1.002447e-05 
1.603311e-05 
1.603099e-05 
1.603099e-05 
1.603099e-05 
1.757834e-05 
-3.256345e-07 
-4.816425e-04 
-4.816531e-04 
-4.816531e-04 
-4.816531e-04 
-2.178661e-03 
-6.427828e-01 
-9.542486e-01 
-9.542486e-01 
-9.542486e-01 
-9.542486e-01 
-9.542367e-01 
-9.542330e-01 
-9.542328e-01 
-9.542328e-01 
-9.542328e-01 
-8.626728e-01 
-4.979648e-05 
1.526012e-05 
1.603099e-05 
1.603099e-05 
1.603099e-05 
1.626443e-05 
2.095547e-05 
-4.769684e-04 
-4.816531e-04 
-4.816531e-04 
-4.816531e-04 
-8.756980e-04 
-3.346267e-02 
-9.542483e-01 
-9.542486e-01 
-9.542486e-01 
-9.542486e-01 
-9.542422e-01 
-9.542338e-01 
-9.542328e-01 
-9.542328e-01 
-9.542328e-01 
-9.542328e-01 
-1.566261e-02 
2.440161e-06 
3.203774e-06 
3.203727e-06 
3.203727e-06 
3.203727e-06 
7.824782e-06 
3.451891e-04 
5.387000e-04 
5.387000e-04 
5.387000e-04 
5.449945e-04 
5.295974e-03 
9.526732e-01 
9.542487e-01 
9.542487e-01 
9.542487e-01 
9.542481e-01 
9.542362e-01 
9.542332e-01 
9.542332e-01 
9.542332e-01 
9.542332e-01 
3.854059e-01 
1.411925e-05 
1.603068e-05 
1.603099e-05 
1.603099e-05 
1.603099e-05 
1.710373e-05 
1.536755e-05 
-4.815805e-04 
-4.816531e-04 
-4.816531e-04 
-4.816531e-04 
-1.601217e-03 
-2.936343e-01 
-9.542486e-01 
-9.542486e-01 
-9.542486e-01 
-9.542486e-01 
-9.542378e-01 
-9.542332e-01 
-9.542328e-01 
-9.542328e-01 
-9.542328e-01 
-9.542328e-01 
-4.086108e-04 
1.759299e-06 
3.203728e-06 
3.203727e-06 
3.203727e-06 
3.247525e-06 
1.365007e-05 
5.265053e-04 
5.387000e-04 
5.387000e-04 
5.387000e-04 
7.804346e-04 
1.727531e-02 
9.542452e-01 
9.542487e-01 
9.542487e-01 
9.542487e-01 
9.542454e-01 
9.542348e-01 
9.542332e-01 
9.542332e-01 
9.542332e-01 
9.542332e-01 
5.603510e-02 
8.198462e-06 
3.203374e-06 
3.203727e-06 
3.203727e-06 
3.203727e-06 
6.457180e-06 
2.098175e-04 
5.386925e-04 
5.386928e-04 
5.386928e-04 
5.386928e-04 
3.547189e-03 
9.318120e-01 
9.542487e-01 
9.542487e-01 
9.542487e-01 
9.542486e-01 
9.542370e-01 
9.542332e-01 
9.542332e-01 
9.542332e-01 
9.542332e-01 
5.996163e-01 
2.503775e-05 
3.277013e-06 
3.203727e-06 
3.203727e-06 
3.203727e-06 
3.950881e-06 
3.076815e-05 
5.384879e-04 
5.386928e-04 
5.386928e-04 
5.386928e-04 
1.305932e-03 
1.060853e-01 
9.542487e-01 
9.542487e-01 
9.542487e-01 
9.542487e-01 
9.542414e-01 
9.542339e-01 
9.542332e-01 
9.542332e-01 
9.542332e-01 
9.542332e-01 
2.407378e-03 
8.131879e-06 
3.203717e-06 
3.203727e-06 
3.203727e-06 
3.203869e-06 
1.047630e-05 
4.870228e-04 
5.386928e-04 
5.386928e-04 
5.386928e-04 
6.436546e-04 
9.797897e-03 
9.541994e-01 
9.542487e-01 
9.542487e-01 
9.542487e-01 
9.542468e-01 
9.542353e-01 
9.542332e-01 
9.542332e-01 
9.542332e-01 
9.542332e-01 
1.545246e-01 
9.619987e-06 
3.202763e-06 
3.203727e-06 
3.203727e-06 
3.203727e-06 
5.450648e-06 
1.106691e-04 
5.386907e-04 
5.386928e-04 
5.386928e-04 
5.386928e-04 
2.495547e-03 
7.416102e-01 
9.542487e-01 
9.542487e-01 
9.542487e-01 
9.542487e-01 
9.542380e-01 
9.542333e-01 
9.542332e-01 
9.542332e-01 
9.542332e-01 
8.076042e-01 
7.193877e-05 
1.557009e-05 
1.603099e-05 
1.603099e-05 
1.603099e-05 
1.635048e-05 
2.096265e-05 
-4.788688e-04 
-4.816531e-04 
-4.816531e-04 
-4.816531e-04 
-9.414365e-04 
-4.246858e-02 
-9.542484e-01 
-9.542486e-01 
-9.542486e-01 
-9.542486e-01 
-9.542415e-01 
-9.542337e-01 
-9.542328e-01 
-9.542328e-01 
-9.542328e-01 
-9.542328e-01 
-1.021862e-02 
7.986478e-06 
1.603106e-05 
1.603099e-05 
1.603099e-05 
1.603099e-05 
1.914486e-05 
-2.457520e-04 
-4.816531e-04 
-4.816531e-04 
-4.816531e-04 
-4.990626e-04 
-5.880668e-03 
-9.535460e-01 
-9.542486e-01 
-9.542486e-01 
-9.542486e-01 
-9.542476e-01 
-9.542350e-01 
-9.542328e-01 
-9.542328e-01 
-9.542328e-01 
-9.542328e-01 
-3.235013e-01 
1.145734e-05 
1.603298e-05 
1.603099e-05 
1.603099e-05 
1.603099e-05 
1.724147e-05 
1.233520e-05 
-4.816125e-04 
-4.816531e-04 
-4.816531e-04 
-4.816531e-04 
-1.752856e-03 
-3.920135e-01 
-9.542486e-01 
-9.542486e-01 
-9.542486e-01 
-9.542486e-01 
-9.542374e-01 
-9.542331e-01 
-9.542328e-01 
-9.542328e-01 
-9.542328e-01 
-9.479950e-01 
-2.286156e-04 
1.393240e-05 
1.603099e-05 
1.603099e-05 
1.603099e-05 
1.611449e-05 
2.070004e-05 
-4.671070e-04 
-4.816531e-04 
-4.816531e-04 
-4.816531e-04 
-7.482350e-04 
-2.048765e-02 
-9.542470e-01 
-9.542486e-01 
-9.542486e-01 
-9.542486e-01 
-9.542438e-01 
-9.542341e-01 
-9.542328e-01 
-9.542328e-01 
-9.542328e-01 
-9.542328e-01 
-3.862698e-02 
7.975738e-06 
1.603130e-05 
1.603099e-05 
1.603099e-05 
1.603099e-05 
1.848796e-05 
-1.017222e-04 
-4.816527e-04 
-4.816531e-04 
-4.816531e-04 
-4.816531e-04 
-3.866395e-03 
-9.442420e-01 
-9.542486e-01 
-9.542486e-01 
-9.542486e-01 
-9.542484e-01 
-9.542355e-01 
-9.542328e-01 
-9.542328e-01 
-9.542328e-01 
-9.542328e-01 
-5.334477e-01 
1.212573e-05 
1.600514e-05 
1.603099e-05 
1.603099e-05 
1.603099e-05 
1.681129e-05 
1.918008e-05 
-4.813858e-04 
-4.816531e-04 
-4.816531e-04 
-4.816531e-04 
-1.315728e-03 
-1.424036e-01 
-9.542485e-01 
-9.542486e-01 
-9.542486e-01 
-9.542486e-01 
-9.542388e-01 
-9.542334e-01 
-9.542328e-01 
-9.542328e-01 
-9.542328e-01 
-9.542328e-01 
-1.360463e-03 
1.051590e-05 
1.603100e-05 
1.603099e-05 
1.603099e-05 
1.603346e-05 
2.006477e-05 
-4.199957e-04 
-4.816531e-04 
-4.816531e-04 
-4.816531e-04 
-6.092946e-04 
-1.123407e-02 
-9.542266e-01 
-9.542486e-01 
-9.542486e-01 
-9.542486e-01 
-9.542458e-01 
-9.542344e-01 
-9.542328e-01 
-9.542328e-01 
-9.542328e-01 
-9.542328e-01 
-1.160828e-01 
8.978150e-06 
1.603216e-05 
1.603099e-05 
1.603099e-05 
1.603099e-05 
1.790088e-05 
-2.284412e-05 
-4.816499e-04 
-4.816531e-04 
-4.816531e-04 
-4.816531e-04 
-2.673409e-03 
-8.247318e-01 
-9.542486e-01 
-9.542486e-01 
-9.542486e-01 
-9.542486e-01 
-9.542362e-01 
-9.542329e-01 
-9.542328e-01 
-9.542328e-01 
-9.542328e-01 
-7.471365e-01 
-3.218356e-06 
1.576824e-05 
1.603099e-05 
1.603099e-05 
1.603099e-05 
1.644610e-05 
2.086645e-05 
-4.800177e-04 
-4.816531e-04 
-4.816531e-04 
-4.816531e-04 
-1.014264e-03 
-5.477430e-02 
-9.542485e-01 
-9.542486e-01 
-9.542486e-01 
-9.542486e-01 
-9.542408e-01 
-9.542336e-01 
-9.542328e-01 
-9.542328e-01 
-9.542328e-01 
-9.542328e-01 
-6.560630e-03 
1.123652e-06 
3.203745e-06 
3.203727e-06 
3.203727e-06 
3.203727e-06 
8.909422e-06 
4.238770e-04 
5.387000e-04 
5.387000e-04 
5.387000e-04 
5.779013e-04 
6.955087e-03 
9.539366e-01 
9.542487e-01 
9.542487e-01 
9.542487e-01 
9.542476e-01 
9.542357e-01 
9.542332e-01 
9.542332e-01 
9.542332e-01 
9.542332e-01 
2.659782e-01 
1.144643e-05 
1.603348e-05 
1.603099e-05 
1.603099e-05 
1.603099e-05 
1.738519e-05 
7.988492e-06 
-4.816305e-04 
-4.816531e-04 
-4.816531e-04 
-4.816531e-04 
-1.924395e-03 
-5.021655e-01 
-9.542486e-01 
-9.542486e-01 
-9.542486e-01 
-9.542486e-01 
-9.542371e-01 
-9.542331e-01 
-9.542328e-01 
-9.542328e-01 
-9.542328e-01 
-9.199809e-01 
-1.257138e-04 
2.510873e-06 
3.203728e-06 
3.203727e-06 
3.203727e-06 
3.349363e-06 
1.639436e-05 
5.342209e-04 
5.387000e-04 
5.387000e-04 
5.387000e-04 
8.882240e-04 
2.576637e-02 
9.542480e-01 
9.542487e-01 
9.542487e-01 
9.542487e-01 
9.542445e-01 
9.542345e-01 
9.542332e-01 
9.542332e-01 
9.542332e-01 
9.542332e-01 
2.677017e-02 
7.873668e-06 
1.603118e-05 
1.603099e-05 
1.603099e-05 
1.603099e-05 
1.868119e-05 
-1.390962e-04 
-4.816529e-04 
-4.816531e-04 
-4.816531e-04 
-4.816531e-04 
-4.367648e-03 
-9.497943e-01 
-9.542486e-01 
-9.542486e-01 
-9.542486e-01 
-9.542482e-01 
-9.542354e-01 
-9.542328e-01 
-9.542328e-01 
-9.542328e-01 
-9.542328e-01 
-4.676511e-01 
1.243074e-05 
1.602172e-05 
1.603099e-05 
1.603099e-05 
1.603099e-05 
1.693578e-05 
1.791487e-05 
-4.815016e-04 
-4.816531e-04 
-4.816531e-04 
-4.816531e-04 
-1.431632e-03 
-1.960249e-01 
-9.542486e-01 
-9.542486e-01 
-9.542486e-01 
-9.542486e-01 
-9.542383e-01 
-9.542333e-01 
-9.542328e-01 
-9.542328e-01 
-9.542328e-01 
-9.542328e-01 
-8.117729e-04 
1.163526e-05 
1.603100e-05 
1.603099e-05 
1.603099e-05 
1.604293e-05 
2.027438e-05 
-4.407842e-04 
-4.816531e-04 
-4.816531e-04 
-4.816531e-04 
-6.467012e-04 
-1.334092e-02 
-9.542388e-01 
-9.542486e-01 
-9.542486e-01 
-9.542486e-01 
-9.542452e-01 
-9.542343e-01 
-9.542328e-01 
-9.542328e-01 
-9.542328e-01 
-9.542328e-01 
-8.531324e-02 
8.572147e-06 
1.603180e-05 
1.603099e-05 
1.603099e-05 
1.603099e-05 
1.807209e-05 
-4.037556e-05 
-4.816513e-04 
-4.816531e-04 
-4.816531e-04 
-4.816531e-04 
-2.977655e-03 
-8.908787e-01 
-9.542486e-01 
-9.542486e-01 
-9.542486e-01 
-9.542485e-01 
-9.542360e-01 
-9.542329e-01 
-9.542328e-01 
-9.542328e-01 
-9.542328e-01 
-6.834864e-01 
5.596558e-06 
1.588903e-05 
1.603099e-05 
1.603099e-05 
1.603099e-05 
1.654977e-05 
2.062499e-05 
-4.807023e-04 
-4.816531e-04 
-4.816531e-04 
-4.816531e-04 
-1.095113e-03 
-7.187543e-02 
-9.542485e-01 
-9.542486e-01 
-9.542486e-01 
-9.542486e-01 
-9.542402e-01 
-9.542336e-01 
-9.542328e-01 
-9.542328e-01 
-9.542328e-01 
-9.542328e-01 
-4.136389e-03 
8.640728e-06 
1.603101e-05 
1.603099e-05 
1.603099e-05 
1.603099e-05 
1.957173e-05 
-3.427494e-04 
-4.816531e-04 
-4.816531e-04 
-4.816531e-04 
-5.397468e-04 
-7.829049e-03 
-9.541094e-01 
-9.542486e-01 
-9.542486e-01 
-9.542486e-01 
-9.542469e-01 
-9.542347e-01 
-9.542328e-01 
-9.542328e-01 
-9.542328e-01 
-9.542328e-01 
-2.126250e-01 
1.019296e-05 
1.603323e-05 
1.603099e-05 
1.603099e-05 
1.603099e-05 
1.753505e-05 
1.822758e-06 
-4.816406e-04 
-4.816531e-04 
-4.816531e-04 
-4.816531e-04 
-2.119164e-03 
-6.129179e-01 
-9.542486e-01 
-9.542486e-01 
-9.542486e-01 
-9.542486e-01 
-9.542368e-01 
-9.542330e-01 
-9.542328e-01 
-9.542328e-01 
-9.542328e-01 
-8.767738e-01 
-6.179822e-05 
1.514747e-05 
1.603099e-05 
1.603099e-05 
1.603099e-05 
1.624222e-05 
2.093920e-05 
-4.762414e-04 
-4.816531e-04 
-4.816531e-04 
-4.816531e-04 
-8.583740e-04 
-3.137833e-02 
-9.542482e-01 
-9.542486e-01 
-9.542486e-01 
-9.542486e-01 
-9.542424e-01 
-9.542339e-01 
-9.542328e-01 
-9.542328e-01 
-9.542328e-01 
-9.542328e-01 
-1.759506e-02 
7.857302e-06 
1.603111e-05 
1.603099e-05 
1.603099e-05 
1.603099e-05 
1.888075e-05 
-1.826879e-04 
-4.816530e-04 
-4.816531e-04 
-4.816531e-04 
-4.851211e-04 
-4.958633e-03 
-9.522660e-01 
-9.542486e-01 
-9.542486e-01 
-9.542486e-01 
-9.542480e-01 
-9.542352e-01 
-9.542328e-01 
-9.542328e-01 
-9.542328e-01 
-9.542328e-01 
-4.030104e-01 
1.216261e-05 
1.602947e-05 
1.603099e-05 
1.603099e-05 
1.603099e-05 
1.706604e-05 
1.603739e-05 
-4.815678e-04 
-4.816531e-04 
-4.816531e-04 
-4.816531e-04 
-1.561761e-03 
-2.692755e-01 
-9.542486e-01 
-9.542486e-01 
-9.542486e-01 
-9.542486e-01 
-9.542379e-01 
-9.542332e-01 
-9.542328e-01 
-9.542328e-01 
-9.542328e-01 
-9.542328e-01 
-4.742144e-04 
1.273693e-05 
1.603099e-05 
1.603099e-05 
1.603099e-05 
1.606454e-05 
2.047312e-05 
-4.552847e-04 
-4.816531e-04 
-4.816531e-04 
-4.816531e-04 
-6.883357e-04 
-1.599317e-02 
-9.542442e-01 
-9.542486e-01 
-9.542486e-01 
-9.542486e-01 
-9.542446e-01 
-9.542342e-01 
-9.542328e-01 
-9.542328e-01 
-9.542328e-01 
-9.542328e-01 
-6.117543e-02 
8.252407e-06 
1.603153e-05 
1.603099e-05 
1.603099e-05 
1.603099e-05 
1.825006e-05 
-6.331686e-05 
-4.816521e-04 
-4.816531e-04 
-4.816531e-04 
-4.816531e-04 
-3.329719e-03 
-9.260202e-01 
-9.542486e-01 
-9.542486e-01 
-9.542486e-01 
-9.542485e-01 
-9.542358e-01 
-9.542329e-01 
-9.542328e-01 
-9.542328e-01 
-9.542328e-01 
-6.181175e-01 
9.972799e-06 
1.595923e-05 
1.603099e-05 
1.603099e-05 
1.603099e-05 
1.666040e-05 
2.018017e-05 
-4.811053e-04 
-4.816531e-04 
-4.816531e-04 
-4.816531e-04 
-1.185075e-03 
-9.599857e-02 
-9.542485e-01 
-9.542486e-01 
-9.542486e-01 
-9.542486e-01 
-9.542395e-01 
-9.542335e-01 
-9.542328e-01 
-9.542328e-01 
-9.542328e-01 
-9.542328e-01 
-2.571766e-03 
5.051490e-07 
3.203734e-06 
3.203727e-06 
3.203727e-06 
3.203756e-06 
1.026100e-05 
4.810852e-04 
5.387000e-04 
5.387000e-04 
5.387000e-04 
6.341745e-04 
9.373818e-03 
9.541869e-01 
9.542487e-01 
9.542487e-01 
9.542487e-01 
9.542469e-01 
9.542354e-01 
9.542332e-01 
9.542332e-01 
9.542332e-01 
9.542332e-01 
1.664394e-01 
9.799800e-06 
1.603276e-05 
1.603099e-05 
1.603099e-05 
1.603099e-05 
1.769124e-05 
-6.822560e-06 
-4.816462e-04 
-4.816531e-04 
-4.816531e-04 
-4.816531e-04 
-2.341185e-03 
-7.148674e-01 
-9.542486e-01 
-9.542486e-01 
-9.542486e-01 
-9.542486e-01 
-9.542365e-01 
-9.542329e-01 
-9.542328e-01 
-9.542328e-01 
-9.542328e-01 
-8.237501e-01 
-2.874078e-05 
2.929787e-06 
3.203727e-06 
3.203727e-06 
3.203727e-06 
3.516562e-06 
2.009375e-05 
5.371592e-04 
5.387000e-04 
5.387000e-04 
5.387000e-04 
1.017447e-03 
4.047801e-02 
9.542486e-01 
9.542487e-01 
9.542487e-01 
9.542487e-01 
9.542434e-01 
9.542343e-01 
9.542332e-01 
9.542332e-01 
9.542332e-01 
9.542332e-01 
1.186203e-02 
7.927727e-06 
3.203667e-06 
3.203727e-06 
3.203727e-06 
3.203727e-06 
8.186373e-06 
3.750410e-04 
5.386928e-04 
5.386928e-04 
5.386928e-04 
5.537594e-04 
5.823868e-03 
9.533679e-01 
9.542487e-01 
9.542487e-01 
9.542487e-01 
9.542480e-01 
9.542360e-01 
9.542332e-01 
9.542332e-01 
9.542332e-01 
9.542332e-01 
3.408284e-01 
1.298817e-05 
3.205629e-06 
3.203727e-06 
3.203727e-06 
3.203727e-06 
4.632088e-06 
5.645387e-05 
5.386740e-04 
5.386928e-04 
5.386928e-04 
5.386928e-04 
1.790264e-03 
3.647784e-01 
9.542487e-01 
9.542487e-01 
9.542487e-01 
9.542487e-01 
9.542394e-01 
9.542336e-01 
9.542332e-01 
9.542332e-01 
9.542332e-01 
9.520774e-01 
3.554572e-04 
5.331472e-06 
3.203726e-06 
3.203727e-06 
3.203727e-06 
3.276301e-06 
1.454957e-05 
5.301083e-04 
5.386928e-04 
5.386928e-04 
5.386928e-04 
8.167542e-04 
1.983779e-02 
9.542468e-01 
9.542487e-01 
9.542487e-01 
9.542487e-01 
9.542451e-01 
9.542347e-01 
9.542332e-01 
9.542332e-01 
9.542332e-01 
9.542332e-01 
4.338129e-02 
8.035658e-06 
3.203463e-06 
3.203727e-06 
3.203727e-06 
3.203727e-06 
6.720433e-06 
2.377581e-04 
5.386926e-04 
5.386928e-04 
5.386928e-04 
5.386928e-04 
3.855186e-03 
9.417028e-01 
9.542487e-01 
9.542487e-01 
9.542487e-01 
9.542486e-01 
9.542368e-01 
9.542332e-01 
9.542332e-01 
9.542332e-01 
9.542332e-01 
5.521179e-01 
2.132679e-05 
1.599802e-05 
1.603099e-05 
1.603099e-05 
1.603099e-05 
1.677732e-05 
1.945096e-05 
-4.813400e-04 
-4.816531e-04 
-4.816531e-04 
-4.816531e-04 
-1.285430e-03 
-1.303450e-01 
-9.542485e-01 
-9.542486e-01 
-9.542486e-01 
-9.542486e-01 
-9.542390e-01 
-9.542334e-01 
-9.542328e-01 
-9.542328e-01 
-9.542328e-01 
-9.542328e-01 
-1.567829e-03 
1.022115e-05 
1.603100e-05 
1.603099e-05 
1.603099e-05 
1.603231e-05 
2.000462e-05 
-4.128158e-04 
-4.816531e-04 
-4.816531e-04 
-4.816531e-04 
-5.995213e-04 
-1.072085e-02 
-9.542210e-01 
-9.542486e-01 
-9.542486e-01 
-9.542486e-01 
-9.542459e-01 
-9.542345e-01 
-9.542328e-01 
-9.542328e-01 
-9.542328e-01 
-9.542328e-01 
-1.260050e-01 
9.107201e-06 
1.603228e-05 
1.603099e-05 
1.603099e-05 
1.603099e-05 
1.785393e-05 
-1.876502e-05 
-4.816493e-04 
-4.816531e-04 
-4.816531e-04 
-4.816531e-04 
-2.595346e-03 
-8.028384e-01 
-9.542486e-01 
-9.542486e-01 
-9.542486e-01 
-9.542486e-01 
-9.542363e-01 
-9.542329e-01 
-9.542328e-01 
-9.542328e-01 
-9.542328e-01 
-7.645424e-01 
-6.908402e-06 
1.572170e-05 
1.603099e-05 
1.603099e-05 
1.603099e-05 
1.641834e-05 
2.090612e-05 
-4.797510e-04 
-4.816531e-04 
-4.816531e-04 
-4.816531e-04 
-9.930129e-04 
-5.090446e-02 
-9.542485e-01 
-9.542486e-01 
-9.542486e-01 
-9.542486e-01 
-9.542410e-01 
-9.542337e-01 
-9.542328e-01 
-9.542328e-01 
-9.542328e-01 
-9.542328e-01 
-7.439905e-03 
8.138781e-06 
1.603104e-05 
1.603099e-05 
1.603099e-05 
1.603099e-05 
1.929659e-05 
-2.822783e-04 
-4.816531e-04 
-4.816531e-04 
-4.816531e-04 
-5.112282e-04 
-6.498419e-03 
-9.538558e-01 
-9.542486e-01 
-9.542486e-01 
-9.542486e-01 
-9.542474e-01 
-9.542349e-01 
-9.542328e-01 
-9.542328e-01 
-9.542328e-01 
-9.542328e-01 
-2.813983e-01 
1.100042e-05 
1.603345e-05 
1.603099e-05 
1.603099e-05 
1.603099e-05 
1.734415e-05 
9.370366e-06 
-4.816264e-04 
-4.816531e-04 
-4.816531e-04 
-4.816531e-04 
-1.873956e-03 
-4.706317e-01 
-9.542486e-01 
-9.542486e-01 
-9.542486e-01 
-9.542486e-01 
-9.542372e-01 
-9.542331e-01 
-9.542328e-01 
-9.542328e-01 
-9.542328e-01 
-9.296791e-01 
-1.475275e-04 
1.445954e-05 
1.603099e-05 
1.603099e-05 
1.603099e-05 
1.615381e-05 
2.080646e-05 
-4.713780e-04 
-4.816531e-04 
-4.816531e-04 
-4.816531e-04 
-7.853268e-04 
-2.373794e-02 
-9.542477e-01 
-9.542486e-01 
-9.542486e-01 
-9.542486e-01 
-9.542433e-01 
-9.542340e-01 
-9.542328e-01 
-9.542328e-01 
-9.542328e-01 
-9.542328e-01 
-2.938692e-02 
7.888599e-06 
1.603121e-05 
1.603099e-05 
1.603099e-05 
1.603099e-05 
1.862619e-05 
-1.279330e-04 
-4.816528e-04 
-4.816531e-04 
-4.816531e-04 
-4.816531e-04 
-4.218371e-03 
-9.486538e-01 
-9.542486e-01 
-9.542486e-01 
-9.542486e-01 
-9.542483e-01 
-9.542354e-01 
-9.542328e-01 
-9.542328e-01 
-9.542328e-01 
-9.542328e-01 
-4.860784e-01 
1.242103e-05 
1.601820e-05 
1.603099e-05 
1.603099e-05 
1.603099e-05 
1.690018e-05 
1.832394e-05 
-4.814753e-04 
-4.816531e-04 
-4.816531e-04 
-4.816531e-04 
-1.397681e-03 
-1.790984e-01 
-9.542486e-01 
-9.542486e-01 
-9.542486e-01 
-9.542486e-01 
-9.542385e-01 
-9.542333e-01 
-9.542328e-01 
-9.542328e-01 
-9.542328e-01 
-9.542328e-01 
-9.437158e-04 
1.035963e-06 
3.203729e-06 
3.203727e-06 
3.203727e-06 
3.212482e-06 
1.197361e-05 
5.135527e-04 
5.387000e-04 
5.387000e-04 
5.387000e-04 
7.093771e-04 
1.302673e-02 
9.542364e-01 
9.542487e-01 
9.542487e-01 
9.542487e-01 
9.542461e-01 
9.542350e-01 
9.542332e-01 
9.542332e-01 
9.542332e-01 
9.542332e-01 
9.388141e-02 
8.730993e-06 
1.603189e-05 
1.603099e-05 
1.603099e-05 
1.603099e-05 
1.802326e-05 
-3.493513e-05 
-4.816510e-04 
-4.816531e-04 
-4.816531e-04 
-4.816531e-04 
-2.887618e-03 
-8.747158e-01 
-9.542486e-01 
-9.542486e-01 
-9.542486e-01 
-9.542486e-01 
-9.542360e-01 
-9.542329e-01 
-9.542328e-01 
-9.542328e-01 
-9.542328e-01 
-7.016147e-01 
1.637078e-06 
3.113277e-06 
3.203727e-06 
3.203727e-06 
3.203727e-06 
3.740860e-06 
2.523164e-05 
5.381960e-04 
5.387000e-04 
5.387000e-04 
5.387000e-04 
1.170869e-03 
6.767808e-02 
9.542487e-01 
9.542487e-01 
9.542487e-01 
9.542487e-01 
9.542423e-01 
9.542341e-01 
9.542332e-01 
9.542332e-01 
9.542332e-01 
9.542332e-01 
4.939936e-03 
8.498084e-06 
1.603102e-05 
1.603099e-05 
1.603099e-05 
1.603099e-05 
1.951095e-05 
-3.303159e-04 
-4.816531e-04 
-4.816531e-04 
-4.816531e-04 
-5.327869e-04 
-7.508261e-03 
-9.540737e-01 
-9.542486e-01 
-9.542486e-01 
-9.542486e-01 
-9.542470e-01 
-9.542348e-01 
-9.542328e-01 
-9.542328e-01 
-9.542328e-01 
-9.542328e-01 
-2.269319e-01 
1.036547e-05 
1.603334e-05 
1.603099e-05 
1.603099e-05 
1.603099e-05 
1.749227e-05 
3.775992e-06 
-4.816383e-04 
-4.816531e-04 
-4.816531e-04 
-4.816531e-04 
-2.061818e-03 
-5.823277e-01 
-9.542486e-01 
-9.542486e-01 
-9.542486e-01 
-9.542486e-01 
-9.542369e-01 
-9.542330e-01 
-9.542328e-01 
-9.542328e-01 
-9.542328e-01 
-8.901080e-01 
-7.583948e-05 
1.502191e-05 
1.603099e-05 
1.603099e-05 
1.603099e-05 
1.622096e-05 
2.091774e-05 
-4.754096e-04 
-4.816531e-04 
-4.816531e-04 
-4.816531e-04 
-8.415312e-04 
-2.945730e-02 
-9.542482e-01 
-9.542486e-01 
-9.542486e-01 
-9.542486e-01 
-9.542426e-01 
-9.542339e-01 
-9.542328e-01 
-9.542328e-01 
-9.542328e-01 
-9.542328e-01 
-1.974523e-02 
7.850539e-06 
1.603113e-05 
1.603099e-05 
1.603099e-05 
1.603099e-05 
1.882401e-05 
-1.698395e-04 
-4.816530e-04 
-4.816531e-04 
-4.816531e-04 
-4.834750e-04 
-4.782242e-03 
-9.517583e-01 
-9.542486e-01 
-9.542486e-01 
-9.542486e-01 
-9.542481e-01 
-9.542352e-01 
-9.542328e-01 
-9.542328e-01 
-9.542328e-01 
-9.542328e-01 
-4.210202e-01 
1.227485e-05 
1.602790e-05 
1.603099e-05 
1.603099e-05 
1.603099e-05 
1.702882e-05 
1.663998e-05 
-4.815528e-04 
-4.816531e-04 
-4.816531e-04 
-4.816531e-04 
-1.523603e-03 
-2.465560e-01 
-9.542486e-01 
-9.542486e-01 
-9.542486e-01 
-9.542486e-01 
-9.542380e-01 
-9.542332e-01 
-9.542328e-01 
-9.542328e-01 
-9.542328e-01 
-9.542328e-01 
-5.529468e-04 
1.243732e-05 
1.603099e-05 
1.603099e-05 
1.603099e-05 
1.605700e-05 
2.041870e-05 
-4.517537e-04 
-4.816531e-04 
-4.816531e-04 
-4.816531e-04 
-6.761877e-04 
-1.518268e-02 
-9.542431e-01 
-9.542486e-01 
-9.542486e-01 
-9.542486e-01 
-9.542448e-01 
-9.542342e-01 
-9.542328e-01 
-9.542328e-01 
-9.542328e-01 
-9.542328e-01 
-6.733599e-02 
8.333355e-06 
1.603159e-05 
1.603099e-05 
1.603099e-05 
1.603099e-05 
1.819932e-05 
-5.627083e-05 
-4.816520e-04 
-4.816531e-04 
-4.816531e-04 
-4.816531e-04 
-3.225345e-03 
-9.188122e-01 
-9.542486e-01 
-9.542486e-01 
-9.542486e-01 
-9.542485e-01 
-9.542358e-01 
-9.542329e-01 
-9.542328e-01 
-9.542328e-01 
-9.542328e-01 
-6.366118e-01 
9.058166e-06 
1.594337e-05 
1.603099e-05 
1.603099e-05 
1.603099e-05 
1.662863e-05 
2.033002e-05 
-4.810127e-04 
-4.816531e-04 
-4.816531e-04 
-4.816531e-04 
-1.158781e-03 
-8.833860e-02 
-9.542485e-01 
-9.542486e-01 
-9.542486e-01 
-9.542486e-01 
-9.542397e-01 
-9.542335e-01 
-9.542328e-01 
-9.542328e-01 
-9.542328e-01 
-9.542328e-01 
-2.941117e-03 
9.101650e-06 
1.603101e-05 
1.603099e-05 
1.603099e-05 
1.603099e-05 
1.972757e-05 
-3.718024e-04 
-4.816531e-04 
-4.816531e-04 
-4.816531e-04 
-5.592151e-04 
-8.734757e-03 
-9.541707e-01 
-9.542486e-01 
-9.542486e-01 
-9.542486e-01 
-9.542465e-01 
-9.542346e-01 
-9.542328e-01 
-9.542328e-01 
-9.542328e-01 
-9.542328e-01 
-1.783382e-01 
9.771605e-06 
1.603290e-05 
1.603099e-05 
1.603099e-05 
1.603099e-05 
1.764666e-05 
-4.095725e-06 
-4.816449e-04 
-4.816531e-04 
-4.816531e-04 
-4.816531e-04 
-2.275721e-03 
-6.874577e-01 
-9.542486e-01 
-9.542486e-01 
-9.542486e-01 
-9.542486e-01 
-9.542366e-01 
-9.542330e-01 
-9.542328e-01 
-9.542328e-01 
-9.542328e-01 
-8.394185e-01 
-3.453966e-05 
1.541194e-05 
1.603099e-05 
1.603099e-05 
1.603099e-05 
1.630079e-05 
2.096917e-05 
-4.779148e-04 
-4.816531e-04 
-4.816531e-04 
-4.816531e-04 
-9.036393e-04 
-3.706970e-02 
-9.542484e-01 
-9.542486e-01 
-9.542486e-01 
-9.542486e-01 
-9.542419e-01 
-9.542338e-01 
-9.542328e-01 
-9.542328e-01 
-9.542328e-01 
-9.542328e-01 
-1.301869e-02 
7.909481e-06 
1.603108e-05 
1.603099e-05 
1.603099e-05 
1.603099e-05 
1.902782e-05 
-2.173451e-04 
-4.816530e-04 
-4.816531e-04 
-4.816531e-04 
-4.916759e-04 
-5.450188e-03 
-9.531401e-01 
-9.542486e-01 
-9.542486e-01 
-9.542486e-01 
-9.542478e-01 
-9.542351e-01 
-9.542328e-01 
-9.542328e-01 
-9.542328e-01 
-9.542328e-01 
-3.578164e-01 
1.179463e-05 
1.603201e-05 
1.603099e-05 
1.603099e-05 
1.603099e-05 
1.716326e-05 
1.417611e-05 
-4.815968e-04 
-4.816531e-04 
-4.816531e-04 
-4.816531e-04 
-1.665298e-03 
-3.346000e-01 
-9.542486e-01 
-9.542486e-01 
-9.542486e-01 
-9.542486e-01 
-9.542376e-01 
-9.542332e-01 
-9.542328e-01 
-9.542328e-01 
-9.542328e-01 
-9.540897e-01 
-3.197420e-04 
1.950694e-06 
3.203728e-06 
3.203727e-06 
3.203727e-06 
3.264013e-06 
1.418596e-05 
5.288401e-04 
5.387000e-04 
5.387000e-04 
5.387000e-04 
8.023300e-04 
1.878005e-02 
9.542463e-01 
9.542487e-01 
9.542487e-01 
9.542487e-01 
9.542452e-01 
9.542348e-01 
9.542332e-01 
9.542332e-01 
9.542332e-01 
9.542332e-01 
4.801486e-02 
8.093435e-06 
1.603138e-05 
1.603099e-05 
1.603099e-05 
1.603099e-05 
1.838216e-05 
-8.356040e-05 
-4.816525e-04 
-4.816531e-04 
-4.816531e-04 
-4.816531e-04 
-3.617619e-03 
-9.384694e-01 
-9.542486e-01 
-9.542486e-01 
-9.542486e-01 
-9.542485e-01 
-9.542356e-01 
-9.542328e-01 
-9.542328e-01 
-9.542328e-01 
-9.542328e-01 
-5.706519e-01 
9.510847e-06 
3.179747e-06 
3.203727e-06 
3.203727e-06 
3.203727e-06 
4.015866e-06 
3.262047e-05 
5.385415e-04 
5.387000e-04 
5.387000e-04 
5.387000e-04 
1.353514e-03 
1.211772e-01 
9.542487e-01 
9.542487e-01 
9.542487e-01 
9.542487e-01 
9.542412e-01 
9.542339e-01 
9.542332e-01 
9.542332e-01 
9.542332e-01 
9.542332e-01 
1.960057e-03 
7.951276e-06 
3.203719e-06 
3.203727e-06 
3.203727e-06 
3.204418e-06 
1.082792e-05 
4.953105e-04 
5.386928e-04 
5.386928e-04 
5.386928e-04 
6.591365e-04 
1.050997e-02 
9.542141e-01 
9.542487e-01 
9.542487e-01 
9.542487e-01 
9.542467e-01 
9.542353e-01 
9.542332e-01 
9.542332e-01 
9.542332e-01 
9.542332e-01 
1.370997e-01 
9.360697e-06 
3.202842e-06 
3.203727e-06 
3.203727e-06 
3.203727e-06 
5.568773e-06 
1.208557e-04 
5.386912e-04 
5.386928e-04 
5.386928e-04 
5.386928e-04 
2.608587e-03 
7.800084e-01 
9.542487e-01 
9.542487e-01 
9.542487e-01 
9.542487e-01 
9.542378e-01 
9.542333e-01 
9.542332e-01 
9.542332e-01 
9.542332e-01 
7.816658e-01 
6.066264e-05 
3.584973e-06 
3.203727e-06 
3.203727e-06 
3.203727e-06 
3.590776e-06 
2.174860e-05 
5.376559e-04 
5.386928e-04 
5.386928e-04 
5.386928e-04 
1.068111e-03 
4.831682e-02 
9.542486e-01 
9.542487e-01 
9.542487e-01 
9.542487e-01 
9.542430e-01 
9.542342e-01 
9.542332e-01 
9.542332e-01 
9.542332e-01 
9.542332e-01 
8.714568e-03 
8.025397e-06 
3.203684e-06 
3.203727e-06 
3.203727e-06 
3.203727e-06 
8.578679e-06 
4.033548e-04 
5.386928e-04 
5.386928e-04 
5.386928e-04 
5.660302e-04 
6.425221e-03 
9.537563e-01 
9.542487e-01 
9.542487e-01 
9.542487e-01 
9.542478e-01 
9.542358e-01 
9.542332e-01 
9.542332e-01 
9.542332e-01 
9.542332e-01 
2.979858e-01 
1.206188e-05 
1.603335e-05 
1.603099e-05 
1.603099e-05 
1.603099e-05 
1.730360e-05 
1.062169e-05 
-4.816217e-04 
-4.816531e-04 
-4.816531e-04 
-4.816531e-04 
-1.825272e-03 
-4.393929e-01 
-9.542486e-01 
-9.542486e-01 
-9.542486e-01 
-9.542486e-01 
-9.542373e-01 
-9.542331e-01 
-9.542328e-01 
-9.542328e-01 
-9.542328e-01 
-9.380496e-01 
-1.756587e-04 
1.426596e-05 
1.603099e-05 
1.603099e-05 
1.603099e-05 
1.613747e-05 
2.076704e-05 
-4.698684e-04 
-4.816531e-04 
-4.816531e-04 
-4.816531e-04 
-7.704971e-04 
-2.239188e-02 
-9.542475e-01 
-9.542486e-01 
-9.542486e-01 
-9.542486e-01 
-9.542435e-01 
-9.542340e-01 
-9.542328e-01 
-9.542328e-01 
-9.542328e-01 
-9.542328e-01 
-3.274690e-02 
7.916772e-06 
1.603124e-05 
1.603099e-05 
1.603099e-05 
1.603099e-05 
1.857169e-05 
-1.172764e-04 
-4.816528e-04 
-4.816531e-04 
-4.816531e-04 
-4.816531e-04 
-4.075775e-03 
-9.472242e-01 
-9.542486e-01 
-9.542486e-01 
-9.542486e-01 
-9.542483e-01 
-9.542355e-01 
-9.542328e-01 
-9.542328e-01 
-9.542328e-01 
-9.542328e-01 
-5.045765e-01 
1.235779e-05 
1.601386e-05 
1.603099e-05 
1.603099e-05 
1.603099e-05 
1.686504e-05 
1.868934e-05 
-4.814444e-04 
-4.816531e-04 
-4.816531e-04 
-4.816531e-04 
-1.364810e-03 
-1.636650e-01 
-9.542486e-01 
-9.542486e-01 
-9.542486e-01 
-9.542486e-01 
-9.542386e-01 
-9.542333e-01 
-9.542328e-01 
-9.542328e-01 
-9.542328e-01 
-9.542328e-01 
-1.087950e-03 
1.099723e-05 
1.603100e-05 
1.603099e-05 
1.603099e-05 
1.603639e-05 
2.015743e-05 
-4.299739e-04 
-4.816531e-04 
-4.816531e-04 
-4.816531e-04 
-6.251480e-04 
-1.209803e-02 
-9.542331e-01 
-9.542486e-01 
-9.542486e-01 
-9.542486e-01 
-9.542455e-01 
-9.542344e-01 
-9.542328e-01 
-9.542328e-01 
-9.542328e-01 
-9.542328e-01 
-1.017664e-01 
8.790220e-06 
1.603199e-05 
1.603099e-05 
1.603099e-05 
1.603099e-05 
1.797496e-05 
-2.990423e-05 
-4.816506e-04 
-4.816531e-04 
-4.816531e-04 
-4.816531e-04 
-2.801166e-03 
-8.561902e-01 
-9.542486e-01 
-9.542486e-01 
-9.542486e-01 
-9.542486e-01 
-9.542361e-01 
-9.542329e-01 
-9.542328e-01 
-9.542328e-01 
-9.542328e-01 
-7.195816e-01 
1.357837e-06 
1.582883e-05 
1.603099e-05 
1.603099e-05 
1.603099e-05 
1.649054e-05 
2.078167e-05 
-4.803611e-04 
-4.816531e-04 
-4.816531e-04 
-4.816531e-04 
-1.048587e-03 
-6.155427e-02 
-9.542485e-01 
-9.542486e-01 
-9.542486e-01 
-9.542486e-01 
-9.542405e-01 
-9.542336e-01 
-9.542328e-01 
-9.542328e-01 
-9.542328e-01 
-9.542328e-01 
-5.370201e-03 
8.374729e-06 
1.603102e-05 
1.603099e-05 
1.603099e-05 
1.603099e-05 
1.945035e-05 
-3.173314e-04 
-4.816531e-04 
-4.816531e-04 
-4.816531e-04 
-5.262086e-04 
-7.204522e-03 
-9.540290e-01 
-9.542486e-01 
-9.542486e-01 
-9.542486e-01 
-9.542471e-01 
-9.542348e-01 
-9.542328e-01 
-9.542328e-01 
-9.542328e-01 
-9.542328e-01 
-2.417054e-01 
1.054137e-05 
1.603343e-05 
1.603099e-05 
1.603099e-05 
1.603099e-05 
1.744998e-05 
5.550078e-06 
-4.816356e-04 
-4.816531e-04 
-4.816531e-04 
-4.816531e-04 
-2.006526e-03 
-5.511899e-01 
-9.542486e-01 
-9.542486e-01 
-9.542486e-01 
-9.542486e-01 
-9.542369e-01 
-9.542330e-01 
-9.542328e-01 
-9.542328e-01 
-9.542328e-01 
-9.025786e-01 
-9.457829e-05 
2.629336e-06 
3.203727e-06 
3.203727e-06 
3.203727e-06 
3.380576e-06 
1.710875e-05 
5.351356e-04 
5.387000e-04 
5.387000e-04 
5.387000e-04 
9.145567e-04 
2.830625e-02 
9.542482e-01 
9.542487e-01 
9.542487e-01 
9.542487e-01 
9.542442e-01 
9.542345e-01 
9.542332e-01 
9.542332e-01 
9.542332e-01 
9.542332e-01 
2.253812e-02 
7.855656e-06 
1.603115e-05 
1.603099e-05 
1.603099e-05 
1.603099e-05 
1.876774e-05 
-1.574403e-04 
-4.816529e-04 
-4.816531e-04 
-4.816531e-04 
-4.823479e-04 
-4.614051e-03 
-9.511219e-01 
-9.542486e-01 
-9.542486e-01 
-9.542486e-01 
-9.542481e-01 
-9.542353e-01 
-9.542328e-01 
-9.542328e-01 
-9.542328e-01 
-9.542328e-01 
-4.391773e-01 
1.032650e-05 
3.199621e-06 
3.203727e-06 
3.203727e-06 
3.203727e-06 
4.341120e-06 
4.367451e-05 
5.386517e-04 
5.387000e-04 
5.387000e-04 
5.387000e-04 
1.578297e-03 
2.277278e-01 
9.542487e-01 
9.542487e-01 
9.542487e-01 
9.542487e-01 
9.542402e-01 
9.542337e-01 
9.542332e-01 
9.542332e-01 
9.542332e-01 
9.542332e-01 
7.537413e-04 
1.212826e-05 
1.603099e-05 
1.603099e-05 
1.603099e-05 
1.605064e-05 
2.036304e-05 
-4.478189e-04 
-4.816531e-04 
-4.816531e-04 
-4.816531e-04 
-6.643859e-04 
-1.442479e-02 
-9.542417e-01 
-9.542486e-01 
-9.542486e-01 
-9.542486e-01 
-9.542450e-01 
-9.542343e-01 
-9.542328e-01 
-9.542328e-01 
-9.542328e-01 
-9.542328e-01 
-7.397865e-02 
8.421382e-06 
1.603167e-05 
1.603099e-05 
1.603099e-05 
1.603099e-05 
1.814912e-05 
-4.969773e-05 
-4.816518e-04 
-4.816531e-04 
-4.816531e-04 
-4.816531e-04 
-3.125273e-03 
-9.097839e-01 
-9.542486e-01 
-9.542486e-01 
-9.542486e-01 
-9.542485e-01 
-9.542359e-01 
-9.542329e-01 
-9.542328e-01 
-9.542328e-01 
-9.542328e-01 
-6.550320e-01 
7.917505e-06 
1.592467e-05 
1.603099e-05 
1.603099e-05 
1.603099e-05 
1.659736e-05 
2.045957e-05 
-4.809050e-04 
-4.816531e-04 
-4.816531e-04 
-4.816531e-04 
-1.133278e-03 
-8.140086e-02 
-9.542485e-01 
-9.542486e-01 
-9.542486e-01 
-9.542486e-01 
-9.542399e-01 
-9.542335e-01 
-9.542328e-01 
-9.542328e-01 
-9.542328e-01 
-9.542328e-01 
-3.364379e-03 
8.905187e-06 
1.603101e-05 
1.603099e-05 
1.603099e-05 
1.603099e-05 
1.966653e-05 
-3.609242e-04 
-4.816531e-04 
-4.816531e-04 
-4.816531e-04 
-5.513190e-04 
-8.364750e-03 
-9.541508e-01 
-9.542486e-01 
-9.542486e-01 
-9.542486e-01 
-9.542467e-01 
-9.542347e-01 
-9.542328e-01 
-9.542328e-01 
-9.542328e-01 
-9.542328e-01 
-1.913528e-01 
9.932819e-06 
1.603304e-05 
1.603099e-05 
1.603099e-05 
1.603099e-05 
1.760260e-05 
-1.609537e-06 
-4.816434e-04 
-4.816531e-04 
-4.816531e-04 
-4.816531e-04 
-2.212676e-03 
-6.590030e-01 
-9.542486e-01 
-9.542486e-01 
-9.542486e-01 
-9.542486e-01 
-9.542366e-01 
-9.542330e-01 
-9.542328e-01 
-9.542328e-01 
-9.542328e-01 
-8.545375e-01 
-4.390729e-05 
1.531747e-05 
1.603099e-05 
1.603099e-05 
1.603099e-05 
1.627717e-05 
2.096207e-05 
-4.773292e-04 
-4.816531e-04 
-4.816531e-04 
-4.816531e-04 
-8.855346e-04 
-3.469713e-02 
-9.542483e-01 
-9.542486e-01 
-9.542486e-01 
-9.542486e-01 
-9.542421e-01 
-9.542338e-01 
-9.542328e-01 
-9.542328e-01 
-9.542328e-01 
-9.542328e-01 
-1.466373e-02 
7.883052e-06 
1.603109e-05 
1.603099e-05 
1.603099e-05 
1.603099e-05 
1.896993e-05 
-2.035002e-04 
-4.816530e-04 
-4.816531e-04 
-4.816531e-04 
-4.887113e-04 
-5.250488e-03 
-9.528569e-01 
-9.542486e-01 
-9.542486e-01 
-9.542486e-01 
-9.542479e-01 
-9.542351e-01 
-9.542328e-01 
-9.542328e-01 
-9.542328e-01 
-9.542328e-01 
-3.753427e-01 
1.194968e-05 
1.603123e-05 
1.603099e-05 
1.603099e-05 
1.603099e-05 
1.712486e-05 
1.496401e-05 
-4.815868e-04 
-4.816531e-04 
-4.816531e-04 
-4.816531e-04 
-1.623714e-03 
-3.078490e-01 
-9.542486e-01 
-9.542486e-01 
-9.542486e-01 
-9.542486e-01 
-9.542377e-01 
-9.542332e-01 
-9.542328e-01 
-9.542328e-01 
-9.542328e-01 
-9.542328e-01 
-3.718459e-04 
1.317918e-05 
1.603099e-05 
1.603099e-05 
1.603099e-05 
1.607866e-05 
2.055489e-05 
-4.600532e-04 
-4.816531e-04 
-4.816531e-04 
-4.816531e-04 
-7.079322e-04 
-1.736918e-02 
-9.542455e-01 
-9.542486e-01 
-9.542486e-01 
-9.542486e-01 
-9.542444e-01 
-9.542342e-01 
-9.542328e-01 
-9.542328e-01 
-9.542328e-01 
-9.542328e-01 
-5.250281e-02 
8.140782e-06 
1.603144e-05 
1.603099e-05 
1.603099e-05 
1.603099e-05 
1.833005e-05 
-7.524849e-05 
-4.816524e-04 
-4.816531e-04 
-4.816531e-04 
-4.816531e-04 
-3.501167e-03 
-9.344467e-01 
-9.542486e-01 
-9.542486e-01 
-9.542486e-01 
-9.542485e-01 
-9.542357e-01 
-9.542328e-01 
-9.542328e-01 
-9.542328e-01 
-9.542328e-01 
-5.892482e-01 
1.102641e-05 
1.597918e-05 
1.603099e-05 
1.603099e-05 
1.603099e-05 
1.671080e-05 
1.990196e-05 
-4.812236e-04 
-4.816531e-04 
-4.816531e-04 
-4.816531e-04 
-1.227617e-03 
-1.095393e-01 
-9.542485e-01 
-9.542486e-01 
-9.542486e-01 
-9.542486e-01 
-9.542393e-01 
-9.542334e-01 
-9.542328e-01 
-9.542328e-01 
-9.542328e-01 
-9.542328e-01 
-2.073603e-03 
9.683414e-06 
1.603100e-05 
1.603099e-05 
1.603099e-05 
1.603123e-05 
1.988340e-05 
-3.965174e-04 
-4.816531e-04 
-4.816531e-04 
-4.816531e-04 
-5.809678e-04 
-9.782933e-03 
-9.542051e-01 
-9.542486e-01 
-9.542486e-01 
-9.542486e-01 
-9.542462e-01 
-9.542345e-01 
-9.542328e-01 
-9.542328e-01 
-9.542328e-01 
-9.542328e-01 
-1.475489e-01 
9.383952e-06 
1.603254e-05 
1.603099e-05 
1.603099e-05 
1.603099e-05 
1.776161e-05 
-1.158838e-05 
-4.816478e-04 
-4.816531e-04 
-4.816531e-04 
-4.816531e-04 
-2.448098e-03 
-7.552442e-01 
-9.542486e-01 
-9.542486e-01 
-9.542486e-01 
-9.542486e-01 
-9.542364e-01 
-9.542329e-01 
-9.542328e-01 
-9.542328e-01 
-9.542328e-01 
-7.984402e-01 
-1.864574e-05 
2.985344e-06 
3.203727e-06 
3.203727e-06 
3.203727e-06 
3.561041e-06 
2.107295e-05 
5.374886e-04 
5.387000e-04 
5.387000e-04 
5.387000e-04 
1.048844e-03 
4.503851e-02 
9.542486e-01 
9.542487e-01 
9.542487e-01 
9.542487e-01 
9.542432e-01 
9.542343e-01 
9.542332e-01 
9.542332e-01 
9.542332e-01 
9.542332e-01 
9.841131e-03 
8.015137e-06 
1.603105e-05 
1.603099e-05 
1.603099e-05 
1.603099e-05 
1.917765e-05 
-2.537215e-04 
-4.816531e-04 
-4.816531e-04 
-4.816531e-04 
-5.014567e-04 
-6.008137e-03 
-9.536291e-01 
-9.542486e-01 
-9.542486e-01 
-9.542486e-01 
-9.542476e-01 
-9.542350e-01 
-9.542328e-01 
-9.542328e-01 
-9.542328e-01 
-9.542328e-01 
-3.141739e-01 
9.202499e-06 
3.204122e-06 
3.203727e-06 
3.203727e-06 
3.203727e-06 
4.721792e-06 
6.089111e-05 
5.386856e-04 
5.387000e-04 
5.387000e-04 
5.387000e-04 
1.865272e-03 
4.106099e-01 
9.542487e-01 
9.542487e-01 
9.542487e-01 
9.542487e-01 
9.542392e-01 
9.542335e-01 
9.542332e-01 
9.542332e-01 
9.542332e-01 
9.449263e-01 
2.885860e-04 
5.031474e-06 
3.203726e-06 
3.203727e-06 
3.203727e-06 
3.298082e-06 
1.514249e-05 
5.317967e-04 
5.386928e-04 
5.386928e-04 
5.386928e-04 
8.401321e-04 
2.164214e-02 
9.542473e-01 
9.542487e-01 
9.542487e-01 
9.542487e-01 
9.542449e-01 
9.542347e-01 
9.542332e-01 
9.542332e-01 
9.542332e-01 
9.542332e-01 
3.692501e-02 
7.961636e-06 
3.203507e-06 
3.203727e-06 
3.203727e-06 
3.203727e-06 
6.889631e-06 
2.555025e-04 
5.386927e-04 
5.386928e-04 
5.386928e-04 
5.386928e-04 
4.060380e-03 
9.454490e-01 
9.542487e-01 
9.542487e-01 
9.542487e-01 
9.542485e-01 
9.542367e-01 
9.542332e-01 
9.542332e-01 
9.542332e-01 
9.542332e-01 
5.232187e-01 
1.955824e-05 
3.236691e-06 
3.203727e-06 
3.203727e-06 
3.203727e-06 
4.126022e-06 
3.609040e-05 
5.385889e-04 
5.386928e-04 
5.386928e-04 
5.386928e-04 
1.422970e-03 
1.515920e-01 
9.542487e-01 
9.542487e-01 
9.542487e-01 
9.542487e-01 
9.542408e-01 
9.542338e-01 
9.542332e-01 
9.542332e-01 
9.542332e-01 
9.542332e-01 
1.393792e-03 
7.536247e-06 
3.203721e-06 
3.203727e-06 
3.203727e-06 
3.207339e-06 
1.144789e-05 
5.065529e-04 
5.386928e-04 
5.386928e-04 
5.386928e-04 
6.864154e-04 
1.183415e-02 
9.542294e-01 
9.542487e-01 
9.542487e-01 
9.542487e-01 
9.542464e-01 
9.542351e-01 
9.542332e-01 
9.542332e-01 
9.542332e-01 
9.542332e-01 
1.114308e-01 
8.984779e-06 
1.603210e-05 
1.603099e-05 
1.603099e-05 
1.603099e-05 
1.792719e-05 
-2.526230e-05 
-4.816502e-04 
-4.816531e-04 
-4.816531e-04 
-4.816531e-04 
-2.718124e-03 
-8.363316e-01 
-9.542486e-01 
-9.542486e-01 
-9.542486e-01 
-9.542486e-01 
-9.542362e-01 
-9.542329e-01 
-9.542328e-01 
-9.542328e-01 
-9.542328e-01 
-7.373574e-01 
-1.434507e-06 
1.579143e-05 
1.603099e-05 
1.603099e-05 
1.603099e-05 
1.646180e-05 
2.083956e-05 
-4.801491e-04 
-4.816531e-04 
-4.816531e-04 
-4.816531e-04 
-1.026340e-03 
0.000000e+00 
0.000000e+00 
0.000000e+00 
0.000000e+00 
0.000000e+00 
0.000000e+00 
0.000000e+00 
0.000000e+00
#[#TRACE_DATA]
#[#TRACE]
