#[TRACE]
#data_labels=Output
#[TRACE_DATA]
3.196615e-05 
-5.816897e-04 
-5.816897e-04 
-5.816897e-04 
-5.816897e-04 
-5.144666e-03 
-9.543232e-01 
-9.543232e-01 
-9.543232e-01 
-9.543232e-01 
-9.542531e-01 
-9.542419e-01 
-9.542419e-01 
-9.542419e-01 
-9.542419e-01 
3.146255e-05 
1.857799e-05 
1.857799e-05 
1.857799e-05 
1.857799e-05 
2.338593e-05 
-5.812652e-04 
-5.812652e-04 
-5.812652e-04 
-5.812652e-04 
-5.144665e-03 
-9.543232e-01 
-9.543232e-01 
-9.543232e-01 
-9.543232e-01 
-9.542531e-01 
-9.542419e-01 
-9.542419e-01 
-9.542419e-01 
-9.542419e-01 
3.146255e-05 
1.857799e-05 
1.857799e-05 
1.857799e-05 
1.857799e-05 
2.338593e-05 
-5.812652e-04 
-5.812652e-04 
-5.812652e-04 
-5.812652e-04 
-5.144665e-03 
-9.543232e-01 
-9.543232e-01 
-9.543232e-01 
-9.543232e-01 
-9.542531e-01 
-9.542419e-01 
-9.542419e-01 
-9.542419e-01 
-9.542419e-01 
3.239357e-05 
1.307803e-06 
1.307803e-06 
1.307803e-06 
1.307803e-06 
1.262193e-05 
6.419241e-04 
6.419241e-04 
6.419241e-04 
6.419241e-04 
5.257534e-03 
9.543234e-01 
9.543234e-01 
9.543234e-01 
9.543234e-01 
9.542568e-01 
9.542427e-01 
9.542427e-01 
9.542427e-01 
9.542427e-01 
3.142934e-05 
5.339779e-06 
5.339779e-06 
5.339779e-06 
5.339779e-06 
1.683141e-05 
6.465044e-04 
6.465044e-04 
6.465044e-04 
6.465044e-04 
5.257534e-03 
9.543234e-01 
9.543234e-01 
9.543234e-01 
9.543234e-01 
9.542568e-01 
9.542428e-01 
9.542428e-01 
9.542428e-01 
9.542428e-01 
3.236048e-05 
1.865770e-05 
1.865770e-05 
1.865770e-05 
1.865770e-05 
2.338593e-05 
-5.812652e-04 
-5.812652e-04 
-5.812652e-04 
-5.812652e-04 
-5.144665e-03 
-9.543232e-01 
-9.543232e-01 
-9.543232e-01 
-9.543232e-01 
-9.542531e-01 
-9.542419e-01 
-9.542419e-01 
-9.542419e-01 
-9.542419e-01 
3.146255e-05 
1.857799e-05 
1.857799e-05 
1.857799e-05 
1.857799e-05 
2.338593e-05 
-5.812652e-04 
-5.812652e-04 
-5.812652e-04 
-5.812652e-04 
-5.144665e-03 
-9.543232e-01 
-9.543232e-01 
-9.543232e-01 
-9.543232e-01 
-9.542531e-01 
-9.542419e-01 
-9.542419e-01 
-9.542419e-01 
-9.542419e-01 
3.239357e-05 
1.307803e-06 
1.307803e-06 
1.307803e-06 
1.307803e-06 
1.262193e-05 
6.419241e-04 
6.419241e-04 
6.419241e-04 
6.419241e-04 
5.257534e-03 
9.543234e-01 
9.543234e-01 
9.543234e-01 
9.543234e-01 
9.542568e-01 
9.542427e-01 
9.542427e-01 
9.542427e-01 
9.542427e-01 
3.142934e-05 
5.339779e-06 
5.339779e-06 
5.339779e-06 
5.339779e-06
#[#TRACE_DATA]
#[#TRACE]
