#[TRACE]
#data_labels=Output
#[TRACE_DATA]
4.759939e-06 
1.655406e-05 
1.655315e-05 
1.655315e-05 
1.655315e-05 
2.107094e-05 
-5.828007e-04 
-5.833315e-04 
-5.833315e-04 
-5.833315e-04 
-4.431709e-03 
-9.543227e-01 
-9.543232e-01 
-9.543232e-01 
-9.543232e-01 
-9.542540e-01 
-9.542419e-01 
-9.542419e-01 
-9.542419e-01 
-9.542419e-01 
3.684386e-05 
3.302942e-06 
3.302825e-06 
3.302825e-06 
3.302825e-06 
1.206790e-05 
6.441501e-04 
6.443470e-04 
6.443470e-04 
6.443470e-04 
4.619061e-03 
9.543231e-01 
9.543234e-01 
9.543234e-01 
9.543234e-01 
9.542582e-01 
9.542428e-01 
9.542428e-01 
9.542428e-01 
9.542428e-01 
3.950586e-05 
1.655425e-05 
1.655315e-05 
1.655315e-05 
1.655315e-05 
2.114699e-05 
-5.829550e-04 
-5.833315e-04 
-5.833315e-04 
-5.833315e-04 
-4.601320e-03 
-9.543229e-01 
-9.543232e-01 
-9.543232e-01 
-9.543232e-01 
-9.542537e-01 
-9.542419e-01 
-9.542419e-01 
-9.542419e-01 
-9.542419e-01 
3.562080e-05 
3.328188e-06 
3.328137e-06 
3.328137e-06 
3.328137e-06 
1.245274e-05 
6.442105e-04 
6.443482e-04 
6.443482e-04 
6.443482e-04 
4.796575e-03 
9.543232e-01 
9.543234e-01 
9.543234e-01 
9.543234e-01 
9.542578e-01 
9.542428e-01 
9.542428e-01 
9.542428e-01 
9.542428e-01 
3.738157e-05 
-9.932794e-06 
-9.931805e-06 
-9.931805e-06 
-9.931805e-06 
3.475255e-06 
5.988083e-04 
5.989965e-04 
5.989965e-04 
5.989965e-04 
4.888779e-03 
9.543233e-01 
9.543234e-01 
9.543234e-01 
9.543234e-01 
9.542577e-01 
9.542428e-01 
9.542428e-01 
9.542428e-01 
9.542428e-01 
3.640500e-05 
1.655425e-05 
1.655315e-05 
1.655315e-05 
1.655315e-05 
2.125973e-05 
-5.831080e-04 
-5.833315e-04 
-5.833315e-04 
-5.833315e-04 
-4.872682e-03 
-9.543231e-01 
-9.543232e-01 
-9.543232e-01 
-9.543232e-01 
-9.542534e-01 
-9.542419e-01 
-9.542419e-01 
-9.542419e-01 
-9.542419e-01 
3.374129e-05 
1.655420e-05 
1.655315e-05 
1.655315e-05 
1.655315e-05 
2.129687e-05 
-5.831440e-04 
-5.833315e-04 
-5.833315e-04 
-5.833315e-04 
-4.967954e-03 
-9.543231e-01 
-9.543232e-01 
-9.543232e-01 
-9.543232e-01 
-9.542533e-01 
-9.542419e-01 
-9.542419e-01 
-9.542419e-01 
-9.542419e-01 
3.311575e-05 
1.655414e-05 
1.655315e-05 
1.655315e-05 
1.655315e-05 
2.133375e-05 
-5.831742e-04 
-5.833315e-04 
-5.833315e-04 
-5.833315e-04 
-5.065768e-03 
-9.543231e-01 
-9.543232e-01 
-9.543232e-01 
-9.543232e-01 
-9.542531e-01 
-9.542419e-01 
-9.542419e-01 
-9.542419e-01 
-9.542419e-01 
3.249457e-05 
1.655408e-05 
1.655315e-05 
1.655315e-05 
1.655315e-05 
2.137034e-05 
-5.831997e-04 
-5.833315e-04 
-5.833315e-04 
-5.833315e-04 
-5.166208e-03 
-9.543231e-01 
-9.543232e-01 
-9.543232e-01 
-9.543232e-01 
-9.542530e-01 
-9.542419e-01 
-9.542419e-01 
-9.542419e-01 
-9.542419e-01 
3.187950e-05 
1.655401e-05 
1.655315e-05 
1.655315e-05 
1.655315e-05 
2.140662e-05 
-5.832211e-04 
-5.833315e-04 
-5.833315e-04 
-5.833315e-04 
-5.269363e-03 
-9.543231e-01 
-9.543232e-01 
-9.543232e-01 
-9.543232e-01 
-9.542529e-01 
-9.542419e-01 
-9.542419e-01 
-9.542419e-01 
-9.542419e-01 
3.127193e-05 
3.302826e-06 
3.302825e-06 
3.302825e-06 
3.302825e-06 
1.355234e-05 
6.443085e-04 
6.443470e-04 
6.443470e-04 
6.443470e-04 
5.496058e-03 
9.543234e-01 
9.543234e-01 
9.543234e-01 
9.543234e-01 
9.542566e-01 
9.542428e-01 
9.542428e-01 
9.542428e-01 
9.542428e-01 
3.145253e-05 
1.655388e-05 
1.655315e-05 
1.655315e-05 
1.655315e-05 
2.147813e-05 
-5.832542e-04 
-5.833315e-04 
-5.833315e-04 
-5.833315e-04 
-5.484189e-03 
-9.543232e-01 
-9.543232e-01 
-9.543232e-01 
-9.543232e-01 
-9.542527e-01 
-9.542419e-01 
-9.542419e-01 
-9.542419e-01 
-9.542419e-01 
3.008368e-05 
1.655381e-05 
1.655315e-05 
1.655315e-05 
1.655315e-05 
2.151330e-05 
-5.832669e-04 
-5.833315e-04 
-5.833315e-04 
-5.833315e-04 
-5.596053e-03 
-9.543232e-01 
-9.543232e-01 
-9.543232e-01 
-9.543232e-01 
-9.542526e-01 
-9.542419e-01 
-9.542419e-01 
-9.542419e-01 
-9.542419e-01 
2.950458e-05 
1.655375e-05 
1.655315e-05 
1.655315e-05 
1.655315e-05 
2.154804e-05 
-5.832775e-04 
-5.833315e-04 
-5.833315e-04 
-5.833315e-04 
-5.711021e-03 
-9.543232e-01 
-9.543232e-01 
-9.543232e-01 
-9.543232e-01 
-9.542524e-01 
-9.542419e-01 
-9.542419e-01 
-9.542419e-01 
-9.542419e-01 
2.893625e-05 
1.655369e-05 
1.655315e-05 
1.655315e-05 
1.655315e-05 
2.158231e-05 
-5.832864e-04 
-5.833315e-04 
-5.833315e-04 
-5.833315e-04 
-5.829201e-03 
-9.543232e-01 
-9.543232e-01 
-9.543232e-01 
-9.543232e-01 
-9.542523e-01 
-9.542419e-01 
-9.542419e-01 
-9.542419e-01 
-9.542419e-01 
2.837909e-05 
3.302820e-06 
3.302825e-06 
3.302825e-06 
3.302825e-06 
1.450196e-05 
6.443318e-04 
6.443470e-04 
6.443470e-04 
6.443470e-04 
6.082605e-03 
9.543234e-01 
9.543234e-01 
9.543234e-01 
9.543234e-01 
9.542558e-01 
9.542428e-01 
9.542428e-01 
9.542428e-01 
9.542428e-01 
2.817900e-05 
3.302820e-06 
3.302825e-06 
3.302825e-06 
3.302825e-06 
1.470410e-05 
6.443344e-04 
6.443470e-04 
6.443470e-04 
6.443470e-04 
6.209945e-03 
9.543234e-01 
9.543234e-01 
9.543234e-01 
9.543234e-01 
9.542557e-01 
9.542428e-01 
9.542428e-01 
9.542428e-01 
9.542428e-01 
2.759265e-05 
1.655353e-05 
1.655315e-05 
1.655315e-05 
1.655315e-05 
2.168199e-05 
-5.833053e-04 
-5.833315e-04 
-5.833315e-04 
-5.833315e-04 
-6.204150e-03 
-9.543232e-01 
-9.543232e-01 
-9.543232e-01 
-9.543232e-01 
-9.542520e-01 
-9.542419e-01 
-9.542419e-01 
-9.542419e-01 
-9.542419e-01 
2.677694e-05 
1.655349e-05 
1.655315e-05 
1.655315e-05 
1.655315e-05 
2.171404e-05 
-5.833097e-04 
-5.833315e-04 
-5.833315e-04 
-5.833315e-04 
-6.336341e-03 
-9.543232e-01 
-9.543232e-01 
-9.543232e-01 
-9.543232e-01 
-9.542519e-01 
-9.542419e-01 
-9.542419e-01 
-9.542419e-01 
-9.542419e-01 
2.626627e-05 
3.328131e-06 
3.328137e-06 
3.328137e-06 
3.328137e-06 
1.542915e-05 
6.443411e-04 
6.443482e-04 
6.443482e-04 
6.443482e-04 
6.614203e-03 
9.543234e-01 
9.543234e-01 
9.543234e-01 
9.543234e-01 
9.542552e-01 
9.542428e-01 
9.542428e-01 
9.542428e-01 
9.542428e-01 
2.594610e-05 
3.302820e-06 
3.302825e-06 
3.302825e-06 
3.302825e-06 
1.555729e-05 
6.443411e-04 
6.443470e-04 
6.443470e-04 
6.443470e-04 
6.756813e-03 
9.543234e-01 
9.543234e-01 
9.543234e-01 
9.543234e-01 
9.542551e-01 
9.542428e-01 
9.542428e-01 
9.542428e-01 
9.542428e-01 
2.543139e-05 
1.655338e-05 
1.655315e-05 
1.655315e-05 
1.655315e-05 
2.180605e-05 
-5.833189e-04 
-5.833315e-04 
-5.833315e-04 
-5.833315e-04 
-6.756385e-03 
-9.543232e-01 
-9.543232e-01 
-9.543232e-01 
-9.543232e-01 
-9.542516e-01 
-9.542419e-01 
-9.542419e-01 
-9.542419e-01 
-9.542419e-01 
2.480394e-05 
3.328132e-06 
3.328137e-06 
3.328137e-06 
3.328137e-06 
1.610786e-05 
6.443442e-04 
6.443482e-04 
6.443482e-04 
6.443482e-04 
7.054684e-03 
9.543234e-01 
9.543234e-01 
9.543234e-01 
9.543234e-01 
9.542548e-01 
9.542428e-01 
9.542428e-01 
9.542428e-01 
9.542428e-01 
2.444790e-05 
1.655333e-05 
1.655315e-05 
1.655315e-05 
1.655315e-05 
2.186347e-05 
-5.833228e-04 
-5.833315e-04 
-5.833315e-04 
-5.833315e-04 
-7.057423e-03 
-9.543232e-01 
-9.543232e-01 
-9.543232e-01 
-9.543232e-01 
-9.542514e-01 
-9.542419e-01 
-9.542419e-01 
-9.542419e-01 
-9.542419e-01 
2.388578e-05 
1.655330e-05 
1.655315e-05 
1.655315e-05 
1.655315e-05 
2.189085e-05 
-5.833242e-04 
-5.833315e-04 
-5.833315e-04 
-5.833315e-04 
-7.214714e-03 
-9.543232e-01 
-9.543232e-01 
-9.543232e-01 
-9.543232e-01 
-9.542513e-01 
-9.542419e-01 
-9.542419e-01 
-9.542419e-01 
-9.542419e-01 
2.344314e-05 
3.302822e-06 
3.302825e-06 
3.302825e-06 
3.302825e-06 
1.673426e-05 
6.443447e-04 
6.443470e-04 
6.443470e-04 
6.443470e-04 
7.535487e-03 
9.543234e-01 
9.543234e-01 
9.543234e-01 
9.543234e-01 
9.542544e-01 
9.542428e-01 
9.542428e-01 
9.542428e-01 
9.542428e-01 
2.307691e-05 
1.655327e-05 
1.655315e-05 
1.655315e-05 
1.655315e-05 
2.194266e-05 
-5.833265e-04 
-5.833315e-04 
-5.833315e-04 
-5.833315e-04 
-7.543687e-03 
-9.543232e-01 
-9.543232e-01 
-9.543232e-01 
-9.543232e-01 
-9.542511e-01 
-9.542419e-01 
-9.542419e-01 
-9.542419e-01 
-9.542419e-01 
2.258973e-05 
3.328134e-06 
3.328137e-06 
3.328137e-06 
3.328137e-06 
1.734446e-05 
6.443467e-04 
6.443482e-04 
6.443482e-04 
6.443482e-04 
7.880700e-03 
9.543234e-01 
9.543234e-01 
9.543234e-01 
9.543234e-01 
9.542541e-01 
9.542428e-01 
9.542428e-01 
9.542428e-01 
9.542428e-01 
2.222539e-05 
1.655324e-05 
1.655315e-05 
1.655315e-05 
1.655315e-05 
2.199013e-05 
-5.833280e-04 
-5.833315e-04 
-5.833315e-04 
-5.833315e-04 
-7.893074e-03 
-9.543232e-01 
-9.543232e-01 
-9.543232e-01 
-9.543232e-01 
-9.542509e-01 
-9.542419e-01 
-9.542419e-01 
-9.542419e-01 
-9.542419e-01 
2.177723e-05 
1.655323e-05 
1.655315e-05 
1.655315e-05 
1.655315e-05 
2.201206e-05 
-5.833286e-04 
-5.833315e-04 
-5.833315e-04 
-5.833315e-04 
-8.075912e-03 
-9.543232e-01 
-9.543232e-01 
-9.543232e-01 
-9.543232e-01 
-9.542508e-01 
-9.542419e-01 
-9.542419e-01 
-9.542419e-01 
-9.542419e-01 
2.138567e-05 
3.328135e-06 
3.328137e-06 
3.328137e-06 
3.328137e-06 
1.815685e-05 
6.443474e-04 
6.443482e-04 
6.443482e-04 
6.443482e-04 
8.439383e-03 
9.543234e-01 
9.543234e-01 
9.543234e-01 
9.543234e-01 
9.542537e-01 
9.542428e-01 
9.542428e-01 
9.542428e-01 
9.542428e-01 
2.103183e-05 
1.655321e-05 
1.655315e-05 
1.655315e-05 
1.655315e-05 
2.205198e-05 
-5.833295e-04 
-5.833315e-04 
-5.833315e-04 
-5.833315e-04 
-8.458940e-03 
-9.543232e-01 
-9.543232e-01 
-9.543232e-01 
-9.543232e-01 
-9.542506e-01 
-9.542419e-01 
-9.542419e-01 
-9.542419e-01 
-9.542419e-01 
2.063082e-05 
1.655320e-05 
1.655315e-05 
1.655315e-05 
1.655315e-05 
2.206980e-05 
-5.833298e-04 
-5.833315e-04 
-5.833315e-04 
-5.833315e-04 
-8.659582e-03 
-9.543232e-01 
-9.543232e-01 
-9.543232e-01 
-9.543232e-01 
-9.542505e-01 
-9.542419e-01 
-9.542419e-01 
-9.542419e-01 
-9.542419e-01 
2.026700e-05 
1.655319e-05 
1.655315e-05 
1.655315e-05 
1.655315e-05 
2.208609e-05 
-5.833301e-04 
-5.833315e-04 
-5.833315e-04 
-5.833315e-04 
-8.866629e-03 
-9.543232e-01 
-9.543232e-01 
-9.543232e-01 
-9.543232e-01 
-9.542504e-01 
-9.542419e-01 
-9.542419e-01 
-9.542419e-01 
-9.542419e-01 
1.991190e-05 
3.328136e-06 
3.328137e-06 
3.328137e-06 
3.328137e-06 
1.933268e-05 
6.443478e-04 
6.443482e-04 
6.443482e-04 
6.443482e-04 
9.269807e-03 
9.543234e-01 
9.543234e-01 
9.543234e-01 
9.543234e-01 
9.542532e-01 
9.542428e-01 
9.542428e-01 
9.542428e-01 
9.542428e-01 
1.957959e-05 
1.655318e-05 
1.655315e-05 
1.655315e-05 
1.655315e-05 
2.211371e-05 
-5.833305e-04 
-5.833315e-04 
-5.833315e-04 
-5.833315e-04 
-9.300967e-03 
-9.543232e-01 
-9.543232e-01 
-9.543232e-01 
-9.543232e-01 
-9.542502e-01 
-9.542419e-01 
-9.542419e-01 
-9.542419e-01 
-9.542419e-01 
1.922709e-05 
1.655318e-05 
1.655315e-05 
1.655315e-05 
1.655315e-05 
2.212485e-05 
-5.833307e-04 
-5.833315e-04 
-5.833315e-04 
-5.833315e-04 
-9.528802e-03 
-9.543232e-01 
-9.543232e-01 
-9.543232e-01 
-9.543232e-01 
-9.542501e-01 
-9.542419e-01 
-9.542419e-01 
-9.542419e-01 
-9.542419e-01 
1.889682e-05 
3.302824e-06 
3.302825e-06 
3.302825e-06 
3.302825e-06 
2.017670e-05 
6.443467e-04 
6.443470e-04 
6.443470e-04 
6.443470e-04 
9.965579e-03 
9.543234e-01 
9.543234e-01 
9.543234e-01 
9.543234e-01 
9.542528e-01 
9.542428e-01 
9.542428e-01 
9.542428e-01 
9.542428e-01 
1.858292e-05 
1.655317e-05 
1.655315e-05 
1.655315e-05 
1.655315e-05 
2.214128e-05 
-5.833310e-04 
-5.833315e-04 
-5.833315e-04 
-5.833315e-04 
-1.000726e-02 
-9.543232e-01 
-9.543232e-01 
-9.543232e-01 
-9.543232e-01 
-9.542500e-01 
-9.542419e-01 
-9.542419e-01 
-9.542419e-01 
-9.542419e-01 
1.825959e-05 
3.302824e-06 
3.302825e-06 
3.302825e-06 
3.302825e-06 
2.085315e-05 
6.443468e-04 
6.443470e-04 
6.443470e-04 
6.443470e-04 
1.046851e-02 
9.543234e-01 
9.543234e-01 
9.543234e-01 
9.543234e-01 
9.542526e-01 
9.542428e-01 
9.542428e-01 
9.542428e-01 
9.542428e-01 
1.795820e-05 
1.655316e-05 
1.655315e-05 
1.655315e-05 
1.655315e-05 
2.214916e-05 
-5.833311e-04 
-5.833315e-04 
-5.833315e-04 
-5.833315e-04 
-1.051823e-02 
-9.543232e-01 
-9.543232e-01 
-9.543232e-01 
-9.543232e-01 
-9.542498e-01 
-9.542419e-01 
-9.542419e-01 
-9.542419e-01 
-9.542419e-01 
1.765196e-05 
1.655316e-05 
1.655315e-05 
1.655315e-05 
1.655315e-05 
2.214959e-05 
-5.833312e-04 
-5.833315e-04 
-5.833315e-04 
-5.833315e-04 
-1.078675e-02 
-9.543232e-01 
-9.543232e-01 
-9.543232e-01 
-9.543232e-01 
-9.542497e-01 
-9.542419e-01 
-9.542419e-01 
-9.542419e-01 
-9.542419e-01 
1.735865e-05 
3.302824e-06 
3.302825e-06 
3.302825e-06 
3.302825e-06 
2.193340e-05 
6.443469e-04 
6.443470e-04 
6.443470e-04 
6.443470e-04 
1.128817e-02 
9.543234e-01 
9.543234e-01 
9.543234e-01 
9.543234e-01 
9.542522e-01 
9.542428e-01 
9.542428e-01 
9.542428e-01 
9.541590e-01 
1.707576e-05 
1.655316e-05 
1.655315e-05 
1.655315e-05 
1.655315e-05 
2.214278e-05 
-5.833313e-04 
-5.833315e-04 
-5.833315e-04 
-5.834689e-04 
-1.135173e-02 
-9.543232e-01 
-9.543232e-01 
-9.543232e-01 
-9.543232e-01 
-9.542495e-01 
-9.542419e-01 
-9.542419e-01 
-9.542419e-01 
-9.529843e-01 
1.679231e-05 
1.655316e-05 
1.655315e-05 
1.655315e-05 
1.655321e-05 
2.213526e-05 
-5.833313e-04 
-5.833315e-04 
-5.833315e-04 
-5.839786e-04 
-1.164898e-02 
-9.543232e-01 
-9.543232e-01 
-9.543232e-01 
-9.543232e-01 
-9.542494e-01 
-9.542419e-01 
-9.542419e-01 
-9.542419e-01 
-9.506029e-01 
1.651881e-05 
1.655316e-05 
1.655315e-05 
1.655315e-05 
1.655343e-05 
2.212479e-05 
-5.833313e-04 
-5.833315e-04 
-5.833315e-04 
-5.848633e-04 
-1.195665e-02 
-9.543232e-01 
-9.543232e-01 
-9.543232e-01 
-9.543232e-01 
-9.542494e-01 
-9.542419e-01 
-9.542419e-01 
-9.542419e-01 
-9.472477e-01 
1.625154e-05 
1.655316e-05 
1.655315e-05 
1.655315e-05 
1.655394e-05 
2.211121e-05 
-5.833314e-04 
-5.833315e-04 
-5.833315e-04 
-5.860914e-04 
-1.227517e-02 
-9.543232e-01 
-9.543232e-01 
-9.543232e-01 
-9.543231e-01 
-9.542493e-01 
-9.542419e-01 
-9.542419e-01 
-9.542419e-01 
-9.430533e-01 
1.599026e-05 
3.302824e-06 
3.302825e-06 
3.302825e-06 
3.303821e-06 
2.392914e-05 
6.443469e-04 
6.443470e-04 
6.443470e-04 
6.491349e-04 
1.285435e-02 
9.543234e-01 
9.543234e-01 
9.543234e-01 
9.543233e-01 
9.542516e-01 
9.542428e-01 
9.542428e-01 
9.542428e-01 
9.381647e-01 
1.573639e-05 
3.302825e-06 
3.302825e-06 
3.302825e-06 
3.304727e-06 
2.436067e-05 
6.443469e-04 
6.443470e-04 
6.443470e-04 
6.512169e-04 
1.320161e-02 
9.543234e-01 
9.543234e-01 
9.543234e-01 
9.543232e-01 
9.542515e-01 
9.542428e-01 
9.542428e-01 
9.542428e-01 
9.326644e-01 
1.548658e-05 
1.655315e-05 
1.655315e-05 
1.655315e-05 
1.655800e-05 
2.205011e-05 
-5.833314e-04 
-5.833315e-04 
-5.833315e-04 
-5.917396e-04 
-1.330075e-02 
-9.543232e-01 
-9.543232e-01 
-9.543232e-01 
-9.543228e-01 
-9.542490e-01 
-9.542419e-01 
-9.542419e-01 
-9.542419e-01 
-9.266429e-01 
1.524127e-05 
1.655315e-05 
1.655315e-05 
1.655315e-05 
1.656048e-05 
2.202233e-05 
-5.833314e-04 
-5.833315e-04 
-5.833315e-04 
-5.942119e-04 
-1.366771e-02 
-9.543232e-01 
-9.543232e-01 
-9.543232e-01 
-9.543226e-01 
-9.542489e-01 
-9.542419e-01 
-9.542419e-01 
-9.542419e-01 
-9.201579e-01 
1.500253e-05 
3.328136e-06 
3.328137e-06 
3.328137e-06 
3.335674e-06 
2.586649e-05 
6.443482e-04 
6.443482e-04 
6.443482e-04 
6.594047e-04 
1.432077e-02 
9.543234e-01 
9.543234e-01 
9.543234e-01 
9.543228e-01 
9.542512e-01 
9.542428e-01 
9.542428e-01 
9.542428e-01 
9.132693e-01 
1.476984e-05 
3.302825e-06 
3.302825e-06 
3.302825e-06 
3.313376e-06 
2.620781e-05 
6.443469e-04 
6.443470e-04 
6.443470e-04 
6.627058e-04 
1.472159e-02 
9.543234e-01 
9.543234e-01 
9.543234e-01 
9.543226e-01 
9.542511e-01 
9.542428e-01 
9.542428e-01 
9.542428e-01 
9.060113e-01 
1.454149e-05 
1.655315e-05 
1.655315e-05 
1.655315e-05 
1.657203e-05 
2.191384e-05 
-5.833315e-04 
-5.833315e-04 
-5.833315e-04 
-6.031844e-04 
-1.485200e-02 
-9.543232e-01 
-9.543232e-01 
-9.543232e-01 
-9.543221e-01 
-9.542487e-01 
-9.542419e-01 
-9.542419e-01 
-9.542419e-01 
-8.984235e-01 
1.431747e-05 
3.328136e-06 
3.328137e-06 
3.328137e-06 
3.347122e-06 
2.735604e-05 
6.443482e-04 
6.443482e-04 
6.443482e-04 
6.700712e-04 
1.556870e-02 
9.543234e-01 
9.543234e-01 
9.543234e-01 
9.543222e-01 
9.542509e-01 
9.542428e-01 
9.542428e-01 
9.542428e-01 
8.905398e-01 
1.409948e-05 
1.655315e-05 
1.655315e-05 
1.655315e-05 
1.658361e-05 
2.181823e-05 
-5.833315e-04 
-5.833315e-04 
-5.833315e-04 
-6.102886e-04 
-1.571761e-02 
-9.543232e-01 
-9.543232e-01 
-9.543232e-01 
-9.543216e-01 
-9.542486e-01 
-9.542419e-01 
-9.542419e-01 
-9.542419e-01 
-8.823791e-01 
1.388526e-05 
1.655315e-05 
1.655315e-05 
1.655315e-05 
1.659062e-05 
2.176268e-05 
-5.833315e-04 
-5.833315e-04 
-5.833315e-04 
-6.141316e-04 
-1.617539e-02 
-9.543232e-01 
-9.543232e-01 
-9.543232e-01 
-9.543213e-01 
-9.542485e-01 
-9.542419e-01 
-9.542419e-01 
-9.542419e-01 
-8.739696e-01 
1.367596e-05 
3.302825e-06 
3.302825e-06 
3.302825e-06 
3.339955e-06 
2.882346e-05 
6.443470e-04 
6.443470e-04 
6.443470e-04 
6.827454e-04 
1.696401e-02 
9.543234e-01 
9.543234e-01 
9.543234e-01 
9.543215e-01 
9.542506e-01 
9.542428e-01 
9.542428e-01 
9.542428e-01 
8.653338e-01 
1.347154e-05 
1.655315e-05 
1.655315e-05 
1.655315e-05 
1.660707e-05 
2.163468e-05 
-5.833315e-04 
-5.833315e-04 
-5.833315e-04 
-6.223404e-04 
-1.714491e-02 
-9.543232e-01 
-9.543232e-01 
-9.543232e-01 
-9.543207e-01 
-9.542483e-01 
-9.542419e-01 
-9.542419e-01 
-9.542419e-01 
-8.564767e-01 
1.327079e-05 
3.328137e-06 
3.328137e-06 
3.328137e-06 
3.381998e-06 
3.013602e-05 
6.443482e-04 
6.443482e-04 
6.443482e-04 
6.921074e-04 
1.798673e-02 
9.543234e-01 
9.543234e-01 
9.543234e-01 
9.543210e-01 
9.542504e-01 
9.542428e-01 
9.542428e-01 
9.542428e-01 
8.474309e-01 
1.307486e-05 
1.655315e-05 
1.655315e-05 
1.655315e-05 
1.662667e-05 
2.148208e-05 
-5.833315e-04 
-5.833315e-04 
-5.833315e-04 
-6.311669e-04 
-1.819223e-02 
-9.543232e-01 
-9.543232e-01 
-9.543232e-01 
-9.543201e-01 
-9.542482e-01 
-9.542419e-01 
-9.542419e-01 
-9.542419e-01 
-8.381914e-01 
1.288261e-05 
1.655315e-05 
1.655315e-05 
1.655315e-05 
1.663758e-05 
2.139573e-05 
-5.833315e-04 
-5.833315e-04 
-5.833315e-04 
-6.357886e-04 
-1.874746e-02 
-9.543232e-01 
-9.543232e-01 
-9.543232e-01 
-9.543198e-01 
-9.542481e-01 
-9.542419e-01 
-9.542419e-01 
-9.542419e-01 
-8.287861e-01 
1.269443e-05 
3.328137e-06 
3.328137e-06 
3.328137e-06 
3.412750e-06 
3.200817e-05 
6.443482e-04 
6.443482e-04 
6.443482e-04 
7.072782e-04 
1.967809e-02 
9.543234e-01 
9.543234e-01 
9.543234e-01 
9.543202e-01 
9.542501e-01 
9.542428e-01 
9.542428e-01 
9.542428e-01 
8.192281e-01 
1.251047e-05 
1.655315e-05 
1.655315e-05 
1.655315e-05 
1.666149e-05 
2.120107e-05 
-5.833315e-04 
-5.833315e-04 
-5.833315e-04 
-6.454060e-04 
-1.992631e-02 
-9.543232e-01 
-9.543232e-01 
-9.543232e-01 
-9.543191e-01 
-9.542480e-01 
-9.542419e-01 
-9.542419e-01 
-9.542419e-01 
-8.095075e-01
#[#TRACE_DATA]
#[#TRACE]
