Running 1 simulations with a radial tolerance of 0.001000
Running simulation 0
About to start the coherence vector simulation with 7000000 samples
3000 samples will be recorded for graphing.
Coherence vector simulation: 0.0Simulation found 6 inputs 1 outputs
It took 29 iterations to converge the initial steady state polarization
Percentage: 0
Percentage: 0.00142857
Percentage: 0.00285714
Percentage: 0.00428571
Percentage: 0.00571429
Percentage: 0.00714286
Percentage: 0.00857143
Percentage: 0.01
Percentage: 0.0114286
Percentage: 0.0128571
Percentage: 0.0142857
Percentage: 0.0157143
Percentage: 0.0171429
Percentage: 0.0185714
Percentage: 0.02
Percentage: 0.0214286
Percentage: 0.0228571
Percentage: 0.0242857
Percentage: 0.0257143
Percentage: 0.0271429
Percentage: 0.0285714
Percentage: 0.03
Percentage: 0.0314286
Percentage: 0.0328571
Percentage: 0.0342857
Percentage: 0.0357143
Percentage: 0.0371429
Percentage: 0.0385714
Percentage: 0.04
Percentage: 0.0414286
Percentage: 0.0428571
Percentage: 0.0442857
Percentage: 0.0457143
Percentage: 0.0471429
Percentage: 0.0485714
Percentage: 0.05
Percentage: 0.0514286
Percentage: 0.0528571
Percentage: 0.0542857
Percentage: 0.0557143
Percentage: 0.0571429
Percentage: 0.0585714
Percentage: 0.06
Percentage: 0.0614286
Percentage: 0.0628571
Percentage: 0.0642857
Percentage: 0.0657143
Percentage: 0.0671429
Percentage: 0.0685714
Percentage: 0.07
Percentage: 0.0714286
Percentage: 0.0728571
Percentage: 0.0742857
Percentage: 0.0757143
Percentage: 0.0771429
Percentage: 0.0785714
Percentage: 0.08
Percentage: 0.0814286
Percentage: 0.0828571
Percentage: 0.0842857
Percentage: 0.0857143
Percentage: 0.0871429
Percentage: 0.0885714
Percentage: 0.09
Percentage: 0.0914286
Percentage: 0.0928571
Percentage: 0.0942857
Percentage: 0.0957143
Percentage: 0.0971429
Percentage: 0.0985714
Percentage: 0.1
Percentage: 0.101429
Percentage: 0.102857
Percentage: 0.104286
Percentage: 0.105714
Percentage: 0.107143
Percentage: 0.108571
Percentage: 0.11
Percentage: 0.111429
Percentage: 0.112857
Percentage: 0.114286
Percentage: 0.115714
Percentage: 0.117143
Percentage: 0.118571
Percentage: 0.12
Percentage: 0.121429
Percentage: 0.122857
Percentage: 0.124286
Percentage: 0.125714
Percentage: 0.127143
Percentage: 0.128571
Percentage: 0.13
Percentage: 0.131429
Percentage: 0.132857
Percentage: 0.134286
Percentage: 0.135714
Percentage: 0.137143
Percentage: 0.138571
Percentage: 0.14
Percentage: 0.141429
Percentage: 0.142857
Percentage: 0.144286
Percentage: 0.145714
Percentage: 0.147143
Percentage: 0.148571
Percentage: 0.15
Percentage: 0.151429
Percentage: 0.152857
Percentage: 0.154286
Percentage: 0.155714
Percentage: 0.157143
Percentage: 0.158571
Percentage: 0.16
Percentage: 0.161429
Percentage: 0.162857
Percentage: 0.164286
Percentage: 0.165714
Percentage: 0.167143
Percentage: 0.168571
Percentage: 0.17
Percentage: 0.171429
Percentage: 0.172857
Percentage: 0.174286
Percentage: 0.175714
Percentage: 0.177143
Percentage: 0.178571
Percentage: 0.18
Percentage: 0.181429
Percentage: 0.182857
Percentage: 0.184286
Percentage: 0.185714
Percentage: 0.187143
Percentage: 0.188571
Percentage: 0.19
Percentage: 0.191429
Percentage: 0.192857
Percentage: 0.194286
Percentage: 0.195714
Percentage: 0.197143
Percentage: 0.198571
Percentage: 0.2
Percentage: 0.201429
Percentage: 0.202857
Percentage: 0.204286
Percentage: 0.205714
Percentage: 0.207143
Percentage: 0.208571
Percentage: 0.21
Percentage: 0.211429
Percentage: 0.212857
Percentage: 0.214286
Percentage: 0.215714
Percentage: 0.217143
Percentage: 0.218571
Percentage: 0.22
Percentage: 0.221429
Percentage: 0.222857
Percentage: 0.224286
Percentage: 0.225714
Percentage: 0.227143
Percentage: 0.228571
Percentage: 0.23
Percentage: 0.231429
Percentage: 0.232857
Percentage: 0.234286
Percentage: 0.235714
Percentage: 0.237143
Percentage: 0.238571
Percentage: 0.24
Percentage: 0.241429
Percentage: 0.242857
Percentage: 0.244286
Percentage: 0.245714
Percentage: 0.247143
Percentage: 0.248571
Percentage: 0.25
Percentage: 0.251429
Percentage: 0.252857
Percentage: 0.254286
Percentage: 0.255714
Percentage: 0.257143
Percentage: 0.258571
Percentage: 0.26
Percentage: 0.261429
Percentage: 0.262857
Percentage: 0.264286
Percentage: 0.265714
Percentage: 0.267143
Percentage: 0.268571
Percentage: 0.27
Percentage: 0.271429
Percentage: 0.272857
Percentage: 0.274286
Percentage: 0.275714
Percentage: 0.277143
Percentage: 0.278571
Percentage: 0.28
Percentage: 0.281429
Percentage: 0.282857
Percentage: 0.284286
Percentage: 0.285714
Percentage: 0.287143
Percentage: 0.288571
Percentage: 0.29
Percentage: 0.291429
Percentage: 0.292857
Percentage: 0.294286
Percentage: 0.295714
Percentage: 0.297143
Percentage: 0.298571
Percentage: 0.3
Percentage: 0.301429
Percentage: 0.302857
Percentage: 0.304286
Percentage: 0.305714
Percentage: 0.307143
Percentage: 0.308571
Percentage: 0.31
Percentage: 0.311429
Percentage: 0.312857
Percentage: 0.314286
Percentage: 0.315714
Percentage: 0.317143
Percentage: 0.318571
Percentage: 0.32
Percentage: 0.321429
Percentage: 0.322857
Percentage: 0.324286
Percentage: 0.325714
Percentage: 0.327143
Percentage: 0.328571
Percentage: 0.33
Percentage: 0.331429
Percentage: 0.332857
Percentage: 0.334286
Percentage: 0.335714
Percentage: 0.337143
Percentage: 0.338571
Percentage: 0.34
Percentage: 0.341429
Percentage: 0.342857
Percentage: 0.344286
Percentage: 0.345714
Percentage: 0.347143
Percentage: 0.348571
Percentage: 0.35
Percentage: 0.351429
Percentage: 0.352857
Percentage: 0.354286
Percentage: 0.355714
Percentage: 0.357143
Percentage: 0.358571
Percentage: 0.36
Percentage: 0.361429
Percentage: 0.362857
Percentage: 0.364286
Percentage: 0.365714
Percentage: 0.367143
Percentage: 0.368571
Percentage: 0.37
Percentage: 0.371429
Percentage: 0.372857
Percentage: 0.374286
Percentage: 0.375714
Percentage: 0.377143
Percentage: 0.378571
Percentage: 0.38
Percentage: 0.381429
Percentage: 0.382857
Percentage: 0.384286
Percentage: 0.385714
Percentage: 0.387143
Percentage: 0.388571
Percentage: 0.39
Percentage: 0.391429
Percentage: 0.392857
Percentage: 0.394286
Percentage: 0.395714
Percentage: 0.397143
Percentage: 0.398571
Percentage: 0.4
Percentage: 0.401429
Percentage: 0.402857
Percentage: 0.404286
Percentage: 0.405714
Percentage: 0.407143
Percentage: 0.408571
Percentage: 0.41
Percentage: 0.411429
Percentage: 0.412857
Percentage: 0.414286
Percentage: 0.415714
Percentage: 0.417143
Percentage: 0.418571
Percentage: 0.42
Percentage: 0.421429
Percentage: 0.422857
Percentage: 0.424286
Percentage: 0.425714
Percentage: 0.427143
Percentage: 0.428571
Percentage: 0.43
Percentage: 0.431429
Percentage: 0.432857
Percentage: 0.434286
Percentage: 0.435714
Percentage: 0.437143
Percentage: 0.438571
Percentage: 0.44
Percentage: 0.441429
Percentage: 0.442857
Percentage: 0.444286
Percentage: 0.445714
Percentage: 0.447143
Percentage: 0.448571
Percentage: 0.45
Percentage: 0.451429
Percentage: 0.452857
Percentage: 0.454286
Percentage: 0.455714
Percentage: 0.457143
Percentage: 0.458571
Percentage: 0.46
Percentage: 0.461429
Percentage: 0.462857
Percentage: 0.464286
Percentage: 0.465714
Percentage: 0.467143
Percentage: 0.468571
Percentage: 0.47
Percentage: 0.471429
Percentage: 0.472857
Percentage: 0.474286
Percentage: 0.475714
Percentage: 0.477143
Percentage: 0.478571
Percentage: 0.48
Percentage: 0.481429
Percentage: 0.482857
Percentage: 0.484286
Percentage: 0.485714
Percentage: 0.487143
Percentage: 0.488571
Percentage: 0.49
Percentage: 0.491429
Percentage: 0.492857
Percentage: 0.494286
Percentage: 0.495714
Percentage: 0.497143
Percentage: 0.498571
Percentage: 0.5
Percentage: 0.501429
Percentage: 0.502857
Percentage: 0.504286
Percentage: 0.505714
Percentage: 0.507143
Percentage: 0.508571
Percentage: 0.51
Percentage: 0.511429
Percentage: 0.512857
Percentage: 0.514286
Percentage: 0.515714
Percentage: 0.517143
Percentage: 0.518571
Percentage: 0.52
Percentage: 0.521429
Percentage: 0.522857
Percentage: 0.524286
Percentage: 0.525714
Percentage: 0.527143
Percentage: 0.528571
Percentage: 0.53
Percentage: 0.531429
Percentage: 0.532857
Percentage: 0.534286
Percentage: 0.535714
Percentage: 0.537143
Percentage: 0.538571
Percentage: 0.54
Percentage: 0.541429
Percentage: 0.542857
Percentage: 0.544286
Percentage: 0.545714
Percentage: 0.547143
Percentage: 0.548571
Percentage: 0.55
Percentage: 0.551429
Percentage: 0.552857
Percentage: 0.554286
Percentage: 0.555714
Percentage: 0.557143
Percentage: 0.558571
Percentage: 0.56
Percentage: 0.561429
Percentage: 0.562857
Percentage: 0.564286
Percentage: 0.565714
Percentage: 0.567143
Percentage: 0.568571
Percentage: 0.57
Percentage: 0.571429
Percentage: 0.572857
Percentage: 0.574286
Percentage: 0.575714
Percentage: 0.577143
Percentage: 0.578571
Percentage: 0.58
Percentage: 0.581429
Percentage: 0.582857
Percentage: 0.584286
Percentage: 0.585714
Percentage: 0.587143
Percentage: 0.588571
Percentage: 0.59
Percentage: 0.591429
Percentage: 0.592857
Percentage: 0.594286
Percentage: 0.595714
Percentage: 0.597143
Percentage: 0.598571
Percentage: 0.6
Percentage: 0.601429
Percentage: 0.602857
Percentage: 0.604286
Percentage: 0.605714
Percentage: 0.607143
Percentage: 0.608571
Percentage: 0.61
Percentage: 0.611429
Percentage: 0.612857
Percentage: 0.614286
Percentage: 0.615714
Percentage: 0.617143
Percentage: 0.618571
Percentage: 0.62
Percentage: 0.621429
Percentage: 0.622857
Percentage: 0.624286
Percentage: 0.625714
Percentage: 0.627143
Percentage: 0.628571
Percentage: 0.63
Percentage: 0.631429
Percentage: 0.632857
Percentage: 0.634286
Percentage: 0.635714
Percentage: 0.637143
Percentage: 0.638571
Percentage: 0.64
Percentage: 0.641429
Percentage: 0.642857
Percentage: 0.644286
Percentage: 0.645714
Percentage: 0.647143
Percentage: 0.648571
Percentage: 0.65
Percentage: 0.651429
Percentage: 0.652857
Percentage: 0.654286
Percentage: 0.655714
Percentage: 0.657143
Percentage: 0.658571
Percentage: 0.66
Percentage: 0.661429
Percentage: 0.662857
Percentage: 0.664286
Percentage: 0.665714
Percentage: 0.667143
Percentage: 0.668571
Percentage: 0.67
Percentage: 0.671429
Percentage: 0.672857
Percentage: 0.674286
Percentage: 0.675714
Percentage: 0.677143
Percentage: 0.678571
Percentage: 0.68
Percentage: 0.681429
Percentage: 0.682857
Percentage: 0.684286
Percentage: 0.685714
Percentage: 0.687143
Percentage: 0.688571
Percentage: 0.69
Percentage: 0.691429
Percentage: 0.692857
Percentage: 0.694286
Percentage: 0.695714
Percentage: 0.697143
Percentage: 0.698571
Percentage: 0.7
Percentage: 0.701429
Percentage: 0.702857
Percentage: 0.704286
Percentage: 0.705714
Percentage: 0.707143
Percentage: 0.708571
Percentage: 0.71
Percentage: 0.711429
Percentage: 0.712857
Percentage: 0.714286
Percentage: 0.715714
Percentage: 0.717143
Percentage: 0.718571
Percentage: 0.72
Percentage: 0.721429
Percentage: 0.722857
Percentage: 0.724286
Percentage: 0.725714
Percentage: 0.727143
Percentage: 0.728571
Percentage: 0.73
Percentage: 0.731429
Percentage: 0.732857
Percentage: 0.734286
Percentage: 0.735714
Percentage: 0.737143
Percentage: 0.738571
Percentage: 0.74
Percentage: 0.741429
Percentage: 0.742857
Percentage: 0.744286
Percentage: 0.745714
Percentage: 0.747143
Percentage: 0.748571
Percentage: 0.75
Percentage: 0.751429
Percentage: 0.752857
Percentage: 0.754286
Percentage: 0.755714
Percentage: 0.757143
Percentage: 0.758571
Percentage: 0.76
Percentage: 0.761429
Percentage: 0.762857
Percentage: 0.764286
Percentage: 0.765714
Percentage: 0.767143
Percentage: 0.768571
Percentage: 0.77
Percentage: 0.771429
Percentage: 0.772857
Percentage: 0.774286
Percentage: 0.775714
Percentage: 0.777143
Percentage: 0.778571
Percentage: 0.78
Percentage: 0.781429
Percentage: 0.782857
Percentage: 0.784286
Percentage: 0.785714
Percentage: 0.787143
Percentage: 0.788571
Percentage: 0.79
Percentage: 0.791429
Percentage: 0.792857
Percentage: 0.794286
Percentage: 0.795714
Percentage: 0.797143
Percentage: 0.798571
Percentage: 0.8
Percentage: 0.801429
Percentage: 0.802857
Percentage: 0.804286
Percentage: 0.805714
Percentage: 0.807143
Percentage: 0.808571
Percentage: 0.81
Percentage: 0.811429
Percentage: 0.812857
Percentage: 0.814286
Percentage: 0.815714
Percentage: 0.817143
Percentage: 0.818571
Percentage: 0.82
Percentage: 0.821429
Percentage: 0.822857
Percentage: 0.824286
Percentage: 0.825714
Percentage: 0.827143
Percentage: 0.828571
Percentage: 0.83
Percentage: 0.831429
Percentage: 0.832857
Percentage: 0.834286
Percentage: 0.835714
Percentage: 0.837143
Percentage: 0.838571
Percentage: 0.84
Percentage: 0.841429
Percentage: 0.842857
Percentage: 0.844286
Percentage: 0.845714
Percentage: 0.847143
Percentage: 0.848571
Percentage: 0.85
Percentage: 0.851429
Percentage: 0.852857
Percentage: 0.854286
Percentage: 0.855714
Percentage: 0.857143
Percentage: 0.858571
Percentage: 0.86
Percentage: 0.861429
Percentage: 0.862857
Percentage: 0.864286
Percentage: 0.865714
Percentage: 0.867143
Percentage: 0.868571
Percentage: 0.87
Percentage: 0.871429
Percentage: 0.872857
Percentage: 0.874286
Percentage: 0.875714
Percentage: 0.877143
Percentage: 0.878571
Percentage: 0.88
Percentage: 0.881429
Percentage: 0.882857
Percentage: 0.884286
Percentage: 0.885714
Percentage: 0.887143
Percentage: 0.888571
Percentage: 0.89
Percentage: 0.891429
Percentage: 0.892857
Percentage: 0.894286
Percentage: 0.895714
Percentage: 0.897143
Percentage: 0.898571
Percentage: 0.9
Percentage: 0.901429
Percentage: 0.902857
Percentage: 0.904286
Percentage: 0.905714
Percentage: 0.907143
Percentage: 0.908571
Percentage: 0.91
Percentage: 0.911429
Percentage: 0.912857
Percentage: 0.914286
Percentage: 0.915714
Percentage: 0.917143
Percentage: 0.918571
Percentage: 0.92
Percentage: 0.921429
Percentage: 0.922857
Percentage: 0.924286
Percentage: 0.925714
Percentage: 0.927143
Percentage: 0.928571
Percentage: 0.93
Percentage: 0.931429
Percentage: 0.932857
Percentage: 0.934286
Percentage: 0.935714
Percentage: 0.937143
Percentage: 0.938571
Percentage: 0.94
Percentage: 0.941429
Percentage: 0.942857
Percentage: 0.944286
Percentage: 0.945714
Percentage: 0.947143
Percentage: 0.948571
Percentage: 0.95
Percentage: 0.951429
Percentage: 0.952857
Percentage: 0.954286
Percentage: 0.955714
Percentage: 0.957143
Percentage: 0.958571
Percentage: 0.96
Percentage: 0.961429
Percentage: 0.962857
Percentage: 0.964286
Percentage: 0.965714
Percentage: 0.967143
Percentage: 0.968571
Percentage: 0.97
Percentage: 0.971429
Percentage: 0.972857
Percentage: 0.974286
Percentage: 0.975714
Percentage: 0.977143
Percentage: 0.978571
Percentage: 0.98
Percentage: 0.981429
Percentage: 0.982857
Percentage: 0.984286
Percentage: 0.985714
Percentage: 0.987143
Percentage: 0.988571
Percentage: 0.99
Percentage: 0.991429
Percentage: 0.992857
Percentage: 0.994286
Percentage: 0.995714
Percentage: 0.997143
Percentage: 0.998571
Total simulation time: 1142 s

Simulation Time: 1142 seconds
