#[TRACE]
#data_labels=Output
#[TRACE_DATA]
4.873757e-04 
9.539365e-01 
9.542487e-01 
9.542487e-01 
9.542487e-01 
9.542382e-01 
9.542332e-01 
9.542332e-01 
9.542332e-01 
9.542332e-01 
6.830042e-04 
2.722328e-06 
2.952986e-06 
2.952986e-06 
2.952986e-06 
8.893419e-06 
5.249515e-04 
5.365951e-04 
5.365951e-04 
5.365951e-04 
4.317636e-03 
9.541486e-01 
9.542487e-01 
9.542487e-01 
9.542487e-01 
9.542377e-01 
9.542332e-01 
9.542332e-01 
9.542332e-01 
9.542332e-01 
3.479420e-04 
1.555297e-05 
1.575128e-05 
1.575128e-05 
1.575128e-05 
1.929325e-05 
-4.719256e-04 
-4.833594e-04 
-4.833594e-04 
-4.833594e-04 
-5.032135e-03 
-9.542165e-01 
-9.542486e-01 
-9.542486e-01 
-9.542486e-01 
-9.542360e-01 
-9.542328e-01 
-9.542328e-01 
-9.542328e-01 
-9.542328e-01 
-1.132390e-04 
1.567276e-05 
1.575128e-05 
1.575128e-05 
1.575128e-05 
1.957187e-05 
-4.776846e-04 
-4.833594e-04 
-4.833594e-04 
-4.833594e-04 
-6.075157e-03 
-9.542383e-01 
-9.542486e-01 
-9.542486e-01 
-9.542486e-01 
-9.542357e-01 
-9.542328e-01 
-9.542328e-01 
-9.542328e-01 
-9.542328e-01 
-4.115813e-05 
1.572540e-05 
1.575128e-05 
1.575128e-05 
1.575128e-05 
1.983528e-05 
-4.806201e-04 
-4.833594e-04 
-4.833594e-04 
-4.833594e-04 
-7.422921e-03 
-9.542453e-01 
-9.542486e-01 
-9.542486e-01 
-9.542486e-01 
-9.542354e-01 
-9.542328e-01 
-9.542328e-01 
-9.542328e-01 
-9.542328e-01 
-8.738884e-06 
1.574590e-05 
1.575128e-05 
1.575128e-05 
1.575128e-05 
2.006642e-05 
-4.820677e-04 
-4.833594e-04 
-4.833594e-04 
-4.837260e-04 
-9.192678e-03 
-9.542475e-01 
-9.542486e-01 
-9.542486e-01 
-9.542486e-01 
-9.542352e-01 
-9.542328e-01 
-9.542328e-01 
-9.542328e-01 
-9.397145e-01 
4.957866e-06 
1.575249e-05 
1.575128e-05 
1.575128e-05 
1.575180e-05 
2.023890e-05 
-4.827620e-04 
-4.833594e-04 
-4.833594e-04 
-4.934179e-04 
-1.155878e-02 
-9.542482e-01 
-9.542486e-01 
-9.542486e-01 
-9.542486e-01 
-9.542350e-01 
-9.542328e-01 
-9.542328e-01 
-9.542328e-01 
-8.872220e-01 
1.009442e-05 
1.575376e-05 
1.575128e-05 
1.575128e-05 
1.575983e-05 
2.031195e-05 
-4.830875e-04 
-4.833594e-04 
-4.833594e-04 
-5.154558e-04 
-1.478697e-02 
-9.542485e-01 
-9.542486e-01 
-9.542486e-01 
-9.542484e-01 
-9.542348e-01 
-9.542328e-01 
-9.542328e-01 
-9.542328e-01 
-8.130306e-01 
9.477584e-06 
2.953768e-06 
2.952986e-06 
2.952986e-06 
2.991863e-06 
2.168363e-05 
5.365449e-04 
5.365951e-04 
5.365951e-04 
6.083033e-04 
1.966789e-02 
9.542486e-01 
9.542487e-01 
9.542487e-01 
9.542483e-01 
9.542354e-01 
9.542332e-01 
9.542332e-01 
9.542332e-01 
7.275190e-01 
1.374824e-05 
1.575268e-05 
1.575128e-05 
1.575128e-05 
1.584514e-05 
1.987027e-05 
-4.833051e-04 
-4.833594e-04 
-4.833594e-04 
-5.900883e-04 
-2.574938e-02 
-9.542486e-01 
-9.542486e-01 
-9.542486e-01 
-9.542478e-01 
-9.542344e-01 
-9.542328e-01 
-9.542328e-01 
-9.542328e-01 
-6.366118e-01 
8.473538e-06 
2.953341e-06 
2.952986e-06 
2.952986e-06 
3.142543e-06 
3.085601e-05 
5.365860e-04 
5.365951e-04 
5.365951e-04 
7.092718e-04 
3.587978e-02 
9.542487e-01 
9.542487e-01 
9.542487e-01 
9.542476e-01 
9.542349e-01 
9.542332e-01 
9.542332e-01 
9.542332e-01 
5.438531e-01 
1.024480e-05 
1.575175e-05 
1.575128e-05 
1.575128e-05 
1.603922e-05 
1.765885e-05 
-4.833489e-04 
-4.833594e-04 
-4.833594e-04 
-6.990279e-04 
-4.977593e-02 
-9.542486e-01 
-9.542486e-01 
-9.542486e-01 
-9.542468e-01 
-9.542341e-01 
-9.542328e-01 
-9.542328e-01 
-9.542328e-01 
-4.513495e-01 
9.034023e-06 
1.575153e-05 
1.575128e-05 
1.575128e-05 
1.616671e-05 
1.514685e-05 
-4.833548e-04 
-4.833594e-04 
-4.833594e-04 
-7.666382e-04 
-7.262188e-02 
-9.542486e-01 
-9.542486e-01 
-9.542486e-01 
-9.542461e-01 
-9.542340e-01 
-9.542328e-01 
-9.542328e-01 
-9.542328e-01 
-3.616956e-01 
8.393657e-06 
1.575141e-05 
1.575128e-05 
1.575128e-05 
1.630879e-05 
1.091814e-05 
-4.833574e-04 
-4.833594e-04 
-4.833594e-04 
-8.443580e-04 
-1.096899e-01 
-9.542486e-01 
-9.542486e-01 
-9.542486e-01 
-9.542454e-01 
-9.542338e-01 
-9.542328e-01 
-9.542328e-01 
-9.542328e-01 
-2.778509e-01 
7.906861e-06 
1.575135e-05 
1.575128e-05 
1.575128e-05 
1.646308e-05 
3.953088e-06 
-4.833585e-04 
-4.833594e-04 
-4.833594e-04 
-9.338007e-04 
-1.705379e-01 
-9.542486e-01 
-9.542486e-01 
-9.542486e-01 
-9.542445e-01 
-9.542337e-01 
-9.542328e-01 
-9.542328e-01 
-9.542328e-01 
-2.033676e-01 
7.588947e-06 
1.575131e-05 
1.575128e-05 
1.575128e-05 
1.662847e-05 
-7.293766e-06 
-4.833590e-04 
-4.833594e-04 
-4.833594e-04 
-1.037055e-03 
-2.668859e-01 
-9.542486e-01 
-9.542486e-01 
-9.542486e-01 
-9.542436e-01 
-9.542336e-01 
-9.542328e-01 
-9.542328e-01 
-9.542328e-01 
-1.413477e-01 
7.451650e-06 
1.575130e-05 
1.575128e-05 
1.575128e-05 
1.680466e-05 
-2.497211e-05 
-4.833592e-04 
-4.833594e-04 
-4.833594e-04 
-1.156746e-03 
-4.021954e-01 
-9.542486e-01 
-9.542486e-01 
-9.542486e-01 
-9.542427e-01 
-9.542334e-01 
-9.542328e-01 
-9.542328e-01 
-9.542328e-01 
-9.328057e-02 
7.501057e-06 
1.575129e-05 
1.575128e-05 
1.575128e-05 
1.699182e-05 
-5.164900e-05 
-4.833593e-04 
-4.833594e-04 
-4.833594e-04 
-1.296155e-03 
-5.582738e-01 
-9.542486e-01 
-9.542486e-01 
-9.542486e-01 
-9.542417e-01 
-9.542333e-01 
-9.542328e-01 
-9.542328e-01 
-9.542328e-01 
-5.859748e-02 
7.746153e-06 
1.575128e-05 
1.575128e-05 
1.575128e-05 
1.719030e-05 
-8.970015e-05 
-4.833593e-04 
-4.833594e-04 
-4.833594e-04 
-1.459391e-03 
-7.059148e-01 
-9.542486e-01 
-9.542486e-01 
-9.542486e-01 
-9.542407e-01 
-9.542332e-01 
-9.542328e-01 
-9.542328e-01 
-9.542328e-01 
-3.517508e-02 
8.294928e-06 
1.575128e-05 
1.575128e-05 
1.575128e-05 
1.740054e-05 
-1.404450e-04 
-4.833594e-04 
-4.833594e-04 
-4.833594e-04 
-1.651645e-03 
-8.271089e-01 
-9.542486e-01 
-9.542486e-01 
-9.542486e-01 
-9.542398e-01 
-9.542331e-01 
-9.542328e-01 
-9.542328e-01 
-9.542328e-01 
-2.026142e-02 
9.321781e-06 
1.575128e-05 
1.575128e-05 
1.575128e-05 
1.762291e-05 
-2.033848e-04 
-4.833594e-04 
-4.833594e-04 
-4.833594e-04 
-1.879536e-03 
-9.097929e-01 
-9.542486e-01 
-9.542486e-01 
-9.542486e-01 
-9.542390e-01 
-9.542330e-01 
-9.542328e-01 
-9.542328e-01 
-9.542328e-01 
-1.124167e-02 
1.077576e-05 
1.575128e-05 
1.575128e-05 
1.575128e-05 
1.785761e-05 
-2.742932e-04 
-4.833594e-04 
-4.833594e-04 
-4.833594e-04 
-2.151589e-03 
-9.399904e-01 
-9.542486e-01 
-9.542486e-01 
-9.542486e-01 
-9.542383e-01 
-9.542329e-01 
-9.542328e-01 
-9.542328e-01 
-9.542328e-01 
-6.026080e-03 
1.235413e-05 
1.575128e-05 
1.575128e-05 
1.575128e-05 
1.810458e-05 
-3.416040e-04 
-4.833594e-04 
-4.833594e-04 
-4.833594e-04 
-2.478903e-03 
-9.496797e-01 
-9.542486e-01 
-9.542486e-01 
-9.542486e-01 
-9.542377e-01 
-9.542329e-01 
-9.542328e-01 
-9.542328e-01 
-9.542328e-01 
-3.127004e-03 
1.367663e-05 
1.575128e-05 
1.575128e-05 
1.575128e-05 
1.836331e-05 
-3.951910e-04 
-4.833594e-04 
-4.833594e-04 
-4.833594e-04 
-2.876094e-03 
-9.527854e-01 
-9.542486e-01 
-9.542486e-01 
-9.542486e-01 
-9.542372e-01 
-9.542329e-01 
-9.542328e-01 
-9.542328e-01 
-9.542328e-01 
-1.574841e-03 
2.375438e-06 
2.952986e-06 
2.952986e-06 
2.952986e-06 
7.801474e-06 
5.085561e-04 
5.365951e-04 
5.365951e-04 
5.365951e-04 
3.451061e-03 
9.537807e-01 
9.542487e-01 
9.542487e-01 
9.542487e-01 
9.542384e-01 
9.542332e-01 
9.542332e-01 
9.542332e-01 
9.542332e-01 
8.732393e-04 
1.517079e-05 
1.575128e-05 
1.575128e-05 
1.575128e-05 
1.891034e-05 
-4.554582e-04 
-4.833594e-04 
-4.833594e-04 
-4.833594e-04 
-3.964812e-03 
-9.540984e-01 
-9.542486e-01 
-9.542486e-01 
-9.542486e-01 
-9.542364e-01 
-9.542328e-01 
-9.542328e-01 
-9.542328e-01 
-9.542328e-01 
-3.577731e-04 
2.812084e-06 
2.952986e-06 
2.952986e-06 
2.952986e-06 
9.500392e-06 
5.291428e-04 
5.365951e-04 
5.365951e-04 
5.365951e-04 
4.832946e-03 
9.542006e-01 
9.542487e-01 
9.542487e-01 
9.542487e-01 
9.542374e-01 
9.542332e-01 
9.542332e-01 
9.542332e-01 
9.542332e-01 
2.259595e-04 
3.062183e-06 
2.931634e-06 
2.931634e-06 
2.931634e-06 
1.051238e-05 
5.329700e-04 
5.365918e-04 
5.365918e-04 
5.365918e-04 
5.806286e-03 
9.542333e-01 
9.542487e-01 
9.542487e-01 
9.542487e-01 
9.542370e-01 
9.542332e-01 
9.542332e-01 
9.542332e-01 
9.542332e-01 
1.184059e-04 
2.984723e-06 
2.931634e-06 
2.931634e-06 
2.931634e-06 
1.179184e-05 
5.348851e-04 
5.365918e-04 
5.365918e-04 
5.365918e-04 
7.058783e-03 
9.542437e-01 
9.542487e-01 
9.542487e-01 
9.542487e-01 
9.542366e-01 
9.542332e-01 
9.542332e-01 
9.542332e-01 
9.542332e-01 
6.535003e-05 
2.950358e-06 
2.931634e-06 
2.931634e-06 
2.931634e-06 
1.332999e-05 
5.358079e-04 
5.365918e-04 
5.365918e-04 
5.365918e-04 
8.692890e-03 
9.542471e-01 
9.542487e-01 
9.542487e-01 
9.542487e-01 
9.542363e-01 
9.542332e-01 
9.542332e-01 
9.542332e-01 
9.500573e-01 
3.904929e-05 
2.936604e-06 
2.931634e-06 
2.931634e-06 
2.931718e-06 
1.519975e-05 
5.362393e-04 
5.365918e-04 
5.365918e-04 
5.422847e-04 
1.086173e-02 
9.542482e-01 
9.542487e-01 
9.542487e-01 
9.542486e-01 
9.542360e-01 
9.542332e-01 
9.542332e-01 
9.542332e-01 
9.090981e-01 
2.573540e-05 
1.575362e-05 
1.575128e-05 
1.575128e-05 
1.575529e-05 
2.030075e-05 
-4.829991e-04 
-4.833594e-04 
-4.833594e-04 
-5.063036e-04 
-1.351837e-02 
-9.542484e-01 
-9.542486e-01 
-9.542486e-01 
-9.542485e-01 
-9.542349e-01 
-9.542328e-01 
-9.542328e-01 
-9.542328e-01 
-8.411270e-01 
1.124139e-05 
1.575358e-05 
1.575128e-05 
1.575128e-05 
1.577515e-05 
2.027802e-05 
-4.831967e-04 
-4.833594e-04 
-4.833594e-04 
-5.354237e-04 
-1.750957e-02 
-9.542485e-01 
-9.542486e-01 
-9.542486e-01 
-9.542483e-01 
-9.542347e-01 
-9.542328e-01 
-9.542328e-01 
-9.542328e-01 
-7.587694e-01 
1.147604e-05 
1.575292e-05 
1.575128e-05 
1.575128e-05 
1.582155e-05 
2.003373e-05 
-4.832868e-04 
-4.833594e-04 
-4.833594e-04 
-5.742021e-04 
-2.317290e-02 
-9.542486e-01 
-9.542486e-01 
-9.542486e-01 
-9.542480e-01 
-9.542345e-01 
-9.542328e-01 
-9.542328e-01 
-9.542328e-01 
-6.692933e-01 
1.089977e-05 
1.575230e-05 
1.575128e-05 
1.575128e-05 
1.589702e-05 
1.943465e-05 
-4.833273e-04 
-4.833594e-04 
-4.833594e-04 
-6.215573e-04 
-3.143697e-02 
-9.542486e-01 
-9.542486e-01 
-9.542486e-01 
-9.542475e-01 
-9.542343e-01 
-9.542328e-01 
-9.542328e-01 
-9.542328e-01 
-5.768524e-01 
1.009155e-05 
1.575186e-05 
1.575128e-05 
1.575128e-05 
1.599811e-05 
1.826888e-05 
-4.833454e-04 
-4.833594e-04 
-4.833594e-04 
-6.771930e-04 
-4.387786e-02 
-9.542486e-01 
-9.542486e-01 
-9.542486e-01 
-9.542470e-01 
-9.542342e-01 
-9.542328e-01 
-9.542328e-01 
-9.542328e-01 
-4.840289e-01 
9.294226e-06 
1.575160e-05 
1.575128e-05 
1.575128e-05 
1.611954e-05 
1.619682e-05 
-4.833533e-04 
-4.833594e-04 
-4.833594e-04 
-7.415098e-04 
-6.324253e-02 
-9.542486e-01 
-9.542486e-01 
-9.542486e-01 
-9.542464e-01 
-9.542340e-01 
-9.542328e-01 
-9.542328e-01 
-9.542328e-01 
-3.930810e-01 
8.604756e-06 
1.575145e-05 
1.575128e-05 
1.575128e-05 
1.625678e-05 
1.267271e-05 
-4.833567e-04 
-4.833594e-04 
-4.833594e-04 
-8.154743e-04 
-9.436576e-02 
-9.542486e-01 
-9.542486e-01 
-9.542486e-01 
-9.542457e-01 
-9.542339e-01 
-9.542328e-01 
-9.542328e-01 
-9.542328e-01 
-3.067772e-01 
8.061286e-06 
1.575136e-05 
1.575128e-05 
1.575128e-05 
1.640691e-05 
6.827379e-06 
-4.833582e-04 
-4.833594e-04 
-4.833594e-04 
-9.005349e-04 
-1.454249e-01 
-9.542486e-01 
-9.542486e-01 
-9.542486e-01 
-9.542449e-01 
-9.542337e-01 
-9.542328e-01 
-9.542328e-01 
-9.542328e-01 
-2.285594e-01 
7.681832e-06 
1.575132e-05 
1.575128e-05 
1.575128e-05 
1.656842e-05 
-2.681743e-06 
-4.833589e-04 
-4.833594e-04 
-4.833594e-04 
-9.986071e-04 
-2.279717e-01 
-9.542486e-01 
-9.542486e-01 
-9.542486e-01 
-9.542440e-01 
-9.542336e-01 
-9.542328e-01 
-9.542328e-01 
-9.542328e-01 
-1.618422e-01 
3.210762e-06 
2.952995e-06 
2.952986e-06 
2.952986e-06 
4.161464e-06 
1.227989e-04 
5.365950e-04 
5.365951e-04 
5.365951e-04 
1.203542e-03 
3.519100e-01 
9.542487e-01 
9.542487e-01 
9.542487e-01 
9.542443e-01 
9.542340e-01 
9.542332e-01 
9.542332e-01 
9.542332e-01 
1.093593e-01 
7.465094e-06 
1.575129e-05 
1.575128e-05 
1.575128e-05 
1.692399e-05 
-4.096999e-05 
-4.833593e-04 
-4.833594e-04 
-4.833594e-04 
-1.244090e-03 
-5.023164e-01 
-9.542486e-01 
-9.542486e-01 
-9.542486e-01 
-9.542420e-01 
-9.542334e-01 
-9.542328e-01 
-9.542328e-01 
-9.542328e-01 
-6.951550e-02 
1.360319e-06 
2.952988e-06 
2.952986e-06 
2.952986e-06 
4.726629e-06 
2.119445e-04 
5.365951e-04 
5.365951e-04 
5.365951e-04 
1.482452e-03 
6.564571e-01 
9.542487e-01 
9.542487e-01 
9.542487e-01 
9.542428e-01 
9.542337e-01 
9.542332e-01 
9.542332e-01 
9.542332e-01 
4.288003e-02 
8.050708e-06 
1.575128e-05 
1.575128e-05 
1.575128e-05 
1.732442e-05 
-1.209330e-04 
-4.833593e-04 
-4.833594e-04 
-4.833594e-04 
-1.579582e-03 
-7.875659e-01 
-9.542486e-01 
-9.542486e-01 
-9.542486e-01 
-9.542401e-01 
-9.542332e-01 
-9.542328e-01 
-9.542328e-01 
-9.542328e-01 
-2.476245e-02 
8.904420e-06 
1.575128e-05 
1.575128e-05 
1.575128e-05 
1.754244e-05 
-1.797372e-04 
-4.833594e-04 
-4.833594e-04 
-4.833594e-04 
-1.793936e-03 
-8.876481e-01 
-9.542486e-01 
-9.542486e-01 
-9.542486e-01 
-9.542393e-01 
-9.542331e-01 
-9.542328e-01 
-9.542328e-01 
-9.542328e-01 
-1.391779e-02 
1.021958e-05 
1.575128e-05 
1.575128e-05 
1.575128e-05 
1.777274e-05 
-2.487939e-04 
-4.833594e-04 
-4.833594e-04 
-4.833594e-04 
-2.049165e-03 
-9.328799e-01 
-9.542486e-01 
-9.542486e-01 
-9.542486e-01 
-9.542385e-01 
-9.542330e-01 
-9.542328e-01 
-9.542328e-01 
-9.542328e-01 
-7.550359e-03 
1.180723e-05 
1.575128e-05 
1.575128e-05 
1.575128e-05 
1.801538e-05 
-3.188716e-04 
-4.833594e-04 
-4.833594e-04 
-4.833594e-04 
-2.355362e-03 
-9.474005e-01 
-9.542486e-01 
-9.542486e-01 
-9.542486e-01 
-9.542379e-01 
-9.542329e-01 
-9.542328e-01 
-9.542328e-01 
-9.542328e-01 
-3.962948e-03 
1.324958e-05 
1.575128e-05 
1.575128e-05 
1.575128e-05 
1.827002e-05 
-3.780363e-04 
-4.833594e-04 
-4.833594e-04 
-4.833594e-04 
-2.725762e-03 
-9.520553e-01 
-9.542486e-01 
-9.542486e-01 
-9.542486e-01 
-9.542373e-01 
-9.542329e-01 
-9.542328e-01 
-9.542328e-01 
-9.542328e-01 
-2.014457e-03 
1.431888e-05 
1.575128e-05 
1.575128e-05 
1.575128e-05 
1.853576e-05 
-4.208965e-04 
-4.833594e-04 
-4.833594e-04 
-4.833594e-04 
-3.177924e-03 
-9.535462e-01 
-9.542486e-01 
-9.542486e-01 
-9.542486e-01 
-9.542369e-01 
-9.542329e-01 
-9.542328e-01 
-9.542328e-01 
-9.542328e-01 
-9.905315e-04 
1.500376e-05 
1.575128e-05 
1.575128e-05 
1.575128e-05 
1.881083e-05 
-4.485654e-04 
-4.833594e-04 
-4.833594e-04 
-4.833594e-04 
-3.735440e-03 
-9.540235e-01 
-9.542486e-01 
-9.542486e-01 
-9.542486e-01 
-9.542365e-01 
-9.542328e-01 
-9.542328e-01 
-9.542328e-01 
-9.542328e-01 
-4.686674e-04 
1.539495e-05 
1.575128e-05 
1.575128e-05 
1.575128e-05 
1.909211e-05 
-4.649335e-04 
-4.833594e-04 
-4.833594e-04 
-4.833594e-04 
-4.430448e-03 
-9.541765e-01 
-9.542486e-01 
-9.542486e-01 
-9.542486e-01 
-9.542362e-01 
-9.542328e-01 
-9.542328e-01 
-9.542328e-01 
-9.542328e-01 
-2.104136e-04 
1.559744e-05 
1.575128e-05 
1.575128e-05 
1.575128e-05 
1.937456e-05 
-4.739915e-04 
-4.833594e-04 
-4.833594e-04 
-4.833594e-04 
-5.307406e-03 
-9.542255e-01 
-9.542486e-01 
-9.542486e-01 
-9.542486e-01 
-9.542359e-01 
-9.542328e-01 
-9.542328e-01 
-9.542328e-01 
-9.542328e-01 
-8.642846e-05 
1.569291e-05 
1.575128e-05 
1.575128e-05 
1.575128e-05 
1.965014e-05 
-4.787481e-04 
-4.833594e-04 
-4.833594e-04 
-4.833594e-04 
-6.428854e-03 
-9.542412e-01 
-9.542486e-01 
-9.542486e-01 
-9.542486e-01 
-9.542356e-01 
-9.542328e-01 
-9.542328e-01 
-9.542328e-01 
-9.542328e-01 
-2.892675e-05 
1.573357e-05 
1.575128e-05 
1.575128e-05 
1.575128e-05 
1.990632e-05 
-4.811498e-04 
-4.833594e-04 
-4.833594e-04 
-4.833594e-04 
-7.884437e-03 
-9.542462e-01 
-9.542486e-01 
-9.542486e-01 
-9.542486e-01 
-9.542354e-01 
-9.542328e-01 
-9.542328e-01 
-9.542328e-01 
-9.542328e-01 
-3.450160e-06 
1.574873e-05 
1.575128e-05 
1.575128e-05 
1.575128e-05 
2.012374e-05 
-4.823239e-04 
-4.833594e-04 
-4.833594e-04 
-4.851877e-04 
-9.805331e-03 
-9.542478e-01 
-9.542486e-01 
-9.542486e-01 
-9.542486e-01 
-9.542351e-01 
-9.542328e-01 
-9.542328e-01 
-9.542328e-01 
-9.276481e-01 
7.039043e-06 
1.575318e-05 
1.575128e-05 
1.575128e-05 
1.575278e-05 
2.027250e-05 
-4.828829e-04 
-4.833594e-04 
-4.833594e-04 
-4.985816e-04 
-1.238794e-02 
-9.542483e-01 
-9.542486e-01 
-9.542486e-01 
-9.542485e-01 
-9.542349e-01 
-9.542328e-01 
-9.542328e-01 
-9.542328e-01 
-8.674498e-01 
8.760608e-06 
2.953796e-06 
2.952986e-06 
2.952986e-06 
2.968105e-06 
1.938326e-05 
5.365040e-04 
5.365951e-04 
5.365951e-04 
5.814970e-04 
1.625344e-02 
9.542486e-01 
9.542487e-01 
9.542487e-01 
9.542485e-01 
9.542355e-01 
9.542332e-01 
9.542332e-01 
9.542332e-01 
7.891670e-01 
1.591697e-05 
1.575317e-05 
1.575128e-05 
1.575128e-05 
1.580168e-05 
2.015303e-05 
-4.832626e-04 
-4.833594e-04 
-4.833594e-04 
-5.593928e-04 
-2.091953e-02 
-9.542486e-01 
-9.542486e-01 
-9.542486e-01 
-9.542481e-01 
-9.542345e-01 
-9.542328e-01 
-9.542328e-01 
-9.542328e-01 
-7.016148e-01 
9.076087e-06 
2.953487e-06 
2.952986e-06 
2.952986e-06 
3.074372e-06 
2.703194e-05 
5.365783e-04 
5.365951e-04 
5.365951e-04 
6.693234e-04 
2.862841e-02 
9.542486e-01 
9.542487e-01 
9.542487e-01 
9.542479e-01 
9.542351e-01 
9.542332e-01 
9.542332e-01 
9.542332e-01 
6.099221e-01 
1.120281e-05 
2.931120e-06 
2.931634e-06 
2.931634e-06 
3.151482e-06 
3.247835e-05 
5.365847e-04 
5.365918e-04 
5.365918e-04 
7.267061e-04 
3.949139e-02 
9.542487e-01 
9.542487e-01 
9.542487e-01 
9.542475e-01 
9.542349e-01 
9.542332e-01 
9.542332e-01 
9.542332e-01 
5.170320e-01 
9.915756e-06 
2.931333e-06 
2.931634e-06 
2.931634e-06 
3.279966e-06 
3.991518e-05 
5.365889e-04 
5.365918e-04 
5.365918e-04 
7.928494e-04 
5.617164e-02 
9.542487e-01 
9.542487e-01 
9.542487e-01 
9.542470e-01 
9.542347e-01 
9.542332e-01 
9.542332e-01 
9.542332e-01 
4.252232e-01 
8.980663e-06 
2.931468e-06 
2.931634e-06 
2.931634e-06 
3.434581e-06 
5.002081e-05 
5.365906e-04 
5.365918e-04 
5.365918e-04 
8.683106e-04 
8.263818e-02 
9.542487e-01 
9.542487e-01 
9.542487e-01 
9.542465e-01 
9.542345e-01 
9.542332e-01 
9.542332e-01 
9.542332e-01 
3.370210e-01 
8.297506e-06 
2.931546e-06 
2.931634e-06 
2.931634e-06 
3.613420e-06 
6.400139e-05 
5.365913e-04 
5.365918e-04 
5.365918e-04 
9.539313e-04 
1.257337e-01 
9.542487e-01 
9.542487e-01 
9.542487e-01 
9.542459e-01 
9.542343e-01 
9.542332e-01 
9.542332e-01 
9.542332e-01 
2.556429e-01 
7.822323e-06 
1.575133e-05 
1.575128e-05 
1.575128e-05 
1.650974e-05 
1.227498e-06 
-4.833587e-04 
-4.833594e-04 
-4.833594e-04 
-9.621053e-04 
-1.942691e-01 
-9.542486e-01 
-9.542486e-01 
-9.542486e-01 
-9.542443e-01 
-9.542337e-01 
-9.542328e-01 
-9.542328e-01 
-9.542328e-01 
-1.840670e-01 
7.530311e-06 
1.575131e-05 
1.575128e-05 
1.575128e-05 
1.667825e-05 
-1.163115e-05 
-4.833591e-04 
-4.833594e-04 
-4.833594e-04 
-1.069812e-03 
-3.023211e-01 
-9.542486e-01 
-9.542486e-01 
-9.542486e-01 
-9.542434e-01 
-9.542335e-01 
-9.542328e-01 
-9.542328e-01 
-9.542328e-01 
-1.260163e-01 
7.446685e-06 
1.575129e-05 
1.575128e-05 
1.575128e-05 
1.685758e-05 
-3.163861e-05 
-4.833592e-04 
-4.833594e-04 
-4.833594e-04 
-1.194830e-03 
-4.464715e-01 
-9.542486e-01 
-9.542486e-01 
-9.542486e-01 
-9.542424e-01 
-9.542334e-01 
-9.542328e-01 
-9.542328e-01 
-9.542328e-01 
-8.195859e-02 
7.550394e-06 
1.575129e-05 
1.575128e-05 
1.575128e-05 
1.704797e-05 
-6.138735e-05 
-4.833593e-04 
-4.833594e-04 
-4.833594e-04 
-1.340657e-03 
-6.028980e-01 
-9.542486e-01 
-9.542486e-01 
-9.542486e-01 
-9.542414e-01 
-9.542333e-01 
-9.542328e-01 
-9.542328e-01 
-9.542328e-01 
-5.079212e-02 
7.863562e-06 
1.575128e-05 
1.575128e-05 
1.575128e-05 
1.724981e-05 
-1.030375e-04 
-4.833593e-04 
-4.833594e-04 
-4.833594e-04 
-1.511687e-03 
-7.440477e-01 
-9.542486e-01 
-9.542486e-01 
-9.542486e-01 
-9.542404e-01 
-9.542332e-01 
-9.542328e-01 
-9.542328e-01 
-9.542328e-01 
-3.011567e-02 
8.541916e-06 
1.575128e-05 
1.575128e-05 
1.575128e-05 
1.746352e-05 
-1.574538e-04 
-4.833594e-04 
-4.833594e-04 
-4.833594e-04 
-1.713482e-03 
-8.562088e-01 
-9.542486e-01 
-9.542486e-01 
-9.542486e-01 
-9.542395e-01 
-9.542331e-01 
-9.542328e-01 
-9.542328e-01 
-9.542328e-01 
-1.715414e-02 
9.700917e-06 
1.575128e-05 
1.575128e-05 
1.575128e-05 
1.768944e-05 
-2.234461e-04 
-4.833594e-04 
-4.833594e-04 
-4.833594e-04 
-1.953156e-03 
-9.222261e-01 
-9.542486e-01 
-9.542486e-01 
-9.542486e-01 
-9.542388e-01 
-9.542330e-01 
-9.542328e-01 
-9.542328e-01 
-9.542328e-01 
-9.420889e-03 
1.123955e-05 
1.575128e-05 
1.575128e-05 
1.575128e-05 
1.792771e-05 
-2.946837e-04 
-4.833594e-04 
-4.833594e-04 
-4.833594e-04 
-2.239899e-03 
-9.439844e-01 
-9.542486e-01 
-9.542486e-01 
-9.542486e-01 
-9.542381e-01 
-9.542329e-01 
-9.542328e-01 
-9.542328e-01 
-9.542328e-01 
-5.002163e-03 
1.277327e-05 
1.575128e-05 
1.575128e-05 
1.575128e-05 
1.817815e-05 
-3.587602e-04 
-4.833594e-04 
-4.833594e-04 
-4.833594e-04 
-2.585713e-03 
-9.509611e-01 
-9.542486e-01 
-9.542486e-01 
-9.542486e-01 
-9.542375e-01 
-9.542329e-01 
-9.542328e-01 
-9.542328e-01 
-9.542328e-01 
-2.575780e-03 
2.077836e-06 
2.952986e-06 
2.952986e-06 
2.952986e-06 
7.312044e-06 
4.938154e-04 
5.365951e-04 
5.365951e-04 
5.365951e-04 
3.088861e-03 
9.531973e-01 
9.542487e-01 
9.542487e-01 
9.542487e-01 
9.542388e-01 
9.542332e-01 
9.542332e-01 
9.542332e-01 
9.542332e-01 
1.411363e-03 
1.479954e-05 
1.575128e-05 
1.575128e-05 
1.575128e-05 
1.871212e-05 
-4.402446e-04 
-4.833594e-04 
-4.833594e-04 
-4.833594e-04 
-3.523339e-03 
-9.539111e-01 
-9.542486e-01 
-9.542486e-01 
-9.542486e-01 
-9.542366e-01 
-9.542328e-01 
-9.542328e-01 
-9.542328e-01 
-9.542328e-01 
-6.175472e-04 
2.710772e-06 
2.952986e-06 
2.952986e-06 
2.952986e-06 
8.834140e-06 
5.244138e-04 
5.365951e-04 
5.365951e-04 
5.365951e-04 
4.268576e-03 
9.541407e-01 
9.542487e-01 
9.542487e-01 
9.542487e-01 
9.542378e-01 
9.542332e-01 
9.542332e-01 
9.542332e-01 
9.542332e-01 
3.639749e-04 
1.554127e-05 
1.575128e-05 
1.575128e-05 
1.575128e-05 
1.927443e-05 
-4.713959e-04 
-4.833594e-04 
-4.833594e-04 
-4.833594e-04 
-4.971290e-03 
-9.542140e-01 
-9.542486e-01 
-9.542486e-01 
-9.542486e-01 
-9.542360e-01 
-9.542328e-01 
-9.542328e-01 
-9.542328e-01 
-9.542328e-01 
-1.203114e-04 
1.566737e-05 
1.575128e-05 
1.575128e-05 
1.575128e-05 
1.955361e-05 
-4.774060e-04 
-4.833594e-04 
-4.833594e-04 
-4.833594e-04 
-5.997181e-03 
-9.542375e-01 
-9.542486e-01 
-9.542486e-01 
-9.542486e-01 
-9.542357e-01 
-9.542328e-01 
-9.542328e-01 
-9.542328e-01 
-9.542328e-01 
-4.440838e-05 
1.572317e-05 
1.575128e-05 
1.575128e-05 
1.575128e-05 
1.981849e-05 
-4.804812e-04 
-4.833594e-04 
-4.833594e-04 
-4.833594e-04 
-7.321469e-03 
-9.542450e-01 
-9.542486e-01 
-9.542486e-01 
-9.542486e-01 
-9.542354e-01 
-9.542328e-01 
-9.542328e-01 
-9.542328e-01 
-9.542328e-01 
-1.016011e-05 
1.574511e-05 
1.575128e-05 
1.575128e-05 
1.575128e-05 
2.005248e-05 
-4.820006e-04 
-4.833594e-04 
-4.833594e-04 
-4.835516e-04 
-9.058438e-03 
-9.542474e-01 
-9.542486e-01 
-9.542486e-01 
-9.542486e-01 
-9.542352e-01 
-9.542328e-01 
-9.542328e-01 
-9.542328e-01 
-9.420753e-01 
4.386411e-06 
1.575228e-05 
1.575128e-05 
1.575128e-05 
1.575166e-05 
2.022994e-05 
-4.827303e-04 
-4.833594e-04 
-4.833594e-04 
-4.923706e-04 
-1.137777e-02 
-9.542482e-01 
-9.542486e-01 
-9.542486e-01 
-9.542486e-01 
-9.542350e-01 
-9.542328e-01 
-9.542328e-01 
-9.542328e-01 
-8.915398e-01 
9.903856e-06 
1.575375e-05 
1.575128e-05 
1.575128e-05 
1.575879e-05 
2.031129e-05 
-4.830726e-04 
-4.833594e-04 
-4.833594e-04 
-5.136294e-04 
-1.453762e-02 
-9.542485e-01 
-9.542486e-01 
-9.542486e-01 
-9.542484e-01 
-9.542348e-01 
-9.542328e-01 
-9.542328e-01 
-9.542328e-01 
-8.184157e-01 
1.144962e-05 
1.575341e-05 
1.575128e-05 
1.575128e-05 
1.578557e-05 
2.023496e-05 
-4.832304e-04 
-4.833594e-04 
-4.833594e-04 
-5.456978e-04 
-1.894153e-02 
-9.542485e-01 
-9.542486e-01 
-9.542486e-01 
-9.542482e-01 
-9.542346e-01 
-9.542328e-01 
-9.542328e-01 
-9.542328e-01 
-7.334254e-01 
1.135798e-05 
1.575272e-05 
1.575128e-05 
1.575128e-05 
1.584044e-05 
1.990464e-05 
-4.833020e-04 
-4.833594e-04 
-4.833594e-04 
-5.870295e-04 
-2.523909e-02 
-9.542486e-01 
-9.542486e-01 
-9.542486e-01 
-9.542478e-01 
-9.542344e-01 
-9.542328e-01 
-9.542328e-01 
-9.542328e-01 
-6.427620e-01 
1.067527e-05 
1.575215e-05 
1.575128e-05 
1.575128e-05 
1.592381e-05 
1.916812e-05 
-4.833341e-04 
-4.833594e-04 
-4.833594e-04 
-6.367729e-04 
-3.450887e-02 
-9.542486e-01 
-9.542486e-01 
-9.542486e-01 
-9.542474e-01 
-9.542343e-01 
-9.542328e-01 
-9.542328e-01 
-9.542328e-01 
-5.499800e-01 
9.854090e-06 
1.575177e-05 
1.575128e-05 
1.575128e-05 
1.603133e-05 
1.778273e-05 
-4.833483e-04 
-4.833594e-04 
-4.833594e-04 
-6.948478e-04 
-4.859702e-02 
-9.542486e-01 
-9.542486e-01 
-9.542486e-01 
-9.542468e-01 
-9.542341e-01 
-9.542328e-01 
-9.542328e-01 
-9.542328e-01 
-4.574553e-01 
9.081639e-06 
1.575155e-05 
1.575128e-05 
1.575128e-05 
1.615773e-05 
1.535895e-05 
-4.833546e-04 
-4.833594e-04 
-4.833594e-04 
-7.618307e-04 
-7.073877e-02 
-9.542486e-01 
-9.542486e-01 
-9.542486e-01 
-9.542462e-01 
-9.542340e-01 
-9.542328e-01 
-9.542328e-01 
-9.542328e-01 
-3.675306e-01 
8.431783e-06 
1.575142e-05 
1.575128e-05 
1.575128e-05 
1.629892e-05 
1.127148e-05 
-4.833573e-04 
-4.833594e-04 
-4.833594e-04 
-8.388314e-04 
-1.066053e-01 
-9.542486e-01 
-9.542486e-01 
-9.542486e-01 
-9.542454e-01 
-9.542338e-01 
-9.542328e-01 
-9.542328e-01 
-9.542328e-01 
-2.831901e-01 
7.934211e-06 
1.575135e-05 
1.575128e-05 
1.575128e-05 
1.645244e-05 
4.530412e-06 
-4.833585e-04 
-4.833594e-04 
-4.833594e-04 
-9.274328e-04 
-1.654977e-01 
-9.542486e-01 
-9.542486e-01 
-9.542486e-01 
-9.542446e-01 
-9.542337e-01 
-9.542328e-01 
-9.542328e-01 
-9.542328e-01 
-2.079812e-01 
3.848060e-06 
2.953001e-06 
2.952986e-06 
2.952986e-06 
3.989168e-06 
1.003295e-04 
5.365950e-04 
5.365951e-04 
5.365951e-04 
1.120912e-03 
2.609554e-01 
9.542487e-01 
9.542487e-01 
9.542487e-01 
9.542448e-01 
9.542341e-01 
9.542332e-01 
9.542332e-01 
9.542332e-01 
1.456309e-01 
7.460827e-06 
1.575130e-05 
1.575128e-05 
1.575128e-05 
1.679257e-05 
-2.354252e-05 
-4.833592e-04 
-4.833594e-04 
-4.833594e-04 
-1.148192e-03 
-3.922072e-01 
-9.542486e-01 
-9.542486e-01 
-9.542486e-01 
-9.542427e-01 
-9.542335e-01 
-9.542328e-01 
-9.542328e-01 
-9.542328e-01 
-9.606179e-02 
2.021221e-06 
2.952989e-06 
2.952986e-06 
2.952986e-06 
4.510884e-06 
1.760427e-04 
5.365951e-04 
5.365951e-04 
5.365951e-04 
1.373868e-03 
5.488074e-01 
9.542487e-01 
9.542487e-01 
9.542487e-01 
9.542434e-01 
9.542338e-01 
9.542332e-01 
9.542332e-01 
9.542332e-01 
6.107916e-02 
7.675774e-06 
2.931631e-06 
2.931634e-06 
2.931634e-06 
4.783779e-06 
2.273069e-04 
5.365918e-04 
5.365918e-04 
5.365918e-04 
1.524407e-03 
6.972477e-01 
9.542487e-01 
9.542487e-01 
9.542487e-01 
9.542426e-01 
9.542336e-01 
9.542332e-01 
9.542332e-01 
9.542332e-01 
3.691503e-02 
7.924660e-06 
2.931632e-06 
2.931634e-06 
2.931634e-06 
5.128154e-06 
2.849523e-04 
5.365918e-04 
5.365918e-04 
5.365918e-04 
1.709518e-03 
8.201864e-01 
9.542487e-01 
9.542487e-01 
9.542487e-01 
9.542418e-01 
9.542335e-01 
9.542332e-01 
9.542332e-01 
9.542332e-01 
2.143472e-02 
7.834952e-06 
2.931633e-06 
2.931634e-06 
2.931634e-06 
5.516842e-06 
3.445855e-04 
5.365918e-04 
5.365918e-04 
5.365918e-04 
1.931885e-03 
9.063293e-01 
9.542487e-01 
9.542487e-01 
9.542487e-01 
9.542411e-01 
9.542334e-01 
9.542332e-01 
9.542332e-01 
9.542332e-01 
1.201323e-02 
7.088939e-06 
2.931634e-06 
2.931634e-06 
2.931634e-06 
5.957582e-06 
4.013579e-04 
5.365918e-04 
5.365918e-04 
5.365918e-04 
2.200511e-03 
9.388857e-01 
9.542487e-01 
9.542487e-01 
9.542487e-01 
9.542403e-01 
9.542333e-01 
9.542332e-01 
9.542332e-01 
9.542332e-01 
6.528183e-03 
1.225393e-05 
1.575128e-05 
1.575128e-05 
1.575128e-05 
1.808774e-05 
-3.374801e-04 
-4.833594e-04 
-4.833594e-04 
-4.833594e-04 
-2.455088e-03 
-9.493210e-01 
-9.542486e-01 
-9.542486e-01 
-9.542486e-01 
-9.542377e-01 
-9.542329e-01 
-9.542328e-01 
-9.542328e-01 
-9.542328e-01 
-3.270069e-03 
1.360045e-05 
1.575128e-05 
1.575128e-05 
1.575128e-05 
1.834571e-05 
-3.921260e-04 
-4.833594e-04 
-4.833594e-04 
-4.833594e-04 
-2.847076e-03 
-9.526704e-01 
-9.542486e-01 
-9.542486e-01 
-9.542486e-01 
-9.542372e-01 
-9.542329e-01 
-9.542328e-01 
-9.542328e-01 
-9.542328e-01 
-1.646790e-03 
1.455318e-05 
1.575128e-05 
1.575128e-05 
1.575128e-05 
1.861437e-05 
-4.302994e-04 
-4.833594e-04 
-4.833594e-04 
-4.833594e-04 
-3.326928e-03 
-9.537428e-01 
-9.542486e-01 
-9.542486e-01 
-9.542486e-01 
-9.542368e-01 
-9.542328e-01 
-9.542328e-01 
-9.542328e-01 
-9.542328e-01 
-8.014324e-04 
1.514210e-05 
1.575128e-05 
1.575128e-05 
1.575128e-05 
1.889162e-05 
-4.542676e-04 
-4.833594e-04 
-4.833594e-04 
-4.833594e-04 
-3.920403e-03 
-9.540865e-01 
-9.542486e-01 
-9.542486e-01 
-9.542486e-01 
-9.542364e-01 
-9.542328e-01 
-9.542328e-01 
-9.542328e-01 
-9.542328e-01 
-3.742507e-04 
1.546863e-05 
1.575128e-05 
1.575128e-05 
1.575128e-05 
1.917388e-05 
-4.681491e-04 
-4.833594e-04 
-4.833594e-04 
-4.833594e-04 
-4.662739e-03 
-9.541967e-01 
-9.542486e-01 
-9.542486e-01 
-9.542486e-01 
-9.542361e-01 
-9.542328e-01 
-9.542328e-01 
-9.542328e-01 
-9.542328e-01 
-1.646537e-04 
1.563318e-05 
1.575128e-05 
1.575128e-05 
1.575128e-05 
1.945533e-05 
-4.757010e-04 
-4.833594e-04 
-4.833594e-04 
-4.833594e-04 
-5.602912e-03 
-9.542320e-01 
-9.542486e-01 
-9.542486e-01 
-9.542486e-01 
-9.542358e-01 
-9.542328e-01 
-9.542328e-01 
-9.542328e-01 
-9.542328e-01 
-6.496361e-05 
1.570864e-05 
1.575128e-05 
1.575128e-05 
1.575128e-05 
1.972684e-05 
-4.796214e-04 
-4.833594e-04 
-4.833594e-04 
-4.833594e-04 
-6.810178e-03 
-9.542433e-01 
-9.542486e-01 
-9.542486e-01 
-9.542486e-01 
-9.542355e-01 
-9.542328e-01 
-9.542328e-01 
-9.542328e-01 
-9.542328e-01 
-1.926274e-05 
1.573971e-05 
1.575128e-05 
1.575128e-05 
1.575128e-05 
1.997419e-05 
-4.815808e-04 
-4.833594e-04 
-4.833594e-04 
-4.833594e-04 
-8.384381e-03 
-9.542469e-01 
-9.542486e-01 
-9.542486e-01 
-9.542486e-01 
-9.542353e-01 
-9.542328e-01 
-9.542328e-01 
-9.542328e-01 
-9.513729e-01 
6.408652e-07 
1.575070e-05 
1.575128e-05 
1.575128e-05 
1.575132e-05 
2.017544e-05 
-4.825306e-04 
-4.833594e-04 
-4.833594e-04 
-4.877424e-04 
-1.047256e-02 
-9.542480e-01 
-9.542486e-01 
-9.542486e-01 
-9.542486e-01 
-9.542351e-01 
-9.542328e-01 
-9.542328e-01 
-9.542328e-01 
-9.128422e-01 
6.585623e-06 
2.953481e-06 
2.952986e-06 
2.952986e-06 
2.956727e-06 
1.743120e-05 
5.364307e-04 
5.365951e-04 
5.365951e-04 
5.603096e-04 
1.357098e-02 
9.542485e-01 
9.542487e-01 
9.542487e-01 
9.542486e-01 
9.542357e-01 
9.542332e-01 
9.542332e-01 
9.542332e-01 
8.462131e-01 
1.905402e-05 
1.575361e-05 
1.575128e-05 
1.575128e-05 
1.577309e-05 
2.028528e-05 
-4.831878e-04 
-4.833594e-04 
-4.833594e-04 
-5.331671e-04 
-1.719916e-02 
-9.542485e-01 
-9.542486e-01 
-9.542486e-01 
-9.542483e-01 
-9.542347e-01 
-9.542328e-01 
-9.542328e-01 
-9.542328e-01 
-7.645432e-01 
9.469657e-06 
2.953652e-06 
2.952986e-06 
2.952986e-06 
3.022282e-06 
2.386676e-05 
5.365643e-04 
5.365951e-04 
5.365951e-04 
6.337839e-04 
2.315551e-02 
9.542486e-01 
9.542487e-01 
9.542487e-01 
9.542482e-01 
9.542352e-01 
9.542332e-01 
9.542332e-01 
9.542332e-01 
6.754088e-01 
1.244149e-05 
1.575233e-05 
1.575128e-05 
1.575128e-05 
1.589112e-05 
1.948933e-05 
-4.833256e-04 
-4.833594e-04 
-4.833594e-04 
-6.181426e-04 
-3.077816e-02 
-9.542486e-01 
-9.542486e-01 
-9.542486e-01 
-9.542475e-01 
-9.542343e-01 
-9.542328e-01 
-9.542328e-01 
-9.542328e-01 
-5.830524e-01 
1.014674e-05 
1.575189e-05 
1.575128e-05 
1.575128e-05 
1.599068e-05 
1.837017e-05 
-4.833446e-04 
-4.833594e-04 
-4.833594e-04 
-6.732201e-04 
-4.287188e-02 
-9.542486e-01 
-9.542486e-01 
-9.542486e-01 
-9.542470e-01 
-9.542342e-01 
-9.542328e-01 
-9.542328e-01 
-9.542328e-01 
-4.901863e-01 
9.344670e-06 
1.575161e-05 
1.575128e-05 
1.575128e-05 
1.611091e-05 
1.637270e-05 
-4.833529e-04 
-4.833594e-04 
-4.833594e-04 
-7.369346e-04 
-6.165395e-02 
-9.542486e-01 
-9.542486e-01 
-9.542486e-01 
-9.542464e-01 
-9.542340e-01 
-9.542328e-01 
-9.542328e-01 
-9.542328e-01 
-3.990356e-01 
8.646447e-06 
1.575145e-05 
1.575128e-05 
1.575128e-05 
1.624721e-05 
1.296812e-05 
-4.833566e-04 
-4.833594e-04 
-4.833594e-04 
-8.102158e-04 
-9.178211e-02 
-9.542486e-01 
-9.542486e-01 
-9.542486e-01 
-9.542457e-01 
-9.542339e-01 
-9.542328e-01 
-9.542328e-01 
-9.542328e-01 
-3.123206e-01 
8.092577e-06 
1.575137e-05 
1.575128e-05 
1.575128e-05 
1.639654e-05 
7.313275e-06 
-4.833582e-04 
-4.833594e-04 
-4.833594e-04 
-8.944820e-04 
-1.411777e-01 
-9.542486e-01 
-9.542486e-01 
-9.542486e-01 
-9.542449e-01 
-9.542337e-01 
-9.542328e-01 
-9.542328e-01 
-9.542328e-01 
-2.334510e-01 
7.701760e-06 
1.575132e-05 
1.575128e-05 
1.575128e-05 
1.655731e-05 
-1.898138e-06 
-4.833589e-04 
-4.833594e-04 
-4.833594e-04 
-9.916172e-04 
-2.212591e-01 
-9.542486e-01 
-9.542486e-01 
-9.542486e-01 
-9.542440e-01 
-9.542336e-01 
-9.542328e-01 
-9.542328e-01 
-9.542328e-01 
-1.658721e-01 
7.487011e-06 
1.575130e-05 
1.575128e-05 
1.575128e-05 
1.672894e-05 
-1.656289e-05 
-4.833591e-04 
-4.833594e-04 
-4.833594e-04 
-1.104009e-03 
-3.409443e-01 
-9.542486e-01 
-9.542486e-01 
-9.542486e-01 
-9.542431e-01 
-9.542335e-01 
-9.542328e-01 
-9.542328e-01 
-9.542328e-01 
-1.118662e-01 
7.457354e-06 
1.575129e-05 
1.575128e-05 
1.575128e-05 
1.691143e-05 
-3.912065e-05 
-4.833593e-04 
-4.833594e-04 
-4.833594e-04 
-1.234644e-03 
-4.917918e-01 
-9.542486e-01 
-9.542486e-01 
-9.542486e-01 
-9.542421e-01 
-9.542334e-01 
-9.542328e-01 
-9.542328e-01 
-9.542328e-01 
-7.172086e-02 
7.616247e-06 
1.575129e-05 
1.575128e-05 
1.575128e-05 
1.710508e-05 
-7.212739e-05 
-4.833593e-04 
-4.833594e-04 
-4.833594e-04 
-1.387255e-03 
-6.461327e-01 
-9.542486e-01 
-9.542486e-01 
-9.542486e-01 
-9.542411e-01 
-9.542333e-01 
-9.542328e-01 
-9.542328e-01 
-9.542328e-01 
-4.386428e-02 
8.011128e-06 
1.575128e-05 
1.575128e-05 
1.575128e-05 
1.731031e-05 
-1.174529e-04 
-4.833593e-04 
-4.833594e-04 
-4.833594e-04 
-1.566541e-03 
-7.797024e-01 
-9.542486e-01 
-9.542486e-01 
-9.542486e-01 
-9.542402e-01 
-9.542332e-01 
-9.542328e-01 
-9.542328e-01 
-9.542328e-01 
-2.569791e-02 
8.831836e-06 
1.575128e-05 
1.575128e-05 
1.575128e-05 
1.752752e-05 
-1.754498e-04 
-4.833594e-04 
-4.833594e-04 
-4.833594e-04 
-1.778468e-03 
-8.823687e-01 
-9.542486e-01 
-9.542486e-01 
-9.542486e-01 
-9.542393e-01 
-9.542331e-01 
-9.542328e-01 
-9.542328e-01 
-9.542328e-01 
-1.447930e-02 
1.011861e-05 
1.575128e-05 
1.575128e-05 
1.575128e-05 
1.775700e-05 
-2.440107e-04 
-4.833594e-04 
-4.833594e-04 
-4.833594e-04 
-2.030687e-03 
-9.311934e-01 
-9.542486e-01 
-9.542486e-01 
-9.542486e-01 
-9.542386e-01 
-9.542330e-01 
-9.542328e-01 
-9.542328e-01 
-9.542328e-01 
-7.872867e-03 
1.170191e-05 
1.575128e-05 
1.575128e-05 
1.575128e-05 
1.799882e-05 
-3.144419e-04 
-4.833594e-04 
-4.833594e-04 
-4.833594e-04 
-2.333114e-03 
-9.468629e-01 
-9.542486e-01 
-9.542486e-01 
-9.542486e-01 
-9.542379e-01 
-9.542329e-01 
-9.542328e-01 
-9.542328e-01 
-9.542328e-01 
-4.145583e-03 
1.691594e-06 
2.952986e-06 
2.952986e-06 
2.952986e-06 
6.870428e-06 
4.733607e-04 
5.365951e-04 
5.365951e-04 
5.365951e-04 
2.776643e-03 
9.518864e-01 
9.542487e-01 
9.542487e-01 
9.542487e-01 
9.542392e-01 
9.542332e-01 
9.542332e-01 
9.542332e-01 
9.542332e-01 
2.266586e-03 
1.426023e-05 
1.575128e-05 
1.575128e-05 
1.575128e-05 
1.851773e-05 
-4.185427e-04 
-4.833594e-04 
-4.833594e-04 
-4.833594e-04 
-3.144796e-03 
-9.534904e-01 
-9.542486e-01 
-9.542486e-01 
-9.542486e-01 
-9.542369e-01 
-9.542329e-01 
-9.542328e-01 
-9.542328e-01 
-9.542328e-01 
-1.042928e-03 
2.554689e-06 
2.952986e-06 
2.952986e-06 
2.952986e-06 
8.239154e-06 
5.171068e-04 
5.365951e-04 
5.365951e-04 
5.365951e-04 
3.788885e-03 
9.540061e-01 
9.542487e-01 
9.542487e-01 
9.542487e-01 
9.542381e-01 
9.542332e-01 
9.542332e-01 
9.542332e-01 
9.542332e-01 
5.897391e-04 
3.328460e-06 
2.931634e-06 
2.931634e-06 
2.931634e-06 
9.034728e-06 
5.265850e-04 
5.365918e-04 
5.365918e-04 
5.365918e-04 
4.485089e-03 
9.541710e-01 
9.542487e-01 
9.542487e-01 
9.542487e-01 
9.542376e-01 
9.542332e-01 
9.542332e-01 
9.542332e-01 
9.542332e-01 
2.995714e-04 
3.116662e-06 
2.931634e-06 
2.931634e-06 
2.931634e-06 
1.003617e-05 
5.316578e-04 
5.365918e-04 
5.365918e-04 
5.365918e-04 
5.365577e-03 
9.542238e-01 
9.542487e-01 
9.542487e-01 
9.542487e-01 
9.542372e-01 
9.542332e-01 
9.542332e-01 
9.542332e-01 
9.542332e-01 
1.548210e-04 
3.010347e-06 
2.931634e-06 
2.931634e-06 
2.931634e-06 
1.122354e-05 
5.342385e-04 
5.365918e-04 
5.365918e-04 
5.365918e-04 
6.490281e-03 
9.542407e-01 
9.542487e-01 
9.542487e-01 
9.542487e-01 
9.542368e-01 
9.542332e-01 
9.542332e-01 
9.542332e-01 
9.542332e-01 
8.330949e-05 
2.961363e-06 
2.931634e-06 
2.931634e-06 
2.931634e-06 
1.264480e-05 
5.355000e-04 
5.365918e-04 
5.365918e-04 
5.365918e-04 
7.947928e-03 
9.542461e-01 
9.542487e-01 
9.542487e-01 
9.542487e-01 
9.542364e-01 
9.542332e-01 
9.542332e-01 
9.542332e-01 
9.542332e-01 
4.799046e-05 
1.574816e-05 
1.575128e-05 
1.575128e-05 
1.575128e-05 
2.011098e-05 
-4.822699e-04 
-4.833594e-04 
-4.833594e-04 
-4.847523e-04 
-9.659281e-03 
-9.542478e-01 
-9.542486e-01 
-9.542486e-01 
-9.542486e-01 
-9.542351e-01 
-9.542328e-01 
-9.542328e-01 
-9.542328e-01 
-9.306816e-01 
6.611282e-06 
1.575305e-05 
1.575128e-05 
1.575128e-05 
1.575248e-05 
2.026553e-05 
-4.828572e-04 
-4.833594e-04 
-4.833594e-04 
-4.972931e-04 
0.000000e+00 
0.000000e+00 
0.000000e+00 
0.000000e+00 
0.000000e+00
#[#TRACE_DATA]
#[#TRACE]
