#[TRACE]
#data_labels=Output
#[TRACE_DATA]
5.348801e-03 
9.484136e-01 
1.954366e-02 
4.959517e-01 
8.539378e-01 
4.133103e-03 
8.763067e-01 
1.880750e-01 
1.056031e-03 
9.414703e-01 
3.832892e-02 
1.027812e-01 
9.521891e-01 
8.001637e-03 
7.865134e-01 
3.752856e-01 
1.794176e-03 
9.263450e-01 
7.551320e-02 
1.064901e-03 
9.497601e-01 
1.561622e-02 
5.971274e-01 
7.173439e-01 
3.324467e-03 
8.935680e-01 
1.495644e-01 
9.191855e-04 
9.445015e-01 
3.057842e-02 
2.407125e-01 
9.526637e-01 
6.399547e-03 
8.231879e-01 
2.977954e-01 
1.483505e-03 
9.329258e-01 
6.011663e-02 
2.099527e-03 
9.507769e-01 
1.247954e-02 
6.749471e-01 
5.861135e-01 
2.688154e-03 
9.076867e-01 
1.187677e-01 
8.479236e-04 
9.466591e-01 
2.442519e-02 
3.814192e-01 
9.471939e-01 
5.127434e-03 
8.530962e-01 
2.360260e-01 
1.240848e-03 
9.377069e-01 
4.794551e-02 
2.151905e-02 
9.515966e-01 
9.967531e-03 
7.366381e-01 
4.707453e-01 
2.185872e-03 
9.183434e-01 
9.453760e-02 
8.654960e-04 
9.484304e-01 
1.947900e-02 
4.975344e-01 
8.522902e-01 
4.119367e-03 
8.767847e-01 
1.874185e-01 
1.053670e-03 
9.415106e-01 
3.820536e-02 
1.047455e-01 
9.521990e-01 
7.974468e-03 
7.869239e-01 
3.739766e-01 
1.788897e-03 
9.264429e-01 
7.527304e-02 
1.070727e-03 
9.497853e-01 
1.556308e-02 
5.980507e-01 
7.153296e-01 
3.313950e-03 
8.938065e-01 
1.490697e-01 
9.175668e-04 
9.445386e-01 
3.047445e-02 
2.423547e-01 
9.526689e-01 
6.379358e-03 
8.237683e-01 
2.967340e-01 
1.479385e-03 
9.329811e-01 
5.991305e-02 
2.137067e-03 
9.507898e-01 
1.244054e-02 
6.763420e-01 
5.841967e-01 
2.679685e-03 
9.078189e-01 
1.183683e-01 
8.474376e-04 
9.466908e-01 
2.434115e-02 
3.844913e-01 
9.464166e-01 
5.110541e-03 
8.534091e-01 
2.352485e-01 
1.237825e-03 
9.377856e-01 
4.777962e-02 
2.197197e-02 
9.516037e-01 
9.934414e-03 
7.373750e-01 
4.692709e-01 
2.179690e-03 
9.185412e-01 
9.420939e-02 
8.667746e-04 
9.484477e-01 
1.941486e-02 
4.991777e-01 
8.505530e-01 
4.105688e-03 
8.771385e-01 
1.867666e-01 
1.051121e-03 
9.415523e-01 
3.808297e-02 
1.068172e-01 
9.522094e-01 
7.947427e-03 
7.873457e-01 
3.726785e-01 
1.783661e-03 
9.265444e-01 
7.503521e-02 
1.076576e-03 
9.498117e-01 
1.551020e-02 
5.990018e-01 
7.133337e-01 
3.303550e-03 
8.940542e-01 
1.485442e-01 
9.159689e-04 
9.445624e-01 
3.037117e-02 
2.440541e-01 
9.526743e-01 
6.359340e-03 
8.243733e-01 
2.956779e-01 
1.475300e-03 
9.330380e-01 
5.971103e-02 
2.176139e-03 
9.508031e-01 
1.240189e-02 
6.778048e-01 
5.822910e-01 
2.671282e-03 
9.079546e-01 
1.179723e-01 
8.470035e-04 
9.467237e-01 
2.425743e-02 
3.871933e-01 
9.456271e-01 
5.093650e-03 
8.537321e-01 
2.344814e-01 
1.234838e-03 
9.378678e-01 
4.761454e-02 
2.244586e-02 
9.516111e-01 
9.901538e-03 
7.381381e-01 
4.678128e-01 
2.173025e-03 
9.187490e-01 
9.388284e-02 
8.681184e-04 
9.484654e-01 
1.935124e-02 
5.008857e-01 
8.484810e-01 
4.092069e-03 
8.773243e-01 
1.861194e-01 
1.048596e-03 
9.415954e-01 
3.796168e-02 
1.090064e-01 
9.522202e-01 
7.920522e-03 
7.877795e-01 
3.713915e-01 
1.778470e-03 
9.266495e-01 
7.479973e-02 
1.082563e-03 
9.498395e-01 
1.545763e-02 
5.999816e-01 
7.113566e-01 
3.293403e-03 
8.943117e-01 
1.480207e-01 
9.143934e-04 
9.445869e-01 
3.026859e-02 
2.458143e-01 
9.526799e-01 
6.339496e-03 
8.250051e-01 
2.946275e-01 
1.471250e-03 
9.330965e-01 
5.951062e-02 
2.216831e-03 
9.508169e-01 
1.236095e-02 
6.793422e-01 
5.803950e-01 
2.662950e-03 
9.080941e-01 
1.175799e-01 
8.465983e-04 
9.467580e-01 
2.417406e-02 
3.883863e-01 
9.448270e-01 
5.076875e-03 
8.540659e-01 
2.337219e-01 
1.231885e-03 
9.379538e-01 
4.745033e-02 
2.294226e-02 
9.516187e-01 
9.868909e-03 
7.389290e-01 
4.663709e-01 
2.166290e-03 
9.189678e-01 
9.355836e-02 
8.695595e-04 
9.484837e-01 
1.928915e-02 
5.026633e-01 
8.464072e-01 
4.078515e-03 
8.775151e-01 
1.854771e-01 
1.046096e-03 
9.416400e-01 
3.784151e-02 
1.113248e-01 
9.522316e-01 
7.893753e-03 
7.882259e-01 
3.701160e-01 
1.773324e-03 
9.267585e-01 
7.455413e-02 
1.088694e-03 
9.498564e-01 
1.540538e-02 
6.009867e-01 
7.093988e-01 
3.283344e-03 
8.945797e-01 
1.474996e-01 
9.128423e-04 
9.446120e-01 
3.016675e-02 
2.476391e-01 
9.526857e-01 
6.319828e-03 
8.256658e-01 
2.935831e-01 
1.467239e-03 
9.331567e-01 
5.931184e-02 
2.259255e-03 
9.508312e-01 
1.231870e-02 
6.809627e-01 
5.785112e-01 
2.654692e-03 
9.082380e-01 
1.171955e-01 
8.462225e-04 
9.467937e-01 
2.409105e-02 
3.896127e-01 
9.440180e-01 
5.060219e-03 
8.544112e-01 
2.329703e-01 
1.228969e-03 
9.380439e-01 
4.728703e-02 
2.346283e-02 
9.516265e-01 
9.836531e-03 
7.397495e-01 
4.648948e-01 
2.159590e-03 
9.191299e-01 
9.323604e-02 
8.708155e-04 
9.485026e-01 
1.922763e-02 
5.045155e-01 
8.443333e-01 
4.065032e-03 
8.777111e-01 
1.848399e-01 
1.043621e-03 
9.416861e-01 
3.772247e-02 
1.137855e-01 
9.522436e-01 
7.867113e-03 
7.886856e-01 
3.688521e-01 
1.768243e-03 
9.268717e-01 
7.429406e-02 
1.094973e-03 
9.498671e-01 
1.535346e-02 
6.020240e-01 
7.074608e-01 
3.273373e-03 
8.948591e-01 
1.469810e-01 
9.113176e-04 
9.446378e-01 
3.006567e-02 
2.495325e-01 
9.526917e-01 
6.300336e-03 
8.263582e-01 
2.925452e-01 
1.463273e-03 
9.332187e-01 
5.911473e-02 
2.303513e-03 
9.508461e-01 
1.227660e-02 
6.823855e-01 
5.766406e-01 
2.646291e-03 
9.083866e-01 
1.168161e-01 
8.458765e-04 
9.468310e-01 
2.400845e-02 
3.908741e-01 
9.432015e-01 
5.043684e-03 
8.547687e-01 
2.322265e-01 
1.225815e-03 
9.381385e-01 
4.712451e-02 
2.400940e-02 
9.516345e-01 
9.804409e-03 
7.406017e-01 
4.632692e-01 
2.152925e-03 
9.192150e-01 
9.291598e-02 
8.721172e-04 
9.485221e-01 
1.916665e-02 
5.064483e-01 
8.422608e-01 
4.051623e-03 
8.779127e-01 
1.842080e-01 
1.041173e-03 
9.417339e-01 
3.760456e-02 
1.164047e-01 
9.522562e-01 
7.840630e-03 
7.891590e-01 
3.676001e-01 
1.763296e-03 
9.269894e-01 
7.403501e-02 
1.101407e-03 
9.498782e-01 
1.530189e-02 
6.030954e-01 
7.055430e-01 
3.263492e-03 
8.951507e-01 
1.464650e-01 
9.098208e-04 
9.446644e-01 
2.996535e-02 
2.514992e-01 
9.526980e-01 
6.279724e-03 
8.270855e-01 
2.915129e-01 
1.459356e-03 
9.332823e-01 
5.891932e-02 
2.349704e-03 
9.508617e-01 
1.223467e-02 
6.830167e-01 
5.747839e-01 
2.637952e-03 
9.085401e-01 
1.164403e-01 
8.455609e-04 
9.468701e-01 
2.392626e-02 
3.921725e-01 
9.423791e-01 
5.027272e-03 
8.551391e-01 
2.314906e-01 
1.222632e-03 
9.382381e-01 
4.696299e-02 
2.458431e-02 
9.516428e-01 
9.773074e-03 
7.414877e-01 
4.616501e-01 
2.146299e-03 
9.193025e-01 
9.259824e-02 
8.734654e-04 
9.485424e-01 
1.910622e-02 
5.084684e-01 
8.401915e-01 
4.038290e-03 
8.781201e-01 
1.835813e-01 
1.038750e-03 
9.417835e-01 
3.748185e-02 
1.192011e-01 
9.522638e-01 
7.814309e-03 
7.896445e-01 
3.663603e-01 
1.758396e-03 
9.271120e-01 
7.377706e-02 
1.108000e-03 
9.498896e-01 
1.525068e-02 
6.042030e-01 
7.036458e-01 
3.253702e-03 
8.954557e-01 
1.459519e-01 
9.083545e-04 
9.446918e-01 
2.986583e-02 
2.535442e-01 
9.527045e-01 
6.258478e-03 
8.278515e-01 
2.904873e-01 
1.455491e-03 
9.333480e-01 
5.872791e-02 
2.397949e-03 
9.508779e-01 
1.219293e-02 
6.836650e-01 
5.729417e-01 
2.629674e-03 
9.086989e-01 
1.160682e-01 
8.452764e-04 
9.469109e-01 
2.384451e-02 
3.935099e-01 
9.415520e-01 
5.010987e-03 
8.555233e-01 
2.307394e-01 
1.219471e-03 
9.383118e-01 
4.680251e-02 
2.518517e-02 
9.516514e-01 
9.742022e-03 
7.424101e-01 
4.600381e-01 
2.139714e-03 
9.193923e-01 
9.228290e-02 
8.748611e-04 
9.485633e-01 
1.904632e-02 
5.105831e-01 
8.381267e-01 
4.025030e-03 
8.783337e-01 
1.829602e-01 
1.036364e-03 
9.418350e-01 
3.735226e-02 
1.221972e-01 
9.522686e-01 
7.788157e-03 
7.901454e-01 
3.651420e-01 
1.753544e-03 
9.272397e-01 
7.352030e-02 
1.114761e-03 
9.499013e-01 
1.519983e-02 
6.053489e-01 
7.017694e-01 
3.244004e-03 
8.957751e-01 
1.454418e-01 
9.069233e-04 
9.447199e-01 
2.976711e-02 
2.556729e-01 
9.527112e-01 
6.237312e-03 
8.285240e-01 
2.894691e-01 
1.451405e-03 
9.334158e-01 
5.853894e-02 
2.448380e-03 
9.508948e-01 
1.215138e-02 
6.843312e-01 
5.711146e-01 
2.621461e-03 
9.088633e-01 
1.156999e-01 
8.448833e-04 
9.469539e-01 
2.376314e-02 
3.948885e-01 
9.407216e-01 
4.994831e-03 
8.559223e-01 
2.299196e-01 
1.216333e-03 
9.383506e-01 
4.664311e-02 
2.581815e-02 
9.516602e-01 
9.711233e-03 
7.433718e-01 
4.584338e-01 
2.133175e-03 
9.194847e-01 
9.197004e-02 
8.763050e-04 
9.485850e-01 
1.898699e-02 
5.128019e-01 
8.360680e-01 
4.011859e-03 
8.785537e-01 
1.823446e-01 
1.034051e-03 
9.418886e-01 
3.722317e-02 
1.252961e-01 
9.522736e-01 
7.762150e-03 
7.906626e-01 
3.639434e-01 
1.748742e-03 
9.273729e-01 
7.326481e-02 
1.121696e-03 
9.499133e-01 
1.514936e-02 
6.065356e-01 
6.999141e-01 
3.233758e-03 
8.961106e-01 
1.449344e-01 
9.055311e-04 
9.447488e-01 
2.966921e-02 
2.578913e-01 
9.527182e-01 
6.216234e-03 
8.288231e-01 
2.884585e-01 
1.447354e-03 
9.334858e-01 
5.835170e-02 
2.501140e-03 
9.509124e-01 
1.211003e-02 
6.850163e-01 
5.693030e-01 
2.613312e-03 
9.090337e-01 
1.153352e-01 
8.444880e-04 
9.469990e-01 
2.368226e-02 
3.963112e-01 
9.398892e-01 
4.979086e-03 
8.563370e-01 
2.291033e-01 
1.213220e-03 
9.383904e-01 
4.648482e-02 
2.648587e-02 
9.516694e-01 
9.680709e-03 
7.443758e-01 
4.568379e-01 
2.126682e-03 
9.195798e-01 
9.165970e-02 
8.777981e-04 
9.486075e-01 
1.892535e-02 
5.151353e-01 
8.340142e-01 
3.998781e-03 
8.787792e-01 
1.817346e-01 
1.031765e-03 
9.419443e-01 
3.709461e-02 
1.264682e-01 
9.522788e-01 
7.736312e-03 
7.911970e-01 
3.627571e-01 
1.743989e-03 
9.275123e-01 
7.301068e-02 
1.128813e-03 
9.499257e-01 
1.509928e-02 
6.077657e-01 
6.980803e-01 
3.223205e-03 
8.964638e-01 
1.444301e-01 
9.042458e-04 
9.447786e-01 
2.957333e-02 
2.602064e-01 
9.527255e-01 
6.195249e-03 
8.291301e-01 
2.874557e-01 
1.443337e-03 
9.335582e-01 
5.816623e-02 
2.556385e-03 
9.509309e-01 
1.206890e-02 
6.857213e-01 
5.675074e-01 
2.605229e-03 
9.092103e-01 
1.149635e-01 
8.441176e-04 
9.470325e-01 
2.360188e-02 
3.977700e-01 
9.390558e-01 
4.963484e-03 
8.567686e-01 
2.282905e-01 
1.210135e-03 
9.384313e-01 
4.632768e-02 
2.719131e-02 
9.516788e-01 
9.650455e-03 
7.454256e-01 
4.552511e-01 
2.120236e-03 
9.196777e-01 
9.135194e-02 
8.793475e-04 
9.486308e-01 
1.886040e-02 
5.175958e-01 
8.319676e-01 
3.985801e-03 
8.790118e-01 
1.811353e-01 
1.029508e-03 
9.420024e-01 
3.696662e-02 
1.276784e-01 
9.522841e-01 
7.710654e-03 
7.917498e-01 
3.615834e-01 
1.739286e-03 
9.276582e-01 
7.275798e-02 
1.136122e-03 
9.499385e-01 
1.504958e-02 
6.090420e-01 
6.962543e-01 
3.212696e-03 
8.967739e-01 
1.439293e-01 
9.027685e-04 
9.448094e-01 
2.947865e-02 
2.626256e-01 
9.527332e-01 
6.174364e-03 
8.294456e-01 
2.864610e-01 
1.439355e-03 
9.336332e-01 
5.798252e-02 
2.614178e-03 
9.509504e-01 
1.202796e-02 
6.864474e-01 
5.657284e-01 
2.597213e-03 
9.093937e-01 
1.145598e-01 
8.437735e-04 
9.470501e-01 
2.352201e-02 
3.992767e-01 
9.382226e-01 
4.948015e-03 
8.572184e-01 
2.274816e-01 
1.207079e-03 
9.384734e-01 
4.617172e-02 
2.793775e-02 
9.516886e-01 
9.620471e-03 
7.465257e-01 
4.536739e-01 
2.113845e-03 
9.197785e-01 
9.104683e-02 
8.809733e-04 
9.486551e-01 
1.879569e-02 
5.201016e-01 
8.299308e-01 
3.972792e-03 
8.792520e-01 
1.805455e-01 
1.027278e-03 
9.420630e-01 
3.683925e-02 
1.289290e-01 
9.522895e-01 
7.685181e-03 
7.923219e-01 
3.604222e-01 
1.734317e-03 
9.278114e-01 
7.250653e-02 
1.143635e-03 
9.499516e-01 
1.500029e-02 
6.103677e-01 
6.941176e-01 
3.202237e-03 
8.969120e-01 
1.434320e-01 
9.013142e-04 
9.448413e-01 
2.938482e-02 
2.651576e-01 
9.527412e-01 
6.153585e-03 
8.297700e-01 
2.854746e-01 
1.435410e-03 
9.337109e-01 
5.780060e-02 
2.674785e-03 
9.509708e-01 
1.198725e-02 
6.871960e-01 
5.639662e-01 
2.589415e-03 
9.095844e-01 
1.141578e-01 
8.434575e-04 
9.470682e-01 
2.344269e-02 
4.008339e-01 
9.373906e-01 
4.932681e-03 
8.576879e-01 
2.266770e-01 
1.204055e-03 
9.385167e-01 
4.601697e-02 
2.872890e-02 
9.516988e-01 
9.589373e-03 
7.476811e-01 
4.521056e-01 
2.107514e-03 
9.198818e-01 
9.074440e-02 
8.826509e-04 
9.486804e-01 
1.873125e-02 
5.210639e-01 
8.279051e-01 
3.959843e-03 
8.795002e-01 
1.799616e-01 
1.025077e-03 
9.421264e-01 
3.671252e-02 
1.302222e-01 
9.522951e-01 
7.659897e-03 
7.929148e-01 
3.592738e-01 
1.729198e-03 
9.279727e-01 
7.225661e-02 
1.151458e-03 
9.499651e-01 
1.495202e-02 
6.117463e-01 
6.919864e-01 
3.191829e-03 
8.970538e-01 
1.429384e-01 
8.998836e-04 
9.448742e-01 
2.929183e-02 
2.678121e-01 
9.527495e-01 
6.132918e-03 
8.301037e-01 
2.844968e-01 
1.431501e-03 
9.337915e-01 
5.761537e-02 
2.738431e-03 
9.509860e-01 
1.194678e-02 
6.879628e-01 
5.622212e-01 
2.581693e-03 
9.097827e-01 
1.137574e-01 
8.431713e-04 
9.470867e-01 
2.336392e-02 
4.024449e-01 
9.365607e-01 
4.917483e-03 
8.581786e-01 
2.258768e-01 
1.201063e-03 
9.385613e-01 
4.586346e-02 
2.956898e-02 
9.517094e-01 
9.556668e-03 
7.488977e-01 
4.505472e-01 
2.101248e-03 
9.199884e-01 
9.044721e-02 
8.843813e-04 
9.487067e-01 
1.866708e-02 
5.220523e-01 
8.258917e-01 
3.946986e-03 
8.797568e-01 
1.793834e-01 
1.022905e-03 
9.421927e-01 
3.658649e-02 
1.315607e-01 
9.523009e-01 
7.634806e-03 
7.935297e-01 
3.581319e-01 
1.724108e-03 
9.281143e-01 
7.200832e-02 
1.159090e-03 
9.499791e-01 
1.490435e-02 
6.131817e-01 
6.898619e-01 
3.181478e-03 
8.971994e-01 
1.424486e-01 
8.984768e-04 
9.449082e-01 
2.919970e-02 
2.706000e-01 
9.527583e-01 
6.112349e-03 
8.304474e-01 
2.835277e-01 
1.427630e-03 
9.338752e-01 
5.741509e-02 
2.805340e-03 
9.509939e-01 
1.190657e-02 
6.887539e-01 
5.604939e-01 
2.574040e-03 
9.099894e-01 
1.133590e-01 
8.429172e-04 
9.471058e-01 
2.328573e-02 
4.041128e-01 
9.357338e-01 
4.902423e-03 
8.586926e-01 
2.250814e-01 
1.198111e-03 
9.386072e-01 
4.571122e-02 
3.046270e-02 
9.517204e-01 
9.524082e-03 
7.501351e-01 
4.489998e-01 
2.094851e-03 
9.200985e-01 
9.015474e-02 
8.861656e-04 
9.487342e-01 
1.860321e-02 
5.230683e-01 
8.238916e-01 
3.934223e-03 
8.800225e-01 
1.788112e-01 
1.020604e-03 
9.422624e-01 
3.646106e-02 
1.329472e-01 
9.523068e-01 
7.609912e-03 
7.941681e-01 
3.568488e-01 
1.719047e-03 
9.281774e-01 
7.176172e-02 
1.166911e-03 
9.499935e-01 
1.485709e-02 
6.146782e-01 
6.877450e-01 
3.171187e-03 
8.973492e-01 
1.419627e-01 
8.970945e-04 
9.449435e-01 
2.910843e-02 
2.735349e-01 
9.527676e-01 
6.091903e-03 
8.308016e-01 
2.825675e-01 
1.423875e-03 
9.339621e-01 
5.721558e-02 
2.875761e-03 
9.510021e-01 
1.186662e-02 
6.895708e-01 
5.587843e-01 
2.566459e-03 
9.102052e-01 
1.129625e-01 
8.426973e-04 
9.471255e-01 
2.320812e-02 
4.058414e-01 
9.349107e-01 
4.886822e-03 
8.592322e-01 
2.242904e-01 
1.195201e-03 
9.386542e-01 
4.556026e-02 
3.141542e-02 
9.517318e-01 
9.491623e-03 
7.506120e-01 
4.474641e-01 
2.088457e-03 
9.202122e-01 
8.986502e-02 
8.880049e-04 
9.487629e-01 
1.853966e-02 
5.241133e-01 
8.219057e-01 
3.921557e-03 
8.802977e-01 
1.782450e-01 
1.018233e-03 
9.423357e-01 
3.633637e-02 
1.343871e-01 
9.523129e-01 
7.585545e-03 
7.948316e-01 
3.555709e-01 
1.714019e-03 
9.282422e-01 
7.151687e-02 
1.174926e-03 
9.500084e-01 
1.481025e-02 
6.162410e-01 
6.856370e-01 
3.160959e-03 
8.975033e-01 
1.414808e-01 
8.957368e-04 
9.449802e-01 
2.901559e-02 
2.766321e-01 
9.527744e-01 
6.071587e-03 
8.311644e-01 
2.816164e-01 
1.420162e-03 
9.340526e-01 
5.701688e-02 
2.949967e-03 
9.510105e-01 
1.182695e-02 
6.904149e-01 
5.570929e-01 
2.558949e-03 
9.104306e-01 
1.125681e-01 
8.425137e-04 
9.471457e-01 
2.313111e-02 
4.076346e-01 
9.340920e-01 
4.870437e-03 
8.598001e-01 
2.235043e-01 
1.192338e-03 
9.387028e-01 
4.541192e-02 
3.243331e-02 
9.517437e-01 
9.459301e-03 
7.511018e-01 
4.459404e-01 
2.082112e-03 
9.203298e-01 
8.957808e-02 
8.899005e-04 
9.487930e-01 
1.847644e-02 
5.251890e-01 
8.199351e-01 
3.908988e-03 
8.805830e-01 
1.776819e-01 
1.015880e-03 
9.424000e-01 
3.621246e-02 
1.358692e-01 
9.523192e-01 
7.561484e-03 
7.955221e-01 
3.542988e-01 
1.709025e-03 
9.283088e-01 
7.127383e-02 
1.183142e-03 
9.500238e-01 
1.476382e-02 
6.178754e-01 
6.835388e-01 
3.150790e-03 
8.976619e-01 
1.410031e-01 
8.944053e-04 
9.450182e-01 
2.891557e-02 
2.799102e-01 
9.527780e-01 
6.051406e-03 
8.315387e-01 
2.806791e-01 
1.416488e-03 
9.341469e-01 
5.681908e-02 
3.028263e-03 
9.510192e-01 
1.178755e-02 
6.912879e-01 
5.554198e-01 
2.551512e-03 
9.106667e-01 
1.121760e-01 
8.423711e-04 
9.471665e-01 
2.305471e-02 
4.094967e-01 
9.332786e-01 
4.854116e-03 
8.603776e-01 
2.227236e-01 
1.189297e-03 
9.387529e-01 
4.526592e-02 
3.352345e-02 
9.517562e-01 
9.427126e-03 
7.516049e-01 
4.444291e-01 
2.075818e-03 
9.204515e-01 
8.929393e-02 
8.917669e-04 
9.488246e-01 
1.841352e-02 
5.262970e-01 
8.179805e-01 
3.896520e-03 
8.808792e-01 
1.770535e-01 
1.013547e-03 
9.424287e-01 
3.608936e-02 
1.374078e-01 
9.523257e-01 
7.537626e-03 
7.962416e-01 
3.530328e-01 
1.704068e-03 
9.283772e-01 
7.103265e-02 
1.191564e-03 
9.500398e-01 
1.471782e-02 
6.195882e-01 
6.814516e-01 
3.140692e-03 
8.978254e-01 
1.405295e-01 
8.931406e-04 
9.450577e-01 
2.881592e-02 
2.833915e-01 
9.527817e-01 
6.031312e-03 
8.319250e-01 
2.797595e-01 
1.412854e-03 
9.342452e-01 
5.662223e-02 
3.110983e-03 
9.510281e-01 
1.174844e-02 
6.921916e-01 
5.537651e-01 
2.543812e-03 
9.109144e-01 
1.117860e-01 
8.422738e-04 
9.471879e-01 
2.297894e-02 
4.114325e-01 
9.320116e-01 
4.837862e-03 
8.606006e-01 
2.219486e-01 
1.186230e-03 
9.388047e-01 
4.512124e-02 
3.469406e-02 
9.517692e-01 
9.395107e-03 
7.521222e-01 
4.429307e-01 
2.069575e-03 
9.205775e-01 
8.901261e-02 
8.936374e-04 
9.488578e-01 
1.835095e-02 
5.274410e-01 
8.160428e-01 
3.884328e-03 
8.811871e-01 
1.764277e-01 
1.011235e-03 
9.424582e-01 
3.596710e-02 
1.390065e-01 
9.523325e-01 
7.513972e-03 
7.969925e-01 
3.517735e-01 
1.699152e-03 
9.284476e-01 
7.079338e-02 
1.200199e-03 
9.500564e-01 
1.467106e-02 
6.213872e-01 
6.793749e-01 
3.130672e-03 
8.979929e-01 
1.400602e-01 
8.919036e-04 
9.450988e-01 
2.871667e-02 
2.850172e-01 
9.527855e-01 
6.011321e-03 
8.323241e-01 
2.788491e-01 
1.409259e-03 
9.343480e-01 
5.642640e-02 
3.198504e-03 
9.510372e-01 
1.170962e-02 
6.931280e-01 
5.521291e-01 
2.535729e-03 
9.111751e-01 
1.113982e-01 
8.422683e-04 
9.472099e-01 
2.290447e-02 
4.134473e-01 
9.306392e-01 
4.821682e-03 
8.608296e-01 
2.211794e-01 
1.183191e-03 
9.388582e-01 
4.497789e-02 
3.595470e-02 
9.517828e-01 
9.363252e-03 
7.526544e-01 
4.414455e-01 
2.063384e-03 
9.207083e-01 
8.873281e-02 
8.955612e-04 
9.488870e-01 
1.828877e-02 
5.286118e-01 
8.141226e-01 
3.872295e-03 
8.815074e-01 
1.758045e-01 
1.008948e-03 
9.424884e-01 
3.584571e-02 
1.406693e-01 
9.523395e-01 
7.490526e-03 
7.977773e-01 
3.505213e-01 
1.694275e-03 
9.285201e-01 
7.055606e-02 
1.209054e-03 
9.500736e-01 
1.462084e-02 
6.232818e-01 
6.773090e-01 
3.120733e-03 
8.981656e-01 
1.395976e-01 
8.906928e-04 
9.451416e-01 
2.861784e-02 
2.863420e-01 
9.527894e-01 
5.991468e-03 
8.327368e-01 
2.779481e-01 
1.405705e-03 
9.344556e-01 
5.623164e-02 
3.291247e-03 
9.510466e-01 
1.167110e-02 
6.940992e-01 
5.505118e-01 
2.527683e-03 
9.114401e-01 
1.110131e-01 
8.421415e-04 
9.472327e-01 
2.283119e-02 
4.155470e-01 
9.292494e-01 
4.805581e-03 
8.610648e-01 
2.204163e-01 
1.180181e-03 
9.389136e-01 
4.483589e-02 
3.731640e-02 
9.517971e-01 
9.331541e-03 
7.532024e-01 
4.399737e-01 
2.057247e-03 
9.208439e-01 
8.842249e-02 
8.975405e-04 
9.489000e-01 
1.822698e-02 
5.298199e-01 
8.122207e-01 
3.860365e-03 
8.818410e-01 
1.751842e-01 
1.006685e-03 
9.425196e-01 
3.572522e-02 
1.424005e-01 
9.523467e-01 
7.467288e-03 
7.985992e-01 
3.492767e-01 
1.689445e-03 
9.285948e-01 
7.032073e-02 
1.218160e-03 
9.500915e-01 
1.457079e-02 
6.252830e-01 
6.752567e-01 
3.110762e-03 
8.983439e-01 
1.391437e-01 
8.895087e-04 
9.451863e-01 
2.851949e-02 
2.877056e-01 
9.527934e-01 
5.971757e-03 
8.331639e-01 
2.770566e-01 
1.402025e-03 
9.345686e-01 
5.603787e-02 
3.389683e-03 
9.510563e-01 
1.163288e-02 
6.951075e-01 
5.486964e-01 
2.519676e-03 
9.115426e-01 
1.106306e-01 
8.419840e-04 
9.472562e-01 
2.275855e-02 
4.177383e-01 
9.278445e-01 
4.789563e-03 
8.613066e-01 
2.196594e-01 
1.177200e-03 
9.389710e-01 
4.469525e-02 
3.879253e-02 
9.518121e-01 
9.300005e-03 
7.537679e-01 
4.385158e-01 
2.051257e-03 
9.209849e-01 
8.811335e-02 
8.995777e-04 
9.489134e-01 
1.816559e-02 
5.310677e-01 
8.103376e-01 
3.848541e-03 
8.821892e-01 
1.745671e-01 
1.004451e-03 
9.425516e-01 
3.560565e-02 
1.442047e-01 
9.523542e-01 
7.443689e-03 
7.994617e-01 
3.480393e-01 
1.684666e-03 
9.286713e-01 
7.008743e-02 
1.227499e-03 
9.501102e-01 
1.452094e-02 
6.262215e-01 
6.732187e-01 
3.100785e-03 
8.985280e-01 
1.386942e-01 
8.883517e-04 
9.452330e-01 
2.842162e-02 
2.891099e-01 
9.527975e-01 
5.952192e-03 
8.336063e-01 
2.761746e-01 
1.398159e-03 
9.346873e-01 
5.584521e-02 
3.494494e-03 
9.510663e-01 
1.159533e-02 
6.961554e-01 
5.468469e-01 
2.511712e-03 
9.116478e-01 
1.102508e-01 
8.418560e-04 
9.472805e-01 
2.268655e-02 
4.200287e-01 
9.264265e-01 
4.773635e-03 
8.615554e-01 
2.189089e-01 
1.174249e-03 
9.390305e-01 
4.455534e-02 
4.039906e-02 
9.518253e-01 
9.268655e-03 
7.543464e-01 
4.370719e-01 
2.045352e-03 
9.211316e-01 
8.780549e-02 
9.016753e-04 
9.489271e-01 
1.810463e-02 
5.323574e-01 
8.084739e-01 
3.836822e-03 
8.825529e-01 
1.739533e-01 
1.002244e-03 
9.425845e-01 
3.548701e-02 
1.460874e-01 
9.523620e-01 
7.418400e-03 
8.003693e-01 
3.468095e-01 
1.679944e-03 
9.287503e-01 
6.985745e-02 
1.237077e-03 
9.501296e-01 
1.447131e-02 
6.269872e-01 
6.711957e-01 
3.090881e-03 
8.987185e-01 
1.382492e-01 
8.872223e-04 
9.452818e-01 
2.832427e-02 
2.905572e-01 
9.528018e-01 
5.932775e-03 
8.340650e-01 
2.753022e-01 
1.394316e-03 
9.348081e-01 
5.565377e-02 
3.605380e-03 
9.510766e-01 
1.155838e-02 
6.972460e-01 
5.450047e-01 
2.503794e-03 
9.117559e-01 
1.098740e-01 
8.417580e-04 
9.473056e-01 
2.261520e-02 
4.224268e-01 
9.249975e-01 
4.757787e-03 
8.618115e-01 
2.181650e-01 
1.171329e-03 
9.390923e-01 
4.440097e-02 
4.215512e-02 
9.518312e-01 
9.237499e-03 
7.549431e-01 
4.356423e-01 
2.039502e-03 
9.212844e-01 
8.749901e-02 
9.038365e-04 
9.489412e-01 
1.804410e-02 
5.336916e-01 
8.066300e-01 
3.825211e-03 
8.829337e-01 
1.733431e-01 
1.000071e-03 
9.426185e-01 
3.536933e-02 
1.480543e-01 
9.523701e-01 
7.393202e-03 
8.013269e-01 
3.455884e-01 
1.675122e-03 
9.288317e-01 
6.963180e-02 
1.246902e-03 
9.501498e-01 
1.442189e-02 
6.277740e-01 
6.691887e-01 
3.081051e-03 
8.989155e-01 
1.378085e-01 
8.860365e-04 
9.453331e-01 
2.822740e-02 
2.920501e-01 
9.528062e-01 
5.913509e-03 
8.345412e-01 
2.743395e-01 
1.390497e-03 
9.348548e-01 
5.546360e-02 
3.723353e-03 
9.510872e-01 
1.152174e-02 
6.983825e-01 
5.431705e-01 
2.495924e-03 
9.118670e-01 
1.095000e-01 
8.416904e-04 
9.473317e-01 
2.254451e-02 
4.249425e-01 
9.235597e-01 
4.742035e-03 
8.620758e-01 
2.174277e-01 
1.168488e-03 
9.391565e-01 
4.424717e-02 
4.408396e-02 
9.518372e-01 
9.206542e-03 
7.555590e-01 
4.342272e-01 
2.033708e-03 
9.214438e-01 
8.719402e-02 
9.060646e-04 
9.489557e-01 
1.798402e-02 
5.350731e-01 
8.048063e-01 
3.813428e-03 
8.833332e-01 
1.727362e-01 
9.979356e-04 
9.426533e-01 
3.525263e-02 
1.501116e-01 
9.523785e-01 
7.368104e-03 
8.017771e-01 
3.443763e-01 
1.670238e-03 
9.289159e-01 
6.940824e-02 
1.256983e-03 
9.501710e-01 
1.437272e-02 
6.285830e-01 
6.671981e-01 
3.071296e-03 
8.991196e-01 
1.373724e-01 
8.847639e-04 
9.453870e-01 
2.813106e-02 
2.935928e-01 
9.528107e-01 
5.894588e-03 
8.350359e-01 
2.733620e-01 
1.386706e-03 
9.349028e-01 
5.527476e-02 
3.849378e-03 
9.510982e-01 
1.148541e-02 
6.995684e-01 
5.413452e-01 
2.488107e-03 
9.119813e-01 
1.091291e-01 
8.416538e-04 
9.473587e-01 
2.247419e-02 
4.275878e-01 
9.221138e-01 
4.726388e-03 
8.623460e-01 
2.166972e-01 
1.165695e-03 
9.392233e-01 
4.409399e-02 
4.525959e-02 
9.518434e-01 
9.175792e-03 
7.561953e-01 
4.328268e-01 
2.027972e-03 
9.216103e-01 
8.689063e-02 
9.083624e-04 
9.489706e-01 
1.792440e-02 
5.365048e-01 
8.030032e-01 
3.800817e-03 
8.837534e-01 
1.721329e-01 
9.958590e-04 
9.426892e-01 
3.513757e-02 
1.522666e-01 
9.523873e-01 
7.343111e-03 
8.021446e-01 
3.431736e-01 
1.665394e-03 
9.290029e-01 
6.918678e-02 
1.267326e-03 
9.501931e-01 
1.432380e-02 
6.294153e-01 
6.652246e-01 
3.061617e-03 
8.993312e-01 
1.369408e-01 
8.835108e-04 
9.454419e-01 
2.803531e-02 
2.951777e-01 
9.528153e-01 
5.875974e-03 
8.355506e-01 
2.723887e-01 
1.382944e-03 
9.349521e-01 
5.508728e-02 
3.984282e-03 
9.511096e-01 
1.144940e-02 
7.008078e-01 
5.395296e-01 
2.480340e-03 
9.120990e-01 
1.087613e-01 
8.416494e-04 
9.473867e-01 
2.239693e-02 
4.303768e-01 
9.206592e-01 
4.710849e-03 
8.626248e-01 
2.159752e-01 
1.162933e-03 
9.392929e-01 
4.394148e-02 
4.599191e-02 
9.518498e-01 
9.145255e-03 
7.568532e-01 
4.314413e-01 
2.022294e-03 
9.217846e-01 
8.658891e-02 
9.107360e-04 
9.489860e-01 
1.786524e-02 
5.379902e-01 
8.012210e-01 
3.788256e-03 
8.841966e-01 
1.715337e-01 
9.937631e-04 
9.427262e-01 
3.502470e-02 
1.545275e-01 
9.523964e-01 
7.318232e-03 
8.025220e-01 
3.419805e-01 
1.660590e-03 
9.290929e-01 
6.896743e-02 
1.277890e-03 
9.502163e-01 
1.427512e-02 
6.302723e-01 
6.632688e-01 
3.052017e-03 
8.995508e-01 
1.364673e-01 
8.822786e-04 
9.454631e-01 
2.794018e-02 
2.968126e-01 
9.528201e-01 
5.857516e-03 
8.360867e-01 
2.714199e-01 
1.379214e-03 
9.350027e-01 
5.490120e-02 
4.129008e-03 
9.511214e-01 
1.141372e-02 
7.021057e-01 
5.377243e-01 
2.472631e-03 
9.122204e-01 
1.083966e-01 
8.417038e-04 
9.474158e-01 
2.231995e-02 
4.333263e-01 
9.192010e-01 
4.695372e-03 
8.629125e-01 
2.152688e-01 
1.160202e-03 
9.393654e-01 
4.378968e-02 
4.675364e-02 
9.518564e-01 
9.114936e-03 
7.575340e-01 
4.300707e-01 
2.016534e-03 
9.219675e-01 
8.628882e-02 
9.131908e-04 
9.490018e-01 
1.780655e-02 
5.395327e-01 
7.991964e-01 
3.775750e-03 
8.844053e-01 
1.709386e-01 
9.915822e-04 
9.427645e-01 
3.491282e-02 
1.569032e-01 
9.524060e-01 
7.293475e-03 
8.029100e-01 
3.407975e-01 
1.655828e-03 
9.291861e-01 
6.875023e-02 
1.288663e-03 
9.502408e-01 
1.422669e-02 
6.311563e-01 
6.613313e-01 
3.042598e-03 
8.997789e-01 
1.359869e-01 
8.810688e-04 
9.454849e-01 
2.784569e-02 
2.985036e-01 
9.528251e-01 
5.839217e-03 
8.366459e-01 
2.704562e-01 
1.375518e-03 
9.350549e-01 
5.471657e-02 
4.284635e-03 
9.511336e-01 
1.137822e-02 
7.034678e-01 
5.359296e-01 
2.464986e-03 
9.123446e-01 
1.080351e-01 
8.417988e-04 
9.474462e-01 
2.224327e-02 
4.351117e-01 
9.177410e-01 
4.679923e-03 
8.632097e-01 
2.145694e-01 
1.157505e-03 
9.394412e-01 
4.363864e-02 
4.754669e-02 
9.518631e-01 
9.084840e-03 
7.582392e-01 
4.287151e-01 
2.010369e-03 
9.221597e-01 
8.599039e-02 
9.157530e-04 
9.490181e-01 
1.774868e-02 
5.411365e-01 
7.970275e-01 
3.763301e-03 
8.845757e-01 
1.703480e-01 
9.894251e-04 
9.428040e-01 
3.480196e-02 
1.594041e-01 
9.524160e-01 
7.268846e-03 
8.033092e-01 
3.396246e-01 
1.651107e-03 
9.292828e-01 
6.853518e-02 
1.299721e-03 
9.502656e-01 
1.417855e-02 
6.320628e-01 
6.594124e-01 
3.033340e-03 
9.000162e-01 
1.355086e-01 
8.798831e-04 
9.455072e-01 
2.775185e-02 
3.002540e-01 
9.528303e-01 
5.821078e-03 
8.372301e-01 
2.694977e-01 
1.371856e-03 
9.351085e-01 
5.453341e-02 
4.452410e-03 
9.511463e-01 
1.133936e-02 
7.049007e-01 
5.341447e-01 
2.457411e-03 
9.124726e-01 
1.076777e-01 
8.419268e-04 
9.474777e-01 
2.216691e-02 
4.362441e-01 
9.162808e-01 
4.664582e-03 
8.635169e-01 
2.138770e-01 
1.154840e-03 
9.395206e-01 
4.348842e-02 
4.837312e-02 
9.518701e-01 
9.054971e-03 
7.589703e-01 
4.273748e-01 
2.004234e-03 
9.223624e-01 
8.569389e-02 
9.183002e-04 
9.490349e-01 
1.769193e-02 
5.428060e-01 
7.948613e-01 
3.750916e-03 
8.847507e-01 
1.697619e-01 
9.872921e-04 
9.428450e-01 
3.469211e-02 
1.620421e-01 
9.524265e-01 
7.244335e-03 
8.037200e-01 
3.384623e-01 
1.646429e-03 
9.293831e-01 
6.830048e-02 
1.311075e-03 
9.502752e-01 
1.413071e-02 
6.329962e-01 
6.575127e-01 
3.024163e-03 
9.002633e-01 
1.350324e-01 
8.787234e-04 
9.455302e-01 
2.765869e-02 
3.020676e-01 
9.528356e-01 
5.803101e-03 
8.378416e-01 
2.685448e-01 
1.368234e-03 
9.351639e-01 
5.435175e-02 
4.633793e-03 
9.511595e-01 
1.130063e-02 
7.064126e-01 
5.323721e-01 
2.449818e-03 
9.126048e-01 
1.073281e-01 
8.420883e-04 
9.475107e-01 
2.209090e-02 
4.374082e-01 
9.148221e-01 
4.649352e-03 
8.638347e-01 
2.131917e-01 
1.152140e-03 
9.396037e-01 
4.333897e-02 
4.923522e-02 
9.518772e-01 
9.025335e-03 
7.597291e-01 
4.259268e-01 
1.998132e-03 
9.224579e-01 
8.539940e-02 
9.207657e-04 
9.490522e-01 
1.763565e-02 
5.445462e-01 
7.926992e-01 
3.738597e-03 
8.849306e-01 
1.691804e-01 
9.851838e-04 
9.428874e-01 
3.458330e-02 
1.648309e-01 
9.524376e-01 
7.219957e-03 
8.041437e-01 
3.373106e-01 
1.641849e-03 
9.294873e-01 
6.806254e-02 
1.322735e-03 
9.502851e-01 
1.408318e-02 
6.339598e-01 
6.556325e-01 
3.015069e-03 
9.005211e-01 
1.345585e-01 
8.775920e-04 
9.455539e-01 
2.756623e-02 
3.039485e-01 
9.528411e-01 
5.785219e-03 
8.384829e-01 
2.675976e-01 
1.364657e-03 
9.352205e-01 
5.417164e-02 
4.830439e-03 
9.511732e-01 
1.126205e-02 
7.073288e-01 
5.306123e-01 
2.442152e-03 
9.127413e-01 
1.069818e-01 
8.422840e-04 
9.475450e-01 
2.201526e-02 
4.386056e-01 
9.133662e-01 
4.634233e-03 
8.641639e-01 
2.125136e-01 
1.149241e-03 
9.396912e-01 
4.319032e-02 
5.013589e-02 
9.518846e-01 
8.996115e-03 
7.605175e-01 
4.244167e-01 
1.992064e-03 
9.225359e-01 
8.510698e-02 
9.232970e-04 
9.490702e-01 
1.757987e-02 
5.463628e-01 
7.905426e-01 
3.726349e-03 
8.851156e-01 
1.686038e-01 
9.831006e-04 
9.429313e-01 
3.447553e-02 
1.677873e-01 
9.524488e-01 
7.195726e-03 
8.045781e-01 
3.361699e-01 
1.637355e-03 
9.295957e-01 
6.782556e-02 
1.334715e-03 
9.502952e-01 
1.403597e-02 
6.349553e-01 
6.537721e-01 
3.006058e-03 
9.007903e-01 
1.340872e-01 
8.764899e-04 
9.455783e-01 
2.747448e-02 
3.059010e-01 
9.528468e-01 
5.765694e-03 
8.391572e-01 
2.666558e-01 
1.361128e-03 
9.352788e-01 
5.399350e-02 
5.044304e-03 
9.511875e-01 
1.122363e-02 
7.079113e-01 
5.288660e-01 
2.434543e-03 
9.128824e-01 
1.066388e-01 
8.425144e-04 
9.475810e-01 
2.194002e-02 
4.398380e-01 
9.119145e-01 
4.619230e-03 
8.645052e-01 
2.118427e-01 
1.146361e-03 
9.397834e-01 
4.304259e-02 
5.107459e-02 
9.518922e-01 
8.967461e-03 
7.613376e-01 
4.229129e-01 
1.986034e-03 
9.226161e-01 
8.481671e-02 
9.258952e-04 
9.490887e-01 
1.752459e-02 
5.482621e-01 
7.883929e-01 
3.714170e-03 
8.853061e-01 
1.680321e-01 
9.810429e-04 
9.429769e-01 
3.435841e-02 
1.709304e-01 
9.524531e-01 
7.171648e-03 
8.050252e-01 
3.350402e-01 
1.632905e-03 
9.297085e-01 
6.758962e-02 
1.347028e-03 
9.503056e-01 
1.398909e-02 
6.359846e-01 
6.519318e-01 
2.997132e-03 
9.010720e-01 
1.336185e-01 
8.754214e-04 
9.456034e-01 
2.738346e-02 
3.079300e-01 
9.528528e-01 
5.746240e-03 
8.398682e-01 
2.657204e-01 
1.357542e-03 
9.353391e-01 
5.381928e-02 
5.277700e-03 
9.512024e-01 
1.118538e-02 
7.085098e-01 
5.271336e-01 
2.426991e-03 
9.130284e-01 
1.062992e-01 
8.427442e-04 
9.476188e-01 
2.186515e-02 
4.411076e-01 
9.104683e-01 
4.604343e-03 
8.648592e-01 
2.111224e-01 
1.143503e-03 
9.398269e-01 
4.289583e-02 
5.205282e-02 
9.519000e-01 
8.939046e-03 
7.621918e-01 
4.214162e-01 
1.980045e-03 
9.226984e-01 
8.452865e-02 
9.285618e-04 
9.491079e-01 
1.746981e-02 
5.502517e-01 
7.862514e-01 
3.702065e-03 
8.855024e-01 
1.674653e-01 
9.790403e-04 
9.430243e-01 
3.423976e-02 
1.742839e-01 
9.524576e-01 
7.147719e-03 
8.054866e-01 
3.339363e-01 
1.628501e-03 
9.298262e-01 
6.735479e-02 
1.359688e-03 
9.503163e-01 
1.394255e-02 
6.370499e-01 
6.501120e-01 
2.988258e-03 
9.013673e-01 
1.331524e-01 
8.743905e-04 
9.456291e-01 
2.729317e-02 
3.100408e-01 
9.528590e-01 
5.726864e-03 
8.402995e-01 
2.647917e-01 
1.353830e-03 
9.354013e-01 
5.364663e-02 
5.533370e-03 
9.512180e-01 
1.114731e-02 
7.091249e-01 
5.254157e-01 
2.419499e-03 
9.131795e-01 
1.059630e-01 
8.428888e-04 
9.476584e-01 
2.179067e-02 
4.424169e-01 
9.090288e-01 
4.589672e-03 
8.652271e-01 
2.103737e-01 
1.140668e-03 
9.398624e-01 
4.275006e-02 
5.307717e-02 
9.519082e-01 
8.910873e-03 
7.630827e-01 
4.199271e-01 
1.974099e-03 
9.227831e-01 
8.424287e-02 
9.312983e-04 
9.491279e-01 
1.741554e-02 
5.523403e-01 
7.841192e-01 
3.690046e-03 
8.857037e-01 
1.669037e-01 
9.770860e-04 
9.430736e-01 
3.412156e-02 
1.767891e-01 
9.524622e-01 
7.123909e-03 
8.059632e-01 
3.328443e-01 
1.624143e-03 
9.299492e-01 
6.712115e-02 
1.372711e-03 
9.503274e-01 
1.389636e-02 
6.381534e-01 
6.483127e-01 
2.978577e-03 
9.016778e-01 
1.326889e-01 
8.734015e-04 
9.456556e-01 
2.720387e-02 
3.122394e-01 
9.528655e-01 
5.707570e-03 
8.405741e-01 
2.638700e-01 
1.350150e-03 
9.354656e-01 
5.347557e-02 
5.814593e-03 
9.512343e-01 
1.110943e-02 
7.097576e-01 
5.237127e-01 
2.412068e-03 
9.133362e-01 
1.056301e-01 
8.430625e-04 
9.477002e-01 
2.171663e-02 
4.437637e-01 
9.075971e-01 
4.575296e-03 
8.656096e-01 
2.096281e-01 
1.137858e-03 
9.398989e-01 
4.260532e-02 
5.415105e-02 
9.519166e-01 
8.882946e-03 
7.640134e-01 
4.184461e-01 
1.968196e-03 
9.228703e-01 
8.395941e-02 
9.341062e-04 
9.491485e-01 
1.735677e-02 
5.545383e-01 
7.819941e-01 
3.678116e-03 
8.859109e-01 
1.663473e-01 
9.751581e-04 
9.431249e-01 
3.400387e-02 
1.780810e-01 
9.524669e-01 
7.100261e-03 
8.064558e-01 
3.317637e-01 
1.619831e-03 
9.300778e-01 
6.688878e-02 
1.386115e-03 
9.503388e-01 
1.385052e-02 
6.392976e-01 
6.465341e-01 
2.968937e-03 
9.020050e-01 
1.322284e-01 
8.724528e-04 
9.456830e-01 
2.711654e-02 
3.145323e-01 
9.528722e-01 
5.688366e-03 
8.408561e-01 
2.629556e-01 
1.346503e-03 
9.355322e-01 
5.330612e-02 
6.125286e-03 
9.512514e-01 
1.107174e-02 
7.104089e-01 
5.220250e-01 
2.404698e-03 
9.134988e-01 
1.052743e-01 
8.432667e-04 
9.477200e-01 
2.164306e-02 
4.451484e-01 
9.061742e-01 
4.561041e-03 
8.660079e-01 
2.088859e-01 
1.135075e-03 
9.399363e-01 
4.246164e-02 
5.527828e-02 
9.519252e-01 
8.855265e-03 
7.649873e-01 
4.169738e-01 
1.962342e-03 
9.229602e-01 
8.367833e-02 
9.370046e-04 
9.491700e-01 
1.729726e-02 
5.568582e-01 
7.798805e-01 
3.666246e-03 
8.861247e-01 
1.658037e-01 
9.732573e-04 
9.431784e-01 
3.388672e-02 
1.794129e-01 
9.524717e-01 
7.076781e-03 
8.069655e-01 
3.306944e-01 
1.615549e-03 
9.302126e-01 
6.665768e-02 
1.399919e-03 
9.503504e-01 
1.380504e-02 
6.404851e-01 
6.446412e-01 
2.959340e-03 
9.022036e-01 
1.317711e-01 
8.713671e-04 
9.457112e-01 
2.702997e-02 
3.169271e-01 
9.528792e-01 
5.669256e-03 
8.411459e-01 
2.620486e-01 
1.342888e-03 
9.356011e-01 
5.313829e-02 
6.470165e-03 
9.512693e-01 
1.103423e-02 
7.110801e-01 
5.203530e-01 
2.397442e-03 
9.136677e-01 
1.049053e-01 
8.435031e-04 
9.477361e-01 
2.156998e-02 
4.465786e-01 
9.047611e-01 
4.546909e-03 
8.664232e-01 
2.081474e-01 
1.132321e-03 
9.399749e-01 
4.231906e-02 
5.646306e-02 
9.519343e-01 
8.827834e-03 
7.660086e-01 
4.155107e-01 
1.956541e-03 
9.230524e-01 
8.339968e-02 
9.399893e-04 
9.491924e-01 
1.723797e-02 
5.585830e-01 
7.777797e-01 
3.654328e-03 
8.863455e-01 
1.652657e-01 
9.713838e-04 
9.432343e-01 
3.377014e-02 
1.807869e-01 
9.524767e-01 
7.053471e-03 
8.074933e-01 
3.296367e-01 
1.610871e-03 
9.303543e-01 
6.642777e-02 
1.414146e-03 
9.503624e-01 
1.376004e-02 
6.417191e-01 
6.425838e-01 
2.949789e-03 
9.023302e-01 
1.313170e-01 
8.703054e-04 
9.457405e-01 
2.694417e-02 
3.194321e-01 
9.528866e-01 
5.650247e-03 
8.414440e-01 
2.611493e-01 
1.339308e-03 
9.356725e-01 
5.297210e-02 
6.855263e-03 
9.512883e-01 
1.099695e-02 
7.117700e-01 
5.186971e-01 
2.390343e-03 
9.138433e-01 
1.045377e-01 
8.437737e-04 
9.477526e-01 
2.149739e-02 
4.480569e-01 
9.033587e-01 
4.532902e-03 
8.668569e-01 
2.074128e-01 
1.129597e-03 
9.400146e-01 
4.217759e-02 
5.771008e-02 
9.519436e-01 
8.798218e-03 
7.670823e-01 
4.140555e-01 
1.950800e-03 
9.231472e-01 
8.312348e-02 
9.430497e-04 
9.492156e-01 
1.717893e-02 
5.594804e-01 
7.756925e-01 
3.642493e-03 
8.865737e-01 
1.647331e-01 
9.695382e-04 
9.432927e-01 
3.365417e-02 
1.822056e-01 
9.524819e-01 
7.030337e-03 
8.080404e-01 
3.285905e-01 
1.606218e-03 
9.305035e-01 
6.619931e-02 
1.428781e-03 
9.503748e-01 
1.371606e-02 
6.430027e-01 
6.405331e-01 
2.940290e-03 
9.024602e-01 
1.308664e-01 
8.692683e-04 
9.457707e-01 
2.685915e-02 
3.220568e-01 
9.528943e-01 
5.631336e-03 
8.417508e-01 
2.602578e-01 
1.335762e-03 
9.357467e-01 
5.279507e-02 
7.287927e-03 
9.512972e-01 
1.095989e-02 
7.124788e-01 
5.170575e-01 
2.383307e-03 
9.140261e-01 
1.041717e-01 
8.440804e-04 
9.477696e-01 
2.142532e-02 
4.495862e-01 
9.019677e-01 
4.519021e-03 
8.673106e-01 
2.066824e-01 
1.126907e-03 
9.400555e-01 
4.203726e-02 
5.902463e-02 
9.519533e-01 
8.768244e-03 
7.682140e-01 
4.126104e-01 
1.945073e-03 
9.232451e-01 
8.285374e-02 
9.461874e-04 
9.492399e-01 
1.712016e-02 
5.604024e-01 
7.736201e-01 
3.630744e-03 
8.868098e-01 
1.642058e-01 
9.677127e-04 
9.433540e-01 
3.353881e-02 
1.836715e-01 
9.524871e-01 
7.007380e-03 
8.086079e-01 
3.274934e-01 
1.601592e-03 
9.305942e-01 
6.597237e-02 
1.443501e-03 
9.503876e-01 
1.367245e-02 
6.443398e-01 
6.384899e-01 
2.930844e-03 
9.025938e-01 
1.304192e-01 
8.682560e-04 
9.458020e-01 
2.677492e-02 
3.248121e-01 
9.529024e-01 
5.612526e-03 
8.420669e-01 
2.593743e-01 
1.332279e-03 
9.358236e-01 
5.261177e-02 
7.777399e-03 
9.513045e-01 
1.092307e-02 
7.132103e-01 
5.154345e-01 
2.376337e-03 
9.142167e-01 
1.038075e-01 
8.444259e-04 
9.477871e-01 
2.135377e-02 
4.511698e-01 
9.005889e-01 
4.505267e-03 
8.677862e-01 
2.059563e-01 
1.124256e-03 
9.400974e-01 
4.189809e-02 
6.041251e-02 
9.519634e-01 
8.738382e-03 
7.690555e-01 
4.111758e-01 
1.939202e-03 
9.233461e-01 
8.258668e-02 
9.494043e-04 
9.492652e-01 
1.706166e-02 
5.613503e-01 
7.715632e-01 
3.619083e-03 
8.870543e-01 
1.636839e-01 
9.656931e-04 
9.434184e-01 
3.342403e-02 
1.851874e-01 
9.524926e-01 
6.984667e-03 
8.091974e-01 
3.263223e-01 
1.596995e-03 
9.306520e-01 
6.574698e-02 
1.458648e-03 
9.504008e-01 
1.362921e-02 
6.457346e-01 
6.364554e-01 
2.921456e-03 
9.027312e-01 
1.299757e-01 
8.672691e-04 
9.458344e-01 
2.669147e-02 
3.277113e-01 
9.529110e-01 
5.593834e-03 
8.423918e-01 
2.584989e-01 
1.328880e-03 
9.359037e-01 
5.242919e-02 
8.236266e-03 
9.513120e-01 
1.088649e-02 
7.139658e-01 
5.138283e-01 
2.369433e-03 
9.144157e-01 
1.034451e-01 
8.448118e-04 
9.478051e-01 
2.128277e-02 
4.528110e-01 
8.992229e-01 
4.490446e-03 
8.682860e-01 
2.052341e-01 
1.121648e-03 
9.401406e-01 
4.176011e-02 
6.188034e-02 
9.519740e-01 
8.708642e-03 
7.694945e-01 
4.097522e-01 
1.933375e-03 
9.234506e-01 
8.232214e-02 
9.527021e-04 
9.492917e-01 
1.700346e-02 
5.623254e-01 
7.695227e-01 
3.607511e-03 
8.873076e-01 
1.631674e-01 
9.636913e-04 
9.434862e-01 
3.330995e-02 
1.867550e-01 
9.524982e-01 
6.962476e-03 
8.098105e-01 
3.251561e-01 
1.592430e-03 
9.307114e-01 
6.552322e-02 
1.474237e-03 
9.504145e-01 
1.358635e-02 
6.471917e-01 
6.344304e-01 
2.912126e-03 
9.028725e-01 
1.295359e-01 
8.663078e-04 
9.458681e-01 
2.660286e-02 
3.307697e-01 
9.529150e-01 
5.575263e-03 
8.427255e-01 
2.576319e-01 
1.325516e-03 
9.359870e-01 
5.224738e-02 
8.436177e-03 
9.513197e-01 
1.085016e-02 
7.147467e-01 
5.122393e-01 
2.362596e-03 
9.146238e-01 
1.030847e-01 
8.452421e-04 
9.478237e-01 
2.121232e-02 
4.545137e-01 
8.978703e-01 
4.475453e-03 
8.688124e-01 
2.045167e-01 
1.119031e-03 
9.401851e-01 
4.162538e-02 
6.343565e-02 
9.519850e-01 
8.679031e-03 
7.699453e-01 
4.083400e-01 
1.927595e-03 
9.235586e-01 
8.206013e-02 
9.560782e-04 
9.493195e-01 
1.694556e-02 
5.633292e-01 
7.674993e-01 
3.596030e-03 
8.875704e-01 
1.626275e-01 
9.617084e-04 
9.435274e-01 
3.319659e-02 
1.883695e-01 
9.525039e-01 
6.940470e-03 
8.104487e-01 
3.239953e-01 
1.587898e-03 
9.307724e-01 
6.530112e-02 
1.490285e-03 
9.504287e-01 
1.354388e-02 
6.487166e-01 
6.324160e-01 
2.902856e-03 
9.030182e-01 
1.290998e-01 
8.653883e-04 
9.459030e-01 
2.651125e-02 
3.340060e-01 
9.529183e-01 
5.556822e-03 
8.430698e-01 
2.567823e-01 
1.322190e-03 
9.360739e-01 
5.206641e-02 
8.646440e-03 
9.513276e-01 
1.081409e-02 
7.155546e-01 
5.106674e-01 
2.355826e-03 
9.148420e-01 
1.027264e-01 
8.457214e-04 
9.478427e-01 
2.114243e-02 
4.562820e-01 
8.964155e-01 
4.460521e-03 
8.692042e-01 
2.038044e-01 
1.116226e-03 
9.402311e-01 
4.149195e-02 
6.508700e-02 
9.519964e-01 
8.649559e-03 
7.704086e-01 
4.069395e-01 
1.921862e-03 
9.236705e-01 
8.180069e-02 
9.594141e-04 
9.493487e-01 
1.688794e-02 
5.643634e-01 
7.654939e-01 
3.584675e-03 
8.878433e-01 
1.620533e-01 
9.597460e-04 
9.435537e-01 
3.308399e-02 
1.900426e-01 
9.525099e-01 
6.918651e-03 
8.111141e-01 
3.228403e-01 
1.583403e-03 
9.308351e-01 
6.508074e-02 
1.506811e-03 
9.504434e-01 
1.350179e-02 
6.503157e-01 
6.304130e-01 
2.893656e-03 
9.031679e-01 
1.286675e-01 
8.645207e-04 
9.459394e-01 
2.641998e-02 
3.368673e-01 
9.529217e-01 
5.538407e-03 
8.434253e-01 
2.559440e-01 
1.318900e-03 
9.361645e-01 
5.188634e-02 
8.867869e-03 
9.513357e-01 
1.077829e-02 
7.163911e-01 
5.091129e-01 
2.348533e-03 
9.150711e-01 
1.023699e-01 
8.462545e-04 
9.478623e-01 
2.107311e-02 
4.581205e-01 
8.945844e-01 
4.445654e-03 
8.694088e-01 
2.030972e-01 
1.113447e-03 
9.402787e-01 
4.135972e-02 
6.684423e-02 
9.520084e-01 
8.620234e-03 
7.708851e-01 
4.055510e-01 
1.916177e-03 
9.237864e-01 
8.154384e-02 
9.628303e-04 
9.493794e-01 
1.683065e-02 
5.654288e-01 
7.635069e-01 
3.573594e-03 
8.881270e-01 
1.614814e-01 
9.578058e-04 
9.435806e-01 
3.297217e-02 
1.917780e-01 
9.525161e-01 
6.897021e-03 
8.118089e-01 
3.216915e-01 
1.578946e-03 
9.308996e-01 
6.486211e-02 
1.523833e-03 
9.504586e-01 
1.345721e-02 
6.519968e-01 
6.284197e-01 
2.884530e-03 
9.033217e-01 
1.282392e-01 
8.636799e-04 
9.459772e-01 
2.632909e-02 
3.381238e-01 
9.529252e-01 
5.520117e-03 
8.437928e-01 
2.551143e-01 
1.315648e-03 
9.362594e-01 
5.170721e-02 
9.101376e-03 
9.513441e-01 
1.074275e-02 
7.172582e-01 
5.075760e-01 
2.341160e-03 
9.153124e-01 
1.020157e-01 
8.468740e-04 
9.478825e-01 
2.100545e-02 
4.600342e-01 
8.927449e-01 
4.430857e-03 
8.696189e-01 
2.023955e-01 
1.110694e-03 
9.403278e-01 
4.122872e-02 
6.871873e-02 
9.520210e-01 
8.591057e-03 
7.713754e-01 
4.041749e-01 
1.910541e-03 
9.239067e-01 
8.127603e-02 
9.663294e-04 
9.493981e-01 
0.000000e+00 
0.000000e+00 
0.000000e+00 
0.000000e+00 
0.000000e+00 
0.000000e+00 
0.000000e+00 
0.000000e+00
#[#TRACE_DATA]
#[#TRACE]
