#[TRACE]
#data_labels=Output
#[TRACE_DATA]
-5.278831e-03 
-6.562109e-03 
-8.554824e-03 
-1.145295e-02 
-1.582621e-02 
-2.272314e-02 
-3.419002e-02 
-5.445687e-02 
-9.248235e-02 
-1.648551e-01 
-2.853702e-01 
-4.362299e-01 
-5.886048e-01 
-7.301927e-01 
-8.540649e-01 
-9.486640e-01 
-9.543232e-01 
-9.543232e-01 
-9.543232e-01 
-9.543232e-01 
-9.543232e-01 
-9.543232e-01 
-9.543232e-01 
-9.543232e-01 
-9.543232e-01 
-9.543232e-01 
-9.543232e-01 
-9.543232e-01 
-9.543232e-01 
-9.543232e-01 
-9.543232e-01 
-9.543232e-01 
-9.543232e-01 
-9.543232e-01 
-9.543232e-01 
-9.543232e-01 
-9.543232e-01 
-9.543232e-01 
-9.543232e-01 
-9.543232e-01 
-9.543232e-01 
-9.543232e-01 
-9.543232e-01 
-9.543232e-01 
-9.543232e-01 
-9.543232e-01 
-9.543232e-01 
-9.543232e-01 
-9.543232e-01 
-9.543232e-01 
-9.543232e-01 
-9.543232e-01 
-9.543232e-01 
-9.543232e-01 
-9.543232e-01 
-9.543232e-01 
-9.543232e-01 
-9.543232e-01 
-9.543232e-01 
-9.543232e-01 
-9.543232e-01 
-9.543232e-01 
-9.543232e-01 
-9.543232e-01 
-9.543232e-01 
-9.543232e-01 
-9.543232e-01 
-9.543232e-01 
-9.543232e-01 
-9.543232e-01 
-9.543232e-01 
-9.543232e-01 
-9.543232e-01 
-9.543232e-01 
-9.543232e-01 
-9.543232e-01 
-9.543232e-01 
-9.543232e-01 
-9.543232e-01 
-9.543217e-01 
-9.543176e-01 
-9.543125e-01 
-9.543063e-01 
-9.542985e-01 
-9.542876e-01 
-9.542759e-01 
-9.542704e-01 
-9.542668e-01 
-9.542638e-01 
-9.542612e-01 
-9.542590e-01 
-9.542571e-01 
-9.542553e-01 
-9.542538e-01 
-9.542524e-01 
-9.542512e-01 
-9.542501e-01 
-9.542491e-01 
-9.542482e-01 
-9.542474e-01 
-9.542466e-01 
-9.542459e-01 
-9.542452e-01 
-9.542446e-01 
-9.542441e-01 
-9.542436e-01 
-9.542431e-01 
-9.542426e-01 
-9.542422e-01 
-9.542419e-01 
-9.542419e-01 
-9.542419e-01 
-9.542419e-01 
-9.542419e-01 
-9.542419e-01 
-9.542419e-01 
-9.542419e-01 
-9.542419e-01 
-9.542419e-01 
-9.542419e-01 
-9.542419e-01 
-9.542419e-01 
-9.542419e-01 
-9.542419e-01 
-9.542419e-01 
-9.542419e-01 
-9.542419e-01 
-9.542419e-01 
-9.542419e-01 
-9.542419e-01 
-9.542419e-01 
-9.542419e-01 
-9.542419e-01 
-9.542419e-01 
-9.542419e-01 
-9.542419e-01 
-9.542419e-01 
-9.542419e-01 
-9.542419e-01 
-9.542419e-01 
-9.542419e-01 
-9.542419e-01 
-9.542419e-01 
-9.542419e-01 
-9.542419e-01 
-9.542419e-01 
-9.542419e-01 
-9.542419e-01 
-9.542419e-01 
-9.542419e-01 
-9.542419e-01 
-9.542419e-01 
-9.542419e-01 
-9.542419e-01 
-9.542419e-01 
-9.542419e-01 
-9.542419e-01 
-9.542419e-01 
-9.542419e-01 
-9.542419e-01 
-9.542419e-01 
-9.542419e-01 
-9.542419e-01 
-9.542419e-01 
-9.542419e-01 
-9.542419e-01 
-9.542419e-01 
-9.542419e-01 
-9.542419e-01 
-9.542419e-01 
-9.542419e-01 
-9.542419e-01 
-9.514081e-01 
-8.594956e-01 
-7.375683e-01 
-5.957103e-01 
-4.318350e-01 
-2.306963e-01 
-3.604494e-02 
3.197866e-04 
3.888853e-04 
2.176345e-04 
1.364006e-04 
9.199346e-05 
6.541247e-05 
4.845900e-05 
3.712345e-05 
2.926668e-05 
2.367224e-05 
1.961562e-05 
1.665330e-05 
1.451519e-05 
1.305176e-05 
1.221597e-05 
1.206905e-05 
1.275958e-05 
1.425995e-05 
1.595691e-05 
1.726584e-05 
1.818547e-05 
1.891652e-05 
1.959522e-05 
2.013134e-05 
2.033322e-05 
2.033322e-05 
2.033322e-05 
2.033322e-05 
2.033322e-05 
2.033322e-05 
2.033322e-05 
2.033322e-05 
2.033322e-05 
2.033322e-05 
2.033322e-05 
2.033322e-05 
2.033322e-05 
2.033322e-05 
2.033322e-05 
2.033322e-05 
2.033322e-05 
2.033322e-05 
2.033322e-05 
2.033322e-05 
2.033322e-05 
2.033322e-05 
2.033322e-05 
2.033322e-05 
2.033322e-05 
2.033322e-05 
2.033322e-05 
2.033322e-05 
2.033322e-05 
2.033322e-05 
2.033322e-05 
2.033322e-05 
2.033322e-05 
2.033322e-05 
2.033322e-05 
2.033322e-05 
2.033322e-05 
2.033322e-05 
2.033322e-05 
2.033322e-05 
2.033322e-05 
2.033322e-05 
2.033322e-05 
2.033322e-05 
2.033322e-05 
2.033322e-05 
2.033322e-05 
2.033322e-05 
2.033322e-05 
2.033322e-05 
2.033322e-05 
2.033322e-05 
2.033322e-05 
2.033322e-05 
2.033322e-05 
2.033322e-05 
2.033322e-05 
2.033322e-05 
2.033322e-05 
2.033322e-05 
2.033322e-05 
2.033322e-05 
2.033322e-05 
2.041230e-05 
2.061367e-05 
2.083043e-05 
2.106379e-05 
2.131505e-05 
2.158547e-05 
2.187630e-05 
2.218886e-05 
2.252442e-05 
2.288341e-05 
2.326459e-05 
2.366435e-05 
2.407528e-05 
2.448345e-05 
2.486381e-05 
2.517209e-05 
2.533021e-05 
2.519939e-05 
2.452889e-05 
2.285565e-05 
1.930356e-05 
1.218597e-05 
-1.700891e-06 
-2.780564e-05 
-7.238094e-05 
-1.362858e-04 
-2.135681e-04 
-3.008824e-04 
-4.002372e-04 
-5.106982e-04 
-5.795850e-04 
-5.796084e-04 
-5.796084e-04 
-5.796084e-04 
-5.796084e-04 
-5.796084e-04 
-5.796084e-04 
-5.796084e-04 
-5.796084e-04 
-5.796084e-04 
-5.796084e-04 
-5.796084e-04 
-5.796084e-04 
-5.796084e-04 
-5.796084e-04 
-5.796084e-04 
-5.796084e-04 
-5.796084e-04 
-5.796084e-04 
-5.796084e-04 
-5.796084e-04 
-5.796084e-04 
-5.796084e-04 
-5.796084e-04 
-5.796084e-04 
-5.796084e-04 
-5.796084e-04 
-5.796084e-04 
-5.796084e-04 
-5.796084e-04 
-5.796084e-04 
-5.796084e-04 
-5.796084e-04 
-5.796084e-04 
-5.796084e-04 
-5.796084e-04 
-5.796084e-04 
-5.796084e-04 
-5.796084e-04 
-5.796084e-04 
-5.796084e-04 
-5.796084e-04 
-5.796084e-04 
-5.796084e-04 
-5.796084e-04 
-5.796084e-04 
-5.796084e-04 
-5.796084e-04 
-5.796084e-04 
-5.796084e-04 
-5.796084e-04 
-5.796084e-04 
-5.796084e-04 
-5.796084e-04 
-5.796084e-04 
-5.796084e-04 
-5.796084e-04 
-5.796084e-04 
-5.796084e-04 
-5.796084e-04 
-5.796084e-04 
-5.796084e-04 
-5.796084e-04 
-5.817340e-04 
-6.379579e-04 
-7.048391e-04 
-7.829769e-04 
-8.749330e-04 
-9.840231e-04 
-1.114487e-03 
-1.271609e-03 
-1.462004e-03 
-1.694729e-03 
-1.982643e-03 
-2.343717e-03 
-2.803236e-03 
-3.397519e-03 
-4.179990e-03 
-5.231338e-03 
-6.677105e-03 
-8.719371e-03 
-1.169647e-02 
-1.620135e-02 
-2.332949e-02 
-3.522764e-02 
-5.634846e-02 
-9.610648e-02 
-1.715422e-01 
-2.951128e-01 
-4.468212e-01 
-5.987050e-01 
-7.393197e-01 
-8.616396e-01 
-9.529365e-01 
-9.543232e-01 
-9.543232e-01 
-9.543232e-01 
-9.543232e-01 
-9.543232e-01 
-9.543232e-01 
-9.543232e-01 
-9.543232e-01 
-9.543232e-01 
-9.543232e-01 
-9.543232e-01 
-9.543232e-01 
-9.543232e-01 
-9.543232e-01 
-9.543232e-01 
-9.543232e-01 
-9.543232e-01 
-9.543232e-01 
-9.543232e-01 
-9.543232e-01 
-9.543232e-01 
-9.543232e-01 
-9.543232e-01 
-9.543232e-01 
-9.543232e-01 
-9.543232e-01 
-9.543232e-01 
-9.543232e-01 
-9.543232e-01 
-9.543232e-01 
-9.543232e-01 
-9.543232e-01 
-9.543232e-01 
-9.543232e-01 
-9.543232e-01 
-9.543232e-01 
-9.543232e-01 
-9.543232e-01 
-9.543232e-01 
-9.543232e-01 
-9.543232e-01 
-9.543232e-01 
-9.543232e-01 
-9.543232e-01 
-9.543232e-01 
-9.543232e-01 
-9.543232e-01 
-9.543232e-01 
-9.543232e-01 
-9.543232e-01 
-9.543232e-01 
-9.543232e-01 
-9.543232e-01 
-9.543232e-01 
-9.543232e-01 
-9.543232e-01 
-9.543232e-01 
-9.543232e-01 
-9.543232e-01 
-9.543232e-01 
-9.543232e-01 
-9.543232e-01 
-9.543232e-01 
-9.543215e-01 
-9.543173e-01 
-9.543121e-01 
-9.543058e-01 
-9.542978e-01 
-9.542867e-01 
-9.542754e-01 
-9.542701e-01 
-9.542666e-01 
-9.542636e-01 
-9.542611e-01 
-9.542589e-01 
-9.542569e-01 
-9.542552e-01 
-9.542537e-01 
-9.542524e-01 
-9.542511e-01 
-9.542500e-01 
-9.542490e-01 
-9.542481e-01 
-9.542473e-01 
-9.542465e-01 
-9.542458e-01 
-9.542452e-01 
-9.542446e-01 
-9.542440e-01 
-9.542435e-01 
-9.542430e-01 
-9.542426e-01 
-9.542422e-01 
-9.542420e-01 
-9.542420e-01 
-9.542420e-01 
-9.542420e-01 
-9.542420e-01 
-9.542420e-01 
-9.542420e-01 
-9.542420e-01 
-9.542420e-01 
-9.542420e-01 
-9.542420e-01 
-9.542420e-01 
-9.542420e-01 
-9.542420e-01 
-9.542420e-01 
-9.542420e-01 
-9.542420e-01 
-9.542420e-01 
-9.542420e-01 
-9.542420e-01 
-9.542420e-01 
-9.542420e-01 
-9.542420e-01 
-9.542420e-01 
-9.542420e-01 
-9.542420e-01 
-9.542420e-01 
-9.542420e-01 
-9.542420e-01 
-9.542420e-01 
-9.542420e-01 
-9.542420e-01 
-9.542420e-01 
-9.542420e-01 
-9.542420e-01 
-9.542420e-01 
-9.542420e-01 
-9.542420e-01 
-9.542420e-01 
-9.542420e-01 
-9.542420e-01 
-9.542420e-01 
-9.542420e-01 
-9.542420e-01 
-9.542420e-01 
-9.542420e-01 
-9.542420e-01 
-9.542420e-01 
-9.542420e-01 
-9.542420e-01 
-9.542420e-01 
-9.542420e-01 
-9.542420e-01 
-9.542420e-01 
-9.542420e-01 
-9.542420e-01 
-9.542420e-01 
-9.542420e-01 
-9.542420e-01 
-9.542420e-01 
-9.542420e-01 
-9.542420e-01 
-9.542420e-01 
-9.467620e-01 
-8.519327e-01 
-7.284593e-01 
-5.853079e-01 
-4.195116e-01 
-2.153610e-01 
-2.900392e-02 
4.175976e-04 
3.616760e-04 
2.036133e-04 
1.278463e-04 
8.614583e-05 
6.106545e-05 
4.500124e-05 
3.420862e-05 
2.667792e-05 
2.125818e-05 
1.725560e-05 
1.423416e-05 
1.191020e-05 
1.009377e-05 
8.654356e-06 
7.499453e-06 
6.558229e-06 
5.770468e-06 
5.101187e-06 
4.538274e-06 
4.063422e-06 
3.656647e-06 
3.300581e-06 
2.987890e-06 
2.973831e-06 
2.973831e-06 
2.973831e-06 
2.973831e-06 
2.973831e-06 
2.973831e-06 
2.973831e-06 
2.973831e-06 
2.973831e-06 
2.973831e-06 
2.973831e-06 
2.973831e-06 
2.973831e-06 
2.973831e-06 
2.973831e-06 
2.973831e-06 
2.973831e-06 
2.973831e-06 
2.973831e-06 
2.973831e-06 
2.973831e-06 
2.973831e-06 
2.973831e-06 
2.973831e-06 
2.973831e-06 
2.973831e-06 
2.973831e-06 
2.973831e-06 
2.973831e-06 
2.973831e-06 
2.973831e-06 
2.973831e-06 
2.973831e-06 
2.973831e-06 
2.973831e-06 
2.973831e-06 
2.973831e-06 
2.973831e-06 
2.973831e-06 
2.973831e-06 
2.973831e-06 
2.973831e-06 
2.973831e-06 
2.973831e-06 
2.973831e-06 
2.973831e-06 
2.973831e-06 
2.973831e-06 
2.973831e-06 
2.973831e-06 
2.973831e-06 
2.973831e-06 
2.973831e-06 
2.973831e-06 
2.973831e-06 
2.973831e-06 
2.973831e-06 
2.973831e-06 
2.973831e-06 
2.973831e-06 
2.973831e-06 
2.973831e-06 
2.973831e-06 
3.071525e-06 
3.301483e-06 
3.561114e-06 
3.855689e-06 
4.191718e-06 
4.577283e-06 
5.022518e-06 
5.540275e-06 
6.147013e-06 
6.864053e-06 
7.719410e-06 
8.750494e-06 
1.000814e-05 
1.156277e-05 
1.351411e-05 
1.600699e-05 
1.925784e-05 
2.360091e-05 
2.957198e-05 
3.806534e-05 
5.063381e-05 
7.003565e-05 
1.009596e-04 
1.494657e-04 
2.172032e-04 
2.962537e-04 
3.786697e-04 
4.620217e-04 
5.435416e-04 
6.138773e-04 
6.437980e-04 
6.438010e-04 
6.438010e-04 
6.438010e-04 
6.438010e-04 
6.438010e-04 
6.438010e-04 
6.438010e-04 
6.438010e-04 
6.438010e-04 
6.438010e-04 
6.438010e-04 
6.438010e-04 
6.438010e-04 
6.438010e-04 
6.438010e-04 
6.438010e-04 
6.438010e-04 
6.438010e-04 
6.438010e-04 
6.438010e-04 
6.438010e-04 
6.438010e-04 
6.438010e-04 
6.438010e-04 
6.438010e-04 
6.438010e-04 
6.438010e-04 
6.438010e-04 
6.438010e-04 
6.438010e-04 
6.438010e-04 
6.438010e-04 
6.438010e-04 
6.438010e-04 
6.438010e-04 
6.438010e-04 
6.438010e-04 
6.438010e-04 
6.438010e-04 
6.438010e-04 
6.438010e-04 
6.438010e-04 
6.438010e-04 
6.438010e-04 
6.438010e-04 
6.438010e-04 
6.438010e-04 
6.438010e-04 
6.438010e-04 
6.438010e-04 
6.438010e-04 
6.438010e-04 
6.438010e-04 
6.438010e-04 
6.438010e-04 
6.438010e-04 
6.438010e-04 
6.438010e-04 
6.438010e-04 
6.438010e-04 
6.438010e-04 
6.438010e-04 
6.492719e-04 
7.110175e-04 
7.824397e-04 
8.630244e-04 
9.097679e-04 
1.016329e-03 
1.151404e-03 
1.314150e-03 
1.511403e-03 
1.752558e-03 
2.050987e-03 
2.425377e-03 
2.902036e-03 
3.518771e-03 
4.331250e-03 
5.423631e-03 
6.927004e-03 
9.052681e-03 
1.215502e-02 
1.685622e-02 
2.430813e-02 
3.677200e-02 
5.893817e-02 
1.006562e-01 
1.792088e-01 
3.054079e-01 
4.575442e-01 
6.087862e-01 
7.483706e-01 
8.690766e-01 
9.540533e-01 
9.543234e-01 
9.543234e-01 
9.543234e-01 
9.543234e-01 
9.543234e-01 
9.543234e-01 
9.543234e-01 
9.543234e-01 
9.543234e-01 
9.543234e-01 
9.543234e-01 
9.543234e-01 
9.543234e-01 
9.543234e-01 
9.543234e-01 
9.543234e-01 
9.543234e-01 
9.543234e-01 
9.543234e-01 
9.543234e-01 
9.543234e-01 
9.543234e-01 
9.543234e-01 
9.543234e-01 
9.543234e-01 
9.543234e-01 
9.543234e-01 
9.543234e-01 
9.543234e-01 
9.543234e-01 
9.543234e-01 
9.543234e-01 
9.543234e-01 
9.543234e-01 
9.543234e-01 
9.543234e-01 
9.543234e-01 
9.543234e-01 
9.543234e-01 
9.543234e-01 
9.543234e-01 
9.543234e-01 
9.543234e-01 
9.543234e-01 
9.543234e-01 
9.543234e-01 
9.543234e-01 
9.543234e-01 
9.543234e-01 
9.543234e-01 
9.543234e-01 
9.543234e-01 
9.543234e-01 
9.543234e-01 
9.543234e-01 
9.543234e-01 
9.543234e-01 
9.543234e-01 
9.543234e-01 
9.543234e-01 
9.543234e-01 
9.543234e-01 
9.543234e-01 
9.543217e-01 
9.543181e-01 
9.543137e-01 
9.543087e-01 
9.543032e-01 
9.542971e-01 
9.542908e-01 
9.542844e-01 
9.542785e-01 
9.542733e-01 
9.542690e-01 
9.542653e-01 
9.542623e-01 
9.542597e-01 
9.542575e-01 
9.542556e-01 
9.542540e-01 
9.542525e-01 
9.542512e-01 
9.542501e-01 
9.542490e-01 
9.542481e-01 
9.542472e-01 
9.542465e-01 
9.542457e-01 
9.542451e-01 
9.542445e-01 
9.542439e-01 
9.542434e-01 
9.542429e-01 
9.542427e-01 
9.542427e-01 
9.542427e-01 
9.542427e-01 
9.542427e-01 
9.542427e-01 
9.542427e-01 
9.542427e-01 
9.542427e-01 
9.542427e-01 
9.542427e-01 
9.542427e-01 
9.542427e-01 
9.542427e-01 
9.542427e-01 
9.542427e-01 
9.542427e-01 
9.542427e-01 
9.542427e-01 
9.542427e-01 
9.542427e-01 
9.542427e-01 
9.542427e-01 
9.542427e-01 
9.542427e-01 
9.542427e-01 
9.542427e-01 
9.542427e-01 
9.542427e-01 
9.542427e-01 
9.542427e-01 
9.542427e-01 
9.542427e-01 
9.542427e-01 
9.542427e-01 
9.542427e-01 
9.542427e-01 
9.542427e-01 
9.542427e-01 
9.542427e-01 
9.542427e-01 
9.542427e-01 
9.542427e-01 
9.542427e-01 
9.542427e-01 
9.542427e-01 
9.542427e-01 
9.542427e-01 
9.542427e-01 
9.542427e-01 
9.542427e-01 
9.542427e-01 
9.542427e-01 
9.542427e-01 
9.542427e-01 
9.542427e-01 
9.542427e-01 
9.542427e-01 
9.542427e-01 
9.542427e-01 
9.542427e-01 
9.542427e-01 
9.542427e-01 
9.415886e-01 
8.442463e-01 
7.192967e-01 
5.749686e-01 
4.077286e-01 
2.029056e-01 
2.723646e-02 
1.024607e-03 
3.468534e-04 
1.966922e-04 
1.242126e-04 
8.403055e-05 
5.974341e-05 
4.413015e-05 
3.361050e-05 
2.625334e-05 
2.094839e-05 
1.702431e-05 
1.405807e-05 
1.177391e-05 
9.986740e-06 
8.569120e-06 
7.430166e-06 
6.499019e-06 
5.715381e-06 
5.048384e-06 
4.488217e-06 
4.015956e-06 
3.611070e-06 
3.256002e-06 
2.956262e-06 
2.950078e-06 
2.950078e-06 
2.950078e-06 
2.950078e-06 
2.950078e-06 
2.950078e-06 
2.950078e-06 
2.950078e-06 
2.950078e-06 
2.950078e-06 
2.950078e-06 
2.950078e-06 
2.950078e-06 
2.950078e-06 
2.950078e-06 
2.950078e-06 
2.950078e-06 
2.950078e-06 
2.950078e-06 
2.950078e-06 
2.950078e-06 
2.950078e-06 
2.950078e-06 
2.950078e-06 
2.950078e-06 
2.950078e-06 
2.950078e-06 
2.950078e-06 
2.950078e-06 
2.950078e-06 
2.950078e-06 
2.950078e-06 
2.950078e-06 
2.950078e-06 
2.950078e-06 
2.950078e-06 
2.950078e-06 
2.950078e-06 
2.950078e-06 
2.950078e-06 
2.950078e-06 
2.950078e-06 
2.950078e-06 
2.950078e-06 
2.950078e-06 
2.950078e-06 
2.950078e-06 
2.950078e-06 
2.950078e-06 
2.950078e-06 
2.950078e-06 
2.950078e-06 
2.950078e-06 
2.950078e-06 
2.950078e-06 
2.950078e-06 
2.950078e-06 
2.950078e-06 
2.950078e-06 
2.950078e-06 
2.950078e-06 
2.950078e-06 
2.950078e-06 
3.061948e-06 
3.292440e-06 
3.552788e-06 
3.848326e-06 
4.185628e-06 
4.572862e-06 
5.020275e-06 
5.540851e-06 
6.151249e-06 
6.873092e-06 
7.734837e-06 
8.774530e-06 
1.004392e-05 
1.161482e-05 
1.358909e-05 
1.611493e-05 
1.941434e-05 
2.383106e-05 
2.991771e-05 
3.859973e-05 
5.148897e-05 
7.145232e-05 
1.033341e-04 
1.531934e-04 
2.221035e-04 
3.016694e-04 
3.842686e-04 
4.676776e-04 
5.488511e-04 
6.178922e-04 
6.437990e-04 
6.437999e-04 
6.437999e-04 
6.437999e-04 
6.437999e-04 
6.437999e-04 
6.437999e-04 
6.437999e-04 
6.437999e-04 
6.437999e-04 
6.437999e-04 
6.437999e-04 
6.437999e-04 
6.437999e-04 
6.437999e-04 
6.437999e-04 
6.437999e-04 
6.437999e-04 
6.437999e-04 
6.437999e-04 
6.437999e-04 
6.437999e-04 
6.437999e-04 
6.437999e-04 
6.437999e-04 
6.437999e-04 
6.437999e-04 
6.437999e-04 
6.437999e-04 
6.437999e-04 
6.437999e-04 
6.437999e-04 
6.437999e-04 
6.437999e-04 
6.437999e-04 
6.437999e-04 
6.437999e-04 
6.437999e-04 
6.437999e-04 
6.437999e-04 
6.437999e-04 
6.437999e-04 
6.437999e-04 
6.437999e-04 
6.437999e-04 
6.437999e-04 
6.437999e-04 
6.437999e-04 
6.437999e-04 
6.437999e-04 
6.437999e-04 
6.437999e-04 
6.437999e-04 
6.437999e-04 
6.437999e-04 
6.437999e-04 
6.437999e-04 
6.437999e-04 
6.437999e-04 
6.437999e-04 
6.437999e-04 
6.437999e-04 
6.437999e-04 
6.529440e-04 
7.155927e-04 
7.876843e-04 
8.685831e-04 
9.154069e-04 
1.024802e-03 
1.161582e-03 
1.326449e-03 
1.526367e-03 
1.770960e-03 
2.073917e-03 
2.454357e-03 
2.939229e-03 
3.567323e-03 
4.395852e-03 
5.511477e-03 
7.049485e-03 
9.228498e-03 
1.241622e-02 
1.726044e-02 
2.496512e-02 
3.790335e-02 
6.101228e-02 
1.046262e-01 
1.863681e-01 
3.153792e-01 
4.681030e-01 
6.187735e-01 
7.573277e-01 
8.763679e-01 
9.542707e-01 
9.543234e-01 
9.543234e-01 
9.543234e-01 
9.543234e-01 
9.543234e-01 
9.543234e-01 
9.543234e-01 
9.543234e-01 
9.543234e-01 
9.543234e-01 
9.543234e-01 
9.543234e-01 
9.543234e-01 
9.543234e-01 
9.543234e-01 
9.543234e-01 
9.543234e-01 
9.543234e-01 
9.543234e-01 
9.543234e-01 
9.543234e-01 
9.543234e-01 
9.543234e-01 
9.543234e-01 
9.543234e-01 
9.543234e-01 
9.543234e-01 
9.543234e-01 
9.543234e-01 
9.543234e-01 
9.543234e-01 
9.543234e-01 
9.543234e-01 
9.543234e-01 
9.543234e-01 
9.543234e-01 
9.543234e-01 
9.543234e-01 
9.543234e-01 
9.543234e-01 
9.543234e-01 
9.543234e-01 
9.543234e-01 
9.543234e-01 
9.543234e-01 
9.543234e-01 
9.543234e-01 
9.543234e-01 
9.543234e-01 
9.543234e-01 
9.543234e-01 
9.543234e-01 
9.543234e-01 
9.543234e-01 
9.543234e-01 
9.543234e-01 
9.543234e-01 
9.543234e-01 
9.543234e-01 
9.543234e-01 
9.543234e-01 
9.543234e-01 
9.543234e-01 
9.543215e-01 
9.543178e-01 
9.543134e-01 
9.543084e-01 
9.543028e-01 
9.542967e-01 
9.542903e-01 
9.542840e-01 
9.542781e-01 
9.542730e-01 
9.542687e-01 
9.542651e-01 
9.542621e-01 
9.542596e-01 
9.542574e-01 
9.542555e-01 
9.542539e-01 
9.542524e-01 
9.542511e-01 
9.542500e-01 
9.542490e-01 
9.542480e-01 
9.542472e-01 
9.542464e-01 
9.542457e-01 
9.542451e-01 
9.542445e-01 
9.542439e-01 
9.542434e-01 
9.542429e-01 
9.542427e-01 
9.542427e-01 
9.542427e-01 
9.542427e-01 
9.542427e-01 
9.542427e-01 
9.542427e-01 
9.542427e-01 
9.542427e-01 
9.542427e-01 
9.542427e-01 
9.542427e-01 
9.542427e-01 
9.542427e-01 
9.542427e-01 
9.542427e-01 
9.542427e-01 
9.542427e-01 
9.542427e-01 
9.542427e-01 
9.542427e-01 
9.542427e-01 
9.542427e-01 
9.542427e-01 
9.542427e-01 
9.542427e-01 
9.542427e-01 
9.542427e-01 
9.542427e-01 
9.542427e-01 
9.542427e-01 
9.542427e-01 
9.542427e-01 
9.542427e-01 
9.542427e-01 
9.542427e-01 
9.542427e-01 
9.542427e-01 
9.542427e-01 
9.542427e-01 
9.542427e-01 
9.542427e-01 
9.542427e-01 
9.542427e-01 
9.542427e-01 
9.542427e-01 
9.542427e-01 
9.542427e-01 
9.542427e-01 
9.542427e-01 
9.542427e-01 
9.542427e-01 
9.542427e-01 
9.542427e-01 
9.542427e-01 
9.542427e-01 
9.542427e-01 
9.542427e-01 
9.542427e-01 
9.542427e-01 
9.542427e-01 
9.542427e-01 
9.542427e-01 
9.361452e-01 
8.364290e-01 
7.100171e-01 
5.643777e-01 
3.950958e-01 
1.876231e-01 
2.189308e-02 
8.711719e-04 
3.223223e-04 
1.838599e-04 
1.162277e-04 
7.849339e-05 
5.557900e-05 
4.078387e-05 
3.076330e-05 
2.370213e-05 
1.854847e-05 
1.465717e-05 
1.160890e-05 
9.109826e-06 
6.927463e-06 
4.838972e-06 
2.582563e-06 
-1.286982e-07 
-3.282502e-06 
-6.241238e-06 
-8.561665e-06 
-1.035904e-05 
-1.187449e-05 
-1.324680e-05 
-1.437846e-05 
-1.441886e-05 
-1.441886e-05 
-1.441886e-05 
-1.441886e-05 
-1.441886e-05 
-1.441886e-05 
-1.441886e-05 
-1.441886e-05 
-1.441886e-05 
-1.441886e-05 
-1.441886e-05 
-1.441886e-05 
-1.441886e-05 
-1.441886e-05 
-1.441886e-05 
-1.441886e-05 
-1.441886e-05 
-1.441886e-05 
-1.441886e-05 
-1.441886e-05 
-1.441886e-05 
-1.441886e-05 
-1.441886e-05 
-1.441886e-05 
-1.441886e-05 
-1.441886e-05 
-1.441886e-05 
-1.441886e-05 
-1.441886e-05 
-1.441886e-05 
-1.441886e-05 
-1.441886e-05 
-1.441886e-05 
-1.441886e-05 
-1.441886e-05 
-1.441886e-05 
-1.441886e-05 
-1.441886e-05 
-1.441886e-05 
-1.441886e-05 
-1.441886e-05 
-1.441886e-05 
-1.441886e-05 
-1.441886e-05 
-1.441886e-05 
-1.441886e-05 
-1.441886e-05 
-1.441886e-05 
-1.441886e-05 
-1.441886e-05 
-1.441886e-05 
-1.441886e-05 
-1.441886e-05 
-1.441886e-05 
-1.441886e-05 
-1.441886e-05 
-1.441886e-05 
-1.441886e-05 
-1.441886e-05 
-1.441886e-05 
-1.441886e-05 
-1.441886e-05 
-1.441886e-05 
-1.428478e-05 
-1.402526e-05 
-1.372150e-05 
-1.336410e-05 
-1.294130e-05 
-1.243821e-05 
-1.183589e-05 
-1.111019e-05 
-1.022987e-05 
-9.153340e-06 
-7.824731e-06 
-6.168498e-06 
-4.081241e-06 
-1.419509e-06 
2.018280e-06 
6.518461e-06 
1.249026e-05 
2.051648e-05 
3.140867e-05 
4.623133e-05 
6.620687e-05 
9.238372e-05 
1.251306e-04 
1.639625e-04 
2.081809e-04 
2.579368e-04 
3.149669e-04 
3.826456e-04 
4.643152e-04 
5.560146e-04 
5.942919e-04 
5.942924e-04 
5.942924e-04 
5.942924e-04 
5.942924e-04 
5.942924e-04 
5.942924e-04 
5.942924e-04 
5.942924e-04 
5.942924e-04 
5.942924e-04 
5.942924e-04 
5.942924e-04 
5.942924e-04 
5.942924e-04 
5.942924e-04 
5.942924e-04 
5.942924e-04 
5.942924e-04 
5.942924e-04 
5.942924e-04 
5.942924e-04 
5.942924e-04 
5.942924e-04 
5.942924e-04 
5.942924e-04 
5.942924e-04 
5.942924e-04 
5.942924e-04 
5.942924e-04 
5.942924e-04 
5.942924e-04 
5.942924e-04 
5.942924e-04 
5.942924e-04 
5.942924e-04 
5.942924e-04 
5.942924e-04 
5.942924e-04 
5.942924e-04 
5.942924e-04 
5.942924e-04 
5.942924e-04 
5.942924e-04 
5.942924e-04 
5.942924e-04 
5.942924e-04 
5.942924e-04 
5.942924e-04 
5.942924e-04 
5.942924e-04 
5.942924e-04 
5.942924e-04 
5.942924e-04 
5.942924e-04 
5.942924e-04 
5.942924e-04 
5.942924e-04 
5.942924e-04 
5.942924e-04 
5.942924e-04 
5.942924e-04 
5.942924e-04 
6.065645e-04 
6.672329e-04 
7.378397e-04 
8.204213e-04 
9.177427e-04 
1.033380e-03 
1.171891e-03 
1.338911e-03 
1.541538e-03 
1.789633e-03 
2.097206e-03 
2.483821e-03 
2.977084e-03 
3.616801e-03 
4.461778e-03 
5.601268e-03 
7.174908e-03 
9.408929e-03 
1.268495e-02 
1.767763e-02 
2.564567e-02 
3.908023e-02 
6.317868e-02 
1.087755e-01 
1.937673e-01 
3.254590e-01 
4.786448e-01 
6.287037e-01 
7.661962e-01 
8.835098e-01 
9.543131e-01 
9.543234e-01 
9.543234e-01 
9.543234e-01 
9.543234e-01 
9.543234e-01 
9.543234e-01 
9.543234e-01 
9.543234e-01 
9.543234e-01 
9.543234e-01 
9.543234e-01 
9.543234e-01 
9.543234e-01 
9.543234e-01 
9.543234e-01 
9.543234e-01 
9.543234e-01 
9.543234e-01 
9.543234e-01 
9.543234e-01 
9.543234e-01 
9.543234e-01 
9.543234e-01 
9.543234e-01 
9.543234e-01 
9.543234e-01 
9.543234e-01 
9.543234e-01 
9.543234e-01 
9.543234e-01 
9.543234e-01 
9.543234e-01 
9.543234e-01 
9.543234e-01 
9.543234e-01 
9.543234e-01 
9.543234e-01 
9.543234e-01 
9.543234e-01 
9.543234e-01 
9.543234e-01 
9.543234e-01 
9.543234e-01 
9.543234e-01 
9.543234e-01 
9.543234e-01 
9.543234e-01 
9.543234e-01 
9.543234e-01 
9.543234e-01 
9.543234e-01 
9.543234e-01 
9.543234e-01 
9.543234e-01 
9.543234e-01 
9.543234e-01 
9.543234e-01 
9.543234e-01 
9.543234e-01 
9.543234e-01 
9.543234e-01 
9.543234e-01 
9.543234e-01 
9.543213e-01 
9.543176e-01 
9.543131e-01 
9.543080e-01 
9.543024e-01 
9.542963e-01 
9.542899e-01 
9.542836e-01 
9.542778e-01 
9.542727e-01 
9.542684e-01 
9.542649e-01 
9.542619e-01 
9.542594e-01 
9.542572e-01 
9.542554e-01 
9.542537e-01 
9.542523e-01 
9.542510e-01 
9.542499e-01 
9.542489e-01 
9.542480e-01 
9.542471e-01 
9.542464e-01 
9.542457e-01 
9.542450e-01 
9.542444e-01 
9.542439e-01 
9.542434e-01 
9.542429e-01 
9.542427e-01 
9.542427e-01 
9.542427e-01 
9.542427e-01 
9.542427e-01 
9.542427e-01 
9.542427e-01 
9.542427e-01 
9.542427e-01 
9.542427e-01 
9.542427e-01 
9.542427e-01 
9.542427e-01 
9.542427e-01 
9.542427e-01 
9.542427e-01 
9.542427e-01 
9.542427e-01 
9.542427e-01 
9.542427e-01 
9.542427e-01 
9.542427e-01 
9.542427e-01 
9.542427e-01 
9.542427e-01 
9.542427e-01 
9.542427e-01 
9.542427e-01 
9.542427e-01 
9.542427e-01 
9.542427e-01 
9.542427e-01 
9.542427e-01 
9.542427e-01 
9.542427e-01 
9.542427e-01 
9.542427e-01 
9.542427e-01 
9.542427e-01 
9.542427e-01 
9.542427e-01 
9.542427e-01 
9.542427e-01 
9.542427e-01 
9.542427e-01 
9.542427e-01 
9.542427e-01 
9.542427e-01 
9.542427e-01 
9.542427e-01 
9.542427e-01 
9.542427e-01 
9.542427e-01 
9.542427e-01 
9.542427e-01 
9.542427e-01 
9.542427e-01 
9.542427e-01 
9.542427e-01 
9.542427e-01 
9.542427e-01 
9.542427e-01 
9.542427e-01 
9.304882e-01 
8.284911e-01 
7.006533e-01 
5.536874e-01 
3.822983e-01 
1.724858e-01 
1.755783e-02 
8.033689e-04 
3.272699e-04 
1.898022e-04 
1.217139e-04 
8.341313e-05 
6.003721e-05 
4.491405e-05 
3.469232e-05 
2.754904e-05 
2.243262e-05 
1.871065e-05 
1.599487e-05 
1.405173e-05 
1.276031e-05 
1.210201e-05 
1.216843e-05 
1.310399e-05 
1.473992e-05 
1.636187e-05 
1.754798e-05 
1.839605e-05 
1.910536e-05 
1.976890e-05 
2.032064e-05 
2.033322e-05 
2.033322e-05 
2.033322e-05 
2.033322e-05 
2.033322e-05 
2.033322e-05 
2.033322e-05 
2.033322e-05 
2.033322e-05 
2.033322e-05 
2.033322e-05 
2.033322e-05 
2.033322e-05 
2.033322e-05 
2.033322e-05 
2.033322e-05 
2.033322e-05 
2.033322e-05 
2.033322e-05 
2.033322e-05 
2.033322e-05 
2.033322e-05 
2.033322e-05 
2.033322e-05 
2.033322e-05 
2.033322e-05 
2.033322e-05 
2.033322e-05 
2.033322e-05 
2.033322e-05 
2.033322e-05 
2.033322e-05 
2.033322e-05 
2.033322e-05 
2.033322e-05 
2.033322e-05 
2.033322e-05 
2.033322e-05 
2.033322e-05 
2.033322e-05 
2.033322e-05 
2.033322e-05 
2.033322e-05 
2.033322e-05 
2.033322e-05 
2.033322e-05 
2.033322e-05 
2.033322e-05 
2.033322e-05 
2.033322e-05 
2.033322e-05 
2.033322e-05 
2.033322e-05 
2.033322e-05 
2.033322e-05 
2.033322e-05 
2.033322e-05 
2.033322e-05 
2.033322e-05 
2.033322e-05 
2.033322e-05 
2.033322e-05 
2.033322e-05 
2.046591e-05 
2.067138e-05 
2.089255e-05 
2.113068e-05 
2.138706e-05 
2.166293e-05 
2.195957e-05 
2.227831e-05 
2.262030e-05 
2.298556e-05 
2.337231e-05 
2.377607e-05 
2.418799e-05 
2.459167e-05 
2.495780e-05 
2.523470e-05 
2.533109e-05 
2.508413e-05 
2.419798e-05 
2.212264e-05 
1.781123e-05 
9.246206e-06 
-7.343999e-06 
-3.796319e-05 
-8.812733e-05 
-1.563568e-04 
-2.364302e-04 
-3.267342e-04 
-4.297022e-04 
-5.407524e-04 
-5.796082e-04 
-5.796084e-04 
-5.796084e-04 
-5.796084e-04 
-5.796084e-04 
-5.796084e-04 
-5.796084e-04 
-5.796084e-04 
-5.796084e-04 
-5.796084e-04 
-5.796084e-04 
-5.796084e-04 
-5.796084e-04 
-5.796084e-04 
-5.796084e-04 
-5.796084e-04 
-5.796084e-04 
-5.796084e-04 
-5.796084e-04 
-5.796084e-04 
-5.796084e-04 
-5.796084e-04 
-5.796084e-04 
-5.796084e-04 
-5.796084e-04 
-5.796084e-04 
-5.796084e-04 
-5.796084e-04 
-5.796084e-04 
-5.796084e-04 
-5.796084e-04 
-5.796084e-04 
-5.796084e-04 
-5.796084e-04 
-5.796084e-04 
-5.796084e-04 
-5.796084e-04 
-5.796084e-04 
-5.796084e-04 
-5.796084e-04 
-5.796084e-04 
-5.796084e-04 
-5.796084e-04 
-5.796084e-04 
-5.796084e-04 
-5.796084e-04 
-5.796084e-04 
-5.796084e-04 
-5.796084e-04 
-5.796084e-04 
-5.796084e-04 
-5.796084e-04 
-5.796084e-04 
-5.796084e-04 
-5.796084e-04 
-5.796084e-04 
-5.796084e-04 
-5.796084e-04 
-5.796084e-04 
-5.796084e-04 
-5.796084e-04 
-5.796084e-04 
-5.796084e-04 
-5.953268e-04 
-6.552530e-04 
-7.249959e-04 
-8.066297e-04 
-9.029066e-04 
-1.017379e-03 
-1.154563e-03 
-1.320052e-03 
-1.520986e-03 
-1.767340e-03 
-2.073220e-03 
-2.458325e-03 
-2.950509e-03 
-3.590034e-03 
-4.436540e-03 
-5.580800e-03 
-7.165302e-03 
-9.421753e-03 
-1.274270e-02 
-1.782559e-02 
-2.597933e-02 
-3.981139e-02 
-6.479454e-02 
-1.123343e-01 
-2.007133e-01 
-3.352887e-01 
-4.890583e-01 
-6.385494e-01 
-7.749678e-01 
-8.904957e-01 
-9.543212e-01 
-9.543232e-01 
-9.543232e-01 
-9.543232e-01 
-9.543232e-01 
-9.543232e-01 
-9.543232e-01 
-9.543232e-01 
-9.543232e-01 
-9.543232e-01 
-9.543232e-01 
-9.543232e-01 
-9.543232e-01 
-9.543232e-01 
-9.543232e-01 
-9.543232e-01 
-9.543232e-01 
-9.543232e-01 
-9.543232e-01 
-9.543232e-01 
-9.543232e-01 
-9.543232e-01 
-9.543232e-01 
-9.543232e-01 
-9.543232e-01 
-9.543232e-01 
-9.543232e-01 
-9.543232e-01 
-9.543232e-01 
-9.543232e-01 
-9.543232e-01 
-9.543232e-01 
-9.543232e-01 
-9.543232e-01 
-9.543232e-01 
-9.543232e-01 
-9.543232e-01 
-9.543232e-01 
-9.543232e-01 
-9.543232e-01 
-9.543232e-01 
-9.543232e-01 
-9.543232e-01 
-9.543232e-01 
-9.543232e-01 
-9.543232e-01 
-9.543232e-01 
-9.543232e-01 
-9.543232e-01 
-9.543232e-01 
-9.543232e-01 
-9.543232e-01 
-9.543232e-01 
-9.543232e-01 
-9.543232e-01 
-9.543232e-01 
-9.543232e-01 
-9.543232e-01 
-9.543232e-01 
-9.543232e-01 
-9.543232e-01 
-9.543232e-01 
-9.543232e-01 
-9.543232e-01 
-9.543205e-01 
-9.543160e-01 
-9.543105e-01 
-9.543039e-01 
-9.542952e-01 
-9.542832e-01 
-9.542735e-01 
-9.542691e-01 
-9.542657e-01 
-9.542629e-01 
-9.542604e-01 
-9.542583e-01 
-9.542564e-01 
-9.542548e-01 
-9.542533e-01 
-9.542520e-01 
-9.542508e-01 
-9.542498e-01 
-9.542488e-01 
-9.542479e-01 
-9.542471e-01 
-9.542463e-01 
-9.542457e-01 
-9.542450e-01 
-9.542444e-01 
-9.542439e-01 
-9.542434e-01 
-9.542429e-01 
-9.542425e-01 
-9.542421e-01 
-9.542420e-01 
-9.542420e-01 
-9.542420e-01 
-9.542420e-01 
-9.542420e-01 
-9.542420e-01 
-9.542420e-01 
-9.542420e-01 
-9.542420e-01 
-9.542420e-01 
-9.542420e-01 
-9.542420e-01 
-9.542420e-01 
-9.542420e-01 
-9.542420e-01 
-9.542420e-01 
-9.542420e-01 
-9.542420e-01 
-9.542420e-01 
-9.542420e-01 
-9.542420e-01 
-9.542420e-01 
-9.542420e-01 
-9.542420e-01 
-9.542420e-01 
-9.542420e-01 
-9.542420e-01 
-9.542420e-01 
-9.542420e-01 
-9.542420e-01 
-9.542420e-01 
-9.542420e-01 
-9.542420e-01 
-9.542420e-01 
-9.542420e-01 
-9.542420e-01 
-9.542420e-01 
-9.542420e-01 
-9.542420e-01 
-9.542420e-01 
-9.542420e-01 
-9.542420e-01 
-9.542420e-01 
-9.542420e-01 
-9.542420e-01 
-9.542420e-01 
-9.542420e-01 
-9.542420e-01 
-9.542420e-01 
-9.542420e-01 
-9.542420e-01 
-9.542420e-01 
-9.542420e-01 
-9.542420e-01 
-9.542420e-01 
-9.542420e-01 
-9.542420e-01 
-9.542420e-01 
-9.542420e-01 
-9.542420e-01 
-9.542420e-01 
-9.542420e-01 
-9.542420e-01 
-9.246322e-01 
-8.204270e-01 
-6.911558e-01 
-5.426587e-01 
-3.682921e-01 
-1.535789e-01 
-1.028757e-02 
5.469792e-04 
3.047517e-04 
1.777236e-04 
1.140790e-04 
7.806127e-05 
5.597932e-05 
4.163210e-05 
3.188463e-05 
2.502131e-05 
2.004463e-05 
1.634587e-05 
1.353862e-05 
1.136936e-05 
9.667083e-06 
8.313471e-06 
7.223509e-06 
6.329717e-06 
5.576206e-06 
4.937293e-06 
4.400532e-06 
3.946190e-06 
3.554876e-06 
3.210201e-06 
2.974055e-06 
2.973831e-06 
2.973831e-06 
2.973831e-06 
2.973831e-06 
2.973831e-06 
2.973831e-06 
2.973831e-06 
2.973831e-06 
2.973831e-06 
2.973831e-06 
2.973831e-06 
2.973831e-06 
2.973831e-06 
2.973831e-06 
2.973831e-06 
2.973831e-06 
2.973831e-06 
2.973831e-06 
2.973831e-06 
2.973831e-06 
2.973831e-06 
2.973831e-06 
2.973831e-06 
2.973831e-06 
2.973831e-06 
2.973831e-06 
2.973831e-06 
2.973831e-06 
2.973831e-06 
2.973831e-06 
2.973831e-06 
2.973831e-06 
2.973831e-06 
2.973831e-06 
2.973831e-06 
2.973831e-06 
2.973831e-06 
2.973831e-06 
2.973831e-06 
2.973831e-06 
2.973831e-06 
2.973831e-06 
2.973831e-06 
2.973831e-06 
2.973831e-06 
2.973831e-06 
2.973831e-06 
2.973831e-06 
2.973831e-06 
2.973831e-06 
2.973831e-06 
2.973831e-06 
2.973831e-06 
2.973831e-06 
2.973831e-06 
2.973831e-06 
2.973831e-06 
2.973831e-06 
2.973831e-06 
2.973831e-06 
2.973831e-06 
2.973831e-06 
2.973831e-06 
3.131726e-06 
3.369343e-06 
3.637960e-06 
3.943167e-06 
4.291865e-06 
4.692642e-06 
5.156302e-06 
5.696581e-06 
6.331127e-06 
7.082875e-06 
7.982098e-06 
9.069406e-06 
1.040026e-05 
1.205193e-05 
1.413458e-05 
1.680936e-05 
2.031918e-05 
2.504287e-05 
3.159426e-05 
4.100954e-05 
5.510422e-05 
7.709775e-05 
1.122498e-04 
1.662660e-04 
2.381479e-04 
3.186324e-04 
4.014224e-04 
4.847382e-04 
5.644880e-04 
6.291475e-04 
6.438010e-04 
6.438010e-04 
6.438010e-04 
6.438010e-04 
6.438010e-04 
6.438010e-04 
6.438010e-04 
6.438010e-04 
6.438010e-04 
6.438010e-04 
6.438010e-04 
6.438010e-04 
6.438010e-04 
6.438010e-04 
6.438010e-04 
6.438010e-04 
6.438010e-04 
6.438010e-04 
6.438010e-04 
6.438010e-04 
6.438010e-04 
6.438010e-04 
6.438010e-04 
6.438010e-04 
6.438010e-04 
6.438010e-04 
6.438010e-04 
6.438010e-04 
6.438010e-04 
6.438010e-04 
6.438010e-04 
6.438010e-04 
6.438010e-04 
6.438010e-04 
6.438010e-04 
6.438010e-04 
6.438010e-04 
6.438010e-04 
6.438010e-04 
6.438010e-04 
6.438010e-04 
6.438010e-04 
6.438010e-04 
6.438010e-04 
6.438010e-04 
6.438010e-04 
6.438010e-04 
6.438010e-04 
6.438010e-04 
6.438010e-04 
6.438010e-04 
6.438010e-04 
6.438010e-04 
6.438010e-04 
6.438010e-04 
6.438010e-04 
6.438010e-04 
6.438010e-04 
6.438010e-04 
6.438010e-04 
6.438010e-04 
6.438010e-04 
6.438010e-04 
6.649824e-04 
7.295856e-04 
8.036993e-04 
8.836538e-04 
9.335354e-04 
1.050857e-03 
1.192909e-03 
1.364335e-03 
1.572517e-03 
1.827812e-03 
2.144891e-03 
2.544241e-03 
3.054843e-03 
3.718624e-03 
4.597740e-03 
5.786898e-03 
7.434936e-03 
9.784243e-03 
1.324616e-02 
1.855295e-02 
2.708162e-02 
4.157953e-02 
6.780698e-02 
1.176396e-01 
2.092748e-01 
3.458962e-01 
4.996599e-01 
6.483853e-01 
7.836549e-01 
8.973229e-01 
9.543230e-01 
9.543234e-01 
9.543234e-01 
9.543234e-01 
9.543234e-01 
9.543234e-01 
9.543234e-01 
9.543234e-01 
9.543234e-01 
9.543234e-01 
9.543234e-01 
9.543234e-01 
9.543234e-01 
9.543234e-01 
9.543234e-01 
9.543234e-01 
9.543234e-01 
9.543234e-01 
9.543234e-01 
9.543234e-01 
9.543234e-01 
9.543234e-01 
9.543234e-01 
9.543234e-01 
9.543234e-01 
9.543234e-01 
9.543234e-01 
9.543234e-01 
9.543234e-01 
9.543234e-01 
9.543234e-01 
9.543234e-01 
9.543234e-01 
9.543234e-01 
9.543234e-01 
9.543234e-01 
9.543234e-01 
9.543234e-01 
9.543234e-01 
9.543234e-01 
9.543234e-01 
9.543234e-01 
9.543234e-01 
9.543234e-01 
9.543234e-01 
9.543234e-01 
9.543234e-01 
9.543234e-01 
9.543234e-01 
9.543234e-01 
9.543234e-01 
9.543234e-01 
9.543234e-01 
9.543234e-01 
9.543234e-01 
9.543234e-01 
9.543234e-01 
9.543234e-01 
9.543234e-01 
9.543234e-01 
9.543234e-01 
9.543234e-01 
9.543234e-01 
9.543234e-01 
9.543208e-01 
9.543170e-01 
9.543124e-01 
9.543073e-01 
9.543016e-01 
9.542954e-01 
9.542890e-01 
9.542827e-01 
9.542770e-01 
9.542721e-01 
9.542679e-01 
9.542645e-01 
9.542615e-01 
9.542591e-01 
9.542570e-01 
9.542551e-01 
9.542535e-01 
9.542521e-01 
9.542509e-01 
9.542498e-01 
9.542488e-01 
9.542478e-01 
9.542470e-01 
9.542463e-01 
9.542456e-01 
9.542449e-01 
9.542443e-01 
9.542438e-01 
9.542433e-01 
9.542428e-01 
9.542427e-01 
9.542427e-01 
9.542427e-01 
9.542427e-01 
9.542427e-01 
9.542427e-01 
9.542427e-01 
9.542427e-01 
9.542427e-01 
9.542427e-01 
9.542427e-01 
9.542427e-01 
9.542427e-01 
9.542427e-01 
9.542427e-01 
9.542427e-01 
9.542427e-01 
9.542427e-01 
9.542427e-01 
9.542427e-01 
9.542427e-01 
9.542427e-01 
9.542427e-01 
9.542427e-01 
9.542427e-01 
9.542427e-01 
9.542427e-01 
9.542427e-01 
9.542427e-01 
9.542427e-01 
9.542427e-01 
9.542427e-01 
9.542427e-01 
9.542427e-01 
9.542427e-01 
9.542427e-01 
9.542427e-01 
9.542427e-01 
9.542427e-01 
9.542427e-01 
9.542427e-01 
9.542427e-01 
9.542427e-01 
9.542427e-01 
9.542427e-01 
9.542427e-01 
9.542427e-01 
9.542427e-01 
9.542427e-01 
9.542427e-01 
9.542427e-01 
9.542427e-01 
9.542427e-01 
9.542427e-01 
9.542427e-01 
9.542427e-01 
9.542427e-01 
9.542427e-01 
9.542427e-01 
9.542427e-01 
9.542427e-01 
9.542427e-01 
9.542427e-01 
9.185899e-01 
8.122683e-01 
6.816692e-01 
5.319683e-01 
3.560603e-01 
1.425059e-01 
1.090827e-02 
6.425129e-04 
2.926175e-04 
1.719964e-04 
1.109717e-04 
7.621251e-05 
5.480534e-05 
4.084904e-05 
3.134167e-05 
2.463278e-05 
1.975925e-05 
1.613159e-05 
1.337470e-05 
1.124195e-05 
9.566657e-06 
8.233146e-06 
7.157603e-06 
6.272132e-06 
5.521722e-06 
4.885213e-06 
4.351227e-06 
3.899327e-06 
3.509653e-06 
3.165810e-06 
2.950161e-06 
2.950078e-06 
2.950078e-06 
2.950078e-06 
2.950078e-06 
2.950078e-06 
2.950078e-06 
2.950078e-06 
2.950078e-06 
2.950078e-06 
2.950078e-06 
2.950078e-06 
2.950078e-06 
2.950078e-06 
2.950078e-06 
2.950078e-06 
2.950078e-06 
2.950078e-06 
2.950078e-06 
2.950078e-06 
2.950078e-06 
2.950078e-06 
2.950078e-06 
2.950078e-06 
2.950078e-06 
2.950078e-06 
2.950078e-06 
2.950078e-06 
2.950078e-06 
2.950078e-06 
2.950078e-06 
2.950078e-06 
2.950078e-06 
2.950078e-06 
2.950078e-06 
2.950078e-06 
2.950078e-06 
2.950078e-06 
2.950078e-06 
2.950078e-06 
2.950078e-06 
2.950078e-06 
2.950078e-06 
2.950078e-06 
2.950078e-06 
2.950078e-06 
2.950078e-06 
2.950078e-06 
2.950078e-06 
2.950078e-06 
2.950078e-06 
2.950078e-06 
2.950078e-06 
2.950078e-06 
2.950078e-06 
2.950078e-06 
2.950078e-06 
2.950078e-06 
2.950078e-06 
2.950078e-06 
2.950078e-06 
2.950078e-06 
2.950078e-06 
2.950078e-06 
3.122285e-06 
3.360475e-06 
3.629871e-06 
3.936118e-06 
4.286187e-06 
4.688761e-06 
5.154759e-06 
5.698065e-06 
6.336547e-06 
7.093481e-06 
7.999627e-06 
9.096295e-06 
1.043997e-05 
1.210949e-05 
1.421740e-05 
1.692873e-05 
2.049280e-05 
2.529950e-05 
3.198250e-05 
4.161505e-05 
5.608294e-05 
7.873070e-05 
1.149670e-04 
1.703682e-04 
2.432492e-04 
3.241138e-04 
4.070527e-04 
4.903615e-04 
5.695571e-04 
6.326144e-04 
6.437999e-04 
6.437999e-04 
6.437999e-04 
6.437999e-04 
6.437999e-04 
6.437999e-04 
6.437999e-04 
6.437999e-04 
6.437999e-04 
6.437999e-04 
6.437999e-04 
6.437999e-04 
6.437999e-04 
6.437999e-04 
6.437999e-04 
6.437999e-04 
6.437999e-04 
6.437999e-04 
6.437999e-04 
6.437999e-04 
6.437999e-04 
6.437999e-04 
6.437999e-04 
6.437999e-04 
6.437999e-04 
6.437999e-04 
6.437999e-04 
6.437999e-04 
6.437999e-04 
6.437999e-04 
6.437999e-04 
6.437999e-04 
6.437999e-04 
6.437999e-04 
6.437999e-04 
6.437999e-04 
6.437999e-04 
6.437999e-04 
6.437999e-04 
6.437999e-04 
6.437999e-04 
6.437999e-04 
6.437999e-04 
6.437999e-04 
6.437999e-04 
6.437999e-04 
6.437999e-04 
6.437999e-04 
6.437999e-04 
6.437999e-04 
6.437999e-04 
6.437999e-04 
6.437999e-04 
6.437999e-04 
6.437999e-04 
6.437999e-04 
6.437999e-04 
6.437999e-04 
6.437999e-04 
6.437999e-04 
6.437999e-04 
6.437999e-04 
6.437999e-04 
6.691177e-04 
7.343377e-04 
8.091264e-04 
8.868098e-04 
9.404226e-04 
1.059759e-03 
1.203622e-03 
1.377301e-03 
1.588332e-03 
1.847329e-03 
2.169303e-03 
2.575218e-03 
3.094778e-03 
3.771016e-03 
4.667847e-03 
5.882850e-03 
7.569727e-03 
9.979447e-03 
1.353921e-02 
1.901220e-02 
2.783928e-02 
4.290669e-02 
7.027873e-02 
1.223680e-01 
2.173745e-01 
3.562305e-01 
5.101255e-01 
6.581332e-01 
7.922388e-01 
9.039829e-01 
9.543233e-01 
9.543234e-01 
9.543234e-01 
9.543234e-01 
9.543234e-01 
9.543234e-01 
9.543234e-01 
9.543234e-01 
9.543234e-01 
9.543234e-01 
9.543234e-01 
9.543234e-01 
9.543234e-01 
9.543234e-01 
9.543234e-01 
9.543234e-01 
9.543234e-01 
9.543234e-01 
9.543234e-01 
9.543234e-01 
9.543234e-01 
9.543234e-01 
9.543234e-01 
9.543234e-01 
9.543234e-01 
9.543234e-01 
9.543234e-01 
9.543234e-01 
9.543234e-01 
9.543234e-01 
9.543234e-01 
9.543234e-01 
9.543234e-01 
9.543234e-01 
9.543234e-01 
9.543234e-01 
9.543234e-01 
9.543234e-01 
9.543234e-01 
9.543234e-01 
9.543234e-01 
9.543234e-01 
9.543234e-01 
9.543234e-01 
9.543234e-01 
9.543234e-01 
9.543234e-01 
9.543234e-01 
9.543234e-01 
9.543234e-01 
9.543234e-01 
9.543234e-01 
9.543234e-01 
9.543234e-01 
9.543234e-01 
9.543234e-01 
9.543234e-01 
9.543234e-01 
9.543234e-01 
9.543234e-01 
9.543234e-01 
9.543234e-01 
9.543234e-01 
9.543234e-01 
9.543206e-01 
9.543167e-01 
9.543121e-01 
9.543069e-01 
9.543012e-01 
9.542950e-01 
9.542886e-01 
9.542823e-01 
9.542766e-01 
9.542718e-01 
9.542677e-01 
9.542642e-01 
9.542614e-01 
9.542589e-01 
9.542568e-01 
9.542550e-01 
9.542534e-01 
9.542520e-01 
9.542508e-01 
9.542497e-01 
9.542487e-01 
9.542478e-01 
9.542470e-01 
9.542462e-01 
9.542455e-01 
9.542449e-01 
9.542443e-01 
9.542438e-01 
9.542433e-01 
9.542428e-01 
9.542427e-01 
9.542427e-01 
9.542427e-01 
9.542427e-01 
9.542427e-01 
9.542427e-01 
9.542427e-01 
9.542427e-01 
9.542427e-01 
9.542427e-01 
9.542427e-01 
9.542427e-01 
9.542427e-01 
9.542427e-01 
9.542427e-01 
9.542427e-01 
9.542427e-01 
9.542427e-01 
9.542427e-01 
9.542427e-01 
9.542427e-01 
9.542427e-01 
9.542427e-01 
9.542427e-01 
9.542427e-01 
9.542427e-01 
9.542427e-01 
9.542427e-01 
9.542427e-01 
9.542427e-01 
9.542427e-01 
9.542427e-01 
9.542427e-01 
9.542427e-01 
9.542427e-01 
9.542427e-01 
9.542427e-01 
9.542427e-01 
9.542427e-01 
9.542427e-01 
9.542427e-01 
9.542427e-01 
9.542427e-01 
9.542427e-01 
9.542427e-01 
9.542427e-01 
9.542427e-01 
9.542427e-01 
9.542427e-01 
9.542427e-01 
9.542427e-01 
9.542427e-01 
9.542427e-01 
9.542427e-01 
9.542427e-01 
9.542427e-01 
9.542427e-01 
9.542427e-01 
9.542427e-01 
9.542427e-01 
9.542427e-01 
9.542427e-01 
9.542427e-01 
9.123633e-01 
8.039911e-01 
6.720497e-01 
5.209341e-01 
3.426209e-01 
1.279404e-01 
8.497942e-03 
5.765360e-04 
2.726032e-04 
1.608732e-04 
1.038144e-04 
7.112761e-05 
5.090666e-05 
3.766461e-05 
2.859238e-05 
2.213576e-05 
1.737953e-05 
1.375376e-05 
1.088131e-05 
8.490630e-06 
6.356899e-06 
4.251040e-06 
1.896126e-06 
-9.648907e-07 
-4.142833e-06 
-6.940792e-06 
-9.094599e-06 
-1.079268e-05 
-1.226293e-05 
-1.358928e-05 
-1.441881e-05 
-1.441886e-05 
-1.441886e-05 
-1.441886e-05 
-1.441886e-05 
-1.441886e-05 
-1.441886e-05 
-1.441886e-05 
-1.441886e-05 
-1.441886e-05 
-1.441886e-05 
-1.441886e-05 
-1.441886e-05 
-1.441886e-05 
-1.441886e-05 
-1.441886e-05 
-1.441886e-05 
-1.441886e-05 
-1.441886e-05 
-1.441886e-05 
-1.441886e-05 
-1.441886e-05 
-1.441886e-05 
-1.441886e-05 
-1.441886e-05 
-1.441886e-05 
-1.441886e-05 
-1.441886e-05 
-1.441886e-05 
-1.441886e-05 
-1.441886e-05 
-1.441886e-05 
-1.441886e-05 
-1.441886e-05 
-1.441886e-05 
-1.441886e-05 
-1.441886e-05 
-1.441886e-05 
-1.441886e-05 
-1.441886e-05 
-1.441886e-05 
-1.441886e-05 
-1.441886e-05 
-1.441886e-05 
-1.441886e-05 
-1.441886e-05 
-1.441886e-05 
-1.441886e-05 
-1.441886e-05 
-1.441886e-05 
-1.441886e-05 
-1.441886e-05 
-1.441886e-05 
-1.441886e-05 
-1.441886e-05 
-1.441886e-05 
-1.441886e-05 
-1.441886e-05 
-1.441886e-05 
-1.441886e-05 
-1.441886e-05 
-1.441886e-05 
-1.441886e-05 
-1.441861e-05 
-1.421774e-05 
-1.394694e-05 
-1.362952e-05 
-1.325552e-05 
-1.281240e-05 
-1.228424e-05 
-1.165083e-05 
-1.088632e-05 
-9.956991e-06 
-8.817777e-06 
-7.408065e-06 
-5.645645e-06 
-3.417582e-06 
-5.666272e-07 
3.128902e-06 
7.984615e-06 
1.445171e-05 
2.317039e-05 
3.502187e-05 
5.113137e-05 
7.271833e-05 
1.006944e-04 
1.351811e-04 
1.755386e-04 
2.211983e-04 
2.726958e-04 
3.322492e-04 
4.035238e-04 
4.889688e-04 
5.800771e-04 
5.942924e-04 
5.942924e-04 
5.942924e-04 
5.942924e-04 
5.942924e-04 
5.942924e-04 
5.942924e-04 
5.942924e-04 
5.942924e-04 
5.942924e-04 
5.942924e-04 
5.942924e-04 
5.942924e-04 
5.942924e-04 
5.942924e-04 
5.942924e-04 
5.942924e-04 
5.942924e-04 
5.942924e-04 
5.942924e-04 
5.942924e-04 
5.942924e-04 
5.942924e-04 
5.942924e-04 
5.942924e-04 
5.942924e-04 
5.942924e-04 
5.942924e-04 
5.942924e-04 
5.942924e-04 
5.942924e-04 
5.942924e-04 
5.942924e-04 
5.942924e-04 
5.942924e-04 
5.942924e-04 
5.942924e-04 
5.942924e-04 
5.942924e-04 
5.942924e-04 
5.942924e-04 
5.942924e-04 
5.942924e-04 
5.942924e-04 
5.942924e-04 
5.942924e-04 
5.942924e-04 
5.942924e-04 
5.942924e-04 
5.942924e-04 
5.942924e-04 
5.942924e-04 
5.942924e-04 
5.942924e-04 
5.942924e-04 
5.942924e-04 
5.942924e-04 
5.942924e-04 
5.942924e-04 
5.942924e-04 
5.942924e-04 
5.942924e-04 
5.942924e-04 
6.222289e-04 
6.854857e-04 
7.591328e-04 
8.454402e-04 
9.473771e-04 
1.068773e-03 
1.214474e-03 
1.390441e-03 
1.604369e-03 
1.867138e-03 
2.194103e-03 
2.606722e-03 
3.135437e-03 
3.824427e-03 
4.739421e-03 
0.000000e+00 
0.000000e+00 
0.000000e+00 
0.000000e+00 
0.000000e+00 
0.000000e+00 
0.000000e+00 
0.000000e+00
#[#TRACE_DATA]
#[#TRACE]
