#[TRACE]
#data_labels=Output
#[TRACE_DATA]
-5.133152e-03 
-9.542477e-01 
-9.542477e-01 
-9.542477e-01 
-9.542477e-01 
-9.542368e-01 
-9.542331e-01 
-9.542331e-01 
-9.542331e-01 
-9.542331e-01 
-2.358092e-05 
-1.969930e-05 
-1.969930e-05 
-1.969930e-05 
-1.969930e-05 
-2.461863e-05 
4.640898e-04 
4.640898e-04 
4.640898e-04 
4.640898e-04 
4.873690e-03 
9.542476e-01 
9.542476e-01 
9.542476e-01 
9.542476e-01 
9.542358e-01 
9.542329e-01 
9.542329e-01 
9.542329e-01 
9.542329e-01 
-2.747580e-05 
-2.605080e-06 
-2.605080e-06 
-2.605080e-06 
-2.605080e-06 
-1.187389e-05 
-5.244862e-04 
-5.244862e-04 
-5.244862e-04 
-5.244862e-04 
-5.002080e-03 
-9.542477e-01 
-9.542477e-01 
-9.542477e-01 
-9.542477e-01 
-9.542368e-01 
-9.542331e-01 
-9.542331e-01 
-9.542331e-01 
-9.542331e-01 
-2.748922e-05 
-2.588116e-06 
-2.588116e-06 
-2.588116e-06 
-2.588116e-06 
-1.181191e-05 
-5.244854e-04 
-5.244854e-04 
-5.244854e-04 
-5.244854e-04 
-5.002080e-03 
-9.542477e-01 
-9.542477e-01 
-9.542477e-01 
-9.542477e-01 
-9.542368e-01 
-9.542331e-01 
-9.542331e-01 
-9.542331e-01 
-9.542331e-01 
-3.138293e-05 
1.451514e-05 
1.451514e-05 
1.451514e-05 
1.451514e-05 
1.464964e-06 
-4.803495e-04 
-4.803495e-04 
-4.803495e-04 
-4.803495e-04 
-5.002080e-03 
-9.542477e-01 
-9.542477e-01 
-9.542477e-01 
-9.542477e-01 
-9.542368e-01 
-9.542331e-01 
-9.542331e-01 
-9.542331e-01 
-9.542331e-01 
-2.358093e-05 
-1.969930e-05 
-1.969930e-05 
-1.969930e-05 
-1.969930e-05 
-2.461863e-05 
4.640898e-04 
4.640898e-04 
4.640898e-04 
4.640898e-04 
4.873690e-03 
9.542476e-01 
9.542476e-01 
9.542476e-01 
9.542476e-01 
9.542358e-01 
9.542329e-01 
9.542329e-01 
9.542329e-01 
9.542329e-01 
-2.747580e-05 
-2.605080e-06 
-2.605080e-06 
-2.605080e-06 
-2.605080e-06 
-1.187389e-05 
-5.244862e-04 
-5.244862e-04 
-5.244862e-04 
-5.244862e-04 
-5.002080e-03 
-9.542477e-01 
-9.542477e-01 
-9.542477e-01 
-9.542477e-01 
-9.542368e-01 
-9.542331e-01 
-9.542331e-01 
-9.542331e-01 
-9.542331e-01 
-2.748922e-05 
-2.588116e-06 
-2.588116e-06 
-2.588116e-06 
-2.588116e-06 
-1.181191e-05 
-5.244854e-04 
-5.244854e-04 
-5.244854e-04 
-5.244854e-04 
-5.002079e-03 
-9.542477e-01 
-9.542477e-01 
-9.542477e-01 
-9.542477e-01 
-9.542368e-01 
-9.542331e-01 
-9.542331e-01 
-9.542331e-01 
-9.542331e-01 
-3.138294e-05 
1.451514e-05 
1.451514e-05 
1.451514e-05 
1.451514e-05 
1.464966e-06 
-4.803495e-04 
-4.803495e-04 
-4.803495e-04 
-4.803495e-04
#[#TRACE_DATA]
#[#TRACE]
