#[TRACE]
#data_labels=Output
#[TRACE_DATA]
3.123394e-05 
2.302306e-05 
2.313146e-05 
2.293633e-05 
2.217409e-05 
2.035520e-05 
1.655147e-05 
8.992499e-06 
-5.550586e-06 
-3.194087e-05 
-7.409308e-05 
-1.303629e-04 
-1.963930e-04 
-2.716039e-04 
-3.576361e-04 
-4.480652e-04 
-4.661552e-04 
-4.661552e-04 
-4.661552e-04 
-4.661552e-04 
-4.661552e-04 
-4.661552e-04 
-4.661552e-04 
-4.661552e-04 
-4.661552e-04 
-4.661552e-04 
-4.661552e-04 
-4.661552e-04 
-4.661552e-04 
-4.661552e-04 
-4.661552e-04 
-4.661552e-04 
-4.661552e-04 
-4.661552e-04 
-4.661552e-04 
-4.661552e-04 
-4.661552e-04 
-4.661552e-04 
-4.661552e-04 
-4.661552e-04 
-4.661552e-04 
-4.661552e-04 
-4.661552e-04 
-4.661552e-04 
-4.661552e-04 
-4.661552e-04 
-4.661552e-04 
-4.661552e-04 
-4.661552e-04 
-4.661552e-04 
-4.661552e-04 
-4.661552e-04 
-4.661552e-04 
-4.661552e-04 
-4.661552e-04 
-4.661552e-04 
-4.661552e-04 
-4.661552e-04 
-4.661552e-04 
-4.661552e-04 
-4.661552e-04 
-4.661552e-04 
-4.661552e-04 
-4.661552e-04 
-4.661552e-04 
-4.661552e-04 
-4.661552e-04 
-4.661552e-04 
-4.661552e-04 
-4.661552e-04 
-4.661552e-04 
-4.661552e-04 
-4.661552e-04 
-4.661552e-04 
-4.661552e-04 
-4.661552e-04 
-4.661552e-04 
-4.661552e-04 
-4.661552e-04 
-4.893636e-04 
-5.458048e-04 
-6.119582e-04 
-6.899128e-04 
-7.822900e-04 
-8.931049e-04 
-1.026745e-03 
-1.189157e-03 
-1.387716e-03 
-1.632559e-03 
-1.938453e-03 
-2.326045e-03 
-2.824606e-03 
-3.476656e-03 
-4.345540e-03 
-5.528270e-03 
-7.178166e-03 
-9.546476e-03 
-1.306259e-02 
-1.849710e-02 
-2.731249e-02 
-4.245631e-02 
-7.016259e-02 
-1.232412e-01 
-2.202018e-01 
-3.607904e-01 
-5.152032e-01 
-6.630841e-01 
-7.967160e-01 
-9.075058e-01 
-9.542476e-01 
-9.542476e-01 
-9.542476e-01 
-9.542476e-01 
-9.542476e-01 
-9.542476e-01 
-9.542476e-01 
-9.542476e-01 
-9.542476e-01 
-9.542476e-01 
-9.542476e-01 
-9.542476e-01 
-9.542476e-01 
-9.542476e-01 
-9.542476e-01 
-9.542476e-01 
-9.542476e-01 
-9.542476e-01 
-9.542476e-01 
-9.542476e-01 
-9.542476e-01 
-9.542476e-01 
-9.542476e-01 
-9.542476e-01 
-9.542476e-01 
-9.542476e-01 
-9.542476e-01 
-9.542476e-01 
-9.542476e-01 
-9.542476e-01 
-9.542476e-01 
-9.542476e-01 
-9.542476e-01 
-9.542476e-01 
-9.542476e-01 
-9.542476e-01 
-9.542476e-01 
-9.542476e-01 
-9.542476e-01 
-9.542476e-01 
-9.542476e-01 
-9.542476e-01 
-9.542476e-01 
-9.542476e-01 
-9.542476e-01 
-9.542476e-01 
-9.542476e-01 
-9.542476e-01 
-9.542476e-01 
-9.542476e-01 
-9.542476e-01 
-9.542476e-01 
-9.542476e-01 
-9.542476e-01 
-9.542476e-01 
-9.542476e-01 
-9.542476e-01 
-9.542476e-01 
-9.542476e-01 
-9.542476e-01 
-9.542476e-01 
-9.542476e-01 
-9.542476e-01 
-9.542476e-01 
-9.542472e-01 
-9.542467e-01 
-9.542459e-01 
-9.542450e-01 
-9.542436e-01 
-9.542416e-01 
-9.542400e-01 
-9.542392e-01 
-9.542385e-01 
-9.542379e-01 
-9.542374e-01 
-9.542369e-01 
-9.542365e-01 
-9.542361e-01 
-9.542358e-01 
-9.542355e-01 
-9.542352e-01 
-9.542349e-01 
-9.542346e-01 
-9.542344e-01 
-9.542342e-01 
-9.542340e-01 
-9.542338e-01 
-9.542337e-01 
-9.542335e-01 
-9.542334e-01 
-9.542332e-01 
-9.542331e-01 
-9.542330e-01 
-9.542328e-01 
-9.542328e-01 
-9.542328e-01 
-9.542328e-01 
-9.542328e-01 
-9.542328e-01 
-9.542328e-01 
-9.542328e-01 
-9.542328e-01 
-9.542328e-01 
-9.542328e-01 
-9.542328e-01 
-9.542328e-01 
-9.542328e-01 
-9.542328e-01 
-9.542328e-01 
-9.542328e-01 
-9.542328e-01 
-9.542328e-01 
-9.542328e-01 
-9.542328e-01 
-9.542328e-01 
-9.542328e-01 
-9.542328e-01 
-9.542328e-01 
-9.542328e-01 
-9.542328e-01 
-9.542328e-01 
-9.542328e-01 
-9.542328e-01 
-9.542328e-01 
-9.542328e-01 
-9.542328e-01 
-9.542328e-01 
-9.542328e-01 
-9.542328e-01 
-9.542328e-01 
-9.542328e-01 
-9.542328e-01 
-9.542328e-01 
-9.542328e-01 
-9.542328e-01 
-9.542328e-01 
-9.542328e-01 
-9.542328e-01 
-9.542328e-01 
-9.542328e-01 
-9.542328e-01 
-9.542328e-01 
-9.542328e-01 
-9.542328e-01 
-9.542328e-01 
-9.542328e-01 
-9.542328e-01 
-9.542328e-01 
-9.542328e-01 
-9.542328e-01 
-9.542328e-01 
-9.542328e-01 
-9.542328e-01 
-9.542328e-01 
-9.542328e-01 
-9.542328e-01 
-9.542328e-01 
-9.087638e-01 
-7.992460e-01 
-6.664959e-01 
-5.143156e-01 
-3.335324e-01 
-1.151095e-01 
-4.129792e-03 
6.266430e-04 
3.307548e-04 
1.960081e-04 
1.268151e-04 
8.707829e-05 
6.248196e-05 
4.639714e-05 
3.542083e-05 
2.766960e-05 
2.203877e-05 
1.784957e-05 
1.466882e-05 
1.221160e-05 
1.028743e-05 
8.775531e-06 
7.653370e-06 
7.402717e-06 
1.130149e-05 
1.513390e-05 
1.683290e-05 
1.772283e-05 
1.817888e-05 
1.832393e-05 
1.835755e-05 
1.835750e-05 
1.835750e-05 
1.835750e-05 
1.835750e-05 
1.835750e-05 
1.835750e-05 
1.835750e-05 
1.835750e-05 
1.835750e-05 
1.835750e-05 
1.835750e-05 
1.835750e-05 
1.835750e-05 
1.835750e-05 
1.835750e-05 
1.835750e-05 
1.835750e-05 
1.835750e-05 
1.835750e-05 
1.835750e-05 
1.835750e-05 
1.835750e-05 
1.835750e-05 
1.835750e-05 
1.835750e-05 
1.835750e-05 
1.835750e-05 
1.835750e-05 
1.835750e-05 
1.835750e-05 
1.835750e-05 
1.835750e-05 
1.835750e-05 
1.835750e-05 
1.835750e-05 
1.835750e-05 
1.835750e-05 
1.835750e-05 
1.835750e-05 
1.835750e-05 
1.835750e-05 
1.835750e-05 
1.835750e-05 
1.835750e-05 
1.835750e-05 
1.835750e-05 
1.835750e-05 
1.835750e-05 
1.835750e-05 
1.835750e-05 
1.835750e-05 
1.835750e-05 
1.835750e-05 
1.835750e-05 
1.835750e-05 
1.835750e-05 
1.835750e-05 
1.835750e-05 
1.835750e-05 
1.835750e-05 
1.835750e-05 
1.835750e-05 
1.835854e-05 
1.852906e-05 
1.872982e-05 
1.894587e-05 
1.918466e-05 
1.944953e-05 
1.973676e-05 
2.002468e-05 
2.033525e-05 
2.067134e-05 
2.103329e-05 
2.141991e-05 
2.182803e-05 
2.225087e-05 
2.267528e-05 
2.307688e-05 
2.341156e-05 
2.359989e-05 
2.349780e-05 
2.283975e-05 
2.112602e-05 
1.739619e-05 
9.793414e-06 
-5.106180e-06 
-3.244002e-05 
-7.604575e-05 
-1.336049e-04 
-2.005087e-04 
-2.764890e-04 
-3.632532e-04 
-4.534075e-04 
-4.658053e-04 
-4.658053e-04 
-4.658053e-04 
-4.658053e-04 
-4.658053e-04 
-4.658053e-04 
-4.658053e-04 
-4.658053e-04 
-4.658053e-04 
-4.658053e-04 
-4.658053e-04 
-4.658053e-04 
-4.658053e-04 
-4.658053e-04 
-4.658053e-04 
-4.658053e-04 
-4.658053e-04 
-4.658053e-04 
-4.658053e-04 
-4.658053e-04 
-4.658053e-04 
-4.658053e-04 
-4.658053e-04 
-4.658053e-04 
-4.658053e-04 
-4.658053e-04 
-4.658053e-04 
-4.658053e-04 
-4.658053e-04 
-4.658053e-04 
-4.658053e-04 
-4.658053e-04 
-4.658053e-04 
-4.658053e-04 
-4.658053e-04 
-4.658053e-04 
-4.658053e-04 
-4.658053e-04 
-4.658053e-04 
-4.658053e-04 
-4.658053e-04 
-4.658053e-04 
-4.658053e-04 
-4.658053e-04 
-4.658053e-04 
-4.658053e-04 
-4.658053e-04 
-4.658053e-04 
-4.658053e-04 
-4.658053e-04 
-4.658053e-04 
-4.658053e-04 
-4.658053e-04 
-4.658053e-04 
-4.658053e-04 
-4.658053e-04 
-4.658053e-04 
-4.658053e-04 
-4.658053e-04 
-4.658053e-04 
-4.658053e-04 
-4.658053e-04 
-4.658053e-04 
-4.925893e-04 
-5.496531e-04 
-6.165617e-04 
-6.954892e-04 
-7.892418e-04 
-9.014557e-04 
-1.036859e-03 
-1.201489e-03 
-1.402843e-03 
-1.651333e-03 
-1.962076e-03 
-2.356204e-03 
-2.863719e-03 
-3.528282e-03 
-4.415051e-03 
-5.624016e-03 
-7.313572e-03 
-9.743977e-03 
-1.336141e-02 
-1.896947e-02 
-2.809950e-02 
-4.385020e-02 
-7.278701e-02 
-1.282807e-01 
-2.286731e-01 
-3.712578e-01 
-5.256413e-01 
-6.727461e-01 
-8.051514e-01 
-9.139037e-01 
-9.542476e-01 
-9.542476e-01 
-9.542476e-01 
-9.542476e-01 
-9.542476e-01 
-9.542476e-01 
-9.542476e-01 
-9.542476e-01 
-9.542476e-01 
-9.542476e-01 
-9.542476e-01 
-9.542476e-01 
-9.542476e-01 
-9.542476e-01 
-9.542476e-01 
-9.542476e-01 
-9.542476e-01 
-9.542476e-01 
-9.542476e-01 
-9.542476e-01 
-9.542476e-01 
-9.542476e-01 
-9.542476e-01 
-9.542476e-01 
-9.542476e-01 
-9.542476e-01 
-9.542476e-01 
-9.542476e-01 
-9.542476e-01 
-9.542476e-01 
-9.542476e-01 
-9.542476e-01 
-9.542476e-01 
-9.542476e-01 
-9.542476e-01 
-9.542476e-01 
-9.542476e-01 
-9.542476e-01 
-9.542476e-01 
-9.542476e-01 
-9.542476e-01 
-9.542476e-01 
-9.542476e-01 
-9.542476e-01 
-9.542476e-01 
-9.542476e-01 
-9.542476e-01 
-9.542476e-01 
-9.542476e-01 
-9.542476e-01 
-9.542476e-01 
-9.542476e-01 
-9.542476e-01 
-9.542476e-01 
-9.542476e-01 
-9.542476e-01 
-9.542476e-01 
-9.542476e-01 
-9.542476e-01 
-9.542476e-01 
-9.542476e-01 
-9.542476e-01 
-9.542476e-01 
-9.542476e-01 
-9.542472e-01 
-9.542466e-01 
-9.542459e-01 
-9.542449e-01 
-9.542435e-01 
-9.542415e-01 
-9.542399e-01 
-9.542391e-01 
-9.542385e-01 
-9.542379e-01 
-9.542374e-01 
-9.542369e-01 
-9.542365e-01 
-9.542361e-01 
-9.542357e-01 
-9.542354e-01 
-9.542351e-01 
-9.542349e-01 
-9.542346e-01 
-9.542344e-01 
-9.542342e-01 
-9.542340e-01 
-9.542338e-01 
-9.542336e-01 
-9.542335e-01 
-9.542333e-01 
-9.542332e-01 
-9.542331e-01 
-9.542330e-01 
-9.542328e-01 
-9.542328e-01 
-9.542328e-01 
-9.542328e-01 
-9.542328e-01 
-9.542328e-01 
-9.542328e-01 
-9.542328e-01 
-9.542328e-01 
-9.542328e-01 
-9.542328e-01 
-9.542328e-01 
-9.542328e-01 
-9.542328e-01 
-9.542328e-01 
-9.542328e-01 
-9.542328e-01 
-9.542328e-01 
-9.542328e-01 
-9.542328e-01 
-9.542328e-01 
-9.542328e-01 
-9.542328e-01 
-9.542328e-01 
-9.542328e-01 
-9.542328e-01 
-9.542328e-01 
-9.542328e-01 
-9.542328e-01 
-9.542328e-01 
-9.542328e-01 
-9.542328e-01 
-9.542328e-01 
-9.542328e-01 
-9.542328e-01 
-9.542328e-01 
-9.542328e-01 
-9.542328e-01 
-9.542328e-01 
-9.542328e-01 
-9.542328e-01 
-9.542328e-01 
-9.542328e-01 
-9.542328e-01 
-9.542328e-01 
-9.542328e-01 
-9.542328e-01 
-9.542328e-01 
-9.542328e-01 
-9.542328e-01 
-9.542328e-01 
-9.542328e-01 
-9.542328e-01 
-9.542328e-01 
-9.542328e-01 
-9.542328e-01 
-9.542328e-01 
-9.542328e-01 
-9.542328e-01 
-9.542328e-01 
-9.542328e-01 
-9.542328e-01 
-9.542328e-01 
-9.542328e-01 
-9.022626e-01 
-7.908023e-01 
-6.567357e-01 
-5.030578e-01 
-3.196189e-01 
-1.011646e-01 
-2.735533e-03 
6.013719e-04 
3.179333e-04 
1.898092e-04 
1.233903e-04 
8.501636e-05 
6.116177e-05 
4.551128e-05 
3.480383e-05 
2.722655e-05 
2.171239e-05 
1.760385e-05 
1.448035e-05 
1.206478e-05 
1.017190e-05 
8.685638e-06 
7.595407e-06 
7.474158e-06 
1.169546e-05 
1.529082e-05 
1.691334e-05 
1.776531e-05 
1.819854e-05 
1.832129e-05 
1.835755e-05 
1.835750e-05 
1.835750e-05 
1.835750e-05 
1.835750e-05 
1.835750e-05 
1.835750e-05 
1.835750e-05 
1.835750e-05 
1.835750e-05 
1.835750e-05 
1.835750e-05 
1.835750e-05 
1.835750e-05 
1.835750e-05 
1.835750e-05 
1.835750e-05 
1.835750e-05 
1.835750e-05 
1.835750e-05 
1.835750e-05 
1.835750e-05 
1.835750e-05 
1.835750e-05 
1.835750e-05 
1.835750e-05 
1.835750e-05 
1.835750e-05 
1.835750e-05 
1.835750e-05 
1.835750e-05 
1.835750e-05 
1.835750e-05 
1.835750e-05 
1.835750e-05 
1.835750e-05 
1.835750e-05 
1.835750e-05 
1.835750e-05 
1.835750e-05 
1.835750e-05 
1.835750e-05 
1.835750e-05 
1.835750e-05 
1.835750e-05 
1.835750e-05 
1.835750e-05 
1.835750e-05 
1.835750e-05 
1.835750e-05 
1.835750e-05 
1.835750e-05 
1.835750e-05 
1.835750e-05 
1.835750e-05 
1.835750e-05 
1.835750e-05 
1.835750e-05 
1.835750e-05 
1.835750e-05 
1.835750e-05 
1.835750e-05 
1.835750e-05 
1.836276e-05 
1.854233e-05 
1.874409e-05 
1.896125e-05 
1.920175e-05 
1.946959e-05 
1.975585e-05 
2.004515e-05 
2.035741e-05 
2.069527e-05 
2.105896e-05 
2.144718e-05 
2.185658e-05 
2.228004e-05 
2.270383e-05 
2.310255e-05 
2.343029e-05 
2.360433e-05 
2.347454e-05 
2.276387e-05 
2.095005e-05 
1.702828e-05 
9.057513e-06 
-6.515729e-06 
-3.489006e-05 
-7.959888e-05 
-1.379136e-04 
-2.053911e-04 
-2.820756e-04 
-3.695114e-04 
-4.586068e-04 
-4.658053e-04 
-4.658053e-04 
-4.658053e-04 
-4.658053e-04 
-4.658053e-04 
-4.658053e-04 
-4.658053e-04 
-4.658053e-04 
-4.658053e-04 
-4.658053e-04 
-4.658053e-04 
-4.658053e-04 
-4.658053e-04 
-4.658053e-04 
-4.658053e-04 
-4.658053e-04 
-4.658053e-04 
-4.658053e-04 
-4.658053e-04 
-4.658053e-04 
-4.658053e-04 
-4.658053e-04 
-4.658053e-04 
-4.658053e-04 
-4.658053e-04 
-4.658053e-04 
-4.658053e-04 
-4.658053e-04 
-4.658053e-04 
-4.658053e-04 
-4.658053e-04 
-4.658053e-04 
-4.658053e-04 
-4.658053e-04 
-4.658053e-04 
-4.658053e-04 
-4.658053e-04 
-4.658053e-04 
-4.658053e-04 
-4.658053e-04 
-4.658053e-04 
-4.658053e-04 
-4.658053e-04 
-4.658053e-04 
-4.658053e-04 
-4.658053e-04 
-4.658053e-04 
-4.658053e-04 
-4.658053e-04 
-4.658053e-04 
-4.658053e-04 
-4.658053e-04 
-4.658053e-04 
-4.658053e-04 
-4.658053e-04 
-4.658053e-04 
-4.658053e-04 
-4.658053e-04 
-4.658053e-04 
-4.658053e-04 
-4.658053e-04 
-4.658053e-04 
-4.658053e-04 
-4.962140e-04 
-5.538928e-04 
-6.215477e-04 
-7.013913e-04 
-7.962795e-04 
-9.099144e-04 
-1.047108e-03 
-1.213990e-03 
-1.418189e-03 
-1.670395e-03 
-1.986086e-03 
-2.386887e-03 
-2.903558e-03 
-3.580934e-03 
-4.486046e-03 
-5.721971e-03 
-7.452374e-03 
-9.946898e-03 
-1.366927e-02 
-1.945774e-02 
-2.891622e-02 
-4.530307e-02 
-7.553204e-02 
-1.335381e-01 
-2.373582e-01 
-3.817710e-01 
-5.360411e-01 
-6.823403e-01 
-8.134792e-01 
-9.201198e-01 
-9.542476e-01 
-9.542476e-01 
-9.542476e-01 
-9.542476e-01 
-9.542476e-01 
-9.542476e-01 
-9.542476e-01 
-9.542476e-01 
-9.542476e-01 
-9.542476e-01 
-9.542476e-01 
-9.542476e-01 
-9.542476e-01 
-9.542476e-01 
-9.542476e-01 
-9.542476e-01 
-9.542476e-01 
-9.542476e-01 
-9.542476e-01 
-9.542476e-01 
-9.542476e-01 
-9.542476e-01 
-9.542476e-01 
-9.542476e-01 
-9.542476e-01 
-9.542476e-01 
-9.542476e-01 
-9.542476e-01 
-9.542476e-01 
-9.542476e-01 
-9.542476e-01 
-9.542476e-01 
-9.542476e-01 
-9.542476e-01 
-9.542476e-01 
-9.542476e-01 
-9.542476e-01 
-9.542476e-01 
-9.542476e-01 
-9.542476e-01 
-9.542476e-01 
-9.542476e-01 
-9.542476e-01 
-9.542476e-01 
-9.542476e-01 
-9.542476e-01 
-9.542476e-01 
-9.542476e-01 
-9.542476e-01 
-9.542476e-01 
-9.542476e-01 
-9.542476e-01 
-9.542476e-01 
-9.542476e-01 
-9.542476e-01 
-9.542476e-01 
-9.542476e-01 
-9.542476e-01 
-9.542476e-01 
-9.542476e-01 
-9.542476e-01 
-9.542476e-01 
-9.542476e-01 
-9.542476e-01 
-9.542471e-01 
-9.542466e-01 
-9.542458e-01 
-9.542448e-01 
-9.542434e-01 
-9.542413e-01 
-9.542399e-01 
-9.542391e-01 
-9.542384e-01 
-9.542379e-01 
-9.542373e-01 
-9.542369e-01 
-9.542364e-01 
-9.542361e-01 
-9.542357e-01 
-9.542354e-01 
-9.542351e-01 
-9.542349e-01 
-9.542346e-01 
-9.542344e-01 
-9.542342e-01 
-9.542340e-01 
-9.542338e-01 
-9.542336e-01 
-9.542335e-01 
-9.542333e-01 
-9.542332e-01 
-9.542331e-01 
-9.542329e-01 
-9.542328e-01 
-9.542328e-01 
-9.542328e-01 
-9.542328e-01 
-9.542328e-01 
-9.542328e-01 
-9.542328e-01 
-9.542328e-01 
-9.542328e-01 
-9.542328e-01 
-9.542328e-01 
-9.542328e-01 
-9.542328e-01 
-9.542328e-01 
-9.542328e-01 
-9.542328e-01 
-9.542328e-01 
-9.542328e-01 
-9.542328e-01 
-9.542328e-01 
-9.542328e-01 
-9.542328e-01 
-9.542328e-01 
-9.542328e-01 
-9.542328e-01 
-9.542328e-01 
-9.542328e-01 
-9.542328e-01 
-9.542328e-01 
-9.542328e-01 
-9.542328e-01 
-9.542328e-01 
-9.542328e-01 
-9.542328e-01 
-9.542328e-01 
-9.542328e-01 
-9.542328e-01 
-9.542328e-01 
-9.542328e-01 
-9.542328e-01 
-9.542328e-01 
-9.542328e-01 
-9.542328e-01 
-9.542328e-01 
-9.542328e-01 
-9.542328e-01 
-9.542328e-01 
-9.542328e-01 
-9.542328e-01 
-9.542328e-01 
-9.542328e-01 
-9.542328e-01 
-9.542328e-01 
-9.542328e-01 
-9.542328e-01 
-9.542328e-01 
-9.542328e-01 
-9.542328e-01 
-9.542328e-01 
-9.542328e-01 
-9.542328e-01 
-9.542328e-01 
-9.542328e-01 
-9.542328e-01 
-8.955941e-01 
-7.822572e-01 
-6.468877e-01 
-4.916623e-01 
-3.054490e-01 
-8.785764e-02 
-1.653219e-03 
5.894316e-04 
3.131613e-04 
1.883763e-04 
1.230834e-04 
8.513258e-05 
6.143905e-05 
4.584332e-05 
3.514622e-05 
2.756148e-05 
2.203416e-05 
1.791262e-05 
1.477941e-05 
1.235949e-05 
1.046911e-05 
8.990609e-06 
7.881591e-06 
7.327870e-06 
6.339400e-06 
3.633469e-06 
3.342777e-06 
2.892058e-06 
2.226249e-06 
1.366461e-06 
9.094372e-07 
9.094467e-07 
9.094467e-07 
9.094467e-07 
9.094467e-07 
9.094467e-07 
9.094467e-07 
9.094467e-07 
9.094467e-07 
9.094467e-07 
9.094467e-07 
9.094467e-07 
9.094467e-07 
9.094467e-07 
9.094467e-07 
9.094467e-07 
9.094467e-07 
9.094467e-07 
9.094467e-07 
9.094467e-07 
9.094467e-07 
9.094467e-07 
9.094467e-07 
9.094467e-07 
9.094467e-07 
9.094467e-07 
9.094467e-07 
9.094467e-07 
9.094467e-07 
9.094467e-07 
9.094467e-07 
9.094467e-07 
9.094467e-07 
9.094467e-07 
9.094467e-07 
9.094467e-07 
9.094467e-07 
9.094467e-07 
9.094467e-07 
9.094467e-07 
9.094467e-07 
9.094467e-07 
9.094467e-07 
9.094467e-07 
9.094467e-07 
9.094467e-07 
9.094467e-07 
9.094467e-07 
9.094467e-07 
9.094467e-07 
9.094467e-07 
9.094467e-07 
9.094467e-07 
9.094467e-07 
9.094467e-07 
9.094467e-07 
9.094467e-07 
9.094467e-07 
9.094467e-07 
9.094467e-07 
9.094467e-07 
9.094467e-07 
9.094467e-07 
9.203496e-07 
1.096706e-06 
1.300405e-06 
1.530941e-06 
1.792867e-06 
2.091739e-06 
2.434425e-06 
2.829858e-06 
3.290848e-06 
3.833665e-06 
4.477826e-06 
5.249053e-06 
6.182331e-06 
7.325871e-06 
8.747330e-06 
1.054384e-05 
1.285868e-05 
1.590988e-05 
2.004126e-05 
2.581732e-05 
3.420484e-05 
4.692058e-05 
6.701775e-05 
9.928799e-05 
1.478984e-04 
2.098420e-04 
2.770548e-04 
3.454531e-04 
4.133302e-04 
4.757141e-04 
5.209951e-04 
5.225541e-04 
5.225541e-04 
5.225541e-04 
5.225541e-04 
5.225541e-04 
5.225541e-04 
5.225541e-04 
5.225541e-04 
5.225541e-04 
5.225541e-04 
5.225541e-04 
5.225541e-04 
5.225541e-04 
5.225541e-04 
5.225541e-04 
5.225541e-04 
5.225541e-04 
5.225541e-04 
5.225541e-04 
5.225541e-04 
5.225541e-04 
5.225541e-04 
5.225541e-04 
5.225541e-04 
5.225541e-04 
5.225541e-04 
5.225541e-04 
5.225541e-04 
5.225541e-04 
5.225541e-04 
5.225541e-04 
5.225541e-04 
5.225541e-04 
5.225541e-04 
5.225541e-04 
5.225541e-04 
5.225541e-04 
5.225541e-04 
5.225541e-04 
5.225541e-04 
5.225541e-04 
5.225541e-04 
5.225541e-04 
5.225541e-04 
5.225541e-04 
5.225541e-04 
5.225541e-04 
5.225541e-04 
5.225541e-04 
5.225541e-04 
5.225541e-04 
5.225541e-04 
5.225541e-04 
5.225541e-04 
5.225541e-04 
5.225541e-04 
5.225541e-04 
5.225541e-04 
5.225541e-04 
5.225541e-04 
5.225541e-04 
5.225541e-04 
5.225541e-04 
5.601306e-04 
6.236805e-04 
6.971998e-04 
7.805114e-04 
8.334648e-04 
9.507526e-04 
1.094101e-03 
1.268125e-03 
1.481054e-03 
1.744370e-03 
2.074137e-03 
2.492914e-03 
3.032881e-03 
3.740994e-03 
4.687510e-03 
5.980562e-03 
7.792021e-03 
1.040540e-02 
1.430898e-02 
2.038673e-02 
3.033233e-02 
4.758696e-02 
7.941987e-02 
1.401921e-01 
2.471603e-01 
3.927196e-01 
5.465191e-01 
6.918927e-01 
8.217003e-01 
9.261486e-01 
9.542477e-01 
9.542477e-01 
9.542477e-01 
9.542477e-01 
9.542477e-01 
9.542477e-01 
9.542477e-01 
9.542477e-01 
9.542477e-01 
9.542477e-01 
9.542477e-01 
9.542477e-01 
9.542477e-01 
9.542477e-01 
9.542477e-01 
9.542477e-01 
9.542477e-01 
9.542477e-01 
9.542477e-01 
9.542477e-01 
9.542477e-01 
9.542477e-01 
9.542477e-01 
9.542477e-01 
9.542477e-01 
9.542477e-01 
9.542477e-01 
9.542477e-01 
9.542477e-01 
9.542477e-01 
9.542477e-01 
9.542477e-01 
9.542477e-01 
9.542477e-01 
9.542477e-01 
9.542477e-01 
9.542477e-01 
9.542477e-01 
9.542477e-01 
9.542477e-01 
9.542477e-01 
9.542477e-01 
9.542477e-01 
9.542477e-01 
9.542477e-01 
9.542477e-01 
9.542477e-01 
9.542477e-01 
9.542477e-01 
9.542477e-01 
9.542477e-01 
9.542477e-01 
9.542477e-01 
9.542477e-01 
9.542477e-01 
9.542477e-01 
9.542477e-01 
9.542477e-01 
9.542477e-01 
9.542477e-01 
9.542477e-01 
9.542477e-01 
9.542477e-01 
9.542477e-01 
9.542473e-01 
9.542468e-01 
9.542462e-01 
9.542455e-01 
9.542447e-01 
9.542438e-01 
9.542427e-01 
9.542417e-01 
9.542407e-01 
9.542398e-01 
9.542390e-01 
9.542383e-01 
9.542377e-01 
9.542372e-01 
9.542367e-01 
9.542363e-01 
9.542359e-01 
9.542355e-01 
9.542352e-01 
9.542350e-01 
9.542347e-01 
9.542345e-01 
9.542343e-01 
9.542341e-01 
9.542339e-01 
9.542337e-01 
9.542335e-01 
9.542334e-01 
9.542333e-01 
9.542331e-01 
9.542331e-01 
9.542331e-01 
9.542331e-01 
9.542331e-01 
9.542331e-01 
9.542331e-01 
9.542331e-01 
9.542331e-01 
9.542331e-01 
9.542331e-01 
9.542331e-01 
9.542331e-01 
9.542331e-01 
9.542331e-01 
9.542331e-01 
9.542331e-01 
9.542331e-01 
9.542331e-01 
9.542331e-01 
9.542331e-01 
9.542331e-01 
9.542331e-01 
9.542331e-01 
9.542331e-01 
9.542331e-01 
9.542331e-01 
9.542331e-01 
9.542331e-01 
9.542331e-01 
9.542331e-01 
9.542331e-01 
9.542331e-01 
9.542331e-01 
9.542331e-01 
9.542331e-01 
9.542331e-01 
9.542331e-01 
9.542331e-01 
9.542331e-01 
9.542331e-01 
9.542331e-01 
9.542331e-01 
9.542331e-01 
9.542331e-01 
9.542331e-01 
9.542331e-01 
9.542331e-01 
9.542331e-01 
9.542331e-01 
9.542331e-01 
9.542331e-01 
9.542331e-01 
9.542331e-01 
9.542331e-01 
9.542331e-01 
9.542331e-01 
9.542331e-01 
9.542331e-01 
9.542331e-01 
9.542331e-01 
9.542331e-01 
9.542331e-01 
9.542331e-01 
8.887664e-01 
7.736312e-01 
6.370534e-01 
4.806089e-01 
2.931580e-01 
8.134658e-02 
3.769329e-03 
5.633241e-04 
2.943157e-04 
1.781923e-04 
1.169051e-04 
8.108366e-05 
5.863031e-05 
4.380563e-05 
3.361204e-05 
2.636865e-05 
2.107934e-05 
1.712694e-05 
1.411492e-05 
1.178122e-05 
9.950533e-06 
8.513005e-06 
7.451089e-06 
7.183894e-06 
8.094228e-06 
6.346388e-06 
5.443086e-06 
4.905945e-06 
4.732535e-06 
4.863126e-06 
5.004064e-06 
5.004060e-06 
5.004060e-06 
5.004060e-06 
5.004060e-06 
5.004060e-06 
5.004060e-06 
5.004060e-06 
5.004060e-06 
5.004060e-06 
5.004060e-06 
5.004060e-06 
5.004060e-06 
5.004060e-06 
5.004060e-06 
5.004060e-06 
5.004060e-06 
5.004060e-06 
5.004060e-06 
5.004060e-06 
5.004060e-06 
5.004060e-06 
5.004060e-06 
5.004060e-06 
5.004060e-06 
5.004060e-06 
5.004060e-06 
5.004060e-06 
5.004060e-06 
5.004060e-06 
5.004060e-06 
5.004060e-06 
5.004060e-06 
5.004060e-06 
5.004060e-06 
5.004060e-06 
5.004060e-06 
5.004060e-06 
5.004060e-06 
5.004060e-06 
5.004060e-06 
5.004060e-06 
5.004060e-06 
5.004060e-06 
5.004060e-06 
5.004060e-06 
5.004060e-06 
5.004060e-06 
5.004060e-06 
5.004060e-06 
5.004060e-06 
5.004060e-06 
5.004060e-06 
5.004060e-06 
5.004060e-06 
5.004060e-06 
5.004060e-06 
5.004060e-06 
5.004060e-06 
5.004060e-06 
5.004060e-06 
5.004060e-06 
5.004060e-06 
5.023140e-06 
5.203156e-06 
5.408006e-06 
5.639270e-06 
5.902101e-06 
6.202932e-06 
6.549854e-06 
6.952713e-06 
7.422580e-06 
7.974282e-06 
8.628832e-06 
9.414158e-06 
1.036764e-05 
1.154048e-05 
1.300451e-05 
1.486296e-05 
1.726835e-05 
2.045313e-05 
2.478422e-05 
3.086375e-05 
3.971964e-05 
5.316000e-05 
7.432442e-05 
1.078562e-04 
1.571115e-04 
2.184477e-04 
2.846476e-04 
3.524985e-04 
4.204897e-04 
4.831761e-04 
5.265130e-04 
5.272020e-04 
5.272020e-04 
5.272020e-04 
5.272020e-04 
5.272020e-04 
5.272020e-04 
5.272020e-04 
5.272020e-04 
5.272020e-04 
5.272020e-04 
5.272020e-04 
5.272020e-04 
5.272020e-04 
5.272020e-04 
5.272020e-04 
5.272020e-04 
5.272020e-04 
5.272020e-04 
5.272020e-04 
5.272020e-04 
5.272020e-04 
5.272020e-04 
5.272020e-04 
5.272020e-04 
5.272020e-04 
5.272020e-04 
5.272020e-04 
5.272020e-04 
5.272020e-04 
5.272020e-04 
5.272020e-04 
5.272020e-04 
5.272020e-04 
5.272020e-04 
5.272020e-04 
5.272020e-04 
5.272020e-04 
5.272020e-04 
5.272020e-04 
5.272020e-04 
5.272020e-04 
5.272020e-04 
5.272020e-04 
5.272020e-04 
5.272020e-04 
5.272020e-04 
5.272020e-04 
5.272020e-04 
5.272020e-04 
5.272020e-04 
5.272020e-04 
5.272020e-04 
5.272020e-04 
5.272020e-04 
5.272020e-04 
5.272020e-04 
5.272020e-04 
5.272020e-04 
5.272020e-04 
5.272020e-04 
5.272020e-04 
5.272020e-04 
5.272020e-04 
5.683863e-04 
6.315603e-04 
7.035032e-04 
7.482422e-04 
8.458005e-04 
9.599768e-04 
1.104653e-03 
1.281266e-03 
1.497299e-03 
1.764586e-03 
2.099633e-03 
2.525538e-03 
3.075299e-03 
3.797143e-03 
4.763363e-03 
6.085451e-03 
7.941043e-03 
1.062396e-02 
1.464186e-02 
2.091718e-02 
3.122444e-02 
4.918266e-02 
8.244050e-02 
1.459010e-01 
2.562103e-01 
4.032684e-01 
5.568238e-01 
7.013428e-01 
8.298005e-01 
9.319829e-01 
9.542477e-01 
9.542477e-01 
9.542477e-01 
9.542477e-01 
9.542477e-01 
9.542477e-01 
9.542477e-01 
9.542477e-01 
9.542477e-01 
9.542477e-01 
9.542477e-01 
9.542477e-01 
9.542477e-01 
9.542477e-01 
9.542477e-01 
9.542477e-01 
9.542477e-01 
9.542477e-01 
9.542477e-01 
9.542477e-01 
9.542477e-01 
9.542477e-01 
9.542477e-01 
9.542477e-01 
9.542477e-01 
9.542477e-01 
9.542477e-01 
9.542477e-01 
9.542477e-01 
9.542477e-01 
9.542477e-01 
9.542477e-01 
9.542477e-01 
9.542477e-01 
9.542477e-01 
9.542477e-01 
9.542477e-01 
9.542477e-01 
9.542477e-01 
9.542477e-01 
9.542477e-01 
9.542477e-01 
9.542477e-01 
9.542477e-01 
9.542477e-01 
9.542477e-01 
9.542477e-01 
9.542477e-01 
9.542477e-01 
9.542477e-01 
9.542477e-01 
9.542477e-01 
9.542477e-01 
9.542477e-01 
9.542477e-01 
9.542477e-01 
9.542477e-01 
9.542477e-01 
9.542477e-01 
9.542477e-01 
9.542477e-01 
9.542477e-01 
9.542477e-01 
9.542477e-01 
9.542473e-01 
9.542468e-01 
9.542462e-01 
9.542455e-01 
9.542446e-01 
9.542437e-01 
9.542427e-01 
9.542416e-01 
9.542406e-01 
9.542397e-01 
9.542389e-01 
9.542383e-01 
9.542377e-01 
9.542371e-01 
9.542367e-01 
9.542362e-01 
9.542359e-01 
9.542355e-01 
9.542352e-01 
9.542349e-01 
9.542347e-01 
9.542345e-01 
9.542342e-01 
9.542340e-01 
9.542339e-01 
9.542337e-01 
9.542335e-01 
9.542334e-01 
9.542333e-01 
9.542331e-01 
9.542331e-01 
9.542331e-01 
9.542331e-01 
9.542331e-01 
9.542331e-01 
9.542331e-01 
9.542331e-01 
9.542331e-01 
9.542331e-01 
9.542331e-01 
9.542331e-01 
9.542331e-01 
9.542331e-01 
9.542331e-01 
9.542331e-01 
9.542331e-01 
9.542331e-01 
9.542331e-01 
9.542331e-01 
9.542331e-01 
9.542331e-01 
9.542331e-01 
9.542331e-01 
9.542331e-01 
9.542331e-01 
9.542331e-01 
9.542331e-01 
9.542331e-01 
9.542331e-01 
9.542331e-01 
9.542331e-01 
9.542331e-01 
9.542331e-01 
9.542331e-01 
9.542331e-01 
9.542331e-01 
9.542331e-01 
9.542331e-01 
9.542331e-01 
9.542331e-01 
9.542331e-01 
9.542331e-01 
9.542331e-01 
9.542331e-01 
9.542331e-01 
9.542331e-01 
9.542331e-01 
9.542331e-01 
9.542331e-01 
9.542331e-01 
9.542331e-01 
9.542331e-01 
9.542331e-01 
9.542331e-01 
9.542331e-01 
9.542331e-01 
9.542331e-01 
9.542331e-01 
9.542331e-01 
9.542331e-01 
9.542331e-01 
9.542331e-01 
9.542331e-01 
8.817810e-01 
7.648940e-01 
6.270424e-01 
4.689913e-01 
2.787826e-01 
7.000287e-02 
3.032575e-03 
5.460669e-04 
2.902630e-04 
1.769894e-04 
1.166829e-04 
8.123256e-05 
5.891960e-05 
4.414105e-05 
3.395422e-05 
2.670206e-05 
2.139939e-05 
1.743439e-05 
1.441362e-05 
1.207765e-05 
1.025551e-05 
8.850772e-06 
7.917971e-06 
8.468852e-06 
1.332689e-05 
1.598005e-05 
1.727564e-05 
1.797192e-05 
1.832010e-05 
1.836590e-05 
1.842144e-05 
1.842143e-05 
1.842143e-05 
1.842143e-05 
1.842143e-05 
1.842143e-05 
1.842143e-05 
1.842143e-05 
1.842143e-05 
1.842143e-05 
1.842143e-05 
1.842143e-05 
1.842143e-05 
1.842143e-05 
1.842143e-05 
1.842143e-05 
1.842143e-05 
1.842143e-05 
1.842143e-05 
1.842143e-05 
1.842143e-05 
1.842143e-05 
1.842143e-05 
1.842143e-05 
1.842143e-05 
1.842143e-05 
1.842143e-05 
1.842143e-05 
1.842143e-05 
1.842143e-05 
1.842143e-05 
1.842143e-05 
1.842143e-05 
1.842143e-05 
1.842143e-05 
1.842143e-05 
1.842143e-05 
1.842143e-05 
1.842143e-05 
1.842143e-05 
1.842143e-05 
1.842143e-05 
1.842143e-05 
1.842143e-05 
1.842143e-05 
1.842143e-05 
1.842143e-05 
1.842143e-05 
1.842143e-05 
1.842143e-05 
1.842143e-05 
1.842143e-05 
1.842143e-05 
1.842143e-05 
1.842143e-05 
1.842143e-05 
1.842143e-05 
1.842143e-05 
1.842143e-05 
1.842143e-05 
1.842143e-05 
1.842143e-05 
1.842143e-05 
1.845599e-05 
1.864026e-05 
1.883979e-05 
1.905569e-05 
1.928919e-05 
1.954148e-05 
1.981370e-05 
2.010720e-05 
2.042459e-05 
2.076779e-05 
2.113667e-05 
2.152960e-05 
2.194262e-05 
2.236757e-05 
2.278879e-05 
2.317759e-05 
2.348218e-05 
2.360916e-05 
2.338856e-05 
2.250542e-05 
2.036333e-05 
1.581140e-05 
6.635462e-06 
-1.111318e-05 
-4.271829e-05 
-9.063624e-05 
-1.510799e-04 
-2.202945e-04 
-2.991575e-04 
-3.883895e-04 
-4.652027e-04 
-4.658053e-04 
-4.658053e-04 
-4.658053e-04 
-4.658053e-04 
-4.658053e-04 
-4.658053e-04 
-4.658053e-04 
-4.658053e-04 
-4.658053e-04 
-4.658053e-04 
-4.658053e-04 
-4.658053e-04 
-4.658053e-04 
-4.658053e-04 
-4.658053e-04 
-4.658053e-04 
-4.658053e-04 
-4.658053e-04 
-4.658053e-04 
-4.658053e-04 
-4.658053e-04 
-4.658053e-04 
-4.658053e-04 
-4.658053e-04 
-4.658053e-04 
-4.658053e-04 
-4.658053e-04 
-4.658053e-04 
-4.658053e-04 
-4.658053e-04 
-4.658053e-04 
-4.658053e-04 
-4.658053e-04 
-4.658053e-04 
-4.658053e-04 
-4.658053e-04 
-4.658053e-04 
-4.658053e-04 
-4.658053e-04 
-4.658053e-04 
-4.658053e-04 
-4.658053e-04 
-4.658053e-04 
-4.658053e-04 
-4.658053e-04 
-4.658053e-04 
-4.658053e-04 
-4.658053e-04 
-4.658053e-04 
-4.658053e-04 
-4.658053e-04 
-4.658053e-04 
-4.658053e-04 
-4.658053e-04 
-4.658053e-04 
-4.658053e-04 
-4.658053e-04 
-4.658053e-04 
-4.658053e-04 
-4.658053e-04 
-4.658053e-04 
-4.658053e-04 
-4.658053e-04 
-5.073219e-04 
-5.668931e-04 
-6.368491e-04 
-7.195218e-04 
-8.179214e-04 
-9.359551e-04 
-1.078695e-03 
-1.252547e-03 
-1.465578e-03 
-1.729373e-03 
-2.060515e-03 
-2.482203e-03 
-3.027604e-03 
-3.745303e-03 
-4.708341e-03 
-6.029738e-03 
-7.890231e-03 
-1.059007e-02 
-1.465060e-02 
-2.102481e-02 
-3.155869e-02 
-5.004572e-02 
-8.455057e-02 
-1.506727e-01 
-2.646012e-01 
-4.134939e-01 
-5.669841e-01 
-7.106971e-01 
-8.377773e-01 
-9.376168e-01 
-9.542476e-01 
-9.542476e-01 
-9.542476e-01 
-9.542476e-01 
-9.542476e-01 
-9.542476e-01 
-9.542476e-01 
-9.542476e-01 
-9.542476e-01 
-9.542476e-01 
-9.542476e-01 
-9.542476e-01 
-9.542476e-01 
-9.542476e-01 
-9.542476e-01 
-9.542476e-01 
-9.542476e-01 
-9.542476e-01 
-9.542476e-01 
-9.542476e-01 
-9.542476e-01 
-9.542476e-01 
-9.542476e-01 
-9.542476e-01 
-9.542476e-01 
-9.542476e-01 
-9.542476e-01 
-9.542476e-01 
-9.542476e-01 
-9.542476e-01 
-9.542476e-01 
-9.542476e-01 
-9.542476e-01 
-9.542476e-01 
-9.542476e-01 
-9.542476e-01 
-9.542476e-01 
-9.542476e-01 
-9.542476e-01 
-9.542476e-01 
-9.542476e-01 
-9.542476e-01 
-9.542476e-01 
-9.542476e-01 
-9.542476e-01 
-9.542476e-01 
-9.542476e-01 
-9.542476e-01 
-9.542476e-01 
-9.542476e-01 
-9.542476e-01 
-9.542476e-01 
-9.542476e-01 
-9.542476e-01 
-9.542476e-01 
-9.542476e-01 
-9.542476e-01 
-9.542476e-01 
-9.542476e-01 
-9.542476e-01 
-9.542476e-01 
-9.542476e-01 
-9.542476e-01 
-9.542475e-01 
-9.542470e-01 
-9.542464e-01 
-9.542456e-01 
-9.542446e-01 
-9.542430e-01 
-9.542409e-01 
-9.542397e-01 
-9.542389e-01 
-9.542383e-01 
-9.542377e-01 
-9.542372e-01 
-9.542368e-01 
-9.542364e-01 
-9.542360e-01 
-9.542357e-01 
-9.542353e-01 
-9.542351e-01 
-9.542348e-01 
-9.542346e-01 
-9.542343e-01 
-9.542341e-01 
-9.542339e-01 
-9.542338e-01 
-9.542336e-01 
-9.542335e-01 
-9.542333e-01 
-9.542332e-01 
-9.542330e-01 
-9.542329e-01 
-9.542328e-01 
-9.542328e-01 
-9.542328e-01 
-9.542328e-01 
-9.542328e-01 
-9.542328e-01 
-9.542328e-01 
-9.542328e-01 
-9.542328e-01 
-9.542328e-01 
-9.542328e-01 
-9.542328e-01 
-9.542328e-01 
-9.542328e-01 
-9.542328e-01 
-9.542328e-01 
-9.542328e-01 
-9.542328e-01 
-9.542328e-01 
-9.542328e-01 
-9.542328e-01 
-9.542328e-01 
-9.542328e-01 
-9.542328e-01 
-9.542328e-01 
-9.542328e-01 
-9.542328e-01 
-9.542328e-01 
-9.542328e-01 
-9.542328e-01 
-9.542328e-01 
-9.542328e-01 
-9.542328e-01 
-9.542328e-01 
-9.542328e-01 
-9.542328e-01 
-9.542328e-01 
-9.542328e-01 
-9.542328e-01 
-9.542328e-01 
-9.542328e-01 
-9.542328e-01 
-9.542328e-01 
-9.542328e-01 
-9.542328e-01 
-9.542328e-01 
-9.542328e-01 
-9.542328e-01 
-9.542328e-01 
-9.542328e-01 
-9.542328e-01 
-9.542328e-01 
-9.542328e-01 
-9.542328e-01 
-9.542328e-01 
-9.542328e-01 
-9.542328e-01 
-9.542328e-01 
-9.542328e-01 
-9.542328e-01 
-9.542328e-01 
-9.542328e-01 
-9.542328e-01 
-9.542328e-01 
-8.746424e-01 
-7.560404e-01 
-6.168153e-01 
-4.566374e-01 
-2.616370e-01 
-5.363048e-02 
2.812763e-05 
5.014863e-04 
2.731094e-04 
1.675432e-04 
1.108818e-04 
7.739732e-05 
5.624087e-05 
4.218664e-05 
3.247535e-05 
2.554678e-05 
2.047011e-05 
1.666545e-05 
1.375854e-05 
1.150124e-05 
9.728205e-06 
8.343603e-06 
7.401442e-06 
8.010371e-06 
1.305395e-05 
1.584701e-05 
1.720237e-05 
1.791706e-05 
1.826352e-05 
1.829024e-05 
1.835750e-05 
1.835750e-05 
1.835750e-05 
1.835750e-05 
1.835750e-05 
1.835750e-05 
1.835750e-05 
1.835750e-05 
1.835750e-05 
1.835750e-05 
1.835750e-05 
1.835750e-05 
1.835750e-05 
1.835750e-05 
1.835750e-05 
1.835750e-05 
1.835750e-05 
1.835750e-05 
1.835750e-05 
1.835750e-05 
1.835750e-05 
1.835750e-05 
1.835750e-05 
1.835750e-05 
1.835750e-05 
1.835750e-05 
1.835750e-05 
1.835750e-05 
1.835750e-05 
1.835750e-05 
1.835750e-05 
1.835750e-05 
1.835750e-05 
1.835750e-05 
1.835750e-05 
1.835750e-05 
1.835750e-05 
1.835750e-05 
1.835750e-05 
1.835750e-05 
1.835750e-05 
1.835750e-05 
1.835750e-05 
1.835750e-05 
1.835750e-05 
1.835750e-05 
1.835750e-05 
1.835750e-05 
1.835750e-05 
1.835750e-05 
1.835750e-05 
1.835750e-05 
1.835750e-05 
1.835750e-05 
1.835750e-05 
1.835750e-05 
1.835750e-05 
1.835750e-05 
1.835750e-05 
1.835750e-05 
1.835750e-05 
1.835750e-05 
1.835750e-05 
1.840481e-05 
1.859607e-05 
1.880187e-05 
1.902365e-05 
1.927107e-05 
1.955124e-05 
1.983297e-05 
2.012811e-05 
2.044722e-05 
2.079220e-05 
2.116280e-05 
2.155726e-05 
2.197143e-05 
2.239672e-05 
2.281684e-05 
2.320188e-05 
2.349792e-05 
2.360771e-05 
2.335407e-05 
2.240823e-05 
2.014664e-05 
1.536514e-05 
5.751551e-06 
-1.277471e-05 
-4.548709e-05 
-9.443460e-05 
-1.555467e-04 
-2.253506e-04 
-3.049584e-04 
-3.946938e-04 
-4.655854e-04 
-4.658053e-04 
-4.658053e-04 
-4.658053e-04 
-4.658053e-04 
-4.658053e-04 
-4.658053e-04 
-4.658053e-04 
-4.658053e-04 
-4.658053e-04 
-4.658053e-04 
-4.658053e-04 
-4.658053e-04 
-4.658053e-04 
-4.658053e-04 
-4.658053e-04 
-4.658053e-04 
-4.658053e-04 
-4.658053e-04 
-4.658053e-04 
-4.658053e-04 
-4.658053e-04 
-4.658053e-04 
-4.658053e-04 
-4.658053e-04 
-4.658053e-04 
-4.658053e-04 
-4.658053e-04 
-4.658053e-04 
-4.658053e-04 
-4.658053e-04 
-4.658053e-04 
-4.658053e-04 
-4.658053e-04 
-4.658053e-04 
-4.658053e-04 
-4.658053e-04 
-4.658053e-04 
-4.658053e-04 
-4.658053e-04 
-4.658053e-04 
-4.658053e-04 
-4.658053e-04 
-4.658053e-04 
-4.658053e-04 
-4.658053e-04 
-4.658053e-04 
-4.658053e-04 
-4.658053e-04 
-4.658053e-04 
-4.658053e-04 
-4.658053e-04 
-4.658053e-04 
-4.658053e-04 
-4.658053e-04 
-4.658053e-04 
-4.658053e-04 
-4.658053e-04 
-4.658053e-04 
-4.658053e-04 
-4.658053e-04 
-4.658053e-04 
-4.658053e-04 
-4.658053e-04 
-5.111038e-04 
-5.713224e-04 
-6.420669e-04 
-7.257102e-04 
-8.253162e-04 
-9.448629e-04 
-1.089511e-03 
-1.265758e-03 
-1.481840e-03 
-1.749649e-03 
-2.086152e-03 
-2.515104e-03 
-3.070521e-03 
-3.802320e-03 
-4.785683e-03 
-6.137187e-03 
-8.043714e-03 
-1.081659e-02 
-1.499820e-02 
-2.158367e-02 
-3.250868e-02 
-5.176552e-02 
-8.783883e-02 
-1.568540e-01 
-2.740418e-01 
-4.241019e-01 
-5.772053e-01 
-7.200004e-01 
-8.456339e-01 
-9.430448e-01 
-9.542476e-01 
-9.542476e-01 
-9.542476e-01 
-9.542476e-01 
-9.542476e-01 
-9.542476e-01 
-9.542476e-01 
-9.542476e-01 
-9.542476e-01 
-9.542476e-01 
-9.542476e-01 
-9.542476e-01 
-9.542476e-01 
-9.542476e-01 
-9.542476e-01 
-9.542476e-01 
-9.542476e-01 
-9.542476e-01 
-9.542476e-01 
-9.542476e-01 
-9.542476e-01 
-9.542476e-01 
-9.542476e-01 
-9.542476e-01 
-9.542476e-01 
-9.542476e-01 
-9.542476e-01 
-9.542476e-01 
-9.542476e-01 
-9.542476e-01 
-9.542476e-01 
-9.542476e-01 
-9.542476e-01 
-9.542476e-01 
-9.542476e-01 
-9.542476e-01 
-9.542476e-01 
-9.542476e-01 
-9.542476e-01 
-9.542476e-01 
-9.542476e-01 
-9.542476e-01 
-9.542476e-01 
-9.542476e-01 
-9.542476e-01 
-9.542476e-01 
-9.542476e-01 
-9.542476e-01 
-9.542476e-01 
-9.542476e-01 
-9.542476e-01 
-9.542476e-01 
-9.542476e-01 
-9.542476e-01 
-9.542476e-01 
-9.542476e-01 
-9.542476e-01 
-9.542476e-01 
-9.542476e-01 
-9.542476e-01 
-9.542476e-01 
-9.542476e-01 
-9.542476e-01 
-9.542475e-01 
-9.542470e-01 
-9.542464e-01 
-9.542456e-01 
-9.542445e-01 
-9.542429e-01 
-9.542408e-01 
-9.542396e-01 
-9.542389e-01 
-9.542383e-01 
-9.542377e-01 
-9.542372e-01 
-9.542368e-01 
-9.542363e-01 
-9.542360e-01 
-9.542356e-01 
-9.542353e-01 
-9.542350e-01 
-9.542348e-01 
-9.542345e-01 
-9.542343e-01 
-9.542341e-01 
-9.542339e-01 
-9.542338e-01 
-9.542336e-01 
-9.542334e-01 
-9.542333e-01 
-9.542332e-01 
-9.542330e-01 
-9.542329e-01 
-9.542328e-01 
-9.542328e-01 
-9.542328e-01 
-9.542328e-01 
-9.542328e-01 
-9.542328e-01 
-9.542328e-01 
-9.542328e-01 
-9.542328e-01 
-9.542328e-01 
-9.542328e-01 
-9.542328e-01 
-9.542328e-01 
-9.542328e-01 
-9.542328e-01 
-9.542328e-01 
-9.542328e-01 
-9.542328e-01 
-9.542328e-01 
-9.542328e-01 
-9.542328e-01 
-9.542328e-01 
-9.542328e-01 
-9.542328e-01 
-9.542328e-01 
-9.542328e-01 
-9.542328e-01 
-9.542328e-01 
-9.542328e-01 
-9.542328e-01 
-9.542328e-01 
-9.542328e-01 
-9.542328e-01 
-9.542328e-01 
-9.542328e-01 
-9.542328e-01 
-9.542328e-01 
-9.542328e-01 
-9.542328e-01 
-9.542328e-01 
-9.542328e-01 
-9.542328e-01 
-9.542328e-01 
-9.542328e-01 
-9.542328e-01 
-9.542328e-01 
-9.542328e-01 
-9.542328e-01 
-9.542328e-01 
-9.542328e-01 
-9.542328e-01 
-9.542328e-01 
-9.542328e-01 
-9.542328e-01 
-9.542328e-01 
-9.542328e-01 
-9.542328e-01 
-9.542328e-01 
-9.542328e-01 
-9.542328e-01 
-9.542328e-01 
-9.542328e-01 
-9.542328e-01 
-9.542328e-01 
-8.673613e-01 
-7.471145e-01 
-6.066064e-01 
-4.446450e-01 
-2.465594e-01 
-4.421898e-02 
3.226207e-04 
4.903578e-04 
2.696666e-04 
1.665384e-04 
1.107330e-04 
7.757431e-05 
5.654009e-05 
4.252441e-05 
3.281680e-05 
2.587836e-05 
2.078815e-05 
1.697114e-05 
1.405581e-05 
1.179591e-05 
1.002731e-05 
8.649575e-06 
7.654881e-06 
7.346409e-06 
4.767461e-06 
3.561293e-06 
3.239136e-06 
2.732104e-06 
2.006633e-06 
1.117218e-06 
9.094464e-07 
9.094467e-07 
9.094467e-07 
9.094467e-07 
9.094467e-07 
9.094467e-07 
9.094467e-07 
9.094467e-07 
9.094467e-07 
9.094467e-07 
9.094467e-07 
9.094467e-07 
9.094467e-07 
9.094467e-07 
9.094467e-07 
9.094467e-07 
9.094467e-07 
9.094467e-07 
9.094467e-07 
9.094467e-07 
9.094467e-07 
9.094467e-07 
9.094467e-07 
9.094467e-07 
9.094467e-07 
9.094467e-07 
9.094467e-07 
9.094467e-07 
9.094467e-07 
9.094467e-07 
9.094467e-07 
9.094467e-07 
9.094467e-07 
9.094467e-07 
9.094467e-07 
9.094467e-07 
9.094467e-07 
9.094467e-07 
9.094467e-07 
9.094467e-07 
9.094467e-07 
9.094467e-07 
9.094467e-07 
9.094467e-07 
9.094467e-07 
9.094467e-07 
9.094467e-07 
9.094467e-07 
9.094467e-07 
9.094467e-07 
9.094467e-07 
9.094467e-07 
9.094467e-07 
9.094467e-07 
9.094467e-07 
9.094467e-07 
9.094467e-07 
9.094467e-07 
9.094467e-07 
9.094467e-07 
9.094467e-07 
9.094467e-07 
9.094467e-07 
9.633356e-07 
1.149986e-06 
1.360614e-06 
1.599246e-06 
1.870676e-06 
2.180785e-06 
2.536882e-06 
2.948784e-06 
3.430439e-06 
3.998830e-06 
4.674855e-06 
5.486456e-06 
6.471770e-06 
7.683581e-06 
9.196397e-06 
1.111794e-05 
1.360840e-05 
1.691379e-05 
2.142626e-05 
2.779706e-05 
3.715406e-05 
5.151213e-05 
7.440196e-05 
1.109049e-04 
1.638619e-04 
2.279735e-04 
2.957094e-04 
3.641790e-04 
4.312943e-04 
4.904982e-04 
5.225229e-04 
5.225541e-04 
5.225541e-04 
5.225541e-04 
5.225541e-04 
5.225541e-04 
5.225541e-04 
5.225541e-04 
5.225541e-04 
5.225541e-04 
5.225541e-04 
5.225541e-04 
5.225541e-04 
5.225541e-04 
5.225541e-04 
5.225541e-04 
5.225541e-04 
5.225541e-04 
5.225541e-04 
5.225541e-04 
5.225541e-04 
5.225541e-04 
5.225541e-04 
5.225541e-04 
5.225541e-04 
5.225541e-04 
5.225541e-04 
5.225541e-04 
5.225541e-04 
5.225541e-04 
5.225541e-04 
5.225541e-04 
5.225541e-04 
5.225541e-04 
5.225541e-04 
5.225541e-04 
5.225541e-04 
5.225541e-04 
5.225541e-04 
5.225541e-04 
5.225541e-04 
5.225541e-04 
5.225541e-04 
5.225541e-04 
5.225541e-04 
5.225541e-04 
5.225541e-04 
5.225541e-04 
5.225541e-04 
5.225541e-04 
5.225541e-04 
5.225541e-04 
5.225541e-04 
5.225541e-04 
5.225541e-04 
5.225541e-04 
5.225541e-04 
5.225541e-04 
5.225541e-04 
5.225541e-04 
5.225541e-04 
5.225541e-04 
5.225541e-04 
5.227949e-04 
5.766021e-04 
6.427412e-04 
7.191784e-04 
8.005350e-04 
8.628790e-04 
9.872531e-04 
1.138362e-03 
1.322079e-03 
1.547485e-03 
1.827147e-03 
2.178682e-03 
2.626900e-03 
3.207400e-03 
3.972472e-03 
5.000935e-03 
6.415116e-03 
8.411332e-03 
1.131705e-02 
1.570358e-02 
2.262079e-02 
3.411316e-02 
5.439483e-02 
9.235896e-02 
1.644305e-01 
2.844103e-01 
4.350095e-01 
5.874584e-01 
7.292433e-01 
8.533642e-01 
9.482606e-01 
9.542477e-01 
9.542477e-01 
9.542477e-01 
9.542477e-01 
9.542477e-01 
9.542477e-01 
9.542477e-01 
9.542477e-01 
9.542477e-01 
9.542477e-01 
9.542477e-01 
9.542477e-01 
9.542477e-01 
9.542477e-01 
9.542477e-01 
9.542477e-01 
9.542477e-01 
9.542477e-01 
9.542477e-01 
9.542477e-01 
9.542477e-01 
9.542477e-01 
9.542477e-01 
9.542477e-01 
9.542477e-01 
9.542477e-01 
9.542477e-01 
9.542477e-01 
9.542477e-01 
9.542477e-01 
9.542477e-01 
9.542477e-01 
9.542477e-01 
9.542477e-01 
9.542477e-01 
9.542477e-01 
9.542477e-01 
9.542477e-01 
9.542477e-01 
9.542477e-01 
9.542477e-01 
9.542477e-01 
9.542477e-01 
9.542477e-01 
9.542477e-01 
9.542477e-01 
9.542477e-01 
9.542477e-01 
9.542477e-01 
9.542477e-01 
9.542477e-01 
9.542477e-01 
9.542477e-01 
9.542477e-01 
9.542477e-01 
9.542477e-01 
9.542477e-01 
9.542477e-01 
9.542477e-01 
9.542477e-01 
9.542477e-01 
9.542477e-01 
9.542477e-01 
9.542476e-01 
9.542472e-01 
9.542467e-01 
9.542460e-01 
9.542453e-01 
9.542444e-01 
9.542435e-01 
9.542425e-01 
9.542414e-01 
9.542404e-01 
9.542396e-01 
9.542388e-01 
9.542381e-01 
9.542375e-01 
9.542370e-01 
9.542366e-01 
9.542362e-01 
9.542358e-01 
9.542355e-01 
9.542352e-01 
9.542349e-01 
9.542346e-01 
9.542344e-01 
9.542342e-01 
9.542340e-01 
9.542338e-01 
9.542337e-01 
9.542335e-01 
9.542334e-01 
9.542332e-01 
9.542331e-01 
9.542331e-01 
9.542331e-01 
9.542331e-01 
9.542331e-01 
9.542331e-01 
9.542331e-01 
9.542331e-01 
9.542331e-01 
9.542331e-01 
9.542331e-01 
9.542331e-01 
9.542331e-01 
9.542331e-01 
9.542331e-01 
9.542331e-01 
9.542331e-01 
9.542331e-01 
9.542331e-01 
9.542331e-01 
9.542331e-01 
9.542331e-01 
9.542331e-01 
9.542331e-01 
9.542331e-01 
9.542331e-01 
9.542331e-01 
9.542331e-01 
9.542331e-01 
9.542331e-01 
9.542331e-01 
9.542331e-01 
9.542331e-01 
9.542331e-01 
9.542331e-01 
9.542331e-01 
9.542331e-01 
9.542331e-01 
9.542331e-01 
9.542331e-01 
9.542331e-01 
9.542331e-01 
9.542331e-01 
9.542331e-01 
9.542331e-01 
9.542331e-01 
9.542331e-01 
9.542331e-01 
9.542331e-01 
9.542331e-01 
9.542331e-01 
9.542331e-01 
9.542331e-01 
9.542331e-01 
9.542331e-01 
9.542331e-01 
9.542331e-01 
9.542331e-01 
9.542331e-01 
9.542331e-01 
9.542331e-01 
9.542331e-01 
9.542331e-01 
9.516542e-01 
8.599446e-01 
7.381277e-01 
5.964602e-01 
4.332101e-01 
2.343974e-01 
4.168863e-02 
1.639430e-03 
4.594847e-04 
2.539770e-04 
1.577383e-04 
1.052653e-04 
7.392919e-05 
5.397781e-05 
4.064539e-05 
3.138900e-05 
2.475911e-05 
1.988536e-05 
1.622271e-05 
1.341795e-05 
1.123631e-05 
9.521365e-06 
8.181937e-06 
7.252523e-06 
7.504386e-06 
7.445741e-06 
6.063800e-06 
5.259298e-06 
4.823319e-06 
4.743319e-06 
4.927372e-06 
5.004060e-06 
5.004060e-06 
5.004060e-06 
5.004060e-06 
5.004060e-06 
5.004060e-06 
5.004060e-06 
5.004060e-06 
5.004060e-06 
5.004060e-06 
5.004060e-06 
5.004060e-06 
5.004060e-06 
5.004060e-06 
5.004060e-06 
5.004060e-06 
5.004060e-06 
5.004060e-06 
5.004060e-06 
5.004060e-06 
5.004060e-06 
5.004060e-06 
5.004060e-06 
5.004060e-06 
5.004060e-06 
5.004060e-06 
5.004060e-06 
5.004060e-06 
5.004060e-06 
5.004060e-06 
5.004060e-06 
5.004060e-06 
5.004060e-06 
5.004060e-06 
5.004060e-06 
5.004060e-06 
5.004060e-06 
5.004060e-06 
5.004060e-06 
5.004060e-06 
5.004060e-06 
5.004060e-06 
5.004060e-06 
5.004060e-06 
5.004060e-06 
5.004060e-06 
5.004060e-06 
5.004060e-06 
5.004060e-06 
5.004060e-06 
5.004060e-06 
5.004060e-06 
5.004060e-06 
5.004060e-06 
5.004060e-06 
5.004060e-06 
5.004060e-06 
5.004060e-06 
5.004060e-06 
5.004060e-06 
5.004060e-06 
5.004060e-06 
5.004060e-06 
5.068671e-06 
5.256808e-06 
5.468437e-06 
5.707773e-06 
5.980297e-06 
6.292850e-06 
6.654038e-06 
7.074046e-06 
7.564570e-06 
8.142048e-06 
8.829254e-06 
9.656369e-06 
1.066404e-05 
1.190830e-05 
1.346827e-05 
0.000000e+00 
0.000000e+00 
0.000000e+00 
0.000000e+00 
0.000000e+00 
0.000000e+00 
0.000000e+00 
0.000000e+00
#[#TRACE_DATA]
#[#TRACE]
