#[TRACE]
#data_labels=Output
#[TRACE_DATA]
2.305344e-05 
-5.816402e-04 
-5.816402e-04 
-5.816402e-04 
-5.816402e-04 
-5.148689e-03 
-9.543232e-01 
-9.543232e-01 
-9.543232e-01 
-9.543232e-01 
-9.542531e-01 
-9.542420e-01 
-9.542420e-01 
-9.542420e-01 
-9.542420e-01 
2.885196e-05 
9.068785e-07 
9.068785e-07 
9.068785e-07 
9.068785e-07 
1.228386e-05 
6.415661e-04 
6.415661e-04 
6.415661e-04 
6.415661e-04 
5.253609e-03 
9.543234e-01 
9.543234e-01 
9.543234e-01 
9.543234e-01 
9.542568e-01 
9.542427e-01 
9.542427e-01 
9.542427e-01 
9.542427e-01 
2.885197e-05 
9.068785e-07 
9.068785e-07 
9.068785e-07 
9.068785e-07 
1.228385e-05 
6.415661e-04 
6.415661e-04 
6.415661e-04 
6.415661e-04 
5.253609e-03 
9.543234e-01 
9.543234e-01 
9.543234e-01 
9.543234e-01 
9.542568e-01 
9.542427e-01 
9.542427e-01 
9.542427e-01 
9.542427e-01 
2.885195e-05 
1.825925e-05 
1.825925e-05 
1.825925e-05 
1.825925e-05 
2.304681e-05 
-5.816402e-04 
-5.816402e-04 
-5.816402e-04 
-5.816402e-04 
-5.148688e-03 
-9.543232e-01 
-9.543232e-01 
-9.543232e-01 
-9.543232e-01 
-9.542531e-01 
-9.542420e-01 
-9.542420e-01 
-9.542420e-01 
-9.542420e-01 
2.885196e-05 
1.825925e-05 
1.825925e-05 
1.825925e-05 
1.825925e-05 
2.304681e-05 
-5.816402e-04 
-5.816402e-04 
-5.816402e-04 
-5.816402e-04 
-5.148688e-03 
-9.543232e-01 
-9.543232e-01 
-9.543232e-01 
-9.543232e-01 
-9.542531e-01 
-9.542420e-01 
-9.542420e-01 
-9.542420e-01 
-9.542420e-01 
2.582390e-05 
5.000816e-06 
5.000816e-06 
5.000816e-06 
5.000816e-06 
1.641082e-05 
6.461538e-04 
6.461538e-04 
6.461538e-04 
6.461538e-04 
5.253608e-03 
9.543234e-01 
9.543234e-01 
9.543234e-01 
9.543234e-01 
9.542568e-01 
9.542427e-01 
9.542427e-01 
9.542427e-01 
9.542427e-01 
2.885197e-05 
9.068785e-07 
9.068785e-07 
9.068785e-07 
9.068785e-07 
1.228385e-05 
6.415661e-04 
6.415661e-04 
6.415661e-04 
6.415661e-04 
5.253608e-03 
9.543234e-01 
9.543234e-01 
9.543234e-01 
9.543234e-01 
9.542568e-01 
9.542427e-01 
9.542427e-01 
9.542427e-01 
9.542427e-01 
2.885196e-05 
1.825925e-05 
1.825925e-05 
1.825925e-05 
1.825925e-05 
2.304681e-05 
-5.816402e-04 
-5.816402e-04 
-5.816402e-04 
-5.816402e-04 
-5.148688e-03 
-9.543232e-01 
-9.543232e-01 
-9.543232e-01 
-9.543232e-01 
-9.542531e-01 
-9.542420e-01 
-9.542420e-01 
-9.542420e-01 
-9.542420e-01 
2.885196e-05 
1.825925e-05 
1.825925e-05 
1.825925e-05 
1.825925e-05
#[#TRACE_DATA]
#[#TRACE]
