#[TRACE]
#data_labels=Output
#[TRACE_DATA]
5.389731e-03 
6.695560e-03 
8.720853e-03 
1.166292e-02 
1.609646e-02 
2.307728e-02 
3.466086e-02 
5.508258e-02 
9.327153e-02 
1.656638e-01 
2.858739e-01 
4.364081e-01 
5.886505e-01 
7.302023e-01 
8.540667e-01 
9.486643e-01 
9.543234e-01 
9.543234e-01 
9.543234e-01 
9.543234e-01 
9.543234e-01 
9.543234e-01 
9.543234e-01 
9.543234e-01 
9.543234e-01 
9.543234e-01 
9.543234e-01 
9.543234e-01 
9.543234e-01 
9.543234e-01 
9.543234e-01 
9.543234e-01 
9.543234e-01 
9.543234e-01 
9.543234e-01 
9.543234e-01 
9.543234e-01 
9.543234e-01 
9.543234e-01 
9.543234e-01 
9.543234e-01 
9.543234e-01 
9.543234e-01 
9.543234e-01 
9.543234e-01 
9.543234e-01 
9.543234e-01 
9.543234e-01 
9.543234e-01 
9.543234e-01 
9.543234e-01 
9.543234e-01 
9.543234e-01 
9.543234e-01 
9.543234e-01 
9.543234e-01 
9.543234e-01 
9.543234e-01 
9.543234e-01 
9.543234e-01 
9.543234e-01 
9.543234e-01 
9.543234e-01 
9.543234e-01 
9.543234e-01 
9.543234e-01 
9.543234e-01 
9.543234e-01 
9.543234e-01 
9.543234e-01 
9.543234e-01 
9.543234e-01 
9.543234e-01 
9.543234e-01 
9.543234e-01 
9.543234e-01 
9.543234e-01 
9.543234e-01 
9.543234e-01 
9.543222e-01 
9.543187e-01 
9.543144e-01 
9.543094e-01 
9.543040e-01 
9.542980e-01 
9.542917e-01 
9.542853e-01 
9.542793e-01 
9.542740e-01 
9.542695e-01 
9.542658e-01 
9.542627e-01 
9.542601e-01 
9.542578e-01 
9.542559e-01 
9.542542e-01 
9.542527e-01 
9.542514e-01 
9.542502e-01 
9.542492e-01 
9.542482e-01 
9.542474e-01 
9.542466e-01 
9.542459e-01 
9.542452e-01 
9.542446e-01 
9.542441e-01 
9.542436e-01 
9.542431e-01 
9.542428e-01 
9.542428e-01 
9.542428e-01 
9.542428e-01 
9.542428e-01 
9.542428e-01 
9.542428e-01 
9.542428e-01 
9.542428e-01 
9.542428e-01 
9.542428e-01 
9.542428e-01 
9.542428e-01 
9.542428e-01 
9.542428e-01 
9.542428e-01 
9.542428e-01 
9.542428e-01 
9.542428e-01 
9.542428e-01 
9.542428e-01 
9.542428e-01 
9.542428e-01 
9.542428e-01 
9.542428e-01 
9.542428e-01 
9.542428e-01 
9.542428e-01 
9.542428e-01 
9.542428e-01 
9.542428e-01 
9.542428e-01 
9.542428e-01 
9.542428e-01 
9.542428e-01 
9.542428e-01 
9.542428e-01 
9.542428e-01 
9.542428e-01 
9.542428e-01 
9.542428e-01 
9.542428e-01 
9.542428e-01 
9.542428e-01 
9.542428e-01 
9.542428e-01 
9.542428e-01 
9.542428e-01 
9.542428e-01 
9.542428e-01 
9.542428e-01 
9.542428e-01 
9.542428e-01 
9.542428e-01 
9.542428e-01 
9.542428e-01 
9.542428e-01 
9.542428e-01 
9.542428e-01 
9.542428e-01 
9.542428e-01 
9.542428e-01 
9.542428e-01 
9.514090e-01 
8.595014e-01 
7.376002e-01 
5.958676e-01 
4.325383e-01 
2.336772e-01 
4.153599e-02 
1.741798e-03 
5.107336e-04 
2.830249e-04 
1.762399e-04 
1.179701e-04 
8.313650e-05 
6.092716e-05 
4.605696e-05 
3.570451e-05 
2.825972e-05 
2.275307e-05 
1.857290e-05 
1.531472e-05 
1.269343e-05 
1.048184e-05 
8.441312e-06 
6.165244e-06 
2.651990e-06 
-2.554688e-06 
-6.332926e-06 
-8.719276e-06 
-1.048269e-05 
-1.198134e-05 
-1.324892e-05 
-1.352331e-05 
-1.352330e-05 
-1.352330e-05 
-1.352330e-05 
-1.352330e-05 
-1.352330e-05 
-1.352330e-05 
-1.352330e-05 
-1.352330e-05 
-1.352330e-05 
-1.352330e-05 
-1.352330e-05 
-1.352330e-05 
-1.352330e-05 
-1.352330e-05 
-1.352330e-05 
-1.352330e-05 
-1.352330e-05 
-1.352330e-05 
-1.352330e-05 
-1.352330e-05 
-1.352330e-05 
-1.352330e-05 
-1.352330e-05 
-1.352330e-05 
-1.352330e-05 
-1.352330e-05 
-1.352330e-05 
-1.352330e-05 
-1.352330e-05 
-1.352330e-05 
-1.352330e-05 
-1.352330e-05 
-1.352330e-05 
-1.352330e-05 
-1.352330e-05 
-1.352330e-05 
-1.352330e-05 
-1.352330e-05 
-1.352330e-05 
-1.352330e-05 
-1.352330e-05 
-1.352330e-05 
-1.352330e-05 
-1.352330e-05 
-1.352330e-05 
-1.352330e-05 
-1.352330e-05 
-1.352330e-05 
-1.352330e-05 
-1.352330e-05 
-1.352330e-05 
-1.352330e-05 
-1.352330e-05 
-1.352330e-05 
-1.352330e-05 
-1.352330e-05 
-1.352330e-05 
-1.352330e-05 
-1.352330e-05 
-1.352330e-05 
-1.352330e-05 
-1.352330e-05 
-1.344444e-05 
-1.323101e-05 
-1.299361e-05 
-1.271738e-05 
-1.238468e-05 
-1.197463e-05 
-1.146212e-05 
-1.080736e-05 
-9.976664e-06 
-8.948179e-06 
-7.676511e-06 
-6.092438e-06 
-4.099645e-06 
-1.564312e-06 
1.701349e-06 
5.963608e-06 
1.160268e-05 
1.916084e-05 
2.939796e-05 
4.332674e-05 
6.215187e-05 
8.699336e-05 
1.183933e-04 
1.560206e-04 
1.991423e-04 
2.476628e-04 
3.029644e-04 
3.681305e-04 
4.468245e-04 
5.376354e-04 
5.946606e-04 
5.946784e-04 
5.946784e-04 
5.946784e-04 
5.946784e-04 
5.946784e-04 
5.946784e-04 
5.946784e-04 
5.946784e-04 
5.946784e-04 
5.946784e-04 
5.946784e-04 
5.946784e-04 
5.946784e-04 
5.946784e-04 
5.946784e-04 
5.946784e-04 
5.946784e-04 
5.946784e-04 
5.946784e-04 
5.946784e-04 
5.946784e-04 
5.946784e-04 
5.946784e-04 
5.946784e-04 
5.946784e-04 
5.946784e-04 
5.946784e-04 
5.946784e-04 
5.946784e-04 
5.946784e-04 
5.946784e-04 
5.946784e-04 
5.946784e-04 
5.946784e-04 
5.946784e-04 
5.946784e-04 
5.946784e-04 
5.946784e-04 
5.946784e-04 
5.946784e-04 
5.946784e-04 
5.946784e-04 
5.946784e-04 
5.946784e-04 
5.946784e-04 
5.946784e-04 
5.946784e-04 
5.946784e-04 
5.946784e-04 
5.946784e-04 
5.946784e-04 
5.946784e-04 
5.946784e-04 
5.946784e-04 
5.946784e-04 
5.946784e-04 
5.946784e-04 
5.946784e-04 
5.946784e-04 
5.946784e-04 
5.946784e-04 
5.946784e-04 
5.968596e-04 
6.544631e-04 
7.229430e-04 
8.029260e-04 
8.970401e-04 
1.008684e-03 
1.142200e-03 
1.302978e-03 
1.497736e-03 
1.735673e-03 
2.029872e-03 
2.398613e-03 
2.867592e-03 
3.473692e-03 
4.271121e-03 
5.341678e-03 
6.812497e-03 
8.887996e-03 
1.190997e-02 
1.647649e-02 
2.369046e-02 
3.570787e-02 
5.698586e-02 
9.690441e-02 
1.723403e-01 
2.955894e-01 
4.469848e-01 
5.987464e-01 
7.393283e-01 
8.616412e-01 
9.529367e-01 
9.543234e-01 
9.543234e-01 
9.543234e-01 
9.543234e-01 
9.543234e-01 
9.543234e-01 
9.543234e-01 
9.543234e-01 
9.543234e-01 
9.543234e-01 
9.543234e-01 
9.543234e-01 
9.543234e-01 
9.543234e-01 
9.543234e-01 
9.543234e-01 
9.543234e-01 
9.543234e-01 
9.543234e-01 
9.543234e-01 
9.543234e-01 
9.543234e-01 
9.543234e-01 
9.543234e-01 
9.543234e-01 
9.543234e-01 
9.543234e-01 
9.543234e-01 
9.543234e-01 
9.543234e-01 
9.543234e-01 
9.543234e-01 
9.543234e-01 
9.543234e-01 
9.543234e-01 
9.543234e-01 
9.543234e-01 
9.543234e-01 
9.543234e-01 
9.543234e-01 
9.543234e-01 
9.543234e-01 
9.543234e-01 
9.543234e-01 
9.543234e-01 
9.543234e-01 
9.543234e-01 
9.543234e-01 
9.543234e-01 
9.543234e-01 
9.543234e-01 
9.543234e-01 
9.543234e-01 
9.543234e-01 
9.543234e-01 
9.543234e-01 
9.543234e-01 
9.543234e-01 
9.543234e-01 
9.543234e-01 
9.543234e-01 
9.543234e-01 
9.543234e-01 
9.543220e-01 
9.543184e-01 
9.543141e-01 
9.543091e-01 
9.543036e-01 
9.542976e-01 
9.542912e-01 
9.542849e-01 
9.542789e-01 
9.542737e-01 
9.542693e-01 
9.542656e-01 
9.542625e-01 
9.542599e-01 
9.542577e-01 
9.542558e-01 
9.542541e-01 
9.542526e-01 
9.542513e-01 
9.542501e-01 
9.542491e-01 
9.542482e-01 
9.542473e-01 
9.542465e-01 
9.542458e-01 
9.542452e-01 
9.542446e-01 
9.542440e-01 
9.542435e-01 
9.542430e-01 
9.542428e-01 
9.542428e-01 
9.542428e-01 
9.542428e-01 
9.542428e-01 
9.542428e-01 
9.542428e-01 
9.542428e-01 
9.542428e-01 
9.542428e-01 
9.542428e-01 
9.542428e-01 
9.542428e-01 
9.542428e-01 
9.542428e-01 
9.542428e-01 
9.542428e-01 
9.542428e-01 
9.542428e-01 
9.542428e-01 
9.542428e-01 
9.542428e-01 
9.542428e-01 
9.542428e-01 
9.542428e-01 
9.542428e-01 
9.542428e-01 
9.542428e-01 
9.542428e-01 
9.542428e-01 
9.542428e-01 
9.542428e-01 
9.542428e-01 
9.542428e-01 
9.542428e-01 
9.542428e-01 
9.542428e-01 
9.542428e-01 
9.542428e-01 
9.542428e-01 
9.542428e-01 
9.542428e-01 
9.542428e-01 
9.542428e-01 
9.542428e-01 
9.542428e-01 
9.542428e-01 
9.542428e-01 
9.542428e-01 
9.542428e-01 
9.542428e-01 
9.542428e-01 
9.542428e-01 
9.542428e-01 
9.542428e-01 
9.542428e-01 
9.542428e-01 
9.542428e-01 
9.542428e-01 
9.542428e-01 
9.542428e-01 
9.542428e-01 
9.542428e-01 
9.467629e-01 
8.519387e-01 
7.284923e-01 
5.854697e-01 
4.202325e-01 
2.183834e-01 
3.391206e-02 
1.358520e-03 
4.312278e-04 
2.414395e-04 
1.511908e-04 
1.016008e-04 
7.182479e-05 
5.278514e-05 
4.001531e-05 
3.112031e-05 
2.472978e-05 
2.001847e-05 
1.646830e-05 
1.374267e-05 
1.161672e-05 
9.937125e-06 
8.598829e-06 
7.531120e-06 
6.660331e-06 
5.824329e-06 
5.133010e-06 
4.575296e-06 
4.103954e-06 
3.694829e-06 
3.337308e-06 
3.320786e-06 
3.320786e-06 
3.320786e-06 
3.320786e-06 
3.320786e-06 
3.320786e-06 
3.320786e-06 
3.320786e-06 
3.320786e-06 
3.320786e-06 
3.320786e-06 
3.320786e-06 
3.320786e-06 
3.320786e-06 
3.320786e-06 
3.320786e-06 
3.320786e-06 
3.320786e-06 
3.320786e-06 
3.320786e-06 
3.320786e-06 
3.320786e-06 
3.320786e-06 
3.320786e-06 
3.320786e-06 
3.320786e-06 
3.320786e-06 
3.320786e-06 
3.320786e-06 
3.320786e-06 
3.320786e-06 
3.320786e-06 
3.320786e-06 
3.320786e-06 
3.320786e-06 
3.320786e-06 
3.320786e-06 
3.320786e-06 
3.320786e-06 
3.320786e-06 
3.320786e-06 
3.320786e-06 
3.320786e-06 
3.320786e-06 
3.320786e-06 
3.320786e-06 
3.320786e-06 
3.320786e-06 
3.320786e-06 
3.320786e-06 
3.320786e-06 
3.320786e-06 
3.320786e-06 
3.320786e-06 
3.320786e-06 
3.320786e-06 
3.320786e-06 
3.320786e-06 
3.320786e-06 
3.320786e-06 
3.320786e-06 
3.320786e-06 
3.320786e-06 
3.416968e-06 
3.643026e-06 
3.898591e-06 
4.189303e-06 
4.522009e-06 
4.905050e-06 
5.348542e-06 
5.865031e-06 
6.470141e-06 
7.184841e-06 
8.037109e-06 
9.064282e-06 
1.031705e-05 
1.186561e-05 
1.380936e-05 
1.629264e-05 
1.953121e-05 
2.385826e-05 
2.980800e-05 
3.827243e-05 
5.080124e-05 
7.015017e-05 
1.010142e-04 
1.494917e-04 
2.172934e-04 
2.964749e-04 
3.790075e-04 
4.624277e-04 
5.439596e-04 
6.142646e-04 
6.441639e-04 
6.441670e-04 
6.441670e-04 
6.441670e-04 
6.441670e-04 
6.441670e-04 
6.441670e-04 
6.441670e-04 
6.441670e-04 
6.441670e-04 
6.441670e-04 
6.441670e-04 
6.441670e-04 
6.441670e-04 
6.441670e-04 
6.441670e-04 
6.441670e-04 
6.441670e-04 
6.441670e-04 
6.441670e-04 
6.441670e-04 
6.441670e-04 
6.441670e-04 
6.441670e-04 
6.441670e-04 
6.441670e-04 
6.441670e-04 
6.441670e-04 
6.441670e-04 
6.441670e-04 
6.441670e-04 
6.441670e-04 
6.441670e-04 
6.441670e-04 
6.441670e-04 
6.441670e-04 
6.441670e-04 
6.441670e-04 
6.441670e-04 
6.441670e-04 
6.441670e-04 
6.441670e-04 
6.441670e-04 
6.441670e-04 
6.441670e-04 
6.441670e-04 
6.441670e-04 
6.441670e-04 
6.441670e-04 
6.441670e-04 
6.441670e-04 
6.441670e-04 
6.441670e-04 
6.441670e-04 
6.441670e-04 
6.441670e-04 
6.441670e-04 
6.441670e-04 
6.441670e-04 
6.441670e-04 
6.441670e-04 
6.441670e-04 
6.441670e-04 
6.496415e-04 
7.114430e-04 
7.829511e-04 
8.638051e-04 
9.099879e-04 
1.017061e-03 
1.152257e-03 
1.315125e-03 
1.512505e-03 
1.753822e-03 
2.052467e-03 
2.427141e-03 
2.904165e-03 
3.521376e-03 
4.334481e-03 
5.427698e-03 
6.932211e-03 
9.059471e-03 
1.216406e-02 
1.686852e-02 
2.432528e-02 
3.679637e-02 
5.897287e-02 
1.007027e-01 
1.792580e-01 
3.054381e-01 
4.575547e-01 
6.087888e-01 
7.483711e-01 
8.690766e-01 
9.540533e-01 
9.543234e-01 
9.543234e-01 
9.543234e-01 
9.543234e-01 
9.543234e-01 
9.543234e-01 
9.543234e-01 
9.543234e-01 
9.543234e-01 
9.543234e-01 
9.543234e-01 
9.543234e-01 
9.543234e-01 
9.543234e-01 
9.543234e-01 
9.543234e-01 
9.543234e-01 
9.543234e-01 
9.543234e-01 
9.543234e-01 
9.543234e-01 
9.543234e-01 
9.543234e-01 
9.543234e-01 
9.543234e-01 
9.543234e-01 
9.543234e-01 
9.543234e-01 
9.543234e-01 
9.543234e-01 
9.543234e-01 
9.543234e-01 
9.543234e-01 
9.543234e-01 
9.543234e-01 
9.543234e-01 
9.543234e-01 
9.543234e-01 
9.543234e-01 
9.543234e-01 
9.543234e-01 
9.543234e-01 
9.543234e-01 
9.543234e-01 
9.543234e-01 
9.543234e-01 
9.543234e-01 
9.543234e-01 
9.543234e-01 
9.543234e-01 
9.543234e-01 
9.543234e-01 
9.543234e-01 
9.543234e-01 
9.543234e-01 
9.543234e-01 
9.543234e-01 
9.543234e-01 
9.543234e-01 
9.543234e-01 
9.543234e-01 
9.543234e-01 
9.543234e-01 
9.543217e-01 
9.543181e-01 
9.543137e-01 
9.543087e-01 
9.543032e-01 
9.542971e-01 
9.542908e-01 
9.542844e-01 
9.542785e-01 
9.542733e-01 
9.542690e-01 
9.542654e-01 
9.542623e-01 
9.542597e-01 
9.542575e-01 
9.542556e-01 
9.542540e-01 
9.542525e-01 
9.542512e-01 
9.542501e-01 
9.542490e-01 
9.542481e-01 
9.542473e-01 
9.542465e-01 
9.542458e-01 
9.542451e-01 
9.542445e-01 
9.542440e-01 
9.542434e-01 
9.542430e-01 
9.542428e-01 
9.542428e-01 
9.542428e-01 
9.542428e-01 
9.542428e-01 
9.542428e-01 
9.542428e-01 
9.542428e-01 
9.542428e-01 
9.542428e-01 
9.542428e-01 
9.542428e-01 
9.542428e-01 
9.542428e-01 
9.542428e-01 
9.542428e-01 
9.542428e-01 
9.542428e-01 
9.542428e-01 
9.542428e-01 
9.542428e-01 
9.542428e-01 
9.542428e-01 
9.542428e-01 
9.542428e-01 
9.542428e-01 
9.542428e-01 
9.542428e-01 
9.542428e-01 
9.542428e-01 
9.542428e-01 
9.542428e-01 
9.542428e-01 
9.542428e-01 
9.542428e-01 
9.542428e-01 
9.542428e-01 
9.542428e-01 
9.542428e-01 
9.542428e-01 
9.542428e-01 
9.542428e-01 
9.542428e-01 
9.542428e-01 
9.542428e-01 
9.542428e-01 
9.542428e-01 
9.542428e-01 
9.542428e-01 
9.542428e-01 
9.542428e-01 
9.542428e-01 
9.542428e-01 
9.542428e-01 
9.542428e-01 
9.542428e-01 
9.542428e-01 
9.542428e-01 
9.542428e-01 
9.542428e-01 
9.542428e-01 
9.542428e-01 
9.542428e-01 
9.415887e-01 
8.442467e-01 
7.192996e-01 
5.749836e-01 
4.077974e-01 
2.031912e-01 
2.764650e-02 
1.169701e-03 
4.121454e-04 
2.331244e-04 
1.468220e-04 
9.905489e-05 
7.023128e-05 
5.173305e-05 
3.929090e-05 
3.060412e-05 
2.435122e-05 
1.973387e-05 
1.624957e-05 
1.357115e-05 
1.147960e-05 
9.825342e-06 
8.505655e-06 
7.451107e-06 
6.587381e-06 
5.771132e-06 
5.101093e-06 
4.554350e-06 
4.090414e-06 
3.687024e-06 
3.348714e-06 
3.342157e-06 
3.342157e-06 
3.342157e-06 
3.342157e-06 
3.342157e-06 
3.342157e-06 
3.342157e-06 
3.342157e-06 
3.342157e-06 
3.342157e-06 
3.342157e-06 
3.342157e-06 
3.342157e-06 
3.342157e-06 
3.342157e-06 
3.342157e-06 
3.342157e-06 
3.342157e-06 
3.342157e-06 
3.342157e-06 
3.342157e-06 
3.342157e-06 
3.342157e-06 
3.342157e-06 
3.342157e-06 
3.342157e-06 
3.342157e-06 
3.342157e-06 
3.342157e-06 
3.342157e-06 
3.342157e-06 
3.342157e-06 
3.342157e-06 
3.342157e-06 
3.342157e-06 
3.342157e-06 
3.342157e-06 
3.342157e-06 
3.342157e-06 
3.342157e-06 
3.342157e-06 
3.342157e-06 
3.342157e-06 
3.342157e-06 
3.342157e-06 
3.342157e-06 
3.342157e-06 
3.342157e-06 
3.342157e-06 
3.342157e-06 
3.342157e-06 
3.342157e-06 
3.342157e-06 
3.342157e-06 
3.342157e-06 
3.342157e-06 
3.342157e-06 
3.342157e-06 
3.342157e-06 
3.342157e-06 
3.342157e-06 
3.342157e-06 
3.342157e-06 
3.453676e-06 
3.683054e-06 
3.942479e-06 
4.237707e-06 
4.575741e-06 
4.965107e-06 
5.416083e-06 
5.941123e-06 
6.556226e-06 
7.283082e-06 
8.150344e-06 
9.196261e-06 
1.047282e-05 
1.205213e-05 
1.403642e-05 
1.657444e-05 
1.988890e-05 
2.432458e-05 
3.043553e-05 
3.914911e-05 
5.207918e-05 
7.209232e-05 
1.040214e-04 
1.538878e-04 
2.227358e-04 
3.022254e-04 
3.847791e-04 
4.681586e-04 
5.492930e-04 
6.182829e-04 
6.441672e-04 
6.441681e-04 
6.441681e-04 
6.441681e-04 
6.441681e-04 
6.441681e-04 
6.441681e-04 
6.441681e-04 
6.441681e-04 
6.441681e-04 
6.441681e-04 
6.441681e-04 
6.441681e-04 
6.441681e-04 
6.441681e-04 
6.441681e-04 
6.441681e-04 
6.441681e-04 
6.441681e-04 
6.441681e-04 
6.441681e-04 
6.441681e-04 
6.441681e-04 
6.441681e-04 
6.441681e-04 
6.441681e-04 
6.441681e-04 
6.441681e-04 
6.441681e-04 
6.441681e-04 
6.441681e-04 
6.441681e-04 
6.441681e-04 
6.441681e-04 
6.441681e-04 
6.441681e-04 
6.441681e-04 
6.441681e-04 
6.441681e-04 
6.441681e-04 
6.441681e-04 
6.441681e-04 
6.441681e-04 
6.441681e-04 
6.441681e-04 
6.441681e-04 
6.441681e-04 
6.441681e-04 
6.441681e-04 
6.441681e-04 
6.441681e-04 
6.441681e-04 
6.441681e-04 
6.441681e-04 
6.441681e-04 
6.441681e-04 
6.441681e-04 
6.441681e-04 
6.441681e-04 
6.441681e-04 
6.441681e-04 
6.441681e-04 
6.441681e-04 
6.533186e-04 
7.160249e-04 
7.882056e-04 
8.694397e-04 
9.155046e-04 
1.025542e-03 
1.162444e-03 
1.327433e-03 
1.527478e-03 
1.772237e-03 
2.075414e-03 
2.456143e-03 
2.941386e-03 
3.569965e-03 
4.399133e-03 
5.515612e-03 
7.054784e-03 
9.235417e-03 
1.242544e-02 
1.727302e-02 
2.498268e-02 
3.792832e-02 
6.104779e-02 
1.046734e-01 
1.864167e-01 
3.154078e-01 
4.681126e-01 
6.187758e-01 
7.573281e-01 
8.763680e-01 
9.542707e-01 
9.543234e-01 
9.543234e-01 
9.543234e-01 
9.543234e-01 
9.543234e-01 
9.543234e-01 
9.543234e-01 
9.543234e-01 
9.543234e-01 
9.543234e-01 
9.543234e-01 
9.543234e-01 
9.543234e-01 
9.543234e-01 
9.543234e-01 
9.543234e-01 
9.543234e-01 
9.543234e-01 
9.543234e-01 
9.543234e-01 
9.543234e-01 
9.543234e-01 
9.543234e-01 
9.543234e-01 
9.543234e-01 
9.543234e-01 
9.543234e-01 
9.543234e-01 
9.543234e-01 
9.543234e-01 
9.543234e-01 
9.543234e-01 
9.543234e-01 
9.543234e-01 
9.543234e-01 
9.543234e-01 
9.543234e-01 
9.543234e-01 
9.543234e-01 
9.543234e-01 
9.543234e-01 
9.543234e-01 
9.543234e-01 
9.543234e-01 
9.543234e-01 
9.543234e-01 
9.543234e-01 
9.543234e-01 
9.543234e-01 
9.543234e-01 
9.543234e-01 
9.543234e-01 
9.543234e-01 
9.543234e-01 
9.543234e-01 
9.543234e-01 
9.543234e-01 
9.543234e-01 
9.543234e-01 
9.543234e-01 
9.543234e-01 
9.543234e-01 
9.543234e-01 
9.543215e-01 
9.543178e-01 
9.543134e-01 
9.543084e-01 
9.543028e-01 
9.542967e-01 
9.542903e-01 
9.542840e-01 
9.542781e-01 
9.542730e-01 
9.542687e-01 
9.542651e-01 
9.542621e-01 
9.542596e-01 
9.542574e-01 
9.542555e-01 
9.542539e-01 
9.542524e-01 
9.542511e-01 
9.542500e-01 
9.542490e-01 
9.542480e-01 
9.542472e-01 
9.542464e-01 
9.542457e-01 
9.542451e-01 
9.542444e-01 
9.542439e-01 
9.542434e-01 
9.542429e-01 
9.542427e-01 
9.542427e-01 
9.542427e-01 
9.542427e-01 
9.542427e-01 
9.542427e-01 
9.542427e-01 
9.542427e-01 
9.542427e-01 
9.542427e-01 
9.542427e-01 
9.542427e-01 
9.542427e-01 
9.542427e-01 
9.542427e-01 
9.542427e-01 
9.542427e-01 
9.542427e-01 
9.542427e-01 
9.542427e-01 
9.542427e-01 
9.542427e-01 
9.542427e-01 
9.542427e-01 
9.542427e-01 
9.542427e-01 
9.542427e-01 
9.542427e-01 
9.542427e-01 
9.542427e-01 
9.542427e-01 
9.542427e-01 
9.542427e-01 
9.542427e-01 
9.542427e-01 
9.542427e-01 
9.542427e-01 
9.542427e-01 
9.542427e-01 
9.542427e-01 
9.542427e-01 
9.542427e-01 
9.542427e-01 
9.542427e-01 
9.542427e-01 
9.542427e-01 
9.542427e-01 
9.542427e-01 
9.542427e-01 
9.542427e-01 
9.542427e-01 
9.542427e-01 
9.542427e-01 
9.542427e-01 
9.542427e-01 
9.542427e-01 
9.542427e-01 
9.542427e-01 
9.542427e-01 
9.542427e-01 
9.542427e-01 
9.542427e-01 
9.542427e-01 
9.361451e-01 
8.364290e-01 
7.100177e-01 
5.643822e-01 
3.951189e-01 
1.877214e-01 
2.201842e-02 
9.149997e-04 
3.426917e-04 
1.955924e-04 
1.238287e-04 
8.385679e-05 
5.964153e-05 
4.406314e-05 
3.357310e-05 
2.625159e-05 
2.099390e-05 
1.713382e-05 
1.425603e-05 
1.209859e-05 
1.050356e-05 
9.402329e-06 
8.849817e-06 
9.193795e-06 
1.142531e-05 
1.493419e-05 
1.700798e-05 
1.813581e-05 
1.890267e-05 
1.956082e-05 
2.013928e-05 
2.017516e-05 
2.017516e-05 
2.017516e-05 
2.017516e-05 
2.017516e-05 
2.017516e-05 
2.017516e-05 
2.017516e-05 
2.017516e-05 
2.017516e-05 
2.017516e-05 
2.017516e-05 
2.017516e-05 
2.017516e-05 
2.017516e-05 
2.017516e-05 
2.017516e-05 
2.017516e-05 
2.017516e-05 
2.017516e-05 
2.017516e-05 
2.017516e-05 
2.017516e-05 
2.017516e-05 
2.017516e-05 
2.017516e-05 
2.017516e-05 
2.017516e-05 
2.017516e-05 
2.017516e-05 
2.017516e-05 
2.017516e-05 
2.017516e-05 
2.017516e-05 
2.017516e-05 
2.017516e-05 
2.017516e-05 
2.017516e-05 
2.017516e-05 
2.017516e-05 
2.017516e-05 
2.017516e-05 
2.017516e-05 
2.017516e-05 
2.017516e-05 
2.017516e-05 
2.017516e-05 
2.017516e-05 
2.017516e-05 
2.017516e-05 
2.017516e-05 
2.017516e-05 
2.017516e-05 
2.017516e-05 
2.017516e-05 
2.017516e-05 
2.017516e-05 
2.017516e-05 
2.017516e-05 
2.017516e-05 
2.017516e-05 
2.017516e-05 
2.017516e-05 
2.030459e-05 
2.054618e-05 
2.082095e-05 
2.112499e-05 
2.145374e-05 
2.180253e-05 
2.216426e-05 
2.252124e-05 
2.287589e-05 
2.324459e-05 
2.363118e-05 
2.403283e-05 
2.444147e-05 
2.484139e-05 
2.520421e-05 
2.547979e-05 
2.557968e-05 
2.534643e-05 
2.449477e-05 
2.249596e-05 
1.834650e-05 
1.011598e-05 
-5.812912e-06 
-3.528819e-05 
-8.401430e-05 
-1.511046e-04 
-2.303976e-04 
-3.198749e-04 
-4.219208e-04 
-5.329987e-04 
-5.792605e-04 
-5.792612e-04 
-5.792612e-04 
-5.792612e-04 
-5.792612e-04 
-5.792612e-04 
-5.792612e-04 
-5.792612e-04 
-5.792612e-04 
-5.792612e-04 
-5.792612e-04 
-5.792612e-04 
-5.792612e-04 
-5.792612e-04 
-5.792612e-04 
-5.792612e-04 
-5.792612e-04 
-5.792612e-04 
-5.792612e-04 
-5.792612e-04 
-5.792612e-04 
-5.792612e-04 
-5.792612e-04 
-5.792612e-04 
-5.792612e-04 
-5.792612e-04 
-5.792612e-04 
-5.792612e-04 
-5.792612e-04 
-5.792612e-04 
-5.792612e-04 
-5.792612e-04 
-5.792612e-04 
-5.792612e-04 
-5.792612e-04 
-5.792612e-04 
-5.792612e-04 
-5.792612e-04 
-5.792612e-04 
-5.792612e-04 
-5.792612e-04 
-5.792612e-04 
-5.792612e-04 
-5.792612e-04 
-5.792612e-04 
-5.792612e-04 
-5.792612e-04 
-5.792612e-04 
-5.792612e-04 
-5.792612e-04 
-5.792612e-04 
-5.792612e-04 
-5.792612e-04 
-5.792612e-04 
-5.792612e-04 
-5.792612e-04 
-5.792612e-04 
-5.792612e-04 
-5.792612e-04 
-5.792612e-04 
-5.792612e-04 
-5.792612e-04 
-5.792612e-04 
-5.912307e-04 
-6.504678e-04 
-7.194265e-04 
-8.001062e-04 
-8.952132e-04 
-1.008236e-03 
-1.143609e-03 
-1.306822e-03 
-1.504875e-03 
-1.747517e-03 
-2.048524e-03 
-2.427128e-03 
-2.910490e-03 
-3.537808e-03 
-4.367047e-03 
-5.486263e-03 
-7.033372e-03 
-9.232071e-03 
-1.246023e-02 
-1.738691e-02 
-2.526293e-02 
-3.857017e-02 
-6.250508e-02 
-1.079546e-01 
-1.930106e-01 
-3.250612e-01 
-4.785188e-01 
-6.286732e-01 
-7.661901e-01 
-8.835087e-01 
-9.543129e-01 
-9.543232e-01 
-9.543232e-01 
-9.543232e-01 
-9.543232e-01 
-9.543232e-01 
-9.543232e-01 
-9.543232e-01 
-9.543232e-01 
-9.543232e-01 
-9.543232e-01 
-9.543232e-01 
-9.543232e-01 
-9.543232e-01 
-9.543232e-01 
-9.543232e-01 
-9.543232e-01 
-9.543232e-01 
-9.543232e-01 
-9.543232e-01 
-9.543232e-01 
-9.543232e-01 
-9.543232e-01 
-9.543232e-01 
-9.543232e-01 
-9.543232e-01 
-9.543232e-01 
-9.543232e-01 
-9.543232e-01 
-9.543232e-01 
-9.543232e-01 
-9.543232e-01 
-9.543232e-01 
-9.543232e-01 
-9.543232e-01 
-9.543232e-01 
-9.543232e-01 
-9.543232e-01 
-9.543232e-01 
-9.543232e-01 
-9.543232e-01 
-9.543232e-01 
-9.543232e-01 
-9.543232e-01 
-9.543232e-01 
-9.543232e-01 
-9.543232e-01 
-9.543232e-01 
-9.543232e-01 
-9.543232e-01 
-9.543232e-01 
-9.543232e-01 
-9.543232e-01 
-9.543232e-01 
-9.543232e-01 
-9.543232e-01 
-9.543232e-01 
-9.543232e-01 
-9.543232e-01 
-9.543232e-01 
-9.543232e-01 
-9.543232e-01 
-9.543232e-01 
-9.543232e-01 
-9.543207e-01 
-9.543163e-01 
-9.543109e-01 
-9.543044e-01 
-9.542959e-01 
-9.542841e-01 
-9.542739e-01 
-9.542693e-01 
-9.542659e-01 
-9.542631e-01 
-9.542606e-01 
-9.542584e-01 
-9.542566e-01 
-9.542549e-01 
-9.542534e-01 
-9.542521e-01 
-9.542509e-01 
-9.542498e-01 
-9.542488e-01 
-9.542479e-01 
-9.542471e-01 
-9.542464e-01 
-9.542457e-01 
-9.542450e-01 
-9.542444e-01 
-9.542439e-01 
-9.542434e-01 
-9.542429e-01 
-9.542424e-01 
-9.542420e-01 
-9.542419e-01 
-9.542419e-01 
-9.542419e-01 
-9.542419e-01 
-9.542419e-01 
-9.542419e-01 
-9.542419e-01 
-9.542419e-01 
-9.542419e-01 
-9.542419e-01 
-9.542419e-01 
-9.542419e-01 
-9.542419e-01 
-9.542419e-01 
-9.542419e-01 
-9.542419e-01 
-9.542419e-01 
-9.542419e-01 
-9.542419e-01 
-9.542419e-01 
-9.542419e-01 
-9.542419e-01 
-9.542419e-01 
-9.542419e-01 
-9.542419e-01 
-9.542419e-01 
-9.542419e-01 
-9.542419e-01 
-9.542419e-01 
-9.542419e-01 
-9.542419e-01 
-9.542419e-01 
-9.542419e-01 
-9.542419e-01 
-9.542419e-01 
-9.542419e-01 
-9.542419e-01 
-9.542419e-01 
-9.542419e-01 
-9.542419e-01 
-9.542419e-01 
-9.542419e-01 
-9.542419e-01 
-9.542419e-01 
-9.542419e-01 
-9.542419e-01 
-9.542419e-01 
-9.542419e-01 
-9.542419e-01 
-9.542419e-01 
-9.542419e-01 
-9.542419e-01 
-9.542419e-01 
-9.542419e-01 
-9.542419e-01 
-9.542419e-01 
-9.542419e-01 
-9.542419e-01 
-9.542419e-01 
-9.542419e-01 
-9.542419e-01 
-9.542419e-01 
-9.542419e-01 
-9.304867e-01 
-8.284817e-01 
-7.006032e-01 
-5.534479e-01 
-3.812406e-01 
-1.682862e-01 
-1.301084e-02 
7.768725e-04 
4.271201e-04 
2.464158e-04 
1.569583e-04 
1.067223e-04 
7.609540e-05 
5.628059e-05 
4.286035e-05 
3.342897e-05 
2.659180e-05 
2.149794e-05 
1.760382e-05 
1.454468e-05 
1.205697e-05 
9.918727e-06 
7.868380e-06 
5.392682e-06 
1.295098e-06 
-3.792883e-06 
-7.080846e-06 
-9.242979e-06 
-1.091063e-05 
-1.236007e-05 
-1.350883e-05 
-1.352330e-05 
-1.352330e-05 
-1.352330e-05 
-1.352330e-05 
-1.352330e-05 
-1.352330e-05 
-1.352330e-05 
-1.352330e-05 
-1.352330e-05 
-1.352330e-05 
-1.352330e-05 
-1.352330e-05 
-1.352330e-05 
-1.352330e-05 
-1.352330e-05 
-1.352330e-05 
-1.352330e-05 
-1.352330e-05 
-1.352330e-05 
-1.352330e-05 
-1.352330e-05 
-1.352330e-05 
-1.352330e-05 
-1.352330e-05 
-1.352330e-05 
-1.352330e-05 
-1.352330e-05 
-1.352330e-05 
-1.352330e-05 
-1.352330e-05 
-1.352330e-05 
-1.352330e-05 
-1.352330e-05 
-1.352330e-05 
-1.352330e-05 
-1.352330e-05 
-1.352330e-05 
-1.352330e-05 
-1.352330e-05 
-1.352330e-05 
-1.352330e-05 
-1.352330e-05 
-1.352330e-05 
-1.352330e-05 
-1.352330e-05 
-1.352330e-05 
-1.352330e-05 
-1.352330e-05 
-1.352330e-05 
-1.352330e-05 
-1.352330e-05 
-1.352330e-05 
-1.352330e-05 
-1.352330e-05 
-1.352330e-05 
-1.352330e-05 
-1.352330e-05 
-1.352330e-05 
-1.352330e-05 
-1.352330e-05 
-1.352330e-05 
-1.352330e-05 
-1.352330e-05 
-1.338766e-05 
-1.316906e-05 
-1.292259e-05 
-1.263283e-05 
-1.228115e-05 
-1.184595e-05 
-1.129918e-05 
-1.059830e-05 
-9.716465e-06 
-8.627028e-06 
-7.277801e-06 
-5.592857e-06 
-3.466893e-06 
-7.532533e-07 
2.754471e-06 
7.349663e-06 
1.345157e-05 
2.165652e-05 
3.279219e-05 
4.793669e-05 
6.831060e-05 
9.492827e-05 
1.280972e-04 
1.672932e-04 
2.118496e-04 
2.620136e-04 
3.196431e-04 
3.881935e-04 
4.708293e-04 
5.625647e-04 
5.946782e-04 
5.946784e-04 
5.946784e-04 
5.946784e-04 
5.946784e-04 
5.946784e-04 
5.946784e-04 
5.946784e-04 
5.946784e-04 
5.946784e-04 
5.946784e-04 
5.946784e-04 
5.946784e-04 
5.946784e-04 
5.946784e-04 
5.946784e-04 
5.946784e-04 
5.946784e-04 
5.946784e-04 
5.946784e-04 
5.946784e-04 
5.946784e-04 
5.946784e-04 
5.946784e-04 
5.946784e-04 
5.946784e-04 
5.946784e-04 
5.946784e-04 
5.946784e-04 
5.946784e-04 
5.946784e-04 
5.946784e-04 
5.946784e-04 
5.946784e-04 
5.946784e-04 
5.946784e-04 
5.946784e-04 
5.946784e-04 
5.946784e-04 
5.946784e-04 
5.946784e-04 
5.946784e-04 
5.946784e-04 
5.946784e-04 
5.946784e-04 
5.946784e-04 
5.946784e-04 
5.946784e-04 
5.946784e-04 
5.946784e-04 
5.946784e-04 
5.946784e-04 
5.946784e-04 
5.946784e-04 
5.946784e-04 
5.946784e-04 
5.946784e-04 
5.946784e-04 
5.946784e-04 
5.946784e-04 
5.946784e-04 
5.946784e-04 
5.946784e-04 
6.107952e-04 
6.721743e-04 
7.435774e-04 
8.271348e-04 
9.256688e-04 
1.042820e-03 
1.183211e-03 
1.352539e-03 
1.558051e-03 
1.809885e-03 
2.122395e-03 
2.515610e-03 
3.017834e-03 
3.669946e-03 
4.532445e-03 
5.697329e-03 
7.308850e-03 
9.601313e-03 
1.297112e-02 
1.812143e-02 
2.636921e-02 
4.033108e-02 
6.547914e-02 
1.131594e-01 
2.014510e-01 
3.356606e-01 
4.891732e-01 
6.385767e-01 
7.749733e-01 
8.904967e-01 
9.543214e-01 
9.543234e-01 
9.543234e-01 
9.543234e-01 
9.543234e-01 
9.543234e-01 
9.543234e-01 
9.543234e-01 
9.543234e-01 
9.543234e-01 
9.543234e-01 
9.543234e-01 
9.543234e-01 
9.543234e-01 
9.543234e-01 
9.543234e-01 
9.543234e-01 
9.543234e-01 
9.543234e-01 
9.543234e-01 
9.543234e-01 
9.543234e-01 
9.543234e-01 
9.543234e-01 
9.543234e-01 
9.543234e-01 
9.543234e-01 
9.543234e-01 
9.543234e-01 
9.543234e-01 
9.543234e-01 
9.543234e-01 
9.543234e-01 
9.543234e-01 
9.543234e-01 
9.543234e-01 
9.543234e-01 
9.543234e-01 
9.543234e-01 
9.543234e-01 
9.543234e-01 
9.543234e-01 
9.543234e-01 
9.543234e-01 
9.543234e-01 
9.543234e-01 
9.543234e-01 
9.543234e-01 
9.543234e-01 
9.543234e-01 
9.543234e-01 
9.543234e-01 
9.543234e-01 
9.543234e-01 
9.543234e-01 
9.543234e-01 
9.543234e-01 
9.543234e-01 
9.543234e-01 
9.543234e-01 
9.543234e-01 
9.543234e-01 
9.543234e-01 
9.543234e-01 
9.543211e-01 
9.543173e-01 
9.543128e-01 
9.543076e-01 
9.543020e-01 
9.542959e-01 
9.542895e-01 
9.542832e-01 
9.542774e-01 
9.542724e-01 
9.542682e-01 
9.542647e-01 
9.542617e-01 
9.542593e-01 
9.542571e-01 
9.542553e-01 
9.542537e-01 
9.542522e-01 
9.542510e-01 
9.542499e-01 
9.542488e-01 
9.542479e-01 
9.542471e-01 
9.542463e-01 
9.542456e-01 
9.542450e-01 
9.542444e-01 
9.542439e-01 
9.542433e-01 
9.542429e-01 
9.542428e-01 
9.542428e-01 
9.542428e-01 
9.542428e-01 
9.542428e-01 
9.542428e-01 
9.542428e-01 
9.542428e-01 
9.542428e-01 
9.542428e-01 
9.542428e-01 
9.542428e-01 
9.542428e-01 
9.542428e-01 
9.542428e-01 
9.542428e-01 
9.542428e-01 
9.542428e-01 
9.542428e-01 
9.542428e-01 
9.542428e-01 
9.542428e-01 
9.542428e-01 
9.542428e-01 
9.542428e-01 
9.542428e-01 
9.542428e-01 
9.542428e-01 
9.542428e-01 
9.542428e-01 
9.542428e-01 
9.542428e-01 
9.542428e-01 
9.542428e-01 
9.542428e-01 
9.542428e-01 
9.542428e-01 
9.542428e-01 
9.542428e-01 
9.542428e-01 
9.542428e-01 
9.542428e-01 
9.542428e-01 
9.542428e-01 
9.542428e-01 
9.542428e-01 
9.542428e-01 
9.542428e-01 
9.542428e-01 
9.542428e-01 
9.542428e-01 
9.542428e-01 
9.542428e-01 
9.542428e-01 
9.542428e-01 
9.542428e-01 
9.542428e-01 
9.542428e-01 
9.542428e-01 
9.542428e-01 
9.542428e-01 
9.542428e-01 
9.542428e-01 
9.246338e-01 
8.204368e-01 
6.912074e-01 
5.429037e-01 
3.693703e-01 
1.577239e-01 
1.421329e-02 
8.256157e-04 
3.622147e-04 
2.105859e-04 
1.348101e-04 
9.199739e-05 
6.579323e-05 
4.879650e-05 
3.726870e-05 
2.916582e-05 
2.330050e-05 
1.894890e-05 
1.565201e-05 
1.310917e-05 
1.111817e-05 
9.540701e-06 
8.282291e-06 
7.278614e-06 
6.431304e-06 
5.616934e-06 
4.970018e-06 
4.438992e-06 
3.986702e-06 
3.591424e-06 
3.321089e-06 
3.320786e-06 
3.320786e-06 
3.320786e-06 
3.320786e-06 
3.320786e-06 
3.320786e-06 
3.320786e-06 
3.320786e-06 
3.320786e-06 
3.320786e-06 
3.320786e-06 
3.320786e-06 
3.320786e-06 
3.320786e-06 
3.320786e-06 
3.320786e-06 
3.320786e-06 
3.320786e-06 
3.320786e-06 
3.320786e-06 
3.320786e-06 
3.320786e-06 
3.320786e-06 
3.320786e-06 
3.320786e-06 
3.320786e-06 
3.320786e-06 
3.320786e-06 
3.320786e-06 
3.320786e-06 
3.320786e-06 
3.320786e-06 
3.320786e-06 
3.320786e-06 
3.320786e-06 
3.320786e-06 
3.320786e-06 
3.320786e-06 
3.320786e-06 
3.320786e-06 
3.320786e-06 
3.320786e-06 
3.320786e-06 
3.320786e-06 
3.320786e-06 
3.320786e-06 
3.320786e-06 
3.320786e-06 
3.320786e-06 
3.320786e-06 
3.320786e-06 
3.320786e-06 
3.320786e-06 
3.320786e-06 
3.320786e-06 
3.320786e-06 
3.320786e-06 
3.320786e-06 
3.320786e-06 
3.320786e-06 
3.320786e-06 
3.320786e-06 
3.320786e-06 
3.476151e-06 
3.709771e-06 
3.974347e-06 
4.275803e-06 
4.621382e-06 
5.019860e-06 
5.481962e-06 
6.020957e-06 
6.653687e-06 
7.402894e-06 
8.298815e-06 
9.381964e-06 
1.070764e-05 
1.235286e-05 
1.442743e-05 
1.709196e-05 
2.058859e-05 
2.529499e-05 
3.182324e-05 
4.120699e-05 
5.525852e-05 
7.719581e-05 
1.122907e-04 
1.662989e-04 
2.382712e-04 
3.188892e-04 
4.017843e-04 
4.851530e-04 
5.649004e-04 
6.295244e-04 
6.441669e-04 
6.441670e-04 
6.441670e-04 
6.441670e-04 
6.441670e-04 
6.441670e-04 
6.441670e-04 
6.441670e-04 
6.441670e-04 
6.441670e-04 
6.441670e-04 
6.441670e-04 
6.441670e-04 
6.441670e-04 
6.441670e-04 
6.441670e-04 
6.441670e-04 
6.441670e-04 
6.441670e-04 
6.441670e-04 
6.441670e-04 
6.441670e-04 
6.441670e-04 
6.441670e-04 
6.441670e-04 
6.441670e-04 
6.441670e-04 
6.441670e-04 
6.441670e-04 
6.441670e-04 
6.441670e-04 
6.441670e-04 
6.441670e-04 
6.441670e-04 
6.441670e-04 
6.441670e-04 
6.441670e-04 
6.441670e-04 
6.441670e-04 
6.441670e-04 
6.441670e-04 
6.441670e-04 
6.441670e-04 
6.441670e-04 
6.441670e-04 
6.441670e-04 
6.441670e-04 
6.441670e-04 
6.441670e-04 
6.441670e-04 
6.441670e-04 
6.441670e-04 
6.441670e-04 
6.441670e-04 
6.441670e-04 
6.441670e-04 
6.441670e-04 
6.441670e-04 
6.441670e-04 
6.441670e-04 
6.441670e-04 
6.441670e-04 
6.441670e-04 
6.653647e-04 
7.300307e-04 
8.042455e-04 
8.851575e-04 
9.338915e-04 
1.051621e-03 
1.193796e-03 
1.365343e-03 
1.573657e-03 
1.829129e-03 
2.146442e-03 
2.546095e-03 
3.057090e-03 
3.721383e-03 
4.601176e-03 
5.791242e-03 
7.440524e-03 
9.791570e-03 
1.325597e-02 
1.856640e-02 
2.710047e-02 
4.160640e-02 
6.784499e-02 
1.176886e-01 
2.093207e-01 
3.459200e-01 
4.996673e-01 
6.483870e-01 
7.836552e-01 
8.973230e-01 
9.543230e-01 
9.543234e-01 
9.543234e-01 
9.543234e-01 
9.543234e-01 
9.543234e-01 
9.543234e-01 
9.543234e-01 
9.543234e-01 
9.543234e-01 
9.543234e-01 
9.543234e-01 
9.543234e-01 
9.543234e-01 
9.543234e-01 
9.543234e-01 
9.543234e-01 
9.543234e-01 
9.543234e-01 
9.543234e-01 
9.543234e-01 
9.543234e-01 
9.543234e-01 
9.543234e-01 
9.543234e-01 
9.543234e-01 
9.543234e-01 
9.543234e-01 
9.543234e-01 
9.543234e-01 
9.543234e-01 
9.543234e-01 
9.543234e-01 
9.543234e-01 
9.543234e-01 
9.543234e-01 
9.543234e-01 
9.543234e-01 
9.543234e-01 
9.543234e-01 
9.543234e-01 
9.543234e-01 
9.543234e-01 
9.543234e-01 
9.543234e-01 
9.543234e-01 
9.543234e-01 
9.543234e-01 
9.543234e-01 
9.543234e-01 
9.543234e-01 
9.543234e-01 
9.543234e-01 
9.543234e-01 
9.543234e-01 
9.543234e-01 
9.543234e-01 
9.543234e-01 
9.543234e-01 
9.543234e-01 
9.543234e-01 
9.543234e-01 
9.543234e-01 
9.543234e-01 
9.543208e-01 
9.543170e-01 
9.543124e-01 
9.543073e-01 
9.543016e-01 
9.542954e-01 
9.542890e-01 
9.542828e-01 
9.542770e-01 
9.542721e-01 
9.542679e-01 
9.542645e-01 
9.542616e-01 
9.542591e-01 
9.542570e-01 
9.542552e-01 
9.542536e-01 
9.542522e-01 
9.542509e-01 
9.542498e-01 
9.542488e-01 
9.542479e-01 
9.542470e-01 
9.542463e-01 
9.542456e-01 
9.542449e-01 
9.542444e-01 
9.542438e-01 
9.542433e-01 
9.542428e-01 
9.542428e-01 
9.542428e-01 
9.542428e-01 
9.542428e-01 
9.542428e-01 
9.542428e-01 
9.542428e-01 
9.542428e-01 
9.542428e-01 
9.542428e-01 
9.542428e-01 
9.542428e-01 
9.542428e-01 
9.542428e-01 
9.542428e-01 
9.542428e-01 
9.542428e-01 
9.542428e-01 
9.542428e-01 
9.542428e-01 
9.542428e-01 
9.542428e-01 
9.542428e-01 
9.542428e-01 
9.542428e-01 
9.542428e-01 
9.542428e-01 
9.542428e-01 
9.542428e-01 
9.542428e-01 
9.542428e-01 
9.542428e-01 
9.542428e-01 
9.542428e-01 
9.542428e-01 
9.542428e-01 
9.542428e-01 
9.542428e-01 
9.542428e-01 
9.542428e-01 
9.542428e-01 
9.542428e-01 
9.542428e-01 
9.542428e-01 
9.542428e-01 
9.542428e-01 
9.542428e-01 
9.542428e-01 
9.542428e-01 
9.542428e-01 
9.542428e-01 
9.542428e-01 
9.542428e-01 
9.542428e-01 
9.542428e-01 
9.542428e-01 
9.542428e-01 
9.542428e-01 
9.542428e-01 
9.542428e-01 
9.542428e-01 
9.542428e-01 
9.542428e-01 
9.185900e-01 
8.122690e-01 
6.816737e-01 
5.319913e-01 
3.561636e-01 
1.428887e-01 
1.122908e-02 
7.551627e-04 
3.474890e-04 
2.037039e-04 
1.310733e-04 
8.977147e-05 
6.437748e-05 
4.785008e-05 
3.661048e-05 
2.869288e-05 
2.295117e-05 
1.868462e-05 
1.544775e-05 
1.294814e-05 
1.098876e-05 
9.434601e-06 
8.193234e-06 
7.201220e-06 
6.360439e-06 
5.571373e-06 
4.941660e-06 
4.420317e-06 
3.974841e-06 
3.585074e-06 
3.342227e-06 
3.342157e-06 
3.342157e-06 
3.342157e-06 
3.342157e-06 
3.342157e-06 
3.342157e-06 
3.342157e-06 
3.342157e-06 
3.342157e-06 
3.342157e-06 
3.342157e-06 
3.342157e-06 
3.342157e-06 
3.342157e-06 
3.342157e-06 
3.342157e-06 
3.342157e-06 
3.342157e-06 
3.342157e-06 
3.342157e-06 
3.342157e-06 
3.342157e-06 
3.342157e-06 
3.342157e-06 
3.342157e-06 
3.342157e-06 
3.342157e-06 
3.342157e-06 
3.342157e-06 
3.342157e-06 
3.342157e-06 
3.342157e-06 
3.342157e-06 
3.342157e-06 
3.342157e-06 
3.342157e-06 
3.342157e-06 
3.342157e-06 
3.342157e-06 
3.342157e-06 
3.342157e-06 
3.342157e-06 
3.342157e-06 
3.342157e-06 
3.342157e-06 
3.342157e-06 
3.342157e-06 
3.342157e-06 
3.342157e-06 
3.342157e-06 
3.342157e-06 
3.342157e-06 
3.342157e-06 
3.342157e-06 
3.342157e-06 
3.342157e-06 
3.342157e-06 
3.342157e-06 
3.342157e-06 
3.342157e-06 
3.342157e-06 
3.342157e-06 
3.342157e-06 
3.513722e-06 
3.750797e-06 
4.019400e-06 
4.325577e-06 
4.676736e-06 
5.081847e-06 
5.551740e-06 
6.099605e-06 
6.742856e-06 
7.504922e-06 
8.416757e-06 
9.519882e-06 
1.087103e-05 
1.254935e-05 
1.466782e-05 
1.739203e-05 
2.097210e-05 
2.579906e-05 
3.250815e-05 
4.217462e-05 
5.668603e-05 
7.938490e-05 
1.156624e-04 
1.710517e-04 
2.438587e-04 
3.246543e-04 
4.075548e-04 
4.908334e-04 
5.699853e-04 
6.329927e-04 
6.441681e-04 
6.441681e-04 
6.441681e-04 
6.441681e-04 
6.441681e-04 
6.441681e-04 
6.441681e-04 
6.441681e-04 
6.441681e-04 
6.441681e-04 
6.441681e-04 
6.441681e-04 
6.441681e-04 
6.441681e-04 
6.441681e-04 
6.441681e-04 
6.441681e-04 
6.441681e-04 
6.441681e-04 
6.441681e-04 
6.441681e-04 
6.441681e-04 
6.441681e-04 
6.441681e-04 
6.441681e-04 
6.441681e-04 
6.441681e-04 
6.441681e-04 
6.441681e-04 
6.441681e-04 
6.441681e-04 
6.441681e-04 
6.441681e-04 
6.441681e-04 
6.441681e-04 
6.441681e-04 
6.441681e-04 
6.441681e-04 
6.441681e-04 
6.441681e-04 
6.441681e-04 
6.441681e-04 
6.441681e-04 
6.441681e-04 
6.441681e-04 
6.441681e-04 
6.441681e-04 
6.441681e-04 
6.441681e-04 
6.441681e-04 
6.441681e-04 
6.441681e-04 
6.441681e-04 
6.441681e-04 
6.441681e-04 
6.441681e-04 
6.441681e-04 
6.441681e-04 
6.441681e-04 
6.441681e-04 
6.441681e-04 
6.441681e-04 
6.441681e-04 
6.695058e-04 
7.347900e-04 
8.096852e-04 
8.891018e-04 
9.409256e-04 
1.060531e-03 
1.204517e-03 
1.378318e-03 
1.589483e-03 
1.848660e-03 
2.170872e-03 
2.577096e-03 
3.097056e-03 
3.773815e-03 
4.671336e-03 
5.887267e-03 
7.575416e-03 
9.986916e-03 
1.354923e-02 
1.902595e-02 
2.785858e-02 
4.293423e-02 
7.031757e-02 
1.224174e-01 
2.174193e-01 
3.562527e-01 
5.101322e-01 
6.581347e-01 
7.922390e-01 
9.039829e-01 
9.543233e-01 
9.543234e-01 
9.543234e-01 
9.543234e-01 
9.543234e-01 
9.543234e-01 
9.543234e-01 
9.543234e-01 
9.543234e-01 
9.543234e-01 
9.543234e-01 
9.543234e-01 
9.543234e-01 
9.543234e-01 
9.543234e-01 
9.543234e-01 
9.543234e-01 
9.543234e-01 
9.543234e-01 
9.543234e-01 
9.543234e-01 
9.543234e-01 
9.543234e-01 
9.543234e-01 
9.543234e-01 
9.543234e-01 
9.543234e-01 
9.543234e-01 
9.543234e-01 
9.543234e-01 
9.543234e-01 
9.543234e-01 
9.543234e-01 
9.543234e-01 
9.543234e-01 
9.543234e-01 
9.543234e-01 
9.543234e-01 
9.543234e-01 
9.543234e-01 
9.543234e-01 
9.543234e-01 
9.543234e-01 
9.543234e-01 
9.543234e-01 
9.543234e-01 
9.543234e-01 
9.543234e-01 
9.543234e-01 
9.543234e-01 
9.543234e-01 
9.543234e-01 
9.543234e-01 
9.543234e-01 
9.543234e-01 
9.543234e-01 
9.543234e-01 
9.543234e-01 
9.543234e-01 
9.543234e-01 
9.543234e-01 
9.543234e-01 
9.543234e-01 
9.543234e-01 
9.543206e-01 
9.543167e-01 
9.543121e-01 
9.543069e-01 
9.543012e-01 
9.542950e-01 
9.542886e-01 
9.542823e-01 
9.542767e-01 
9.542718e-01 
9.542677e-01 
9.542642e-01 
9.542614e-01 
9.542589e-01 
9.542569e-01 
9.542550e-01 
9.542535e-01 
9.542521e-01 
9.542508e-01 
9.542497e-01 
9.542487e-01 
9.542478e-01 
9.542470e-01 
9.542462e-01 
9.542455e-01 
9.542449e-01 
9.542443e-01 
9.542437e-01 
9.542432e-01 
9.542428e-01 
9.542427e-01 
9.542427e-01 
9.542427e-01 
9.542427e-01 
9.542427e-01 
9.542427e-01 
9.542427e-01 
9.542427e-01 
9.542427e-01 
9.542427e-01 
9.542427e-01 
9.542427e-01 
9.542427e-01 
9.542427e-01 
9.542427e-01 
9.542427e-01 
9.542427e-01 
9.542427e-01 
9.542427e-01 
9.542427e-01 
9.542427e-01 
9.542427e-01 
9.542427e-01 
9.542427e-01 
9.542427e-01 
9.542427e-01 
9.542427e-01 
9.542427e-01 
9.542427e-01 
9.542427e-01 
9.542427e-01 
9.542427e-01 
9.542427e-01 
9.542427e-01 
9.542427e-01 
9.542427e-01 
9.542427e-01 
9.542427e-01 
9.542427e-01 
9.542427e-01 
9.542427e-01 
9.542427e-01 
9.542427e-01 
9.542427e-01 
9.542427e-01 
9.542427e-01 
9.542427e-01 
9.542427e-01 
9.542427e-01 
9.542427e-01 
9.542427e-01 
9.542427e-01 
9.542427e-01 
9.542427e-01 
9.542427e-01 
9.542427e-01 
9.542427e-01 
9.542427e-01 
9.542427e-01 
9.542427e-01 
9.542427e-01 
9.542427e-01 
9.542427e-01 
9.123632e-01 
8.039911e-01 
6.720508e-01 
5.209413e-01 
3.426561e-01 
1.280697e-01 
8.593984e-03 
6.109040e-04 
2.898594e-04 
1.711905e-04 
1.106711e-04 
7.606567e-05 
5.471469e-05 
4.078998e-05 
3.131314e-05 
2.464261e-05 
1.982034e-05 
1.626243e-05 
1.360270e-05 
1.161102e-05 
1.015387e-05 
9.189865e-06 
8.827253e-06 
9.561832e-06 
1.242193e-05 
1.564851e-05 
1.737770e-05 
1.836592e-05 
1.908938e-05 
1.972278e-05 
2.017516e-05 
2.017516e-05 
2.017516e-05 
2.017516e-05 
2.017516e-05 
2.017516e-05 
2.017516e-05 
2.017516e-05 
2.017516e-05 
2.017516e-05 
2.017516e-05 
2.017516e-05 
2.017516e-05 
2.017516e-05 
2.017516e-05 
2.017516e-05 
2.017516e-05 
2.017516e-05 
2.017516e-05 
2.017516e-05 
2.017516e-05 
2.017516e-05 
2.017516e-05 
2.017516e-05 
2.017516e-05 
2.017516e-05 
2.017516e-05 
2.017516e-05 
2.017516e-05 
2.017516e-05 
2.017516e-05 
2.017516e-05 
2.017516e-05 
2.017516e-05 
2.017516e-05 
2.017516e-05 
2.017516e-05 
2.017516e-05 
2.017516e-05 
2.017516e-05 
2.017516e-05 
2.017516e-05 
2.017516e-05 
2.017516e-05 
2.017516e-05 
2.017516e-05 
2.017516e-05 
2.017516e-05 
2.017516e-05 
2.017516e-05 
2.017516e-05 
2.017516e-05 
2.017516e-05 
2.017516e-05 
2.017516e-05 
2.017516e-05 
2.017516e-05 
2.017516e-05 
2.017516e-05 
2.017516e-05 
2.017516e-05 
2.017516e-05 
2.017516e-05 
2.017566e-05 
2.036713e-05 
2.061820e-05 
2.090137e-05 
2.121265e-05 
2.154733e-05 
2.190073e-05 
2.226306e-05 
2.261756e-05 
2.297499e-05 
2.334858e-05 
2.373977e-05 
2.414439e-05 
2.455263e-05 
2.494593e-05 
2.529110e-05 
2.552960e-05 
2.555802e-05 
2.519147e-05 
2.409306e-05 
2.163415e-05 
1.661519e-05 
6.731187e-06 
-1.224008e-05 
-4.656934e-05 
-1.007884e-04 
-1.717900e-04 
-2.537882e-04 
-3.464449e-04 
-4.519837e-04 
-5.619919e-04 
-5.792612e-04 
-5.792612e-04 
-5.792612e-04 
-5.792612e-04 
-5.792612e-04 
-5.792612e-04 
-5.792612e-04 
-5.792612e-04 
-5.792612e-04 
-5.792612e-04 
-5.792612e-04 
-5.792612e-04 
-5.792612e-04 
-5.792612e-04 
-5.792612e-04 
-5.792612e-04 
-5.792612e-04 
-5.792612e-04 
-5.792612e-04 
-5.792612e-04 
-5.792612e-04 
-5.792612e-04 
-5.792612e-04 
-5.792612e-04 
-5.792612e-04 
-5.792612e-04 
-5.792612e-04 
-5.792612e-04 
-5.792612e-04 
-5.792612e-04 
-5.792612e-04 
-5.792612e-04 
-5.792612e-04 
-5.792612e-04 
-5.792612e-04 
-5.792612e-04 
-5.792612e-04 
-5.792612e-04 
-5.792612e-04 
-5.792612e-04 
-5.792612e-04 
-5.792612e-04 
-5.792612e-04 
-5.792612e-04 
-5.792612e-04 
-5.792612e-04 
-5.792612e-04 
-5.792612e-04 
-5.792612e-04 
-5.792612e-04 
-5.792612e-04 
-5.792612e-04 
-5.792612e-04 
-5.792612e-04 
-5.792612e-04 
-5.792612e-04 
-5.792612e-04 
-5.792612e-04 
-5.792612e-04 
-5.792612e-04 
-5.792612e-04 
-5.792612e-04 
-5.792612e-04 
-6.065237e-04 
-6.682926e-04 
-7.402266e-04 
-8.245535e-04 
-9.241768e-04 
-1.042830e-03 
-1.185222e-03 
-1.357181e-03 
-1.566310e-03 
-1.823348e-03 
-2.143390e-03 
-2.547531e-03 
-3.065730e-03 
-3.741504e-03 
-4.639656e-03 
0.000000e+00 
0.000000e+00 
0.000000e+00 
0.000000e+00 
0.000000e+00 
0.000000e+00 
0.000000e+00 
0.000000e+00
#[#TRACE_DATA]
#[#TRACE]
