#[TRACE]
#data_labels=Output
#[TRACE_DATA]
5.174067e-03 
9.542487e-01 
9.542487e-01 
9.542487e-01 
9.542487e-01 
9.542369e-01 
9.542332e-01 
9.542332e-01 
9.542332e-01 
9.542332e-01 
3.052998e-05 
-1.400188e-05 
-1.400188e-05 
-1.400188e-05 
-1.400188e-05 
6.738501e-07 
4.920772e-04 
4.920772e-04 
4.920772e-04 
4.920772e-04 
5.042716e-03 
9.542487e-01 
9.542487e-01 
9.542487e-01 
9.542487e-01 
9.542369e-01 
9.542331e-01 
9.542331e-01 
9.542331e-01 
9.542331e-01 
2.655920e-05 
2.588966e-06 
2.588966e-06 
2.588966e-06 
2.588966e-06 
1.225801e-05 
5.360930e-04 
5.360930e-04 
5.360930e-04 
5.360930e-04 
5.042716e-03 
9.542487e-01 
9.542487e-01 
9.542487e-01 
9.542487e-01 
9.542369e-01 
9.542331e-01 
9.542331e-01 
9.542331e-01 
9.542331e-01 
2.654599e-05 
2.590102e-06 
2.590102e-06 
2.590102e-06 
2.590102e-06 
1.225462e-05 
5.360991e-04 
5.360991e-04 
5.360991e-04 
5.360991e-04 
5.042716e-03 
9.542487e-01 
9.542487e-01 
9.542487e-01 
9.542487e-01 
9.542369e-01 
9.542331e-01 
9.542331e-01 
9.542331e-01 
9.542331e-01 
2.257408e-05 
1.917116e-05 
1.917116e-05 
1.917116e-05 
1.917116e-05 
2.325407e-05 
-4.794900e-04 
-4.794900e-04 
-4.794900e-04 
-4.794900e-04 
-4.940934e-03 
-9.542486e-01 
-9.542486e-01 
-9.542486e-01 
-9.542486e-01 
-9.542358e-01 
-9.542328e-01 
-9.542328e-01 
-9.542328e-01 
-9.542328e-01 
3.052998e-05 
-1.400188e-05 
-1.400188e-05 
-1.400188e-05 
-1.400188e-05 
6.738482e-07 
4.920772e-04 
4.920772e-04 
4.920772e-04 
4.920772e-04 
5.042716e-03 
9.542487e-01 
9.542487e-01 
9.542487e-01 
9.542487e-01 
9.542369e-01 
9.542331e-01 
9.542331e-01 
9.542331e-01 
9.542331e-01 
2.655921e-05 
2.588966e-06 
2.588966e-06 
2.588966e-06 
2.588966e-06 
1.225801e-05 
5.360930e-04 
5.360930e-04 
5.360930e-04 
5.360930e-04 
5.042715e-03 
9.542487e-01 
9.542487e-01 
9.542487e-01 
9.542487e-01 
9.542369e-01 
9.542331e-01 
9.542331e-01 
9.542331e-01 
9.542331e-01 
2.654599e-05 
2.590102e-06 
2.590102e-06 
2.590102e-06 
2.590102e-06 
1.225462e-05 
5.360991e-04 
5.360991e-04 
5.360991e-04 
5.360991e-04 
5.042715e-03 
9.542487e-01 
9.542487e-01 
9.542487e-01 
9.542487e-01 
9.542369e-01 
9.542331e-01 
9.542331e-01 
9.542331e-01 
9.542331e-01 
2.257408e-05 
1.917116e-05 
1.917116e-05 
1.917116e-05 
1.917116e-05 
2.325407e-05 
-4.794900e-04 
-4.794900e-04 
-4.794900e-04 
-4.794900e-04
#[#TRACE_DATA]
#[#TRACE]
