#[TRACE]
#data_labels=Output
#[TRACE_DATA]
-5.389731e-03 
-6.695560e-03 
-8.720853e-03 
-1.166292e-02 
-1.609646e-02 
-2.307728e-02 
-3.466086e-02 
-5.508258e-02 
-9.327153e-02 
-1.656638e-01 
-2.858739e-01 
-4.364081e-01 
-5.886505e-01 
-7.302023e-01 
-8.540667e-01 
-9.486643e-01 
-9.543234e-01 
-9.543234e-01 
-9.543234e-01 
-9.543234e-01 
-9.543234e-01 
-9.543234e-01 
-9.543234e-01 
-9.543234e-01 
-9.543234e-01 
-9.543234e-01 
-9.543234e-01 
-9.543234e-01 
-9.543234e-01 
-9.543234e-01 
-9.543234e-01 
-9.543234e-01 
-9.543234e-01 
-9.543234e-01 
-9.543234e-01 
-9.543234e-01 
-9.543234e-01 
-9.543234e-01 
-9.543234e-01 
-9.543234e-01 
-9.543234e-01 
-9.543234e-01 
-9.543234e-01 
-9.543234e-01 
-9.543234e-01 
-9.543234e-01 
-9.543234e-01 
-9.543234e-01 
-9.543234e-01 
-9.543234e-01 
-9.543234e-01 
-9.543234e-01 
-9.543234e-01 
-9.543234e-01 
-9.543234e-01 
-9.543234e-01 
-9.543234e-01 
-9.543234e-01 
-9.543234e-01 
-9.543234e-01 
-9.543234e-01 
-9.543234e-01 
-9.543234e-01 
-9.543234e-01 
-9.543234e-01 
-9.543234e-01 
-9.543234e-01 
-9.543234e-01 
-9.543234e-01 
-9.543234e-01 
-9.543234e-01 
-9.543234e-01 
-9.543234e-01 
-9.543234e-01 
-9.543234e-01 
-9.543234e-01 
-9.543234e-01 
-9.543234e-01 
-9.543234e-01 
-9.543222e-01 
-9.543187e-01 
-9.543144e-01 
-9.543094e-01 
-9.543040e-01 
-9.542980e-01 
-9.542917e-01 
-9.542853e-01 
-9.542793e-01 
-9.542740e-01 
-9.542695e-01 
-9.542658e-01 
-9.542627e-01 
-9.542601e-01 
-9.542578e-01 
-9.542559e-01 
-9.542542e-01 
-9.542527e-01 
-9.542514e-01 
-9.542502e-01 
-9.542492e-01 
-9.542482e-01 
-9.542474e-01 
-9.542466e-01 
-9.542459e-01 
-9.542452e-01 
-9.542446e-01 
-9.542440e-01 
-9.542435e-01 
-9.542430e-01 
-9.542427e-01 
-9.542427e-01 
-9.542427e-01 
-9.542427e-01 
-9.542427e-01 
-9.542427e-01 
-9.542427e-01 
-9.542427e-01 
-9.542427e-01 
-9.542427e-01 
-9.542427e-01 
-9.542427e-01 
-9.542427e-01 
-9.542427e-01 
-9.542427e-01 
-9.542427e-01 
-9.542427e-01 
-9.542427e-01 
-9.542427e-01 
-9.542427e-01 
-9.542427e-01 
-9.542427e-01 
-9.542427e-01 
-9.542427e-01 
-9.542427e-01 
-9.542427e-01 
-9.542427e-01 
-9.542427e-01 
-9.542427e-01 
-9.542427e-01 
-9.542427e-01 
-9.542427e-01 
-9.542427e-01 
-9.542427e-01 
-9.542427e-01 
-9.542427e-01 
-9.542427e-01 
-9.542427e-01 
-9.542427e-01 
-9.542427e-01 
-9.542427e-01 
-9.542427e-01 
-9.542427e-01 
-9.542427e-01 
-9.542427e-01 
-9.542427e-01 
-9.542427e-01 
-9.542427e-01 
-9.542427e-01 
-9.542427e-01 
-9.542427e-01 
-9.542427e-01 
-9.542427e-01 
-9.542427e-01 
-9.542427e-01 
-9.542427e-01 
-9.542427e-01 
-9.542427e-01 
-9.542427e-01 
-9.542427e-01 
-9.542427e-01 
-9.542427e-01 
-9.542427e-01 
-9.514089e-01 
-8.595006e-01 
-7.375960e-01 
-5.958471e-01 
-4.324476e-01 
-2.332966e-01 
-4.083167e-02 
-1.472063e-03 
-3.926164e-04 
-2.172243e-04 
-1.351663e-04 
-9.044609e-05 
-6.375295e-05 
-4.676721e-05 
-3.542577e-05 
-2.756286e-05 
-2.194632e-05 
-1.783937e-05 
-1.478526e-05 
-1.249583e-05 
-1.079413e-05 
-9.592658e-06 
-8.914097e-06 
-9.019375e-06 
-1.077149e-05 
-1.431038e-05 
-1.668924e-05 
-1.794790e-05 
-1.875900e-05 
-1.943226e-05 
-1.997006e-05 
-2.017522e-05 
-2.017522e-05 
-2.017522e-05 
-2.017522e-05 
-2.017522e-05 
-2.017522e-05 
-2.017522e-05 
-2.017522e-05 
-2.017522e-05 
-2.017522e-05 
-2.017522e-05 
-2.017522e-05 
-2.017522e-05 
-2.017522e-05 
-2.017522e-05 
-2.017522e-05 
-2.017522e-05 
-2.017522e-05 
-2.017522e-05 
-2.017522e-05 
-2.017522e-05 
-2.017522e-05 
-2.017522e-05 
-2.017522e-05 
-2.017522e-05 
-2.017522e-05 
-2.017522e-05 
-2.017522e-05 
-2.017522e-05 
-2.017522e-05 
-2.017522e-05 
-2.017522e-05 
-2.017522e-05 
-2.017522e-05 
-2.017522e-05 
-2.017522e-05 
-2.017522e-05 
-2.017522e-05 
-2.017522e-05 
-2.017522e-05 
-2.017522e-05 
-2.017522e-05 
-2.017522e-05 
-2.017522e-05 
-2.017522e-05 
-2.017522e-05 
-2.017522e-05 
-2.017522e-05 
-2.017522e-05 
-2.017522e-05 
-2.017522e-05 
-2.017522e-05 
-2.017522e-05 
-2.017522e-05 
-2.017522e-05 
-2.017522e-05 
-2.017522e-05 
-2.017522e-05 
-2.017522e-05 
-2.017522e-05 
-2.017522e-05 
-2.017522e-05 
-2.017522e-05 
-2.025960e-05 
-2.049392e-05 
-2.076224e-05 
-2.106063e-05 
-2.138471e-05 
-2.172971e-05 
-2.208990e-05 
-2.244895e-05 
-2.280237e-05 
-2.316753e-05 
-2.355052e-05 
-2.394954e-05 
-2.435772e-05 
-2.476122e-05 
-2.513485e-05 
-2.543395e-05 
-2.557983e-05 
-2.543278e-05 
-2.474071e-05 
-2.303865e-05 
-1.944821e-05 
-1.228119e-05 
1.662075e-06 
2.780685e-05 
7.235624e-05 
1.361590e-04 
2.133355e-04 
3.005840e-04 
3.999073e-04 
5.103555e-04 
5.792378e-04 
5.792612e-04 
5.792612e-04 
5.792612e-04 
5.792612e-04 
5.792612e-04 
5.792612e-04 
5.792612e-04 
5.792612e-04 
5.792612e-04 
5.792612e-04 
5.792612e-04 
5.792612e-04 
5.792612e-04 
5.792612e-04 
5.792612e-04 
5.792612e-04 
5.792612e-04 
5.792612e-04 
5.792612e-04 
5.792612e-04 
5.792612e-04 
5.792612e-04 
5.792612e-04 
5.792612e-04 
5.792612e-04 
5.792612e-04 
5.792612e-04 
5.792612e-04 
5.792612e-04 
5.792612e-04 
5.792612e-04 
5.792612e-04 
5.792612e-04 
5.792612e-04 
5.792612e-04 
5.792612e-04 
5.792612e-04 
5.792612e-04 
5.792612e-04 
5.792612e-04 
5.792612e-04 
5.792612e-04 
5.792612e-04 
5.792612e-04 
5.792612e-04 
5.792612e-04 
5.792612e-04 
5.792612e-04 
5.792612e-04 
5.792612e-04 
5.792612e-04 
5.792612e-04 
5.792612e-04 
5.792612e-04 
5.792612e-04 
5.792612e-04 
5.792612e-04 
5.792612e-04 
5.792612e-04 
5.792612e-04 
5.792612e-04 
5.792612e-04 
5.813855e-04 
6.375731e-04 
7.044020e-04 
7.824793e-04 
8.743707e-04 
9.833902e-04 
1.113767e-03 
1.270762e-03 
1.460986e-03 
1.693506e-03 
1.981179e-03 
2.341960e-03 
2.801109e-03 
3.394914e-03 
4.176760e-03 
5.227274e-03 
6.671906e-03 
8.712598e-03 
1.168747e-02 
1.618910e-02 
2.331243e-02 
3.520339e-02 
5.631382e-02 
9.605950e-02 
1.714912e-01 
2.950801e-01 
4.468095e-01 
5.987021e-01 
7.393192e-01 
8.616395e-01 
9.529365e-01 
9.543232e-01 
9.543232e-01 
9.543232e-01 
9.543232e-01 
9.543232e-01 
9.543232e-01 
9.543232e-01 
9.543232e-01 
9.543232e-01 
9.543232e-01 
9.543232e-01 
9.543232e-01 
9.543232e-01 
9.543232e-01 
9.543232e-01 
9.543232e-01 
9.543232e-01 
9.543232e-01 
9.543232e-01 
9.543232e-01 
9.543232e-01 
9.543232e-01 
9.543232e-01 
9.543232e-01 
9.543232e-01 
9.543232e-01 
9.543232e-01 
9.543232e-01 
9.543232e-01 
9.543232e-01 
9.543232e-01 
9.543232e-01 
9.543232e-01 
9.543232e-01 
9.543232e-01 
9.543232e-01 
9.543232e-01 
9.543232e-01 
9.543232e-01 
9.543232e-01 
9.543232e-01 
9.543232e-01 
9.543232e-01 
9.543232e-01 
9.543232e-01 
9.543232e-01 
9.543232e-01 
9.543232e-01 
9.543232e-01 
9.543232e-01 
9.543232e-01 
9.543232e-01 
9.543232e-01 
9.543232e-01 
9.543232e-01 
9.543232e-01 
9.543232e-01 
9.543232e-01 
9.543232e-01 
9.543232e-01 
9.543232e-01 
9.543232e-01 
9.543232e-01 
9.543215e-01 
9.543173e-01 
9.543121e-01 
9.543058e-01 
9.542978e-01 
9.542867e-01 
9.542754e-01 
9.542701e-01 
9.542666e-01 
9.542636e-01 
9.542611e-01 
9.542589e-01 
9.542569e-01 
9.542552e-01 
9.542537e-01 
9.542523e-01 
9.542511e-01 
9.542500e-01 
9.542490e-01 
9.542481e-01 
9.542473e-01 
9.542465e-01 
9.542458e-01 
9.542452e-01 
9.542446e-01 
9.542440e-01 
9.542435e-01 
9.542430e-01 
9.542426e-01 
9.542421e-01 
9.542419e-01 
9.542419e-01 
9.542419e-01 
9.542419e-01 
9.542419e-01 
9.542419e-01 
9.542419e-01 
9.542419e-01 
9.542419e-01 
9.542419e-01 
9.542419e-01 
9.542419e-01 
9.542419e-01 
9.542419e-01 
9.542419e-01 
9.542419e-01 
9.542419e-01 
9.542419e-01 
9.542419e-01 
9.542419e-01 
9.542419e-01 
9.542419e-01 
9.542419e-01 
9.542419e-01 
9.542419e-01 
9.542419e-01 
9.542419e-01 
9.542419e-01 
9.542419e-01 
9.542419e-01 
9.542419e-01 
9.542419e-01 
9.542419e-01 
9.542419e-01 
9.542419e-01 
9.542419e-01 
9.542419e-01 
9.542419e-01 
9.542419e-01 
9.542419e-01 
9.542419e-01 
9.542419e-01 
9.542419e-01 
9.542419e-01 
9.542419e-01 
9.542419e-01 
9.542419e-01 
9.542419e-01 
9.542419e-01 
9.542419e-01 
9.542419e-01 
9.542419e-01 
9.542419e-01 
9.542419e-01 
9.542419e-01 
9.542419e-01 
9.542419e-01 
9.542419e-01 
9.542419e-01 
9.542419e-01 
9.542419e-01 
9.542419e-01 
9.542419e-01 
9.467619e-01 
8.519323e-01 
7.284567e-01 
5.852940e-01 
4.194474e-01 
2.150851e-01 
2.855960e-02 
-5.734043e-04 
-4.300644e-04 
-2.414059e-04 
-1.511679e-04 
-1.015839e-04 
-7.181163e-05 
-5.277439e-05 
-4.000619e-05 
-3.111229e-05 
-2.472250e-05 
-2.001165e-05 
-1.646169e-05 
-1.373602e-05 
-1.160973e-05 
-9.929384e-06 
-8.589631e-06 
-7.519381e-06 
-6.648039e-06 
-5.826510e-06 
-5.144585e-06 
-4.590791e-06 
-4.121841e-06 
-3.714721e-06 
-3.359252e-06 
-3.343305e-06 
-3.343305e-06 
-3.343305e-06 
-3.343305e-06 
-3.343305e-06 
-3.343305e-06 
-3.343305e-06 
-3.343305e-06 
-3.343305e-06 
-3.343305e-06 
-3.343305e-06 
-3.343305e-06 
-3.343305e-06 
-3.343305e-06 
-3.343305e-06 
-3.343305e-06 
-3.343305e-06 
-3.343305e-06 
-3.343305e-06 
-3.343305e-06 
-3.343305e-06 
-3.343305e-06 
-3.343305e-06 
-3.343305e-06 
-3.343305e-06 
-3.343305e-06 
-3.343305e-06 
-3.343305e-06 
-3.343305e-06 
-3.343305e-06 
-3.343305e-06 
-3.343305e-06 
-3.343305e-06 
-3.343305e-06 
-3.343305e-06 
-3.343305e-06 
-3.343305e-06 
-3.343305e-06 
-3.343305e-06 
-3.343305e-06 
-3.343305e-06 
-3.343305e-06 
-3.343305e-06 
-3.343305e-06 
-3.343305e-06 
-3.343305e-06 
-3.343305e-06 
-3.343305e-06 
-3.343305e-06 
-3.343305e-06 
-3.343305e-06 
-3.343305e-06 
-3.343305e-06 
-3.343305e-06 
-3.343305e-06 
-3.343305e-06 
-3.343305e-06 
-3.343305e-06 
-3.343305e-06 
-3.343305e-06 
-3.343305e-06 
-3.343305e-06 
-3.343305e-06 
-3.440108e-06 
-3.667588e-06 
-3.924739e-06 
-4.217225e-06 
-4.551916e-06 
-4.937187e-06 
-5.383191e-06 
-5.902502e-06 
-6.510821e-06 
-7.229224e-06 
-8.085804e-06 
-9.118039e-06 
-1.037681e-05 
-1.193257e-05 
-1.388509e-05 
-1.637919e-05 
-1.963132e-05 
-2.397573e-05 
-2.994810e-05 
-3.844252e-05 
-5.101126e-05 
-7.041136e-05 
-1.013296e-04 
-1.498272e-04 
-2.175676e-04 
-2.966447e-04 
-3.790951e-04 
-4.624663e-04 
-5.439731e-04 
-6.142680e-04 
-6.441650e-04 
-6.441681e-04 
-6.441681e-04 
-6.441681e-04 
-6.441681e-04 
-6.441681e-04 
-6.441681e-04 
-6.441681e-04 
-6.441681e-04 
-6.441681e-04 
-6.441681e-04 
-6.441681e-04 
-6.441681e-04 
-6.441681e-04 
-6.441681e-04 
-6.441681e-04 
-6.441681e-04 
-6.441681e-04 
-6.441681e-04 
-6.441681e-04 
-6.441681e-04 
-6.441681e-04 
-6.441681e-04 
-6.441681e-04 
-6.441681e-04 
-6.441681e-04 
-6.441681e-04 
-6.441681e-04 
-6.441681e-04 
-6.441681e-04 
-6.441681e-04 
-6.441681e-04 
-6.441681e-04 
-6.441681e-04 
-6.441681e-04 
-6.441681e-04 
-6.441681e-04 
-6.441681e-04 
-6.441681e-04 
-6.441681e-04 
-6.441681e-04 
-6.441681e-04 
-6.441681e-04 
-6.441681e-04 
-6.441681e-04 
-6.441681e-04 
-6.441681e-04 
-6.441681e-04 
-6.441681e-04 
-6.441681e-04 
-6.441681e-04 
-6.441681e-04 
-6.441681e-04 
-6.441681e-04 
-6.441681e-04 
-6.441681e-04 
-6.441681e-04 
-6.441681e-04 
-6.441681e-04 
-6.441681e-04 
-6.441681e-04 
-6.441681e-04 
-6.441681e-04 
-6.496426e-04 
-7.114440e-04 
-7.829520e-04 
-8.638073e-04 
-9.100084e-04 
-1.017061e-03 
-1.152257e-03 
-1.315125e-03 
-1.512505e-03 
-1.753822e-03 
-2.052467e-03 
-2.427141e-03 
-2.904165e-03 
-3.521376e-03 
-4.334481e-03 
-5.427698e-03 
-6.932211e-03 
-9.059471e-03 
-1.216406e-02 
-1.686852e-02 
-2.432528e-02 
-3.679637e-02 
-5.897287e-02 
-1.007027e-01 
-1.792580e-01 
-3.054381e-01 
-4.575547e-01 
-6.087887e-01 
-7.483711e-01 
-8.690766e-01 
-9.540533e-01 
-9.543234e-01 
-9.543234e-01 
-9.543234e-01 
-9.543234e-01 
-9.543234e-01 
-9.543234e-01 
-9.543234e-01 
-9.543234e-01 
-9.543234e-01 
-9.543234e-01 
-9.543234e-01 
-9.543234e-01 
-9.543234e-01 
-9.543234e-01 
-9.543234e-01 
-9.543234e-01 
-9.543234e-01 
-9.543234e-01 
-9.543234e-01 
-9.543234e-01 
-9.543234e-01 
-9.543234e-01 
-9.543234e-01 
-9.543234e-01 
-9.543234e-01 
-9.543234e-01 
-9.543234e-01 
-9.543234e-01 
-9.543234e-01 
-9.543234e-01 
-9.543234e-01 
-9.543234e-01 
-9.543234e-01 
-9.543234e-01 
-9.543234e-01 
-9.543234e-01 
-9.543234e-01 
-9.543234e-01 
-9.543234e-01 
-9.543234e-01 
-9.543234e-01 
-9.543234e-01 
-9.543234e-01 
-9.543234e-01 
-9.543234e-01 
-9.543234e-01 
-9.543234e-01 
-9.543234e-01 
-9.543234e-01 
-9.543234e-01 
-9.543234e-01 
-9.543234e-01 
-9.543234e-01 
-9.543234e-01 
-9.543234e-01 
-9.543234e-01 
-9.543234e-01 
-9.543234e-01 
-9.543234e-01 
-9.543234e-01 
-9.543234e-01 
-9.543234e-01 
-9.543234e-01 
-9.543217e-01 
-9.543181e-01 
-9.543137e-01 
-9.543087e-01 
-9.543032e-01 
-9.542971e-01 
-9.542908e-01 
-9.542844e-01 
-9.542785e-01 
-9.542733e-01 
-9.542690e-01 
-9.542654e-01 
-9.542623e-01 
-9.542597e-01 
-9.542575e-01 
-9.542556e-01 
-9.542540e-01 
-9.542525e-01 
-9.542512e-01 
-9.542501e-01 
-9.542490e-01 
-9.542481e-01 
-9.542473e-01 
-9.542465e-01 
-9.542458e-01 
-9.542451e-01 
-9.542445e-01 
-9.542440e-01 
-9.542434e-01 
-9.542430e-01 
-9.542428e-01 
-9.542428e-01 
-9.542428e-01 
-9.542428e-01 
-9.542428e-01 
-9.542428e-01 
-9.542428e-01 
-9.542428e-01 
-9.542428e-01 
-9.542428e-01 
-9.542428e-01 
-9.542428e-01 
-9.542428e-01 
-9.542428e-01 
-9.542428e-01 
-9.542428e-01 
-9.542428e-01 
-9.542428e-01 
-9.542428e-01 
-9.542428e-01 
-9.542428e-01 
-9.542428e-01 
-9.542428e-01 
-9.542428e-01 
-9.542428e-01 
-9.542428e-01 
-9.542428e-01 
-9.542428e-01 
-9.542428e-01 
-9.542428e-01 
-9.542428e-01 
-9.542428e-01 
-9.542428e-01 
-9.542428e-01 
-9.542428e-01 
-9.542428e-01 
-9.542428e-01 
-9.542428e-01 
-9.542428e-01 
-9.542428e-01 
-9.542428e-01 
-9.542428e-01 
-9.542428e-01 
-9.542428e-01 
-9.542428e-01 
-9.542428e-01 
-9.542428e-01 
-9.542428e-01 
-9.542428e-01 
-9.542428e-01 
-9.542428e-01 
-9.542428e-01 
-9.542428e-01 
-9.542428e-01 
-9.542428e-01 
-9.542428e-01 
-9.542428e-01 
-9.542428e-01 
-9.542428e-01 
-9.542428e-01 
-9.542428e-01 
-9.542428e-01 
-9.542428e-01 
-9.415887e-01 
-8.442467e-01 
-7.192996e-01 
-5.749836e-01 
-4.077974e-01 
-2.031914e-01 
-2.764678e-02 
-1.169809e-03 
-4.121988e-04 
-2.331573e-04 
-1.468446e-04 
-9.907162e-05 
-7.024436e-05 
-5.174373e-05 
-3.929997e-05 
-3.061209e-05 
-2.435846e-05 
-1.974065e-05 
-1.625614e-05 
-1.357776e-05 
-1.148655e-05 
-9.833050e-06 
-8.514816e-06 
-7.462696e-06 
-6.598408e-06 
-5.767587e-06 
-5.089099e-06 
-4.538653e-06 
-4.072387e-06 
-3.666998e-06 
-3.326580e-06 
-3.319642e-06 
-3.319642e-06 
-3.319642e-06 
-3.319642e-06 
-3.319642e-06 
-3.319642e-06 
-3.319642e-06 
-3.319642e-06 
-3.319642e-06 
-3.319642e-06 
-3.319642e-06 
-3.319642e-06 
-3.319642e-06 
-3.319642e-06 
-3.319642e-06 
-3.319642e-06 
-3.319642e-06 
-3.319642e-06 
-3.319642e-06 
-3.319642e-06 
-3.319642e-06 
-3.319642e-06 
-3.319642e-06 
-3.319642e-06 
-3.319642e-06 
-3.319642e-06 
-3.319642e-06 
-3.319642e-06 
-3.319642e-06 
-3.319642e-06 
-3.319642e-06 
-3.319642e-06 
-3.319642e-06 
-3.319642e-06 
-3.319642e-06 
-3.319642e-06 
-3.319642e-06 
-3.319642e-06 
-3.319642e-06 
-3.319642e-06 
-3.319642e-06 
-3.319642e-06 
-3.319642e-06 
-3.319642e-06 
-3.319642e-06 
-3.319642e-06 
-3.319642e-06 
-3.319642e-06 
-3.319642e-06 
-3.319642e-06 
-3.319642e-06 
-3.319642e-06 
-3.319642e-06 
-3.319642e-06 
-3.319642e-06 
-3.319642e-06 
-3.319642e-06 
-3.319642e-06 
-3.319642e-06 
-3.319642e-06 
-3.319642e-06 
-3.319642e-06 
-3.319642e-06 
-3.430453e-06 
-3.658405e-06 
-3.916237e-06 
-4.209683e-06 
-4.545719e-06 
-4.932845e-06 
-5.381294e-06 
-5.903476e-06 
-6.515328e-06 
-7.238436e-06 
-8.101338e-06 
-9.142134e-06 
-1.041262e-05 
-1.198462e-05 
-1.396003e-05 
-1.648707e-05 
-1.978773e-05 
-2.420575e-05 
-3.029365e-05 
-3.897665e-05 
-5.186601e-05 
-7.182733e-05 
-1.037030e-04 
-1.535537e-04 
-2.224683e-04 
-3.020623e-04 
-3.846958e-04 
-4.681223e-04 
-5.492804e-04 
-6.182799e-04 
-6.441660e-04 
-6.441670e-04 
-6.441670e-04 
-6.441670e-04 
-6.441670e-04 
-6.441670e-04 
-6.441670e-04 
-6.441670e-04 
-6.441670e-04 
-6.441670e-04 
-6.441670e-04 
-6.441670e-04 
-6.441670e-04 
-6.441670e-04 
-6.441670e-04 
-6.441670e-04 
-6.441670e-04 
-6.441670e-04 
-6.441670e-04 
-6.441670e-04 
-6.441670e-04 
-6.441670e-04 
-6.441670e-04 
-6.441670e-04 
-6.441670e-04 
-6.441670e-04 
-6.441670e-04 
-6.441670e-04 
-6.441670e-04 
-6.441670e-04 
-6.441670e-04 
-6.441670e-04 
-6.441670e-04 
-6.441670e-04 
-6.441670e-04 
-6.441670e-04 
-6.441670e-04 
-6.441670e-04 
-6.441670e-04 
-6.441670e-04 
-6.441670e-04 
-6.441670e-04 
-6.441670e-04 
-6.441670e-04 
-6.441670e-04 
-6.441670e-04 
-6.441670e-04 
-6.441670e-04 
-6.441670e-04 
-6.441670e-04 
-6.441670e-04 
-6.441670e-04 
-6.441670e-04 
-6.441670e-04 
-6.441670e-04 
-6.441670e-04 
-6.441670e-04 
-6.441670e-04 
-6.441670e-04 
-6.441670e-04 
-6.441670e-04 
-6.441670e-04 
-6.441670e-04 
-6.533175e-04 
-7.160239e-04 
-7.882046e-04 
-8.694372e-04 
-9.154810e-04 
-1.025542e-03 
-1.162444e-03 
-1.327433e-03 
-1.527478e-03 
-1.772237e-03 
-2.075414e-03 
-2.456143e-03 
-2.941386e-03 
-3.569965e-03 
-4.399133e-03 
-5.515611e-03 
-7.054784e-03 
-9.235417e-03 
-1.242544e-02 
-1.727302e-02 
-2.498268e-02 
-3.792832e-02 
-6.104779e-02 
-1.046734e-01 
-1.864167e-01 
-3.154078e-01 
-4.681126e-01 
-6.187758e-01 
-7.573281e-01 
-8.763680e-01 
-9.542707e-01 
-9.543234e-01 
-9.543234e-01 
-9.543234e-01 
-9.543234e-01 
-9.543234e-01 
-9.543234e-01 
-9.543234e-01 
-9.543234e-01 
-9.543234e-01 
-9.543234e-01 
-9.543234e-01 
-9.543234e-01 
-9.543234e-01 
-9.543234e-01 
-9.543234e-01 
-9.543234e-01 
-9.543234e-01 
-9.543234e-01 
-9.543234e-01 
-9.543234e-01 
-9.543234e-01 
-9.543234e-01 
-9.543234e-01 
-9.543234e-01 
-9.543234e-01 
-9.543234e-01 
-9.543234e-01 
-9.543234e-01 
-9.543234e-01 
-9.543234e-01 
-9.543234e-01 
-9.543234e-01 
-9.543234e-01 
-9.543234e-01 
-9.543234e-01 
-9.543234e-01 
-9.543234e-01 
-9.543234e-01 
-9.543234e-01 
-9.543234e-01 
-9.543234e-01 
-9.543234e-01 
-9.543234e-01 
-9.543234e-01 
-9.543234e-01 
-9.543234e-01 
-9.543234e-01 
-9.543234e-01 
-9.543234e-01 
-9.543234e-01 
-9.543234e-01 
-9.543234e-01 
-9.543234e-01 
-9.543234e-01 
-9.543234e-01 
-9.543234e-01 
-9.543234e-01 
-9.543234e-01 
-9.543234e-01 
-9.543234e-01 
-9.543234e-01 
-9.543234e-01 
-9.543234e-01 
-9.543215e-01 
-9.543178e-01 
-9.543134e-01 
-9.543084e-01 
-9.543028e-01 
-9.542967e-01 
-9.542903e-01 
-9.542840e-01 
-9.542781e-01 
-9.542730e-01 
-9.542687e-01 
-9.542651e-01 
-9.542621e-01 
-9.542596e-01 
-9.542574e-01 
-9.542555e-01 
-9.542539e-01 
-9.542524e-01 
-9.542511e-01 
-9.542500e-01 
-9.542490e-01 
-9.542480e-01 
-9.542472e-01 
-9.542464e-01 
-9.542457e-01 
-9.542451e-01 
-9.542445e-01 
-9.542440e-01 
-9.542435e-01 
-9.542430e-01 
-9.542428e-01 
-9.542428e-01 
-9.542428e-01 
-9.542428e-01 
-9.542428e-01 
-9.542428e-01 
-9.542428e-01 
-9.542428e-01 
-9.542428e-01 
-9.542428e-01 
-9.542428e-01 
-9.542428e-01 
-9.542428e-01 
-9.542428e-01 
-9.542428e-01 
-9.542428e-01 
-9.542428e-01 
-9.542428e-01 
-9.542428e-01 
-9.542428e-01 
-9.542428e-01 
-9.542428e-01 
-9.542428e-01 
-9.542428e-01 
-9.542428e-01 
-9.542428e-01 
-9.542428e-01 
-9.542428e-01 
-9.542428e-01 
-9.542428e-01 
-9.542428e-01 
-9.542428e-01 
-9.542428e-01 
-9.542428e-01 
-9.542428e-01 
-9.542428e-01 
-9.542428e-01 
-9.542428e-01 
-9.542428e-01 
-9.542428e-01 
-9.542428e-01 
-9.542428e-01 
-9.542428e-01 
-9.542428e-01 
-9.542428e-01 
-9.542428e-01 
-9.542428e-01 
-9.542428e-01 
-9.542428e-01 
-9.542428e-01 
-9.542428e-01 
-9.542428e-01 
-9.542428e-01 
-9.542428e-01 
-9.542428e-01 
-9.542428e-01 
-9.542428e-01 
-9.542428e-01 
-9.542428e-01 
-9.542428e-01 
-9.542428e-01 
-9.542428e-01 
-9.542428e-01 
-9.361453e-01 
-8.364301e-01 
-7.100236e-01 
-5.644101e-01 
-3.952413e-01 
-1.882129e-01 
-2.263861e-02 
-1.135504e-03 
-4.460893e-04 
-2.548920e-04 
-1.614785e-04 
-1.093796e-04 
-7.776756e-05 
-5.738801e-05 
-4.362399e-05 
-3.397332e-05 
-2.699100e-05 
-2.179826e-05 
-1.783547e-05 
-1.472848e-05 
-1.220876e-05 
-1.005344e-05 
-8.007640e-06 
-5.588114e-06 
-1.640611e-06 
3.503593e-06 
6.903639e-06 
9.116476e-06 
1.080554e-05 
1.226710e-05 
1.348223e-05 
1.352337e-05 
1.352337e-05 
1.352337e-05 
1.352337e-05 
1.352337e-05 
1.352337e-05 
1.352337e-05 
1.352337e-05 
1.352337e-05 
1.352337e-05 
1.352337e-05 
1.352337e-05 
1.352337e-05 
1.352337e-05 
1.352337e-05 
1.352337e-05 
1.352337e-05 
1.352337e-05 
1.352337e-05 
1.352337e-05 
1.352337e-05 
1.352337e-05 
1.352337e-05 
1.352337e-05 
1.352337e-05 
1.352337e-05 
1.352337e-05 
1.352337e-05 
1.352337e-05 
1.352337e-05 
1.352337e-05 
1.352337e-05 
1.352337e-05 
1.352337e-05 
1.352337e-05 
1.352337e-05 
1.352337e-05 
1.352337e-05 
1.352337e-05 
1.352337e-05 
1.352337e-05 
1.352337e-05 
1.352337e-05 
1.352337e-05 
1.352337e-05 
1.352337e-05 
1.352337e-05 
1.352337e-05 
1.352337e-05 
1.352337e-05 
1.352337e-05 
1.352337e-05 
1.352337e-05 
1.352337e-05 
1.352337e-05 
1.352337e-05 
1.352337e-05 
1.352337e-05 
1.352337e-05 
1.352337e-05 
1.352337e-05 
1.352337e-05 
1.352337e-05 
1.340206e-05 
1.318489e-05 
1.294083e-05 
1.265457e-05 
1.230776e-05 
1.187897e-05 
1.134104e-05 
1.065187e-05 
9.782950e-06 
8.709095e-06 
7.379764e-06 
5.720741e-06 
3.629048e-06 
9.613603e-07 
-2.483894e-06 
-6.993059e-06 
-1.297527e-05 
-2.101294e-05 
-3.191656e-05 
-4.674842e-05 
-6.672735e-05 
-9.289794e-05 
-1.256282e-04 
-1.644376e-04 
-2.086351e-04 
-2.583767e-04 
-3.154004e-04 
-3.830773e-04 
-4.647410e-04 
-5.564172e-04 
-5.946778e-04 
-5.946784e-04 
-5.946784e-04 
-5.946784e-04 
-5.946784e-04 
-5.946784e-04 
-5.946784e-04 
-5.946784e-04 
-5.946784e-04 
-5.946784e-04 
-5.946784e-04 
-5.946784e-04 
-5.946784e-04 
-5.946784e-04 
-5.946784e-04 
-5.946784e-04 
-5.946784e-04 
-5.946784e-04 
-5.946784e-04 
-5.946784e-04 
-5.946784e-04 
-5.946784e-04 
-5.946784e-04 
-5.946784e-04 
-5.946784e-04 
-5.946784e-04 
-5.946784e-04 
-5.946784e-04 
-5.946784e-04 
-5.946784e-04 
-5.946784e-04 
-5.946784e-04 
-5.946784e-04 
-5.946784e-04 
-5.946784e-04 
-5.946784e-04 
-5.946784e-04 
-5.946784e-04 
-5.946784e-04 
-5.946784e-04 
-5.946784e-04 
-5.946784e-04 
-5.946784e-04 
-5.946784e-04 
-5.946784e-04 
-5.946784e-04 
-5.946784e-04 
-5.946784e-04 
-5.946784e-04 
-5.946784e-04 
-5.946784e-04 
-5.946784e-04 
-5.946784e-04 
-5.946784e-04 
-5.946784e-04 
-5.946784e-04 
-5.946784e-04 
-5.946784e-04 
-5.946784e-04 
-5.946784e-04 
-5.946784e-04 
-5.946784e-04 
-5.946784e-04 
-6.069607e-04 
-6.676781e-04 
-7.383358e-04 
-8.209806e-04 
-9.183849e-04 
-1.034128e-03 
-1.172761e-03 
-1.339903e-03 
-1.542659e-03 
-1.790923e-03 
-2.098721e-03 
-2.485629e-03 
-2.979271e-03 
-3.619481e-03 
-4.465109e-03 
-5.605470e-03 
-7.180301e-03 
-9.415981e-03 
-1.269437e-02 
-1.769049e-02 
-2.566364e-02 
-3.910582e-02 
-6.321501e-02 
-1.088233e-01 
-1.938152e-01 
-3.254860e-01 
-4.786536e-01 
-6.287058e-01 
-7.661965e-01 
-8.835098e-01 
-9.543131e-01 
-9.543234e-01 
-9.543234e-01 
-9.543234e-01 
-9.543234e-01 
-9.543234e-01 
-9.543234e-01 
-9.543234e-01 
-9.543234e-01 
-9.543234e-01 
-9.543234e-01 
-9.543234e-01 
-9.543234e-01 
-9.543234e-01 
-9.543234e-01 
-9.543234e-01 
-9.543234e-01 
-9.543234e-01 
-9.543234e-01 
-9.543234e-01 
-9.543234e-01 
-9.543234e-01 
-9.543234e-01 
-9.543234e-01 
-9.543234e-01 
-9.543234e-01 
-9.543234e-01 
-9.543234e-01 
-9.543234e-01 
-9.543234e-01 
-9.543234e-01 
-9.543234e-01 
-9.543234e-01 
-9.543234e-01 
-9.543234e-01 
-9.543234e-01 
-9.543234e-01 
-9.543234e-01 
-9.543234e-01 
-9.543234e-01 
-9.543234e-01 
-9.543234e-01 
-9.543234e-01 
-9.543234e-01 
-9.543234e-01 
-9.543234e-01 
-9.543234e-01 
-9.543234e-01 
-9.543234e-01 
-9.543234e-01 
-9.543234e-01 
-9.543234e-01 
-9.543234e-01 
-9.543234e-01 
-9.543234e-01 
-9.543234e-01 
-9.543234e-01 
-9.543234e-01 
-9.543234e-01 
-9.543234e-01 
-9.543234e-01 
-9.543234e-01 
-9.543234e-01 
-9.543234e-01 
-9.543213e-01 
-9.543176e-01 
-9.543131e-01 
-9.543080e-01 
-9.543024e-01 
-9.542963e-01 
-9.542899e-01 
-9.542836e-01 
-9.542778e-01 
-9.542727e-01 
-9.542685e-01 
-9.542649e-01 
-9.542619e-01 
-9.542594e-01 
-9.542573e-01 
-9.542554e-01 
-9.542538e-01 
-9.542523e-01 
-9.542511e-01 
-9.542499e-01 
-9.542489e-01 
-9.542480e-01 
-9.542471e-01 
-9.542464e-01 
-9.542457e-01 
-9.542450e-01 
-9.542444e-01 
-9.542438e-01 
-9.542433e-01 
-9.542428e-01 
-9.542427e-01 
-9.542427e-01 
-9.542427e-01 
-9.542427e-01 
-9.542427e-01 
-9.542427e-01 
-9.542427e-01 
-9.542427e-01 
-9.542427e-01 
-9.542427e-01 
-9.542427e-01 
-9.542427e-01 
-9.542427e-01 
-9.542427e-01 
-9.542427e-01 
-9.542427e-01 
-9.542427e-01 
-9.542427e-01 
-9.542427e-01 
-9.542427e-01 
-9.542427e-01 
-9.542427e-01 
-9.542427e-01 
-9.542427e-01 
-9.542427e-01 
-9.542427e-01 
-9.542427e-01 
-9.542427e-01 
-9.542427e-01 
-9.542427e-01 
-9.542427e-01 
-9.542427e-01 
-9.542427e-01 
-9.542427e-01 
-9.542427e-01 
-9.542427e-01 
-9.542427e-01 
-9.542427e-01 
-9.542427e-01 
-9.542427e-01 
-9.542427e-01 
-9.542427e-01 
-9.542427e-01 
-9.542427e-01 
-9.542427e-01 
-9.542427e-01 
-9.542427e-01 
-9.542427e-01 
-9.542427e-01 
-9.542427e-01 
-9.542427e-01 
-9.542427e-01 
-9.542427e-01 
-9.542427e-01 
-9.542427e-01 
-9.542427e-01 
-9.542427e-01 
-9.542427e-01 
-9.542427e-01 
-9.542427e-01 
-9.542427e-01 
-9.542427e-01 
-9.542427e-01 
-9.304882e-01 
-8.284909e-01 
-7.006532e-01 
-5.536886e-01 
-3.823058e-01 
-1.725177e-01 
-1.758831e-02 
-8.099613e-04 
-3.282610e-04 
-1.890821e-04 
-1.203619e-04 
-8.182215e-05 
-5.836393e-05 
-4.321946e-05 
-3.299377e-05 
-2.584130e-05 
-2.069624e-05 
-1.691406e-05 
-1.409231e-05 
-1.197730e-05 
-1.041733e-05 
-9.350380e-06 
-8.843683e-06 
-9.278641e-06 
-1.167291e-05 
-1.512894e-05 
-1.710750e-05 
-1.819613e-05 
-1.895023e-05 
-1.960271e-05 
-2.016260e-05 
-2.017522e-05 
-2.017522e-05 
-2.017522e-05 
-2.017522e-05 
-2.017522e-05 
-2.017522e-05 
-2.017522e-05 
-2.017522e-05 
-2.017522e-05 
-2.017522e-05 
-2.017522e-05 
-2.017522e-05 
-2.017522e-05 
-2.017522e-05 
-2.017522e-05 
-2.017522e-05 
-2.017522e-05 
-2.017522e-05 
-2.017522e-05 
-2.017522e-05 
-2.017522e-05 
-2.017522e-05 
-2.017522e-05 
-2.017522e-05 
-2.017522e-05 
-2.017522e-05 
-2.017522e-05 
-2.017522e-05 
-2.017522e-05 
-2.017522e-05 
-2.017522e-05 
-2.017522e-05 
-2.017522e-05 
-2.017522e-05 
-2.017522e-05 
-2.017522e-05 
-2.017522e-05 
-2.017522e-05 
-2.017522e-05 
-2.017522e-05 
-2.017522e-05 
-2.017522e-05 
-2.017522e-05 
-2.017522e-05 
-2.017522e-05 
-2.017522e-05 
-2.017522e-05 
-2.017522e-05 
-2.017522e-05 
-2.017522e-05 
-2.017522e-05 
-2.017522e-05 
-2.017522e-05 
-2.017522e-05 
-2.017522e-05 
-2.017522e-05 
-2.017522e-05 
-2.017522e-05 
-2.017522e-05 
-2.017522e-05 
-2.017522e-05 
-2.017522e-05 
-2.017522e-05 
-2.032006e-05 
-2.056410e-05 
-2.084103e-05 
-2.114692e-05 
-2.147717e-05 
-2.182712e-05 
-2.218913e-05 
-2.254539e-05 
-2.290059e-05 
-2.327049e-05 
-2.365825e-05 
-2.406070e-05 
-2.446935e-05 
-2.486782e-05 
-2.522659e-05 
-2.549355e-05 
-2.557672e-05 
-2.531222e-05 
-2.440272e-05 
-2.229620e-05 
-1.794347e-05 
-9.326214e-06 
7.319501e-06 
3.796601e-05 
8.808007e-05 
1.561983e-04 
2.361754e-04 
3.264245e-04 
4.293675e-04 
5.404076e-04 
5.792610e-04 
5.792612e-04 
5.792612e-04 
5.792612e-04 
5.792612e-04 
5.792612e-04 
5.792612e-04 
5.792612e-04 
5.792612e-04 
5.792612e-04 
5.792612e-04 
5.792612e-04 
5.792612e-04 
5.792612e-04 
5.792612e-04 
5.792612e-04 
5.792612e-04 
5.792612e-04 
5.792612e-04 
5.792612e-04 
5.792612e-04 
5.792612e-04 
5.792612e-04 
5.792612e-04 
5.792612e-04 
5.792612e-04 
5.792612e-04 
5.792612e-04 
5.792612e-04 
5.792612e-04 
5.792612e-04 
5.792612e-04 
5.792612e-04 
5.792612e-04 
5.792612e-04 
5.792612e-04 
5.792612e-04 
5.792612e-04 
5.792612e-04 
5.792612e-04 
5.792612e-04 
5.792612e-04 
5.792612e-04 
5.792612e-04 
5.792612e-04 
5.792612e-04 
5.792612e-04 
5.792612e-04 
5.792612e-04 
5.792612e-04 
5.792612e-04 
5.792612e-04 
5.792612e-04 
5.792612e-04 
5.792612e-04 
5.792612e-04 
5.792612e-04 
5.792612e-04 
5.792612e-04 
5.792612e-04 
5.792612e-04 
5.792612e-04 
5.792612e-04 
5.949704e-04 
6.548552e-04 
7.245428e-04 
8.061148e-04 
9.023258e-04 
1.016725e-03 
1.153813e-03 
1.319163e-03 
1.519915e-03 
1.766055e-03 
2.071683e-03 
2.456475e-03 
2.948263e-03 
3.587276e-03 
4.433106e-03 
5.576460e-03 
7.159724e-03 
9.414446e-03 
1.273292e-02 
1.781221e-02 
2.596058e-02 
3.978464e-02 
6.475654e-02 
1.122846e-01 
2.006651e-01 
3.352628e-01 
4.890500e-01 
6.385475e-01 
7.749675e-01 
8.904957e-01 
9.543212e-01 
9.543232e-01 
9.543232e-01 
9.543232e-01 
9.543232e-01 
9.543232e-01 
9.543232e-01 
9.543232e-01 
9.543232e-01 
9.543232e-01 
9.543232e-01 
9.543232e-01 
9.543232e-01 
9.543232e-01 
9.543232e-01 
9.543232e-01 
9.543232e-01 
9.543232e-01 
9.543232e-01 
9.543232e-01 
9.543232e-01 
9.543232e-01 
9.543232e-01 
9.543232e-01 
9.543232e-01 
9.543232e-01 
9.543232e-01 
9.543232e-01 
9.543232e-01 
9.543232e-01 
9.543232e-01 
9.543232e-01 
9.543232e-01 
9.543232e-01 
9.543232e-01 
9.543232e-01 
9.543232e-01 
9.543232e-01 
9.543232e-01 
9.543232e-01 
9.543232e-01 
9.543232e-01 
9.543232e-01 
9.543232e-01 
9.543232e-01 
9.543232e-01 
9.543232e-01 
9.543232e-01 
9.543232e-01 
9.543232e-01 
9.543232e-01 
9.543232e-01 
9.543232e-01 
9.543232e-01 
9.543232e-01 
9.543232e-01 
9.543232e-01 
9.543232e-01 
9.543232e-01 
9.543232e-01 
9.543232e-01 
9.543232e-01 
9.543232e-01 
9.543232e-01 
9.543205e-01 
9.543160e-01 
9.543105e-01 
9.543039e-01 
9.542952e-01 
9.542832e-01 
9.542735e-01 
9.542691e-01 
9.542657e-01 
9.542629e-01 
9.542604e-01 
9.542583e-01 
9.542564e-01 
9.542548e-01 
9.542533e-01 
9.542520e-01 
9.542508e-01 
9.542497e-01 
9.542488e-01 
9.542479e-01 
9.542471e-01 
9.542463e-01 
9.542456e-01 
9.542450e-01 
9.542444e-01 
9.542439e-01 
9.542434e-01 
9.542429e-01 
9.542425e-01 
9.542420e-01 
9.542419e-01 
9.542419e-01 
9.542419e-01 
9.542419e-01 
9.542419e-01 
9.542419e-01 
9.542419e-01 
9.542419e-01 
9.542419e-01 
9.542419e-01 
9.542419e-01 
9.542419e-01 
9.542419e-01 
9.542419e-01 
9.542419e-01 
9.542419e-01 
9.542419e-01 
9.542419e-01 
9.542419e-01 
9.542419e-01 
9.542419e-01 
9.542419e-01 
9.542419e-01 
9.542419e-01 
9.542419e-01 
9.542419e-01 
9.542419e-01 
9.542419e-01 
9.542419e-01 
9.542419e-01 
9.542419e-01 
9.542419e-01 
9.542419e-01 
9.542419e-01 
9.542419e-01 
9.542419e-01 
9.542419e-01 
9.542419e-01 
9.542419e-01 
9.542419e-01 
9.542419e-01 
9.542419e-01 
9.542419e-01 
9.542419e-01 
9.542419e-01 
9.542419e-01 
9.542419e-01 
9.542419e-01 
9.542419e-01 
9.542419e-01 
9.542419e-01 
9.542419e-01 
9.542419e-01 
9.542419e-01 
9.542419e-01 
9.542419e-01 
9.542419e-01 
9.542419e-01 
9.542419e-01 
9.542419e-01 
9.542419e-01 
9.542419e-01 
9.542419e-01 
9.246321e-01 
8.204264e-01 
6.911516e-01 
5.426374e-01 
3.681953e-01 
1.531992e-01 
9.935816e-03 
-6.667628e-04 
-3.620340e-04 
-2.105561e-04 
-1.347892e-04 
-9.198170e-05 
-6.578082e-05 
-4.878626e-05 
-3.725992e-05 
-2.915804e-05 
-2.329338e-05 
-1.894216e-05 
-1.564542e-05 
-1.310246e-05 
-1.111103e-05 
-9.532648e-06 
-8.272513e-06 
-7.266093e-06 
-6.421509e-06 
-5.622758e-06 
-4.982939e-06 
-4.455226e-06 
-4.005147e-06 
-3.611867e-06 
-3.343557e-06 
-3.343305e-06 
-3.343305e-06 
-3.343305e-06 
-3.343305e-06 
-3.343305e-06 
-3.343305e-06 
-3.343305e-06 
-3.343305e-06 
-3.343305e-06 
-3.343305e-06 
-3.343305e-06 
-3.343305e-06 
-3.343305e-06 
-3.343305e-06 
-3.343305e-06 
-3.343305e-06 
-3.343305e-06 
-3.343305e-06 
-3.343305e-06 
-3.343305e-06 
-3.343305e-06 
-3.343305e-06 
-3.343305e-06 
-3.343305e-06 
-3.343305e-06 
-3.343305e-06 
-3.343305e-06 
-3.343305e-06 
-3.343305e-06 
-3.343305e-06 
-3.343305e-06 
-3.343305e-06 
-3.343305e-06 
-3.343305e-06 
-3.343305e-06 
-3.343305e-06 
-3.343305e-06 
-3.343305e-06 
-3.343305e-06 
-3.343305e-06 
-3.343305e-06 
-3.343305e-06 
-3.343305e-06 
-3.343305e-06 
-3.343305e-06 
-3.343305e-06 
-3.343305e-06 
-3.343305e-06 
-3.343305e-06 
-3.343305e-06 
-3.343305e-06 
-3.343305e-06 
-3.343305e-06 
-3.343305e-06 
-3.343305e-06 
-3.343305e-06 
-3.343305e-06 
-3.343305e-06 
-3.343305e-06 
-3.343305e-06 
-3.343305e-06 
-3.343305e-06 
-3.343305e-06 
-3.499664e-06 
-3.734750e-06 
-4.000961e-06 
-4.304246e-06 
-4.651873e-06 
-5.052654e-06 
-5.517350e-06 
-6.059263e-06 
-6.695326e-06 
-7.448392e-06 
-8.348812e-06 
-9.437260e-06 
-1.076924e-05 
-1.242206e-05 
-1.450589e-05 
-1.718191e-05 
-2.069303e-05 
-2.541805e-05 
-3.197071e-05 
-4.138690e-05 
-5.548147e-05 
-7.747236e-05 
-1.126174e-04 
-1.666262e-04 
-2.385174e-04 
-3.190331e-04 
-4.018556e-04 
-4.851828e-04 
-5.649100e-04 
-6.295265e-04 
-6.441680e-04 
-6.441681e-04 
-6.441681e-04 
-6.441681e-04 
-6.441681e-04 
-6.441681e-04 
-6.441681e-04 
-6.441681e-04 
-6.441681e-04 
-6.441681e-04 
-6.441681e-04 
-6.441681e-04 
-6.441681e-04 
-6.441681e-04 
-6.441681e-04 
-6.441681e-04 
-6.441681e-04 
-6.441681e-04 
-6.441681e-04 
-6.441681e-04 
-6.441681e-04 
-6.441681e-04 
-6.441681e-04 
-6.441681e-04 
-6.441681e-04 
-6.441681e-04 
-6.441681e-04 
-6.441681e-04 
-6.441681e-04 
-6.441681e-04 
-6.441681e-04 
-6.441681e-04 
-6.441681e-04 
-6.441681e-04 
-6.441681e-04 
-6.441681e-04 
-6.441681e-04 
-6.441681e-04 
-6.441681e-04 
-6.441681e-04 
-6.441681e-04 
-6.441681e-04 
-6.441681e-04 
-6.441681e-04 
-6.441681e-04 
-6.441681e-04 
-6.441681e-04 
-6.441681e-04 
-6.441681e-04 
-6.441681e-04 
-6.441681e-04 
-6.441681e-04 
-6.441681e-04 
-6.441681e-04 
-6.441681e-04 
-6.441681e-04 
-6.441681e-04 
-6.441681e-04 
-6.441681e-04 
-6.441681e-04 
-6.441681e-04 
-6.441681e-04 
-6.441681e-04 
-6.653658e-04 
-7.300317e-04 
-8.042466e-04 
-8.851645e-04 
-9.339008e-04 
-1.051621e-03 
-1.193796e-03 
-1.365343e-03 
-1.573657e-03 
-1.829129e-03 
-2.146442e-03 
-2.546095e-03 
-3.057090e-03 
-3.721383e-03 
-4.601176e-03 
-5.791242e-03 
-7.440524e-03 
-9.791570e-03 
-1.325597e-02 
-1.856640e-02 
-2.710047e-02 
-4.160640e-02 
-6.784499e-02 
-1.176886e-01 
-2.093207e-01 
-3.459200e-01 
-4.996673e-01 
-6.483870e-01 
-7.836552e-01 
-8.973230e-01 
-9.543230e-01 
-9.543234e-01 
-9.543234e-01 
-9.543234e-01 
-9.543234e-01 
-9.543234e-01 
-9.543234e-01 
-9.543234e-01 
-9.543234e-01 
-9.543234e-01 
-9.543234e-01 
-9.543234e-01 
-9.543234e-01 
-9.543234e-01 
-9.543234e-01 
-9.543234e-01 
-9.543234e-01 
-9.543234e-01 
-9.543234e-01 
-9.543234e-01 
-9.543234e-01 
-9.543234e-01 
-9.543234e-01 
-9.543234e-01 
-9.543234e-01 
-9.543234e-01 
-9.543234e-01 
-9.543234e-01 
-9.543234e-01 
-9.543234e-01 
-9.543234e-01 
-9.543234e-01 
-9.543234e-01 
-9.543234e-01 
-9.543234e-01 
-9.543234e-01 
-9.543234e-01 
-9.543234e-01 
-9.543234e-01 
-9.543234e-01 
-9.543234e-01 
-9.543234e-01 
-9.543234e-01 
-9.543234e-01 
-9.543234e-01 
-9.543234e-01 
-9.543234e-01 
-9.543234e-01 
-9.543234e-01 
-9.543234e-01 
-9.543234e-01 
-9.543234e-01 
-9.543234e-01 
-9.543234e-01 
-9.543234e-01 
-9.543234e-01 
-9.543234e-01 
-9.543234e-01 
-9.543234e-01 
-9.543234e-01 
-9.543234e-01 
-9.543234e-01 
-9.543234e-01 
-9.543234e-01 
-9.543208e-01 
-9.543170e-01 
-9.543124e-01 
-9.543073e-01 
-9.543016e-01 
-9.542954e-01 
-9.542890e-01 
-9.542828e-01 
-9.542770e-01 
-9.542721e-01 
-9.542679e-01 
-9.542645e-01 
-9.542616e-01 
-9.542591e-01 
-9.542570e-01 
-9.542552e-01 
-9.542536e-01 
-9.542522e-01 
-9.542509e-01 
-9.542498e-01 
-9.542488e-01 
-9.542479e-01 
-9.542470e-01 
-9.542463e-01 
-9.542456e-01 
-9.542449e-01 
-9.542444e-01 
-9.542438e-01 
-9.542433e-01 
-9.542428e-01 
-9.542428e-01 
-9.542428e-01 
-9.542428e-01 
-9.542428e-01 
-9.542428e-01 
-9.542428e-01 
-9.542428e-01 
-9.542428e-01 
-9.542428e-01 
-9.542428e-01 
-9.542428e-01 
-9.542428e-01 
-9.542428e-01 
-9.542428e-01 
-9.542428e-01 
-9.542428e-01 
-9.542428e-01 
-9.542428e-01 
-9.542428e-01 
-9.542428e-01 
-9.542428e-01 
-9.542428e-01 
-9.542428e-01 
-9.542428e-01 
-9.542428e-01 
-9.542428e-01 
-9.542428e-01 
-9.542428e-01 
-9.542428e-01 
-9.542428e-01 
-9.542428e-01 
-9.542428e-01 
-9.542428e-01 
-9.542428e-01 
-9.542428e-01 
-9.542428e-01 
-9.542428e-01 
-9.542428e-01 
-9.542428e-01 
-9.542428e-01 
-9.542428e-01 
-9.542428e-01 
-9.542428e-01 
-9.542428e-01 
-9.542428e-01 
-9.542428e-01 
-9.542428e-01 
-9.542428e-01 
-9.542428e-01 
-9.542428e-01 
-9.542428e-01 
-9.542428e-01 
-9.542428e-01 
-9.542428e-01 
-9.542428e-01 
-9.542428e-01 
-9.542428e-01 
-9.542428e-01 
-9.542428e-01 
-9.542428e-01 
-9.542428e-01 
-9.542428e-01 
-9.542428e-01 
-9.185900e-01 
-8.122690e-01 
-6.816737e-01 
-5.319913e-01 
-3.561636e-01 
-1.428890e-01 
-1.122930e-02 
-7.552485e-04 
-3.475351e-04 
-2.037334e-04 
-1.310940e-04 
-8.978704e-05 
-6.438980e-05 
-4.786026e-05 
-3.661921e-05 
-2.870061e-05 
-2.295826e-05 
-1.869132e-05 
-1.545431e-05 
-1.295481e-05 
-1.099587e-05 
-9.442622e-06 
-8.202966e-06 
-7.213463e-06 
-6.368477e-06 
-5.564595e-06 
-4.928409e-06 
-4.403907e-06 
-3.956261e-06 
-3.564495e-06 
-3.319734e-06 
-3.319642e-06 
-3.319642e-06 
-3.319642e-06 
-3.319642e-06 
-3.319642e-06 
-3.319642e-06 
-3.319642e-06 
-3.319642e-06 
-3.319642e-06 
-3.319642e-06 
-3.319642e-06 
-3.319642e-06 
-3.319642e-06 
-3.319642e-06 
-3.319642e-06 
-3.319642e-06 
-3.319642e-06 
-3.319642e-06 
-3.319642e-06 
-3.319642e-06 
-3.319642e-06 
-3.319642e-06 
-3.319642e-06 
-3.319642e-06 
-3.319642e-06 
-3.319642e-06 
-3.319642e-06 
-3.319642e-06 
-3.319642e-06 
-3.319642e-06 
-3.319642e-06 
-3.319642e-06 
-3.319642e-06 
-3.319642e-06 
-3.319642e-06 
-3.319642e-06 
-3.319642e-06 
-3.319642e-06 
-3.319642e-06 
-3.319642e-06 
-3.319642e-06 
-3.319642e-06 
-3.319642e-06 
-3.319642e-06 
-3.319642e-06 
-3.319642e-06 
-3.319642e-06 
-3.319642e-06 
-3.319642e-06 
-3.319642e-06 
-3.319642e-06 
-3.319642e-06 
-3.319642e-06 
-3.319642e-06 
-3.319642e-06 
-3.319642e-06 
-3.319642e-06 
-3.319642e-06 
-3.319642e-06 
-3.319642e-06 
-3.319642e-06 
-3.319642e-06 
-3.319642e-06 
-3.490124e-06 
-3.725730e-06 
-3.992690e-06 
-4.297028e-06 
-4.646128e-06 
-5.048924e-06 
-5.516203e-06 
-6.061112e-06 
-6.700987e-06 
-7.459150e-06 
-8.366433e-06 
-9.464197e-06 
-1.080896e-05 
-1.247959e-05 
-1.458866e-05 
-1.730120e-05 
-2.086654e-05 
-2.567454e-05 
-3.235875e-05 
-4.199213e-05 
-5.645972e-05 
-7.910451e-05 
-1.153334e-04 
-1.707276e-04 
-2.436197e-04 
-3.245165e-04 
-4.074873e-04 
-4.908056e-04 
-5.699764e-04 
-6.329908e-04 
-6.441670e-04 
-6.441670e-04 
-6.441670e-04 
-6.441670e-04 
-6.441670e-04 
-6.441670e-04 
-6.441670e-04 
-6.441670e-04 
-6.441670e-04 
-6.441670e-04 
-6.441670e-04 
-6.441670e-04 
-6.441670e-04 
-6.441670e-04 
-6.441670e-04 
-6.441670e-04 
-6.441670e-04 
-6.441670e-04 
-6.441670e-04 
-6.441670e-04 
-6.441670e-04 
-6.441670e-04 
-6.441670e-04 
-6.441670e-04 
-6.441670e-04 
-6.441670e-04 
-6.441670e-04 
-6.441670e-04 
-6.441670e-04 
-6.441670e-04 
-6.441670e-04 
-6.441670e-04 
-6.441670e-04 
-6.441670e-04 
-6.441670e-04 
-6.441670e-04 
-6.441670e-04 
-6.441670e-04 
-6.441670e-04 
-6.441670e-04 
-6.441670e-04 
-6.441670e-04 
-6.441670e-04 
-6.441670e-04 
-6.441670e-04 
-6.441670e-04 
-6.441670e-04 
-6.441670e-04 
-6.441670e-04 
-6.441670e-04 
-6.441670e-04 
-6.441670e-04 
-6.441670e-04 
-6.441670e-04 
-6.441670e-04 
-6.441670e-04 
-6.441670e-04 
-6.441670e-04 
-6.441670e-04 
-6.441670e-04 
-6.441670e-04 
-6.441670e-04 
-6.441670e-04 
-6.695047e-04 
-7.347890e-04 
-8.096842e-04 
-8.890897e-04 
-9.409204e-04 
-1.060531e-03 
-1.204517e-03 
-1.378318e-03 
-1.589483e-03 
-1.848660e-03 
-2.170872e-03 
-2.577096e-03 
-3.097056e-03 
-3.773815e-03 
-4.671336e-03 
-5.887267e-03 
-7.575416e-03 
-9.986916e-03 
-1.354923e-02 
-1.902595e-02 
-2.785858e-02 
-4.293423e-02 
-7.031757e-02 
-1.224174e-01 
-2.174193e-01 
-3.562527e-01 
-5.101322e-01 
-6.581347e-01 
-7.922390e-01 
-9.039829e-01 
-9.543233e-01 
-9.543234e-01 
-9.543234e-01 
-9.543234e-01 
-9.543234e-01 
-9.543234e-01 
-9.543234e-01 
-9.543234e-01 
-9.543234e-01 
-9.543234e-01 
-9.543234e-01 
-9.543234e-01 
-9.543234e-01 
-9.543234e-01 
-9.543234e-01 
-9.543234e-01 
-9.543234e-01 
-9.543234e-01 
-9.543234e-01 
-9.543234e-01 
-9.543234e-01 
-9.543234e-01 
-9.543234e-01 
-9.543234e-01 
-9.543234e-01 
-9.543234e-01 
-9.543234e-01 
-9.543234e-01 
-9.543234e-01 
-9.543234e-01 
-9.543234e-01 
-9.543234e-01 
-9.543234e-01 
-9.543234e-01 
-9.543234e-01 
-9.543234e-01 
-9.543234e-01 
-9.543234e-01 
-9.543234e-01 
-9.543234e-01 
-9.543234e-01 
-9.543234e-01 
-9.543234e-01 
-9.543234e-01 
-9.543234e-01 
-9.543234e-01 
-9.543234e-01 
-9.543234e-01 
-9.543234e-01 
-9.543234e-01 
-9.543234e-01 
-9.543234e-01 
-9.543234e-01 
-9.543234e-01 
-9.543234e-01 
-9.543234e-01 
-9.543234e-01 
-9.543234e-01 
-9.543234e-01 
-9.543234e-01 
-9.543234e-01 
-9.543234e-01 
-9.543234e-01 
-9.543234e-01 
-9.543206e-01 
-9.543167e-01 
-9.543121e-01 
-9.543069e-01 
-9.543012e-01 
-9.542950e-01 
-9.542886e-01 
-9.542823e-01 
-9.542767e-01 
-9.542718e-01 
-9.542677e-01 
-9.542642e-01 
-9.542614e-01 
-9.542589e-01 
-9.542569e-01 
-9.542550e-01 
-9.542535e-01 
-9.542521e-01 
-9.542508e-01 
-9.542497e-01 
-9.542487e-01 
-9.542478e-01 
-9.542470e-01 
-9.542462e-01 
-9.542456e-01 
-9.542449e-01 
-9.542444e-01 
-9.542438e-01 
-9.542433e-01 
-9.542429e-01 
-9.542428e-01 
-9.542428e-01 
-9.542428e-01 
-9.542428e-01 
-9.542428e-01 
-9.542428e-01 
-9.542428e-01 
-9.542428e-01 
-9.542428e-01 
-9.542428e-01 
-9.542428e-01 
-9.542428e-01 
-9.542428e-01 
-9.542428e-01 
-9.542428e-01 
-9.542428e-01 
-9.542428e-01 
-9.542428e-01 
-9.542428e-01 
-9.542428e-01 
-9.542428e-01 
-9.542428e-01 
-9.542428e-01 
-9.542428e-01 
-9.542428e-01 
-9.542428e-01 
-9.542428e-01 
-9.542428e-01 
-9.542428e-01 
-9.542428e-01 
-9.542428e-01 
-9.542428e-01 
-9.542428e-01 
-9.542428e-01 
-9.542428e-01 
-9.542428e-01 
-9.542428e-01 
-9.542428e-01 
-9.542428e-01 
-9.542428e-01 
-9.542428e-01 
-9.542428e-01 
-9.542428e-01 
-9.542428e-01 
-9.542428e-01 
-9.542428e-01 
-9.542428e-01 
-9.542428e-01 
-9.542428e-01 
-9.542428e-01 
-9.542428e-01 
-9.542428e-01 
-9.542428e-01 
-9.542428e-01 
-9.542428e-01 
-9.542428e-01 
-9.542428e-01 
-9.542428e-01 
-9.542428e-01 
-9.542428e-01 
-9.542428e-01 
-9.542428e-01 
-9.542428e-01 
-9.123635e-01 
-8.039929e-01 
-6.720599e-01 
-5.209834e-01 
-3.428386e-01 
-1.287111e-01 
-9.071055e-03 
-7.844560e-04 
-3.774723e-04 
-2.231405e-04 
-1.443368e-04 
-9.921448e-05 
-7.132742e-05 
-5.309834e-05 
-4.065064e-05 
-3.184325e-05 
-2.542099e-05 
-2.061058e-05 
-1.691340e-05 
-1.399073e-05 
-1.159236e-05 
-9.496538e-06 
-7.415260e-06 
-4.727434e-06 
-1.855539e-07 
4.612842e-06 
7.589573e-06 
9.612836e-06 
1.122227e-05 
1.263228e-05 
1.352331e-05 
1.352337e-05 
1.352337e-05 
1.352337e-05 
1.352337e-05 
1.352337e-05 
1.352337e-05 
1.352337e-05 
1.352337e-05 
1.352337e-05 
1.352337e-05 
1.352337e-05 
1.352337e-05 
1.352337e-05 
1.352337e-05 
1.352337e-05 
1.352337e-05 
1.352337e-05 
1.352337e-05 
1.352337e-05 
1.352337e-05 
1.352337e-05 
1.352337e-05 
1.352337e-05 
1.352337e-05 
1.352337e-05 
1.352337e-05 
1.352337e-05 
1.352337e-05 
1.352337e-05 
1.352337e-05 
1.352337e-05 
1.352337e-05 
1.352337e-05 
1.352337e-05 
1.352337e-05 
1.352337e-05 
1.352337e-05 
1.352337e-05 
1.352337e-05 
1.352337e-05 
1.352337e-05 
1.352337e-05 
1.352337e-05 
1.352337e-05 
1.352337e-05 
1.352337e-05 
1.352337e-05 
1.352337e-05 
1.352337e-05 
1.352337e-05 
1.352337e-05 
1.352337e-05 
1.352337e-05 
1.352337e-05 
1.352337e-05 
1.352337e-05 
1.352337e-05 
1.352337e-05 
1.352337e-05 
1.352337e-05 
1.352337e-05 
1.352337e-05 
1.352308e-05 
1.334451e-05 
1.312142e-05 
1.286743e-05 
1.256660e-05 
1.219959e-05 
1.174419e-05 
1.116940e-05 
1.043270e-05 
9.511300e-06 
8.373587e-06 
6.962514e-06 
5.196829e-06 
2.963909e-06 
1.065880e-07 
-3.596822e-06 
-8.461928e-06 
-1.493978e-05 
-2.367005e-05 
-3.553263e-05 
-5.165014e-05 
-7.323817e-05 
-1.012050e-04 
-1.356728e-04 
-1.760075e-04 
-2.216478e-04 
-2.731333e-04 
-3.326820e-04 
-4.039547e-04 
-4.893905e-04 
-5.804698e-04 
-5.946784e-04 
-5.946784e-04 
-5.946784e-04 
-5.946784e-04 
-5.946784e-04 
-5.946784e-04 
-5.946784e-04 
-5.946784e-04 
-5.946784e-04 
-5.946784e-04 
-5.946784e-04 
-5.946784e-04 
-5.946784e-04 
-5.946784e-04 
-5.946784e-04 
-5.946784e-04 
-5.946784e-04 
-5.946784e-04 
-5.946784e-04 
-5.946784e-04 
-5.946784e-04 
-5.946784e-04 
-5.946784e-04 
-5.946784e-04 
-5.946784e-04 
-5.946784e-04 
-5.946784e-04 
-5.946784e-04 
-5.946784e-04 
-5.946784e-04 
-5.946784e-04 
-5.946784e-04 
-5.946784e-04 
-5.946784e-04 
-5.946784e-04 
-5.946784e-04 
-5.946784e-04 
-5.946784e-04 
-5.946784e-04 
-5.946784e-04 
-5.946784e-04 
-5.946784e-04 
-5.946784e-04 
-5.946784e-04 
-5.946784e-04 
-5.946784e-04 
-5.946784e-04 
-5.946784e-04 
-5.946784e-04 
-5.946784e-04 
-5.946784e-04 
-5.946784e-04 
-5.946784e-04 
-5.946784e-04 
-5.946784e-04 
-5.946784e-04 
-5.946784e-04 
-5.946784e-04 
-5.946784e-04 
-5.946784e-04 
-5.946784e-04 
-5.946784e-04 
-5.946784e-04 
-6.226387e-04 
-6.859442e-04 
-7.596446e-04 
-8.460199e-04 
-9.480459e-04 
-1.069553e-03 
-1.215378e-03 
-1.391466e-03 
-1.605531e-03 
-1.868483e-03 
-2.195691e-03 
-2.608624e-03 
-3.137746e-03 
-3.827267e-03 
-4.742965e-03 
0.000000e+00 
0.000000e+00 
0.000000e+00 
0.000000e+00 
0.000000e+00 
0.000000e+00 
0.000000e+00 
0.000000e+00
#[#TRACE_DATA]
#[#TRACE]
