#[TRACE]
#data_labels=Output
#[TRACE_DATA]
4.829662e-06 
-4.696154e-04 
-4.696155e-04 
-4.696155e-04 
-4.696155e-04 
-4.554951e-03 
-9.542476e-01 
-9.542476e-01 
-9.542476e-01 
-9.542476e-01 
-9.542359e-01 
-9.542328e-01 
-9.542328e-01 
-9.542328e-01 
-9.542328e-01 
3.386526e-05 
2.708943e-06 
2.708943e-06 
2.708943e-06 
2.708943e-06 
1.080047e-05 
5.228806e-04 
5.228806e-04 
5.228806e-04 
5.228806e-04 
4.753394e-03 
9.542477e-01 
9.542477e-01 
9.542477e-01 
9.542477e-01 
9.542369e-01 
9.542331e-01 
9.542331e-01 
9.542331e-01 
9.542331e-01 
3.009441e-05 
2.726107e-06 
2.726107e-06 
2.726107e-06 
2.726107e-06 
1.101084e-05 
5.228476e-04 
5.228476e-04 
5.228476e-04 
5.228476e-04 
4.849970e-03 
9.542477e-01 
9.542477e-01 
9.542477e-01 
9.542477e-01 
9.542369e-01 
9.542331e-01 
9.542331e-01 
9.542331e-01 
9.542331e-01 
3.245108e-05 
2.708943e-06 
2.708943e-06 
2.708943e-06 
2.708943e-06 
1.109203e-05 
5.228806e-04 
5.228806e-04 
5.228806e-04 
5.228806e-04 
4.949163e-03 
9.542477e-01 
9.542477e-01 
9.542477e-01 
9.542477e-01 
9.542369e-01 
9.542331e-01 
9.542331e-01 
9.542331e-01 
9.542331e-01 
3.177485e-05 
1.604696e-05 
1.604696e-05 
1.604696e-05 
1.604696e-05 
2.056857e-05 
-4.696179e-04 
-4.696179e-04 
-4.696179e-04 
-4.696179e-04 
-4.939147e-03 
-9.542476e-01 
-9.542476e-01 
-9.542476e-01 
-9.542476e-01 
-9.542358e-01 
-9.542328e-01 
-9.542328e-01 
-9.542328e-01 
-9.542328e-01 
3.111828e-05 
2.708943e-06 
2.708943e-06 
2.708943e-06 
2.708943e-06 
1.139594e-05 
5.228806e-04 
5.228806e-04 
5.228806e-04 
5.228806e-04 
5.155756e-03 
9.542477e-01 
9.542477e-01 
9.542477e-01 
9.542477e-01 
9.542368e-01 
9.542331e-01 
9.542331e-01 
9.542331e-01 
9.542331e-01 
3.048058e-05 
1.604696e-05 
1.604696e-05 
1.604696e-05 
1.604696e-05 
2.063758e-05 
-4.696179e-04 
-4.696179e-04 
-4.696179e-04 
-4.696179e-04 
-5.147404e-03 
-9.542476e-01 
-9.542476e-01 
-9.542476e-01 
-9.542476e-01 
-9.542357e-01 
-9.542328e-01 
-9.542328e-01 
-9.542328e-01 
-9.542328e-01 
2.691867e-05 
-1.061942e-05 
-1.061942e-05 
-1.061942e-05 
-1.061942e-05 
2.283735e-06 
4.830680e-04 
4.830681e-04 
4.830681e-04 
4.830681e-04 
5.373921e-03 
9.542477e-01 
9.542477e-01 
9.542477e-01 
9.542477e-01 
9.542367e-01 
9.542331e-01 
9.542331e-01 
9.542331e-01 
9.542331e-01 
2.633631e-05 
-1.061942e-05 
-1.061942e-05 
-1.061942e-05 
-1.061942e-05 
2.556730e-06 
4.830681e-04 
4.830681e-04 
4.830681e-04 
4.830681e-04 
5.487595e-03 
9.542477e-01 
9.542477e-01 
9.542477e-01 
9.542477e-01 
9.542367e-01 
9.542331e-01 
9.542331e-01 
9.542331e-01 
9.542331e-01 
2.577009e-05 
-1.061942e-05 
-1.061942e-05 
-1.061942e-05 
-1.061942e-05 
2.836222e-06 
4.830681e-04 
4.830681e-04 
4.830681e-04 
4.830681e-04 
5.604472e-03 
9.542477e-01 
9.542477e-01 
9.542477e-01 
9.542477e-01 
9.542366e-01 
9.542331e-01 
9.542331e-01 
9.542331e-01 
9.542331e-01 
2.521941e-05 
2.726107e-06 
2.726107e-06 
2.726107e-06 
2.726107e-06 
1.228636e-05 
5.228476e-04 
5.228476e-04 
5.228476e-04 
5.228476e-04 
5.724664e-03 
9.542477e-01 
9.542477e-01 
9.542477e-01 
9.542477e-01 
9.542366e-01 
9.542331e-01 
9.542331e-01 
9.542331e-01 
9.542331e-01 
2.468358e-05 
-1.067988e-05 
-1.067988e-05 
-1.067988e-05 
-1.067988e-05 
3.118029e-06 
4.830729e-04 
4.830729e-04 
4.830729e-04 
4.830729e-04 
5.848306e-03 
9.542477e-01 
9.542477e-01 
9.542477e-01 
9.542477e-01 
9.542365e-01 
9.542331e-01 
9.542331e-01 
9.542331e-01 
9.542331e-01 
2.416270e-05 
-1.061942e-05 
-1.061942e-05 
-1.061942e-05 
-1.061942e-05 
3.715520e-06 
4.830681e-04 
4.830681e-04 
4.830681e-04 
4.830681e-04 
5.975464e-03 
9.542477e-01 
9.542477e-01 
9.542477e-01 
9.542477e-01 
9.542365e-01 
9.542331e-01 
9.542331e-01 
9.542331e-01 
9.542331e-01 
2.365533e-05 
-1.067988e-05 
-1.067988e-05 
-1.067988e-05 
-1.067988e-05 
3.717841e-06 
4.830729e-04 
4.830729e-04 
4.830729e-04 
4.830729e-04 
6.106342e-03 
9.542477e-01 
9.542477e-01 
9.542477e-01 
9.542477e-01 
9.542365e-01 
9.542331e-01 
9.542331e-01 
9.542331e-01 
9.542331e-01 
2.316198e-05 
-1.061942e-05 
-1.061942e-05 
-1.061942e-05 
-1.061942e-05 
4.337684e-06 
4.830681e-04 
4.830681e-04 
4.830681e-04 
4.830681e-04 
6.240993e-03 
9.542477e-01 
9.542477e-01 
9.542477e-01 
9.542477e-01 
9.542364e-01 
9.542331e-01 
9.542331e-01 
9.542331e-01 
9.542331e-01 
2.268119e-05 
-1.067988e-05 
-1.067988e-05 
-1.067988e-05 
-1.067988e-05 
4.347273e-06 
4.830729e-04 
4.830729e-04 
4.830729e-04 
4.830729e-04 
6.379635e-03 
9.542477e-01 
9.542477e-01 
9.542477e-01 
9.542477e-01 
9.542364e-01 
9.542331e-01 
9.542331e-01 
9.542331e-01 
9.542331e-01 
2.221353e-05 
-1.061942e-05 
-1.061942e-05 
-1.061942e-05 
-1.061942e-05 
4.990552e-06 
4.830681e-04 
4.830681e-04 
4.830681e-04 
4.830681e-04 
6.522332e-03 
9.542477e-01 
9.542477e-01 
9.542477e-01 
9.542477e-01 
9.542364e-01 
9.542331e-01 
9.542331e-01 
9.542331e-01 
9.542331e-01 
2.175753e-05 
-1.067988e-05 
-1.067988e-05 
-1.067988e-05 
-1.067988e-05 
5.008039e-06 
4.830729e-04 
4.830729e-04 
4.830729e-04 
4.830729e-04 
6.669316e-03 
9.542477e-01 
9.542477e-01 
9.542477e-01 
9.542477e-01 
9.542363e-01 
9.542331e-01 
9.542331e-01 
9.542331e-01 
9.542331e-01 
2.131385e-05 
-1.061942e-05 
-1.061942e-05 
-1.061942e-05 
-1.061942e-05 
5.675895e-06 
4.830681e-04 
4.830681e-04 
4.830681e-04 
4.830681e-04 
6.820659e-03 
9.542477e-01 
9.542477e-01 
9.542477e-01 
9.542477e-01 
9.542363e-01 
9.542331e-01 
9.542331e-01 
9.542331e-01 
9.542331e-01 
2.364226e-05 
2.708943e-06 
2.708943e-06 
2.708943e-06 
2.708943e-06 
1.393376e-05 
5.228806e-04 
5.228806e-04 
5.228806e-04 
5.228806e-04 
6.976589e-03 
9.542477e-01 
9.542477e-01 
9.542477e-01 
9.542477e-01 
9.542363e-01 
9.542331e-01 
9.542331e-01 
9.542331e-01 
9.542331e-01 
2.321035e-05 
1.604696e-05 
1.604696e-05 
1.604696e-05 
1.604696e-05 
2.106814e-05 
-4.696179e-04 
-4.696179e-04 
-4.696179e-04 
-4.696179e-04 
-6.987077e-03 
-9.542476e-01 
-9.542476e-01 
-9.542476e-01 
-9.542476e-01 
-9.542354e-01 
-9.542328e-01 
-9.542328e-01 
-9.542328e-01 
-9.542328e-01 
2.278984e-05 
2.708943e-06 
2.708943e-06 
2.708943e-06 
2.708943e-06 
1.436600e-05 
5.228806e-04 
5.228806e-04 
5.228806e-04 
5.228806e-04 
7.302840e-03 
9.542477e-01 
9.542477e-01 
9.542477e-01 
9.542477e-01 
9.542362e-01 
9.542331e-01 
9.542331e-01 
9.542331e-01 
9.542331e-01 
2.238025e-05 
1.604696e-05 
1.604696e-05 
1.604696e-05 
1.604696e-05 
2.111818e-05 
-4.696179e-04 
-4.696179e-04 
-4.696179e-04 
-4.696179e-04 
-7.317419e-03 
-9.542476e-01 
-9.542476e-01 
-9.542476e-01 
-9.542476e-01 
-9.542353e-01 
-9.542328e-01 
-9.542328e-01 
-9.542328e-01 
-9.542328e-01 
1.925760e-05 
-1.061942e-05 
-1.061942e-05 
-1.061942e-05 
-1.061942e-05 
7.543989e-06 
4.830681e-04 
4.830681e-04 
4.830681e-04 
4.830681e-04 
7.649510e-03 
9.542477e-01 
9.542477e-01 
9.542477e-01 
9.542477e-01 
9.542361e-01 
9.542331e-01 
9.542331e-01 
9.542331e-01 
9.542331e-01 
1.887661e-05 
-1.061942e-05 
-1.061942e-05 
-1.061942e-05 
-1.061942e-05 
7.946215e-06 
4.830681e-04 
4.830681e-04 
4.830681e-04 
4.830681e-04 
7.830996e-03 
9.542477e-01 
9.542477e-01 
9.542477e-01 
9.542477e-01 
9.542361e-01 
9.542331e-01 
9.542331e-01 
9.542331e-01 
9.542331e-01 
1.850495e-05 
-1.061942e-05 
-1.061942e-05 
-1.061942e-05 
-1.061942e-05 
8.358625e-06 
4.830681e-04 
4.830681e-04 
4.830681e-04 
4.830681e-04 
8.018198e-03 
9.542477e-01 
9.542477e-01 
9.542477e-01 
9.542477e-01 
9.542361e-01 
9.542331e-01 
9.542331e-01 
9.542331e-01 
9.542331e-01 
1.814229e-05 
2.726107e-06 
2.726107e-06 
2.726107e-06 
2.726107e-06 
1.562695e-05 
5.228476e-04 
5.228476e-04 
5.228476e-04 
5.228476e-04 
8.211338e-03 
9.542477e-01 
9.542477e-01 
9.542477e-01 
9.542477e-01 
9.542360e-01 
9.542331e-01 
9.542331e-01 
9.542331e-01 
9.542331e-01 
1.778812e-05 
-1.067988e-05 
-1.067988e-05 
-1.067988e-05 
-1.067988e-05 
8.849875e-06 
4.830729e-04 
4.830729e-04 
4.830729e-04 
4.830729e-04 
8.410676e-03 
9.542477e-01 
9.542477e-01 
9.542477e-01 
9.542477e-01 
9.542360e-01 
9.542331e-01 
9.542331e-01 
9.542331e-01 
9.542331e-01 
1.744302e-05 
-1.061942e-05 
-1.061942e-05 
-1.061942e-05 
-1.061942e-05 
9.659961e-06 
4.830681e-04 
4.830681e-04 
4.830681e-04 
4.830681e-04 
8.616380e-03 
9.542477e-01 
9.542477e-01 
9.542477e-01 
9.542477e-01 
9.542360e-01 
9.542331e-01 
9.542331e-01 
9.542331e-01 
9.542331e-01 
1.710546e-05 
-1.067988e-05 
-1.067988e-05 
-1.067988e-05 
-1.067988e-05 
9.741219e-06 
4.830729e-04 
4.830729e-04 
4.830729e-04 
4.830729e-04 
8.828811e-03 
9.542477e-01 
9.542477e-01 
9.542477e-01 
9.542477e-01 
9.542359e-01 
9.542331e-01 
9.542331e-01 
9.542331e-01 
9.542331e-01 
1.677652e-05 
-1.061942e-05 
-1.061942e-05 
-1.061942e-05 
-1.061942e-05 
1.058410e-05 
4.830681e-04 
4.830681e-04 
4.830681e-04 
4.830681e-04 
9.048130e-03 
9.542477e-01 
9.542477e-01 
9.542477e-01 
9.542477e-01 
9.542359e-01 
9.542331e-01 
9.542331e-01 
9.542331e-01 
9.542331e-01 
1.645458e-05 
-1.067988e-05 
-1.067988e-05 
-1.067988e-05 
-1.067988e-05 
1.067933e-05 
4.830729e-04 
4.830729e-04 
4.830729e-04 
4.830729e-04 
9.274729e-03 
9.542477e-01 
9.542477e-01 
9.542477e-01 
9.542477e-01 
9.542359e-01 
9.542331e-01 
9.542331e-01 
9.542331e-01 
9.542331e-01 
1.614080e-05 
-1.061942e-05 
-1.061942e-05 
-1.061942e-05 
-1.061942e-05
#[#TRACE_DATA]
#[#TRACE]
