#[TRACE]
#data_labels=Output
#[TRACE_DATA]
4.184923e-06 
8.486225e-06 
1.661934e-05 
1.707730e-05 
1.707730e-05 
1.707730e-05 
1.707730e-05 
1.707730e-05 
1.707730e-05 
1.707730e-05 
1.717088e-05 
1.957840e-05 
2.366554e-05 
-3.253183e-05 
-5.671278e-04 
-5.679239e-04 
-5.679239e-04 
-5.679239e-04 
-5.679239e-04 
-5.679239e-04 
-5.679239e-04 
-5.679239e-04 
-7.936428e-04 
-2.418590e-03 
-1.719372e-02 
-6.724022e-01 
-9.543222e-01 
-9.543222e-01 
-9.543222e-01 
-9.543222e-01 
-9.543222e-01 
-9.543222e-01 
-9.543222e-01 
-9.543222e-01 
-9.542885e-01 
-9.542547e-01 
-9.542463e-01 
-9.542421e-01 
-9.542419e-01 
-9.542419e-01 
-9.542419e-01 
-9.542419e-01 
-9.542419e-01 
-9.542419e-01 
-9.542419e-01 
-8.840303e-01 
-1.935928e-02 
2.445511e-05 
6.456808e-06 
3.323043e-06 
3.322127e-06 
3.322127e-06 
3.322127e-06 
3.322127e-06 
3.322127e-06 
3.322127e-06 
3.322127e-06 
3.792351e-06 
7.546634e-06 
2.603693e-05 
3.328665e-04 
6.327268e-04 
6.327310e-04 
6.327310e-04 
6.327310e-04 
6.327310e-04 
6.327310e-04 
6.327310e-04 
6.327310e-04 
1.098616e-03 
3.686413e-03 
3.926306e-02 
9.311959e-01 
9.543225e-01 
9.543225e-01 
9.543225e-01 
9.543225e-01 
9.543225e-01 
9.543225e-01 
9.543225e-01 
9.543220e-01 
9.542832e-01 
9.542552e-01 
9.542463e-01 
9.542427e-01 
9.542427e-01 
9.542427e-01 
9.542427e-01 
9.542427e-01 
9.542427e-01 
9.542427e-01 
9.542427e-01 
6.399012e-01 
1.493133e-03 
1.602384e-05 
6.070960e-06 
1.707767e-05 
1.707730e-05 
1.707730e-05 
1.707730e-05 
1.707730e-05 
1.707730e-05 
1.707730e-05 
1.707730e-05 
1.820056e-05 
2.157420e-05 
2.156020e-05 
-3.704689e-04 
-5.679238e-04 
-5.679239e-04 
-5.679239e-04 
-5.679239e-04 
-5.679239e-04 
-5.679239e-04 
-5.679239e-04 
-5.692115e-04 
-1.321333e-03 
-5.659925e-03 
-1.083170e-01 
-9.542733e-01 
-9.543222e-01 
-9.543222e-01 
-9.543222e-01 
-9.543222e-01 
-9.543222e-01 
-9.543222e-01 
-9.543222e-01 
-9.543138e-01 
-9.542631e-01 
-9.542496e-01 
-9.542438e-01 
-9.542419e-01 
-9.542419e-01 
-9.542419e-01 
-9.542419e-01 
-9.542419e-01 
-9.542419e-01 
-9.542419e-01 
-9.542419e-01 
-3.576275e-01 
1.892862e-05 
1.115648e-05 
4.251057e-06 
3.321307e-06 
3.321308e-06 
3.321308e-06 
3.321308e-06 
3.321308e-06 
3.321308e-06 
3.321308e-06 
3.321308e-06 
5.183118e-06 
1.288982e-05 
8.337428e-05 
6.225836e-04 
6.327248e-04 
6.327248e-04 
6.327248e-04 
6.327248e-04 
6.327248e-04 
6.327248e-04 
6.327248e-04 
7.338598e-04 
1.852862e-03 
1.000465e-02 
3.508516e-01 
9.543224e-01 
9.543225e-01 
9.543225e-01 
9.543225e-01 
9.543225e-01 
9.543225e-01 
9.543225e-01 
9.543225e-01 
9.543054e-01 
9.542644e-01 
9.542496e-01 
9.542437e-01 
9.542427e-01 
9.542427e-01 
9.542427e-01 
9.542427e-01 
9.542427e-01 
9.542427e-01 
9.542427e-01 
9.542427e-01 
1.120650e-01 
3.928703e-05 
8.161541e-06 
-1.003582e-05 
-1.044253e-05 
-1.044253e-05 
-1.044253e-05 
-1.044253e-05 
-1.044253e-05 
-1.044253e-05 
-1.044253e-05 
-1.037591e-05 
-7.226467e-06 
1.135298e-05 
1.868907e-04 
5.869374e-04 
5.872678e-04 
5.872678e-04 
5.872678e-04 
5.872678e-04 
5.872678e-04 
5.872678e-04 
5.872678e-04 
8.452636e-04 
2.616846e-03 
1.935915e-02 
7.155005e-01 
9.543225e-01 
9.543225e-01 
9.543225e-01 
9.543225e-01 
9.543225e-01 
9.543225e-01 
9.543225e-01 
9.543225e-01 
9.542938e-01 
9.542588e-01 
9.542477e-01 
9.542428e-01 
9.542427e-01 
9.542427e-01 
9.542427e-01 
9.542427e-01 
9.542427e-01 
9.542427e-01 
9.542427e-01 
8.564800e-01 
1.475200e-02 
2.308875e-05 
6.274921e-06 
1.707592e-05 
1.707730e-05 
1.707730e-05 
1.707730e-05 
1.707730e-05 
1.707730e-05 
1.707730e-05 
1.707730e-05 
1.769134e-05 
2.063950e-05 
2.396993e-05 
-1.827708e-04 
-5.679179e-04 
-5.679239e-04 
-5.679239e-04 
-5.679239e-04 
-5.679239e-04 
-5.679239e-04 
-5.679239e-04 
-5.679239e-04 
-1.043242e-03 
-3.788580e-03 
-4.352483e-02 
-9.440867e-01 
-9.543222e-01 
-9.543222e-01 
-9.543222e-01 
-9.543222e-01 
-9.543222e-01 
-9.543222e-01 
-9.543222e-01 
-9.543211e-01 
-9.542710e-01 
-9.542515e-01 
-9.542448e-01 
-9.542419e-01 
-9.542419e-01 
-9.542419e-01 
-9.542419e-01 
-9.542419e-01 
-9.542419e-01 
-9.542419e-01 
-9.542419e-01 
-6.037033e-01 
-7.480058e-04 
1.522457e-05 
6.590115e-06 
1.707755e-05 
1.707730e-05 
1.707730e-05 
1.707730e-05 
1.707730e-05 
1.707730e-05 
1.707730e-05 
1.707730e-05 
1.828476e-05 
2.172453e-05 
2.072564e-05 
-4.021814e-04 
-5.679238e-04 
-5.679239e-04 
-5.679239e-04 
-5.679239e-04 
-5.679239e-04 
-5.679239e-04 
-5.679239e-04 
-5.739747e-04 
-1.372870e-03 
-6.048834e-03 
-1.264770e-01 
-9.543005e-01 
-9.543222e-01 
-9.543222e-01 
-9.543222e-01 
-9.543222e-01 
-9.543222e-01 
-9.543222e-01 
-9.543222e-01 
-9.543124e-01 
-9.542622e-01 
-9.542493e-01 
-9.542436e-01 
-9.542419e-01 
-9.542419e-01 
-9.542419e-01 
-9.542419e-01 
-9.542419e-01 
-9.542419e-01 
-9.542419e-01 
-9.542419e-01 
-3.201416e-01 
3.186237e-05 
1.067692e-05 
1.491873e-05 
1.707731e-05 
1.707730e-05 
1.707730e-05 
1.707730e-05 
1.707730e-05 
1.707730e-05 
1.707730e-05 
1.707730e-05 
1.898467e-05 
2.288830e-05 
4.592320e-06 
-5.549098e-04 
-5.679239e-04 
-5.679239e-04 
-5.679239e-04 
-5.679239e-04 
-5.679239e-04 
-5.679239e-04 
-5.679239e-04 
-6.773062e-04 
-1.873175e-03 
-1.056625e-02 
-3.987729e-01 
-9.543222e-01 
-9.543222e-01 
-9.543222e-01 
-9.543222e-01 
-9.543222e-01 
-9.543222e-01 
-9.543222e-01 
-9.543222e-01 
-9.543000e-01 
-9.542574e-01 
-9.542475e-01 
-9.542427e-01 
-9.542419e-01 
-9.542419e-01 
-9.542419e-01 
-9.542419e-01 
-9.542419e-01 
-9.542419e-01 
-9.542419e-01 
-9.542419e-01 
-8.885183e-02 
3.449303e-05 
7.858929e-06 
3.349795e-06 
3.321308e-06 
3.321308e-06 
3.321308e-06 
3.321308e-06 
3.321308e-06 
3.321308e-06 
3.321308e-06 
3.466543e-06 
6.433534e-06 
1.913438e-05 
2.024291e-04 
6.326097e-04 
6.327248e-04 
6.327248e-04 
6.327248e-04 
6.327248e-04 
6.327248e-04 
6.327248e-04 
6.327248e-04 
9.318357e-04 
2.750028e-03 
2.136396e-02 
7.559513e-01 
9.543225e-01 
9.543225e-01 
9.543225e-01 
9.543225e-01 
9.543225e-01 
9.543225e-01 
9.543225e-01 
9.543225e-01 
9.542922e-01 
9.542582e-01 
9.542474e-01 
9.542428e-01 
9.542427e-01 
9.542427e-01 
9.542427e-01 
9.542427e-01 
9.542427e-01 
9.542427e-01 
9.542427e-01 
8.268906e-01 
1.065688e-02 
2.175610e-05 
6.096839e-06 
1.707758e-05 
1.707730e-05 
1.707730e-05 
1.707730e-05 
1.707730e-05 
1.707730e-05 
1.707730e-05 
1.707730e-05 
1.776424e-05 
2.077544e-05 
2.383565e-05 
-2.082584e-04 
-5.679206e-04 
-5.679239e-04 
-5.679239e-04 
-5.679239e-04 
-5.679239e-04 
-5.679239e-04 
-5.679239e-04 
-5.679239e-04 
-1.079775e-03 
-4.013146e-03 
-4.939545e-02 
-9.497915e-01 
-9.543222e-01 
-9.543222e-01 
-9.543222e-01 
-9.543222e-01 
-9.543222e-01 
-9.543222e-01 
-9.543222e-01 
-9.543203e-01 
-9.542695e-01 
-9.542512e-01 
-9.542446e-01 
-9.542419e-01 
-9.542419e-01 
-9.542419e-01 
-9.542419e-01 
-9.542419e-01 
-9.542419e-01 
-9.542419e-01 
-9.542419e-01 
-5.670493e-01 
-4.639341e-04 
1.448135e-05 
5.203391e-06 
3.322124e-06 
3.322127e-06 
3.322127e-06 
3.322127e-06 
3.322127e-06 
3.322127e-06 
3.322127e-06 
3.322127e-06 
4.578374e-06 
1.037407e-05 
5.074487e-05 
5.583953e-04 
6.327310e-04 
6.327310e-04 
6.327310e-04 
6.327310e-04 
6.327310e-04 
6.327310e-04 
6.327310e-04 
6.481593e-04 
1.483229e-03 
6.651409e-03 
1.497737e-01 
9.543129e-01 
9.543225e-01 
9.543225e-01 
9.543225e-01 
9.543225e-01 
9.543225e-01 
9.543225e-01 
9.543225e-01 
9.543128e-01 
9.542700e-01 
9.542514e-01 
9.542446e-01 
9.542427e-01 
9.542427e-01 
9.542427e-01 
9.542427e-01 
9.542427e-01 
9.542427e-01 
9.542427e-01 
9.542427e-01 
2.840579e-01 
7.953937e-05 
1.022637e-05 
1.546008e-05 
1.707730e-05 
1.707730e-05 
1.707730e-05 
1.707730e-05 
1.707730e-05 
1.707730e-05 
1.707730e-05 
1.707828e-05 
1.908619e-05 
2.303890e-05 
2.282996e-07 
-5.597454e-04 
-5.679239e-04 
-5.679239e-04 
-5.679239e-04 
-5.679239e-04 
-5.679239e-04 
-5.679239e-04 
-5.679239e-04 
-6.960786e-04 
-1.957680e-03 
-1.147051e-02 
-4.497367e-01 
-9.543222e-01 
-9.543222e-01 
-9.543222e-01 
-9.543222e-01 
-9.543222e-01 
-9.543222e-01 
-9.543222e-01 
-9.543222e-01 
-9.542981e-01 
-9.542568e-01 
-9.542472e-01 
-9.542425e-01 
-9.542419e-01 
-9.542419e-01 
-9.542419e-01 
-9.542419e-01 
-9.542419e-01 
-9.542419e-01 
-9.542419e-01 
-9.542419e-01 
-7.004104e-02 
3.244106e-05 
7.574757e-06 
1.695618e-05 
1.707730e-05 
1.707730e-05 
1.707730e-05 
1.707730e-05 
1.707730e-05 
1.707730e-05 
1.707730e-05 
1.732255e-05 
1.992925e-05 
2.396782e-05 
-7.032970e-05 
-5.677724e-04 
-5.679239e-04 
-5.679239e-04 
-5.679239e-04 
-5.679239e-04 
-5.679239e-04 
-5.679239e-04 
-5.679239e-04 
-8.698143e-04 
-2.806850e-03 
-2.314156e-02 
-7.938545e-01 
-9.543222e-01 
-9.543222e-01 
-9.543222e-01 
-9.543222e-01 
-9.543222e-01 
-9.543222e-01 
-9.543222e-01 
-9.543222e-01 
-9.542819e-01 
-9.542535e-01 
-9.542457e-01 
-9.542419e-01 
-9.542419e-01 
-9.542419e-01 
-9.542419e-01 
-9.542419e-01 
-9.542419e-01 
-9.542419e-01 
-9.542419e-01 
-7.956757e-01 
-7.039367e-03 
2.051390e-05 
5.942394e-06 
1.707816e-05 
1.707730e-05 
1.707730e-05 
1.707730e-05 
1.707730e-05 
1.707730e-05 
1.707730e-05 
1.707730e-05 
1.783881e-05 
2.091383e-05 
2.363907e-05 
-2.350443e-04 
-5.679221e-04 
-5.679239e-04 
-5.679239e-04 
-5.679239e-04 
-5.679239e-04 
-5.679239e-04 
-5.679239e-04 
-5.679239e-04 
-1.118208e-03 
-4.256205e-03 
-5.630356e-02 
-9.523162e-01 
-9.543222e-01 
-9.543222e-01 
-9.543222e-01 
-9.543222e-01 
-9.543222e-01 
-9.543222e-01 
-9.543222e-01 
-9.543193e-01 
-9.542681e-01 
-9.542509e-01 
-9.542445e-01 
-9.542419e-01 
-9.542419e-01 
-9.542419e-01 
-9.542419e-01 
-9.542419e-01 
-9.542419e-01 
-9.542419e-01 
-9.542419e-01 
-5.299546e-01 
-2.752822e-04 
1.378840e-05 
8.564077e-06 
1.707741e-05 
1.707730e-05 
1.707730e-05 
1.707730e-05 
1.707730e-05 
1.707730e-05 
1.707730e-05 
1.707730e-05 
1.845876e-05 
2.202974e-05 
1.843127e-05 
-4.640776e-04 
-5.679239e-04 
-5.679239e-04 
-5.679239e-04 
-5.679239e-04 
-5.679239e-04 
-5.679239e-04 
-5.679239e-04 
-5.920541e-04 
-1.484877e-03 
-6.941417e-03 
-1.737986e-01 
-9.543179e-01 
-9.543222e-01 
-9.543222e-01 
-9.543222e-01 
-9.543222e-01 
-9.543222e-01 
-9.543222e-01 
-9.543222e-01 
-9.543095e-01 
-9.542607e-01 
-9.542488e-01 
-9.542434e-01 
-9.542419e-01 
-9.542419e-01 
-9.542419e-01 
-9.542419e-01 
-9.542419e-01 
-9.542419e-01 
-9.542419e-01 
-9.542419e-01 
-2.476251e-01 
4.147426e-05 
9.802421e-06 
3.704991e-06 
3.322127e-06 
3.322127e-06 
3.322127e-06 
3.322127e-06 
3.322127e-06 
3.322127e-06 
3.322127e-06 
3.325748e-06 
5.571189e-06 
1.466309e-05 
1.127898e-04 
6.303214e-04 
6.327310e-04 
6.327310e-04 
6.327310e-04 
6.327310e-04 
6.327310e-04 
6.327310e-04 
6.327310e-04 
7.952000e-04 
2.112780e-03 
1.278776e-02 
5.017375e-01 
9.543225e-01 
9.543225e-01 
9.543225e-01 
9.543225e-01 
9.543225e-01 
9.543225e-01 
9.543225e-01 
9.543225e-01 
9.543009e-01 
9.542619e-01 
9.542488e-01 
9.542433e-01 
9.542427e-01 
9.542427e-01 
9.542427e-01 
9.542427e-01 
9.542427e-01 
9.542427e-01 
9.542427e-01 
9.521655e-01 
5.544131e-02 
3.106036e-05 
7.301172e-06 
3.331117e-06 
3.322127e-06 
3.322127e-06 
3.322127e-06 
3.322127e-06 
3.322127e-06 
3.322127e-06 
3.322127e-06 
3.569726e-06 
6.801011e-06 
2.125575e-05 
2.460635e-04 
6.326953e-04 
6.327310e-04 
6.327310e-04 
6.327310e-04 
6.327310e-04 
6.327310e-04 
6.327310e-04 
6.327310e-04 
9.888512e-04 
3.044470e-03 
2.626218e-02 
8.292582e-01 
9.543225e-01 
9.543225e-01 
9.543225e-01 
9.543225e-01 
9.543225e-01 
9.543225e-01 
9.543225e-01 
9.543225e-01 
9.542889e-01 
9.542570e-01 
9.542470e-01 
9.542427e-01 
9.542427e-01 
9.542427e-01 
9.542427e-01 
9.542427e-01 
9.542427e-01 
9.542427e-01 
9.542427e-01 
7.631762e-01 
5.394016e-03 
1.940262e-05 
5.820435e-06 
1.707824e-05 
1.707730e-05 
1.707730e-05 
1.707730e-05 
1.707730e-05 
1.707730e-05 
1.707730e-05 
1.707730e-05 
1.791505e-05 
2.105461e-05 
2.336831e-05 
-2.630071e-04 
-5.679229e-04 
-5.679239e-04 
-5.679239e-04 
-5.679239e-04 
-5.679239e-04 
-5.679239e-04 
-5.679239e-04 
-5.679239e-04 
-1.158663e-03 
-4.519686e-03 
-6.446687e-02 
-9.534337e-01 
-9.543222e-01 
-9.543222e-01 
-9.543222e-01 
-9.543222e-01 
-9.543222e-01 
-9.543222e-01 
-9.543222e-01 
-9.543183e-01 
-9.542668e-01 
-9.542506e-01 
-9.542443e-01 
-9.542419e-01 
-9.542419e-01 
-9.542419e-01 
-9.542419e-01 
-9.542419e-01 
-9.542419e-01 
-9.542419e-01 
-9.542419e-01 
-4.924892e-01 
-1.519206e-04 
1.314135e-05 
9.889159e-06 
1.707737e-05 
1.707730e-05 
1.707730e-05 
1.707730e-05 
1.707730e-05 
1.707730e-05 
1.707730e-05 
1.707730e-05 
1.854864e-05 
2.218403e-05 
1.688932e-05 
-4.905999e-04 
-5.679239e-04 
-5.679239e-04 
-5.679239e-04 
-5.679239e-04 
-5.679239e-04 
-5.679239e-04 
-5.679239e-04 
-6.043532e-04 
-1.545772e-03 
-7.454524e-03 
-2.039717e-01 
-9.543203e-01 
-9.543222e-01 
-9.543222e-01 
-9.543222e-01 
-9.543222e-01 
-9.543222e-01 
-9.543222e-01 
-9.543222e-01 
-9.543079e-01 
-9.542600e-01 
-9.542485e-01 
-9.542432e-01 
-9.542419e-01 
-9.542419e-01 
-9.542419e-01 
-9.542419e-01 
-9.542419e-01 
-9.542419e-01 
-9.542419e-01 
-9.542419e-01 
-2.134419e-01 
4.202625e-05 
9.403926e-06 
3.580528e-06 
3.321308e-06 
3.321308e-06 
3.321308e-06 
3.321308e-06 
3.321308e-06 
3.321308e-06 
3.321308e-06 
3.333147e-06 
5.710549e-06 
1.534250e-05 
1.253348e-04 
6.312871e-04 
6.327248e-04 
6.327248e-04 
6.327248e-04 
6.327248e-04 
6.327248e-04 
6.327248e-04 
6.327248e-04 
8.174943e-04 
2.210938e-03 
1.394094e-02 
5.520339e-01 
9.543225e-01 
9.543225e-01 
9.543225e-01 
9.543225e-01 
9.543225e-01 
9.543225e-01 
9.543225e-01 
9.543225e-01 
9.542994e-01 
9.542612e-01 
9.542485e-01 
9.542432e-01 
9.542427e-01 
9.542427e-01 
9.542427e-01 
9.542427e-01 
9.542427e-01 
9.542427e-01 
9.542427e-01 
9.401995e-01 
4.251225e-02 
2.897490e-05 
7.045747e-06 
3.327034e-06 
3.322127e-06 
3.322127e-06 
3.322127e-06 
3.322127e-06 
3.322127e-06 
3.322127e-06 
3.322127e-06 
3.627736e-06 
6.997616e-06 
2.245539e-05 
2.695837e-04 
6.327113e-04 
6.327310e-04 
6.327310e-04 
6.327310e-04 
6.327310e-04 
6.327310e-04 
6.327310e-04 
6.327310e-04 
1.018827e-03 
3.208098e-03 
2.926342e-02 
8.619200e-01 
9.543225e-01 
9.543225e-01 
9.543225e-01 
9.543225e-01 
9.543225e-01 
9.543225e-01 
9.543225e-01 
9.543225e-01 
9.542873e-01 
9.542565e-01 
9.542468e-01 
9.542427e-01 
9.542427e-01 
9.542427e-01 
9.542427e-01 
9.542427e-01 
9.542427e-01 
9.542427e-01 
9.542427e-01 
7.296054e-01 
3.788412e-03 
1.835983e-05 
5.747831e-06 
1.707811e-05 
1.707730e-05 
1.707730e-05 
1.707730e-05 
1.707730e-05 
1.707730e-05 
1.707730e-05 
1.707730e-05 
1.799298e-05 
2.119771e-05 
2.300923e-05 
-2.920366e-04 
-5.679234e-04 
-5.679239e-04 
-5.679239e-04 
-5.679239e-04 
-5.679239e-04 
-5.679239e-04 
-5.679239e-04 
-5.679239e-04 
-1.201274e-03 
-4.805766e-03 
-7.415116e-02 
-9.539286e-01 
-9.543222e-01 
-9.543222e-01 
-9.543222e-01 
-9.543222e-01 
-9.543222e-01 
-9.543222e-01 
-9.543222e-01 
-9.543171e-01 
-9.542656e-01 
-9.542503e-01 
-9.542442e-01 
-9.542419e-01 
-9.542419e-01 
-9.542419e-01 
-9.542419e-01 
-9.542419e-01 
-9.542419e-01 
-9.542419e-01 
-9.542419e-01 
-4.547391e-01 
-7.266540e-05 
1.253639e-05 
4.804714e-06 
3.321307e-06 
3.321308e-06 
3.321308e-06 
3.321308e-06 
3.321308e-06 
3.321308e-06 
3.321308e-06 
3.321308e-06 
4.887703e-06 
1.162417e-05 
6.561111e-05 
6.038079e-04 
6.327248e-04 
6.327248e-04 
6.327248e-04 
6.327248e-04 
6.327248e-04 
6.327248e-04 
6.327248e-04 
6.886033e-04 
1.666258e-03 
8.231969e-03 
2.406736e-01 
9.543217e-01 
9.543225e-01 
9.543225e-01 
9.543225e-01 
9.543225e-01 
9.543225e-01 
9.543225e-01 
9.543225e-01 
9.543089e-01 
9.542668e-01 
9.542504e-01 
9.542441e-01 
9.542427e-01 
9.542427e-01 
9.542427e-01 
9.542427e-01 
9.542427e-01 
9.542427e-01 
9.542427e-01 
9.542427e-01 
1.823217e-01 
5.089336e-05 
9.029460e-06 
1.631187e-05 
1.707730e-05 
1.707730e-05 
1.707730e-05 
1.707730e-05 
1.707730e-05 
1.707730e-05 
1.707730e-05 
1.711815e-05 
1.940434e-05 
2.346649e-05 
-1.847673e-05 
-5.660987e-04 
-5.679239e-04 
-5.679239e-04 
-5.679239e-04 
-5.679239e-04 
-5.679239e-04 
-5.679239e-04 
-5.679239e-04 
-7.579302e-04 
-2.245297e-03 
-1.487978e-02 
-6.003970e-01 
-9.543222e-01 
-9.543222e-01 
-9.543222e-01 
-9.543222e-01 
-9.543222e-01 
-9.543222e-01 
-9.543222e-01 
-9.543222e-01 
-9.542919e-01 
-9.542554e-01 
-9.542466e-01 
-9.542422e-01 
-9.542419e-01 
-9.542419e-01 
-9.542419e-01 
-9.542419e-01 
-9.542419e-01 
-9.542419e-01 
-9.542419e-01 
-9.214900e-01 
-3.116279e-02 
2.690431e-05 
6.813125e-06 
1.705800e-05 
1.707730e-05 
1.707730e-05 
1.707730e-05 
1.707730e-05 
1.707730e-05 
1.707730e-05 
1.707730e-05 
1.751261e-05 
2.030258e-05 
2.409516e-05 
-1.242987e-04 
-5.678968e-04 
-5.679239e-04 
-5.679239e-04 
-5.679239e-04 
-5.679239e-04 
-5.679239e-04 
-5.679239e-04 
-5.679239e-04 
-9.575204e-04 
-3.286104e-03 
-3.207088e-02 
-8.916848e-01 
-9.543222e-01 
-9.543222e-01 
-9.543222e-01 
-9.543222e-01 
-9.543222e-01 
-9.543222e-01 
-9.543222e-01 
-9.543222e-01 
-9.542756e-01 
-9.542524e-01 
-9.542452e-01 
-9.542419e-01 
-9.542419e-01 
-9.542419e-01 
-9.542419e-01 
-9.542419e-01 
-9.542419e-01 
-9.542419e-01 
-9.542419e-01 
-6.951284e-01 
-2.249474e-03 
1.739110e-05 
5.456176e-06 
3.322125e-06 
3.322127e-06 
3.322127e-06 
3.322127e-06 
3.322127e-06 
3.322127e-06 
3.322127e-06 
3.322127e-06 
4.252761e-06 
9.147267e-06 
3.862802e-05 
4.813107e-04 
6.327309e-04 
6.327310e-04 
6.327310e-04 
6.327310e-04 
6.327310e-04 
6.327310e-04 
6.327310e-04 
6.327310e-04 
1.310337e-03 
5.261248e-03 
8.695874e-02 
9.541481e-01 
9.543225e-01 
9.543225e-01 
9.543225e-01 
9.543225e-01 
9.543225e-01 
9.543225e-01 
9.543225e-01 
9.543170e-01 
9.542744e-01 
9.542527e-01 
9.542452e-01 
9.542427e-01 
9.542427e-01 
9.542427e-01 
9.542427e-01 
9.542427e-01 
9.542427e-01 
9.542427e-01 
9.542427e-01 
4.171523e-01 
1.876644e-04 
1.197055e-05 
1.253902e-05 
1.707732e-05 
1.707730e-05 
1.707730e-05 
1.707730e-05 
1.707730e-05 
1.707730e-05 
1.707730e-05 
1.707730e-05 
1.873443e-05 
2.249406e-05 
1.274920e-05 
-5.296003e-04 
-5.679239e-04 
-5.679239e-04 
-5.679239e-04 
-5.679239e-04 
-5.679239e-04 
-5.679239e-04 
-5.679239e-04 
-6.334818e-04 
-1.678551e-03 
-8.643397e-03 
-2.787396e-01 
-9.543218e-01 
-9.543222e-01 
-9.543222e-01 
-9.543222e-01 
-9.543222e-01 
-9.543222e-01 
-9.543222e-01 
-9.543222e-01 
-9.543046e-01 
-9.542588e-01 
-9.542480e-01 
-9.542430e-01 
-9.542419e-01 
-9.542419e-01 
-9.542419e-01 
-9.542419e-01 
-9.542419e-01 
-9.542419e-01 
-9.542419e-01 
-9.542419e-01 
-1.515405e-01 
3.966520e-05 
8.675274e-06 
3.427116e-06 
3.321308e-06 
3.321308e-06 
3.321308e-06 
3.321308e-06 
3.321308e-06 
3.321308e-06 
3.321308e-06 
3.371662e-06 
6.009692e-06 
1.684898e-05 
1.549697e-04 
6.322352e-04 
6.327248e-04 
6.327248e-04 
6.327248e-04 
6.327248e-04 
6.327248e-04 
6.327248e-04 
6.327248e-04 
8.649977e-04 
2.427329e-03 
1.669273e-02 
6.473716e-01 
9.543225e-01 
9.543225e-01 
9.543225e-01 
9.543225e-01 
9.543225e-01 
9.543225e-01 
9.543225e-01 
9.543225e-01 
9.542963e-01 
9.542598e-01 
9.542480e-01 
9.542429e-01 
9.542427e-01 
9.542427e-01 
9.542427e-01 
9.542427e-01 
9.542427e-01 
9.542427e-01 
9.542427e-01 
8.984253e-01 
2.395059e-02 
2.542307e-05 
6.590365e-06 
1.706861e-05 
1.707730e-05 
1.707730e-05 
1.707730e-05 
1.707730e-05 
1.707730e-05 
1.707730e-05 
1.707730e-05 
1.758090e-05 
2.043209e-05 
2.407836e-05 
-1.458589e-04 
-5.679088e-04 
-5.679239e-04 
-5.679239e-04 
-5.679239e-04 
-5.679239e-04 
-5.679239e-04 
-5.679239e-04 
-5.679239e-04 
-9.896912e-04 
-3.470692e-03 
-3.601779e-02 
-9.183258e-01 
-9.543222e-01 
-9.543222e-01 
-9.543222e-01 
-9.543222e-01 
-9.543222e-01 
-9.543222e-01 
-9.543222e-01 
-9.543219e-01 
-9.542737e-01 
-9.542521e-01 
-9.542450e-01 
-9.542419e-01 
-9.542419e-01 
-9.542419e-01 
-9.542419e-01 
-9.542419e-01 
-9.542419e-01 
-9.542419e-01 
-9.542419e-01 
-6.599317e-01 
-1.488508e-03 
1.649725e-05 
5.900450e-06 
1.707775e-05 
1.707730e-05 
1.707730e-05 
1.707730e-05 
1.707730e-05 
1.707730e-05 
1.707730e-05 
1.707730e-05 
1.815400e-05 
2.149043e-05 
2.195556e-05 
-3.528369e-04 
-5.679237e-04 
-5.679239e-04 
-5.679239e-04 
-5.679239e-04 
-5.679239e-04 
-5.679239e-04 
-5.679239e-04 
-5.680577e-04 
-1.293549e-03 
-5.455859e-03 
-9.943388e-02 
-9.542449e-01 
-9.543222e-01 
-9.543222e-01 
-9.543222e-01 
-9.543222e-01 
-9.543222e-01 
-9.543222e-01 
-9.543222e-01 
-9.543146e-01 
-9.542636e-01 
-9.542497e-01 
-9.542439e-01 
-9.542419e-01 
-9.542419e-01 
-9.542419e-01 
-9.542419e-01 
-9.542419e-01 
-9.542419e-01 
-9.542419e-01 
-9.542419e-01 
-3.788894e-01 
7.645290e-06 
1.144009e-05 
4.372020e-06 
3.321307e-06 
3.321308e-06 
3.321308e-06 
3.321308e-06 
3.321308e-06 
3.321308e-06 
3.321308e-06 
3.321308e-06 
5.115657e-06 
1.259413e-05 
7.897499e-05 
6.197515e-04 
6.327248e-04 
6.327248e-04 
6.327248e-04 
6.327248e-04 
6.327248e-04 
6.327248e-04 
6.327248e-04 
7.233103e-04 
1.809312e-03 
9.574900e-03 
3.244438e-01 
9.543223e-01 
9.543225e-01 
9.543225e-01 
9.543225e-01 
9.543225e-01 
9.543225e-01 
9.543225e-01 
9.543225e-01 
9.543062e-01 
9.542649e-01 
9.542498e-01 
9.542438e-01 
9.542427e-01 
9.542427e-01 
9.542427e-01 
9.542427e-01 
9.542427e-01 
9.542427e-01 
9.542427e-01 
9.542427e-01 
1.258333e-01 
4.132846e-05 
8.343325e-06 
1.668955e-05 
1.707730e-05 
1.707730e-05 
1.707730e-05 
1.707730e-05 
1.707730e-05 
1.707730e-05 
1.707730e-05 
1.718936e-05 
1.962819e-05 
2.371707e-05 
-3.710860e-05 
-5.672958e-04 
-5.679239e-04 
-5.679239e-04 
-5.679239e-04 
-5.679239e-04 
-5.679239e-04 
-5.679239e-04 
-5.679239e-04 
-8.041056e-04 
-2.470406e-03 
-1.792528e-02 
-6.915133e-01 
-9.543222e-01 
-9.543222e-01 
-9.543222e-01 
-9.543222e-01 
-9.543222e-01 
-9.543222e-01 
-9.543222e-01 
-9.543222e-01 
-9.542876e-01 
-9.542546e-01 
-9.542462e-01 
-9.542420e-01 
-9.542419e-01 
-9.542419e-01 
-9.542419e-01 
-9.542419e-01 
-9.542419e-01 
-9.542419e-01 
-9.542419e-01 
-8.722594e-01 
-1.683634e-02 
2.382094e-05 
6.383647e-06 
1.707417e-05 
1.707730e-05 
1.707730e-05 
1.707730e-05 
1.707730e-05 
1.707730e-05 
1.707730e-05 
1.707730e-05 
1.765108e-05 
2.056412e-05 
2.402193e-05 
-1.690533e-04 
-5.679155e-04 
-5.679239e-04 
-5.679239e-04 
-5.679239e-04 
-5.679239e-04 
-5.679239e-04 
-5.679239e-04 
-5.679239e-04 
-1.023483e-03 
-3.669732e-03 
-4.061036e-02 
-9.381222e-01 
-9.543222e-01 
-9.543222e-01 
-9.543222e-01 
-9.543222e-01 
-9.543222e-01 
-9.543222e-01 
-9.543222e-01 
-9.543215e-01 
-9.542720e-01 
-9.542517e-01 
-9.542449e-01 
-9.542419e-01 
-9.542419e-01 
-9.542419e-01 
-9.542419e-01 
-9.542419e-01 
-9.542419e-01 
-9.542419e-01 
-9.542419e-01 
-6.241031e-01 
-9.649786e-04 
1.566635e-05 
6.260956e-06 
1.707761e-05 
1.707730e-05 
1.707730e-05 
1.707730e-05 
1.707730e-05 
1.707730e-05 
1.707730e-05 
1.707730e-05 
1.823717e-05 
2.163976e-05 
2.121706e-05 
-3.842971e-04 
-5.679238e-04 
-5.679239e-04 
-5.679239e-04 
-5.679239e-04 
-5.679239e-04 
-5.679239e-04 
-5.679239e-04 
-5.708932e-04 
-1.343534e-03 
-5.825799e-03 
-1.158673e-01 
-9.542879e-01 
-9.543222e-01 
-9.543222e-01 
-9.543222e-01 
-9.543222e-01 
-9.543222e-01 
-9.543222e-01 
-9.543222e-01 
-9.543132e-01 
-9.542627e-01 
-9.542495e-01 
-9.542437e-01 
-9.542419e-01 
-9.542419e-01 
-9.542419e-01 
-9.542419e-01 
-9.542419e-01 
-9.542419e-01 
-9.542419e-01 
-9.542419e-01 
-3.411662e-01 
2.554592e-05 
1.094282e-05 
4.160254e-06 
3.321307e-06 
3.321308e-06 
3.321308e-06 
3.321308e-06 
3.321308e-06 
3.321308e-06 
3.321308e-06 
3.321308e-06 
5.236656e-06 
1.312734e-05 
8.701702e-05 
6.243985e-04 
6.327248e-04 
6.327248e-04 
6.327248e-04 
6.327248e-04 
6.327248e-04 
6.327248e-04 
6.327248e-04 
7.422789e-04 
1.887801e-03 
1.035677e-02 
3.720412e-01 
9.543224e-01 
9.543225e-01 
9.543225e-01 
9.543225e-01 
9.543225e-01 
9.543225e-01 
9.543225e-01 
9.543225e-01 
9.543047e-01 
9.542640e-01 
9.542495e-01 
9.542437e-01 
9.542427e-01 
9.542427e-01 
9.542427e-01 
9.542427e-01 
9.542427e-01 
9.542427e-01 
9.542427e-01 
9.542427e-01 
1.020445e-01 
3.783703e-05 
8.029509e-06 
1.682128e-05 
1.707730e-05 
1.707730e-05 
1.707730e-05 
1.707730e-05 
1.707730e-05 
1.707730e-05 
1.707730e-05 
1.723682e-05 
1.974375e-05 
2.382632e-05 
-4.872642e-05 
-5.675610e-04 
-5.679239e-04 
-5.679239e-04 
-5.679239e-04 
-5.679239e-04 
-5.679239e-04 
-5.679239e-04 
-5.679239e-04 
-8.288246e-04 
-2.594730e-03 
-1.975730e-02 
-7.334140e-01 
-9.543222e-01 
-9.543222e-01 
-9.543222e-01 
-9.543222e-01 
-9.543222e-01 
-9.543222e-01 
-9.543222e-01 
-9.543222e-01 
-9.542853e-01 
-9.542541e-01 
-9.542460e-01 
-9.542420e-01 
-9.542419e-01 
-9.542419e-01 
-9.542419e-01 
-9.542419e-01 
-9.542419e-01 
-9.542419e-01 
-9.542419e-01 
-8.437531e-01 
-1.211188e-02 
2.245065e-05 
6.194468e-06 
1.707683e-05 
1.707730e-05 
1.707730e-05 
1.707730e-05 
1.707730e-05 
1.707730e-05 
1.707730e-05 
1.707730e-05 
1.772302e-05 
2.069867e-05 
2.391817e-05 
-1.937533e-04 
-5.679193e-04 
-5.679239e-04 
-5.679239e-04 
-5.679239e-04 
-5.679239e-04 
-5.679239e-04 
-5.679239e-04 
-5.679239e-04 
-1.058999e-03 
-3.884664e-03 
-4.597770e-02 
-9.471523e-01 
-9.543222e-01 
-9.543222e-01 
-9.543222e-01 
-9.543222e-01 
-9.543222e-01 
-9.543222e-01 
-9.543222e-01 
-9.543208e-01 
-9.542703e-01 
-9.542514e-01 
-9.542447e-01 
-9.542419e-01 
-9.542419e-01 
-9.542419e-01 
-9.542419e-01 
-9.542419e-01 
-9.542419e-01 
-9.542419e-01 
-9.542419e-01 
-5.877262e-01 
-6.096024e-04 
1.489293e-05 
5.238234e-06 
3.322123e-06 
3.322127e-06 
3.322127e-06 
3.322127e-06 
3.322127e-06 
3.322127e-06 
3.322127e-06 
3.322127e-06 
4.524048e-06 
1.016350e-05 
4.849914e-05 
5.472793e-04 
6.327309e-04 
6.327310e-04 
6.327310e-04 
6.327310e-04 
6.327310e-04 
6.327310e-04 
6.327310e-04 
6.429014e-04 
1.452832e-03 
6.401426e-03 
1.370854e-01 
9.543073e-01 
9.543225e-01 
9.543225e-01 
9.543225e-01 
9.543225e-01 
9.543225e-01 
9.543225e-01 
9.543225e-01 
9.543135e-01 
9.542707e-01 
9.542516e-01 
9.542447e-01 
9.542427e-01 
9.542427e-01 
9.542427e-01 
9.542427e-01 
9.542427e-01 
9.542427e-01 
9.542427e-01 
9.542427e-01 
3.045834e-01 
8.873861e-05 
1.047635e-05 
1.518034e-05 
1.707730e-05 
1.707730e-05 
1.707730e-05 
1.707730e-05 
1.707730e-05 
1.707730e-05 
1.707730e-05 
1.707742e-05 
1.902881e-05 
2.295451e-05 
2.778485e-06 
-5.572761e-04 
-5.679239e-04 
-5.679239e-04 
-5.679239e-04 
-5.679239e-04 
-5.679239e-04 
-5.679239e-04 
-5.679239e-04 
-6.854071e-04 
-1.909508e-03 
-1.094978e-02 
-4.209454e-01 
-9.543222e-01 
-9.543222e-01 
-9.543222e-01 
-9.543222e-01 
-9.543222e-01 
-9.543222e-01 
-9.543222e-01 
-9.543222e-01 
-9.542992e-01 
-9.542571e-01 
-9.542474e-01 
-9.542426e-01 
-9.542419e-01 
-9.542419e-01 
-9.542419e-01 
-9.542419e-01 
-9.542419e-01 
-9.542419e-01 
-9.542419e-01 
-9.542419e-01 
-8.023208e-02 
3.358693e-05 
7.731306e-06 
3.344182e-06 
3.322127e-06 
3.322127e-06 
3.322127e-06 
3.322127e-06 
3.322127e-06 
3.322127e-06 
3.322127e-06 
3.487983e-06 
6.511627e-06 
1.956606e-05 
2.114767e-04 
6.326416e-04 
6.327310e-04 
6.327310e-04 
6.327310e-04 
6.327310e-04 
6.327310e-04 
6.327310e-04 
6.327310e-04 
9.439628e-04 
2.810969e-03 
2.232638e-02 
7.728622e-01 
9.543225e-01 
9.543225e-01 
9.543225e-01 
9.543225e-01 
9.543225e-01 
9.543225e-01 
9.543225e-01 
9.543225e-01 
9.542914e-01 
9.542579e-01 
9.542473e-01 
9.542428e-01 
9.542427e-01 
9.542427e-01 
9.542427e-01 
9.542427e-01 
9.542427e-01 
9.542427e-01 
9.542427e-01 
8.134170e-01 
9.212525e-03 
2.120777e-05 
6.025970e-06 
1.707792e-05 
1.707730e-05 
1.707730e-05 
1.707730e-05 
1.707730e-05 
1.707730e-05 
1.707730e-05 
1.707730e-05 
1.779666e-05 
2.083568e-05 
2.375797e-05 
-2.198246e-04 
-5.679214e-04 
-5.679239e-04 
-5.679239e-04 
-5.679239e-04 
-5.679239e-04 
-5.679239e-04 
-5.679239e-04 
-5.679239e-04 
-1.096348e-03 
-4.117097e-03 
-5.227817e-02 
-9.511481e-01 
-9.543222e-01 
-9.543222e-01 
-9.543222e-01 
-9.543222e-01 
-9.543222e-01 
-9.543222e-01 
-9.543222e-01 
-9.543199e-01 
-9.542689e-01 
-9.542511e-01 
-9.542446e-01 
-9.542419e-01 
-9.542419e-01 
-9.542419e-01 
-9.542419e-01 
-9.542419e-01 
-9.542419e-01 
-9.542419e-01 
-9.542419e-01 
-5.508712e-01 
-3.716765e-04 
1.417232e-05 
7.893803e-06 
1.707744e-05 
1.707730e-05 
1.707730e-05 
1.707730e-05 
1.707730e-05 
1.707730e-05 
1.707730e-05 
1.707730e-05 
1.840905e-05 
2.194338e-05 
1.917340e-05 
-4.474814e-04 
-5.679239e-04 
-5.679239e-04 
-5.679239e-04 
-5.679239e-04 
-5.679239e-04 
-5.679239e-04 
-5.679239e-04 
-5.859914e-04 
-1.452103e-03 
-6.673439e-03 
-1.588311e-01 
-9.543155e-01 
-9.543222e-01 
-9.543222e-01 
-9.543222e-01 
-9.543222e-01 
-9.543222e-01 
-9.543222e-01 
-9.543222e-01 
-9.543103e-01 
-9.542611e-01 
-9.542489e-01 
-9.542434e-01 
-9.542419e-01 
-9.542419e-01 
-9.542419e-01 
-9.542419e-01 
-9.542419e-01 
-9.542419e-01 
-9.542419e-01 
-9.542419e-01 
-2.675573e-01 
4.022231e-05 
1.003749e-05 
3.791294e-06 
3.322127e-06 
3.322127e-06 
3.322127e-06 
3.322127e-06 
3.322127e-06 
3.322127e-06 
3.322127e-06 
3.323527e-06 
5.494881e-06 
1.430252e-05 
1.064008e-04 
6.295325e-04 
6.327310e-04 
6.327310e-04 
6.327310e-04 
6.327310e-04 
6.327310e-04 
6.327310e-04 
6.327310e-04 
7.830645e-04 
2.060246e-03 
1.219410e-02 
4.730404e-01 
9.543225e-01 
9.543225e-01 
9.543225e-01 
9.543225e-01 
9.543225e-01 
9.543225e-01 
9.543225e-01 
9.543225e-01 
9.543018e-01 
9.542623e-01 
9.542489e-01 
9.542434e-01 
9.542427e-01 
9.542427e-01 
9.542427e-01 
9.542427e-01 
9.542427e-01 
9.542427e-01 
9.542427e-01 
9.542427e-01 
6.394813e-02 
3.234871e-05 
7.454801e-06 
1.698127e-05 
1.707730e-05 
1.707730e-05 
1.707730e-05 
1.707730e-05 
1.707730e-05 
1.707730e-05 
1.707730e-05 
1.734851e-05 
1.998228e-05 
2.399969e-05 
-7.716907e-05 
-5.678056e-04 
-5.679239e-04 
-5.679239e-04 
-5.679239e-04 
-5.679239e-04 
-5.679239e-04 
-5.679239e-04 
-5.679239e-04 
-8.818381e-04 
-2.870495e-03 
-2.422271e-02 
-8.096575e-01 
-9.543222e-01 
-9.543222e-01 
-9.543222e-01 
-9.543222e-01 
-9.543222e-01 
-9.543222e-01 
-9.543222e-01 
-9.543222e-01 
-9.542809e-01 
-9.542534e-01 
-9.542457e-01 
-9.542419e-01 
-9.542419e-01 
-9.542419e-01 
-9.542419e-01 
-9.542419e-01 
-9.542419e-01 
-9.542419e-01 
-9.542419e-01 
-7.815966e-01 
-6.010082e-03 
2.001264e-05 
5.884290e-06 
1.707823e-05 
1.707730e-05 
1.707730e-05 
1.707730e-05 
1.707730e-05 
1.707730e-05 
1.707730e-05 
1.707730e-05 
1.787196e-05 
2.097513e-05 
2.353052e-05 
-2.471395e-04 
-5.679225e-04 
-5.679239e-04 
-5.679239e-04 
-5.679239e-04 
-5.679239e-04 
-5.679239e-04 
-5.679239e-04 
-5.679239e-04 
-1.135650e-03 
-4.368839e-03 
-5.970598e-02 
-9.529167e-01 
-9.543222e-01 
-9.543222e-01 
-9.543222e-01 
-9.543222e-01 
-9.543222e-01 
-9.543222e-01 
-9.543222e-01 
-9.543189e-01 
-9.542675e-01 
-9.542508e-01 
-9.542444e-01 
-9.542419e-01 
-9.542419e-01 
-9.542419e-01 
-9.542419e-01 
-9.542419e-01 
-9.542419e-01 
-9.542419e-01 
-9.542419e-01 
-5.136050e-01 
-2.147039e-04 
1.349990e-05 
9.128730e-06 
1.707739e-05 
1.707730e-05 
1.707730e-05 
1.707730e-05 
1.707730e-05 
1.707730e-05 
1.707730e-05 
1.707730e-05 
1.849784e-05 
2.209714e-05 
1.779382e-05 
-4.762007e-04 
-5.679239e-04 
-5.679239e-04 
-5.679239e-04 
-5.679239e-04 
-5.679239e-04 
-5.679239e-04 
-5.679239e-04 
-5.972151e-04 
-1.511093e-03 
-7.159885e-03 
-1.864220e-01 
-9.543192e-01 
-9.543222e-01 
-9.543222e-01 
-9.543222e-01 
-9.543222e-01 
-9.543222e-01 
-9.543222e-01 
-9.543222e-01 
-9.543088e-01 
-9.542604e-01 
-9.542487e-01 
-9.542433e-01 
-9.542419e-01 
-9.542419e-01 
-9.542419e-01 
-9.542419e-01 
-9.542419e-01 
-9.542419e-01 
-9.542419e-01 
-9.542419e-01 
-2.324539e-01 
4.193491e-05 
9.625590e-06 
1.593394e-05 
1.707730e-05 
1.707730e-05 
1.707730e-05 
1.707730e-05 
1.707730e-05 
1.707730e-05 
1.707730e-05 
1.708819e-05 
1.923605e-05 
2.324943e-05 
-7.554781e-06 
-5.638668e-04 
-5.679239e-04 
-5.679239e-04 
-5.679239e-04 
-5.679239e-04 
-5.679239e-04 
-5.679239e-04 
-5.679239e-04 
-7.246595e-04 
-2.088699e-03 
-1.295875e-02 
-5.232776e-01 
-9.543222e-01 
-9.543222e-01 
-9.543222e-01 
-9.543222e-01 
-9.543222e-01 
-9.543222e-01 
-9.543222e-01 
-9.543222e-01 
-9.542952e-01 
-9.542561e-01 
-9.542469e-01 
-9.542424e-01 
-9.542419e-01 
-9.542419e-01 
-9.542419e-01 
-9.542419e-01 
-9.542419e-01 
-9.542419e-01 
-9.542419e-01 
-9.479854e-01 
-4.835923e-02 
2.965439e-05 
7.187584e-06 
3.329048e-06 
3.322127e-06 
3.322127e-06 
3.322127e-06 
3.322127e-06 
3.322127e-06 
3.322127e-06 
3.322127e-06 
3.594611e-06 
6.885882e-06 
2.176840e-05 
2.562401e-04 
6.327034e-04 
6.327310e-04 
6.327310e-04 
6.327310e-04 
6.327310e-04 
6.327310e-04 
6.327310e-04 
6.327310e-04 
1.001856e-03 
3.114611e-03 
2.752358e-02 
8.438895e-01 
9.543225e-01 
9.543225e-01 
9.543225e-01 
9.543225e-01 
9.543225e-01 
9.543225e-01 
9.543225e-01 
9.543225e-01 
9.542882e-01 
9.542568e-01 
9.542469e-01 
9.542427e-01 
9.542427e-01 
9.542427e-01 
9.542427e-01 
9.542427e-01 
9.542427e-01 
9.542427e-01 
9.542427e-01 
7.486081e-01 
4.625701e-03 
1.893633e-05 
5.656152e-06 
3.322145e-06 
3.322127e-06 
3.322127e-06 
3.322127e-06 
3.322127e-06 
3.322127e-06 
3.322127e-06 
3.322127e-06 
4.122854e-06 
8.680854e-06 
3.460572e-05 
4.439217e-04 
6.327307e-04 
6.327310e-04 
6.327310e-04 
6.327310e-04 
6.327310e-04 
6.327310e-04 
6.327310e-04 
6.327310e-04 
1.248094e-03 
4.774538e-03 
6.961594e-02 
9.537000e-01 
9.543225e-01 
9.543225e-01 
9.543225e-01 
9.543225e-01 
9.543225e-01 
9.543225e-01 
9.543225e-01 
9.543186e-01 
9.542766e-01 
9.542533e-01 
9.542454e-01 
9.542427e-01 
9.542427e-01 
9.542427e-01 
9.542427e-01 
9.542427e-01 
9.542427e-01 
9.542427e-01 
9.542427e-01 
4.762211e-01 
3.065172e-04 
1.287186e-05 
1.049141e-05 
1.707735e-05 
1.707730e-05 
1.707730e-05 
1.707730e-05 
1.707730e-05 
1.707730e-05 
1.707730e-05 
1.707730e-05 
1.858859e-05 
2.225176e-05 
1.611408e-05 
-5.007848e-04 
-5.679239e-04 
-5.679239e-04 
-5.679239e-04 
-5.679239e-04 
-5.679239e-04 
-5.679239e-04 
-5.679239e-04 
-6.102606e-04 
-1.573522e-03 
-7.694982e-03 
-2.186738e-01 
-9.543209e-01 
-9.543222e-01 
-9.543222e-01 
-9.543222e-01 
-9.543222e-01 
-9.543222e-01 
-9.543222e-01 
-9.543222e-01 
-9.543072e-01 
-9.542597e-01 
-9.542484e-01 
-9.542432e-01 
-9.542419e-01 
-9.542419e-01 
-9.542419e-01 
-9.542419e-01 
-9.542419e-01 
-9.542419e-01 
-9.542419e-01 
-9.542419e-01 
-1.990903e-01 
4.179803e-05 
9.237635e-06 
1.618259e-05 
1.707730e-05 
1.707730e-05 
1.707730e-05 
1.707730e-05 
1.707730e-05 
1.707730e-05 
1.707730e-05 
1.710475e-05 
1.934310e-05 
2.339008e-05 
-1.421492e-05 
-5.654810e-04 
-5.679239e-04 
-5.679239e-04 
-5.679239e-04 
-5.679239e-04 
-5.679239e-04 
-5.679239e-04 
-5.679239e-04 
-7.456803e-04 
-2.187107e-03 
-1.414748e-02 
-5.731429e-01 
-9.543222e-01 
-9.543222e-01 
-9.543222e-01 
-9.543222e-01 
-9.543222e-01 
-9.543222e-01 
-9.543222e-01 
-9.543222e-01 
-9.542931e-01 
-9.542557e-01 
-9.542467e-01 
-9.542423e-01 
-9.542419e-01 
-9.542419e-01 
-9.542419e-01 
-9.542419e-01 
-9.542419e-01 
-9.542419e-01 
-9.542419e-01 
-9.326632e-01 
-3.666170e-02 
2.785929e-05 
6.938725e-06 
3.325103e-06 
3.321308e-06 
3.321308e-06 
3.321308e-06 
3.321308e-06 
3.321308e-06 
3.321308e-06 
3.321308e-06 
3.653415e-06 
7.086010e-06 
2.302000e-05 
2.801762e-04 
6.327097e-04 
6.327248e-04 
6.327248e-04 
6.327248e-04 
6.327248e-04 
6.327248e-04 
6.327248e-04 
6.327248e-04 
1.032155e-03 
3.283487e-03 
3.071608e-02 
8.753135e-01 
9.543225e-01 
9.543225e-01 
9.543225e-01 
9.543225e-01 
9.543225e-01 
9.543225e-01 
9.543225e-01 
9.543225e-01 
9.542866e-01 
9.542563e-01 
9.542467e-01 
9.542427e-01 
9.542427e-01 
9.542427e-01 
9.542427e-01 
9.542427e-01 
9.542427e-01 
9.542427e-01 
9.542427e-01 
7.146336e-01 
3.238722e-03 
1.792838e-05 
5.521637e-06 
3.322129e-06 
3.322127e-06 
3.322127e-06 
3.322127e-06 
3.322127e-06 
3.322127e-06 
3.322127e-06 
3.322127e-06 
4.205140e-06 
8.974810e-06 
3.710503e-05 
4.680278e-04 
6.327308e-04 
6.327310e-04 
6.327310e-04 
6.327310e-04 
6.327310e-04 
6.327310e-04 
6.327310e-04 
6.327310e-04 
1.287077e-03 
5.078613e-03 
8.016621e-02 
9.540467e-01 
9.543225e-01 
9.543225e-01 
9.543225e-01 
9.543225e-01 
9.543225e-01 
9.543225e-01 
9.543225e-01 
9.543176e-01 
9.542752e-01 
9.542529e-01 
9.542452e-01 
9.542427e-01 
9.542427e-01 
9.542427e-01 
9.542427e-01 
9.542427e-01 
9.542427e-01 
9.542427e-01 
9.542427e-01 
4.384499e-01 
2.224217e-04 
1.228436e-05 
1.183614e-05 
1.707733e-05 
1.707730e-05 
1.707730e-05 
1.707730e-05 
1.707730e-05 
1.707730e-05 
1.707730e-05 
1.707730e-05 
1.868135e-05 
2.240682e-05 
1.407701e-05 
-5.205732e-04 
-5.679239e-04 
-5.679239e-04 
-5.679239e-04 
-5.679239e-04 
-5.679239e-04 
-5.679239e-04 
-5.679239e-04 
-6.247727e-04 
-1.639638e-03 
-8.284876e-03 
-2.557776e-01 
-9.543216e-01 
-9.543222e-01 
-9.543222e-01 
-9.543222e-01 
-9.543222e-01 
-9.543222e-01 
-9.543222e-01 
-9.543222e-01 
-9.543056e-01 
-9.542591e-01 
-9.542482e-01 
-9.542431e-01 
-9.542419e-01 
-9.542419e-01 
-9.542419e-01 
-9.542419e-01 
-9.542419e-01 
-9.542419e-01 
-9.542419e-01 
-9.542419e-01 
-1.679342e-01 
4.060535e-05 
8.871522e-06 
3.459104e-06 
3.321308e-06 
3.321308e-06 
3.321308e-06 
3.321308e-06 
3.321308e-06 
3.321308e-06 
3.321308e-06 
3.357584e-06 
5.922918e-06 
1.640311e-05 
1.459804e-04 
6.320584e-04 
6.327248e-04 
6.327248e-04 
6.327248e-04 
6.327248e-04 
6.327248e-04 
6.327248e-04 
6.327248e-04 
8.512367e-04 
2.363586e-03 
1.585145e-02 
6.214199e-01 
9.543225e-01 
9.543225e-01 
9.543225e-01 
9.543225e-01 
9.543225e-01 
9.543225e-01 
9.543225e-01 
9.543225e-01 
9.542971e-01 
9.542602e-01 
9.542482e-01 
9.542430e-01 
9.542427e-01 
9.542427e-01 
9.542427e-01 
9.542427e-01 
9.542427e-01 
9.542427e-01 
9.542427e-01 
9.118447e-01 
2.830083e-02 
2.635062e-05 
6.713748e-06 
1.706344e-05 
1.707730e-05 
1.707730e-05 
1.707730e-05 
1.707730e-05 
1.707730e-05 
1.707730e-05 
1.707730e-05 
1.754224e-05 
2.035893e-05 
2.409225e-05 
-1.335223e-04 
-5.679029e-04 
-5.679239e-04 
-5.679239e-04 
-5.679239e-04 
-5.679239e-04 
-5.679239e-04 
-5.679239e-04 
-5.679239e-04 
-9.714015e-04 
-3.365166e-03 
-3.372540e-02 
-9.037418e-01 
-9.543222e-01 
-9.543222e-01 
-9.543222e-01 
-9.543222e-01 
-9.543222e-01 
-9.543222e-01 
-9.543222e-01 
-9.543221e-01 
-9.542748e-01 
-9.542523e-01 
-9.542451e-01 
-9.542419e-01 
-9.542419e-01 
-9.542419e-01 
-9.542419e-01 
-9.542419e-01 
-9.542419e-01 
-9.542419e-01 
-9.542419e-01 
-6.798143e-01 
-1.881998e-03 
1.699196e-05 
5.798279e-06 
1.707785e-05 
1.707730e-05 
1.707730e-05 
1.707730e-05 
1.707730e-05 
1.707730e-05 
1.707730e-05 
1.707730e-05 
1.810800e-05 
2.140726e-05 
2.230384e-05 
-3.354110e-04 
-5.679237e-04 
-5.679239e-04 
-5.679239e-04 
-5.679239e-04 
-5.679239e-04 
-5.679239e-04 
-5.679239e-04 
-5.679239e-04 
-1.266594e-03 
-5.261588e-03 
-9.139708e-02 
-9.542000e-01 
-9.543222e-01 
-9.543222e-01 
-9.543222e-01 
-9.543222e-01 
-9.543222e-01 
-9.543222e-01 
-9.543222e-01 
-9.543153e-01 
-9.542641e-01 
-9.542499e-01 
-9.542439e-01 
-9.542419e-01 
-9.542419e-01 
-9.542419e-01 
-9.542419e-01 
-9.542419e-01 
-9.542419e-01 
-9.542419e-01 
-9.542419e-01 
-4.002155e-01 
-7.576076e-06 
1.173413e-05 
4.486035e-06 
3.322127e-06 
3.322127e-06 
3.322127e-06 
3.322127e-06 
3.322127e-06 
3.322127e-06 
3.322127e-06 
3.322127e-06 
5.050614e-06 
1.230757e-05 
7.483122e-05 
6.162821e-04 
6.327310e-04 
6.327310e-04 
6.327310e-04 
6.327310e-04 
6.327310e-04 
6.327310e-04 
6.327310e-04 
7.130935e-04 
1.767265e-03 
9.169367e-03 
2.991608e-01 
9.543222e-01 
9.543225e-01 
9.543225e-01 
9.543225e-01 
9.543225e-01 
9.543225e-01 
9.543225e-01 
9.543225e-01 
9.543069e-01 
9.542654e-01 
9.542500e-01 
9.542439e-01 
9.542427e-01 
9.542427e-01 
9.542427e-01 
9.542427e-01 
9.542427e-01 
9.542427e-01 
9.542427e-01 
9.542427e-01 
1.405709e-01 
4.360673e-05 
8.528156e-06 
1.659818e-05 
1.707730e-05 
1.707730e-05 
1.707730e-05 
1.707730e-05 
1.707730e-05 
1.707730e-05 
1.707730e-05 
1.716587e-05 
1.956426e-05 
2.365044e-05 
-3.127792e-05 
-5.670723e-04 
-5.679239e-04 
-5.679239e-04 
-5.679239e-04 
-5.679239e-04 
-5.679239e-04 
-5.679239e-04 
-5.679239e-04 
-7.906908e-04 
-2.404057e-03 
-1.699186e-02 
-6.668542e-01 
-9.543222e-01 
-9.543222e-01 
-9.543222e-01 
-9.543222e-01 
-9.543222e-01 
-9.543222e-01 
-9.543222e-01 
-9.543222e-01 
-9.542888e-01 
-9.542548e-01 
-9.542463e-01 
-9.542421e-01 
-9.542419e-01 
-9.542419e-01 
-9.542419e-01 
-9.542419e-01 
-9.542419e-01 
-9.542419e-01 
-9.542419e-01 
-8.873052e-01 
-2.013728e-02 
2.464038e-05 
6.483594e-06 
3.322319e-06 
3.321308e-06 
3.321308e-06 
3.321308e-06 
3.321308e-06 
3.321308e-06 
3.321308e-06 
3.321308e-06 
3.782942e-06 
7.517738e-06 
2.585241e-05 
3.297396e-04 
6.327203e-04 
6.327248e-04 
6.327248e-04 
6.327248e-04 
6.327248e-04 
6.327248e-04 
6.327248e-04 
6.327248e-04 
1.094580e-03 
3.660889e-03 
3.868125e-02 
9.287141e-01 
9.543225e-01 
9.543225e-01 
9.543225e-01 
9.543225e-01 
9.543225e-01 
9.543225e-01 
9.543225e-01 
9.543221e-01 
9.542834e-01 
9.542553e-01 
9.542463e-01 
9.542427e-01 
9.542427e-01 
9.542427e-01 
9.542427e-01 
9.542427e-01 
9.542427e-01 
9.542427e-01 
9.542427e-01 
6.443789e-01 
1.563288e-03 
1.612780e-05 
6.026330e-06 
1.707769e-05 
1.707730e-05 
1.707730e-05 
1.707730e-05 
1.707730e-05 
1.707730e-05 
1.707730e-05 
1.707730e-05 
1.819017e-05 
2.155553e-05 
2.165238e-05 
-3.665342e-04 
-5.679238e-04 
-5.679239e-04 
-5.679239e-04 
-5.679239e-04 
-5.679239e-04 
-5.679239e-04 
-5.679239e-04 
-5.688545e-04 
-1.315084e-03 
-5.613690e-03 
-1.062650e-01 
-9.542680e-01 
-9.543222e-01 
-9.543222e-01 
-9.543222e-01 
-9.543222e-01 
-9.543222e-01 
-9.543222e-01 
-9.543222e-01 
-9.543140e-01 
-9.542632e-01 
-9.542496e-01 
-9.542438e-01 
-9.542419e-01 
-9.542419e-01 
-9.542419e-01 
-9.542419e-01 
-9.542419e-01 
-9.542419e-01 
-9.542419e-01 
-9.542419e-01 
-3.623454e-01 
1.671339e-05 
1.121884e-05 
1.405412e-05 
1.707731e-05 
1.707730e-05 
1.707730e-05 
1.707730e-05 
1.707730e-05 
1.707730e-05 
1.707730e-05 
1.707730e-05 
1.887307e-05 
2.271623e-05 
8.648601e-06 
-5.465595e-04 
-5.679239e-04 
-5.679239e-04 
-5.679239e-04 
-5.679239e-04 
-5.679239e-04 
-5.679239e-04 
-5.679239e-04 
-6.572813e-04 
-1.784049e-03 
-9.658498e-03 
-3.434815e-01 
-9.543221e-01 
-9.543222e-01 
-9.543222e-01 
-9.543222e-01 
-9.543222e-01 
-9.543222e-01 
-9.543222e-01 
-9.543222e-01 
-9.543021e-01 
-9.542580e-01 
-9.542477e-01 
-9.542428e-01 
-9.542419e-01 
-9.542419e-01 
-9.542419e-01 
-9.542419e-01 
-9.542419e-01 
-9.542419e-01 
-9.542419e-01 
-9.542419e-01 
-1.138402e-01 
3.684121e-05 
8.202330e-06 
3.373056e-06 
3.321308e-06 
3.321308e-06 
3.321308e-06 
3.321308e-06 
3.321308e-06 
3.321308e-06 
3.321308e-06 
3.419092e-06 
6.241461e-06 
1.807626e-05 
1.803045e-04 
6.325057e-04 
6.327248e-04 
6.327248e-04 
6.327248e-04 
6.327248e-04 
6.327248e-04 
6.327248e-04 
6.327248e-04 
9.016396e-04 
2.601459e-03 
1.912608e-02 
7.102686e-01 
9.543225e-01 
9.543225e-01 
9.543225e-01 
9.543225e-01 
9.543225e-01 
9.543225e-01 
9.543225e-01 
9.543225e-01 
9.542940e-01 
9.542588e-01 
9.542477e-01 
9.542428e-01 
9.542427e-01 
9.542427e-01 
9.542427e-01 
9.542427e-01 
9.542427e-01 
9.542427e-01 
9.542427e-01 
8.600464e-01 
1.535193e-02 
2.326366e-05 
6.298589e-06 
1.707560e-05 
1.707730e-05 
1.707730e-05 
1.707730e-05 
1.707730e-05 
1.707730e-05 
1.707730e-05 
1.707730e-05 
1.768234e-05 
2.062268e-05 
2.398286e-05 
-1.796819e-04 
-5.679174e-04 
-5.679239e-04 
-5.679239e-04 
-5.679239e-04 
-5.679239e-04 
-5.679239e-04 
-5.679239e-04 
-5.679239e-04 
-1.038802e-03 
-3.761716e-03 
-4.285457e-02 
-9.429885e-01 
-9.543222e-01 
-9.543222e-01 
-9.543222e-01 
-9.543222e-01 
-9.543222e-01 
-9.543222e-01 
-9.543222e-01 
-9.543212e-01 
-9.542712e-01 
-9.542516e-01 
-9.542448e-01 
-9.542419e-01 
-9.542419e-01 
-9.542419e-01 
-9.542419e-01 
-9.542419e-01 
-9.542419e-01 
-9.542419e-01 
-9.542419e-01 
-6.082518e-01 
-7.921802e-04 
0.000000e+00 
0.000000e+00 
0.000000e+00 
0.000000e+00 
0.000000e+00 
0.000000e+00 
0.000000e+00 
0.000000e+00
#[#TRACE_DATA]
#[#TRACE]
