#[TRACE]
#data_labels=Output
#[TRACE_DATA]
-5.278830e-03 
-6.562109e-03 
-8.554824e-03 
-1.145295e-02 
-1.582621e-02 
-2.272314e-02 
-3.419002e-02 
-5.445687e-02 
-9.248235e-02 
-1.648551e-01 
-2.853702e-01 
-4.362299e-01 
-5.886048e-01 
-7.301927e-01 
-8.540649e-01 
-9.486640e-01 
-9.543232e-01 
-9.543232e-01 
-9.543232e-01 
-9.543232e-01 
-9.543232e-01 
-9.543232e-01 
-9.543232e-01 
-9.543232e-01 
-9.543232e-01 
-9.543232e-01 
-9.543232e-01 
-9.543232e-01 
-9.543232e-01 
-9.543232e-01 
-9.543232e-01 
-9.543232e-01 
-9.543232e-01 
-9.543232e-01 
-9.543232e-01 
-9.543232e-01 
-9.543232e-01 
-9.543232e-01 
-9.543232e-01 
-9.543232e-01 
-9.543232e-01 
-9.543232e-01 
-9.543232e-01 
-9.543232e-01 
-9.543232e-01 
-9.543232e-01 
-9.543232e-01 
-9.543232e-01 
-9.543232e-01 
-9.543232e-01 
-9.543232e-01 
-9.543232e-01 
-9.543232e-01 
-9.543232e-01 
-9.543232e-01 
-9.543232e-01 
-9.543232e-01 
-9.543232e-01 
-9.543232e-01 
-9.543232e-01 
-9.543232e-01 
-9.543232e-01 
-9.543232e-01 
-9.543232e-01 
-9.543232e-01 
-9.543232e-01 
-9.543232e-01 
-9.543232e-01 
-9.543232e-01 
-9.543232e-01 
-9.543232e-01 
-9.543232e-01 
-9.543232e-01 
-9.543232e-01 
-9.543232e-01 
-9.543232e-01 
-9.543232e-01 
-9.543232e-01 
-9.543232e-01 
-9.543217e-01 
-9.543176e-01 
-9.543125e-01 
-9.543063e-01 
-9.542985e-01 
-9.542876e-01 
-9.542759e-01 
-9.542704e-01 
-9.542668e-01 
-9.542638e-01 
-9.542612e-01 
-9.542590e-01 
-9.542571e-01 
-9.542553e-01 
-9.542538e-01 
-9.542524e-01 
-9.542512e-01 
-9.542501e-01 
-9.542491e-01 
-9.542482e-01 
-9.542474e-01 
-9.542466e-01 
-9.542459e-01 
-9.542452e-01 
-9.542446e-01 
-9.542441e-01 
-9.542436e-01 
-9.542431e-01 
-9.542426e-01 
-9.542422e-01 
-9.542419e-01 
-9.542419e-01 
-9.542419e-01 
-9.542419e-01 
-9.542419e-01 
-9.542419e-01 
-9.542419e-01 
-9.542419e-01 
-9.542419e-01 
-9.542419e-01 
-9.542419e-01 
-9.542419e-01 
-9.542419e-01 
-9.542419e-01 
-9.542419e-01 
-9.542419e-01 
-9.542419e-01 
-9.542419e-01 
-9.542419e-01 
-9.542419e-01 
-9.542419e-01 
-9.542419e-01 
-9.542419e-01 
-9.542419e-01 
-9.542419e-01 
-9.542419e-01 
-9.542419e-01 
-9.542419e-01 
-9.542419e-01 
-9.542419e-01 
-9.542419e-01 
-9.542419e-01 
-9.542419e-01 
-9.542419e-01 
-9.542419e-01 
-9.542419e-01 
-9.542419e-01 
-9.542419e-01 
-9.542419e-01 
-9.542419e-01 
-9.542419e-01 
-9.542419e-01 
-9.542419e-01 
-9.542419e-01 
-9.542419e-01 
-9.542419e-01 
-9.542419e-01 
-9.542419e-01 
-9.542419e-01 
-9.542419e-01 
-9.542419e-01 
-9.542419e-01 
-9.542419e-01 
-9.542419e-01 
-9.542419e-01 
-9.542419e-01 
-9.542419e-01 
-9.542419e-01 
-9.542419e-01 
-9.542419e-01 
-9.542419e-01 
-9.542419e-01 
-9.542419e-01 
-9.514081e-01 
-8.594956e-01 
-7.375683e-01 
-5.957103e-01 
-4.318350e-01 
-2.306963e-01 
-3.604485e-02 
3.198291e-04 
3.889087e-04 
2.176502e-04 
1.364123e-04 
9.200257e-05 
6.541993e-05 
4.846532e-05 
3.712896e-05 
2.927162e-05 
2.367678e-05 
1.961990e-05 
1.665745e-05 
1.451932e-05 
1.305600e-05 
1.222044e-05 
1.207381e-05 
1.276436e-05 
1.426389e-05 
1.595952e-05 
1.726753e-05 
1.818671e-05 
1.891755e-05 
1.959612e-05 
2.013197e-05 
2.033380e-05 
2.033380e-05 
2.033380e-05 
2.033380e-05 
2.033380e-05 
2.033380e-05 
2.033380e-05 
2.033380e-05 
2.033380e-05 
2.033380e-05 
2.033380e-05 
2.033380e-05 
2.033380e-05 
2.033380e-05 
2.033380e-05 
2.033380e-05 
2.033380e-05 
2.033380e-05 
2.033380e-05 
2.033380e-05 
2.033380e-05 
2.033380e-05 
2.033380e-05 
2.033380e-05 
2.033380e-05 
2.033380e-05 
2.033380e-05 
2.033380e-05 
2.033380e-05 
2.033380e-05 
2.033380e-05 
2.033380e-05 
2.033380e-05 
2.033380e-05 
2.033380e-05 
2.033380e-05 
2.033380e-05 
2.033380e-05 
2.033380e-05 
2.033380e-05 
2.033380e-05 
2.033380e-05 
2.033380e-05 
2.033380e-05 
2.033380e-05 
2.033380e-05 
2.033380e-05 
2.033380e-05 
2.033380e-05 
2.033380e-05 
2.033380e-05 
2.033380e-05 
2.033380e-05 
2.033380e-05 
2.033380e-05 
2.033380e-05 
2.033380e-05 
2.033380e-05 
2.033380e-05 
2.033380e-05 
2.033380e-05 
2.033380e-05 
2.033380e-05 
2.041287e-05 
2.061422e-05 
2.083094e-05 
2.106427e-05 
2.131547e-05 
2.158582e-05 
2.187658e-05 
2.218907e-05 
2.252457e-05 
2.288353e-05 
2.326468e-05 
2.366443e-05 
2.407534e-05 
2.448350e-05 
2.486386e-05 
2.517213e-05 
2.533025e-05 
2.519943e-05 
2.452893e-05 
2.285569e-05 
1.930359e-05 
1.218601e-05 
-1.700849e-06 
-2.780560e-05 
-7.238091e-05 
-1.362857e-04 
-2.135681e-04 
-3.008824e-04 
-4.002372e-04 
-5.106982e-04 
-5.795849e-04 
-5.796084e-04 
-5.796084e-04 
-5.796084e-04 
-5.796084e-04 
-5.796084e-04 
-5.796084e-04 
-5.796084e-04 
-5.796084e-04 
-5.796084e-04 
-5.796084e-04 
-5.796084e-04 
-5.796084e-04 
-5.796084e-04 
-5.796084e-04 
-5.796084e-04 
-5.796084e-04 
-5.796084e-04 
-5.796084e-04 
-5.796084e-04 
-5.796084e-04 
-5.796084e-04 
-5.796084e-04 
-5.796084e-04 
-5.796084e-04 
-5.796084e-04 
-5.796084e-04 
-5.796084e-04 
-5.796084e-04 
-5.796084e-04 
-5.796084e-04 
-5.796084e-04 
-5.796084e-04 
-5.796084e-04 
-5.796084e-04 
-5.796084e-04 
-5.796084e-04 
-5.796084e-04 
-5.796084e-04 
-5.796084e-04 
-5.796084e-04 
-5.796084e-04 
-5.796084e-04 
-5.796084e-04 
-5.796084e-04 
-5.796084e-04 
-5.796084e-04 
-5.796084e-04 
-5.796084e-04 
-5.796084e-04 
-5.796084e-04 
-5.796084e-04 
-5.796084e-04 
-5.796084e-04 
-5.796084e-04 
-5.796084e-04 
-5.796084e-04 
-5.796084e-04 
-5.796084e-04 
-5.796084e-04 
-5.796084e-04 
-5.796084e-04 
-5.796084e-04 
-5.817340e-04 
-6.379579e-04 
-7.048391e-04 
-7.829769e-04 
-8.749330e-04 
-9.840231e-04 
-1.114487e-03 
-1.271609e-03 
-1.462004e-03 
-1.694729e-03 
-1.982643e-03 
-2.343717e-03 
-2.803236e-03 
-3.397519e-03 
-4.179990e-03 
-5.231338e-03 
-6.677105e-03 
-8.719371e-03 
-1.169647e-02 
-1.620135e-02 
-2.332949e-02 
-3.522764e-02 
-5.634846e-02 
-9.610648e-02 
-1.715422e-01 
-2.951128e-01 
-4.468212e-01 
-5.987050e-01 
-7.393197e-01 
-8.616396e-01 
-9.529365e-01 
-9.543232e-01 
-9.543232e-01 
-9.543232e-01 
-9.543232e-01 
-9.543232e-01 
-9.543232e-01 
-9.543232e-01 
-9.543232e-01 
-9.543232e-01 
-9.543232e-01 
-9.543232e-01 
-9.543232e-01 
-9.543232e-01 
-9.543232e-01 
-9.543232e-01 
-9.543232e-01 
-9.543232e-01 
-9.543232e-01 
-9.543232e-01 
-9.543232e-01 
-9.543232e-01 
-9.543232e-01 
-9.543232e-01 
-9.543232e-01 
-9.543232e-01 
-9.543232e-01 
-9.543232e-01 
-9.543232e-01 
-9.543232e-01 
-9.543232e-01 
-9.543232e-01 
-9.543232e-01 
-9.543232e-01 
-9.543232e-01 
-9.543232e-01 
-9.543232e-01 
-9.543232e-01 
-9.543232e-01 
-9.543232e-01 
-9.543232e-01 
-9.543232e-01 
-9.543232e-01 
-9.543232e-01 
-9.543232e-01 
-9.543232e-01 
-9.543232e-01 
-9.543232e-01 
-9.543232e-01 
-9.543232e-01 
-9.543232e-01 
-9.543232e-01 
-9.543232e-01 
-9.543232e-01 
-9.543232e-01 
-9.543232e-01 
-9.543232e-01 
-9.543232e-01 
-9.543232e-01 
-9.543232e-01 
-9.543232e-01 
-9.543232e-01 
-9.543232e-01 
-9.543232e-01 
-9.543215e-01 
-9.543173e-01 
-9.543121e-01 
-9.543058e-01 
-9.542978e-01 
-9.542867e-01 
-9.542754e-01 
-9.542701e-01 
-9.542666e-01 
-9.542636e-01 
-9.542611e-01 
-9.542589e-01 
-9.542569e-01 
-9.542552e-01 
-9.542537e-01 
-9.542524e-01 
-9.542511e-01 
-9.542500e-01 
-9.542490e-01 
-9.542481e-01 
-9.542473e-01 
-9.542465e-01 
-9.542458e-01 
-9.542452e-01 
-9.542446e-01 
-9.542440e-01 
-9.542435e-01 
-9.542430e-01 
-9.542426e-01 
-9.542422e-01 
-9.542420e-01 
-9.542420e-01 
-9.542420e-01 
-9.542420e-01 
-9.542420e-01 
-9.542420e-01 
-9.542420e-01 
-9.542420e-01 
-9.542420e-01 
-9.542420e-01 
-9.542420e-01 
-9.542420e-01 
-9.542420e-01 
-9.542420e-01 
-9.542420e-01 
-9.542420e-01 
-9.542420e-01 
-9.542420e-01 
-9.542420e-01 
-9.542420e-01 
-9.542420e-01 
-9.542420e-01 
-9.542420e-01 
-9.542420e-01 
-9.542420e-01 
-9.542420e-01 
-9.542420e-01 
-9.542420e-01 
-9.542420e-01 
-9.542420e-01 
-9.542420e-01 
-9.542420e-01 
-9.542420e-01 
-9.542420e-01 
-9.542420e-01 
-9.542420e-01 
-9.542420e-01 
-9.542420e-01 
-9.542420e-01 
-9.542420e-01 
-9.542420e-01 
-9.542420e-01 
-9.542420e-01 
-9.542420e-01 
-9.542420e-01 
-9.542420e-01 
-9.542420e-01 
-9.542420e-01 
-9.542420e-01 
-9.542420e-01 
-9.542420e-01 
-9.542420e-01 
-9.542420e-01 
-9.542420e-01 
-9.542420e-01 
-9.542420e-01 
-9.542420e-01 
-9.542420e-01 
-9.542420e-01 
-9.542420e-01 
-9.542420e-01 
-9.542420e-01 
-9.542420e-01 
-9.467620e-01 
-8.519327e-01 
-7.284593e-01 
-5.853079e-01 
-4.195116e-01 
-2.153608e-01 
-2.900357e-02 
4.177283e-04 
3.617365e-04 
2.036487e-04 
1.278696e-04 
8.616241e-05 
6.107796e-05 
4.501112e-05 
3.421674e-05 
2.668483e-05 
2.126423e-05 
1.726106e-05 
1.423920e-05 
1.191496e-05 
1.009831e-05 
8.658627e-06 
7.503072e-06 
6.559862e-06 
5.767510e-06 
5.092466e-06 
4.525131e-06 
4.047244e-06 
3.638128e-06 
3.279922e-06 
2.965273e-06 
2.950656e-06 
2.950656e-06 
2.950656e-06 
2.950656e-06 
2.950656e-06 
2.950656e-06 
2.950656e-06 
2.950656e-06 
2.950656e-06 
2.950656e-06 
2.950656e-06 
2.950656e-06 
2.950656e-06 
2.950656e-06 
2.950656e-06 
2.950656e-06 
2.950656e-06 
2.950656e-06 
2.950656e-06 
2.950656e-06 
2.950656e-06 
2.950656e-06 
2.950656e-06 
2.950656e-06 
2.950656e-06 
2.950656e-06 
2.950656e-06 
2.950656e-06 
2.950656e-06 
2.950656e-06 
2.950656e-06 
2.950656e-06 
2.950656e-06 
2.950656e-06 
2.950656e-06 
2.950656e-06 
2.950656e-06 
2.950656e-06 
2.950656e-06 
2.950656e-06 
2.950656e-06 
2.950656e-06 
2.950656e-06 
2.950656e-06 
2.950656e-06 
2.950656e-06 
2.950656e-06 
2.950656e-06 
2.950656e-06 
2.950656e-06 
2.950656e-06 
2.950656e-06 
2.950656e-06 
2.950656e-06 
2.950656e-06 
2.950656e-06 
2.950656e-06 
2.950656e-06 
2.950656e-06 
2.950656e-06 
2.950656e-06 
2.950656e-06 
2.950656e-06 
3.047744e-06 
3.276333e-06 
3.534450e-06 
3.827345e-06 
4.161497e-06 
4.544951e-06 
4.987797e-06 
5.502818e-06 
6.106396e-06 
6.819766e-06 
7.670837e-06 
8.696881e-06 
9.948543e-06 
1.149599e-05 
1.343859e-05 
1.592068e-05 
1.915799e-05 
2.348374e-05 
2.943223e-05 
3.789566e-05 
5.042426e-05 
6.977504e-05 
1.006450e-04 
1.491311e-04 
2.169298e-04 
2.960845e-04 
3.785823e-04 
4.619833e-04 
5.435281e-04 
6.138739e-04 
6.437968e-04 
6.437999e-04 
6.437999e-04 
6.437999e-04 
6.437999e-04 
6.437999e-04 
6.437999e-04 
6.437999e-04 
6.437999e-04 
6.437999e-04 
6.437999e-04 
6.437999e-04 
6.437999e-04 
6.437999e-04 
6.437999e-04 
6.437999e-04 
6.437999e-04 
6.437999e-04 
6.437999e-04 
6.437999e-04 
6.437999e-04 
6.437999e-04 
6.437999e-04 
6.437999e-04 
6.437999e-04 
6.437999e-04 
6.437999e-04 
6.437999e-04 
6.437999e-04 
6.437999e-04 
6.437999e-04 
6.437999e-04 
6.437999e-04 
6.437999e-04 
6.437999e-04 
6.437999e-04 
6.437999e-04 
6.437999e-04 
6.437999e-04 
6.437999e-04 
6.437999e-04 
6.437999e-04 
6.437999e-04 
6.437999e-04 
6.437999e-04 
6.437999e-04 
6.437999e-04 
6.437999e-04 
6.437999e-04 
6.437999e-04 
6.437999e-04 
6.437999e-04 
6.437999e-04 
6.437999e-04 
6.437999e-04 
6.437999e-04 
6.437999e-04 
6.437999e-04 
6.437999e-04 
6.437999e-04 
6.437999e-04 
6.437999e-04 
6.437999e-04 
6.492708e-04 
7.110165e-04 
7.824387e-04 
8.630220e-04 
9.097485e-04 
1.016329e-03 
1.151404e-03 
1.314150e-03 
1.511403e-03 
1.752558e-03 
2.050987e-03 
2.425377e-03 
2.902036e-03 
3.518771e-03 
4.331250e-03 
5.423631e-03 
6.927004e-03 
9.052681e-03 
1.215502e-02 
1.685622e-02 
2.430813e-02 
3.677200e-02 
5.893817e-02 
1.006562e-01 
1.792088e-01 
3.054079e-01 
4.575442e-01 
6.087862e-01 
7.483706e-01 
8.690766e-01 
9.540533e-01 
9.543234e-01 
9.543234e-01 
9.543234e-01 
9.543234e-01 
9.543234e-01 
9.543234e-01 
9.543234e-01 
9.543234e-01 
9.543234e-01 
9.543234e-01 
9.543234e-01 
9.543234e-01 
9.543234e-01 
9.543234e-01 
9.543234e-01 
9.543234e-01 
9.543234e-01 
9.543234e-01 
9.543234e-01 
9.543234e-01 
9.543234e-01 
9.543234e-01 
9.543234e-01 
9.543234e-01 
9.543234e-01 
9.543234e-01 
9.543234e-01 
9.543234e-01 
9.543234e-01 
9.543234e-01 
9.543234e-01 
9.543234e-01 
9.543234e-01 
9.543234e-01 
9.543234e-01 
9.543234e-01 
9.543234e-01 
9.543234e-01 
9.543234e-01 
9.543234e-01 
9.543234e-01 
9.543234e-01 
9.543234e-01 
9.543234e-01 
9.543234e-01 
9.543234e-01 
9.543234e-01 
9.543234e-01 
9.543234e-01 
9.543234e-01 
9.543234e-01 
9.543234e-01 
9.543234e-01 
9.543234e-01 
9.543234e-01 
9.543234e-01 
9.543234e-01 
9.543234e-01 
9.543234e-01 
9.543234e-01 
9.543234e-01 
9.543234e-01 
9.543234e-01 
9.543217e-01 
9.543181e-01 
9.543137e-01 
9.543087e-01 
9.543032e-01 
9.542971e-01 
9.542908e-01 
9.542844e-01 
9.542785e-01 
9.542733e-01 
9.542690e-01 
9.542653e-01 
9.542623e-01 
9.542597e-01 
9.542575e-01 
9.542556e-01 
9.542540e-01 
9.542525e-01 
9.542512e-01 
9.542501e-01 
9.542490e-01 
9.542481e-01 
9.542472e-01 
9.542465e-01 
9.542457e-01 
9.542451e-01 
9.542445e-01 
9.542439e-01 
9.542434e-01 
9.542429e-01 
9.542427e-01 
9.542427e-01 
9.542427e-01 
9.542427e-01 
9.542427e-01 
9.542427e-01 
9.542427e-01 
9.542427e-01 
9.542427e-01 
9.542427e-01 
9.542427e-01 
9.542427e-01 
9.542427e-01 
9.542427e-01 
9.542427e-01 
9.542427e-01 
9.542427e-01 
9.542427e-01 
9.542427e-01 
9.542427e-01 
9.542427e-01 
9.542427e-01 
9.542427e-01 
9.542427e-01 
9.542427e-01 
9.542427e-01 
9.542427e-01 
9.542427e-01 
9.542427e-01 
9.542427e-01 
9.542427e-01 
9.542427e-01 
9.542427e-01 
9.542427e-01 
9.542427e-01 
9.542427e-01 
9.542427e-01 
9.542427e-01 
9.542427e-01 
9.542427e-01 
9.542427e-01 
9.542427e-01 
9.542427e-01 
9.542427e-01 
9.542427e-01 
9.542427e-01 
9.542427e-01 
9.542427e-01 
9.542427e-01 
9.542427e-01 
9.542427e-01 
9.542427e-01 
9.542427e-01 
9.542427e-01 
9.542427e-01 
9.542427e-01 
9.542427e-01 
9.542427e-01 
9.542427e-01 
9.542427e-01 
9.542427e-01 
9.542427e-01 
9.542427e-01 
9.415886e-01 
8.442463e-01 
7.192967e-01 
5.749686e-01 
4.077285e-01 
2.029054e-01 
2.723613e-02 
1.024485e-03 
3.467954e-04 
1.966579e-04 
1.241899e-04 
8.401431e-05 
5.973113e-05 
4.412042e-05 
3.360248e-05 
2.624650e-05 
2.094238e-05 
1.701888e-05 
1.405305e-05 
1.176916e-05 
9.982209e-06 
8.564857e-06 
7.426582e-06 
6.497532e-06 
5.718652e-06 
5.057426e-06 
4.501600e-06 
4.032322e-06 
3.629758e-06 
3.276824e-06 
2.979066e-06 
2.973259e-06 
2.973259e-06 
2.973259e-06 
2.973259e-06 
2.973259e-06 
2.973259e-06 
2.973259e-06 
2.973259e-06 
2.973259e-06 
2.973259e-06 
2.973259e-06 
2.973259e-06 
2.973259e-06 
2.973259e-06 
2.973259e-06 
2.973259e-06 
2.973259e-06 
2.973259e-06 
2.973259e-06 
2.973259e-06 
2.973259e-06 
2.973259e-06 
2.973259e-06 
2.973259e-06 
2.973259e-06 
2.973259e-06 
2.973259e-06 
2.973259e-06 
2.973259e-06 
2.973259e-06 
2.973259e-06 
2.973259e-06 
2.973259e-06 
2.973259e-06 
2.973259e-06 
2.973259e-06 
2.973259e-06 
2.973259e-06 
2.973259e-06 
2.973259e-06 
2.973259e-06 
2.973259e-06 
2.973259e-06 
2.973259e-06 
2.973259e-06 
2.973259e-06 
2.973259e-06 
2.973259e-06 
2.973259e-06 
2.973259e-06 
2.973259e-06 
2.973259e-06 
2.973259e-06 
2.973259e-06 
2.973259e-06 
2.973259e-06 
2.973259e-06 
2.973259e-06 
2.973259e-06 
2.973259e-06 
2.973259e-06 
2.973259e-06 
2.973259e-06 
3.085825e-06 
3.317695e-06 
3.579567e-06 
3.876797e-06 
4.215990e-06 
4.605351e-06 
5.055173e-06 
5.578511e-06 
6.192101e-06 
6.917652e-06 
7.783729e-06 
8.828519e-06 
1.010397e-05 
1.168215e-05 
1.366528e-05 
1.620207e-05 
1.951525e-05 
2.394959e-05 
3.005925e-05 
3.877179e-05 
5.170167e-05 
7.171675e-05 
1.036519e-04 
1.535267e-04 
2.223702e-04 
3.018320e-04 
3.843516e-04 
4.677137e-04 
5.488636e-04 
6.178952e-04 
6.438001e-04 
6.438010e-04 
6.438010e-04 
6.438010e-04 
6.438010e-04 
6.438010e-04 
6.438010e-04 
6.438010e-04 
6.438010e-04 
6.438010e-04 
6.438010e-04 
6.438010e-04 
6.438010e-04 
6.438010e-04 
6.438010e-04 
6.438010e-04 
6.438010e-04 
6.438010e-04 
6.438010e-04 
6.438010e-04 
6.438010e-04 
6.438010e-04 
6.438010e-04 
6.438010e-04 
6.438010e-04 
6.438010e-04 
6.438010e-04 
6.438010e-04 
6.438010e-04 
6.438010e-04 
6.438010e-04 
6.438010e-04 
6.438010e-04 
6.438010e-04 
6.438010e-04 
6.438010e-04 
6.438010e-04 
6.438010e-04 
6.438010e-04 
6.438010e-04 
6.438010e-04 
6.438010e-04 
6.438010e-04 
6.438010e-04 
6.438010e-04 
6.438010e-04 
6.438010e-04 
6.438010e-04 
6.438010e-04 
6.438010e-04 
6.438010e-04 
6.438010e-04 
6.438010e-04 
6.438010e-04 
6.438010e-04 
6.438010e-04 
6.438010e-04 
6.438010e-04 
6.438010e-04 
6.438010e-04 
6.438010e-04 
6.438010e-04 
6.438010e-04 
6.529451e-04 
7.155937e-04 
7.876853e-04 
8.685859e-04 
9.154313e-04 
1.024802e-03 
1.161582e-03 
1.326449e-03 
1.526367e-03 
1.770960e-03 
2.073917e-03 
2.454357e-03 
2.939229e-03 
3.567323e-03 
4.395852e-03 
5.511477e-03 
7.049485e-03 
9.228498e-03 
1.241622e-02 
1.726044e-02 
2.496512e-02 
3.790335e-02 
6.101228e-02 
1.046262e-01 
1.863681e-01 
3.153792e-01 
4.681030e-01 
6.187735e-01 
7.573277e-01 
8.763679e-01 
9.542707e-01 
9.543234e-01 
9.543234e-01 
9.543234e-01 
9.543234e-01 
9.543234e-01 
9.543234e-01 
9.543234e-01 
9.543234e-01 
9.543234e-01 
9.543234e-01 
9.543234e-01 
9.543234e-01 
9.543234e-01 
9.543234e-01 
9.543234e-01 
9.543234e-01 
9.543234e-01 
9.543234e-01 
9.543234e-01 
9.543234e-01 
9.543234e-01 
9.543234e-01 
9.543234e-01 
9.543234e-01 
9.543234e-01 
9.543234e-01 
9.543234e-01 
9.543234e-01 
9.543234e-01 
9.543234e-01 
9.543234e-01 
9.543234e-01 
9.543234e-01 
9.543234e-01 
9.543234e-01 
9.543234e-01 
9.543234e-01 
9.543234e-01 
9.543234e-01 
9.543234e-01 
9.543234e-01 
9.543234e-01 
9.543234e-01 
9.543234e-01 
9.543234e-01 
9.543234e-01 
9.543234e-01 
9.543234e-01 
9.543234e-01 
9.543234e-01 
9.543234e-01 
9.543234e-01 
9.543234e-01 
9.543234e-01 
9.543234e-01 
9.543234e-01 
9.543234e-01 
9.543234e-01 
9.543234e-01 
9.543234e-01 
9.543234e-01 
9.543234e-01 
9.543234e-01 
9.543215e-01 
9.543178e-01 
9.543134e-01 
9.543084e-01 
9.543028e-01 
9.542967e-01 
9.542903e-01 
9.542840e-01 
9.542781e-01 
9.542730e-01 
9.542687e-01 
9.542651e-01 
9.542621e-01 
9.542596e-01 
9.542574e-01 
9.542555e-01 
9.542539e-01 
9.542524e-01 
9.542511e-01 
9.542500e-01 
9.542490e-01 
9.542480e-01 
9.542472e-01 
9.542464e-01 
9.542457e-01 
9.542451e-01 
9.542445e-01 
9.542439e-01 
9.542434e-01 
9.542429e-01 
9.542427e-01 
9.542427e-01 
9.542427e-01 
9.542427e-01 
9.542427e-01 
9.542427e-01 
9.542427e-01 
9.542427e-01 
9.542427e-01 
9.542427e-01 
9.542427e-01 
9.542427e-01 
9.542427e-01 
9.542427e-01 
9.542427e-01 
9.542427e-01 
9.542427e-01 
9.542427e-01 
9.542427e-01 
9.542427e-01 
9.542427e-01 
9.542427e-01 
9.542427e-01 
9.542427e-01 
9.542427e-01 
9.542427e-01 
9.542427e-01 
9.542427e-01 
9.542427e-01 
9.542427e-01 
9.542427e-01 
9.542427e-01 
9.542427e-01 
9.542427e-01 
9.542427e-01 
9.542427e-01 
9.542427e-01 
9.542427e-01 
9.542427e-01 
9.542427e-01 
9.542427e-01 
9.542427e-01 
9.542427e-01 
9.542427e-01 
9.542427e-01 
9.542427e-01 
9.542427e-01 
9.542427e-01 
9.542427e-01 
9.542427e-01 
9.542427e-01 
9.542427e-01 
9.542427e-01 
9.542427e-01 
9.542427e-01 
9.542427e-01 
9.542427e-01 
9.542427e-01 
9.542427e-01 
9.542427e-01 
9.542427e-01 
9.542427e-01 
9.542427e-01 
9.361452e-01 
8.364290e-01 
7.100171e-01 
5.643777e-01 
3.950958e-01 
1.876230e-01 
2.189300e-02 
8.711353e-04 
3.223010e-04 
1.838452e-04 
1.162167e-04 
7.848467e-05 
5.557181e-05 
4.077774e-05 
3.075793e-05 
2.369728e-05 
1.854399e-05 
1.465292e-05 
1.160477e-05 
9.105677e-06 
6.923176e-06 
4.834424e-06 
2.577720e-06 
-1.334666e-07 
-3.286247e-06 
-6.243640e-06 
-8.563237e-06 
-1.036021e-05 
-1.187547e-05 
-1.324764e-05 
-1.437903e-05 
-1.441942e-05 
-1.441942e-05 
-1.441942e-05 
-1.441942e-05 
-1.441942e-05 
-1.441942e-05 
-1.441942e-05 
-1.441942e-05 
-1.441942e-05 
-1.441942e-05 
-1.441942e-05 
-1.441942e-05 
-1.441942e-05 
-1.441942e-05 
-1.441942e-05 
-1.441942e-05 
-1.441942e-05 
-1.441942e-05 
-1.441942e-05 
-1.441942e-05 
-1.441942e-05 
-1.441942e-05 
-1.441942e-05 
-1.441942e-05 
-1.441942e-05 
-1.441942e-05 
-1.441942e-05 
-1.441942e-05 
-1.441942e-05 
-1.441942e-05 
-1.441942e-05 
-1.441942e-05 
-1.441942e-05 
-1.441942e-05 
-1.441942e-05 
-1.441942e-05 
-1.441942e-05 
-1.441942e-05 
-1.441942e-05 
-1.441942e-05 
-1.441942e-05 
-1.441942e-05 
-1.441942e-05 
-1.441942e-05 
-1.441942e-05 
-1.441942e-05 
-1.441942e-05 
-1.441942e-05 
-1.441942e-05 
-1.441942e-05 
-1.441942e-05 
-1.441942e-05 
-1.441942e-05 
-1.441942e-05 
-1.441942e-05 
-1.441942e-05 
-1.441942e-05 
-1.441942e-05 
-1.441942e-05 
-1.441942e-05 
-1.441942e-05 
-1.441942e-05 
-1.441942e-05 
-1.428534e-05 
-1.402580e-05 
-1.372200e-05 
-1.336456e-05 
-1.294171e-05 
-1.243855e-05 
-1.183615e-05 
-1.111039e-05 
-1.023002e-05 
-9.153450e-06 
-7.824818e-06 
-6.168571e-06 
-4.081302e-06 
-1.419562e-06 
2.018234e-06 
6.518419e-06 
1.249022e-05 
2.051644e-05 
3.140864e-05 
4.623130e-05 
6.620685e-05 
9.238370e-05 
1.251306e-04 
1.639625e-04 
2.081809e-04 
2.579367e-04 
3.149669e-04 
3.826456e-04 
4.643152e-04 
5.560146e-04 
5.942919e-04 
5.942924e-04 
5.942924e-04 
5.942924e-04 
5.942924e-04 
5.942924e-04 
5.942924e-04 
5.942924e-04 
5.942924e-04 
5.942924e-04 
5.942924e-04 
5.942924e-04 
5.942924e-04 
5.942924e-04 
5.942924e-04 
5.942924e-04 
5.942924e-04 
5.942924e-04 
5.942924e-04 
5.942924e-04 
5.942924e-04 
5.942924e-04 
5.942924e-04 
5.942924e-04 
5.942924e-04 
5.942924e-04 
5.942924e-04 
5.942924e-04 
5.942924e-04 
5.942924e-04 
5.942924e-04 
5.942924e-04 
5.942924e-04 
5.942924e-04 
5.942924e-04 
5.942924e-04 
5.942924e-04 
5.942924e-04 
5.942924e-04 
5.942924e-04 
5.942924e-04 
5.942924e-04 
5.942924e-04 
5.942924e-04 
5.942924e-04 
5.942924e-04 
5.942924e-04 
5.942924e-04 
5.942924e-04 
5.942924e-04 
5.942924e-04 
5.942924e-04 
5.942924e-04 
5.942924e-04 
5.942924e-04 
5.942924e-04 
5.942924e-04 
5.942924e-04 
5.942924e-04 
5.942924e-04 
5.942924e-04 
5.942924e-04 
5.942924e-04 
6.065645e-04 
6.672328e-04 
7.378397e-04 
8.204213e-04 
9.177427e-04 
1.033380e-03 
1.171891e-03 
1.338911e-03 
1.541538e-03 
1.789633e-03 
2.097206e-03 
2.483821e-03 
2.977084e-03 
3.616801e-03 
4.461778e-03 
5.601268e-03 
7.174908e-03 
9.408929e-03 
1.268495e-02 
1.767763e-02 
2.564567e-02 
3.908023e-02 
6.317868e-02 
1.087755e-01 
1.937673e-01 
3.254590e-01 
4.786448e-01 
6.287037e-01 
7.661962e-01 
8.835098e-01 
9.543131e-01 
9.543234e-01 
9.543234e-01 
9.543234e-01 
9.543234e-01 
9.543234e-01 
9.543234e-01 
9.543234e-01 
9.543234e-01 
9.543234e-01 
9.543234e-01 
9.543234e-01 
9.543234e-01 
9.543234e-01 
9.543234e-01 
9.543234e-01 
9.543234e-01 
9.543234e-01 
9.543234e-01 
9.543234e-01 
9.543234e-01 
9.543234e-01 
9.543234e-01 
9.543234e-01 
9.543234e-01 
9.543234e-01 
9.543234e-01 
9.543234e-01 
9.543234e-01 
9.543234e-01 
9.543234e-01 
9.543234e-01 
9.543234e-01 
9.543234e-01 
9.543234e-01 
9.543234e-01 
9.543234e-01 
9.543234e-01 
9.543234e-01 
9.543234e-01 
9.543234e-01 
9.543234e-01 
9.543234e-01 
9.543234e-01 
9.543234e-01 
9.543234e-01 
9.543234e-01 
9.543234e-01 
9.543234e-01 
9.543234e-01 
9.543234e-01 
9.543234e-01 
9.543234e-01 
9.543234e-01 
9.543234e-01 
9.543234e-01 
9.543234e-01 
9.543234e-01 
9.543234e-01 
9.543234e-01 
9.543234e-01 
9.543234e-01 
9.543234e-01 
9.543234e-01 
9.543213e-01 
9.543176e-01 
9.543131e-01 
9.543080e-01 
9.543024e-01 
9.542963e-01 
9.542899e-01 
9.542836e-01 
9.542778e-01 
9.542727e-01 
9.542684e-01 
9.542649e-01 
9.542619e-01 
9.542594e-01 
9.542572e-01 
9.542554e-01 
9.542538e-01 
9.542523e-01 
9.542510e-01 
9.542499e-01 
9.542489e-01 
9.542480e-01 
9.542471e-01 
9.542464e-01 
9.542457e-01 
9.542450e-01 
9.542444e-01 
9.542439e-01 
9.542434e-01 
9.542429e-01 
9.542427e-01 
9.542427e-01 
9.542427e-01 
9.542427e-01 
9.542427e-01 
9.542427e-01 
9.542427e-01 
9.542427e-01 
9.542427e-01 
9.542427e-01 
9.542427e-01 
9.542427e-01 
9.542427e-01 
9.542427e-01 
9.542427e-01 
9.542427e-01 
9.542427e-01 
9.542427e-01 
9.542427e-01 
9.542427e-01 
9.542427e-01 
9.542427e-01 
9.542427e-01 
9.542427e-01 
9.542427e-01 
9.542427e-01 
9.542427e-01 
9.542427e-01 
9.542427e-01 
9.542427e-01 
9.542427e-01 
9.542427e-01 
9.542427e-01 
9.542427e-01 
9.542427e-01 
9.542427e-01 
9.542427e-01 
9.542427e-01 
9.542427e-01 
9.542427e-01 
9.542427e-01 
9.542427e-01 
9.542427e-01 
9.542427e-01 
9.542427e-01 
9.542427e-01 
9.542427e-01 
9.542427e-01 
9.542427e-01 
9.542427e-01 
9.542427e-01 
9.542427e-01 
9.542427e-01 
9.542427e-01 
9.542427e-01 
9.542427e-01 
9.542427e-01 
9.542427e-01 
9.542427e-01 
9.542427e-01 
9.542427e-01 
9.542427e-01 
9.542427e-01 
9.304882e-01 
8.284911e-01 
7.006533e-01 
5.536875e-01 
3.822983e-01 
1.724859e-01 
1.755791e-02 
8.034039e-04 
3.272906e-04 
1.898166e-04 
1.217247e-04 
8.342172e-05 
6.004431e-05 
4.492012e-05 
3.469765e-05 
2.755386e-05 
2.243708e-05 
1.871489e-05 
1.599900e-05 
1.405589e-05 
1.276460e-05 
1.210656e-05 
1.217324e-05 
1.310864e-05 
1.474349e-05 
1.636417e-05 
1.754951e-05 
1.839721e-05 
1.910635e-05 
1.976975e-05 
2.032121e-05 
2.033380e-05 
2.033380e-05 
2.033380e-05 
2.033380e-05 
2.033380e-05 
2.033380e-05 
2.033380e-05 
2.033380e-05 
2.033380e-05 
2.033380e-05 
2.033380e-05 
2.033380e-05 
2.033380e-05 
2.033380e-05 
2.033380e-05 
2.033380e-05 
2.033380e-05 
2.033380e-05 
2.033380e-05 
2.033380e-05 
2.033380e-05 
2.033380e-05 
2.033380e-05 
2.033380e-05 
2.033380e-05 
2.033380e-05 
2.033380e-05 
2.033380e-05 
2.033380e-05 
2.033380e-05 
2.033380e-05 
2.033380e-05 
2.033380e-05 
2.033380e-05 
2.033380e-05 
2.033380e-05 
2.033380e-05 
2.033380e-05 
2.033380e-05 
2.033380e-05 
2.033380e-05 
2.033380e-05 
2.033380e-05 
2.033380e-05 
2.033380e-05 
2.033380e-05 
2.033380e-05 
2.033380e-05 
2.033380e-05 
2.033380e-05 
2.033380e-05 
2.033380e-05 
2.033380e-05 
2.033380e-05 
2.033380e-05 
2.033380e-05 
2.033380e-05 
2.033380e-05 
2.033380e-05 
2.033380e-05 
2.033380e-05 
2.033380e-05 
2.033380e-05 
2.046648e-05 
2.067192e-05 
2.089306e-05 
2.113114e-05 
2.138746e-05 
2.166327e-05 
2.195983e-05 
2.227850e-05 
2.262044e-05 
2.298567e-05 
2.337239e-05 
2.377614e-05 
2.418805e-05 
2.459172e-05 
2.495785e-05 
2.523474e-05 
2.533113e-05 
2.508417e-05 
2.419801e-05 
2.212267e-05 
1.781127e-05 
9.246246e-06 
-7.343956e-06 
-3.796315e-05 
-8.812729e-05 
-1.563568e-04 
-2.364302e-04 
-3.267342e-04 
-4.297022e-04 
-5.407524e-04 
-5.796082e-04 
-5.796084e-04 
-5.796084e-04 
-5.796084e-04 
-5.796084e-04 
-5.796084e-04 
-5.796084e-04 
-5.796084e-04 
-5.796084e-04 
-5.796084e-04 
-5.796084e-04 
-5.796084e-04 
-5.796084e-04 
-5.796084e-04 
-5.796084e-04 
-5.796084e-04 
-5.796084e-04 
-5.796084e-04 
-5.796084e-04 
-5.796084e-04 
-5.796084e-04 
-5.796084e-04 
-5.796084e-04 
-5.796084e-04 
-5.796084e-04 
-5.796084e-04 
-5.796084e-04 
-5.796084e-04 
-5.796084e-04 
-5.796084e-04 
-5.796084e-04 
-5.796084e-04 
-5.796084e-04 
-5.796084e-04 
-5.796084e-04 
-5.796084e-04 
-5.796084e-04 
-5.796084e-04 
-5.796084e-04 
-5.796084e-04 
-5.796084e-04 
-5.796084e-04 
-5.796084e-04 
-5.796084e-04 
-5.796084e-04 
-5.796084e-04 
-5.796084e-04 
-5.796084e-04 
-5.796084e-04 
-5.796084e-04 
-5.796084e-04 
-5.796084e-04 
-5.796084e-04 
-5.796084e-04 
-5.796084e-04 
-5.796084e-04 
-5.796084e-04 
-5.796084e-04 
-5.796084e-04 
-5.796084e-04 
-5.796084e-04 
-5.796084e-04 
-5.796084e-04 
-5.953268e-04 
-6.552530e-04 
-7.249958e-04 
-8.066297e-04 
-9.029066e-04 
-1.017379e-03 
-1.154563e-03 
-1.320052e-03 
-1.520986e-03 
-1.767340e-03 
-2.073220e-03 
-2.458325e-03 
-2.950509e-03 
-3.590034e-03 
-4.436540e-03 
-5.580800e-03 
-7.165302e-03 
-9.421753e-03 
-1.274270e-02 
-1.782559e-02 
-2.597933e-02 
-3.981139e-02 
-6.479454e-02 
-1.123343e-01 
-2.007133e-01 
-3.352887e-01 
-4.890583e-01 
-6.385494e-01 
-7.749678e-01 
-8.904957e-01 
-9.543212e-01 
-9.543232e-01 
-9.543232e-01 
-9.543232e-01 
-9.543232e-01 
-9.543232e-01 
-9.543232e-01 
-9.543232e-01 
-9.543232e-01 
-9.543232e-01 
-9.543232e-01 
-9.543232e-01 
-9.543232e-01 
-9.543232e-01 
-9.543232e-01 
-9.543232e-01 
-9.543232e-01 
-9.543232e-01 
-9.543232e-01 
-9.543232e-01 
-9.543232e-01 
-9.543232e-01 
-9.543232e-01 
-9.543232e-01 
-9.543232e-01 
-9.543232e-01 
-9.543232e-01 
-9.543232e-01 
-9.543232e-01 
-9.543232e-01 
-9.543232e-01 
-9.543232e-01 
-9.543232e-01 
-9.543232e-01 
-9.543232e-01 
-9.543232e-01 
-9.543232e-01 
-9.543232e-01 
-9.543232e-01 
-9.543232e-01 
-9.543232e-01 
-9.543232e-01 
-9.543232e-01 
-9.543232e-01 
-9.543232e-01 
-9.543232e-01 
-9.543232e-01 
-9.543232e-01 
-9.543232e-01 
-9.543232e-01 
-9.543232e-01 
-9.543232e-01 
-9.543232e-01 
-9.543232e-01 
-9.543232e-01 
-9.543232e-01 
-9.543232e-01 
-9.543232e-01 
-9.543232e-01 
-9.543232e-01 
-9.543232e-01 
-9.543232e-01 
-9.543232e-01 
-9.543232e-01 
-9.543205e-01 
-9.543160e-01 
-9.543105e-01 
-9.543039e-01 
-9.542952e-01 
-9.542832e-01 
-9.542735e-01 
-9.542691e-01 
-9.542657e-01 
-9.542629e-01 
-9.542604e-01 
-9.542583e-01 
-9.542564e-01 
-9.542548e-01 
-9.542533e-01 
-9.542520e-01 
-9.542508e-01 
-9.542498e-01 
-9.542488e-01 
-9.542479e-01 
-9.542471e-01 
-9.542463e-01 
-9.542457e-01 
-9.542450e-01 
-9.542444e-01 
-9.542439e-01 
-9.542434e-01 
-9.542429e-01 
-9.542425e-01 
-9.542421e-01 
-9.542420e-01 
-9.542420e-01 
-9.542420e-01 
-9.542420e-01 
-9.542420e-01 
-9.542420e-01 
-9.542420e-01 
-9.542420e-01 
-9.542420e-01 
-9.542420e-01 
-9.542420e-01 
-9.542420e-01 
-9.542420e-01 
-9.542420e-01 
-9.542420e-01 
-9.542420e-01 
-9.542420e-01 
-9.542420e-01 
-9.542420e-01 
-9.542420e-01 
-9.542420e-01 
-9.542420e-01 
-9.542420e-01 
-9.542420e-01 
-9.542420e-01 
-9.542420e-01 
-9.542420e-01 
-9.542420e-01 
-9.542420e-01 
-9.542420e-01 
-9.542420e-01 
-9.542420e-01 
-9.542420e-01 
-9.542420e-01 
-9.542420e-01 
-9.542420e-01 
-9.542420e-01 
-9.542420e-01 
-9.542420e-01 
-9.542420e-01 
-9.542420e-01 
-9.542420e-01 
-9.542420e-01 
-9.542420e-01 
-9.542420e-01 
-9.542420e-01 
-9.542420e-01 
-9.542420e-01 
-9.542420e-01 
-9.542420e-01 
-9.542420e-01 
-9.542420e-01 
-9.542420e-01 
-9.542420e-01 
-9.542420e-01 
-9.542420e-01 
-9.542420e-01 
-9.542420e-01 
-9.542420e-01 
-9.542420e-01 
-9.542420e-01 
-9.542420e-01 
-9.542420e-01 
-9.246322e-01 
-8.204270e-01 
-6.911558e-01 
-5.426586e-01 
-3.682920e-01 
-1.535786e-01 
-1.028728e-02 
5.470811e-04 
3.048032e-04 
1.777549e-04 
1.141000e-04 
7.807654e-05 
5.599099e-05 
4.164143e-05 
3.189237e-05 
2.502796e-05 
2.005050e-05 
1.635120e-05 
1.354357e-05 
1.137405e-05 
9.671560e-06 
8.317626e-06 
7.226780e-06 
6.330370e-06 
5.571642e-06 
4.927192e-06 
4.386451e-06 
3.929330e-06 
3.535765e-06 
3.188972e-06 
2.950932e-06 
2.950656e-06 
2.950656e-06 
2.950656e-06 
2.950656e-06 
2.950656e-06 
2.950656e-06 
2.950656e-06 
2.950656e-06 
2.950656e-06 
2.950656e-06 
2.950656e-06 
2.950656e-06 
2.950656e-06 
2.950656e-06 
2.950656e-06 
2.950656e-06 
2.950656e-06 
2.950656e-06 
2.950656e-06 
2.950656e-06 
2.950656e-06 
2.950656e-06 
2.950656e-06 
2.950656e-06 
2.950656e-06 
2.950656e-06 
2.950656e-06 
2.950656e-06 
2.950656e-06 
2.950656e-06 
2.950656e-06 
2.950656e-06 
2.950656e-06 
2.950656e-06 
2.950656e-06 
2.950656e-06 
2.950656e-06 
2.950656e-06 
2.950656e-06 
2.950656e-06 
2.950656e-06 
2.950656e-06 
2.950656e-06 
2.950656e-06 
2.950656e-06 
2.950656e-06 
2.950656e-06 
2.950656e-06 
2.950656e-06 
2.950656e-06 
2.950656e-06 
2.950656e-06 
2.950656e-06 
2.950656e-06 
2.950656e-06 
2.950656e-06 
2.950656e-06 
2.950656e-06 
2.950656e-06 
2.950656e-06 
2.950656e-06 
2.950656e-06 
2.950656e-06 
3.107583e-06 
3.343794e-06 
3.610854e-06 
3.914331e-06 
4.261091e-06 
4.659687e-06 
5.120870e-06 
5.658306e-06 
6.289560e-06 
7.037482e-06 
7.932229e-06 
9.014260e-06 
1.033883e-05 
1.198294e-05 
1.405634e-05 
1.671966e-05 
2.021502e-05 
2.492012e-05 
3.144716e-05 
4.083004e-05 
5.488177e-05 
7.682180e-05 
1.119238e-04 
1.659396e-04 
2.379023e-04 
3.184890e-04 
4.013514e-04 
4.847086e-04 
5.644783e-04 
6.291454e-04 
6.437999e-04 
6.437999e-04 
6.437999e-04 
6.437999e-04 
6.437999e-04 
6.437999e-04 
6.437999e-04 
6.437999e-04 
6.437999e-04 
6.437999e-04 
6.437999e-04 
6.437999e-04 
6.437999e-04 
6.437999e-04 
6.437999e-04 
6.437999e-04 
6.437999e-04 
6.437999e-04 
6.437999e-04 
6.437999e-04 
6.437999e-04 
6.437999e-04 
6.437999e-04 
6.437999e-04 
6.437999e-04 
6.437999e-04 
6.437999e-04 
6.437999e-04 
6.437999e-04 
6.437999e-04 
6.437999e-04 
6.437999e-04 
6.437999e-04 
6.437999e-04 
6.437999e-04 
6.437999e-04 
6.437999e-04 
6.437999e-04 
6.437999e-04 
6.437999e-04 
6.437999e-04 
6.437999e-04 
6.437999e-04 
6.437999e-04 
6.437999e-04 
6.437999e-04 
6.437999e-04 
6.437999e-04 
6.437999e-04 
6.437999e-04 
6.437999e-04 
6.437999e-04 
6.437999e-04 
6.437999e-04 
6.437999e-04 
6.437999e-04 
6.437999e-04 
6.437999e-04 
6.437999e-04 
6.437999e-04 
6.437999e-04 
6.437999e-04 
6.437999e-04 
6.649813e-04 
7.295846e-04 
8.036982e-04 
8.836450e-04 
9.335226e-04 
1.050857e-03 
1.192909e-03 
1.364335e-03 
1.572517e-03 
1.827812e-03 
2.144891e-03 
2.544241e-03 
3.054843e-03 
3.718624e-03 
4.597740e-03 
5.786898e-03 
7.434936e-03 
9.784243e-03 
1.324616e-02 
1.855295e-02 
2.708162e-02 
4.157953e-02 
6.780698e-02 
1.176396e-01 
2.092748e-01 
3.458962e-01 
4.996599e-01 
6.483853e-01 
7.836549e-01 
8.973229e-01 
9.543230e-01 
9.543234e-01 
9.543234e-01 
9.543234e-01 
9.543234e-01 
9.543234e-01 
9.543234e-01 
9.543234e-01 
9.543234e-01 
9.543234e-01 
9.543234e-01 
9.543234e-01 
9.543234e-01 
9.543234e-01 
9.543234e-01 
9.543234e-01 
9.543234e-01 
9.543234e-01 
9.543234e-01 
9.543234e-01 
9.543234e-01 
9.543234e-01 
9.543234e-01 
9.543234e-01 
9.543234e-01 
9.543234e-01 
9.543234e-01 
9.543234e-01 
9.543234e-01 
9.543234e-01 
9.543234e-01 
9.543234e-01 
9.543234e-01 
9.543234e-01 
9.543234e-01 
9.543234e-01 
9.543234e-01 
9.543234e-01 
9.543234e-01 
9.543234e-01 
9.543234e-01 
9.543234e-01 
9.543234e-01 
9.543234e-01 
9.543234e-01 
9.543234e-01 
9.543234e-01 
9.543234e-01 
9.543234e-01 
9.543234e-01 
9.543234e-01 
9.543234e-01 
9.543234e-01 
9.543234e-01 
9.543234e-01 
9.543234e-01 
9.543234e-01 
9.543234e-01 
9.543234e-01 
9.543234e-01 
9.543234e-01 
9.543234e-01 
9.543234e-01 
9.543234e-01 
9.543208e-01 
9.543170e-01 
9.543124e-01 
9.543073e-01 
9.543016e-01 
9.542954e-01 
9.542890e-01 
9.542827e-01 
9.542770e-01 
9.542721e-01 
9.542679e-01 
9.542645e-01 
9.542615e-01 
9.542591e-01 
9.542570e-01 
9.542551e-01 
9.542535e-01 
9.542521e-01 
9.542509e-01 
9.542498e-01 
9.542488e-01 
9.542478e-01 
9.542470e-01 
9.542463e-01 
9.542456e-01 
9.542449e-01 
9.542443e-01 
9.542438e-01 
9.542433e-01 
9.542428e-01 
9.542427e-01 
9.542427e-01 
9.542427e-01 
9.542427e-01 
9.542427e-01 
9.542427e-01 
9.542427e-01 
9.542427e-01 
9.542427e-01 
9.542427e-01 
9.542427e-01 
9.542427e-01 
9.542427e-01 
9.542427e-01 
9.542427e-01 
9.542427e-01 
9.542427e-01 
9.542427e-01 
9.542427e-01 
9.542427e-01 
9.542427e-01 
9.542427e-01 
9.542427e-01 
9.542427e-01 
9.542427e-01 
9.542427e-01 
9.542427e-01 
9.542427e-01 
9.542427e-01 
9.542427e-01 
9.542427e-01 
9.542427e-01 
9.542427e-01 
9.542427e-01 
9.542427e-01 
9.542427e-01 
9.542427e-01 
9.542427e-01 
9.542427e-01 
9.542427e-01 
9.542427e-01 
9.542427e-01 
9.542427e-01 
9.542427e-01 
9.542427e-01 
9.542427e-01 
9.542427e-01 
9.542427e-01 
9.542427e-01 
9.542427e-01 
9.542427e-01 
9.542427e-01 
9.542427e-01 
9.542427e-01 
9.542427e-01 
9.542427e-01 
9.542427e-01 
9.542427e-01 
9.542427e-01 
9.542427e-01 
9.542427e-01 
9.542427e-01 
9.542427e-01 
9.185899e-01 
8.122683e-01 
6.816692e-01 
5.319683e-01 
3.560603e-01 
1.425056e-01 
1.090801e-02 
6.424166e-04 
2.925680e-04 
1.719660e-04 
1.109511e-04 
7.619754e-05 
5.479386e-05 
4.083984e-05 
3.133401e-05 
2.462620e-05 
1.975342e-05 
1.612629e-05 
1.336976e-05 
1.123727e-05 
9.562186e-06 
8.229001e-06 
7.154387e-06 
6.271673e-06 
5.526620e-06 
4.895614e-06 
4.365531e-06 
3.916368e-06 
3.528933e-06 
3.187195e-06 
2.973320e-06 
2.973259e-06 
2.973259e-06 
2.973259e-06 
2.973259e-06 
2.973259e-06 
2.973259e-06 
2.973259e-06 
2.973259e-06 
2.973259e-06 
2.973259e-06 
2.973259e-06 
2.973259e-06 
2.973259e-06 
2.973259e-06 
2.973259e-06 
2.973259e-06 
2.973259e-06 
2.973259e-06 
2.973259e-06 
2.973259e-06 
2.973259e-06 
2.973259e-06 
2.973259e-06 
2.973259e-06 
2.973259e-06 
2.973259e-06 
2.973259e-06 
2.973259e-06 
2.973259e-06 
2.973259e-06 
2.973259e-06 
2.973259e-06 
2.973259e-06 
2.973259e-06 
2.973259e-06 
2.973259e-06 
2.973259e-06 
2.973259e-06 
2.973259e-06 
2.973259e-06 
2.973259e-06 
2.973259e-06 
2.973259e-06 
2.973259e-06 
2.973259e-06 
2.973259e-06 
2.973259e-06 
2.973259e-06 
2.973259e-06 
2.973259e-06 
2.973259e-06 
2.973259e-06 
2.973259e-06 
2.973259e-06 
2.973259e-06 
2.973259e-06 
2.973259e-06 
2.973259e-06 
2.973259e-06 
2.973259e-06 
2.973259e-06 
2.973259e-06 
2.973259e-06 
3.146525e-06 
3.386131e-06 
3.657094e-06 
3.965085e-06 
4.317106e-06 
4.721878e-06 
5.190375e-06 
5.736552e-06 
6.378358e-06 
7.139159e-06 
8.049830e-06 
9.151836e-06 
1.050187e-05 
1.217906e-05 
1.429635e-05 
1.701931e-05 
2.059809e-05 
2.542371e-05 
3.213153e-05 
4.179712e-05 
5.630876e-05 
7.901050e-05 
1.152953e-04 
1.706915e-04 
2.434875e-04 
3.242511e-04 
4.071200e-04 
4.903893e-04 
5.695659e-04 
6.326163e-04 
6.438010e-04 
6.438010e-04 
6.438010e-04 
6.438010e-04 
6.438010e-04 
6.438010e-04 
6.438010e-04 
6.438010e-04 
6.438010e-04 
6.438010e-04 
6.438010e-04 
6.438010e-04 
6.438010e-04 
6.438010e-04 
6.438010e-04 
6.438010e-04 
6.438010e-04 
6.438010e-04 
6.438010e-04 
6.438010e-04 
6.438010e-04 
6.438010e-04 
6.438010e-04 
6.438010e-04 
6.438010e-04 
6.438010e-04 
6.438010e-04 
6.438010e-04 
6.438010e-04 
6.438010e-04 
6.438010e-04 
6.438010e-04 
6.438010e-04 
6.438010e-04 
6.438010e-04 
6.438010e-04 
6.438010e-04 
6.438010e-04 
6.438010e-04 
6.438010e-04 
6.438010e-04 
6.438010e-04 
6.438010e-04 
6.438010e-04 
6.438010e-04 
6.438010e-04 
6.438010e-04 
6.438010e-04 
6.438010e-04 
6.438010e-04 
6.438010e-04 
6.438010e-04 
6.438010e-04 
6.438010e-04 
6.438010e-04 
6.438010e-04 
6.438010e-04 
6.438010e-04 
6.438010e-04 
6.438010e-04 
6.438010e-04 
6.438010e-04 
6.438010e-04 
6.691188e-04 
7.343387e-04 
8.091275e-04 
8.868255e-04 
9.404301e-04 
1.059759e-03 
1.203622e-03 
1.377301e-03 
1.588332e-03 
1.847329e-03 
2.169303e-03 
2.575218e-03 
3.094778e-03 
3.771016e-03 
4.667847e-03 
5.882850e-03 
7.569727e-03 
9.979447e-03 
1.353921e-02 
1.901220e-02 
2.783928e-02 
4.290669e-02 
7.027873e-02 
1.223680e-01 
2.173745e-01 
3.562305e-01 
5.101255e-01 
6.581332e-01 
7.922388e-01 
9.039829e-01 
9.543233e-01 
9.543234e-01 
9.543234e-01 
9.543234e-01 
9.543234e-01 
9.543234e-01 
9.543234e-01 
9.543234e-01 
9.543234e-01 
9.543234e-01 
9.543234e-01 
9.543234e-01 
9.543234e-01 
9.543234e-01 
9.543234e-01 
9.543234e-01 
9.543234e-01 
9.543234e-01 
9.543234e-01 
9.543234e-01 
9.543234e-01 
9.543234e-01 
9.543234e-01 
9.543234e-01 
9.543234e-01 
9.543234e-01 
9.543234e-01 
9.543234e-01 
9.543234e-01 
9.543234e-01 
9.543234e-01 
9.543234e-01 
9.543234e-01 
9.543234e-01 
9.543234e-01 
9.543234e-01 
9.543234e-01 
9.543234e-01 
9.543234e-01 
9.543234e-01 
9.543234e-01 
9.543234e-01 
9.543234e-01 
9.543234e-01 
9.543234e-01 
9.543234e-01 
9.543234e-01 
9.543234e-01 
9.543234e-01 
9.543234e-01 
9.543234e-01 
9.543234e-01 
9.543234e-01 
9.543234e-01 
9.543234e-01 
9.543234e-01 
9.543234e-01 
9.543234e-01 
9.543234e-01 
9.543234e-01 
9.543234e-01 
9.543234e-01 
9.543234e-01 
9.543234e-01 
9.543206e-01 
9.543167e-01 
9.543121e-01 
9.543069e-01 
9.543012e-01 
9.542950e-01 
9.542886e-01 
9.542823e-01 
9.542766e-01 
9.542718e-01 
9.542677e-01 
9.542642e-01 
9.542614e-01 
9.542589e-01 
9.542568e-01 
9.542550e-01 
9.542534e-01 
9.542520e-01 
9.542508e-01 
9.542497e-01 
9.542487e-01 
9.542478e-01 
9.542470e-01 
9.542462e-01 
9.542455e-01 
9.542449e-01 
9.542443e-01 
9.542438e-01 
9.542433e-01 
9.542428e-01 
9.542427e-01 
9.542427e-01 
9.542427e-01 
9.542427e-01 
9.542427e-01 
9.542427e-01 
9.542427e-01 
9.542427e-01 
9.542427e-01 
9.542427e-01 
9.542427e-01 
9.542427e-01 
9.542427e-01 
9.542427e-01 
9.542427e-01 
9.542427e-01 
9.542427e-01 
9.542427e-01 
9.542427e-01 
9.542427e-01 
9.542427e-01 
9.542427e-01 
9.542427e-01 
9.542427e-01 
9.542427e-01 
9.542427e-01 
9.542427e-01 
9.542427e-01 
9.542427e-01 
9.542427e-01 
9.542427e-01 
9.542427e-01 
9.542427e-01 
9.542427e-01 
9.542427e-01 
9.542427e-01 
9.542427e-01 
9.542427e-01 
9.542427e-01 
9.542427e-01 
9.542427e-01 
9.542427e-01 
9.542427e-01 
9.542427e-01 
9.542427e-01 
9.542427e-01 
9.542427e-01 
9.542427e-01 
9.542427e-01 
9.542427e-01 
9.542427e-01 
9.542427e-01 
9.542427e-01 
9.542427e-01 
9.542427e-01 
9.542427e-01 
9.542427e-01 
9.542427e-01 
9.542427e-01 
9.542427e-01 
9.542427e-01 
9.542427e-01 
9.542427e-01 
9.123633e-01 
8.039911e-01 
6.720497e-01 
5.209341e-01 
3.426209e-01 
1.279403e-01 
8.497876e-03 
5.765053e-04 
2.725841e-04 
1.608597e-04 
1.038041e-04 
7.111937e-05 
5.089980e-05 
3.765872e-05 
2.858717e-05 
2.213103e-05 
1.737513e-05 
1.374956e-05 
1.087718e-05 
8.486456e-06 
6.352551e-06 
4.246405e-06 
1.891237e-06 
-9.694794e-07 
-4.146187e-06 
-6.942911e-06 
-9.096028e-06 
-1.079378e-05 
-1.226388e-05 
-1.359007e-05 
-1.441937e-05 
-1.441942e-05 
-1.441942e-05 
-1.441942e-05 
-1.441942e-05 
-1.441942e-05 
-1.441942e-05 
-1.441942e-05 
-1.441942e-05 
-1.441942e-05 
-1.441942e-05 
-1.441942e-05 
-1.441942e-05 
-1.441942e-05 
-1.441942e-05 
-1.441942e-05 
-1.441942e-05 
-1.441942e-05 
-1.441942e-05 
-1.441942e-05 
-1.441942e-05 
-1.441942e-05 
-1.441942e-05 
-1.441942e-05 
-1.441942e-05 
-1.441942e-05 
-1.441942e-05 
-1.441942e-05 
-1.441942e-05 
-1.441942e-05 
-1.441942e-05 
-1.441942e-05 
-1.441942e-05 
-1.441942e-05 
-1.441942e-05 
-1.441942e-05 
-1.441942e-05 
-1.441942e-05 
-1.441942e-05 
-1.441942e-05 
-1.441942e-05 
-1.441942e-05 
-1.441942e-05 
-1.441942e-05 
-1.441942e-05 
-1.441942e-05 
-1.441942e-05 
-1.441942e-05 
-1.441942e-05 
-1.441942e-05 
-1.441942e-05 
-1.441942e-05 
-1.441942e-05 
-1.441942e-05 
-1.441942e-05 
-1.441942e-05 
-1.441942e-05 
-1.441942e-05 
-1.441942e-05 
-1.441942e-05 
-1.441942e-05 
-1.441942e-05 
-1.441942e-05 
-1.441918e-05 
-1.421829e-05 
-1.394747e-05 
-1.363001e-05 
-1.325597e-05 
-1.281279e-05 
-1.228456e-05 
-1.165107e-05 
-1.088650e-05 
-9.957124e-06 
-8.817880e-06 
-7.408148e-06 
-5.645714e-06 
-3.417640e-06 
-5.666783e-07 
3.128856e-06 
7.984574e-06 
1.445167e-05 
2.317036e-05 
3.502184e-05 
5.113134e-05 
7.271831e-05 
1.006943e-04 
1.351811e-04 
1.755386e-04 
2.211983e-04 
2.726958e-04 
3.322492e-04 
4.035237e-04 
4.889688e-04 
5.800771e-04 
5.942924e-04 
5.942924e-04 
5.942924e-04 
5.942924e-04 
5.942924e-04 
5.942924e-04 
5.942924e-04 
5.942924e-04 
5.942924e-04 
5.942924e-04 
5.942924e-04 
5.942924e-04 
5.942924e-04 
5.942924e-04 
5.942924e-04 
5.942924e-04 
5.942924e-04 
5.942924e-04 
5.942924e-04 
5.942924e-04 
5.942924e-04 
5.942924e-04 
5.942924e-04 
5.942924e-04 
5.942924e-04 
5.942924e-04 
5.942924e-04 
5.942924e-04 
5.942924e-04 
5.942924e-04 
5.942924e-04 
5.942924e-04 
5.942924e-04 
5.942924e-04 
5.942924e-04 
5.942924e-04 
5.942924e-04 
5.942924e-04 
5.942924e-04 
5.942924e-04 
5.942924e-04 
5.942924e-04 
5.942924e-04 
5.942924e-04 
5.942924e-04 
5.942924e-04 
5.942924e-04 
5.942924e-04 
5.942924e-04 
5.942924e-04 
5.942924e-04 
5.942924e-04 
5.942924e-04 
5.942924e-04 
5.942924e-04 
5.942924e-04 
5.942924e-04 
5.942924e-04 
5.942924e-04 
5.942924e-04 
5.942924e-04 
5.942924e-04 
5.942924e-04 
6.222288e-04 
6.854856e-04 
7.591327e-04 
8.454401e-04 
9.473770e-04 
1.068773e-03 
1.214474e-03 
1.390441e-03 
1.604369e-03 
1.867138e-03 
2.194103e-03 
2.606722e-03 
3.135437e-03 
3.824427e-03 
4.739421e-03 
0.000000e+00 
0.000000e+00 
0.000000e+00 
0.000000e+00 
0.000000e+00 
0.000000e+00 
0.000000e+00 
0.000000e+00
#[#TRACE_DATA]
#[#TRACE]
