#[TRACE]
#data_labels=Output
#[TRACE_DATA]
3.307049e-05 
-5.662749e-04 
-5.662749e-04 
-5.662749e-04 
-5.662749e-04 
-5.077431e-03 
-9.543222e-01 
-9.543222e-01 
-9.543222e-01 
-9.543222e-01 
-9.542531e-01 
-9.542419e-01 
-9.542419e-01 
-9.542419e-01 
-9.542419e-01 
3.238983e-05 
1.909950e-05 
1.909950e-05 
1.909950e-05 
1.909950e-05 
2.479723e-05 
-5.658598e-04 
-5.658598e-04 
-5.658598e-04 
-5.658598e-04 
-5.077431e-03 
-9.543222e-01 
-9.543222e-01 
-9.543222e-01 
-9.543222e-01 
-9.542531e-01 
-9.542419e-01 
-9.542419e-01 
-9.542419e-01 
-9.542419e-01 
3.238983e-05 
1.909950e-05 
1.909950e-05 
1.909950e-05 
1.909950e-05 
2.479723e-05 
-5.658598e-04 
-5.658598e-04 
-5.658598e-04 
-5.658598e-04 
-5.077431e-03 
-9.543222e-01 
-9.543222e-01 
-9.543222e-01 
-9.543222e-01 
-9.542531e-01 
-9.542419e-01 
-9.542419e-01 
-9.542419e-01 
-9.542419e-01 
3.329248e-05 
1.325523e-06 
1.325523e-06 
1.325523e-06 
1.325523e-06 
1.225365e-05 
6.303263e-04 
6.303263e-04 
6.303263e-04 
6.303263e-04 
5.216916e-03 
9.543225e-01 
9.543225e-01 
9.543225e-01 
9.543225e-01 
9.542567e-01 
9.542427e-01 
9.542427e-01 
9.542427e-01 
9.542427e-01 
3.238941e-05 
5.335150e-06 
5.335150e-06 
5.335150e-06 
5.335150e-06 
1.637136e-05 
6.348966e-04 
6.348966e-04 
6.348966e-04 
6.348966e-04 
5.216916e-03 
9.543225e-01 
9.543225e-01 
9.543225e-01 
9.543225e-01 
9.542567e-01 
9.542427e-01 
9.542427e-01 
9.542427e-01 
9.542427e-01 
3.329216e-05 
1.917247e-05 
1.917247e-05 
1.917247e-05 
1.917247e-05 
2.479723e-05 
-5.658598e-04 
-5.658598e-04 
-5.658598e-04 
-5.658598e-04 
-5.077430e-03 
-9.543222e-01 
-9.543222e-01 
-9.543222e-01 
-9.543222e-01 
-9.542531e-01 
-9.542419e-01 
-9.542419e-01 
-9.542419e-01 
-9.542419e-01 
3.238984e-05 
1.909950e-05 
1.909950e-05 
1.909950e-05 
1.909950e-05 
2.479723e-05 
-5.658598e-04 
-5.658598e-04 
-5.658598e-04 
-5.658598e-04 
-5.077430e-03 
-9.543222e-01 
-9.543222e-01 
-9.543222e-01 
-9.543222e-01 
-9.542531e-01 
-9.542419e-01 
-9.542419e-01 
-9.542419e-01 
-9.542419e-01 
3.329248e-05 
1.325523e-06 
1.325523e-06 
1.325523e-06 
1.325523e-06 
1.225365e-05 
6.303263e-04 
6.303263e-04 
6.303263e-04 
6.303263e-04 
5.216915e-03 
9.543225e-01 
9.543225e-01 
9.543225e-01 
9.543225e-01 
9.542567e-01 
9.542427e-01 
9.542427e-01 
9.542427e-01 
9.542427e-01 
3.238942e-05 
5.335150e-06 
5.335150e-06 
5.335150e-06 
5.335150e-06
#[#TRACE_DATA]
#[#TRACE]
