#[TRACE]
#data_labels=Output
#[TRACE_DATA]
3.924297e-06 
-4.833193e-04 
-4.833194e-04 
-4.833194e-04 
-4.833194e-04 
-4.608735e-03 
-9.542486e-01 
-9.542486e-01 
-9.542486e-01 
-9.542486e-01 
-9.542359e-01 
-9.542328e-01 
-9.542328e-01 
-9.542328e-01 
-9.542328e-01 
3.492052e-05 
2.990175e-06 
2.990176e-06 
2.990176e-06 
2.990176e-06 
1.176584e-05 
5.365926e-04 
5.365926e-04 
5.365926e-04 
5.365926e-04 
4.808270e-03 
9.542487e-01 
9.542487e-01 
9.542487e-01 
9.542487e-01 
9.542371e-01 
9.542332e-01 
9.542332e-01 
9.542332e-01 
9.542332e-01 
3.117030e-05 
2.968926e-06 
2.968926e-06 
2.968926e-06 
2.968926e-06 
1.184876e-05 
5.365643e-04 
5.365643e-04 
5.365643e-04 
5.365643e-04 
4.905500e-03 
9.542487e-01 
9.542487e-01 
9.542487e-01 
9.542487e-01 
9.542370e-01 
9.542332e-01 
9.542332e-01 
9.542332e-01 
9.542332e-01 
3.347999e-05 
2.990176e-06 
2.990176e-06 
2.990176e-06 
2.990176e-06 
1.207906e-05 
5.365926e-04 
5.365926e-04 
5.365926e-04 
5.365926e-04 
5.005360e-03 
9.542487e-01 
9.542487e-01 
9.542487e-01 
9.542487e-01 
9.542370e-01 
9.542332e-01 
9.542332e-01 
9.542332e-01 
9.542332e-01 
3.279096e-05 
1.578706e-05 
1.578706e-05 
1.578706e-05 
1.578706e-05 
1.966114e-05 
-4.833218e-04 
-4.833218e-04 
-4.833218e-04 
-4.833218e-04 
-4.995553e-03 
-9.542486e-01 
-9.542486e-01 
-9.542486e-01 
-9.542486e-01 
-9.542358e-01 
-9.542328e-01 
-9.542328e-01 
-9.542328e-01 
-9.542328e-01 
3.212183e-05 
2.990176e-06 
2.990176e-06 
2.990176e-06 
2.990176e-06 
1.240541e-05 
5.365926e-04 
5.365926e-04 
5.365926e-04 
5.365926e-04 
5.213324e-03 
9.542487e-01 
9.542487e-01 
9.542487e-01 
9.542487e-01 
9.542369e-01 
9.542332e-01 
9.542332e-01 
9.542332e-01 
9.542332e-01 
3.147180e-05 
1.578706e-05 
1.578706e-05 
1.578706e-05 
1.578706e-05 
1.970978e-05 
-4.833218e-04 
-4.833218e-04 
-4.833218e-04 
-4.833218e-04 
-5.205197e-03 
-9.542486e-01 
-9.542486e-01 
-9.542486e-01 
-9.542486e-01 
-9.542357e-01 
-9.542328e-01 
-9.542328e-01 
-9.542328e-01 
-9.542328e-01 
2.793226e-05 
-9.836602e-06 
-9.836601e-06 
-9.836601e-06 
-9.836601e-06 
5.078644e-06 
4.968847e-04 
4.968847e-04 
4.968847e-04 
4.968847e-04 
5.432913e-03 
9.542487e-01 
9.542487e-01 
9.542487e-01 
9.542487e-01 
9.542368e-01 
9.542332e-01 
9.542332e-01 
9.542332e-01 
9.542332e-01 
2.733815e-05 
-9.836601e-06 
-9.836601e-06 
-9.836601e-06 
-9.836601e-06 
5.382233e-06 
4.968847e-04 
4.968847e-04 
4.968847e-04 
4.968847e-04 
5.547319e-03 
9.542487e-01 
9.542487e-01 
9.542487e-01 
9.542487e-01 
9.542368e-01 
9.542332e-01 
9.542332e-01 
9.542332e-01 
9.542332e-01 
2.676040e-05 
-9.836601e-06 
-9.836601e-06 
-9.836601e-06 
-9.836601e-06 
5.692835e-06 
4.968847e-04 
4.968847e-04 
4.968847e-04 
4.968847e-04 
5.664942e-03 
9.542487e-01 
9.542487e-01 
9.542487e-01 
9.542487e-01 
9.542367e-01 
9.542332e-01 
9.542332e-01 
9.542332e-01 
9.542332e-01 
2.619841e-05 
2.968926e-06 
2.968926e-06 
2.968926e-06 
2.968926e-06 
1.320402e-05 
5.365643e-04 
5.365643e-04 
5.365643e-04 
5.365643e-04 
5.785895e-03 
9.542487e-01 
9.542487e-01 
9.542487e-01 
9.542487e-01 
9.542367e-01 
9.542332e-01 
9.542332e-01 
9.542332e-01 
9.542332e-01 
2.565149e-05 
-9.910577e-06 
-9.910577e-06 
-9.910577e-06 
-9.910577e-06 
6.001448e-06 
4.968895e-04 
4.968895e-04 
4.968895e-04 
4.968895e-04 
5.910314e-03 
9.542487e-01 
9.542487e-01 
9.542487e-01 
9.542487e-01 
9.542367e-01 
9.542332e-01 
9.542332e-01 
9.542332e-01 
9.542332e-01 
2.511971e-05 
-9.836601e-06 
-9.836601e-06 
-9.836601e-06 
-9.836601e-06 
6.668665e-06 
4.968847e-04 
4.968847e-04 
4.968847e-04 
4.968847e-04 
6.038263e-03 
9.542487e-01 
9.542487e-01 
9.542487e-01 
9.542487e-01 
9.542366e-01 
9.542332e-01 
9.542332e-01 
9.542332e-01 
9.542332e-01 
2.460167e-05 
-9.910577e-06 
-9.910577e-06 
-9.910577e-06 
-9.910577e-06 
6.666703e-06 
4.968895e-04 
4.968895e-04 
4.968895e-04 
4.968895e-04 
6.169948e-03 
9.542487e-01 
9.542487e-01 
9.542487e-01 
9.542487e-01 
9.542366e-01 
9.542332e-01 
9.542332e-01 
9.542332e-01 
9.542332e-01 
2.409781e-05 
-9.836601e-06 
-9.836601e-06 
-9.836601e-06 
-9.836601e-06 
7.357967e-06 
4.968847e-04 
4.968847e-04 
4.968847e-04 
4.968847e-04 
6.305422e-03 
9.542487e-01 
9.542487e-01 
9.542487e-01 
9.542487e-01 
9.542366e-01 
9.542332e-01 
9.542332e-01 
9.542332e-01 
9.542332e-01 
2.360673e-05 
-9.910577e-06 
-9.910577e-06 
-9.910577e-06 
-9.910577e-06 
7.363857e-06 
4.968895e-04 
4.968895e-04 
4.968895e-04 
4.968895e-04 
6.444905e-03 
9.542487e-01 
9.542487e-01 
9.542487e-01 
9.542487e-01 
9.542365e-01 
9.542332e-01 
9.542332e-01 
9.542332e-01 
9.542332e-01 
2.312893e-05 
-9.836601e-06 
-9.836601e-06 
-9.836601e-06 
-9.836601e-06 
8.080309e-06 
4.968847e-04 
4.968847e-04 
4.968847e-04 
4.968847e-04 
6.588458e-03 
9.542487e-01 
9.542487e-01 
9.542487e-01 
9.542487e-01 
9.542365e-01 
9.542332e-01 
9.542332e-01 
9.542332e-01 
9.542332e-01 
2.266301e-05 
-9.910577e-06 
-9.910577e-06 
-9.910577e-06 
-9.910577e-06 
8.094724e-06 
4.968895e-04 
4.968895e-04 
4.968895e-04 
4.968895e-04 
6.736317e-03 
9.542487e-01 
9.542487e-01 
9.542487e-01 
9.542487e-01 
9.542364e-01 
9.542332e-01 
9.542332e-01 
9.542332e-01 
9.542332e-01 
2.220956e-05 
-9.836601e-06 
-9.836601e-06 
-9.836601e-06 
-9.836601e-06 
8.837565e-06 
4.968847e-04 
4.968847e-04 
4.968847e-04 
4.968847e-04 
6.888552e-03 
9.542487e-01 
9.542487e-01 
9.542487e-01 
9.542487e-01 
9.542364e-01 
9.542332e-01 
9.542332e-01 
9.542332e-01 
9.542332e-01 
2.449187e-05 
2.990176e-06 
2.990176e-06 
2.990176e-06 
2.990176e-06 
1.512647e-05 
5.365926e-04 
5.365926e-04 
5.365926e-04 
5.365926e-04 
7.045394e-03 
9.542487e-01 
9.542487e-01 
9.542487e-01 
9.542487e-01 
9.542364e-01 
9.542332e-01 
9.542332e-01 
9.542332e-01 
9.542332e-01 
2.405033e-05 
1.578706e-05 
1.578706e-05 
1.578706e-05 
1.578706e-05 
1.997468e-05 
-4.833218e-04 
-4.833218e-04 
-4.833218e-04 
-4.833218e-04 
-7.056243e-03 
-9.542486e-01 
-9.542486e-01 
-9.542486e-01 
-9.542486e-01 
-9.542354e-01 
-9.542328e-01 
-9.542328e-01 
-9.542328e-01 
-9.542328e-01 
2.362034e-05 
2.990176e-06 
2.990176e-06 
2.990176e-06 
2.990176e-06 
1.558924e-05 
5.365926e-04 
5.365926e-04 
5.365926e-04 
5.365926e-04 
7.373526e-03 
9.542487e-01 
9.542487e-01 
9.542487e-01 
9.542487e-01 
9.542363e-01 
9.542332e-01 
9.542332e-01 
9.542332e-01 
9.542332e-01 
2.320143e-05 
1.578706e-05 
1.578706e-05 
1.578706e-05 
1.578706e-05 
1.999722e-05 
-4.833218e-04 
-4.833218e-04 
-4.833218e-04 
-4.833218e-04 
-7.388491e-03 
-9.542486e-01 
-9.542486e-01 
-9.542486e-01 
-9.542486e-01 
-9.542353e-01 
-9.542328e-01 
-9.542328e-01 
-9.542328e-01 
-9.542328e-01 
2.010707e-05 
-9.836601e-06 
-9.836601e-06 
-9.836601e-06 
-9.836601e-06 
1.089680e-05 
4.968847e-04 
4.968847e-04 
4.968847e-04 
4.968847e-04 
7.722157e-03 
9.542487e-01 
9.542487e-01 
9.542487e-01 
9.542487e-01 
9.542362e-01 
9.542332e-01 
9.542332e-01 
9.542332e-01 
9.542332e-01 
1.971731e-05 
-9.836601e-06 
-9.836601e-06 
-9.836601e-06 
-9.836601e-06 
1.133931e-05 
4.968847e-04 
4.968847e-04 
4.968847e-04 
4.968847e-04 
7.904655e-03 
9.542487e-01 
9.542487e-01 
9.542487e-01 
9.542487e-01 
9.542362e-01 
9.542332e-01 
9.542332e-01 
9.542332e-01 
9.542332e-01 
1.933703e-05 
-9.836601e-06 
-9.836601e-06 
-9.836601e-06 
-9.836601e-06 
1.179272e-05 
4.968847e-04 
4.968847e-04 
4.968847e-04 
4.968847e-04 
8.092891e-03 
9.542487e-01 
9.542487e-01 
9.542487e-01 
9.542487e-01 
9.542362e-01 
9.542332e-01 
9.542332e-01 
9.542332e-01 
9.542332e-01 
1.896591e-05 
2.968926e-06 
2.968926e-06 
2.968926e-06 
2.968926e-06 
1.674630e-05 
5.365643e-04 
5.365643e-04 
5.365643e-04 
5.365643e-04 
8.287088e-03 
9.542487e-01 
9.542487e-01 
9.542487e-01 
9.542487e-01 
9.542361e-01 
9.542332e-01 
9.542332e-01 
9.542332e-01 
9.542332e-01 
1.860342e-05 
-9.910577e-06 
-9.910577e-06 
-9.910577e-06 
-9.910577e-06 
1.232648e-05 
4.968895e-04 
4.968895e-04 
4.968895e-04 
4.968895e-04 
8.487507e-03 
9.542487e-01 
9.542487e-01 
9.542487e-01 
9.542487e-01 
9.542361e-01 
9.542332e-01 
9.542332e-01 
9.542332e-01 
9.542332e-01 
1.825013e-05 
-9.836601e-06 
-9.836601e-06 
-9.836601e-06 
-9.836601e-06 
1.322154e-05 
4.968847e-04 
4.968847e-04 
4.968847e-04 
4.968847e-04 
8.694316e-03 
9.542487e-01 
9.542487e-01 
9.542487e-01 
9.542487e-01 
9.542361e-01 
9.542332e-01 
9.542332e-01 
9.542332e-01 
9.542332e-01 
1.790455e-05 
-9.910577e-06 
-9.910577e-06 
-9.910577e-06 
-9.910577e-06 
1.330450e-05 
4.968895e-04 
4.968895e-04 
4.968895e-04 
4.968895e-04 
8.907876e-03 
9.542487e-01 
9.542487e-01 
9.542487e-01 
9.542487e-01 
9.542360e-01 
9.542332e-01 
9.542332e-01 
9.542332e-01 
9.542332e-01 
1.756769e-05 
-9.836601e-06 
-9.836601e-06 
-9.836601e-06 
-9.836601e-06 
1.423454e-05 
4.968847e-04 
4.968847e-04 
4.968847e-04 
4.968847e-04 
9.128351e-03 
9.542487e-01 
9.542487e-01 
9.542487e-01 
9.542487e-01 
9.542360e-01 
9.542332e-01 
9.542332e-01 
9.542332e-01 
9.542332e-01 
1.723799e-05 
-9.910577e-06 
-9.910577e-06 
-9.910577e-06 
-9.910577e-06 
1.433247e-05 
4.968895e-04 
4.968895e-04 
4.968895e-04 
4.968895e-04 
9.356130e-03 
9.542487e-01 
9.542487e-01 
9.542487e-01 
9.542487e-01 
9.542360e-01 
9.542332e-01 
9.542332e-01 
9.542332e-01 
9.542332e-01 
1.691656e-05 
-9.836601e-06 
-9.836601e-06 
-9.836601e-06 
-9.836601e-06
#[#TRACE_DATA]
#[#TRACE]
