#[TRACE]
#data_labels=Output
#[TRACE_DATA]
-5.133144e-03 
-9.542477e-01 
-9.542477e-01 
-9.542477e-01 
-9.542477e-01 
-9.542368e-01 
-9.542331e-01 
-9.542331e-01 
-9.542331e-01 
-9.542331e-01 
-2.358914e-05 
-1.969854e-05 
-1.969854e-05 
-1.969854e-05 
-1.969854e-05 
-2.461583e-05 
4.640893e-04 
4.640893e-04 
4.640893e-04 
4.640893e-04 
4.873684e-03 
9.542476e-01 
9.542476e-01 
9.542476e-01 
9.542476e-01 
9.542358e-01 
9.542329e-01 
9.542329e-01 
9.542329e-01 
9.542329e-01 
-2.748190e-05 
-2.605018e-06 
-2.605018e-06 
-2.605018e-06 
-2.605018e-06 
-1.187388e-05 
-5.244807e-04 
-5.244807e-04 
-5.244807e-04 
-5.244807e-04 
-5.002072e-03 
-9.542477e-01 
-9.542477e-01 
-9.542477e-01 
-9.542477e-01 
-9.542368e-01 
-9.542331e-01 
-9.542331e-01 
-9.542331e-01 
-9.542331e-01 
-2.748308e-05 
-2.588044e-06 
-2.588044e-06 
-2.588044e-06 
-2.588044e-06 
-1.181190e-05 
-5.244799e-04 
-5.244799e-04 
-5.244799e-04 
-5.244799e-04 
-5.002072e-03 
-9.542477e-01 
-9.542477e-01 
-9.542477e-01 
-9.542477e-01 
-9.542368e-01 
-9.542331e-01 
-9.542331e-01 
-9.542331e-01 
-9.542331e-01 
-3.137468e-05 
1.451428e-05 
1.451428e-05 
1.451428e-05 
1.451428e-05 
1.462831e-06 
-4.803486e-04 
-4.803486e-04 
-4.803486e-04 
-4.803486e-04 
-5.002072e-03 
-9.542477e-01 
-9.542477e-01 
-9.542477e-01 
-9.542477e-01 
-9.542368e-01 
-9.542331e-01 
-9.542331e-01 
-9.542331e-01 
-9.542331e-01 
-2.358914e-05 
-1.969854e-05 
-1.969854e-05 
-1.969854e-05 
-1.969854e-05 
-2.461583e-05 
4.640893e-04 
4.640893e-04 
4.640893e-04 
4.640893e-04 
4.873684e-03 
9.542476e-01 
9.542476e-01 
9.542476e-01 
9.542476e-01 
9.542358e-01 
9.542329e-01 
9.542329e-01 
9.542329e-01 
9.542329e-01 
-2.748190e-05 
-2.605018e-06 
-2.605018e-06 
-2.605018e-06 
-2.605018e-06 
-1.187387e-05 
-5.244807e-04 
-5.244807e-04 
-5.244807e-04 
-5.244807e-04 
-5.002071e-03 
-9.542477e-01 
-9.542477e-01 
-9.542477e-01 
-9.542477e-01 
-9.542368e-01 
-9.542331e-01 
-9.542331e-01 
-9.542331e-01 
-9.542331e-01 
-2.748308e-05 
-2.588044e-06 
-2.588044e-06 
-2.588044e-06 
-2.588044e-06 
-1.181190e-05 
-5.244799e-04 
-5.244799e-04 
-5.244799e-04 
-5.244799e-04 
-5.002071e-03 
-9.542477e-01 
-9.542477e-01 
-9.542477e-01 
-9.542477e-01 
-9.542368e-01 
-9.542331e-01 
-9.542331e-01 
-9.542331e-01 
-9.542331e-01 
-3.137468e-05 
1.451428e-05 
1.451428e-05 
1.451428e-05 
1.451428e-05 
1.462833e-06 
-4.803486e-04 
-4.803486e-04 
-4.803486e-04 
-4.803486e-04
#[#TRACE_DATA]
#[#TRACE]
