#[TRACE]
#data_labels=Output
#[TRACE_DATA]
-5.266560e-03 
-9.543232e-01 
-9.543232e-01 
-9.543232e-01 
-9.543232e-01 
-9.542531e-01 
-9.542419e-01 
-9.542419e-01 
-9.542419e-01 
-9.542419e-01 
3.146290e-05 
2.059983e-05 
2.059983e-05 
2.059983e-05 
2.059983e-05 
2.551963e-05 
-5.779118e-04 
-5.779118e-04 
-5.779118e-04 
-5.779118e-04 
-5.136586e-03 
-9.543232e-01 
-9.543232e-01 
-9.543232e-01 
-9.543232e-01 
-9.542531e-01 
-9.542419e-01 
-9.542419e-01 
-9.542419e-01 
-9.542419e-01 
2.932240e-05 
3.213341e-06 
3.213341e-06 
3.213341e-06 
3.213341e-06 
1.481781e-05 
6.459076e-04 
6.459076e-04 
6.459076e-04 
6.459076e-04 
5.268581e-03 
9.543235e-01 
9.543235e-01 
9.543235e-01 
9.543235e-01 
9.542568e-01 
9.542427e-01 
9.542427e-01 
9.542427e-01 
9.542427e-01 
2.931157e-05 
3.233445e-06 
3.233445e-06 
3.233445e-06 
3.233445e-06 
1.490075e-05 
6.459013e-04 
6.459013e-04 
6.459013e-04 
6.459013e-04 
5.268581e-03 
9.543235e-01 
9.543235e-01 
9.543235e-01 
9.543235e-01 
9.542568e-01 
9.542427e-01 
9.542427e-01 
9.542427e-01 
9.542427e-01 
2.717106e-05 
-1.416259e-05 
-1.416259e-05 
-1.416259e-05 
-1.416259e-05 
3.518019e-06 
5.963812e-04 
5.963812e-04 
5.963812e-04 
5.963812e-04 
5.268580e-03 
9.543235e-01 
9.543235e-01 
9.543235e-01 
9.543235e-01 
9.542568e-01 
9.542427e-01 
9.542427e-01 
9.542427e-01 
9.542427e-01 
3.146290e-05 
2.059983e-05 
2.059983e-05 
2.059983e-05 
2.059983e-05 
2.551963e-05 
-5.779118e-04 
-5.779118e-04 
-5.779118e-04 
-5.779118e-04 
-5.136586e-03 
-9.543232e-01 
-9.543232e-01 
-9.543232e-01 
-9.543232e-01 
-9.542531e-01 
-9.542419e-01 
-9.542419e-01 
-9.542419e-01 
-9.542419e-01 
2.932241e-05 
3.213341e-06 
3.213341e-06 
3.213341e-06 
3.213341e-06 
1.481781e-05 
6.459076e-04 
6.459076e-04 
6.459076e-04 
6.459076e-04 
5.268580e-03 
9.543235e-01 
9.543235e-01 
9.543235e-01 
9.543235e-01 
9.542568e-01 
9.542427e-01 
9.542427e-01 
9.542427e-01 
9.542427e-01 
2.931157e-05 
3.233445e-06 
3.233445e-06 
3.233445e-06 
3.233445e-06 
1.490075e-05 
6.459013e-04 
6.459013e-04 
6.459013e-04 
6.459013e-04 
5.268580e-03 
9.543235e-01 
9.543235e-01 
9.543235e-01 
9.543235e-01 
9.542568e-01 
9.542427e-01 
9.542427e-01 
9.542427e-01 
9.542427e-01 
2.717106e-05 
-1.416259e-05 
-1.416259e-05 
-1.416259e-05 
-1.416259e-05 
3.518017e-06 
5.963812e-04 
5.963812e-04 
5.963812e-04 
5.963812e-04
#[#TRACE_DATA]
#[#TRACE]
