#[TRACE]
#data_labels=Output
#[TRACE_DATA]
2.215393e-05 
-4.795117e-04 
-4.795117e-04 
-4.795117e-04 
-4.795117e-04 
-4.924911e-03 
-9.542486e-01 
-9.542486e-01 
-9.542486e-01 
-9.542486e-01 
-9.542358e-01 
-9.542328e-01 
-9.542328e-01 
-9.542328e-01 
-9.542328e-01 
3.462709e-05 
1.118336e-06 
1.118336e-06 
1.118336e-06 
1.118336e-06 
1.101695e-05 
5.362643e-04 
5.362643e-04 
5.362643e-04 
5.362643e-04 
5.061699e-03 
9.542487e-01 
9.542487e-01 
9.542487e-01 
9.542487e-01 
9.542369e-01 
9.542332e-01 
9.542332e-01 
9.542332e-01 
9.542332e-01 
3.462709e-05 
1.118336e-06 
1.118336e-06 
1.118336e-06 
1.118336e-06 
1.101695e-05 
5.362643e-04 
5.362643e-04 
5.362643e-04 
5.362643e-04 
5.061699e-03 
9.542487e-01 
9.542487e-01 
9.542487e-01 
9.542487e-01 
9.542369e-01 
9.542332e-01 
9.542332e-01 
9.542332e-01 
9.542332e-01 
3.462708e-05 
1.813883e-05 
1.813883e-05 
1.813883e-05 
1.813883e-05 
2.214336e-05 
-4.795117e-04 
-4.795117e-04 
-4.795117e-04 
-4.795117e-04 
-4.924911e-03 
-9.542486e-01 
-9.542486e-01 
-9.542486e-01 
-9.542486e-01 
-9.542358e-01 
-9.542328e-01 
-9.542328e-01 
-9.542328e-01 
-9.542328e-01 
3.462708e-05 
1.813883e-05 
1.813883e-05 
1.813883e-05 
1.813883e-05 
2.214336e-05 
-4.795117e-04 
-4.795117e-04 
-4.795117e-04 
-4.795117e-04 
-4.924910e-03 
-9.542486e-01 
-9.542486e-01 
-9.542486e-01 
-9.542486e-01 
-9.542358e-01 
-9.542328e-01 
-9.542328e-01 
-9.542328e-01 
-9.542328e-01 
3.159349e-05 
5.304760e-06 
5.304760e-06 
5.304760e-06 
5.304760e-06 
1.527839e-05 
5.409164e-04 
5.409164e-04 
5.409164e-04 
5.409164e-04 
5.061699e-03 
9.542487e-01 
9.542487e-01 
9.542487e-01 
9.542487e-01 
9.542369e-01 
9.542332e-01 
9.542332e-01 
9.542332e-01 
9.542332e-01 
3.462709e-05 
1.118336e-06 
1.118336e-06 
1.118336e-06 
1.118336e-06 
1.101695e-05 
5.362643e-04 
5.362643e-04 
5.362643e-04 
5.362643e-04 
5.061699e-03 
9.542487e-01 
9.542487e-01 
9.542487e-01 
9.542487e-01 
9.542369e-01 
9.542332e-01 
9.542332e-01 
9.542332e-01 
9.542332e-01 
3.462708e-05 
1.813883e-05 
1.813883e-05 
1.813883e-05 
1.813883e-05 
2.214336e-05 
-4.795117e-04 
-4.795117e-04 
-4.795117e-04 
-4.795117e-04 
-4.924910e-03 
-9.542486e-01 
-9.542486e-01 
-9.542486e-01 
-9.542486e-01 
-9.542358e-01 
-9.542328e-01 
-9.542328e-01 
-9.542328e-01 
-9.542328e-01 
3.462708e-05 
1.813883e-05 
1.813883e-05 
1.813883e-05 
1.813883e-05
#[#TRACE_DATA]
#[#TRACE]
