#[TRACE]
#data_labels=Output
#[TRACE_DATA]
5.578720e-03 
5.992747e-03 
6.573472e-03 
7.231860e-03 
7.980681e-03 
8.835787e-03 
9.816499e-03 
1.094643e-02 
1.251924e-02 
1.408787e-02 
1.592508e-02 
1.809057e-02 
2.065971e-02 
2.372852e-02 
2.765107e-02 
3.219425e-02 
3.788066e-02 
4.479058e-02 
5.351971e-02 
6.441259e-02 
7.817737e-02 
9.563862e-02 
1.177501e-01 
1.454647e-01 
1.794965e-01 
2.199820e-01 
2.662938e-01 
3.171600e-01 
3.710386e-01 
4.265191e-01 
4.824840e-01 
5.381358e-01 
5.929166e-01 
6.464205e-01 
6.983018e-01 
7.481993e-01 
7.956910e-01 
8.402243e-01 
8.811051e-01 
9.174886e-01 
9.484059e-01 
9.542486e-01 
9.542486e-01 
9.542486e-01 
9.542486e-01 
9.542486e-01 
9.542486e-01 
9.542486e-01 
9.542486e-01 
9.542486e-01 
9.542486e-01 
9.542486e-01 
9.542486e-01 
9.542486e-01 
9.542486e-01 
9.542486e-01 
9.542486e-01 
9.542486e-01 
9.542486e-01 
9.542486e-01 
9.542486e-01 
9.542486e-01 
9.542486e-01 
9.542486e-01 
9.542486e-01 
9.542486e-01 
9.542486e-01 
9.542486e-01 
9.542486e-01 
9.542486e-01 
9.542486e-01 
9.542486e-01 
9.542486e-01 
9.542486e-01 
9.542486e-01 
9.542486e-01 
9.542486e-01 
9.542486e-01 
9.542486e-01 
9.542486e-01 
9.542486e-01 
9.542486e-01 
9.542486e-01 
9.542486e-01 
9.542486e-01 
9.542486e-01 
9.542486e-01 
9.542486e-01 
9.542486e-01 
9.542486e-01 
9.542486e-01 
9.542486e-01 
9.542486e-01 
9.542486e-01 
9.542486e-01 
9.542486e-01 
9.542486e-01 
9.542486e-01 
9.542486e-01 
9.542486e-01 
9.542486e-01 
9.542486e-01 
9.542486e-01 
9.542486e-01 
9.542486e-01 
9.542486e-01 
9.542486e-01 
9.542486e-01 
9.542486e-01 
9.542486e-01 
9.542486e-01 
9.542486e-01 
9.542486e-01 
9.542486e-01 
9.542486e-01 
9.542486e-01 
9.542486e-01 
9.542486e-01 
9.542486e-01 
9.542486e-01 
9.542486e-01 
9.542486e-01 
9.542486e-01 
9.542486e-01 
9.542486e-01 
9.542486e-01 
9.542486e-01 
9.542486e-01 
9.542486e-01 
9.542486e-01 
9.542486e-01 
9.542486e-01 
9.542486e-01 
9.542486e-01 
9.542486e-01 
9.542486e-01 
9.542486e-01 
9.542486e-01 
9.542486e-01 
9.542486e-01 
9.542486e-01 
9.542486e-01 
9.542486e-01 
9.542486e-01 
9.542486e-01 
9.542486e-01 
9.542486e-01 
9.542486e-01 
9.542486e-01 
9.542486e-01 
9.542486e-01 
9.542486e-01 
9.542486e-01 
9.542486e-01 
9.542486e-01 
9.542486e-01 
9.542486e-01 
9.542486e-01 
9.542486e-01 
9.542486e-01 
9.542486e-01 
9.542486e-01 
9.542486e-01 
9.542486e-01 
9.542486e-01 
9.542486e-01 
9.542486e-01 
9.542486e-01 
9.542486e-01 
9.542486e-01 
9.542486e-01 
9.542486e-01 
9.542486e-01 
9.542486e-01 
9.542486e-01 
9.542486e-01 
9.542486e-01 
9.542486e-01 
9.542486e-01 
9.542486e-01 
9.542486e-01 
9.542486e-01 
9.542486e-01 
9.542486e-01 
9.542486e-01 
9.542486e-01 
9.542486e-01 
9.542486e-01 
9.542486e-01 
9.542486e-01 
9.542486e-01 
9.542486e-01 
9.542486e-01 
9.542486e-01 
9.542486e-01 
9.542486e-01 
9.542486e-01 
9.542486e-01 
9.542486e-01 
9.542486e-01 
9.542486e-01 
9.542486e-01 
9.542486e-01 
9.542486e-01 
9.542486e-01 
9.542486e-01 
9.542486e-01 
9.542486e-01 
9.542486e-01 
9.542486e-01 
9.542486e-01 
9.542486e-01 
9.542486e-01 
9.542486e-01 
9.542486e-01 
9.542486e-01 
9.542486e-01 
9.542486e-01 
9.542486e-01 
9.542486e-01 
9.542486e-01 
9.542486e-01 
9.542486e-01 
9.542486e-01 
9.542486e-01 
9.542486e-01 
9.542486e-01 
9.542486e-01 
9.542486e-01 
9.542486e-01 
9.542486e-01 
9.542486e-01 
9.542486e-01 
9.542486e-01 
9.542486e-01 
9.542486e-01 
9.542486e-01 
9.542486e-01 
9.542486e-01 
9.542486e-01 
9.542486e-01 
9.542486e-01 
9.542486e-01 
9.542486e-01 
9.542486e-01 
9.542486e-01 
9.542486e-01 
9.542486e-01 
9.542486e-01 
9.542486e-01 
9.542486e-01 
9.542486e-01 
9.542486e-01 
9.542486e-01 
9.542486e-01 
9.542486e-01 
9.542486e-01 
9.542486e-01 
9.542486e-01 
9.542486e-01 
9.542486e-01 
9.542486e-01 
9.542486e-01 
9.542486e-01 
9.542486e-01 
9.542486e-01 
9.542486e-01 
9.542486e-01 
9.542486e-01 
9.542486e-01 
9.542486e-01 
9.542486e-01 
9.542486e-01 
9.542486e-01 
9.542486e-01 
9.542486e-01 
9.542486e-01 
9.542486e-01 
9.542486e-01 
9.542486e-01 
9.542486e-01 
9.542486e-01 
9.542486e-01 
9.542486e-01 
9.542486e-01 
9.542486e-01 
9.542486e-01 
9.542486e-01 
9.542486e-01 
9.542486e-01 
9.542486e-01 
9.542486e-01 
9.542486e-01 
9.542486e-01 
9.542486e-01 
9.542486e-01 
9.542486e-01 
9.542486e-01 
9.542486e-01 
9.542486e-01 
9.542486e-01 
9.542486e-01 
9.542486e-01 
9.542486e-01 
9.542486e-01 
9.542486e-01 
9.542486e-01 
9.542486e-01 
9.542486e-01 
9.542486e-01 
9.542486e-01 
9.542486e-01 
9.542486e-01 
9.542486e-01 
9.542486e-01 
9.542486e-01 
9.542486e-01 
9.542486e-01 
9.542486e-01 
9.542486e-01 
9.542486e-01 
9.542486e-01 
9.542486e-01 
9.542486e-01 
9.542486e-01 
9.542486e-01 
9.542486e-01 
9.542486e-01 
9.542486e-01 
9.542486e-01 
9.542486e-01 
9.542486e-01 
9.542486e-01 
9.542486e-01 
9.542486e-01 
9.542486e-01 
9.542486e-01 
9.542486e-01 
9.542486e-01 
9.542486e-01 
9.542486e-01 
9.542486e-01 
9.542486e-01 
9.542486e-01 
9.542486e-01 
9.542486e-01 
9.542486e-01 
9.542486e-01 
9.542486e-01 
9.542486e-01 
9.542486e-01 
9.542486e-01 
9.542486e-01 
9.542486e-01 
9.542486e-01 
9.542486e-01 
9.542486e-01 
9.542486e-01 
9.542486e-01 
9.542486e-01 
9.542486e-01 
9.542486e-01 
9.542486e-01 
9.542486e-01 
9.542486e-01 
9.542486e-01 
9.542486e-01 
9.542486e-01 
9.542486e-01 
9.542486e-01 
9.542486e-01 
9.542486e-01 
9.542486e-01 
9.542486e-01 
9.542486e-01 
9.542486e-01 
9.542486e-01 
9.542486e-01 
9.542486e-01 
9.542486e-01 
9.542486e-01 
9.542486e-01 
9.542486e-01 
9.542486e-01 
9.542486e-01 
9.542486e-01 
9.542486e-01 
9.542486e-01 
9.542486e-01 
9.542486e-01 
9.542486e-01 
9.542486e-01 
9.542486e-01 
9.542486e-01 
9.542486e-01 
9.542486e-01 
9.542486e-01 
9.542486e-01 
9.542486e-01 
9.542486e-01 
9.542486e-01 
9.542486e-01 
9.542486e-01 
9.542486e-01 
9.542486e-01 
9.542486e-01 
9.542486e-01 
9.542486e-01 
9.542486e-01 
9.542486e-01 
9.542486e-01 
9.542486e-01 
9.542486e-01 
9.542486e-01 
9.542486e-01 
9.542486e-01 
9.542486e-01 
9.542486e-01 
9.542486e-01 
9.542486e-01 
9.542486e-01 
9.542486e-01 
9.542486e-01 
9.542486e-01 
9.542486e-01 
9.542486e-01 
9.542486e-01 
9.542486e-01 
9.542486e-01 
9.542486e-01 
9.542486e-01 
9.542486e-01 
9.542486e-01 
9.542486e-01 
9.542486e-01 
9.542486e-01 
9.542486e-01 
9.542486e-01 
9.542486e-01 
9.542486e-01 
9.542486e-01 
9.542486e-01 
9.542486e-01 
9.542486e-01 
9.542486e-01 
9.542486e-01 
9.542486e-01 
9.542486e-01 
9.542486e-01 
9.542486e-01 
9.542486e-01 
9.542486e-01 
9.542486e-01 
9.542486e-01 
9.542486e-01 
9.542486e-01 
9.542486e-01 
9.542486e-01 
9.542486e-01 
9.542486e-01 
9.484061e-01 
9.174916e-01 
8.811052e-01 
8.402281e-01 
7.956994e-01 
7.482039e-01 
6.983063e-01 
6.464207e-01 
5.929216e-01 
5.381442e-01 
4.824893e-01 
4.265280e-01 
3.710479e-01 
3.171667e-01 
2.663005e-01 
2.199838e-01 
1.794998e-01 
1.454657e-01 
1.177501e-01 
9.563745e-02 
7.817747e-02 
6.441887e-02 
5.354678e-02 
4.492070e-02 
3.801181e-02 
3.237498e-02 
2.785457e-02 
2.405642e-02 
2.106606e-02 
1.840783e-02 
1.617447e-02 
1.428528e-02 
1.267744e-02 
1.154351e-02 
1.032589e-02 
9.271017e-03 
8.354373e-03 
7.554389e-03 
6.853131e-03 
6.235858e-03 
5.690510e-03 
5.206930e-03 
4.776725e-03 
4.392691e-03 
4.048906e-03 
3.740225e-03 
3.462286e-03 
3.211414e-03 
2.984398e-03 
2.744896e-03 
2.560890e-03 
2.393146e-03 
2.239940e-03 
2.099711e-03 
1.969271e-03 
1.851382e-03 
1.742783e-03 
1.642801e-03 
1.550465e-03 
1.465098e-03 
1.386026e-03 
1.312700e-03 
1.244604e-03 
1.181263e-03 
1.122291e-03 
1.067299e-03 
1.015976e-03 
9.680012e-04 
9.231229e-04 
8.810872e-04 
8.416649e-04 
8.046670e-04 
7.699000e-04 
7.372074e-04 
7.064307e-04 
6.774276e-04 
6.500774e-04 
6.242591e-04 
5.998721e-04 
5.768096e-04 
5.549907e-04 
5.510963e-04 
5.504744e-04 
5.504473e-04 
5.504461e-04 
5.504460e-04 
5.504460e-04 
5.504460e-04 
5.504460e-04 
5.504460e-04 
5.504460e-04 
5.504460e-04 
5.504460e-04 
5.504460e-04 
5.504460e-04 
5.504460e-04 
5.504460e-04 
5.504460e-04 
5.504460e-04 
5.504460e-04 
5.504460e-04 
5.504460e-04 
5.504460e-04 
5.504460e-04 
5.504460e-04 
5.504460e-04 
5.504460e-04 
5.504460e-04 
5.504460e-04 
5.504460e-04 
5.504460e-04 
5.504460e-04 
5.504460e-04 
5.504460e-04 
5.504460e-04 
5.504460e-04 
5.504460e-04 
5.504460e-04 
5.504460e-04 
5.504460e-04 
5.504460e-04 
5.504460e-04 
5.504460e-04 
5.504460e-04 
5.504460e-04 
5.504460e-04 
5.504460e-04 
5.504460e-04 
5.504460e-04 
5.504460e-04 
5.504460e-04 
5.504460e-04 
5.504460e-04 
5.504460e-04 
5.504460e-04 
5.504460e-04 
5.504460e-04 
5.504460e-04 
5.504460e-04 
5.504460e-04 
5.504460e-04 
5.504460e-04 
5.504460e-04 
5.504460e-04 
5.504460e-04 
5.504460e-04 
5.504460e-04 
5.504460e-04 
5.504460e-04 
5.504460e-04 
5.504460e-04 
5.504460e-04 
5.504460e-04 
5.504460e-04 
5.504460e-04 
5.504460e-04 
5.504460e-04 
5.504460e-04 
5.504460e-04 
5.504460e-04 
5.504460e-04 
5.504460e-04 
5.504460e-04 
5.504460e-04 
5.504460e-04 
5.504460e-04 
5.504460e-04 
5.504460e-04 
5.504460e-04 
5.504460e-04 
5.504460e-04 
5.504460e-04 
5.504460e-04 
5.504460e-04 
5.504460e-04 
5.504460e-04 
5.504460e-04 
5.504460e-04 
5.504460e-04 
5.504460e-04 
5.504460e-04 
5.504460e-04 
5.504460e-04 
5.504460e-04 
5.504460e-04 
5.504460e-04 
5.504460e-04 
5.504460e-04 
5.504460e-04 
5.504460e-04 
5.504460e-04 
5.504460e-04 
5.504460e-04 
5.504460e-04 
5.504460e-04 
5.504460e-04 
5.504460e-04 
5.504460e-04 
5.504460e-04 
5.504460e-04 
5.504460e-04 
5.504460e-04 
5.504460e-04 
5.504460e-04 
5.504460e-04 
5.504460e-04 
5.504460e-04 
5.504460e-04 
5.504460e-04 
5.504460e-04 
5.504460e-04 
5.504460e-04 
5.504460e-04 
5.504460e-04 
5.504460e-04 
5.504460e-04 
5.504460e-04 
5.504460e-04 
5.504460e-04 
5.504460e-04 
5.504460e-04 
5.504460e-04 
5.504460e-04 
5.504460e-04 
5.504460e-04 
5.504460e-04 
5.504460e-04 
5.504460e-04 
5.504460e-04 
5.504460e-04 
5.504460e-04 
5.504460e-04 
5.504460e-04 
5.504460e-04 
5.504460e-04 
5.504460e-04 
5.504460e-04 
5.504460e-04 
5.504460e-04 
5.504460e-04 
5.504460e-04 
5.504460e-04 
5.504460e-04 
5.504460e-04 
5.504460e-04 
5.504460e-04 
5.504460e-04 
5.504460e-04 
5.504460e-04 
5.504460e-04 
5.504460e-04 
5.504460e-04 
5.504460e-04 
5.504460e-04 
5.504460e-04 
5.504460e-04 
5.504460e-04 
5.504460e-04 
5.504460e-04 
5.504460e-04 
5.504460e-04 
5.504460e-04 
5.504460e-04 
5.504460e-04 
5.504460e-04 
5.504460e-04 
5.504460e-04 
5.504460e-04 
5.504460e-04 
5.504460e-04 
5.504460e-04 
5.504460e-04 
5.504460e-04 
5.504460e-04 
5.504460e-04 
5.504460e-04 
5.504460e-04 
5.504460e-04 
5.504460e-04 
5.504460e-04 
5.504460e-04 
5.504460e-04 
5.504460e-04 
5.504460e-04 
5.504460e-04 
5.504460e-04 
5.504460e-04 
5.504460e-04 
5.504460e-04 
5.504460e-04 
5.504460e-04 
5.504460e-04 
5.504460e-04 
5.504460e-04 
5.504460e-04 
5.504460e-04 
5.504460e-04 
5.504460e-04 
5.504460e-04 
5.504460e-04 
5.504460e-04 
5.504460e-04 
5.504460e-04 
5.504460e-04 
5.504460e-04 
5.504460e-04 
5.504460e-04 
5.504460e-04 
5.504460e-04 
5.504460e-04 
5.504460e-04 
5.504460e-04 
5.504460e-04 
5.504460e-04 
5.504460e-04 
5.504460e-04 
5.504460e-04 
5.504460e-04 
5.504460e-04 
5.504460e-04 
5.504460e-04 
5.504460e-04 
5.504460e-04 
5.504460e-04 
5.504460e-04 
5.504460e-04 
5.504460e-04 
5.504460e-04 
5.504460e-04 
5.504460e-04 
5.504460e-04 
5.504460e-04 
5.504460e-04 
5.504460e-04 
5.504460e-04 
5.504460e-04 
5.504460e-04 
5.504460e-04 
5.504460e-04 
5.504460e-04 
5.504460e-04 
5.504460e-04 
5.504460e-04 
5.504460e-04 
5.504460e-04 
5.504460e-04 
5.504460e-04 
5.504460e-04 
5.504460e-04 
5.504460e-04 
5.504460e-04 
5.504460e-04 
5.504460e-04 
5.504460e-04 
5.504460e-04 
5.504460e-04 
5.504460e-04 
5.504460e-04 
5.504460e-04 
5.504460e-04 
5.504460e-04 
5.504460e-04 
5.504460e-04 
5.504460e-04 
5.504460e-04 
5.504460e-04 
5.504460e-04 
5.504460e-04 
5.504460e-04 
5.504460e-04 
5.504460e-04 
5.504460e-04 
5.504460e-04 
5.504460e-04 
5.504460e-04 
5.504460e-04 
5.504460e-04 
5.504460e-04 
5.504460e-04 
5.504460e-04 
5.504460e-04 
5.504460e-04 
5.504460e-04 
5.504460e-04 
5.504460e-04 
5.504460e-04 
5.504460e-04 
5.504460e-04 
5.504460e-04 
5.504460e-04 
5.504460e-04 
5.504460e-04 
5.504460e-04 
5.504460e-04 
5.504460e-04 
5.504460e-04 
5.504460e-04 
5.504460e-04 
5.504460e-04 
5.504460e-04 
5.504460e-04 
5.504460e-04 
5.504460e-04 
5.504460e-04 
5.504460e-04 
5.504460e-04 
5.504460e-04 
5.504460e-04 
5.504460e-04 
5.504460e-04 
5.504460e-04 
5.504460e-04 
5.504460e-04 
5.504460e-04 
5.504460e-04 
5.504460e-04 
5.504460e-04 
5.504460e-04 
5.504460e-04 
5.504460e-04 
5.504460e-04 
5.504460e-04 
5.504460e-04 
5.504460e-04 
5.504460e-04 
5.504460e-04 
5.504460e-04 
5.504460e-04 
5.504460e-04 
5.504460e-04 
5.504460e-04 
5.504460e-04 
5.504460e-04 
5.504460e-04 
5.504460e-04 
5.504460e-04 
5.504460e-04 
5.504460e-04 
5.504460e-04 
5.504460e-04 
5.504460e-04 
5.504460e-04 
5.504460e-04 
5.504460e-04 
5.504460e-04 
5.504460e-04 
5.504460e-04 
5.504460e-04 
5.504460e-04 
5.504460e-04 
5.504460e-04 
5.504460e-04 
5.504460e-04 
5.504460e-04 
5.504460e-04 
5.504460e-04 
5.504460e-04 
5.504460e-04 
5.504460e-04 
5.504460e-04 
5.504460e-04 
5.504460e-04 
5.504460e-04 
5.504460e-04 
5.504460e-04 
5.504460e-04 
5.504460e-04 
5.504460e-04 
5.504460e-04 
5.504460e-04 
5.504460e-04 
5.504460e-04 
5.504460e-04 
5.504460e-04 
5.504460e-04 
5.504460e-04 
5.504460e-04 
5.504460e-04 
5.504460e-04 
5.504460e-04 
5.504460e-04 
5.504460e-04 
5.504460e-04 
5.504460e-04 
5.504460e-04 
5.504460e-04 
5.504460e-04 
5.504460e-04 
5.504460e-04 
5.504460e-04 
5.504460e-04 
5.504460e-04 
5.504460e-04 
5.504460e-04 
5.504460e-04 
5.504460e-04 
5.504460e-04 
5.504460e-04 
5.504460e-04 
5.504460e-04 
5.543349e-04 
5.768028e-04 
5.998675e-04 
6.242585e-04 
6.500735e-04 
6.774262e-04 
7.064248e-04 
7.372067e-04 
7.698988e-04 
8.046607e-04 
8.416640e-04 
8.810798e-04 
9.231219e-04 
9.680012e-04 
1.015967e-03 
1.067299e-03 
1.122281e-03 
1.181261e-03 
1.244592e-03 
1.312698e-03 
1.386023e-03 
1.465083e-03 
1.550465e-03 
1.642775e-03 
1.742772e-03 
1.851217e-03 
1.968906e-03 
2.097169e-03 
2.237008e-03 
2.389804e-03 
2.553983e-03 
2.736970e-03 
2.938037e-03 
3.159488e-03 
3.403994e-03 
3.625717e-03 
3.920083e-03 
4.247378e-03 
4.612237e-03 
5.020200e-03 
5.580704e-03 
5.992753e-03 
6.573429e-03 
7.231765e-03 
7.980598e-03 
8.835705e-03 
9.816455e-03 
1.094634e-02 
1.251919e-02 
1.408772e-02 
1.592479e-02 
1.809048e-02 
2.065946e-02 
2.372841e-02 
2.765071e-02 
3.219337e-02 
3.788010e-02 
4.478988e-02 
5.351971e-02 
6.441152e-02 
7.817684e-02 
9.563688e-02 
1.177456e-01 
1.454647e-01 
1.794931e-01 
2.199820e-01 
2.662894e-01 
3.171524e-01 
3.710386e-01 
4.265174e-01 
4.824875e-01 
5.381343e-01 
5.929199e-01 
6.464190e-01 
6.982971e-01 
7.482023e-01 
7.956909e-01 
8.402268e-01 
8.811039e-01 
9.174856e-01 
9.484049e-01 
9.542486e-01 
9.542486e-01 
9.542486e-01 
9.542486e-01 
9.542486e-01 
9.542486e-01 
9.542486e-01 
9.542486e-01 
9.542486e-01 
9.542486e-01 
9.542486e-01 
9.542486e-01 
9.542486e-01 
9.542486e-01 
9.542486e-01 
9.542486e-01 
9.542486e-01 
9.542486e-01 
9.542486e-01 
9.542486e-01 
9.542486e-01 
9.542486e-01 
9.542486e-01 
9.542486e-01 
9.542486e-01 
9.542486e-01 
9.542486e-01 
9.542486e-01 
9.542486e-01 
9.542486e-01 
9.542486e-01 
9.542486e-01 
9.542486e-01 
9.542486e-01 
9.542486e-01 
9.542486e-01 
9.542486e-01 
9.542486e-01 
9.542486e-01 
9.542486e-01 
9.542486e-01 
9.542486e-01 
9.542486e-01 
9.542486e-01 
9.542486e-01 
9.542486e-01 
9.542486e-01 
9.542486e-01 
9.542486e-01 
9.542486e-01 
9.542486e-01 
9.542486e-01 
9.542486e-01 
9.542486e-01 
9.542486e-01 
9.542486e-01 
9.542486e-01 
9.542486e-01 
9.542486e-01 
9.542486e-01 
9.542486e-01 
9.542486e-01 
9.542486e-01 
9.542486e-01 
9.542486e-01 
9.542486e-01 
9.542486e-01 
9.542486e-01 
9.542486e-01 
9.542486e-01 
9.542486e-01 
9.542486e-01 
9.542486e-01 
9.542486e-01 
9.542486e-01 
9.542486e-01 
9.542486e-01 
9.542486e-01 
9.542486e-01 
9.542486e-01 
9.542486e-01 
9.542486e-01 
9.542486e-01 
9.542486e-01 
9.542486e-01 
9.542486e-01 
9.542486e-01 
9.542486e-01 
9.542486e-01 
9.542486e-01 
9.542486e-01 
9.542486e-01 
9.542486e-01 
9.542486e-01 
9.542486e-01 
9.542486e-01 
9.542486e-01 
9.542486e-01 
9.542486e-01 
9.542486e-01 
9.542486e-01 
9.542486e-01 
9.542486e-01 
9.542486e-01 
9.542486e-01 
9.542486e-01 
9.542486e-01 
9.542486e-01 
9.542486e-01 
9.542486e-01 
9.542486e-01 
9.542486e-01 
9.542486e-01 
9.542486e-01 
9.542486e-01 
9.542486e-01 
9.542486e-01 
9.542486e-01 
9.542486e-01 
9.542486e-01 
9.542486e-01 
9.542486e-01 
9.542486e-01 
9.542486e-01 
9.542486e-01 
9.542486e-01 
9.542486e-01 
9.542486e-01 
9.542486e-01 
9.542486e-01 
9.542486e-01 
9.542486e-01 
9.542486e-01 
9.542486e-01 
9.542486e-01 
9.542486e-01 
9.542486e-01 
9.542486e-01 
9.542486e-01 
9.542486e-01 
9.542486e-01 
9.542486e-01 
9.542486e-01 
9.542486e-01 
9.542486e-01 
9.542486e-01 
9.542486e-01 
9.542486e-01 
9.542486e-01 
9.542486e-01 
9.542486e-01 
9.542486e-01 
9.542486e-01 
9.542486e-01 
9.542486e-01 
9.542486e-01 
9.542486e-01 
9.542486e-01 
9.542486e-01 
9.542486e-01 
9.542486e-01 
9.542486e-01 
9.542486e-01 
9.542486e-01 
9.542486e-01 
9.542486e-01 
9.542486e-01 
9.542486e-01 
9.542486e-01 
9.542486e-01 
9.542486e-01 
9.542486e-01 
9.542486e-01 
9.542486e-01 
9.542486e-01 
9.542486e-01 
9.542486e-01 
9.542486e-01 
9.542486e-01 
9.542486e-01 
9.542486e-01 
9.542486e-01 
9.542486e-01 
9.542486e-01 
9.542486e-01 
9.542486e-01 
9.542486e-01 
9.542486e-01 
9.542486e-01 
9.542486e-01 
9.542486e-01 
9.542486e-01 
9.542486e-01 
9.542486e-01 
9.542486e-01 
9.542486e-01 
9.542486e-01 
9.542486e-01 
9.542486e-01 
9.542486e-01 
9.542486e-01 
9.542486e-01 
9.542486e-01 
9.542486e-01 
9.542486e-01 
9.542486e-01 
9.542486e-01 
9.542486e-01 
9.542486e-01 
9.542486e-01 
9.542486e-01 
9.542486e-01 
9.542486e-01 
9.542486e-01 
9.542486e-01 
9.542486e-01 
9.542486e-01 
9.542486e-01 
9.542486e-01 
9.542486e-01 
9.542486e-01 
9.542486e-01 
9.542486e-01 
9.542486e-01 
9.542486e-01 
9.542486e-01 
9.542486e-01 
9.542486e-01 
9.542486e-01 
9.542486e-01 
9.542486e-01 
9.542486e-01 
9.542486e-01 
9.542486e-01 
9.542486e-01 
9.542486e-01 
9.542486e-01 
9.542486e-01 
9.542486e-01 
9.542486e-01 
9.542486e-01 
9.542486e-01 
9.542486e-01 
9.542486e-01 
9.542486e-01 
9.542486e-01 
9.542486e-01 
9.542486e-01 
9.542486e-01 
9.542486e-01 
9.542486e-01 
9.542486e-01 
9.542486e-01 
9.542486e-01 
9.542486e-01 
9.542486e-01 
9.542486e-01 
9.542486e-01 
9.542486e-01 
9.542486e-01 
9.542486e-01 
9.542486e-01 
9.542486e-01 
9.542486e-01 
9.542486e-01 
9.542486e-01 
9.542486e-01 
9.542486e-01 
9.542486e-01 
9.542486e-01 
9.542486e-01 
9.542486e-01 
9.542486e-01 
9.542486e-01 
9.542486e-01 
9.542486e-01 
9.542486e-01 
9.542486e-01 
9.542486e-01 
9.542486e-01 
9.542486e-01 
9.542486e-01 
9.542486e-01 
9.542486e-01 
9.542486e-01 
9.542486e-01 
9.542486e-01 
9.542486e-01 
9.542486e-01 
9.542486e-01 
9.542486e-01 
9.542486e-01 
9.542486e-01 
9.542486e-01 
9.542486e-01 
9.542486e-01 
9.542486e-01 
9.542486e-01 
9.542486e-01 
9.542486e-01 
9.542486e-01 
9.542486e-01 
9.542486e-01 
9.542486e-01 
9.542486e-01 
9.542486e-01 
9.542486e-01 
9.542486e-01 
9.542486e-01 
9.542486e-01 
9.542486e-01 
9.542486e-01 
9.542486e-01 
9.542486e-01 
9.542486e-01 
9.542486e-01 
9.542486e-01 
9.542486e-01 
9.542486e-01 
9.542486e-01 
9.542486e-01 
9.542486e-01 
9.542486e-01 
9.542486e-01 
9.542486e-01 
9.542486e-01 
9.542486e-01 
9.542486e-01 
9.542486e-01 
9.542486e-01 
9.542486e-01 
9.542486e-01 
9.542486e-01 
9.542486e-01 
9.542486e-01 
9.542486e-01 
9.542486e-01 
9.542486e-01 
9.542486e-01 
9.542486e-01 
9.542486e-01 
9.542486e-01 
9.542486e-01 
9.542486e-01 
9.542486e-01 
9.542486e-01 
9.542486e-01 
9.542486e-01 
9.542486e-01 
9.542486e-01 
9.542486e-01 
9.542486e-01 
9.542486e-01 
9.542486e-01 
9.542486e-01 
9.542486e-01 
9.542486e-01 
9.542486e-01 
9.542486e-01 
9.542486e-01 
9.542486e-01 
9.542486e-01 
9.542486e-01 
9.542486e-01 
9.542486e-01 
9.542486e-01 
9.542486e-01 
9.542486e-01 
9.542486e-01 
9.542486e-01 
9.542486e-01 
9.542486e-01 
9.542486e-01 
9.542486e-01 
9.542486e-01 
9.542486e-01 
9.542486e-01 
9.542486e-01 
9.542486e-01 
9.542486e-01 
9.542486e-01 
9.542486e-01 
9.542486e-01 
9.542486e-01 
9.542486e-01 
9.542486e-01 
9.542486e-01 
9.542486e-01 
9.542486e-01 
9.542486e-01 
9.542486e-01 
9.542486e-01 
9.542486e-01 
9.542486e-01 
9.542486e-01 
9.542486e-01 
9.542486e-01 
9.542486e-01 
9.542486e-01 
9.542486e-01 
9.542486e-01 
9.542486e-01 
9.542486e-01 
9.542486e-01 
9.542486e-01 
9.542486e-01 
9.542486e-01 
9.542486e-01 
9.542486e-01 
9.542486e-01 
9.542486e-01 
9.542486e-01 
9.542486e-01 
9.542486e-01 
9.542486e-01 
9.542486e-01 
9.542486e-01 
9.542486e-01 
9.542486e-01 
9.484044e-01 
9.174896e-01 
8.811086e-01 
8.402255e-01 
7.956952e-01 
7.482011e-01 
6.983018e-01 
6.464254e-01 
5.929182e-01 
5.381409e-01 
4.824859e-01 
4.265248e-01 
3.710445e-01 
3.171637e-01 
2.662976e-01 
2.199798e-01 
1.794976e-01 
1.454639e-01 
1.177486e-01 
9.563922e-02 
7.817654e-02 
6.441814e-02 
5.354621e-02 
4.492026e-02 
3.801125e-02 
3.237467e-02 
2.785432e-02 
2.405621e-02 
2.106588e-02 
1.840769e-02 
1.617434e-02 
1.428542e-02 
1.267736e-02 
1.154340e-02 
1.032594e-02 
9.271103e-03 
8.354451e-03 
7.554454e-03 
6.853191e-03 
6.235910e-03 
5.690555e-03 
5.206970e-03 
4.776762e-03 
4.392767e-03 
4.048945e-03 
3.740250e-03 
3.462310e-03 
3.211436e-03 
2.947176e-03 
2.744875e-03 
2.560880e-03 
2.393131e-03 
2.239931e-03 
2.099703e-03 
1.969263e-03 
1.851391e-03 
1.742776e-03 
1.642795e-03 
1.550460e-03 
1.465092e-03 
1.386019e-03 
1.312696e-03 
1.244599e-03 
1.181259e-03 
1.122287e-03 
1.067296e-03 
1.015973e-03 
9.680053e-04 
9.231204e-04 
8.810836e-04 
8.416626e-04 
8.046649e-04 
7.698979e-04 
7.372056e-04 
7.064288e-04 
6.774258e-04 
6.500758e-04 
6.242576e-04 
5.998699e-04 
5.768114e-04 
5.549895e-04 
5.510962e-04 
5.504744e-04 
5.504473e-04 
5.504461e-04 
5.504460e-04 
5.504460e-04 
5.504460e-04 
5.504460e-04 
5.504460e-04 
5.504460e-04 
5.504460e-04 
5.504460e-04 
5.504460e-04 
5.504460e-04 
5.504460e-04 
5.504460e-04 
5.504460e-04 
5.504460e-04 
5.504460e-04 
5.504460e-04 
5.504460e-04 
5.504460e-04 
5.504460e-04 
5.504460e-04 
5.504460e-04 
5.504460e-04 
5.504460e-04 
5.504460e-04 
5.504460e-04 
5.504460e-04 
5.504460e-04 
5.504460e-04 
5.504460e-04 
5.504460e-04 
5.504460e-04 
5.504460e-04 
5.504460e-04 
5.504460e-04 
5.504460e-04 
5.504460e-04 
5.504460e-04 
5.504460e-04 
5.504460e-04 
5.504460e-04 
5.504460e-04 
5.504460e-04 
5.504460e-04 
5.504460e-04 
5.504460e-04 
5.504460e-04 
5.504460e-04 
5.504460e-04 
5.504460e-04 
5.504460e-04 
5.504460e-04 
5.504460e-04 
5.504460e-04 
5.504460e-04 
5.504460e-04 
5.504460e-04 
5.504460e-04 
5.504460e-04 
5.504460e-04 
5.504460e-04 
5.504460e-04 
5.504460e-04 
5.504460e-04 
5.504460e-04 
5.504460e-04 
5.504460e-04 
5.504460e-04 
5.504460e-04 
5.504460e-04 
5.504460e-04 
5.504460e-04 
5.504460e-04 
5.504460e-04 
5.504460e-04 
5.504460e-04 
5.504460e-04 
5.504460e-04 
5.504460e-04 
5.504460e-04 
5.504460e-04 
5.504460e-04 
5.504460e-04 
5.504460e-04 
5.504460e-04 
5.504460e-04 
5.504460e-04 
5.504460e-04 
5.504460e-04 
5.504460e-04 
5.504460e-04 
5.504460e-04 
5.504460e-04 
5.504460e-04 
5.504460e-04 
5.504460e-04 
5.504460e-04 
5.504460e-04 
5.504460e-04 
5.504460e-04 
5.504460e-04 
5.504460e-04 
5.504460e-04 
5.504460e-04 
5.504460e-04 
5.504460e-04 
5.504460e-04 
5.504460e-04 
5.504460e-04 
5.504460e-04 
5.504460e-04 
5.504460e-04 
5.504460e-04 
5.504460e-04 
5.504460e-04 
5.504460e-04 
5.504460e-04 
5.504460e-04 
5.504460e-04 
5.504460e-04 
5.504460e-04 
5.504460e-04 
5.504460e-04 
5.504460e-04 
5.504460e-04 
5.504460e-04 
5.504460e-04 
5.504460e-04 
5.504460e-04 
5.504460e-04 
5.504460e-04 
5.504460e-04 
5.504460e-04 
5.504460e-04 
5.504460e-04 
5.504460e-04 
5.504460e-04 
5.504460e-04 
5.504460e-04 
5.504460e-04 
5.504460e-04 
5.504460e-04 
5.504460e-04 
5.504460e-04 
5.504460e-04 
5.504460e-04 
5.504460e-04 
5.504460e-04 
5.504460e-04 
5.504460e-04 
5.504460e-04 
5.504460e-04 
5.504460e-04 
5.504460e-04 
5.504460e-04 
5.504460e-04 
5.504460e-04 
5.504460e-04 
5.504460e-04 
5.504460e-04 
5.504460e-04 
5.504460e-04 
5.504460e-04 
5.504460e-04 
5.504460e-04 
5.504460e-04 
5.504460e-04 
5.504460e-04 
5.504460e-04 
5.504460e-04 
5.504460e-04 
5.504460e-04 
5.504460e-04 
5.504460e-04 
5.504460e-04 
5.504460e-04 
5.504460e-04 
5.504460e-04 
5.504460e-04 
5.504460e-04 
5.504460e-04 
5.504460e-04 
5.504460e-04 
5.504460e-04 
5.504460e-04 
5.504460e-04 
5.504460e-04 
5.504460e-04 
5.504460e-04 
5.504460e-04 
5.504460e-04 
5.504460e-04 
5.504460e-04 
5.504460e-04 
5.504460e-04 
5.504460e-04 
5.504460e-04 
5.504460e-04 
5.504460e-04 
5.504460e-04 
5.504460e-04 
5.504460e-04 
5.504460e-04 
5.504460e-04 
5.504460e-04 
5.504460e-04 
5.504460e-04 
5.504460e-04 
5.504460e-04 
5.504460e-04 
5.504460e-04 
5.504460e-04 
5.504460e-04 
5.504460e-04 
5.504460e-04 
5.504460e-04 
5.504460e-04 
5.504460e-04 
5.504460e-04 
5.504460e-04 
5.504460e-04 
5.504460e-04 
5.504460e-04 
5.504460e-04 
5.504460e-04 
5.504460e-04 
5.504460e-04 
5.504460e-04 
5.504460e-04 
5.504460e-04 
5.504460e-04 
5.504460e-04 
5.504460e-04 
5.504460e-04 
5.504460e-04 
5.504460e-04 
5.504460e-04 
5.504460e-04 
5.504460e-04 
5.504460e-04 
5.504460e-04 
5.504460e-04 
5.504460e-04 
5.504460e-04 
5.504460e-04 
5.504460e-04 
5.504460e-04 
5.504460e-04 
5.504460e-04 
5.504460e-04 
5.504460e-04 
5.504460e-04 
5.504460e-04 
5.504460e-04 
5.504460e-04 
5.504460e-04 
5.504460e-04 
5.504460e-04 
5.504460e-04 
5.504460e-04 
5.504460e-04 
5.504460e-04 
5.504460e-04 
5.504460e-04 
5.504460e-04 
5.504460e-04 
5.504460e-04 
5.504460e-04 
5.504460e-04 
5.504460e-04 
5.504460e-04 
5.504460e-04 
5.504460e-04 
5.504460e-04 
5.504460e-04 
5.504460e-04 
5.504460e-04 
5.504460e-04 
5.504460e-04 
5.504460e-04 
5.504460e-04 
5.504460e-04 
5.504460e-04 
5.504460e-04 
5.504460e-04 
5.504460e-04 
5.504460e-04 
5.504460e-04 
5.504460e-04 
5.504460e-04 
5.504460e-04 
5.504460e-04 
5.504460e-04 
5.504460e-04 
5.504460e-04 
5.504460e-04 
5.504460e-04 
5.504460e-04 
5.504460e-04 
5.504460e-04 
5.504460e-04 
5.504460e-04 
5.504460e-04 
5.504460e-04 
5.504460e-04 
5.504460e-04 
5.504460e-04 
5.504460e-04 
5.504460e-04 
5.504460e-04 
5.504460e-04 
5.504460e-04 
5.504460e-04 
5.504460e-04 
5.504460e-04 
5.504460e-04 
5.504460e-04 
5.504460e-04 
5.504460e-04 
5.504460e-04 
5.504460e-04 
5.504460e-04 
5.504460e-04 
5.504460e-04 
5.504460e-04 
5.504460e-04 
5.504460e-04 
5.504460e-04 
5.504460e-04 
5.504460e-04 
5.504460e-04 
5.504460e-04 
5.504460e-04 
5.504460e-04 
5.504460e-04 
5.504460e-04 
5.504460e-04 
5.504460e-04 
5.504460e-04 
5.504460e-04 
5.504460e-04 
5.504460e-04 
5.504460e-04 
5.504460e-04 
5.504460e-04 
5.504460e-04 
5.504460e-04 
5.504460e-04 
5.504460e-04 
5.504460e-04 
5.504460e-04 
5.504460e-04 
5.504460e-04 
5.504460e-04 
5.504460e-04 
5.504460e-04 
5.504460e-04 
5.504460e-04 
5.504460e-04 
5.504460e-04 
5.504460e-04 
5.504460e-04 
5.504460e-04 
5.504460e-04 
5.504460e-04 
5.504460e-04 
5.504460e-04 
5.504460e-04 
5.504460e-04 
5.504460e-04 
5.504460e-04 
5.504460e-04 
5.504460e-04 
5.504460e-04 
5.504460e-04 
5.504460e-04 
5.504460e-04 
5.504460e-04 
5.504460e-04 
5.504460e-04 
5.504460e-04 
5.504460e-04 
5.504460e-04 
5.504460e-04 
5.504460e-04 
5.504460e-04 
5.504460e-04 
5.504460e-04 
5.504460e-04 
5.504460e-04 
5.504460e-04 
5.504460e-04 
5.504460e-04 
5.504460e-04 
5.504460e-04 
5.504460e-04 
5.504460e-04 
5.504460e-04 
5.504460e-04 
5.504460e-04 
5.504460e-04 
5.504460e-04 
5.504460e-04 
5.504460e-04 
5.504460e-04 
5.504460e-04 
5.504460e-04 
5.504460e-04 
5.504460e-04 
5.504460e-04 
5.504460e-04 
5.504460e-04 
5.504460e-04 
5.504460e-04 
5.504460e-04 
5.504460e-04 
5.543333e-04 
5.768006e-04 
5.998654e-04 
6.242601e-04 
6.500751e-04 
6.774236e-04 
7.064228e-04 
7.371988e-04 
7.699016e-04 
8.046628e-04 
8.416603e-04 
8.810763e-04 
9.231115e-04 
9.680038e-04 
1.015970e-03 
1.067294e-03 
1.122276e-03 
1.181266e-03 
1.244596e-03 
1.312692e-03 
1.386017e-03 
1.465075e-03 
1.550470e-03 
1.642781e-03 
1.742762e-03 
1.851206e-03 
1.968895e-03 
2.097177e-03 
2.237017e-03 
2.389790e-03 
2.553967e-03 
2.736924e-03 
2.938048e-03 
3.159509e-03 
3.403972e-03 
3.625691e-03 
3.920018e-03 
4.247378e-03 
4.612260e-03 
5.020174e-03 
5.578688e-03 
5.992830e-03 
6.573571e-03 
7.231915e-03 
7.980672e-03 
8.835759e-03 
9.816635e-03 
1.094659e-02 
1.251929e-02 
1.408782e-02 
1.592491e-02 
1.809102e-02 
2.066005e-02 
2.372864e-02 
2.765096e-02 
3.219221e-02 
3.787953e-02 
4.478919e-02 
5.351740e-02 
6.440862e-02 
7.817089e-02 
9.563512e-02 
1.177435e-01 
1.454574e-01 
1.794842e-01 
2.199782e-01 
2.662851e-01 
3.171476e-01 
3.710256e-01 
4.265042e-01 
4.824823e-01 
5.381293e-01 
5.929070e-01 
6.464065e-01 
6.982849e-01 
7.481979e-01 
7.956868e-01 
8.402165e-01 
8.810946e-01 
9.174774e-01 
9.484025e-01 
9.542486e-01 
9.542486e-01 
9.542486e-01 
9.542486e-01 
9.542486e-01 
9.542486e-01 
9.542486e-01 
9.542486e-01 
9.542486e-01 
9.542486e-01 
9.542486e-01 
9.542486e-01 
9.542486e-01 
9.542486e-01 
9.542486e-01 
9.542486e-01 
9.542486e-01 
9.542486e-01 
9.542486e-01 
9.542486e-01 
9.542486e-01 
9.542486e-01 
9.542486e-01 
9.542486e-01 
9.542486e-01 
9.542486e-01 
9.542486e-01 
9.542486e-01 
9.542486e-01 
9.542486e-01 
9.542486e-01 
9.542486e-01 
9.542486e-01 
9.542486e-01 
9.542486e-01 
9.542486e-01 
9.542486e-01 
9.542486e-01 
9.542486e-01 
9.542486e-01 
9.542486e-01 
9.542486e-01 
9.542486e-01 
9.542486e-01 
9.542486e-01 
9.542486e-01 
9.542486e-01 
9.542486e-01 
9.542486e-01 
9.542486e-01 
9.542486e-01 
9.542486e-01 
9.542486e-01 
9.542486e-01 
9.542486e-01 
9.542486e-01 
9.542486e-01 
9.542486e-01 
9.542486e-01 
9.542486e-01 
9.542486e-01 
9.542486e-01 
9.542486e-01 
9.542486e-01 
9.542486e-01 
9.542486e-01 
9.542486e-01 
9.542486e-01 
9.542486e-01 
9.542486e-01 
9.542486e-01 
9.542486e-01 
9.542486e-01 
9.542486e-01 
9.542486e-01 
9.542486e-01 
9.542486e-01 
9.542486e-01 
9.542486e-01 
9.542486e-01 
9.542486e-01 
9.542486e-01 
9.542486e-01 
9.542486e-01 
9.542486e-01 
9.542486e-01 
9.542486e-01 
9.542486e-01 
9.542486e-01 
9.542486e-01 
9.542486e-01 
9.542486e-01 
9.542486e-01 
9.542486e-01 
9.542486e-01 
9.542486e-01 
9.542486e-01 
9.542486e-01 
9.542486e-01 
9.542486e-01 
9.542486e-01 
9.542486e-01 
9.542486e-01 
9.542486e-01 
9.542486e-01 
9.542486e-01 
9.542486e-01 
9.542486e-01 
9.542486e-01 
9.542486e-01 
9.542486e-01 
9.542486e-01 
9.542486e-01 
9.542486e-01 
9.542486e-01 
9.542486e-01 
9.542486e-01 
9.542486e-01 
9.542486e-01 
9.542486e-01 
9.542486e-01 
9.542486e-01 
9.542486e-01 
9.542486e-01 
9.542486e-01 
9.542486e-01 
9.542486e-01 
9.542486e-01 
9.542486e-01 
9.542486e-01 
9.542486e-01 
9.542486e-01 
9.542486e-01 
9.542486e-01 
9.542486e-01 
9.542486e-01 
9.542486e-01 
9.542486e-01 
9.542486e-01 
9.542486e-01 
9.542486e-01 
9.542486e-01 
9.542486e-01 
9.542486e-01 
9.542486e-01 
9.542486e-01 
9.542486e-01 
9.542486e-01 
9.542486e-01 
9.542486e-01 
9.542486e-01 
9.542486e-01 
9.542486e-01 
9.542486e-01 
9.542486e-01 
9.542486e-01 
9.542486e-01 
9.542486e-01 
9.542486e-01 
9.542486e-01 
9.542486e-01 
9.542486e-01 
9.542486e-01 
9.542486e-01 
9.542486e-01 
9.542486e-01 
9.542486e-01 
9.542486e-01 
9.542486e-01 
9.542486e-01 
9.542486e-01 
9.542486e-01 
9.542486e-01 
9.542486e-01 
9.542486e-01 
9.542486e-01 
9.542486e-01 
9.542486e-01 
9.542486e-01 
9.542486e-01 
9.542486e-01 
9.542486e-01 
9.542486e-01 
9.542486e-01 
9.542486e-01 
9.542486e-01 
9.542486e-01 
9.542486e-01 
9.542486e-01 
9.542486e-01 
9.542486e-01 
9.542486e-01 
9.542486e-01 
9.542486e-01 
9.542486e-01 
9.542486e-01 
9.542486e-01 
9.542486e-01 
9.542486e-01 
9.542486e-01 
9.542486e-01 
9.542486e-01 
9.542486e-01 
9.542486e-01 
9.542486e-01 
9.542486e-01 
9.542486e-01 
9.542486e-01 
9.542486e-01 
9.542486e-01 
9.542486e-01 
9.542486e-01 
9.542486e-01 
9.542486e-01 
9.542486e-01 
9.542486e-01 
9.542486e-01 
9.542486e-01 
9.542486e-01 
9.542486e-01 
9.542486e-01 
9.542486e-01 
9.542486e-01 
9.542486e-01 
9.542486e-01 
9.542486e-01 
9.542486e-01 
9.542486e-01 
9.542486e-01 
9.542486e-01 
9.542486e-01 
9.542486e-01 
9.542486e-01 
9.542486e-01 
9.542486e-01 
9.542486e-01 
9.542486e-01 
9.542486e-01 
9.542486e-01 
9.542486e-01 
9.542486e-01 
9.542486e-01 
9.542486e-01 
9.542486e-01 
9.542486e-01 
9.542486e-01 
9.542486e-01 
9.542486e-01 
9.542486e-01 
9.542486e-01 
9.542486e-01 
9.542486e-01 
9.542486e-01 
9.542486e-01 
9.542486e-01 
9.542486e-01 
9.542486e-01 
9.542486e-01 
9.542486e-01 
9.542486e-01 
9.542486e-01 
9.542486e-01 
9.542486e-01 
9.542486e-01 
9.542486e-01 
9.542486e-01 
9.542486e-01 
9.542486e-01 
9.542486e-01 
9.542486e-01 
9.542486e-01 
9.542486e-01 
9.542486e-01 
9.542486e-01 
9.542486e-01 
9.542486e-01 
9.542486e-01 
9.542486e-01 
9.542486e-01 
9.542486e-01 
9.542486e-01 
9.542486e-01 
9.542486e-01 
9.542486e-01 
9.542486e-01 
9.542486e-01 
9.542486e-01 
9.542486e-01 
9.542486e-01 
9.542486e-01 
9.542486e-01 
9.542486e-01 
9.542486e-01 
9.542486e-01 
9.542486e-01 
9.542486e-01 
9.542486e-01 
9.542486e-01 
9.542486e-01 
9.542486e-01 
9.542486e-01 
9.542486e-01 
9.542486e-01 
9.542486e-01 
9.542486e-01 
9.542486e-01 
9.542486e-01 
9.542486e-01 
9.542486e-01 
9.542486e-01 
9.542486e-01 
9.542486e-01 
9.542486e-01 
9.542486e-01 
9.542486e-01 
9.542486e-01 
9.542486e-01 
9.542486e-01 
9.542486e-01 
9.542486e-01 
9.542486e-01 
9.542486e-01 
9.542486e-01 
9.542486e-01 
9.542486e-01 
9.542486e-01 
9.542486e-01 
9.542486e-01 
9.542486e-01 
9.542486e-01 
9.542486e-01 
9.542486e-01 
9.542486e-01 
9.542486e-01 
9.542486e-01 
9.542486e-01 
9.542486e-01 
9.542486e-01 
9.542486e-01 
9.542486e-01 
9.542486e-01 
9.542486e-01 
9.542486e-01 
9.542486e-01 
9.542486e-01 
9.542486e-01 
9.542486e-01 
9.542486e-01 
9.542486e-01 
9.542486e-01 
9.542486e-01 
9.542486e-01 
9.542486e-01 
9.542486e-01 
9.542486e-01 
9.542486e-01 
9.542486e-01 
9.542486e-01 
9.542486e-01 
9.542486e-01 
9.542486e-01 
9.542486e-01 
9.542486e-01 
9.542486e-01 
9.542486e-01 
9.542486e-01 
9.542486e-01 
9.542486e-01 
9.542486e-01 
9.542486e-01 
9.542486e-01 
9.542486e-01 
9.542486e-01 
9.542486e-01 
9.542486e-01 
9.542486e-01 
9.542486e-01 
9.542486e-01 
9.542486e-01 
9.542486e-01 
9.542486e-01 
9.542486e-01 
9.542486e-01 
9.542486e-01 
9.542486e-01 
9.542486e-01 
9.542486e-01 
9.542486e-01 
9.542486e-01 
9.542486e-01 
9.542486e-01 
9.542486e-01 
9.542486e-01 
9.542486e-01 
9.542486e-01 
9.542486e-01 
9.542486e-01 
9.542486e-01 
9.542486e-01 
9.542486e-01 
9.542486e-01 
9.542486e-01 
9.542486e-01 
9.542486e-01 
9.542486e-01 
9.542486e-01 
9.542486e-01 
9.542486e-01 
9.542486e-01 
9.542486e-01 
9.542486e-01 
9.542486e-01 
9.542486e-01 
9.542486e-01 
9.542486e-01 
9.542486e-01 
9.542486e-01 
9.542486e-01 
9.542486e-01 
9.484111e-01 
9.174976e-01 
8.811178e-01 
8.402293e-01 
7.956993e-01 
7.482125e-01 
6.983154e-01 
6.464380e-01 
5.929230e-01 
5.381458e-01 
4.824992e-01 
4.265379e-01 
3.710659e-01 
3.171684e-01 
2.663020e-01 
2.199902e-01 
1.795065e-01 
1.454757e-01 
1.177509e-01 
9.564100e-02 
7.818022e-02 
6.442105e-02 
5.354706e-02 
4.492093e-02 
3.801274e-02 
3.237591e-02 
2.785531e-02 
2.405653e-02 
2.106614e-02 
1.840824e-02 
1.617483e-02 
1.428583e-02 
1.267751e-02 
1.154352e-02 
1.032604e-02 
9.271191e-03 
8.354621e-03 
7.554460e-03 
6.853150e-03 
6.235942e-03 
5.690601e-03 
5.207065e-03 
4.776753e-03 
4.392744e-03 
4.048963e-03 
3.740276e-03 
3.462302e-03 
3.211422e-03 
2.984405e-03 
2.744896e-03 
2.560895e-03 
2.393122e-03 
2.239922e-03 
2.099715e-03 
1.969275e-03 
1.851402e-03 
1.742770e-03 
1.642790e-03 
1.550467e-03 
1.465100e-03 
1.386038e-03 
1.312692e-03 
1.244594e-03 
1.181265e-03 
1.122292e-03 
1.067309e-03 
1.015970e-03 
9.680027e-04 
9.231243e-04 
8.810872e-04 
8.416603e-04 
8.046618e-04 
7.699009e-04 
7.372083e-04 
7.064315e-04 
6.774241e-04 
6.500744e-04 
6.242601e-04 
5.998721e-04 
5.768134e-04 
5.549876e-04 
5.510959e-04 
5.504744e-04 
5.504473e-04 
5.504461e-04 
5.504460e-04 
5.504460e-04 
5.504460e-04 
5.504460e-04 
5.504460e-04 
5.504460e-04 
5.504460e-04 
5.504460e-04 
5.504460e-04 
5.504460e-04 
5.504460e-04 
5.504460e-04 
5.504460e-04 
5.504460e-04 
5.504460e-04 
5.504460e-04 
5.504460e-04 
5.504460e-04 
5.504460e-04 
5.504460e-04 
5.504460e-04 
5.504460e-04 
5.504460e-04 
5.504460e-04 
5.504460e-04 
5.504460e-04 
5.504460e-04 
5.504460e-04 
5.504460e-04 
5.504460e-04 
5.504460e-04 
5.504460e-04 
5.504460e-04 
5.504460e-04 
5.504460e-04 
5.504460e-04 
5.504460e-04 
5.504460e-04 
5.504460e-04 
5.504460e-04 
5.504460e-04 
5.504460e-04 
5.504460e-04 
5.504460e-04 
5.504460e-04 
5.504460e-04 
5.504460e-04 
5.504460e-04 
5.504460e-04 
5.504460e-04 
5.504460e-04 
5.504460e-04 
5.504460e-04 
5.504460e-04 
5.504460e-04 
5.504460e-04 
5.504460e-04 
5.504460e-04 
5.504460e-04 
5.504460e-04 
5.504460e-04 
5.504460e-04 
5.504460e-04 
5.504460e-04 
5.504460e-04 
5.504460e-04 
5.504460e-04 
5.504460e-04 
5.504460e-04 
5.504460e-04 
5.504460e-04 
5.504460e-04 
5.504460e-04 
5.504460e-04 
5.504460e-04 
5.504460e-04 
5.504460e-04 
5.504460e-04 
5.504460e-04 
5.504460e-04 
5.504460e-04 
5.504460e-04 
5.504460e-04 
5.504460e-04 
5.504460e-04 
5.504460e-04 
5.504460e-04 
5.504460e-04 
5.504460e-04 
5.504460e-04 
5.504460e-04 
5.504460e-04 
5.504460e-04 
5.504460e-04 
5.504460e-04 
5.504460e-04 
5.504460e-04 
5.504460e-04 
5.504460e-04 
5.504460e-04 
5.504460e-04 
5.504460e-04 
5.504460e-04 
5.504460e-04 
5.504460e-04 
5.504460e-04 
5.504460e-04 
5.504460e-04 
5.504460e-04 
5.504460e-04 
5.504460e-04 
5.504460e-04 
5.504460e-04 
5.504460e-04 
5.504460e-04 
5.504460e-04 
5.504460e-04 
5.504460e-04 
5.504460e-04 
5.504460e-04 
5.504460e-04 
5.504460e-04 
5.504460e-04 
5.504460e-04 
5.504460e-04 
5.504460e-04 
5.504460e-04 
5.504460e-04 
5.504460e-04 
5.504460e-04 
5.504460e-04 
5.504460e-04 
5.504460e-04 
5.504460e-04 
5.504460e-04 
5.504460e-04 
5.504460e-04 
5.504460e-04 
5.504460e-04 
5.504460e-04 
5.504460e-04 
5.504460e-04 
5.504460e-04 
5.504460e-04 
5.504460e-04 
5.504460e-04 
5.504460e-04 
5.504460e-04 
5.504460e-04 
5.504460e-04 
5.504460e-04 
5.504460e-04 
5.504460e-04 
5.504460e-04 
5.504460e-04 
5.504460e-04 
5.504460e-04 
5.504460e-04 
5.504460e-04 
5.504460e-04 
5.504460e-04 
5.504460e-04 
5.504460e-04 
5.504460e-04 
5.504460e-04 
5.504460e-04 
5.504460e-04 
5.504460e-04 
5.504460e-04 
5.504460e-04 
5.504460e-04 
5.504460e-04 
5.504460e-04 
5.504460e-04 
5.504460e-04 
5.504460e-04 
5.504460e-04 
5.504460e-04 
5.504460e-04 
5.504460e-04 
5.504460e-04 
5.504460e-04 
5.504460e-04 
5.504460e-04 
5.504460e-04 
5.504460e-04 
5.504460e-04 
5.504460e-04 
5.504460e-04 
5.504460e-04 
5.504460e-04 
5.504460e-04 
5.504460e-04 
5.504460e-04 
5.504460e-04 
5.504460e-04 
5.504460e-04 
5.504460e-04 
5.504460e-04 
5.504460e-04 
5.504460e-04 
5.504460e-04 
5.504460e-04 
5.504460e-04 
5.504460e-04 
5.504460e-04 
5.504460e-04 
5.504460e-04 
5.504460e-04 
5.504460e-04 
5.504460e-04 
5.504460e-04 
5.504460e-04 
5.504460e-04 
5.504460e-04 
5.504460e-04 
5.504460e-04 
5.504460e-04 
5.504460e-04 
5.504460e-04 
5.504460e-04 
5.504460e-04 
5.504460e-04 
5.504460e-04 
5.504460e-04 
5.504460e-04 
5.504460e-04 
5.504460e-04 
5.504460e-04 
5.504460e-04 
5.504460e-04 
5.504460e-04 
5.504460e-04 
5.504460e-04 
5.504460e-04 
5.504460e-04 
5.504460e-04 
5.504460e-04 
5.504460e-04 
5.504460e-04 
5.504460e-04 
5.504460e-04 
5.504460e-04 
5.504460e-04 
5.504460e-04 
5.504460e-04 
5.504460e-04 
5.504460e-04 
5.504460e-04 
5.504460e-04 
5.504460e-04 
5.504460e-04 
5.504460e-04 
5.504460e-04 
5.504460e-04 
5.504460e-04 
5.504460e-04 
5.504460e-04 
5.504460e-04 
5.504460e-04 
5.504460e-04 
5.504460e-04 
5.504460e-04 
5.504460e-04 
5.504460e-04 
5.504460e-04 
5.504460e-04 
5.504460e-04 
5.504460e-04 
5.504460e-04 
5.504460e-04 
5.504460e-04 
5.504460e-04 
5.504460e-04 
5.504460e-04 
5.504460e-04 
5.504460e-04 
5.504460e-04 
5.504460e-04 
5.504460e-04 
5.504460e-04 
5.504460e-04 
5.504460e-04 
5.504460e-04 
5.504460e-04 
5.504460e-04 
5.504460e-04 
5.504460e-04 
5.504460e-04 
5.504460e-04 
5.504460e-04 
5.504460e-04 
5.504460e-04 
5.504460e-04 
5.504460e-04 
5.504460e-04 
5.504460e-04 
5.504460e-04 
5.504460e-04 
5.504460e-04 
5.504460e-04 
5.504460e-04 
5.504460e-04 
5.504460e-04 
5.504460e-04 
5.504460e-04 
5.504460e-04 
5.504460e-04 
5.504460e-04 
5.504460e-04 
5.504460e-04 
5.504460e-04 
5.504460e-04 
5.504460e-04 
5.504460e-04 
5.504460e-04 
5.504460e-04 
5.504460e-04 
5.504460e-04 
5.504460e-04 
5.504460e-04 
5.504460e-04 
5.504460e-04 
5.504460e-04 
5.504460e-04 
5.504460e-04 
5.504460e-04 
5.504460e-04 
5.504460e-04 
5.504460e-04 
5.504460e-04 
5.504460e-04 
5.504460e-04 
5.504460e-04 
5.504460e-04 
5.504460e-04 
5.504460e-04 
5.504460e-04 
5.504460e-04 
5.504460e-04 
5.504460e-04 
5.504460e-04 
5.504460e-04 
5.504460e-04 
5.504460e-04 
5.504460e-04 
5.504460e-04 
5.504460e-04 
5.504460e-04 
5.504460e-04 
5.504460e-04 
5.504460e-04 
5.504460e-04 
5.504460e-04 
5.504460e-04 
5.504460e-04 
5.504460e-04 
5.504460e-04 
5.504460e-04 
5.504460e-04 
5.504460e-04 
5.504460e-04 
5.504460e-04 
5.504460e-04 
5.504460e-04 
5.504460e-04 
5.504460e-04 
5.504460e-04 
5.504460e-04 
5.504460e-04 
5.504460e-04 
5.504460e-04 
5.504460e-04 
5.504460e-04 
5.504460e-04 
5.504460e-04 
5.504460e-04 
5.504460e-04 
5.504460e-04 
5.504460e-04 
5.504460e-04 
5.504460e-04 
5.504460e-04 
5.504460e-04 
5.504460e-04 
5.504460e-04 
5.504460e-04 
5.504460e-04 
5.504460e-04 
5.504460e-04 
5.504460e-04 
5.504460e-04 
5.504460e-04 
5.504460e-04 
5.504460e-04 
5.504460e-04 
5.504460e-04 
5.504460e-04 
5.504460e-04 
5.504460e-04 
5.504460e-04 
5.504460e-04 
5.504460e-04 
5.504460e-04 
5.504460e-04 
5.504460e-04 
5.504460e-04 
5.504460e-04 
5.504460e-04 
5.504460e-04 
5.504460e-04 
5.504460e-04 
5.504460e-04 
5.504460e-04 
5.504460e-04 
5.543343e-04 
5.768020e-04 
5.998668e-04 
6.242614e-04 
6.500766e-04 
6.774254e-04 
7.064248e-04 
7.372008e-04 
7.699038e-04 
8.046649e-04 
8.416626e-04 
8.810788e-04 
9.231141e-04 
9.680064e-04 
1.015973e-03 
1.067298e-03 
1.122279e-03 
1.181250e-03 
1.244599e-03 
1.312696e-03 
1.386021e-03 
1.465081e-03 
1.550475e-03 
1.642786e-03 
1.742769e-03 
1.851214e-03 
1.968906e-03 
2.097185e-03 
2.237030e-03 
2.389800e-03 
2.553977e-03 
2.736936e-03 
2.938060e-03 
3.159523e-03 
3.403988e-03 
3.625715e-03 
3.920039e-03 
4.247406e-03 
4.612285e-03 
5.020201e-03 
5.580704e-03 
5.992613e-03 
6.573387e-03 
7.231747e-03 
7.980482e-03 
8.835540e-03 
9.816143e-03 
1.094622e-02 
1.251894e-02 
1.408741e-02 
1.592443e-02 
1.809045e-02 
2.065939e-02 
2.372784e-02 
2.764998e-02 
3.219248e-02 
3.787991e-02 
4.478966e-02 
5.351799e-02 
6.440932e-02 
7.817180e-02 
9.563629e-02 
1.177449e-01 
1.454592e-01 
1.794864e-01 
2.199678e-01 
2.662880e-01 
3.171507e-01 
3.710288e-01 
4.265091e-01 
4.824690e-01 
5.381343e-01 
5.929102e-01 
6.464095e-01 
6.982880e-01 
7.482008e-01 
7.956896e-01 
8.402191e-01 
8.810982e-01 
9.174795e-01 
9.484049e-01 
9.542486e-01 
9.542486e-01 
9.542486e-01 
9.542486e-01 
9.542486e-01 
9.542486e-01 
9.542486e-01 
9.542486e-01 
9.542486e-01 
9.542486e-01 
9.542486e-01 
9.542486e-01 
9.542486e-01 
9.542486e-01 
9.542486e-01 
9.542486e-01 
9.542486e-01 
9.542486e-01 
9.542486e-01 
9.542486e-01 
9.542486e-01 
9.542486e-01 
9.542486e-01 
9.542486e-01 
9.542486e-01 
9.542486e-01 
9.542486e-01 
9.542486e-01 
9.542486e-01 
9.542486e-01 
9.542486e-01 
9.542486e-01 
9.542486e-01 
9.542486e-01 
9.542486e-01 
9.542486e-01 
9.542486e-01 
9.542486e-01 
9.542486e-01 
9.542486e-01 
9.542486e-01 
9.542486e-01 
9.542486e-01 
9.542486e-01 
9.542486e-01 
9.542486e-01 
9.542486e-01 
9.542486e-01 
9.542486e-01 
9.542486e-01 
9.542486e-01 
9.542486e-01 
9.542486e-01 
9.542486e-01 
9.542486e-01 
9.542486e-01 
9.542486e-01 
9.542486e-01 
9.542486e-01 
9.542486e-01 
9.542486e-01 
9.542486e-01 
9.542486e-01 
9.542486e-01 
9.542486e-01 
9.542486e-01 
9.542486e-01 
9.542486e-01 
9.542486e-01 
9.542486e-01 
9.542486e-01 
9.542486e-01 
9.542486e-01 
9.542486e-01 
9.542486e-01 
9.542486e-01 
9.542486e-01 
9.542486e-01 
9.542486e-01 
9.542486e-01 
9.542486e-01 
9.542486e-01 
9.542486e-01 
9.542486e-01 
9.542486e-01 
9.542486e-01 
9.542486e-01 
9.542486e-01 
9.542486e-01 
9.542486e-01 
9.542486e-01 
9.542486e-01 
9.542486e-01 
9.542486e-01 
9.542486e-01 
9.542486e-01 
9.542486e-01 
9.542486e-01 
9.542486e-01 
9.542486e-01 
9.542486e-01 
9.542486e-01 
9.542486e-01 
9.542486e-01 
9.542486e-01 
9.542486e-01 
9.542486e-01 
9.542486e-01 
9.542486e-01 
9.542486e-01 
9.542486e-01 
9.542486e-01 
9.542486e-01 
9.542486e-01 
9.542486e-01 
9.542486e-01 
9.542486e-01 
9.542486e-01 
9.542486e-01 
9.542486e-01 
9.542486e-01 
9.542486e-01 
9.542486e-01 
9.542486e-01 
9.542486e-01 
9.542486e-01 
9.542486e-01 
9.542486e-01 
9.542486e-01 
9.542486e-01 
9.542486e-01 
9.542486e-01 
9.542486e-01 
9.542486e-01 
9.542486e-01 
9.542486e-01 
9.542486e-01 
9.542486e-01 
9.542486e-01 
9.542486e-01 
9.542486e-01 
9.542486e-01 
9.542486e-01 
9.542486e-01 
9.542486e-01 
9.542486e-01 
9.542486e-01 
9.542486e-01 
9.542486e-01 
9.542486e-01 
9.542486e-01 
9.542486e-01 
9.542486e-01 
9.542486e-01 
9.542486e-01 
9.542486e-01 
9.542486e-01 
9.542486e-01 
9.542486e-01 
9.542486e-01 
9.542486e-01 
9.542486e-01 
9.542486e-01 
9.542486e-01 
9.542486e-01 
9.542486e-01 
9.542486e-01 
9.542486e-01 
9.542486e-01 
9.542486e-01 
9.542486e-01 
9.542486e-01 
9.542486e-01 
9.542486e-01 
9.542486e-01 
9.542486e-01 
9.542486e-01 
9.542486e-01 
9.542486e-01 
9.542486e-01 
9.542486e-01 
9.542486e-01 
9.542486e-01 
9.542486e-01 
9.542486e-01 
9.542486e-01 
9.542486e-01 
9.542486e-01 
9.542486e-01 
9.542486e-01 
9.542486e-01 
9.542486e-01 
9.542486e-01 
9.542486e-01 
9.542486e-01 
9.542486e-01 
9.542486e-01 
9.542486e-01 
9.542486e-01 
9.542486e-01 
9.542486e-01 
9.542486e-01 
9.542486e-01 
9.542486e-01 
9.542486e-01 
9.542486e-01 
9.542486e-01 
9.542486e-01 
9.542486e-01 
9.542486e-01 
9.542486e-01 
9.542486e-01 
9.542486e-01 
9.542486e-01 
9.542486e-01 
9.542486e-01 
9.542486e-01 
9.542486e-01 
9.542486e-01 
9.542486e-01 
9.542486e-01 
9.542486e-01 
9.542486e-01 
9.542486e-01 
9.542486e-01 
9.542486e-01 
9.542486e-01 
9.542486e-01 
9.542486e-01 
9.542486e-01 
9.542486e-01 
9.542486e-01 
9.542486e-01 
9.542486e-01 
9.542486e-01 
9.542486e-01 
9.542486e-01 
9.542486e-01 
9.542486e-01 
9.542486e-01 
9.542486e-01 
9.542486e-01 
9.542486e-01 
9.542486e-01 
9.542486e-01 
9.542486e-01 
9.542486e-01 
9.542486e-01 
9.542486e-01 
9.542486e-01 
9.542486e-01 
9.542486e-01 
9.542486e-01 
9.542486e-01 
9.542486e-01 
9.542486e-01 
9.542486e-01 
9.542486e-01 
9.542486e-01 
9.542486e-01 
9.542486e-01 
9.542486e-01 
9.542486e-01 
9.542486e-01 
9.542486e-01 
9.542486e-01 
9.542486e-01 
9.542486e-01 
9.542486e-01 
9.542486e-01 
9.542486e-01 
9.542486e-01 
9.542486e-01 
9.542486e-01 
9.542486e-01 
9.542486e-01 
9.542486e-01 
9.542486e-01 
9.542486e-01 
9.542486e-01 
9.542486e-01 
9.542486e-01 
9.542486e-01 
9.542486e-01 
9.542486e-01 
9.542486e-01 
9.542486e-01 
9.542486e-01 
9.542486e-01 
9.542486e-01 
9.542486e-01 
9.542486e-01 
9.542486e-01 
9.542486e-01 
9.542486e-01 
9.542486e-01 
9.542486e-01 
9.542486e-01 
9.542486e-01 
9.542486e-01 
9.542486e-01 
9.542486e-01 
9.542486e-01 
9.542486e-01 
9.542486e-01 
9.542486e-01 
9.542486e-01 
9.542486e-01 
9.542486e-01 
9.542486e-01 
9.542486e-01 
9.542486e-01 
9.542486e-01 
9.542486e-01 
9.542486e-01 
9.542486e-01 
9.542486e-01 
9.542486e-01 
9.542486e-01 
9.542486e-01 
9.542486e-01 
9.542486e-01 
9.542486e-01 
9.542486e-01 
9.542486e-01 
9.542486e-01 
9.542486e-01 
9.542486e-01 
9.542486e-01 
9.542486e-01 
9.542486e-01 
9.542486e-01 
9.542486e-01 
9.542486e-01 
9.542486e-01 
9.542486e-01 
9.542486e-01 
9.542486e-01 
9.542486e-01 
9.542486e-01 
9.542486e-01 
9.542486e-01 
9.542486e-01 
9.542486e-01 
9.542486e-01 
9.542486e-01 
9.542486e-01 
9.542486e-01 
9.542486e-01 
9.542486e-01 
9.542486e-01 
9.542486e-01 
9.542486e-01 
9.542486e-01 
9.542486e-01 
9.542486e-01 
9.542486e-01 
9.542486e-01 
9.542486e-01 
9.542486e-01 
9.542486e-01 
9.542486e-01 
9.542486e-01 
9.542486e-01 
9.542486e-01 
9.542486e-01 
9.542486e-01 
9.542486e-01 
9.542486e-01 
9.542486e-01 
9.542486e-01 
9.542486e-01 
9.542486e-01 
9.542486e-01 
9.542486e-01 
9.542486e-01 
9.542486e-01 
9.542486e-01 
9.542486e-01 
9.542486e-01 
9.542486e-01 
9.542486e-01 
9.542486e-01 
9.542486e-01 
9.542486e-01 
9.542486e-01 
9.542486e-01 
9.542486e-01 
9.542486e-01 
9.542486e-01 
9.542486e-01 
9.542486e-01 
9.542486e-01 
9.542486e-01 
9.542486e-01 
9.542486e-01 
9.542486e-01 
9.542486e-01 
9.542486e-01 
9.542486e-01 
9.542486e-01 
9.542486e-01 
9.542486e-01 
9.542486e-01 
9.542486e-01 
9.542486e-01 
9.542486e-01 
9.542486e-01 
9.542486e-01 
9.542486e-01 
9.542486e-01 
9.542486e-01 
9.542486e-01 
9.542486e-01 
9.542486e-01 
9.542486e-01 
9.542486e-01 
9.542486e-01 
9.542486e-01 
9.484094e-01 
9.174957e-01 
8.811155e-01 
8.402268e-01 
7.956965e-01 
7.482097e-01 
6.983109e-01 
6.464348e-01 
5.929182e-01 
5.381426e-01 
4.824959e-01 
4.265347e-01 
3.710627e-01 
3.171653e-01 
2.662991e-01 
2.199876e-01 
1.795043e-01 
1.454739e-01 
1.177494e-01 
9.563982e-02 
7.817934e-02 
6.442033e-02 
5.354936e-02 
4.492048e-02 
3.801235e-02 
3.237559e-02 
2.785508e-02 
2.405633e-02 
2.106597e-02 
1.840809e-02 
1.617471e-02 
1.428574e-02 
1.267742e-02 
1.154344e-02 
1.032598e-02 
9.271111e-03 
8.354566e-03 
7.554397e-03 
6.853107e-03 
6.235907e-03 
5.690570e-03 
5.207037e-03 
4.776729e-03 
4.392721e-03 
4.048937e-03 
3.740257e-03 
3.462350e-03 
3.211422e-03 
2.947182e-03 
2.744880e-03 
2.560885e-03 
2.393113e-03 
2.239913e-03 
2.099703e-03 
1.969267e-03 
1.851394e-03 
1.742764e-03 
1.642784e-03 
1.550462e-03 
1.465095e-03 
1.386033e-03 
1.312688e-03 
1.244590e-03 
1.181261e-03 
1.122290e-03 
1.067305e-03 
1.015967e-03 
9.679996e-04 
9.231219e-04 
8.810848e-04 
8.416696e-04 
8.046596e-04 
7.698988e-04 
7.372067e-04 
7.064296e-04 
6.774224e-04 
6.500728e-04 
6.242585e-04 
5.998707e-04 
5.768120e-04 
5.549864e-04 
5.510956e-04 
5.504744e-04 
5.504473e-04 
5.504461e-04 
5.504460e-04 
5.504460e-04 
5.504460e-04 
5.504460e-04 
5.504460e-04 
5.504460e-04 
5.504460e-04 
5.504460e-04 
5.504460e-04 
5.504460e-04 
5.504460e-04 
5.504460e-04 
5.504460e-04 
5.504460e-04 
5.504460e-04 
5.504460e-04 
5.504460e-04 
5.504460e-04 
5.504460e-04 
5.504460e-04 
5.504460e-04 
5.504460e-04 
5.504460e-04 
5.504460e-04 
5.504460e-04 
5.504460e-04 
5.504460e-04 
5.504460e-04 
5.504460e-04 
5.504460e-04 
5.504460e-04 
5.504460e-04 
5.504460e-04 
5.504460e-04 
5.504460e-04 
5.504460e-04 
5.504460e-04 
5.504460e-04 
5.504460e-04 
5.504460e-04 
5.504460e-04 
5.504460e-04 
5.504460e-04 
5.504460e-04 
5.504460e-04 
5.504460e-04 
5.504460e-04 
5.504460e-04 
5.504460e-04 
5.504460e-04 
5.504460e-04 
5.504460e-04 
5.504460e-04 
5.504460e-04 
5.504460e-04 
5.504460e-04 
5.504460e-04 
5.504460e-04 
5.504460e-04 
5.504460e-04 
5.504460e-04 
5.504460e-04 
5.504460e-04 
5.504460e-04 
5.504460e-04 
5.504460e-04 
5.504460e-04 
5.504460e-04 
5.504460e-04 
5.504460e-04 
5.504460e-04 
5.504460e-04 
5.504460e-04 
5.504460e-04 
5.504460e-04 
5.504460e-04 
5.504460e-04 
5.504460e-04 
5.504460e-04 
5.504460e-04 
5.504460e-04 
5.504460e-04 
5.504460e-04 
5.504460e-04 
5.504460e-04 
5.504460e-04 
5.504460e-04 
5.504460e-04 
5.504460e-04 
5.504460e-04 
5.504460e-04 
5.504460e-04 
5.504460e-04 
5.504460e-04 
5.504460e-04 
5.504460e-04 
5.504460e-04 
5.504460e-04 
5.504460e-04 
5.504460e-04 
5.504460e-04 
5.504460e-04 
5.504460e-04 
5.504460e-04 
5.504460e-04 
5.504460e-04 
5.504460e-04 
5.504460e-04 
5.504460e-04 
5.504460e-04 
5.504460e-04 
5.504460e-04 
5.504460e-04 
5.504460e-04 
5.504460e-04 
5.504460e-04 
5.504460e-04 
5.504460e-04 
5.504460e-04 
5.504460e-04 
5.504460e-04 
5.504460e-04 
5.504460e-04 
5.504460e-04 
5.504460e-04 
5.504460e-04 
5.504460e-04 
5.504460e-04 
5.504460e-04 
5.504460e-04 
5.504460e-04 
5.504460e-04 
5.504460e-04 
5.504460e-04 
5.504460e-04 
5.504460e-04 
5.504460e-04 
5.504460e-04 
5.504460e-04 
5.504460e-04 
5.504460e-04 
5.504460e-04 
5.504460e-04 
5.504460e-04 
5.504460e-04 
5.504460e-04 
5.504460e-04 
5.504460e-04 
5.504460e-04 
5.504460e-04 
5.504460e-04 
5.504460e-04 
5.504460e-04 
5.504460e-04 
5.504460e-04 
5.504460e-04 
5.504460e-04 
5.504460e-04 
5.504460e-04 
5.504460e-04 
5.504460e-04 
5.504460e-04 
5.504460e-04 
5.504460e-04 
5.504460e-04 
5.504460e-04 
5.504460e-04 
5.504460e-04 
5.504460e-04 
5.504460e-04 
5.504460e-04 
5.504460e-04 
5.504460e-04 
5.504460e-04 
5.504460e-04 
5.504460e-04 
5.504460e-04 
5.504460e-04 
5.504460e-04 
5.504460e-04 
5.504460e-04 
5.504460e-04 
5.504460e-04 
5.504460e-04 
5.504460e-04 
5.504460e-04 
5.504460e-04 
5.504460e-04 
5.504460e-04 
5.504460e-04 
5.504460e-04 
5.504460e-04 
5.504460e-04 
5.504460e-04 
5.504460e-04 
5.504460e-04 
5.504460e-04 
5.504460e-04 
5.504460e-04 
5.504460e-04 
5.504460e-04 
5.504460e-04 
5.504460e-04 
5.504460e-04 
5.504460e-04 
5.504460e-04 
5.504460e-04 
5.504460e-04 
5.504460e-04 
5.504460e-04 
5.504460e-04 
5.504460e-04 
5.504460e-04 
5.504460e-04 
5.504460e-04 
5.504460e-04 
5.504460e-04 
5.504460e-04 
5.504460e-04 
5.504460e-04 
5.504460e-04 
5.504460e-04 
5.504460e-04 
5.504460e-04 
5.504460e-04 
5.504460e-04 
5.504460e-04 
5.504460e-04 
5.504460e-04 
5.504460e-04 
5.504460e-04 
5.504460e-04 
5.504460e-04 
5.504460e-04 
5.504460e-04 
5.504460e-04 
5.504460e-04 
5.504460e-04 
5.504460e-04 
5.504460e-04 
5.504460e-04 
5.504460e-04 
5.504460e-04 
5.504460e-04 
5.504460e-04 
5.504460e-04 
5.504460e-04 
5.504460e-04 
5.504460e-04 
5.504460e-04 
5.504460e-04 
5.504460e-04 
5.504460e-04 
5.504460e-04 
5.504460e-04 
5.504460e-04 
5.504460e-04 
5.504460e-04 
5.504460e-04 
5.504460e-04 
5.504460e-04 
5.504460e-04 
5.504460e-04 
5.504460e-04 
5.504460e-04 
5.504460e-04 
5.504460e-04 
5.504460e-04 
5.504460e-04 
5.504460e-04 
5.504460e-04 
5.504460e-04 
5.504460e-04 
5.504460e-04 
5.504460e-04 
5.504460e-04 
5.504460e-04 
5.504460e-04 
5.504460e-04 
5.504460e-04 
5.504460e-04 
5.504460e-04 
5.504460e-04 
5.504460e-04 
5.504460e-04 
5.504460e-04 
5.504460e-04 
5.504460e-04 
5.504460e-04 
5.504460e-04 
5.504460e-04 
5.504460e-04 
5.504460e-04 
5.504460e-04 
5.504460e-04 
5.504460e-04 
5.504460e-04 
5.504460e-04 
5.504460e-04 
5.504460e-04 
5.504460e-04 
5.504460e-04 
5.504460e-04 
5.504460e-04 
5.504460e-04 
5.504460e-04 
5.504460e-04 
5.504460e-04 
5.504460e-04 
5.504460e-04 
5.504460e-04 
5.504460e-04 
5.504460e-04 
5.504460e-04 
5.504460e-04 
5.504460e-04 
5.504460e-04 
5.504460e-04 
5.504460e-04 
5.504460e-04 
5.504460e-04 
5.504460e-04 
5.504460e-04 
5.504460e-04 
5.504460e-04 
5.504460e-04 
5.504460e-04 
5.504460e-04 
5.504460e-04 
5.504460e-04 
5.504460e-04 
5.504460e-04 
5.504460e-04 
5.504460e-04 
5.504460e-04 
5.504460e-04 
5.504460e-04 
5.504460e-04 
5.504460e-04 
5.504460e-04 
5.504460e-04 
5.504460e-04 
5.504460e-04 
5.504460e-04 
5.504460e-04 
5.504460e-04 
5.504460e-04 
5.504460e-04 
5.504460e-04 
5.504460e-04 
5.504460e-04 
5.504460e-04 
5.504460e-04 
5.504460e-04 
5.504460e-04 
5.504460e-04 
5.504460e-04 
5.504460e-04 
5.504460e-04 
5.504460e-04 
5.504460e-04 
5.504460e-04 
5.504460e-04 
5.504460e-04 
5.504460e-04 
5.504460e-04 
5.504460e-04 
5.504460e-04 
5.504460e-04 
5.504460e-04 
5.504460e-04 
5.504460e-04 
5.504460e-04 
5.504460e-04 
5.504460e-04 
5.504460e-04 
5.504460e-04 
5.504460e-04 
5.504460e-04 
5.504460e-04 
5.504460e-04 
5.504460e-04 
5.504460e-04 
5.504460e-04 
5.504460e-04 
5.504460e-04 
5.504460e-04 
5.504460e-04 
5.504460e-04 
5.504460e-04 
5.504460e-04 
5.504460e-04 
5.504460e-04 
5.504460e-04 
5.504460e-04 
5.504460e-04 
5.504460e-04 
5.504460e-04 
5.504460e-04 
5.504460e-04 
5.504460e-04 
5.504460e-04 
5.504460e-04 
5.504460e-04 
5.504460e-04 
5.504460e-04 
5.504460e-04 
5.504460e-04 
5.504460e-04 
5.504460e-04 
5.504460e-04 
5.504460e-04 
5.504460e-04 
5.504460e-04 
5.504460e-04 
5.543353e-04 
5.768039e-04 
5.998682e-04 
6.242638e-04 
6.500781e-04 
6.774272e-04 
7.064265e-04 
7.372028e-04 
7.699058e-04 
8.046670e-04 
8.416664e-04 
8.810812e-04 
9.231167e-04 
9.680092e-04 
1.015976e-03 
1.067300e-03 
1.122283e-03 
1.181256e-03 
1.244604e-03 
1.312703e-03 
1.386026e-03 
1.465086e-03 
1.550454e-03 
1.642792e-03 
1.742775e-03 
1.851221e-03 
1.968913e-03 
2.097153e-03 
2.236991e-03 
2.389761e-03 
2.553935e-03 
2.736890e-03 
2.938010e-03 
3.159467e-03 
3.403927e-03 
3.625641e-03 
3.919963e-03 
4.247316e-03 
4.612191e-03 
5.020099e-03 
5.477567e-03 
6.107440e-03 
6.573895e-03 
7.231791e-03 
7.980548e-03 
8.835601e-03 
9.816207e-03 
1.094629e-02 
1.251903e-02 
1.408752e-02 
1.592455e-02 
1.808993e-02 
2.065950e-02 
2.372815e-02 
2.765022e-02 
3.219278e-02 
3.788028e-02 
4.479012e-02 
5.351858e-02 
6.441005e-02 
7.817317e-02 
9.563745e-02 
1.177471e-01 
1.454611e-01 
1.794887e-01 
2.199704e-01 
2.662909e-01 
3.171538e-01 
3.710321e-01 
4.265124e-01 
4.824724e-01 
5.381375e-01 
5.929134e-01 
6.464128e-01 
6.982911e-01 
7.481893e-01 
7.956923e-01 
8.402217e-01 
8.811004e-01 
9.174814e-01 
9.484067e-01 
9.542486e-01 
9.542486e-01 
9.542486e-01 
9.542486e-01 
9.542486e-01 
9.542486e-01 
9.542486e-01 
9.542486e-01 
9.542486e-01 
9.542486e-01 
9.542486e-01 
9.542486e-01 
9.542486e-01 
9.542486e-01 
9.542486e-01 
9.542486e-01 
9.542486e-01 
9.542486e-01 
9.542486e-01 
9.542486e-01 
9.542486e-01 
9.542486e-01 
9.542486e-01 
9.542486e-01 
9.542486e-01 
9.542486e-01 
9.542486e-01 
9.542486e-01 
9.542486e-01 
9.542486e-01 
9.542486e-01 
9.542486e-01 
9.542486e-01 
9.542486e-01 
9.542486e-01 
9.542486e-01 
9.542486e-01 
9.542486e-01 
9.542486e-01 
9.542486e-01 
9.542486e-01 
9.542486e-01 
9.542486e-01 
9.542486e-01 
9.542486e-01 
9.542486e-01 
9.542486e-01 
9.542486e-01 
9.542486e-01 
9.542486e-01 
9.542486e-01 
9.542486e-01 
9.542486e-01 
9.542486e-01 
9.542486e-01 
9.542486e-01 
9.542486e-01 
9.542486e-01 
9.542486e-01 
9.542486e-01 
9.542486e-01 
9.542486e-01 
9.542486e-01 
9.542486e-01 
9.542486e-01 
9.542486e-01 
9.542486e-01 
9.542486e-01 
9.542486e-01 
9.542486e-01 
9.542486e-01 
9.542486e-01 
9.542486e-01 
9.542486e-01 
9.542486e-01 
9.542486e-01 
9.542486e-01 
9.542486e-01 
9.542486e-01 
9.542486e-01 
9.542486e-01 
9.542486e-01 
9.542486e-01 
9.542486e-01 
9.542486e-01 
9.542486e-01 
9.542486e-01 
9.542486e-01 
9.542486e-01 
9.542486e-01 
9.542486e-01 
9.542486e-01 
9.542486e-01 
9.542486e-01 
9.542486e-01 
9.542486e-01 
9.542486e-01 
9.542486e-01 
9.542486e-01 
9.542486e-01 
9.542486e-01 
9.542486e-01 
9.542486e-01 
9.542486e-01 
9.542486e-01 
9.542486e-01 
9.542486e-01 
9.542486e-01 
9.542486e-01 
9.542486e-01 
9.542486e-01 
9.542486e-01 
9.542486e-01 
9.542486e-01 
9.542486e-01 
9.542486e-01 
9.542486e-01 
9.542486e-01 
9.542486e-01 
9.542486e-01 
9.542486e-01 
9.542486e-01 
9.542486e-01 
9.542486e-01 
9.542486e-01 
9.542486e-01 
9.542486e-01 
9.542486e-01 
9.542486e-01 
9.542486e-01 
9.542486e-01 
9.542486e-01 
9.542486e-01 
9.542486e-01 
9.542486e-01 
9.542486e-01 
9.542486e-01 
9.542486e-01 
9.542486e-01 
9.542486e-01 
9.542486e-01 
9.542486e-01 
9.542486e-01 
9.542486e-01 
9.542486e-01 
9.542486e-01 
9.542486e-01 
9.542486e-01 
9.542486e-01 
9.542486e-01 
9.542486e-01 
9.542486e-01 
9.542486e-01 
9.542486e-01 
9.542486e-01 
9.542486e-01 
9.542486e-01 
9.542486e-01 
9.542486e-01 
9.542486e-01 
9.542486e-01 
9.542486e-01 
9.542486e-01 
9.542486e-01 
9.542486e-01 
9.542486e-01 
9.542486e-01 
9.542486e-01 
9.542486e-01 
9.542486e-01 
9.542486e-01 
9.542486e-01 
9.542486e-01 
9.542486e-01 
9.542486e-01 
9.542486e-01 
9.542486e-01 
9.542486e-01 
9.542486e-01 
9.542486e-01 
9.542486e-01 
9.542486e-01 
9.542486e-01 
9.542486e-01 
9.542486e-01 
9.542486e-01 
9.542486e-01 
9.542486e-01 
9.542486e-01 
9.542486e-01 
9.542486e-01 
9.542486e-01 
9.542486e-01 
9.542486e-01 
9.542486e-01 
9.542486e-01 
9.542486e-01 
9.542486e-01 
9.542486e-01 
9.542486e-01 
9.542486e-01 
9.542486e-01 
9.542486e-01 
9.542486e-01 
9.542486e-01 
9.542486e-01 
9.542486e-01 
9.542486e-01 
9.542486e-01 
9.542486e-01 
9.542486e-01 
9.542486e-01 
9.542486e-01 
9.542486e-01 
9.542486e-01 
9.542486e-01 
9.542486e-01 
9.542486e-01 
9.542486e-01 
9.542486e-01 
9.542486e-01 
9.542486e-01 
9.542486e-01 
9.542486e-01 
9.542486e-01 
9.542486e-01 
9.542486e-01 
9.542486e-01 
9.542486e-01 
9.542486e-01 
9.542486e-01 
9.542486e-01 
9.542486e-01 
9.542486e-01 
9.542486e-01 
9.542486e-01 
9.542486e-01 
9.542486e-01 
9.542486e-01 
9.542486e-01 
9.542486e-01 
9.542486e-01 
9.542486e-01 
9.542486e-01 
9.542486e-01 
9.542486e-01 
9.542486e-01 
9.542486e-01 
9.542486e-01 
9.542486e-01 
9.542486e-01 
9.542486e-01 
9.542486e-01 
9.542486e-01 
9.542486e-01 
9.542486e-01 
9.542486e-01 
9.542486e-01 
9.542486e-01 
9.542486e-01 
9.542486e-01 
9.542486e-01 
9.542486e-01 
9.542486e-01 
9.542486e-01 
9.542486e-01 
9.542486e-01 
9.542486e-01 
9.542486e-01 
9.542486e-01 
9.542486e-01 
9.542486e-01 
9.542486e-01 
9.542486e-01 
9.542486e-01 
9.542486e-01 
9.542486e-01 
9.542486e-01 
9.542486e-01 
9.542486e-01 
9.542486e-01 
9.542486e-01 
9.542486e-01 
9.542486e-01 
9.542486e-01 
9.542486e-01 
9.542486e-01 
9.542486e-01 
9.542486e-01 
9.542486e-01 
9.542486e-01 
9.542486e-01 
9.542486e-01 
9.542486e-01 
9.542486e-01 
9.542486e-01 
9.542486e-01 
9.542486e-01 
9.542486e-01 
9.542486e-01 
9.542486e-01 
9.542486e-01 
9.542486e-01 
9.542486e-01 
9.542486e-01 
9.542486e-01 
9.542486e-01 
9.542486e-01 
9.542486e-01 
9.542486e-01 
9.542486e-01 
9.542486e-01 
9.542486e-01 
9.542486e-01 
9.542486e-01 
9.542486e-01 
9.542486e-01 
9.542486e-01 
9.542486e-01 
9.542486e-01 
9.542486e-01 
9.542486e-01 
9.542486e-01 
9.542486e-01 
9.542486e-01 
9.542486e-01 
9.542486e-01 
9.542486e-01 
9.542486e-01 
9.542486e-01 
9.542486e-01 
9.542486e-01 
9.542486e-01 
9.542486e-01 
9.542486e-01 
9.542486e-01 
9.542486e-01 
9.542486e-01 
9.542486e-01 
9.542486e-01 
9.542486e-01 
9.542486e-01 
9.542486e-01 
9.542486e-01 
9.542486e-01 
9.542486e-01 
9.542486e-01 
9.542486e-01 
9.542486e-01 
9.542486e-01 
9.542486e-01 
9.542486e-01 
9.542486e-01 
9.542486e-01 
9.542486e-01 
9.542486e-01 
9.542486e-01 
9.542486e-01 
9.542486e-01 
9.542486e-01 
9.542486e-01 
9.542486e-01 
9.542486e-01 
9.542486e-01 
9.542486e-01 
9.542486e-01 
9.542486e-01 
9.542486e-01 
9.542486e-01 
9.542486e-01 
9.542486e-01 
9.542486e-01 
9.542486e-01 
9.542486e-01 
9.542486e-01 
9.542486e-01 
9.542486e-01 
9.542486e-01 
9.542486e-01 
9.542486e-01 
9.542486e-01 
9.542486e-01 
9.542486e-01 
9.542486e-01 
9.542486e-01 
9.542486e-01 
9.542486e-01 
9.542486e-01 
9.542486e-01 
9.542486e-01 
9.542486e-01 
9.542486e-01 
9.542486e-01 
9.542486e-01 
9.542486e-01 
9.542486e-01 
9.542486e-01 
9.542486e-01 
9.542486e-01 
9.542486e-01 
9.542486e-01 
9.542486e-01 
9.542486e-01 
9.542486e-01 
9.542486e-01 
9.542486e-01 
9.542486e-01 
9.542486e-01 
9.542486e-01 
9.542486e-01 
9.542486e-01 
9.542486e-01 
9.542486e-01 
9.542486e-01 
9.542486e-01 
9.542486e-01 
9.542486e-01 
9.542486e-01 
9.542486e-01 
9.484161e-01 
9.174825e-01 
8.811249e-01 
8.402230e-01 
7.956938e-01 
7.482069e-01 
6.983079e-01 
6.464317e-01 
5.929311e-01 
5.381229e-01 
4.825093e-01 
4.265146e-01 
3.710757e-01 
3.171622e-01 
2.662961e-01 
2.199850e-01 
1.795020e-01 
1.454711e-01 
1.177552e-01 
9.563223e-02 
7.818297e-02 
6.442323e-02 
5.355170e-02 
4.492464e-02 
3.801203e-02 
3.237829e-02 
2.785476e-02 
2.405912e-02 
2.106680e-02 
1.840868e-02 
1.617520e-02 
1.428614e-02 
1.267819e-02 
1.154417e-02 
1.032608e-02 
9.271525e-03 
8.354641e-03 
7.554545e-03 
6.853268e-03 
6.236045e-03 
5.690692e-03 
5.207146e-03 
4.776731e-03 
4.392871e-03 
4.048957e-03 
3.740379e-03 
3.462365e-03 
3.211465e-03 
2.984443e-03 
2.744930e-03 
2.560927e-03 
2.393198e-03 
2.239907e-03 
2.099777e-03 
1.969260e-03 
1.851455e-03 
1.742789e-03 
1.642807e-03 
1.550483e-03 
1.465114e-03 
1.386051e-03 
1.312726e-03 
1.244586e-03 
1.181294e-03 
1.122284e-03 
1.067334e-03 
1.015979e-03 
9.680106e-04 
9.231322e-04 
8.810943e-04 
8.416786e-04 
8.046799e-04 
7.698968e-04 
7.372235e-04 
7.064281e-04 
6.774459e-04 
6.500791e-04 
6.242645e-04 
5.998764e-04 
5.768175e-04 
5.549983e-04 
5.510973e-04 
5.504744e-04 
5.504473e-04 
5.504461e-04 
5.504460e-04 
5.504460e-04 
5.504460e-04 
5.504460e-04 
5.504460e-04 
5.504460e-04 
5.504460e-04 
5.504460e-04 
5.504460e-04 
5.504460e-04 
5.504460e-04 
5.504460e-04 
5.504460e-04 
5.504460e-04 
5.504460e-04 
5.504460e-04 
5.504460e-04 
5.504460e-04 
5.504460e-04 
5.504460e-04 
5.504460e-04 
5.504460e-04 
5.504460e-04 
5.504460e-04 
5.504460e-04 
5.504460e-04 
5.504460e-04 
5.504460e-04 
5.504460e-04 
5.504460e-04 
5.504460e-04 
5.504460e-04 
5.504460e-04 
5.504460e-04 
5.504460e-04 
5.504460e-04 
5.504460e-04 
5.504460e-04 
5.504460e-04 
5.504460e-04 
5.504460e-04 
5.504460e-04 
5.504460e-04 
5.504460e-04 
5.504460e-04 
5.504460e-04 
5.504460e-04 
5.504460e-04 
5.504460e-04 
5.504460e-04 
5.504460e-04 
5.504460e-04 
5.504460e-04 
5.504460e-04 
5.504460e-04 
5.504460e-04 
5.504460e-04 
5.504460e-04 
5.504460e-04 
5.504460e-04 
5.504460e-04 
5.504460e-04 
5.504460e-04 
5.504460e-04 
5.504460e-04 
5.504460e-04 
5.504460e-04 
5.504460e-04 
5.504460e-04 
5.504460e-04 
5.504460e-04 
5.504460e-04 
5.504460e-04 
5.504460e-04 
5.504460e-04 
5.504460e-04 
5.504460e-04 
5.504460e-04 
5.504460e-04 
5.504460e-04 
5.504460e-04 
5.504460e-04 
5.504460e-04 
5.504460e-04 
5.504460e-04 
5.504460e-04 
5.504460e-04 
5.504460e-04 
5.504460e-04 
5.504460e-04 
5.504460e-04 
5.504460e-04 
5.504460e-04 
5.504460e-04 
5.504460e-04 
5.504460e-04 
5.504460e-04 
5.504460e-04 
5.504460e-04 
5.504460e-04 
5.504460e-04 
5.504460e-04 
5.504460e-04 
5.504460e-04 
5.504460e-04 
5.504460e-04 
5.504460e-04 
5.504460e-04 
5.504460e-04 
5.504460e-04 
5.504460e-04 
5.504460e-04 
5.504460e-04 
5.504460e-04 
5.504460e-04 
5.504460e-04 
5.504460e-04 
5.504460e-04 
5.504460e-04 
5.504460e-04 
5.504460e-04 
5.504460e-04 
5.504460e-04 
5.504460e-04 
5.504460e-04 
5.504460e-04 
5.504460e-04 
5.504460e-04 
5.504460e-04 
5.504460e-04 
5.504460e-04 
5.504460e-04 
5.504460e-04 
5.504460e-04 
5.504460e-04 
5.504460e-04 
5.504460e-04 
5.504460e-04 
5.504460e-04 
5.504460e-04 
5.504460e-04 
5.504460e-04 
5.504460e-04 
5.504460e-04 
5.504460e-04 
5.504460e-04 
5.504460e-04 
5.504460e-04 
5.504460e-04 
5.504460e-04 
5.504460e-04 
5.504460e-04 
5.504460e-04 
5.504460e-04 
5.504460e-04 
5.504460e-04 
5.504460e-04 
5.504460e-04 
5.504460e-04 
5.504460e-04 
5.504460e-04 
5.504460e-04 
5.504460e-04 
5.504460e-04 
5.504460e-04 
5.504460e-04 
5.504460e-04 
5.504460e-04 
5.504460e-04 
5.504460e-04 
5.504460e-04 
5.504460e-04 
5.504460e-04 
5.504460e-04 
5.504460e-04 
5.504460e-04 
5.504460e-04 
5.504460e-04 
5.504460e-04 
5.504460e-04 
5.504460e-04 
5.504460e-04 
5.504460e-04 
5.504460e-04 
5.504460e-04 
5.504460e-04 
5.504460e-04 
5.504460e-04 
5.504460e-04 
5.504460e-04 
5.504460e-04 
5.504460e-04 
5.504460e-04 
5.504460e-04 
5.504460e-04 
5.504460e-04 
5.504460e-04 
5.504460e-04 
5.504460e-04 
5.504460e-04 
5.504460e-04 
5.504460e-04 
5.504460e-04 
5.504460e-04 
5.504460e-04 
5.504460e-04 
5.504460e-04 
5.504460e-04 
5.504460e-04 
5.504460e-04 
5.504460e-04 
5.504460e-04 
5.504460e-04 
5.504460e-04 
5.504460e-04 
5.504460e-04 
5.504460e-04 
5.504460e-04 
5.504460e-04 
5.504460e-04 
5.504460e-04 
5.504460e-04 
5.504460e-04 
5.504460e-04 
5.504460e-04 
5.504460e-04 
5.504460e-04 
5.504460e-04 
5.504460e-04 
5.504460e-04 
5.504460e-04 
5.504460e-04 
5.504460e-04 
5.504460e-04 
5.504460e-04 
5.504460e-04 
5.504460e-04 
5.504460e-04 
5.504460e-04 
5.504460e-04 
5.504460e-04 
5.504460e-04 
5.504460e-04 
5.504460e-04 
5.504460e-04 
5.504460e-04 
5.504460e-04 
5.504460e-04 
5.504460e-04 
5.504460e-04 
5.504460e-04 
5.504460e-04 
5.504460e-04 
5.504460e-04 
5.504460e-04 
5.504460e-04 
5.504460e-04 
5.504460e-04 
5.504460e-04 
5.504460e-04 
5.504460e-04 
5.504460e-04 
5.504460e-04 
5.504460e-04 
5.504460e-04 
5.504460e-04 
5.504460e-04 
5.504460e-04 
5.504460e-04 
5.504460e-04 
5.504460e-04 
5.504460e-04 
5.504460e-04 
5.504460e-04 
5.504460e-04 
5.504460e-04 
5.504460e-04 
5.504460e-04 
5.504460e-04 
5.504460e-04 
5.504460e-04 
5.504460e-04 
5.504460e-04 
5.504460e-04 
5.504460e-04 
5.504460e-04 
5.504460e-04 
5.504460e-04 
5.504460e-04 
5.504460e-04 
5.504460e-04 
5.504460e-04 
5.504460e-04 
5.504460e-04 
5.504460e-04 
5.504460e-04 
5.504460e-04 
5.504460e-04 
5.504460e-04 
5.504460e-04 
5.504460e-04 
5.504460e-04 
5.504460e-04 
5.504460e-04 
5.504460e-04 
5.504460e-04 
5.504460e-04 
5.504460e-04 
5.504460e-04 
5.504460e-04 
5.504460e-04 
5.504460e-04 
5.504460e-04 
5.504460e-04 
5.504460e-04 
5.504460e-04 
5.504460e-04 
5.504460e-04 
5.504460e-04 
5.504460e-04 
5.504460e-04 
5.504460e-04 
5.504460e-04 
5.504460e-04 
5.504460e-04 
5.504460e-04 
5.504460e-04 
5.504460e-04 
5.504460e-04 
5.504460e-04 
5.504460e-04 
5.504460e-04 
5.504460e-04 
5.504460e-04 
5.504460e-04 
5.504460e-04 
5.504460e-04 
5.504460e-04 
5.504460e-04 
5.504460e-04 
5.504460e-04 
5.504460e-04 
5.504460e-04 
5.504460e-04 
5.504460e-04 
5.504460e-04 
5.504460e-04 
5.504460e-04 
5.504460e-04 
5.504460e-04 
5.504460e-04 
5.504460e-04 
5.504460e-04 
5.504460e-04 
5.504460e-04 
5.504460e-04 
5.504460e-04 
5.504460e-04 
5.504460e-04 
5.504460e-04 
5.504460e-04 
5.504460e-04 
5.504460e-04 
5.504460e-04 
5.504460e-04 
5.504460e-04 
5.504460e-04 
5.504460e-04 
5.504460e-04 
5.504460e-04 
5.504460e-04 
5.504460e-04 
5.504460e-04 
5.504460e-04 
5.504460e-04 
5.504460e-04 
5.504460e-04 
5.504460e-04 
5.504460e-04 
5.504460e-04 
5.504460e-04 
5.504460e-04 
5.504460e-04 
5.504460e-04 
5.504460e-04 
5.504460e-04 
5.504460e-04 
5.504460e-04 
5.504460e-04 
5.504460e-04 
5.504460e-04 
5.504460e-04 
5.504460e-04 
5.504460e-04 
5.504460e-04 
5.504460e-04 
5.504460e-04 
5.504460e-04 
5.504460e-04 
5.504460e-04 
5.504460e-04 
5.504460e-04 
5.504460e-04 
5.504460e-04 
5.504460e-04 
5.504460e-04 
5.504460e-04 
5.504460e-04 
5.504460e-04 
5.504460e-04 
5.504460e-04 
5.504460e-04 
5.504460e-04 
5.504460e-04 
5.504460e-04 
5.543365e-04 
5.767914e-04 
5.998696e-04 
6.242421e-04 
6.500719e-04 
6.774034e-04 
7.064196e-04 
7.371762e-04 
7.698876e-04 
8.046692e-04 
8.416445e-04 
8.810836e-04 
9.230931e-04 
9.679983e-04 
1.015995e-03 
1.067288e-03 
1.122305e-03 
1.181241e-03 
1.244607e-03 
1.312662e-03 
1.386030e-03 
1.465041e-03 
1.550460e-03 
1.642712e-03 
1.742750e-03 
1.851126e-03 
1.968883e-03 
2.097042e-03 
2.236956e-03 
2.389818e-03 
2.553896e-03 
2.736957e-03 
2.937900e-03 
3.159479e-03 
3.404099e-03 
3.625699e-03 
3.920132e-03 
4.247295e-03 
4.612283e-03 
5.020048e-03 
5.580748e-03 
5.992547e-03 
6.573420e-03 
7.231501e-03 
7.980493e-03 
8.835230e-03 
9.816130e-03 
1.094664e-02 
1.251873e-02 
1.408807e-02 
1.592415e-02 
1.809069e-02 
2.066135e-02 
2.372848e-02 
2.765287e-02 
3.219330e-02 
3.788248e-02 
4.478833e-02 
5.352201e-02 
6.440716e-02 
7.817873e-02 
9.562691e-02 
1.177486e-01 
1.454446e-01 
1.794920e-01 
2.199471e-01 
2.662793e-01 
3.171727e-01 
3.710191e-01 
4.265323e-01 
4.824590e-01 
5.381408e-01 
5.928843e-01 
6.464174e-01 
6.982637e-01 
7.481921e-01 
7.956524e-01 
8.402115e-01 
8.810669e-01 
9.174734e-01 
9.483743e-01 
9.542486e-01 
9.542486e-01 
9.542486e-01 
9.542486e-01 
9.542486e-01 
9.542486e-01 
9.542486e-01 
9.542486e-01 
9.542486e-01 
9.542486e-01 
9.542486e-01 
9.542486e-01 
9.542486e-01 
9.542486e-01 
9.542486e-01 
9.542486e-01 
9.542486e-01 
9.542486e-01 
9.542486e-01 
9.542486e-01 
9.542486e-01 
9.542486e-01 
9.542486e-01 
9.542486e-01 
9.542486e-01 
9.542486e-01 
9.542486e-01 
9.542486e-01 
9.542486e-01 
9.542486e-01 
9.542486e-01 
9.542486e-01 
9.542486e-01 
9.542486e-01 
9.542486e-01 
9.542486e-01 
9.542486e-01 
9.542486e-01 
9.542486e-01 
9.542486e-01 
9.542486e-01 
9.542486e-01 
9.542486e-01 
9.542486e-01 
9.542486e-01 
9.542486e-01 
9.542486e-01 
9.542486e-01 
9.542486e-01 
9.542486e-01 
9.542486e-01 
9.542486e-01 
9.542486e-01 
9.542486e-01 
9.542486e-01 
9.542486e-01 
9.542486e-01 
9.542486e-01 
9.542486e-01 
9.542486e-01 
9.542486e-01 
9.542486e-01 
9.542486e-01 
9.542486e-01 
9.542486e-01 
9.542486e-01 
9.542486e-01 
9.542486e-01 
9.542486e-01 
9.542486e-01 
9.542486e-01 
9.542486e-01 
9.542486e-01 
9.542486e-01 
9.542486e-01 
9.542486e-01 
9.542486e-01 
9.542486e-01 
9.542486e-01 
9.542486e-01 
9.542486e-01 
9.542486e-01 
9.542486e-01 
9.542486e-01 
9.542486e-01 
9.542486e-01 
9.542486e-01 
9.542486e-01 
9.542486e-01 
9.542486e-01 
9.542486e-01 
9.542486e-01 
9.542486e-01 
9.542486e-01 
9.542486e-01 
9.542486e-01 
9.542486e-01 
9.542486e-01 
9.542486e-01 
9.542486e-01 
9.542486e-01 
9.542486e-01 
9.542486e-01 
9.542486e-01 
9.542486e-01 
9.542486e-01 
9.542486e-01 
9.542486e-01 
9.542486e-01 
9.542486e-01 
9.542486e-01 
9.542486e-01 
9.542486e-01 
9.542486e-01 
9.542486e-01 
9.542486e-01 
9.542486e-01 
9.542486e-01 
9.542486e-01 
9.542486e-01 
9.542486e-01 
9.542486e-01 
9.542486e-01 
9.542486e-01 
9.542486e-01 
9.542486e-01 
9.542486e-01 
9.542486e-01 
9.542486e-01 
9.542486e-01 
9.542486e-01 
9.542486e-01 
9.542486e-01 
9.542486e-01 
9.542486e-01 
9.542486e-01 
9.542486e-01 
9.542486e-01 
9.542486e-01 
9.542486e-01 
9.542486e-01 
9.542486e-01 
9.542486e-01 
9.542486e-01 
9.542486e-01 
9.542486e-01 
9.542486e-01 
9.542486e-01 
9.542486e-01 
9.542486e-01 
9.542486e-01 
9.542486e-01 
9.542486e-01 
9.542486e-01 
9.542486e-01 
9.542486e-01 
9.542486e-01 
9.542486e-01 
9.542486e-01 
9.542486e-01 
9.542486e-01 
9.542486e-01 
9.542486e-01 
9.542486e-01 
9.542486e-01 
9.542486e-01 
9.542486e-01 
9.542486e-01 
9.542486e-01 
9.542486e-01 
9.542486e-01 
9.542486e-01 
9.542486e-01 
9.542486e-01 
9.542486e-01 
9.542486e-01 
9.542486e-01 
9.542486e-01 
9.542486e-01 
9.542486e-01 
9.542486e-01 
9.542486e-01 
9.542486e-01 
9.542486e-01 
9.542486e-01 
9.542486e-01 
9.542486e-01 
9.542486e-01 
9.542486e-01 
9.542486e-01 
9.542486e-01 
9.542486e-01 
9.542486e-01 
9.542486e-01 
9.542486e-01 
9.542486e-01 
9.542486e-01 
9.542486e-01 
9.542486e-01 
9.542486e-01 
9.542486e-01 
9.542486e-01 
9.542486e-01 
9.542486e-01 
9.542486e-01 
9.542486e-01 
9.542486e-01 
9.542486e-01 
9.542486e-01 
9.542486e-01 
9.542486e-01 
9.542486e-01 
9.542486e-01 
9.542486e-01 
9.542486e-01 
9.542486e-01 
9.542486e-01 
9.542486e-01 
9.542486e-01 
9.542486e-01 
9.542486e-01 
9.542486e-01 
9.542486e-01 
9.542486e-01 
9.542486e-01 
9.542486e-01 
9.542486e-01 
9.542486e-01 
9.542486e-01 
9.542486e-01 
9.542486e-01 
9.542486e-01 
9.542486e-01 
9.542486e-01 
9.542486e-01 
9.542486e-01 
9.542486e-01 
9.542486e-01 
9.542486e-01 
9.542486e-01 
9.542486e-01 
9.542486e-01 
9.542486e-01 
9.542486e-01 
9.542486e-01 
9.542486e-01 
9.542486e-01 
9.542486e-01 
9.542486e-01 
9.542486e-01 
9.542486e-01 
9.542486e-01 
9.542486e-01 
9.542486e-01 
9.542486e-01 
9.542486e-01 
9.542486e-01 
9.542486e-01 
9.542486e-01 
9.542486e-01 
9.542486e-01 
9.542486e-01 
9.542486e-01 
9.542486e-01 
9.542486e-01 
9.542486e-01 
9.542486e-01 
9.542486e-01 
9.542486e-01 
9.542486e-01 
9.542486e-01 
9.542486e-01 
9.542486e-01 
9.542486e-01 
9.542486e-01 
9.542486e-01 
9.542486e-01 
9.542486e-01 
9.542486e-01 
9.542486e-01 
9.542486e-01 
9.542486e-01 
9.542486e-01 
9.542486e-01 
9.542486e-01 
9.542486e-01 
9.542486e-01 
9.542486e-01 
9.542486e-01 
9.542486e-01 
9.542486e-01 
9.542486e-01 
9.542486e-01 
9.542486e-01 
9.542486e-01 
9.542486e-01 
9.542486e-01 
9.542486e-01 
9.542486e-01 
9.542486e-01 
9.542486e-01 
9.542486e-01 
9.542486e-01 
9.542486e-01 
9.542486e-01 
9.542486e-01 
9.542486e-01 
9.542486e-01 
9.542486e-01 
9.542486e-01 
9.542486e-01 
9.542486e-01 
9.542486e-01 
9.542486e-01 
9.542486e-01 
9.542486e-01 
9.542486e-01 
9.542486e-01 
9.542486e-01 
9.542486e-01 
9.542486e-01 
9.542486e-01 
9.542486e-01 
9.542486e-01 
9.542486e-01 
9.542486e-01 
9.542486e-01 
9.542486e-01 
9.542486e-01 
9.542486e-01 
9.542486e-01 
9.542486e-01 
9.542486e-01 
9.542486e-01 
9.542486e-01 
9.542486e-01 
9.542486e-01 
9.542486e-01 
9.542486e-01 
9.542486e-01 
9.542486e-01 
9.542486e-01 
9.542486e-01 
9.542486e-01 
9.542486e-01 
9.542486e-01 
9.542486e-01 
9.542486e-01 
9.542486e-01 
9.542486e-01 
9.542486e-01 
9.542486e-01 
9.542486e-01 
9.542486e-01 
9.542486e-01 
9.542486e-01 
9.542486e-01 
9.542486e-01 
9.542486e-01 
9.542486e-01 
9.542486e-01 
9.542486e-01 
9.542486e-01 
9.542486e-01 
9.542486e-01 
9.542486e-01 
9.542486e-01 
9.542486e-01 
9.542486e-01 
9.542486e-01 
9.542486e-01 
9.542486e-01 
9.542486e-01 
9.542486e-01 
9.542486e-01 
9.542486e-01 
9.542486e-01 
9.542486e-01 
9.542486e-01 
9.542486e-01 
9.542486e-01 
9.542486e-01 
9.542486e-01 
9.542486e-01 
9.542486e-01 
9.542486e-01 
9.542486e-01 
9.542486e-01 
9.542486e-01 
9.542486e-01 
9.542486e-01 
9.542486e-01 
9.542486e-01 
9.542486e-01 
9.542486e-01 
9.542486e-01 
9.542486e-01 
9.542486e-01 
9.542486e-01 
9.542486e-01 
9.542486e-01 
9.542486e-01 
9.542486e-01 
9.542486e-01 
9.542486e-01 
9.542486e-01 
9.542486e-01 
9.542486e-01 
9.542486e-01 
9.542486e-01 
9.542486e-01 
9.542486e-01 
9.542486e-01 
9.542486e-01 
9.542486e-01 
9.542486e-01 
9.542486e-01 
9.542486e-01 
9.542486e-01 
9.483978e-01 
9.175017e-01 
8.810993e-01 
8.402472e-01 
7.956911e-01 
7.482331e-01 
6.983048e-01 
6.464599e-01 
5.929280e-01 
5.381195e-01 
4.825059e-01 
4.265114e-01 
3.710725e-01 
3.171591e-01 
2.663223e-01 
2.199823e-01 
1.795220e-01 
1.454693e-01 
1.177685e-01 
9.564270e-02 
7.819127e-02 
6.442249e-02 
5.355715e-02 
4.492420e-02 
3.801166e-02 
3.237800e-02 
2.785452e-02 
2.405892e-02 
2.106654e-02 
1.840718e-02 
1.617499e-02 
1.428507e-02 
1.267805e-02 
1.154347e-02 
1.032636e-02 
9.271132e-03 
8.354858e-03 
7.554582e-03 
6.853527e-03 
6.236088e-03 
5.690914e-03 
5.207181e-03 
4.777097e-03 
4.392942e-03 
4.048939e-03 
3.740361e-03 
3.462343e-03 
3.211335e-03 
2.947216e-03 
2.744802e-03 
2.560914e-03 
2.393094e-03 
2.239982e-03 
2.099688e-03 
1.969325e-03 
1.851378e-03 
1.742845e-03 
1.642801e-03 
1.550532e-03 
1.465110e-03 
1.386094e-03 
1.312722e-03 
1.244582e-03 
1.181290e-03 
1.122281e-03 
1.067331e-03 
1.015974e-03 
9.679804e-04 
9.231295e-04 
8.810678e-04 
8.416762e-04 
8.046555e-04 
7.699149e-04 
7.372017e-04 
7.064441e-04 
6.774265e-04 
6.500933e-04 
6.242629e-04 
5.998896e-04 
5.768160e-04 
5.550098e-04 
5.510990e-04 
5.504745e-04 
5.504473e-04 
5.504461e-04 
5.504460e-04 
5.504460e-04 
5.504460e-04 
5.504460e-04 
5.504460e-04 
5.504460e-04 
5.504460e-04 
5.504460e-04 
5.504460e-04 
5.504460e-04 
5.504460e-04 
5.504460e-04 
5.504460e-04 
5.504460e-04 
5.504460e-04 
5.504460e-04 
5.504460e-04 
5.504460e-04 
5.504460e-04 
5.504460e-04 
5.504460e-04 
5.504460e-04 
5.504460e-04 
5.504460e-04 
5.504460e-04 
5.504460e-04 
5.504460e-04 
5.504460e-04 
5.504460e-04 
5.504460e-04 
5.504460e-04 
5.504460e-04 
5.504460e-04 
5.504460e-04 
5.504460e-04 
5.504460e-04 
5.504460e-04 
5.504460e-04 
5.504460e-04 
5.504460e-04 
5.504460e-04 
5.504460e-04 
5.504460e-04 
5.504460e-04 
5.504460e-04 
5.504460e-04 
5.504460e-04 
5.504460e-04 
5.504460e-04 
5.504460e-04 
5.504460e-04 
5.504460e-04 
5.504460e-04 
5.504460e-04 
5.504460e-04 
5.504460e-04 
5.504460e-04 
5.504460e-04 
5.504460e-04 
5.504460e-04 
5.504460e-04 
5.504460e-04 
5.504460e-04 
5.504460e-04 
5.504460e-04 
5.504460e-04 
5.504460e-04 
5.504460e-04 
5.504460e-04 
5.504460e-04 
5.504460e-04 
5.504460e-04 
5.504460e-04 
5.504460e-04 
5.504460e-04 
5.504460e-04 
5.504460e-04 
5.504460e-04 
5.504460e-04 
5.504460e-04 
5.504460e-04 
5.504460e-04 
5.504460e-04 
5.504460e-04 
5.504460e-04 
5.504460e-04 
5.504460e-04 
5.504460e-04 
5.504460e-04 
5.504460e-04 
5.504460e-04 
5.504460e-04 
5.504460e-04 
5.504460e-04 
5.504460e-04 
5.504460e-04 
5.504460e-04 
5.504460e-04 
5.504460e-04 
5.504460e-04 
5.504460e-04 
5.504460e-04 
5.504460e-04 
5.504460e-04 
5.504460e-04 
5.504460e-04 
5.504460e-04 
5.504460e-04 
5.504460e-04 
5.504460e-04 
5.504460e-04 
5.504460e-04 
5.504460e-04 
5.504460e-04 
5.504460e-04 
5.504460e-04 
5.504460e-04 
5.504460e-04 
5.504460e-04 
5.504460e-04 
5.504460e-04 
5.504460e-04 
5.504460e-04 
5.504460e-04 
5.504460e-04 
5.504460e-04 
5.504460e-04 
5.504460e-04 
5.504460e-04 
5.504460e-04 
5.504460e-04 
5.504460e-04 
5.504460e-04 
5.504460e-04 
5.504460e-04 
5.504460e-04 
5.504460e-04 
5.504460e-04 
5.504460e-04 
5.504460e-04 
5.504460e-04 
5.504460e-04 
5.504460e-04 
5.504460e-04 
5.504460e-04 
5.504460e-04 
5.504460e-04 
5.504460e-04 
5.504460e-04 
5.504460e-04 
5.504460e-04 
5.504460e-04 
5.504460e-04 
5.504460e-04 
5.504460e-04 
5.504460e-04 
5.504460e-04 
5.504460e-04 
5.504460e-04 
5.504460e-04 
5.504460e-04 
5.504460e-04 
5.504460e-04 
5.504460e-04 
5.504460e-04 
5.504460e-04 
5.504460e-04 
5.504460e-04 
5.504460e-04 
5.504460e-04 
5.504460e-04 
5.504460e-04 
5.504460e-04 
5.504460e-04 
5.504460e-04 
5.504460e-04 
5.504460e-04 
5.504460e-04 
5.504460e-04 
5.504460e-04 
5.504460e-04 
5.504460e-04 
5.504460e-04 
5.504460e-04 
5.504460e-04 
5.504460e-04 
5.504460e-04 
5.504460e-04 
5.504460e-04 
5.504460e-04 
5.504460e-04 
5.504460e-04 
5.504460e-04 
5.504460e-04 
5.504460e-04 
5.504460e-04 
5.504460e-04 
5.504460e-04 
5.504460e-04 
5.504460e-04 
5.504460e-04 
5.504460e-04 
5.504460e-04 
5.504460e-04 
5.504460e-04 
5.504460e-04 
5.504460e-04 
5.504460e-04 
5.504460e-04 
5.504460e-04 
5.504460e-04 
5.504460e-04 
5.504460e-04 
5.504460e-04 
5.504460e-04 
5.504460e-04 
5.504460e-04 
5.504460e-04 
5.504460e-04 
5.504460e-04 
5.504460e-04 
5.504460e-04 
5.504460e-04 
5.504460e-04 
5.504460e-04 
5.504460e-04 
5.504460e-04 
5.504460e-04 
5.504460e-04 
5.504460e-04 
5.504460e-04 
5.504460e-04 
5.504460e-04 
5.504460e-04 
5.504460e-04 
5.504460e-04 
5.504460e-04 
5.504460e-04 
5.504460e-04 
5.504460e-04 
5.504460e-04 
5.504460e-04 
5.504460e-04 
5.504460e-04 
5.504460e-04 
5.504460e-04 
5.504460e-04 
5.504460e-04 
5.504460e-04 
5.504460e-04 
5.504460e-04 
5.504460e-04 
5.504460e-04 
5.504460e-04 
5.504460e-04 
5.504460e-04 
5.504460e-04 
5.504460e-04 
5.504460e-04 
5.504460e-04 
5.504460e-04 
5.504460e-04 
5.504460e-04 
5.504460e-04 
5.504460e-04 
5.504460e-04 
5.504460e-04 
5.504460e-04 
5.504460e-04 
5.504460e-04 
5.504460e-04 
5.504460e-04 
5.504460e-04 
5.504460e-04 
5.504460e-04 
5.504460e-04 
5.504460e-04 
5.504460e-04 
5.504460e-04 
5.504460e-04 
5.504460e-04 
5.504460e-04 
5.504460e-04 
5.504460e-04 
5.504460e-04 
5.504460e-04 
5.504460e-04 
5.504460e-04 
5.504460e-04 
5.504460e-04 
5.504460e-04 
5.504460e-04 
5.504460e-04 
5.504460e-04 
5.504460e-04 
5.504460e-04 
5.504460e-04 
5.504460e-04 
5.504460e-04 
5.504460e-04 
5.504460e-04 
5.504460e-04 
5.504460e-04 
5.504460e-04 
5.504460e-04 
5.504460e-04 
5.504460e-04 
5.504460e-04 
5.504460e-04 
5.504460e-04 
5.504460e-04 
5.504460e-04 
5.504460e-04 
5.504460e-04 
5.504460e-04 
5.504460e-04 
5.504460e-04 
5.504460e-04 
5.504460e-04 
5.504460e-04 
5.504460e-04 
5.504460e-04 
5.504460e-04 
5.504460e-04 
5.504460e-04 
5.504460e-04 
5.504460e-04 
5.504460e-04 
5.504460e-04 
5.504460e-04 
5.504460e-04 
5.504460e-04 
5.504460e-04 
5.504460e-04 
5.504460e-04 
5.504460e-04 
5.504460e-04 
5.504460e-04 
5.504460e-04 
5.504460e-04 
5.504460e-04 
5.504460e-04 
5.504460e-04 
5.504460e-04 
5.504460e-04 
5.504460e-04 
5.504460e-04 
5.504460e-04 
5.504460e-04 
5.504460e-04 
5.504460e-04 
5.504460e-04 
5.504460e-04 
5.504460e-04 
5.504460e-04 
5.504460e-04 
5.504460e-04 
5.504460e-04 
5.504460e-04 
5.504460e-04 
5.504460e-04 
5.504460e-04 
5.504460e-04 
5.504460e-04 
5.504460e-04 
5.504460e-04 
5.504460e-04 
5.504460e-04 
5.504460e-04 
5.504460e-04 
5.504460e-04 
5.504460e-04 
5.504460e-04 
5.504460e-04 
5.504460e-04 
5.504460e-04 
5.504460e-04 
5.504460e-04 
5.504460e-04 
5.504460e-04 
5.504460e-04 
5.504460e-04 
5.504460e-04 
5.504460e-04 
5.504460e-04 
5.504460e-04 
5.504460e-04 
5.504460e-04 
5.504460e-04 
5.504460e-04 
5.504460e-04 
5.504460e-04 
5.504460e-04 
5.504460e-04 
5.504460e-04 
5.504460e-04 
5.504460e-04 
5.504460e-04 
5.504460e-04 
5.504460e-04 
5.504460e-04 
5.504460e-04 
5.504460e-04 
5.504460e-04 
5.504460e-04 
5.504460e-04 
5.504460e-04 
5.504460e-04 
5.504460e-04 
5.504460e-04 
5.504460e-04 
5.504460e-04 
5.504460e-04 
5.504460e-04 
5.504460e-04 
5.543213e-04 
5.768001e-04 
5.998499e-04 
6.242511e-04 
6.500814e-04 
6.774135e-04 
7.064302e-04 
7.371875e-04 
7.699000e-04 
8.046830e-04 
8.416594e-04 
8.810983e-04 
9.231089e-04 
9.680148e-04 
1.015952e-03 
1.067307e-03 
1.122255e-03 
1.181263e-03 
1.244553e-03 
1.312690e-03 
1.385967e-03 
1.465071e-03 
1.550385e-03 
1.642747e-03 
1.742787e-03 
1.851166e-03 
1.968927e-03 
2.097089e-03 
2.237013e-03 
2.389875e-03 
2.553963e-03 
2.737025e-03 
2.937976e-03 
3.159562e-03 
3.403884e-03 
3.625732e-03 
3.919945e-03 
4.247345e-03 
4.612055e-03 
5.020107e-03 
5.578365e-03 
5.992601e-03 
6.573046e-03 
7.231571e-03 
7.980775e-03 
8.835557e-03 
9.816532e-03 
1.094711e-02 
1.251929e-02 
1.408868e-02 
1.592485e-02 
1.809154e-02 
2.065916e-02 
2.372940e-02 
2.764955e-02 
3.219493e-02 
3.787737e-02 
4.479119e-02 
5.351398e-02 
6.441152e-02 
7.816540e-02 
9.563400e-02 
1.177575e-01 
1.454555e-01 
1.795053e-01 
2.199626e-01 
2.662981e-01 
3.171288e-01 
3.710386e-01 
4.264858e-01 
4.824790e-01 
5.380930e-01 
5.929036e-01 
6.463719e-01 
6.982819e-01 
7.481515e-01 
7.956703e-01 
8.402281e-01 
8.810820e-01 
9.174856e-01 
9.483843e-01 
9.542486e-01 
9.542486e-01 
9.542486e-01 
9.542486e-01 
9.542486e-01 
9.542486e-01 
9.542486e-01 
9.542486e-01 
9.542486e-01 
9.542486e-01 
9.542486e-01 
9.542486e-01 
9.542486e-01 
9.542486e-01 
9.542486e-01 
9.542486e-01 
9.542486e-01 
9.542486e-01 
9.542486e-01 
9.542486e-01 
9.542486e-01 
9.542486e-01 
9.542486e-01 
9.542486e-01 
9.542486e-01 
9.542486e-01 
9.542486e-01 
9.542486e-01 
9.542486e-01 
9.542486e-01 
9.542486e-01 
9.542486e-01 
9.542486e-01 
9.542486e-01 
9.542486e-01 
9.542486e-01 
9.542486e-01 
9.542486e-01 
9.542486e-01 
9.542486e-01 
9.542486e-01 
9.542486e-01 
9.542486e-01 
9.542486e-01 
9.542486e-01 
9.542486e-01 
9.542486e-01 
9.542486e-01 
9.542486e-01 
9.542486e-01 
9.542486e-01 
9.542486e-01 
9.542486e-01 
9.542486e-01 
9.542486e-01 
9.542486e-01 
9.542486e-01 
9.542486e-01 
9.542486e-01 
9.542486e-01 
9.542486e-01 
9.542486e-01 
9.542486e-01 
9.542486e-01 
9.542486e-01 
9.542486e-01 
9.542486e-01 
9.542486e-01 
9.542486e-01 
9.542486e-01 
9.542486e-01 
9.542486e-01 
9.542486e-01 
9.542486e-01 
9.542486e-01 
9.542486e-01 
9.542486e-01 
9.542486e-01 
9.542486e-01 
9.542486e-01 
9.542486e-01 
9.542486e-01 
9.542486e-01 
9.542486e-01 
9.542486e-01 
9.542486e-01 
9.542486e-01 
9.542486e-01 
9.542486e-01 
9.542486e-01 
9.542486e-01 
9.542486e-01 
9.542486e-01 
9.542486e-01 
9.542486e-01 
9.542486e-01 
9.542486e-01 
9.542486e-01 
9.542486e-01 
9.542486e-01 
9.542486e-01 
9.542486e-01 
9.542486e-01 
9.542486e-01 
9.542486e-01 
9.542486e-01 
9.542486e-01 
9.542486e-01 
9.542486e-01 
9.542486e-01 
9.542486e-01 
9.542486e-01 
9.542486e-01 
9.542486e-01 
9.542486e-01 
9.542486e-01 
9.542486e-01 
9.542486e-01 
9.542486e-01 
9.542486e-01 
9.542486e-01 
9.542486e-01 
9.542486e-01 
9.542486e-01 
9.542486e-01 
9.542486e-01 
9.542486e-01 
9.542486e-01 
9.542486e-01 
9.542486e-01 
9.542486e-01 
9.542486e-01 
9.542486e-01 
9.542486e-01 
9.542486e-01 
9.542486e-01 
9.542486e-01 
9.542486e-01 
9.542486e-01 
9.542486e-01 
9.542486e-01 
9.542486e-01 
9.542486e-01 
9.542486e-01 
9.542486e-01 
9.542486e-01 
9.542486e-01 
9.542486e-01 
9.542486e-01 
9.542486e-01 
9.542486e-01 
9.542486e-01 
9.542486e-01 
9.542486e-01 
9.542486e-01 
9.542486e-01 
9.542486e-01 
9.542486e-01 
9.542486e-01 
9.542486e-01 
9.542486e-01 
9.542486e-01 
9.542486e-01 
9.542486e-01 
9.542486e-01 
9.542486e-01 
9.542486e-01 
9.542486e-01 
9.542486e-01 
9.542486e-01 
9.542486e-01 
9.542486e-01 
9.542486e-01 
9.542486e-01 
9.542486e-01 
9.542486e-01 
9.542486e-01 
9.542486e-01 
9.542486e-01 
9.542486e-01 
9.542486e-01 
9.542486e-01 
9.542486e-01 
9.542486e-01 
9.542486e-01 
9.542486e-01 
9.542486e-01 
9.542486e-01 
9.542486e-01 
9.542486e-01 
9.542486e-01 
9.542486e-01 
9.542486e-01 
9.542486e-01 
9.542486e-01 
9.542486e-01 
9.542486e-01 
9.542486e-01 
9.542486e-01 
9.542486e-01 
9.542486e-01 
9.542486e-01 
9.542486e-01 
9.542486e-01 
9.542486e-01 
9.542486e-01 
9.542486e-01 
9.542486e-01 
9.542486e-01 
9.542486e-01 
9.542486e-01 
9.542486e-01 
9.542486e-01 
9.542486e-01 
9.542486e-01 
9.542486e-01 
9.542486e-01 
9.542486e-01 
9.542486e-01 
9.542486e-01 
9.542486e-01 
9.542486e-01 
9.542486e-01 
9.542486e-01 
9.542486e-01 
9.542486e-01 
9.542486e-01 
9.542486e-01 
9.542486e-01 
9.542486e-01 
9.542486e-01 
9.542486e-01 
9.542486e-01 
9.542486e-01 
9.542486e-01 
9.542486e-01 
9.542486e-01 
9.542486e-01 
9.542486e-01 
9.542486e-01 
9.542486e-01 
9.542486e-01 
9.542486e-01 
9.542486e-01 
9.542486e-01 
9.542486e-01 
9.542486e-01 
9.542486e-01 
9.542486e-01 
9.542486e-01 
9.542486e-01 
9.542486e-01 
9.542486e-01 
9.542486e-01 
9.542486e-01 
9.542486e-01 
9.542486e-01 
9.542486e-01 
9.542486e-01 
9.542486e-01 
9.542486e-01 
9.542486e-01 
9.542486e-01 
9.542486e-01 
9.542486e-01 
9.542486e-01 
9.542486e-01 
9.542486e-01 
9.542486e-01 
9.542486e-01 
9.542486e-01 
9.542486e-01 
9.542486e-01 
9.542486e-01 
9.542486e-01 
9.542486e-01 
9.542486e-01 
9.542486e-01 
9.542486e-01 
9.542486e-01 
9.542486e-01 
9.542486e-01 
9.542486e-01 
9.542486e-01 
9.542486e-01 
9.542486e-01 
9.542486e-01 
9.542486e-01 
9.542486e-01 
9.542486e-01 
9.542486e-01 
9.542486e-01 
9.542486e-01 
9.542486e-01 
9.542486e-01 
9.542486e-01 
9.542486e-01 
9.542486e-01 
9.542486e-01 
9.542486e-01 
9.542486e-01 
9.542486e-01 
9.542486e-01 
9.542486e-01 
9.542486e-01 
9.542486e-01 
9.542486e-01 
9.542486e-01 
9.542486e-01 
9.542486e-01 
9.542486e-01 
9.542486e-01 
9.542486e-01 
9.542486e-01 
9.542486e-01 
9.542486e-01 
9.542486e-01 
9.542486e-01 
9.542486e-01 
9.542486e-01 
9.542486e-01 
9.542486e-01 
9.542486e-01 
9.542486e-01 
9.542486e-01 
9.542486e-01 
9.542486e-01 
9.542486e-01 
9.542486e-01 
9.542486e-01 
9.542486e-01 
9.542486e-01 
9.542486e-01 
9.542486e-01 
9.542486e-01 
9.542486e-01 
9.542486e-01 
9.542486e-01 
9.542486e-01 
9.542486e-01 
9.542486e-01 
9.542486e-01 
9.542486e-01 
9.542486e-01 
9.542486e-01 
9.542486e-01 
9.542486e-01 
9.542486e-01 
9.542486e-01 
9.542486e-01 
9.542486e-01 
9.542486e-01 
9.542486e-01 
9.542486e-01 
9.542486e-01 
9.542486e-01 
9.542486e-01 
9.542486e-01 
9.542486e-01 
9.542486e-01 
9.542486e-01 
9.542486e-01 
9.542486e-01 
9.542486e-01 
9.542486e-01 
9.542486e-01 
9.542486e-01 
9.542486e-01 
9.542486e-01 
9.542486e-01 
9.542486e-01 
9.542486e-01 
9.542486e-01 
9.542486e-01 
9.542486e-01 
9.542486e-01 
9.542486e-01 
9.542486e-01 
9.542486e-01 
9.542486e-01 
9.542486e-01 
9.542486e-01 
9.542486e-01 
9.542486e-01 
9.542486e-01 
9.542486e-01 
9.542486e-01 
9.542486e-01 
9.542486e-01 
9.542486e-01 
9.542486e-01 
9.542486e-01 
9.542486e-01 
9.542486e-01 
9.542486e-01 
9.542486e-01 
9.542486e-01 
9.542486e-01 
9.542486e-01 
9.542486e-01 
9.542486e-01 
9.542486e-01 
9.542486e-01 
9.542486e-01 
9.542486e-01 
9.542486e-01 
9.542486e-01 
9.542486e-01 
9.542486e-01 
9.542486e-01 
9.542486e-01 
9.542486e-01 
9.542486e-01 
9.542486e-01 
9.542486e-01 
9.542486e-01 
9.542486e-01 
9.542486e-01 
9.542486e-01 
9.484210e-01 
9.174886e-01 
8.811318e-01 
8.402307e-01 
7.956745e-01 
7.482154e-01 
6.982865e-01 
6.464410e-01 
5.929085e-01 
5.381656e-01 
4.824841e-01 
4.265580e-01 
3.710512e-01 
3.172028e-01 
2.663051e-01 
2.200201e-01 
1.795087e-01 
1.454959e-01 
1.177597e-01 
9.563573e-02 
7.818574e-02 
6.441776e-02 
5.355338e-02 
4.492142e-02 
3.800943e-02 
3.237617e-02 
2.785303e-02 
2.405769e-02 
2.106550e-02 
1.840900e-02 
1.617437e-02 
1.428639e-02 
1.267762e-02 
1.154418e-02 
1.032627e-02 
9.271700e-03 
8.354791e-03 
7.555020e-03 
6.853472e-03 
6.235867e-03 
5.690715e-03 
5.207003e-03 
4.776941e-03 
4.392811e-03 
4.048821e-03 
3.740257e-03 
3.462248e-03 
3.211477e-03 
2.984373e-03 
2.744962e-03 
2.560851e-03 
2.393224e-03 
2.239933e-03 
2.099801e-03 
1.969282e-03 
1.851475e-03 
1.742807e-03 
1.642764e-03 
1.550499e-03 
1.465078e-03 
1.386064e-03 
1.312696e-03 
1.244559e-03 
1.181268e-03 
1.122260e-03 
1.067312e-03 
1.015956e-03 
9.680191e-04 
9.231127e-04 
8.811018e-04 
8.416626e-04 
8.046865e-04 
7.699028e-04 
7.372292e-04 
7.064333e-04 
6.774509e-04 
6.500838e-04 
6.242533e-04 
5.998805e-04 
5.768082e-04 
5.550015e-04 
5.510978e-04 
5.504745e-04 
5.504473e-04 
5.504461e-04 
5.504460e-04 
5.504460e-04 
5.504460e-04 
5.504460e-04 
5.504460e-04 
5.504460e-04 
5.504460e-04 
5.504460e-04 
5.504460e-04 
5.504460e-04 
5.504460e-04 
5.504460e-04 
5.504460e-04 
5.504460e-04 
5.504460e-04 
5.504460e-04 
5.504460e-04 
5.504460e-04 
5.504460e-04 
5.504460e-04 
5.504460e-04 
5.504460e-04 
5.504460e-04 
5.504460e-04 
5.504460e-04 
5.504460e-04 
5.504460e-04 
5.504460e-04 
5.504460e-04 
5.504460e-04 
5.504460e-04 
5.504460e-04 
5.504460e-04 
5.504460e-04 
5.504460e-04 
5.504460e-04 
5.504460e-04 
5.504460e-04 
5.504460e-04 
5.504460e-04 
5.504460e-04 
5.504460e-04 
5.504460e-04 
5.504460e-04 
5.504460e-04 
5.504460e-04 
5.504460e-04 
5.504460e-04 
5.504460e-04 
5.504460e-04 
5.504460e-04 
5.504460e-04 
5.504460e-04 
5.504460e-04 
5.504460e-04 
5.504460e-04 
5.504460e-04 
5.504460e-04 
5.504460e-04 
5.504460e-04 
5.504460e-04 
5.504460e-04 
5.504460e-04 
5.504460e-04 
5.504460e-04 
5.504460e-04 
5.504460e-04 
5.504460e-04 
5.504460e-04 
5.504460e-04 
5.504460e-04 
5.504460e-04 
5.504460e-04 
5.504460e-04 
5.504460e-04 
5.504460e-04 
5.504460e-04 
5.504460e-04 
5.504460e-04 
5.504460e-04 
5.504460e-04 
5.504460e-04 
5.504460e-04 
5.504460e-04 
5.504460e-04 
5.504460e-04 
5.504460e-04 
5.504460e-04 
5.504460e-04 
5.504460e-04 
5.504460e-04 
5.504460e-04 
5.504460e-04 
5.504460e-04 
5.504460e-04 
5.504460e-04 
5.504460e-04 
5.504460e-04 
5.504460e-04 
5.504460e-04 
5.504460e-04 
5.504460e-04 
5.504460e-04 
5.504460e-04 
5.504460e-04 
5.504460e-04 
5.504460e-04 
5.504460e-04 
5.504460e-04 
5.504460e-04 
5.504460e-04 
5.504460e-04 
5.504460e-04 
5.504460e-04 
5.504460e-04 
5.504460e-04 
5.504460e-04 
5.504460e-04 
5.504460e-04 
5.504460e-04 
5.504460e-04 
5.504460e-04 
5.504460e-04 
5.504460e-04 
5.504460e-04 
5.504460e-04 
5.504460e-04 
5.504460e-04 
5.504460e-04 
5.504460e-04 
5.504460e-04 
5.504460e-04 
5.504460e-04 
5.504460e-04 
5.504460e-04 
5.504460e-04 
5.504460e-04 
5.504460e-04 
5.504460e-04 
5.504460e-04 
5.504460e-04 
5.504460e-04 
5.504460e-04 
5.504460e-04 
5.504460e-04 
5.504460e-04 
5.504460e-04 
5.504460e-04 
5.504460e-04 
5.504460e-04 
5.504460e-04 
5.504460e-04 
5.504460e-04 
5.504460e-04 
5.504460e-04 
5.504460e-04 
5.504460e-04 
5.504460e-04 
5.504460e-04 
5.504460e-04 
5.504460e-04 
5.504460e-04 
5.504460e-04 
5.504460e-04 
5.504460e-04 
5.504460e-04 
5.504460e-04 
5.504460e-04 
5.504460e-04 
5.504460e-04 
5.504460e-04 
5.504460e-04 
5.504460e-04 
5.504460e-04 
5.504460e-04 
5.504460e-04 
5.504460e-04 
5.504460e-04 
5.504460e-04 
5.504460e-04 
5.504460e-04 
5.504460e-04 
5.504460e-04 
5.504460e-04 
5.504460e-04 
5.504460e-04 
5.504460e-04 
5.504460e-04 
5.504460e-04 
5.504460e-04 
5.504460e-04 
5.504460e-04 
5.504460e-04 
5.504460e-04 
5.504460e-04 
5.504460e-04 
5.504460e-04 
5.504460e-04 
5.504460e-04 
5.504460e-04 
5.504460e-04 
5.504460e-04 
5.504460e-04 
5.504460e-04 
5.504460e-04 
5.504460e-04 
5.504460e-04 
5.504460e-04 
5.504460e-04 
5.504460e-04 
5.504460e-04 
5.504460e-04 
5.504460e-04 
5.504460e-04 
5.504460e-04 
5.504460e-04 
5.504460e-04 
5.504460e-04 
5.504460e-04 
5.504460e-04 
5.504460e-04 
5.504460e-04 
5.504460e-04 
5.504460e-04 
5.504460e-04 
5.504460e-04 
5.504460e-04 
5.504460e-04 
5.504460e-04 
5.504460e-04 
5.504460e-04 
5.504460e-04 
5.504460e-04 
5.504460e-04 
5.504460e-04 
5.504460e-04 
5.504460e-04 
5.504460e-04 
5.504460e-04 
5.504460e-04 
5.504460e-04 
5.504460e-04 
5.504460e-04 
5.504460e-04 
5.504460e-04 
5.504460e-04 
5.504460e-04 
5.504460e-04 
5.504460e-04 
5.504460e-04 
5.504460e-04 
5.504460e-04 
5.504460e-04 
5.504460e-04 
5.504460e-04 
5.504460e-04 
5.504460e-04 
5.504460e-04 
5.504460e-04 
5.504460e-04 
5.504460e-04 
5.504460e-04 
5.504460e-04 
5.504460e-04 
5.504460e-04 
5.504460e-04 
5.504460e-04 
5.504460e-04 
5.504460e-04 
5.504460e-04 
5.504460e-04 
5.504460e-04 
5.504460e-04 
5.504460e-04 
5.504460e-04 
5.504460e-04 
5.504460e-04 
5.504460e-04 
5.504460e-04 
5.504460e-04 
5.504460e-04 
5.504460e-04 
5.504460e-04 
5.504460e-04 
5.504460e-04 
5.504460e-04 
5.504460e-04 
5.504460e-04 
5.504460e-04 
5.504460e-04 
5.504460e-04 
5.504460e-04 
5.504460e-04 
5.504460e-04 
5.504460e-04 
5.504460e-04 
5.504460e-04 
5.504460e-04 
5.504460e-04 
5.504460e-04 
5.504460e-04 
5.504460e-04 
5.504460e-04 
5.504460e-04 
5.504460e-04 
5.504460e-04 
5.504460e-04 
5.504460e-04 
5.504460e-04 
5.504460e-04 
5.504460e-04 
5.504460e-04 
5.504460e-04 
5.504460e-04 
5.504460e-04 
5.504460e-04 
5.504460e-04 
5.504460e-04 
5.504460e-04 
5.504460e-04 
5.504460e-04 
5.504460e-04 
5.504460e-04 
5.504460e-04 
5.504460e-04 
5.504460e-04 
5.504460e-04 
5.504460e-04 
5.504460e-04 
5.504460e-04 
5.504460e-04 
5.504460e-04 
5.504460e-04 
5.504460e-04 
5.504460e-04 
5.504460e-04 
5.504460e-04 
5.504460e-04 
5.504460e-04 
5.504460e-04 
5.504460e-04 
5.504460e-04 
5.504460e-04 
5.504460e-04 
5.504460e-04 
5.504460e-04 
5.504460e-04 
5.504460e-04 
5.504460e-04 
5.504460e-04 
5.504460e-04 
5.504460e-04 
5.504460e-04 
5.504460e-04 
5.504460e-04 
5.504460e-04 
5.504460e-04 
5.504460e-04 
5.504460e-04 
5.504460e-04 
5.504460e-04 
5.504460e-04 
5.504460e-04 
5.504460e-04 
5.504460e-04 
5.504460e-04 
5.504460e-04 
5.504460e-04 
5.504460e-04 
5.504460e-04 
5.504460e-04 
5.504460e-04 
5.504460e-04 
5.504460e-04 
5.504460e-04 
5.504460e-04 
5.504460e-04 
5.504460e-04 
5.504460e-04 
5.504460e-04 
5.504460e-04 
5.504460e-04 
5.504460e-04 
5.504460e-04 
5.504460e-04 
5.504460e-04 
5.504460e-04 
5.504460e-04 
5.504460e-04 
5.504460e-04 
5.504460e-04 
5.504460e-04 
5.504460e-04 
5.504460e-04 
5.504460e-04 
5.504460e-04 
5.504460e-04 
5.504460e-04 
5.504460e-04 
5.504460e-04 
5.504460e-04 
5.504460e-04 
5.504460e-04 
5.504460e-04 
5.504460e-04 
5.504460e-04 
5.504460e-04 
5.504460e-04 
5.504460e-04 
5.504460e-04 
5.504460e-04 
5.504460e-04 
5.504460e-04 
5.504460e-04 
5.504460e-04 
5.543279e-04 
5.768080e-04 
5.998585e-04 
6.242607e-04 
6.500919e-04 
6.774244e-04 
7.064409e-04 
7.371988e-04 
7.699120e-04 
8.046521e-04 
8.416731e-04 
8.810643e-04 
9.231255e-04 
9.679762e-04 
1.015971e-03 
1.067263e-03 
1.122276e-03 
1.181210e-03 
1.244576e-03 
1.312715e-03 
1.385994e-03 
1.465102e-03 
1.550417e-03 
1.642783e-03 
1.742825e-03 
1.851207e-03 
1.968971e-03 
2.097137e-03 
2.237065e-03 
2.389743e-03 
2.554022e-03 
2.736870e-03 
2.938052e-03 
3.159373e-03 
3.403969e-03 
3.625557e-03 
3.919980e-03 
4.247130e-03 
4.612098e-03 
5.020261e-03
#[#TRACE_DATA]
#[#TRACE]
