#[TRACE]
#data_labels=Output
#[TRACE_DATA]
5.264629e-03 
5.733528e-03 
6.289645e-03 
6.920748e-03 
7.639636e-03 
8.461916e-03 
9.406671e-03 
1.049727e-02 
1.184459e-02 
1.333925e-02 
1.509426e-02 
1.716819e-02 
1.963568e-02 
2.266300e-02 
2.625682e-02 
3.063515e-02 
3.607521e-02 
4.277243e-02 
5.122272e-02 
6.186062e-02 
7.538891e-02 
9.266365e-02 
1.146868e-01 
1.424688e-01 
1.767639e-01 
2.176912e-01 
2.645444e-01 
3.159338e-01 
3.702734e-01 
4.260922e-01 
4.823363e-01 
5.381286e-01 
5.930156e-01 
6.465477e-01 
6.984558e-01 
7.483517e-01 
7.958277e-01 
8.403365e-01 
8.811942e-01 
9.175531e-01 
9.484476e-01 
9.542856e-01 
9.542856e-01 
9.542856e-01 
9.542856e-01 
9.542856e-01 
9.542856e-01 
9.542856e-01 
9.542856e-01 
9.542856e-01 
9.542856e-01 
9.542856e-01 
9.542856e-01 
9.542856e-01 
9.542856e-01 
9.542856e-01 
9.542856e-01 
9.542856e-01 
9.542856e-01 
9.542856e-01 
9.542856e-01 
9.542856e-01 
9.542856e-01 
9.542856e-01 
9.542856e-01 
9.542856e-01 
9.542856e-01 
9.542856e-01 
9.542856e-01 
9.542856e-01 
9.542856e-01 
9.542856e-01 
9.542856e-01 
9.542856e-01 
9.542856e-01 
9.542856e-01 
9.542856e-01 
9.542856e-01 
9.542856e-01 
9.542856e-01 
9.542856e-01 
9.542856e-01 
9.542856e-01 
9.542856e-01 
9.542856e-01 
9.542856e-01 
9.542856e-01 
9.542856e-01 
9.542856e-01 
9.542856e-01 
9.542856e-01 
9.542856e-01 
9.542856e-01 
9.542856e-01 
9.542856e-01 
9.542856e-01 
9.542856e-01 
9.542856e-01 
9.542856e-01 
9.542856e-01 
9.542856e-01 
9.542856e-01 
9.542856e-01 
9.542856e-01 
9.542856e-01 
9.542856e-01 
9.542856e-01 
9.542856e-01 
9.542856e-01 
9.542856e-01 
9.542856e-01 
9.542856e-01 
9.542856e-01 
9.542856e-01 
9.542856e-01 
9.542856e-01 
9.542856e-01 
9.542856e-01 
9.542856e-01 
9.542856e-01 
9.542856e-01 
9.542856e-01 
9.542856e-01 
9.542856e-01 
9.542856e-01 
9.542856e-01 
9.542856e-01 
9.542856e-01 
9.542856e-01 
9.542856e-01 
9.542856e-01 
9.542856e-01 
9.542856e-01 
9.542856e-01 
9.542856e-01 
9.542856e-01 
9.542856e-01 
9.542856e-01 
9.542856e-01 
9.542856e-01 
9.542856e-01 
9.542856e-01 
9.542856e-01 
9.542856e-01 
9.542856e-01 
9.542856e-01 
9.542856e-01 
9.542856e-01 
9.542856e-01 
9.542856e-01 
9.542856e-01 
9.542856e-01 
9.542856e-01 
9.542856e-01 
9.542856e-01 
9.542856e-01 
9.542856e-01 
9.542856e-01 
9.542856e-01 
9.542856e-01 
9.542856e-01 
9.542856e-01 
9.542856e-01 
9.542856e-01 
9.542856e-01 
9.542856e-01 
9.542856e-01 
9.542856e-01 
9.542856e-01 
9.542856e-01 
9.542856e-01 
9.542856e-01 
9.542856e-01 
9.542856e-01 
9.542856e-01 
9.542856e-01 
9.542856e-01 
9.542856e-01 
9.542856e-01 
9.542856e-01 
9.542856e-01 
9.542856e-01 
9.542856e-01 
9.542856e-01 
9.542856e-01 
9.542856e-01 
9.542856e-01 
9.542856e-01 
9.542856e-01 
9.542856e-01 
9.542856e-01 
9.542856e-01 
9.542856e-01 
9.542856e-01 
9.542856e-01 
9.542856e-01 
9.542856e-01 
9.542856e-01 
9.542856e-01 
9.542856e-01 
9.542856e-01 
9.542856e-01 
9.542856e-01 
9.542856e-01 
9.542856e-01 
9.542856e-01 
9.542856e-01 
9.542856e-01 
9.542856e-01 
9.542856e-01 
9.542845e-01 
9.542800e-01 
9.542764e-01 
9.542735e-01 
9.542709e-01 
9.542687e-01 
9.542669e-01 
9.542652e-01 
9.542637e-01 
9.542622e-01 
9.542609e-01 
9.542595e-01 
9.542582e-01 
9.542570e-01 
9.542557e-01 
9.542545e-01 
9.542533e-01 
9.542521e-01 
9.542509e-01 
9.542496e-01 
9.542484e-01 
9.542473e-01 
9.542463e-01 
9.542453e-01 
9.542444e-01 
9.542436e-01 
9.542428e-01 
9.542421e-01 
9.542415e-01 
9.542410e-01 
9.542405e-01 
9.542400e-01 
9.542396e-01 
9.542392e-01 
9.542388e-01 
9.542385e-01 
9.542381e-01 
9.542378e-01 
9.542375e-01 
9.542373e-01 
9.542370e-01 
9.542368e-01 
9.542366e-01 
9.542363e-01 
9.542363e-01 
9.542360e-01 
9.542358e-01 
9.542357e-01 
9.542355e-01 
9.542354e-01 
9.542353e-01 
9.542351e-01 
9.542350e-01 
9.542348e-01 
9.542347e-01 
9.542346e-01 
9.542345e-01 
9.542344e-01 
9.542343e-01 
9.542342e-01 
9.542341e-01 
9.542340e-01 
9.542339e-01 
9.542339e-01 
9.542338e-01 
9.542337e-01 
9.542336e-01 
9.542335e-01 
9.542335e-01 
9.542335e-01 
9.542333e-01 
9.542333e-01 
9.542332e-01 
9.542332e-01 
9.542331e-01 
9.542331e-01 
9.542330e-01 
9.542330e-01 
9.542329e-01 
9.542329e-01 
9.542328e-01 
9.542328e-01 
9.542328e-01 
9.542328e-01 
9.542328e-01 
9.542328e-01 
9.542328e-01 
9.542328e-01 
9.542328e-01 
9.542328e-01 
9.542328e-01 
9.542328e-01 
9.542328e-01 
9.542328e-01 
9.542328e-01 
9.542328e-01 
9.542328e-01 
9.542328e-01 
9.542328e-01 
9.542328e-01 
9.542328e-01 
9.542328e-01 
9.542328e-01 
9.542328e-01 
9.542328e-01 
9.542328e-01 
9.542328e-01 
9.542328e-01 
9.542328e-01 
9.542328e-01 
9.542328e-01 
9.542328e-01 
9.542328e-01 
9.542328e-01 
9.542328e-01 
9.542328e-01 
9.542328e-01 
9.542328e-01 
9.542328e-01 
9.542328e-01 
9.542328e-01 
9.542328e-01 
9.542328e-01 
9.542328e-01 
9.542328e-01 
9.542328e-01 
9.542328e-01 
9.542328e-01 
9.542328e-01 
9.542328e-01 
9.542328e-01 
9.542328e-01 
9.542328e-01 
9.542328e-01 
9.542328e-01 
9.542328e-01 
9.542328e-01 
9.542328e-01 
9.542328e-01 
9.542328e-01 
9.542328e-01 
9.542328e-01 
9.542328e-01 
9.542328e-01 
9.542328e-01 
9.542328e-01 
9.542328e-01 
9.542328e-01 
9.542328e-01 
9.542328e-01 
9.542328e-01 
9.542328e-01 
9.542328e-01 
9.542328e-01 
9.542328e-01 
9.542328e-01 
9.542328e-01 
9.542328e-01 
9.542328e-01 
9.542328e-01 
9.542328e-01 
9.542328e-01 
9.542328e-01 
9.542328e-01 
9.542328e-01 
9.542328e-01 
9.542328e-01 
9.542328e-01 
9.542328e-01 
9.542328e-01 
9.542328e-01 
9.542328e-01 
9.542328e-01 
9.542328e-01 
9.542328e-01 
9.542328e-01 
9.542328e-01 
9.542328e-01 
9.542328e-01 
9.542328e-01 
9.542328e-01 
9.542328e-01 
9.542328e-01 
9.542328e-01 
9.542328e-01 
9.542328e-01 
9.542328e-01 
9.542328e-01 
9.542328e-01 
9.542328e-01 
9.542328e-01 
9.542328e-01 
9.542328e-01 
9.542328e-01 
9.542328e-01 
9.542328e-01 
9.542328e-01 
9.542328e-01 
9.542328e-01 
9.542328e-01 
9.542328e-01 
9.542328e-01 
9.542328e-01 
9.542328e-01 
9.542328e-01 
9.542328e-01 
9.542328e-01 
9.542328e-01 
9.542328e-01 
9.542328e-01 
9.542328e-01 
9.542328e-01 
9.542328e-01 
9.542328e-01 
9.542328e-01 
9.542328e-01 
9.542328e-01 
9.542328e-01 
9.542328e-01 
9.542328e-01 
9.542328e-01 
9.542328e-01 
9.542328e-01 
9.542328e-01 
9.542328e-01 
9.542328e-01 
9.542328e-01 
9.542328e-01 
9.542328e-01 
9.542328e-01 
9.542328e-01 
9.542328e-01 
9.542328e-01 
9.542328e-01 
9.542328e-01 
9.542328e-01 
9.542328e-01 
9.542328e-01 
9.542328e-01 
9.542328e-01 
9.542328e-01 
9.542328e-01 
9.542328e-01 
9.542328e-01 
9.542328e-01 
9.542328e-01 
9.542328e-01 
9.542328e-01 
9.542328e-01 
9.542328e-01 
9.483857e-01 
9.174343e-01 
8.809667e-01 
8.399200e-01 
7.950616e-01 
7.469456e-01 
6.959063e-01 
6.420009e-01 
5.850075e-01 
5.242924e-01 
4.587494e-01 
3.857401e-01 
3.001319e-01 
1.882078e-01 
2.814751e-02 
7.423467e-03 
2.222668e-03 
1.247821e-03 
8.505611e-04 
6.158882e-04 
4.645611e-04 
3.611301e-04 
2.873875e-04 
2.330806e-04 
1.919576e-04 
1.600727e-04 
1.351007e-04 
1.152289e-04 
9.936030e-05 
8.593243e-05 
7.484660e-05 
6.560633e-05 
5.784065e-05 
5.167380e-05 
4.598874e-05 
4.111051e-05 
3.690275e-05 
3.325479e-05 
3.007555e-05 
2.729155e-05 
2.484350e-05 
2.268179e-05 
2.076610e-05 
1.906184e-05 
1.754114e-05 
1.617965e-05 
1.495706e-05 
1.385632e-05 
1.283152e-05 
1.193618e-05 
1.112366e-05 
1.038458e-05 
9.711010e-06 
9.095803e-06 
8.532006e-06 
8.016358e-06 
7.543011e-06 
7.108120e-06 
6.707873e-06 
6.339566e-06 
6.000667e-06 
5.689488e-06 
5.407243e-06 
5.151572e-06 
4.840731e-06 
4.580992e-06 
4.343768e-06 
4.116639e-06 
3.904774e-06 
3.707753e-06 
3.523728e-06 
3.352246e-06 
3.192631e-06 
3.042471e-06 
2.900616e-06 
2.766353e-06 
2.641726e-06 
2.524637e-06 
2.414520e-06 
2.310858e-06 
2.214010e-06 
2.193579e-06 
2.193361e-06 
2.193389e-06 
2.193393e-06 
2.193394e-06 
2.193394e-06 
2.193394e-06 
2.193394e-06 
2.193394e-06 
2.193394e-06 
2.193394e-06 
2.193394e-06 
2.193394e-06 
2.193394e-06 
2.193394e-06 
2.193394e-06 
2.193394e-06 
2.193394e-06 
2.193394e-06 
2.193394e-06 
2.193394e-06 
2.193394e-06 
2.193394e-06 
2.193394e-06 
2.193394e-06 
2.193394e-06 
2.193394e-06 
2.193394e-06 
2.193394e-06 
2.193394e-06 
2.193394e-06 
2.193394e-06 
2.193394e-06 
2.193394e-06 
2.193394e-06 
2.193394e-06 
2.193394e-06 
2.193394e-06 
2.193394e-06 
2.193394e-06 
2.193394e-06 
2.193394e-06 
2.193394e-06 
2.193394e-06 
2.193394e-06 
2.193394e-06 
2.193394e-06 
2.193394e-06 
2.193394e-06 
2.193394e-06 
2.193394e-06 
2.193394e-06 
2.193394e-06 
2.193394e-06 
2.193394e-06 
2.193394e-06 
2.193394e-06 
2.193394e-06 
2.193394e-06 
2.193394e-06 
2.193394e-06 
2.193394e-06 
2.193394e-06 
2.193394e-06 
2.193394e-06 
2.193394e-06 
2.193394e-06 
2.193394e-06 
2.193394e-06 
2.193394e-06 
2.193394e-06 
2.193394e-06 
2.193394e-06 
2.193394e-06 
2.193394e-06 
2.193394e-06 
2.193394e-06 
2.193394e-06 
2.193394e-06 
2.193394e-06 
2.193394e-06 
2.193394e-06 
2.193394e-06 
2.193394e-06 
2.193394e-06 
2.193394e-06 
2.193394e-06 
2.193394e-06 
2.193394e-06 
2.193394e-06 
2.193394e-06 
2.193394e-06 
2.193394e-06 
2.193394e-06 
2.193394e-06 
2.193394e-06 
2.193394e-06 
2.193394e-06 
2.193394e-06 
2.193394e-06 
2.193394e-06 
2.193394e-06 
2.193394e-06 
2.193394e-06 
2.193394e-06 
2.193394e-06 
2.193394e-06 
2.193394e-06 
2.193394e-06 
2.193394e-06 
2.193394e-06 
2.193394e-06 
2.193394e-06 
2.193394e-06 
2.193394e-06 
2.193394e-06 
2.193394e-06 
2.193394e-06 
2.193394e-06 
2.193394e-06 
2.193394e-06 
2.193394e-06 
2.193394e-06 
2.193394e-06 
2.193394e-06 
2.193394e-06 
2.193394e-06 
2.193394e-06 
2.193394e-06 
2.193394e-06 
2.193394e-06 
2.193394e-06 
2.193394e-06 
2.193394e-06 
2.193394e-06 
2.193394e-06 
2.193394e-06 
2.193394e-06 
2.193394e-06 
2.193394e-06 
2.193394e-06 
2.193394e-06 
2.193394e-06 
2.193394e-06 
2.193394e-06 
2.193394e-06 
2.193394e-06 
2.193394e-06 
2.193394e-06 
2.193394e-06 
2.193394e-06 
2.193394e-06 
2.193394e-06 
2.193394e-06 
2.193394e-06 
2.193394e-06 
2.193394e-06 
2.193394e-06 
2.193394e-06 
2.193394e-06 
2.193394e-06 
2.193394e-06 
2.193394e-06 
2.193394e-06 
2.193394e-06 
2.193394e-06 
2.193394e-06 
2.193394e-06 
2.193394e-06 
2.201920e-06 
2.246842e-06 
2.310152e-06 
2.376414e-06 
2.467856e-06 
2.541596e-06 
2.618928e-06 
2.700105e-06 
2.787509e-06 
2.877263e-06 
2.971849e-06 
3.071290e-06 
3.176090e-06 
3.286611e-06 
3.403284e-06 
3.526588e-06 
3.656981e-06 
3.795031e-06 
3.941340e-06 
4.096581e-06 
4.261445e-06 
4.436748e-06 
4.623404e-06 
4.822289e-06 
5.034616e-06 
5.260876e-06 
5.503590e-06 
5.754718e-06 
6.033011e-06 
6.332177e-06 
6.654188e-06 
7.001500e-06 
7.376661e-06 
7.782711e-06 
8.090640e-06 
8.557607e-06 
9.066111e-06 
9.620776e-06 
1.022723e-05 
1.089207e-05 
1.162275e-05 
1.242811e-05 
1.331832e-05 
1.430556e-05 
1.574370e-05 
1.701067e-05 
1.843208e-05 
2.003349e-05 
2.184612e-05 
2.390703e-05 
2.626211e-05 
2.896835e-05 
3.209515e-05 
3.573012e-05 
4.039447e-05 
4.549830e-05 
5.177816e-05 
5.918234e-05 
6.806628e-05 
7.866223e-05 
9.133271e-05 
1.063389e-04 
1.238088e-04 
1.436516e-04 
1.655237e-04 
1.891018e-04 
2.139795e-04 
2.397920e-04 
2.662593e-04 
2.931982e-04 
3.205616e-04 
3.482246e-04 
3.762617e-04 
4.042878e-04 
4.327996e-04 
4.612662e-04 
4.893572e-04 
5.165974e-04 
5.402765e-04 
5.640249e-04 
5.846684e-04 
5.896833e-04 
5.899433e-04 
5.899589e-04 
5.899597e-04 
5.899597e-04 
5.899598e-04 
5.899597e-04 
5.899598e-04 
5.899597e-04 
5.899598e-04 
5.899597e-04 
5.899598e-04 
5.899597e-04 
5.899598e-04 
5.899597e-04 
5.899598e-04 
5.899597e-04 
5.899598e-04 
5.899597e-04 
5.899598e-04 
5.899597e-04 
5.899598e-04 
5.899597e-04 
5.899598e-04 
5.899597e-04 
5.899598e-04 
5.899597e-04 
5.899598e-04 
5.899597e-04 
5.899598e-04 
5.899597e-04 
5.899598e-04 
5.899597e-04 
5.899598e-04 
5.899597e-04 
5.899598e-04 
5.899597e-04 
5.899598e-04 
5.899597e-04 
5.899598e-04 
5.899597e-04 
5.899598e-04 
5.899597e-04 
5.899598e-04 
5.899597e-04 
5.899598e-04 
5.899597e-04 
5.899598e-04 
5.899597e-04 
5.899598e-04 
5.899597e-04 
5.899598e-04 
5.899597e-04 
5.899598e-04 
5.899597e-04 
5.899598e-04 
5.899597e-04 
5.899598e-04 
5.899597e-04 
5.899598e-04 
5.899597e-04 
5.899598e-04 
5.899597e-04 
5.899598e-04 
5.899597e-04 
5.899598e-04 
5.899597e-04 
5.899598e-04 
5.899597e-04 
5.899598e-04 
5.899597e-04 
5.899598e-04 
5.899597e-04 
5.899598e-04 
5.899597e-04 
5.899598e-04 
5.899597e-04 
5.899598e-04 
5.899597e-04 
5.899598e-04 
5.899597e-04 
5.899598e-04 
5.899597e-04 
5.899598e-04 
5.899597e-04 
5.899598e-04 
5.899597e-04 
5.899598e-04 
5.899597e-04 
5.899598e-04 
5.899597e-04 
5.899598e-04 
5.899597e-04 
5.899598e-04 
5.899597e-04 
5.899598e-04 
5.899597e-04 
5.899598e-04 
5.899597e-04 
5.899598e-04 
5.899597e-04 
5.899598e-04 
5.899597e-04 
5.899598e-04 
5.899597e-04 
5.899598e-04 
5.899597e-04 
5.899598e-04 
5.899597e-04 
5.899598e-04 
5.899597e-04 
5.899598e-04 
5.899597e-04 
5.899598e-04 
5.899597e-04 
5.899598e-04 
5.899597e-04 
5.899598e-04 
5.899597e-04 
5.899598e-04 
5.899597e-04 
5.899598e-04 
5.899597e-04 
5.899598e-04 
5.899597e-04 
5.899598e-04 
5.899597e-04 
5.899598e-04 
5.899597e-04 
5.899598e-04 
5.899597e-04 
5.899598e-04 
5.899597e-04 
5.899598e-04 
5.899597e-04 
5.899598e-04 
5.899597e-04 
5.899598e-04 
5.899597e-04 
5.899598e-04 
5.899597e-04 
5.899598e-04 
5.899597e-04 
5.899598e-04 
5.899597e-04 
5.899598e-04 
5.899597e-04 
5.899598e-04 
5.899597e-04 
5.899598e-04 
5.899597e-04 
5.899598e-04 
5.899597e-04 
5.899598e-04 
5.899597e-04 
5.899598e-04 
5.899597e-04 
5.899598e-04 
5.899597e-04 
5.899598e-04 
5.899597e-04 
5.899598e-04 
5.899597e-04 
5.899598e-04 
5.899597e-04 
5.899598e-04 
5.899597e-04 
5.899598e-04 
5.899597e-04 
5.943996e-04 
6.157358e-04 
6.383973e-04 
6.624853e-04 
6.877254e-04 
7.143418e-04 
7.424278e-04 
7.720161e-04 
8.029614e-04 
7.956564e-04 
8.302453e-04 
8.671886e-04 
9.066215e-04 
9.487295e-04 
9.937575e-04 
1.041970e-03 
1.093637e-03 
1.149094e-03 
1.208667e-03 
1.272675e-03 
1.341508e-03 
1.415646e-03 
1.495649e-03 
1.582082e-03 
1.675656e-03 
1.777089e-03 
1.887274e-03 
2.007127e-03 
2.137831e-03 
2.280623e-03 
2.436235e-03 
2.607547e-03 
2.795817e-03 
3.003224e-03 
3.232298e-03 
3.485849e-03 
3.756294e-03 
4.067819e-03 
4.415457e-03 
4.804563e-03 
5.264604e-03 
5.733501e-03 
6.289566e-03 
6.920622e-03 
7.639534e-03 
8.461806e-03 
9.406608e-03 
1.049714e-02 
1.184451e-02 
1.333907e-02 
1.509394e-02 
1.716808e-02 
1.963539e-02 
2.266285e-02 
2.625642e-02 
3.063424e-02 
3.607462e-02 
4.277171e-02 
5.122267e-02 
6.185954e-02 
7.538838e-02 
9.266193e-02 
1.146824e-01 
1.424688e-01 
1.767604e-01 
2.176910e-01 
2.645398e-01 
3.159258e-01 
3.702732e-01 
4.260904e-01 
4.823396e-01 
5.381269e-01 
5.930188e-01 
6.465461e-01 
6.984512e-01 
7.483546e-01 
7.958277e-01 
8.403413e-01 
8.811931e-01 
9.175501e-01 
9.484468e-01 
9.542856e-01 
9.542857e-01 
9.542856e-01 
9.542857e-01 
9.542856e-01 
9.542857e-01 
9.542856e-01 
9.542857e-01 
9.542856e-01 
9.542857e-01 
9.542856e-01 
9.542857e-01 
9.542856e-01 
9.542857e-01 
9.542856e-01 
9.542857e-01 
9.542856e-01 
9.542857e-01 
9.542856e-01 
9.542857e-01 
9.542856e-01 
9.542857e-01 
9.542856e-01 
9.542857e-01 
9.542856e-01 
9.542857e-01 
9.542856e-01 
9.542857e-01 
9.542856e-01 
9.542857e-01 
9.542856e-01 
9.542857e-01 
9.542856e-01 
9.542857e-01 
9.542856e-01 
9.542857e-01 
9.542856e-01 
9.542857e-01 
9.542856e-01 
9.542857e-01 
9.542856e-01 
9.542857e-01 
9.542856e-01 
9.542857e-01 
9.542856e-01 
9.542857e-01 
9.542856e-01 
9.542857e-01 
9.542856e-01 
9.542857e-01 
9.542856e-01 
9.542857e-01 
9.542856e-01 
9.542857e-01 
9.542856e-01 
9.542857e-01 
9.542856e-01 
9.542857e-01 
9.542856e-01 
9.542857e-01 
9.542856e-01 
9.542857e-01 
9.542856e-01 
9.542857e-01 
9.542856e-01 
9.542857e-01 
9.542856e-01 
9.542857e-01 
9.542856e-01 
9.542857e-01 
9.542856e-01 
9.542857e-01 
9.542856e-01 
9.542857e-01 
9.542856e-01 
9.542857e-01 
9.542856e-01 
9.542857e-01 
9.542856e-01 
9.542857e-01 
9.542856e-01 
9.542857e-01 
9.542856e-01 
9.542857e-01 
9.542856e-01 
9.542857e-01 
9.542856e-01 
9.542857e-01 
9.542856e-01 
9.542857e-01 
9.542856e-01 
9.542857e-01 
9.542856e-01 
9.542857e-01 
9.542856e-01 
9.542857e-01 
9.542856e-01 
9.542857e-01 
9.542856e-01 
9.542857e-01 
9.542856e-01 
9.542857e-01 
9.542856e-01 
9.542857e-01 
9.542856e-01 
9.542857e-01 
9.542856e-01 
9.542857e-01 
9.542856e-01 
9.542857e-01 
9.542856e-01 
9.542857e-01 
9.542856e-01 
9.542857e-01 
9.542856e-01 
9.542857e-01 
9.542856e-01 
9.542857e-01 
9.542856e-01 
9.542857e-01 
9.542856e-01 
9.542857e-01 
9.542856e-01 
9.542857e-01 
9.542856e-01 
9.542857e-01 
9.542856e-01 
9.542857e-01 
9.542856e-01 
9.542857e-01 
9.542856e-01 
9.542857e-01 
9.542856e-01 
9.542857e-01 
9.542856e-01 
9.542857e-01 
9.542856e-01 
9.542857e-01 
9.542856e-01 
9.542857e-01 
9.542856e-01 
9.542857e-01 
9.542856e-01 
9.542857e-01 
9.542856e-01 
9.542857e-01 
9.542856e-01 
9.542857e-01 
9.542856e-01 
9.542857e-01 
9.542856e-01 
9.542857e-01 
9.542856e-01 
9.542857e-01 
9.542856e-01 
9.542857e-01 
9.542856e-01 
9.542857e-01 
9.542856e-01 
9.542857e-01 
9.542856e-01 
9.542857e-01 
9.542856e-01 
9.542857e-01 
9.542856e-01 
9.542857e-01 
9.542856e-01 
9.542857e-01 
9.542856e-01 
9.542846e-01 
9.542801e-01 
9.542764e-01 
9.542735e-01 
9.542710e-01 
9.542689e-01 
9.542670e-01 
9.542652e-01 
9.542637e-01 
9.542623e-01 
9.542608e-01 
9.542595e-01 
9.542582e-01 
9.542570e-01 
9.542557e-01 
9.542545e-01 
9.542533e-01 
9.542521e-01 
9.542508e-01 
9.542496e-01 
9.542484e-01 
9.542473e-01 
9.542463e-01 
9.542453e-01 
9.542444e-01 
9.542436e-01 
9.542428e-01 
9.542421e-01 
9.542415e-01 
9.542410e-01 
9.542405e-01 
9.542400e-01 
9.542396e-01 
9.542392e-01 
9.542388e-01 
9.542385e-01 
9.542381e-01 
9.542378e-01 
9.542375e-01 
9.542373e-01 
9.542370e-01 
9.542368e-01 
9.542366e-01 
9.542363e-01 
9.542363e-01 
9.542360e-01 
9.542358e-01 
9.542357e-01 
9.542355e-01 
9.542354e-01 
9.542353e-01 
9.542351e-01 
9.542350e-01 
9.542348e-01 
9.542347e-01 
9.542346e-01 
9.542345e-01 
9.542344e-01 
9.542343e-01 
9.542342e-01 
9.542341e-01 
9.542340e-01 
9.542339e-01 
9.542339e-01 
9.542338e-01 
9.542337e-01 
9.542336e-01 
9.542335e-01 
9.542335e-01 
9.542335e-01 
9.542333e-01 
9.542333e-01 
9.542332e-01 
9.542332e-01 
9.542331e-01 
9.542331e-01 
9.542330e-01 
9.542330e-01 
9.542329e-01 
9.542329e-01 
9.542328e-01 
9.542328e-01 
9.542328e-01 
9.542328e-01 
9.542328e-01 
9.542328e-01 
9.542328e-01 
9.542328e-01 
9.542328e-01 
9.542328e-01 
9.542328e-01 
9.542328e-01 
9.542328e-01 
9.542328e-01 
9.542328e-01 
9.542328e-01 
9.542328e-01 
9.542328e-01 
9.542328e-01 
9.542328e-01 
9.542328e-01 
9.542328e-01 
9.542328e-01 
9.542328e-01 
9.542328e-01 
9.542328e-01 
9.542328e-01 
9.542328e-01 
9.542328e-01 
9.542328e-01 
9.542328e-01 
9.542328e-01 
9.542328e-01 
9.542328e-01 
9.542328e-01 
9.542328e-01 
9.542328e-01 
9.542328e-01 
9.542328e-01 
9.542328e-01 
9.542328e-01 
9.542328e-01 
9.542328e-01 
9.542328e-01 
9.542328e-01 
9.542328e-01 
9.542328e-01 
9.542328e-01 
9.542328e-01 
9.542328e-01 
9.542328e-01 
9.542328e-01 
9.542328e-01 
9.542328e-01 
9.542328e-01 
9.542328e-01 
9.542328e-01 
9.542328e-01 
9.542328e-01 
9.542328e-01 
9.542328e-01 
9.542328e-01 
9.542328e-01 
9.542328e-01 
9.542328e-01 
9.542328e-01 
9.542328e-01 
9.542328e-01 
9.542328e-01 
9.542328e-01 
9.542328e-01 
9.542328e-01 
9.542328e-01 
9.542328e-01 
9.542328e-01 
9.542328e-01 
9.542328e-01 
9.542328e-01 
9.542328e-01 
9.542328e-01 
9.542328e-01 
9.542328e-01 
9.542328e-01 
9.542328e-01 
9.542328e-01 
9.542328e-01 
9.542328e-01 
9.542328e-01 
9.542328e-01 
9.542328e-01 
9.542328e-01 
9.542328e-01 
9.542328e-01 
9.542328e-01 
9.542328e-01 
9.542328e-01 
9.542328e-01 
9.542328e-01 
9.542328e-01 
9.542328e-01 
9.542328e-01 
9.542328e-01 
9.542328e-01 
9.542328e-01 
9.542328e-01 
9.542328e-01 
9.542328e-01 
9.542328e-01 
9.542328e-01 
9.542328e-01 
9.542328e-01 
9.542328e-01 
9.542328e-01 
9.542328e-01 
9.542328e-01 
9.542328e-01 
9.542328e-01 
9.542328e-01 
9.542328e-01 
9.542328e-01 
9.542328e-01 
9.542328e-01 
9.542328e-01 
9.542328e-01 
9.542328e-01 
9.542328e-01 
9.542328e-01 
9.542328e-01 
9.542328e-01 
9.542328e-01 
9.542328e-01 
9.542328e-01 
9.542328e-01 
9.542328e-01 
9.542328e-01 
9.542328e-01 
9.542328e-01 
9.542328e-01 
9.542328e-01 
9.542328e-01 
9.542328e-01 
9.542328e-01 
9.542328e-01 
9.542328e-01 
9.542328e-01 
9.542328e-01 
9.542328e-01 
9.542328e-01 
9.542328e-01 
9.542328e-01 
9.542328e-01 
9.542328e-01 
9.542328e-01 
9.542328e-01 
9.542328e-01 
9.542328e-01 
9.542328e-01 
9.542328e-01 
9.542328e-01 
9.542328e-01 
9.542328e-01 
9.542328e-01 
9.542328e-01 
9.542328e-01 
9.542328e-01 
9.542328e-01 
9.542328e-01 
9.542328e-01 
9.542328e-01 
9.542328e-01 
9.483840e-01 
9.174323e-01 
8.809702e-01 
8.399174e-01 
7.950574e-01 
7.469428e-01 
6.959018e-01 
6.420059e-01 
5.850041e-01 
5.242886e-01 
4.587452e-01 
3.857354e-01 
3.001261e-01 
1.882001e-01 
2.814242e-02 
7.422053e-03 
2.222536e-03 
1.247790e-03 
8.505437e-04 
6.159052e-04 
4.645539e-04 
3.611249e-04 
2.873838e-04 
2.330780e-04 
1.919543e-04 
1.600710e-04 
1.350994e-04 
1.152278e-04 
9.935940e-05 
8.593172e-05 
7.484598e-05 
6.560703e-05 
5.784024e-05 
5.167327e-05 
4.598912e-05 
4.111090e-05 
3.690310e-05 
3.325510e-05 
3.007581e-05 
2.729178e-05 
2.484371e-05 
2.268198e-05 
2.076626e-05 
1.906222e-05 
1.754128e-05 
1.617976e-05 
1.495716e-05 
1.385641e-05 
1.286250e-05 
1.193611e-05 
1.112362e-05 
1.038451e-05 
9.710971e-06 
9.095766e-06 
8.531974e-06 
8.016400e-06 
7.542983e-06 
7.108095e-06 
6.707853e-06 
6.339543e-06 
6.000638e-06 
5.689471e-06 
5.407227e-06 
5.151558e-06 
4.840712e-06 
4.580978e-06 
4.343754e-06 
4.116658e-06 
3.904762e-06 
3.707736e-06 
3.523718e-06 
3.352236e-06 
3.192622e-06 
3.042463e-06 
2.900607e-06 
2.766345e-06 
2.641719e-06 
2.524630e-06 
2.414510e-06 
2.310867e-06 
2.214005e-06 
2.193579e-06 
2.193361e-06 
2.193389e-06 
2.193394e-06 
2.193394e-06 
2.193394e-06 
2.193394e-06 
2.193394e-06 
2.193394e-06 
2.193394e-06 
2.193394e-06 
2.193394e-06 
2.193394e-06 
2.193394e-06 
2.193394e-06 
2.193394e-06 
2.193394e-06 
2.193394e-06 
2.193394e-06 
2.193394e-06 
2.193394e-06 
2.193394e-06 
2.193394e-06 
2.193394e-06 
2.193394e-06 
2.193394e-06 
2.193394e-06 
2.193394e-06 
2.193394e-06 
2.193394e-06 
2.193394e-06 
2.193394e-06 
2.193394e-06 
2.193394e-06 
2.193394e-06 
2.193394e-06 
2.193394e-06 
2.193394e-06 
2.193394e-06 
2.193394e-06 
2.193394e-06 
2.193394e-06 
2.193394e-06 
2.193394e-06 
2.193394e-06 
2.193394e-06 
2.193394e-06 
2.193394e-06 
2.193394e-06 
2.193394e-06 
2.193394e-06 
2.193394e-06 
2.193394e-06 
2.193394e-06 
2.193394e-06 
2.193394e-06 
2.193394e-06 
2.193394e-06 
2.193394e-06 
2.193394e-06 
2.193394e-06 
2.193394e-06 
2.193394e-06 
2.193394e-06 
2.193394e-06 
2.193394e-06 
2.193394e-06 
2.193394e-06 
2.193394e-06 
2.193394e-06 
2.193394e-06 
2.193394e-06 
2.193394e-06 
2.193394e-06 
2.193394e-06 
2.193394e-06 
2.193394e-06 
2.193394e-06 
2.193394e-06 
2.193394e-06 
2.193394e-06 
2.193394e-06 
2.193394e-06 
2.193394e-06 
2.193394e-06 
2.193394e-06 
2.193394e-06 
2.193394e-06 
2.193394e-06 
2.193394e-06 
2.193394e-06 
2.193394e-06 
2.193394e-06 
2.193394e-06 
2.193394e-06 
2.193394e-06 
2.193394e-06 
2.193394e-06 
2.193394e-06 
2.193394e-06 
2.193394e-06 
2.193394e-06 
2.193394e-06 
2.193394e-06 
2.193394e-06 
2.193394e-06 
2.193394e-06 
2.193394e-06 
2.193394e-06 
2.193394e-06 
2.193394e-06 
2.193394e-06 
2.193394e-06 
2.193394e-06 
2.193394e-06 
2.193394e-06 
2.193394e-06 
2.193394e-06 
2.193394e-06 
2.193394e-06 
2.193394e-06 
2.193394e-06 
2.193394e-06 
2.193394e-06 
2.193394e-06 
2.193394e-06 
2.193394e-06 
2.193394e-06 
2.193394e-06 
2.193394e-06 
2.193394e-06 
2.193394e-06 
2.193394e-06 
2.193394e-06 
2.193394e-06 
2.193394e-06 
2.193394e-06 
2.193394e-06 
2.193394e-06 
2.193394e-06 
2.193394e-06 
2.193394e-06 
2.193394e-06 
2.193394e-06 
2.193394e-06 
2.193394e-06 
2.193394e-06 
2.193394e-06 
2.193394e-06 
2.193394e-06 
2.193394e-06 
2.193394e-06 
2.193394e-06 
2.193394e-06 
2.193394e-06 
2.193394e-06 
2.193394e-06 
2.193394e-06 
2.193394e-06 
2.193394e-06 
2.193394e-06 
2.193394e-06 
2.193394e-06 
2.193394e-06 
2.193394e-06 
2.193394e-06 
2.193394e-06 
2.193394e-06 
2.193394e-06 
2.201910e-06 
2.246827e-06 
2.330322e-06 
2.397503e-06 
2.469552e-06 
2.543479e-06 
2.620928e-06 
2.702217e-06 
2.787501e-06 
2.877394e-06 
2.971832e-06 
3.071266e-06 
3.176080e-06 
3.286601e-06 
3.403274e-06 
3.526554e-06 
3.656949e-06 
3.795040e-06 
3.941349e-06 
4.096566e-06 
4.261431e-06 
4.436731e-06 
4.623416e-06 
4.822301e-06 
5.034595e-06 
5.260856e-06 
5.503567e-06 
5.754733e-06 
6.033027e-06 
6.332151e-06 
6.654159e-06 
7.001417e-06 
7.376679e-06 
7.782746e-06 
8.223094e-06 
8.701619e-06 
9.066302e-06 
9.620751e-06 
1.022727e-05 
1.089204e-05 
1.162269e-05 
1.242812e-05 
1.331839e-05 
1.461062e-05 
1.574395e-05 
1.701056e-05 
1.843215e-05 
2.003360e-05 
2.184597e-05 
2.390683e-05 
2.626189e-05 
2.896856e-05 
3.209536e-05 
3.606613e-05 
4.039540e-05 
4.549703e-05 
5.177850e-05 
5.918281e-05 
6.806543e-05 
7.866117e-05 
9.132943e-05 
1.063398e-04 
1.238099e-04 
1.436486e-04 
1.655217e-04 
1.891032e-04 
2.139810e-04 
2.397897e-04 
2.662569e-04 
2.931958e-04 
3.205631e-04 
3.482262e-04 
3.762633e-04 
4.042894e-04 
4.328012e-04 
4.612721e-04 
4.893638e-04 
5.165989e-04 
5.423300e-04 
5.640268e-04 
5.846726e-04 
5.896837e-04 
5.899433e-04 
5.899589e-04 
5.899597e-04 
5.899597e-04 
5.899598e-04 
5.899597e-04 
5.899598e-04 
5.899597e-04 
5.899598e-04 
5.899597e-04 
5.899598e-04 
5.899597e-04 
5.899598e-04 
5.899597e-04 
5.899598e-04 
5.899597e-04 
5.899598e-04 
5.899597e-04 
5.899598e-04 
5.899597e-04 
5.899598e-04 
5.899597e-04 
5.899598e-04 
5.899597e-04 
5.899598e-04 
5.899597e-04 
5.899598e-04 
5.899597e-04 
5.899598e-04 
5.899597e-04 
5.899598e-04 
5.899597e-04 
5.899598e-04 
5.899597e-04 
5.899598e-04 
5.899597e-04 
5.899598e-04 
5.899597e-04 
5.899598e-04 
5.899597e-04 
5.899598e-04 
5.899597e-04 
5.899598e-04 
5.899597e-04 
5.899598e-04 
5.899597e-04 
5.899598e-04 
5.899597e-04 
5.899598e-04 
5.899597e-04 
5.899598e-04 
5.899597e-04 
5.899598e-04 
5.899597e-04 
5.899598e-04 
5.899597e-04 
5.899598e-04 
5.899597e-04 
5.899598e-04 
5.899597e-04 
5.899598e-04 
5.899597e-04 
5.899598e-04 
5.899597e-04 
5.899598e-04 
5.899597e-04 
5.899598e-04 
5.899597e-04 
5.899598e-04 
5.899597e-04 
5.899598e-04 
5.899597e-04 
5.899598e-04 
5.899597e-04 
5.899598e-04 
5.899597e-04 
5.899598e-04 
5.899597e-04 
5.899598e-04 
5.899597e-04 
5.899598e-04 
5.899597e-04 
5.899598e-04 
5.899597e-04 
5.899598e-04 
5.899597e-04 
5.899598e-04 
5.899597e-04 
5.899598e-04 
5.899597e-04 
5.899598e-04 
5.899597e-04 
5.899598e-04 
5.899597e-04 
5.899598e-04 
5.899597e-04 
5.899598e-04 
5.899597e-04 
5.899598e-04 
5.899597e-04 
5.899598e-04 
5.899597e-04 
5.899598e-04 
5.899597e-04 
5.899598e-04 
5.899597e-04 
5.899598e-04 
5.899597e-04 
5.899598e-04 
5.899597e-04 
5.899598e-04 
5.899597e-04 
5.899598e-04 
5.899597e-04 
5.899598e-04 
5.899597e-04 
5.899598e-04 
5.899597e-04 
5.899598e-04 
5.899597e-04 
5.899598e-04 
5.899597e-04 
5.899598e-04 
5.899597e-04 
5.899598e-04 
5.899597e-04 
5.899598e-04 
5.899597e-04 
5.899598e-04 
5.899597e-04 
5.899598e-04 
5.899597e-04 
5.899598e-04 
5.899597e-04 
5.899598e-04 
5.899597e-04 
5.899598e-04 
5.899597e-04 
5.899598e-04 
5.899597e-04 
5.899598e-04 
5.899597e-04 
5.899598e-04 
5.899597e-04 
5.899598e-04 
5.899597e-04 
5.899598e-04 
5.899597e-04 
5.899598e-04 
5.899597e-04 
5.899598e-04 
5.899597e-04 
5.899598e-04 
5.899597e-04 
5.899598e-04 
5.899597e-04 
5.899598e-04 
5.899597e-04 
5.899598e-04 
5.899597e-04 
5.899598e-04 
5.899597e-04 
5.899598e-04 
5.899597e-04 
5.899598e-04 
5.899597e-04 
5.899598e-04 
5.899597e-04 
5.943977e-04 
6.157338e-04 
6.385717e-04 
6.624868e-04 
6.877272e-04 
7.143395e-04 
7.424477e-04 
7.720088e-04 
8.029644e-04 
7.956585e-04 
8.302417e-04 
8.671852e-04 
9.066117e-04 
9.487320e-04 
9.937603e-04 
1.041966e-03 
1.093632e-03 
1.149099e-03 
1.208670e-03 
1.272670e-03 
1.341501e-03 
1.415639e-03 
1.495653e-03 
1.582087e-03 
1.675647e-03 
1.777079e-03 
1.887263e-03 
2.007134e-03 
2.137839e-03 
2.280609e-03 
2.436220e-03 
2.607504e-03 
2.795828e-03 
3.003243e-03 
3.232275e-03 
3.485825e-03 
3.756226e-03 
4.067834e-03 
4.415479e-03 
4.804529e-03 
5.264574e-03 
5.733602e-03 
6.289706e-03 
6.920763e-03 
7.639587e-03 
8.461859e-03 
9.406806e-03 
1.049738e-02 
1.184460e-02 
1.333917e-02 
1.509406e-02 
1.716861e-02 
1.963596e-02 
2.266305e-02 
2.625667e-02 
3.063310e-02 
3.607408e-02 
4.277104e-02 
5.122042e-02 
6.185668e-02 
7.538250e-02 
9.266020e-02 
1.146802e-01 
1.424615e-01 
1.767515e-01 
2.176871e-01 
2.645354e-01 
3.159210e-01 
3.702601e-01 
4.260770e-01 
4.823346e-01 
5.381219e-01 
5.930057e-01 
6.465335e-01 
6.984389e-01 
7.483503e-01 
7.958235e-01 
8.403289e-01 
8.811837e-01 
9.175420e-01 
9.484443e-01 
9.542856e-01 
9.542857e-01 
9.542856e-01 
9.542857e-01 
9.542856e-01 
9.542857e-01 
9.542856e-01 
9.542857e-01 
9.542856e-01 
9.542857e-01 
9.542856e-01 
9.542857e-01 
9.542856e-01 
9.542857e-01 
9.542856e-01 
9.542857e-01 
9.542856e-01 
9.542857e-01 
9.542856e-01 
9.542857e-01 
9.542856e-01 
9.542857e-01 
9.542856e-01 
9.542857e-01 
9.542856e-01 
9.542857e-01 
9.542856e-01 
9.542857e-01 
9.542856e-01 
9.542857e-01 
9.542856e-01 
9.542857e-01 
9.542856e-01 
9.542857e-01 
9.542856e-01 
9.542857e-01 
9.542856e-01 
9.542857e-01 
9.542856e-01 
9.542857e-01 
9.542856e-01 
9.542857e-01 
9.542856e-01 
9.542857e-01 
9.542856e-01 
9.542857e-01 
9.542856e-01 
9.542857e-01 
9.542856e-01 
9.542857e-01 
9.542856e-01 
9.542857e-01 
9.542856e-01 
9.542857e-01 
9.542856e-01 
9.542857e-01 
9.542856e-01 
9.542857e-01 
9.542856e-01 
9.542857e-01 
9.542856e-01 
9.542857e-01 
9.542856e-01 
9.542857e-01 
9.542856e-01 
9.542857e-01 
9.542856e-01 
9.542857e-01 
9.542856e-01 
9.542857e-01 
9.542856e-01 
9.542857e-01 
9.542856e-01 
9.542857e-01 
9.542856e-01 
9.542857e-01 
9.542856e-01 
9.542857e-01 
9.542856e-01 
9.542857e-01 
9.542856e-01 
9.542857e-01 
9.542856e-01 
9.542857e-01 
9.542856e-01 
9.542857e-01 
9.542856e-01 
9.542857e-01 
9.542856e-01 
9.542857e-01 
9.542856e-01 
9.542857e-01 
9.542856e-01 
9.542857e-01 
9.542856e-01 
9.542857e-01 
9.542856e-01 
9.542857e-01 
9.542856e-01 
9.542857e-01 
9.542856e-01 
9.542857e-01 
9.542856e-01 
9.542857e-01 
9.542856e-01 
9.542857e-01 
9.542856e-01 
9.542857e-01 
9.542856e-01 
9.542857e-01 
9.542856e-01 
9.542857e-01 
9.542856e-01 
9.542857e-01 
9.542856e-01 
9.542857e-01 
9.542856e-01 
9.542857e-01 
9.542856e-01 
9.542857e-01 
9.542856e-01 
9.542857e-01 
9.542856e-01 
9.542857e-01 
9.542856e-01 
9.542857e-01 
9.542856e-01 
9.542857e-01 
9.542856e-01 
9.542857e-01 
9.542856e-01 
9.542857e-01 
9.542856e-01 
9.542857e-01 
9.542856e-01 
9.542857e-01 
9.542856e-01 
9.542857e-01 
9.542856e-01 
9.542857e-01 
9.542856e-01 
9.542857e-01 
9.542856e-01 
9.542857e-01 
9.542856e-01 
9.542857e-01 
9.542856e-01 
9.542857e-01 
9.542856e-01 
9.542857e-01 
9.542856e-01 
9.542857e-01 
9.542856e-01 
9.542857e-01 
9.542856e-01 
9.542857e-01 
9.542856e-01 
9.542857e-01 
9.542856e-01 
9.542857e-01 
9.542856e-01 
9.542857e-01 
9.542856e-01 
9.542857e-01 
9.542856e-01 
9.542857e-01 
9.542856e-01 
9.542857e-01 
9.542856e-01 
9.542846e-01 
9.542801e-01 
9.542764e-01 
9.542735e-01 
9.542709e-01 
9.542688e-01 
9.542670e-01 
9.542652e-01 
9.542637e-01 
9.542621e-01 
9.542608e-01 
9.542595e-01 
9.542582e-01 
9.542570e-01 
9.542557e-01 
9.542546e-01 
9.542533e-01 
9.542521e-01 
9.542508e-01 
9.542496e-01 
9.542484e-01 
9.542473e-01 
9.542463e-01 
9.542453e-01 
9.542444e-01 
9.542436e-01 
9.542428e-01 
9.542421e-01 
9.542415e-01 
9.542410e-01 
9.542405e-01 
9.542400e-01 
9.542396e-01 
9.542392e-01 
9.542388e-01 
9.542385e-01 
9.542381e-01 
9.542378e-01 
9.542375e-01 
9.542373e-01 
9.542370e-01 
9.542368e-01 
9.542366e-01 
9.542363e-01 
9.542363e-01 
9.542360e-01 
9.542358e-01 
9.542357e-01 
9.542355e-01 
9.542354e-01 
9.542353e-01 
9.542351e-01 
9.542350e-01 
9.542348e-01 
9.542347e-01 
9.542346e-01 
9.542345e-01 
9.542344e-01 
9.542343e-01 
9.542342e-01 
9.542341e-01 
9.542340e-01 
9.542339e-01 
9.542339e-01 
9.542338e-01 
9.542337e-01 
9.542336e-01 
9.542335e-01 
9.542335e-01 
9.542335e-01 
9.542333e-01 
9.542333e-01 
9.542332e-01 
9.542332e-01 
9.542331e-01 
9.542331e-01 
9.542330e-01 
9.542330e-01 
9.542329e-01 
9.542329e-01 
9.542328e-01 
9.542328e-01 
9.542328e-01 
9.542328e-01 
9.542328e-01 
9.542328e-01 
9.542328e-01 
9.542328e-01 
9.542328e-01 
9.542328e-01 
9.542328e-01 
9.542328e-01 
9.542328e-01 
9.542328e-01 
9.542328e-01 
9.542328e-01 
9.542328e-01 
9.542328e-01 
9.542328e-01 
9.542328e-01 
9.542328e-01 
9.542328e-01 
9.542328e-01 
9.542328e-01 
9.542328e-01 
9.542328e-01 
9.542328e-01 
9.542328e-01 
9.542328e-01 
9.542328e-01 
9.542328e-01 
9.542328e-01 
9.542328e-01 
9.542328e-01 
9.542328e-01 
9.542328e-01 
9.542328e-01 
9.542328e-01 
9.542328e-01 
9.542328e-01 
9.542328e-01 
9.542328e-01 
9.542328e-01 
9.542328e-01 
9.542328e-01 
9.542328e-01 
9.542328e-01 
9.542328e-01 
9.542328e-01 
9.542328e-01 
9.542328e-01 
9.542328e-01 
9.542328e-01 
9.542328e-01 
9.542328e-01 
9.542328e-01 
9.542328e-01 
9.542328e-01 
9.542328e-01 
9.542328e-01 
9.542328e-01 
9.542328e-01 
9.542328e-01 
9.542328e-01 
9.542328e-01 
9.542328e-01 
9.542328e-01 
9.542328e-01 
9.542328e-01 
9.542328e-01 
9.542328e-01 
9.542328e-01 
9.542328e-01 
9.542328e-01 
9.542328e-01 
9.542328e-01 
9.542328e-01 
9.542328e-01 
9.542328e-01 
9.542328e-01 
9.542328e-01 
9.542328e-01 
9.542328e-01 
9.542328e-01 
9.542328e-01 
9.542328e-01 
9.542328e-01 
9.542328e-01 
9.542328e-01 
9.542328e-01 
9.542328e-01 
9.542328e-01 
9.542328e-01 
9.542328e-01 
9.542328e-01 
9.542328e-01 
9.542328e-01 
9.542328e-01 
9.542328e-01 
9.542328e-01 
9.542328e-01 
9.542328e-01 
9.542328e-01 
9.542328e-01 
9.542328e-01 
9.542328e-01 
9.542328e-01 
9.542328e-01 
9.542328e-01 
9.542328e-01 
9.542328e-01 
9.542328e-01 
9.542328e-01 
9.542328e-01 
9.542328e-01 
9.542328e-01 
9.542328e-01 
9.542328e-01 
9.542328e-01 
9.542328e-01 
9.542328e-01 
9.542328e-01 
9.542328e-01 
9.542328e-01 
9.542328e-01 
9.542328e-01 
9.542328e-01 
9.542328e-01 
9.542328e-01 
9.542328e-01 
9.542328e-01 
9.542328e-01 
9.542328e-01 
9.542328e-01 
9.542328e-01 
9.542328e-01 
9.542328e-01 
9.542328e-01 
9.542328e-01 
9.542328e-01 
9.542328e-01 
9.542328e-01 
9.542328e-01 
9.542328e-01 
9.542328e-01 
9.542328e-01 
9.542328e-01 
9.542328e-01 
9.542328e-01 
9.542328e-01 
9.542328e-01 
9.542328e-01 
9.542328e-01 
9.542328e-01 
9.542328e-01 
9.542328e-01 
9.542328e-01 
9.542328e-01 
9.542328e-01 
9.542328e-01 
9.542328e-01 
9.542328e-01 
9.542328e-01 
9.542328e-01 
9.542328e-01 
9.542328e-01 
9.542328e-01 
9.542328e-01 
9.542328e-01 
9.542328e-01 
9.483907e-01 
9.174403e-01 
8.809795e-01 
8.399212e-01 
7.950616e-01 
7.469546e-01 
6.959158e-01 
6.420192e-01 
5.850093e-01 
5.242941e-01 
4.589626e-01 
3.860635e-01 
3.015383e-01 
1.897648e-01 
2.818638e-02 
7.429979e-03 
2.223170e-03 
1.248006e-03 
8.505756e-04 
6.159236e-04 
4.645840e-04 
3.611459e-04 
2.873895e-04 
2.330821e-04 
1.919630e-04 
1.600778e-04 
1.351047e-04 
1.152294e-04 
9.936072e-05 
8.593452e-05 
7.484839e-05 
6.560906e-05 
5.784090e-05 
5.167381e-05 
4.598958e-05 
4.111130e-05 
3.690397e-05 
3.325496e-05 
3.007562e-05 
2.729197e-05 
2.484391e-05 
2.268244e-05 
2.076612e-05 
1.906211e-05 
1.754139e-05 
1.617987e-05 
1.495709e-05 
1.385633e-05 
1.286256e-05 
1.193616e-05 
1.112365e-05 
1.038441e-05 
9.710841e-06 
9.095678e-06 
8.531773e-06 
8.016005e-06 
7.542203e-06 
7.106564e-06 
6.704608e-06 
6.331509e-06 
5.978395e-06 
5.618807e-06 
5.169099e-06 
4.358519e-06 
3.106601e-06 
2.005067e-06 
1.046868e-06 
1.875569e-07 
-5.595060e-07 
-1.202702e-06 
-1.761280e-06 
-2.243366e-06 
-2.652251e-06 
-2.993699e-06 
-3.293801e-06 
-3.507468e-06 
-3.708258e-06 
-3.858205e-06 
-3.959853e-06 
-3.964692e-06 
-3.987270e-06 
-4.019741e-06 
-4.026777e-06 
-4.027756e-06 
-4.027844e-06 
-4.027850e-06 
-4.027850e-06 
-4.027850e-06 
-4.027850e-06 
-4.027850e-06 
-4.027850e-06 
-4.027850e-06 
-4.027850e-06 
-4.027850e-06 
-4.027850e-06 
-4.027850e-06 
-4.027850e-06 
-4.027850e-06 
-4.027850e-06 
-4.027850e-06 
-4.027850e-06 
-4.027850e-06 
-4.027850e-06 
-4.027850e-06 
-4.027850e-06 
-4.027850e-06 
-4.027850e-06 
-4.027850e-06 
-4.027850e-06 
-4.027850e-06 
-4.027850e-06 
-4.027850e-06 
-4.027850e-06 
-4.027850e-06 
-4.027850e-06 
-4.027850e-06 
-4.027850e-06 
-4.027850e-06 
-4.027850e-06 
-4.027850e-06 
-4.027850e-06 
-4.027850e-06 
-4.027850e-06 
-4.027850e-06 
-4.027850e-06 
-4.027850e-06 
-4.027850e-06 
-4.027850e-06 
-4.027850e-06 
-4.027850e-06 
-4.027850e-06 
-4.027850e-06 
-4.027850e-06 
-4.027850e-06 
-4.027850e-06 
-4.027850e-06 
-4.027850e-06 
-4.027850e-06 
-4.027850e-06 
-4.027850e-06 
-4.027850e-06 
-4.027850e-06 
-4.027850e-06 
-4.027850e-06 
-4.027850e-06 
-4.027850e-06 
-4.027850e-06 
-4.027850e-06 
-4.027850e-06 
-4.027850e-06 
-4.027850e-06 
-4.027850e-06 
-4.027850e-06 
-4.027850e-06 
-4.027850e-06 
-4.027850e-06 
-4.027850e-06 
-4.027850e-06 
-4.027850e-06 
-4.027850e-06 
-4.027850e-06 
-4.027850e-06 
-4.027850e-06 
-4.027850e-06 
-4.027850e-06 
-4.027850e-06 
-4.027850e-06 
-4.027850e-06 
-4.027850e-06 
-4.027850e-06 
-4.027850e-06 
-4.027850e-06 
-4.027850e-06 
-4.027850e-06 
-4.027850e-06 
-4.027850e-06 
-4.027850e-06 
-4.027850e-06 
-4.027850e-06 
-4.027850e-06 
-4.027850e-06 
-4.027850e-06 
-4.027850e-06 
-4.027850e-06 
-4.027850e-06 
-4.027850e-06 
-4.027850e-06 
-4.027850e-06 
-4.027850e-06 
-4.027850e-06 
-4.027850e-06 
-4.027850e-06 
-4.027850e-06 
-4.027850e-06 
-4.027850e-06 
-4.027850e-06 
-4.027850e-06 
-4.027850e-06 
-4.027850e-06 
-4.027850e-06 
-4.027850e-06 
-4.027850e-06 
-4.027850e-06 
-4.027850e-06 
-4.027850e-06 
-4.027850e-06 
-4.027850e-06 
-4.027850e-06 
-4.027850e-06 
-4.027850e-06 
-4.027850e-06 
-4.027850e-06 
-4.027850e-06 
-4.027850e-06 
-4.027850e-06 
-4.027850e-06 
-4.027850e-06 
-4.027850e-06 
-4.027850e-06 
-4.027850e-06 
-4.027850e-06 
-4.027850e-06 
-4.027850e-06 
-4.027850e-06 
-4.027850e-06 
-4.027850e-06 
-4.027850e-06 
-4.027850e-06 
-4.027850e-06 
-4.027850e-06 
-4.027850e-06 
-4.027850e-06 
-4.027850e-06 
-4.027850e-06 
-4.027850e-06 
-4.027850e-06 
-4.027850e-06 
-4.027850e-06 
-4.027850e-06 
-4.027850e-06 
-4.027850e-06 
-4.027850e-06 
-4.027850e-06 
-4.027850e-06 
-4.027850e-06 
-4.027850e-06 
-4.027850e-06 
-4.027850e-06 
-4.027850e-06 
-4.027850e-06 
-4.016094e-06 
-3.959256e-06 
-3.891895e-06 
-3.824536e-06 
-3.753487e-06 
-3.677190e-06 
-3.595733e-06 
-3.508826e-06 
-3.415882e-06 
-3.316947e-06 
-3.211038e-06 
-3.097757e-06 
-2.976506e-06 
-2.846576e-06 
-2.707325e-06 
-2.557920e-06 
-2.397482e-06 
-2.225047e-06 
-2.039486e-06 
-1.839744e-06 
-1.624443e-06 
-1.392152e-06 
-1.141170e-06 
-8.698724e-07 
-5.762037e-07 
-2.580746e-07 
8.718588e-08 
4.623894e-07 
8.631752e-07 
1.306384e-06 
1.789756e-06 
2.317717e-06 
2.895413e-06 
3.528162e-06 
4.222448e-06 
4.985588e-06 
5.632676e-06 
6.536616e-06 
7.534938e-06 
8.639292e-06 
9.863392e-06 
1.122272e-05 
1.273548e-05 
1.485310e-05 
1.679107e-05 
1.896006e-05 
2.139273e-05 
2.412378e-05 
2.719468e-05 
3.065144e-05 
3.454486e-05 
3.893279e-05 
4.387363e-05 
4.977295e-05 
5.605791e-05 
6.309468e-05 
7.105841e-05 
7.982773e-05 
8.952044e-05 
1.001740e-04 
1.118183e-04 
1.244409e-04 
1.379612e-04 
1.522229e-04 
1.670761e-04 
1.825241e-04 
1.986063e-04 
2.153751e-04 
2.329224e-04 
2.513702e-04 
2.708838e-04 
2.916067e-04 
3.137592e-04 
3.376256e-04 
3.633048e-04 
3.910348e-04 
4.208536e-04 
4.525956e-04 
4.846440e-04 
5.179692e-04 
5.499045e-04 
5.572645e-04 
5.574881e-04 
5.575000e-04 
5.575006e-04 
5.575007e-04 
5.575007e-04 
5.575007e-04 
5.575007e-04 
5.575007e-04 
5.575007e-04 
5.575007e-04 
5.575007e-04 
5.575007e-04 
5.575007e-04 
5.575007e-04 
5.575007e-04 
5.575007e-04 
5.575007e-04 
5.575007e-04 
5.575007e-04 
5.575007e-04 
5.575007e-04 
5.575007e-04 
5.575007e-04 
5.575007e-04 
5.575007e-04 
5.575007e-04 
5.575007e-04 
5.575007e-04 
5.575007e-04 
5.575007e-04 
5.575007e-04 
5.575007e-04 
5.575007e-04 
5.575007e-04 
5.575007e-04 
5.575007e-04 
5.575007e-04 
5.575007e-04 
5.575007e-04 
5.575007e-04 
5.575007e-04 
5.575007e-04 
5.575007e-04 
5.575007e-04 
5.575007e-04 
5.575007e-04 
5.575007e-04 
5.575007e-04 
5.575007e-04 
5.575007e-04 
5.575007e-04 
5.575007e-04 
5.575007e-04 
5.575007e-04 
5.575007e-04 
5.575007e-04 
5.575007e-04 
5.575007e-04 
5.575007e-04 
5.575007e-04 
5.575007e-04 
5.575007e-04 
5.575007e-04 
5.575007e-04 
5.575007e-04 
5.575007e-04 
5.575007e-04 
5.575007e-04 
5.575007e-04 
5.575007e-04 
5.575007e-04 
5.575007e-04 
5.575007e-04 
5.575007e-04 
5.575007e-04 
5.575007e-04 
5.575007e-04 
5.575007e-04 
5.575007e-04 
5.575007e-04 
5.575007e-04 
5.575007e-04 
5.575007e-04 
5.575007e-04 
5.575007e-04 
5.575007e-04 
5.575007e-04 
5.575007e-04 
5.575007e-04 
5.575007e-04 
5.575007e-04 
5.575007e-04 
5.575007e-04 
5.575007e-04 
5.575007e-04 
5.575007e-04 
5.575007e-04 
5.575007e-04 
5.575007e-04 
5.575007e-04 
5.575007e-04 
5.575007e-04 
5.575007e-04 
5.575007e-04 
5.575007e-04 
5.575007e-04 
5.575007e-04 
5.575007e-04 
5.575007e-04 
5.575007e-04 
5.575007e-04 
5.575007e-04 
5.575007e-04 
5.575007e-04 
5.575007e-04 
5.575007e-04 
5.575007e-04 
5.575007e-04 
5.575007e-04 
5.575007e-04 
5.575007e-04 
5.575007e-04 
5.575007e-04 
5.575007e-04 
5.575007e-04 
5.575007e-04 
5.575007e-04 
5.575007e-04 
5.575007e-04 
5.575007e-04 
5.575007e-04 
5.575007e-04 
5.575007e-04 
5.575007e-04 
5.575007e-04 
5.575007e-04 
5.575007e-04 
5.575007e-04 
5.575007e-04 
5.575007e-04 
5.575007e-04 
5.575007e-04 
5.575007e-04 
5.575007e-04 
5.575007e-04 
5.575007e-04 
5.575007e-04 
5.575007e-04 
5.575007e-04 
5.575007e-04 
5.575007e-04 
5.575007e-04 
5.575007e-04 
5.575007e-04 
5.575007e-04 
5.575007e-04 
5.575007e-04 
5.575007e-04 
5.575007e-04 
5.575007e-04 
5.575007e-04 
5.575007e-04 
5.575007e-04 
5.575007e-04 
5.575007e-04 
5.575007e-04 
5.575007e-04 
5.575007e-04 
5.616811e-04 
5.818183e-04 
6.033763e-04 
6.265853e-04 
6.507606e-04 
6.763754e-04 
7.035400e-04 
7.324198e-04 
7.630693e-04 
7.956530e-04 
8.303405e-04 
8.673033e-04 
9.067324e-04 
9.488551e-04 
9.938786e-04 
1.042075e-03 
1.093731e-03 
1.149167e-03 
1.208743e-03 
1.272731e-03 
1.341555e-03 
1.415687e-03 
1.495697e-03 
1.582129e-03 
1.675686e-03 
1.777117e-03 
1.887303e-03 
2.007170e-03 
2.137878e-03 
2.280645e-03 
2.436255e-03 
2.607539e-03 
2.795864e-03 
3.003280e-03 
3.232314e-03 
3.485873e-03 
3.756269e-03 
4.067888e-03 
4.415527e-03 
4.804580e-03 
5.264629e-03 
5.733366e-03 
6.289583e-03 
6.920630e-03 
7.639434e-03 
8.461677e-03 
9.406315e-03 
1.049711e-02 
1.184430e-02 
1.333881e-02 
1.509364e-02 
1.716811e-02 
1.963536e-02 
2.266232e-02 
2.625577e-02 
3.063343e-02 
3.607450e-02 
4.277154e-02 
5.122105e-02 
6.185742e-02 
7.538344e-02 
9.266134e-02 
1.146817e-01 
1.424633e-01 
1.767538e-01 
2.176767e-01 
2.645386e-01 
3.159243e-01 
3.702635e-01 
4.260821e-01 
4.823213e-01 
5.381270e-01 
5.930092e-01 
6.465367e-01 
6.984420e-01 
7.483532e-01 
7.958264e-01 
8.403335e-01 
8.811873e-01 
9.175440e-01 
9.484467e-01 
9.542856e-01 
9.542856e-01 
9.542856e-01 
9.542856e-01 
9.542856e-01 
9.542856e-01 
9.542856e-01 
9.542856e-01 
9.542856e-01 
9.542856e-01 
9.542856e-01 
9.542856e-01 
9.542856e-01 
9.542856e-01 
9.542856e-01 
9.542856e-01 
9.542856e-01 
9.542856e-01 
9.542856e-01 
9.542856e-01 
9.542856e-01 
9.542856e-01 
9.542856e-01 
9.542856e-01 
9.542856e-01 
9.542856e-01 
9.542856e-01 
9.542856e-01 
9.542856e-01 
9.542856e-01 
9.542856e-01 
9.542856e-01 
9.542856e-01 
9.542856e-01 
9.542856e-01 
9.542856e-01 
9.542856e-01 
9.542856e-01 
9.542856e-01 
9.542856e-01 
9.542856e-01 
9.542856e-01 
9.542856e-01 
9.542856e-01 
9.542856e-01 
9.542856e-01 
9.542856e-01 
9.542856e-01 
9.542856e-01 
9.542856e-01 
9.542856e-01 
9.542856e-01 
9.542856e-01 
9.542856e-01 
9.542856e-01 
9.542856e-01 
9.542856e-01 
9.542856e-01 
9.542856e-01 
9.542856e-01 
9.542856e-01 
9.542856e-01 
9.542856e-01 
9.542856e-01 
9.542856e-01 
9.542856e-01 
9.542856e-01 
9.542856e-01 
9.542856e-01 
9.542856e-01 
9.542856e-01 
9.542856e-01 
9.542856e-01 
9.542856e-01 
9.542856e-01 
9.542856e-01 
9.542856e-01 
9.542856e-01 
9.542856e-01 
9.542856e-01 
9.542856e-01 
9.542856e-01 
9.542856e-01 
9.542856e-01 
9.542856e-01 
9.542856e-01 
9.542856e-01 
9.542856e-01 
9.542856e-01 
9.542856e-01 
9.542856e-01 
9.542856e-01 
9.542856e-01 
9.542856e-01 
9.542856e-01 
9.542856e-01 
9.542856e-01 
9.542856e-01 
9.542856e-01 
9.542856e-01 
9.542856e-01 
9.542856e-01 
9.542856e-01 
9.542856e-01 
9.542856e-01 
9.542856e-01 
9.542856e-01 
9.542856e-01 
9.542856e-01 
9.542856e-01 
9.542856e-01 
9.542856e-01 
9.542856e-01 
9.542856e-01 
9.542856e-01 
9.542856e-01 
9.542856e-01 
9.542856e-01 
9.542856e-01 
9.542856e-01 
9.542856e-01 
9.542856e-01 
9.542856e-01 
9.542856e-01 
9.542856e-01 
9.542856e-01 
9.542856e-01 
9.542856e-01 
9.542856e-01 
9.542856e-01 
9.542856e-01 
9.542856e-01 
9.542856e-01 
9.542856e-01 
9.542856e-01 
9.542856e-01 
9.542856e-01 
9.542856e-01 
9.542856e-01 
9.542856e-01 
9.542856e-01 
9.542856e-01 
9.542856e-01 
9.542856e-01 
9.542856e-01 
9.542856e-01 
9.542856e-01 
9.542856e-01 
9.542856e-01 
9.542856e-01 
9.542856e-01 
9.542856e-01 
9.542856e-01 
9.542856e-01 
9.542856e-01 
9.542856e-01 
9.542856e-01 
9.542856e-01 
9.542856e-01 
9.542856e-01 
9.542856e-01 
9.542856e-01 
9.542856e-01 
9.542856e-01 
9.542856e-01 
9.542856e-01 
9.542856e-01 
9.542856e-01 
9.542856e-01 
9.542845e-01 
9.542800e-01 
9.542764e-01 
9.542735e-01 
9.542709e-01 
9.542687e-01 
9.542669e-01 
9.542652e-01 
9.542637e-01 
9.542622e-01 
9.542609e-01 
9.542595e-01 
9.542582e-01 
9.542570e-01 
9.542557e-01 
9.542545e-01 
9.542533e-01 
9.542521e-01 
9.542509e-01 
9.542496e-01 
9.542484e-01 
9.542473e-01 
9.542463e-01 
9.542453e-01 
9.542444e-01 
9.542436e-01 
9.542428e-01 
9.542421e-01 
9.542415e-01 
9.542410e-01 
9.542405e-01 
9.542400e-01 
9.542396e-01 
9.542392e-01 
9.542388e-01 
9.542385e-01 
9.542381e-01 
9.542378e-01 
9.542375e-01 
9.542373e-01 
9.542370e-01 
9.542368e-01 
9.542366e-01 
9.542363e-01 
9.542361e-01 
9.542360e-01 
9.542358e-01 
9.542357e-01 
9.542355e-01 
9.542354e-01 
9.542353e-01 
9.542351e-01 
9.542350e-01 
9.542348e-01 
9.542347e-01 
9.542346e-01 
9.542345e-01 
9.542344e-01 
9.542343e-01 
9.542342e-01 
9.542341e-01 
9.542340e-01 
9.542339e-01 
9.542339e-01 
9.542338e-01 
9.542337e-01 
9.542336e-01 
9.542335e-01 
9.542335e-01 
9.542335e-01 
9.542333e-01 
9.542333e-01 
9.542332e-01 
9.542332e-01 
9.542331e-01 
9.542331e-01 
9.542330e-01 
9.542330e-01 
9.542329e-01 
9.542329e-01 
9.542328e-01 
9.542328e-01 
9.542328e-01 
9.542328e-01 
9.542328e-01 
9.542328e-01 
9.542328e-01 
9.542328e-01 
9.542328e-01 
9.542328e-01 
9.542328e-01 
9.542328e-01 
9.542328e-01 
9.542328e-01 
9.542328e-01 
9.542328e-01 
9.542328e-01 
9.542328e-01 
9.542328e-01 
9.542328e-01 
9.542328e-01 
9.542328e-01 
9.542328e-01 
9.542328e-01 
9.542328e-01 
9.542328e-01 
9.542328e-01 
9.542328e-01 
9.542328e-01 
9.542328e-01 
9.542328e-01 
9.542328e-01 
9.542328e-01 
9.542328e-01 
9.542328e-01 
9.542328e-01 
9.542328e-01 
9.542328e-01 
9.542328e-01 
9.542328e-01 
9.542328e-01 
9.542328e-01 
9.542328e-01 
9.542328e-01 
9.542328e-01 
9.542328e-01 
9.542328e-01 
9.542328e-01 
9.542328e-01 
9.542328e-01 
9.542328e-01 
9.542328e-01 
9.542328e-01 
9.542328e-01 
9.542328e-01 
9.542328e-01 
9.542328e-01 
9.542328e-01 
9.542328e-01 
9.542328e-01 
9.542328e-01 
9.542328e-01 
9.542328e-01 
9.542328e-01 
9.542328e-01 
9.542328e-01 
9.542328e-01 
9.542328e-01 
9.542328e-01 
9.542328e-01 
9.542328e-01 
9.542328e-01 
9.542328e-01 
9.542328e-01 
9.542328e-01 
9.542328e-01 
9.542328e-01 
9.542328e-01 
9.542328e-01 
9.542328e-01 
9.542328e-01 
9.542328e-01 
9.542328e-01 
9.542328e-01 
9.542328e-01 
9.542328e-01 
9.542328e-01 
9.542328e-01 
9.542328e-01 
9.542328e-01 
9.542328e-01 
9.542328e-01 
9.542328e-01 
9.542328e-01 
9.542328e-01 
9.542328e-01 
9.542328e-01 
9.542328e-01 
9.542328e-01 
9.542328e-01 
9.542328e-01 
9.542328e-01 
9.542328e-01 
9.542328e-01 
9.542328e-01 
9.542328e-01 
9.542328e-01 
9.542328e-01 
9.542328e-01 
9.542328e-01 
9.542328e-01 
9.542328e-01 
9.542328e-01 
9.542328e-01 
9.542328e-01 
9.542328e-01 
9.542328e-01 
9.542328e-01 
9.542328e-01 
9.542328e-01 
9.542328e-01 
9.542328e-01 
9.542328e-01 
9.542328e-01 
9.542328e-01 
9.542328e-01 
9.542328e-01 
9.542328e-01 
9.542328e-01 
9.542328e-01 
9.542328e-01 
9.542328e-01 
9.542328e-01 
9.542328e-01 
9.542328e-01 
9.542328e-01 
9.542328e-01 
9.542328e-01 
9.542328e-01 
9.542328e-01 
9.542328e-01 
9.542328e-01 
9.542328e-01 
9.542328e-01 
9.542328e-01 
9.542328e-01 
9.542328e-01 
9.542328e-01 
9.542328e-01 
9.542328e-01 
9.542328e-01 
9.542328e-01 
9.542328e-01 
9.542328e-01 
9.542328e-01 
9.542328e-01 
9.542328e-01 
9.542328e-01 
9.542328e-01 
9.542328e-01 
9.542328e-01 
9.542328e-01 
9.542328e-01 
9.542328e-01 
9.542328e-01 
9.542328e-01 
9.542328e-01 
9.542328e-01 
9.542328e-01 
9.542328e-01 
9.483891e-01 
9.174383e-01 
8.809772e-01 
8.399238e-01 
7.950764e-01 
7.469516e-01 
6.959285e-01 
6.420258e-01 
5.850041e-01 
5.242906e-01 
4.587574e-01 
3.857495e-01 
3.001576e-01 
1.897411e-01 
2.818093e-02 
4.845451e-03 
2.017844e-03 
1.247069e-03 
8.505583e-04 
6.159129e-04 
4.645770e-04 
3.611410e-04 
2.874044e-04 
2.330794e-04 
1.919608e-04 
1.600761e-04 
1.351034e-04 
1.152284e-04 
9.935989e-05 
8.593383e-05 
7.484777e-05 
6.560857e-05 
5.784047e-05 
5.167344e-05 
4.598929e-05 
4.111091e-05 
3.690374e-05 
3.325466e-05 
3.007545e-05 
2.729182e-05 
2.484377e-05 
2.268232e-05 
2.076601e-05 
1.906202e-05 
1.754126e-05 
1.617980e-05 
1.495736e-05 
1.385630e-05 
1.286252e-05 
1.193612e-05 
1.112364e-05 
1.038442e-05 
9.710881e-06 
9.095748e-06 
8.531960e-06 
8.016365e-06 
7.542843e-06 
7.107860e-06 
6.707483e-06 
6.338683e-06 
5.998945e-06 
5.687283e-06 
5.403668e-06 
5.140867e-06 
4.914528e-06 
4.674954e-06 
4.448762e-06 
4.240614e-06 
4.046755e-06 
3.865433e-06 
3.695435e-06 
3.535305e-06 
3.384236e-06 
3.242890e-06 
3.109967e-06 
2.987254e-06 
2.868465e-06 
2.756452e-06 
2.650890e-06 
2.555527e-06 
2.460660e-06 
2.438368e-06 
2.437874e-06 
2.437785e-06 
2.437776e-06 
2.437775e-06 
2.437775e-06 
2.437775e-06 
2.437775e-06 
2.437775e-06 
2.437775e-06 
2.437775e-06 
2.437775e-06 
2.437775e-06 
2.437775e-06 
2.437775e-06 
2.437775e-06 
2.437775e-06 
2.437775e-06 
2.437775e-06 
2.437775e-06 
2.437775e-06 
2.437775e-06 
2.437775e-06 
2.437775e-06 
2.437775e-06 
2.437775e-06 
2.437775e-06 
2.437775e-06 
2.437775e-06 
2.437775e-06 
2.437775e-06 
2.437775e-06 
2.437775e-06 
2.437775e-06 
2.437775e-06 
2.437775e-06 
2.437775e-06 
2.437775e-06 
2.437775e-06 
2.437775e-06 
2.437775e-06 
2.437775e-06 
2.437775e-06 
2.437775e-06 
2.437775e-06 
2.437775e-06 
2.437775e-06 
2.437775e-06 
2.437775e-06 
2.437775e-06 
2.437775e-06 
2.437775e-06 
2.437775e-06 
2.437775e-06 
2.437775e-06 
2.437775e-06 
2.437775e-06 
2.437775e-06 
2.437775e-06 
2.437775e-06 
2.437775e-06 
2.437775e-06 
2.437775e-06 
2.437775e-06 
2.437775e-06 
2.437775e-06 
2.437775e-06 
2.437775e-06 
2.437775e-06 
2.437775e-06 
2.437775e-06 
2.437775e-06 
2.437775e-06 
2.437775e-06 
2.437775e-06 
2.437775e-06 
2.437775e-06 
2.437775e-06 
2.437775e-06 
2.437775e-06 
2.437775e-06 
2.437775e-06 
2.437775e-06 
2.437775e-06 
2.437775e-06 
2.437775e-06 
2.437775e-06 
2.437775e-06 
2.437775e-06 
2.437775e-06 
2.437775e-06 
2.437775e-06 
2.437775e-06 
2.437775e-06 
2.437775e-06 
2.437775e-06 
2.437775e-06 
2.437775e-06 
2.437775e-06 
2.437775e-06 
2.437775e-06 
2.437775e-06 
2.437775e-06 
2.437775e-06 
2.437775e-06 
2.437775e-06 
2.437775e-06 
2.437775e-06 
2.437775e-06 
2.437775e-06 
2.437775e-06 
2.437775e-06 
2.437775e-06 
2.437775e-06 
2.437775e-06 
2.437775e-06 
2.437775e-06 
2.437775e-06 
2.437775e-06 
2.437775e-06 
2.437775e-06 
2.437775e-06 
2.437775e-06 
2.437775e-06 
2.437775e-06 
2.437775e-06 
2.437775e-06 
2.437775e-06 
2.437775e-06 
2.437775e-06 
2.437775e-06 
2.437775e-06 
2.437775e-06 
2.437775e-06 
2.437775e-06 
2.437775e-06 
2.437775e-06 
2.437775e-06 
2.437775e-06 
2.437775e-06 
2.437775e-06 
2.437775e-06 
2.437775e-06 
2.437775e-06 
2.437775e-06 
2.437775e-06 
2.437775e-06 
2.437775e-06 
2.437775e-06 
2.437775e-06 
2.437775e-06 
2.437775e-06 
2.437775e-06 
2.437775e-06 
2.437775e-06 
2.437775e-06 
2.437775e-06 
2.437775e-06 
2.437775e-06 
2.437775e-06 
2.437775e-06 
2.437775e-06 
2.437775e-06 
2.437775e-06 
2.437775e-06 
2.437775e-06 
2.437775e-06 
2.437775e-06 
2.437775e-06 
2.448005e-06 
2.499600e-06 
2.564862e-06 
2.633019e-06 
2.720213e-06 
2.795505e-06 
2.874289e-06 
2.956776e-06 
3.044837e-06 
3.135585e-06 
3.230925e-06 
3.330953e-06 
3.436086e-06 
3.546716e-06 
3.663155e-06 
3.785854e-06 
3.915267e-06 
4.051894e-06 
4.196313e-06 
4.349039e-06 
4.510763e-06 
4.682205e-06 
4.864158e-06 
5.057509e-06 
5.263173e-06 
5.481691e-06 
5.715260e-06 
5.956820e-06 
6.222788e-06 
6.507617e-06 
6.813119e-06 
7.141337e-06 
7.494657e-06 
7.875473e-06 
8.286762e-06 
8.731866e-06 
9.076667e-06 
9.587943e-06 
1.014462e-05 
1.075186e-05 
1.141597e-05 
1.214419e-05 
1.294509e-05 
1.382826e-05 
1.511140e-05 
1.623275e-05 
1.748302e-05 
1.888312e-05 
2.045675e-05 
2.223327e-05 
2.424813e-05 
2.654515e-05 
2.917582e-05 
3.250794e-05 
3.608197e-05 
4.024799e-05 
4.532436e-05 
5.122026e-05 
5.818557e-05 
6.639333e-05 
7.613253e-05 
8.765167e-05 
1.011449e-04 
1.167363e-04 
1.343967e-04 
1.537766e-04 
1.744410e-04 
1.959629e-04 
2.180312e-04 
2.404083e-04 
2.629864e-04 
2.855909e-04 
3.082022e-04 
3.303804e-04 
3.524907e-04 
3.739160e-04 
3.942530e-04 
4.129509e-04 
4.275693e-04 
4.414874e-04 
4.521824e-04 
4.549028e-04 
4.551100e-04 
4.551218e-04 
4.551224e-04 
4.551225e-04 
4.551225e-04 
4.551225e-04 
4.551225e-04 
4.551225e-04 
4.551225e-04 
4.551225e-04 
4.551225e-04 
4.551225e-04 
4.551225e-04 
4.551225e-04 
4.551225e-04 
4.551225e-04 
4.551225e-04 
4.551225e-04 
4.551225e-04 
4.551225e-04 
4.551225e-04 
4.551225e-04 
4.551225e-04 
4.551225e-04 
4.551225e-04 
4.551225e-04 
4.551225e-04 
4.551225e-04 
4.551225e-04 
4.551225e-04 
4.551225e-04 
4.551225e-04 
4.551225e-04 
4.551225e-04 
4.551225e-04 
4.551225e-04 
4.551225e-04 
4.551225e-04 
4.551225e-04 
4.551225e-04 
4.551225e-04 
4.551225e-04 
4.551225e-04 
4.551225e-04 
4.551225e-04 
4.551225e-04 
4.551225e-04 
4.551225e-04 
4.551225e-04 
4.551225e-04 
4.551225e-04 
4.551225e-04 
4.551225e-04 
4.551225e-04 
4.551225e-04 
4.551225e-04 
4.551225e-04 
4.551225e-04 
4.551225e-04 
4.551225e-04 
4.551225e-04 
4.551225e-04 
4.551225e-04 
4.551225e-04 
4.551225e-04 
4.551225e-04 
4.551225e-04 
4.551225e-04 
4.551225e-04 
4.551225e-04 
4.551225e-04 
4.551225e-04 
4.551225e-04 
4.551225e-04 
4.551225e-04 
4.551225e-04 
4.551225e-04 
4.551225e-04 
4.551225e-04 
4.551225e-04 
4.551225e-04 
4.551225e-04 
4.551225e-04 
4.551225e-04 
4.551225e-04 
4.551225e-04 
4.551225e-04 
4.551225e-04 
4.551225e-04 
4.551225e-04 
4.551225e-04 
4.551225e-04 
4.551225e-04 
4.551225e-04 
4.551225e-04 
4.551225e-04 
4.551225e-04 
4.551225e-04 
4.551225e-04 
4.551225e-04 
4.551225e-04 
4.551225e-04 
4.551225e-04 
4.551225e-04 
4.551225e-04 
4.551225e-04 
4.551225e-04 
4.551225e-04 
4.551225e-04 
4.551225e-04 
4.551225e-04 
4.551225e-04 
4.551225e-04 
4.551225e-04 
4.551225e-04 
4.551225e-04 
4.551225e-04 
4.551225e-04 
4.551225e-04 
4.551225e-04 
4.551225e-04 
4.551225e-04 
4.551225e-04 
4.551225e-04 
4.551225e-04 
4.551225e-04 
4.551225e-04 
4.551225e-04 
4.551225e-04 
4.551225e-04 
4.551225e-04 
4.551225e-04 
4.551225e-04 
4.551225e-04 
4.551225e-04 
4.551225e-04 
4.551225e-04 
4.551225e-04 
4.551225e-04 
4.551225e-04 
4.551225e-04 
4.551225e-04 
4.551225e-04 
4.551225e-04 
4.551225e-04 
4.551225e-04 
4.551225e-04 
4.551225e-04 
4.551225e-04 
4.551225e-04 
4.551225e-04 
4.551225e-04 
4.551225e-04 
4.551225e-04 
4.551225e-04 
4.551225e-04 
4.551225e-04 
4.551225e-04 
4.551225e-04 
4.551225e-04 
4.551225e-04 
4.551225e-04 
4.551225e-04 
4.551225e-04 
4.551225e-04 
4.551225e-04 
4.551225e-04 
4.551225e-04 
4.592132e-04 
4.788963e-04 
4.998596e-04 
5.222243e-04 
5.456657e-04 
5.704661e-04 
5.966442e-04 
6.242525e-04 
6.532001e-04 
6.437709e-04 
6.761811e-04 
7.109308e-04 
7.480845e-04 
7.878598e-04 
8.304621e-04 
8.761574e-04 
9.252288e-04 
9.779906e-04 
1.034799e-03 
1.095933e-03 
1.161803e-03 
1.232879e-03 
1.309697e-03 
1.392867e-03 
1.483015e-03 
1.580907e-03 
1.687416e-03 
1.803423e-03 
1.930146e-03 
2.068769e-03 
2.220059e-03 
2.386833e-03 
2.570444e-03 
2.772935e-03 
2.996813e-03 
3.244960e-03 
3.509715e-03 
3.815368e-03 
4.156747e-03 
4.539196e-03 
4.969032e-03 
5.481009e-03 
6.002358e-03 
6.624999e-03 
7.335034e-03 
8.147890e-03 
9.082514e-03 
1.016258e-02 
1.149818e-02 
1.298026e-02 
1.472163e-02 
1.678082e-02 
1.923277e-02 
2.224238e-02 
2.581652e-02 
3.017297e-02 
3.559047e-02 
4.226129e-02 
5.068159e-02 
6.128554e-02 
7.477649e-02 
9.201610e-02 
1.139998e-01 
1.417479e-01 
1.760133e-01 
2.169240e-01 
2.637896e-01 
3.151946e-01 
3.695655e-01 
4.254242e-01 
4.817091e-01 
5.375634e-01 
5.924966e-01 
6.460769e-01 
6.980365e-01 
7.479886e-01 
7.955326e-01 
8.400966e-01 
8.810057e-01 
9.174150e-01 
9.483647e-01 
9.542111e-01 
9.542111e-01 
9.542111e-01 
9.542111e-01 
9.542111e-01 
9.542111e-01 
9.542111e-01 
9.542111e-01 
9.542111e-01 
9.542111e-01 
9.542111e-01 
9.542111e-01 
9.542111e-01 
9.542111e-01 
9.542111e-01 
9.542111e-01 
9.542111e-01 
9.542111e-01 
9.542111e-01 
9.542111e-01 
9.542111e-01 
9.542111e-01 
9.542111e-01 
9.542111e-01 
9.542111e-01 
9.542111e-01 
9.542111e-01 
9.542111e-01 
9.542111e-01 
9.542111e-01 
9.542111e-01 
9.542111e-01 
9.542111e-01 
9.542111e-01 
9.542111e-01 
9.542111e-01 
9.542111e-01 
9.542111e-01 
9.542111e-01 
9.542111e-01 
9.542111e-01 
9.542111e-01 
9.542111e-01 
9.542111e-01 
9.542111e-01 
9.542111e-01 
9.542111e-01 
9.542111e-01 
9.542111e-01 
9.542111e-01 
9.542111e-01 
9.542111e-01 
9.542111e-01 
9.542111e-01 
9.542111e-01 
9.542111e-01 
9.542111e-01 
9.542111e-01 
9.542111e-01 
9.542111e-01 
9.542111e-01 
9.542111e-01 
9.542111e-01 
9.542111e-01 
9.542111e-01 
9.542111e-01 
9.542111e-01 
9.542111e-01 
9.542111e-01 
9.542111e-01 
9.542111e-01 
9.542111e-01 
9.542111e-01 
9.542111e-01 
9.542111e-01 
9.542111e-01 
9.542111e-01 
9.542111e-01 
9.542111e-01 
9.542111e-01 
9.542111e-01 
9.542111e-01 
9.542111e-01 
9.542111e-01 
9.542111e-01 
9.542111e-01 
9.542111e-01 
9.542111e-01 
9.542111e-01 
9.542111e-01 
9.542111e-01 
9.542111e-01 
9.542111e-01 
9.542111e-01 
9.542111e-01 
9.542111e-01 
9.542111e-01 
9.542111e-01 
9.542111e-01 
9.542111e-01 
9.542111e-01 
9.542111e-01 
9.542111e-01 
9.542111e-01 
9.542111e-01 
9.542111e-01 
9.542111e-01 
9.542111e-01 
9.542111e-01 
9.542111e-01 
9.542111e-01 
9.542111e-01 
9.542111e-01 
9.542111e-01 
9.542111e-01 
9.542111e-01 
9.542111e-01 
9.542111e-01 
9.542111e-01 
9.542111e-01 
9.542111e-01 
9.542111e-01 
9.542111e-01 
9.542111e-01 
9.542111e-01 
9.542111e-01 
9.542111e-01 
9.542111e-01 
9.542111e-01 
9.542111e-01 
9.542111e-01 
9.542111e-01 
9.542111e-01 
9.542111e-01 
9.542111e-01 
9.542111e-01 
9.542111e-01 
9.542111e-01 
9.542111e-01 
9.542111e-01 
9.542111e-01 
9.542111e-01 
9.542111e-01 
9.542111e-01 
9.542111e-01 
9.542111e-01 
9.542111e-01 
9.542111e-01 
9.542111e-01 
9.542111e-01 
9.542111e-01 
9.542111e-01 
9.542111e-01 
9.542111e-01 
9.542111e-01 
9.542111e-01 
9.542111e-01 
9.542111e-01 
9.542111e-01 
9.542111e-01 
9.542111e-01 
9.542111e-01 
9.542111e-01 
9.542111e-01 
9.542111e-01 
9.542111e-01 
9.542111e-01 
9.542111e-01 
9.542111e-01 
9.542122e-01 
9.542165e-01 
9.542198e-01 
9.542224e-01 
9.542246e-01 
9.542264e-01 
9.542279e-01 
9.542291e-01 
9.542302e-01 
9.542311e-01 
9.542319e-01 
9.542328e-01 
9.542334e-01 
9.542341e-01 
9.542346e-01 
9.542351e-01 
9.542356e-01 
9.542361e-01 
9.542366e-01 
9.542370e-01 
9.542375e-01 
9.542378e-01 
9.542380e-01 
9.542383e-01 
9.542384e-01 
9.542385e-01 
9.542387e-01 
9.542386e-01 
9.542386e-01 
9.542387e-01 
9.542386e-01 
9.542385e-01 
9.542384e-01 
9.542383e-01 
9.542384e-01 
9.542382e-01 
9.542381e-01 
9.542380e-01 
9.542379e-01 
9.542378e-01 
9.542377e-01 
9.542376e-01 
9.542375e-01 
9.542374e-01 
9.542374e-01 
9.542372e-01 
9.542370e-01 
9.542370e-01 
9.542369e-01 
9.542369e-01 
9.542368e-01 
9.542367e-01 
9.542365e-01 
9.542366e-01 
9.542364e-01 
9.542363e-01 
9.542363e-01 
9.542361e-01 
9.542361e-01 
9.542360e-01 
9.542360e-01 
9.542358e-01 
9.542359e-01 
9.542357e-01 
9.542357e-01 
9.542356e-01 
9.542356e-01 
9.542355e-01 
9.542354e-01 
9.542353e-01 
9.542353e-01 
9.542352e-01 
9.542351e-01 
9.542351e-01 
9.542350e-01 
9.542350e-01 
9.542350e-01 
9.542348e-01 
9.542348e-01 
9.542348e-01 
9.542347e-01 
9.542347e-01 
9.542347e-01 
9.542347e-01 
9.542347e-01 
9.542347e-01 
9.542347e-01 
9.542347e-01 
9.542347e-01 
9.542347e-01 
9.542347e-01 
9.542347e-01 
9.542347e-01 
9.542347e-01 
9.542347e-01 
9.542347e-01 
9.542347e-01 
9.542347e-01 
9.542347e-01 
9.542347e-01 
9.542347e-01 
9.542347e-01 
9.542347e-01 
9.542347e-01 
9.542347e-01 
9.542347e-01 
9.542347e-01 
9.542347e-01 
9.542347e-01 
9.542347e-01 
9.542347e-01 
9.542347e-01 
9.542347e-01 
9.542347e-01 
9.542347e-01 
9.542347e-01 
9.542347e-01 
9.542347e-01 
9.542347e-01 
9.542347e-01 
9.542347e-01 
9.542347e-01 
9.542347e-01 
9.542347e-01 
9.542347e-01 
9.542347e-01 
9.542347e-01 
9.542347e-01 
9.542347e-01 
9.542347e-01 
9.542347e-01 
9.542347e-01 
9.542347e-01 
9.542347e-01 
9.542347e-01 
9.542347e-01 
9.542347e-01 
9.542347e-01 
9.542347e-01 
9.542347e-01 
9.542347e-01 
9.542347e-01 
9.542347e-01 
9.542347e-01 
9.542347e-01 
9.542347e-01 
9.542347e-01 
9.542347e-01 
9.542347e-01 
9.542347e-01 
9.542347e-01 
9.542347e-01 
9.542347e-01 
9.542347e-01 
9.542347e-01 
9.542347e-01 
9.542347e-01 
9.542347e-01 
9.542347e-01 
9.542347e-01 
9.542347e-01 
9.542347e-01 
9.542347e-01 
9.542347e-01 
9.542347e-01 
9.542347e-01 
9.542347e-01 
9.542347e-01 
9.542347e-01 
9.542347e-01 
9.542347e-01 
9.542347e-01 
9.542347e-01 
9.542347e-01 
9.542347e-01 
9.542347e-01 
9.542347e-01 
9.542347e-01 
9.542347e-01 
9.542347e-01 
9.542347e-01 
9.542347e-01 
9.542347e-01 
9.542347e-01 
9.542347e-01 
9.542347e-01 
9.542347e-01 
9.542347e-01 
9.542347e-01 
9.542347e-01 
9.542347e-01 
9.542347e-01 
9.542347e-01 
9.542347e-01 
9.542347e-01 
9.542347e-01 
9.542347e-01 
9.542347e-01 
9.542347e-01 
9.542347e-01 
9.542347e-01 
9.542347e-01 
9.542347e-01 
9.542347e-01 
9.542347e-01 
9.542347e-01 
9.542347e-01 
9.542347e-01 
9.542347e-01 
9.542347e-01 
9.542347e-01 
9.542347e-01 
9.542347e-01 
9.542347e-01 
9.542347e-01 
9.542347e-01 
9.542347e-01 
9.542347e-01 
9.542347e-01 
9.542347e-01 
9.542347e-01 
9.542347e-01 
9.542347e-01 
9.542347e-01 
9.542347e-01 
9.542347e-01 
9.542347e-01 
9.542347e-01 
9.542347e-01 
9.542347e-01 
9.542347e-01 
9.542347e-01 
9.542347e-01 
9.542347e-01 
9.542347e-01 
9.542347e-01 
9.542347e-01 
9.542347e-01 
9.542347e-01 
9.542347e-01 
9.542347e-01 
9.542347e-01 
9.542347e-01 
9.542347e-01 
9.542347e-01 
9.542347e-01 
9.542347e-01 
9.542347e-01 
9.542347e-01 
9.542347e-01 
9.483978e-01 
9.174283e-01 
8.809905e-01 
8.399248e-01 
7.950616e-01 
7.469548e-01 
6.959321e-01 
6.420293e-01 
5.850370e-01 
5.242752e-01 
4.587009e-01 
3.857290e-01 
3.001885e-01 
1.897446e-01 
2.819505e-02 
7.436574e-03 
2.226848e-03 
1.249601e-03 
8.511150e-04 
6.159428e-04 
4.646345e-04 
3.611702e-04 
2.874227e-04 
2.331056e-04 
1.919589e-04 
1.600909e-04 
1.351012e-04 
1.152429e-04 
9.936351e-05 
8.593650e-05 
7.485001e-05 
6.561039e-05 
5.784409e-05 
5.167676e-05 
4.598915e-05 
4.111317e-05 
3.690361e-05 
3.325543e-05 
3.007610e-05 
2.729239e-05 
2.484427e-05 
2.268276e-05 
2.076590e-05 
1.906280e-05 
1.754119e-05 
1.618043e-05 
1.495728e-05 
1.385650e-05 
1.283169e-05 
1.193629e-05 
1.112377e-05 
1.038473e-05 
9.710751e-06 
9.095947e-06 
8.531699e-06 
8.016230e-06 
7.542277e-06 
7.106632e-06 
6.704671e-06 
6.331567e-06 
5.978448e-06 
5.618975e-06 
5.169028e-06 
4.359015e-06 
3.161120e-06 
2.073131e-06 
1.125589e-06 
2.759988e-07 
-4.625018e-07 
-1.098912e-06 
-1.649955e-06 
-2.123974e-06 
-2.524936e-06 
-2.858246e-06 
-3.150724e-06 
-3.357772e-06 
-3.551435e-06 
-3.694581e-06 
-3.789834e-06 
-3.798075e-06 
-3.815033e-06 
-3.838946e-06 
-3.844160e-06 
-3.845037e-06 
-3.845122e-06 
-3.845129e-06 
-3.845129e-06 
-3.845129e-06 
-3.845129e-06 
-3.845129e-06 
-3.845129e-06 
-3.845129e-06 
-3.845129e-06 
-3.845129e-06 
-3.845129e-06 
-3.845129e-06 
-3.845129e-06 
-3.845129e-06 
-3.845129e-06 
-3.845129e-06 
-3.845129e-06 
-3.845129e-06 
-3.845129e-06 
-3.845129e-06 
-3.845129e-06 
-3.845129e-06 
-3.845129e-06 
-3.845129e-06 
-3.845129e-06 
-3.845129e-06 
-3.845129e-06 
-3.845129e-06 
-3.845129e-06 
-3.845129e-06 
-3.845129e-06 
-3.845129e-06 
-3.845129e-06 
-3.845129e-06 
-3.845129e-06 
-3.845129e-06 
-3.845129e-06 
-3.845129e-06 
-3.845129e-06 
-3.845129e-06 
-3.845129e-06 
-3.845129e-06 
-3.845129e-06 
-3.845129e-06 
-3.845129e-06 
-3.845129e-06 
-3.845129e-06 
-3.845129e-06 
-3.845129e-06 
-3.845129e-06 
-3.845129e-06 
-3.845129e-06 
-3.845129e-06 
-3.845129e-06 
-3.845129e-06 
-3.845129e-06 
-3.845129e-06 
-3.845129e-06 
-3.845129e-06 
-3.845129e-06 
-3.845129e-06 
-3.845129e-06 
-3.845129e-06 
-3.845129e-06 
-3.845129e-06 
-3.845129e-06 
-3.845129e-06 
-3.845129e-06 
-3.845129e-06 
-3.845129e-06 
-3.845129e-06 
-3.845129e-06 
-3.845129e-06 
-3.845129e-06 
-3.845129e-06 
-3.845129e-06 
-3.845129e-06 
-3.845129e-06 
-3.845129e-06 
-3.845129e-06 
-3.845129e-06 
-3.845129e-06 
-3.845129e-06 
-3.845129e-06 
-3.845129e-06 
-3.845129e-06 
-3.845129e-06 
-3.845129e-06 
-3.845129e-06 
-3.845129e-06 
-3.845129e-06 
-3.845129e-06 
-3.845129e-06 
-3.845129e-06 
-3.845129e-06 
-3.845129e-06 
-3.845129e-06 
-3.845129e-06 
-3.845129e-06 
-3.845129e-06 
-3.845129e-06 
-3.845129e-06 
-3.845129e-06 
-3.845129e-06 
-3.845129e-06 
-3.845129e-06 
-3.845129e-06 
-3.845129e-06 
-3.845129e-06 
-3.845129e-06 
-3.845129e-06 
-3.845129e-06 
-3.845129e-06 
-3.845129e-06 
-3.845129e-06 
-3.845129e-06 
-3.845129e-06 
-3.845129e-06 
-3.845129e-06 
-3.845129e-06 
-3.845129e-06 
-3.845129e-06 
-3.845129e-06 
-3.845129e-06 
-3.845129e-06 
-3.845129e-06 
-3.845129e-06 
-3.845129e-06 
-3.845129e-06 
-3.845129e-06 
-3.845129e-06 
-3.845129e-06 
-3.845129e-06 
-3.845129e-06 
-3.845129e-06 
-3.845129e-06 
-3.845129e-06 
-3.845129e-06 
-3.845129e-06 
-3.845129e-06 
-3.845129e-06 
-3.845129e-06 
-3.845129e-06 
-3.845129e-06 
-3.845129e-06 
-3.845129e-06 
-3.845129e-06 
-3.845129e-06 
-3.845129e-06 
-3.845129e-06 
-3.845129e-06 
-3.845129e-06 
-3.845129e-06 
-3.845129e-06 
-3.845129e-06 
-3.845129e-06 
-3.845129e-06 
-3.845129e-06 
-3.845129e-06 
-3.845129e-06 
-3.845129e-06 
-3.845129e-06 
-3.845129e-06 
-3.845129e-06 
-3.845129e-06 
-3.845129e-06 
-3.833191e-06 
-3.775407e-06 
-3.706934e-06 
-3.638718e-06 
-3.566852e-06 
-3.489829e-06 
-3.407938e-06 
-3.320735e-06 
-3.227587e-06 
-3.128658e-06 
-3.023009e-06 
-2.910217e-06 
-2.789738e-06 
-2.660929e-06 
-2.523031e-06 
-2.375541e-06 
-2.217269e-06 
-2.047691e-06 
-1.865388e-06 
-1.669574e-06 
-1.458895e-06 
-1.232009e-06 
-9.873854e-07 
-7.233603e-07 
-4.379038e-07 
-1.295864e-07 
2.048286e-07 
5.609440e-07 
9.536560e-07 
1.380393e-06 
1.844958e-06 
2.351466e-06 
2.904512e-06 
3.509312e-06 
4.172148e-06 
4.898475e-06 
5.505988e-06 
6.362695e-06 
7.306918e-06 
8.349285e-06 
9.502120e-06 
1.077934e-05 
1.219759e-05 
1.377344e-05 
1.600619e-05 
1.802351e-05 
2.027985e-05 
2.280315e-05 
2.562852e-05 
2.879374e-05 
3.233913e-05 
3.630773e-05 
4.074551e-05 
4.568705e-05 
5.151724e-05 
5.760274e-05 
6.434929e-05 
7.159528e-05 
7.935496e-05 
8.760545e-05 
9.629800e-05 
1.053979e-04 
1.149182e-04 
1.249194e-04 
1.355638e-04 
1.468077e-04 
1.586727e-04 
1.711562e-04 
1.843065e-04 
1.981934e-04 
2.129063e-04 
2.285764e-04 
2.453209e-04 
2.633108e-04 
2.825999e-04 
3.032763e-04 
3.253588e-04 
3.485855e-04 
3.714486e-04 
3.949744e-04 
4.170029e-04 
4.222647e-04 
4.224795e-04 
4.224911e-04 
4.224917e-04 
4.224918e-04 
4.224918e-04 
4.224918e-04 
4.224918e-04 
4.224918e-04 
4.224918e-04 
4.224918e-04 
4.224918e-04 
4.224918e-04 
4.224918e-04 
4.224918e-04 
4.224918e-04 
4.224918e-04 
4.224918e-04 
4.224918e-04 
4.224918e-04 
4.224918e-04 
4.224918e-04 
4.224918e-04 
4.224918e-04 
4.224918e-04 
4.224918e-04 
4.224918e-04 
4.224918e-04 
4.224918e-04 
4.224918e-04 
4.224918e-04 
4.224918e-04 
4.224918e-04 
4.224918e-04 
4.224918e-04 
4.224918e-04 
4.224918e-04 
4.224918e-04 
4.224918e-04 
4.224918e-04 
4.224918e-04 
4.224918e-04 
4.224918e-04 
4.224918e-04 
4.224918e-04 
4.224918e-04 
4.224918e-04 
4.224918e-04 
4.224918e-04 
4.224918e-04 
4.224918e-04 
4.224918e-04 
4.224918e-04 
4.224918e-04 
4.224918e-04 
4.224918e-04 
4.224918e-04 
4.224918e-04 
4.224918e-04 
4.224918e-04 
4.224918e-04 
4.224918e-04 
4.224918e-04 
4.224918e-04 
4.224918e-04 
4.224918e-04 
4.224918e-04 
4.224918e-04 
4.224918e-04 
4.224918e-04 
4.224918e-04 
4.224918e-04 
4.224918e-04 
4.224918e-04 
4.224918e-04 
4.224918e-04 
4.224918e-04 
4.224918e-04 
4.224918e-04 
4.224918e-04 
4.224918e-04 
4.224918e-04 
4.224918e-04 
4.224918e-04 
4.224918e-04 
4.224918e-04 
4.224918e-04 
4.224918e-04 
4.224918e-04 
4.224918e-04 
4.224918e-04 
4.224918e-04 
4.224918e-04 
4.224918e-04 
4.224918e-04 
4.224918e-04 
4.224918e-04 
4.224918e-04 
4.224918e-04 
4.224918e-04 
4.224918e-04 
4.224918e-04 
4.224918e-04 
4.224918e-04 
4.224918e-04 
4.224918e-04 
4.224918e-04 
4.224918e-04 
4.224918e-04 
4.224918e-04 
4.224918e-04 
4.224918e-04 
4.224918e-04 
4.224918e-04 
4.224918e-04 
4.224918e-04 
4.224918e-04 
4.224918e-04 
4.224918e-04 
4.224918e-04 
4.224918e-04 
4.224918e-04 
4.224918e-04 
4.224918e-04 
4.224918e-04 
4.224918e-04 
4.224918e-04 
4.224918e-04 
4.224918e-04 
4.224918e-04 
4.224918e-04 
4.224918e-04 
4.224918e-04 
4.224918e-04 
4.224918e-04 
4.224918e-04 
4.224918e-04 
4.224918e-04 
4.224918e-04 
4.224918e-04 
4.224918e-04 
4.224918e-04 
4.224918e-04 
4.224918e-04 
4.224918e-04 
4.224918e-04 
4.224918e-04 
4.224918e-04 
4.224918e-04 
4.224918e-04 
4.224918e-04 
4.224918e-04 
4.224918e-04 
4.224918e-04 
4.224918e-04 
4.224918e-04 
4.224918e-04 
4.224918e-04 
4.224918e-04 
4.224918e-04 
4.224918e-04 
4.224918e-04 
4.224918e-04 
4.224918e-04 
4.224918e-04 
4.224918e-04 
4.224918e-04 
4.224918e-04 
4.224918e-04 
4.263279e-04 
4.448151e-04 
4.646935e-04 
4.861370e-04 
5.085308e-04 
5.323174e-04 
5.576023e-04 
5.844651e-04 
6.131040e-04 
6.436280e-04 
6.761549e-04 
7.109313e-04 
7.480632e-04 
7.878498e-04 
8.304779e-04 
8.761465e-04 
9.252508e-04 
9.779861e-04 
1.034818e-03 
1.095913e-03 
1.161820e-03 
1.232849e-03 
1.309709e-03 
1.392800e-03 
1.482997e-03 
1.580824e-03 
1.687391e-03 
1.803322e-03 
1.930113e-03 
2.068819e-03 
2.220019e-03 
2.386893e-03 
2.570338e-03 
2.772944e-03 
2.996969e-03 
3.244979e-03 
3.509892e-03 
3.815297e-03 
4.156860e-03 
4.539104e-03 
4.992385e-03 
5.453669e-03 
6.002234e-03 
6.624657e-03 
7.335044e-03 
8.147447e-03 
9.082527e-03 
1.016296e-02 
1.149786e-02 
1.298081e-02 
1.472119e-02 
1.678159e-02 
1.923458e-02 
2.224256e-02 
2.581907e-02 
3.017342e-02 
3.559256e-02 
4.225953e-02 
5.068493e-02 
6.128270e-02 
7.478193e-02 
9.200567e-02 
1.140013e-01 
1.417313e-01 
1.760166e-01 
2.169004e-01 
2.637779e-01 
3.152136e-01 
3.695523e-01 
4.254443e-01 
4.816957e-01 
5.375667e-01 
5.924675e-01 
6.460816e-01 
6.980091e-01 
7.479913e-01 
7.954928e-01 
8.400864e-01 
8.809721e-01 
9.174069e-01 
9.483323e-01 
9.542111e-01 
9.542111e-01 
9.542111e-01 
9.542111e-01 
9.542111e-01 
9.542111e-01 
9.542111e-01 
9.542111e-01 
9.542111e-01 
9.542111e-01 
9.542111e-01 
9.542111e-01 
9.542111e-01 
9.542111e-01 
9.542111e-01 
9.542111e-01 
9.542111e-01 
9.542111e-01 
9.542111e-01 
9.542111e-01 
9.542111e-01 
9.542111e-01 
9.542111e-01 
9.542111e-01 
9.542111e-01 
9.542111e-01 
9.542111e-01 
9.542111e-01 
9.542111e-01 
9.542111e-01 
9.542111e-01 
9.542111e-01 
9.542111e-01 
9.542111e-01 
9.542111e-01 
9.542111e-01 
9.542111e-01 
9.542111e-01 
9.542111e-01 
9.542111e-01 
9.542111e-01 
9.542111e-01 
9.542111e-01 
9.542111e-01 
9.542111e-01 
9.542111e-01 
9.542111e-01 
9.542111e-01 
9.542111e-01 
9.542111e-01 
9.542111e-01 
9.542111e-01 
9.542111e-01 
9.542111e-01 
9.542111e-01 
9.542111e-01 
9.542111e-01 
9.542111e-01 
9.542111e-01 
9.542111e-01 
9.542111e-01 
9.542111e-01 
9.542111e-01 
9.542111e-01 
9.542111e-01 
9.542111e-01 
9.542111e-01 
9.542111e-01 
9.542111e-01 
9.542111e-01 
9.542111e-01 
9.542111e-01 
9.542111e-01 
9.542111e-01 
9.542111e-01 
9.542111e-01 
9.542111e-01 
9.542111e-01 
9.542111e-01 
9.542111e-01 
9.542111e-01 
9.542111e-01 
9.542111e-01 
9.542111e-01 
9.542111e-01 
9.542111e-01 
9.542111e-01 
9.542111e-01 
9.542111e-01 
9.542111e-01 
9.542111e-01 
9.542111e-01 
9.542111e-01 
9.542111e-01 
9.542111e-01 
9.542111e-01 
9.542111e-01 
9.542111e-01 
9.542111e-01 
9.542111e-01 
9.542111e-01 
9.542111e-01 
9.542111e-01 
9.542111e-01 
9.542111e-01 
9.542111e-01 
9.542111e-01 
9.542111e-01 
9.542111e-01 
9.542111e-01 
9.542111e-01 
9.542111e-01 
9.542111e-01 
9.542111e-01 
9.542111e-01 
9.542111e-01 
9.542111e-01 
9.542111e-01 
9.542111e-01 
9.542111e-01 
9.542111e-01 
9.542111e-01 
9.542111e-01 
9.542111e-01 
9.542111e-01 
9.542111e-01 
9.542111e-01 
9.542111e-01 
9.542111e-01 
9.542111e-01 
9.542111e-01 
9.542111e-01 
9.542111e-01 
9.542111e-01 
9.542111e-01 
9.542111e-01 
9.542111e-01 
9.542111e-01 
9.542111e-01 
9.542111e-01 
9.542111e-01 
9.542111e-01 
9.542111e-01 
9.542111e-01 
9.542111e-01 
9.542111e-01 
9.542111e-01 
9.542111e-01 
9.542111e-01 
9.542111e-01 
9.542111e-01 
9.542111e-01 
9.542111e-01 
9.542111e-01 
9.542111e-01 
9.542111e-01 
9.542111e-01 
9.542111e-01 
9.542111e-01 
9.542111e-01 
9.542111e-01 
9.542111e-01 
9.542111e-01 
9.542111e-01 
9.542111e-01 
9.542111e-01 
9.542111e-01 
9.542111e-01 
9.542111e-01 
9.542121e-01 
9.542165e-01 
9.542198e-01 
9.542224e-01 
9.542246e-01 
9.542264e-01 
9.542278e-01 
9.542291e-01 
9.542302e-01 
9.542311e-01 
9.542319e-01 
9.542328e-01 
9.542334e-01 
9.542340e-01 
9.542346e-01 
9.542351e-01 
9.542356e-01 
9.542361e-01 
9.542366e-01 
9.542371e-01 
9.542375e-01 
9.542378e-01 
9.542380e-01 
9.542383e-01 
9.542384e-01 
9.542385e-01 
9.542387e-01 
9.542386e-01 
9.542386e-01 
9.542387e-01 
9.542386e-01 
9.542385e-01 
9.542384e-01 
9.542383e-01 
9.542384e-01 
9.542382e-01 
9.542381e-01 
9.542380e-01 
9.542379e-01 
9.542378e-01 
9.542377e-01 
9.542376e-01 
9.542375e-01 
9.542374e-01 
9.542373e-01 
9.542372e-01 
9.542372e-01 
9.542370e-01 
9.542369e-01 
9.542369e-01 
9.542368e-01 
9.542367e-01 
9.542365e-01 
9.542366e-01 
9.542364e-01 
9.542363e-01 
9.542363e-01 
9.542361e-01 
9.542361e-01 
9.542360e-01 
9.542360e-01 
9.542358e-01 
9.542358e-01 
9.542357e-01 
9.542357e-01 
9.542356e-01 
9.542356e-01 
9.542355e-01 
9.542354e-01 
9.542353e-01 
9.542353e-01 
9.542352e-01 
9.542351e-01 
9.542351e-01 
9.542350e-01 
9.542350e-01 
9.542350e-01 
9.542348e-01 
9.542348e-01 
9.542348e-01 
9.542347e-01 
9.542347e-01 
9.542347e-01 
9.542347e-01 
9.542347e-01 
9.542347e-01 
9.542347e-01 
9.542347e-01 
9.542347e-01 
9.542347e-01 
9.542347e-01 
9.542347e-01 
9.542347e-01 
9.542347e-01 
9.542347e-01 
9.542347e-01 
9.542347e-01 
9.542347e-01 
9.542347e-01 
9.542347e-01 
9.542347e-01 
9.542347e-01 
9.542347e-01 
9.542347e-01 
9.542347e-01 
9.542347e-01 
9.542347e-01 
9.542347e-01 
9.542347e-01 
9.542347e-01 
9.542347e-01 
9.542347e-01 
9.542347e-01 
9.542347e-01 
9.542347e-01 
9.542347e-01 
9.542347e-01 
9.542347e-01 
9.542347e-01 
9.542347e-01 
9.542347e-01 
9.542347e-01 
9.542347e-01 
9.542347e-01 
9.542347e-01 
9.542347e-01 
9.542347e-01 
9.542347e-01 
9.542347e-01 
9.542347e-01 
9.542347e-01 
9.542347e-01 
9.542347e-01 
9.542347e-01 
9.542347e-01 
9.542347e-01 
9.542347e-01 
9.542347e-01 
9.542347e-01 
9.542347e-01 
9.542347e-01 
9.542347e-01 
9.542347e-01 
9.542347e-01 
9.542347e-01 
9.542347e-01 
9.542347e-01 
9.542347e-01 
9.542347e-01 
9.542347e-01 
9.542347e-01 
9.542347e-01 
9.542347e-01 
9.542347e-01 
9.542347e-01 
9.542347e-01 
9.542347e-01 
9.542347e-01 
9.542347e-01 
9.542347e-01 
9.542347e-01 
9.542347e-01 
9.542347e-01 
9.542347e-01 
9.542347e-01 
9.542347e-01 
9.542347e-01 
9.542347e-01 
9.542347e-01 
9.542347e-01 
9.542347e-01 
9.542347e-01 
9.542347e-01 
9.542347e-01 
9.542347e-01 
9.542347e-01 
9.542347e-01 
9.542347e-01 
9.542347e-01 
9.542347e-01 
9.542347e-01 
9.542347e-01 
9.542347e-01 
9.542347e-01 
9.542347e-01 
9.542347e-01 
9.542347e-01 
9.542347e-01 
9.542347e-01 
9.542347e-01 
9.542347e-01 
9.542347e-01 
9.542347e-01 
9.542347e-01 
9.542347e-01 
9.542347e-01 
9.542347e-01 
9.542347e-01 
9.542347e-01 
9.542347e-01 
9.542347e-01 
9.542347e-01 
9.542347e-01 
9.542347e-01 
9.542347e-01 
9.542347e-01 
9.542347e-01 
9.542347e-01 
9.542347e-01 
9.542347e-01 
9.542347e-01 
9.542347e-01 
9.542347e-01 
9.542347e-01 
9.542347e-01 
9.542347e-01 
9.542347e-01 
9.542347e-01 
9.542347e-01 
9.542347e-01 
9.542347e-01 
9.542347e-01 
9.542347e-01 
9.542347e-01 
9.542347e-01 
9.542347e-01 
9.542347e-01 
9.542347e-01 
9.542347e-01 
9.542347e-01 
9.542347e-01 
9.542347e-01 
9.542347e-01 
9.542347e-01 
9.542347e-01 
9.542347e-01 
9.542347e-01 
9.542347e-01 
9.542347e-01 
9.542347e-01 
9.542347e-01 
9.542347e-01 
9.542347e-01 
9.542347e-01 
9.542347e-01 
9.542347e-01 
9.542347e-01 
9.542347e-01 
9.542347e-01 
9.542347e-01 
9.483795e-01 
9.174475e-01 
8.809650e-01 
8.399441e-01 
7.950588e-01 
7.469814e-01 
6.959113e-01 
6.420491e-01 
5.850216e-01 
5.242714e-01 
4.589779e-01 
3.857247e-01 
3.001827e-01 
1.881999e-01 
2.820326e-02 
4.852606e-03 
2.022013e-03 
1.248599e-03 
8.512688e-04 
6.160397e-04 
4.647000e-04 
3.611647e-04 
2.874579e-04 
2.331029e-04 
1.922213e-04 
1.602465e-04 
1.353786e-04 
1.152428e-04 
9.936222e-05 
8.592878e-05 
7.484918e-05 
6.560500e-05 
5.784359e-05 
5.167292e-05 
4.599142e-05 
4.111051e-05 
3.690535e-05 
3.325528e-05 
3.007757e-05 
2.729234e-05 
2.484550e-05 
2.268272e-05 
2.076788e-05 
1.906281e-05 
1.754111e-05 
1.618036e-05 
1.495719e-05 
1.385585e-05 
1.286265e-05 
1.193576e-05 
1.112376e-05 
1.038433e-05 
9.711189e-06 
9.095684e-06 
8.532237e-06 
8.016331e-06 
7.543274e-06 
7.108113e-06 
6.708156e-06 
6.339613e-06 
6.000952e-06 
5.689573e-06 
5.407142e-06 
5.151692e-06 
4.895248e-06 
4.648730e-06 
4.422313e-06 
4.204849e-06 
4.001681e-06 
3.811281e-06 
3.634789e-06 
3.471322e-06 
3.320016e-06 
3.177729e-06 
3.043755e-06 
2.915894e-06 
2.798559e-06 
2.688249e-06 
2.584599e-06 
2.477488e-06 
2.386350e-06 
2.374354e-06 
2.375976e-06 
2.376109e-06 
2.376115e-06 
2.376115e-06 
2.376115e-06 
2.376115e-06 
2.376115e-06 
2.376115e-06 
2.376115e-06 
2.376115e-06 
2.376115e-06 
2.376115e-06 
2.376115e-06 
2.376115e-06 
2.376115e-06 
2.376115e-06 
2.376115e-06 
2.376115e-06 
2.376115e-06 
2.376115e-06 
2.376115e-06 
2.376115e-06 
2.376115e-06 
2.376115e-06 
2.376115e-06 
2.376115e-06 
2.376115e-06 
2.376115e-06 
2.376115e-06 
2.376115e-06 
2.376115e-06 
2.376115e-06 
2.376115e-06 
2.376115e-06 
2.376115e-06 
2.376115e-06 
2.376115e-06 
2.376115e-06 
2.376115e-06 
2.376115e-06 
2.376115e-06 
2.376115e-06 
2.376115e-06 
2.376115e-06 
2.376115e-06 
2.376115e-06 
2.376115e-06 
2.376115e-06 
2.376115e-06 
2.376115e-06 
2.376115e-06 
2.376115e-06 
2.376115e-06 
2.376115e-06 
2.376115e-06 
2.376115e-06 
2.376115e-06 
2.376115e-06 
2.376115e-06 
2.376115e-06 
2.376115e-06 
2.376115e-06 
2.376115e-06 
2.376115e-06 
2.376115e-06 
2.376115e-06 
2.376115e-06 
2.376115e-06 
2.376115e-06 
2.376115e-06 
2.376115e-06 
2.376115e-06 
2.376115e-06 
2.376115e-06 
2.376115e-06 
2.376115e-06 
2.376115e-06 
2.376115e-06 
2.376115e-06 
2.376115e-06 
2.376115e-06 
2.376115e-06 
2.376115e-06 
2.376115e-06 
2.376115e-06 
2.376115e-06 
2.376115e-06 
2.376115e-06 
2.376115e-06 
2.376115e-06 
2.376115e-06 
2.376115e-06 
2.376115e-06 
2.376115e-06 
2.376115e-06 
2.376115e-06 
2.376115e-06 
2.376115e-06 
2.376115e-06 
2.376115e-06 
2.376115e-06 
2.376115e-06 
2.376115e-06 
2.376115e-06 
2.376115e-06 
2.376115e-06 
2.376115e-06 
2.376115e-06 
2.376115e-06 
2.376115e-06 
2.376115e-06 
2.376115e-06 
2.376115e-06 
2.376115e-06 
2.376115e-06 
2.376115e-06 
2.376115e-06 
2.376115e-06 
2.376115e-06 
2.376115e-06 
2.376115e-06 
2.376115e-06 
2.376115e-06 
2.376115e-06 
2.376115e-06 
2.376115e-06 
2.376115e-06 
2.376115e-06 
2.376115e-06 
2.376115e-06 
2.376115e-06 
2.376115e-06 
2.376115e-06 
2.376115e-06 
2.376115e-06 
2.376115e-06 
2.376115e-06 
2.376115e-06 
2.376115e-06 
2.376115e-06 
2.376115e-06 
2.376115e-06 
2.376115e-06 
2.376115e-06 
2.376115e-06 
2.376115e-06 
2.376115e-06 
2.376115e-06 
2.376115e-06 
2.376115e-06 
2.376115e-06 
2.376115e-06 
2.376115e-06 
2.376115e-06 
2.376115e-06 
2.376115e-06 
2.376115e-06 
2.376115e-06 
2.376115e-06 
2.376115e-06 
2.376115e-06 
2.376115e-06 
2.376115e-06 
2.376115e-06 
2.376115e-06 
2.376115e-06 
2.376115e-06 
2.376115e-06 
2.384819e-06 
2.430701e-06 
2.515281e-06 
2.583360e-06 
2.656184e-06 
2.730660e-06 
2.808721e-06 
2.890361e-06 
2.975797e-06 
3.065723e-06 
3.159865e-06 
3.258869e-06 
3.362821e-06 
3.472327e-06 
3.587572e-06 
3.709033e-06 
3.837164e-06 
3.972461e-06 
4.115464e-06 
4.266853e-06 
4.426998e-06 
4.597003e-06 
4.777247e-06 
4.968984e-06 
5.172913e-06 
5.389547e-06 
5.621233e-06 
5.859726e-06 
6.123586e-06 
6.406398e-06 
6.709444e-06 
7.035443e-06 
7.385952e-06 
7.764320e-06 
8.172847e-06 
8.615030e-06 
8.939812e-06 
9.447010e-06 
9.999453e-06 
1.060250e-05 
1.126182e-05 
1.198515e-05 
1.278042e-05 
1.365795e-05 
1.495932e-05 
1.607538e-05 
1.731993e-05 
1.871437e-05 
2.028056e-05 
2.205089e-05 
2.405709e-05 
2.634619e-05 
2.896787e-05 
3.229198e-05 
3.585520e-05 
4.000936e-05 
4.507046e-05 
5.095516e-05 
5.790062e-05 
6.609827e-05 
7.580901e-05 
8.730245e-05 
1.007677e-04 
1.163519e-04 
1.340081e-04 
1.533847e-04 
1.740436e-04 
1.955799e-04 
2.176372e-04 
2.400298e-04 
2.625953e-04 
2.852062e-04 
3.078177e-04 
3.299791e-04 
3.520889e-04 
3.735191e-04 
3.938625e-04 
4.125943e-04 
4.290648e-04 
4.410355e-04 
4.517740e-04 
4.546833e-04 
4.549347e-04 
4.549501e-04 
4.549509e-04 
4.549510e-04 
4.549510e-04 
4.549510e-04 
4.549510e-04 
4.549510e-04 
4.549510e-04 
4.549510e-04 
4.549510e-04 
4.549510e-04 
4.549510e-04 
4.549510e-04 
4.549510e-04 
4.549510e-04 
4.549510e-04 
4.549510e-04 
4.549510e-04 
4.549510e-04 
4.549510e-04 
4.549510e-04 
4.549510e-04 
4.549510e-04 
4.549510e-04 
4.549510e-04 
4.549510e-04 
4.549510e-04 
4.549510e-04 
4.549510e-04 
4.549510e-04 
4.549510e-04 
4.549510e-04 
4.549510e-04 
4.549510e-04 
4.549510e-04 
4.549510e-04 
4.549510e-04 
4.549510e-04 
4.549510e-04 
4.549510e-04 
4.549510e-04 
4.549510e-04 
4.549510e-04 
4.549510e-04 
4.549510e-04 
4.549510e-04 
4.549510e-04 
4.549510e-04 
4.549510e-04 
4.549510e-04 
4.549510e-04 
4.549510e-04 
4.549510e-04 
4.549510e-04 
4.549510e-04 
4.549510e-04 
4.549510e-04 
4.549510e-04 
4.549510e-04 
4.549510e-04 
4.549510e-04 
4.549510e-04 
4.549510e-04 
4.549510e-04 
4.549510e-04 
4.549510e-04 
4.549510e-04 
4.549510e-04 
4.549510e-04 
4.549510e-04 
4.549510e-04 
4.549510e-04 
4.549510e-04 
4.549510e-04 
4.549510e-04 
4.549510e-04 
4.549510e-04 
4.549510e-04 
4.549510e-04 
4.549510e-04 
4.549510e-04 
4.549510e-04 
4.549510e-04 
4.549510e-04 
4.549510e-04 
4.549510e-04 
4.549510e-04 
4.549510e-04 
4.549510e-04 
4.549510e-04 
4.549510e-04 
4.549510e-04 
4.549510e-04 
4.549510e-04 
4.549510e-04 
4.549510e-04 
4.549510e-04 
4.549510e-04 
4.549510e-04 
4.549510e-04 
4.549510e-04 
4.549510e-04 
4.549510e-04 
4.549510e-04 
4.549510e-04 
4.549510e-04 
4.549510e-04 
4.549510e-04 
4.549510e-04 
4.549510e-04 
4.549510e-04 
4.549510e-04 
4.549510e-04 
4.549510e-04 
4.549510e-04 
4.549510e-04 
4.549510e-04 
4.549510e-04 
4.549510e-04 
4.549510e-04 
4.549510e-04 
4.549510e-04 
4.549510e-04 
4.549510e-04 
4.549510e-04 
4.549510e-04 
4.549510e-04 
4.549510e-04 
4.549510e-04 
4.549510e-04 
4.549510e-04 
4.549510e-04 
4.549510e-04 
4.549510e-04 
4.549510e-04 
4.549510e-04 
4.549510e-04 
4.549510e-04 
4.549510e-04 
4.549510e-04 
4.549510e-04 
4.549510e-04 
4.549510e-04 
4.549510e-04 
4.549510e-04 
4.549510e-04 
4.549510e-04 
4.549510e-04 
4.549510e-04 
4.549510e-04 
4.549510e-04 
4.549510e-04 
4.549510e-04 
4.549510e-04 
4.549510e-04 
4.549510e-04 
4.549510e-04 
4.549510e-04 
4.549510e-04 
4.549510e-04 
4.549510e-04 
4.549510e-04 
4.549510e-04 
4.549510e-04 
4.549510e-04 
4.549510e-04 
4.549510e-04 
4.590299e-04 
4.787391e-04 
4.998689e-04 
5.220472e-04 
5.455073e-04 
5.702575e-04 
5.964796e-04 
6.240652e-04 
6.530124e-04 
6.436474e-04 
6.760713e-04 
7.108285e-04 
7.479587e-04 
7.877435e-04 
8.303248e-04 
8.760571e-04 
9.251116e-04 
9.779227e-04 
1.034699e-03 
1.095880e-03 
1.161714e-03 
1.232833e-03 
1.309603e-03 
1.392795e-03 
1.482996e-03 
1.580830e-03 
1.687401e-03 
1.803337e-03 
1.930137e-03 
2.068845e-03 
2.220055e-03 
2.386930e-03 
2.570383e-03 
2.772996e-03 
2.996744e-03 
3.245047e-03 
3.509641e-03 
3.815380e-03 
4.156554e-03 
4.539211e-03 
4.991991e-03 
5.453795e-03 
6.001742e-03 
6.624821e-03 
7.335281e-03 
8.147728e-03 
9.082883e-03 
1.016338e-02 
1.149836e-02 
1.298134e-02 
1.472183e-02 
1.678235e-02 
1.923231e-02 
2.224365e-02 
2.581578e-02 
3.017502e-02 
3.558757e-02 
4.226229e-02 
5.067706e-02 
6.128692e-02 
7.476877e-02 
9.201268e-02 
1.140102e-01 
1.417422e-01 
1.760299e-01 
2.169160e-01 
2.637967e-01 
3.151691e-01 
3.695718e-01 
4.253973e-01 
4.817156e-01 
5.375187e-01 
5.924867e-01 
6.460359e-01 
6.980271e-01 
7.479507e-01 
7.955105e-01 
8.401007e-01 
8.809873e-01 
9.174190e-01 
9.483422e-01 
9.542112e-01 
9.542112e-01 
9.542112e-01 
9.542112e-01 
9.542112e-01 
9.542112e-01 
9.542112e-01 
9.542112e-01 
9.542112e-01 
9.542112e-01 
9.542112e-01 
9.542112e-01 
9.542112e-01 
9.542112e-01 
9.542112e-01 
9.542112e-01 
9.542112e-01 
9.542112e-01 
9.542112e-01 
9.542112e-01 
9.542112e-01 
9.542112e-01 
9.542112e-01 
9.542112e-01 
9.542112e-01 
9.542112e-01 
9.542112e-01 
9.542112e-01 
9.542112e-01 
9.542112e-01 
9.542112e-01 
9.542112e-01 
9.542112e-01 
9.542112e-01 
9.542112e-01 
9.542112e-01 
9.542112e-01 
9.542112e-01 
9.542112e-01 
9.542112e-01 
9.542112e-01 
9.542112e-01 
9.542112e-01 
9.542112e-01 
9.542112e-01 
9.542112e-01 
9.542112e-01 
9.542112e-01 
9.542112e-01 
9.542112e-01 
9.542112e-01 
9.542112e-01 
9.542112e-01 
9.542112e-01 
9.542112e-01 
9.542112e-01 
9.542112e-01 
9.542112e-01 
9.542112e-01 
9.542112e-01 
9.542112e-01 
9.542112e-01 
9.542112e-01 
9.542112e-01 
9.542112e-01 
9.542112e-01 
9.542112e-01 
9.542112e-01 
9.542112e-01 
9.542112e-01 
9.542112e-01 
9.542112e-01 
9.542112e-01 
9.542112e-01 
9.542112e-01 
9.542112e-01 
9.542112e-01 
9.542112e-01 
9.542112e-01 
9.542112e-01 
9.542112e-01 
9.542112e-01 
9.542112e-01 
9.542112e-01 
9.542112e-01 
9.542112e-01 
9.542112e-01 
9.542112e-01 
9.542112e-01 
9.542112e-01 
9.542112e-01 
9.542112e-01 
9.542112e-01 
9.542112e-01 
9.542112e-01 
9.542112e-01 
9.542112e-01 
9.542112e-01 
9.542112e-01 
9.542112e-01 
9.542112e-01 
9.542112e-01 
9.542112e-01 
9.542112e-01 
9.542112e-01 
9.542112e-01 
9.542112e-01 
9.542112e-01 
9.542112e-01 
9.542112e-01 
9.542112e-01 
9.542112e-01 
9.542112e-01 
9.542112e-01 
9.542112e-01 
9.542112e-01 
9.542112e-01 
9.542112e-01 
9.542112e-01 
9.542112e-01 
9.542112e-01 
9.542112e-01 
9.542112e-01 
9.542112e-01 
9.542112e-01 
9.542112e-01 
9.542112e-01 
9.542112e-01 
9.542112e-01 
9.542112e-01 
9.542112e-01 
9.542112e-01 
9.542112e-01 
9.542112e-01 
9.542112e-01 
9.542112e-01 
9.542112e-01 
9.542112e-01 
9.542112e-01 
9.542112e-01 
9.542112e-01 
9.542112e-01 
9.542112e-01 
9.542112e-01 
9.542112e-01 
9.542112e-01 
9.542112e-01 
9.542112e-01 
9.542112e-01 
9.542112e-01 
9.542112e-01 
9.542112e-01 
9.542112e-01 
9.542112e-01 
9.542112e-01 
9.542112e-01 
9.542112e-01 
9.542112e-01 
9.542112e-01 
9.542112e-01 
9.542112e-01 
9.542112e-01 
9.542112e-01 
9.542112e-01 
9.542112e-01 
9.542112e-01 
9.542112e-01 
9.542112e-01 
9.542112e-01 
9.542122e-01 
9.542165e-01 
9.542198e-01 
9.542225e-01 
9.542246e-01 
9.542264e-01 
9.542279e-01 
9.542292e-01 
9.542302e-01 
9.542311e-01 
9.542320e-01 
9.542327e-01 
9.542335e-01 
9.542340e-01 
9.542346e-01 
9.542351e-01 
9.542357e-01 
9.542361e-01 
9.542366e-01 
9.542371e-01 
9.542374e-01 
9.542378e-01 
9.542381e-01 
9.542382e-01 
9.542384e-01 
9.542385e-01 
9.542387e-01 
9.542386e-01 
9.542386e-01 
9.542387e-01 
9.542386e-01 
9.542385e-01 
9.542384e-01 
9.542383e-01 
9.542384e-01 
9.542382e-01 
9.542381e-01 
9.542380e-01 
9.542379e-01 
9.542378e-01 
9.542377e-01 
9.542376e-01 
9.542375e-01 
9.542374e-01 
9.542373e-01 
9.542372e-01 
9.542370e-01 
9.542370e-01 
9.542369e-01 
9.542369e-01 
9.542368e-01 
9.542367e-01 
9.542365e-01 
9.542366e-01 
9.542364e-01 
9.542363e-01 
9.542363e-01 
9.542361e-01 
9.542361e-01 
9.542360e-01 
9.542360e-01 
9.542358e-01 
9.542359e-01 
9.542357e-01 
9.542357e-01 
9.542356e-01 
9.542356e-01 
9.542355e-01 
9.542354e-01 
9.542353e-01 
9.542353e-01 
9.542352e-01 
9.542351e-01 
9.542351e-01 
9.542350e-01 
9.542350e-01 
9.542350e-01 
9.542348e-01 
9.542348e-01 
9.542348e-01 
9.542347e-01 
9.542347e-01 
9.542347e-01 
9.542347e-01 
9.542347e-01 
9.542347e-01 
9.542347e-01 
9.542347e-01 
9.542347e-01 
9.542347e-01 
9.542347e-01 
9.542347e-01 
9.542347e-01 
9.542347e-01 
9.542347e-01 
9.542347e-01 
9.542347e-01 
9.542347e-01 
9.542347e-01 
9.542347e-01 
9.542347e-01 
9.542347e-01 
9.542347e-01 
9.542347e-01 
9.542347e-01 
9.542347e-01 
9.542347e-01 
9.542347e-01 
9.542347e-01 
9.542347e-01 
9.542347e-01 
9.542347e-01 
9.542347e-01 
9.542347e-01 
9.542347e-01 
9.542347e-01 
9.542347e-01 
9.542347e-01 
9.542347e-01 
9.542347e-01 
9.542347e-01 
9.542347e-01 
9.542347e-01 
9.542347e-01 
9.542347e-01 
9.542347e-01 
9.542347e-01 
9.542347e-01 
9.542347e-01 
9.542347e-01 
9.542347e-01 
9.542347e-01 
9.542347e-01 
9.542347e-01 
9.542347e-01 
9.542347e-01 
9.542347e-01 
9.542347e-01 
9.542347e-01 
9.542347e-01 
9.542347e-01 
9.542347e-01 
9.542347e-01 
9.542347e-01 
9.542347e-01 
9.542347e-01 
9.542347e-01 
9.542347e-01 
9.542347e-01 
9.542347e-01 
9.542347e-01 
9.542347e-01 
9.542347e-01 
9.542347e-01 
9.542347e-01 
9.542347e-01 
9.542347e-01 
9.542347e-01 
9.542347e-01 
9.542347e-01 
9.542347e-01 
9.542347e-01 
9.542347e-01 
9.542347e-01 
9.542347e-01 
9.542347e-01 
9.542347e-01 
9.542347e-01 
9.542347e-01 
9.542347e-01 
9.542347e-01 
9.542347e-01 
9.542347e-01 
9.542347e-01 
9.542347e-01 
9.542347e-01 
9.542347e-01 
9.542347e-01 
9.542347e-01 
9.542347e-01 
9.542347e-01 
9.542347e-01 
9.542347e-01 
9.542347e-01 
9.542347e-01 
9.542347e-01 
9.542347e-01 
9.542347e-01 
9.542347e-01 
9.542347e-01 
9.542347e-01 
9.542347e-01 
9.542347e-01 
9.542347e-01 
9.542347e-01 
9.542347e-01 
9.542347e-01 
9.542347e-01 
9.542347e-01 
9.542347e-01 
9.542347e-01 
9.542347e-01 
9.542347e-01 
9.542347e-01 
9.542347e-01 
9.542347e-01 
9.542347e-01 
9.542347e-01 
9.542347e-01 
9.542347e-01 
9.542347e-01 
9.542347e-01 
9.542347e-01 
9.542347e-01 
9.542347e-01 
9.542347e-01 
9.542347e-01 
9.542347e-01 
9.542347e-01 
9.542347e-01 
9.542347e-01 
9.542347e-01 
9.542347e-01 
9.542347e-01 
9.542347e-01 
9.542347e-01 
9.542347e-01 
9.542347e-01 
9.542347e-01 
9.542347e-01 
9.542347e-01 
9.542347e-01 
9.542347e-01 
9.542347e-01 
9.542347e-01 
9.542347e-01 
9.542347e-01 
9.542347e-01 
9.542347e-01 
9.542347e-01 
9.542347e-01 
9.542347e-01 
9.542347e-01 
9.542347e-01 
9.542347e-01 
9.542347e-01 
9.542347e-01 
9.542347e-01 
9.542347e-01 
9.542347e-01 
9.484028e-01 
9.174344e-01 
8.809974e-01 
8.399276e-01 
7.950421e-01 
7.469637e-01 
6.958926e-01 
6.420292e-01 
5.850006e-01 
5.243239e-01 
4.589517e-01 
3.857895e-01 
3.001460e-01 
1.898425e-01 
2.821252e-02 
4.857546e-03 
2.021638e-03 
1.249069e-03 
8.511684e-04 
6.159758e-04 
4.646565e-04 
3.611314e-04 
2.874336e-04 
2.330860e-04 
1.922084e-04 
1.602363e-04 
1.353706e-04 
1.152364e-04 
9.935689e-05 
8.593839e-05 
7.484568e-05 
6.561173e-05 
5.784122e-05 
5.167737e-05 
4.599008e-05 
4.111397e-05 
3.690430e-05 
3.325792e-05 
3.007674e-05 
2.729132e-05 
2.484460e-05 
2.268192e-05 
2.076719e-05 
1.906222e-05 
1.754058e-05 
1.617989e-05 
1.495677e-05 
1.385666e-05 
1.286231e-05 
1.193644e-05 
1.112343e-05 
1.038486e-05 
9.710870e-06 
9.096053e-06 
8.531796e-06 
8.016319e-06 
7.542358e-06 
7.106444e-06 
6.704742e-06 
6.331407e-06 
5.978507e-06 
5.618839e-06 
5.168880e-06 
4.358815e-06 
3.106383e-06 
2.005404e-06 
1.046887e-06 
1.875998e-07 
-5.594565e-07 
-1.202692e-06 
-1.761069e-06 
-2.243249e-06 
-2.652381e-06 
-2.993639e-06 
-3.293908e-06 
-3.507406e-06 
-3.708281e-06 
-3.858143e-06 
-3.959902e-06 
-3.964642e-06 
-3.987335e-06 
-4.019731e-06 
-4.026777e-06 
-4.027758e-06 
-4.027846e-06 
-4.027852e-06 
-4.027852e-06 
-4.027852e-06 
-4.027852e-06 
-4.027852e-06 
-4.027852e-06 
-4.027852e-06 
-4.027852e-06 
-4.027852e-06 
-4.027852e-06 
-4.027852e-06 
-4.027852e-06 
-4.027852e-06 
-4.027852e-06 
-4.027852e-06 
-4.027852e-06 
-4.027852e-06 
-4.027852e-06 
-4.027852e-06 
-4.027852e-06 
-4.027852e-06 
-4.027852e-06 
-4.027852e-06 
-4.027852e-06 
-4.027852e-06 
-4.027852e-06 
-4.027852e-06 
-4.027852e-06 
-4.027852e-06 
-4.027852e-06 
-4.027852e-06 
-4.027852e-06 
-4.027852e-06 
-4.027852e-06 
-4.027852e-06 
-4.027852e-06 
-4.027852e-06 
-4.027852e-06 
-4.027852e-06 
-4.027852e-06 
-4.027852e-06 
-4.027852e-06 
-4.027852e-06 
-4.027852e-06 
-4.027852e-06 
-4.027852e-06 
-4.027852e-06 
-4.027852e-06 
-4.027852e-06 
-4.027852e-06 
-4.027852e-06 
-4.027852e-06 
-4.027852e-06 
-4.027852e-06 
-4.027852e-06 
-4.027852e-06 
-4.027852e-06 
-4.027852e-06 
-4.027852e-06 
-4.027852e-06 
-4.027852e-06 
-4.027852e-06 
-4.027852e-06 
-4.027852e-06 
-4.027852e-06 
-4.027852e-06 
-4.027852e-06 
-4.027852e-06 
-4.027852e-06 
-4.027852e-06 
-4.027852e-06 
-4.027852e-06 
-4.027852e-06 
-4.027852e-06 
-4.027852e-06 
-4.027852e-06 
-4.027852e-06 
-4.027852e-06 
-4.027852e-06 
-4.027852e-06 
-4.027852e-06 
-4.027852e-06 
-4.027852e-06 
-4.027852e-06 
-4.027852e-06 
-4.027852e-06 
-4.027852e-06 
-4.027852e-06 
-4.027852e-06 
-4.027852e-06 
-4.027852e-06 
-4.027852e-06 
-4.027852e-06 
-4.027852e-06 
-4.027852e-06 
-4.027852e-06 
-4.027852e-06 
-4.027852e-06 
-4.027852e-06 
-4.027852e-06 
-4.027852e-06 
-4.027852e-06 
-4.027852e-06 
-4.027852e-06 
-4.027852e-06 
-4.027852e-06 
-4.027852e-06 
-4.027852e-06 
-4.027852e-06 
-4.027852e-06 
-4.027852e-06 
-4.027852e-06 
-4.027852e-06 
-4.027852e-06 
-4.027852e-06 
-4.027852e-06 
-4.027852e-06 
-4.027852e-06 
-4.027852e-06 
-4.027852e-06 
-4.027852e-06 
-4.027852e-06 
-4.027852e-06 
-4.027852e-06 
-4.027852e-06 
-4.027852e-06 
-4.027852e-06 
-4.027852e-06 
-4.027852e-06 
-4.027852e-06 
-4.027852e-06 
-4.027852e-06 
-4.027852e-06 
-4.027852e-06 
-4.027852e-06 
-4.027852e-06 
-4.027852e-06 
-4.027852e-06 
-4.027852e-06 
-4.027852e-06 
-4.027852e-06 
-4.027852e-06 
-4.027852e-06 
-4.027852e-06 
-4.027852e-06 
-4.027852e-06 
-4.027852e-06 
-4.027852e-06 
-4.027852e-06 
-4.027852e-06 
-4.027852e-06 
-4.027852e-06 
-4.027852e-06 
-4.027852e-06 
-4.027852e-06 
-4.027852e-06 
-4.027852e-06 
-4.027852e-06 
-4.027852e-06 
-4.027852e-06 
-4.027852e-06 
-4.027852e-06 
-4.027852e-06 
-4.027852e-06 
-4.027852e-06 
-4.016116e-06 
-3.959279e-06 
-3.891921e-06 
-3.824585e-06 
-3.753493e-06 
-3.677118e-06 
-3.595738e-06 
-3.508888e-06 
-3.415917e-06 
-3.316970e-06 
-3.211076e-06 
-3.097799e-06 
-2.976551e-06 
-2.846663e-06 
-2.707330e-06 
-2.558020e-06 
-2.397493e-06 
-2.225164e-06 
-2.039555e-06 
-1.839812e-06 
-1.624522e-06 
-1.392238e-06 
-1.141340e-06 
-8.700576e-07 
-5.762243e-07 
-2.582921e-07 
8.716363e-08 
4.620175e-07 
8.630188e-07 
1.306218e-06 
1.789581e-06 
2.317525e-06 
2.895019e-06 
3.527726e-06 
4.222392e-06 
4.985055e-06 
5.632487e-06 
6.535908e-06 
7.534390e-06 
8.638876e-06 
9.862933e-06 
1.122220e-05 
1.273457e-05 
1.442047e-05 
1.630427e-05 
1.895816e-05 
2.139178e-05 
2.412112e-05 
2.719347e-05 
3.065014e-05 
3.454339e-05 
3.892985e-05 
4.387324e-05 
4.942945e-05 
5.605703e-05 
6.308986e-05 
7.105544e-05 
7.982469e-05 
8.951675e-05 
1.001700e-04 
1.118140e-04 
1.244323e-04 
1.379605e-04 
1.522136e-04 
1.670757e-04 
1.825137e-04 
1.986009e-04 
2.153690e-04 
2.329160e-04 
2.513634e-04 
2.708707e-04 
2.915927e-04 
3.137646e-04 
3.376167e-04 
3.632953e-04 
3.910159e-04 
4.208334e-04 
4.525938e-04 
4.846219e-04 
5.179665e-04 
5.498757e-04 
5.572634e-04 
5.574880e-04 
5.575000e-04 
5.575006e-04 
5.575007e-04 
5.575007e-04 
5.575007e-04 
5.575007e-04 
5.575007e-04 
5.575007e-04 
5.575007e-04 
5.575007e-04 
5.575007e-04 
5.575007e-04 
5.575007e-04 
5.575007e-04 
5.575007e-04 
5.575007e-04 
5.575007e-04 
5.575007e-04 
5.575007e-04 
5.575007e-04 
5.575007e-04 
5.575007e-04 
5.575007e-04 
5.575007e-04 
5.575007e-04 
5.575007e-04 
5.575007e-04 
5.575007e-04 
5.575007e-04 
5.575007e-04 
5.575007e-04 
5.575007e-04 
5.575007e-04 
5.575007e-04 
5.575007e-04 
5.575007e-04 
5.575007e-04 
5.575007e-04 
5.575007e-04 
5.575007e-04 
5.575007e-04 
5.575007e-04 
5.575007e-04 
5.575007e-04 
5.575007e-04 
5.575007e-04 
5.575007e-04 
5.575007e-04 
5.575007e-04 
5.575007e-04 
5.575007e-04 
5.575007e-04 
5.575007e-04 
5.575007e-04 
5.575007e-04 
5.575007e-04 
5.575007e-04 
5.575007e-04 
5.575007e-04 
5.575007e-04 
5.575007e-04 
5.575007e-04 
5.575007e-04 
5.575007e-04 
5.575007e-04 
5.575007e-04 
5.575007e-04 
5.575007e-04 
5.575007e-04 
5.575007e-04 
5.575007e-04 
5.575007e-04 
5.575007e-04 
5.575007e-04 
5.575007e-04 
5.575007e-04 
5.575007e-04 
5.575007e-04 
5.575007e-04 
5.575007e-04 
5.575007e-04 
5.575007e-04 
5.575007e-04 
5.575007e-04 
5.575007e-04 
5.575007e-04 
5.575007e-04 
5.575007e-04 
5.575007e-04 
5.575007e-04 
5.575007e-04 
5.575007e-04 
5.575007e-04 
5.575007e-04 
5.575007e-04 
5.575007e-04 
5.575007e-04 
5.575007e-04 
5.575007e-04 
5.575007e-04 
5.575007e-04 
5.575007e-04 
5.575007e-04 
5.575007e-04 
5.575007e-04 
5.575007e-04 
5.575007e-04 
5.575007e-04 
5.575007e-04 
5.575007e-04 
5.575007e-04 
5.575007e-04 
5.575007e-04 
5.575007e-04 
5.575007e-04 
5.575007e-04 
5.575007e-04 
5.575007e-04 
5.575007e-04 
5.575007e-04 
5.575007e-04 
5.575007e-04 
5.575007e-04 
5.575007e-04 
5.575007e-04 
5.575007e-04 
5.575007e-04 
5.575007e-04 
5.575007e-04 
5.575007e-04 
5.575007e-04 
5.575007e-04 
5.575007e-04 
5.575007e-04 
5.575007e-04 
5.575007e-04 
5.575007e-04 
5.575007e-04 
5.575007e-04 
5.575007e-04 
5.575007e-04 
5.575007e-04 
5.575007e-04 
5.575007e-04 
5.575007e-04 
5.575007e-04 
5.575007e-04 
5.575007e-04 
5.575007e-04 
5.575007e-04 
5.575007e-04 
5.575007e-04 
5.575007e-04 
5.575007e-04 
5.575007e-04 
5.575007e-04 
5.575007e-04 
5.575007e-04 
5.575007e-04 
5.575007e-04 
5.575007e-04 
5.575007e-04 
5.575007e-04 
5.575007e-04 
5.575007e-04 
5.575007e-04 
5.575007e-04 
5.616741e-04 
5.818235e-04 
6.037360e-04 
6.265846e-04 
6.507748e-04 
6.764084e-04 
7.035939e-04 
7.324181e-04 
7.630769e-04 
7.956413e-04 
8.303499e-04 
8.672897e-04 
9.067429e-04 
9.488269e-04 
9.938779e-04 
1.042043e-03 
1.093728e-03 
1.149129e-03 
1.208722e-03 
1.272749e-03 
1.341529e-03 
1.415707e-03 
1.495643e-03 
1.582126e-03 
1.675738e-03 
1.777109e-03 
1.887364e-03 
2.007125e-03 
2.137910e-03 
2.280591e-03 
2.436298e-03 
2.607477e-03 
2.795858e-03 
3.003138e-03 
3.232299e-03 
3.485690e-03 
3.756243e-03 
4.067578e-03 
4.415384e-03 
4.804677e-03
#[#TRACE_DATA]
#[#TRACE]
