#[TRACE]
#data_labels=Output
#[TRACE_DATA]
-5.058045e-03 
-6.323076e-03 
-8.292599e-03 
-1.116221e-02 
-1.549949e-02 
-2.234963e-02 
-3.375361e-02 
-5.393369e-02 
-9.184335e-02 
-1.641022e-01 
-2.846179e-01 
-4.356033e-01 
-5.881191e-01 
-7.298418e-01 
-8.538515e-01 
-9.485806e-01 
-9.542486e-01 
-9.542486e-01 
-9.542486e-01 
-9.542486e-01 
-9.542486e-01 
-9.542486e-01 
-9.542486e-01 
-9.542486e-01 
-9.542486e-01 
-9.542486e-01 
-9.542486e-01 
-9.542486e-01 
-9.542486e-01 
-9.542486e-01 
-9.542486e-01 
-9.542486e-01 
-9.542486e-01 
-9.542486e-01 
-9.542486e-01 
-9.542486e-01 
-9.542486e-01 
-9.542486e-01 
-9.542486e-01 
-9.542486e-01 
-9.542486e-01 
-9.542486e-01 
-9.542486e-01 
-9.542486e-01 
-9.542486e-01 
-9.542486e-01 
-9.542486e-01 
-9.542486e-01 
-9.542486e-01 
-9.542486e-01 
-9.542486e-01 
-9.542486e-01 
-9.542486e-01 
-9.542486e-01 
-9.542486e-01 
-9.542486e-01 
-9.542486e-01 
-9.542486e-01 
-9.542486e-01 
-9.542486e-01 
-9.542486e-01 
-9.542486e-01 
-9.542486e-01 
-9.542486e-01 
-9.542486e-01 
-9.542486e-01 
-9.542486e-01 
-9.542486e-01 
-9.542486e-01 
-9.542486e-01 
-9.542486e-01 
-9.542486e-01 
-9.542486e-01 
-9.542486e-01 
-9.542486e-01 
-9.542486e-01 
-9.542486e-01 
-9.542486e-01 
-9.542486e-01 
-9.542484e-01 
-9.542479e-01 
-9.542472e-01 
-9.542463e-01 
-9.542450e-01 
-9.542431e-01 
-9.542407e-01 
-9.542396e-01 
-9.542389e-01 
-9.542382e-01 
-9.542377e-01 
-9.542372e-01 
-9.542367e-01 
-9.542363e-01 
-9.542360e-01 
-9.542356e-01 
-9.542353e-01 
-9.542350e-01 
-9.542348e-01 
-9.542346e-01 
-9.542343e-01 
-9.542341e-01 
-9.542339e-01 
-9.542338e-01 
-9.542336e-01 
-9.542335e-01 
-9.542333e-01 
-9.542332e-01 
-9.542330e-01 
-9.542329e-01 
-9.542329e-01 
-9.542329e-01 
-9.542329e-01 
-9.542329e-01 
-9.542329e-01 
-9.542329e-01 
-9.542329e-01 
-9.542329e-01 
-9.542329e-01 
-9.542329e-01 
-9.542329e-01 
-9.542329e-01 
-9.542329e-01 
-9.542329e-01 
-9.542329e-01 
-9.542329e-01 
-9.542329e-01 
-9.542329e-01 
-9.542329e-01 
-9.542329e-01 
-9.542329e-01 
-9.542329e-01 
-9.542329e-01 
-9.542329e-01 
-9.542329e-01 
-9.542329e-01 
-9.542329e-01 
-9.542329e-01 
-9.542329e-01 
-9.542329e-01 
-9.542329e-01 
-9.542329e-01 
-9.542329e-01 
-9.542329e-01 
-9.542329e-01 
-9.542329e-01 
-9.542329e-01 
-9.542329e-01 
-9.542329e-01 
-9.542329e-01 
-9.542329e-01 
-9.542329e-01 
-9.542329e-01 
-9.542329e-01 
-9.542329e-01 
-9.542329e-01 
-9.542329e-01 
-9.542329e-01 
-9.542329e-01 
-9.542329e-01 
-9.542329e-01 
-9.542329e-01 
-9.542329e-01 
-9.542329e-01 
-9.542329e-01 
-9.542329e-01 
-9.542329e-01 
-9.542329e-01 
-9.542329e-01 
-9.542329e-01 
-9.542329e-01 
-9.542329e-01 
-9.542329e-01 
-9.513984e-01 
-8.594724e-01 
-7.375341e-01 
-5.956685e-01 
-4.317825e-01 
-2.306073e-01 
-3.593703e-02 
3.558752e-04 
4.055738e-04 
2.273721e-04 
1.426584e-04 
9.624909e-05 
6.841547e-05 
5.063190e-05 
3.872241e-05 
3.045555e-05 
2.456025e-05 
2.027797e-05 
1.714307e-05 
1.487046e-05 
1.329995e-05 
1.237624e-05 
1.215314e-05 
1.277119e-05 
1.419605e-05 
1.581739e-05 
1.705754e-05 
1.791522e-05 
1.858794e-05 
1.921003e-05 
1.969555e-05 
1.989156e-05 
1.989156e-05 
1.989156e-05 
1.989156e-05 
1.989156e-05 
1.989156e-05 
1.989156e-05 
1.989156e-05 
1.989156e-05 
1.989156e-05 
1.989156e-05 
1.989156e-05 
1.989156e-05 
1.989156e-05 
1.989156e-05 
1.989156e-05 
1.989156e-05 
1.989156e-05 
1.989156e-05 
1.989156e-05 
1.989156e-05 
1.989156e-05 
1.989156e-05 
1.989156e-05 
1.989156e-05 
1.989156e-05 
1.989156e-05 
1.989156e-05 
1.989156e-05 
1.989156e-05 
1.989156e-05 
1.989156e-05 
1.989156e-05 
1.989156e-05 
1.989156e-05 
1.989156e-05 
1.989156e-05 
1.989156e-05 
1.989156e-05 
1.989156e-05 
1.989156e-05 
1.989156e-05 
1.989156e-05 
1.989156e-05 
1.989156e-05 
1.989156e-05 
1.989156e-05 
1.989156e-05 
1.989156e-05 
1.989156e-05 
1.989156e-05 
1.989156e-05 
1.989156e-05 
1.989156e-05 
1.989156e-05 
1.989156e-05 
1.989156e-05 
1.989156e-05 
1.989156e-05 
1.989156e-05 
1.989156e-05 
1.989156e-05 
1.989156e-05 
1.995663e-05 
2.012917e-05 
2.031453e-05 
2.051369e-05 
2.072767e-05 
2.095745e-05 
2.120401e-05 
2.146835e-05 
2.175147e-05 
2.205353e-05 
2.237323e-05 
2.270724e-05 
2.304892e-05 
2.338609e-05 
2.369708e-05 
2.394395e-05 
2.406020e-05 
2.392832e-05 
2.333692e-05 
2.189728e-05 
1.887670e-05 
1.286945e-05 
1.212961e-06 
-2.061371e-05 
-5.780084e-05 
-1.110367e-04 
-1.752332e-04 
-2.474223e-04 
-3.291726e-04 
-4.198195e-04 
-4.777484e-04 
-4.777717e-04 
-4.777717e-04 
-4.777717e-04 
-4.777717e-04 
-4.777717e-04 
-4.777717e-04 
-4.777717e-04 
-4.777717e-04 
-4.777717e-04 
-4.777717e-04 
-4.777717e-04 
-4.777717e-04 
-4.777717e-04 
-4.777717e-04 
-4.777717e-04 
-4.777717e-04 
-4.777717e-04 
-4.777717e-04 
-4.777717e-04 
-4.777717e-04 
-4.777717e-04 
-4.777717e-04 
-4.777717e-04 
-4.777717e-04 
-4.777717e-04 
-4.777717e-04 
-4.777717e-04 
-4.777717e-04 
-4.777717e-04 
-4.777717e-04 
-4.777717e-04 
-4.777717e-04 
-4.777717e-04 
-4.777717e-04 
-4.777717e-04 
-4.777717e-04 
-4.777717e-04 
-4.777717e-04 
-4.777717e-04 
-4.777717e-04 
-4.777717e-04 
-4.777717e-04 
-4.777717e-04 
-4.777717e-04 
-4.777717e-04 
-4.777717e-04 
-4.777717e-04 
-4.777717e-04 
-4.777717e-04 
-4.777717e-04 
-4.777717e-04 
-4.777717e-04 
-4.777717e-04 
-4.777717e-04 
-4.777717e-04 
-4.777717e-04 
-4.777717e-04 
-4.777717e-04 
-4.777717e-04 
-4.777717e-04 
-4.777717e-04 
-4.777717e-04 
-4.796648e-04 
-5.322601e-04 
-5.951887e-04 
-6.690347e-04 
-7.563191e-04 
-8.603082e-04 
-9.851818e-04 
-1.136152e-03 
-1.319757e-03 
-1.544951e-03 
-1.824466e-03 
-2.176109e-03 
-2.624953e-03 
-3.207043e-03 
-3.975441e-03 
-5.010347e-03 
-6.436624e-03 
-8.455385e-03 
-1.140353e-02 
-1.587182e-02 
-2.295228e-02 
-3.478616e-02 
-5.581827e-02 
-9.545881e-02 
-1.707842e-01 
-2.943665e-01 
-4.462044e-01 
-5.982287e-01 
-7.389780e-01 
-8.614357e-01 
-9.528596e-01 
-9.542486e-01 
-9.542486e-01 
-9.542486e-01 
-9.542486e-01 
-9.542486e-01 
-9.542486e-01 
-9.542486e-01 
-9.542486e-01 
-9.542486e-01 
-9.542486e-01 
-9.542486e-01 
-9.542486e-01 
-9.542486e-01 
-9.542486e-01 
-9.542486e-01 
-9.542486e-01 
-9.542486e-01 
-9.542486e-01 
-9.542486e-01 
-9.542486e-01 
-9.542486e-01 
-9.542486e-01 
-9.542486e-01 
-9.542486e-01 
-9.542486e-01 
-9.542486e-01 
-9.542486e-01 
-9.542486e-01 
-9.542486e-01 
-9.542486e-01 
-9.542486e-01 
-9.542486e-01 
-9.542486e-01 
-9.542486e-01 
-9.542486e-01 
-9.542486e-01 
-9.542486e-01 
-9.542486e-01 
-9.542486e-01 
-9.542486e-01 
-9.542486e-01 
-9.542486e-01 
-9.542486e-01 
-9.542486e-01 
-9.542486e-01 
-9.542486e-01 
-9.542486e-01 
-9.542486e-01 
-9.542486e-01 
-9.542486e-01 
-9.542486e-01 
-9.542486e-01 
-9.542486e-01 
-9.542486e-01 
-9.542486e-01 
-9.542486e-01 
-9.542486e-01 
-9.542486e-01 
-9.542486e-01 
-9.542486e-01 
-9.542486e-01 
-9.542486e-01 
-9.542486e-01 
-9.542484e-01 
-9.542478e-01 
-9.542471e-01 
-9.542462e-01 
-9.542449e-01 
-9.542429e-01 
-9.542406e-01 
-9.542395e-01 
-9.542388e-01 
-9.542382e-01 
-9.542377e-01 
-9.542372e-01 
-9.542367e-01 
-9.542363e-01 
-9.542359e-01 
-9.542356e-01 
-9.542353e-01 
-9.542350e-01 
-9.542348e-01 
-9.542345e-01 
-9.542343e-01 
-9.542341e-01 
-9.542339e-01 
-9.542338e-01 
-9.542336e-01 
-9.542334e-01 
-9.542333e-01 
-9.542332e-01 
-9.542330e-01 
-9.542329e-01 
-9.542329e-01 
-9.542329e-01 
-9.542329e-01 
-9.542329e-01 
-9.542329e-01 
-9.542329e-01 
-9.542329e-01 
-9.542329e-01 
-9.542329e-01 
-9.542329e-01 
-9.542329e-01 
-9.542329e-01 
-9.542329e-01 
-9.542329e-01 
-9.542329e-01 
-9.542329e-01 
-9.542329e-01 
-9.542329e-01 
-9.542329e-01 
-9.542329e-01 
-9.542329e-01 
-9.542329e-01 
-9.542329e-01 
-9.542329e-01 
-9.542329e-01 
-9.542329e-01 
-9.542329e-01 
-9.542329e-01 
-9.542329e-01 
-9.542329e-01 
-9.542329e-01 
-9.542329e-01 
-9.542329e-01 
-9.542329e-01 
-9.542329e-01 
-9.542329e-01 
-9.542329e-01 
-9.542329e-01 
-9.542329e-01 
-9.542329e-01 
-9.542329e-01 
-9.542329e-01 
-9.542329e-01 
-9.542329e-01 
-9.542329e-01 
-9.542329e-01 
-9.542329e-01 
-9.542329e-01 
-9.542329e-01 
-9.542329e-01 
-9.542329e-01 
-9.542329e-01 
-9.542329e-01 
-9.542329e-01 
-9.542329e-01 
-9.542329e-01 
-9.542329e-01 
-9.542329e-01 
-9.542329e-01 
-9.542329e-01 
-9.542329e-01 
-9.542329e-01 
-9.542329e-01 
-9.467515e-01 
-8.519086e-01 
-7.284245e-01 
-5.852656e-01 
-4.194578e-01 
-2.152678e-01 
-2.890159e-02 
4.513154e-04 
3.776844e-04 
2.130400e-04 
1.339362e-04 
9.030252e-05 
6.400716e-05 
4.713523e-05 
3.578288e-05 
2.785164e-05 
2.213785e-05 
1.791484e-05 
1.472526e-05 
1.227113e-05 
1.035260e-05 
8.832101e-06 
7.611882e-06 
6.616935e-06 
5.783927e-06 
5.076853e-06 
4.483224e-06 
3.983473e-06 
3.556317e-06 
3.183451e-06 
2.857056e-06 
2.841802e-06 
2.841802e-06 
2.841802e-06 
2.841802e-06 
2.841802e-06 
2.841802e-06 
2.841802e-06 
2.841802e-06 
2.841802e-06 
2.841802e-06 
2.841802e-06 
2.841802e-06 
2.841802e-06 
2.841802e-06 
2.841802e-06 
2.841802e-06 
2.841802e-06 
2.841802e-06 
2.841802e-06 
2.841802e-06 
2.841802e-06 
2.841802e-06 
2.841802e-06 
2.841802e-06 
2.841802e-06 
2.841802e-06 
2.841802e-06 
2.841802e-06 
2.841802e-06 
2.841802e-06 
2.841802e-06 
2.841802e-06 
2.841802e-06 
2.841802e-06 
2.841802e-06 
2.841802e-06 
2.841802e-06 
2.841802e-06 
2.841802e-06 
2.841802e-06 
2.841802e-06 
2.841802e-06 
2.841802e-06 
2.841802e-06 
2.841802e-06 
2.841802e-06 
2.841802e-06 
2.841802e-06 
2.841802e-06 
2.841802e-06 
2.841802e-06 
2.841802e-06 
2.841802e-06 
2.841802e-06 
2.841802e-06 
2.841802e-06 
2.841802e-06 
2.841802e-06 
2.841802e-06 
2.841802e-06 
2.841802e-06 
2.841802e-06 
2.841802e-06 
2.927282e-06 
3.132496e-06 
3.363509e-06 
3.624836e-06 
3.922041e-06 
4.262021e-06 
4.653408e-06 
5.107123e-06 
5.637135e-06 
6.261519e-06 
7.003985e-06 
7.896144e-06 
8.980867e-06 
1.031745e-05 
1.198971e-05 
1.411918e-05 
1.688715e-05 
2.057314e-05 
2.562442e-05 
3.278637e-05 
4.335154e-05 
5.961450e-05 
8.548149e-05 
1.260360e-04 
1.827213e-04 
2.488381e-04 
3.175451e-04 
3.867649e-04 
4.543127e-04 
5.126659e-04 
5.381876e-04 
5.381906e-04 
5.381906e-04 
5.381906e-04 
5.381906e-04 
5.381906e-04 
5.381906e-04 
5.381906e-04 
5.381906e-04 
5.381906e-04 
5.381906e-04 
5.381906e-04 
5.381906e-04 
5.381906e-04 
5.381906e-04 
5.381906e-04 
5.381906e-04 
5.381906e-04 
5.381906e-04 
5.381906e-04 
5.381906e-04 
5.381906e-04 
5.381906e-04 
5.381906e-04 
5.381906e-04 
5.381906e-04 
5.381906e-04 
5.381906e-04 
5.381906e-04 
5.381906e-04 
5.381906e-04 
5.381906e-04 
5.381906e-04 
5.381906e-04 
5.381906e-04 
5.381906e-04 
5.381906e-04 
5.381906e-04 
5.381906e-04 
5.381906e-04 
5.381906e-04 
5.381906e-04 
5.381906e-04 
5.381906e-04 
5.381906e-04 
5.381906e-04 
5.381906e-04 
5.381906e-04 
5.381906e-04 
5.381906e-04 
5.381906e-04 
5.381906e-04 
5.381906e-04 
5.381906e-04 
5.381906e-04 
5.381906e-04 
5.381906e-04 
5.381906e-04 
5.381906e-04 
5.381906e-04 
5.381906e-04 
5.381906e-04 
5.381906e-04 
5.432096e-04 
6.015664e-04 
6.694359e-04 
7.465856e-04 
7.941523e-04 
8.962062e-04 
1.026356e-03 
1.183740e-03 
1.375151e-03 
1.609929e-03 
1.901374e-03 
2.268085e-03 
2.736257e-03 
3.343569e-03 
4.145524e-03 
5.226085e-03 
6.716098e-03 
8.826562e-03 
1.191144e-02 
1.659240e-02 
2.402055e-02 
3.645591e-02 
5.858635e-02 
1.002556e-01 
1.787393e-01 
3.048780e-01 
4.570273e-01 
6.083469e-01 
7.480443e-01 
8.688826e-01 
9.539781e-01 
9.542487e-01 
9.542487e-01 
9.542487e-01 
9.542487e-01 
9.542487e-01 
9.542487e-01 
9.542487e-01 
9.542487e-01 
9.542487e-01 
9.542487e-01 
9.542487e-01 
9.542487e-01 
9.542487e-01 
9.542487e-01 
9.542487e-01 
9.542487e-01 
9.542487e-01 
9.542487e-01 
9.542487e-01 
9.542487e-01 
9.542487e-01 
9.542487e-01 
9.542487e-01 
9.542487e-01 
9.542487e-01 
9.542487e-01 
9.542487e-01 
9.542487e-01 
9.542487e-01 
9.542487e-01 
9.542487e-01 
9.542487e-01 
9.542487e-01 
9.542487e-01 
9.542487e-01 
9.542487e-01 
9.542487e-01 
9.542487e-01 
9.542487e-01 
9.542487e-01 
9.542487e-01 
9.542487e-01 
9.542487e-01 
9.542487e-01 
9.542487e-01 
9.542487e-01 
9.542487e-01 
9.542487e-01 
9.542487e-01 
9.542487e-01 
9.542487e-01 
9.542487e-01 
9.542487e-01 
9.542487e-01 
9.542487e-01 
9.542487e-01 
9.542487e-01 
9.542487e-01 
9.542487e-01 
9.542487e-01 
9.542487e-01 
9.542487e-01 
9.542487e-01 
9.542485e-01 
9.542481e-01 
9.542475e-01 
9.542468e-01 
9.542460e-01 
9.542450e-01 
9.542440e-01 
9.542428e-01 
9.542417e-01 
9.542406e-01 
9.542397e-01 
9.542389e-01 
9.542382e-01 
9.542376e-01 
9.542371e-01 
9.542366e-01 
9.542362e-01 
9.542358e-01 
9.542355e-01 
9.542352e-01 
9.542349e-01 
9.542347e-01 
9.542344e-01 
9.542342e-01 
9.542340e-01 
9.542338e-01 
9.542337e-01 
9.542335e-01 
9.542334e-01 
9.542332e-01 
9.542332e-01 
9.542332e-01 
9.542332e-01 
9.542332e-01 
9.542332e-01 
9.542332e-01 
9.542332e-01 
9.542332e-01 
9.542332e-01 
9.542332e-01 
9.542332e-01 
9.542332e-01 
9.542332e-01 
9.542332e-01 
9.542332e-01 
9.542332e-01 
9.542332e-01 
9.542332e-01 
9.542332e-01 
9.542332e-01 
9.542332e-01 
9.542332e-01 
9.542332e-01 
9.542332e-01 
9.542332e-01 
9.542332e-01 
9.542332e-01 
9.542332e-01 
9.542332e-01 
9.542332e-01 
9.542332e-01 
9.542332e-01 
9.542332e-01 
9.542332e-01 
9.542332e-01 
9.542332e-01 
9.542332e-01 
9.542332e-01 
9.542332e-01 
9.542332e-01 
9.542332e-01 
9.542332e-01 
9.542332e-01 
9.542332e-01 
9.542332e-01 
9.542332e-01 
9.542332e-01 
9.542332e-01 
9.542332e-01 
9.542332e-01 
9.542332e-01 
9.542332e-01 
9.542332e-01 
9.542332e-01 
9.542332e-01 
9.542332e-01 
9.542332e-01 
9.542332e-01 
9.542332e-01 
9.542332e-01 
9.542332e-01 
9.542332e-01 
9.542332e-01 
9.415767e-01 
8.442201e-01 
7.192605e-01 
5.749297e-01 
4.076987e-01 
2.029185e-01 
2.730256e-02 
1.055507e-03 
3.621679e-04 
2.057889e-04 
1.301173e-04 
8.807295e-05 
6.260990e-05 
4.621224e-05 
3.514760e-05 
2.739965e-05 
2.180736e-05 
1.766759e-05 
1.453670e-05 
1.212503e-05 
1.023796e-05 
8.741350e-06 
7.539688e-06 
6.559179e-06 
5.737640e-06 
5.041147e-06 
4.456782e-06 
3.964500e-06 
3.543415e-06 
3.175730e-06 
2.866674e-06 
2.860625e-06 
2.860625e-06 
2.860625e-06 
2.860625e-06 
2.860625e-06 
2.860625e-06 
2.860625e-06 
2.860625e-06 
2.860625e-06 
2.860625e-06 
2.860625e-06 
2.860625e-06 
2.860625e-06 
2.860625e-06 
2.860625e-06 
2.860625e-06 
2.860625e-06 
2.860625e-06 
2.860625e-06 
2.860625e-06 
2.860625e-06 
2.860625e-06 
2.860625e-06 
2.860625e-06 
2.860625e-06 
2.860625e-06 
2.860625e-06 
2.860625e-06 
2.860625e-06 
2.860625e-06 
2.860625e-06 
2.860625e-06 
2.860625e-06 
2.860625e-06 
2.860625e-06 
2.860625e-06 
2.860625e-06 
2.860625e-06 
2.860625e-06 
2.860625e-06 
2.860625e-06 
2.860625e-06 
2.860625e-06 
2.860625e-06 
2.860625e-06 
2.860625e-06 
2.860625e-06 
2.860625e-06 
2.860625e-06 
2.860625e-06 
2.860625e-06 
2.860625e-06 
2.860625e-06 
2.860625e-06 
2.860625e-06 
2.860625e-06 
2.860625e-06 
2.860625e-06 
2.860625e-06 
2.860625e-06 
2.860625e-06 
2.860625e-06 
2.860625e-06 
2.959979e-06 
3.168054e-06 
3.402343e-06 
3.667457e-06 
3.969068e-06 
4.314215e-06 
4.711709e-06 
5.172708e-06 
5.711492e-06 
6.346550e-06 
7.102167e-06 
8.010753e-06 
9.116319e-06 
1.047981e-05 
1.218753e-05 
1.436479e-05 
1.719892e-05 
2.097938e-05 
2.617042e-05 
3.354754e-05 
4.445749e-05 
6.128756e-05 
8.805668e-05 
1.297749e-04 
1.873132e-04 
2.536429e-04 
3.223235e-04 
3.914828e-04 
4.587029e-04 
5.159964e-04 
5.381845e-04 
5.381855e-04 
5.381855e-04 
5.381855e-04 
5.381855e-04 
5.381855e-04 
5.381855e-04 
5.381855e-04 
5.381855e-04 
5.381855e-04 
5.381855e-04 
5.381855e-04 
5.381855e-04 
5.381855e-04 
5.381855e-04 
5.381855e-04 
5.381855e-04 
5.381855e-04 
5.381855e-04 
5.381855e-04 
5.381855e-04 
5.381855e-04 
5.381855e-04 
5.381855e-04 
5.381855e-04 
5.381855e-04 
5.381855e-04 
5.381855e-04 
5.381855e-04 
5.381855e-04 
5.381855e-04 
5.381855e-04 
5.381855e-04 
5.381855e-04 
5.381855e-04 
5.381855e-04 
5.381855e-04 
5.381855e-04 
5.381855e-04 
5.381855e-04 
5.381855e-04 
5.381855e-04 
5.381855e-04 
5.381855e-04 
5.381855e-04 
5.381855e-04 
5.381855e-04 
5.381855e-04 
5.381855e-04 
5.381855e-04 
5.381855e-04 
5.381855e-04 
5.381855e-04 
5.381855e-04 
5.381855e-04 
5.381855e-04 
5.381855e-04 
5.381855e-04 
5.381855e-04 
5.381855e-04 
5.381855e-04 
5.381855e-04 
5.381855e-04 
5.466523e-04 
6.058956e-04 
6.744174e-04 
7.518913e-04 
7.994800e-04 
9.043551e-04 
1.036182e-03 
1.195656e-03 
1.389696e-03 
1.627874e-03 
1.923802e-03 
2.296512e-03 
2.772837e-03 
3.391438e-03 
4.209362e-03 
5.313070e-03 
6.837601e-03 
9.001262e-03 
1.217135e-02 
1.699513e-02 
2.467576e-02 
3.758509e-02 
6.065763e-02 
1.042216e-01 
1.858934e-01 
3.148475e-01 
4.675898e-01 
6.183410e-01 
7.570100e-01 
8.761832e-01 
9.541959e-01 
9.542487e-01 
9.542487e-01 
9.542487e-01 
9.542487e-01 
9.542487e-01 
9.542487e-01 
9.542487e-01 
9.542487e-01 
9.542487e-01 
9.542487e-01 
9.542487e-01 
9.542487e-01 
9.542487e-01 
9.542487e-01 
9.542487e-01 
9.542487e-01 
9.542487e-01 
9.542487e-01 
9.542487e-01 
9.542487e-01 
9.542487e-01 
9.542487e-01 
9.542487e-01 
9.542487e-01 
9.542487e-01 
9.542487e-01 
9.542487e-01 
9.542487e-01 
9.542487e-01 
9.542487e-01 
9.542487e-01 
9.542487e-01 
9.542487e-01 
9.542487e-01 
9.542487e-01 
9.542487e-01 
9.542487e-01 
9.542487e-01 
9.542487e-01 
9.542487e-01 
9.542487e-01 
9.542487e-01 
9.542487e-01 
9.542487e-01 
9.542487e-01 
9.542487e-01 
9.542487e-01 
9.542487e-01 
9.542487e-01 
9.542487e-01 
9.542487e-01 
9.542487e-01 
9.542487e-01 
9.542487e-01 
9.542487e-01 
9.542487e-01 
9.542487e-01 
9.542487e-01 
9.542487e-01 
9.542487e-01 
9.542487e-01 
9.542487e-01 
9.542487e-01 
9.542485e-01 
9.542480e-01 
9.542474e-01 
9.542468e-01 
9.542459e-01 
9.542450e-01 
9.542439e-01 
9.542427e-01 
9.542416e-01 
9.542406e-01 
9.542397e-01 
9.542389e-01 
9.542382e-01 
9.542376e-01 
9.542370e-01 
9.542366e-01 
9.542362e-01 
9.542358e-01 
9.542355e-01 
9.542352e-01 
9.542349e-01 
9.542346e-01 
9.542344e-01 
9.542342e-01 
9.542340e-01 
9.542338e-01 
9.542336e-01 
9.542335e-01 
9.542333e-01 
9.542332e-01 
9.542331e-01 
9.542331e-01 
9.542331e-01 
9.542331e-01 
9.542331e-01 
9.542331e-01 
9.542331e-01 
9.542331e-01 
9.542331e-01 
9.542331e-01 
9.542331e-01 
9.542331e-01 
9.542331e-01 
9.542331e-01 
9.542331e-01 
9.542331e-01 
9.542331e-01 
9.542331e-01 
9.542331e-01 
9.542331e-01 
9.542331e-01 
9.542331e-01 
9.542331e-01 
9.542331e-01 
9.542331e-01 
9.542331e-01 
9.542331e-01 
9.542331e-01 
9.542331e-01 
9.542331e-01 
9.542331e-01 
9.542331e-01 
9.542331e-01 
9.542331e-01 
9.542331e-01 
9.542331e-01 
9.542331e-01 
9.542331e-01 
9.542331e-01 
9.542331e-01 
9.542331e-01 
9.542331e-01 
9.542331e-01 
9.542331e-01 
9.542331e-01 
9.542331e-01 
9.542331e-01 
9.542331e-01 
9.542331e-01 
9.542331e-01 
9.542331e-01 
9.542331e-01 
9.542331e-01 
9.542331e-01 
9.542331e-01 
9.542331e-01 
9.542331e-01 
9.542331e-01 
9.542331e-01 
9.542331e-01 
9.542331e-01 
9.542331e-01 
9.542331e-01 
9.361322e-01 
8.364020e-01 
7.099805e-01 
5.643389e-01 
3.950673e-01 
1.876413e-01 
2.195773e-02 
9.003512e-04 
3.370385e-04 
1.926742e-04 
1.219776e-04 
8.244373e-05 
5.838819e-05 
4.282953e-05 
3.227735e-05 
2.483446e-05 
1.939999e-05 
1.529811e-05 
1.208961e-05 
9.467454e-06 
7.190474e-06 
5.030489e-06 
2.723596e-06 
-1.587118e-08 
-3.174940e-06 
-6.124878e-06 
-8.431792e-06 
-1.021212e-05 
-1.170533e-05 
-1.305017e-05 
-1.415725e-05 
-1.419789e-05 
-1.419789e-05 
-1.419789e-05 
-1.419789e-05 
-1.419789e-05 
-1.419789e-05 
-1.419789e-05 
-1.419789e-05 
-1.419789e-05 
-1.419789e-05 
-1.419789e-05 
-1.419789e-05 
-1.419789e-05 
-1.419789e-05 
-1.419789e-05 
-1.419789e-05 
-1.419789e-05 
-1.419789e-05 
-1.419789e-05 
-1.419789e-05 
-1.419789e-05 
-1.419789e-05 
-1.419789e-05 
-1.419789e-05 
-1.419789e-05 
-1.419789e-05 
-1.419789e-05 
-1.419789e-05 
-1.419789e-05 
-1.419789e-05 
-1.419789e-05 
-1.419789e-05 
-1.419789e-05 
-1.419789e-05 
-1.419789e-05 
-1.419789e-05 
-1.419789e-05 
-1.419789e-05 
-1.419789e-05 
-1.419789e-05 
-1.419789e-05 
-1.419789e-05 
-1.419789e-05 
-1.419789e-05 
-1.419789e-05 
-1.419789e-05 
-1.419789e-05 
-1.419789e-05 
-1.419789e-05 
-1.419789e-05 
-1.419789e-05 
-1.419789e-05 
-1.419789e-05 
-1.419789e-05 
-1.419789e-05 
-1.419789e-05 
-1.419789e-05 
-1.419789e-05 
-1.419789e-05 
-1.419789e-05 
-1.419789e-05 
-1.419789e-05 
-1.419789e-05 
-1.407328e-05 
-1.383203e-05 
-1.355148e-05 
-1.322349e-05 
-1.283787e-05 
-1.238174e-05 
-1.183879e-05 
-1.118832e-05 
-1.040353e-05 
-9.448842e-06 
-8.276539e-06 
-6.822273e-06 
-4.998178e-06 
-2.682646e-06 
2.948068e-07 
4.175760e-06 
9.304624e-06 
1.617065e-05 
2.545319e-05 
3.804051e-05 
5.494800e-05 
7.703762e-05 
1.045914e-04 
1.371637e-04 
1.741196e-04 
2.155291e-04 
2.627829e-04 
3.186364e-04 
3.858639e-04 
4.613899e-04 
4.941503e-04 
4.941509e-04 
4.941509e-04 
4.941509e-04 
4.941509e-04 
4.941509e-04 
4.941509e-04 
4.941509e-04 
4.941509e-04 
4.941509e-04 
4.941509e-04 
4.941509e-04 
4.941509e-04 
4.941509e-04 
4.941509e-04 
4.941509e-04 
4.941509e-04 
4.941509e-04 
4.941509e-04 
4.941509e-04 
4.941509e-04 
4.941509e-04 
4.941509e-04 
4.941509e-04 
4.941509e-04 
4.941509e-04 
4.941509e-04 
4.941509e-04 
4.941509e-04 
4.941509e-04 
4.941509e-04 
4.941509e-04 
4.941509e-04 
4.941509e-04 
4.941509e-04 
4.941509e-04 
4.941509e-04 
4.941509e-04 
4.941509e-04 
4.941509e-04 
4.941509e-04 
4.941509e-04 
4.941509e-04 
4.941509e-04 
4.941509e-04 
4.941509e-04 
4.941509e-04 
4.941509e-04 
4.941509e-04 
4.941509e-04 
4.941509e-04 
4.941509e-04 
4.941509e-04 
4.941509e-04 
4.941509e-04 
4.941509e-04 
4.941509e-04 
4.941509e-04 
4.941509e-04 
4.941509e-04 
4.941509e-04 
4.941509e-04 
4.941509e-04 
5.055494e-04 
5.628396e-04 
6.298095e-04 
7.084703e-04 
8.015566e-04 
9.126071e-04 
1.046136e-03 
1.207732e-03 
1.404446e-03 
1.646086e-03 
1.946586e-03 
2.325418e-03 
2.810076e-03 
3.440228e-03 
4.274518e-03 
5.401992e-03 
6.962038e-03 
9.180565e-03 
1.243879e-02 
1.741079e-02 
2.535451e-02 
3.875977e-02 
6.282115e-02 
1.083667e-01 
1.932875e-01 
3.249259e-01 
4.781356e-01 
6.282782e-01 
7.658871e-01 
8.833343e-01 
9.542384e-01 
9.542487e-01 
9.542487e-01 
9.542487e-01 
9.542487e-01 
9.542487e-01 
9.542487e-01 
9.542487e-01 
9.542487e-01 
9.542487e-01 
9.542487e-01 
9.542487e-01 
9.542487e-01 
9.542487e-01 
9.542487e-01 
9.542487e-01 
9.542487e-01 
9.542487e-01 
9.542487e-01 
9.542487e-01 
9.542487e-01 
9.542487e-01 
9.542487e-01 
9.542487e-01 
9.542487e-01 
9.542487e-01 
9.542487e-01 
9.542487e-01 
9.542487e-01 
9.542487e-01 
9.542487e-01 
9.542487e-01 
9.542487e-01 
9.542487e-01 
9.542487e-01 
9.542487e-01 
9.542487e-01 
9.542487e-01 
9.542487e-01 
9.542487e-01 
9.542487e-01 
9.542487e-01 
9.542487e-01 
9.542487e-01 
9.542487e-01 
9.542487e-01 
9.542487e-01 
9.542487e-01 
9.542487e-01 
9.542487e-01 
9.542487e-01 
9.542487e-01 
9.542487e-01 
9.542487e-01 
9.542487e-01 
9.542487e-01 
9.542487e-01 
9.542487e-01 
9.542487e-01 
9.542487e-01 
9.542487e-01 
9.542487e-01 
9.542487e-01 
9.542487e-01 
9.542485e-01 
9.542480e-01 
9.542474e-01 
9.542467e-01 
9.542459e-01 
9.542449e-01 
9.542438e-01 
9.542427e-01 
9.542415e-01 
9.542405e-01 
9.542396e-01 
9.542388e-01 
9.542381e-01 
9.542375e-01 
9.542370e-01 
9.542366e-01 
9.542361e-01 
9.542358e-01 
9.542354e-01 
9.542351e-01 
9.542349e-01 
9.542346e-01 
9.542344e-01 
9.542342e-01 
9.542340e-01 
9.542338e-01 
9.542336e-01 
9.542335e-01 
9.542333e-01 
9.542332e-01 
9.542332e-01 
9.542332e-01 
9.542332e-01 
9.542332e-01 
9.542332e-01 
9.542332e-01 
9.542332e-01 
9.542332e-01 
9.542332e-01 
9.542332e-01 
9.542332e-01 
9.542332e-01 
9.542332e-01 
9.542332e-01 
9.542332e-01 
9.542332e-01 
9.542332e-01 
9.542332e-01 
9.542332e-01 
9.542332e-01 
9.542332e-01 
9.542332e-01 
9.542332e-01 
9.542332e-01 
9.542332e-01 
9.542332e-01 
9.542332e-01 
9.542332e-01 
9.542332e-01 
9.542332e-01 
9.542332e-01 
9.542332e-01 
9.542332e-01 
9.542332e-01 
9.542332e-01 
9.542332e-01 
9.542332e-01 
9.542332e-01 
9.542332e-01 
9.542332e-01 
9.542332e-01 
9.542332e-01 
9.542332e-01 
9.542332e-01 
9.542332e-01 
9.542332e-01 
9.542332e-01 
9.542332e-01 
9.542332e-01 
9.542332e-01 
9.542332e-01 
9.542332e-01 
9.542332e-01 
9.542332e-01 
9.542332e-01 
9.542332e-01 
9.542332e-01 
9.542332e-01 
9.542332e-01 
9.542332e-01 
9.542332e-01 
9.542332e-01 
9.542332e-01 
9.304743e-01 
8.284631e-01 
7.006162e-01 
5.536488e-01 
3.822713e-01 
1.725098e-01 
1.762082e-02 
8.310950e-04 
3.414759e-04 
1.983680e-04 
1.273196e-04 
8.726984e-05 
6.278012e-05 
4.690936e-05 
3.616564e-05 
2.864649e-05 
2.325254e-05 
1.932126e-05 
1.644458e-05 
1.437537e-05 
1.298286e-05 
1.224060e-05 
1.223268e-05 
1.309537e-05 
1.465497e-05 
1.620273e-05 
1.732218e-05 
1.810962e-05 
1.876111e-05 
1.936884e-05 
1.987881e-05 
1.989156e-05 
1.989156e-05 
1.989156e-05 
1.989156e-05 
1.989156e-05 
1.989156e-05 
1.989156e-05 
1.989156e-05 
1.989156e-05 
1.989156e-05 
1.989156e-05 
1.989156e-05 
1.989156e-05 
1.989156e-05 
1.989156e-05 
1.989156e-05 
1.989156e-05 
1.989156e-05 
1.989156e-05 
1.989156e-05 
1.989156e-05 
1.989156e-05 
1.989156e-05 
1.989156e-05 
1.989156e-05 
1.989156e-05 
1.989156e-05 
1.989156e-05 
1.989156e-05 
1.989156e-05 
1.989156e-05 
1.989156e-05 
1.989156e-05 
1.989156e-05 
1.989156e-05 
1.989156e-05 
1.989156e-05 
1.989156e-05 
1.989156e-05 
1.989156e-05 
1.989156e-05 
1.989156e-05 
1.989156e-05 
1.989156e-05 
1.989156e-05 
1.989156e-05 
1.989156e-05 
1.989156e-05 
1.989156e-05 
1.989156e-05 
1.989156e-05 
1.989156e-05 
1.989156e-05 
1.989156e-05 
1.989156e-05 
1.989156e-05 
1.989156e-05 
1.989156e-05 
1.989156e-05 
1.989156e-05 
1.989156e-05 
1.989156e-05 
1.989156e-05 
2.000260e-05 
2.017855e-05 
2.036759e-05 
2.057070e-05 
2.078891e-05 
2.102318e-05 
2.127449e-05 
2.154389e-05 
2.183223e-05 
2.213931e-05 
2.246337e-05 
2.280032e-05 
2.314228e-05 
2.347498e-05 
2.377312e-05 
2.399249e-05 
2.405550e-05 
2.382442e-05 
2.305016e-05 
2.127149e-05 
1.761375e-05 
1.039686e-05 
-3.511710e-06 
-2.909319e-05 
-7.092665e-05 
-1.277331e-04 
-1.941713e-04 
-2.687279e-04 
-3.533632e-04 
-4.444909e-04 
-4.777715e-04 
-4.777717e-04 
-4.777717e-04 
-4.777717e-04 
-4.777717e-04 
-4.777717e-04 
-4.777717e-04 
-4.777717e-04 
-4.777717e-04 
-4.777717e-04 
-4.777717e-04 
-4.777717e-04 
-4.777717e-04 
-4.777717e-04 
-4.777717e-04 
-4.777717e-04 
-4.777717e-04 
-4.777717e-04 
-4.777717e-04 
-4.777717e-04 
-4.777717e-04 
-4.777717e-04 
-4.777717e-04 
-4.777717e-04 
-4.777717e-04 
-4.777717e-04 
-4.777717e-04 
-4.777717e-04 
-4.777717e-04 
-4.777717e-04 
-4.777717e-04 
-4.777717e-04 
-4.777717e-04 
-4.777717e-04 
-4.777717e-04 
-4.777717e-04 
-4.777717e-04 
-4.777717e-04 
-4.777717e-04 
-4.777717e-04 
-4.777717e-04 
-4.777717e-04 
-4.777717e-04 
-4.777717e-04 
-4.777717e-04 
-4.777717e-04 
-4.777717e-04 
-4.777717e-04 
-4.777717e-04 
-4.777717e-04 
-4.777717e-04 
-4.777717e-04 
-4.777717e-04 
-4.777717e-04 
-4.777717e-04 
-4.777717e-04 
-4.777717e-04 
-4.777717e-04 
-4.777717e-04 
-4.777717e-04 
-4.777717e-04 
-4.777717e-04 
-4.777717e-04 
-4.923071e-04 
-5.485058e-04 
-6.142069e-04 
-6.914494e-04 
-7.829425e-04 
-8.921863e-04 
-1.023634e-03 
-1.182806e-03 
-1.376757e-03 
-1.615357e-03 
-1.912575e-03 
-2.287931e-03 
-2.769055e-03 
-3.395913e-03 
-4.227753e-03 
-5.354816e-03 
-6.918842e-03 
-9.150464e-03 
-1.244063e-02 
-1.748431e-02 
-2.558648e-02 
-3.934844e-02 
-6.423486e-02 
-1.116521e-01 
-1.999418e-01 
-3.345719e-01 
-4.884809e-01 
-6.381099e-01 
-7.746634e-01 
-8.903292e-01 
-9.542465e-01 
-9.542486e-01 
-9.542486e-01 
-9.542486e-01 
-9.542486e-01 
-9.542486e-01 
-9.542486e-01 
-9.542486e-01 
-9.542486e-01 
-9.542486e-01 
-9.542486e-01 
-9.542486e-01 
-9.542486e-01 
-9.542486e-01 
-9.542486e-01 
-9.542486e-01 
-9.542486e-01 
-9.542486e-01 
-9.542486e-01 
-9.542486e-01 
-9.542486e-01 
-9.542486e-01 
-9.542486e-01 
-9.542486e-01 
-9.542486e-01 
-9.542486e-01 
-9.542486e-01 
-9.542486e-01 
-9.542486e-01 
-9.542486e-01 
-9.542486e-01 
-9.542486e-01 
-9.542486e-01 
-9.542486e-01 
-9.542486e-01 
-9.542486e-01 
-9.542486e-01 
-9.542486e-01 
-9.542486e-01 
-9.542486e-01 
-9.542486e-01 
-9.542486e-01 
-9.542486e-01 
-9.542486e-01 
-9.542486e-01 
-9.542486e-01 
-9.542486e-01 
-9.542486e-01 
-9.542486e-01 
-9.542486e-01 
-9.542486e-01 
-9.542486e-01 
-9.542486e-01 
-9.542486e-01 
-9.542486e-01 
-9.542486e-01 
-9.542486e-01 
-9.542486e-01 
-9.542486e-01 
-9.542486e-01 
-9.542486e-01 
-9.542486e-01 
-9.542486e-01 
-9.542486e-01 
-9.542482e-01 
-9.542477e-01 
-9.542469e-01 
-9.542459e-01 
-9.542445e-01 
-9.542422e-01 
-9.542402e-01 
-9.542393e-01 
-9.542386e-01 
-9.542380e-01 
-9.542375e-01 
-9.542370e-01 
-9.542366e-01 
-9.542362e-01 
-9.542358e-01 
-9.542355e-01 
-9.542352e-01 
-9.542350e-01 
-9.542347e-01 
-9.542345e-01 
-9.542343e-01 
-9.542341e-01 
-9.542339e-01 
-9.542337e-01 
-9.542336e-01 
-9.542334e-01 
-9.542333e-01 
-9.542331e-01 
-9.542330e-01 
-9.542329e-01 
-9.542329e-01 
-9.542329e-01 
-9.542329e-01 
-9.542329e-01 
-9.542329e-01 
-9.542329e-01 
-9.542329e-01 
-9.542329e-01 
-9.542329e-01 
-9.542329e-01 
-9.542329e-01 
-9.542329e-01 
-9.542329e-01 
-9.542329e-01 
-9.542329e-01 
-9.542329e-01 
-9.542329e-01 
-9.542329e-01 
-9.542329e-01 
-9.542329e-01 
-9.542329e-01 
-9.542329e-01 
-9.542329e-01 
-9.542329e-01 
-9.542329e-01 
-9.542329e-01 
-9.542329e-01 
-9.542329e-01 
-9.542329e-01 
-9.542329e-01 
-9.542329e-01 
-9.542329e-01 
-9.542329e-01 
-9.542329e-01 
-9.542329e-01 
-9.542329e-01 
-9.542329e-01 
-9.542329e-01 
-9.542329e-01 
-9.542329e-01 
-9.542329e-01 
-9.542329e-01 
-9.542329e-01 
-9.542329e-01 
-9.542329e-01 
-9.542329e-01 
-9.542329e-01 
-9.542329e-01 
-9.542329e-01 
-9.542329e-01 
-9.542329e-01 
-9.542329e-01 
-9.542329e-01 
-9.542329e-01 
-9.542329e-01 
-9.542329e-01 
-9.542329e-01 
-9.542329e-01 
-9.542329e-01 
-9.542329e-01 
-9.542329e-01 
-9.542329e-01 
-9.542329e-01 
-9.246180e-01 
-8.203996e-01 
-6.911188e-01 
-5.426142e-01 
-3.682319e-01 
-1.534685e-01 
-1.021015e-02 
5.734255e-04 
3.184229e-04 
1.860298e-04 
1.195404e-04 
8.183151e-05 
5.866819e-05 
4.359301e-05 
3.333622e-05 
2.610569e-05 
2.085776e-05 
1.695464e-05 
1.399083e-05 
1.169991e-05 
9.901894e-06 
8.471976e-06 
7.320251e-06 
6.375293e-06 
5.578587e-06 
4.903898e-06 
4.338154e-06 
3.860265e-06 
3.449625e-06 
3.089024e-06 
2.842087e-06 
2.841802e-06 
2.841802e-06 
2.841802e-06 
2.841802e-06 
2.841802e-06 
2.841802e-06 
2.841802e-06 
2.841802e-06 
2.841802e-06 
2.841802e-06 
2.841802e-06 
2.841802e-06 
2.841802e-06 
2.841802e-06 
2.841802e-06 
2.841802e-06 
2.841802e-06 
2.841802e-06 
2.841802e-06 
2.841802e-06 
2.841802e-06 
2.841802e-06 
2.841802e-06 
2.841802e-06 
2.841802e-06 
2.841802e-06 
2.841802e-06 
2.841802e-06 
2.841802e-06 
2.841802e-06 
2.841802e-06 
2.841802e-06 
2.841802e-06 
2.841802e-06 
2.841802e-06 
2.841802e-06 
2.841802e-06 
2.841802e-06 
2.841802e-06 
2.841802e-06 
2.841802e-06 
2.841802e-06 
2.841802e-06 
2.841802e-06 
2.841802e-06 
2.841802e-06 
2.841802e-06 
2.841802e-06 
2.841802e-06 
2.841802e-06 
2.841802e-06 
2.841802e-06 
2.841802e-06 
2.841802e-06 
2.841802e-06 
2.841802e-06 
2.841802e-06 
2.841802e-06 
2.841802e-06 
2.841802e-06 
2.841802e-06 
2.841802e-06 
2.841802e-06 
2.981062e-06 
3.192942e-06 
3.431758e-06 
3.702295e-06 
4.010449e-06 
4.363546e-06 
4.770782e-06 
5.243826e-06 
5.797649e-06 
6.451688e-06 
7.231553e-06 
8.171540e-06 
9.318402e-06 
1.073717e-05 
1.252039e-05 
1.480322e-05 
1.778905e-05 
2.179451e-05 
2.733182e-05 
3.526428e-05 
4.710269e-05 
6.552555e-05 
9.491968e-05 
1.400897e-04 
2.002513e-04 
2.675216e-04 
3.364643e-04 
4.055953e-04 
4.716707e-04 
5.253812e-04 
5.381906e-04 
5.381906e-04 
5.381906e-04 
5.381906e-04 
5.381906e-04 
5.381906e-04 
5.381906e-04 
5.381906e-04 
5.381906e-04 
5.381906e-04 
5.381906e-04 
5.381906e-04 
5.381906e-04 
5.381906e-04 
5.381906e-04 
5.381906e-04 
5.381906e-04 
5.381906e-04 
5.381906e-04 
5.381906e-04 
5.381906e-04 
5.381906e-04 
5.381906e-04 
5.381906e-04 
5.381906e-04 
5.381906e-04 
5.381906e-04 
5.381906e-04 
5.381906e-04 
5.381906e-04 
5.381906e-04 
5.381906e-04 
5.381906e-04 
5.381906e-04 
5.381906e-04 
5.381906e-04 
5.381906e-04 
5.381906e-04 
5.381906e-04 
5.381906e-04 
5.381906e-04 
5.381906e-04 
5.381906e-04 
5.381906e-04 
5.381906e-04 
5.381906e-04 
5.381906e-04 
5.381906e-04 
5.381906e-04 
5.381906e-04 
5.381906e-04 
5.381906e-04 
5.381906e-04 
5.381906e-04 
5.381906e-04 
5.381906e-04 
5.381906e-04 
5.381906e-04 
5.381906e-04 
5.381906e-04 
5.381906e-04 
5.381906e-04 
5.381906e-04 
5.580119e-04 
6.191766e-04 
6.897102e-04 
7.669923e-04 
8.167532e-04 
9.294272e-04 
1.066439e-03 
1.232377e-03 
1.434576e-03 
1.683336e-03 
1.993252e-03 
2.384713e-03 
2.886587e-03 
3.540660e-03 
4.408920e-03 
5.585863e-03 
7.220067e-03 
9.553592e-03 
1.299735e-02 
1.828303e-02 
2.678679e-02 
4.125454e-02 
6.744349e-02 
1.172222e-01 
2.087848e-01 
3.453615e-01 
4.991595e-01 
6.479742e-01 
7.833635e-01 
8.971658e-01 
9.542483e-01 
9.542487e-01 
9.542487e-01 
9.542487e-01 
9.542487e-01 
9.542487e-01 
9.542487e-01 
9.542487e-01 
9.542487e-01 
9.542487e-01 
9.542487e-01 
9.542487e-01 
9.542487e-01 
9.542487e-01 
9.542487e-01 
9.542487e-01 
9.542487e-01 
9.542487e-01 
9.542487e-01 
9.542487e-01 
9.542487e-01 
9.542487e-01 
9.542487e-01 
9.542487e-01 
9.542487e-01 
9.542487e-01 
9.542487e-01 
9.542487e-01 
9.542487e-01 
9.542487e-01 
9.542487e-01 
9.542487e-01 
9.542487e-01 
9.542487e-01 
9.542487e-01 
9.542487e-01 
9.542487e-01 
9.542487e-01 
9.542487e-01 
9.542487e-01 
9.542487e-01 
9.542487e-01 
9.542487e-01 
9.542487e-01 
9.542487e-01 
9.542487e-01 
9.542487e-01 
9.542487e-01 
9.542487e-01 
9.542487e-01 
9.542487e-01 
9.542487e-01 
9.542487e-01 
9.542487e-01 
9.542487e-01 
9.542487e-01 
9.542487e-01 
9.542487e-01 
9.542487e-01 
9.542487e-01 
9.542487e-01 
9.542487e-01 
9.542487e-01 
9.542487e-01 
9.542484e-01 
9.542479e-01 
9.542473e-01 
9.542466e-01 
9.542457e-01 
9.542448e-01 
9.542437e-01 
9.542425e-01 
9.542414e-01 
9.542404e-01 
9.542395e-01 
9.542387e-01 
9.542380e-01 
9.542375e-01 
9.542369e-01 
9.542365e-01 
9.542361e-01 
9.542357e-01 
9.542354e-01 
9.542351e-01 
9.542348e-01 
9.542346e-01 
9.542344e-01 
9.542342e-01 
9.542340e-01 
9.542338e-01 
9.542336e-01 
9.542335e-01 
9.542333e-01 
9.542332e-01 
9.542332e-01 
9.542332e-01 
9.542332e-01 
9.542332e-01 
9.542332e-01 
9.542332e-01 
9.542332e-01 
9.542332e-01 
9.542332e-01 
9.542332e-01 
9.542332e-01 
9.542332e-01 
9.542332e-01 
9.542332e-01 
9.542332e-01 
9.542332e-01 
9.542332e-01 
9.542332e-01 
9.542332e-01 
9.542332e-01 
9.542332e-01 
9.542332e-01 
9.542332e-01 
9.542332e-01 
9.542332e-01 
9.542332e-01 
9.542332e-01 
9.542332e-01 
9.542332e-01 
9.542332e-01 
9.542332e-01 
9.542332e-01 
9.542332e-01 
9.542332e-01 
9.542332e-01 
9.542332e-01 
9.542332e-01 
9.542332e-01 
9.542332e-01 
9.542332e-01 
9.542332e-01 
9.542332e-01 
9.542332e-01 
9.542332e-01 
9.542332e-01 
9.542332e-01 
9.542332e-01 
9.542332e-01 
9.542332e-01 
9.542332e-01 
9.542332e-01 
9.542332e-01 
9.542332e-01 
9.542332e-01 
9.542332e-01 
9.542332e-01 
9.542332e-01 
9.542332e-01 
9.542332e-01 
9.542332e-01 
9.542332e-01 
9.542332e-01 
9.542332e-01 
9.185740e-01 
8.122388e-01 
6.816314e-01 
5.319303e-01 
3.560370e-01 
1.425409e-01 
1.096588e-02 
6.673277e-04 
3.057363e-04 
1.800242e-04 
1.162721e-04 
7.988138e-05 
5.742653e-05 
4.276273e-05 
3.275916e-05 
2.569183e-05 
2.055313e-05 
1.672546e-05 
1.381523e-05 
1.156333e-05 
9.794422e-06 
8.386761e-06 
7.252384e-06 
6.320877e-06 
5.535246e-06 
4.870906e-06 
4.313922e-06 
3.843070e-06 
3.438205e-06 
3.082646e-06 
2.860689e-06 
2.860625e-06 
2.860625e-06 
2.860625e-06 
2.860625e-06 
2.860625e-06 
2.860625e-06 
2.860625e-06 
2.860625e-06 
2.860625e-06 
2.860625e-06 
2.860625e-06 
2.860625e-06 
2.860625e-06 
2.860625e-06 
2.860625e-06 
2.860625e-06 
2.860625e-06 
2.860625e-06 
2.860625e-06 
2.860625e-06 
2.860625e-06 
2.860625e-06 
2.860625e-06 
2.860625e-06 
2.860625e-06 
2.860625e-06 
2.860625e-06 
2.860625e-06 
2.860625e-06 
2.860625e-06 
2.860625e-06 
2.860625e-06 
2.860625e-06 
2.860625e-06 
2.860625e-06 
2.860625e-06 
2.860625e-06 
2.860625e-06 
2.860625e-06 
2.860625e-06 
2.860625e-06 
2.860625e-06 
2.860625e-06 
2.860625e-06 
2.860625e-06 
2.860625e-06 
2.860625e-06 
2.860625e-06 
2.860625e-06 
2.860625e-06 
2.860625e-06 
2.860625e-06 
2.860625e-06 
2.860625e-06 
2.860625e-06 
2.860625e-06 
2.860625e-06 
2.860625e-06 
2.860625e-06 
2.860625e-06 
2.860625e-06 
2.860625e-06 
2.860625e-06 
3.014511e-06 
3.229351e-06 
3.471573e-06 
3.746054e-06 
4.058807e-06 
4.417308e-06 
4.830947e-06 
5.311647e-06 
5.874715e-06 
6.540041e-06 
7.333862e-06 
8.291353e-06 
9.460525e-06 
1.090825e-05 
1.272985e-05 
1.506477e-05 
1.812329e-05 
2.223351e-05 
2.792745e-05 
3.610376e-05 
4.833670e-05 
6.740851e-05 
9.780183e-05 
1.441238e-04 
2.049537e-04 
2.723256e-04 
3.412323e-04 
4.102687e-04 
4.758610e-04 
5.282657e-04 
5.381855e-04 
5.381855e-04 
5.381855e-04 
5.381855e-04 
5.381855e-04 
5.381855e-04 
5.381855e-04 
5.381855e-04 
5.381855e-04 
5.381855e-04 
5.381855e-04 
5.381855e-04 
5.381855e-04 
5.381855e-04 
5.381855e-04 
5.381855e-04 
5.381855e-04 
5.381855e-04 
5.381855e-04 
5.381855e-04 
5.381855e-04 
5.381855e-04 
5.381855e-04 
5.381855e-04 
5.381855e-04 
5.381855e-04 
5.381855e-04 
5.381855e-04 
5.381855e-04 
5.381855e-04 
5.381855e-04 
5.381855e-04 
5.381855e-04 
5.381855e-04 
5.381855e-04 
5.381855e-04 
5.381855e-04 
5.381855e-04 
5.381855e-04 
5.381855e-04 
5.381855e-04 
5.381855e-04 
5.381855e-04 
5.381855e-04 
5.381855e-04 
5.381855e-04 
5.381855e-04 
5.381855e-04 
5.381855e-04 
5.381855e-04 
5.381855e-04 
5.381855e-04 
5.381855e-04 
5.381855e-04 
5.381855e-04 
5.381855e-04 
5.381855e-04 
5.381855e-04 
5.381855e-04 
5.381855e-04 
5.381855e-04 
5.381855e-04 
5.381855e-04 
5.619130e-04 
6.236781e-04 
6.948698e-04 
7.702249e-04 
8.233259e-04 
9.379983e-04 
1.076792e-03 
1.244951e-03 
1.449962e-03 
1.702384e-03 
2.017148e-03 
2.415122e-03 
2.925891e-03 
3.592349e-03 
4.478238e-03 
5.680924e-03 
7.353846e-03 
9.747635e-03 
1.328906e-02 
1.874070e-02 
2.754257e-02 
4.257939e-02 
6.991215e-02 
1.219461e-01 
2.168796e-01 
3.556956e-01 
5.096298e-01 
6.577295e-01 
7.919563e-01 
9.038348e-01 
9.542486e-01 
9.542487e-01 
9.542487e-01 
9.542487e-01 
9.542487e-01 
9.542487e-01 
9.542487e-01 
9.542487e-01 
9.542487e-01 
9.542487e-01 
9.542487e-01 
9.542487e-01 
9.542487e-01 
9.542487e-01 
9.542487e-01 
9.542487e-01 
9.542487e-01 
9.542487e-01 
9.542487e-01 
9.542487e-01 
9.542487e-01 
9.542487e-01 
9.542487e-01 
9.542487e-01 
9.542487e-01 
9.542487e-01 
9.542487e-01 
9.542487e-01 
9.542487e-01 
9.542487e-01 
9.542487e-01 
9.542487e-01 
9.542487e-01 
9.542487e-01 
9.542487e-01 
9.542487e-01 
9.542487e-01 
9.542487e-01 
9.542487e-01 
9.542487e-01 
9.542487e-01 
9.542487e-01 
9.542487e-01 
9.542487e-01 
9.542487e-01 
9.542487e-01 
9.542487e-01 
9.542487e-01 
9.542487e-01 
9.542487e-01 
9.542487e-01 
9.542487e-01 
9.542487e-01 
9.542487e-01 
9.542487e-01 
9.542487e-01 
9.542487e-01 
9.542487e-01 
9.542487e-01 
9.542487e-01 
9.542487e-01 
9.542487e-01 
9.542487e-01 
9.542487e-01 
9.542484e-01 
9.542479e-01 
9.542473e-01 
9.542465e-01 
9.542457e-01 
9.542447e-01 
9.542436e-01 
9.542424e-01 
9.542413e-01 
9.542403e-01 
9.542394e-01 
9.542387e-01 
9.542380e-01 
9.542374e-01 
9.542369e-01 
9.542365e-01 
9.542361e-01 
9.542357e-01 
9.542354e-01 
9.542351e-01 
9.542348e-01 
9.542346e-01 
9.542343e-01 
9.542341e-01 
9.542339e-01 
9.542338e-01 
9.542336e-01 
9.542335e-01 
9.542333e-01 
9.542332e-01 
9.542331e-01 
9.542331e-01 
9.542331e-01 
9.542331e-01 
9.542331e-01 
9.542331e-01 
9.542331e-01 
9.542331e-01 
9.542331e-01 
9.542331e-01 
9.542331e-01 
9.542331e-01 
9.542331e-01 
9.542331e-01 
9.542331e-01 
9.542331e-01 
9.542331e-01 
9.542331e-01 
9.542331e-01 
9.542331e-01 
9.542331e-01 
9.542331e-01 
9.542331e-01 
9.542331e-01 
9.542331e-01 
9.542331e-01 
9.542331e-01 
9.542331e-01 
9.542331e-01 
9.542331e-01 
9.542331e-01 
9.542331e-01 
9.542331e-01 
9.542331e-01 
9.542331e-01 
9.542331e-01 
9.542331e-01 
9.542331e-01 
9.542331e-01 
9.542331e-01 
9.542331e-01 
9.542331e-01 
9.542331e-01 
9.542331e-01 
9.542331e-01 
9.542331e-01 
9.542331e-01 
9.542331e-01 
9.542331e-01 
9.542331e-01 
9.542331e-01 
9.542331e-01 
9.542331e-01 
9.542331e-01 
9.542331e-01 
9.542331e-01 
9.542331e-01 
9.542331e-01 
9.542331e-01 
9.542331e-01 
9.542331e-01 
9.542331e-01 
9.542331e-01 
9.123464e-01 
8.039608e-01 
6.720116e-01 
5.208965e-01 
3.425996e-01 
1.279811e-01 
8.552701e-03 
6.001068e-04 
2.852453e-04 
1.686639e-04 
1.089812e-04 
7.471589e-05 
5.347728e-05 
3.954611e-05 
2.998964e-05 
2.318281e-05 
1.816747e-05 
1.434653e-05 
1.132510e-05 
8.819834e-06 
6.598208e-06 
4.426668e-06 
2.027114e-06 
-8.556160e-07 
-4.033710e-06 
-6.821043e-06 
-8.960476e-06 
-1.064026e-05 
-1.208667e-05 
-1.338490e-05 
-1.419782e-05 
-1.419789e-05 
-1.419789e-05 
-1.419789e-05 
-1.419789e-05 
-1.419789e-05 
-1.419789e-05 
-1.419789e-05 
-1.419789e-05 
-1.419789e-05 
-1.419789e-05 
-1.419789e-05 
-1.419789e-05 
-1.419789e-05 
-1.419789e-05 
-1.419789e-05 
-1.419789e-05 
-1.419789e-05 
-1.419789e-05 
-1.419789e-05 
-1.419789e-05 
-1.419789e-05 
-1.419789e-05 
-1.419789e-05 
-1.419789e-05 
-1.419789e-05 
-1.419789e-05 
-1.419789e-05 
-1.419789e-05 
-1.419789e-05 
-1.419789e-05 
-1.419789e-05 
-1.419789e-05 
-1.419789e-05 
-1.419789e-05 
-1.419789e-05 
-1.419789e-05 
-1.419789e-05 
-1.419789e-05 
-1.419789e-05 
-1.419789e-05 
-1.419789e-05 
-1.419789e-05 
-1.419789e-05 
-1.419789e-05 
-1.419789e-05 
-1.419789e-05 
-1.419789e-05 
-1.419789e-05 
-1.419789e-05 
-1.419789e-05 
-1.419789e-05 
-1.419789e-05 
-1.419789e-05 
-1.419789e-05 
-1.419789e-05 
-1.419789e-05 
-1.419789e-05 
-1.419789e-05 
-1.419789e-05 
-1.419789e-05 
-1.419789e-05 
-1.419789e-05 
-1.419768e-05 
-1.401080e-05 
-1.375951e-05 
-1.346687e-05 
-1.312424e-05 
-1.272074e-05 
-1.224265e-05 
-1.167257e-05 
-1.098834e-05 
-1.016106e-05 
-9.152197e-06 
-7.910013e-06 
-6.364530e-06 
-4.419843e-06 
-1.942734e-06 
1.254157e-06 
5.436935e-06 
1.098507e-05 
1.843560e-05 
2.852560e-05 
4.219303e-05 
6.044894e-05 
8.403809e-05 
1.130322e-04 
1.468526e-04 
1.849710e-04 
2.277782e-04 
2.770650e-04 
3.358333e-04 
4.061506e-04 
4.812717e-04 
4.941509e-04 
4.941509e-04 
4.941509e-04 
4.941509e-04 
4.941509e-04 
4.941509e-04 
4.941509e-04 
4.941509e-04 
4.941509e-04 
4.941509e-04 
4.941509e-04 
4.941509e-04 
4.941509e-04 
4.941509e-04 
4.941509e-04 
4.941509e-04 
4.941509e-04 
4.941509e-04 
4.941509e-04 
4.941509e-04 
4.941509e-04 
4.941509e-04 
4.941509e-04 
4.941509e-04 
4.941509e-04 
4.941509e-04 
4.941509e-04 
4.941509e-04 
4.941509e-04 
4.941509e-04 
4.941509e-04 
4.941509e-04 
4.941509e-04 
4.941509e-04 
4.941509e-04 
4.941509e-04 
4.941509e-04 
4.941509e-04 
4.941509e-04 
4.941509e-04 
4.941509e-04 
4.941509e-04 
4.941509e-04 
4.941509e-04 
4.941509e-04 
4.941509e-04 
4.941509e-04 
4.941509e-04 
4.941509e-04 
4.941509e-04 
4.941509e-04 
4.941509e-04 
4.941509e-04 
4.941509e-04 
4.941509e-04 
4.941509e-04 
4.941509e-04 
4.941509e-04 
4.941509e-04 
4.941509e-04 
4.941509e-04 
4.941509e-04 
4.941509e-04 
5.203142e-04 
5.801244e-04 
6.500596e-04 
7.323635e-04 
8.299731e-04 
9.466790e-04 
1.087281e-03 
1.257695e-03 
1.465569e-03 
1.721721e-03 
2.041430e-03 
2.446053e-03 
2.965915e-03 
3.645050e-03 
4.549016e-03 
0.000000e+00 
0.000000e+00 
0.000000e+00 
0.000000e+00 
0.000000e+00 
0.000000e+00 
0.000000e+00 
0.000000e+00
#[#TRACE_DATA]
#[#TRACE]
