#[TRACE]
#data_labels=Output
#[TRACE_DATA]
-5.274718e-03 
-6.556986e-03 
-8.548158e-03 
-1.144410e-02 
-1.581419e-02 
-2.270643e-02 
-3.416630e-02 
-5.442299e-02 
-9.243607e-02 
-1.648035e-01 
-2.853357e-01 
-4.362172e-01 
-5.886015e-01 
-7.301921e-01 
-8.540649e-01 
-9.486640e-01 
-9.543232e-01 
-9.543232e-01 
-9.543232e-01 
-9.543232e-01 
-9.543232e-01 
-9.543232e-01 
-9.543232e-01 
-9.543232e-01 
-9.543232e-01 
-9.543232e-01 
-9.543232e-01 
-9.543232e-01 
-9.543232e-01 
-9.543232e-01 
-9.543232e-01 
-9.543232e-01 
-9.543232e-01 
-9.543232e-01 
-9.543232e-01 
-9.543232e-01 
-9.543232e-01 
-9.543232e-01 
-9.543232e-01 
-9.543232e-01 
-9.543232e-01 
-9.543232e-01 
-9.543232e-01 
-9.543232e-01 
-9.543232e-01 
-9.543232e-01 
-9.543232e-01 
-9.543232e-01 
-9.543232e-01 
-9.543232e-01 
-9.543232e-01 
-9.543232e-01 
-9.543232e-01 
-9.543232e-01 
-9.543232e-01 
-9.543232e-01 
-9.543232e-01 
-9.543232e-01 
-9.543232e-01 
-9.543232e-01 
-9.543232e-01 
-9.543232e-01 
-9.543232e-01 
-9.543232e-01 
-9.543232e-01 
-9.543232e-01 
-9.543232e-01 
-9.543232e-01 
-9.543232e-01 
-9.543232e-01 
-9.543232e-01 
-9.543232e-01 
-9.543232e-01 
-9.543232e-01 
-9.543232e-01 
-9.543232e-01 
-9.543232e-01 
-9.543232e-01 
-9.543232e-01 
-9.543217e-01 
-9.543176e-01 
-9.543125e-01 
-9.543063e-01 
-9.542985e-01 
-9.542876e-01 
-9.542759e-01 
-9.542704e-01 
-9.542668e-01 
-9.542638e-01 
-9.542612e-01 
-9.542590e-01 
-9.542570e-01 
-9.542553e-01 
-9.542538e-01 
-9.542524e-01 
-9.542512e-01 
-9.542501e-01 
-9.542491e-01 
-9.542482e-01 
-9.542473e-01 
-9.542466e-01 
-9.542459e-01 
-9.542452e-01 
-9.542446e-01 
-9.542440e-01 
-9.542435e-01 
-9.542430e-01 
-9.542426e-01 
-9.542422e-01 
-9.542419e-01 
-9.542419e-01 
-9.542419e-01 
-9.542419e-01 
-9.542419e-01 
-9.542419e-01 
-9.542419e-01 
-9.542419e-01 
-9.542419e-01 
-9.542419e-01 
-9.542419e-01 
-9.542419e-01 
-9.542419e-01 
-9.542419e-01 
-9.542419e-01 
-9.542419e-01 
-9.542419e-01 
-9.542419e-01 
-9.542419e-01 
-9.542419e-01 
-9.542419e-01 
-9.542419e-01 
-9.542419e-01 
-9.542419e-01 
-9.542419e-01 
-9.542419e-01 
-9.542419e-01 
-9.542419e-01 
-9.542419e-01 
-9.542419e-01 
-9.542419e-01 
-9.542419e-01 
-9.542419e-01 
-9.542419e-01 
-9.542419e-01 
-9.542419e-01 
-9.542419e-01 
-9.542419e-01 
-9.542419e-01 
-9.542419e-01 
-9.542419e-01 
-9.542419e-01 
-9.542419e-01 
-9.542419e-01 
-9.542419e-01 
-9.542419e-01 
-9.542419e-01 
-9.542419e-01 
-9.542419e-01 
-9.542419e-01 
-9.542419e-01 
-9.542419e-01 
-9.542419e-01 
-9.542419e-01 
-9.542419e-01 
-9.542419e-01 
-9.542419e-01 
-9.542419e-01 
-9.542419e-01 
-9.542419e-01 
-9.542419e-01 
-9.542419e-01 
-9.542419e-01 
-9.514080e-01 
-8.594953e-01 
-7.375660e-01 
-5.956979e-01 
-4.317768e-01 
-2.304434e-01 
-3.558158e-02 
4.877477e-04 
4.608032e-04 
2.569764e-04 
1.605373e-04 
1.079078e-04 
7.645770e-05 
5.643018e-05 
4.305767e-05 
3.379847e-05 
2.720783e-05 
2.242482e-05 
1.892092e-05 
1.637114e-05 
1.458944e-05 
1.350381e-05 
1.315801e-05 
1.368809e-05 
1.505742e-05 
1.664642e-05 
1.786587e-05 
1.871080e-05 
1.937892e-05 
2.000411e-05 
2.049439e-05 
2.069174e-05 
2.069174e-05 
2.069174e-05 
2.069174e-05 
2.069174e-05 
2.069174e-05 
2.069174e-05 
2.069174e-05 
2.069174e-05 
2.069174e-05 
2.069174e-05 
2.069174e-05 
2.069174e-05 
2.069174e-05 
2.069174e-05 
2.069174e-05 
2.069174e-05 
2.069174e-05 
2.069174e-05 
2.069174e-05 
2.069174e-05 
2.069174e-05 
2.069174e-05 
2.069174e-05 
2.069174e-05 
2.069174e-05 
2.069174e-05 
2.069174e-05 
2.069174e-05 
2.069174e-05 
2.069174e-05 
2.069174e-05 
2.069174e-05 
2.069174e-05 
2.069174e-05 
2.069174e-05 
2.069174e-05 
2.069174e-05 
2.069174e-05 
2.069174e-05 
2.069174e-05 
2.069174e-05 
2.069174e-05 
2.069174e-05 
2.069174e-05 
2.069174e-05 
2.069174e-05 
2.069174e-05 
2.069174e-05 
2.069174e-05 
2.069174e-05 
2.069174e-05 
2.069174e-05 
2.069174e-05 
2.069174e-05 
2.069174e-05 
2.069174e-05 
2.069174e-05 
2.069174e-05 
2.069174e-05 
2.069174e-05 
2.069174e-05 
2.069174e-05 
2.077069e-05 
2.097169e-05 
2.118803e-05 
2.142091e-05 
2.167162e-05 
2.194139e-05 
2.223148e-05 
2.254318e-05 
2.287773e-05 
2.323552e-05 
2.361528e-05 
2.401334e-05 
2.442220e-05 
2.482784e-05 
2.520505e-05 
2.550936e-05 
2.566239e-05 
2.552493e-05 
2.484559e-05 
2.316034e-05 
1.959173e-05 
1.245155e-05 
-1.463977e-06 
-2.759559e-05 
-7.217169e-05 
-1.360340e-04 
-2.132568e-04 
-3.005238e-04 
-3.998526e-04 
-5.103131e-04 
-5.792122e-04 
-5.792357e-04 
-5.792357e-04 
-5.792357e-04 
-5.792357e-04 
-5.792357e-04 
-5.792357e-04 
-5.792357e-04 
-5.792357e-04 
-5.792357e-04 
-5.792357e-04 
-5.792357e-04 
-5.792357e-04 
-5.792357e-04 
-5.792357e-04 
-5.792357e-04 
-5.792357e-04 
-5.792357e-04 
-5.792357e-04 
-5.792357e-04 
-5.792357e-04 
-5.792357e-04 
-5.792357e-04 
-5.792357e-04 
-5.792357e-04 
-5.792357e-04 
-5.792357e-04 
-5.792357e-04 
-5.792357e-04 
-5.792357e-04 
-5.792357e-04 
-5.792357e-04 
-5.792357e-04 
-5.792357e-04 
-5.792357e-04 
-5.792357e-04 
-5.792357e-04 
-5.792357e-04 
-5.792357e-04 
-5.792357e-04 
-5.792357e-04 
-5.792357e-04 
-5.792357e-04 
-5.792357e-04 
-5.792357e-04 
-5.792357e-04 
-5.792357e-04 
-5.792357e-04 
-5.792357e-04 
-5.792357e-04 
-5.792357e-04 
-5.792357e-04 
-5.792357e-04 
-5.792357e-04 
-5.792357e-04 
-5.792357e-04 
-5.792357e-04 
-5.792357e-04 
-5.792357e-04 
-5.792357e-04 
-5.792357e-04 
-5.792357e-04 
-5.792357e-04 
-5.813597e-04 
-6.375408e-04 
-7.043705e-04 
-7.824479e-04 
-8.743325e-04 
-9.833374e-04 
-1.113699e-03 
-1.270697e-03 
-1.460942e-03 
-1.693482e-03 
-1.981166e-03 
-2.341950e-03 
-2.801100e-03 
-3.394906e-03 
-4.176750e-03 
-5.227262e-03 
-6.671891e-03 
-8.712580e-03 
-1.168744e-02 
-1.618907e-02 
-2.331239e-02 
-3.520334e-02 
-5.631376e-02 
-9.605942e-02 
-1.714911e-01 
-2.950800e-01 
-4.468095e-01 
-5.987021e-01 
-7.393192e-01 
-8.616395e-01 
-9.529365e-01 
-9.543232e-01 
-9.543232e-01 
-9.543232e-01 
-9.543232e-01 
-9.543232e-01 
-9.543232e-01 
-9.543232e-01 
-9.543232e-01 
-9.543232e-01 
-9.543232e-01 
-9.543232e-01 
-9.543232e-01 
-9.543232e-01 
-9.543232e-01 
-9.543232e-01 
-9.543232e-01 
-9.543232e-01 
-9.543232e-01 
-9.543232e-01 
-9.543232e-01 
-9.543232e-01 
-9.543232e-01 
-9.543232e-01 
-9.543232e-01 
-9.543232e-01 
-9.543232e-01 
-9.543232e-01 
-9.543232e-01 
-9.543232e-01 
-9.543232e-01 
-9.543232e-01 
-9.543232e-01 
-9.543232e-01 
-9.543232e-01 
-9.543232e-01 
-9.543232e-01 
-9.543232e-01 
-9.543232e-01 
-9.543232e-01 
-9.543232e-01 
-9.543232e-01 
-9.543232e-01 
-9.543232e-01 
-9.543232e-01 
-9.543232e-01 
-9.543232e-01 
-9.543232e-01 
-9.543232e-01 
-9.543232e-01 
-9.543232e-01 
-9.543232e-01 
-9.543232e-01 
-9.543232e-01 
-9.543232e-01 
-9.543232e-01 
-9.543232e-01 
-9.543232e-01 
-9.543232e-01 
-9.543232e-01 
-9.543232e-01 
-9.543232e-01 
-9.543232e-01 
-9.543232e-01 
-9.543215e-01 
-9.543173e-01 
-9.543121e-01 
-9.543058e-01 
-9.542978e-01 
-9.542867e-01 
-9.542753e-01 
-9.542701e-01 
-9.542666e-01 
-9.542636e-01 
-9.542611e-01 
-9.542589e-01 
-9.542569e-01 
-9.542552e-01 
-9.542537e-01 
-9.542523e-01 
-9.542511e-01 
-9.542500e-01 
-9.542490e-01 
-9.542481e-01 
-9.542473e-01 
-9.542465e-01 
-9.542458e-01 
-9.542452e-01 
-9.542446e-01 
-9.542440e-01 
-9.542435e-01 
-9.542430e-01 
-9.542426e-01 
-9.542421e-01 
-9.542419e-01 
-9.542419e-01 
-9.542419e-01 
-9.542419e-01 
-9.542419e-01 
-9.542419e-01 
-9.542419e-01 
-9.542419e-01 
-9.542419e-01 
-9.542419e-01 
-9.542419e-01 
-9.542419e-01 
-9.542419e-01 
-9.542419e-01 
-9.542419e-01 
-9.542419e-01 
-9.542419e-01 
-9.542419e-01 
-9.542419e-01 
-9.542419e-01 
-9.542419e-01 
-9.542419e-01 
-9.542419e-01 
-9.542419e-01 
-9.542419e-01 
-9.542419e-01 
-9.542419e-01 
-9.542419e-01 
-9.542419e-01 
-9.542419e-01 
-9.542419e-01 
-9.542419e-01 
-9.542419e-01 
-9.542419e-01 
-9.542419e-01 
-9.542419e-01 
-9.542419e-01 
-9.542419e-01 
-9.542419e-01 
-9.542419e-01 
-9.542419e-01 
-9.542419e-01 
-9.542419e-01 
-9.542419e-01 
-9.542419e-01 
-9.542419e-01 
-9.542419e-01 
-9.542419e-01 
-9.542419e-01 
-9.542419e-01 
-9.542419e-01 
-9.542419e-01 
-9.542419e-01 
-9.542419e-01 
-9.542419e-01 
-9.542419e-01 
-9.542419e-01 
-9.542419e-01 
-9.542419e-01 
-9.542419e-01 
-9.542419e-01 
-9.542419e-01 
-9.542419e-01 
-9.467619e-01 
-8.519323e-01 
-7.284567e-01 
-5.852940e-01 
-4.194471e-01 
-2.150840e-01 
-2.855772e-02 
5.740673e-04 
4.303596e-04 
2.415714e-04 
1.512718e-04 
1.016539e-04 
7.186131e-05 
5.281111e-05 
4.003422e-05 
3.113426e-05 
2.474008e-05 
2.002594e-05 
1.647334e-05 
1.374532e-05 
1.161634e-05 
9.931551e-06 
8.581227e-06 
7.481681e-06 
6.562903e-06 
5.784644e-06 
5.131879e-06 
4.582560e-06 
4.113356e-06 
3.704420e-06 
3.347456e-06 
3.331228e-06 
3.331228e-06 
3.331228e-06 
3.331228e-06 
3.331228e-06 
3.331228e-06 
3.331228e-06 
3.331228e-06 
3.331228e-06 
3.331228e-06 
3.331228e-06 
3.331228e-06 
3.331228e-06 
3.331228e-06 
3.331228e-06 
3.331228e-06 
3.331228e-06 
3.331228e-06 
3.331228e-06 
3.331228e-06 
3.331228e-06 
3.331228e-06 
3.331228e-06 
3.331228e-06 
3.331228e-06 
3.331228e-06 
3.331228e-06 
3.331228e-06 
3.331228e-06 
3.331228e-06 
3.331228e-06 
3.331228e-06 
3.331228e-06 
3.331228e-06 
3.331228e-06 
3.331228e-06 
3.331228e-06 
3.331228e-06 
3.331228e-06 
3.331228e-06 
3.331228e-06 
3.331228e-06 
3.331228e-06 
3.331228e-06 
3.331228e-06 
3.331228e-06 
3.331228e-06 
3.331228e-06 
3.331228e-06 
3.331228e-06 
3.331228e-06 
3.331228e-06 
3.331228e-06 
3.331228e-06 
3.331228e-06 
3.331228e-06 
3.331228e-06 
3.331228e-06 
3.331228e-06 
3.331228e-06 
3.331228e-06 
3.331228e-06 
3.331228e-06 
3.428779e-06 
3.658408e-06 
3.917677e-06 
4.211852e-06 
4.547431e-06 
4.932483e-06 
5.377118e-06 
5.894142e-06 
6.499965e-06 
7.215870e-06 
8.069838e-06 
9.099230e-06 
1.035481e-05 
1.190689e-05 
1.385505e-05 
1.634391e-05 
1.958960e-05 
2.392593e-05 
2.988804e-05 
3.836930e-05 
5.092143e-05 
7.030222e-05 
1.012043e-04 
1.497047e-04 
2.174731e-04 
2.965718e-04 
3.790226e-04 
4.623906e-04 
5.439114e-04 
6.142392e-04 
6.441547e-04 
6.441577e-04 
6.441577e-04 
6.441577e-04 
6.441577e-04 
6.441577e-04 
6.441577e-04 
6.441577e-04 
6.441577e-04 
6.441577e-04 
6.441577e-04 
6.441577e-04 
6.441577e-04 
6.441577e-04 
6.441577e-04 
6.441577e-04 
6.441577e-04 
6.441577e-04 
6.441577e-04 
6.441577e-04 
6.441577e-04 
6.441577e-04 
6.441577e-04 
6.441577e-04 
6.441577e-04 
6.441577e-04 
6.441577e-04 
6.441577e-04 
6.441577e-04 
6.441577e-04 
6.441577e-04 
6.441577e-04 
6.441577e-04 
6.441577e-04 
6.441577e-04 
6.441577e-04 
6.441577e-04 
6.441577e-04 
6.441577e-04 
6.441577e-04 
6.441577e-04 
6.441577e-04 
6.441577e-04 
6.441577e-04 
6.441577e-04 
6.441577e-04 
6.441577e-04 
6.441577e-04 
6.441577e-04 
6.441577e-04 
6.441577e-04 
6.441577e-04 
6.441577e-04 
6.441577e-04 
6.441577e-04 
6.441577e-04 
6.441577e-04 
6.441577e-04 
6.441577e-04 
6.441577e-04 
6.441577e-04 
6.441577e-04 
6.441577e-04 
6.496321e-04 
7.114198e-04 
7.828917e-04 
8.635341e-04 
9.103461e-04 
1.017012e-03 
1.152187e-03 
1.315054e-03 
1.512457e-03 
1.753797e-03 
2.052455e-03 
2.427135e-03 
2.904162e-03 
3.521375e-03 
4.334481e-03 
5.427699e-03 
6.932213e-03 
9.059474e-03 
1.216406e-02 
1.686853e-02 
2.432528e-02 
3.679637e-02 
5.897288e-02 
1.007027e-01 
1.792580e-01 
3.054381e-01 
4.575547e-01 
6.087888e-01 
7.483711e-01 
8.690766e-01 
9.540533e-01 
9.543234e-01 
9.543234e-01 
9.543234e-01 
9.543234e-01 
9.543234e-01 
9.543234e-01 
9.543234e-01 
9.543234e-01 
9.543234e-01 
9.543234e-01 
9.543234e-01 
9.543234e-01 
9.543234e-01 
9.543234e-01 
9.543234e-01 
9.543234e-01 
9.543234e-01 
9.543234e-01 
9.543234e-01 
9.543234e-01 
9.543234e-01 
9.543234e-01 
9.543234e-01 
9.543234e-01 
9.543234e-01 
9.543234e-01 
9.543234e-01 
9.543234e-01 
9.543234e-01 
9.543234e-01 
9.543234e-01 
9.543234e-01 
9.543234e-01 
9.543234e-01 
9.543234e-01 
9.543234e-01 
9.543234e-01 
9.543234e-01 
9.543234e-01 
9.543234e-01 
9.543234e-01 
9.543234e-01 
9.543234e-01 
9.543234e-01 
9.543234e-01 
9.543234e-01 
9.543234e-01 
9.543234e-01 
9.543234e-01 
9.543234e-01 
9.543234e-01 
9.543234e-01 
9.543234e-01 
9.543234e-01 
9.543234e-01 
9.543234e-01 
9.543234e-01 
9.543234e-01 
9.543234e-01 
9.543234e-01 
9.543234e-01 
9.543234e-01 
9.543234e-01 
9.543217e-01 
9.543181e-01 
9.543137e-01 
9.543087e-01 
9.543032e-01 
9.542971e-01 
9.542908e-01 
9.542844e-01 
9.542785e-01 
9.542733e-01 
9.542690e-01 
9.542654e-01 
9.542623e-01 
9.542597e-01 
9.542575e-01 
9.542556e-01 
9.542540e-01 
9.542525e-01 
9.542512e-01 
9.542501e-01 
9.542490e-01 
9.542481e-01 
9.542473e-01 
9.542465e-01 
9.542458e-01 
9.542451e-01 
9.542445e-01 
9.542440e-01 
9.542434e-01 
9.542430e-01 
9.542428e-01 
9.542428e-01 
9.542428e-01 
9.542428e-01 
9.542428e-01 
9.542428e-01 
9.542428e-01 
9.542428e-01 
9.542428e-01 
9.542428e-01 
9.542428e-01 
9.542428e-01 
9.542428e-01 
9.542428e-01 
9.542428e-01 
9.542428e-01 
9.542428e-01 
9.542428e-01 
9.542428e-01 
9.542428e-01 
9.542428e-01 
9.542428e-01 
9.542428e-01 
9.542428e-01 
9.542428e-01 
9.542428e-01 
9.542428e-01 
9.542428e-01 
9.542428e-01 
9.542428e-01 
9.542428e-01 
9.542428e-01 
9.542428e-01 
9.542428e-01 
9.542428e-01 
9.542428e-01 
9.542428e-01 
9.542428e-01 
9.542428e-01 
9.542428e-01 
9.542428e-01 
9.542428e-01 
9.542428e-01 
9.542428e-01 
9.542428e-01 
9.542428e-01 
9.542428e-01 
9.542428e-01 
9.542428e-01 
9.542428e-01 
9.542428e-01 
9.542428e-01 
9.542428e-01 
9.542428e-01 
9.542428e-01 
9.542428e-01 
9.542428e-01 
9.542428e-01 
9.542428e-01 
9.542428e-01 
9.542428e-01 
9.542428e-01 
9.542428e-01 
9.415887e-01 
8.442467e-01 
7.192996e-01 
5.749837e-01 
4.077976e-01 
2.031922e-01 
2.764795e-02 
1.170234e-03 
4.123950e-04 
2.332692e-04 
1.469152e-04 
9.911917e-05 
7.027776e-05 
5.176788e-05 
3.931773e-05 
3.062523e-05 
2.436805e-05 
1.974734e-05 
1.626023e-05 
1.357916e-05 
1.148449e-05 
9.825172e-06 
8.494005e-06 
7.409105e-06 
6.502555e-06 
5.735743e-06 
5.092263e-06 
4.549751e-06 
4.085448e-06 
3.679940e-06 
3.339152e-06 
3.332362e-06 
3.332362e-06 
3.332362e-06 
3.332362e-06 
3.332362e-06 
3.332362e-06 
3.332362e-06 
3.332362e-06 
3.332362e-06 
3.332362e-06 
3.332362e-06 
3.332362e-06 
3.332362e-06 
3.332362e-06 
3.332362e-06 
3.332362e-06 
3.332362e-06 
3.332362e-06 
3.332362e-06 
3.332362e-06 
3.332362e-06 
3.332362e-06 
3.332362e-06 
3.332362e-06 
3.332362e-06 
3.332362e-06 
3.332362e-06 
3.332362e-06 
3.332362e-06 
3.332362e-06 
3.332362e-06 
3.332362e-06 
3.332362e-06 
3.332362e-06 
3.332362e-06 
3.332362e-06 
3.332362e-06 
3.332362e-06 
3.332362e-06 
3.332362e-06 
3.332362e-06 
3.332362e-06 
3.332362e-06 
3.332362e-06 
3.332362e-06 
3.332362e-06 
3.332362e-06 
3.332362e-06 
3.332362e-06 
3.332362e-06 
3.332362e-06 
3.332362e-06 
3.332362e-06 
3.332362e-06 
3.332362e-06 
3.332362e-06 
3.332362e-06 
3.332362e-06 
3.332362e-06 
3.332362e-06 
3.332362e-06 
3.332362e-06 
3.332362e-06 
3.444740e-06 
3.676213e-06 
3.937624e-06 
4.234321e-06 
4.572896e-06 
4.961540e-06 
5.410534e-06 
5.932922e-06 
6.545425e-06 
7.269720e-06 
8.134321e-06 
9.177349e-06 
1.045067e-05 
1.202624e-05 
1.400612e-05 
1.653881e-05 
1.984673e-05 
2.427420e-05 
3.037471e-05 
3.907490e-05 
5.198812e-05 
7.198189e-05 
1.038955e-04 
1.537667e-04 
2.226433e-04 
3.021531e-04 
3.847062e-04 
4.680831e-04 
5.492330e-04 
6.182565e-04 
6.441568e-04 
6.441577e-04 
6.441577e-04 
6.441577e-04 
6.441577e-04 
6.441577e-04 
6.441577e-04 
6.441577e-04 
6.441577e-04 
6.441577e-04 
6.441577e-04 
6.441577e-04 
6.441577e-04 
6.441577e-04 
6.441577e-04 
6.441577e-04 
6.441577e-04 
6.441577e-04 
6.441577e-04 
6.441577e-04 
6.441577e-04 
6.441577e-04 
6.441577e-04 
6.441577e-04 
6.441577e-04 
6.441577e-04 
6.441577e-04 
6.441577e-04 
6.441577e-04 
6.441577e-04 
6.441577e-04 
6.441577e-04 
6.441577e-04 
6.441577e-04 
6.441577e-04 
6.441577e-04 
6.441577e-04 
6.441577e-04 
6.441577e-04 
6.441577e-04 
6.441577e-04 
6.441577e-04 
6.441577e-04 
6.441577e-04 
6.441577e-04 
6.441577e-04 
6.441577e-04 
6.441577e-04 
6.441577e-04 
6.441577e-04 
6.441577e-04 
6.441577e-04 
6.441577e-04 
6.441577e-04 
6.441577e-04 
6.441577e-04 
6.441577e-04 
6.441577e-04 
6.441577e-04 
6.441577e-04 
6.441577e-04 
6.441577e-04 
6.441577e-04 
6.533077e-04 
7.159992e-04 
7.881409e-04 
8.690996e-04 
9.160102e-04 
1.025491e-03 
1.162373e-03 
1.327363e-03 
1.527433e-03 
1.772213e-03 
2.075402e-03 
2.456137e-03 
2.941384e-03 
3.569965e-03 
4.399133e-03 
5.515613e-03 
7.054786e-03 
9.235420e-03 
1.242544e-02 
1.727303e-02 
2.498268e-02 
3.792833e-02 
6.104780e-02 
1.046734e-01 
1.864167e-01 
3.154078e-01 
4.681126e-01 
6.187758e-01 
7.573281e-01 
8.763680e-01 
9.542707e-01 
9.543234e-01 
9.543234e-01 
9.543234e-01 
9.543234e-01 
9.543234e-01 
9.543234e-01 
9.543234e-01 
9.543234e-01 
9.543234e-01 
9.543234e-01 
9.543234e-01 
9.543234e-01 
9.543234e-01 
9.543234e-01 
9.543234e-01 
9.543234e-01 
9.543234e-01 
9.543234e-01 
9.543234e-01 
9.543234e-01 
9.543234e-01 
9.543234e-01 
9.543234e-01 
9.543234e-01 
9.543234e-01 
9.543234e-01 
9.543234e-01 
9.543234e-01 
9.543234e-01 
9.543234e-01 
9.543234e-01 
9.543234e-01 
9.543234e-01 
9.543234e-01 
9.543234e-01 
9.543234e-01 
9.543234e-01 
9.543234e-01 
9.543234e-01 
9.543234e-01 
9.543234e-01 
9.543234e-01 
9.543234e-01 
9.543234e-01 
9.543234e-01 
9.543234e-01 
9.543234e-01 
9.543234e-01 
9.543234e-01 
9.543234e-01 
9.543234e-01 
9.543234e-01 
9.543234e-01 
9.543234e-01 
9.543234e-01 
9.543234e-01 
9.543234e-01 
9.543234e-01 
9.543234e-01 
9.543234e-01 
9.543234e-01 
9.543234e-01 
9.543234e-01 
9.543215e-01 
9.543178e-01 
9.543134e-01 
9.543084e-01 
9.543028e-01 
9.542967e-01 
9.542903e-01 
9.542840e-01 
9.542781e-01 
9.542730e-01 
9.542687e-01 
9.542651e-01 
9.542621e-01 
9.542596e-01 
9.542574e-01 
9.542555e-01 
9.542539e-01 
9.542524e-01 
9.542511e-01 
9.542500e-01 
9.542490e-01 
9.542480e-01 
9.542472e-01 
9.542464e-01 
9.542457e-01 
9.542451e-01 
9.542445e-01 
9.542439e-01 
9.542434e-01 
9.542429e-01 
9.542427e-01 
9.542427e-01 
9.542427e-01 
9.542427e-01 
9.542427e-01 
9.542427e-01 
9.542427e-01 
9.542427e-01 
9.542427e-01 
9.542427e-01 
9.542427e-01 
9.542427e-01 
9.542427e-01 
9.542427e-01 
9.542427e-01 
9.542427e-01 
9.542427e-01 
9.542427e-01 
9.542427e-01 
9.542427e-01 
9.542427e-01 
9.542427e-01 
9.542427e-01 
9.542427e-01 
9.542427e-01 
9.542427e-01 
9.542427e-01 
9.542427e-01 
9.542427e-01 
9.542427e-01 
9.542427e-01 
9.542427e-01 
9.542427e-01 
9.542427e-01 
9.542427e-01 
9.542427e-01 
9.542427e-01 
9.542427e-01 
9.542427e-01 
9.542427e-01 
9.542427e-01 
9.542427e-01 
9.542427e-01 
9.542427e-01 
9.542427e-01 
9.542427e-01 
9.542427e-01 
9.542427e-01 
9.542427e-01 
9.542427e-01 
9.542427e-01 
9.542427e-01 
9.542427e-01 
9.542427e-01 
9.542427e-01 
9.542427e-01 
9.542427e-01 
9.542427e-01 
9.542427e-01 
9.542427e-01 
9.542427e-01 
9.542427e-01 
9.542427e-01 
9.361452e-01 
8.364295e-01 
7.100203e-01 
5.643944e-01 
3.951723e-01 
1.879345e-01 
2.228413e-02 
1.007520e-03 
3.850339e-04 
2.191846e-04 
1.382755e-04 
9.320360e-05 
6.587918e-05 
4.826919e-05 
3.636742e-05 
2.800213e-05 
2.191684e-05 
1.734300e-05 
1.378382e-05 
1.089513e-05 
8.410792e-06 
6.084940e-06 
3.639693e-06 
7.766976e-07 
-2.500121e-06 
-5.559722e-06 
-7.963845e-06 
-9.831252e-06 
-1.140563e-05 
-1.282773e-05 
-1.399718e-05 
-1.403775e-05 
-1.403775e-05 
-1.403775e-05 
-1.403775e-05 
-1.403775e-05 
-1.403775e-05 
-1.403775e-05 
-1.403775e-05 
-1.403775e-05 
-1.403775e-05 
-1.403775e-05 
-1.403775e-05 
-1.403775e-05 
-1.403775e-05 
-1.403775e-05 
-1.403775e-05 
-1.403775e-05 
-1.403775e-05 
-1.403775e-05 
-1.403775e-05 
-1.403775e-05 
-1.403775e-05 
-1.403775e-05 
-1.403775e-05 
-1.403775e-05 
-1.403775e-05 
-1.403775e-05 
-1.403775e-05 
-1.403775e-05 
-1.403775e-05 
-1.403775e-05 
-1.403775e-05 
-1.403775e-05 
-1.403775e-05 
-1.403775e-05 
-1.403775e-05 
-1.403775e-05 
-1.403775e-05 
-1.403775e-05 
-1.403775e-05 
-1.403775e-05 
-1.403775e-05 
-1.403775e-05 
-1.403775e-05 
-1.403775e-05 
-1.403775e-05 
-1.403775e-05 
-1.403775e-05 
-1.403775e-05 
-1.403775e-05 
-1.403775e-05 
-1.403775e-05 
-1.403775e-05 
-1.403775e-05 
-1.403775e-05 
-1.403775e-05 
-1.403775e-05 
-1.403775e-05 
-1.403775e-05 
-1.403775e-05 
-1.403775e-05 
-1.403775e-05 
-1.403775e-05 
-1.390309e-05 
-1.364255e-05 
-1.333766e-05 
-1.297903e-05 
-1.255486e-05 
-1.205024e-05 
-1.144621e-05 
-1.071860e-05 
-9.836122e-06 
-8.757140e-06 
-7.425737e-06 
-5.766300e-06 
-3.675344e-06 
-1.009321e-06 
2.433463e-06 
6.939460e-06 
1.291798e-05 
2.095183e-05 
3.185228e-05 
4.668302e-05 
6.666486e-05 
9.284395e-05 
1.255875e-04 
1.644112e-04 
2.086191e-04 
2.583648e-04 
3.153861e-04 
3.830561e-04 
4.647139e-04 
5.563944e-04 
5.946614e-04 
5.946619e-04 
5.946619e-04 
5.946619e-04 
5.946619e-04 
5.946619e-04 
5.946619e-04 
5.946619e-04 
5.946619e-04 
5.946619e-04 
5.946619e-04 
5.946619e-04 
5.946619e-04 
5.946619e-04 
5.946619e-04 
5.946619e-04 
5.946619e-04 
5.946619e-04 
5.946619e-04 
5.946619e-04 
5.946619e-04 
5.946619e-04 
5.946619e-04 
5.946619e-04 
5.946619e-04 
5.946619e-04 
5.946619e-04 
5.946619e-04 
5.946619e-04 
5.946619e-04 
5.946619e-04 
5.946619e-04 
5.946619e-04 
5.946619e-04 
5.946619e-04 
5.946619e-04 
5.946619e-04 
5.946619e-04 
5.946619e-04 
5.946619e-04 
5.946619e-04 
5.946619e-04 
5.946619e-04 
5.946619e-04 
5.946619e-04 
5.946619e-04 
5.946619e-04 
5.946619e-04 
5.946619e-04 
5.946619e-04 
5.946619e-04 
5.946619e-04 
5.946619e-04 
5.946619e-04 
5.946619e-04 
5.946619e-04 
5.946619e-04 
5.946619e-04 
5.946619e-04 
5.946619e-04 
5.946619e-04 
5.946619e-04 
5.946619e-04 
6.069428e-04 
6.676558e-04 
7.383148e-04 
8.209577e-04 
9.183515e-04 
1.034075e-03 
1.172689e-03 
1.339835e-03 
1.542615e-03 
1.790900e-03 
2.098710e-03 
2.485623e-03 
2.979269e-03 
3.619481e-03 
4.465110e-03 
5.605472e-03 
7.180303e-03 
9.415984e-03 
1.269437e-02 
1.769049e-02 
2.566365e-02 
3.910583e-02 
6.321502e-02 
1.088233e-01 
1.938152e-01 
3.254860e-01 
4.786536e-01 
6.287058e-01 
7.661965e-01 
8.835098e-01 
9.543131e-01 
9.543234e-01 
9.543234e-01 
9.543234e-01 
9.543234e-01 
9.543234e-01 
9.543234e-01 
9.543234e-01 
9.543234e-01 
9.543234e-01 
9.543234e-01 
9.543234e-01 
9.543234e-01 
9.543234e-01 
9.543234e-01 
9.543234e-01 
9.543234e-01 
9.543234e-01 
9.543234e-01 
9.543234e-01 
9.543234e-01 
9.543234e-01 
9.543234e-01 
9.543234e-01 
9.543234e-01 
9.543234e-01 
9.543234e-01 
9.543234e-01 
9.543234e-01 
9.543234e-01 
9.543234e-01 
9.543234e-01 
9.543234e-01 
9.543234e-01 
9.543234e-01 
9.543234e-01 
9.543234e-01 
9.543234e-01 
9.543234e-01 
9.543234e-01 
9.543234e-01 
9.543234e-01 
9.543234e-01 
9.543234e-01 
9.543234e-01 
9.543234e-01 
9.543234e-01 
9.543234e-01 
9.543234e-01 
9.543234e-01 
9.543234e-01 
9.543234e-01 
9.543234e-01 
9.543234e-01 
9.543234e-01 
9.543234e-01 
9.543234e-01 
9.543234e-01 
9.543234e-01 
9.543234e-01 
9.543234e-01 
9.543234e-01 
9.543234e-01 
9.543234e-01 
9.543213e-01 
9.543176e-01 
9.543131e-01 
9.543080e-01 
9.543024e-01 
9.542963e-01 
9.542899e-01 
9.542836e-01 
9.542778e-01 
9.542727e-01 
9.542685e-01 
9.542649e-01 
9.542619e-01 
9.542594e-01 
9.542573e-01 
9.542554e-01 
9.542538e-01 
9.542523e-01 
9.542511e-01 
9.542499e-01 
9.542489e-01 
9.542480e-01 
9.542471e-01 
9.542464e-01 
9.542457e-01 
9.542450e-01 
9.542444e-01 
9.542439e-01 
9.542434e-01 
9.542429e-01 
9.542428e-01 
9.542428e-01 
9.542428e-01 
9.542428e-01 
9.542428e-01 
9.542428e-01 
9.542428e-01 
9.542428e-01 
9.542428e-01 
9.542428e-01 
9.542428e-01 
9.542428e-01 
9.542428e-01 
9.542428e-01 
9.542428e-01 
9.542428e-01 
9.542428e-01 
9.542428e-01 
9.542428e-01 
9.542428e-01 
9.542428e-01 
9.542428e-01 
9.542428e-01 
9.542428e-01 
9.542428e-01 
9.542428e-01 
9.542428e-01 
9.542428e-01 
9.542428e-01 
9.542428e-01 
9.542428e-01 
9.542428e-01 
9.542428e-01 
9.542428e-01 
9.542428e-01 
9.542428e-01 
9.542428e-01 
9.542428e-01 
9.542428e-01 
9.542428e-01 
9.542428e-01 
9.542428e-01 
9.542428e-01 
9.542428e-01 
9.542428e-01 
9.542428e-01 
9.542428e-01 
9.542428e-01 
9.542428e-01 
9.542428e-01 
9.542428e-01 
9.542428e-01 
9.542428e-01 
9.542428e-01 
9.542428e-01 
9.542428e-01 
9.542428e-01 
9.542428e-01 
9.542428e-01 
9.542428e-01 
9.542428e-01 
9.542428e-01 
9.542428e-01 
9.304883e-01 
8.284916e-01 
7.006569e-01 
5.537061e-01 
3.823829e-01 
1.728217e-01 
1.792632e-02 
9.312380e-04 
3.872962e-04 
2.239171e-04 
1.431218e-04 
9.775033e-05 
7.010463e-05 
5.224647e-05 
4.019182e-05 
3.177500e-05 
2.574703e-05 
2.135611e-05 
1.813880e-05 
1.581258e-05 
1.422371e-05 
1.333100e-05 
1.321012e-05 
1.399406e-05 
1.550578e-05 
1.702524e-05 
1.812625e-05 
1.890311e-05 
1.955227e-05 
2.016455e-05 
2.067931e-05 
2.069174e-05 
2.069174e-05 
2.069174e-05 
2.069174e-05 
2.069174e-05 
2.069174e-05 
2.069174e-05 
2.069174e-05 
2.069174e-05 
2.069174e-05 
2.069174e-05 
2.069174e-05 
2.069174e-05 
2.069174e-05 
2.069174e-05 
2.069174e-05 
2.069174e-05 
2.069174e-05 
2.069174e-05 
2.069174e-05 
2.069174e-05 
2.069174e-05 
2.069174e-05 
2.069174e-05 
2.069174e-05 
2.069174e-05 
2.069174e-05 
2.069174e-05 
2.069174e-05 
2.069174e-05 
2.069174e-05 
2.069174e-05 
2.069174e-05 
2.069174e-05 
2.069174e-05 
2.069174e-05 
2.069174e-05 
2.069174e-05 
2.069174e-05 
2.069174e-05 
2.069174e-05 
2.069174e-05 
2.069174e-05 
2.069174e-05 
2.069174e-05 
2.069174e-05 
2.069174e-05 
2.069174e-05 
2.069174e-05 
2.069174e-05 
2.069174e-05 
2.069174e-05 
2.069174e-05 
2.069174e-05 
2.069174e-05 
2.069174e-05 
2.069174e-05 
2.069174e-05 
2.069174e-05 
2.069174e-05 
2.069174e-05 
2.069174e-05 
2.069174e-05 
2.082421e-05 
2.102929e-05 
2.125002e-05 
2.148766e-05 
2.174345e-05 
2.201866e-05 
2.231453e-05 
2.263236e-05 
2.297330e-05 
2.333731e-05 
2.372256e-05 
2.412453e-05 
2.453427e-05 
2.493526e-05 
2.529805e-05 
2.557070e-05 
2.566163e-05 
2.540751e-05 
2.451176e-05 
2.242333e-05 
1.809388e-05 
9.504445e-06 
-7.115312e-06 
-3.775728e-05 
-8.791038e-05 
-1.560888e-04 
-2.361042e-04 
-3.263662e-04 
-4.293148e-04 
-5.403715e-04 
-5.792354e-04 
-5.792357e-04 
-5.792357e-04 
-5.792357e-04 
-5.792357e-04 
-5.792357e-04 
-5.792357e-04 
-5.792357e-04 
-5.792357e-04 
-5.792357e-04 
-5.792357e-04 
-5.792357e-04 
-5.792357e-04 
-5.792357e-04 
-5.792357e-04 
-5.792357e-04 
-5.792357e-04 
-5.792357e-04 
-5.792357e-04 
-5.792357e-04 
-5.792357e-04 
-5.792357e-04 
-5.792357e-04 
-5.792357e-04 
-5.792357e-04 
-5.792357e-04 
-5.792357e-04 
-5.792357e-04 
-5.792357e-04 
-5.792357e-04 
-5.792357e-04 
-5.792357e-04 
-5.792357e-04 
-5.792357e-04 
-5.792357e-04 
-5.792357e-04 
-5.792357e-04 
-5.792357e-04 
-5.792357e-04 
-5.792357e-04 
-5.792357e-04 
-5.792357e-04 
-5.792357e-04 
-5.792357e-04 
-5.792357e-04 
-5.792357e-04 
-5.792357e-04 
-5.792357e-04 
-5.792357e-04 
-5.792357e-04 
-5.792357e-04 
-5.792357e-04 
-5.792357e-04 
-5.792357e-04 
-5.792357e-04 
-5.792357e-04 
-5.792357e-04 
-5.792357e-04 
-5.792357e-04 
-5.792357e-04 
-5.792357e-04 
-5.792357e-04 
-5.792357e-04 
-5.949423e-04 
-6.548226e-04 
-7.245117e-04 
-8.060824e-04 
-9.022843e-04 
-1.016667e-03 
-1.153743e-03 
-1.319102e-03 
-1.519877e-03 
-1.766035e-03 
-2.071671e-03 
-2.456466e-03 
-2.948254e-03 
-3.587267e-03 
-4.433095e-03 
-5.576448e-03 
-7.159709e-03 
-9.414426e-03 
-1.273290e-02 
-1.781218e-02 
-2.596054e-02 
-3.978458e-02 
-6.475647e-02 
-1.122845e-01 
-2.006651e-01 
-3.352628e-01 
-4.890500e-01 
-6.385475e-01 
-7.749675e-01 
-8.904957e-01 
-9.543212e-01 
-9.543232e-01 
-9.543232e-01 
-9.543232e-01 
-9.543232e-01 
-9.543232e-01 
-9.543232e-01 
-9.543232e-01 
-9.543232e-01 
-9.543232e-01 
-9.543232e-01 
-9.543232e-01 
-9.543232e-01 
-9.543232e-01 
-9.543232e-01 
-9.543232e-01 
-9.543232e-01 
-9.543232e-01 
-9.543232e-01 
-9.543232e-01 
-9.543232e-01 
-9.543232e-01 
-9.543232e-01 
-9.543232e-01 
-9.543232e-01 
-9.543232e-01 
-9.543232e-01 
-9.543232e-01 
-9.543232e-01 
-9.543232e-01 
-9.543232e-01 
-9.543232e-01 
-9.543232e-01 
-9.543232e-01 
-9.543232e-01 
-9.543232e-01 
-9.543232e-01 
-9.543232e-01 
-9.543232e-01 
-9.543232e-01 
-9.543232e-01 
-9.543232e-01 
-9.543232e-01 
-9.543232e-01 
-9.543232e-01 
-9.543232e-01 
-9.543232e-01 
-9.543232e-01 
-9.543232e-01 
-9.543232e-01 
-9.543232e-01 
-9.543232e-01 
-9.543232e-01 
-9.543232e-01 
-9.543232e-01 
-9.543232e-01 
-9.543232e-01 
-9.543232e-01 
-9.543232e-01 
-9.543232e-01 
-9.543232e-01 
-9.543232e-01 
-9.543232e-01 
-9.543232e-01 
-9.543205e-01 
-9.543160e-01 
-9.543105e-01 
-9.543039e-01 
-9.542952e-01 
-9.542832e-01 
-9.542735e-01 
-9.542691e-01 
-9.542657e-01 
-9.542629e-01 
-9.542604e-01 
-9.542583e-01 
-9.542564e-01 
-9.542548e-01 
-9.542533e-01 
-9.542520e-01 
-9.542508e-01 
-9.542497e-01 
-9.542488e-01 
-9.542479e-01 
-9.542471e-01 
-9.542463e-01 
-9.542456e-01 
-9.542450e-01 
-9.542444e-01 
-9.542439e-01 
-9.542434e-01 
-9.542429e-01 
-9.542425e-01 
-9.542420e-01 
-9.542419e-01 
-9.542419e-01 
-9.542419e-01 
-9.542419e-01 
-9.542419e-01 
-9.542419e-01 
-9.542419e-01 
-9.542419e-01 
-9.542419e-01 
-9.542419e-01 
-9.542419e-01 
-9.542419e-01 
-9.542419e-01 
-9.542419e-01 
-9.542419e-01 
-9.542419e-01 
-9.542419e-01 
-9.542419e-01 
-9.542419e-01 
-9.542419e-01 
-9.542419e-01 
-9.542419e-01 
-9.542419e-01 
-9.542419e-01 
-9.542419e-01 
-9.542419e-01 
-9.542419e-01 
-9.542419e-01 
-9.542419e-01 
-9.542419e-01 
-9.542419e-01 
-9.542419e-01 
-9.542419e-01 
-9.542419e-01 
-9.542419e-01 
-9.542419e-01 
-9.542419e-01 
-9.542419e-01 
-9.542419e-01 
-9.542419e-01 
-9.542419e-01 
-9.542419e-01 
-9.542419e-01 
-9.542419e-01 
-9.542419e-01 
-9.542419e-01 
-9.542419e-01 
-9.542419e-01 
-9.542419e-01 
-9.542419e-01 
-9.542419e-01 
-9.542419e-01 
-9.542419e-01 
-9.542419e-01 
-9.542419e-01 
-9.542419e-01 
-9.542419e-01 
-9.542419e-01 
-9.542419e-01 
-9.542419e-01 
-9.542419e-01 
-9.542419e-01 
-9.542419e-01 
-9.246321e-01 
-8.204264e-01 
-6.911516e-01 
-5.426373e-01 
-3.681949e-01 
-1.531976e-01 
-9.934330e-03 
6.672745e-04 
3.622822e-04 
2.107005e-04 
1.348819e-04 
9.204514e-05 
6.582640e-05 
4.882026e-05 
3.728608e-05 
2.917867e-05 
2.330997e-05 
1.895568e-05 
1.565642e-05 
1.311109e-05 
1.111670e-05 
9.532857e-06 
8.258767e-06 
7.214944e-06 
6.336758e-06 
5.594425e-06 
4.972399e-06 
4.447178e-06 
3.996259e-06 
3.601015e-06 
3.331509e-06 
3.331228e-06 
3.331228e-06 
3.331228e-06 
3.331228e-06 
3.331228e-06 
3.331228e-06 
3.331228e-06 
3.331228e-06 
3.331228e-06 
3.331228e-06 
3.331228e-06 
3.331228e-06 
3.331228e-06 
3.331228e-06 
3.331228e-06 
3.331228e-06 
3.331228e-06 
3.331228e-06 
3.331228e-06 
3.331228e-06 
3.331228e-06 
3.331228e-06 
3.331228e-06 
3.331228e-06 
3.331228e-06 
3.331228e-06 
3.331228e-06 
3.331228e-06 
3.331228e-06 
3.331228e-06 
3.331228e-06 
3.331228e-06 
3.331228e-06 
3.331228e-06 
3.331228e-06 
3.331228e-06 
3.331228e-06 
3.331228e-06 
3.331228e-06 
3.331228e-06 
3.331228e-06 
3.331228e-06 
3.331228e-06 
3.331228e-06 
3.331228e-06 
3.331228e-06 
3.331228e-06 
3.331228e-06 
3.331228e-06 
3.331228e-06 
3.331228e-06 
3.331228e-06 
3.331228e-06 
3.331228e-06 
3.331228e-06 
3.331228e-06 
3.331228e-06 
3.331228e-06 
3.331228e-06 
3.331228e-06 
3.331228e-06 
3.331228e-06 
3.331228e-06 
3.488893e-06 
3.726172e-06 
3.994418e-06 
4.299212e-06 
4.647444e-06 
5.047688e-06 
5.510716e-06 
6.050219e-06 
6.683791e-06 
7.434339e-06 
8.332096e-06 
9.417618e-06 
1.074628e-05 
1.239525e-05 
1.447452e-05 
1.714500e-05 
2.064928e-05 
2.536570e-05 
3.190736e-05 
4.130949e-05 
5.538652e-05 
7.735803e-05 
1.124903e-04 
1.665097e-04 
2.384309e-04 
3.189619e-04 
4.017815e-04 
4.851087e-04 
5.648561e-04 
6.295068e-04 
6.441577e-04 
6.441577e-04 
6.441577e-04 
6.441577e-04 
6.441577e-04 
6.441577e-04 
6.441577e-04 
6.441577e-04 
6.441577e-04 
6.441577e-04 
6.441577e-04 
6.441577e-04 
6.441577e-04 
6.441577e-04 
6.441577e-04 
6.441577e-04 
6.441577e-04 
6.441577e-04 
6.441577e-04 
6.441577e-04 
6.441577e-04 
6.441577e-04 
6.441577e-04 
6.441577e-04 
6.441577e-04 
6.441577e-04 
6.441577e-04 
6.441577e-04 
6.441577e-04 
6.441577e-04 
6.441577e-04 
6.441577e-04 
6.441577e-04 
6.441577e-04 
6.441577e-04 
6.441577e-04 
6.441577e-04 
6.441577e-04 
6.441577e-04 
6.441577e-04 
6.441577e-04 
6.441577e-04 
6.441577e-04 
6.441577e-04 
6.441577e-04 
6.441577e-04 
6.441577e-04 
6.441577e-04 
6.441577e-04 
6.441577e-04 
6.441577e-04 
6.441577e-04 
6.441577e-04 
6.441577e-04 
6.441577e-04 
6.441577e-04 
6.441577e-04 
6.441577e-04 
6.441577e-04 
6.441577e-04 
6.441577e-04 
6.441577e-04 
6.441577e-04 
6.653532e-04 
7.300007e-04 
8.041662e-04 
8.841764e-04 
9.341421e-04 
1.051565e-03 
1.193723e-03 
1.365278e-03 
1.573617e-03 
1.829108e-03 
2.146432e-03 
2.546090e-03 
3.057088e-03 
3.721383e-03 
4.601177e-03 
5.791243e-03 
7.440526e-03 
9.791573e-03 
1.325598e-02 
1.856640e-02 
2.710048e-02 
4.160640e-02 
6.784499e-02 
1.176886e-01 
2.093207e-01 
3.459200e-01 
4.996673e-01 
6.483870e-01 
7.836552e-01 
8.973230e-01 
9.543230e-01 
9.543234e-01 
9.543234e-01 
9.543234e-01 
9.543234e-01 
9.543234e-01 
9.543234e-01 
9.543234e-01 
9.543234e-01 
9.543234e-01 
9.543234e-01 
9.543234e-01 
9.543234e-01 
9.543234e-01 
9.543234e-01 
9.543234e-01 
9.543234e-01 
9.543234e-01 
9.543234e-01 
9.543234e-01 
9.543234e-01 
9.543234e-01 
9.543234e-01 
9.543234e-01 
9.543234e-01 
9.543234e-01 
9.543234e-01 
9.543234e-01 
9.543234e-01 
9.543234e-01 
9.543234e-01 
9.543234e-01 
9.543234e-01 
9.543234e-01 
9.543234e-01 
9.543234e-01 
9.543234e-01 
9.543234e-01 
9.543234e-01 
9.543234e-01 
9.543234e-01 
9.543234e-01 
9.543234e-01 
9.543234e-01 
9.543234e-01 
9.543234e-01 
9.543234e-01 
9.543234e-01 
9.543234e-01 
9.543234e-01 
9.543234e-01 
9.543234e-01 
9.543234e-01 
9.543234e-01 
9.543234e-01 
9.543234e-01 
9.543234e-01 
9.543234e-01 
9.543234e-01 
9.543234e-01 
9.543234e-01 
9.543234e-01 
9.543234e-01 
9.543234e-01 
9.543208e-01 
9.543170e-01 
9.543124e-01 
9.543073e-01 
9.543016e-01 
9.542954e-01 
9.542890e-01 
9.542828e-01 
9.542770e-01 
9.542721e-01 
9.542679e-01 
9.542645e-01 
9.542616e-01 
9.542591e-01 
9.542570e-01 
9.542552e-01 
9.542536e-01 
9.542522e-01 
9.542509e-01 
9.542498e-01 
9.542488e-01 
9.542479e-01 
9.542470e-01 
9.542463e-01 
9.542456e-01 
9.542450e-01 
9.542444e-01 
9.542438e-01 
9.542433e-01 
9.542428e-01 
9.542428e-01 
9.542428e-01 
9.542428e-01 
9.542428e-01 
9.542428e-01 
9.542428e-01 
9.542428e-01 
9.542428e-01 
9.542428e-01 
9.542428e-01 
9.542428e-01 
9.542428e-01 
9.542428e-01 
9.542428e-01 
9.542428e-01 
9.542428e-01 
9.542428e-01 
9.542428e-01 
9.542428e-01 
9.542428e-01 
9.542428e-01 
9.542428e-01 
9.542428e-01 
9.542428e-01 
9.542428e-01 
9.542428e-01 
9.542428e-01 
9.542428e-01 
9.542428e-01 
9.542428e-01 
9.542428e-01 
9.542428e-01 
9.542428e-01 
9.542428e-01 
9.542428e-01 
9.542428e-01 
9.542428e-01 
9.542428e-01 
9.542428e-01 
9.542428e-01 
9.542428e-01 
9.542428e-01 
9.542428e-01 
9.542428e-01 
9.542428e-01 
9.542428e-01 
9.542428e-01 
9.542428e-01 
9.542428e-01 
9.542428e-01 
9.542428e-01 
9.542428e-01 
9.542428e-01 
9.542428e-01 
9.542428e-01 
9.542428e-01 
9.542428e-01 
9.542428e-01 
9.542428e-01 
9.542428e-01 
9.542428e-01 
9.542428e-01 
9.542428e-01 
9.185900e-01 
8.122690e-01 
6.816737e-01 
5.319913e-01 
3.561639e-01 
1.428901e-01 
1.123022e-02 
7.555809e-04 
3.477010e-04 
2.038313e-04 
1.311571e-04 
8.983005e-05 
6.442029e-05 
4.788244e-05 
3.663556e-05 
2.871269e-05 
2.296701e-05 
1.869729e-05 
1.545770e-05 
1.295538e-05 
1.099257e-05 
9.432261e-06 
8.175928e-06 
7.145837e-06 
6.279646e-06 
5.548332e-06 
4.934867e-06 
4.415878e-06 
3.969420e-06 
3.577275e-06 
3.332444e-06 
3.332362e-06 
3.332362e-06 
3.332362e-06 
3.332362e-06 
3.332362e-06 
3.332362e-06 
3.332362e-06 
3.332362e-06 
3.332362e-06 
3.332362e-06 
3.332362e-06 
3.332362e-06 
3.332362e-06 
3.332362e-06 
3.332362e-06 
3.332362e-06 
3.332362e-06 
3.332362e-06 
3.332362e-06 
3.332362e-06 
3.332362e-06 
3.332362e-06 
3.332362e-06 
3.332362e-06 
3.332362e-06 
3.332362e-06 
3.332362e-06 
3.332362e-06 
3.332362e-06 
3.332362e-06 
3.332362e-06 
3.332362e-06 
3.332362e-06 
3.332362e-06 
3.332362e-06 
3.332362e-06 
3.332362e-06 
3.332362e-06 
3.332362e-06 
3.332362e-06 
3.332362e-06 
3.332362e-06 
3.332362e-06 
3.332362e-06 
3.332362e-06 
3.332362e-06 
3.332362e-06 
3.332362e-06 
3.332362e-06 
3.332362e-06 
3.332362e-06 
3.332362e-06 
3.332362e-06 
3.332362e-06 
3.332362e-06 
3.332362e-06 
3.332362e-06 
3.332362e-06 
3.332362e-06 
3.332362e-06 
3.332362e-06 
3.332362e-06 
3.332362e-06 
3.505337e-06 
3.744530e-06 
4.015013e-06 
4.322449e-06 
4.673827e-06 
5.077853e-06 
5.545488e-06 
6.090680e-06 
6.731357e-06 
7.490848e-06 
8.399972e-06 
9.500125e-06 
1.084791e-05 
1.252233e-05 
1.463616e-05 
1.735475e-05 
2.092787e-05 
2.574607e-05 
3.244398e-05 
4.209615e-05 
5.658980e-05 
7.926935e-05 
1.155350e-04 
1.709369e-04 
2.437740e-04 
3.245833e-04 
4.074804e-04 
4.907599e-04 
5.699335e-04 
6.329751e-04 
6.441577e-04 
6.441577e-04 
6.441577e-04 
6.441577e-04 
6.441577e-04 
6.441577e-04 
6.441577e-04 
6.441577e-04 
6.441577e-04 
6.441577e-04 
6.441577e-04 
6.441577e-04 
6.441577e-04 
6.441577e-04 
6.441577e-04 
6.441577e-04 
6.441577e-04 
6.441577e-04 
6.441577e-04 
6.441577e-04 
6.441577e-04 
6.441577e-04 
6.441577e-04 
6.441577e-04 
6.441577e-04 
6.441577e-04 
6.441577e-04 
6.441577e-04 
6.441577e-04 
6.441577e-04 
6.441577e-04 
6.441577e-04 
6.441577e-04 
6.441577e-04 
6.441577e-04 
6.441577e-04 
6.441577e-04 
6.441577e-04 
6.441577e-04 
6.441577e-04 
6.441577e-04 
6.441577e-04 
6.441577e-04 
6.441577e-04 
6.441577e-04 
6.441577e-04 
6.441577e-04 
6.441577e-04 
6.441577e-04 
6.441577e-04 
6.441577e-04 
6.441577e-04 
6.441577e-04 
6.441577e-04 
6.441577e-04 
6.441577e-04 
6.441577e-04 
6.441577e-04 
6.441577e-04 
6.441577e-04 
6.441577e-04 
6.441577e-04 
6.441577e-04 
6.694924e-04 
7.347571e-04 
8.095983e-04 
8.873460e-04 
9.410478e-04 
1.060474e-03 
1.204444e-03 
1.378254e-03 
1.589444e-03 
1.848640e-03 
2.170862e-03 
2.577092e-03 
3.097054e-03 
3.773815e-03 
4.671337e-03 
5.887269e-03 
7.575419e-03 
9.986919e-03 
1.354923e-02 
1.902595e-02 
2.785858e-02 
4.293424e-02 
7.031758e-02 
1.224174e-01 
2.174193e-01 
3.562527e-01 
5.101322e-01 
6.581347e-01 
7.922390e-01 
9.039829e-01 
9.543233e-01 
9.543234e-01 
9.543234e-01 
9.543234e-01 
9.543234e-01 
9.543234e-01 
9.543234e-01 
9.543234e-01 
9.543234e-01 
9.543234e-01 
9.543234e-01 
9.543234e-01 
9.543234e-01 
9.543234e-01 
9.543234e-01 
9.543234e-01 
9.543234e-01 
9.543234e-01 
9.543234e-01 
9.543234e-01 
9.543234e-01 
9.543234e-01 
9.543234e-01 
9.543234e-01 
9.543234e-01 
9.543234e-01 
9.543234e-01 
9.543234e-01 
9.543234e-01 
9.543234e-01 
9.543234e-01 
9.543234e-01 
9.543234e-01 
9.543234e-01 
9.543234e-01 
9.543234e-01 
9.543234e-01 
9.543234e-01 
9.543234e-01 
9.543234e-01 
9.543234e-01 
9.543234e-01 
9.543234e-01 
9.543234e-01 
9.543234e-01 
9.543234e-01 
9.543234e-01 
9.543234e-01 
9.543234e-01 
9.543234e-01 
9.543234e-01 
9.543234e-01 
9.543234e-01 
9.543234e-01 
9.543234e-01 
9.543234e-01 
9.543234e-01 
9.543234e-01 
9.543234e-01 
9.543234e-01 
9.543234e-01 
9.543234e-01 
9.543234e-01 
9.543234e-01 
9.543206e-01 
9.543167e-01 
9.543121e-01 
9.543069e-01 
9.543012e-01 
9.542950e-01 
9.542886e-01 
9.542823e-01 
9.542767e-01 
9.542718e-01 
9.542677e-01 
9.542643e-01 
9.542614e-01 
9.542589e-01 
9.542569e-01 
9.542550e-01 
9.542535e-01 
9.542521e-01 
9.542508e-01 
9.542497e-01 
9.542487e-01 
9.542478e-01 
9.542470e-01 
9.542462e-01 
9.542455e-01 
9.542449e-01 
9.542443e-01 
9.542438e-01 
9.542433e-01 
9.542428e-01 
9.542427e-01 
9.542427e-01 
9.542427e-01 
9.542427e-01 
9.542427e-01 
9.542427e-01 
9.542427e-01 
9.542427e-01 
9.542427e-01 
9.542427e-01 
9.542427e-01 
9.542427e-01 
9.542427e-01 
9.542427e-01 
9.542427e-01 
9.542427e-01 
9.542427e-01 
9.542427e-01 
9.542427e-01 
9.542427e-01 
9.542427e-01 
9.542427e-01 
9.542427e-01 
9.542427e-01 
9.542427e-01 
9.542427e-01 
9.542427e-01 
9.542427e-01 
9.542427e-01 
9.542427e-01 
9.542427e-01 
9.542427e-01 
9.542427e-01 
9.542427e-01 
9.542427e-01 
9.542427e-01 
9.542427e-01 
9.542427e-01 
9.542427e-01 
9.542427e-01 
9.542427e-01 
9.542427e-01 
9.542427e-01 
9.542427e-01 
9.542427e-01 
9.542427e-01 
9.542427e-01 
9.542427e-01 
9.542427e-01 
9.542427e-01 
9.542427e-01 
9.542427e-01 
9.542427e-01 
9.542427e-01 
9.542427e-01 
9.542427e-01 
9.542427e-01 
9.542427e-01 
9.542427e-01 
9.542427e-01 
9.542427e-01 
9.542427e-01 
9.542427e-01 
9.123634e-01 
8.039919e-01 
6.720549e-01 
5.209598e-01 
3.427356e-01 
1.283471e-01 
8.797365e-03 
6.832604e-04 
3.254758e-04 
1.916724e-04 
1.234407e-04 
8.441524e-05 
6.031433e-05 
4.456152e-05 
3.379310e-05 
2.615025e-05 
2.054038e-05 
1.628531e-05 
1.293928e-05 
1.018576e-05 
7.769671e-06 
5.441091e-06 
2.908466e-06 
-9.568959e-08 
-3.389998e-06 
-6.283703e-06 
-8.517168e-06 
-1.028202e-05 
-1.180852e-05 
-1.318246e-05 
-1.403770e-05 
-1.403775e-05 
-1.403775e-05 
-1.403775e-05 
-1.403775e-05 
-1.403775e-05 
-1.403775e-05 
-1.403775e-05 
-1.403775e-05 
-1.403775e-05 
-1.403775e-05 
-1.403775e-05 
-1.403775e-05 
-1.403775e-05 
-1.403775e-05 
-1.403775e-05 
-1.403775e-05 
-1.403775e-05 
-1.403775e-05 
-1.403775e-05 
-1.403775e-05 
-1.403775e-05 
-1.403775e-05 
-1.403775e-05 
-1.403775e-05 
-1.403775e-05 
-1.403775e-05 
-1.403775e-05 
-1.403775e-05 
-1.403775e-05 
-1.403775e-05 
-1.403775e-05 
-1.403775e-05 
-1.403775e-05 
-1.403775e-05 
-1.403775e-05 
-1.403775e-05 
-1.403775e-05 
-1.403775e-05 
-1.403775e-05 
-1.403775e-05 
-1.403775e-05 
-1.403775e-05 
-1.403775e-05 
-1.403775e-05 
-1.403775e-05 
-1.403775e-05 
-1.403775e-05 
-1.403775e-05 
-1.403775e-05 
-1.403775e-05 
-1.403775e-05 
-1.403775e-05 
-1.403775e-05 
-1.403775e-05 
-1.403775e-05 
-1.403775e-05 
-1.403775e-05 
-1.403775e-05 
-1.403775e-05 
-1.403775e-05 
-1.403775e-05 
-1.403775e-05 
-1.403750e-05 
-1.383578e-05 
-1.356393e-05 
-1.324536e-05 
-1.287009e-05 
-1.242556e-05 
-1.189583e-05 
-1.126065e-05 
-1.049417e-05 
-9.562601e-06 
-8.420849e-06 
-7.008239e-06 
-5.242488e-06 
-3.010574e-06 
-1.551483e-07 
3.545589e-06 
8.407361e-06 
1.488143e-05 
2.360796e-05 
3.546776e-05 
5.158506e-05 
7.317743e-05 
1.011542e-04 
1.356361e-04 
1.759845e-04 
2.216336e-04 
2.731214e-04 
3.326661e-04 
4.039315e-04 
4.893631e-04 
5.804506e-04 
5.946619e-04 
5.946619e-04 
5.946619e-04 
5.946619e-04 
5.946619e-04 
5.946619e-04 
5.946619e-04 
5.946619e-04 
5.946619e-04 
5.946619e-04 
5.946619e-04 
5.946619e-04 
5.946619e-04 
5.946619e-04 
5.946619e-04 
5.946619e-04 
5.946619e-04 
5.946619e-04 
5.946619e-04 
5.946619e-04 
5.946619e-04 
5.946619e-04 
5.946619e-04 
5.946619e-04 
5.946619e-04 
5.946619e-04 
5.946619e-04 
5.946619e-04 
5.946619e-04 
5.946619e-04 
5.946619e-04 
5.946619e-04 
5.946619e-04 
5.946619e-04 
5.946619e-04 
5.946619e-04 
5.946619e-04 
5.946619e-04 
5.946619e-04 
5.946619e-04 
5.946619e-04 
5.946619e-04 
5.946619e-04 
5.946619e-04 
5.946619e-04 
5.946619e-04 
5.946619e-04 
5.946619e-04 
5.946619e-04 
5.946619e-04 
5.946619e-04 
5.946619e-04 
5.946619e-04 
5.946619e-04 
5.946619e-04 
5.946619e-04 
5.946619e-04 
5.946619e-04 
5.946619e-04 
5.946619e-04 
5.946619e-04 
5.946619e-04 
5.946619e-04 
6.226187e-04 
6.859221e-04 
7.596236e-04 
8.459951e-04 
9.480080e-04 
1.069494e-03 
1.215304e-03 
1.391403e-03 
1.605494e-03 
1.868464e-03 
2.195681e-03 
2.608620e-03 
3.137745e-03 
3.827267e-03 
4.742966e-03 
0.000000e+00 
0.000000e+00 
0.000000e+00 
0.000000e+00 
0.000000e+00 
0.000000e+00 
0.000000e+00 
0.000000e+00
#[#TRACE_DATA]
#[#TRACE]
