#[TRACE]
#data_labels=Output
#[TRACE_DATA]
4.184922e-06 
8.486275e-06 
1.662762e-05 
1.708647e-05 
1.708647e-05 
1.708647e-05 
1.708647e-05 
1.708647e-05 
1.708647e-05 
1.708647e-05 
1.718026e-05 
1.959627e-05 
2.371710e-05 
-3.220842e-05 
-5.671265e-04 
-5.679228e-04 
-5.679228e-04 
-5.679228e-04 
-5.679228e-04 
-5.679228e-04 
-5.679228e-04 
-5.679228e-04 
-7.936425e-04 
-2.418602e-03 
-1.719375e-02 
-6.724022e-01 
-9.543222e-01 
-9.543222e-01 
-9.543222e-01 
-9.543222e-01 
-9.543222e-01 
-9.543222e-01 
-9.543222e-01 
-9.543222e-01 
-9.542885e-01 
-9.542547e-01 
-9.542463e-01 
-9.542421e-01 
-9.542419e-01 
-9.542419e-01 
-9.542419e-01 
-9.542419e-01 
-9.542419e-01 
-9.542419e-01 
-9.542419e-01 
-8.840303e-01 
-1.935928e-02 
2.445512e-05 
6.457056e-06 
3.312400e-06 
3.311443e-06 
3.311443e-06 
3.311443e-06 
3.311443e-06 
3.311443e-06 
3.311443e-06 
3.311443e-06 
3.780088e-06 
7.523276e-06 
2.596948e-05 
3.327537e-04 
6.327323e-04 
6.327365e-04 
6.327365e-04 
6.327365e-04 
6.327365e-04 
6.327365e-04 
6.327365e-04 
6.327365e-04 
1.098756e-03 
3.686431e-03 
3.926312e-02 
9.311959e-01 
9.543225e-01 
9.543225e-01 
9.543225e-01 
9.543225e-01 
9.543225e-01 
9.543225e-01 
9.543225e-01 
9.543220e-01 
9.542832e-01 
9.542552e-01 
9.542463e-01 
9.542427e-01 
9.542427e-01 
9.542427e-01 
9.542427e-01 
9.542427e-01 
9.542427e-01 
9.542427e-01 
9.542427e-01 
6.399012e-01 
1.493133e-03 
1.602385e-05 
6.073422e-06 
1.708684e-05 
1.708647e-05 
1.708647e-05 
1.708647e-05 
1.708647e-05 
1.708647e-05 
1.708647e-05 
1.708647e-05 
1.821311e-05 
2.160294e-05 
2.168357e-05 
-3.703889e-04 
-5.679227e-04 
-5.679228e-04 
-5.679228e-04 
-5.679228e-04 
-5.679228e-04 
-5.679228e-04 
-5.679228e-04 
-5.692104e-04 
-1.321338e-03 
-5.659940e-03 
-1.083171e-01 
-9.542733e-01 
-9.543222e-01 
-9.543222e-01 
-9.543222e-01 
-9.543222e-01 
-9.543222e-01 
-9.543222e-01 
-9.543222e-01 
-9.543138e-01 
-9.542631e-01 
-9.542496e-01 
-9.542438e-01 
-9.542419e-01 
-9.542419e-01 
-9.542419e-01 
-9.542419e-01 
-9.542419e-01 
-9.542419e-01 
-9.542419e-01 
-9.542419e-01 
-3.576275e-01 
1.892861e-05 
1.115648e-05 
4.249044e-06 
3.332001e-06 
3.332001e-06 
3.332001e-06 
3.332001e-06 
3.332001e-06 
3.332001e-06 
3.332001e-06 
3.332001e-06 
5.199697e-06 
1.292712e-05 
8.353440e-05 
6.225934e-04 
6.327310e-04 
6.327310e-04 
6.327310e-04 
6.327310e-04 
6.327310e-04 
6.327310e-04 
6.327310e-04 
7.338675e-04 
1.852882e-03 
1.000467e-02 
3.508517e-01 
9.543224e-01 
9.543225e-01 
9.543225e-01 
9.543225e-01 
9.543225e-01 
9.543225e-01 
9.543225e-01 
9.543225e-01 
9.543054e-01 
9.542644e-01 
9.542496e-01 
9.542437e-01 
9.542427e-01 
9.542427e-01 
9.542427e-01 
9.542427e-01 
9.542427e-01 
9.542427e-01 
9.542427e-01 
9.542427e-01 
1.120650e-01 
3.928703e-05 
8.161554e-06 
-1.004424e-05 
-1.045162e-05 
-1.045162e-05 
-1.045162e-05 
-1.045162e-05 
-1.045162e-05 
-1.045162e-05 
-1.045162e-05 
-1.038532e-05 
-7.244450e-06 
1.130490e-05 
1.868467e-04 
5.869386e-04 
5.872690e-04 
5.872690e-04 
5.872690e-04 
5.872690e-04 
5.872690e-04 
5.872690e-04 
5.872690e-04 
8.452665e-04 
2.616862e-03 
1.935919e-02 
7.155005e-01 
9.543225e-01 
9.543225e-01 
9.543225e-01 
9.543225e-01 
9.543225e-01 
9.543225e-01 
9.543225e-01 
9.543225e-01 
9.542938e-01 
9.542588e-01 
9.542477e-01 
9.542428e-01 
9.542427e-01 
9.542427e-01 
9.542427e-01 
9.542427e-01 
9.542427e-01 
9.542427e-01 
9.542427e-01 
8.564800e-01 
1.475200e-02 
2.308876e-05 
6.275118e-06 
1.708506e-05 
1.708647e-05 
1.708647e-05 
1.708647e-05 
1.708647e-05 
1.708647e-05 
1.708647e-05 
1.708647e-05 
1.770223e-05 
2.066253e-05 
2.405120e-05 
-1.825068e-04 
-5.679168e-04 
-5.679228e-04 
-5.679228e-04 
-5.679228e-04 
-5.679228e-04 
-5.679228e-04 
-5.679228e-04 
-5.679228e-04 
-1.043244e-03 
-3.788593e-03 
-4.352488e-02 
-9.440867e-01 
-9.543222e-01 
-9.543222e-01 
-9.543222e-01 
-9.543222e-01 
-9.543222e-01 
-9.543222e-01 
-9.543222e-01 
-9.543211e-01 
-9.542710e-01 
-9.542515e-01 
-9.542448e-01 
-9.542419e-01 
-9.542419e-01 
-9.542419e-01 
-9.542419e-01 
-9.542419e-01 
-9.542419e-01 
-9.542419e-01 
-9.542419e-01 
-6.037033e-01 
-7.480058e-04 
1.522458e-05 
6.593641e-06 
1.708672e-05 
1.708647e-05 
1.708647e-05 
1.708647e-05 
1.708647e-05 
1.708647e-05 
1.708647e-05 
1.708647e-05 
1.829760e-05 
2.175432e-05 
2.085785e-05 
-4.021201e-04 
-5.679227e-04 
-5.679228e-04 
-5.679228e-04 
-5.679228e-04 
-5.679228e-04 
-5.679228e-04 
-5.679228e-04 
-5.739736e-04 
-1.372876e-03 
-6.048850e-03 
-1.264771e-01 
-9.543005e-01 
-9.543222e-01 
-9.543222e-01 
-9.543222e-01 
-9.543222e-01 
-9.543222e-01 
-9.543222e-01 
-9.543222e-01 
-9.543124e-01 
-9.542622e-01 
-9.542493e-01 
-9.542436e-01 
-9.542419e-01 
-9.542419e-01 
-9.542419e-01 
-9.542419e-01 
-9.542419e-01 
-9.542419e-01 
-9.542419e-01 
-9.542419e-01 
-3.201416e-01 
3.186237e-05 
1.067694e-05 
1.492555e-05 
1.708647e-05 
1.708647e-05 
1.708647e-05 
1.708647e-05 
1.708647e-05 
1.708647e-05 
1.708647e-05 
1.708647e-05 
1.900008e-05 
2.292841e-05 
4.821870e-06 
-5.549053e-04 
-5.679228e-04 
-5.679228e-04 
-5.679228e-04 
-5.679228e-04 
-5.679228e-04 
-5.679228e-04 
-5.679228e-04 
-6.773052e-04 
-1.873185e-03 
-1.056627e-02 
-3.987730e-01 
-9.543222e-01 
-9.543222e-01 
-9.543222e-01 
-9.543222e-01 
-9.543222e-01 
-9.543222e-01 
-9.543222e-01 
-9.543222e-01 
-9.543000e-01 
-9.542574e-01 
-9.542475e-01 
-9.542427e-01 
-9.542419e-01 
-9.542419e-01 
-9.542419e-01 
-9.542419e-01 
-9.542419e-01 
-9.542419e-01 
-9.542419e-01 
-9.542419e-01 
-8.885183e-02 
3.449304e-05 
7.860989e-06 
1.688766e-05 
1.708647e-05 
1.708647e-05 
1.708647e-05 
1.708647e-05 
1.708647e-05 
1.708647e-05 
1.708647e-05 
1.727590e-05 
1.982873e-05 
2.393868e-05 
-5.566019e-05 
-5.676572e-04 
-5.679228e-04 
-5.679228e-04 
-5.679228e-04 
-5.679228e-04 
-5.679228e-04 
-5.679228e-04 
-5.679228e-04 
-8.432390e-04 
-2.668483e-03 
-2.089627e-02 
-7.558845e-01 
-9.543222e-01 
-9.543222e-01 
-9.543222e-01 
-9.543222e-01 
-9.543222e-01 
-9.543222e-01 
-9.543222e-01 
-9.543222e-01 
-9.542841e-01 
-9.542539e-01 
-9.542459e-01 
-9.542420e-01 
-9.542419e-01 
-9.542419e-01 
-9.542419e-01 
-9.542419e-01 
-9.542419e-01 
-9.542419e-01 
-9.542419e-01 
-8.268845e-01 
-1.000169e-02 
2.172594e-05 
6.097107e-06 
1.708673e-05 
1.708647e-05 
1.708647e-05 
1.708647e-05 
1.708647e-05 
1.708647e-05 
1.708647e-05 
1.708647e-05 
1.777535e-05 
2.079922e-05 
2.392190e-05 
-2.080242e-04 
-5.679195e-04 
-5.679228e-04 
-5.679228e-04 
-5.679228e-04 
-5.679228e-04 
-5.679228e-04 
-5.679228e-04 
-5.679228e-04 
-1.079778e-03 
-4.013159e-03 
-4.939550e-02 
-9.497915e-01 
-9.543222e-01 
-9.543222e-01 
-9.543222e-01 
-9.543222e-01 
-9.543222e-01 
-9.543222e-01 
-9.543222e-01 
-9.543203e-01 
-9.542695e-01 
-9.542512e-01 
-9.542446e-01 
-9.542419e-01 
-9.542419e-01 
-9.542419e-01 
-9.542419e-01 
-9.542419e-01 
-9.542419e-01 
-9.542419e-01 
-9.542419e-01 
-5.670493e-01 
-4.639342e-04 
1.448136e-05 
5.212054e-06 
3.311439e-06 
3.311443e-06 
3.311443e-06 
3.311443e-06 
3.311443e-06 
3.311443e-06 
3.311443e-06 
3.311443e-06 
4.563641e-06 
1.034315e-05 
5.062967e-05 
5.584032e-04 
6.327364e-04 
6.327365e-04 
6.327365e-04 
6.327365e-04 
6.327365e-04 
6.327365e-04 
6.327365e-04 
6.481650e-04 
1.483319e-03 
6.651430e-03 
1.497738e-01 
9.543129e-01 
9.543225e-01 
9.543225e-01 
9.543225e-01 
9.543225e-01 
9.543225e-01 
9.543225e-01 
9.543225e-01 
9.543128e-01 
9.542700e-01 
9.542514e-01 
9.542446e-01 
9.542427e-01 
9.542427e-01 
9.542427e-01 
9.542427e-01 
9.542427e-01 
9.542427e-01 
9.542427e-01 
9.542427e-01 
2.840579e-01 
7.953937e-05 
1.022639e-05 
1.546710e-05 
1.708647e-05 
1.708647e-05 
1.708647e-05 
1.708647e-05 
1.708647e-05 
1.708647e-05 
1.708647e-05 
1.708745e-05 
1.910200e-05 
2.308077e-05 
4.748579e-07 
-5.597422e-04 
-5.679228e-04 
-5.679228e-04 
-5.679228e-04 
-5.679228e-04 
-5.679228e-04 
-5.679228e-04 
-5.679228e-04 
-6.960777e-04 
-1.957690e-03 
-1.147053e-02 
-4.497367e-01 
-9.543222e-01 
-9.543222e-01 
-9.543222e-01 
-9.543222e-01 
-9.543222e-01 
-9.543222e-01 
-9.543222e-01 
-9.543222e-01 
-9.542981e-01 
-9.542568e-01 
-9.542472e-01 
-9.542425e-01 
-9.542419e-01 
-9.542419e-01 
-9.542419e-01 
-9.542419e-01 
-9.542419e-01 
-9.542419e-01 
-9.542419e-01 
-9.542419e-01 
-7.004104e-02 
3.244107e-05 
7.574813e-06 
1.696503e-05 
1.708647e-05 
1.708647e-05 
1.708647e-05 
1.708647e-05 
1.708647e-05 
1.708647e-05 
1.708647e-05 
1.733234e-05 
1.994870e-05 
2.402767e-05 
-6.998146e-05 
-5.677712e-04 
-5.679228e-04 
-5.679228e-04 
-5.679228e-04 
-5.679228e-04 
-5.679228e-04 
-5.679228e-04 
-5.679228e-04 
-8.698146e-04 
-2.806862e-03 
-2.314160e-02 
-7.938545e-01 
-9.543222e-01 
-9.543222e-01 
-9.543222e-01 
-9.543222e-01 
-9.543222e-01 
-9.543222e-01 
-9.543222e-01 
-9.543222e-01 
-9.542819e-01 
-9.542535e-01 
-9.542457e-01 
-9.542419e-01 
-9.542419e-01 
-9.542419e-01 
-9.542419e-01 
-9.542419e-01 
-9.542419e-01 
-9.542419e-01 
-9.542419e-01 
-7.956757e-01 
-7.039367e-03 
2.051391e-05 
5.942770e-06 
1.708732e-05 
1.708647e-05 
1.708647e-05 
1.708647e-05 
1.708647e-05 
1.708647e-05 
1.708647e-05 
1.708647e-05 
1.785016e-05 
2.093840e-05 
2.373074e-05 
-2.348410e-04 
-5.679210e-04 
-5.679228e-04 
-5.679228e-04 
-5.679228e-04 
-5.679228e-04 
-5.679228e-04 
-5.679228e-04 
-5.679228e-04 
-1.118211e-03 
-4.256218e-03 
-5.630362e-02 
-9.523162e-01 
-9.543222e-01 
-9.543222e-01 
-9.543222e-01 
-9.543222e-01 
-9.543222e-01 
-9.543222e-01 
-9.543222e-01 
-9.543193e-01 
-9.542681e-01 
-9.542509e-01 
-9.542445e-01 
-9.542419e-01 
-9.542419e-01 
-9.542419e-01 
-9.542419e-01 
-9.542419e-01 
-9.542419e-01 
-9.542419e-01 
-9.542419e-01 
-5.299546e-01 
-2.752822e-04 
1.378841e-05 
8.569550e-06 
1.708657e-05 
1.708647e-05 
1.708647e-05 
1.708647e-05 
1.708647e-05 
1.708647e-05 
1.708647e-05 
1.708647e-05 
1.847220e-05 
2.206183e-05 
1.858369e-05 
-4.640442e-04 
-5.679228e-04 
-5.679228e-04 
-5.679228e-04 
-5.679228e-04 
-5.679228e-04 
-5.679228e-04 
-5.679228e-04 
-5.920530e-04 
-1.484884e-03 
-6.941434e-03 
-1.737987e-01 
-9.543179e-01 
-9.543222e-01 
-9.543222e-01 
-9.543222e-01 
-9.543222e-01 
-9.543222e-01 
-9.543222e-01 
-9.543222e-01 
-9.543095e-01 
-9.542607e-01 
-9.542488e-01 
-9.542434e-01 
-9.542419e-01 
-9.542419e-01 
-9.542419e-01 
-9.542419e-01 
-9.542419e-01 
-9.542419e-01 
-9.542419e-01 
-9.542419e-01 
-2.476251e-01 
4.147427e-05 
9.802450e-06 
3.699358e-06 
3.311443e-06 
3.311443e-06 
3.311443e-06 
3.311443e-06 
3.311443e-06 
3.311443e-06 
3.311443e-06 
3.315050e-06 
5.553466e-06 
1.462144e-05 
1.125973e-04 
6.303275e-04 
6.327365e-04 
6.327365e-04 
6.327365e-04 
6.327365e-04 
6.327365e-04 
6.327365e-04 
6.327365e-04 
7.952102e-04 
2.112803e-03 
1.278779e-02 
5.017376e-01 
9.543225e-01 
9.543225e-01 
9.543225e-01 
9.543225e-01 
9.543225e-01 
9.543225e-01 
9.543225e-01 
9.543225e-01 
9.543009e-01 
9.542619e-01 
9.542488e-01 
9.542433e-01 
9.542427e-01 
9.542427e-01 
9.542427e-01 
9.542427e-01 
9.542427e-01 
9.542427e-01 
9.542427e-01 
9.521655e-01 
5.544131e-02 
3.106037e-05 
7.301272e-06 
3.320689e-06 
3.311443e-06 
3.311443e-06 
3.311443e-06 
3.311443e-06 
3.311443e-06 
3.311443e-06 
3.311443e-06 
3.558189e-06 
6.779738e-06 
2.119878e-05 
2.458812e-04 
6.327008e-04 
6.327365e-04 
6.327365e-04 
6.327365e-04 
6.327365e-04 
6.327365e-04 
6.327365e-04 
6.327365e-04 
9.888940e-04 
3.044487e-03 
2.626223e-02 
8.292582e-01 
9.543225e-01 
9.543225e-01 
9.543225e-01 
9.543225e-01 
9.543225e-01 
9.543225e-01 
9.543225e-01 
9.543225e-01 
9.542889e-01 
9.542570e-01 
9.542470e-01 
9.542427e-01 
9.542427e-01 
9.542427e-01 
9.542427e-01 
9.542427e-01 
9.542427e-01 
9.542427e-01 
9.542427e-01 
7.631762e-01 
5.394016e-03 
1.940263e-05 
5.820981e-06 
1.708740e-05 
1.708647e-05 
1.708647e-05 
1.708647e-05 
1.708647e-05 
1.708647e-05 
1.708647e-05 
1.708647e-05 
1.792665e-05 
2.108001e-05 
2.346589e-05 
-2.628346e-04 
-5.679218e-04 
-5.679228e-04 
-5.679228e-04 
-5.679228e-04 
-5.679228e-04 
-5.679228e-04 
-5.679228e-04 
-5.679228e-04 
-1.158666e-03 
-4.519700e-03 
-6.446693e-02 
-9.534337e-01 
-9.543222e-01 
-9.543222e-01 
-9.543222e-01 
-9.543222e-01 
-9.543222e-01 
-9.543222e-01 
-9.543222e-01 
-9.543183e-01 
-9.542668e-01 
-9.542506e-01 
-9.542443e-01 
-9.542419e-01 
-9.542419e-01 
-9.542419e-01 
-9.542419e-01 
-9.542419e-01 
-9.542419e-01 
-9.542419e-01 
-9.542419e-01 
-4.924892e-01 
-1.519206e-04 
1.314136e-05 
9.895194e-06 
1.708653e-05 
1.708647e-05 
1.708647e-05 
1.708647e-05 
1.708647e-05 
1.708647e-05 
1.708647e-05 
1.708647e-05 
1.856242e-05 
2.221738e-05 
1.705325e-05 
-4.905761e-04 
-5.679228e-04 
-5.679228e-04 
-5.679228e-04 
-5.679228e-04 
-5.679228e-04 
-5.679228e-04 
-5.679228e-04 
-6.043520e-04 
-1.545779e-03 
-7.454541e-03 
-2.039717e-01 
-9.543203e-01 
-9.543222e-01 
-9.543222e-01 
-9.543222e-01 
-9.543222e-01 
-9.543222e-01 
-9.543222e-01 
-9.543222e-01 
-9.543079e-01 
-9.542600e-01 
-9.542485e-01 
-9.542432e-01 
-9.542419e-01 
-9.542419e-01 
-9.542419e-01 
-9.542419e-01 
-9.542419e-01 
-9.542419e-01 
-9.542419e-01 
-9.542419e-01 
-2.134419e-01 
4.202625e-05 
9.403932e-06 
3.587392e-06 
3.332001e-06 
3.332001e-06 
3.332001e-06 
3.332001e-06 
3.332001e-06 
3.332001e-06 
3.332001e-06 
3.343886e-06 
5.728691e-06 
1.538578e-05 
1.255278e-04 
6.312940e-04 
6.327310e-04 
6.327310e-04 
6.327310e-04 
6.327310e-04 
6.327310e-04 
6.327310e-04 
6.327310e-04 
8.175046e-04 
2.210954e-03 
1.394097e-02 
5.520339e-01 
9.543225e-01 
9.543225e-01 
9.543225e-01 
9.543225e-01 
9.543225e-01 
9.543225e-01 
9.543225e-01 
9.543225e-01 
9.542994e-01 
9.542612e-01 
9.542485e-01 
9.542432e-01 
9.542427e-01 
9.542427e-01 
9.542427e-01 
9.542427e-01 
9.542427e-01 
9.542427e-01 
9.542427e-01 
9.401995e-01 
4.251225e-02 
2.897490e-05 
7.045873e-06 
3.316508e-06 
3.311443e-06 
3.311443e-06 
3.311443e-06 
3.311443e-06 
3.311443e-06 
3.311443e-06 
3.311443e-06 
3.616007e-06 
6.975788e-06 
2.239574e-05 
2.694184e-04 
6.327168e-04 
6.327365e-04 
6.327365e-04 
6.327365e-04 
6.327365e-04 
6.327365e-04 
6.327365e-04 
6.327365e-04 
1.018886e-03 
3.208115e-03 
2.926347e-02 
8.619200e-01 
9.543225e-01 
9.543225e-01 
9.543225e-01 
9.543225e-01 
9.543225e-01 
9.543225e-01 
9.543225e-01 
9.543225e-01 
9.542873e-01 
9.542565e-01 
9.542468e-01 
9.542427e-01 
9.542427e-01 
9.542427e-01 
9.542427e-01 
9.542427e-01 
9.542427e-01 
9.542427e-01 
9.542427e-01 
7.296054e-01 
3.788412e-03 
1.835983e-05 
5.748651e-06 
1.708727e-05 
1.708647e-05 
1.708647e-05 
1.708647e-05 
1.708647e-05 
1.708647e-05 
1.708647e-05 
1.708647e-05 
1.800483e-05 
2.122398e-05 
2.311325e-05 
-2.918934e-04 
-5.679223e-04 
-5.679228e-04 
-5.679228e-04 
-5.679228e-04 
-5.679228e-04 
-5.679228e-04 
-5.679228e-04 
-5.679228e-04 
-1.201278e-03 
-4.805780e-03 
-7.415123e-02 
-9.539286e-01 
-9.543222e-01 
-9.543222e-01 
-9.543222e-01 
-9.543222e-01 
-9.543222e-01 
-9.543222e-01 
-9.543222e-01 
-9.543171e-01 
-9.542656e-01 
-9.542503e-01 
-9.542442e-01 
-9.542419e-01 
-9.542419e-01 
-9.542419e-01 
-9.542419e-01 
-9.542419e-01 
-9.542419e-01 
-9.542419e-01 
-9.542419e-01 
-4.547391e-01 
-7.266541e-05 
1.253639e-05 
4.795442e-06 
3.332000e-06 
3.332001e-06 
3.332001e-06 
3.332001e-06 
3.332001e-06 
3.332001e-06 
3.332001e-06 
3.332001e-06 
4.903391e-06 
1.165830e-05 
6.574858e-05 
6.038235e-04 
6.327310e-04 
6.327310e-04 
6.327310e-04 
6.327310e-04 
6.327310e-04 
6.327310e-04 
6.327310e-04 
6.886102e-04 
1.666288e-03 
8.231993e-03 
2.406737e-01 
9.543217e-01 
9.543225e-01 
9.543225e-01 
9.543225e-01 
9.543225e-01 
9.543225e-01 
9.543225e-01 
9.543225e-01 
9.543089e-01 
9.542668e-01 
9.542504e-01 
9.542441e-01 
9.542427e-01 
9.542427e-01 
9.542427e-01 
9.542427e-01 
9.542427e-01 
9.542427e-01 
9.542427e-01 
9.542427e-01 
1.823217e-01 
5.089336e-05 
9.029490e-06 
1.631969e-05 
1.708647e-05 
1.708647e-05 
1.708647e-05 
1.708647e-05 
1.708647e-05 
1.708647e-05 
1.708647e-05 
1.712741e-05 
1.942146e-05 
2.351439e-05 
-1.817763e-05 
-5.660971e-04 
-5.679228e-04 
-5.679228e-04 
-5.679228e-04 
-5.679228e-04 
-5.679228e-04 
-5.679228e-04 
-5.679228e-04 
-7.579296e-04 
-2.245308e-03 
-1.487980e-02 
-6.003970e-01 
-9.543222e-01 
-9.543222e-01 
-9.543222e-01 
-9.543222e-01 
-9.543222e-01 
-9.543222e-01 
-9.543222e-01 
-9.543222e-01 
-9.542919e-01 
-9.542554e-01 
-9.542466e-01 
-9.542422e-01 
-9.542419e-01 
-9.542419e-01 
-9.542419e-01 
-9.542419e-01 
-9.542419e-01 
-9.542419e-01 
-9.542419e-01 
-9.214900e-01 
-3.116279e-02 
2.690431e-05 
6.813226e-06 
1.706707e-05 
1.708647e-05 
1.708647e-05 
1.708647e-05 
1.708647e-05 
1.708647e-05 
1.708647e-05 
1.708647e-05 
1.752296e-05 
2.032385e-05 
2.416538e-05 
-1.239744e-04 
-5.678957e-04 
-5.679228e-04 
-5.679228e-04 
-5.679228e-04 
-5.679228e-04 
-5.679228e-04 
-5.679228e-04 
-5.679228e-04 
-9.575215e-04 
-3.286117e-03 
-3.207092e-02 
-8.916848e-01 
-9.543222e-01 
-9.543222e-01 
-9.543222e-01 
-9.543222e-01 
-9.543222e-01 
-9.543222e-01 
-9.543222e-01 
-9.543222e-01 
-9.542756e-01 
-9.542524e-01 
-9.542452e-01 
-9.542419e-01 
-9.542419e-01 
-9.542419e-01 
-9.542419e-01 
-9.542419e-01 
-9.542419e-01 
-9.542419e-01 
-9.542419e-01 
-6.951284e-01 
-2.249474e-03 
1.739111e-05 
5.458593e-06 
3.311442e-06 
3.311443e-06 
3.311443e-06 
3.311443e-06 
3.311443e-06 
3.311443e-06 
3.311443e-06 
3.311443e-06 
4.239039e-06 
9.119568e-06 
3.853499e-05 
4.812989e-04 
6.327364e-04 
6.327365e-04 
6.327365e-04 
6.327365e-04 
6.327365e-04 
6.327365e-04 
6.327365e-04 
6.327365e-04 
1.310516e-03 
5.261267e-03 
8.695883e-02 
9.541481e-01 
9.543225e-01 
9.543225e-01 
9.543225e-01 
9.543225e-01 
9.543225e-01 
9.543225e-01 
9.543225e-01 
9.543170e-01 
9.542744e-01 
9.542527e-01 
9.542452e-01 
9.542427e-01 
9.542427e-01 
9.542427e-01 
9.542427e-01 
9.542427e-01 
9.542427e-01 
9.542427e-01 
9.542427e-01 
4.171523e-01 
1.876644e-04 
1.197057e-05 
1.254550e-05 
1.708649e-05 
1.708647e-05 
1.708647e-05 
1.708647e-05 
1.708647e-05 
1.708647e-05 
1.708647e-05 
1.708647e-05 
1.874888e-05 
2.253015e-05 
1.293923e-05 
-5.295888e-04 
-5.679228e-04 
-5.679228e-04 
-5.679228e-04 
-5.679228e-04 
-5.679228e-04 
-5.679228e-04 
-5.679228e-04 
-6.334807e-04 
-1.678559e-03 
-8.643415e-03 
-2.787397e-01 
-9.543218e-01 
-9.543222e-01 
-9.543222e-01 
-9.543222e-01 
-9.543222e-01 
-9.543222e-01 
-9.543222e-01 
-9.543222e-01 
-9.543046e-01 
-9.542588e-01 
-9.542480e-01 
-9.542430e-01 
-9.542419e-01 
-9.542419e-01 
-9.542419e-01 
-9.542419e-01 
-9.542419e-01 
-9.542419e-01 
-9.542419e-01 
-9.542419e-01 
-1.515405e-01 
3.966521e-05 
8.675278e-06 
3.435964e-06 
3.332001e-06 
3.332001e-06 
3.332001e-06 
3.332001e-06 
3.332001e-06 
3.332001e-06 
3.332001e-06 
3.382540e-06 
6.028707e-06 
1.689583e-05 
1.551704e-04 
6.322416e-04 
6.327310e-04 
6.327310e-04 
6.327310e-04 
6.327310e-04 
6.327310e-04 
6.327310e-04 
6.327310e-04 
8.650106e-04 
2.427344e-03 
1.669276e-02 
6.473716e-01 
9.543225e-01 
9.543225e-01 
9.543225e-01 
9.543225e-01 
9.543225e-01 
9.543225e-01 
9.543225e-01 
9.543225e-01 
9.542963e-01 
9.542598e-01 
9.542480e-01 
9.542429e-01 
9.542427e-01 
9.542427e-01 
9.542427e-01 
9.542427e-01 
9.542427e-01 
9.542427e-01 
9.542427e-01 
8.984253e-01 
2.395059e-02 
2.542308e-05 
6.590494e-06 
1.707772e-05 
1.708647e-05 
1.708647e-05 
1.708647e-05 
1.708647e-05 
1.708647e-05 
1.708647e-05 
1.708647e-05 
1.759145e-05 
2.045402e-05 
2.415263e-05 
-1.455545e-04 
-5.679077e-04 
-5.679228e-04 
-5.679228e-04 
-5.679228e-04 
-5.679228e-04 
-5.679228e-04 
-5.679228e-04 
-5.679228e-04 
-9.896927e-04 
-3.470704e-03 
-3.601783e-02 
-9.183258e-01 
-9.543222e-01 
-9.543222e-01 
-9.543222e-01 
-9.543222e-01 
-9.543222e-01 
-9.543222e-01 
-9.543222e-01 
-9.543219e-01 
-9.542737e-01 
-9.542521e-01 
-9.542450e-01 
-9.542419e-01 
-9.542419e-01 
-9.542419e-01 
-9.542419e-01 
-9.542419e-01 
-9.542419e-01 
-9.542419e-01 
-9.542419e-01 
-6.599317e-01 
-1.488508e-03 
1.649726e-05 
5.902402e-06 
1.708692e-05 
1.708647e-05 
1.708647e-05 
1.708647e-05 
1.708647e-05 
1.708647e-05 
1.708647e-05 
1.708647e-05 
1.816639e-05 
2.151859e-05 
2.207430e-05 
-3.527447e-04 
-5.679226e-04 
-5.679228e-04 
-5.679228e-04 
-5.679228e-04 
-5.679228e-04 
-5.679228e-04 
-5.679228e-04 
-5.680566e-04 
-1.293554e-03 
-5.455874e-03 
-9.943396e-02 
-9.542449e-01 
-9.543222e-01 
-9.543222e-01 
-9.543222e-01 
-9.543222e-01 
-9.543222e-01 
-9.543222e-01 
-9.543222e-01 
-9.543146e-01 
-9.542636e-01 
-9.542497e-01 
-9.542439e-01 
-9.542419e-01 
-9.542419e-01 
-9.542419e-01 
-9.542419e-01 
-9.542419e-01 
-9.542419e-01 
-9.542419e-01 
-9.542419e-01 
-3.788894e-01 
7.645286e-06 
1.144010e-05 
4.368264e-06 
3.332001e-06 
3.332001e-06 
3.332001e-06 
3.332001e-06 
3.332001e-06 
3.332001e-06 
3.332001e-06 
3.332001e-06 
5.132033e-06 
1.263070e-05 
7.913000e-05 
6.197622e-04 
6.327310e-04 
6.327310e-04 
6.327310e-04 
6.327310e-04 
6.327310e-04 
6.327310e-04 
6.327310e-04 
7.233177e-04 
1.809333e-03 
9.574925e-03 
3.244439e-01 
9.543223e-01 
9.543225e-01 
9.543225e-01 
9.543225e-01 
9.543225e-01 
9.543225e-01 
9.543225e-01 
9.543225e-01 
9.543062e-01 
9.542649e-01 
9.542498e-01 
9.542438e-01 
9.542427e-01 
9.542427e-01 
9.542427e-01 
9.542427e-01 
9.542427e-01 
9.542427e-01 
9.542427e-01 
9.542427e-01 
1.258333e-01 
4.132846e-05 
8.343362e-06 
1.669793e-05 
1.708647e-05 
1.708647e-05 
1.708647e-05 
1.708647e-05 
1.708647e-05 
1.708647e-05 
1.708647e-05 
1.719879e-05 
1.964627e-05 
2.376973e-05 
-3.677939e-05 
-5.672945e-04 
-5.679228e-04 
-5.679228e-04 
-5.679228e-04 
-5.679228e-04 
-5.679228e-04 
-5.679228e-04 
-5.679228e-04 
-8.041054e-04 
-2.470417e-03 
-1.792530e-02 
-6.915133e-01 
-9.543222e-01 
-9.543222e-01 
-9.543222e-01 
-9.543222e-01 
-9.543222e-01 
-9.543222e-01 
-9.543222e-01 
-9.543222e-01 
-9.542876e-01 
-9.542546e-01 
-9.542462e-01 
-9.542420e-01 
-9.542419e-01 
-9.542419e-01 
-9.542419e-01 
-9.542419e-01 
-9.542419e-01 
-9.542419e-01 
-9.542419e-01 
-8.722594e-01 
-1.683634e-02 
2.382094e-05 
6.383815e-06 
1.708330e-05 
1.708647e-05 
1.708647e-05 
1.708647e-05 
1.708647e-05 
1.708647e-05 
1.708647e-05 
1.708647e-05 
1.766184e-05 
2.058675e-05 
2.410057e-05 
-1.687738e-04 
-5.679144e-04 
-5.679228e-04 
-5.679228e-04 
-5.679228e-04 
-5.679228e-04 
-5.679228e-04 
-5.679228e-04 
-5.679228e-04 
-1.023485e-03 
-3.669745e-03 
-4.061040e-02 
-9.381222e-01 
-9.543222e-01 
-9.543222e-01 
-9.543222e-01 
-9.543222e-01 
-9.543222e-01 
-9.543222e-01 
-9.543222e-01 
-9.543215e-01 
-9.542720e-01 
-9.542517e-01 
-9.542449e-01 
-9.542419e-01 
-9.542419e-01 
-9.542419e-01 
-9.542419e-01 
-9.542419e-01 
-9.542419e-01 
-9.542419e-01 
-9.542419e-01 
-6.241031e-01 
-9.649786e-04 
1.566636e-05 
6.263866e-06 
1.708678e-05 
1.708647e-05 
1.708647e-05 
1.708647e-05 
1.708647e-05 
1.708647e-05 
1.708647e-05 
1.708647e-05 
1.824985e-05 
2.166895e-05 
2.134420e-05 
-3.842257e-04 
-5.679227e-04 
-5.679228e-04 
-5.679228e-04 
-5.679228e-04 
-5.679228e-04 
-5.679228e-04 
-5.679228e-04 
-5.708921e-04 
-1.343540e-03 
-5.825814e-03 
-1.158674e-01 
-9.542879e-01 
-9.543222e-01 
-9.543222e-01 
-9.543222e-01 
-9.543222e-01 
-9.543222e-01 
-9.543222e-01 
-9.543222e-01 
-9.543132e-01 
-9.542627e-01 
-9.542495e-01 
-9.542437e-01 
-9.542419e-01 
-9.542419e-01 
-9.542419e-01 
-9.542419e-01 
-9.542419e-01 
-9.542419e-01 
-9.542419e-01 
-9.542419e-01 
-3.411662e-01 
2.554592e-05 
1.094283e-05 
4.159556e-06 
3.332001e-06 
3.332001e-06 
3.332001e-06 
3.332001e-06 
3.332001e-06 
3.332001e-06 
3.332001e-06 
3.332001e-06 
5.253395e-06 
1.316523e-05 
8.718112e-05 
6.244077e-04 
6.327310e-04 
6.327310e-04 
6.327310e-04 
6.327310e-04 
6.327310e-04 
6.327310e-04 
6.327310e-04 
7.422868e-04 
1.887820e-03 
1.035680e-02 
3.720412e-01 
9.543224e-01 
9.543225e-01 
9.543225e-01 
9.543225e-01 
9.543225e-01 
9.543225e-01 
9.543225e-01 
9.543225e-01 
9.543047e-01 
9.542640e-01 
9.542495e-01 
9.542437e-01 
9.542427e-01 
9.542427e-01 
9.542427e-01 
9.542427e-01 
9.542427e-01 
9.542427e-01 
9.542427e-01 
9.542427e-01 
1.020445e-01 
3.783703e-05 
8.029553e-06 
1.682987e-05 
1.708647e-05 
1.708647e-05 
1.708647e-05 
1.708647e-05 
1.708647e-05 
1.708647e-05 
1.708647e-05 
1.724638e-05 
1.976234e-05 
2.388163e-05 
-4.838634e-05 
-5.675598e-04 
-5.679228e-04 
-5.679228e-04 
-5.679228e-04 
-5.679228e-04 
-5.679228e-04 
-5.679228e-04 
-5.679228e-04 
-8.288246e-04 
-2.594741e-03 
-1.975733e-02 
-7.334140e-01 
-9.543222e-01 
-9.543222e-01 
-9.543222e-01 
-9.543222e-01 
-9.543222e-01 
-9.543222e-01 
-9.543222e-01 
-9.543222e-01 
-9.542853e-01 
-9.542541e-01 
-9.542460e-01 
-9.542420e-01 
-9.542419e-01 
-9.542419e-01 
-9.542419e-01 
-9.542419e-01 
-9.542419e-01 
-9.542419e-01 
-9.542419e-01 
-8.437531e-01 
-1.211188e-02 
2.245066e-05 
6.194692e-06 
1.708598e-05 
1.708647e-05 
1.708647e-05 
1.708647e-05 
1.708647e-05 
1.708647e-05 
1.708647e-05 
1.708647e-05 
1.773401e-05 
2.072202e-05 
2.400156e-05 
-1.935021e-04 
-5.679182e-04 
-5.679228e-04 
-5.679228e-04 
-5.679228e-04 
-5.679228e-04 
-5.679228e-04 
-5.679228e-04 
-5.679228e-04 
-1.059001e-03 
-3.884677e-03 
-4.597775e-02 
-9.471523e-01 
-9.543222e-01 
-9.543222e-01 
-9.543222e-01 
-9.543222e-01 
-9.543222e-01 
-9.543222e-01 
-9.543222e-01 
-9.543208e-01 
-9.542703e-01 
-9.542514e-01 
-9.542447e-01 
-9.542419e-01 
-9.542419e-01 
-9.542419e-01 
-9.542419e-01 
-9.542419e-01 
-9.542419e-01 
-9.542419e-01 
-9.542419e-01 
-5.877262e-01 
-6.096024e-04 
1.489294e-05 
5.245879e-06 
3.311439e-06 
3.311443e-06 
3.311443e-06 
3.311443e-06 
3.311443e-06 
3.311443e-06 
3.311443e-06 
3.311443e-06 
4.509482e-06 
1.013313e-05 
4.838788e-05 
5.472859e-04 
6.327364e-04 
6.327365e-04 
6.327365e-04 
6.327365e-04 
6.327365e-04 
6.327365e-04 
6.327365e-04 
6.429069e-04 
1.452934e-03 
6.401447e-03 
1.370855e-01 
9.543073e-01 
9.543225e-01 
9.543225e-01 
9.543225e-01 
9.543225e-01 
9.543225e-01 
9.543225e-01 
9.543225e-01 
9.543135e-01 
9.542707e-01 
9.542516e-01 
9.542447e-01 
9.542427e-01 
9.542427e-01 
9.542427e-01 
9.542427e-01 
9.542427e-01 
9.542427e-01 
9.542427e-01 
9.542427e-01 
3.045834e-01 
8.873861e-05 
1.047637e-05 
1.518724e-05 
1.708647e-05 
1.708647e-05 
1.708647e-05 
1.708647e-05 
1.708647e-05 
1.708647e-05 
1.708647e-05 
1.708659e-05 
1.904439e-05 
2.299539e-05 
3.015388e-06 
-5.572722e-04 
-5.679228e-04 
-5.679228e-04 
-5.679228e-04 
-5.679228e-04 
-5.679228e-04 
-5.679228e-04 
-5.679228e-04 
-6.854062e-04 
-1.909518e-03 
-1.094981e-02 
-4.209455e-01 
-9.543222e-01 
-9.543222e-01 
-9.543222e-01 
-9.543222e-01 
-9.543222e-01 
-9.543222e-01 
-9.543222e-01 
-9.543222e-01 
-9.542992e-01 
-9.542571e-01 
-9.542474e-01 
-9.542426e-01 
-9.542419e-01 
-9.542419e-01 
-9.542419e-01 
-9.542419e-01 
-9.542419e-01 
-9.542419e-01 
-9.542419e-01 
-9.542419e-01 
-8.023208e-02 
3.358693e-05 
7.731379e-06 
3.334024e-06 
3.311443e-06 
3.311443e-06 
3.311443e-06 
3.311443e-06 
3.311443e-06 
3.311443e-06 
3.311443e-06 
3.476719e-06 
6.491176e-06 
1.951291e-05 
2.112750e-04 
6.326472e-04 
6.327365e-04 
6.327365e-04 
6.327365e-04 
6.327365e-04 
6.327365e-04 
6.327365e-04 
6.327365e-04 
9.439909e-04 
2.810987e-03 
2.232642e-02 
7.728622e-01 
9.543225e-01 
9.543225e-01 
9.543225e-01 
9.543225e-01 
9.543225e-01 
9.543225e-01 
9.543225e-01 
9.543225e-01 
9.542914e-01 
9.542579e-01 
9.542473e-01 
9.542428e-01 
9.542427e-01 
9.542427e-01 
9.542427e-01 
9.542427e-01 
9.542427e-01 
9.542427e-01 
9.542427e-01 
8.134170e-01 
9.212525e-03 
2.120778e-05 
6.026280e-06 
1.708708e-05 
1.708647e-05 
1.708647e-05 
1.708647e-05 
1.708647e-05 
1.708647e-05 
1.708647e-05 
1.708647e-05 
1.780788e-05 
2.085980e-05 
2.384653e-05 
-2.196038e-04 
-5.679203e-04 
-5.679228e-04 
-5.679228e-04 
-5.679228e-04 
-5.679228e-04 
-5.679228e-04 
-5.679228e-04 
-5.679228e-04 
-1.096351e-03 
-4.117110e-03 
-5.227822e-02 
-9.511481e-01 
-9.543222e-01 
-9.543222e-01 
-9.543222e-01 
-9.543222e-01 
-9.543222e-01 
-9.543222e-01 
-9.543222e-01 
-9.543199e-01 
-9.542689e-01 
-9.542511e-01 
-9.542446e-01 
-9.542419e-01 
-9.542419e-01 
-9.542419e-01 
-9.542419e-01 
-9.542419e-01 
-9.542419e-01 
-9.542419e-01 
-9.542419e-01 
-5.508712e-01 
-3.716766e-04 
1.417233e-05 
7.898822e-06 
1.708660e-05 
1.708647e-05 
1.708647e-05 
1.708647e-05 
1.708647e-05 
1.708647e-05 
1.708647e-05 
1.708647e-05 
1.842232e-05 
2.197479e-05 
1.931977e-05 
-4.474415e-04 
-5.679228e-04 
-5.679228e-04 
-5.679228e-04 
-5.679228e-04 
-5.679228e-04 
-5.679228e-04 
-5.679228e-04 
-5.859903e-04 
-1.452110e-03 
-6.673455e-03 
-1.588312e-01 
-9.543155e-01 
-9.543222e-01 
-9.543222e-01 
-9.543222e-01 
-9.543222e-01 
-9.543222e-01 
-9.543222e-01 
-9.543222e-01 
-9.543103e-01 
-9.542611e-01 
-9.542489e-01 
-9.542434e-01 
-9.542419e-01 
-9.542419e-01 
-9.542419e-01 
-9.542419e-01 
-9.542419e-01 
-9.542419e-01 
-9.542419e-01 
-9.542419e-01 
-2.675573e-01 
4.022231e-05 
1.003752e-05 
3.786620e-06 
3.311443e-06 
3.311443e-06 
3.311443e-06 
3.311443e-06 
3.311443e-06 
3.311443e-06 
3.311443e-06 
3.312837e-06 
5.477384e-06 
1.426175e-05 
1.062134e-04 
6.295387e-04 
6.327365e-04 
6.327365e-04 
6.327365e-04 
6.327365e-04 
6.327365e-04 
6.327365e-04 
6.327365e-04 
7.830740e-04 
2.060269e-03 
1.219413e-02 
4.730405e-01 
9.543225e-01 
9.543225e-01 
9.543225e-01 
9.543225e-01 
9.543225e-01 
9.543225e-01 
9.543225e-01 
9.543225e-01 
9.543018e-01 
9.542623e-01 
9.542489e-01 
9.542434e-01 
9.542427e-01 
9.542427e-01 
9.542427e-01 
9.542427e-01 
9.542427e-01 
9.542427e-01 
9.542427e-01 
9.542427e-01 
6.394813e-02 
3.234871e-05 
7.454862e-06 
1.699016e-05 
1.708647e-05 
1.708647e-05 
1.708647e-05 
1.708647e-05 
1.708647e-05 
1.708647e-05 
1.708647e-05 
1.735838e-05 
2.000198e-05 
2.406090e-05 
-7.682088e-05 
-5.678045e-04 
-5.679228e-04 
-5.679228e-04 
-5.679228e-04 
-5.679228e-04 
-5.679228e-04 
-5.679228e-04 
-5.679228e-04 
-8.818385e-04 
-2.870507e-03 
-2.422274e-02 
-8.096575e-01 
-9.543222e-01 
-9.543222e-01 
-9.543222e-01 
-9.543222e-01 
-9.543222e-01 
-9.543222e-01 
-9.543222e-01 
-9.543222e-01 
-9.542809e-01 
-9.542534e-01 
-9.542457e-01 
-9.542419e-01 
-9.542419e-01 
-9.542419e-01 
-9.542419e-01 
-9.542419e-01 
-9.542419e-01 
-9.542419e-01 
-9.542419e-01 
-7.815966e-01 
-6.010082e-03 
2.001265e-05 
5.884731e-06 
1.708739e-05 
1.708647e-05 
1.708647e-05 
1.708647e-05 
1.708647e-05 
1.708647e-05 
1.708647e-05 
1.708647e-05 
1.788342e-05 
2.100005e-05 
2.362472e-05 
-2.469498e-04 
-5.679214e-04 
-5.679228e-04 
-5.679228e-04 
-5.679228e-04 
-5.679228e-04 
-5.679228e-04 
-5.679228e-04 
-5.679228e-04 
-1.135653e-03 
-4.368853e-03 
-5.970604e-02 
-9.529167e-01 
-9.543222e-01 
-9.543222e-01 
-9.543222e-01 
-9.543222e-01 
-9.543222e-01 
-9.543222e-01 
-9.543222e-01 
-9.543189e-01 
-9.542675e-01 
-9.542508e-01 
-9.542444e-01 
-9.542419e-01 
-9.542419e-01 
-9.542419e-01 
-9.542419e-01 
-9.542419e-01 
-9.542419e-01 
-9.542419e-01 
-9.542419e-01 
-5.136050e-01 
-2.147039e-04 
1.349991e-05 
9.134486e-06 
1.708655e-05 
1.708647e-05 
1.708647e-05 
1.708647e-05 
1.708647e-05 
1.708647e-05 
1.708647e-05 
1.708647e-05 
1.851143e-05 
2.212977e-05 
1.795115e-05 
-4.761719e-04 
-5.679228e-04 
-5.679228e-04 
-5.679228e-04 
-5.679228e-04 
-5.679228e-04 
-5.679228e-04 
-5.679228e-04 
-5.972140e-04 
-1.511101e-03 
-7.159902e-03 
-1.864221e-01 
-9.543192e-01 
-9.543222e-01 
-9.543222e-01 
-9.543222e-01 
-9.543222e-01 
-9.543222e-01 
-9.543222e-01 
-9.543222e-01 
-9.543088e-01 
-9.542604e-01 
-9.542487e-01 
-9.542433e-01 
-9.542419e-01 
-9.542419e-01 
-9.542419e-01 
-9.542419e-01 
-9.542419e-01 
-9.542419e-01 
-9.542419e-01 
-9.542419e-01 
-2.324539e-01 
4.193491e-05 
9.625614e-06 
1.594130e-05 
1.708647e-05 
1.708647e-05 
1.708647e-05 
1.708647e-05 
1.708647e-05 
1.708647e-05 
1.708647e-05 
1.709738e-05 
1.925247e-05 
2.329404e-05 
-7.282906e-06 
-5.638646e-04 
-5.679228e-04 
-5.679228e-04 
-5.679228e-04 
-5.679228e-04 
-5.679228e-04 
-5.679228e-04 
-5.679228e-04 
-7.246588e-04 
-2.088710e-03 
-1.295877e-02 
-5.232777e-01 
-9.543222e-01 
-9.543222e-01 
-9.543222e-01 
-9.543222e-01 
-9.543222e-01 
-9.543222e-01 
-9.543222e-01 
-9.543222e-01 
-9.542952e-01 
-9.542561e-01 
-9.542469e-01 
-9.542424e-01 
-9.542419e-01 
-9.542419e-01 
-9.542419e-01 
-9.542419e-01 
-9.542419e-01 
-9.542419e-01 
-9.542419e-01 
-9.479854e-01 
-4.835923e-02 
2.965439e-05 
7.187694e-06 
3.318571e-06 
3.311443e-06 
3.311443e-06 
3.311443e-06 
3.311443e-06 
3.311443e-06 
3.311443e-06 
3.311443e-06 
3.582991e-06 
6.864369e-06 
2.171028e-05 
2.560648e-04 
6.327089e-04 
6.327365e-04 
6.327365e-04 
6.327365e-04 
6.327365e-04 
6.327365e-04 
6.327365e-04 
6.327365e-04 
1.001905e-03 
3.114628e-03 
2.752362e-02 
8.438895e-01 
9.543225e-01 
9.543225e-01 
9.543225e-01 
9.543225e-01 
9.543225e-01 
9.543225e-01 
9.543225e-01 
9.543225e-01 
9.542882e-01 
9.542568e-01 
9.542469e-01 
9.542427e-01 
9.542427e-01 
9.542427e-01 
9.542427e-01 
9.542427e-01 
9.542427e-01 
9.542427e-01 
9.542427e-01 
7.486081e-01 
4.625701e-03 
1.893634e-05 
5.657375e-06 
3.311464e-06 
3.311443e-06 
3.311443e-06 
3.311443e-06 
3.311443e-06 
3.311443e-06 
3.311443e-06 
3.311443e-06 
4.109539e-06 
8.654403e-06 
3.452057e-05 
4.438914e-04 
6.327362e-04 
6.327365e-04 
6.327365e-04 
6.327365e-04 
6.327365e-04 
6.327365e-04 
6.327365e-04 
6.327365e-04 
1.248306e-03 
4.774557e-03 
6.961602e-02 
9.537000e-01 
9.543225e-01 
9.543225e-01 
9.543225e-01 
9.543225e-01 
9.543225e-01 
9.543225e-01 
9.543225e-01 
9.543186e-01 
9.542766e-01 
9.542533e-01 
9.542454e-01 
9.542427e-01 
9.542427e-01 
9.542427e-01 
9.542427e-01 
9.542427e-01 
9.542427e-01 
9.542427e-01 
9.542427e-01 
4.762211e-01 
3.065172e-04 
1.287188e-05 
1.049760e-05 
1.708652e-05 
1.708647e-05 
1.708647e-05 
1.708647e-05 
1.708647e-05 
1.708647e-05 
1.708647e-05 
1.708647e-05 
1.860251e-05 
2.228567e-05 
1.628336e-05 
-5.007644e-04 
-5.679228e-04 
-5.679228e-04 
-5.679228e-04 
-5.679228e-04 
-5.679228e-04 
-5.679228e-04 
-5.679228e-04 
-6.102595e-04 
-1.573529e-03 
-7.695000e-03 
-2.186739e-01 
-9.543209e-01 
-9.543222e-01 
-9.543222e-01 
-9.543222e-01 
-9.543222e-01 
-9.543222e-01 
-9.543222e-01 
-9.543222e-01 
-9.543072e-01 
-9.542597e-01 
-9.542484e-01 
-9.542432e-01 
-9.542419e-01 
-9.542419e-01 
-9.542419e-01 
-9.542419e-01 
-9.542419e-01 
-9.542419e-01 
-9.542419e-01 
-9.542419e-01 
-1.990903e-01 
4.179803e-05 
9.237663e-06 
1.619023e-05 
1.708647e-05 
1.708647e-05 
1.708647e-05 
1.708647e-05 
1.708647e-05 
1.708647e-05 
1.708647e-05 
1.711397e-05 
1.935996e-05 
2.343676e-05 
-1.392544e-05 
-5.654793e-04 
-5.679228e-04 
-5.679228e-04 
-5.679228e-04 
-5.679228e-04 
-5.679228e-04 
-5.679228e-04 
-5.679228e-04 
-7.456796e-04 
-2.187118e-03 
-1.414751e-02 
-5.731430e-01 
-9.543222e-01 
-9.543222e-01 
-9.543222e-01 
-9.543222e-01 
-9.543222e-01 
-9.543222e-01 
-9.543222e-01 
-9.543222e-01 
-9.542931e-01 
-9.542557e-01 
-9.542467e-01 
-9.542423e-01 
-9.542419e-01 
-9.542419e-01 
-9.542419e-01 
-9.542419e-01 
-9.542419e-01 
-9.542419e-01 
-9.542419e-01 
-9.326632e-01 
-3.666170e-02 
2.785929e-05 
6.938673e-06 
3.335674e-06 
3.332001e-06 
3.332001e-06 
3.332001e-06 
3.332001e-06 
3.332001e-06 
3.332001e-06 
3.332001e-06 
3.665239e-06 
7.108093e-06 
2.308085e-05 
2.803275e-04 
6.327159e-04 
6.327310e-04 
6.327310e-04 
6.327310e-04 
6.327310e-04 
6.327310e-04 
6.327310e-04 
6.327310e-04 
1.032203e-03 
3.283503e-03 
3.071613e-02 
8.753135e-01 
9.543225e-01 
9.543225e-01 
9.543225e-01 
9.543225e-01 
9.543225e-01 
9.543225e-01 
9.543225e-01 
9.543225e-01 
9.542866e-01 
9.542563e-01 
9.542467e-01 
9.542427e-01 
9.542427e-01 
9.542427e-01 
9.542427e-01 
9.542427e-01 
9.542427e-01 
9.542427e-01 
9.542427e-01 
7.146336e-01 
3.238722e-03 
1.792839e-05 
5.523521e-06 
3.311446e-06 
3.311443e-06 
3.311443e-06 
3.311443e-06 
3.311443e-06 
3.311443e-06 
3.311443e-06 
3.311443e-06 
4.191567e-06 
8.947571e-06 
3.701496e-05 
4.680100e-04 
6.327363e-04 
6.327365e-04 
6.327365e-04 
6.327365e-04 
6.327365e-04 
6.327365e-04 
6.327365e-04 
6.327365e-04 
1.287269e-03 
5.078632e-03 
8.016629e-02 
9.540467e-01 
9.543225e-01 
9.543225e-01 
9.543225e-01 
9.543225e-01 
9.543225e-01 
9.543225e-01 
9.543225e-01 
9.543176e-01 
9.542752e-01 
9.542529e-01 
9.542452e-01 
9.542427e-01 
9.542427e-01 
9.542427e-01 
9.542427e-01 
9.542427e-01 
9.542427e-01 
9.542427e-01 
9.542427e-01 
4.384499e-01 
2.224217e-04 
1.228438e-05 
1.184255e-05 
1.708650e-05 
1.708647e-05 
1.708647e-05 
1.708647e-05 
1.708647e-05 
1.708647e-05 
1.708647e-05 
1.708647e-05 
1.869561e-05 
2.244210e-05 
1.425928e-05 
-5.205590e-04 
-5.679228e-04 
-5.679228e-04 
-5.679228e-04 
-5.679228e-04 
-5.679228e-04 
-5.679228e-04 
-5.679228e-04 
-6.247716e-04 
-1.639646e-03 
-8.284894e-03 
-2.557777e-01 
-9.543216e-01 
-9.543222e-01 
-9.543222e-01 
-9.543222e-01 
-9.543222e-01 
-9.543222e-01 
-9.543222e-01 
-9.543222e-01 
-9.543056e-01 
-9.542591e-01 
-9.542482e-01 
-9.542431e-01 
-9.542419e-01 
-9.542419e-01 
-9.542419e-01 
-9.542419e-01 
-9.542419e-01 
-9.542419e-01 
-9.542419e-01 
-9.542419e-01 
-1.679342e-01 
4.060535e-05 
8.871527e-06 
3.467511e-06 
3.332001e-06 
3.332001e-06 
3.332001e-06 
3.332001e-06 
3.332001e-06 
3.332001e-06 
3.332001e-06 
3.368412e-06 
5.941680e-06 
1.644891e-05 
1.461799e-04 
6.320650e-04 
6.327310e-04 
6.327310e-04 
6.327310e-04 
6.327310e-04 
6.327310e-04 
6.327310e-04 
6.327310e-04 
8.512487e-04 
2.363602e-03 
1.585149e-02 
6.214199e-01 
9.543225e-01 
9.543225e-01 
9.543225e-01 
9.543225e-01 
9.543225e-01 
9.543225e-01 
9.543225e-01 
9.543225e-01 
9.542971e-01 
9.542602e-01 
9.542482e-01 
9.542430e-01 
9.542427e-01 
9.542427e-01 
9.542427e-01 
9.542427e-01 
9.542427e-01 
9.542427e-01 
9.542427e-01 
9.118447e-01 
2.830083e-02 
2.635062e-05 
6.713861e-06 
1.707253e-05 
1.708647e-05 
1.708647e-05 
1.708647e-05 
1.708647e-05 
1.708647e-05 
1.708647e-05 
1.708647e-05 
1.755267e-05 
2.038048e-05 
2.416420e-05 
-1.332060e-04 
-5.679018e-04 
-5.679228e-04 
-5.679228e-04 
-5.679228e-04 
-5.679228e-04 
-5.679228e-04 
-5.679228e-04 
-5.679228e-04 
-9.714028e-04 
-3.365178e-03 
-3.372544e-02 
-9.037418e-01 
-9.543222e-01 
-9.543222e-01 
-9.543222e-01 
-9.543222e-01 
-9.543222e-01 
-9.543222e-01 
-9.543222e-01 
-9.543221e-01 
-9.542748e-01 
-9.542523e-01 
-9.542451e-01 
-9.542419e-01 
-9.542419e-01 
-9.542419e-01 
-9.542419e-01 
-9.542419e-01 
-9.542419e-01 
-9.542419e-01 
-9.542419e-01 
-6.798143e-01 
-1.881998e-03 
1.699197e-05 
5.799809e-06 
1.708701e-05 
1.708647e-05 
1.708647e-05 
1.708647e-05 
1.708647e-05 
1.708647e-05 
1.708647e-05 
1.708647e-05 
1.812024e-05 
2.143487e-05 
2.241817e-05 
-3.353057e-04 
-5.679226e-04 
-5.679228e-04 
-5.679228e-04 
-5.679228e-04 
-5.679228e-04 
-5.679228e-04 
-5.679228e-04 
-5.679228e-04 
-1.266599e-03 
-5.261602e-03 
-9.139716e-02 
-9.542000e-01 
-9.543222e-01 
-9.543222e-01 
-9.543222e-01 
-9.543222e-01 
-9.543222e-01 
-9.543222e-01 
-9.543222e-01 
-9.543153e-01 
-9.542641e-01 
-9.542499e-01 
-9.542439e-01 
-9.542419e-01 
-9.542419e-01 
-9.542419e-01 
-9.542419e-01 
-9.542419e-01 
-9.542419e-01 
-9.542419e-01 
-9.542419e-01 
-4.002155e-01 
-7.576080e-06 
1.173415e-05 
4.490374e-06 
3.311442e-06 
3.311443e-06 
3.311443e-06 
3.311443e-06 
3.311443e-06 
3.311443e-06 
3.311443e-06 
3.311443e-06 
5.034442e-06 
1.227172e-05 
7.467874e-05 
6.162900e-04 
6.327365e-04 
6.327365e-04 
6.327365e-04 
6.327365e-04 
6.327365e-04 
6.327365e-04 
6.327365e-04 
7.131003e-04 
1.767301e-03 
9.169392e-03 
2.991609e-01 
9.543222e-01 
9.543225e-01 
9.543225e-01 
9.543225e-01 
9.543225e-01 
9.543225e-01 
9.543225e-01 
9.543225e-01 
9.543069e-01 
9.542654e-01 
9.542500e-01 
9.542439e-01 
9.542427e-01 
9.542427e-01 
9.542427e-01 
9.542427e-01 
9.542427e-01 
9.542427e-01 
9.542427e-01 
9.542427e-01 
1.405709e-01 
4.360673e-05 
8.528191e-06 
1.660641e-05 
1.708647e-05 
1.708647e-05 
1.708647e-05 
1.708647e-05 
1.708647e-05 
1.708647e-05 
1.708647e-05 
1.717525e-05 
1.958206e-05 
2.370170e-05 
-3.095627e-05 
-5.670710e-04 
-5.679228e-04 
-5.679228e-04 
-5.679228e-04 
-5.679228e-04 
-5.679228e-04 
-5.679228e-04 
-5.679228e-04 
-7.906905e-04 
-2.404069e-03 
-1.699189e-02 
-6.668542e-01 
-9.543222e-01 
-9.543222e-01 
-9.543222e-01 
-9.543222e-01 
-9.543222e-01 
-9.543222e-01 
-9.543222e-01 
-9.543222e-01 
-9.542888e-01 
-9.542548e-01 
-9.542463e-01 
-9.542421e-01 
-9.542419e-01 
-9.542419e-01 
-9.542419e-01 
-9.542419e-01 
-9.542419e-01 
-9.542419e-01 
-9.542419e-01 
-8.873052e-01 
-2.013728e-02 
2.464039e-05 
6.483469e-06 
3.332971e-06 
3.332001e-06 
3.332001e-06 
3.332001e-06 
3.332001e-06 
3.332001e-06 
3.332001e-06 
3.332001e-06 
3.795186e-06 
7.541023e-06 
2.591939e-05 
3.298593e-04 
6.327266e-04 
6.327310e-04 
6.327310e-04 
6.327310e-04 
6.327310e-04 
6.327310e-04 
6.327310e-04 
6.327310e-04 
1.094672e-03 
3.660906e-03 
3.868131e-02 
9.287141e-01 
9.543225e-01 
9.543225e-01 
9.543225e-01 
9.543225e-01 
9.543225e-01 
9.543225e-01 
9.543225e-01 
9.543221e-01 
9.542834e-01 
9.542553e-01 
9.542463e-01 
9.542427e-01 
9.542427e-01 
9.542427e-01 
9.542427e-01 
9.542427e-01 
9.542427e-01 
9.542427e-01 
9.542427e-01 
6.443789e-01 
1.563288e-03 
1.612781e-05 
6.028671e-06 
1.708685e-05 
1.708647e-05 
1.708647e-05 
1.708647e-05 
1.708647e-05 
1.708647e-05 
1.708647e-05 
1.708647e-05 
1.820268e-05 
2.158414e-05 
2.177470e-05 
-3.664515e-04 
-5.679227e-04 
-5.679228e-04 
-5.679228e-04 
-5.679228e-04 
-5.679228e-04 
-5.679228e-04 
-5.679228e-04 
-5.688534e-04 
-1.315089e-03 
-5.613705e-03 
-1.062651e-01 
-9.542680e-01 
-9.543222e-01 
-9.543222e-01 
-9.543222e-01 
-9.543222e-01 
-9.543222e-01 
-9.543222e-01 
-9.543222e-01 
-9.543140e-01 
-9.542632e-01 
-9.542496e-01 
-9.542438e-01 
-9.542419e-01 
-9.542419e-01 
-9.542419e-01 
-9.542419e-01 
-9.542419e-01 
-9.542419e-01 
-9.542419e-01 
-9.542419e-01 
-3.623454e-01 
1.671339e-05 
1.121886e-05 
1.406076e-05 
1.708648e-05 
1.708647e-05 
1.708647e-05 
1.708647e-05 
1.708647e-05 
1.708647e-05 
1.708647e-05 
1.708647e-05 
1.888805e-05 
2.275449e-05 
8.860000e-06 
-5.465528e-04 
-5.679228e-04 
-5.679228e-04 
-5.679228e-04 
-5.679228e-04 
-5.679228e-04 
-5.679228e-04 
-5.679228e-04 
-6.572803e-04 
-1.784058e-03 
-9.658517e-03 
-3.434816e-01 
-9.543221e-01 
-9.543222e-01 
-9.543222e-01 
-9.543222e-01 
-9.543222e-01 
-9.543222e-01 
-9.543222e-01 
-9.543222e-01 
-9.543021e-01 
-9.542580e-01 
-9.542477e-01 
-9.542428e-01 
-9.542419e-01 
-9.542419e-01 
-9.542419e-01 
-9.542419e-01 
-9.542419e-01 
-9.542419e-01 
-9.542419e-01 
-9.542419e-01 
-1.138402e-01 
3.684121e-05 
8.202329e-06 
3.382716e-06 
3.332001e-06 
3.332001e-06 
3.332001e-06 
3.332001e-06 
3.332001e-06 
3.332001e-06 
3.332001e-06 
3.430135e-06 
6.261145e-06 
1.812597e-05 
1.805037e-04 
6.325120e-04 
6.327310e-04 
6.327310e-04 
6.327310e-04 
6.327310e-04 
6.327310e-04 
6.327310e-04 
6.327310e-04 
9.016555e-04 
2.601475e-03 
1.912612e-02 
7.102686e-01 
9.543225e-01 
9.543225e-01 
9.543225e-01 
9.543225e-01 
9.543225e-01 
9.543225e-01 
9.543225e-01 
9.543225e-01 
9.542940e-01 
9.542588e-01 
9.542477e-01 
9.542428e-01 
9.542427e-01 
9.542427e-01 
9.542427e-01 
9.542427e-01 
9.542427e-01 
9.542427e-01 
9.542427e-01 
8.600464e-01 
1.535193e-02 
2.326366e-05 
6.298779e-06 
1.708473e-05 
1.708647e-05 
1.708647e-05 
1.708647e-05 
1.708647e-05 
1.708647e-05 
1.708647e-05 
1.708647e-05 
1.769320e-05 
2.064561e-05 
2.406354e-05 
-1.794144e-04 
-5.679163e-04 
-5.679228e-04 
-5.679228e-04 
-5.679228e-04 
-5.679228e-04 
-5.679228e-04 
-5.679228e-04 
-5.679228e-04 
-1.038804e-03 
-3.761729e-03 
-4.285462e-02 
-9.429885e-01 
-9.543222e-01 
-9.543222e-01 
-9.543222e-01 
-9.543222e-01 
-9.543222e-01 
-9.543222e-01 
-9.543222e-01 
-9.543212e-01 
-9.542712e-01 
-9.542516e-01 
-9.542448e-01 
-9.542419e-01 
-9.542419e-01 
-9.542419e-01 
-9.542419e-01 
-9.542419e-01 
-9.542419e-01 
-9.542419e-01 
-9.542419e-01 
-6.082518e-01 
-7.921802e-04 
0.000000e+00 
0.000000e+00 
0.000000e+00 
0.000000e+00 
0.000000e+00 
0.000000e+00 
0.000000e+00 
0.000000e+00
#[#TRACE_DATA]
#[#TRACE]
