#[TRACE]
#data_labels=Output
#[TRACE_DATA]
9.542373e-01 
9.542372e-01 
9.542370e-01 
9.542369e-01 
9.542368e-01 
9.542367e-01 
9.542365e-01 
9.542363e-01 
9.542363e-01 
9.542361e-01 
9.542360e-01 
9.542359e-01 
9.542358e-01 
9.542357e-01 
9.542356e-01 
9.542355e-01 
9.542354e-01 
9.542353e-01 
9.542351e-01 
9.542351e-01 
9.542350e-01 
9.542350e-01 
9.542348e-01 
9.542348e-01 
9.542347e-01 
9.542346e-01 
9.542346e-01 
9.542345e-01 
9.542345e-01 
9.542344e-01 
9.542343e-01 
9.542342e-01 
9.542342e-01 
9.542341e-01 
9.542341e-01 
9.542340e-01 
9.542340e-01 
9.542339e-01 
9.542339e-01 
9.542339e-01 
9.542338e-01 
9.542337e-01 
9.542338e-01 
9.542338e-01 
9.542338e-01 
9.542338e-01 
9.542338e-01 
9.542338e-01 
9.542338e-01 
9.542338e-01 
9.542338e-01 
9.542338e-01 
9.542338e-01 
9.542338e-01 
9.542338e-01 
9.542338e-01 
9.542338e-01 
9.542338e-01 
9.542338e-01 
9.542338e-01 
9.542338e-01 
9.542338e-01 
9.542338e-01 
9.542338e-01 
9.542338e-01 
9.542338e-01 
9.542338e-01 
9.542338e-01 
9.542338e-01 
9.542338e-01 
9.542338e-01 
9.542338e-01 
9.542338e-01 
9.542338e-01 
9.542338e-01 
9.542338e-01 
9.542338e-01 
9.542338e-01 
9.542338e-01 
9.542338e-01 
9.542338e-01 
9.542338e-01 
9.542338e-01 
9.542338e-01 
9.542338e-01 
9.542338e-01 
9.542338e-01 
9.542338e-01 
9.542338e-01 
9.542338e-01 
9.542338e-01 
9.542338e-01 
9.542338e-01 
9.542338e-01 
9.542338e-01 
9.542338e-01 
9.542338e-01 
9.542338e-01 
9.542338e-01 
9.542338e-01 
9.542338e-01 
9.542338e-01 
9.542338e-01 
9.542338e-01 
9.542338e-01 
9.542338e-01 
9.542338e-01 
9.542338e-01 
9.542338e-01 
9.542338e-01 
9.542338e-01 
9.542338e-01 
9.542338e-01 
9.542338e-01 
9.542338e-01 
9.542338e-01 
9.542338e-01 
9.542338e-01 
9.542338e-01 
9.542338e-01 
9.542338e-01 
9.542338e-01 
9.542338e-01 
9.542338e-01 
9.542338e-01 
9.542338e-01 
9.542338e-01 
9.542338e-01 
9.542338e-01 
9.542338e-01 
9.542338e-01 
9.542338e-01 
9.542338e-01 
9.542338e-01 
9.542338e-01 
9.542338e-01 
9.542338e-01 
9.542338e-01 
9.542338e-01 
9.542338e-01 
9.542338e-01 
9.542338e-01 
9.542338e-01 
9.542338e-01 
9.542338e-01 
9.542338e-01 
9.542338e-01 
9.542338e-01 
9.542338e-01 
9.542338e-01 
9.542338e-01 
9.542338e-01 
9.542338e-01 
9.542338e-01 
9.542338e-01 
9.542338e-01 
9.542338e-01 
9.542338e-01 
9.542338e-01 
9.542338e-01 
9.542338e-01 
9.542338e-01 
9.542338e-01 
9.542338e-01 
9.542338e-01 
9.542338e-01 
9.542338e-01 
9.542338e-01 
9.542338e-01 
9.542338e-01 
9.542338e-01 
9.542338e-01 
9.542338e-01 
9.542338e-01 
9.542338e-01 
9.542338e-01 
9.542338e-01 
9.542338e-01 
9.542338e-01 
9.542338e-01 
9.542338e-01 
9.542338e-01 
9.542338e-01 
9.542338e-01 
9.542338e-01 
9.542338e-01 
9.542338e-01 
9.542338e-01 
9.542338e-01 
9.542338e-01 
9.542338e-01 
9.542338e-01 
9.542338e-01 
9.542338e-01 
9.542338e-01 
9.542338e-01 
9.542338e-01 
9.542338e-01 
9.542338e-01 
9.542338e-01 
9.542338e-01 
9.542338e-01 
9.542338e-01 
9.542338e-01 
9.542338e-01 
9.542338e-01 
9.542338e-01 
9.542338e-01 
9.542338e-01 
9.542338e-01 
9.483868e-01 
9.174306e-01 
8.809677e-01 
8.399239e-01 
7.950552e-01 
7.469458e-01 
6.958995e-01 
6.420023e-01 
5.850021e-01 
5.244187e-01 
4.586333e-01 
3.856281e-01 
3.001558e-01 
1.876501e-01 
2.898846e-02 
6.769085e-03 
2.171358e-03 
1.249890e-03 
8.506767e-04 
6.155880e-04 
4.643316e-04 
3.610511e-04 
2.874181e-04 
2.330904e-04 
1.925826e-04 
1.604506e-04 
1.358772e-04 
1.155834e-04 
9.919980e-05 
8.662384e-05 
7.539293e-05 
6.603777e-05 
5.818415e-05 
5.153850e-05 
4.587436e-05 
4.101712e-05 
3.759922e-05 
3.386392e-05 
3.060466e-05 
2.775336e-05 
2.524761e-05 
2.303706e-05 
2.107911e-05 
1.933884e-05 
1.778665e-05 
1.639795e-05 
1.515183e-05 
1.403024e-05 
1.284863e-05 
1.195020e-05 
1.113520e-05 
1.039400e-05 
9.718337e-06 
9.101384e-06 
8.536749e-06 
8.010995e-06 
7.536584e-06 
7.099477e-06 
6.696795e-06 
6.323997e-06 
5.977323e-06 
5.651616e-06 
5.349598e-06 
5.086086e-06 
4.847728e-06 
4.616634e-06 
4.393025e-06 
4.179786e-06 
3.980886e-06 
3.798174e-06 
3.635594e-06 
3.465814e-06 
3.326471e-06 
3.177888e-06 
3.032730e-06 
2.901825e-06 
2.777973e-06 
2.669866e-06 
2.563718e-06 
2.458457e-06 
2.359298e-06 
2.321450e-06 
2.317993e-06 
2.317954e-06 
2.315807e-06 
2.315548e-06 
2.315529e-06 
2.315528e-06 
2.315528e-06 
2.315528e-06 
2.315528e-06 
2.315528e-06 
2.315528e-06 
2.315528e-06 
2.315528e-06 
2.315528e-06 
2.315528e-06 
2.315528e-06 
2.315528e-06 
2.315528e-06 
2.315528e-06 
2.315528e-06 
2.315528e-06 
2.315528e-06 
2.315528e-06 
2.315528e-06 
2.315528e-06 
2.315528e-06 
2.315528e-06 
2.315528e-06 
2.315528e-06 
2.315528e-06 
2.315528e-06 
2.315528e-06 
2.315528e-06 
2.315528e-06 
2.315528e-06 
2.315528e-06 
2.315528e-06 
2.315528e-06 
2.315528e-06 
2.315528e-06 
2.315528e-06 
2.315528e-06 
2.315528e-06 
2.315528e-06 
2.315528e-06 
2.315528e-06 
2.315528e-06 
2.315528e-06 
2.315528e-06 
2.315528e-06 
2.315528e-06 
2.315528e-06 
2.315528e-06 
2.315528e-06 
2.315528e-06 
2.315528e-06 
2.315528e-06 
2.315528e-06 
2.315528e-06 
2.315528e-06 
2.315528e-06 
2.315528e-06 
2.315528e-06 
2.315528e-06 
2.315528e-06 
2.315528e-06 
2.315528e-06 
2.315528e-06 
2.315528e-06 
2.315528e-06 
2.315528e-06 
2.315528e-06 
2.315528e-06 
2.315528e-06 
2.315528e-06 
2.315528e-06 
2.315528e-06 
2.315528e-06 
2.315528e-06 
2.315528e-06 
2.315528e-06 
2.315528e-06 
2.315528e-06 
2.315528e-06 
2.315528e-06 
2.315528e-06 
2.315528e-06 
2.315528e-06 
2.315528e-06 
2.315528e-06 
2.315528e-06 
2.315528e-06 
2.315528e-06 
2.315528e-06 
2.315528e-06 
2.315528e-06 
2.315528e-06 
2.315528e-06 
2.315528e-06 
2.315528e-06 
2.315528e-06 
2.315528e-06 
2.315528e-06 
2.315528e-06 
2.315528e-06 
2.315528e-06 
2.315528e-06 
2.315528e-06 
2.315528e-06 
2.315528e-06 
2.315528e-06 
2.315528e-06 
2.315528e-06 
2.315528e-06 
2.315528e-06 
2.315528e-06 
2.315528e-06 
2.315528e-06 
2.315528e-06 
2.315528e-06 
2.315528e-06 
2.315528e-06 
2.315528e-06 
2.315528e-06 
2.315528e-06 
2.315528e-06 
2.315528e-06 
2.315528e-06 
2.315528e-06 
2.315528e-06 
2.315528e-06 
2.315528e-06 
2.315528e-06 
2.315528e-06 
2.315528e-06 
2.315528e-06 
2.315528e-06 
2.315528e-06 
2.315528e-06 
2.315528e-06 
2.315528e-06 
2.315528e-06 
2.315528e-06 
2.315528e-06 
2.315528e-06 
2.315528e-06 
2.315528e-06 
2.315528e-06 
2.315528e-06 
2.315528e-06 
2.315528e-06 
2.315528e-06 
2.315528e-06 
2.315528e-06 
2.315528e-06 
2.315528e-06 
2.315528e-06 
2.315528e-06 
2.315528e-06 
2.315528e-06 
2.315528e-06 
2.315528e-06 
2.315528e-06 
2.315528e-06 
2.315528e-06 
2.315528e-06 
2.315528e-06 
2.315528e-06 
2.319744e-06 
2.348673e-06 
2.435994e-06 
2.503158e-06 
2.573418e-06 
2.646964e-06 
2.723991e-06 
2.804725e-06 
2.889401e-06 
3.003580e-06 
3.101452e-06 
3.201101e-06 
3.306057e-06 
3.416615e-06 
3.533174e-06 
3.656186e-06 
3.786092e-06 
3.923456e-06 
4.068799e-06 
4.222796e-06 
4.386090e-06 
4.559470e-06 
4.743786e-06 
4.939912e-06 
5.148987e-06 
5.371929e-06 
5.610126e-06 
5.853410e-06 
6.048062e-06 
6.334178e-06 
6.528792e-06 
6.850647e-06 
7.197629e-06 
7.572000e-06 
7.976719e-06 
8.415112e-06 
8.890916e-06 
9.408494e-06 
9.972685e-06 
1.058925e-05 
1.126479e-05 
1.200683e-05 
1.282432e-05 
1.372752e-05 
1.472875e-05 
1.584224e-05 
1.708519e-05 
1.900541e-05 
2.064325e-05 
2.249354e-05 
2.459778e-05 
2.700332e-05 
2.976771e-05 
3.391957e-05 
3.779218e-05 
4.232581e-05 
4.766617e-05 
5.480365e-05 
6.251875e-05 
7.172421e-05 
8.354419e-05 
9.697300e-05 
1.124746e-04 
1.301914e-04 
1.499596e-04 
1.714372e-04 
1.941693e-04 
2.176526e-04 
2.420286e-04 
2.664834e-04 
2.904183e-04 
3.159308e-04 
3.377685e-04 
3.637505e-04 
3.895670e-04 
4.149792e-04 
4.297974e-04 
4.535949e-04 
4.757657e-04 
4.956363e-04 
5.125335e-04 
5.212126e-04 
5.223710e-04 
5.225334e-04 
5.225409e-04 
5.225412e-04 
5.225412e-04 
5.225412e-04 
5.225412e-04 
5.225412e-04 
5.225412e-04 
5.225412e-04 
5.225412e-04 
5.225412e-04 
5.225412e-04 
5.225412e-04 
5.225412e-04 
5.225412e-04 
5.225412e-04 
5.225412e-04 
5.225412e-04 
5.225412e-04 
5.225412e-04 
5.225412e-04 
5.225412e-04 
5.225412e-04 
5.225412e-04 
5.225412e-04 
5.225412e-04 
5.225412e-04 
5.225412e-04 
5.225412e-04 
5.225412e-04 
5.225412e-04 
5.225412e-04 
5.225412e-04 
5.225412e-04 
5.225412e-04 
5.225412e-04 
5.225412e-04 
5.225412e-04 
5.225412e-04 
5.225412e-04 
5.225412e-04 
5.225412e-04 
5.225412e-04 
5.225412e-04 
5.225412e-04 
5.225412e-04 
5.225412e-04 
5.225412e-04 
5.225412e-04 
5.225412e-04 
5.225412e-04 
5.225412e-04 
5.225412e-04 
5.225412e-04 
5.225412e-04 
5.225412e-04 
5.225412e-04 
5.225412e-04 
5.225412e-04 
5.225412e-04 
5.225412e-04 
5.225412e-04 
5.225412e-04 
5.225412e-04 
5.225412e-04 
5.225412e-04 
5.225412e-04 
5.225412e-04 
5.225412e-04 
5.225412e-04 
5.225412e-04 
5.225412e-04 
5.225412e-04 
5.225412e-04 
5.225412e-04 
5.225412e-04 
5.225412e-04 
5.225412e-04 
5.225412e-04 
5.225412e-04 
5.225412e-04 
5.225412e-04 
5.225412e-04 
5.225412e-04 
5.225412e-04 
5.225412e-04 
5.225412e-04 
5.225412e-04 
5.225412e-04 
5.225412e-04 
5.225412e-04 
5.225412e-04 
5.225412e-04 
5.225412e-04 
5.225412e-04 
5.225412e-04 
5.225412e-04 
5.225412e-04 
5.225412e-04 
5.225412e-04 
5.225412e-04 
5.225412e-04 
5.225412e-04 
5.225412e-04 
5.225412e-04 
5.225412e-04 
5.225412e-04 
5.225412e-04 
5.225412e-04 
5.225412e-04 
5.225412e-04 
5.225412e-04 
5.225412e-04 
5.225412e-04 
5.225412e-04 
5.225412e-04 
5.225412e-04 
5.225412e-04 
5.225412e-04 
5.225412e-04 
5.225412e-04 
5.225412e-04 
5.225412e-04 
5.225412e-04 
5.225412e-04 
5.225412e-04 
5.225412e-04 
5.225412e-04 
5.225412e-04 
5.225412e-04 
5.225412e-04 
5.225412e-04 
5.225412e-04 
5.225412e-04 
5.225412e-04 
5.225412e-04 
5.225412e-04 
5.225412e-04 
5.225412e-04 
5.225412e-04 
5.225412e-04 
5.225412e-04 
5.225412e-04 
5.225412e-04 
5.225412e-04 
5.225412e-04 
5.225412e-04 
5.225412e-04 
5.225412e-04 
5.225412e-04 
5.225412e-04 
5.225412e-04 
5.225412e-04 
5.225412e-04 
5.225412e-04 
5.225412e-04 
5.225412e-04 
5.225412e-04 
5.225412e-04 
5.225412e-04 
5.225412e-04 
5.225412e-04 
5.225412e-04 
5.225412e-04 
5.225412e-04 
5.225412e-04 
5.225412e-04 
5.262318e-04 
5.445064e-04 
5.661371e-04 
5.889839e-04 
6.131234e-04 
6.423194e-04 
6.695227e-04 
6.982733e-04 
7.282621e-04 
7.196736e-04 
7.531843e-04 
7.890491e-04 
8.273564e-04 
8.683099e-04 
9.121480e-04 
9.591294e-04 
1.009431e-03 
1.063527e-03 
1.121693e-03 
1.184275e-03 
1.251632e-03 
1.324245e-03 
1.402660e-03 
1.487436e-03 
1.579267e-03 
1.678683e-03 
1.786997e-03 
1.904963e-03 
2.030722e-03 
2.171027e-03 
2.324644e-03 
2.493239e-03 
2.678616e-03 
2.846438e-03 
3.067981e-03 
3.313278e-03 
3.585532e-03 
3.888436e-03 
4.226418e-03 
4.604708e-03 
5.029371e-03 
5.507712e-03 
6.048309e-03 
6.661642e-03 
7.360064e-03 
8.158755e-03 
9.076188e-03 
1.034942e-02 
1.161402e-02 
1.308950e-02 
1.482165e-02 
1.686817e-02 
1.930166e-02 
2.240384e-02 
2.597209e-02 
3.031832e-02 
3.579269e-02 
4.245988e-02 
5.090364e-02 
6.156109e-02 
7.508349e-02 
9.233875e-02 
1.143404e-01 
1.421101e-01 
1.763890e-01 
2.173146e-01 
2.641560e-01 
3.155413e-01 
3.698890e-01 
4.257121e-01 
4.818823e-01 
5.378100e-01 
5.926096e-01 
6.462704e-01 
6.982258e-01 
7.481665e-01 
7.956702e-01 
8.401998e-01 
8.810913e-01 
9.174784e-01 
9.484006e-01 
9.542484e-01 
9.542484e-01 
9.542484e-01 
9.542484e-01 
9.542484e-01 
9.542484e-01 
9.542484e-01 
9.542484e-01 
9.542484e-01 
9.542484e-01 
9.542484e-01 
9.542484e-01 
9.542484e-01 
9.542484e-01 
9.542484e-01 
9.542484e-01 
9.542484e-01 
9.542484e-01 
9.542484e-01 
9.542484e-01 
9.542484e-01 
9.542484e-01 
9.542484e-01 
9.542484e-01 
9.542484e-01 
9.542484e-01 
9.542484e-01 
9.542484e-01 
9.542484e-01 
9.542484e-01 
9.542484e-01 
9.542484e-01 
9.542484e-01 
9.542484e-01 
9.542484e-01 
9.542484e-01 
9.542484e-01 
9.542484e-01 
9.542484e-01 
9.542484e-01 
9.542484e-01 
9.542484e-01 
9.542484e-01 
9.542484e-01 
9.542484e-01 
9.542484e-01 
9.542484e-01 
9.542484e-01 
9.542484e-01 
9.542484e-01 
9.542484e-01 
9.542484e-01 
9.542484e-01 
9.542484e-01 
9.542484e-01 
9.542484e-01 
9.542484e-01 
9.542484e-01 
9.542484e-01 
9.542484e-01 
9.542484e-01 
9.542484e-01 
9.542484e-01 
9.542484e-01 
9.542484e-01 
9.542484e-01 
9.542484e-01 
9.542484e-01 
9.542484e-01 
9.542484e-01 
9.542484e-01 
9.542484e-01 
9.542484e-01 
9.542484e-01 
9.542484e-01 
9.542484e-01 
9.542484e-01 
9.542484e-01 
9.542484e-01 
9.542484e-01 
9.542484e-01 
9.542484e-01 
9.542484e-01 
9.542484e-01 
9.542484e-01 
9.542484e-01 
9.542484e-01 
9.542484e-01 
9.542484e-01 
9.542484e-01 
9.542484e-01 
9.542484e-01 
9.542484e-01 
9.542484e-01 
9.542484e-01 
9.542484e-01 
9.542484e-01 
9.542484e-01 
9.542484e-01 
9.542484e-01 
9.542484e-01 
9.542484e-01 
9.542484e-01 
9.542484e-01 
9.542484e-01 
9.542484e-01 
9.542484e-01 
9.542484e-01 
9.542484e-01 
9.542484e-01 
9.542484e-01 
9.542484e-01 
9.542484e-01 
9.542484e-01 
9.542484e-01 
9.542484e-01 
9.542484e-01 
9.542484e-01 
9.542484e-01 
9.542484e-01 
9.542484e-01 
9.542484e-01 
9.542484e-01 
9.542484e-01 
9.542484e-01 
9.542484e-01 
9.542484e-01 
9.542484e-01 
9.542484e-01 
9.542484e-01 
9.542484e-01 
9.542484e-01 
9.542484e-01 
9.542484e-01 
9.542484e-01 
9.542484e-01 
9.542484e-01 
9.542484e-01 
9.542484e-01 
9.542484e-01 
9.542484e-01 
9.542484e-01 
9.542484e-01 
9.542484e-01 
9.542484e-01 
9.542484e-01 
9.542484e-01 
9.542484e-01 
9.542484e-01 
9.542484e-01 
9.542484e-01 
9.542484e-01 
9.542484e-01 
9.542484e-01 
9.542484e-01 
9.542484e-01 
9.542484e-01 
9.542484e-01 
9.542484e-01 
9.542484e-01 
9.542484e-01 
9.542484e-01 
9.542484e-01 
9.542484e-01 
9.542484e-01 
9.542484e-01 
9.542484e-01 
9.542484e-01 
9.542484e-01 
9.542484e-01 
9.542482e-01 
9.542481e-01 
9.542479e-01 
9.542477e-01 
9.542475e-01 
9.542474e-01 
9.542471e-01 
9.542468e-01 
9.542467e-01 
9.542465e-01 
9.542462e-01 
9.542459e-01 
9.542455e-01 
9.542452e-01 
9.542448e-01 
9.542445e-01 
9.542441e-01 
9.542436e-01 
9.542434e-01 
9.542429e-01 
9.542425e-01 
9.542421e-01 
9.542418e-01 
9.542414e-01 
9.542410e-01 
9.542407e-01 
9.542404e-01 
9.542401e-01 
9.542398e-01 
9.542395e-01 
9.542393e-01 
9.542390e-01 
9.542388e-01 
9.542386e-01 
9.542383e-01 
9.542381e-01 
9.542379e-01 
9.542378e-01 
9.542376e-01 
9.542374e-01 
9.542372e-01 
9.542370e-01 
9.542369e-01 
9.542368e-01 
9.542366e-01 
9.542365e-01 
9.542363e-01 
9.542362e-01 
9.542361e-01 
9.542360e-01 
9.542359e-01 
9.542358e-01 
9.542357e-01 
9.542356e-01 
9.542355e-01 
9.542354e-01 
9.542353e-01 
9.542351e-01 
9.542351e-01 
9.542350e-01 
9.542350e-01 
9.542348e-01 
9.542348e-01 
9.542347e-01 
9.542346e-01 
9.542345e-01 
9.542345e-01 
9.542345e-01 
9.542344e-01 
9.542343e-01 
9.542342e-01 
9.542342e-01 
9.542341e-01 
9.542341e-01 
9.542340e-01 
9.542340e-01 
9.542339e-01 
9.542339e-01 
9.542339e-01 
9.542338e-01 
9.542337e-01 
9.542338e-01 
9.542337e-01 
9.542338e-01 
9.542338e-01 
9.542338e-01 
9.542338e-01 
9.542338e-01 
9.542338e-01 
9.542338e-01 
9.542338e-01 
9.542338e-01 
9.542338e-01 
9.542338e-01 
9.542338e-01 
9.542338e-01 
9.542338e-01 
9.542338e-01 
9.542338e-01 
9.542338e-01 
9.542338e-01 
9.542338e-01 
9.542338e-01 
9.542338e-01 
9.542338e-01 
9.542338e-01 
9.542338e-01 
9.542338e-01 
9.542338e-01 
9.542338e-01 
9.542338e-01 
9.542338e-01 
9.542338e-01 
9.542338e-01 
9.542338e-01 
9.542338e-01 
9.542338e-01 
9.542338e-01 
9.542338e-01 
9.542338e-01 
9.542338e-01 
9.542338e-01 
9.542338e-01 
9.542338e-01 
9.542338e-01 
9.542338e-01 
9.542338e-01 
9.542338e-01 
9.542338e-01 
9.542338e-01 
9.542338e-01 
9.542338e-01 
9.542338e-01 
9.542338e-01 
9.542338e-01 
9.542338e-01 
9.542338e-01 
9.542338e-01 
9.542338e-01 
9.542338e-01 
9.542338e-01 
9.542338e-01 
9.542338e-01 
9.542338e-01 
9.542338e-01 
9.542338e-01 
9.542338e-01 
9.542338e-01 
9.542338e-01 
9.542338e-01 
9.542338e-01 
9.542338e-01 
9.542338e-01 
9.542338e-01 
9.542338e-01 
9.542338e-01 
9.542338e-01 
9.542338e-01 
9.542338e-01 
9.542338e-01 
9.542338e-01 
9.542338e-01 
9.542338e-01 
9.542338e-01 
9.542338e-01 
9.542338e-01 
9.542338e-01 
9.542338e-01 
9.542338e-01 
9.542338e-01 
9.542338e-01 
9.542338e-01 
9.542338e-01 
9.542338e-01 
9.542338e-01 
9.542338e-01 
9.542338e-01 
9.542338e-01 
9.542338e-01 
9.542338e-01 
9.542338e-01 
9.542338e-01 
9.542338e-01 
9.542338e-01 
9.542338e-01 
9.542338e-01 
9.542338e-01 
9.542338e-01 
9.542338e-01 
9.542338e-01 
9.542338e-01 
9.542338e-01 
9.542338e-01 
9.542338e-01 
9.542338e-01 
9.542338e-01 
9.542338e-01 
9.542338e-01 
9.542338e-01 
9.542338e-01 
9.542338e-01 
9.542338e-01 
9.542338e-01 
9.542338e-01 
9.542338e-01 
9.542338e-01 
9.542338e-01 
9.542338e-01 
9.542338e-01 
9.542338e-01 
9.542338e-01 
9.542338e-01 
9.542338e-01 
9.542338e-01 
9.542338e-01 
9.542338e-01 
9.542338e-01 
9.542338e-01 
9.542338e-01 
9.542338e-01 
9.542338e-01 
9.542338e-01 
9.542338e-01 
9.542338e-01 
9.542338e-01 
9.542338e-01 
9.542338e-01 
9.542338e-01 
9.542338e-01 
9.542338e-01 
9.542338e-01 
9.542338e-01 
9.542338e-01 
9.542338e-01 
9.542338e-01 
9.542338e-01 
9.542338e-01 
9.542338e-01 
9.542338e-01 
9.542338e-01 
9.542338e-01 
9.542338e-01 
9.542338e-01 
9.542338e-01 
9.542338e-01 
9.542338e-01 
9.542338e-01 
9.542338e-01 
9.542338e-01 
9.483852e-01 
9.174336e-01 
8.809713e-01 
8.399212e-01 
7.950657e-01 
7.469640e-01 
6.959753e-01 
6.422076e-01 
5.851371e-01 
5.247285e-01 
4.591846e-01 
3.862393e-01 
3.018397e-01 
1.900585e-01 
2.908814e-02 
7.800186e-03 
2.205437e-03 
1.252220e-03 
8.517694e-04 
6.164989e-04 
4.649824e-04 
3.615153e-04 
2.877598e-04 
2.337208e-04 
1.927861e-04 
1.606065e-04 
1.360043e-04 
1.156819e-04 
9.927892e-05 
8.668922e-05 
7.544713e-05 
6.608412e-05 
5.822227e-05 
5.157093e-05 
4.590223e-05 
4.104133e-05 
3.762095e-05 
3.388334e-05 
3.062195e-05 
2.776859e-05 
2.526160e-05 
2.304970e-05 
2.109092e-05 
1.934991e-05 
1.779705e-05 
1.640782e-05 
1.516115e-05 
1.403937e-05 
1.302712e-05 
1.195921e-05 
1.114425e-05 
1.040312e-05 
9.727913e-06 
9.111381e-06 
8.547557e-06 
8.023470e-06 
7.550754e-06 
7.116933e-06 
6.719327e-06 
6.356604e-06 
6.030622e-06 
5.765918e-06 
5.702008e-06 
6.039852e-06 
6.618245e-06 
7.194488e-06 
7.708180e-06 
8.134120e-06 
8.473347e-06 
8.739689e-06 
8.939250e-06 
9.098871e-06 
9.169888e-06 
9.241348e-06 
9.157792e-06 
9.160573e-06 
9.123608e-06 
8.978550e-06 
8.887529e-06 
8.759112e-06 
8.598025e-06 
8.587328e-06 
8.588186e-06 
8.593182e-06 
8.591605e-06 
8.591384e-06 
8.591368e-06 
8.591367e-06 
8.591367e-06 
8.591367e-06 
8.591367e-06 
8.591367e-06 
8.591367e-06 
8.591367e-06 
8.591367e-06 
8.591367e-06 
8.591367e-06 
8.591367e-06 
8.591367e-06 
8.591367e-06 
8.591367e-06 
8.591367e-06 
8.591367e-06 
8.591367e-06 
8.591367e-06 
8.591367e-06 
8.591367e-06 
8.591367e-06 
8.591367e-06 
8.591367e-06 
8.591367e-06 
8.591367e-06 
8.591367e-06 
8.591367e-06 
8.591367e-06 
8.591367e-06 
8.591367e-06 
8.591367e-06 
8.591367e-06 
8.591367e-06 
8.591367e-06 
8.591367e-06 
8.591367e-06 
8.591367e-06 
8.591367e-06 
8.591367e-06 
8.591367e-06 
8.591367e-06 
8.591367e-06 
8.591367e-06 
8.591367e-06 
8.591367e-06 
8.591367e-06 
8.591367e-06 
8.591367e-06 
8.591367e-06 
8.591367e-06 
8.591367e-06 
8.591367e-06 
8.591367e-06 
8.591367e-06 
8.591367e-06 
8.591367e-06 
8.591367e-06 
8.591367e-06 
8.591367e-06 
8.591367e-06 
8.591367e-06 
8.591367e-06 
8.591367e-06 
8.591367e-06 
8.591367e-06 
8.591367e-06 
8.591367e-06 
8.591367e-06 
8.591367e-06 
8.591367e-06 
8.591367e-06 
8.591367e-06 
8.591367e-06 
8.591367e-06 
8.591367e-06 
8.591367e-06 
8.591367e-06 
8.591367e-06 
8.591367e-06 
8.591367e-06 
8.591367e-06 
8.591367e-06 
8.591367e-06 
8.591367e-06 
8.591367e-06 
8.591367e-06 
8.591367e-06 
8.591367e-06 
8.591367e-06 
8.591367e-06 
8.591367e-06 
8.591367e-06 
8.591367e-06 
8.591367e-06 
8.591367e-06 
8.591367e-06 
8.591367e-06 
8.591367e-06 
8.591367e-06 
8.591367e-06 
8.591367e-06 
8.591367e-06 
8.591367e-06 
8.591367e-06 
8.591367e-06 
8.591367e-06 
8.591367e-06 
8.591367e-06 
8.591367e-06 
8.591367e-06 
8.591367e-06 
8.591367e-06 
8.591367e-06 
8.591367e-06 
8.591367e-06 
8.591367e-06 
8.591367e-06 
8.591367e-06 
8.591367e-06 
8.591367e-06 
8.591367e-06 
8.591367e-06 
8.591367e-06 
8.591367e-06 
8.591367e-06 
8.591367e-06 
8.591367e-06 
8.591367e-06 
8.591367e-06 
8.591367e-06 
8.591367e-06 
8.591367e-06 
8.591367e-06 
8.591367e-06 
8.591367e-06 
8.591367e-06 
8.591367e-06 
8.591367e-06 
8.591367e-06 
8.591367e-06 
8.591367e-06 
8.591367e-06 
8.591367e-06 
8.591367e-06 
8.591367e-06 
8.591367e-06 
8.591367e-06 
8.591367e-06 
8.591367e-06 
8.591367e-06 
8.591367e-06 
8.591367e-06 
8.591367e-06 
8.591367e-06 
8.591367e-06 
8.591367e-06 
8.591367e-06 
8.591367e-06 
8.591367e-06 
8.591367e-06 
8.591367e-06 
8.591367e-06 
8.591367e-06 
8.597497e-06 
8.634003e-06 
8.721241e-06 
8.789106e-06 
8.858904e-06 
8.930697e-06 
9.004542e-06 
9.080504e-06 
9.158669e-06 
9.254764e-06 
9.339503e-06 
9.424728e-06 
9.512713e-06 
9.603235e-06 
9.696377e-06 
9.792220e-06 
9.890804e-06 
9.992228e-06 
1.009652e-05 
1.020374e-05 
1.031396e-05 
1.042719e-05 
1.054349e-05 
1.066297e-05 
1.078634e-05 
1.091083e-05 
1.103955e-05 
1.115171e-05 
1.128650e-05 
1.142406e-05 
1.151636e-05 
1.165975e-05 
1.180354e-05 
1.194897e-05 
1.209547e-05 
1.224237e-05 
1.238884e-05 
1.253375e-05 
1.267576e-05 
1.281322e-05 
1.294403e-05 
1.306563e-05 
1.317481e-05 
1.326763e-05 
1.333918e-05 
1.338334e-05 
1.339251e-05 
1.335716e-05 
1.326543e-05 
1.302928e-05 
1.272868e-05 
1.231366e-05 
1.174152e-05 
1.097036e-05 
9.946395e-06 
8.025502e-06 
6.122242e-06 
3.122198e-06 
-1.805061e-07 
-4.829674e-06 
-1.056950e-05 
-1.781031e-05 
-2.666552e-05 
-3.749951e-05 
-5.048884e-05 
-6.565874e-05 
-8.277376e-05 
-1.012918e-04 
-1.212016e-04 
-1.436410e-04 
-1.654266e-04 
-1.905588e-04 
-2.168811e-04 
-2.399444e-04 
-2.693130e-04 
-3.002819e-04 
-3.328607e-04 
-3.532153e-04 
-3.876006e-04 
-4.223236e-04 
-4.558936e-04 
-4.742878e-04 
-4.770282e-04 
-4.772481e-04 
-4.772497e-04 
-4.772495e-04 
-4.772495e-04 
-4.772495e-04 
-4.772495e-04 
-4.772495e-04 
-4.772495e-04 
-4.772495e-04 
-4.772495e-04 
-4.772495e-04 
-4.772495e-04 
-4.772495e-04 
-4.772495e-04 
-4.772495e-04 
-4.772495e-04 
-4.772495e-04 
-4.772495e-04 
-4.772495e-04 
-4.772495e-04 
-4.772495e-04 
-4.772495e-04 
-4.772495e-04 
-4.772495e-04 
-4.772495e-04 
-4.772495e-04 
-4.772495e-04 
-4.772495e-04 
-4.772495e-04 
-4.772495e-04 
-4.772495e-04 
-4.772495e-04 
-4.772495e-04 
-4.772495e-04 
-4.772495e-04 
-4.772495e-04 
-4.772495e-04 
-4.772495e-04 
-4.772495e-04 
-4.772495e-04 
-4.772495e-04 
-4.772495e-04 
-4.772495e-04 
-4.772495e-04 
-4.772495e-04 
-4.772495e-04 
-4.772495e-04 
-4.772495e-04 
-4.772495e-04 
-4.772495e-04 
-4.772495e-04 
-4.772495e-04 
-4.772495e-04 
-4.772495e-04 
-4.772495e-04 
-4.772495e-04 
-4.772495e-04 
-4.772495e-04 
-4.772495e-04 
-4.772495e-04 
-4.772495e-04 
-4.772495e-04 
-4.772495e-04 
-4.772495e-04 
-4.772495e-04 
-4.772495e-04 
-4.772495e-04 
-4.772495e-04 
-4.772495e-04 
-4.772495e-04 
-4.772495e-04 
-4.772495e-04 
-4.772495e-04 
-4.772495e-04 
-4.772495e-04 
-4.772495e-04 
-4.772495e-04 
-4.772495e-04 
-4.772495e-04 
-4.772495e-04 
-4.772495e-04 
-4.772495e-04 
-4.772495e-04 
-4.772495e-04 
-4.772495e-04 
-4.772495e-04 
-4.772495e-04 
-4.772495e-04 
-4.772495e-04 
-4.772495e-04 
-4.772495e-04 
-4.772495e-04 
-4.772495e-04 
-4.772495e-04 
-4.772495e-04 
-4.772495e-04 
-4.772495e-04 
-4.772495e-04 
-4.772495e-04 
-4.772495e-04 
-4.772495e-04 
-4.772495e-04 
-4.772495e-04 
-4.772495e-04 
-4.772495e-04 
-4.772495e-04 
-4.772495e-04 
-4.772495e-04 
-4.772495e-04 
-4.772495e-04 
-4.772495e-04 
-4.772495e-04 
-4.772495e-04 
-4.772495e-04 
-4.772495e-04 
-4.772495e-04 
-4.772495e-04 
-4.772495e-04 
-4.772495e-04 
-4.772495e-04 
-4.772495e-04 
-4.772495e-04 
-4.772495e-04 
-4.772495e-04 
-4.772495e-04 
-4.772495e-04 
-4.772495e-04 
-4.772495e-04 
-4.772495e-04 
-4.772495e-04 
-4.772495e-04 
-4.772495e-04 
-4.772495e-04 
-4.772495e-04 
-4.772495e-04 
-4.772495e-04 
-4.772495e-04 
-4.772495e-04 
-4.772495e-04 
-4.772495e-04 
-4.772495e-04 
-4.772495e-04 
-4.772495e-04 
-4.772495e-04 
-4.772495e-04 
-4.772495e-04 
-4.772495e-04 
-4.772495e-04 
-4.772495e-04 
-4.772495e-04 
-4.772495e-04 
-4.772495e-04 
-4.772495e-04 
-4.772495e-04 
-4.772495e-04 
-4.772495e-04 
-4.772495e-04 
-4.772495e-04 
-4.772495e-04 
-4.772495e-04 
-4.772495e-04 
-4.772495e-04 
-4.772495e-04 
-4.772495e-04 
-4.772495e-04 
-4.772495e-04 
-4.772495e-04 
-4.796830e-04 
-4.974295e-04 
-5.174889e-04 
-5.387307e-04 
-5.645386e-04 
-5.886389e-04 
-6.145820e-04 
-6.418448e-04 
-6.708181e-04 
-7.016577e-04 
-7.345260e-04 
-7.695892e-04 
-8.070445e-04 
-8.470776e-04 
-8.899229e-04 
-9.358453e-04 
-9.851559e-04 
-1.038068e-03 
-1.094920e-03 
-1.156079e-03 
-1.221939e-03 
-1.292957e-03 
-1.369677e-03 
-1.452622e-03 
-1.542535e-03 
-1.639856e-03 
-1.745921e-03 
-1.861482e-03 
-1.984533e-03 
-2.121986e-03 
-2.272535e-03 
-2.437781e-03 
-2.619602e-03 
-2.784144e-03 
-3.001439e-03 
-3.242130e-03 
-3.509324e-03 
-3.806784e-03 
-4.138754e-03 
-4.510364e-03 
-4.927697e-03 
-5.398019e-03 
-5.929714e-03 
-6.533051e-03 
-7.220418e-03 
-8.006810e-03 
-8.910608e-03 
-9.953884e-03 
-1.141215e-02 
-1.286848e-02 
-1.457829e-02 
-1.659993e-02 
-1.900486e-02 
-2.188687e-02 
-2.560793e-02 
-2.991311e-02 
-3.520750e-02 
-4.196320e-02 
-5.035479e-02 
-6.095975e-02 
-7.442931e-02 
-9.164815e-02 
-1.136292e-01 
-1.414066e-01 
-1.757383e-01 
-2.167619e-01 
-2.637178e-01 
-3.152099e-01 
-3.696571e-01 
-4.255570e-01 
-4.817898e-01 
-5.377559e-01 
-5.925782e-01 
-6.462544e-01 
-6.982186e-01 
-7.481716e-01 
-7.956786e-01 
-8.402008e-01 
-8.810942e-01 
-9.174802e-01 
-9.484072e-01 
-9.542483e-01 
-9.542483e-01 
-9.542483e-01 
-9.542483e-01 
-9.542483e-01 
-9.542483e-01 
-9.542483e-01 
-9.542483e-01 
-9.542483e-01 
-9.542483e-01 
-9.542483e-01 
-9.542483e-01 
-9.542483e-01 
-9.542483e-01 
-9.542483e-01 
-9.542483e-01 
-9.542483e-01 
-9.542483e-01 
-9.542483e-01 
-9.542483e-01 
-9.542483e-01 
-9.542483e-01 
-9.542483e-01 
-9.542483e-01 
-9.542483e-01 
-9.542483e-01 
-9.542483e-01 
-9.542483e-01 
-9.542483e-01 
-9.542483e-01 
-9.542483e-01 
-9.542483e-01 
-9.542483e-01 
-9.542483e-01 
-9.542483e-01 
-9.542483e-01 
-9.542483e-01 
-9.542483e-01 
-9.542483e-01 
-9.542483e-01 
-9.542483e-01 
-9.542483e-01 
-9.542483e-01 
-9.542483e-01 
-9.542483e-01 
-9.542483e-01 
-9.542483e-01 
-9.542483e-01 
-9.542483e-01 
-9.542483e-01 
-9.542483e-01 
-9.542483e-01 
-9.542483e-01 
-9.542483e-01 
-9.542483e-01 
-9.542483e-01 
-9.542483e-01 
-9.542483e-01 
-9.542483e-01 
-9.542483e-01 
-9.542483e-01 
-9.542483e-01 
-9.542483e-01 
-9.542483e-01 
-9.542483e-01 
-9.542483e-01 
-9.542483e-01 
-9.542483e-01 
-9.542483e-01 
-9.542483e-01 
-9.542483e-01 
-9.542483e-01 
-9.542483e-01 
-9.542483e-01 
-9.542483e-01 
-9.542483e-01 
-9.542483e-01 
-9.542483e-01 
-9.542483e-01 
-9.542483e-01 
-9.542483e-01 
-9.542483e-01 
-9.542483e-01 
-9.542483e-01 
-9.542483e-01 
-9.542483e-01 
-9.542483e-01 
-9.542483e-01 
-9.542483e-01 
-9.542483e-01 
-9.542483e-01 
-9.542483e-01 
-9.542483e-01 
-9.542483e-01 
-9.542483e-01 
-9.542483e-01 
-9.542483e-01 
-9.542483e-01 
-9.542483e-01 
-9.542483e-01 
-9.542483e-01 
-9.542483e-01 
-9.542483e-01 
-9.542483e-01 
-9.542483e-01 
-9.542483e-01 
-9.542483e-01 
-9.542483e-01 
-9.542483e-01 
-9.542483e-01 
-9.542483e-01 
-9.542483e-01 
-9.542483e-01 
-9.542483e-01 
-9.542483e-01 
-9.542483e-01 
-9.542483e-01 
-9.542483e-01 
-9.542483e-01 
-9.542483e-01 
-9.542483e-01 
-9.542483e-01 
-9.542483e-01 
-9.542483e-01 
-9.542483e-01 
-9.542483e-01 
-9.542483e-01 
-9.542483e-01 
-9.542483e-01 
-9.542483e-01 
-9.542483e-01 
-9.542483e-01 
-9.542483e-01 
-9.542483e-01 
-9.542483e-01 
-9.542483e-01 
-9.542483e-01 
-9.542483e-01 
-9.542483e-01 
-9.542483e-01 
-9.542483e-01 
-9.542483e-01 
-9.542483e-01 
-9.542483e-01 
-9.542483e-01 
-9.542483e-01 
-9.542483e-01 
-9.542483e-01 
-9.542483e-01 
-9.542483e-01 
-9.542483e-01 
-9.542483e-01 
-9.542483e-01 
-9.542483e-01 
-9.542483e-01 
-9.542483e-01 
-9.542483e-01 
-9.542483e-01 
-9.542483e-01 
-9.542483e-01 
-9.542483e-01 
-9.542483e-01 
-9.542483e-01 
-9.542483e-01 
-9.542483e-01 
-9.542483e-01 
-9.542483e-01 
-9.542483e-01 
-9.542483e-01 
-9.542483e-01 
-9.542481e-01 
-9.542480e-01 
-9.542478e-01 
-9.542476e-01 
-9.542474e-01 
-9.542471e-01 
-9.542468e-01 
-9.542466e-01 
-9.542462e-01 
-9.542457e-01 
-9.542453e-01 
-9.542448e-01 
-9.542441e-01 
-9.542429e-01 
-9.542418e-01 
-9.542413e-01 
-9.542410e-01 
-9.542407e-01 
-9.542404e-01 
-9.542401e-01 
-9.542398e-01 
-9.542395e-01 
-9.542394e-01 
-9.542391e-01 
-9.542389e-01 
-9.542387e-01 
-9.542385e-01 
-9.542383e-01 
-9.542381e-01 
-9.542379e-01 
-9.542378e-01 
-9.542375e-01 
-9.542374e-01 
-9.542372e-01 
-9.542371e-01 
-9.542370e-01 
-9.542368e-01 
-9.542366e-01 
-9.542366e-01 
-9.542363e-01 
-9.542363e-01 
-9.542361e-01 
-9.542361e-01 
-9.542360e-01 
-9.542358e-01 
-9.542357e-01 
-9.542357e-01 
-9.542356e-01 
-9.542355e-01 
-9.542354e-01 
-9.542353e-01 
-9.542351e-01 
-9.542351e-01 
-9.542351e-01 
-9.542350e-01 
-9.542348e-01 
-9.542348e-01 
-9.542347e-01 
-9.542347e-01 
-9.542346e-01 
-9.542346e-01 
-9.542344e-01 
-9.542344e-01 
-9.542343e-01 
-9.542343e-01 
-9.542342e-01 
-9.542341e-01 
-9.542341e-01 
-9.542340e-01 
-9.542340e-01 
-9.542339e-01 
-9.542339e-01 
-9.542338e-01 
-9.542338e-01 
-9.542338e-01 
-9.542337e-01 
-9.542336e-01 
-9.542336e-01 
-9.542336e-01 
-9.542335e-01 
-9.542335e-01 
-9.542335e-01 
-9.542335e-01 
-9.542335e-01 
-9.542335e-01 
-9.542335e-01 
-9.542335e-01 
-9.542335e-01 
-9.542335e-01 
-9.542335e-01 
-9.542335e-01 
-9.542335e-01 
-9.542335e-01 
-9.542335e-01 
-9.542335e-01 
-9.542335e-01 
-9.542335e-01 
-9.542335e-01 
-9.542335e-01 
-9.542335e-01 
-9.542335e-01 
-9.542335e-01 
-9.542335e-01 
-9.542335e-01 
-9.542335e-01 
-9.542335e-01 
-9.542335e-01 
-9.542335e-01 
-9.542335e-01 
-9.542335e-01 
-9.542335e-01 
-9.542335e-01 
-9.542335e-01 
-9.542335e-01 
-9.542335e-01 
-9.542335e-01 
-9.542335e-01 
-9.542335e-01 
-9.542335e-01 
-9.542335e-01 
-9.542335e-01 
-9.542335e-01 
-9.542335e-01 
-9.542335e-01 
-9.542335e-01 
-9.542335e-01 
-9.542335e-01 
-9.542335e-01 
-9.542335e-01 
-9.542335e-01 
-9.542335e-01 
-9.542335e-01 
-9.542335e-01 
-9.542335e-01 
-9.542335e-01 
-9.542335e-01 
-9.542335e-01 
-9.542335e-01 
-9.542335e-01 
-9.542335e-01 
-9.542335e-01 
-9.542335e-01 
-9.542335e-01 
-9.542335e-01 
-9.542335e-01 
-9.542335e-01 
-9.542335e-01 
-9.542335e-01 
-9.542335e-01 
-9.542335e-01 
-9.542335e-01 
-9.542335e-01 
-9.542335e-01 
-9.542335e-01 
-9.542335e-01 
-9.542335e-01 
-9.542335e-01 
-9.542335e-01 
-9.542335e-01 
-9.542335e-01 
-9.542335e-01 
-9.542335e-01 
-9.542335e-01 
-9.542335e-01 
-9.542335e-01 
-9.542335e-01 
-9.542335e-01 
-9.542335e-01 
-9.542335e-01 
-9.542335e-01 
-9.542335e-01 
-9.542335e-01 
-9.542335e-01 
-9.542335e-01 
-9.542335e-01 
-9.542335e-01 
-9.542335e-01 
-9.542335e-01 
-9.542335e-01 
-9.542335e-01 
-9.542335e-01 
-9.542335e-01 
-9.542335e-01 
-9.542335e-01 
-9.542335e-01 
-9.542335e-01 
-9.542335e-01 
-9.542335e-01 
-9.542335e-01 
-9.542335e-01 
-9.542335e-01 
-9.542335e-01 
-9.542335e-01 
-9.542335e-01 
-9.542335e-01 
-9.542335e-01 
-9.542335e-01 
-9.542335e-01 
-9.542335e-01 
-9.542335e-01 
-9.542335e-01 
-9.542335e-01 
-9.542335e-01 
-9.542335e-01 
-9.542335e-01 
-9.542335e-01 
-9.542335e-01 
-9.542335e-01 
-9.542335e-01 
-9.542335e-01 
-9.542335e-01 
-9.542335e-01 
-9.542335e-01 
-9.542335e-01 
-9.542335e-01 
-9.542335e-01 
-9.542335e-01 
-9.542335e-01 
-9.542335e-01 
-9.542335e-01 
-9.542335e-01 
-9.542335e-01 
-9.542335e-01 
-9.542335e-01 
-9.542335e-01 
-9.542335e-01 
-9.542335e-01 
-9.542335e-01 
-9.542335e-01 
-9.542335e-01 
-9.542335e-01 
-9.542335e-01 
-9.542335e-01 
-9.542335e-01 
-9.542335e-01 
-9.542335e-01 
-9.542335e-01 
-9.542335e-01 
-9.542335e-01 
-9.542335e-01 
-9.542335e-01 
-9.542335e-01 
-9.542335e-01 
-9.542335e-01 
-9.542335e-01 
-9.542335e-01 
-9.542335e-01 
-9.542335e-01 
-9.542335e-01 
-9.483832e-01 
-9.174307e-01 
-8.809665e-01 
-8.399069e-01 
-7.950446e-01 
-7.469380e-01 
-6.959274e-01 
-6.421286e-01 
-5.849608e-01 
-5.241067e-01 
-4.586131e-01 
-3.848040e-01 
-2.975131e-01 
-1.795556e-01 
2.867960e-03 
3.956879e-03 
2.092374e-03 
1.251732e-03 
8.516623e-04 
6.164272e-04 
4.649566e-04 
3.614970e-04 
2.877372e-04 
2.337037e-04 
1.927889e-04 
1.615446e-04 
1.360113e-04 
1.156810e-04 
9.927806e-05 
8.669013e-05 
7.544806e-05 
6.608487e-05 
5.822193e-05 
5.157038e-05 
4.590265e-05 
4.104172e-05 
3.762173e-05 
3.388339e-05 
3.062177e-05 
2.776873e-05 
2.526181e-05 
2.305012e-05 
2.109089e-05 
1.934979e-05 
1.779712e-05 
1.640793e-05 
1.516111e-05 
1.403930e-05 
1.302716e-05 
1.195928e-05 
1.114430e-05 
1.040305e-05 
9.727831e-06 
9.111365e-06 
8.547503e-06 
8.023314e-06 
7.550349e-06 
7.116096e-06 
6.717461e-06 
6.351476e-06 
6.015814e-06 
5.710743e-06 
5.440114e-06 
5.190617e-06 
4.917260e-06 
4.655311e-06 
4.412184e-06 
4.189779e-06 
3.986579e-06 
3.801644e-06 
3.637786e-06 
3.467166e-06 
3.327431e-06 
3.178560e-06 
3.033241e-06 
2.902156e-06 
2.778236e-06 
2.670081e-06 
2.563901e-06 
2.458606e-06 
2.359398e-06 
2.321556e-06 
2.318100e-06 
2.318061e-06 
2.315914e-06 
2.315654e-06 
2.315636e-06 
2.315635e-06 
2.315635e-06 
2.315635e-06 
2.315635e-06 
2.315635e-06 
2.315635e-06 
2.315635e-06 
2.315635e-06 
2.315635e-06 
2.315635e-06 
2.315635e-06 
2.315635e-06 
2.315635e-06 
2.315635e-06 
2.315635e-06 
2.315635e-06 
2.315635e-06 
2.315635e-06 
2.315635e-06 
2.315635e-06 
2.315635e-06 
2.315635e-06 
2.315635e-06 
2.315635e-06 
2.315635e-06 
2.315635e-06 
2.315635e-06 
2.315635e-06 
2.315635e-06 
2.315635e-06 
2.315635e-06 
2.315635e-06 
2.315635e-06 
2.315635e-06 
2.315635e-06 
2.315635e-06 
2.315635e-06 
2.315635e-06 
2.315635e-06 
2.315635e-06 
2.315635e-06 
2.315635e-06 
2.315635e-06 
2.315635e-06 
2.315635e-06 
2.315635e-06 
2.315635e-06 
2.315635e-06 
2.315635e-06 
2.315635e-06 
2.315635e-06 
2.315635e-06 
2.315635e-06 
2.315635e-06 
2.315635e-06 
2.315635e-06 
2.315635e-06 
2.315635e-06 
2.315635e-06 
2.315635e-06 
2.315635e-06 
2.315635e-06 
2.315635e-06 
2.315635e-06 
2.315635e-06 
2.315635e-06 
2.315635e-06 
2.315635e-06 
2.315635e-06 
2.315635e-06 
2.315635e-06 
2.315635e-06 
2.315635e-06 
2.315635e-06 
2.315635e-06 
2.315635e-06 
2.315635e-06 
2.315635e-06 
2.315635e-06 
2.315635e-06 
2.315635e-06 
2.315635e-06 
2.315635e-06 
2.315635e-06 
2.315635e-06 
2.315635e-06 
2.315635e-06 
2.315635e-06 
2.315635e-06 
2.315635e-06 
2.315635e-06 
2.315635e-06 
2.315635e-06 
2.315635e-06 
2.315635e-06 
2.315635e-06 
2.315635e-06 
2.315635e-06 
2.315635e-06 
2.315635e-06 
2.315635e-06 
2.315635e-06 
2.315635e-06 
2.315635e-06 
2.315635e-06 
2.315635e-06 
2.315635e-06 
2.315635e-06 
2.315635e-06 
2.315635e-06 
2.315635e-06 
2.315635e-06 
2.315635e-06 
2.315635e-06 
2.315635e-06 
2.315635e-06 
2.315635e-06 
2.315635e-06 
2.315635e-06 
2.315635e-06 
2.315635e-06 
2.315635e-06 
2.315635e-06 
2.315635e-06 
2.315635e-06 
2.315635e-06 
2.315635e-06 
2.315635e-06 
2.315635e-06 
2.315635e-06 
2.315635e-06 
2.315635e-06 
2.315635e-06 
2.315635e-06 
2.315635e-06 
2.315635e-06 
2.315635e-06 
2.315635e-06 
2.315635e-06 
2.315635e-06 
2.315635e-06 
2.315635e-06 
2.315635e-06 
2.315635e-06 
2.315635e-06 
2.315635e-06 
2.315635e-06 
2.315635e-06 
2.315635e-06 
2.315635e-06 
2.315635e-06 
2.315635e-06 
2.315635e-06 
2.315635e-06 
2.315635e-06 
2.315635e-06 
2.315635e-06 
2.315635e-06 
2.315635e-06 
2.315635e-06 
2.315635e-06 
2.315635e-06 
2.315635e-06 
2.319847e-06 
2.348765e-06 
2.436079e-06 
2.503250e-06 
2.573514e-06 
2.647050e-06 
2.724068e-06 
2.827744e-06 
2.916297e-06 
3.006518e-06 
3.101426e-06 
3.201076e-06 
3.306012e-06 
3.416605e-06 
3.533164e-06 
3.656153e-06 
3.786061e-06 
3.923397e-06 
4.068785e-06 
4.222755e-06 
4.386050e-06 
4.559421e-06 
4.743768e-06 
4.939894e-06 
5.148936e-06 
5.371875e-06 
5.610061e-06 
5.853385e-06 
6.048033e-06 
6.334119e-06 
6.528715e-06 
6.850545e-06 
7.197521e-06 
7.571957e-06 
7.976661e-06 
8.415000e-06 
8.890765e-06 
9.408331e-06 
9.972619e-06 
1.058916e-05 
1.126461e-05 
1.200661e-05 
1.282405e-05 
1.372739e-05 
1.472849e-05 
1.584194e-05 
1.708493e-05 
1.847783e-05 
2.004469e-05 
2.248730e-05 
2.459755e-05 
2.700332e-05 
2.976789e-05 
3.296255e-05 
3.667631e-05 
4.231966e-05 
4.766619e-05 
5.480389e-05 
6.251808e-05 
7.219399e-05 
8.354147e-05 
9.697382e-05 
1.124751e-04 
1.301897e-04 
1.499559e-04 
1.714299e-04 
1.941686e-04 
2.176483e-04 
2.416028e-04 
2.664796e-04 
2.904174e-04 
3.159308e-04 
3.377647e-04 
3.637458e-04 
3.895624e-04 
4.149780e-04 
4.396120e-04 
4.535966e-04 
4.757622e-04 
4.956319e-04 
5.125310e-04 
5.212126e-04 
5.223710e-04 
5.225334e-04 
5.225409e-04 
5.225412e-04 
5.225412e-04 
5.225412e-04 
5.225412e-04 
5.225412e-04 
5.225412e-04 
5.225412e-04 
5.225412e-04 
5.225412e-04 
5.225412e-04 
5.225412e-04 
5.225412e-04 
5.225412e-04 
5.225412e-04 
5.225412e-04 
5.225412e-04 
5.225412e-04 
5.225412e-04 
5.225412e-04 
5.225412e-04 
5.225412e-04 
5.225412e-04 
5.225412e-04 
5.225412e-04 
5.225412e-04 
5.225412e-04 
5.225412e-04 
5.225412e-04 
5.225412e-04 
5.225412e-04 
5.225412e-04 
5.225412e-04 
5.225412e-04 
5.225412e-04 
5.225412e-04 
5.225412e-04 
5.225412e-04 
5.225412e-04 
5.225412e-04 
5.225412e-04 
5.225412e-04 
5.225412e-04 
5.225412e-04 
5.225412e-04 
5.225412e-04 
5.225412e-04 
5.225412e-04 
5.225412e-04 
5.225412e-04 
5.225412e-04 
5.225412e-04 
5.225412e-04 
5.225412e-04 
5.225412e-04 
5.225412e-04 
5.225412e-04 
5.225412e-04 
5.225412e-04 
5.225412e-04 
5.225412e-04 
5.225412e-04 
5.225412e-04 
5.225412e-04 
5.225412e-04 
5.225412e-04 
5.225412e-04 
5.225412e-04 
5.225412e-04 
5.225412e-04 
5.225412e-04 
5.225412e-04 
5.225412e-04 
5.225412e-04 
5.225412e-04 
5.225412e-04 
5.225412e-04 
5.225412e-04 
5.225412e-04 
5.225412e-04 
5.225412e-04 
5.225412e-04 
5.225412e-04 
5.225412e-04 
5.225412e-04 
5.225412e-04 
5.225412e-04 
5.225412e-04 
5.225412e-04 
5.225412e-04 
5.225412e-04 
5.225412e-04 
5.225412e-04 
5.225412e-04 
5.225412e-04 
5.225412e-04 
5.225412e-04 
5.225412e-04 
5.225412e-04 
5.225412e-04 
5.225412e-04 
5.225412e-04 
5.225412e-04 
5.225412e-04 
5.225412e-04 
5.225412e-04 
5.225412e-04 
5.225412e-04 
5.225412e-04 
5.225412e-04 
5.225412e-04 
5.225412e-04 
5.225412e-04 
5.225412e-04 
5.225412e-04 
5.225412e-04 
5.225412e-04 
5.225412e-04 
5.225412e-04 
5.225412e-04 
5.225412e-04 
5.225412e-04 
5.225412e-04 
5.225412e-04 
5.225412e-04 
5.225412e-04 
5.225412e-04 
5.225412e-04 
5.225412e-04 
5.225412e-04 
5.225412e-04 
5.225412e-04 
5.225412e-04 
5.225412e-04 
5.225412e-04 
5.225412e-04 
5.225412e-04 
5.225412e-04 
5.225412e-04 
5.225412e-04 
5.225412e-04 
5.225412e-04 
5.225412e-04 
5.225412e-04 
5.225412e-04 
5.225412e-04 
5.225412e-04 
5.225412e-04 
5.225412e-04 
5.225412e-04 
5.225412e-04 
5.225412e-04 
5.225412e-04 
5.225412e-04 
5.225412e-04 
5.225412e-04 
5.225412e-04 
5.225412e-04 
5.225412e-04 
5.225412e-04 
5.225412e-04 
5.225412e-04 
5.225412e-04 
5.225412e-04 
5.225412e-04 
5.225412e-04 
5.262312e-04 
5.445058e-04 
5.661364e-04 
5.889861e-04 
6.131264e-04 
6.423187e-04 
6.695391e-04 
6.981327e-04 
7.280990e-04 
7.196779e-04 
7.531830e-04 
7.890483e-04 
8.273494e-04 
8.683156e-04 
9.121535e-04 
9.591285e-04 
1.009430e-03 
1.063526e-03 
1.121709e-03 
1.184282e-03 
1.251641e-03 
1.324254e-03 
1.402682e-03 
1.487460e-03 
1.579281e-03 
1.678695e-03 
1.787014e-03 
1.904996e-03 
2.030762e-03 
2.171046e-03 
2.324663e-03 
2.493235e-03 
2.678667e-03 
2.846500e-03 
3.068017e-03 
3.313316e-03 
3.585534e-03 
3.888509e-03 
4.226516e-03 
4.604768e-03 
5.029425e-03 
5.507714e-03 
6.048439e-03 
6.782396e-03 
7.498791e-03 
8.318613e-03 
9.261413e-03 
1.035017e-02 
1.161420e-02 
1.308969e-02 
1.482187e-02 
1.686881e-02 
1.945092e-02 
2.240464e-02 
2.597257e-02 
3.031819e-02 
3.579426e-02 
4.246188e-02 
5.090477e-02 
6.156250e-02 
7.508399e-02 
9.234396e-02 
1.143477e-01 
1.421138e-01 
1.763935e-01 
2.173134e-01 
2.641694e-01 
3.155478e-01 
3.698955e-01 
4.257205e-01 
4.818973e-01 
5.378265e-01 
5.926081e-01 
6.462688e-01 
6.982243e-01 
7.481724e-01 
7.956771e-01 
8.401983e-01 
8.810913e-01 
9.174774e-01 
9.484047e-01 
9.542484e-01 
9.542484e-01 
9.542484e-01 
9.542484e-01 
9.542484e-01 
9.542484e-01 
9.542484e-01 
9.542484e-01 
9.542484e-01 
9.542484e-01 
9.542484e-01 
9.542484e-01 
9.542484e-01 
9.542484e-01 
9.542484e-01 
9.542484e-01 
9.542484e-01 
9.542484e-01 
9.542484e-01 
9.542484e-01 
9.542484e-01 
9.542484e-01 
9.542484e-01 
9.542484e-01 
9.542484e-01 
9.542484e-01 
9.542484e-01 
9.542484e-01 
9.542484e-01 
9.542484e-01 
9.542484e-01 
9.542484e-01 
9.542484e-01 
9.542484e-01 
9.542484e-01 
9.542484e-01 
9.542484e-01 
9.542484e-01 
9.542484e-01 
9.542484e-01 
9.542484e-01 
9.542484e-01 
9.542484e-01 
9.542484e-01 
9.542484e-01 
9.542484e-01 
9.542484e-01 
9.542484e-01 
9.542484e-01 
9.542484e-01 
9.542484e-01 
9.542484e-01 
9.542484e-01 
9.542484e-01 
9.542484e-01 
9.542484e-01 
9.542484e-01 
9.542484e-01 
9.542484e-01 
9.542484e-01 
9.542484e-01 
9.542484e-01 
9.542484e-01 
9.542484e-01 
9.542484e-01 
9.542484e-01 
9.542484e-01 
9.542484e-01 
9.542484e-01 
9.542484e-01 
9.542484e-01 
9.542484e-01 
9.542484e-01 
9.542484e-01 
9.542484e-01 
9.542484e-01 
9.542484e-01 
9.542484e-01 
9.542484e-01 
9.542484e-01 
9.542484e-01 
9.542484e-01 
9.542484e-01 
9.542484e-01 
9.542484e-01 
9.542484e-01 
9.542484e-01 
9.542484e-01 
9.542484e-01 
9.542484e-01 
9.542484e-01 
9.542484e-01 
9.542484e-01 
9.542484e-01 
9.542484e-01 
9.542484e-01 
9.542484e-01 
9.542484e-01 
9.542484e-01 
9.542484e-01 
9.542484e-01 
9.542484e-01 
9.542484e-01 
9.542484e-01 
9.542484e-01 
9.542484e-01 
9.542484e-01 
9.542484e-01 
9.542484e-01 
9.542484e-01 
9.542484e-01 
9.542484e-01 
9.542484e-01 
9.542484e-01 
9.542484e-01 
9.542484e-01 
9.542484e-01 
9.542484e-01 
9.542484e-01 
9.542484e-01 
9.542484e-01 
9.542484e-01 
9.542484e-01 
9.542484e-01 
9.542484e-01 
9.542484e-01 
9.542484e-01 
9.542484e-01 
9.542484e-01 
9.542484e-01 
9.542484e-01 
9.542484e-01 
9.542484e-01 
9.542484e-01 
9.542484e-01 
9.542484e-01 
9.542484e-01 
9.542484e-01 
9.542484e-01 
9.542484e-01 
9.542484e-01 
9.542484e-01 
9.542484e-01 
9.542484e-01 
9.542484e-01 
9.542484e-01 
9.542484e-01 
9.542484e-01 
9.542484e-01 
9.542484e-01 
9.542484e-01 
9.542484e-01 
9.542484e-01 
9.542484e-01 
9.542484e-01 
9.542484e-01 
9.542484e-01 
9.542484e-01 
9.542484e-01 
9.542484e-01 
9.542484e-01 
9.542484e-01 
9.542484e-01 
9.542484e-01 
9.542484e-01 
9.542484e-01 
9.542484e-01 
9.542484e-01 
9.542484e-01 
9.542484e-01 
9.542482e-01 
9.542481e-01 
9.542479e-01 
9.542477e-01 
9.542475e-01 
9.542474e-01 
9.542471e-01 
9.542468e-01 
9.542467e-01 
9.542465e-01 
9.542461e-01 
9.542459e-01 
9.542455e-01 
9.542452e-01 
9.542448e-01 
9.542445e-01 
9.542441e-01 
9.542436e-01 
9.542434e-01 
9.542429e-01 
9.542425e-01 
9.542421e-01 
9.542418e-01 
9.542414e-01 
9.542410e-01 
9.542407e-01 
9.542404e-01 
9.542401e-01 
9.542398e-01 
9.542395e-01 
9.542393e-01 
9.542390e-01 
9.542388e-01 
9.542386e-01 
9.542383e-01 
9.542381e-01 
9.542379e-01 
9.542378e-01 
9.542376e-01 
9.542374e-01 
9.542372e-01 
9.542370e-01 
9.542369e-01 
9.542368e-01 
9.542366e-01 
9.542365e-01 
9.542363e-01 
9.542362e-01 
9.542361e-01 
9.542360e-01 
9.542359e-01 
9.542358e-01 
9.542357e-01 
9.542356e-01 
9.542355e-01 
9.542354e-01 
9.542353e-01 
9.542351e-01 
9.542351e-01 
9.542350e-01 
9.542350e-01 
9.542348e-01 
9.542348e-01 
9.542347e-01 
9.542346e-01 
9.542345e-01 
9.542345e-01 
9.542345e-01 
9.542344e-01 
9.542343e-01 
9.542342e-01 
9.542342e-01 
9.542341e-01 
9.542341e-01 
9.542340e-01 
9.542340e-01 
9.542339e-01 
9.542339e-01 
9.542339e-01 
9.542338e-01 
9.542337e-01 
9.542338e-01 
9.542337e-01 
9.542338e-01 
9.542338e-01 
9.542338e-01 
9.542338e-01 
9.542338e-01 
9.542338e-01 
9.542338e-01 
9.542338e-01 
9.542338e-01 
9.542338e-01 
9.542338e-01 
9.542338e-01 
9.542338e-01 
9.542338e-01 
9.542338e-01 
9.542338e-01 
9.542338e-01 
9.542338e-01 
9.542338e-01 
9.542338e-01 
9.542338e-01 
9.542338e-01 
9.542338e-01 
9.542338e-01 
9.542338e-01 
9.542338e-01 
9.542338e-01 
9.542338e-01 
9.542338e-01 
9.542338e-01 
9.542338e-01 
9.542338e-01 
9.542338e-01 
9.542338e-01 
9.542338e-01 
9.542338e-01 
9.542338e-01 
9.542338e-01 
9.542338e-01 
9.542338e-01 
9.542338e-01 
9.542338e-01 
9.542338e-01 
9.542338e-01 
9.542338e-01 
9.542338e-01 
9.542338e-01 
9.542338e-01 
9.542338e-01 
9.542338e-01 
9.542338e-01 
9.542338e-01 
9.542338e-01 
9.542338e-01 
9.542338e-01 
9.542338e-01 
9.542338e-01 
9.542338e-01 
9.542338e-01 
9.542338e-01 
9.542338e-01 
9.542338e-01 
9.542338e-01 
9.542338e-01 
9.542338e-01 
9.542338e-01 
9.542338e-01 
9.542338e-01 
9.542338e-01 
9.542338e-01 
9.542338e-01 
9.542338e-01 
9.542338e-01 
9.542338e-01 
9.542338e-01 
9.542338e-01 
9.542338e-01 
9.542338e-01 
9.542338e-01 
9.542338e-01 
9.542338e-01 
9.542338e-01 
9.542338e-01 
9.542338e-01 
9.542338e-01 
9.542338e-01 
9.542338e-01 
9.542338e-01 
9.542338e-01 
9.542338e-01 
9.542338e-01 
9.542338e-01 
9.542338e-01 
9.542338e-01 
9.542338e-01 
9.542338e-01 
9.542338e-01 
9.542338e-01 
9.542338e-01 
9.542338e-01 
9.542338e-01 
9.542338e-01 
9.542338e-01 
9.542338e-01 
9.542338e-01 
9.542338e-01 
9.542338e-01 
9.542338e-01 
9.542338e-01 
9.542338e-01 
9.542338e-01 
9.542338e-01 
9.542338e-01 
9.542338e-01 
9.542338e-01 
9.542338e-01 
9.542338e-01 
9.542338e-01 
9.542338e-01 
9.542338e-01 
9.542338e-01 
9.542338e-01 
9.542338e-01 
9.542338e-01 
9.542338e-01 
9.542338e-01 
9.542338e-01 
9.542338e-01 
9.542338e-01 
9.542338e-01 
9.542338e-01 
9.542338e-01 
9.542338e-01 
9.542338e-01 
9.542338e-01 
9.542338e-01 
9.542338e-01 
9.542338e-01 
9.542338e-01 
9.542338e-01 
9.542338e-01 
9.542338e-01 
9.542338e-01 
9.542338e-01 
9.542338e-01 
9.542338e-01 
9.542338e-01 
9.542338e-01 
9.542338e-01 
9.542338e-01 
9.542338e-01 
9.542338e-01 
9.542338e-01 
9.542338e-01 
9.542338e-01 
9.542338e-01 
9.542338e-01 
9.542338e-01 
9.542338e-01 
9.542338e-01 
9.542338e-01 
9.542338e-01 
9.542338e-01 
9.542338e-01 
9.542338e-01 
9.542338e-01 
9.483819e-01 
9.174286e-01 
8.809667e-01 
8.399084e-01 
7.950532e-01 
7.469581e-01 
6.959691e-01 
6.422091e-01 
5.851197e-01 
5.247118e-01 
4.591642e-01 
3.859528e-01 
3.001632e-01 
1.883573e-01 
2.903875e-02 
7.248479e-03 
2.189288e-03 
1.252275e-03 
8.520700e-04 
6.165406e-04 
4.649865e-04 
3.615180e-04 
2.877710e-04 
2.333413e-04 
1.927855e-04 
1.606075e-04 
1.360051e-04 
1.156799e-04 
9.927721e-05 
8.668943e-05 
7.544743e-05 
6.608438e-05 
5.822149e-05 
5.157001e-05 
4.590235e-05 
4.104133e-05 
3.762147e-05 
3.388310e-05 
3.062156e-05 
2.776857e-05 
2.526167e-05 
2.305000e-05 
2.109079e-05 
1.934970e-05 
1.779701e-05 
1.640785e-05 
1.516132e-05 
1.403931e-05 
1.302711e-05 
1.195922e-05 
1.114425e-05 
1.040299e-05 
9.727760e-06 
9.111260e-06 
8.547378e-06 
8.023102e-06 
7.549990e-06 
7.115400e-06 
6.716014e-06 
6.348042e-06 
6.007210e-06 
5.683174e-06 
5.371824e-06 
5.142861e-06 
4.902907e-06 
4.645070e-06 
4.401707e-06 
4.179025e-06 
3.972170e-06 
3.776270e-06 
3.585329e-06 
3.422318e-06 
3.252596e-06 
3.108182e-06 
2.983764e-06 
2.855454e-06 
2.735477e-06 
2.647993e-06 
2.535864e-06 
2.435658e-06 
2.341306e-06 
2.315875e-06 
2.313626e-06 
2.313180e-06 
2.315348e-06 
2.315613e-06 
2.315632e-06 
2.315634e-06 
2.315633e-06 
2.315633e-06 
2.315633e-06 
2.315633e-06 
2.315633e-06 
2.315633e-06 
2.315633e-06 
2.315633e-06 
2.315633e-06 
2.315633e-06 
2.315633e-06 
2.315633e-06 
2.315633e-06 
2.315633e-06 
2.315633e-06 
2.315633e-06 
2.315633e-06 
2.315633e-06 
2.315633e-06 
2.315633e-06 
2.315633e-06 
2.315633e-06 
2.315633e-06 
2.315633e-06 
2.315633e-06 
2.315633e-06 
2.315633e-06 
2.315633e-06 
2.315633e-06 
2.315633e-06 
2.315633e-06 
2.315633e-06 
2.315633e-06 
2.315633e-06 
2.315633e-06 
2.315633e-06 
2.315633e-06 
2.315633e-06 
2.315633e-06 
2.315633e-06 
2.315633e-06 
2.315633e-06 
2.315633e-06 
2.315633e-06 
2.315633e-06 
2.315633e-06 
2.315633e-06 
2.315633e-06 
2.315633e-06 
2.315633e-06 
2.315633e-06 
2.315633e-06 
2.315633e-06 
2.315633e-06 
2.315633e-06 
2.315633e-06 
2.315633e-06 
2.315633e-06 
2.315633e-06 
2.315633e-06 
2.315633e-06 
2.315633e-06 
2.315633e-06 
2.315633e-06 
2.315633e-06 
2.315633e-06 
2.315633e-06 
2.315633e-06 
2.315633e-06 
2.315633e-06 
2.315633e-06 
2.315633e-06 
2.315633e-06 
2.315633e-06 
2.315633e-06 
2.315633e-06 
2.315633e-06 
2.315633e-06 
2.315633e-06 
2.315633e-06 
2.315633e-06 
2.315633e-06 
2.315633e-06 
2.315633e-06 
2.315633e-06 
2.315633e-06 
2.315633e-06 
2.315633e-06 
2.315633e-06 
2.315633e-06 
2.315633e-06 
2.315633e-06 
2.315633e-06 
2.315633e-06 
2.315633e-06 
2.315633e-06 
2.315633e-06 
2.315633e-06 
2.315633e-06 
2.315633e-06 
2.315633e-06 
2.315633e-06 
2.315633e-06 
2.315633e-06 
2.315633e-06 
2.315633e-06 
2.315633e-06 
2.315633e-06 
2.315633e-06 
2.315633e-06 
2.315633e-06 
2.315633e-06 
2.315633e-06 
2.315633e-06 
2.315633e-06 
2.315633e-06 
2.315633e-06 
2.315633e-06 
2.315633e-06 
2.315633e-06 
2.315633e-06 
2.315633e-06 
2.315633e-06 
2.315633e-06 
2.315633e-06 
2.315633e-06 
2.315633e-06 
2.315633e-06 
2.315633e-06 
2.315633e-06 
2.315633e-06 
2.315633e-06 
2.315633e-06 
2.315633e-06 
2.315633e-06 
2.315633e-06 
2.315633e-06 
2.315633e-06 
2.315633e-06 
2.315633e-06 
2.315633e-06 
2.315633e-06 
2.315633e-06 
2.315633e-06 
2.315633e-06 
2.315633e-06 
2.315633e-06 
2.315633e-06 
2.315633e-06 
2.315633e-06 
2.315633e-06 
2.315633e-06 
2.315633e-06 
2.315633e-06 
2.315633e-06 
2.315633e-06 
2.315633e-06 
2.315633e-06 
2.315633e-06 
2.315633e-06 
2.315633e-06 
2.315633e-06 
2.318523e-06 
2.342145e-06 
2.404207e-06 
2.469913e-06 
2.538625e-06 
2.634179e-06 
2.710648e-06 
2.790704e-06 
2.874672e-06 
2.985604e-06 
3.099415e-06 
3.201131e-06 
3.306085e-06 
3.416499e-06 
3.533228e-06 
3.656216e-06 
3.786116e-06 
3.923450e-06 
4.068836e-06 
4.222803e-06 
4.386098e-06 
4.559468e-06 
4.743759e-06 
4.939422e-06 
5.142701e-06 
5.315643e-06 
5.549664e-06 
5.737145e-06 
6.000753e-06 
6.283431e-06 
6.586994e-06 
6.913517e-06 
7.158413e-06 
7.517404e-06 
7.917375e-06 
8.350466e-06 
8.820379e-06 
9.331392e-06 
9.888367e-06 
1.049669e-05 
1.116288e-05 
1.189441e-05 
1.269997e-05 
1.358985e-05 
1.457561e-05 
1.567150e-05 
1.732915e-05 
1.877059e-05 
2.037851e-05 
2.219781e-05 
2.426646e-05 
2.663102e-05 
2.934821e-05 
3.248793e-05 
3.613797e-05 
4.151727e-05 
4.676142e-05 
5.296302e-05 
6.196900e-05 
7.109118e-05 
8.340502e-05 
9.696219e-05 
1.124770e-04 
1.301914e-04 
1.499574e-04 
1.714353e-04 
1.942107e-04 
2.178546e-04 
2.421059e-04 
2.662608e-04 
2.897377e-04 
3.154475e-04 
3.374762e-04 
3.635523e-04 
3.894392e-04 
4.149037e-04 
4.395689e-04 
4.629359e-04 
4.757662e-04 
4.956386e-04 
5.125337e-04 
5.212136e-04 
5.223688e-04 
5.225336e-04 
5.225411e-04 
5.225413e-04 
5.225413e-04 
5.225413e-04 
5.225413e-04 
5.225413e-04 
5.225413e-04 
5.225413e-04 
5.225413e-04 
5.225413e-04 
5.225413e-04 
5.225413e-04 
5.225413e-04 
5.225413e-04 
5.225413e-04 
5.225413e-04 
5.225413e-04 
5.225413e-04 
5.225413e-04 
5.225413e-04 
5.225413e-04 
5.225413e-04 
5.225413e-04 
5.225413e-04 
5.225413e-04 
5.225413e-04 
5.225413e-04 
5.225413e-04 
5.225413e-04 
5.225413e-04 
5.225413e-04 
5.225413e-04 
5.225413e-04 
5.225413e-04 
5.225413e-04 
5.225413e-04 
5.225413e-04 
5.225413e-04 
5.225413e-04 
5.225413e-04 
5.225413e-04 
5.225413e-04 
5.225413e-04 
5.225413e-04 
5.225413e-04 
5.225413e-04 
5.225413e-04 
5.225413e-04 
5.225413e-04 
5.225413e-04 
5.225413e-04 
5.225413e-04 
5.225413e-04 
5.225413e-04 
5.225413e-04 
5.225413e-04 
5.225413e-04 
5.225413e-04 
5.225413e-04 
5.225413e-04 
5.225413e-04 
5.225413e-04 
5.225413e-04 
5.225413e-04 
5.225413e-04 
5.225413e-04 
5.225413e-04 
5.225413e-04 
5.225413e-04 
5.225413e-04 
5.225413e-04 
5.225413e-04 
5.225413e-04 
5.225413e-04 
5.225413e-04 
5.225413e-04 
5.225413e-04 
5.225413e-04 
5.225413e-04 
5.225413e-04 
5.225413e-04 
5.225413e-04 
5.225413e-04 
5.225413e-04 
5.225413e-04 
5.225413e-04 
5.225413e-04 
5.225413e-04 
5.225413e-04 
5.225413e-04 
5.225413e-04 
5.225413e-04 
5.225413e-04 
5.225413e-04 
5.225413e-04 
5.225413e-04 
5.225413e-04 
5.225413e-04 
5.225413e-04 
5.225413e-04 
5.225413e-04 
5.225413e-04 
5.225413e-04 
5.225413e-04 
5.225413e-04 
5.225413e-04 
5.225413e-04 
5.225413e-04 
5.225413e-04 
5.225413e-04 
5.225413e-04 
5.225413e-04 
5.225413e-04 
5.225413e-04 
5.225413e-04 
5.225413e-04 
5.225413e-04 
5.225413e-04 
5.225413e-04 
5.225413e-04 
5.225413e-04 
5.225413e-04 
5.225413e-04 
5.225413e-04 
5.225413e-04 
5.225413e-04 
5.225413e-04 
5.225413e-04 
5.225413e-04 
5.225413e-04 
5.225413e-04 
5.225413e-04 
5.225413e-04 
5.225413e-04 
5.225413e-04 
5.225413e-04 
5.225413e-04 
5.225413e-04 
5.225413e-04 
5.225413e-04 
5.225413e-04 
5.225413e-04 
5.225413e-04 
5.225413e-04 
5.225413e-04 
5.225413e-04 
5.225413e-04 
5.225413e-04 
5.225413e-04 
5.225413e-04 
5.225413e-04 
5.225413e-04 
5.225413e-04 
5.225413e-04 
5.225413e-04 
5.225413e-04 
5.225413e-04 
5.225413e-04 
5.225413e-04 
5.225413e-04 
5.225413e-04 
5.225413e-04 
5.225413e-04 
5.225413e-04 
5.225413e-04 
5.225413e-04 
5.252073e-04 
5.445075e-04 
5.661391e-04 
5.889901e-04 
6.165902e-04 
6.423254e-04 
6.695312e-04 
6.982707e-04 
7.282766e-04 
7.196811e-04 
7.531862e-04 
7.890503e-04 
8.273440e-04 
8.682954e-04 
9.121140e-04 
9.590652e-04 
1.009432e-03 
1.063531e-03 
1.121712e-03 
1.184288e-03 
1.251645e-03 
1.324259e-03 
1.402663e-03 
1.487465e-03 
1.579287e-03 
1.678701e-03 
1.787021e-03 
1.905003e-03 
2.030770e-03 
2.171054e-03 
2.324673e-03 
2.493246e-03 
2.678679e-03 
2.846512e-03 
3.068031e-03 
3.313330e-03 
3.585550e-03 
3.888529e-03 
4.226537e-03 
4.604791e-03 
5.029441e-03 
5.507743e-03 
6.048474e-03 
6.661785e-03 
7.360213e-03 
8.158913e-03 
9.076274e-03 
1.013511e-02 
1.136296e-02 
1.308892e-02 
1.482198e-02 
1.686894e-02 
1.930254e-02 
2.221711e-02 
2.573403e-02 
3.031778e-02 
3.565891e-02 
4.246224e-02 
5.090535e-02 
6.155967e-02 
7.508039e-02 
9.233933e-02 
1.143419e-01 
1.421067e-01 
1.763849e-01 
2.173031e-01 
2.641577e-01 
3.155352e-01 
3.698826e-01 
4.257073e-01 
4.818673e-01 
5.378133e-01 
5.926112e-01 
6.462721e-01 
6.982275e-01 
7.481608e-01 
7.956796e-01 
8.402010e-01 
8.810935e-01 
9.174795e-01 
9.484064e-01 
9.542484e-01 
9.542484e-01 
9.542484e-01 
9.542484e-01 
9.542484e-01 
9.542484e-01 
9.542484e-01 
9.542484e-01 
9.542484e-01 
9.542484e-01 
9.542484e-01 
9.542484e-01 
9.542484e-01 
9.542484e-01 
9.542484e-01 
9.542484e-01 
9.542484e-01 
9.542484e-01 
9.542484e-01 
9.542484e-01 
9.542484e-01 
9.542484e-01 
9.542484e-01 
9.542484e-01 
9.542484e-01 
9.542484e-01 
9.542484e-01 
9.542484e-01 
9.542484e-01 
9.542484e-01 
9.542484e-01 
9.542484e-01 
9.542484e-01 
9.542484e-01 
9.542484e-01 
9.542484e-01 
9.542484e-01 
9.542484e-01 
9.542484e-01 
9.542484e-01 
9.542484e-01 
9.542484e-01 
9.542484e-01 
9.542484e-01 
9.542484e-01 
9.542484e-01 
9.542484e-01 
9.542484e-01 
9.542484e-01 
9.542484e-01 
9.542484e-01 
9.542484e-01 
9.542484e-01 
9.542484e-01 
9.542484e-01 
9.542484e-01 
9.542484e-01 
9.542484e-01 
9.542484e-01 
9.542484e-01 
9.542484e-01 
9.542484e-01 
9.542484e-01 
9.542484e-01 
9.542484e-01 
9.542484e-01 
9.542484e-01 
9.542484e-01 
9.542484e-01 
9.542484e-01 
9.542484e-01 
9.542484e-01 
9.542484e-01 
9.542484e-01 
9.542484e-01 
9.542484e-01 
9.542484e-01 
9.542484e-01 
9.542484e-01 
9.542484e-01 
9.542484e-01 
9.542484e-01 
9.542484e-01 
9.542484e-01 
9.542484e-01 
9.542484e-01 
9.542484e-01 
9.542484e-01 
9.542484e-01 
9.542484e-01 
9.542484e-01 
9.542484e-01 
9.542484e-01 
9.542484e-01 
9.542484e-01 
9.542484e-01 
9.542484e-01 
9.542484e-01 
9.542484e-01 
9.542484e-01 
9.542484e-01 
9.542484e-01 
9.542484e-01 
9.542484e-01 
9.542484e-01 
9.542484e-01 
9.542484e-01 
9.542484e-01 
9.542484e-01 
9.542484e-01 
9.542484e-01 
9.542484e-01 
9.542484e-01 
9.542484e-01 
9.542484e-01 
9.542484e-01 
9.542484e-01 
9.542484e-01 
9.542484e-01 
9.542484e-01 
9.542484e-01 
9.542484e-01 
9.542484e-01 
9.542484e-01 
9.542484e-01 
9.542484e-01 
9.542484e-01 
9.542484e-01 
9.542484e-01 
9.542484e-01 
9.542484e-01 
9.542484e-01 
9.542484e-01 
9.542484e-01 
9.542484e-01 
9.542484e-01 
9.542484e-01 
9.542484e-01 
9.542484e-01 
9.542484e-01 
9.542484e-01 
9.542484e-01 
9.542484e-01 
9.542484e-01 
9.542484e-01 
9.542484e-01 
9.542484e-01 
9.542484e-01 
9.542484e-01 
9.542484e-01 
9.542484e-01 
9.542484e-01 
9.542484e-01 
9.542484e-01 
9.542484e-01 
9.542484e-01 
9.542484e-01 
9.542484e-01 
9.542484e-01 
9.542484e-01 
9.542484e-01 
9.542484e-01 
9.542484e-01 
9.542484e-01 
9.542484e-01 
9.542484e-01 
9.542484e-01 
9.542484e-01 
9.542484e-01 
9.542484e-01 
9.542482e-01 
9.542481e-01 
9.542479e-01 
9.542477e-01 
9.542475e-01 
9.542474e-01 
9.542471e-01 
9.542468e-01 
9.542467e-01 
9.542464e-01 
9.542462e-01 
9.542459e-01 
9.542455e-01 
9.542452e-01 
9.542449e-01 
9.542445e-01 
9.542441e-01 
9.542436e-01 
9.542434e-01 
9.542429e-01 
9.542425e-01 
9.542421e-01 
9.542418e-01 
9.542414e-01 
9.542410e-01 
9.542407e-01 
9.542404e-01 
9.542401e-01 
9.542398e-01 
9.542395e-01 
9.542393e-01 
9.542390e-01 
9.542388e-01 
9.542385e-01 
9.542384e-01 
9.542381e-01 
9.542379e-01 
9.542378e-01 
9.542376e-01 
9.542373e-01 
9.542372e-01 
9.542370e-01 
9.542369e-01 
9.542368e-01 
9.542367e-01 
9.542365e-01 
9.542363e-01 
9.542363e-01 
9.542361e-01 
9.542360e-01 
9.542359e-01 
9.542358e-01 
9.542357e-01 
9.542356e-01 
9.542355e-01 
9.542354e-01 
9.542353e-01 
9.542351e-01 
9.542351e-01 
9.542350e-01 
9.542350e-01 
9.542348e-01 
9.542348e-01 
9.542347e-01 
9.542347e-01 
9.542346e-01 
9.542345e-01 
9.542345e-01 
9.542344e-01 
9.542343e-01 
9.542342e-01 
9.542342e-01 
9.542341e-01 
9.542341e-01 
9.542340e-01 
9.542340e-01 
9.542339e-01 
9.542339e-01 
9.542339e-01 
9.542338e-01 
9.542338e-01 
9.542337e-01 
9.542338e-01 
9.542338e-01 
9.542338e-01 
9.542338e-01 
9.542338e-01 
9.542338e-01 
9.542338e-01 
9.542338e-01 
9.542338e-01 
9.542338e-01 
9.542338e-01 
9.542338e-01 
9.542338e-01 
9.542338e-01 
9.542338e-01 
9.542338e-01 
9.542338e-01 
9.542338e-01 
9.542338e-01 
9.542338e-01 
9.542338e-01 
9.542338e-01 
9.542338e-01 
9.542338e-01 
9.542338e-01 
9.542338e-01 
9.542338e-01 
9.542338e-01 
9.542338e-01 
9.542338e-01 
9.542338e-01 
9.542338e-01 
9.542338e-01 
9.542338e-01 
9.542338e-01 
9.542338e-01 
9.542338e-01 
9.542338e-01 
9.542338e-01 
9.542338e-01 
9.542338e-01 
9.542338e-01 
9.542338e-01 
9.542338e-01 
9.542338e-01 
9.542338e-01 
9.542338e-01 
9.542338e-01 
9.542338e-01 
9.542338e-01 
9.542338e-01 
9.542338e-01 
9.542338e-01 
9.542338e-01 
9.542338e-01 
9.542338e-01 
9.542338e-01 
9.542338e-01 
9.542338e-01 
9.542338e-01 
9.542338e-01 
9.542338e-01 
9.542338e-01 
9.542338e-01 
9.542338e-01 
9.542338e-01 
9.542338e-01 
9.542338e-01 
9.542338e-01 
9.542338e-01 
9.542338e-01 
9.542338e-01 
9.542338e-01 
9.542338e-01 
9.542338e-01 
9.542338e-01 
9.542338e-01 
9.542338e-01 
9.542338e-01 
9.542338e-01 
9.542338e-01 
9.542338e-01 
9.542338e-01 
9.542338e-01 
9.542338e-01 
9.542338e-01 
9.542338e-01 
9.542338e-01 
9.542338e-01 
9.542338e-01 
9.542338e-01 
9.542338e-01 
9.542338e-01 
9.542338e-01 
9.542338e-01 
9.542338e-01 
9.542338e-01 
9.542338e-01 
9.542338e-01 
9.542338e-01 
9.542338e-01 
9.542338e-01 
9.542338e-01 
9.542338e-01 
9.542338e-01 
9.542338e-01 
9.542338e-01 
9.542338e-01 
9.542338e-01 
9.542338e-01 
9.542338e-01 
9.542338e-01 
9.542338e-01 
9.542338e-01 
9.542338e-01 
9.542338e-01 
9.542338e-01 
9.542338e-01 
9.542338e-01 
9.542338e-01 
9.542338e-01 
9.542338e-01 
9.542338e-01 
9.542338e-01 
9.542338e-01 
9.542338e-01 
9.542338e-01 
9.542338e-01 
9.542338e-01 
9.542338e-01 
9.542338e-01 
9.542338e-01 
9.542338e-01 
9.542338e-01 
9.542338e-01 
9.542338e-01 
9.542338e-01 
9.542338e-01 
9.542338e-01 
9.542338e-01 
9.542338e-01 
9.542338e-01 
9.542338e-01 
9.542338e-01 
9.542338e-01 
9.542338e-01 
9.542338e-01 
9.542338e-01 
9.542338e-01 
9.542338e-01 
9.542338e-01 
9.542338e-01 
9.542338e-01 
9.542338e-01 
9.542338e-01 
9.542338e-01 
9.542338e-01 
9.542338e-01 
9.542338e-01 
9.542338e-01 
9.542338e-01 
9.542338e-01 
9.542338e-01 
9.542338e-01 
9.542338e-01 
9.542338e-01 
9.542338e-01 
9.483969e-01 
9.174477e-01 
8.809875e-01 
8.399457e-01 
7.950581e-01 
7.469489e-01 
6.959089e-01 
6.420140e-01 
5.850214e-01 
5.244039e-01 
4.586579e-01 
3.856094e-01 
3.002040e-01 
1.876385e-01 
2.899310e-02 
6.769798e-03 
2.171457e-03 
1.249983e-03 
8.507384e-04 
6.155388e-04 
4.643755e-04 
3.610279e-04 
2.874500e-04 
2.330864e-04 
1.925835e-04 
1.604523e-04 
1.358811e-04 
1.155872e-04 
9.920288e-05 
8.662142e-05 
7.539605e-05 
6.603733e-05 
5.818350e-05 
5.153779e-05 
4.587463e-05 
4.101726e-05 
3.759988e-05 
3.386301e-05 
3.060482e-05 
2.775265e-05 
2.524802e-05 
2.303686e-05 
2.107884e-05 
1.933869e-05 
1.778666e-05 
1.639802e-05 
1.515190e-05 
1.402992e-05 
1.284880e-05 
1.194998e-05 
1.113544e-05 
1.039377e-05 
9.718201e-06 
9.101554e-06 
8.536592e-06 
8.010934e-06 
7.535968e-06 
7.098083e-06 
6.693556e-06 
6.315555e-06 
5.953893e-06 
5.569057e-06 
5.053515e-06 
4.217807e-06 
3.121858e-06 
2.065893e-06 
1.084532e-06 
2.225954e-07 
-5.234837e-07 
-1.168436e-06 
-1.722475e-06 
-2.215310e-06 
-2.595741e-06 
-2.960746e-06 
-3.146859e-06 
-3.409338e-06 
-3.616544e-06 
-3.667261e-06 
-3.794611e-06 
-3.871839e-06 
-3.904328e-06 
-3.957129e-06 
-3.963687e-06 
-3.969184e-06 
-3.967600e-06 
-3.967376e-06 
-3.967359e-06 
-3.967358e-06 
-3.967359e-06 
-3.967359e-06 
-3.967359e-06 
-3.967359e-06 
-3.967359e-06 
-3.967359e-06 
-3.967359e-06 
-3.967359e-06 
-3.967359e-06 
-3.967359e-06 
-3.967359e-06 
-3.967359e-06 
-3.967359e-06 
-3.967359e-06 
-3.967359e-06 
-3.967359e-06 
-3.967359e-06 
-3.967359e-06 
-3.967359e-06 
-3.967359e-06 
-3.967359e-06 
-3.967359e-06 
-3.967359e-06 
-3.967359e-06 
-3.967359e-06 
-3.967359e-06 
-3.967359e-06 
-3.967359e-06 
-3.967359e-06 
-3.967359e-06 
-3.967359e-06 
-3.967359e-06 
-3.967359e-06 
-3.967359e-06 
-3.967359e-06 
-3.967359e-06 
-3.967359e-06 
-3.967359e-06 
-3.967359e-06 
-3.967359e-06 
-3.967359e-06 
-3.967359e-06 
-3.967359e-06 
-3.967359e-06 
-3.967359e-06 
-3.967359e-06 
-3.967359e-06 
-3.967359e-06 
-3.967359e-06 
-3.967359e-06 
-3.967359e-06 
-3.967359e-06 
-3.967359e-06 
-3.967359e-06 
-3.967359e-06 
-3.967359e-06 
-3.967359e-06 
-3.967359e-06 
-3.967359e-06 
-3.967359e-06 
-3.967359e-06 
-3.967359e-06 
-3.967359e-06 
-3.967359e-06 
-3.967359e-06 
-3.967359e-06 
-3.967359e-06 
-3.967359e-06 
-3.967359e-06 
-3.967359e-06 
-3.967359e-06 
-3.967359e-06 
-3.967359e-06 
-3.967359e-06 
-3.967359e-06 
-3.967359e-06 
-3.967359e-06 
-3.967359e-06 
-3.967359e-06 
-3.967359e-06 
-3.967359e-06 
-3.967359e-06 
-3.967359e-06 
-3.967359e-06 
-3.967359e-06 
-3.967359e-06 
-3.967359e-06 
-3.967359e-06 
-3.967359e-06 
-3.967359e-06 
-3.967359e-06 
-3.967359e-06 
-3.967359e-06 
-3.967359e-06 
-3.967359e-06 
-3.967359e-06 
-3.967359e-06 
-3.967359e-06 
-3.967359e-06 
-3.967359e-06 
-3.967359e-06 
-3.967359e-06 
-3.967359e-06 
-3.967359e-06 
-3.967359e-06 
-3.967359e-06 
-3.967359e-06 
-3.967359e-06 
-3.967359e-06 
-3.967359e-06 
-3.967359e-06 
-3.967359e-06 
-3.967359e-06 
-3.967359e-06 
-3.967359e-06 
-3.967359e-06 
-3.967359e-06 
-3.967359e-06 
-3.967359e-06 
-3.967359e-06 
-3.967359e-06 
-3.967359e-06 
-3.967359e-06 
-3.967359e-06 
-3.967359e-06 
-3.967359e-06 
-3.967359e-06 
-3.967359e-06 
-3.967359e-06 
-3.967359e-06 
-3.967359e-06 
-3.967359e-06 
-3.967359e-06 
-3.967359e-06 
-3.967359e-06 
-3.967359e-06 
-3.967359e-06 
-3.967359e-06 
-3.967359e-06 
-3.967359e-06 
-3.967359e-06 
-3.967359e-06 
-3.967359e-06 
-3.967359e-06 
-3.967359e-06 
-3.967359e-06 
-3.967359e-06 
-3.967359e-06 
-3.967359e-06 
-3.967359e-06 
-3.967359e-06 
-3.967359e-06 
-3.967359e-06 
-3.967359e-06 
-3.967359e-06 
-3.967359e-06 
-3.967359e-06 
-3.967359e-06 
-3.967359e-06 
-3.967359e-06 
-3.967359e-06 
-3.967359e-06 
-3.966401e-06 
-3.950558e-06 
-3.891219e-06 
-3.827317e-06 
-3.759295e-06 
-3.659764e-06 
-3.580950e-06 
-3.497058e-06 
-3.407611e-06 
-3.312149e-06 
-3.176192e-06 
-3.065090e-06 
-2.922226e-06 
-2.791091e-06 
-2.652973e-06 
-2.505078e-06 
-2.346409e-06 
-2.176004e-06 
-1.992843e-06 
-1.795649e-06 
-1.583529e-06 
-1.354712e-06 
-1.107751e-06 
-8.409938e-07 
-5.528174e-07 
-2.475794e-07 
9.065575e-08 
3.913937e-07 
6.637988e-07 
1.081807e-06 
1.537128e-06 
2.033838e-06 
2.395504e-06 
2.957911e-06 
3.588327e-06 
4.280129e-06 
5.039832e-06 
5.876765e-06 
6.799238e-06 
7.818244e-06 
8.945925e-06 
1.019623e-05 
1.158514e-05 
1.313110e-05 
1.548840e-05 
1.749971e-05 
1.973952e-05 
2.225096e-05 
2.506907e-05 
2.823510e-05 
3.179391e-05 
3.579449e-05 
4.029075e-05 
4.675445e-05 
5.255476e-05 
5.900942e-05 
6.617299e-05 
7.520385e-05 
8.391085e-05 
9.335759e-05 
1.038782e-04 
1.147366e-04 
1.262463e-04 
1.383715e-04 
1.511225e-04 
1.644629e-04 
1.784392e-04 
1.930505e-04 
2.084042e-04 
2.244922e-04 
2.410583e-04 
2.593494e-04 
2.773795e-04 
2.984680e-04 
3.211634e-04 
3.455408e-04 
3.607728e-04 
3.877174e-04 
4.159147e-04 
4.445591e-04 
4.723313e-04 
4.874695e-04 
4.897666e-04 
4.899018e-04 
4.899100e-04 
4.899106e-04 
4.899106e-04 
4.899106e-04 
4.899106e-04 
4.899106e-04 
4.899106e-04 
4.899106e-04 
4.899106e-04 
4.899106e-04 
4.899106e-04 
4.899106e-04 
4.899106e-04 
4.899106e-04 
4.899106e-04 
4.899106e-04 
4.899106e-04 
4.899106e-04 
4.899106e-04 
4.899106e-04 
4.899106e-04 
4.899106e-04 
4.899106e-04 
4.899106e-04 
4.899106e-04 
4.899106e-04 
4.899106e-04 
4.899106e-04 
4.899106e-04 
4.899106e-04 
4.899106e-04 
4.899106e-04 
4.899106e-04 
4.899106e-04 
4.899106e-04 
4.899106e-04 
4.899106e-04 
4.899106e-04 
4.899106e-04 
4.899106e-04 
4.899106e-04 
4.899106e-04 
4.899106e-04 
4.899106e-04 
4.899106e-04 
4.899106e-04 
4.899106e-04 
4.899106e-04 
4.899106e-04 
4.899106e-04 
4.899106e-04 
4.899106e-04 
4.899106e-04 
4.899106e-04 
4.899106e-04 
4.899106e-04 
4.899106e-04 
4.899106e-04 
4.899106e-04 
4.899106e-04 
4.899106e-04 
4.899106e-04 
4.899106e-04 
4.899106e-04 
4.899106e-04 
4.899106e-04 
4.899106e-04 
4.899106e-04 
4.899106e-04 
4.899106e-04 
4.899106e-04 
4.899106e-04 
4.899106e-04 
4.899106e-04 
4.899106e-04 
4.899106e-04 
4.899106e-04 
4.899106e-04 
4.899106e-04 
4.899106e-04 
4.899106e-04 
4.899106e-04 
4.899106e-04 
4.899106e-04 
4.899106e-04 
4.899106e-04 
4.899106e-04 
4.899106e-04 
4.899106e-04 
4.899106e-04 
4.899106e-04 
4.899106e-04 
4.899106e-04 
4.899106e-04 
4.899106e-04 
4.899106e-04 
4.899106e-04 
4.899106e-04 
4.899106e-04 
4.899106e-04 
4.899106e-04 
4.899106e-04 
4.899106e-04 
4.899106e-04 
4.899106e-04 
4.899106e-04 
4.899106e-04 
4.899106e-04 
4.899106e-04 
4.899106e-04 
4.899106e-04 
4.899106e-04 
4.899106e-04 
4.899106e-04 
4.899106e-04 
4.899106e-04 
4.899106e-04 
4.899106e-04 
4.899106e-04 
4.899106e-04 
4.899106e-04 
4.899106e-04 
4.899106e-04 
4.899106e-04 
4.899106e-04 
4.899106e-04 
4.899106e-04 
4.899106e-04 
4.899106e-04 
4.899106e-04 
4.899106e-04 
4.899106e-04 
4.899106e-04 
4.899106e-04 
4.899106e-04 
4.899106e-04 
4.899106e-04 
4.899106e-04 
4.899106e-04 
4.899106e-04 
4.899106e-04 
4.899106e-04 
4.899106e-04 
4.899106e-04 
4.899106e-04 
4.899106e-04 
4.899106e-04 
4.899106e-04 
4.899106e-04 
4.899106e-04 
4.899106e-04 
4.899106e-04 
4.899106e-04 
4.899106e-04 
4.899106e-04 
4.899106e-04 
4.899106e-04 
4.899106e-04 
4.899106e-04 
4.899106e-04 
4.899106e-04 
4.899106e-04 
4.899106e-04 
4.899106e-04 
4.899106e-04 
4.899106e-04 
4.933745e-04 
5.106025e-04 
5.311366e-04 
5.528762e-04 
5.759236e-04 
6.039474e-04 
6.301477e-04 
6.579520e-04 
6.875573e-04 
7.195009e-04 
7.531107e-04 
7.890192e-04 
8.273197e-04 
8.682608e-04 
9.121032e-04 
9.590234e-04 
1.009420e-03 
1.063483e-03 
1.121681e-03 
1.184251e-03 
1.251608e-03 
1.324218e-03 
1.402619e-03 
1.487392e-03 
1.579264e-03 
1.678615e-03 
1.786993e-03 
1.904865e-03 
2.030693e-03 
2.170976e-03 
2.324587e-03 
2.493151e-03 
2.678518e-03 
2.846332e-03 
3.067947e-03 
3.313139e-03 
3.585446e-03 
3.888369e-03 
4.226344e-03 
4.604578e-03 
5.029212e-03 
5.507473e-03 
6.048298e-03 
6.661325e-03 
7.359938e-03 
8.158316e-03 
9.075885e-03 
1.034917e-02 
1.161355e-02 
1.308893e-02 
1.482098e-02 
1.686713e-02 
1.930179e-02 
2.240178e-02 
2.597179e-02 
3.031456e-02 
3.579140e-02 
4.245832e-02 
5.090030e-02 
6.155681e-02 
7.507628e-02 
9.232883e-02 
1.143433e-01 
1.420898e-01 
1.763880e-01 
2.172792e-01 
2.641457e-01 
3.155224e-01 
3.698694e-01 
4.256937e-01 
4.818538e-01 
5.377819e-01 
5.926144e-01 
6.462438e-01 
6.982304e-01 
7.481346e-01 
7.956686e-01 
8.401908e-01 
8.810842e-01 
9.174714e-01 
9.483907e-01 
9.542484e-01 
9.542484e-01 
9.542484e-01 
9.542484e-01 
9.542484e-01 
9.542484e-01 
9.542484e-01 
9.542484e-01 
9.542484e-01 
9.542484e-01 
9.542484e-01 
9.542484e-01 
9.542484e-01 
9.542484e-01 
9.542484e-01 
9.542484e-01 
9.542484e-01 
9.542484e-01 
9.542484e-01 
9.542484e-01 
9.542484e-01 
9.542484e-01 
9.542484e-01 
9.542484e-01 
9.542484e-01 
9.542484e-01 
9.542484e-01 
9.542484e-01 
9.542484e-01 
9.542484e-01 
9.542484e-01 
9.542484e-01 
9.542484e-01 
9.542484e-01 
9.542484e-01 
9.542484e-01 
9.542484e-01 
9.542484e-01 
9.542484e-01 
9.542484e-01 
9.542484e-01 
9.542484e-01 
9.542484e-01 
9.542484e-01 
9.542484e-01 
9.542484e-01 
9.542484e-01 
9.542484e-01 
9.542484e-01 
9.542484e-01 
9.542484e-01 
9.542484e-01 
9.542484e-01 
9.542484e-01 
9.542484e-01 
9.542484e-01 
9.542484e-01 
9.542484e-01 
9.542484e-01 
9.542484e-01 
9.542484e-01 
9.542484e-01 
9.542484e-01 
9.542484e-01 
9.542484e-01 
9.542484e-01 
9.542484e-01 
9.542484e-01 
9.542484e-01 
9.542484e-01 
9.542484e-01 
9.542484e-01 
9.542484e-01 
9.542484e-01 
9.542484e-01 
9.542484e-01 
9.542484e-01 
9.542484e-01 
9.542484e-01 
9.542484e-01 
9.542484e-01 
9.542484e-01 
9.542484e-01 
9.542484e-01 
9.542484e-01 
9.542484e-01 
9.542484e-01 
9.542484e-01 
9.542484e-01 
9.542484e-01 
9.542484e-01 
9.542484e-01 
9.542484e-01 
9.542484e-01 
9.542484e-01 
9.542484e-01 
9.542484e-01 
9.542484e-01 
9.542484e-01 
9.542484e-01 
9.542484e-01 
9.542484e-01 
9.542484e-01 
9.542484e-01 
9.542484e-01 
9.542484e-01 
9.542484e-01 
9.542484e-01 
9.542484e-01 
9.542484e-01 
9.542484e-01 
9.542484e-01 
9.542484e-01 
9.542484e-01 
9.542484e-01 
9.542484e-01 
9.542484e-01 
9.542484e-01 
9.542484e-01 
9.542484e-01 
9.542484e-01 
9.542484e-01 
9.542484e-01 
9.542484e-01 
9.542484e-01 
9.542484e-01 
9.542484e-01 
9.542484e-01 
9.542484e-01 
9.542484e-01 
9.542484e-01 
9.542484e-01 
9.542484e-01 
9.542484e-01 
9.542484e-01 
9.542484e-01 
9.542484e-01 
9.542484e-01 
9.542484e-01 
9.542484e-01 
9.542484e-01 
9.542484e-01 
9.542484e-01 
9.542484e-01 
9.542484e-01 
9.542484e-01 
9.542484e-01 
9.542484e-01 
9.542484e-01 
9.542484e-01 
9.542484e-01 
9.542484e-01 
9.542484e-01 
9.542484e-01 
9.542484e-01 
9.542484e-01 
9.542484e-01 
9.542484e-01 
9.542484e-01 
9.542484e-01 
9.542484e-01 
9.542484e-01 
9.542484e-01 
9.542484e-01 
9.542484e-01 
9.542484e-01 
9.542484e-01 
9.542484e-01 
9.542484e-01 
9.542484e-01 
9.542482e-01 
9.542481e-01 
9.542480e-01 
9.542477e-01 
9.542475e-01 
9.542474e-01 
9.542471e-01 
9.542468e-01 
9.542467e-01 
9.542465e-01 
9.542461e-01 
9.542459e-01 
9.542455e-01 
9.542452e-01 
9.542448e-01 
9.542445e-01 
9.542441e-01 
9.542436e-01 
9.542434e-01 
9.542429e-01 
9.542425e-01 
9.542421e-01 
9.542418e-01 
9.542414e-01 
9.542410e-01 
9.542407e-01 
9.542404e-01 
9.542401e-01 
9.542398e-01 
9.542395e-01 
9.542393e-01 
9.542390e-01 
9.542388e-01 
9.542386e-01 
9.542383e-01 
9.542381e-01 
9.542379e-01 
9.542378e-01 
9.542376e-01 
9.542374e-01 
9.542372e-01 
9.542370e-01 
9.542369e-01 
9.542368e-01 
9.542366e-01 
9.542365e-01 
9.542363e-01 
9.542362e-01 
9.542361e-01 
9.542360e-01 
9.542359e-01 
9.542358e-01 
9.542357e-01 
9.542356e-01 
9.542355e-01 
9.542354e-01 
9.542353e-01 
9.542351e-01 
9.542351e-01 
9.542350e-01 
9.542350e-01 
9.542348e-01 
9.542348e-01 
9.542347e-01 
9.542346e-01 
9.542345e-01 
9.542345e-01 
9.542345e-01 
9.542344e-01 
9.542343e-01 
9.542342e-01 
9.542342e-01 
9.542341e-01 
9.542341e-01 
9.542340e-01 
9.542340e-01 
9.542339e-01 
9.542339e-01 
9.542339e-01 
9.542338e-01 
9.542337e-01 
9.542338e-01 
9.542337e-01 
9.542338e-01 
9.542338e-01 
9.542338e-01 
9.542338e-01 
9.542338e-01 
9.542338e-01 
9.542338e-01 
9.542338e-01 
9.542338e-01 
9.542338e-01 
9.542338e-01 
9.542338e-01 
9.542338e-01 
9.542338e-01 
9.542338e-01 
9.542338e-01 
9.542338e-01 
9.542338e-01 
9.542338e-01 
9.542338e-01 
9.542338e-01 
9.542338e-01 
9.542338e-01 
9.542338e-01 
9.542338e-01 
9.542338e-01 
9.542338e-01 
9.542338e-01 
9.542338e-01 
9.542338e-01 
9.542338e-01 
9.542338e-01 
9.542338e-01 
9.542338e-01 
9.542338e-01 
9.542338e-01 
9.542338e-01 
9.542338e-01 
9.542338e-01 
9.542338e-01 
9.542338e-01 
9.542338e-01 
9.542338e-01 
9.542338e-01 
9.542338e-01 
9.542338e-01 
9.542338e-01 
9.542338e-01 
9.542338e-01 
9.542338e-01 
9.542338e-01 
9.542338e-01 
9.542338e-01 
9.542338e-01 
9.542338e-01 
9.542338e-01 
9.542338e-01 
9.542338e-01 
9.542338e-01 
9.542338e-01 
9.542338e-01 
9.542338e-01 
9.542338e-01 
9.542338e-01 
9.542338e-01 
9.542338e-01 
9.542338e-01 
9.542338e-01 
9.542338e-01 
9.542338e-01 
9.542338e-01 
9.542338e-01 
9.542338e-01 
9.542338e-01 
9.542338e-01 
9.542338e-01 
9.542338e-01 
9.542338e-01 
9.542338e-01 
9.542338e-01 
9.542338e-01 
9.542338e-01 
9.542338e-01 
9.542338e-01 
9.542338e-01 
9.542338e-01 
9.542338e-01 
9.542338e-01 
9.542338e-01 
9.542338e-01 
9.542338e-01 
9.542338e-01 
9.542338e-01 
9.542338e-01 
9.542338e-01 
9.542338e-01 
9.542338e-01 
9.542338e-01 
9.542338e-01 
9.542338e-01 
9.542338e-01 
9.542338e-01 
9.542338e-01 
9.542338e-01 
9.542338e-01 
9.542338e-01 
9.542338e-01 
9.542338e-01 
9.542338e-01 
9.542338e-01 
9.542338e-01 
9.542338e-01 
9.542338e-01 
9.542338e-01 
9.542338e-01 
9.542338e-01 
9.542338e-01 
9.542338e-01 
9.542338e-01 
9.542338e-01 
9.542338e-01 
9.542338e-01 
9.542338e-01 
9.542338e-01 
9.542338e-01 
9.542338e-01 
9.542338e-01 
9.542338e-01 
9.542338e-01 
9.542338e-01 
9.542338e-01 
9.542338e-01 
9.542338e-01 
9.542338e-01 
9.542338e-01 
9.542338e-01 
9.542338e-01 
9.542338e-01 
9.542338e-01 
9.542338e-01 
9.542338e-01 
9.542338e-01 
9.542338e-01 
9.542338e-01 
9.542338e-01 
9.542338e-01 
9.542338e-01 
9.542338e-01 
9.542338e-01 
9.542338e-01 
9.542338e-01 
9.542338e-01 
9.542338e-01 
9.542338e-01 
9.542338e-01 
9.542338e-01 
9.542338e-01 
9.542338e-01 
9.542338e-01 
9.542338e-01 
9.542338e-01 
9.542338e-01 
9.542338e-01 
9.542338e-01 
9.542338e-01 
9.542338e-01 
9.483952e-01 
9.174458e-01 
8.809852e-01 
8.399431e-01 
7.950615e-01 
7.469966e-01 
6.959783e-01 
6.422517e-01 
5.851477e-01 
5.247416e-01 
4.591988e-01 
3.862555e-01 
3.018723e-01 
1.901042e-01 
2.906921e-02 
7.801001e-03 
2.205357e-03 
1.252570e-03 
8.517860e-04 
6.165041e-04 
4.650083e-04 
3.615332e-04 
2.877824e-04 
2.337378e-04 
1.927833e-04 
1.606207e-04 
1.360024e-04 
1.156933e-04 
9.927970e-05 
8.669159e-05 
7.544926e-05 
6.608588e-05 
5.822477e-05 
5.157293e-05 
4.590193e-05 
4.104345e-05 
3.762165e-05 
3.388512e-05 
3.062258e-05 
2.776906e-05 
2.526322e-05 
2.305067e-05 
2.109154e-05 
1.935048e-05 
1.779774e-05 
1.640848e-05 
1.516189e-05 
1.403958e-05 
1.302774e-05 
1.195940e-05 
1.114487e-05 
1.040338e-05 
9.728145e-06 
9.111681e-06 
8.547831e-06 
8.023723e-06 
7.551054e-06 
7.116957e-06 
6.719642e-06 
6.356678e-06 
6.030948e-06 
5.766012e-06 
5.701965e-06 
6.040194e-06 
6.617955e-06 
7.194864e-06 
7.707957e-06 
8.134142e-06 
8.473687e-06 
8.739665e-06 
8.939557e-06 
9.099182e-06 
9.169950e-06 
9.241686e-06 
9.157881e-06 
9.160819e-06 
9.123853e-06 
8.978633e-06 
8.887746e-06 
8.759155e-06 
8.598255e-06 
8.587375e-06 
8.588189e-06 
8.593182e-06 
8.591605e-06 
8.591384e-06 
8.591368e-06 
8.591367e-06 
8.591367e-06 
8.591367e-06 
8.591367e-06 
8.591367e-06 
8.591367e-06 
8.591367e-06 
8.591367e-06 
8.591367e-06 
8.591367e-06 
8.591367e-06 
8.591367e-06 
8.591367e-06 
8.591367e-06 
8.591367e-06 
8.591367e-06 
8.591367e-06 
8.591367e-06 
8.591367e-06 
8.591367e-06 
8.591367e-06 
8.591367e-06 
8.591367e-06 
8.591367e-06 
8.591367e-06 
8.591367e-06 
8.591367e-06 
8.591367e-06 
8.591367e-06 
8.591367e-06 
8.591367e-06 
8.591367e-06 
8.591367e-06 
8.591367e-06 
8.591367e-06 
8.591367e-06 
8.591367e-06 
8.591367e-06 
8.591367e-06 
8.591367e-06 
8.591367e-06 
8.591367e-06 
8.591367e-06 
8.591367e-06 
8.591367e-06 
8.591367e-06 
8.591367e-06 
8.591367e-06 
8.591367e-06 
8.591367e-06 
8.591367e-06 
8.591367e-06 
8.591367e-06 
8.591367e-06 
8.591367e-06 
8.591367e-06 
8.591367e-06 
8.591367e-06 
8.591367e-06 
8.591367e-06 
8.591367e-06 
8.591367e-06 
8.591367e-06 
8.591367e-06 
8.591367e-06 
8.591367e-06 
8.591367e-06 
8.591367e-06 
8.591367e-06 
8.591367e-06 
8.591367e-06 
8.591367e-06 
8.591367e-06 
8.591367e-06 
8.591367e-06 
8.591367e-06 
8.591367e-06 
8.591367e-06 
8.591367e-06 
8.591367e-06 
8.591367e-06 
8.591367e-06 
8.591367e-06 
8.591367e-06 
8.591367e-06 
8.591367e-06 
8.591367e-06 
8.591367e-06 
8.591367e-06 
8.591367e-06 
8.591367e-06 
8.591367e-06 
8.591367e-06 
8.591367e-06 
8.591367e-06 
8.591367e-06 
8.591367e-06 
8.591367e-06 
8.591367e-06 
8.591367e-06 
8.591367e-06 
8.591367e-06 
8.591367e-06 
8.591367e-06 
8.591367e-06 
8.591367e-06 
8.591367e-06 
8.591367e-06 
8.591367e-06 
8.591367e-06 
8.591367e-06 
8.591367e-06 
8.591367e-06 
8.591367e-06 
8.591367e-06 
8.591367e-06 
8.591367e-06 
8.591367e-06 
8.591367e-06 
8.591367e-06 
8.591367e-06 
8.591367e-06 
8.591367e-06 
8.591367e-06 
8.591367e-06 
8.591367e-06 
8.591367e-06 
8.591367e-06 
8.591367e-06 
8.591367e-06 
8.591367e-06 
8.591367e-06 
8.591367e-06 
8.591367e-06 
8.591367e-06 
8.591367e-06 
8.591367e-06 
8.591367e-06 
8.591367e-06 
8.591367e-06 
8.591367e-06 
8.591367e-06 
8.591367e-06 
8.591367e-06 
8.591367e-06 
8.591367e-06 
8.591367e-06 
8.591367e-06 
8.591367e-06 
8.591367e-06 
8.591367e-06 
8.591367e-06 
8.591367e-06 
8.591367e-06 
8.591367e-06 
8.591367e-06 
8.591367e-06 
8.591367e-06 
8.591367e-06 
8.591367e-06 
8.591367e-06 
8.591367e-06 
8.591367e-06 
8.597492e-06 
8.633991e-06 
8.721228e-06 
8.789082e-06 
8.858910e-06 
8.930670e-06 
9.004539e-06 
9.080475e-06 
9.158617e-06 
9.254758e-06 
9.339433e-06 
9.424710e-06 
9.512629e-06 
9.603203e-06 
9.696343e-06 
9.792170e-06 
9.890753e-06 
9.992158e-06 
1.009645e-05 
1.020373e-05 
1.031387e-05 
1.042717e-05 
1.054338e-05 
1.066293e-05 
1.078628e-05 
1.091076e-05 
1.103949e-05 
1.115163e-05 
1.128641e-05 
1.142402e-05 
1.151629e-05 
1.165968e-05 
1.180345e-05 
1.194887e-05 
1.209542e-05 
1.224232e-05 
1.238877e-05 
1.253368e-05 
1.267569e-05 
1.281320e-05 
1.294396e-05 
1.306560e-05 
1.317473e-05 
1.326762e-05 
1.333917e-05 
1.338333e-05 
1.339250e-05 
1.335725e-05 
1.326537e-05 
1.302945e-05 
1.272870e-05 
1.231395e-05 
1.174166e-05 
1.097057e-05 
9.946784e-06 
8.026092e-06 
6.123229e-06 
3.122099e-06 
-1.784620e-07 
-4.829221e-06 
-1.056442e-05 
-1.780865e-05 
-2.666379e-05 
-3.749525e-05 
-5.048381e-05 
-6.565051e-05 
-8.276449e-05 
-1.012931e-04 
-1.211886e-04 
-1.436388e-04 
-1.654090e-04 
-1.905526e-04 
-2.168717e-04 
-2.399349e-04 
-2.693024e-04 
-3.002665e-04 
-3.328437e-04 
-3.532064e-04 
-3.875882e-04 
-4.223118e-04 
-4.558786e-04 
-4.742761e-04 
-4.770273e-04 
-4.772481e-04 
-4.772497e-04 
-4.772495e-04 
-4.772495e-04 
-4.772495e-04 
-4.772495e-04 
-4.772495e-04 
-4.772495e-04 
-4.772495e-04 
-4.772495e-04 
-4.772495e-04 
-4.772495e-04 
-4.772495e-04 
-4.772495e-04 
-4.772495e-04 
-4.772495e-04 
-4.772495e-04 
-4.772495e-04 
-4.772495e-04 
-4.772495e-04 
-4.772495e-04 
-4.772495e-04 
-4.772495e-04 
-4.772495e-04 
-4.772495e-04 
-4.772495e-04 
-4.772495e-04 
-4.772495e-04 
-4.772495e-04 
-4.772495e-04 
-4.772495e-04 
-4.772495e-04 
-4.772495e-04 
-4.772495e-04 
-4.772495e-04 
-4.772495e-04 
-4.772495e-04 
-4.772495e-04 
-4.772495e-04 
-4.772495e-04 
-4.772495e-04 
-4.772495e-04 
-4.772495e-04 
-4.772495e-04 
-4.772495e-04 
-4.772495e-04 
-4.772495e-04 
-4.772495e-04 
-4.772495e-04 
-4.772495e-04 
-4.772495e-04 
-4.772495e-04 
-4.772495e-04 
-4.772495e-04 
-4.772495e-04 
-4.772495e-04 
-4.772495e-04 
-4.772495e-04 
-4.772495e-04 
-4.772495e-04 
-4.772495e-04 
-4.772495e-04 
-4.772495e-04 
-4.772495e-04 
-4.772495e-04 
-4.772495e-04 
-4.772495e-04 
-4.772495e-04 
-4.772495e-04 
-4.772495e-04 
-4.772495e-04 
-4.772495e-04 
-4.772495e-04 
-4.772495e-04 
-4.772495e-04 
-4.772495e-04 
-4.772495e-04 
-4.772495e-04 
-4.772495e-04 
-4.772495e-04 
-4.772495e-04 
-4.772495e-04 
-4.772495e-04 
-4.772495e-04 
-4.772495e-04 
-4.772495e-04 
-4.772495e-04 
-4.772495e-04 
-4.772495e-04 
-4.772495e-04 
-4.772495e-04 
-4.772495e-04 
-4.772495e-04 
-4.772495e-04 
-4.772495e-04 
-4.772495e-04 
-4.772495e-04 
-4.772495e-04 
-4.772495e-04 
-4.772495e-04 
-4.772495e-04 
-4.772495e-04 
-4.772495e-04 
-4.772495e-04 
-4.772495e-04 
-4.772495e-04 
-4.772495e-04 
-4.772495e-04 
-4.772495e-04 
-4.772495e-04 
-4.772495e-04 
-4.772495e-04 
-4.772495e-04 
-4.772495e-04 
-4.772495e-04 
-4.772495e-04 
-4.772495e-04 
-4.772495e-04 
-4.772495e-04 
-4.772495e-04 
-4.772495e-04 
-4.772495e-04 
-4.772495e-04 
-4.772495e-04 
-4.772495e-04 
-4.772495e-04 
-4.772495e-04 
-4.772495e-04 
-4.772495e-04 
-4.772495e-04 
-4.772495e-04 
-4.772495e-04 
-4.772495e-04 
-4.772495e-04 
-4.772495e-04 
-4.772495e-04 
-4.772495e-04 
-4.772495e-04 
-4.772495e-04 
-4.772495e-04 
-4.772495e-04 
-4.772495e-04 
-4.772495e-04 
-4.772495e-04 
-4.772495e-04 
-4.772495e-04 
-4.772495e-04 
-4.772495e-04 
-4.772495e-04 
-4.772495e-04 
-4.772495e-04 
-4.772495e-04 
-4.772495e-04 
-4.772495e-04 
-4.772495e-04 
-4.772495e-04 
-4.772495e-04 
-4.772495e-04 
-4.772495e-04 
-4.772495e-04 
-4.772495e-04 
-4.772495e-04 
-4.772495e-04 
-4.772495e-04 
-4.772495e-04 
-4.772495e-04 
-4.772495e-04 
-4.796773e-04 
-4.974302e-04 
-5.174804e-04 
-5.387253e-04 
-5.645336e-04 
-5.886336e-04 
-6.145774e-04 
-6.418392e-04 
-6.708032e-04 
-7.016606e-04 
-7.345089e-04 
-7.695923e-04 
-8.070135e-04 
-8.470690e-04 
-8.899142e-04 
-9.358372e-04 
-9.851451e-04 
-1.038041e-03 
-1.094890e-03 
-1.156087e-03 
-1.221905e-03 
-1.292963e-03 
-1.369612e-03 
-1.452604e-03 
-1.542518e-03 
-1.639834e-03 
-1.745902e-03 
-1.861421e-03 
-1.984468e-03 
-2.121997e-03 
-2.272459e-03 
-2.437793e-03 
-2.619453e-03 
-2.784077e-03 
-3.001392e-03 
-3.242083e-03 
-3.509267e-03 
-3.806644e-03 
-4.138575e-03 
-4.510357e-03 
-4.927533e-03 
-5.397881e-03 
-5.929319e-03 
-6.532828e-03 
-7.220280e-03 
-8.006640e-03 
-8.910185e-03 
-9.953826e-03 
-1.141152e-02 
-1.286856e-02 
-1.457742e-02 
-1.659942e-02 
-1.900431e-02 
-2.188629e-02 
-2.560712e-02 
-2.991213e-02 
-3.520459e-02 
-4.196401e-02 
-5.035010e-02 
-6.096082e-02 
-7.442167e-02 
-9.164409e-02 
-1.136249e-01 
-1.414001e-01 
-1.757303e-01 
-2.167395e-01 
-2.636926e-01 
-3.152145e-01 
-3.696291e-01 
-4.255636e-01 
-4.817446e-01 
-5.377460e-01 
-5.925667e-01 
-6.462450e-01 
-6.982079e-01 
-7.481468e-01 
-7.956550e-01 
-8.402060e-01 
-8.810745e-01 
-9.174833e-01 
-9.483838e-01 
-9.542483e-01 
-9.542484e-01 
-9.542484e-01 
-9.542484e-01 
-9.542484e-01 
-9.542484e-01 
-9.542484e-01 
-9.542484e-01 
-9.542484e-01 
-9.542484e-01 
-9.542484e-01 
-9.542484e-01 
-9.542484e-01 
-9.542484e-01 
-9.542484e-01 
-9.542484e-01 
-9.542484e-01 
-9.542484e-01 
-9.542484e-01 
-9.542484e-01 
-9.542484e-01 
-9.542484e-01 
-9.542484e-01 
-9.542484e-01 
-9.542484e-01 
-9.542484e-01 
-9.542484e-01 
-9.542484e-01 
-9.542484e-01 
-9.542484e-01 
-9.542484e-01 
-9.542484e-01 
-9.542484e-01 
-9.542484e-01 
-9.542484e-01 
-9.542484e-01 
-9.542484e-01 
-9.542484e-01 
-9.542484e-01 
-9.542484e-01 
-9.542484e-01 
-9.542484e-01 
-9.542484e-01 
-9.542484e-01 
-9.542484e-01 
-9.542484e-01 
-9.542484e-01 
-9.542484e-01 
-9.542484e-01 
-9.542484e-01 
-9.542484e-01 
-9.542484e-01 
-9.542484e-01 
-9.542484e-01 
-9.542484e-01 
-9.542484e-01 
-9.542484e-01 
-9.542484e-01 
-9.542484e-01 
-9.542484e-01 
-9.542484e-01 
-9.542484e-01 
-9.542484e-01 
-9.542484e-01 
-9.542484e-01 
-9.542484e-01 
-9.542484e-01 
-9.542484e-01 
-9.542484e-01 
-9.542484e-01 
-9.542484e-01 
-9.542484e-01 
-9.542484e-01 
-9.542484e-01 
-9.542484e-01 
-9.542484e-01 
-9.542484e-01 
-9.542484e-01 
-9.542484e-01 
-9.542484e-01 
-9.542484e-01 
-9.542484e-01 
-9.542484e-01 
-9.542484e-01 
-9.542484e-01 
-9.542484e-01 
-9.542484e-01 
-9.542484e-01 
-9.542484e-01 
-9.542484e-01 
-9.542484e-01 
-9.542484e-01 
-9.542484e-01 
-9.542484e-01 
-9.542484e-01 
-9.542484e-01 
-9.542484e-01 
-9.542484e-01 
-9.542484e-01 
-9.542484e-01 
-9.542484e-01 
-9.542484e-01 
-9.542484e-01 
-9.542484e-01 
-9.542484e-01 
-9.542484e-01 
-9.542484e-01 
-9.542484e-01 
-9.542484e-01 
-9.542484e-01 
-9.542484e-01 
-9.542484e-01 
-9.542484e-01 
-9.542484e-01 
-9.542484e-01 
-9.542484e-01 
-9.542484e-01 
-9.542484e-01 
-9.542484e-01 
-9.542484e-01 
-9.542484e-01 
-9.542484e-01 
-9.542484e-01 
-9.542484e-01 
-9.542484e-01 
-9.542484e-01 
-9.542484e-01 
-9.542484e-01 
-9.542484e-01 
-9.542484e-01 
-9.542484e-01 
-9.542484e-01 
-9.542484e-01 
-9.542484e-01 
-9.542484e-01 
-9.542484e-01 
-9.542484e-01 
-9.542484e-01 
-9.542484e-01 
-9.542484e-01 
-9.542484e-01 
-9.542484e-01 
-9.542484e-01 
-9.542484e-01 
-9.542484e-01 
-9.542484e-01 
-9.542484e-01 
-9.542484e-01 
-9.542484e-01 
-9.542484e-01 
-9.542484e-01 
-9.542484e-01 
-9.542484e-01 
-9.542484e-01 
-9.542484e-01 
-9.542484e-01 
-9.542484e-01 
-9.542484e-01 
-9.542484e-01 
-9.542484e-01 
-9.542484e-01 
-9.542484e-01 
-9.542484e-01 
-9.542484e-01 
-9.542484e-01 
-9.542484e-01 
-9.542484e-01 
-9.542484e-01 
-9.542484e-01 
-9.542482e-01 
-9.542481e-01 
-9.542480e-01 
-9.542478e-01 
-9.542476e-01 
-9.542474e-01 
-9.542471e-01 
-9.542468e-01 
-9.542466e-01 
-9.542462e-01 
-9.542457e-01 
-9.542453e-01 
-9.542448e-01 
-9.542441e-01 
-9.542429e-01 
-9.542418e-01 
-9.542413e-01 
-9.542410e-01 
-9.542407e-01 
-9.542404e-01 
-9.542401e-01 
-9.542398e-01 
-9.542395e-01 
-9.542394e-01 
-9.542391e-01 
-9.542389e-01 
-9.542387e-01 
-9.542385e-01 
-9.542383e-01 
-9.542381e-01 
-9.542379e-01 
-9.542378e-01 
-9.542375e-01 
-9.542374e-01 
-9.542372e-01 
-9.542371e-01 
-9.542370e-01 
-9.542368e-01 
-9.542366e-01 
-9.542366e-01 
-9.542364e-01 
-9.542363e-01 
-9.542361e-01 
-9.542361e-01 
-9.542360e-01 
-9.542358e-01 
-9.542357e-01 
-9.542357e-01 
-9.542356e-01 
-9.542355e-01 
-9.542354e-01 
-9.542353e-01 
-9.542351e-01 
-9.542351e-01 
-9.542351e-01 
-9.542350e-01 
-9.542348e-01 
-9.542348e-01 
-9.542347e-01 
-9.542347e-01 
-9.542346e-01 
-9.542346e-01 
-9.542344e-01 
-9.542344e-01 
-9.542343e-01 
-9.542343e-01 
-9.542342e-01 
-9.542341e-01 
-9.542341e-01 
-9.542340e-01 
-9.542340e-01 
-9.542339e-01 
-9.542339e-01 
-9.542338e-01 
-9.542338e-01 
-9.542338e-01 
-9.542337e-01 
-9.542336e-01 
-9.542336e-01 
-9.542336e-01 
-9.542335e-01 
-9.542335e-01 
-9.542335e-01 
-9.542335e-01 
-9.542335e-01 
-9.542335e-01 
-9.542335e-01 
-9.542335e-01 
-9.542335e-01 
-9.542335e-01 
-9.542335e-01 
-9.542335e-01 
-9.542335e-01 
-9.542335e-01 
-9.542335e-01 
-9.542335e-01 
-9.542335e-01 
-9.542335e-01 
-9.542335e-01 
-9.542335e-01 
-9.542335e-01 
-9.542335e-01 
-9.542335e-01 
-9.542335e-01 
-9.542335e-01 
-9.542335e-01 
-9.542335e-01 
-9.542335e-01 
-9.542335e-01 
-9.542335e-01 
-9.542335e-01 
-9.542335e-01 
-9.542335e-01 
-9.542335e-01 
-9.542335e-01 
-9.542335e-01 
-9.542335e-01 
-9.542335e-01 
-9.542335e-01 
-9.542335e-01 
-9.542335e-01 
-9.542335e-01 
-9.542335e-01 
-9.542335e-01 
-9.542335e-01 
-9.542335e-01 
-9.542335e-01 
-9.542335e-01 
-9.542335e-01 
-9.542335e-01 
-9.542335e-01 
-9.542335e-01 
-9.542335e-01 
-9.542335e-01 
-9.542335e-01 
-9.542335e-01 
-9.542335e-01 
-9.542335e-01 
-9.542335e-01 
-9.542335e-01 
-9.542335e-01 
-9.542335e-01 
-9.542335e-01 
-9.542335e-01 
-9.542335e-01 
-9.542335e-01 
-9.542335e-01 
-9.542335e-01 
-9.542335e-01 
-9.542335e-01 
-9.542335e-01 
-9.542335e-01 
-9.542335e-01 
-9.542335e-01 
-9.542335e-01 
-9.542335e-01 
-9.542335e-01 
-9.542335e-01 
-9.542335e-01 
-9.542335e-01 
-9.542335e-01 
-9.542335e-01 
-9.542335e-01 
-9.542335e-01 
-9.542335e-01 
-9.542335e-01 
-9.542335e-01 
-9.542335e-01 
-9.542335e-01 
-9.542335e-01 
-9.542335e-01 
-9.542335e-01 
-9.542335e-01 
-9.542335e-01 
-9.542335e-01 
-9.542335e-01 
-9.542335e-01 
-9.542335e-01 
-9.542335e-01 
-9.542335e-01 
-9.542335e-01 
-9.542335e-01 
-9.542335e-01 
-9.542335e-01 
-9.542335e-01 
-9.542335e-01 
-9.542335e-01 
-9.542335e-01 
-9.542335e-01 
-9.542335e-01 
-9.542335e-01 
-9.542335e-01 
-9.542335e-01 
-9.542335e-01 
-9.542335e-01 
-9.542335e-01 
-9.542335e-01 
-9.542335e-01 
-9.542335e-01 
-9.542335e-01 
-9.542335e-01 
-9.542335e-01 
-9.542335e-01 
-9.542335e-01 
-9.542335e-01 
-9.542335e-01 
-9.542335e-01 
-9.542335e-01 
-9.542335e-01 
-9.542335e-01 
-9.542335e-01 
-9.542335e-01 
-9.542335e-01 
-9.542335e-01 
-9.542335e-01 
-9.542335e-01 
-9.542335e-01 
-9.542335e-01 
-9.542335e-01 
-9.542335e-01 
-9.542335e-01 
-9.542335e-01 
-9.542335e-01 
-9.542335e-01 
-9.542335e-01 
-9.542335e-01 
-9.542335e-01 
-9.542335e-01 
-9.542335e-01 
-9.542335e-01 
-9.542335e-01 
-9.542335e-01 
-9.542335e-01 
-9.542335e-01 
-9.542335e-01 
-9.542335e-01 
-9.542335e-01 
-9.542335e-01 
-9.542335e-01 
-9.542335e-01 
-9.542335e-01 
-9.542335e-01 
-9.542335e-01 
-9.542335e-01 
-9.542335e-01 
-9.542335e-01 
-9.542335e-01 
-9.542335e-01 
-9.542335e-01 
-9.542335e-01 
-9.484015e-01 
-9.174317e-01 
-8.809921e-01 
-8.399211e-01 
-7.950612e-01 
-7.469558e-01 
-6.959462e-01 
-6.421483e-01 
-5.849993e-01 
-5.241106e-01 
-4.586577e-01 
-3.848088e-01 
-2.975770e-01 
-1.796082e-01 
2.854005e-03 
3.956446e-03 
2.092790e-03 
1.252081e-03 
8.518574e-04 
6.164380e-04 
4.650376e-04 
3.614997e-04 
2.877971e-04 
2.337212e-04 
1.927914e-04 
1.615624e-04 
1.360126e-04 
1.156977e-04 
9.928364e-05 
8.669458e-05 
7.545172e-05 
6.608791e-05 
5.822649e-05 
5.157439e-05 
4.590318e-05 
4.104452e-05 
3.762259e-05 
3.388594e-05 
3.062329e-05 
2.776969e-05 
2.526265e-05 
2.305086e-05 
2.109198e-05 
1.935087e-05 
1.779738e-05 
1.640862e-05 
1.516159e-05 
1.404018e-05 
1.302762e-05 
1.195958e-05 
1.114458e-05 
1.040351e-05 
9.727879e-06 
9.111748e-06 
8.547543e-06 
8.023639e-06 
7.550512e-06 
7.116249e-06 
6.717606e-06 
6.351603e-06 
6.015936e-06 
5.710939e-06 
5.440140e-06 
5.190794e-06 
4.917269e-06 
4.655466e-06 
4.412265e-06 
4.189852e-06 
3.986648e-06 
3.801702e-06 
3.637913e-06 
3.467262e-06 
3.327462e-06 
3.178641e-06 
3.033250e-06 
2.902272e-06 
2.778287e-06 
2.670112e-06 
2.563938e-06 
2.458637e-06 
2.359458e-06 
2.321563e-06 
2.318098e-06 
2.318058e-06 
2.315914e-06 
2.315654e-06 
2.315636e-06 
2.315635e-06 
2.315635e-06 
2.315635e-06 
2.315635e-06 
2.315635e-06 
2.315635e-06 
2.315635e-06 
2.315635e-06 
2.315635e-06 
2.315635e-06 
2.315635e-06 
2.315635e-06 
2.315635e-06 
2.315635e-06 
2.315635e-06 
2.315635e-06 
2.315635e-06 
2.315635e-06 
2.315635e-06 
2.315635e-06 
2.315635e-06 
2.315635e-06 
2.315635e-06 
2.315635e-06 
2.315635e-06 
2.315635e-06 
2.315635e-06 
2.315635e-06 
2.315635e-06 
2.315635e-06 
2.315635e-06 
2.315635e-06 
2.315635e-06 
2.315635e-06 
2.315635e-06 
2.315635e-06 
2.315635e-06 
2.315635e-06 
2.315635e-06 
2.315635e-06 
2.315635e-06 
2.315635e-06 
2.315635e-06 
2.315635e-06 
2.315635e-06 
2.315635e-06 
2.315635e-06 
2.315635e-06 
2.315635e-06 
2.315635e-06 
2.315635e-06 
2.315635e-06 
2.315635e-06 
2.315635e-06 
2.315635e-06 
2.315635e-06 
2.315635e-06 
2.315635e-06 
2.315635e-06 
2.315635e-06 
2.315635e-06 
2.315635e-06 
2.315635e-06 
2.315635e-06 
2.315635e-06 
2.315635e-06 
2.315635e-06 
2.315635e-06 
2.315635e-06 
2.315635e-06 
2.315635e-06 
2.315635e-06 
2.315635e-06 
2.315635e-06 
2.315635e-06 
2.315635e-06 
2.315635e-06 
2.315635e-06 
2.315635e-06 
2.315635e-06 
2.315635e-06 
2.315635e-06 
2.315635e-06 
2.315635e-06 
2.315635e-06 
2.315635e-06 
2.315635e-06 
2.315635e-06 
2.315635e-06 
2.315635e-06 
2.315635e-06 
2.315635e-06 
2.315635e-06 
2.315635e-06 
2.315635e-06 
2.315635e-06 
2.315635e-06 
2.315635e-06 
2.315635e-06 
2.315635e-06 
2.315635e-06 
2.315635e-06 
2.315635e-06 
2.315635e-06 
2.315635e-06 
2.315635e-06 
2.315635e-06 
2.315635e-06 
2.315635e-06 
2.315635e-06 
2.315635e-06 
2.315635e-06 
2.315635e-06 
2.315635e-06 
2.315635e-06 
2.315635e-06 
2.315635e-06 
2.315635e-06 
2.315635e-06 
2.315635e-06 
2.315635e-06 
2.315635e-06 
2.315635e-06 
2.315635e-06 
2.315635e-06 
2.315635e-06 
2.315635e-06 
2.315635e-06 
2.315635e-06 
2.315635e-06 
2.315635e-06 
2.315635e-06 
2.315635e-06 
2.315635e-06 
2.315635e-06 
2.315635e-06 
2.315635e-06 
2.315635e-06 
2.315635e-06 
2.315635e-06 
2.315635e-06 
2.315635e-06 
2.315635e-06 
2.315635e-06 
2.315635e-06 
2.315635e-06 
2.315635e-06 
2.315635e-06 
2.315635e-06 
2.315635e-06 
2.315635e-06 
2.315635e-06 
2.315635e-06 
2.315635e-06 
2.315635e-06 
2.315635e-06 
2.315635e-06 
2.315635e-06 
2.315635e-06 
2.315635e-06 
2.315635e-06 
2.315635e-06 
2.315635e-06 
2.319845e-06 
2.348762e-06 
2.436075e-06 
2.503232e-06 
2.573518e-06 
2.647036e-06 
2.724074e-06 
2.827716e-06 
2.916294e-06 
3.006493e-06 
3.101423e-06 
3.201071e-06 
3.306006e-06 
3.416565e-06 
3.533197e-06 
3.656112e-06 
3.786092e-06 
3.923346e-06 
4.068776e-06 
4.222749e-06 
4.386040e-06 
4.559412e-06 
4.743700e-06 
4.939820e-06 
5.148987e-06 
5.371793e-06 
5.610126e-06 
5.853223e-06 
6.047970e-06 
6.334104e-06 
6.528697e-06 
6.850527e-06 
7.197466e-06 
7.571819e-06 
7.976590e-06 
8.415020e-06 
8.890682e-06 
9.408304e-06 
9.972347e-06 
1.058912e-05 
1.126457e-05 
1.200656e-05 
1.282392e-05 
1.372705e-05 
1.472831e-05 
1.584202e-05 
1.708459e-05 
1.847750e-05 
2.004393e-05 
2.248720e-05 
2.459742e-05 
2.700270e-05 
2.976797e-05 
3.296222e-05 
3.667635e-05 
4.231834e-05 
4.766556e-05 
5.480364e-05 
6.251757e-05 
7.219339e-05 
8.354115e-05 
9.696872e-05 
1.124795e-04 
1.301829e-04 
1.499615e-04 
1.714220e-04 
1.941679e-04 
2.176469e-04 
2.416013e-04 
2.664781e-04 
2.904087e-04 
3.159217e-04 
3.377680e-04 
3.637390e-04 
3.895664e-04 
4.149642e-04 
4.396090e-04 
4.535953e-04 
4.757609e-04 
4.956308e-04 
5.125279e-04 
5.212104e-04 
5.223707e-04 
5.225334e-04 
5.225409e-04 
5.225412e-04 
5.225412e-04 
5.225412e-04 
5.225412e-04 
5.225412e-04 
5.225412e-04 
5.225412e-04 
5.225412e-04 
5.225412e-04 
5.225412e-04 
5.225412e-04 
5.225412e-04 
5.225412e-04 
5.225412e-04 
5.225412e-04 
5.225412e-04 
5.225412e-04 
5.225412e-04 
5.225412e-04 
5.225412e-04 
5.225412e-04 
5.225412e-04 
5.225412e-04 
5.225412e-04 
5.225412e-04 
5.225412e-04 
5.225412e-04 
5.225412e-04 
5.225412e-04 
5.225412e-04 
5.225412e-04 
5.225412e-04 
5.225412e-04 
5.225412e-04 
5.225412e-04 
5.225412e-04 
5.225412e-04 
5.225412e-04 
5.225412e-04 
5.225412e-04 
5.225412e-04 
5.225412e-04 
5.225412e-04 
5.225412e-04 
5.225412e-04 
5.225412e-04 
5.225412e-04 
5.225412e-04 
5.225412e-04 
5.225412e-04 
5.225412e-04 
5.225412e-04 
5.225412e-04 
5.225412e-04 
5.225412e-04 
5.225412e-04 
5.225412e-04 
5.225412e-04 
5.225412e-04 
5.225412e-04 
5.225412e-04 
5.225412e-04 
5.225412e-04 
5.225412e-04 
5.225412e-04 
5.225412e-04 
5.225412e-04 
5.225412e-04 
5.225412e-04 
5.225412e-04 
5.225412e-04 
5.225412e-04 
5.225412e-04 
5.225412e-04 
5.225412e-04 
5.225412e-04 
5.225412e-04 
5.225412e-04 
5.225412e-04 
5.225412e-04 
5.225412e-04 
5.225412e-04 
5.225412e-04 
5.225412e-04 
5.225412e-04 
5.225412e-04 
5.225412e-04 
5.225412e-04 
5.225412e-04 
5.225412e-04 
5.225412e-04 
5.225412e-04 
5.225412e-04 
5.225412e-04 
5.225412e-04 
5.225412e-04 
5.225412e-04 
5.225412e-04 
5.225412e-04 
5.225412e-04 
5.225412e-04 
5.225412e-04 
5.225412e-04 
5.225412e-04 
5.225412e-04 
5.225412e-04 
5.225412e-04 
5.225412e-04 
5.225412e-04 
5.225412e-04 
5.225412e-04 
5.225412e-04 
5.225412e-04 
5.225412e-04 
5.225412e-04 
5.225412e-04 
5.225412e-04 
5.225412e-04 
5.225412e-04 
5.225412e-04 
5.225412e-04 
5.225412e-04 
5.225412e-04 
5.225412e-04 
5.225412e-04 
5.225412e-04 
5.225412e-04 
5.225412e-04 
5.225412e-04 
5.225412e-04 
5.225412e-04 
5.225412e-04 
5.225412e-04 
5.225412e-04 
5.225412e-04 
5.225412e-04 
5.225412e-04 
5.225412e-04 
5.225412e-04 
5.225412e-04 
5.225412e-04 
5.225412e-04 
5.225412e-04 
5.225412e-04 
5.225412e-04 
5.225412e-04 
5.225412e-04 
5.225412e-04 
5.225412e-04 
5.225412e-04 
5.225412e-04 
5.225412e-04 
5.225412e-04 
5.225412e-04 
5.225412e-04 
5.225412e-04 
5.225412e-04 
5.225412e-04 
5.225412e-04 
5.225412e-04 
5.225412e-04 
5.225412e-04 
5.225412e-04 
5.225412e-04 
5.225412e-04 
5.262251e-04 
5.444987e-04 
5.661286e-04 
5.889717e-04 
6.131228e-04 
6.423013e-04 
6.695373e-04 
6.981129e-04 
7.280877e-04 
7.196666e-04 
7.531719e-04 
7.890350e-04 
8.273355e-04 
8.682881e-04 
9.121521e-04 
9.590971e-04 
1.009427e-03 
1.063489e-03 
1.121688e-03 
1.184261e-03 
1.251616e-03 
1.324227e-03 
1.402629e-03 
1.487402e-03 
1.579275e-03 
1.678627e-03 
1.787007e-03 
1.904880e-03 
2.030712e-03 
2.170994e-03 
2.324607e-03 
2.493172e-03 
2.678542e-03 
2.846361e-03 
3.067976e-03 
3.313171e-03 
3.585479e-03 
3.888255e-03 
4.226342e-03 
4.604626e-03 
5.029263e-03 
5.507532e-03 
6.048100e-03 
6.781958e-03 
7.498725e-03 
8.318065e-03 
9.261043e-03 
1.034909e-02 
1.161370e-02 
1.308912e-02 
1.482120e-02 
1.686740e-02 
1.945080e-02 
2.240255e-02 
2.597228e-02 
3.031513e-02 
3.579211e-02 
4.245942e-02 
5.090141e-02 
6.155825e-02 
7.507860e-02 
9.233122e-02 
1.143462e-01 
1.420935e-01 
1.763924e-01 
2.172844e-01 
2.641530e-01 
3.155287e-01 
3.698759e-01 
4.257005e-01 
4.818605e-01 
5.377902e-01 
5.926208e-01 
6.462501e-01 
6.982062e-01 
7.481405e-01 
7.956468e-01 
8.401958e-01 
8.810646e-01 
9.174754e-01 
9.483773e-01 
9.542484e-01 
9.542484e-01 
9.542484e-01 
9.542484e-01 
9.542484e-01 
9.542484e-01 
9.542484e-01 
9.542484e-01 
9.542484e-01 
9.542484e-01 
9.542484e-01 
9.542484e-01 
9.542484e-01 
9.542484e-01 
9.542484e-01 
9.542484e-01 
9.542484e-01 
9.542484e-01 
9.542484e-01 
9.542484e-01 
9.542484e-01 
9.542484e-01 
9.542484e-01 
9.542484e-01 
9.542484e-01 
9.542484e-01 
9.542484e-01 
9.542484e-01 
9.542484e-01 
9.542484e-01 
9.542484e-01 
9.542484e-01 
9.542484e-01 
9.542484e-01 
9.542484e-01 
9.542484e-01 
9.542484e-01 
9.542484e-01 
9.542484e-01 
9.542484e-01 
9.542484e-01 
9.542484e-01 
9.542484e-01 
9.542484e-01 
9.542484e-01 
9.542484e-01 
9.542484e-01 
9.542484e-01 
9.542484e-01 
9.542484e-01 
9.542484e-01 
9.542484e-01 
9.542484e-01 
9.542484e-01 
9.542484e-01 
9.542484e-01 
9.542484e-01 
9.542484e-01 
9.542484e-01 
9.542484e-01 
9.542484e-01 
9.542484e-01 
9.542484e-01 
9.542484e-01 
9.542484e-01 
9.542484e-01 
9.542484e-01 
9.542484e-01 
9.542484e-01 
9.542484e-01 
9.542484e-01 
9.542484e-01 
9.542484e-01 
9.542484e-01 
9.542484e-01 
9.542484e-01 
9.542484e-01 
9.542484e-01 
9.542484e-01 
9.542484e-01 
9.542484e-01 
9.542484e-01 
9.542484e-01 
9.542484e-01 
9.542484e-01 
9.542484e-01 
9.542484e-01 
9.542484e-01 
9.542484e-01 
9.542484e-01 
9.542484e-01 
9.542484e-01 
9.542484e-01 
9.542484e-01 
9.542484e-01 
9.542484e-01 
9.542484e-01 
9.542484e-01 
9.542484e-01 
9.542484e-01 
9.542484e-01 
9.542484e-01 
9.542484e-01 
9.542484e-01 
9.542484e-01 
9.542484e-01 
9.542484e-01 
9.542484e-01 
9.542484e-01 
9.542484e-01 
9.542484e-01 
9.542484e-01 
9.542484e-01 
9.542484e-01 
9.542484e-01 
9.542484e-01 
9.542484e-01 
9.542484e-01 
9.542484e-01 
9.542484e-01 
9.542484e-01 
9.542484e-01 
9.542484e-01 
9.542484e-01 
9.542484e-01 
9.542484e-01 
9.542484e-01 
9.542484e-01 
9.542484e-01 
9.542484e-01 
9.542484e-01 
9.542484e-01 
9.542484e-01 
9.542484e-01 
9.542484e-01 
9.542484e-01 
9.542484e-01 
9.542484e-01 
9.542484e-01 
9.542484e-01 
9.542484e-01 
9.542484e-01 
9.542484e-01 
9.542484e-01 
9.542484e-01 
9.542484e-01 
9.542484e-01 
9.542484e-01 
9.542484e-01 
9.542484e-01 
9.542484e-01 
9.542484e-01 
9.542484e-01 
9.542484e-01 
9.542484e-01 
9.542484e-01 
9.542484e-01 
9.542484e-01 
9.542484e-01 
9.542484e-01 
9.542484e-01 
9.542484e-01 
9.542484e-01 
9.542484e-01 
9.542484e-01 
9.542484e-01 
9.542484e-01 
9.542484e-01 
9.542484e-01 
9.542484e-01 
9.542482e-01 
9.542481e-01 
9.542479e-01 
9.542477e-01 
9.542475e-01 
9.542474e-01 
9.542471e-01 
9.542468e-01 
9.542467e-01 
9.542465e-01 
9.542461e-01 
9.542459e-01 
9.542455e-01 
9.542452e-01 
9.542448e-01 
9.542445e-01 
9.542441e-01 
9.542436e-01 
9.542434e-01 
9.542429e-01 
9.542425e-01 
9.542421e-01 
9.542418e-01 
9.542414e-01 
9.542410e-01 
9.542407e-01 
9.542404e-01 
9.542401e-01 
9.542398e-01 
9.542395e-01 
9.542393e-01 
9.542390e-01 
9.542388e-01 
9.542386e-01 
9.542383e-01 
9.542381e-01 
9.542379e-01 
9.542378e-01 
9.542376e-01
#[#TRACE_DATA]
#[#TRACE]
