Running 1 simulations with a radial tolerance of 0.001000
Running simulation 0
design_bus_layout_inputs_icUsed = 5

Io host mando questi al device:
10187 10188 10189 10190 10191 

[1, 0]: 256: ECCOLO: 0
[28, 0]: 7168: ECCOLO: 0
[1, 1]: 257: ECCOLO: 0
[28, 1]: 7169: ECCOLO: 0
[1, 2]: 258: ECCOLO: 0
[28, 2]: 7170: ECCOLO: 0
[1, 3]: 259: ECCOLO: 0
[28, 3]: 7171: ECCOLO: 0
[1, 4]: 260: ECCOLO: 0
[31, 0]: 7936: ECCOLO: 0
[28, 4]: 7172: ECCOLO: 0
[18, 0]: 4608: ECCOLO: 0
[31, 1]: 7937: ECCOLO: 0
[18, 1]: 4609: ECCOLO: 0
[31, 2]: 7938: ECCOLO: 0
[18, 2]: 4610: ECCOLO: 0
[31, 3]: 7939: ECCOLO: 0
[18, 3]: 4611: ECCOLO: 0
[31, 4]: 7940: ECCOLO: 0
[11, 0]: 2816: ECCOLO: 0
[18, 4]: 4612: ECCOLO: 0
[2, 0]: 512: ECCOLO: 0
[8, 0]: 2048: ECCOLO: 0
[8, 1]: 2049: ECCOLO: 0
[11, 1]: 2817: ECCOLO: 0
[8, 2]: 2050: ECCOLO: 0
[11, 2]: 2818: ECCOLO: 0
[8, 3]: 2051: ECCOLO: 0
[11, 3]: 2819: ECCOLO: 0
[11, 4]: 2820: ECCOLO: 0
[21, 0]: 5376: ECCOLO: 0
[2, 1]: 513: ECCOLO: 0
[8, 4]: 2052: ECCOLO: 0
[38, 0]: 9728: ECCOLO: 0
[38, 1]: 9729: ECCOLO: 0
[38, 2]: 9730: ECCOLO: 0
[9, 0]: 2304: ECCOLO: 0
[38, 3]: 9731: ECCOLO: 0
[9, 1]: 2305: ECCOLO: 0
[21, 1]: 5377: ECCOLO: 0
[21, 2]: 5378: ECCOLO: 0
[2, 2]: 514: ECCOLO: 0
[38, 4]: 9732: ECCOLO: 0
[9, 2]: 2306: ECCOLO: 0
[9, 3]: 2307: ECCOLO: 0
[9, 4]: 2308: ECCOLO: 0
[39, 0]: 9984: ECCOLO: 0
[39, 1]: 9985: ECCOLO: 0
[39, 2]: 9986: ECCOLO: 0
[21, 3]: 5379: ECCOLO: 0
[21, 4]: 5380: ECCOLO: 0
[2, 3]: 515: ECCOLO: 0
[17, 0]: 4352: ECCOLO: 0
[17, 1]: 4353: ECCOLO: 0
[17, 2]: 4354: ECCOLO: 0
[17, 3]: 4355: ECCOLO: 0
[17, 4]: 4356: ECCOLO: 0
[39, 3]: 9987: ECCOLO: 0
[39, 4]: 9988: ECCOLO: 0
[0, 0]: 0: ECCOLO: 0
[2, 4]: 516: ECCOLO: 0
[32, 0]: 8192: ECCOLO: 0
[7, 0]: 1792: ECCOLO: 0
[7, 1]: 1793: ECCOLO: 0
[7, 2]: 1794: ECCOLO: 0
[7, 3]: 1795: ECCOLO: 0
[7, 4]: 1796: ECCOLO: 0
[19, 0]: 4864: ECCOLO: 0
[19, 1]: 4865: ECCOLO: 0
[0, 1]: 1: ECCOLO: 0
[32, 1]: 8193: ECCOLO: 0
[32, 2]: 8194: ECCOLO: 0
[37, 0]: 9472: ECCOLO: 0
[37, 1]: 9473: ECCOLO: 0
[37, 2]: 9474: ECCOLO: 0
[37, 3]: 9475: ECCOLO: 0
[37, 4]: 9476: ECCOLO: 0
[19, 2]: 4866: ECCOLO: 0
[19, 3]: 4867: ECCOLO: 0
[0, 2]: 2: ECCOLO: 0
[32, 3]: 8195: ECCOLO: 0
[32, 4]: 8196: ECCOLO: 0
[27, 0]: 6912: ECCOLO: 0
[27, 1]: 6913: ECCOLO: 0
[27, 2]: 6914: ECCOLO: 0
[27, 3]: 6915: ECCOLO: 0
[27, 4]: 6916: ECCOLO: 0
[19, 4]: 4868: ECCOLO: 0
[29, 0]: 7424: ECCOLO: 0
[0, 3]: 3: ECCOLO: 0
[12, 0]: 3072: ECCOLO: 0
[12, 1]: 3073: ECCOLO: 0
[3, 0]: 768: ECCOLO: 0
[29, 1]: 7425: ECCOLO: 0
[29, 2]: 7426: ECCOLO: 0
[29, 3]: 7427: ECCOLO: 0
[29, 4]: 7428: ECCOLO: 0
[0, 4]: 4: ECCOLO: 0
[30, 0]: 7680: ECCOLO: 0
[30, 1]: 7681: ECCOLO: 0
[12, 2]: 3074: ECCOLO: 0
[12, 3]: 3075: ECCOLO: 0
[3, 1]: 769: ECCOLO: 0
[30, 2]: 7682: ECCOLO: 0
[30, 3]: 7683: ECCOLO: 0
[30, 4]: 7684: ECCOLO: 0
[10, 0]: 2560: ECCOLO: 0
[10, 1]: 2561: ECCOLO: 0
[10, 2]: 2562: ECCOLO: 0
[10, 3]: 2563: ECCOLO: 0
[12, 4]: 3076: ECCOLO: 0
[22, 0]: 5632: ECCOLO: 0
[3, 2]: 770: ECCOLO: 0
[16, 0]: 4096: ECCOLO: 0
[10, 4]: 2564: ECCOLO: 0
[16, 1]: 4097: ECCOLO: 0
[20, 0]: 5120: ECCOLO: 0
[20, 1]: 5121: ECCOLO: 0
[20, 2]: 5122: ECCOLO: 0
[20, 3]: 5123: ECCOLO: 0
[22, 1]: 5633: ECCOLO: 0
[22, 2]: 5634: ECCOLO: 0
[3, 3]: 771: ECCOLO: 0
[16, 2]: 4098: ECCOLO: 0
[16, 3]: 4099: ECCOLO: 0
[20, 4]: 5124: ECCOLO: 0
[22, 3]: 5635: ECCOLO: 0
[22, 4]: 5636: ECCOLO: 0
[3, 4]: 772: ECCOLO: 0
[4, 0]: 1024: ECCOLO: 0
[5, 0]: 1280: ECCOLO: 0
[16, 4]: 4100: ECCOLO: 0
[33, 0]: 8448: ECCOLO: 0
[4, 1]: 1025: ECCOLO: 0
[5, 1]: 1281: ECCOLO: 0
[6, 0]: 1536: ECCOLO: 0
[33, 1]: 8449: ECCOLO: 0
[4, 2]: 1026: ECCOLO: 0
[5, 2]: 1282: ECCOLO: 0
[6, 1]: 1537: ECCOLO: 0
[33, 2]: 8450: ECCOLO: 0
[4, 3]: 1027: ECCOLO: 0
[5, 3]: 1283: ECCOLO: 0
[6, 2]: 1538: ECCOLO: 0
[33, 3]: 8451: ECCOLO: 0
[4, 4]: 1028: ECCOLO: 0
[5, 4]: 1284: ECCOLO: 0
[6, 3]: 1539: ECCOLO: 0
[33, 4]: 8452: ECCOLO: 0
[34, 0]: 8704: ECCOLO: 0
[35, 0]: 8960: ECCOLO: 0
[6, 4]: 1540: ECCOLO: 0
[13, 0]: 3328: ECCOLO: 0
[34, 1]: 8705: ECCOLO: 0
[35, 1]: 8961: ECCOLO: 0
[36, 0]: 9216: ECCOLO: 0
[13, 1]: 3329: ECCOLO: 0
[34, 2]: 8706: ECCOLO: 0
[35, 2]: 8962: ECCOLO: 0
[36, 1]: 9217: ECCOLO: 0
[13, 2]: 3330: ECCOLO: 0
[34, 3]: 8707: ECCOLO: 0
[35, 3]: 8963: ECCOLO: 0
[36, 2]: 9218: ECCOLO: 0
[13, 3]: 3331: ECCOLO: 0
[34, 4]: 8708: ECCOLO: 0
[35, 4]: 8964: ECCOLO: 0
[36, 3]: 9219: ECCOLO: 0
[13, 4]: 3332: ECCOLO: 0
[14, 0]: 3584: ECCOLO: 0
[15, 0]: 3840: ECCOLO: 0
[36, 4]: 9220: ECCOLO: 0
[23, 0]: 5888: ECCOLO: 0
[14, 1]: 3585: ECCOLO: 0
[15, 1]: 3841: ECCOLO: 0
[26, 0]: 6656: ECCOLO: 0
[23, 1]: 5889: ECCOLO: 0
[14, 2]: 3586: ECCOLO: 0
[15, 2]: 3842: ECCOLO: 0
[26, 1]: 6657: ECCOLO: 0
[23, 2]: 5890: ECCOLO: 0
[14, 3]: 3587: ECCOLO: 0
[15, 3]: 3843: ECCOLO: 0
[26, 2]: 6658: ECCOLO: 0
[23, 3]: 5891: ECCOLO: 0
[14, 4]: 3588: ECCOLO: 0
[15, 4]: 3844: ECCOLO: 0
[26, 3]: 6659: ECCOLO: 0
[23, 4]: 5892: ECCOLO: 0
[24, 0]: 6144: ECCOLO: 0
[25, 0]: 6400: ECCOLO: 0
[26, 4]: 6660: ECCOLO: 0
[24, 1]: 6145: ECCOLO: 0
[25, 1]: 6401: ECCOLO: 0
[24, 2]: 6146: ECCOLO: 0
[25, 2]: 6402: ECCOLO: 0
[24, 3]: 6147: ECCOLO: 0
[25, 3]: 6403: ECCOLO: 0
[24, 4]: 6148: ECCOLO: 0
[25, 4]: 6404: ECCOLO: 0
[39, 207]: is 10189?
[39, 207]: is 10190?
[39, 207]: is 0?
	Processing time1: 0.000000 (s)
	Processing time2: 10058468.000000 (ns)

Launch conclusa

Simulation Time: 38 seconds
