#[TRACE]
#data_labels=Output
#[TRACE_DATA]
9.542374e-01 
9.542372e-01 
9.542370e-01 
9.542369e-01 
9.542368e-01 
9.542367e-01 
9.542364e-01 
9.542363e-01 
9.542362e-01 
9.542361e-01 
9.542359e-01 
9.542358e-01 
9.542358e-01 
9.542357e-01 
9.542356e-01 
9.542355e-01 
9.542354e-01 
9.542353e-01 
9.542351e-01 
9.542351e-01 
9.542350e-01 
9.542350e-01 
9.542348e-01 
9.542348e-01 
9.542347e-01 
9.542346e-01 
9.542346e-01 
9.542345e-01 
9.542345e-01 
9.542344e-01 
9.542343e-01 
9.542342e-01 
9.542342e-01 
9.542341e-01 
9.542341e-01 
9.542340e-01 
9.542339e-01 
9.542339e-01 
9.542339e-01 
9.542339e-01 
9.542338e-01 
9.542337e-01 
9.542338e-01 
9.542338e-01 
9.542338e-01 
9.542338e-01 
9.542338e-01 
9.542338e-01 
9.542338e-01 
9.542338e-01 
9.542338e-01 
9.542338e-01 
9.542338e-01 
9.542338e-01 
9.542338e-01 
9.542338e-01 
9.542338e-01 
9.542338e-01 
9.542338e-01 
9.542338e-01 
9.542338e-01 
9.542338e-01 
9.542338e-01 
9.542338e-01 
9.542338e-01 
9.542338e-01 
9.542338e-01 
9.542338e-01 
9.542338e-01 
9.542338e-01 
9.542338e-01 
9.542338e-01 
9.542338e-01 
9.542338e-01 
9.542338e-01 
9.542338e-01 
9.542338e-01 
9.542338e-01 
9.542338e-01 
9.542338e-01 
9.542338e-01 
9.542338e-01 
9.542338e-01 
9.542338e-01 
9.542338e-01 
9.542338e-01 
9.542338e-01 
9.542338e-01 
9.542338e-01 
9.542338e-01 
9.542338e-01 
9.542338e-01 
9.542338e-01 
9.542338e-01 
9.542338e-01 
9.542338e-01 
9.542338e-01 
9.542338e-01 
9.542338e-01 
9.542338e-01 
9.542338e-01 
9.542338e-01 
9.542338e-01 
9.542338e-01 
9.542338e-01 
9.542338e-01 
9.542338e-01 
9.542338e-01 
9.542338e-01 
9.542338e-01 
9.542338e-01 
9.542338e-01 
9.542338e-01 
9.542338e-01 
9.542338e-01 
9.542338e-01 
9.542338e-01 
9.542338e-01 
9.542338e-01 
9.542338e-01 
9.542338e-01 
9.542338e-01 
9.542338e-01 
9.542338e-01 
9.542338e-01 
9.542338e-01 
9.542338e-01 
9.542338e-01 
9.542338e-01 
9.542338e-01 
9.542338e-01 
9.542338e-01 
9.542338e-01 
9.542338e-01 
9.542338e-01 
9.542338e-01 
9.542338e-01 
9.542338e-01 
9.542338e-01 
9.542338e-01 
9.542338e-01 
9.542338e-01 
9.542338e-01 
9.542338e-01 
9.542338e-01 
9.542338e-01 
9.542338e-01 
9.542338e-01 
9.542338e-01 
9.542338e-01 
9.542338e-01 
9.542338e-01 
9.542338e-01 
9.542338e-01 
9.542338e-01 
9.542338e-01 
9.542338e-01 
9.542338e-01 
9.542338e-01 
9.542338e-01 
9.542338e-01 
9.542338e-01 
9.542338e-01 
9.542338e-01 
9.542338e-01 
9.542338e-01 
9.542338e-01 
9.542338e-01 
9.542338e-01 
9.542338e-01 
9.542338e-01 
9.542338e-01 
9.542338e-01 
9.542338e-01 
9.542338e-01 
9.542338e-01 
9.542338e-01 
9.542338e-01 
9.542338e-01 
9.542338e-01 
9.542338e-01 
9.542338e-01 
9.542338e-01 
9.542338e-01 
9.542338e-01 
9.542338e-01 
9.542338e-01 
9.542338e-01 
9.542338e-01 
9.542338e-01 
9.542338e-01 
9.542338e-01 
9.542338e-01 
9.542338e-01 
9.542338e-01 
9.542338e-01 
9.542338e-01 
9.542338e-01 
9.542338e-01 
9.542338e-01 
9.542338e-01 
9.542338e-01 
9.542338e-01 
9.542338e-01 
9.542338e-01 
9.542338e-01 
9.542338e-01 
9.542338e-01 
9.542338e-01 
9.542338e-01 
9.483868e-01 
9.174330e-01 
8.809677e-01 
8.399240e-01 
7.950553e-01 
7.469459e-01 
6.958995e-01 
6.420023e-01 
5.850021e-01 
5.243264e-01 
4.586333e-01 
3.856281e-01 
3.001558e-01 
1.876503e-01 
2.898891e-02 
6.769458e-03 
2.216888e-03 
1.251453e-03 
8.510025e-04 
6.156574e-04 
4.643325e-04 
3.610530e-04 
2.877250e-04 
2.334646e-04 
1.925903e-04 
1.613906e-04 
1.358874e-04 
1.155876e-04 
1.002643e-04 
8.663852e-05 
7.539918e-05 
6.604299e-05 
5.818854e-05 
5.154224e-05 
4.693199e-05 
4.193077e-05 
3.760884e-05 
3.386520e-05 
3.060573e-05 
2.775429e-05 
2.524842e-05 
2.303778e-05 
2.107974e-05 
1.933940e-05 
1.778714e-05 
1.639838e-05 
1.515220e-05 
1.403057e-05 
1.284905e-05 
1.195057e-05 
1.113550e-05 
1.039424e-05 
9.718507e-06 
9.101468e-06 
8.526828e-06 
8.010297e-06 
7.534964e-06 
7.097826e-06 
6.693494e-06 
6.315432e-06 
5.953666e-06 
5.568540e-06 
5.052992e-06 
4.227278e-06 
3.137446e-06 
2.076797e-06 
1.097799e-06 
2.340829e-07 
-5.095645e-07 
-1.147499e-06 
-1.683788e-06 
-2.184673e-06 
-2.548845e-06 
-2.918698e-06 
-3.224751e-06 
-3.383783e-06 
-3.593422e-06 
-3.751503e-06 
-3.777334e-06 
-3.856165e-06 
-3.891887e-06 
-3.953503e-06 
-3.961363e-06 
-3.966533e-06 
-3.967285e-06 
-3.967353e-06 
-3.967357e-06 
-3.967359e-06 
-3.967359e-06 
-3.967359e-06 
-3.967359e-06 
-3.967359e-06 
-3.967359e-06 
-3.967359e-06 
-3.967359e-06 
-3.967359e-06 
-3.967359e-06 
-3.967359e-06 
-3.967359e-06 
-3.967359e-06 
-3.967359e-06 
-3.967359e-06 
-3.967359e-06 
-3.967359e-06 
-3.967359e-06 
-3.967359e-06 
-3.967359e-06 
-3.967359e-06 
-3.967359e-06 
-3.967359e-06 
-3.967359e-06 
-3.967359e-06 
-3.967359e-06 
-3.967359e-06 
-3.967359e-06 
-3.967359e-06 
-3.967359e-06 
-3.967359e-06 
-3.967359e-06 
-3.967359e-06 
-3.967359e-06 
-3.967359e-06 
-3.967359e-06 
-3.967359e-06 
-3.967359e-06 
-3.967359e-06 
-3.967359e-06 
-3.967359e-06 
-3.967359e-06 
-3.967359e-06 
-3.967359e-06 
-3.967359e-06 
-3.967359e-06 
-3.967359e-06 
-3.967359e-06 
-3.967359e-06 
-3.967359e-06 
-3.967359e-06 
-3.967359e-06 
-3.967359e-06 
-3.967359e-06 
-3.967359e-06 
-3.967359e-06 
-3.967359e-06 
-3.967359e-06 
-3.967359e-06 
-3.967359e-06 
-3.967359e-06 
-3.967359e-06 
-3.967359e-06 
-3.967359e-06 
-3.967359e-06 
-3.967359e-06 
-3.967359e-06 
-3.967359e-06 
-3.967359e-06 
-3.967359e-06 
-3.967359e-06 
-3.967359e-06 
-3.967359e-06 
-3.967359e-06 
-3.967359e-06 
-3.967359e-06 
-3.967359e-06 
-3.967359e-06 
-3.967359e-06 
-3.967359e-06 
-3.967359e-06 
-3.967359e-06 
-3.967359e-06 
-3.967359e-06 
-3.967359e-06 
-3.967359e-06 
-3.967359e-06 
-3.967359e-06 
-3.967359e-06 
-3.967359e-06 
-3.967359e-06 
-3.967359e-06 
-3.967359e-06 
-3.967359e-06 
-3.967359e-06 
-3.967359e-06 
-3.967359e-06 
-3.967359e-06 
-3.967359e-06 
-3.967359e-06 
-3.967359e-06 
-3.967359e-06 
-3.967359e-06 
-3.967359e-06 
-3.967359e-06 
-3.967359e-06 
-3.967359e-06 
-3.967359e-06 
-3.967359e-06 
-3.967359e-06 
-3.967359e-06 
-3.967359e-06 
-3.967359e-06 
-3.967359e-06 
-3.967359e-06 
-3.967359e-06 
-3.967359e-06 
-3.967359e-06 
-3.967359e-06 
-3.967359e-06 
-3.967359e-06 
-3.967359e-06 
-3.967359e-06 
-3.967359e-06 
-3.967359e-06 
-3.967359e-06 
-3.967359e-06 
-3.967359e-06 
-3.967359e-06 
-3.967359e-06 
-3.967359e-06 
-3.967359e-06 
-3.967359e-06 
-3.967359e-06 
-3.967359e-06 
-3.967359e-06 
-3.967359e-06 
-3.967359e-06 
-3.967359e-06 
-3.967359e-06 
-3.967359e-06 
-3.967359e-06 
-3.967359e-06 
-3.967359e-06 
-3.967359e-06 
-3.967359e-06 
-3.967359e-06 
-3.967359e-06 
-3.967359e-06 
-3.967359e-06 
-3.967359e-06 
-3.967359e-06 
-3.967359e-06 
-3.967359e-06 
-3.967359e-06 
-3.967359e-06 
-3.967359e-06 
-3.967359e-06 
-3.967359e-06 
-3.967359e-06 
-3.967359e-06 
-3.967359e-06 
-3.967359e-06 
-3.961086e-06 
-3.924968e-06 
-3.863648e-06 
-3.798568e-06 
-3.690192e-06 
-3.614236e-06 
-3.533361e-06 
-3.447179e-06 
-3.355306e-06 
-3.257293e-06 
-3.151399e-06 
-3.038915e-06 
-2.919511e-06 
-2.790887e-06 
-2.652963e-06 
-2.505060e-06 
-2.346388e-06 
-2.175957e-06 
-1.992791e-06 
-1.795688e-06 
-1.583436e-06 
-1.354604e-06 
-1.107605e-06 
-8.407617e-07 
-5.519818e-07 
-2.404772e-07 
9.796148e-08 
4.314812e-07 
8.262118e-07 
1.255705e-06 
1.723563e-06 
2.234050e-06 
2.791793e-06 
3.402116e-06 
4.071139e-06 
4.805559e-06 
5.613302e-06 
6.071180e-06 
7.008242e-06 
8.044991e-06 
9.192461e-06 
1.046473e-05 
1.187804e-05 
1.423978e-05 
1.608296e-05 
1.814176e-05 
2.044647e-05 
2.302946e-05 
2.592811e-05 
2.918364e-05 
3.284159e-05 
3.695210e-05 
4.234296e-05 
4.760670e-05 
5.348409e-05 
6.002472e-05 
6.752800e-05 
7.550914e-05 
8.422697e-05 
9.372686e-05 
1.038952e-04 
1.147414e-04 
1.262441e-04 
1.383785e-04 
1.511229e-04 
1.644739e-04 
1.784425e-04 
1.930726e-04 
2.084245e-04 
2.246012e-04 
2.417534e-04 
2.599480e-04 
2.793972e-04 
3.000495e-04 
3.225069e-04 
3.466610e-04 
3.725247e-04 
3.999235e-04 
4.132943e-04 
4.417879e-04 
4.696081e-04 
4.869200e-04 
4.897695e-04 
4.899031e-04 
4.899101e-04 
4.899106e-04 
4.899106e-04 
4.899106e-04 
4.899106e-04 
4.899106e-04 
4.899106e-04 
4.899106e-04 
4.899106e-04 
4.899106e-04 
4.899106e-04 
4.899106e-04 
4.899106e-04 
4.899106e-04 
4.899106e-04 
4.899106e-04 
4.899106e-04 
4.899106e-04 
4.899106e-04 
4.899106e-04 
4.899106e-04 
4.899106e-04 
4.899106e-04 
4.899106e-04 
4.899106e-04 
4.899106e-04 
4.899106e-04 
4.899106e-04 
4.899106e-04 
4.899106e-04 
4.899106e-04 
4.899106e-04 
4.899106e-04 
4.899106e-04 
4.899106e-04 
4.899106e-04 
4.899106e-04 
4.899106e-04 
4.899106e-04 
4.899106e-04 
4.899106e-04 
4.899106e-04 
4.899106e-04 
4.899106e-04 
4.899106e-04 
4.899106e-04 
4.899106e-04 
4.899106e-04 
4.899106e-04 
4.899106e-04 
4.899106e-04 
4.899106e-04 
4.899106e-04 
4.899106e-04 
4.899106e-04 
4.899106e-04 
4.899106e-04 
4.899106e-04 
4.899106e-04 
4.899106e-04 
4.899106e-04 
4.899106e-04 
4.899106e-04 
4.899106e-04 
4.899106e-04 
4.899106e-04 
4.899106e-04 
4.899106e-04 
4.899106e-04 
4.899106e-04 
4.899106e-04 
4.899106e-04 
4.899106e-04 
4.899106e-04 
4.899106e-04 
4.899106e-04 
4.899106e-04 
4.899106e-04 
4.899106e-04 
4.899106e-04 
4.899106e-04 
4.899106e-04 
4.899106e-04 
4.899106e-04 
4.899106e-04 
4.899106e-04 
4.899106e-04 
4.899106e-04 
4.899106e-04 
4.899106e-04 
4.899106e-04 
4.899106e-04 
4.899106e-04 
4.899106e-04 
4.899106e-04 
4.899106e-04 
4.899106e-04 
4.899106e-04 
4.899106e-04 
4.899106e-04 
4.899106e-04 
4.899106e-04 
4.899106e-04 
4.899106e-04 
4.899106e-04 
4.899106e-04 
4.899106e-04 
4.899106e-04 
4.899106e-04 
4.899106e-04 
4.899106e-04 
4.899106e-04 
4.899106e-04 
4.899106e-04 
4.899106e-04 
4.899106e-04 
4.899106e-04 
4.899106e-04 
4.899106e-04 
4.899106e-04 
4.899106e-04 
4.899106e-04 
4.899106e-04 
4.899106e-04 
4.899106e-04 
4.899106e-04 
4.899106e-04 
4.899106e-04 
4.899106e-04 
4.899106e-04 
4.899106e-04 
4.899106e-04 
4.899106e-04 
4.899106e-04 
4.899106e-04 
4.899106e-04 
4.899106e-04 
4.899106e-04 
4.899106e-04 
4.899106e-04 
4.899106e-04 
4.899106e-04 
4.899106e-04 
4.899106e-04 
4.899106e-04 
4.899106e-04 
4.899106e-04 
4.899106e-04 
4.899106e-04 
4.899106e-04 
4.899106e-04 
4.899106e-04 
4.899106e-04 
4.899106e-04 
4.899106e-04 
4.899106e-04 
4.899106e-04 
4.899106e-04 
4.899106e-04 
4.899106e-04 
4.899106e-04 
4.899106e-04 
4.899106e-04 
4.899106e-04 
4.899106e-04 
4.899106e-04 
4.933781e-04 
5.105902e-04 
5.311235e-04 
5.528653e-04 
5.759008e-04 
6.039464e-04 
6.301302e-04 
6.579551e-04 
6.875418e-04 
7.195089e-04 
7.531237e-04 
7.890359e-04 
8.273334e-04 
8.682877e-04 
9.121061e-04 
9.590636e-04 
1.009431e-03 
1.063527e-03 
1.121694e-03 
1.184275e-03 
1.251632e-03 
1.324244e-03 
1.402659e-03 
1.487448e-03 
1.579261e-03 
1.678666e-03 
1.786980e-03 
1.904945e-03 
2.030611e-03 
2.170908e-03 
2.324515e-03 
2.493100e-03 
2.678466e-03 
2.846314e-03 
3.067846e-03 
3.313134e-03 
3.585378e-03 
3.888272e-03 
4.226243e-03 
4.604519e-03 
5.029168e-03 
5.507494e-03 
6.048074e-03 
6.661388e-03 
7.359788e-03 
8.158454e-03 
9.075862e-03 
1.013445e-02 
1.136225e-02 
1.308787e-02 
1.482079e-02 
1.686722e-02 
1.930058e-02 
2.221521e-02 
2.597112e-02 
3.031775e-02 
3.565636e-02 
4.245930e-02 
5.094089e-02 
6.157026e-02 
7.508419e-02 
9.233875e-02 
1.143403e-01 
1.421101e-01 
1.763890e-01 
2.173146e-01 
2.641560e-01 
3.155413e-01 
3.698889e-01 
4.257120e-01 
4.818821e-01 
5.378100e-01 
5.926093e-01 
6.462704e-01 
6.982257e-01 
7.481664e-01 
7.956702e-01 
8.402149e-01 
8.810913e-01 
9.174784e-01 
9.484006e-01 
9.542484e-01 
9.542484e-01 
9.542484e-01 
9.542484e-01 
9.542484e-01 
9.542484e-01 
9.542484e-01 
9.542484e-01 
9.542484e-01 
9.542484e-01 
9.542484e-01 
9.542484e-01 
9.542484e-01 
9.542484e-01 
9.542484e-01 
9.542484e-01 
9.542484e-01 
9.542484e-01 
9.542484e-01 
9.542484e-01 
9.542484e-01 
9.542484e-01 
9.542484e-01 
9.542484e-01 
9.542484e-01 
9.542484e-01 
9.542484e-01 
9.542484e-01 
9.542484e-01 
9.542484e-01 
9.542484e-01 
9.542484e-01 
9.542484e-01 
9.542484e-01 
9.542484e-01 
9.542484e-01 
9.542484e-01 
9.542484e-01 
9.542484e-01 
9.542484e-01 
9.542484e-01 
9.542484e-01 
9.542484e-01 
9.542484e-01 
9.542484e-01 
9.542484e-01 
9.542484e-01 
9.542484e-01 
9.542484e-01 
9.542484e-01 
9.542484e-01 
9.542484e-01 
9.542484e-01 
9.542484e-01 
9.542484e-01 
9.542484e-01 
9.542484e-01 
9.542484e-01 
9.542484e-01 
9.542484e-01 
9.542484e-01 
9.542484e-01 
9.542484e-01 
9.542484e-01 
9.542484e-01 
9.542484e-01 
9.542484e-01 
9.542484e-01 
9.542484e-01 
9.542484e-01 
9.542484e-01 
9.542484e-01 
9.542484e-01 
9.542484e-01 
9.542484e-01 
9.542484e-01 
9.542484e-01 
9.542484e-01 
9.542484e-01 
9.542484e-01 
9.542484e-01 
9.542484e-01 
9.542484e-01 
9.542484e-01 
9.542484e-01 
9.542484e-01 
9.542484e-01 
9.542484e-01 
9.542484e-01 
9.542484e-01 
9.542484e-01 
9.542484e-01 
9.542484e-01 
9.542484e-01 
9.542484e-01 
9.542484e-01 
9.542484e-01 
9.542484e-01 
9.542484e-01 
9.542484e-01 
9.542484e-01 
9.542484e-01 
9.542484e-01 
9.542484e-01 
9.542484e-01 
9.542484e-01 
9.542484e-01 
9.542484e-01 
9.542484e-01 
9.542484e-01 
9.542484e-01 
9.542484e-01 
9.542484e-01 
9.542484e-01 
9.542484e-01 
9.542484e-01 
9.542484e-01 
9.542484e-01 
9.542484e-01 
9.542484e-01 
9.542484e-01 
9.542484e-01 
9.542484e-01 
9.542484e-01 
9.542484e-01 
9.542484e-01 
9.542484e-01 
9.542484e-01 
9.542484e-01 
9.542484e-01 
9.542484e-01 
9.542484e-01 
9.542484e-01 
9.542484e-01 
9.542484e-01 
9.542484e-01 
9.542484e-01 
9.542484e-01 
9.542484e-01 
9.542484e-01 
9.542484e-01 
9.542484e-01 
9.542484e-01 
9.542484e-01 
9.542484e-01 
9.542484e-01 
9.542484e-01 
9.542484e-01 
9.542484e-01 
9.542484e-01 
9.542484e-01 
9.542484e-01 
9.542484e-01 
9.542484e-01 
9.542484e-01 
9.542484e-01 
9.542484e-01 
9.542484e-01 
9.542484e-01 
9.542484e-01 
9.542484e-01 
9.542484e-01 
9.542484e-01 
9.542484e-01 
9.542484e-01 
9.542484e-01 
9.542484e-01 
9.542484e-01 
9.542484e-01 
9.542484e-01 
9.542482e-01 
9.542481e-01 
9.542480e-01 
9.542477e-01 
9.542475e-01 
9.542474e-01 
9.542471e-01 
9.542468e-01 
9.542467e-01 
9.542465e-01 
9.542461e-01 
9.542459e-01 
9.542455e-01 
9.542452e-01 
9.542448e-01 
9.542445e-01 
9.542441e-01 
9.542436e-01 
9.542434e-01 
9.542429e-01 
9.542425e-01 
9.542421e-01 
9.542418e-01 
9.542414e-01 
9.542410e-01 
9.542407e-01 
9.542404e-01 
9.542400e-01 
9.542398e-01 
9.542395e-01 
9.542392e-01 
9.542390e-01 
9.542388e-01 
9.542385e-01 
9.542383e-01 
9.542381e-01 
9.542379e-01 
9.542378e-01 
9.542376e-01 
9.542374e-01 
9.542372e-01 
9.542370e-01 
9.542369e-01 
9.542368e-01 
9.542367e-01 
9.542365e-01 
9.542363e-01 
9.542362e-01 
9.542361e-01 
9.542359e-01 
9.542359e-01 
9.542358e-01 
9.542357e-01 
9.542356e-01 
9.542355e-01 
9.542354e-01 
9.542353e-01 
9.542351e-01 
9.542351e-01 
9.542350e-01 
9.542350e-01 
9.542348e-01 
9.542348e-01 
9.542347e-01 
9.542346e-01 
9.542345e-01 
9.542345e-01 
9.542345e-01 
9.542344e-01 
9.542343e-01 
9.542342e-01 
9.542342e-01 
9.542341e-01 
9.542341e-01 
9.542340e-01 
9.542340e-01 
9.542339e-01 
9.542339e-01 
9.542338e-01 
9.542338e-01 
9.542338e-01 
9.542338e-01 
9.542338e-01 
9.542338e-01 
9.542338e-01 
9.542338e-01 
9.542338e-01 
9.542338e-01 
9.542338e-01 
9.542338e-01 
9.542338e-01 
9.542338e-01 
9.542338e-01 
9.542338e-01 
9.542338e-01 
9.542338e-01 
9.542338e-01 
9.542338e-01 
9.542338e-01 
9.542338e-01 
9.542338e-01 
9.542338e-01 
9.542338e-01 
9.542338e-01 
9.542338e-01 
9.542338e-01 
9.542338e-01 
9.542338e-01 
9.542338e-01 
9.542338e-01 
9.542338e-01 
9.542338e-01 
9.542338e-01 
9.542338e-01 
9.542338e-01 
9.542338e-01 
9.542338e-01 
9.542338e-01 
9.542338e-01 
9.542338e-01 
9.542338e-01 
9.542338e-01 
9.542338e-01 
9.542338e-01 
9.542338e-01 
9.542338e-01 
9.542338e-01 
9.542338e-01 
9.542338e-01 
9.542338e-01 
9.542338e-01 
9.542338e-01 
9.542338e-01 
9.542338e-01 
9.542338e-01 
9.542338e-01 
9.542338e-01 
9.542338e-01 
9.542338e-01 
9.542338e-01 
9.542338e-01 
9.542338e-01 
9.542338e-01 
9.542338e-01 
9.542338e-01 
9.542338e-01 
9.542338e-01 
9.542338e-01 
9.542338e-01 
9.542338e-01 
9.542338e-01 
9.542338e-01 
9.542338e-01 
9.542338e-01 
9.542338e-01 
9.542338e-01 
9.542338e-01 
9.542338e-01 
9.542338e-01 
9.542338e-01 
9.542338e-01 
9.542338e-01 
9.542338e-01 
9.542338e-01 
9.542338e-01 
9.542338e-01 
9.542338e-01 
9.542338e-01 
9.542338e-01 
9.542338e-01 
9.542338e-01 
9.542338e-01 
9.542338e-01 
9.542338e-01 
9.542338e-01 
9.542338e-01 
9.542338e-01 
9.542338e-01 
9.542338e-01 
9.542338e-01 
9.542338e-01 
9.542338e-01 
9.542338e-01 
9.542338e-01 
9.542338e-01 
9.542338e-01 
9.542338e-01 
9.542338e-01 
9.542338e-01 
9.542338e-01 
9.542338e-01 
9.542338e-01 
9.542338e-01 
9.542338e-01 
9.542338e-01 
9.542338e-01 
9.542338e-01 
9.542338e-01 
9.542338e-01 
9.542338e-01 
9.542338e-01 
9.542338e-01 
9.542338e-01 
9.542338e-01 
9.542338e-01 
9.542338e-01 
9.542338e-01 
9.542338e-01 
9.542338e-01 
9.542338e-01 
9.542338e-01 
9.542338e-01 
9.542338e-01 
9.542338e-01 
9.542338e-01 
9.542338e-01 
9.542338e-01 
9.542338e-01 
9.542338e-01 
9.542338e-01 
9.542338e-01 
9.542338e-01 
9.542338e-01 
9.542338e-01 
9.542338e-01 
9.542338e-01 
9.542338e-01 
9.542338e-01 
9.542338e-01 
9.542338e-01 
9.542338e-01 
9.542338e-01 
9.542338e-01 
9.542338e-01 
9.542338e-01 
9.542338e-01 
9.542338e-01 
9.542338e-01 
9.542338e-01 
9.542338e-01 
9.542338e-01 
9.542338e-01 
9.542338e-01 
9.542338e-01 
9.542338e-01 
9.542338e-01 
9.542338e-01 
9.542338e-01 
9.542338e-01 
9.483852e-01 
9.174361e-01 
8.809815e-01 
8.399214e-01 
7.950659e-01 
7.469646e-01 
6.959764e-01 
6.422095e-01 
5.851380e-01 
5.247304e-01 
4.591860e-01 
3.862400e-01 
3.018406e-01 
1.900591e-01 
2.908858e-02 
7.800655e-03 
2.259886e-03 
1.253845e-03 
8.517691e-04 
6.164985e-04 
4.649816e-04 
3.616647e-04 
2.880649e-04 
2.337192e-04 
1.927852e-04 
1.615454e-04 
1.360116e-04 
1.156838e-04 
1.003437e-04 
8.670337e-05 
7.545265e-05 
6.608877e-05 
5.822623e-05 
5.157432e-05 
4.696037e-05 
4.195554e-05 
3.763053e-05 
3.388435e-05 
3.062279e-05 
2.776934e-05 
2.526226e-05 
2.305028e-05 
2.109144e-05 
1.935036e-05 
1.779744e-05 
1.640816e-05 
1.516145e-05 
1.403963e-05 
1.302733e-05 
1.195952e-05 
1.114454e-05 
1.040335e-05 
9.728095e-06 
9.111514e-06 
8.547641e-06 
8.023027e-06 
7.550277e-06 
7.116572e-06 
6.719094e-06 
6.355675e-06 
6.030677e-06 
5.766373e-06 
5.703912e-06 
6.039154e-06 
6.614164e-06 
7.184662e-06 
7.696460e-06 
8.123345e-06 
8.460568e-06 
8.719632e-06 
8.901924e-06 
9.069367e-06 
9.123716e-06 
9.200066e-06 
9.230605e-06 
9.135652e-06 
9.101177e-06 
9.029423e-06 
8.870760e-06 
8.744009e-06 
8.586027e-06 
8.583846e-06 
8.585946e-06 
8.590593e-06 
8.591299e-06 
8.591363e-06 
8.591367e-06 
8.591367e-06 
8.591367e-06 
8.591367e-06 
8.591367e-06 
8.591367e-06 
8.591367e-06 
8.591367e-06 
8.591367e-06 
8.591367e-06 
8.591367e-06 
8.591367e-06 
8.591367e-06 
8.591367e-06 
8.591367e-06 
8.591367e-06 
8.591367e-06 
8.591367e-06 
8.591367e-06 
8.591367e-06 
8.591367e-06 
8.591367e-06 
8.591367e-06 
8.591367e-06 
8.591367e-06 
8.591367e-06 
8.591367e-06 
8.591367e-06 
8.591367e-06 
8.591367e-06 
8.591367e-06 
8.591367e-06 
8.591367e-06 
8.591367e-06 
8.591367e-06 
8.591367e-06 
8.591367e-06 
8.591367e-06 
8.591367e-06 
8.591367e-06 
8.591367e-06 
8.591367e-06 
8.591367e-06 
8.591367e-06 
8.591367e-06 
8.591367e-06 
8.591367e-06 
8.591367e-06 
8.591367e-06 
8.591367e-06 
8.591367e-06 
8.591367e-06 
8.591367e-06 
8.591367e-06 
8.591367e-06 
8.591367e-06 
8.591367e-06 
8.591367e-06 
8.591367e-06 
8.591367e-06 
8.591367e-06 
8.591367e-06 
8.591367e-06 
8.591367e-06 
8.591367e-06 
8.591367e-06 
8.591367e-06 
8.591367e-06 
8.591367e-06 
8.591367e-06 
8.591367e-06 
8.591367e-06 
8.591367e-06 
8.591367e-06 
8.591367e-06 
8.591367e-06 
8.591367e-06 
8.591367e-06 
8.591367e-06 
8.591367e-06 
8.591367e-06 
8.591367e-06 
8.591367e-06 
8.591367e-06 
8.591367e-06 
8.591367e-06 
8.591367e-06 
8.591367e-06 
8.591367e-06 
8.591367e-06 
8.591367e-06 
8.591367e-06 
8.591367e-06 
8.591367e-06 
8.591367e-06 
8.591367e-06 
8.591367e-06 
8.591367e-06 
8.591367e-06 
8.591367e-06 
8.591367e-06 
8.591367e-06 
8.591367e-06 
8.591367e-06 
8.591367e-06 
8.591367e-06 
8.591367e-06 
8.591367e-06 
8.591367e-06 
8.591367e-06 
8.591367e-06 
8.591367e-06 
8.591367e-06 
8.591367e-06 
8.591367e-06 
8.591367e-06 
8.591367e-06 
8.591367e-06 
8.591367e-06 
8.591367e-06 
8.591367e-06 
8.591367e-06 
8.591367e-06 
8.591367e-06 
8.591367e-06 
8.591367e-06 
8.591367e-06 
8.591367e-06 
8.591367e-06 
8.591367e-06 
8.591367e-06 
8.591367e-06 
8.591367e-06 
8.591367e-06 
8.591367e-06 
8.591367e-06 
8.591367e-06 
8.591367e-06 
8.591367e-06 
8.591367e-06 
8.591367e-06 
8.591367e-06 
8.591367e-06 
8.591367e-06 
8.591367e-06 
8.591367e-06 
8.591367e-06 
8.591367e-06 
8.591367e-06 
8.591367e-06 
8.591367e-06 
8.591367e-06 
8.591367e-06 
8.591367e-06 
8.591367e-06 
8.591367e-06 
8.591367e-06 
8.591367e-06 
8.591367e-06 
8.591367e-06 
8.591367e-06 
8.591367e-06 
8.591367e-06 
8.591367e-06 
8.594692e-06 
8.620635e-06 
8.685399e-06 
8.752105e-06 
8.847686e-06 
8.918941e-06 
8.992203e-06 
9.067546e-06 
9.172157e-06 
9.252772e-06 
9.338961e-06 
9.424727e-06 
9.512713e-06 
9.603235e-06 
9.696377e-06 
9.792220e-06 
9.890804e-06 
9.992228e-06 
1.009652e-05 
1.020374e-05 
1.031396e-05 
1.042719e-05 
1.054349e-05 
1.066277e-05 
1.078456e-05 
1.090332e-05 
1.103129e-05 
1.111004e-05 
1.124176e-05 
1.137598e-05 
1.146506e-05 
1.160241e-05 
1.174237e-05 
1.188363e-05 
1.202556e-05 
1.216744e-05 
1.230834e-05 
1.244713e-05 
1.258234e-05 
1.271222e-05 
1.283459e-05 
1.294672e-05 
1.304528e-05 
1.312609e-05 
1.318401e-05 
1.321268e-05 
1.320410e-05 
1.314838e-05 
1.303309e-05 
1.270091e-05 
1.236566e-05 
1.189922e-05 
1.126625e-05 
1.042242e-05 
9.311594e-06 
7.625462e-06 
5.644523e-06 
2.855059e-06 
-5.120140e-07 
-5.007139e-06 
-1.066783e-05 
-1.782153e-05 
-2.666565e-05 
-3.749957e-05 
-5.048873e-05 
-6.565723e-05 
-8.286008e-05 
-1.019224e-04 
-1.225395e-04 
-1.444107e-04 
-1.671765e-04 
-1.920235e-04 
-2.160531e-04 
-2.435941e-04 
-2.725209e-04 
-3.029652e-04 
-3.349773e-04 
-3.684269e-04 
-3.849333e-04 
-4.192661e-04 
-4.527316e-04 
-4.736299e-04 
-4.770326e-04 
-4.772361e-04 
-4.772487e-04 
-4.772494e-04 
-4.772495e-04 
-4.772495e-04 
-4.772495e-04 
-4.772495e-04 
-4.772495e-04 
-4.772495e-04 
-4.772495e-04 
-4.772495e-04 
-4.772495e-04 
-4.772495e-04 
-4.772495e-04 
-4.772495e-04 
-4.772495e-04 
-4.772495e-04 
-4.772495e-04 
-4.772495e-04 
-4.772495e-04 
-4.772495e-04 
-4.772495e-04 
-4.772495e-04 
-4.772495e-04 
-4.772495e-04 
-4.772495e-04 
-4.772495e-04 
-4.772495e-04 
-4.772495e-04 
-4.772495e-04 
-4.772495e-04 
-4.772495e-04 
-4.772495e-04 
-4.772495e-04 
-4.772495e-04 
-4.772495e-04 
-4.772495e-04 
-4.772495e-04 
-4.772495e-04 
-4.772495e-04 
-4.772495e-04 
-4.772495e-04 
-4.772495e-04 
-4.772495e-04 
-4.772495e-04 
-4.772495e-04 
-4.772495e-04 
-4.772495e-04 
-4.772495e-04 
-4.772495e-04 
-4.772495e-04 
-4.772495e-04 
-4.772495e-04 
-4.772495e-04 
-4.772495e-04 
-4.772495e-04 
-4.772495e-04 
-4.772495e-04 
-4.772495e-04 
-4.772495e-04 
-4.772495e-04 
-4.772495e-04 
-4.772495e-04 
-4.772495e-04 
-4.772495e-04 
-4.772495e-04 
-4.772495e-04 
-4.772495e-04 
-4.772495e-04 
-4.772495e-04 
-4.772495e-04 
-4.772495e-04 
-4.772495e-04 
-4.772495e-04 
-4.772495e-04 
-4.772495e-04 
-4.772495e-04 
-4.772495e-04 
-4.772495e-04 
-4.772495e-04 
-4.772495e-04 
-4.772495e-04 
-4.772495e-04 
-4.772495e-04 
-4.772495e-04 
-4.772495e-04 
-4.772495e-04 
-4.772495e-04 
-4.772495e-04 
-4.772495e-04 
-4.772495e-04 
-4.772495e-04 
-4.772495e-04 
-4.772495e-04 
-4.772495e-04 
-4.772495e-04 
-4.772495e-04 
-4.772495e-04 
-4.772495e-04 
-4.772495e-04 
-4.772495e-04 
-4.772495e-04 
-4.772495e-04 
-4.772495e-04 
-4.772495e-04 
-4.772495e-04 
-4.772495e-04 
-4.772495e-04 
-4.772495e-04 
-4.772495e-04 
-4.772495e-04 
-4.772495e-04 
-4.772495e-04 
-4.772495e-04 
-4.772495e-04 
-4.772495e-04 
-4.772495e-04 
-4.772495e-04 
-4.772495e-04 
-4.772495e-04 
-4.772495e-04 
-4.772495e-04 
-4.772495e-04 
-4.772495e-04 
-4.772495e-04 
-4.772495e-04 
-4.772495e-04 
-4.772495e-04 
-4.772495e-04 
-4.772495e-04 
-4.772495e-04 
-4.772495e-04 
-4.772495e-04 
-4.772495e-04 
-4.772495e-04 
-4.772495e-04 
-4.772495e-04 
-4.772495e-04 
-4.772495e-04 
-4.772495e-04 
-4.772495e-04 
-4.772495e-04 
-4.772495e-04 
-4.772495e-04 
-4.772495e-04 
-4.772495e-04 
-4.772495e-04 
-4.772495e-04 
-4.772495e-04 
-4.772495e-04 
-4.772495e-04 
-4.772495e-04 
-4.772495e-04 
-4.772495e-04 
-4.772495e-04 
-4.772495e-04 
-4.772495e-04 
-4.772495e-04 
-4.772495e-04 
-4.772495e-04 
-4.772495e-04 
-4.772495e-04 
-4.772495e-04 
-4.772495e-04 
-4.772495e-04 
-4.772495e-04 
-4.772495e-04 
-4.806246e-04 
-4.974051e-04 
-5.174598e-04 
-5.387001e-04 
-5.612050e-04 
-5.886135e-04 
-6.145797e-04 
-6.418448e-04 
-6.708181e-04 
-7.016577e-04 
-7.345260e-04 
-7.695892e-04 
-8.070445e-04 
-8.470776e-04 
-8.899229e-04 
-9.358451e-04 
-9.851563e-04 
-1.038068e-03 
-1.094920e-03 
-1.156079e-03 
-1.221939e-03 
-1.292956e-03 
-1.369674e-03 
-1.452618e-03 
-1.542531e-03 
-1.639840e-03 
-1.745904e-03 
-1.861464e-03 
-1.984403e-03 
-2.121845e-03 
-2.272382e-03 
-2.437614e-03 
-2.619421e-03 
-2.783994e-03 
-3.001274e-03 
-3.241954e-03 
-3.509135e-03 
-3.806580e-03 
-4.138535e-03 
-4.510127e-03 
-4.927444e-03 
-5.397744e-03 
-5.929415e-03 
-6.532730e-03 
-7.220068e-03 
-8.006428e-03 
-8.910189e-03 
-1.016514e-02 
-1.141195e-02 
-1.286751e-02 
-1.457721e-02 
-1.659871e-02 
-1.900349e-02 
-2.188533e-02 
-2.536534e-02 
-2.991149e-02 
-3.520664e-02 
-4.196283e-02 
-5.039330e-02 
-6.096937e-02 
-7.443003e-02 
-9.164815e-02 
-1.136292e-01 
-1.414066e-01 
-1.757383e-01 
-2.167619e-01 
-2.637177e-01 
-3.152098e-01 
-3.696570e-01 
-4.255570e-01 
-4.817896e-01 
-5.377558e-01 
-5.925779e-01 
-6.462541e-01 
-6.982185e-01 
-7.481714e-01 
-7.956785e-01 
-8.402162e-01 
-8.810942e-01 
-9.174802e-01 
-9.484072e-01 
-9.542483e-01 
-9.542483e-01 
-9.542483e-01 
-9.542483e-01 
-9.542483e-01 
-9.542483e-01 
-9.542483e-01 
-9.542483e-01 
-9.542483e-01 
-9.542483e-01 
-9.542483e-01 
-9.542483e-01 
-9.542483e-01 
-9.542483e-01 
-9.542483e-01 
-9.542483e-01 
-9.542483e-01 
-9.542483e-01 
-9.542483e-01 
-9.542483e-01 
-9.542483e-01 
-9.542483e-01 
-9.542483e-01 
-9.542483e-01 
-9.542483e-01 
-9.542483e-01 
-9.542483e-01 
-9.542483e-01 
-9.542483e-01 
-9.542483e-01 
-9.542483e-01 
-9.542483e-01 
-9.542483e-01 
-9.542483e-01 
-9.542483e-01 
-9.542483e-01 
-9.542483e-01 
-9.542483e-01 
-9.542483e-01 
-9.542483e-01 
-9.542483e-01 
-9.542483e-01 
-9.542483e-01 
-9.542483e-01 
-9.542483e-01 
-9.542483e-01 
-9.542483e-01 
-9.542483e-01 
-9.542483e-01 
-9.542483e-01 
-9.542483e-01 
-9.542483e-01 
-9.542483e-01 
-9.542483e-01 
-9.542483e-01 
-9.542483e-01 
-9.542483e-01 
-9.542483e-01 
-9.542483e-01 
-9.542483e-01 
-9.542483e-01 
-9.542483e-01 
-9.542483e-01 
-9.542483e-01 
-9.542483e-01 
-9.542483e-01 
-9.542483e-01 
-9.542483e-01 
-9.542483e-01 
-9.542483e-01 
-9.542483e-01 
-9.542483e-01 
-9.542483e-01 
-9.542483e-01 
-9.542483e-01 
-9.542483e-01 
-9.542483e-01 
-9.542483e-01 
-9.542483e-01 
-9.542483e-01 
-9.542483e-01 
-9.542483e-01 
-9.542483e-01 
-9.542483e-01 
-9.542483e-01 
-9.542483e-01 
-9.542483e-01 
-9.542483e-01 
-9.542483e-01 
-9.542483e-01 
-9.542483e-01 
-9.542483e-01 
-9.542483e-01 
-9.542483e-01 
-9.542483e-01 
-9.542483e-01 
-9.542483e-01 
-9.542483e-01 
-9.542483e-01 
-9.542483e-01 
-9.542483e-01 
-9.542483e-01 
-9.542483e-01 
-9.542483e-01 
-9.542483e-01 
-9.542483e-01 
-9.542483e-01 
-9.542483e-01 
-9.542483e-01 
-9.542483e-01 
-9.542483e-01 
-9.542483e-01 
-9.542483e-01 
-9.542483e-01 
-9.542483e-01 
-9.542483e-01 
-9.542483e-01 
-9.542483e-01 
-9.542483e-01 
-9.542483e-01 
-9.542483e-01 
-9.542483e-01 
-9.542483e-01 
-9.542483e-01 
-9.542483e-01 
-9.542483e-01 
-9.542483e-01 
-9.542483e-01 
-9.542483e-01 
-9.542483e-01 
-9.542483e-01 
-9.542483e-01 
-9.542483e-01 
-9.542483e-01 
-9.542483e-01 
-9.542483e-01 
-9.542483e-01 
-9.542483e-01 
-9.542483e-01 
-9.542483e-01 
-9.542483e-01 
-9.542483e-01 
-9.542483e-01 
-9.542483e-01 
-9.542483e-01 
-9.542483e-01 
-9.542483e-01 
-9.542483e-01 
-9.542483e-01 
-9.542483e-01 
-9.542483e-01 
-9.542483e-01 
-9.542483e-01 
-9.542483e-01 
-9.542483e-01 
-9.542483e-01 
-9.542483e-01 
-9.542483e-01 
-9.542483e-01 
-9.542483e-01 
-9.542483e-01 
-9.542483e-01 
-9.542483e-01 
-9.542483e-01 
-9.542483e-01 
-9.542483e-01 
-9.542483e-01 
-9.542483e-01 
-9.542483e-01 
-9.542483e-01 
-9.542481e-01 
-9.542480e-01 
-9.542478e-01 
-9.542475e-01 
-9.542474e-01 
-9.542471e-01 
-9.542468e-01 
-9.542465e-01 
-9.542462e-01 
-9.542457e-01 
-9.542453e-01 
-9.542448e-01 
-9.542441e-01 
-9.542429e-01 
-9.542418e-01 
-9.542413e-01 
-9.542410e-01 
-9.542407e-01 
-9.542404e-01 
-9.542401e-01 
-9.542399e-01 
-9.542396e-01 
-9.542394e-01 
-9.542391e-01 
-9.542389e-01 
-9.542387e-01 
-9.542385e-01 
-9.542384e-01 
-9.542381e-01 
-9.542379e-01 
-9.542378e-01 
-9.542375e-01 
-9.542374e-01 
-9.542372e-01 
-9.542372e-01 
-9.542370e-01 
-9.542369e-01 
-9.542367e-01 
-9.542365e-01 
-9.542363e-01 
-9.542363e-01 
-9.542363e-01 
-9.542361e-01 
-9.542360e-01 
-9.542359e-01 
-9.542357e-01 
-9.542357e-01 
-9.542356e-01 
-9.542354e-01 
-9.542354e-01 
-9.542353e-01 
-9.542351e-01 
-9.542351e-01 
-9.542351e-01 
-9.542350e-01 
-9.542348e-01 
-9.542348e-01 
-9.542347e-01 
-9.542347e-01 
-9.542346e-01 
-9.542346e-01 
-9.542344e-01 
-9.542344e-01 
-9.542343e-01 
-9.542343e-01 
-9.542342e-01 
-9.542341e-01 
-9.542341e-01 
-9.542340e-01 
-9.542340e-01 
-9.542339e-01 
-9.542339e-01 
-9.542338e-01 
-9.542338e-01 
-9.542338e-01 
-9.542338e-01 
-9.542336e-01 
-9.542336e-01 
-9.542336e-01 
-9.542335e-01 
-9.542335e-01 
-9.542335e-01 
-9.542335e-01 
-9.542335e-01 
-9.542335e-01 
-9.542335e-01 
-9.542335e-01 
-9.542335e-01 
-9.542335e-01 
-9.542335e-01 
-9.542335e-01 
-9.542335e-01 
-9.542335e-01 
-9.542335e-01 
-9.542335e-01 
-9.542335e-01 
-9.542335e-01 
-9.542335e-01 
-9.542335e-01 
-9.542335e-01 
-9.542335e-01 
-9.542335e-01 
-9.542335e-01 
-9.542335e-01 
-9.542335e-01 
-9.542335e-01 
-9.542335e-01 
-9.542335e-01 
-9.542335e-01 
-9.542335e-01 
-9.542335e-01 
-9.542335e-01 
-9.542335e-01 
-9.542335e-01 
-9.542335e-01 
-9.542335e-01 
-9.542335e-01 
-9.542335e-01 
-9.542335e-01 
-9.542335e-01 
-9.542335e-01 
-9.542335e-01 
-9.542335e-01 
-9.542335e-01 
-9.542335e-01 
-9.542335e-01 
-9.542335e-01 
-9.542335e-01 
-9.542335e-01 
-9.542335e-01 
-9.542335e-01 
-9.542335e-01 
-9.542335e-01 
-9.542335e-01 
-9.542335e-01 
-9.542335e-01 
-9.542335e-01 
-9.542335e-01 
-9.542335e-01 
-9.542335e-01 
-9.542335e-01 
-9.542335e-01 
-9.542335e-01 
-9.542335e-01 
-9.542335e-01 
-9.542335e-01 
-9.542335e-01 
-9.542335e-01 
-9.542335e-01 
-9.542335e-01 
-9.542335e-01 
-9.542335e-01 
-9.542335e-01 
-9.542335e-01 
-9.542335e-01 
-9.542335e-01 
-9.542335e-01 
-9.542335e-01 
-9.542335e-01 
-9.542335e-01 
-9.542335e-01 
-9.542335e-01 
-9.542335e-01 
-9.542335e-01 
-9.542335e-01 
-9.542335e-01 
-9.542335e-01 
-9.542335e-01 
-9.542335e-01 
-9.542335e-01 
-9.542335e-01 
-9.542335e-01 
-9.542335e-01 
-9.542335e-01 
-9.542335e-01 
-9.542335e-01 
-9.542335e-01 
-9.542335e-01 
-9.542335e-01 
-9.542335e-01 
-9.542335e-01 
-9.542335e-01 
-9.542335e-01 
-9.542335e-01 
-9.542335e-01 
-9.542335e-01 
-9.542335e-01 
-9.542335e-01 
-9.542335e-01 
-9.542335e-01 
-9.542335e-01 
-9.542335e-01 
-9.542335e-01 
-9.542335e-01 
-9.542335e-01 
-9.542335e-01 
-9.542335e-01 
-9.542335e-01 
-9.542335e-01 
-9.542335e-01 
-9.542335e-01 
-9.542335e-01 
-9.542335e-01 
-9.542335e-01 
-9.542335e-01 
-9.542335e-01 
-9.542335e-01 
-9.542335e-01 
-9.542335e-01 
-9.542335e-01 
-9.542335e-01 
-9.542335e-01 
-9.542335e-01 
-9.542335e-01 
-9.542335e-01 
-9.542335e-01 
-9.542335e-01 
-9.542335e-01 
-9.542335e-01 
-9.542335e-01 
-9.542335e-01 
-9.542335e-01 
-9.542335e-01 
-9.542335e-01 
-9.542335e-01 
-9.542335e-01 
-9.542335e-01 
-9.542335e-01 
-9.542335e-01 
-9.542335e-01 
-9.542335e-01 
-9.542335e-01 
-9.542335e-01 
-9.542335e-01 
-9.542335e-01 
-9.542335e-01 
-9.542335e-01 
-9.542335e-01 
-9.542335e-01 
-9.542335e-01 
-9.542335e-01 
-9.542335e-01 
-9.542335e-01 
-9.542335e-01 
-9.542335e-01 
-9.542335e-01 
-9.542335e-01 
-9.542335e-01 
-9.542335e-01 
-9.483832e-01 
-9.174332e-01 
-8.809768e-01 
-8.399071e-01 
-7.950447e-01 
-7.469385e-01 
-6.959285e-01 
-6.421307e-01 
-5.849618e-01 
-5.241074e-01 
-4.586146e-01 
-3.848043e-01 
-2.975131e-01 
-1.795558e-01 
2.867528e-03 
3.956895e-03 
2.113413e-03 
1.253117e-03 
8.516618e-04 
6.164267e-04 
4.649559e-04 
3.616465e-04 
2.880422e-04 
2.337022e-04 
1.927881e-04 
1.615480e-04 
1.360137e-04 
1.156828e-04 
1.003428e-04 
8.670428e-05 
7.545356e-05 
6.608953e-05 
5.822590e-05 
5.157378e-05 
4.696059e-05 
4.195595e-05 
3.763131e-05 
3.388440e-05 
3.062260e-05 
2.776947e-05 
2.526246e-05 
2.305070e-05 
2.109141e-05 
1.935024e-05 
1.779752e-05 
1.640828e-05 
1.516141e-05 
1.403956e-05 
1.302737e-05 
1.195959e-05 
1.114459e-05 
1.040329e-05 
9.728015e-06 
9.111501e-06 
8.547590e-06 
8.022877e-06 
7.549881e-06 
7.115759e-06 
6.717279e-06 
6.351536e-06 
6.016177e-06 
5.711544e-06 
5.441542e-06 
5.192249e-06 
4.916184e-06 
4.651667e-06 
4.408905e-06 
4.185138e-06 
3.979507e-06 
3.788465e-06 
3.610352e-06 
3.444304e-06 
3.292846e-06 
3.146658e-06 
3.009043e-06 
2.890418e-06 
2.767842e-06 
2.652180e-06 
2.555344e-06 
2.452016e-06 
2.354386e-06 
2.319524e-06 
2.317020e-06 
2.315784e-06 
2.315644e-06 
2.315635e-06 
2.315635e-06 
2.315635e-06 
2.315635e-06 
2.315635e-06 
2.315635e-06 
2.315635e-06 
2.315635e-06 
2.315635e-06 
2.315635e-06 
2.315635e-06 
2.315635e-06 
2.315635e-06 
2.315635e-06 
2.315635e-06 
2.315635e-06 
2.315635e-06 
2.315635e-06 
2.315635e-06 
2.315635e-06 
2.315635e-06 
2.315635e-06 
2.315635e-06 
2.315635e-06 
2.315635e-06 
2.315635e-06 
2.315635e-06 
2.315635e-06 
2.315635e-06 
2.315635e-06 
2.315635e-06 
2.315635e-06 
2.315635e-06 
2.315635e-06 
2.315635e-06 
2.315635e-06 
2.315635e-06 
2.315635e-06 
2.315635e-06 
2.315635e-06 
2.315635e-06 
2.315635e-06 
2.315635e-06 
2.315635e-06 
2.315635e-06 
2.315635e-06 
2.315635e-06 
2.315635e-06 
2.315635e-06 
2.315635e-06 
2.315635e-06 
2.315635e-06 
2.315635e-06 
2.315635e-06 
2.315635e-06 
2.315635e-06 
2.315635e-06 
2.315635e-06 
2.315635e-06 
2.315635e-06 
2.315635e-06 
2.315635e-06 
2.315635e-06 
2.315635e-06 
2.315635e-06 
2.315635e-06 
2.315635e-06 
2.315635e-06 
2.315635e-06 
2.315635e-06 
2.315635e-06 
2.315635e-06 
2.315635e-06 
2.315635e-06 
2.315635e-06 
2.315635e-06 
2.315635e-06 
2.315635e-06 
2.315635e-06 
2.315635e-06 
2.315635e-06 
2.315635e-06 
2.315635e-06 
2.315635e-06 
2.315635e-06 
2.315635e-06 
2.315635e-06 
2.315635e-06 
2.315635e-06 
2.315635e-06 
2.315635e-06 
2.315635e-06 
2.315635e-06 
2.315635e-06 
2.315635e-06 
2.315635e-06 
2.315635e-06 
2.315635e-06 
2.315635e-06 
2.315635e-06 
2.315635e-06 
2.315635e-06 
2.315635e-06 
2.315635e-06 
2.315635e-06 
2.315635e-06 
2.315635e-06 
2.315635e-06 
2.315635e-06 
2.315635e-06 
2.315635e-06 
2.315635e-06 
2.315635e-06 
2.315635e-06 
2.315635e-06 
2.315635e-06 
2.315635e-06 
2.315635e-06 
2.315635e-06 
2.315635e-06 
2.315635e-06 
2.315635e-06 
2.315635e-06 
2.315635e-06 
2.315635e-06 
2.315635e-06 
2.315635e-06 
2.315635e-06 
2.315635e-06 
2.315635e-06 
2.315635e-06 
2.315635e-06 
2.315635e-06 
2.315635e-06 
2.315635e-06 
2.315635e-06 
2.315635e-06 
2.315635e-06 
2.315635e-06 
2.315635e-06 
2.315635e-06 
2.315635e-06 
2.315635e-06 
2.315635e-06 
2.315635e-06 
2.315635e-06 
2.315635e-06 
2.315635e-06 
2.315635e-06 
2.315635e-06 
2.315635e-06 
2.315635e-06 
2.315635e-06 
2.315635e-06 
2.315635e-06 
2.315635e-06 
2.315635e-06 
2.315635e-06 
2.315635e-06 
2.315635e-06 
2.315635e-06 
2.315635e-06 
2.315635e-06 
2.315635e-06 
2.315635e-06 
2.320446e-06 
2.351591e-06 
2.414914e-06 
2.512931e-06 
2.583617e-06 
2.669341e-06 
2.747444e-06 
2.830260e-06 
2.916295e-06 
3.006508e-06 
3.101258e-06 
3.201050e-06 
3.306012e-06 
3.416605e-06 
3.533164e-06 
3.656153e-06 
3.786061e-06 
3.923397e-06 
4.068785e-06 
4.222755e-06 
4.386050e-06 
4.559421e-06 
4.743768e-06 
4.939874e-06 
5.148595e-06 
5.367580e-06 
5.605352e-06 
5.815536e-06 
6.084667e-06 
6.373342e-06 
6.539860e-06 
6.862213e-06 
7.210054e-06 
7.585453e-06 
7.991237e-06 
8.430789e-06 
8.907925e-06 
9.427048e-06 
9.993101e-06 
1.061167e-05 
1.128945e-05 
1.203413e-05 
1.285472e-05 
1.376171e-05 
1.476711e-05 
1.588566e-05 
1.713474e-05 
1.920416e-05 
2.086691e-05 
2.274725e-05 
2.488704e-05 
2.733524e-05 
3.015044e-05 
3.411474e-05 
3.802909e-05 
4.261519e-05 
4.843820e-05 
5.495178e-05 
6.296252e-05 
7.229875e-05 
8.360183e-05 
9.698070e-05 
1.124751e-04 
1.301897e-04 
1.499558e-04 
1.714284e-04 
1.941908e-04 
2.178570e-04 
2.421112e-04 
2.667187e-04 
2.913304e-04 
3.166419e-04 
3.420349e-04 
3.655149e-04 
3.909722e-04 
4.160401e-04 
4.403557e-04 
4.634337e-04 
4.739383e-04 
4.939290e-04 
5.110699e-04 
5.209409e-04 
5.223730e-04 
5.225312e-04 
5.225408e-04 
5.225412e-04 
5.225412e-04 
5.225412e-04 
5.225412e-04 
5.225412e-04 
5.225412e-04 
5.225412e-04 
5.225412e-04 
5.225412e-04 
5.225412e-04 
5.225412e-04 
5.225412e-04 
5.225412e-04 
5.225412e-04 
5.225412e-04 
5.225412e-04 
5.225412e-04 
5.225412e-04 
5.225412e-04 
5.225412e-04 
5.225412e-04 
5.225412e-04 
5.225412e-04 
5.225412e-04 
5.225412e-04 
5.225412e-04 
5.225412e-04 
5.225412e-04 
5.225412e-04 
5.225412e-04 
5.225412e-04 
5.225412e-04 
5.225412e-04 
5.225412e-04 
5.225412e-04 
5.225412e-04 
5.225412e-04 
5.225412e-04 
5.225412e-04 
5.225412e-04 
5.225412e-04 
5.225412e-04 
5.225412e-04 
5.225412e-04 
5.225412e-04 
5.225412e-04 
5.225412e-04 
5.225412e-04 
5.225412e-04 
5.225412e-04 
5.225412e-04 
5.225412e-04 
5.225412e-04 
5.225412e-04 
5.225412e-04 
5.225412e-04 
5.225412e-04 
5.225412e-04 
5.225412e-04 
5.225412e-04 
5.225412e-04 
5.225412e-04 
5.225412e-04 
5.225412e-04 
5.225412e-04 
5.225412e-04 
5.225412e-04 
5.225412e-04 
5.225412e-04 
5.225412e-04 
5.225412e-04 
5.225412e-04 
5.225412e-04 
5.225412e-04 
5.225412e-04 
5.225412e-04 
5.225412e-04 
5.225412e-04 
5.225412e-04 
5.225412e-04 
5.225412e-04 
5.225412e-04 
5.225412e-04 
5.225412e-04 
5.225412e-04 
5.225412e-04 
5.225412e-04 
5.225412e-04 
5.225412e-04 
5.225412e-04 
5.225412e-04 
5.225412e-04 
5.225412e-04 
5.225412e-04 
5.225412e-04 
5.225412e-04 
5.225412e-04 
5.225412e-04 
5.225412e-04 
5.225412e-04 
5.225412e-04 
5.225412e-04 
5.225412e-04 
5.225412e-04 
5.225412e-04 
5.225412e-04 
5.225412e-04 
5.225412e-04 
5.225412e-04 
5.225412e-04 
5.225412e-04 
5.225412e-04 
5.225412e-04 
5.225412e-04 
5.225412e-04 
5.225412e-04 
5.225412e-04 
5.225412e-04 
5.225412e-04 
5.225412e-04 
5.225412e-04 
5.225412e-04 
5.225412e-04 
5.225412e-04 
5.225412e-04 
5.225412e-04 
5.225412e-04 
5.225412e-04 
5.225412e-04 
5.225412e-04 
5.225412e-04 
5.225412e-04 
5.225412e-04 
5.225412e-04 
5.225412e-04 
5.225412e-04 
5.225412e-04 
5.225412e-04 
5.225412e-04 
5.225412e-04 
5.225412e-04 
5.225412e-04 
5.225412e-04 
5.225412e-04 
5.225412e-04 
5.225412e-04 
5.225412e-04 
5.225412e-04 
5.225412e-04 
5.225412e-04 
5.225412e-04 
5.225412e-04 
5.225412e-04 
5.225412e-04 
5.225412e-04 
5.225412e-04 
5.225412e-04 
5.225412e-04 
5.225412e-04 
5.225412e-04 
5.225412e-04 
5.225412e-04 
5.225412e-04 
5.225412e-04 
5.225412e-04 
5.262311e-04 
5.445065e-04 
5.692006e-04 
5.922471e-04 
6.165965e-04 
6.424186e-04 
6.695297e-04 
6.981327e-04 
7.280991e-04 
7.196781e-04 
7.531830e-04 
7.890483e-04 
8.273495e-04 
8.683156e-04 
9.121536e-04 
9.591265e-04 
1.009429e-03 
1.063526e-03 
1.121709e-03 
1.184283e-03 
1.251641e-03 
1.324254e-03 
1.402681e-03 
1.487471e-03 
1.579275e-03 
1.678678e-03 
1.786997e-03 
1.904979e-03 
2.030650e-03 
2.170926e-03 
2.324534e-03 
2.493095e-03 
2.678517e-03 
2.846376e-03 
3.067882e-03 
3.313171e-03 
3.585381e-03 
3.888345e-03 
4.226340e-03 
4.604579e-03 
5.029222e-03 
5.507496e-03 
6.048204e-03 
6.661490e-03 
7.359893e-03 
8.158561e-03 
9.076110e-03 
1.013477e-02 
1.161290e-02 
1.308893e-02 
1.482102e-02 
1.686785e-02 
1.930130e-02 
2.221571e-02 
2.573244e-02 
3.031678e-02 
3.565788e-02 
4.246129e-02 
5.094200e-02 
6.157169e-02 
7.508419e-02 
9.234397e-02 
1.143477e-01 
1.421138e-01 
1.763935e-01 
2.173096e-01 
2.641388e-01 
3.155477e-01 
3.698955e-01 
4.257205e-01 
4.818971e-01 
5.378264e-01 
5.926079e-01 
6.462687e-01 
6.982242e-01 
7.481724e-01 
7.956771e-01 
8.402135e-01 
8.810913e-01 
9.174774e-01 
9.484047e-01 
9.542484e-01 
9.542484e-01 
9.542484e-01 
9.542484e-01 
9.542484e-01 
9.542484e-01 
9.542484e-01 
9.542484e-01 
9.542484e-01 
9.542484e-01 
9.542484e-01 
9.542484e-01 
9.542484e-01 
9.542484e-01 
9.542484e-01 
9.542484e-01 
9.542484e-01 
9.542484e-01 
9.542484e-01 
9.542484e-01 
9.542484e-01 
9.542484e-01 
9.542484e-01 
9.542484e-01 
9.542484e-01 
9.542484e-01 
9.542484e-01 
9.542484e-01 
9.542484e-01 
9.542484e-01 
9.542484e-01 
9.542484e-01 
9.542484e-01 
9.542484e-01 
9.542484e-01 
9.542484e-01 
9.542484e-01 
9.542484e-01 
9.542484e-01 
9.542484e-01 
9.542484e-01 
9.542484e-01 
9.542484e-01 
9.542484e-01 
9.542484e-01 
9.542484e-01 
9.542484e-01 
9.542484e-01 
9.542484e-01 
9.542484e-01 
9.542484e-01 
9.542484e-01 
9.542484e-01 
9.542484e-01 
9.542484e-01 
9.542484e-01 
9.542484e-01 
9.542484e-01 
9.542484e-01 
9.542484e-01 
9.542484e-01 
9.542484e-01 
9.542484e-01 
9.542484e-01 
9.542484e-01 
9.542484e-01 
9.542484e-01 
9.542484e-01 
9.542484e-01 
9.542484e-01 
9.542484e-01 
9.542484e-01 
9.542484e-01 
9.542484e-01 
9.542484e-01 
9.542484e-01 
9.542484e-01 
9.542484e-01 
9.542484e-01 
9.542484e-01 
9.542484e-01 
9.542484e-01 
9.542484e-01 
9.542484e-01 
9.542484e-01 
9.542484e-01 
9.542484e-01 
9.542484e-01 
9.542484e-01 
9.542484e-01 
9.542484e-01 
9.542484e-01 
9.542484e-01 
9.542484e-01 
9.542484e-01 
9.542484e-01 
9.542484e-01 
9.542484e-01 
9.542484e-01 
9.542484e-01 
9.542484e-01 
9.542484e-01 
9.542484e-01 
9.542484e-01 
9.542484e-01 
9.542484e-01 
9.542484e-01 
9.542484e-01 
9.542484e-01 
9.542484e-01 
9.542484e-01 
9.542484e-01 
9.542484e-01 
9.542484e-01 
9.542484e-01 
9.542484e-01 
9.542484e-01 
9.542484e-01 
9.542484e-01 
9.542484e-01 
9.542484e-01 
9.542484e-01 
9.542484e-01 
9.542484e-01 
9.542484e-01 
9.542484e-01 
9.542484e-01 
9.542484e-01 
9.542484e-01 
9.542484e-01 
9.542484e-01 
9.542484e-01 
9.542484e-01 
9.542484e-01 
9.542484e-01 
9.542484e-01 
9.542484e-01 
9.542484e-01 
9.542484e-01 
9.542484e-01 
9.542484e-01 
9.542484e-01 
9.542484e-01 
9.542484e-01 
9.542484e-01 
9.542484e-01 
9.542484e-01 
9.542484e-01 
9.542484e-01 
9.542484e-01 
9.542484e-01 
9.542484e-01 
9.542484e-01 
9.542484e-01 
9.542484e-01 
9.542484e-01 
9.542484e-01 
9.542484e-01 
9.542484e-01 
9.542484e-01 
9.542484e-01 
9.542484e-01 
9.542484e-01 
9.542484e-01 
9.542484e-01 
9.542484e-01 
9.542484e-01 
9.542484e-01 
9.542484e-01 
9.542484e-01 
9.542482e-01 
9.542481e-01 
9.542480e-01 
9.542477e-01 
9.542475e-01 
9.542474e-01 
9.542471e-01 
9.542468e-01 
9.542467e-01 
9.542465e-01 
9.542461e-01 
9.542459e-01 
9.542455e-01 
9.542452e-01 
9.542448e-01 
9.542445e-01 
9.542441e-01 
9.542436e-01 
9.542434e-01 
9.542429e-01 
9.542426e-01 
9.542421e-01 
9.542418e-01 
9.542414e-01 
9.542410e-01 
9.542407e-01 
9.542404e-01 
9.542400e-01 
9.542398e-01 
9.542395e-01 
9.542393e-01 
9.542390e-01 
9.542388e-01 
9.542385e-01 
9.542383e-01 
9.542381e-01 
9.542379e-01 
9.542378e-01 
9.542376e-01 
9.542374e-01 
9.542372e-01 
9.542370e-01 
9.542369e-01 
9.542368e-01 
9.542366e-01 
9.542364e-01 
9.542364e-01 
9.542363e-01 
9.542361e-01 
9.542359e-01 
9.542358e-01 
9.542358e-01 
9.542357e-01 
9.542356e-01 
9.542355e-01 
9.542354e-01 
9.542353e-01 
9.542351e-01 
9.542351e-01 
9.542350e-01 
9.542350e-01 
9.542348e-01 
9.542348e-01 
9.542347e-01 
9.542346e-01 
9.542345e-01 
9.542345e-01 
9.542345e-01 
9.542344e-01 
9.542343e-01 
9.542342e-01 
9.542342e-01 
9.542341e-01 
9.542341e-01 
9.542340e-01 
9.542340e-01 
9.542339e-01 
9.542339e-01 
9.542338e-01 
9.542338e-01 
9.542338e-01 
9.542338e-01 
9.542338e-01 
9.542338e-01 
9.542338e-01 
9.542338e-01 
9.542338e-01 
9.542338e-01 
9.542338e-01 
9.542338e-01 
9.542338e-01 
9.542338e-01 
9.542338e-01 
9.542338e-01 
9.542338e-01 
9.542338e-01 
9.542338e-01 
9.542338e-01 
9.542338e-01 
9.542338e-01 
9.542338e-01 
9.542338e-01 
9.542338e-01 
9.542338e-01 
9.542338e-01 
9.542338e-01 
9.542338e-01 
9.542338e-01 
9.542338e-01 
9.542338e-01 
9.542338e-01 
9.542338e-01 
9.542338e-01 
9.542338e-01 
9.542338e-01 
9.542338e-01 
9.542338e-01 
9.542338e-01 
9.542338e-01 
9.542338e-01 
9.542338e-01 
9.542338e-01 
9.542338e-01 
9.542338e-01 
9.542338e-01 
9.542338e-01 
9.542338e-01 
9.542338e-01 
9.542338e-01 
9.542338e-01 
9.542338e-01 
9.542338e-01 
9.542338e-01 
9.542338e-01 
9.542338e-01 
9.542338e-01 
9.542338e-01 
9.542338e-01 
9.542338e-01 
9.542338e-01 
9.542338e-01 
9.542338e-01 
9.542338e-01 
9.542338e-01 
9.542338e-01 
9.542338e-01 
9.542338e-01 
9.542338e-01 
9.542338e-01 
9.542338e-01 
9.542338e-01 
9.542338e-01 
9.542338e-01 
9.542338e-01 
9.542338e-01 
9.542338e-01 
9.542338e-01 
9.542338e-01 
9.542338e-01 
9.542338e-01 
9.542338e-01 
9.542338e-01 
9.542338e-01 
9.542338e-01 
9.542338e-01 
9.542338e-01 
9.542338e-01 
9.542338e-01 
9.542338e-01 
9.542338e-01 
9.542338e-01 
9.542338e-01 
9.542338e-01 
9.542338e-01 
9.542338e-01 
9.542338e-01 
9.542338e-01 
9.542338e-01 
9.542338e-01 
9.542338e-01 
9.542338e-01 
9.542338e-01 
9.542338e-01 
9.542338e-01 
9.542338e-01 
9.542338e-01 
9.542338e-01 
9.542338e-01 
9.542338e-01 
9.542338e-01 
9.542338e-01 
9.542338e-01 
9.542338e-01 
9.542338e-01 
9.542338e-01 
9.542338e-01 
9.542338e-01 
9.542338e-01 
9.542338e-01 
9.542338e-01 
9.542338e-01 
9.542338e-01 
9.542338e-01 
9.542338e-01 
9.542338e-01 
9.542338e-01 
9.542338e-01 
9.542338e-01 
9.542338e-01 
9.542338e-01 
9.542338e-01 
9.542338e-01 
9.542338e-01 
9.542338e-01 
9.542338e-01 
9.542338e-01 
9.542338e-01 
9.542338e-01 
9.542338e-01 
9.542338e-01 
9.542338e-01 
9.542338e-01 
9.542338e-01 
9.542338e-01 
9.542338e-01 
9.542338e-01 
9.542338e-01 
9.542338e-01 
9.542338e-01 
9.542338e-01 
9.542338e-01 
9.542338e-01 
9.542338e-01 
9.542338e-01 
9.542338e-01 
9.542338e-01 
9.542338e-01 
9.542338e-01 
9.542338e-01 
9.542338e-01 
9.542338e-01 
9.542338e-01 
9.542338e-01 
9.542338e-01 
9.542338e-01 
9.542338e-01 
9.542338e-01 
9.542338e-01 
9.542338e-01 
9.483818e-01 
9.174311e-01 
8.809768e-01 
8.399086e-01 
7.950534e-01 
7.469586e-01 
6.959701e-01 
6.422111e-01 
5.851206e-01 
5.244085e-01 
4.588288e-01 
3.858024e-01 
3.001632e-01 
1.880847e-01 
2.903283e-02 
6.781909e-03 
2.221185e-03 
1.253803e-03 
8.523930e-04 
6.166085e-04 
4.649857e-04 
3.615165e-04 
2.880757e-04 
2.337137e-04 
1.927861e-04 
1.615463e-04 
1.360124e-04 
1.156817e-04 
1.003419e-04 
8.670357e-05 
7.545295e-05 
6.608903e-05 
5.822546e-05 
5.157341e-05 
4.696029e-05 
4.195558e-05 
3.763106e-05 
3.388411e-05 
3.062241e-05 
2.776932e-05 
2.526232e-05 
2.305058e-05 
2.109130e-05 
1.935015e-05 
1.779740e-05 
1.640819e-05 
1.516162e-05 
1.403957e-05 
1.302732e-05 
1.195953e-05 
1.114453e-05 
1.040322e-05 
9.727941e-06 
9.111391e-06 
8.547458e-06 
8.022657e-06 
7.549509e-06 
7.115016e-06 
6.715693e-06 
6.347662e-06 
6.006670e-06 
5.682326e-06 
5.372223e-06 
5.141658e-06 
4.902285e-06 
4.647558e-06 
4.406736e-06 
4.184943e-06 
3.980365e-06 
3.790673e-06 
3.614171e-06 
3.446293e-06 
3.288049e-06 
3.140882e-06 
3.003162e-06 
2.867842e-06 
2.746500e-06 
2.632605e-06 
2.544975e-06 
2.442804e-06 
2.346792e-06 
2.318043e-06 
2.314794e-06 
2.315531e-06 
2.315627e-06 
2.315633e-06 
2.315633e-06 
2.315633e-06 
2.315633e-06 
2.315633e-06 
2.315633e-06 
2.315633e-06 
2.315633e-06 
2.315633e-06 
2.315633e-06 
2.315633e-06 
2.315633e-06 
2.315633e-06 
2.315633e-06 
2.315633e-06 
2.315633e-06 
2.315633e-06 
2.315633e-06 
2.315633e-06 
2.315633e-06 
2.315633e-06 
2.315633e-06 
2.315633e-06 
2.315633e-06 
2.315633e-06 
2.315633e-06 
2.315633e-06 
2.315633e-06 
2.315633e-06 
2.315633e-06 
2.315633e-06 
2.315633e-06 
2.315633e-06 
2.315633e-06 
2.315633e-06 
2.315633e-06 
2.315633e-06 
2.315633e-06 
2.315633e-06 
2.315633e-06 
2.315633e-06 
2.315633e-06 
2.315633e-06 
2.315633e-06 
2.315633e-06 
2.315633e-06 
2.315633e-06 
2.315633e-06 
2.315633e-06 
2.315633e-06 
2.315633e-06 
2.315633e-06 
2.315633e-06 
2.315633e-06 
2.315633e-06 
2.315633e-06 
2.315633e-06 
2.315633e-06 
2.315633e-06 
2.315633e-06 
2.315633e-06 
2.315633e-06 
2.315633e-06 
2.315633e-06 
2.315633e-06 
2.315633e-06 
2.315633e-06 
2.315633e-06 
2.315633e-06 
2.315633e-06 
2.315633e-06 
2.315633e-06 
2.315633e-06 
2.315633e-06 
2.315633e-06 
2.315633e-06 
2.315633e-06 
2.315633e-06 
2.315633e-06 
2.315633e-06 
2.315633e-06 
2.315633e-06 
2.315633e-06 
2.315633e-06 
2.315633e-06 
2.315633e-06 
2.315633e-06 
2.315633e-06 
2.315633e-06 
2.315633e-06 
2.315633e-06 
2.315633e-06 
2.315633e-06 
2.315633e-06 
2.315633e-06 
2.315633e-06 
2.315633e-06 
2.315633e-06 
2.315633e-06 
2.315633e-06 
2.315633e-06 
2.315633e-06 
2.315633e-06 
2.315633e-06 
2.315633e-06 
2.315633e-06 
2.315633e-06 
2.315633e-06 
2.315633e-06 
2.315633e-06 
2.315633e-06 
2.315633e-06 
2.315633e-06 
2.315633e-06 
2.315633e-06 
2.315633e-06 
2.315633e-06 
2.315633e-06 
2.315633e-06 
2.315633e-06 
2.315633e-06 
2.315633e-06 
2.315633e-06 
2.315633e-06 
2.315633e-06 
2.315633e-06 
2.315633e-06 
2.315633e-06 
2.315633e-06 
2.315633e-06 
2.315633e-06 
2.315633e-06 
2.315633e-06 
2.315633e-06 
2.315633e-06 
2.315633e-06 
2.315633e-06 
2.315633e-06 
2.315633e-06 
2.315633e-06 
2.315633e-06 
2.315633e-06 
2.315633e-06 
2.315633e-06 
2.315633e-06 
2.315633e-06 
2.315633e-06 
2.315633e-06 
2.315633e-06 
2.315633e-06 
2.315633e-06 
2.315633e-06 
2.315633e-06 
2.315633e-06 
2.315633e-06 
2.315633e-06 
2.315633e-06 
2.315633e-06 
2.315633e-06 
2.315633e-06 
2.315633e-06 
2.315633e-06 
2.315633e-06 
2.315633e-06 
2.315633e-06 
2.320445e-06 
2.351590e-06 
2.414914e-06 
2.481122e-06 
2.583597e-06 
2.657581e-06 
2.735077e-06 
2.816304e-06 
2.915250e-06 
3.005431e-06 
3.101347e-06 
3.201131e-06 
3.306085e-06 
3.416674e-06 
3.533228e-06 
3.656216e-06 
3.786116e-06 
3.923450e-06 
4.068836e-06 
4.222803e-06 
4.386098e-06 
4.559468e-06 
4.743760e-06 
4.939923e-06 
5.148644e-06 
5.367594e-06 
5.605364e-06 
5.815488e-06 
6.084615e-06 
6.373282e-06 
6.683397e-06 
7.017119e-06 
7.376954e-06 
7.765495e-06 
8.185857e-06 
8.641588e-06 
9.136743e-06 
9.428672e-06 
9.993100e-06 
1.061165e-05 
1.128942e-05 
1.203409e-05 
1.285466e-05 
1.376163e-05 
1.476702e-05 
1.588554e-05 
1.713442e-05 
1.853439e-05 
2.011027e-05 
2.274176e-05 
2.488603e-05 
2.733408e-05 
3.014906e-05 
3.340467e-05 
3.719221e-05 
4.162532e-05 
4.801446e-05 
5.442909e-05 
6.270695e-05 
7.229760e-05 
8.360256e-05 
9.698207e-05 
1.124772e-04 
1.301914e-04 
1.499579e-04 
1.714355e-04 
1.942127e-04 
2.178801e-04 
2.421129e-04 
2.667213e-04 
2.913288e-04 
3.166504e-04 
3.398932e-04 
3.655228e-04 
3.909799e-04 
4.160476e-04 
4.403627e-04 
4.634395e-04 
4.739408e-04 
4.939315e-04 
5.110715e-04 
5.209416e-04 
5.223731e-04 
5.225315e-04 
5.225408e-04 
5.225413e-04 
5.225413e-04 
5.225413e-04 
5.225413e-04 
5.225413e-04 
5.225413e-04 
5.225413e-04 
5.225413e-04 
5.225413e-04 
5.225413e-04 
5.225413e-04 
5.225413e-04 
5.225413e-04 
5.225413e-04 
5.225413e-04 
5.225413e-04 
5.225413e-04 
5.225413e-04 
5.225413e-04 
5.225413e-04 
5.225413e-04 
5.225413e-04 
5.225413e-04 
5.225413e-04 
5.225413e-04 
5.225413e-04 
5.225413e-04 
5.225413e-04 
5.225413e-04 
5.225413e-04 
5.225413e-04 
5.225413e-04 
5.225413e-04 
5.225413e-04 
5.225413e-04 
5.225413e-04 
5.225413e-04 
5.225413e-04 
5.225413e-04 
5.225413e-04 
5.225413e-04 
5.225413e-04 
5.225413e-04 
5.225413e-04 
5.225413e-04 
5.225413e-04 
5.225413e-04 
5.225413e-04 
5.225413e-04 
5.225413e-04 
5.225413e-04 
5.225413e-04 
5.225413e-04 
5.225413e-04 
5.225413e-04 
5.225413e-04 
5.225413e-04 
5.225413e-04 
5.225413e-04 
5.225413e-04 
5.225413e-04 
5.225413e-04 
5.225413e-04 
5.225413e-04 
5.225413e-04 
5.225413e-04 
5.225413e-04 
5.225413e-04 
5.225413e-04 
5.225413e-04 
5.225413e-04 
5.225413e-04 
5.225413e-04 
5.225413e-04 
5.225413e-04 
5.225413e-04 
5.225413e-04 
5.225413e-04 
5.225413e-04 
5.225413e-04 
5.225413e-04 
5.225413e-04 
5.225413e-04 
5.225413e-04 
5.225413e-04 
5.225413e-04 
5.225413e-04 
5.225413e-04 
5.225413e-04 
5.225413e-04 
5.225413e-04 
5.225413e-04 
5.225413e-04 
5.225413e-04 
5.225413e-04 
5.225413e-04 
5.225413e-04 
5.225413e-04 
5.225413e-04 
5.225413e-04 
5.225413e-04 
5.225413e-04 
5.225413e-04 
5.225413e-04 
5.225413e-04 
5.225413e-04 
5.225413e-04 
5.225413e-04 
5.225413e-04 
5.225413e-04 
5.225413e-04 
5.225413e-04 
5.225413e-04 
5.225413e-04 
5.225413e-04 
5.225413e-04 
5.225413e-04 
5.225413e-04 
5.225413e-04 
5.225413e-04 
5.225413e-04 
5.225413e-04 
5.225413e-04 
5.225413e-04 
5.225413e-04 
5.225413e-04 
5.225413e-04 
5.225413e-04 
5.225413e-04 
5.225413e-04 
5.225413e-04 
5.225413e-04 
5.225413e-04 
5.225413e-04 
5.225413e-04 
5.225413e-04 
5.225413e-04 
5.225413e-04 
5.225413e-04 
5.225413e-04 
5.225413e-04 
5.225413e-04 
5.225413e-04 
5.225413e-04 
5.225413e-04 
5.225413e-04 
5.225413e-04 
5.225413e-04 
5.225413e-04 
5.225413e-04 
5.225413e-04 
5.225413e-04 
5.225413e-04 
5.225413e-04 
5.225413e-04 
5.225413e-04 
5.225413e-04 
5.225413e-04 
5.225413e-04 
5.225413e-04 
5.225413e-04 
5.225413e-04 
5.225413e-04 
5.225413e-04 
5.225413e-04 
5.262324e-04 
5.445096e-04 
5.661428e-04 
5.889966e-04 
6.131403e-04 
6.423439e-04 
6.695584e-04 
6.983001e-04 
7.282955e-04 
7.196811e-04 
7.531862e-04 
7.890504e-04 
8.273440e-04 
8.682951e-04 
9.121140e-04 
9.590652e-04 
1.009432e-03 
1.063531e-03 
1.121713e-03 
1.184289e-03 
1.251645e-03 
1.324258e-03 
1.402662e-03 
1.487476e-03 
1.579281e-03 
1.678685e-03 
1.787003e-03 
1.904986e-03 
2.030659e-03 
2.170935e-03 
2.324544e-03 
2.493106e-03 
2.678528e-03 
2.846388e-03 
3.067896e-03 
3.313186e-03 
3.585397e-03 
3.888364e-03 
4.226362e-03 
4.604603e-03 
5.029237e-03 
5.507523e-03 
6.048238e-03 
6.661530e-03 
7.359936e-03 
8.158612e-03 
9.075947e-03 
1.013475e-02 
1.136256e-02 
1.308815e-02 
1.482114e-02 
1.686799e-02 
1.930146e-02 
2.221590e-02 
2.573267e-02 
3.031722e-02 
3.565824e-02 
4.246195e-02 
5.094259e-02 
6.156885e-02 
7.508057e-02 
9.233933e-02 
1.143419e-01 
1.421067e-01 
1.763849e-01 
2.172993e-01 
2.641271e-01 
3.155352e-01 
3.698826e-01 
4.257072e-01 
4.818671e-01 
5.378132e-01 
5.926109e-01 
6.462719e-01 
6.982274e-01 
7.481608e-01 
7.956796e-01 
8.402160e-01 
8.810936e-01 
9.174795e-01 
9.484064e-01 
9.542484e-01 
9.542484e-01 
9.542484e-01 
9.542484e-01 
9.542484e-01 
9.542484e-01 
9.542484e-01 
9.542484e-01 
9.542484e-01 
9.542484e-01 
9.542484e-01 
9.542484e-01 
9.542484e-01 
9.542484e-01 
9.542484e-01 
9.542484e-01 
9.542484e-01 
9.542484e-01 
9.542484e-01 
9.542484e-01 
9.542484e-01 
9.542484e-01 
9.542484e-01 
9.542484e-01 
9.542484e-01 
9.542484e-01 
9.542484e-01 
9.542484e-01 
9.542484e-01 
9.542484e-01 
9.542484e-01 
9.542484e-01 
9.542484e-01 
9.542484e-01 
9.542484e-01 
9.542484e-01 
9.542484e-01 
9.542484e-01 
9.542484e-01 
9.542484e-01 
9.542484e-01 
9.542484e-01 
9.542484e-01 
9.542484e-01 
9.542484e-01 
9.542484e-01 
9.542484e-01 
9.542484e-01 
9.542484e-01 
9.542484e-01 
9.542484e-01 
9.542484e-01 
9.542484e-01 
9.542484e-01 
9.542484e-01 
9.542484e-01 
9.542484e-01 
9.542484e-01 
9.542484e-01 
9.542484e-01 
9.542484e-01 
9.542484e-01 
9.542484e-01 
9.542484e-01 
9.542484e-01 
9.542484e-01 
9.542484e-01 
9.542484e-01 
9.542484e-01 
9.542484e-01 
9.542484e-01 
9.542484e-01 
9.542484e-01 
9.542484e-01 
9.542484e-01 
9.542484e-01 
9.542484e-01 
9.542484e-01 
9.542484e-01 
9.542484e-01 
9.542484e-01 
9.542484e-01 
9.542484e-01 
9.542484e-01 
9.542484e-01 
9.542484e-01 
9.542484e-01 
9.542484e-01 
9.542484e-01 
9.542484e-01 
9.542484e-01 
9.542484e-01 
9.542484e-01 
9.542484e-01 
9.542484e-01 
9.542484e-01 
9.542484e-01 
9.542484e-01 
9.542484e-01 
9.542484e-01 
9.542484e-01 
9.542484e-01 
9.542484e-01 
9.542484e-01 
9.542484e-01 
9.542484e-01 
9.542484e-01 
9.542484e-01 
9.542484e-01 
9.542484e-01 
9.542484e-01 
9.542484e-01 
9.542484e-01 
9.542484e-01 
9.542484e-01 
9.542484e-01 
9.542484e-01 
9.542484e-01 
9.542484e-01 
9.542484e-01 
9.542484e-01 
9.542484e-01 
9.542484e-01 
9.542484e-01 
9.542484e-01 
9.542484e-01 
9.542484e-01 
9.542484e-01 
9.542484e-01 
9.542484e-01 
9.542484e-01 
9.542484e-01 
9.542484e-01 
9.542484e-01 
9.542484e-01 
9.542484e-01 
9.542484e-01 
9.542484e-01 
9.542484e-01 
9.542484e-01 
9.542484e-01 
9.542484e-01 
9.542484e-01 
9.542484e-01 
9.542484e-01 
9.542484e-01 
9.542484e-01 
9.542484e-01 
9.542484e-01 
9.542484e-01 
9.542484e-01 
9.542484e-01 
9.542484e-01 
9.542484e-01 
9.542484e-01 
9.542484e-01 
9.542484e-01 
9.542484e-01 
9.542484e-01 
9.542484e-01 
9.542484e-01 
9.542484e-01 
9.542484e-01 
9.542484e-01 
9.542484e-01 
9.542484e-01 
9.542484e-01 
9.542484e-01 
9.542484e-01 
9.542484e-01 
9.542482e-01 
9.542481e-01 
9.542480e-01 
9.542477e-01 
9.542475e-01 
9.542474e-01 
9.542471e-01 
9.542468e-01 
9.542467e-01 
9.542465e-01 
9.542462e-01 
9.542459e-01 
9.542455e-01 
9.542452e-01 
9.542448e-01 
9.542445e-01 
9.542441e-01 
9.542436e-01 
9.542434e-01 
9.542429e-01 
9.542425e-01 
9.542421e-01 
9.542418e-01 
9.542414e-01 
9.542410e-01 
9.542407e-01 
9.542404e-01 
9.542400e-01 
9.542397e-01 
9.542395e-01 
9.542392e-01 
9.542390e-01 
9.542388e-01 
9.542385e-01 
9.542383e-01 
9.542381e-01 
9.542379e-01 
9.542377e-01 
9.542376e-01 
9.542374e-01 
9.542372e-01 
9.542370e-01 
9.542369e-01 
9.542368e-01 
9.542367e-01 
9.542364e-01 
9.542364e-01 
9.542362e-01 
9.542361e-01 
9.542359e-01 
9.542358e-01 
9.542358e-01 
9.542357e-01 
9.542356e-01 
9.542355e-01 
9.542354e-01 
9.542353e-01 
9.542351e-01 
9.542351e-01 
9.542350e-01 
9.542350e-01 
9.542348e-01 
9.542348e-01 
9.542347e-01 
9.542347e-01 
9.542346e-01 
9.542345e-01 
9.542345e-01 
9.542344e-01 
9.542343e-01 
9.542342e-01 
9.542342e-01 
9.542341e-01 
9.542341e-01 
9.542340e-01 
9.542339e-01 
9.542339e-01 
9.542339e-01 
9.542339e-01 
9.542338e-01 
9.542337e-01 
9.542338e-01 
9.542338e-01 
9.542338e-01 
9.542338e-01 
9.542338e-01 
9.542338e-01 
9.542338e-01 
9.542338e-01 
9.542338e-01 
9.542338e-01 
9.542338e-01 
9.542338e-01 
9.542338e-01 
9.542338e-01 
9.542338e-01 
9.542338e-01 
9.542338e-01 
9.542338e-01 
9.542338e-01 
9.542338e-01 
9.542338e-01 
9.542338e-01 
9.542338e-01 
9.542338e-01 
9.542338e-01 
9.542338e-01 
9.542338e-01 
9.542338e-01 
9.542338e-01 
9.542338e-01 
9.542338e-01 
9.542338e-01 
9.542338e-01 
9.542338e-01 
9.542338e-01 
9.542338e-01 
9.542338e-01 
9.542338e-01 
9.542338e-01 
9.542338e-01 
9.542338e-01 
9.542338e-01 
9.542338e-01 
9.542338e-01 
9.542338e-01 
9.542338e-01 
9.542338e-01 
9.542338e-01 
9.542338e-01 
9.542338e-01 
9.542338e-01 
9.542338e-01 
9.542338e-01 
9.542338e-01 
9.542338e-01 
9.542338e-01 
9.542338e-01 
9.542338e-01 
9.542338e-01 
9.542338e-01 
9.542338e-01 
9.542338e-01 
9.542338e-01 
9.542338e-01 
9.542338e-01 
9.542338e-01 
9.542338e-01 
9.542338e-01 
9.542338e-01 
9.542338e-01 
9.542338e-01 
9.542338e-01 
9.542338e-01 
9.542338e-01 
9.542338e-01 
9.542338e-01 
9.542338e-01 
9.542338e-01 
9.542338e-01 
9.542338e-01 
9.542338e-01 
9.542338e-01 
9.542338e-01 
9.542338e-01 
9.542338e-01 
9.542338e-01 
9.542338e-01 
9.542338e-01 
9.542338e-01 
9.542338e-01 
9.542338e-01 
9.542338e-01 
9.542338e-01 
9.542338e-01 
9.542338e-01 
9.542338e-01 
9.542338e-01 
9.542338e-01 
9.542338e-01 
9.542338e-01 
9.542338e-01 
9.542338e-01 
9.542338e-01 
9.542338e-01 
9.542338e-01 
9.542338e-01 
9.542338e-01 
9.542338e-01 
9.542338e-01 
9.542338e-01 
9.542338e-01 
9.542338e-01 
9.542338e-01 
9.542338e-01 
9.542338e-01 
9.542338e-01 
9.542338e-01 
9.542338e-01 
9.542338e-01 
9.542338e-01 
9.542338e-01 
9.542338e-01 
9.542338e-01 
9.542338e-01 
9.542338e-01 
9.542338e-01 
9.542338e-01 
9.542338e-01 
9.542338e-01 
9.542338e-01 
9.542338e-01 
9.542338e-01 
9.542338e-01 
9.542338e-01 
9.542338e-01 
9.542338e-01 
9.542338e-01 
9.542338e-01 
9.542338e-01 
9.542338e-01 
9.542338e-01 
9.542338e-01 
9.542338e-01 
9.542338e-01 
9.542338e-01 
9.542338e-01 
9.542338e-01 
9.542338e-01 
9.542338e-01 
9.542338e-01 
9.542338e-01 
9.542338e-01 
9.542338e-01 
9.542338e-01 
9.542338e-01 
9.542338e-01 
9.542338e-01 
9.542338e-01 
9.542338e-01 
9.542338e-01 
9.542338e-01 
9.542338e-01 
9.542338e-01 
9.542338e-01 
9.542338e-01 
9.542338e-01 
9.542338e-01 
9.542338e-01 
9.483969e-01 
9.174503e-01 
8.809876e-01 
8.399458e-01 
7.950582e-01 
7.469489e-01 
6.959090e-01 
6.420140e-01 
5.850214e-01 
5.243117e-01 
4.586579e-01 
3.856094e-01 
3.002041e-01 
1.876386e-01 
2.899353e-02 
6.770170e-03 
2.216995e-03 
1.251547e-03 
8.510644e-04 
6.156081e-04 
4.643765e-04 
3.610298e-04 
2.877567e-04 
2.334608e-04 
1.925912e-04 
1.613923e-04 
1.358913e-04 
1.155914e-04 
1.002675e-04 
8.663612e-05 
7.540228e-05 
6.604254e-05 
5.818788e-05 
5.154152e-05 
4.693206e-05 
4.193095e-05 
3.760950e-05 
3.386429e-05 
3.060590e-05 
2.775358e-05 
2.524884e-05 
2.303758e-05 
2.107948e-05 
1.933924e-05 
1.778715e-05 
1.639845e-05 
1.515227e-05 
1.403025e-05 
1.284924e-05 
1.195038e-05 
1.113577e-05 
1.039406e-05 
9.718444e-06 
9.101757e-06 
8.526859e-06 
8.010618e-06 
7.535059e-06 
7.097915e-06 
6.693576e-06 
6.315558e-06 
5.953774e-06 
5.568691e-06 
5.052967e-06 
4.227482e-06 
3.137604e-06 
2.077051e-06 
1.097458e-06 
2.343458e-07 
-5.097485e-07 
-1.147307e-06 
-1.683839e-06 
-2.184781e-06 
-2.548798e-06 
-2.918755e-06 
-3.224712e-06 
-3.383799e-06 
-3.593507e-06 
-3.751466e-06 
-3.777314e-06 
-3.856205e-06 
-3.891864e-06 
-3.953523e-06 
-3.961367e-06 
-3.966534e-06 
-3.967285e-06 
-3.967353e-06 
-3.967357e-06 
-3.967359e-06 
-3.967359e-06 
-3.967359e-06 
-3.967359e-06 
-3.967359e-06 
-3.967359e-06 
-3.967359e-06 
-3.967359e-06 
-3.967359e-06 
-3.967359e-06 
-3.967359e-06 
-3.967359e-06 
-3.967359e-06 
-3.967359e-06 
-3.967359e-06 
-3.967359e-06 
-3.967359e-06 
-3.967359e-06 
-3.967359e-06 
-3.967359e-06 
-3.967359e-06 
-3.967359e-06 
-3.967359e-06 
-3.967359e-06 
-3.967359e-06 
-3.967359e-06 
-3.967359e-06 
-3.967359e-06 
-3.967359e-06 
-3.967359e-06 
-3.967359e-06 
-3.967359e-06 
-3.967359e-06 
-3.967359e-06 
-3.967359e-06 
-3.967359e-06 
-3.967359e-06 
-3.967359e-06 
-3.967359e-06 
-3.967359e-06 
-3.967359e-06 
-3.967359e-06 
-3.967359e-06 
-3.967359e-06 
-3.967359e-06 
-3.967359e-06 
-3.967359e-06 
-3.967359e-06 
-3.967359e-06 
-3.967359e-06 
-3.967359e-06 
-3.967359e-06 
-3.967359e-06 
-3.967359e-06 
-3.967359e-06 
-3.967359e-06 
-3.967359e-06 
-3.967359e-06 
-3.967359e-06 
-3.967359e-06 
-3.967359e-06 
-3.967359e-06 
-3.967359e-06 
-3.967359e-06 
-3.967359e-06 
-3.967359e-06 
-3.967359e-06 
-3.967359e-06 
-3.967359e-06 
-3.967359e-06 
-3.967359e-06 
-3.967359e-06 
-3.967359e-06 
-3.967359e-06 
-3.967359e-06 
-3.967359e-06 
-3.967359e-06 
-3.967359e-06 
-3.967359e-06 
-3.967359e-06 
-3.967359e-06 
-3.967359e-06 
-3.967359e-06 
-3.967359e-06 
-3.967359e-06 
-3.967359e-06 
-3.967359e-06 
-3.967359e-06 
-3.967359e-06 
-3.967359e-06 
-3.967359e-06 
-3.967359e-06 
-3.967359e-06 
-3.967359e-06 
-3.967359e-06 
-3.967359e-06 
-3.967359e-06 
-3.967359e-06 
-3.967359e-06 
-3.967359e-06 
-3.967359e-06 
-3.967359e-06 
-3.967359e-06 
-3.967359e-06 
-3.967359e-06 
-3.967359e-06 
-3.967359e-06 
-3.967359e-06 
-3.967359e-06 
-3.967359e-06 
-3.967359e-06 
-3.967359e-06 
-3.967359e-06 
-3.967359e-06 
-3.967359e-06 
-3.967359e-06 
-3.967359e-06 
-3.967359e-06 
-3.967359e-06 
-3.967359e-06 
-3.967359e-06 
-3.967359e-06 
-3.967359e-06 
-3.967359e-06 
-3.967359e-06 
-3.967359e-06 
-3.967359e-06 
-3.967359e-06 
-3.967359e-06 
-3.967359e-06 
-3.967359e-06 
-3.967359e-06 
-3.967359e-06 
-3.967359e-06 
-3.967359e-06 
-3.967359e-06 
-3.967359e-06 
-3.967359e-06 
-3.967359e-06 
-3.967359e-06 
-3.967359e-06 
-3.967359e-06 
-3.967359e-06 
-3.967359e-06 
-3.967359e-06 
-3.967359e-06 
-3.967359e-06 
-3.967359e-06 
-3.967359e-06 
-3.967359e-06 
-3.967359e-06 
-3.967359e-06 
-3.967359e-06 
-3.967359e-06 
-3.967359e-06 
-3.967359e-06 
-3.967359e-06 
-3.967359e-06 
-3.967359e-06 
-3.967359e-06 
-3.967359e-06 
-3.967359e-06 
-3.967359e-06 
-3.961098e-06 
-3.924975e-06 
-3.863660e-06 
-3.798586e-06 
-3.690191e-06 
-3.614248e-06 
-3.533370e-06 
-3.447204e-06 
-3.355332e-06 
-3.257259e-06 
-3.151448e-06 
-3.038895e-06 
-2.919586e-06 
-2.790882e-06 
-2.652958e-06 
-2.505077e-06 
-2.346409e-06 
-2.176004e-06 
-1.992843e-06 
-1.795649e-06 
-1.583529e-06 
-1.354712e-06 
-1.107751e-06 
-8.409187e-07 
-5.520169e-07 
-2.407079e-07 
9.792009e-08 
4.311796e-07 
8.260685e-07 
1.255522e-06 
1.723347e-06 
2.233757e-06 
2.791446e-06 
3.401736e-06 
4.071015e-06 
4.805048e-06 
5.613020e-06 
6.070928e-06 
7.007957e-06 
8.044621e-06 
9.191944e-06 
1.046408e-05 
1.187751e-05 
1.423875e-05 
1.608252e-05 
1.814044e-05 
2.044556e-05 
2.302871e-05 
2.592720e-05 
2.918269e-05 
3.284055e-05 
3.695042e-05 
4.234372e-05 
4.760357e-05 
5.348410e-05 
6.001984e-05 
6.752705e-05 
7.550790e-05 
8.422454e-05 
9.372421e-05 
1.038909e-04 
1.147367e-04 
1.262463e-04 
1.383715e-04 
1.511225e-04 
1.644629e-04 
1.784395e-04 
1.930673e-04 
2.084189e-04 
2.245958e-04 
2.417444e-04 
2.599384e-04 
2.793961e-04 
3.000354e-04 
3.225054e-04 
3.466411e-04 
3.725189e-04 
3.999135e-04 
4.132846e-04 
4.417763e-04 
4.695944e-04 
4.869129e-04 
4.897692e-04 
4.899030e-04 
4.899101e-04 
4.899106e-04 
4.899106e-04 
4.899106e-04 
4.899106e-04 
4.899106e-04 
4.899106e-04 
4.899106e-04 
4.899106e-04 
4.899106e-04 
4.899106e-04 
4.899106e-04 
4.899106e-04 
4.899106e-04 
4.899106e-04 
4.899106e-04 
4.899106e-04 
4.899106e-04 
4.899106e-04 
4.899106e-04 
4.899106e-04 
4.899106e-04 
4.899106e-04 
4.899106e-04 
4.899106e-04 
4.899106e-04 
4.899106e-04 
4.899106e-04 
4.899106e-04 
4.899106e-04 
4.899106e-04 
4.899106e-04 
4.899106e-04 
4.899106e-04 
4.899106e-04 
4.899106e-04 
4.899106e-04 
4.899106e-04 
4.899106e-04 
4.899106e-04 
4.899106e-04 
4.899106e-04 
4.899106e-04 
4.899106e-04 
4.899106e-04 
4.899106e-04 
4.899106e-04 
4.899106e-04 
4.899106e-04 
4.899106e-04 
4.899106e-04 
4.899106e-04 
4.899106e-04 
4.899106e-04 
4.899106e-04 
4.899106e-04 
4.899106e-04 
4.899106e-04 
4.899106e-04 
4.899106e-04 
4.899106e-04 
4.899106e-04 
4.899106e-04 
4.899106e-04 
4.899106e-04 
4.899106e-04 
4.899106e-04 
4.899106e-04 
4.899106e-04 
4.899106e-04 
4.899106e-04 
4.899106e-04 
4.899106e-04 
4.899106e-04 
4.899106e-04 
4.899106e-04 
4.899106e-04 
4.899106e-04 
4.899106e-04 
4.899106e-04 
4.899106e-04 
4.899106e-04 
4.899106e-04 
4.899106e-04 
4.899106e-04 
4.899106e-04 
4.899106e-04 
4.899106e-04 
4.899106e-04 
4.899106e-04 
4.899106e-04 
4.899106e-04 
4.899106e-04 
4.899106e-04 
4.899106e-04 
4.899106e-04 
4.899106e-04 
4.899106e-04 
4.899106e-04 
4.899106e-04 
4.899106e-04 
4.899106e-04 
4.899106e-04 
4.899106e-04 
4.899106e-04 
4.899106e-04 
4.899106e-04 
4.899106e-04 
4.899106e-04 
4.899106e-04 
4.899106e-04 
4.899106e-04 
4.899106e-04 
4.899106e-04 
4.899106e-04 
4.899106e-04 
4.899106e-04 
4.899106e-04 
4.899106e-04 
4.899106e-04 
4.899106e-04 
4.899106e-04 
4.899106e-04 
4.899106e-04 
4.899106e-04 
4.899106e-04 
4.899106e-04 
4.899106e-04 
4.899106e-04 
4.899106e-04 
4.899106e-04 
4.899106e-04 
4.899106e-04 
4.899106e-04 
4.899106e-04 
4.899106e-04 
4.899106e-04 
4.899106e-04 
4.899106e-04 
4.899106e-04 
4.899106e-04 
4.899106e-04 
4.899106e-04 
4.899106e-04 
4.899106e-04 
4.899106e-04 
4.899106e-04 
4.899106e-04 
4.899106e-04 
4.899106e-04 
4.899106e-04 
4.899106e-04 
4.899106e-04 
4.899106e-04 
4.899106e-04 
4.899106e-04 
4.899106e-04 
4.899106e-04 
4.899106e-04 
4.899106e-04 
4.899106e-04 
4.899106e-04 
4.899106e-04 
4.899106e-04 
4.899106e-04 
4.899106e-04 
4.933699e-04 
5.105801e-04 
5.311129e-04 
5.528512e-04 
5.758972e-04 
6.039264e-04 
6.301253e-04 
6.579281e-04 
6.875315e-04 
7.194974e-04 
7.531061e-04 
7.890174e-04 
8.273075e-04 
8.682605e-04 
9.121032e-04 
9.590234e-04 
1.009420e-03 
1.063483e-03 
1.121681e-03 
1.184252e-03 
1.251608e-03 
1.324217e-03 
1.402618e-03 
1.487403e-03 
1.579258e-03 
1.678598e-03 
1.786977e-03 
1.904847e-03 
2.030581e-03 
2.170856e-03 
2.324458e-03 
2.493012e-03 
2.678368e-03 
2.846208e-03 
3.067811e-03 
3.312996e-03 
3.585293e-03 
3.888204e-03 
4.226167e-03 
4.604389e-03 
5.029009e-03 
5.507254e-03 
6.048063e-03 
6.661070e-03 
7.359662e-03 
8.158014e-03 
9.075559e-03 
1.013421e-02 
1.136183e-02 
1.308729e-02 
1.482012e-02 
1.686618e-02 
1.930071e-02 
2.221330e-02 
2.597082e-02 
3.031400e-02 
3.565500e-02 
4.245774e-02 
5.093752e-02 
6.156599e-02 
7.507695e-02 
9.232885e-02 
1.143433e-01 
1.420898e-01 
1.763880e-01 
2.172792e-01 
2.641456e-01 
3.155224e-01 
3.698693e-01 
4.256935e-01 
4.818535e-01 
5.377817e-01 
5.926142e-01 
6.462435e-01 
6.982303e-01 
7.481346e-01 
7.956686e-01 
8.402059e-01 
8.810842e-01 
9.174714e-01 
9.483907e-01 
9.542484e-01 
9.542484e-01 
9.542484e-01 
9.542484e-01 
9.542484e-01 
9.542484e-01 
9.542484e-01 
9.542484e-01 
9.542484e-01 
9.542484e-01 
9.542484e-01 
9.542484e-01 
9.542484e-01 
9.542484e-01 
9.542484e-01 
9.542484e-01 
9.542484e-01 
9.542484e-01 
9.542484e-01 
9.542484e-01 
9.542484e-01 
9.542484e-01 
9.542484e-01 
9.542484e-01 
9.542484e-01 
9.542484e-01 
9.542484e-01 
9.542484e-01 
9.542484e-01 
9.542484e-01 
9.542484e-01 
9.542484e-01 
9.542484e-01 
9.542484e-01 
9.542484e-01 
9.542484e-01 
9.542484e-01 
9.542484e-01 
9.542484e-01 
9.542484e-01 
9.542484e-01 
9.542484e-01 
9.542484e-01 
9.542484e-01 
9.542484e-01 
9.542484e-01 
9.542484e-01 
9.542484e-01 
9.542484e-01 
9.542484e-01 
9.542484e-01 
9.542484e-01 
9.542484e-01 
9.542484e-01 
9.542484e-01 
9.542484e-01 
9.542484e-01 
9.542484e-01 
9.542484e-01 
9.542484e-01 
9.542484e-01 
9.542484e-01 
9.542484e-01 
9.542484e-01 
9.542484e-01 
9.542484e-01 
9.542484e-01 
9.542484e-01 
9.542484e-01 
9.542484e-01 
9.542484e-01 
9.542484e-01 
9.542484e-01 
9.542484e-01 
9.542484e-01 
9.542484e-01 
9.542484e-01 
9.542484e-01 
9.542484e-01 
9.542484e-01 
9.542484e-01 
9.542484e-01 
9.542484e-01 
9.542484e-01 
9.542484e-01 
9.542484e-01 
9.542484e-01 
9.542484e-01 
9.542484e-01 
9.542484e-01 
9.542484e-01 
9.542484e-01 
9.542484e-01 
9.542484e-01 
9.542484e-01 
9.542484e-01 
9.542484e-01 
9.542484e-01 
9.542484e-01 
9.542484e-01 
9.542484e-01 
9.542484e-01 
9.542484e-01 
9.542484e-01 
9.542484e-01 
9.542484e-01 
9.542484e-01 
9.542484e-01 
9.542484e-01 
9.542484e-01 
9.542484e-01 
9.542484e-01 
9.542484e-01 
9.542484e-01 
9.542484e-01 
9.542484e-01 
9.542484e-01 
9.542484e-01 
9.542484e-01 
9.542484e-01 
9.542484e-01 
9.542484e-01 
9.542484e-01 
9.542484e-01 
9.542484e-01 
9.542484e-01 
9.542484e-01 
9.542484e-01 
9.542484e-01 
9.542484e-01 
9.542484e-01 
9.542484e-01 
9.542484e-01 
9.542484e-01 
9.542484e-01 
9.542484e-01 
9.542484e-01 
9.542484e-01 
9.542484e-01 
9.542484e-01 
9.542484e-01 
9.542484e-01 
9.542484e-01 
9.542484e-01 
9.542484e-01 
9.542484e-01 
9.542484e-01 
9.542484e-01 
9.542484e-01 
9.542484e-01 
9.542484e-01 
9.542484e-01 
9.542484e-01 
9.542484e-01 
9.542484e-01 
9.542484e-01 
9.542484e-01 
9.542484e-01 
9.542484e-01 
9.542484e-01 
9.542484e-01 
9.542484e-01 
9.542484e-01 
9.542484e-01 
9.542484e-01 
9.542484e-01 
9.542484e-01 
9.542484e-01 
9.542484e-01 
9.542484e-01 
9.542482e-01 
9.542481e-01 
9.542480e-01 
9.542477e-01 
9.542475e-01 
9.542474e-01 
9.542471e-01 
9.542468e-01 
9.542467e-01 
9.542465e-01 
9.542461e-01 
9.542459e-01 
9.542455e-01 
9.542452e-01 
9.542448e-01 
9.542445e-01 
9.542441e-01 
9.542436e-01 
9.542434e-01 
9.542429e-01 
9.542426e-01 
9.542421e-01 
9.542418e-01 
9.542414e-01 
9.542410e-01 
9.542407e-01 
9.542404e-01 
9.542400e-01 
9.542398e-01 
9.542395e-01 
9.542393e-01 
9.542390e-01 
9.542388e-01 
9.542385e-01 
9.542383e-01 
9.542381e-01 
9.542379e-01 
9.542378e-01 
9.542376e-01 
9.542374e-01 
9.542372e-01 
9.542370e-01 
9.542369e-01 
9.542368e-01 
9.542367e-01 
9.542365e-01 
9.542363e-01 
9.542362e-01 
9.542361e-01 
9.542359e-01 
9.542358e-01 
9.542358e-01 
9.542357e-01 
9.542356e-01 
9.542355e-01 
9.542354e-01 
9.542353e-01 
9.542351e-01 
9.542351e-01 
9.542350e-01 
9.542350e-01 
9.542348e-01 
9.542348e-01 
9.542347e-01 
9.542346e-01 
9.542345e-01 
9.542345e-01 
9.542345e-01 
9.542344e-01 
9.542343e-01 
9.542342e-01 
9.542342e-01 
9.542341e-01 
9.542341e-01 
9.542340e-01 
9.542340e-01 
9.542339e-01 
9.542339e-01 
9.542338e-01 
9.542338e-01 
9.542338e-01 
9.542338e-01 
9.542338e-01 
9.542338e-01 
9.542338e-01 
9.542338e-01 
9.542338e-01 
9.542338e-01 
9.542338e-01 
9.542338e-01 
9.542338e-01 
9.542338e-01 
9.542338e-01 
9.542338e-01 
9.542338e-01 
9.542338e-01 
9.542338e-01 
9.542338e-01 
9.542338e-01 
9.542338e-01 
9.542338e-01 
9.542338e-01 
9.542338e-01 
9.542338e-01 
9.542338e-01 
9.542338e-01 
9.542338e-01 
9.542338e-01 
9.542338e-01 
9.542338e-01 
9.542338e-01 
9.542338e-01 
9.542338e-01 
9.542338e-01 
9.542338e-01 
9.542338e-01 
9.542338e-01 
9.542338e-01 
9.542338e-01 
9.542338e-01 
9.542338e-01 
9.542338e-01 
9.542338e-01 
9.542338e-01 
9.542338e-01 
9.542338e-01 
9.542338e-01 
9.542338e-01 
9.542338e-01 
9.542338e-01 
9.542338e-01 
9.542338e-01 
9.542338e-01 
9.542338e-01 
9.542338e-01 
9.542338e-01 
9.542338e-01 
9.542338e-01 
9.542338e-01 
9.542338e-01 
9.542338e-01 
9.542338e-01 
9.542338e-01 
9.542338e-01 
9.542338e-01 
9.542338e-01 
9.542338e-01 
9.542338e-01 
9.542338e-01 
9.542338e-01 
9.542338e-01 
9.542338e-01 
9.542338e-01 
9.542338e-01 
9.542338e-01 
9.542338e-01 
9.542338e-01 
9.542338e-01 
9.542338e-01 
9.542338e-01 
9.542338e-01 
9.542338e-01 
9.542338e-01 
9.542338e-01 
9.542338e-01 
9.542338e-01 
9.542338e-01 
9.542338e-01 
9.542338e-01 
9.542338e-01 
9.542338e-01 
9.542338e-01 
9.542338e-01 
9.542338e-01 
9.542338e-01 
9.542338e-01 
9.542338e-01 
9.542338e-01 
9.542338e-01 
9.542338e-01 
9.542338e-01 
9.542338e-01 
9.542338e-01 
9.542338e-01 
9.542338e-01 
9.542338e-01 
9.542338e-01 
9.542338e-01 
9.542338e-01 
9.542338e-01 
9.542338e-01 
9.542338e-01 
9.542338e-01 
9.542338e-01 
9.542338e-01 
9.542338e-01 
9.542338e-01 
9.542338e-01 
9.542338e-01 
9.542338e-01 
9.542338e-01 
9.542338e-01 
9.542338e-01 
9.542338e-01 
9.542338e-01 
9.542338e-01 
9.542338e-01 
9.542338e-01 
9.542338e-01 
9.542338e-01 
9.542338e-01 
9.542338e-01 
9.542338e-01 
9.542338e-01 
9.542338e-01 
9.542338e-01 
9.542338e-01 
9.542338e-01 
9.542338e-01 
9.542338e-01 
9.542338e-01 
9.542338e-01 
9.542338e-01 
9.542338e-01 
9.542338e-01 
9.542338e-01 
9.542338e-01 
9.542338e-01 
9.542338e-01 
9.542338e-01 
9.542338e-01 
9.542338e-01 
9.542338e-01 
9.542338e-01 
9.542338e-01 
9.542338e-01 
9.542338e-01 
9.542338e-01 
9.542338e-01 
9.542338e-01 
9.542338e-01 
9.542338e-01 
9.542338e-01 
9.542338e-01 
9.542338e-01 
9.542338e-01 
9.542338e-01 
9.542338e-01 
9.542338e-01 
9.483953e-01 
9.174482e-01 
8.809953e-01 
8.399432e-01 
7.950618e-01 
7.469971e-01 
6.959795e-01 
6.422538e-01 
5.851486e-01 
5.247434e-01 
4.592000e-01 
3.862562e-01 
3.018732e-01 
1.901048e-01 
2.906964e-02 
7.801471e-03 
2.259815e-03 
1.254196e-03 
8.517856e-04 
6.165037e-04 
4.650075e-04 
3.616827e-04 
2.880874e-04 
2.337362e-04 
1.927825e-04 
1.615591e-04 
1.360097e-04 
1.156952e-04 
1.003452e-04 
8.670574e-05 
7.545477e-05 
6.609052e-05 
5.822874e-05 
5.157633e-05 
4.696050e-05 
4.195719e-05 
3.763122e-05 
3.388613e-05 
3.062342e-05 
2.776980e-05 
2.526387e-05 
2.305126e-05 
2.109206e-05 
1.935093e-05 
1.779814e-05 
1.640883e-05 
1.516219e-05 
1.403983e-05 
1.302795e-05 
1.195972e-05 
1.114516e-05 
1.040361e-05 
9.728327e-06 
9.111814e-06 
8.547915e-06 
8.023281e-06 
7.550577e-06 
7.116597e-06 
6.719408e-06 
6.355750e-06 
6.031003e-06 
5.766468e-06 
5.703868e-06 
6.039495e-06 
6.613875e-06 
7.185028e-06 
7.696242e-06 
8.123361e-06 
8.460908e-06 
8.719613e-06 
8.902230e-06 
9.069661e-06 
9.123809e-06 
9.200377e-06 
9.230636e-06 
9.135882e-06 
9.101426e-06 
9.029481e-06 
8.870979e-06 
8.744054e-06 
8.586256e-06 
8.583894e-06 
8.585949e-06 
8.590593e-06 
8.591299e-06 
8.591363e-06 
8.591367e-06 
8.591367e-06 
8.591367e-06 
8.591367e-06 
8.591367e-06 
8.591367e-06 
8.591367e-06 
8.591367e-06 
8.591367e-06 
8.591367e-06 
8.591367e-06 
8.591367e-06 
8.591367e-06 
8.591367e-06 
8.591367e-06 
8.591367e-06 
8.591367e-06 
8.591367e-06 
8.591367e-06 
8.591367e-06 
8.591367e-06 
8.591367e-06 
8.591367e-06 
8.591367e-06 
8.591367e-06 
8.591367e-06 
8.591367e-06 
8.591367e-06 
8.591367e-06 
8.591367e-06 
8.591367e-06 
8.591367e-06 
8.591367e-06 
8.591367e-06 
8.591367e-06 
8.591367e-06 
8.591367e-06 
8.591367e-06 
8.591367e-06 
8.591367e-06 
8.591367e-06 
8.591367e-06 
8.591367e-06 
8.591367e-06 
8.591367e-06 
8.591367e-06 
8.591367e-06 
8.591367e-06 
8.591367e-06 
8.591367e-06 
8.591367e-06 
8.591367e-06 
8.591367e-06 
8.591367e-06 
8.591367e-06 
8.591367e-06 
8.591367e-06 
8.591367e-06 
8.591367e-06 
8.591367e-06 
8.591367e-06 
8.591367e-06 
8.591367e-06 
8.591367e-06 
8.591367e-06 
8.591367e-06 
8.591367e-06 
8.591367e-06 
8.591367e-06 
8.591367e-06 
8.591367e-06 
8.591367e-06 
8.591367e-06 
8.591367e-06 
8.591367e-06 
8.591367e-06 
8.591367e-06 
8.591367e-06 
8.591367e-06 
8.591367e-06 
8.591367e-06 
8.591367e-06 
8.591367e-06 
8.591367e-06 
8.591367e-06 
8.591367e-06 
8.591367e-06 
8.591367e-06 
8.591367e-06 
8.591367e-06 
8.591367e-06 
8.591367e-06 
8.591367e-06 
8.591367e-06 
8.591367e-06 
8.591367e-06 
8.591367e-06 
8.591367e-06 
8.591367e-06 
8.591367e-06 
8.591367e-06 
8.591367e-06 
8.591367e-06 
8.591367e-06 
8.591367e-06 
8.591367e-06 
8.591367e-06 
8.591367e-06 
8.591367e-06 
8.591367e-06 
8.591367e-06 
8.591367e-06 
8.591367e-06 
8.591367e-06 
8.591367e-06 
8.591367e-06 
8.591367e-06 
8.591367e-06 
8.591367e-06 
8.591367e-06 
8.591367e-06 
8.591367e-06 
8.591367e-06 
8.591367e-06 
8.591367e-06 
8.591367e-06 
8.591367e-06 
8.591367e-06 
8.591367e-06 
8.591367e-06 
8.591367e-06 
8.591367e-06 
8.591367e-06 
8.591367e-06 
8.591367e-06 
8.591367e-06 
8.591367e-06 
8.591367e-06 
8.591367e-06 
8.591367e-06 
8.591367e-06 
8.591367e-06 
8.591367e-06 
8.591367e-06 
8.591367e-06 
8.591367e-06 
8.591367e-06 
8.591367e-06 
8.591367e-06 
8.591367e-06 
8.591367e-06 
8.591367e-06 
8.591367e-06 
8.591367e-06 
8.591367e-06 
8.591367e-06 
8.591367e-06 
8.591367e-06 
8.591367e-06 
8.591367e-06 
8.591367e-06 
8.591367e-06 
8.591367e-06 
8.591367e-06 
8.594689e-06 
8.620621e-06 
8.685387e-06 
8.752089e-06 
8.847688e-06 
8.918923e-06 
8.992192e-06 
9.067523e-06 
9.172105e-06 
9.252765e-06 
9.338894e-06 
9.424710e-06 
9.512629e-06 
9.603203e-06 
9.696343e-06 
9.792170e-06 
9.890753e-06 
9.992158e-06 
1.009645e-05 
1.020373e-05 
1.031387e-05 
1.042717e-05 
1.054338e-05 
1.066273e-05 
1.078449e-05 
1.090325e-05 
1.103123e-05 
1.110997e-05 
1.124167e-05 
1.137592e-05 
1.146502e-05 
1.160231e-05 
1.174232e-05 
1.188351e-05 
1.202551e-05 
1.216739e-05 
1.230829e-05 
1.244706e-05 
1.258227e-05 
1.271216e-05 
1.283459e-05 
1.294665e-05 
1.304527e-05 
1.312601e-05 
1.318400e-05 
1.321267e-05 
1.320412e-05 
1.314838e-05 
1.303315e-05 
1.270091e-05 
1.236591e-05 
1.189936e-05 
1.126640e-05 
1.042272e-05 
9.312038e-06 
7.626077e-06 
5.645614e-06 
2.854804e-06 
-5.096949e-07 
-5.006776e-06 
-1.066267e-05 
-1.781986e-05 
-2.666391e-05 
-3.749528e-05 
-5.048369e-05 
-6.564899e-05 
-8.285080e-05 
-1.019241e-04 
-1.225256e-04 
-1.444089e-04 
-1.671578e-04 
-1.920184e-04 
-2.160439e-04 
-2.435848e-04 
-2.725104e-04 
-3.029495e-04 
-3.349607e-04 
-3.684252e-04 
-3.849227e-04 
-4.192525e-04 
-4.527190e-04 
-4.736157e-04 
-4.770317e-04 
-4.772361e-04 
-4.772487e-04 
-4.772494e-04 
-4.772495e-04 
-4.772495e-04 
-4.772495e-04 
-4.772495e-04 
-4.772495e-04 
-4.772495e-04 
-4.772495e-04 
-4.772495e-04 
-4.772495e-04 
-4.772495e-04 
-4.772495e-04 
-4.772495e-04 
-4.772495e-04 
-4.772495e-04 
-4.772495e-04 
-4.772495e-04 
-4.772495e-04 
-4.772495e-04 
-4.772495e-04 
-4.772495e-04 
-4.772495e-04 
-4.772495e-04 
-4.772495e-04 
-4.772495e-04 
-4.772495e-04 
-4.772495e-04 
-4.772495e-04 
-4.772495e-04 
-4.772495e-04 
-4.772495e-04 
-4.772495e-04 
-4.772495e-04 
-4.772495e-04 
-4.772495e-04 
-4.772495e-04 
-4.772495e-04 
-4.772495e-04 
-4.772495e-04 
-4.772495e-04 
-4.772495e-04 
-4.772495e-04 
-4.772495e-04 
-4.772495e-04 
-4.772495e-04 
-4.772495e-04 
-4.772495e-04 
-4.772495e-04 
-4.772495e-04 
-4.772495e-04 
-4.772495e-04 
-4.772495e-04 
-4.772495e-04 
-4.772495e-04 
-4.772495e-04 
-4.772495e-04 
-4.772495e-04 
-4.772495e-04 
-4.772495e-04 
-4.772495e-04 
-4.772495e-04 
-4.772495e-04 
-4.772495e-04 
-4.772495e-04 
-4.772495e-04 
-4.772495e-04 
-4.772495e-04 
-4.772495e-04 
-4.772495e-04 
-4.772495e-04 
-4.772495e-04 
-4.772495e-04 
-4.772495e-04 
-4.772495e-04 
-4.772495e-04 
-4.772495e-04 
-4.772495e-04 
-4.772495e-04 
-4.772495e-04 
-4.772495e-04 
-4.772495e-04 
-4.772495e-04 
-4.772495e-04 
-4.772495e-04 
-4.772495e-04 
-4.772495e-04 
-4.772495e-04 
-4.772495e-04 
-4.772495e-04 
-4.772495e-04 
-4.772495e-04 
-4.772495e-04 
-4.772495e-04 
-4.772495e-04 
-4.772495e-04 
-4.772495e-04 
-4.772495e-04 
-4.772495e-04 
-4.772495e-04 
-4.772495e-04 
-4.772495e-04 
-4.772495e-04 
-4.772495e-04 
-4.772495e-04 
-4.772495e-04 
-4.772495e-04 
-4.772495e-04 
-4.772495e-04 
-4.772495e-04 
-4.772495e-04 
-4.772495e-04 
-4.772495e-04 
-4.772495e-04 
-4.772495e-04 
-4.772495e-04 
-4.772495e-04 
-4.772495e-04 
-4.772495e-04 
-4.772495e-04 
-4.772495e-04 
-4.772495e-04 
-4.772495e-04 
-4.772495e-04 
-4.772495e-04 
-4.772495e-04 
-4.772495e-04 
-4.772495e-04 
-4.772495e-04 
-4.772495e-04 
-4.772495e-04 
-4.772495e-04 
-4.772495e-04 
-4.772495e-04 
-4.772495e-04 
-4.772495e-04 
-4.772495e-04 
-4.772495e-04 
-4.772495e-04 
-4.772495e-04 
-4.772495e-04 
-4.772495e-04 
-4.772495e-04 
-4.772495e-04 
-4.772495e-04 
-4.772495e-04 
-4.772495e-04 
-4.772495e-04 
-4.772495e-04 
-4.772495e-04 
-4.772495e-04 
-4.772495e-04 
-4.772495e-04 
-4.772495e-04 
-4.772495e-04 
-4.772495e-04 
-4.772495e-04 
-4.772495e-04 
-4.772495e-04 
-4.772495e-04 
-4.772495e-04 
-4.772495e-04 
-4.772495e-04 
-4.772495e-04 
-4.772495e-04 
-4.772495e-04 
-4.806166e-04 
-4.974057e-04 
-5.174513e-04 
-5.386948e-04 
-5.612002e-04 
-5.886084e-04 
-6.145750e-04 
-6.418392e-04 
-6.708032e-04 
-7.016604e-04 
-7.345089e-04 
-7.695923e-04 
-8.070135e-04 
-8.470690e-04 
-8.899142e-04 
-9.358368e-04 
-9.851452e-04 
-1.038041e-03 
-1.094890e-03 
-1.156087e-03 
-1.221905e-03 
-1.292963e-03 
-1.369610e-03 
-1.452600e-03 
-1.542514e-03 
-1.639818e-03 
-1.745884e-03 
-1.861403e-03 
-1.984338e-03 
-2.121856e-03 
-2.272305e-03 
-2.437627e-03 
-2.619272e-03 
-2.783927e-03 
-3.001227e-03 
-3.241906e-03 
-3.509077e-03 
-3.806440e-03 
-4.138357e-03 
-4.510121e-03 
-4.927279e-03 
-5.397608e-03 
-5.929021e-03 
-6.532506e-03 
-7.219928e-03 
-8.006256e-03 
-8.909768e-03 
-1.016521e-02 
-1.141132e-02 
-1.286760e-02 
-1.457634e-02 
-1.659820e-02 
-1.900294e-02 
-2.188475e-02 
-2.536455e-02 
-2.991050e-02 
-3.520372e-02 
-4.196364e-02 
-5.038858e-02 
-6.097045e-02 
-7.442240e-02 
-9.164409e-02 
-1.136249e-01 
-1.414001e-01 
-1.757303e-01 
-2.167395e-01 
-2.636926e-01 
-3.152144e-01 
-3.696291e-01 
-4.255635e-01 
-4.817443e-01 
-5.377458e-01 
-5.925664e-01 
-6.462448e-01 
-6.982079e-01 
-7.481467e-01 
-7.956550e-01 
-8.402213e-01 
-8.810745e-01 
-9.174833e-01 
-9.483839e-01 
-9.542483e-01 
-9.542483e-01 
-9.542483e-01 
-9.542483e-01 
-9.542483e-01 
-9.542483e-01 
-9.542483e-01 
-9.542483e-01 
-9.542483e-01 
-9.542483e-01 
-9.542483e-01 
-9.542483e-01 
-9.542483e-01 
-9.542483e-01 
-9.542483e-01 
-9.542483e-01 
-9.542483e-01 
-9.542483e-01 
-9.542483e-01 
-9.542483e-01 
-9.542483e-01 
-9.542483e-01 
-9.542483e-01 
-9.542483e-01 
-9.542483e-01 
-9.542483e-01 
-9.542483e-01 
-9.542483e-01 
-9.542483e-01 
-9.542483e-01 
-9.542483e-01 
-9.542483e-01 
-9.542483e-01 
-9.542483e-01 
-9.542483e-01 
-9.542483e-01 
-9.542483e-01 
-9.542483e-01 
-9.542483e-01 
-9.542483e-01 
-9.542483e-01 
-9.542483e-01 
-9.542483e-01 
-9.542483e-01 
-9.542483e-01 
-9.542483e-01 
-9.542483e-01 
-9.542483e-01 
-9.542483e-01 
-9.542483e-01 
-9.542483e-01 
-9.542483e-01 
-9.542483e-01 
-9.542483e-01 
-9.542483e-01 
-9.542483e-01 
-9.542483e-01 
-9.542483e-01 
-9.542483e-01 
-9.542483e-01 
-9.542483e-01 
-9.542483e-01 
-9.542483e-01 
-9.542483e-01 
-9.542483e-01 
-9.542483e-01 
-9.542483e-01 
-9.542483e-01 
-9.542483e-01 
-9.542483e-01 
-9.542483e-01 
-9.542483e-01 
-9.542483e-01 
-9.542483e-01 
-9.542483e-01 
-9.542483e-01 
-9.542483e-01 
-9.542483e-01 
-9.542483e-01 
-9.542483e-01 
-9.542483e-01 
-9.542483e-01 
-9.542483e-01 
-9.542483e-01 
-9.542483e-01 
-9.542483e-01 
-9.542483e-01 
-9.542483e-01 
-9.542483e-01 
-9.542483e-01 
-9.542483e-01 
-9.542483e-01 
-9.542483e-01 
-9.542483e-01 
-9.542483e-01 
-9.542483e-01 
-9.542483e-01 
-9.542483e-01 
-9.542483e-01 
-9.542483e-01 
-9.542483e-01 
-9.542483e-01 
-9.542483e-01 
-9.542483e-01 
-9.542483e-01 
-9.542483e-01 
-9.542483e-01 
-9.542483e-01 
-9.542483e-01 
-9.542483e-01 
-9.542483e-01 
-9.542483e-01 
-9.542483e-01 
-9.542483e-01 
-9.542483e-01 
-9.542483e-01 
-9.542483e-01 
-9.542483e-01 
-9.542483e-01 
-9.542483e-01 
-9.542483e-01 
-9.542483e-01 
-9.542483e-01 
-9.542483e-01 
-9.542483e-01 
-9.542483e-01 
-9.542483e-01 
-9.542483e-01 
-9.542483e-01 
-9.542483e-01 
-9.542483e-01 
-9.542483e-01 
-9.542483e-01 
-9.542483e-01 
-9.542483e-01 
-9.542483e-01 
-9.542483e-01 
-9.542483e-01 
-9.542483e-01 
-9.542483e-01 
-9.542483e-01 
-9.542483e-01 
-9.542483e-01 
-9.542483e-01 
-9.542483e-01 
-9.542483e-01 
-9.542483e-01 
-9.542483e-01 
-9.542483e-01 
-9.542483e-01 
-9.542483e-01 
-9.542483e-01 
-9.542483e-01 
-9.542483e-01 
-9.542483e-01 
-9.542483e-01 
-9.542483e-01 
-9.542483e-01 
-9.542483e-01 
-9.542483e-01 
-9.542483e-01 
-9.542483e-01 
-9.542483e-01 
-9.542483e-01 
-9.542483e-01 
-9.542483e-01 
-9.542483e-01 
-9.542483e-01 
-9.542483e-01 
-9.542483e-01 
-9.542481e-01 
-9.542480e-01 
-9.542478e-01 
-9.542475e-01 
-9.542474e-01 
-9.542471e-01 
-9.542468e-01 
-9.542465e-01 
-9.542462e-01 
-9.542457e-01 
-9.542453e-01 
-9.542448e-01 
-9.542441e-01 
-9.542429e-01 
-9.542418e-01 
-9.542413e-01 
-9.542410e-01 
-9.542407e-01 
-9.542404e-01 
-9.542401e-01 
-9.542399e-01 
-9.542396e-01 
-9.542394e-01 
-9.542391e-01 
-9.542389e-01 
-9.542387e-01 
-9.542385e-01 
-9.542384e-01 
-9.542381e-01 
-9.542379e-01 
-9.542378e-01 
-9.542375e-01 
-9.542374e-01 
-9.542372e-01 
-9.542372e-01 
-9.542370e-01 
-9.542369e-01 
-9.542367e-01 
-9.542365e-01 
-9.542363e-01 
-9.542363e-01 
-9.542363e-01 
-9.542361e-01 
-9.542360e-01 
-9.542359e-01 
-9.542357e-01 
-9.542357e-01 
-9.542356e-01 
-9.542354e-01 
-9.542354e-01 
-9.542353e-01 
-9.542351e-01 
-9.542351e-01 
-9.542351e-01 
-9.542350e-01 
-9.542348e-01 
-9.542348e-01 
-9.542347e-01 
-9.542347e-01 
-9.542346e-01 
-9.542346e-01 
-9.542344e-01 
-9.542344e-01 
-9.542343e-01 
-9.542343e-01 
-9.542342e-01 
-9.542341e-01 
-9.542341e-01 
-9.542340e-01 
-9.542340e-01 
-9.542339e-01 
-9.542339e-01 
-9.542338e-01 
-9.542338e-01 
-9.542338e-01 
-9.542338e-01 
-9.542336e-01 
-9.542336e-01 
-9.542336e-01 
-9.542335e-01 
-9.542335e-01 
-9.542335e-01 
-9.542335e-01 
-9.542335e-01 
-9.542335e-01 
-9.542335e-01 
-9.542335e-01 
-9.542335e-01 
-9.542335e-01 
-9.542335e-01 
-9.542335e-01 
-9.542335e-01 
-9.542335e-01 
-9.542335e-01 
-9.542335e-01 
-9.542335e-01 
-9.542335e-01 
-9.542335e-01 
-9.542335e-01 
-9.542335e-01 
-9.542335e-01 
-9.542335e-01 
-9.542335e-01 
-9.542335e-01 
-9.542335e-01 
-9.542335e-01 
-9.542335e-01 
-9.542335e-01 
-9.542335e-01 
-9.542335e-01 
-9.542335e-01 
-9.542335e-01 
-9.542335e-01 
-9.542335e-01 
-9.542335e-01 
-9.542335e-01 
-9.542335e-01 
-9.542335e-01 
-9.542335e-01 
-9.542335e-01 
-9.542335e-01 
-9.542335e-01 
-9.542335e-01 
-9.542335e-01 
-9.542335e-01 
-9.542335e-01 
-9.542335e-01 
-9.542335e-01 
-9.542335e-01 
-9.542335e-01 
-9.542335e-01 
-9.542335e-01 
-9.542335e-01 
-9.542335e-01 
-9.542335e-01 
-9.542335e-01 
-9.542335e-01 
-9.542335e-01 
-9.542335e-01 
-9.542335e-01 
-9.542335e-01 
-9.542335e-01 
-9.542335e-01 
-9.542335e-01 
-9.542335e-01 
-9.542335e-01 
-9.542335e-01 
-9.542335e-01 
-9.542335e-01 
-9.542335e-01 
-9.542335e-01 
-9.542335e-01 
-9.542335e-01 
-9.542335e-01 
-9.542335e-01 
-9.542335e-01 
-9.542335e-01 
-9.542335e-01 
-9.542335e-01 
-9.542335e-01 
-9.542335e-01 
-9.542335e-01 
-9.542335e-01 
-9.542335e-01 
-9.542335e-01 
-9.542335e-01 
-9.542335e-01 
-9.542335e-01 
-9.542335e-01 
-9.542335e-01 
-9.542335e-01 
-9.542335e-01 
-9.542335e-01 
-9.542335e-01 
-9.542335e-01 
-9.542335e-01 
-9.542335e-01 
-9.542335e-01 
-9.542335e-01 
-9.542335e-01 
-9.542335e-01 
-9.542335e-01 
-9.542335e-01 
-9.542335e-01 
-9.542335e-01 
-9.542335e-01 
-9.542335e-01 
-9.542335e-01 
-9.542335e-01 
-9.542335e-01 
-9.542335e-01 
-9.542335e-01 
-9.542335e-01 
-9.542335e-01 
-9.542335e-01 
-9.542335e-01 
-9.542335e-01 
-9.542335e-01 
-9.542335e-01 
-9.542335e-01 
-9.542335e-01 
-9.542335e-01 
-9.542335e-01 
-9.542335e-01 
-9.542335e-01 
-9.542335e-01 
-9.542335e-01 
-9.542335e-01 
-9.542335e-01 
-9.542335e-01 
-9.542335e-01 
-9.542335e-01 
-9.542335e-01 
-9.542335e-01 
-9.542335e-01 
-9.542335e-01 
-9.542335e-01 
-9.542335e-01 
-9.542335e-01 
-9.542335e-01 
-9.542335e-01 
-9.542335e-01 
-9.542335e-01 
-9.542335e-01 
-9.542335e-01 
-9.542335e-01 
-9.542335e-01 
-9.542335e-01 
-9.542335e-01 
-9.542335e-01 
-9.542335e-01 
-9.542335e-01 
-9.542335e-01 
-9.542335e-01 
-9.542335e-01 
-9.542335e-01 
-9.542335e-01 
-9.542335e-01 
-9.542335e-01 
-9.542335e-01 
-9.542335e-01 
-9.542335e-01 
-9.542335e-01 
-9.542335e-01 
-9.542335e-01 
-9.542335e-01 
-9.542335e-01 
-9.542335e-01 
-9.542335e-01 
-9.484015e-01 
-9.174343e-01 
-8.810024e-01 
-8.399213e-01 
-7.950615e-01 
-7.469563e-01 
-6.959473e-01 
-6.421503e-01 
-5.850002e-01 
-5.241112e-01 
-4.586592e-01 
-3.848091e-01 
-2.975770e-01 
-1.796086e-01 
2.853571e-03 
3.956461e-03 
2.113829e-03 
1.253467e-03 
8.518568e-04 
6.164376e-04 
4.650368e-04 
3.616493e-04 
2.881019e-04 
2.337197e-04 
1.927905e-04 
1.615658e-04 
1.360150e-04 
1.156995e-04 
1.003492e-04 
8.670874e-05 
7.545722e-05 
6.609257e-05 
5.823045e-05 
5.157779e-05 
4.696179e-05 
4.195829e-05 
3.763218e-05 
3.388695e-05 
3.062413e-05 
2.777043e-05 
2.526331e-05 
2.305145e-05 
2.109249e-05 
1.935132e-05 
1.779777e-05 
1.640896e-05 
1.516189e-05 
1.404043e-05 
1.302784e-05 
1.195989e-05 
1.114487e-05 
1.040374e-05 
9.728064e-06 
9.111885e-06 
8.547630e-06 
8.023202e-06 
7.550044e-06 
7.115912e-06 
6.717422e-06 
6.351663e-06 
6.016299e-06 
5.711740e-06 
5.441570e-06 
5.192426e-06 
4.916194e-06 
4.651822e-06 
4.408985e-06 
4.185210e-06 
3.979573e-06 
3.788531e-06 
3.610461e-06 
3.444413e-06 
3.292855e-06 
3.146748e-06 
3.009051e-06 
2.890534e-06 
2.767887e-06 
2.652210e-06 
2.555382e-06 
2.452048e-06 
2.354444e-06 
2.319531e-06 
2.317019e-06 
2.315784e-06 
2.315644e-06 
2.315635e-06 
2.315635e-06 
2.315635e-06 
2.315635e-06 
2.315635e-06 
2.315635e-06 
2.315635e-06 
2.315635e-06 
2.315635e-06 
2.315635e-06 
2.315635e-06 
2.315635e-06 
2.315635e-06 
2.315635e-06 
2.315635e-06 
2.315635e-06 
2.315635e-06 
2.315635e-06 
2.315635e-06 
2.315635e-06 
2.315635e-06 
2.315635e-06 
2.315635e-06 
2.315635e-06 
2.315635e-06 
2.315635e-06 
2.315635e-06 
2.315635e-06 
2.315635e-06 
2.315635e-06 
2.315635e-06 
2.315635e-06 
2.315635e-06 
2.315635e-06 
2.315635e-06 
2.315635e-06 
2.315635e-06 
2.315635e-06 
2.315635e-06 
2.315635e-06 
2.315635e-06 
2.315635e-06 
2.315635e-06 
2.315635e-06 
2.315635e-06 
2.315635e-06 
2.315635e-06 
2.315635e-06 
2.315635e-06 
2.315635e-06 
2.315635e-06 
2.315635e-06 
2.315635e-06 
2.315635e-06 
2.315635e-06 
2.315635e-06 
2.315635e-06 
2.315635e-06 
2.315635e-06 
2.315635e-06 
2.315635e-06 
2.315635e-06 
2.315635e-06 
2.315635e-06 
2.315635e-06 
2.315635e-06 
2.315635e-06 
2.315635e-06 
2.315635e-06 
2.315635e-06 
2.315635e-06 
2.315635e-06 
2.315635e-06 
2.315635e-06 
2.315635e-06 
2.315635e-06 
2.315635e-06 
2.315635e-06 
2.315635e-06 
2.315635e-06 
2.315635e-06 
2.315635e-06 
2.315635e-06 
2.315635e-06 
2.315635e-06 
2.315635e-06 
2.315635e-06 
2.315635e-06 
2.315635e-06 
2.315635e-06 
2.315635e-06 
2.315635e-06 
2.315635e-06 
2.315635e-06 
2.315635e-06 
2.315635e-06 
2.315635e-06 
2.315635e-06 
2.315635e-06 
2.315635e-06 
2.315635e-06 
2.315635e-06 
2.315635e-06 
2.315635e-06 
2.315635e-06 
2.315635e-06 
2.315635e-06 
2.315635e-06 
2.315635e-06 
2.315635e-06 
2.315635e-06 
2.315635e-06 
2.315635e-06 
2.315635e-06 
2.315635e-06 
2.315635e-06 
2.315635e-06 
2.315635e-06 
2.315635e-06 
2.315635e-06 
2.315635e-06 
2.315635e-06 
2.315635e-06 
2.315635e-06 
2.315635e-06 
2.315635e-06 
2.315635e-06 
2.315635e-06 
2.315635e-06 
2.315635e-06 
2.315635e-06 
2.315635e-06 
2.315635e-06 
2.315635e-06 
2.315635e-06 
2.315635e-06 
2.315635e-06 
2.315635e-06 
2.315635e-06 
2.315635e-06 
2.315635e-06 
2.315635e-06 
2.315635e-06 
2.315635e-06 
2.315635e-06 
2.315635e-06 
2.315635e-06 
2.315635e-06 
2.315635e-06 
2.315635e-06 
2.315635e-06 
2.315635e-06 
2.315635e-06 
2.315635e-06 
2.315635e-06 
2.315635e-06 
2.315635e-06 
2.315635e-06 
2.315635e-06 
2.315635e-06 
2.315635e-06 
2.315635e-06 
2.315635e-06 
2.315635e-06 
2.315635e-06 
2.320445e-06 
2.351588e-06 
2.414912e-06 
2.512910e-06 
2.583627e-06 
2.669314e-06 
2.747464e-06 
2.830231e-06 
2.916293e-06 
3.006503e-06 
3.101256e-06 
3.201044e-06 
3.306006e-06 
3.416565e-06 
3.533197e-06 
3.656112e-06 
3.786092e-06 
3.923346e-06 
4.068776e-06 
4.222749e-06 
4.386040e-06 
4.559412e-06 
4.743700e-06 
4.939800e-06 
5.148647e-06 
5.367500e-06 
5.605415e-06 
5.815410e-06 
6.084626e-06 
6.373326e-06 
6.539841e-06 
6.862193e-06 
7.209995e-06 
7.585315e-06 
7.991173e-06 
8.430799e-06 
8.907853e-06 
9.427006e-06 
9.992841e-06 
1.061162e-05 
1.128940e-05 
1.203408e-05 
1.285458e-05 
1.376137e-05 
1.476696e-05 
1.588572e-05 
1.713442e-05 
1.920337e-05 
2.086659e-05 
2.274715e-05 
2.488691e-05 
2.733451e-05 
3.015075e-05 
3.411372e-05 
3.802990e-05 
4.261369e-05 
4.843777e-05 
5.495155e-05 
6.296200e-05 
7.229814e-05 
8.360151e-05 
9.697559e-05 
1.124796e-04 
1.301829e-04 
1.499613e-04 
1.714205e-04 
1.941901e-04 
2.178555e-04 
2.421097e-04 
2.667173e-04 
2.913215e-04 
3.166328e-04 
3.420408e-04 
3.655070e-04 
3.909772e-04 
4.160254e-04 
4.403534e-04 
4.634324e-04 
4.739370e-04 
4.939278e-04 
5.110672e-04 
5.209381e-04 
5.223727e-04 
5.225312e-04 
5.225408e-04 
5.225412e-04 
5.225412e-04 
5.225412e-04 
5.225412e-04 
5.225412e-04 
5.225412e-04 
5.225412e-04 
5.225412e-04 
5.225412e-04 
5.225412e-04 
5.225412e-04 
5.225412e-04 
5.225412e-04 
5.225412e-04 
5.225412e-04 
5.225412e-04 
5.225412e-04 
5.225412e-04 
5.225412e-04 
5.225412e-04 
5.225412e-04 
5.225412e-04 
5.225412e-04 
5.225412e-04 
5.225412e-04 
5.225412e-04 
5.225412e-04 
5.225412e-04 
5.225412e-04 
5.225412e-04 
5.225412e-04 
5.225412e-04 
5.225412e-04 
5.225412e-04 
5.225412e-04 
5.225412e-04 
5.225412e-04 
5.225412e-04 
5.225412e-04 
5.225412e-04 
5.225412e-04 
5.225412e-04 
5.225412e-04 
5.225412e-04 
5.225412e-04 
5.225412e-04 
5.225412e-04 
5.225412e-04 
5.225412e-04 
5.225412e-04 
5.225412e-04 
5.225412e-04 
5.225412e-04 
5.225412e-04 
5.225412e-04 
5.225412e-04 
5.225412e-04 
5.225412e-04 
5.225412e-04 
5.225412e-04 
5.225412e-04 
5.225412e-04 
5.225412e-04 
5.225412e-04 
5.225412e-04 
5.225412e-04 
5.225412e-04 
5.225412e-04 
5.225412e-04 
5.225412e-04 
5.225412e-04 
5.225412e-04 
5.225412e-04 
5.225412e-04 
5.225412e-04 
5.225412e-04 
5.225412e-04 
5.225412e-04 
5.225412e-04 
5.225412e-04 
5.225412e-04 
5.225412e-04 
5.225412e-04 
5.225412e-04 
5.225412e-04 
5.225412e-04 
5.225412e-04 
5.225412e-04 
5.225412e-04 
5.225412e-04 
5.225412e-04 
5.225412e-04 
5.225412e-04 
5.225412e-04 
5.225412e-04 
5.225412e-04 
5.225412e-04 
5.225412e-04 
5.225412e-04 
5.225412e-04 
5.225412e-04 
5.225412e-04 
5.225412e-04 
5.225412e-04 
5.225412e-04 
5.225412e-04 
5.225412e-04 
5.225412e-04 
5.225412e-04 
5.225412e-04 
5.225412e-04 
5.225412e-04 
5.225412e-04 
5.225412e-04 
5.225412e-04 
5.225412e-04 
5.225412e-04 
5.225412e-04 
5.225412e-04 
5.225412e-04 
5.225412e-04 
5.225412e-04 
5.225412e-04 
5.225412e-04 
5.225412e-04 
5.225412e-04 
5.225412e-04 
5.225412e-04 
5.225412e-04 
5.225412e-04 
5.225412e-04 
5.225412e-04 
5.225412e-04 
5.225412e-04 
5.225412e-04 
5.225412e-04 
5.225412e-04 
5.225412e-04 
5.225412e-04 
5.225412e-04 
5.225412e-04 
5.225412e-04 
5.225412e-04 
5.225412e-04 
5.225412e-04 
5.225412e-04 
5.225412e-04 
5.225412e-04 
5.225412e-04 
5.225412e-04 
5.225412e-04 
5.225412e-04 
5.225412e-04 
5.225412e-04 
5.225412e-04 
5.225412e-04 
5.225412e-04 
5.225412e-04 
5.225412e-04 
5.225412e-04 
5.225412e-04 
5.225412e-04 
5.225412e-04 
5.225412e-04 
5.225412e-04 
5.262250e-04 
5.444994e-04 
5.691926e-04 
5.922316e-04 
6.165950e-04 
6.424011e-04 
6.695277e-04 
6.981129e-04 
7.280878e-04 
7.196667e-04 
7.531719e-04 
7.890350e-04 
8.273356e-04 
8.682881e-04 
9.121523e-04 
9.590950e-04 
1.009426e-03 
1.063489e-03 
1.121688e-03 
1.184262e-03 
1.251616e-03 
1.324226e-03 
1.402628e-03 
1.487413e-03 
1.579270e-03 
1.678610e-03 
1.786990e-03 
1.904862e-03 
2.030601e-03 
2.170874e-03 
2.324478e-03 
2.493033e-03 
2.678391e-03 
2.846238e-03 
3.067841e-03 
3.313026e-03 
3.585326e-03 
3.888091e-03 
4.226166e-03 
4.604437e-03 
5.029061e-03 
5.507313e-03 
6.047864e-03 
6.661061e-03 
7.359750e-03 
8.158116e-03 
9.075696e-03 
1.013384e-02 
1.161240e-02 
1.308836e-02 
1.482035e-02 
1.686645e-02 
1.930110e-02 
2.221377e-02 
2.573202e-02 
3.031373e-02 
3.565570e-02 
4.245883e-02 
5.093865e-02 
6.156743e-02 
7.507881e-02 
9.233122e-02 
1.143462e-01 
1.420935e-01 
1.763924e-01 
2.172807e-01 
2.641224e-01 
3.155287e-01 
3.698758e-01 
4.257004e-01 
4.818603e-01 
5.377900e-01 
5.926206e-01 
6.462499e-01 
6.982060e-01 
7.481405e-01 
7.956468e-01 
8.402110e-01 
8.810646e-01 
9.174754e-01 
9.483773e-01 
9.542484e-01 
9.542484e-01 
9.542484e-01 
9.542484e-01 
9.542484e-01 
9.542484e-01 
9.542484e-01 
9.542484e-01 
9.542484e-01 
9.542484e-01 
9.542484e-01 
9.542484e-01 
9.542484e-01 
9.542484e-01 
9.542484e-01 
9.542484e-01 
9.542484e-01 
9.542484e-01 
9.542484e-01 
9.542484e-01 
9.542484e-01 
9.542484e-01 
9.542484e-01 
9.542484e-01 
9.542484e-01 
9.542484e-01 
9.542484e-01 
9.542484e-01 
9.542484e-01 
9.542484e-01 
9.542484e-01 
9.542484e-01 
9.542484e-01 
9.542484e-01 
9.542484e-01 
9.542484e-01 
9.542484e-01 
9.542484e-01 
9.542484e-01 
9.542484e-01 
9.542484e-01 
9.542484e-01 
9.542484e-01 
9.542484e-01 
9.542484e-01 
9.542484e-01 
9.542484e-01 
9.542484e-01 
9.542484e-01 
9.542484e-01 
9.542484e-01 
9.542484e-01 
9.542484e-01 
9.542484e-01 
9.542484e-01 
9.542484e-01 
9.542484e-01 
9.542484e-01 
9.542484e-01 
9.542484e-01 
9.542484e-01 
9.542484e-01 
9.542484e-01 
9.542484e-01 
9.542484e-01 
9.542484e-01 
9.542484e-01 
9.542484e-01 
9.542484e-01 
9.542484e-01 
9.542484e-01 
9.542484e-01 
9.542484e-01 
9.542484e-01 
9.542484e-01 
9.542484e-01 
9.542484e-01 
9.542484e-01 
9.542484e-01 
9.542484e-01 
9.542484e-01 
9.542484e-01 
9.542484e-01 
9.542484e-01 
9.542484e-01 
9.542484e-01 
9.542484e-01 
9.542484e-01 
9.542484e-01 
9.542484e-01 
9.542484e-01 
9.542484e-01 
9.542484e-01 
9.542484e-01 
9.542484e-01 
9.542484e-01 
9.542484e-01 
9.542484e-01 
9.542484e-01 
9.542484e-01 
9.542484e-01 
9.542484e-01 
9.542484e-01 
9.542484e-01 
9.542484e-01 
9.542484e-01 
9.542484e-01 
9.542484e-01 
9.542484e-01 
9.542484e-01 
9.542484e-01 
9.542484e-01 
9.542484e-01 
9.542484e-01 
9.542484e-01 
9.542484e-01 
9.542484e-01 
9.542484e-01 
9.542484e-01 
9.542484e-01 
9.542484e-01 
9.542484e-01 
9.542484e-01 
9.542484e-01 
9.542484e-01 
9.542484e-01 
9.542484e-01 
9.542484e-01 
9.542484e-01 
9.542484e-01 
9.542484e-01 
9.542484e-01 
9.542484e-01 
9.542484e-01 
9.542484e-01 
9.542484e-01 
9.542484e-01 
9.542484e-01 
9.542484e-01 
9.542484e-01 
9.542484e-01 
9.542484e-01 
9.542484e-01 
9.542484e-01 
9.542484e-01 
9.542484e-01 
9.542484e-01 
9.542484e-01 
9.542484e-01 
9.542484e-01 
9.542484e-01 
9.542484e-01 
9.542484e-01 
9.542484e-01 
9.542484e-01 
9.542484e-01 
9.542484e-01 
9.542484e-01 
9.542484e-01 
9.542484e-01 
9.542484e-01 
9.542484e-01 
9.542484e-01 
9.542484e-01 
9.542484e-01 
9.542484e-01 
9.542484e-01 
9.542484e-01 
9.542484e-01 
9.542484e-01 
9.542482e-01 
9.542481e-01 
9.542479e-01 
9.542477e-01 
9.542475e-01 
9.542474e-01 
9.542471e-01 
9.542468e-01 
9.542467e-01 
9.542465e-01 
9.542461e-01 
9.542459e-01 
9.542455e-01 
9.542452e-01 
9.542448e-01 
9.542445e-01 
9.542441e-01 
9.542436e-01 
9.542434e-01 
9.542429e-01 
9.542426e-01 
9.542421e-01 
9.542418e-01 
9.542414e-01 
9.542410e-01 
9.542407e-01 
9.542404e-01 
9.542400e-01 
9.542398e-01 
9.542395e-01 
9.542393e-01 
9.542390e-01 
9.542388e-01 
9.542385e-01 
9.542383e-01 
9.542381e-01 
9.542379e-01 
9.542378e-01 
9.542376e-01
#[#TRACE_DATA]
#[#TRACE]
