#[TRACE]
#data_labels=Output
#[TRACE_DATA]
5.243610e-03 
5.757110e-03 
6.292725e-03 
6.924164e-03 
7.643584e-03 
8.466522e-03 
9.412056e-03 
1.056585e-02 
1.184627e-02 
1.334114e-02 
1.509673e-02 
1.717146e-02 
1.963977e-02 
2.259740e-02 
2.625863e-02 
3.063790e-02 
3.607634e-02 
4.277470e-02 
5.122351e-02 
6.186269e-02 
7.538859e-02 
9.266288e-02 
1.146859e-01 
1.424700e-01 
1.767642e-01 
2.176907e-01 
2.645438e-01 
3.159567e-01 
3.702766e-01 
4.260989e-01 
4.823415e-01 
5.381317e-01 
5.930168e-01 
6.465490e-01 
6.984560e-01 
7.483545e-01 
7.958292e-01 
8.403398e-01 
8.811952e-01 
9.175527e-01 
9.484466e-01 
9.542854e-01 
9.542856e-01 
9.542856e-01 
9.542856e-01 
9.542856e-01 
9.542856e-01 
9.542856e-01 
9.542856e-01 
9.542856e-01 
9.542856e-01 
9.542856e-01 
9.542856e-01 
9.542856e-01 
9.542856e-01 
9.542856e-01 
9.542856e-01 
9.542856e-01 
9.542856e-01 
9.542856e-01 
9.542856e-01 
9.542856e-01 
9.542856e-01 
9.542856e-01 
9.542856e-01 
9.542856e-01 
9.542856e-01 
9.542856e-01 
9.542856e-01 
9.542856e-01 
9.542856e-01 
9.542856e-01 
9.542856e-01 
9.542856e-01 
9.542856e-01 
9.542856e-01 
9.542856e-01 
9.542856e-01 
9.542856e-01 
9.542856e-01 
9.542856e-01 
9.542856e-01 
9.542856e-01 
9.542856e-01 
9.542856e-01 
9.542856e-01 
9.542856e-01 
9.542856e-01 
9.542856e-01 
9.542856e-01 
9.542856e-01 
9.542856e-01 
9.542856e-01 
9.542856e-01 
9.542856e-01 
9.542856e-01 
9.542856e-01 
9.542856e-01 
9.542856e-01 
9.542856e-01 
9.542856e-01 
9.542856e-01 
9.542856e-01 
9.542856e-01 
9.542856e-01 
9.542856e-01 
9.542856e-01 
9.542856e-01 
9.542856e-01 
9.542856e-01 
9.542856e-01 
9.542856e-01 
9.542856e-01 
9.542856e-01 
9.542856e-01 
9.542856e-01 
9.542856e-01 
9.542856e-01 
9.542856e-01 
9.542856e-01 
9.542856e-01 
9.542856e-01 
9.542856e-01 
9.542856e-01 
9.542856e-01 
9.542856e-01 
9.542856e-01 
9.542856e-01 
9.542856e-01 
9.542856e-01 
9.542856e-01 
9.542856e-01 
9.542856e-01 
9.542856e-01 
9.542856e-01 
9.542856e-01 
9.542856e-01 
9.542856e-01 
9.542856e-01 
9.542856e-01 
9.542856e-01 
9.542856e-01 
9.542856e-01 
9.542856e-01 
9.542856e-01 
9.542856e-01 
9.542856e-01 
9.542856e-01 
9.542856e-01 
9.542856e-01 
9.542856e-01 
9.542856e-01 
9.542856e-01 
9.542856e-01 
9.542856e-01 
9.542856e-01 
9.542856e-01 
9.542856e-01 
9.542856e-01 
9.542856e-01 
9.542856e-01 
9.542856e-01 
9.542856e-01 
9.542856e-01 
9.542856e-01 
9.542856e-01 
9.542856e-01 
9.542856e-01 
9.542856e-01 
9.542856e-01 
9.542856e-01 
9.542856e-01 
9.542856e-01 
9.542856e-01 
9.542856e-01 
9.542856e-01 
9.542856e-01 
9.542856e-01 
9.542856e-01 
9.542856e-01 
9.542856e-01 
9.542856e-01 
9.542856e-01 
9.542856e-01 
9.542856e-01 
9.542856e-01 
9.542856e-01 
9.542856e-01 
9.542856e-01 
9.542856e-01 
9.542856e-01 
9.542856e-01 
9.542856e-01 
9.542856e-01 
9.542856e-01 
9.542856e-01 
9.542856e-01 
9.542856e-01 
9.542856e-01 
9.542856e-01 
9.542856e-01 
9.542856e-01 
9.542856e-01 
9.542856e-01 
9.542856e-01 
9.542856e-01 
9.542856e-01 
9.542856e-01 
9.542856e-01 
9.542856e-01 
9.542846e-01 
9.542801e-01 
9.542764e-01 
9.542734e-01 
9.542710e-01 
9.542688e-01 
9.542669e-01 
9.542652e-01 
9.542637e-01 
9.542622e-01 
9.542608e-01 
9.542595e-01 
9.542582e-01 
9.542570e-01 
9.542557e-01 
9.542545e-01 
9.542533e-01 
9.542521e-01 
9.542508e-01 
9.542496e-01 
9.542484e-01 
9.542473e-01 
9.542462e-01 
9.542453e-01 
9.542444e-01 
9.542436e-01 
9.542428e-01 
9.542422e-01 
9.542415e-01 
9.542410e-01 
9.542405e-01 
9.542400e-01 
9.542396e-01 
9.542392e-01 
9.542388e-01 
9.542384e-01 
9.542381e-01 
9.542378e-01 
9.542376e-01 
9.542373e-01 
9.542371e-01 
9.542368e-01 
9.542366e-01 
9.542364e-01 
9.542362e-01 
9.542360e-01 
9.542358e-01 
9.542357e-01 
9.542355e-01 
9.542354e-01 
9.542352e-01 
9.542351e-01 
9.542350e-01 
9.542348e-01 
9.542347e-01 
9.542346e-01 
9.542345e-01 
9.542344e-01 
9.542343e-01 
9.542342e-01 
9.542341e-01 
9.542340e-01 
9.542339e-01 
9.542339e-01 
9.542338e-01 
9.542337e-01 
9.542336e-01 
9.542336e-01 
9.542335e-01 
9.542334e-01 
9.542334e-01 
9.542333e-01 
9.542332e-01 
9.542332e-01 
9.542331e-01 
9.542331e-01 
9.542330e-01 
9.542330e-01 
9.542329e-01 
9.542329e-01 
9.542328e-01 
9.542328e-01 
9.542328e-01 
9.542328e-01 
9.542328e-01 
9.542328e-01 
9.542328e-01 
9.542328e-01 
9.542328e-01 
9.542328e-01 
9.542328e-01 
9.542328e-01 
9.542328e-01 
9.542328e-01 
9.542328e-01 
9.542328e-01 
9.542328e-01 
9.542328e-01 
9.542328e-01 
9.542328e-01 
9.542328e-01 
9.542328e-01 
9.542328e-01 
9.542328e-01 
9.542328e-01 
9.542328e-01 
9.542328e-01 
9.542328e-01 
9.542328e-01 
9.542328e-01 
9.542328e-01 
9.542328e-01 
9.542328e-01 
9.542328e-01 
9.542328e-01 
9.542328e-01 
9.542328e-01 
9.542328e-01 
9.542328e-01 
9.542328e-01 
9.542328e-01 
9.542328e-01 
9.542328e-01 
9.542328e-01 
9.542328e-01 
9.542328e-01 
9.542328e-01 
9.542328e-01 
9.542328e-01 
9.542328e-01 
9.542328e-01 
9.542328e-01 
9.542328e-01 
9.542328e-01 
9.542328e-01 
9.542328e-01 
9.542328e-01 
9.542328e-01 
9.542328e-01 
9.542328e-01 
9.542328e-01 
9.542328e-01 
9.542328e-01 
9.542328e-01 
9.542328e-01 
9.542328e-01 
9.542328e-01 
9.542328e-01 
9.542328e-01 
9.542328e-01 
9.542328e-01 
9.542328e-01 
9.542328e-01 
9.542328e-01 
9.542328e-01 
9.542328e-01 
9.542328e-01 
9.542328e-01 
9.542328e-01 
9.542328e-01 
9.542328e-01 
9.542328e-01 
9.542328e-01 
9.542328e-01 
9.542328e-01 
9.542328e-01 
9.542328e-01 
9.542328e-01 
9.542328e-01 
9.542328e-01 
9.542328e-01 
9.542328e-01 
9.542328e-01 
9.542328e-01 
9.542328e-01 
9.542328e-01 
9.542328e-01 
9.542328e-01 
9.542328e-01 
9.542328e-01 
9.542328e-01 
9.542328e-01 
9.542328e-01 
9.542328e-01 
9.542328e-01 
9.542328e-01 
9.542328e-01 
9.542328e-01 
9.542328e-01 
9.542328e-01 
9.542328e-01 
9.542328e-01 
9.542328e-01 
9.542328e-01 
9.542328e-01 
9.542328e-01 
9.542328e-01 
9.542328e-01 
9.542328e-01 
9.542328e-01 
9.542328e-01 
9.542328e-01 
9.542328e-01 
9.542328e-01 
9.542328e-01 
9.542328e-01 
9.542328e-01 
9.542328e-01 
9.542328e-01 
9.542328e-01 
9.542328e-01 
9.542328e-01 
9.542328e-01 
9.542328e-01 
9.542328e-01 
9.542328e-01 
9.542328e-01 
9.542328e-01 
9.542328e-01 
9.542328e-01 
9.542328e-01 
9.542328e-01 
9.542328e-01 
9.542328e-01 
9.542328e-01 
9.542328e-01 
9.542328e-01 
9.542328e-01 
9.542328e-01 
9.542328e-01 
9.542328e-01 
9.542328e-01 
9.542328e-01 
9.542328e-01 
9.542328e-01 
9.542328e-01 
9.542328e-01 
9.542328e-01 
9.542328e-01 
9.542328e-01 
9.542328e-01 
9.542328e-01 
9.542328e-01 
9.542328e-01 
9.542328e-01 
9.542328e-01 
9.542328e-01 
9.542328e-01 
9.542328e-01 
9.542328e-01 
9.483847e-01 
9.174308e-01 
8.809672e-01 
8.399172e-01 
7.950544e-01 
7.469432e-01 
6.959013e-01 
6.420010e-01 
5.850034e-01 
5.242852e-01 
4.586234e-01 
3.856202e-01 
3.001324e-01 
1.881928e-01 
2.811919e-02 
7.403180e-03 
2.220596e-03 
1.247814e-03 
8.505475e-04 
6.158922e-04 
4.645588e-04 
3.611232e-04 
2.873879e-04 
2.330731e-04 
1.919511e-04 
1.602170e-04 
1.350912e-04 
1.152130e-04 
9.893601e-05 
8.590271e-05 
7.482493e-05 
6.559009e-05 
5.782737e-05 
5.163182e-05 
4.595346e-05 
4.108038e-05 
3.687759e-05 
3.323306e-05 
3.005668e-05 
2.727535e-05 
2.482936e-05 
2.266953e-05 
2.075517e-05 
1.905235e-05 
1.753262e-05 
1.617204e-05 
1.495032e-05 
1.381926e-05 
1.283037e-05 
1.193508e-05 
1.112260e-05 
1.038364e-05 
9.710126e-06 
9.094334e-06 
8.531803e-06 
8.016205e-06 
7.543189e-06 
7.108348e-06 
6.708242e-06 
6.340027e-06 
6.001535e-06 
5.689848e-06 
5.408186e-06 
5.129690e-06 
4.841647e-06 
4.579829e-06 
4.335906e-06 
4.109598e-06 
3.903997e-06 
3.707990e-06 
3.519507e-06 
3.348885e-06 
3.189558e-06 
3.044327e-06 
2.901932e-06 
2.781604e-06 
2.653643e-06 
2.533800e-06 
2.478845e-06 
2.363858e-06 
2.254880e-06 
2.200944e-06 
2.193997e-06 
2.193441e-06 
2.193385e-06 
2.193382e-06 
2.193381e-06 
2.193381e-06 
2.193381e-06 
2.193381e-06 
2.193381e-06 
2.193381e-06 
2.193381e-06 
2.193381e-06 
2.193381e-06 
2.193381e-06 
2.193381e-06 
2.193381e-06 
2.193381e-06 
2.193381e-06 
2.193381e-06 
2.193381e-06 
2.193381e-06 
2.193381e-06 
2.193381e-06 
2.193381e-06 
2.193381e-06 
2.193381e-06 
2.193381e-06 
2.193381e-06 
2.193381e-06 
2.193381e-06 
2.193381e-06 
2.193381e-06 
2.193381e-06 
2.193381e-06 
2.193381e-06 
2.193381e-06 
2.193381e-06 
2.193381e-06 
2.193381e-06 
2.193381e-06 
2.193381e-06 
2.193381e-06 
2.193381e-06 
2.193381e-06 
2.193381e-06 
2.193381e-06 
2.193381e-06 
2.193381e-06 
2.193381e-06 
2.193381e-06 
2.193381e-06 
2.193381e-06 
2.193381e-06 
2.193381e-06 
2.193381e-06 
2.193381e-06 
2.193381e-06 
2.193381e-06 
2.193381e-06 
2.193381e-06 
2.193381e-06 
2.193381e-06 
2.193381e-06 
2.193381e-06 
2.193381e-06 
2.193381e-06 
2.193381e-06 
2.193381e-06 
2.193381e-06 
2.193381e-06 
2.193381e-06 
2.193381e-06 
2.193381e-06 
2.193381e-06 
2.193381e-06 
2.193381e-06 
2.193381e-06 
2.193381e-06 
2.193381e-06 
2.193381e-06 
2.193381e-06 
2.193381e-06 
2.193381e-06 
2.193381e-06 
2.193381e-06 
2.193381e-06 
2.193381e-06 
2.193381e-06 
2.193381e-06 
2.193381e-06 
2.193381e-06 
2.193381e-06 
2.193381e-06 
2.193381e-06 
2.193381e-06 
2.193381e-06 
2.193381e-06 
2.193381e-06 
2.193381e-06 
2.193381e-06 
2.193381e-06 
2.193381e-06 
2.193381e-06 
2.193381e-06 
2.193381e-06 
2.193381e-06 
2.193381e-06 
2.193381e-06 
2.193381e-06 
2.193381e-06 
2.193381e-06 
2.193381e-06 
2.193381e-06 
2.193381e-06 
2.193381e-06 
2.193381e-06 
2.193381e-06 
2.193381e-06 
2.193381e-06 
2.193381e-06 
2.193381e-06 
2.193381e-06 
2.193381e-06 
2.193381e-06 
2.193381e-06 
2.193381e-06 
2.193381e-06 
2.193381e-06 
2.193381e-06 
2.193381e-06 
2.193381e-06 
2.193381e-06 
2.193381e-06 
2.193381e-06 
2.193381e-06 
2.193381e-06 
2.193381e-06 
2.193381e-06 
2.193381e-06 
2.193381e-06 
2.193381e-06 
2.193381e-06 
2.193381e-06 
2.193381e-06 
2.193381e-06 
2.193381e-06 
2.193381e-06 
2.193381e-06 
2.193381e-06 
2.193381e-06 
2.193381e-06 
2.193381e-06 
2.193381e-06 
2.193381e-06 
2.193381e-06 
2.193381e-06 
2.193381e-06 
2.193381e-06 
2.193381e-06 
2.193381e-06 
2.193381e-06 
2.193381e-06 
2.193381e-06 
2.193381e-06 
2.193381e-06 
2.193381e-06 
2.193381e-06 
2.193381e-06 
2.197592e-06 
2.226329e-06 
2.317638e-06 
2.384300e-06 
2.454114e-06 
2.542073e-06 
2.620935e-06 
2.702235e-06 
2.787521e-06 
2.877392e-06 
2.971841e-06 
3.071282e-06 
3.176074e-06 
3.286602e-06 
3.403283e-06 
3.526575e-06 
3.656977e-06 
3.795036e-06 
3.941353e-06 
4.096586e-06 
4.261458e-06 
4.436772e-06 
4.623388e-06 
4.821993e-06 
5.034275e-06 
5.256541e-06 
5.498945e-06 
5.713247e-06 
5.989022e-06 
6.285405e-06 
6.604453e-06 
6.948483e-06 
7.320112e-06 
7.722303e-06 
8.158421e-06 
8.632300e-06 
8.918003e-06 
9.458774e-06 
1.005124e-05 
1.070038e-05 
1.141346e-05 
1.219897e-05 
1.306680e-05 
1.402858e-05 
1.509801e-05 
1.629134e-05 
1.825420e-05 
1.983765e-05 
2.162738e-05 
2.366168e-05 
2.598551e-05 
2.865421e-05 
3.173624e-05 
3.595509e-05 
4.026073e-05 
4.562013e-05 
5.170896e-05 
5.914768e-05 
6.806269e-05 
7.866319e-05 
9.133286e-05 
1.063395e-04 
1.238119e-04 
1.436526e-04 
1.655256e-04 
1.890996e-04 
2.139781e-04 
2.397762e-04 
2.662308e-04 
2.931123e-04 
3.200638e-04 
3.478837e-04 
3.759810e-04 
4.021363e-04 
4.307854e-04 
4.593889e-04 
4.876374e-04 
5.150603e-04 
5.410179e-04 
5.551467e-04 
5.773089e-04 
5.883323e-04 
5.898034e-04 
5.899508e-04 
5.899593e-04 
5.899598e-04 
5.899598e-04 
5.899598e-04 
5.899598e-04 
5.899598e-04 
5.899598e-04 
5.899598e-04 
5.899598e-04 
5.899598e-04 
5.899598e-04 
5.899598e-04 
5.899598e-04 
5.899598e-04 
5.899598e-04 
5.899598e-04 
5.899598e-04 
5.899598e-04 
5.899598e-04 
5.899598e-04 
5.899598e-04 
5.899598e-04 
5.899598e-04 
5.899598e-04 
5.899598e-04 
5.899598e-04 
5.899598e-04 
5.899598e-04 
5.899598e-04 
5.899598e-04 
5.899598e-04 
5.899598e-04 
5.899598e-04 
5.899598e-04 
5.899598e-04 
5.899598e-04 
5.899598e-04 
5.899598e-04 
5.899598e-04 
5.899598e-04 
5.899598e-04 
5.899598e-04 
5.899598e-04 
5.899598e-04 
5.899598e-04 
5.899598e-04 
5.899598e-04 
5.899598e-04 
5.899598e-04 
5.899598e-04 
5.899598e-04 
5.899598e-04 
5.899598e-04 
5.899598e-04 
5.899598e-04 
5.899598e-04 
5.899598e-04 
5.899598e-04 
5.899598e-04 
5.899598e-04 
5.899598e-04 
5.899598e-04 
5.899598e-04 
5.899598e-04 
5.899598e-04 
5.899598e-04 
5.899598e-04 
5.899598e-04 
5.899598e-04 
5.899598e-04 
5.899598e-04 
5.899598e-04 
5.899598e-04 
5.899598e-04 
5.899598e-04 
5.899598e-04 
5.899598e-04 
5.899598e-04 
5.899598e-04 
5.899598e-04 
5.899598e-04 
5.899598e-04 
5.899598e-04 
5.899598e-04 
5.899598e-04 
5.899598e-04 
5.899598e-04 
5.899598e-04 
5.899598e-04 
5.899598e-04 
5.899598e-04 
5.899598e-04 
5.899598e-04 
5.899598e-04 
5.899598e-04 
5.899598e-04 
5.899598e-04 
5.899598e-04 
5.899598e-04 
5.899598e-04 
5.899598e-04 
5.899598e-04 
5.899598e-04 
5.899598e-04 
5.899598e-04 
5.899598e-04 
5.899598e-04 
5.899598e-04 
5.899598e-04 
5.899598e-04 
5.899598e-04 
5.899598e-04 
5.899598e-04 
5.899598e-04 
5.899598e-04 
5.899598e-04 
5.899598e-04 
5.899598e-04 
5.899598e-04 
5.899598e-04 
5.899598e-04 
5.899598e-04 
5.899598e-04 
5.899598e-04 
5.899598e-04 
5.899598e-04 
5.899598e-04 
5.899598e-04 
5.899598e-04 
5.899598e-04 
5.899598e-04 
5.899598e-04 
5.899598e-04 
5.899598e-04 
5.899598e-04 
5.899598e-04 
5.899598e-04 
5.899598e-04 
5.899598e-04 
5.899598e-04 
5.899598e-04 
5.899598e-04 
5.899598e-04 
5.899598e-04 
5.899598e-04 
5.899598e-04 
5.899598e-04 
5.899598e-04 
5.899598e-04 
5.899598e-04 
5.899598e-04 
5.899598e-04 
5.899598e-04 
5.899598e-04 
5.899598e-04 
5.899598e-04 
5.899598e-04 
5.899598e-04 
5.899598e-04 
5.899598e-04 
5.899598e-04 
5.899598e-04 
5.899598e-04 
5.899598e-04 
5.899598e-04 
5.899598e-04 
5.944080e-04 
6.157770e-04 
6.386155e-04 
6.625372e-04 
6.877931e-04 
7.143592e-04 
7.424795e-04 
7.720179e-04 
8.029591e-04 
7.956746e-04 
8.302518e-04 
8.671868e-04 
9.066138e-04 
9.487245e-04 
9.937579e-04 
1.041966e-03 
1.093637e-03 
1.149090e-03 
1.208666e-03 
1.272674e-03 
1.341511e-03 
1.415654e-03 
1.495643e-03 
1.582083e-03 
1.675646e-03 
1.777082e-03 
1.887276e-03 
2.007106e-03 
2.137817e-03 
2.280591e-03 
2.436856e-03 
2.607517e-03 
2.795808e-03 
3.003242e-03 
3.232310e-03 
3.485901e-03 
3.767375e-03 
4.080655e-03 
4.417229e-03 
4.806506e-03 
5.243610e-03 
5.761456e-03 
6.292749e-03 
6.924164e-03 
7.643584e-03 
8.466522e-03 
9.412056e-03 
1.056585e-02 
1.184627e-02 
1.334114e-02 
1.509673e-02 
1.717146e-02 
1.963977e-02 
2.266443e-02 
2.625881e-02 
3.063790e-02 
3.607634e-02 
4.277470e-02 
5.122351e-02 
6.186085e-02 
7.538859e-02 
9.266288e-02 
1.146859e-01 
1.424700e-01 
1.767642e-01 
2.176907e-01 
2.645438e-01 
3.159324e-01 
3.702766e-01 
4.260989e-01 
4.823415e-01 
5.381317e-01 
5.930168e-01 
6.465490e-01 
6.984560e-01 
7.483545e-01 
7.958292e-01 
8.403398e-01 
8.811952e-01 
9.175527e-01 
9.484466e-01 
9.542854e-01 
9.542856e-01 
9.542856e-01 
9.542856e-01 
9.542856e-01 
9.542856e-01 
9.542856e-01 
9.542856e-01 
9.542856e-01 
9.542856e-01 
9.542856e-01 
9.542856e-01 
9.542856e-01 
9.542856e-01 
9.542856e-01 
9.542856e-01 
9.542856e-01 
9.542856e-01 
9.542856e-01 
9.542856e-01 
9.542856e-01 
9.542856e-01 
9.542856e-01 
9.542856e-01 
9.542856e-01 
9.542856e-01 
9.542856e-01 
9.542856e-01 
9.542856e-01 
9.542856e-01 
9.542856e-01 
9.542856e-01 
9.542856e-01 
9.542856e-01 
9.542856e-01 
9.542856e-01 
9.542856e-01 
9.542856e-01 
9.542856e-01 
9.542856e-01 
9.542856e-01 
9.542856e-01 
9.542856e-01 
9.542856e-01 
9.542856e-01 
9.542856e-01 
9.542856e-01 
9.542856e-01 
9.542856e-01 
9.542856e-01 
9.542856e-01 
9.542856e-01 
9.542856e-01 
9.542856e-01 
9.542856e-01 
9.542856e-01 
9.542856e-01 
9.542856e-01 
9.542856e-01 
9.542856e-01 
9.542856e-01 
9.542856e-01 
9.542856e-01 
9.542856e-01 
9.542856e-01 
9.542856e-01 
9.542856e-01 
9.542856e-01 
9.542856e-01 
9.542856e-01 
9.542856e-01 
9.542856e-01 
9.542856e-01 
9.542856e-01 
9.542856e-01 
9.542856e-01 
9.542856e-01 
9.542856e-01 
9.542856e-01 
9.542856e-01 
9.542856e-01 
9.542856e-01 
9.542856e-01 
9.542856e-01 
9.542856e-01 
9.542856e-01 
9.542856e-01 
9.542856e-01 
9.542856e-01 
9.542856e-01 
9.542856e-01 
9.542856e-01 
9.542856e-01 
9.542856e-01 
9.542856e-01 
9.542856e-01 
9.542856e-01 
9.542856e-01 
9.542856e-01 
9.542856e-01 
9.542856e-01 
9.542856e-01 
9.542856e-01 
9.542856e-01 
9.542856e-01 
9.542856e-01 
9.542856e-01 
9.542856e-01 
9.542856e-01 
9.542856e-01 
9.542856e-01 
9.542856e-01 
9.542856e-01 
9.542856e-01 
9.542856e-01 
9.542856e-01 
9.542856e-01 
9.542856e-01 
9.542856e-01 
9.542856e-01 
9.542856e-01 
9.542856e-01 
9.542856e-01 
9.542856e-01 
9.542856e-01 
9.542856e-01 
9.542856e-01 
9.542856e-01 
9.542856e-01 
9.542856e-01 
9.542856e-01 
9.542856e-01 
9.542856e-01 
9.542856e-01 
9.542856e-01 
9.542856e-01 
9.542856e-01 
9.542856e-01 
9.542856e-01 
9.542856e-01 
9.542856e-01 
9.542856e-01 
9.542856e-01 
9.542856e-01 
9.542856e-01 
9.542856e-01 
9.542856e-01 
9.542856e-01 
9.542856e-01 
9.542856e-01 
9.542856e-01 
9.542856e-01 
9.542856e-01 
9.542856e-01 
9.542856e-01 
9.542856e-01 
9.542856e-01 
9.542856e-01 
9.542856e-01 
9.542856e-01 
9.542856e-01 
9.542856e-01 
9.542856e-01 
9.542856e-01 
9.542856e-01 
9.542856e-01 
9.542856e-01 
9.542856e-01 
9.542856e-01 
9.542846e-01 
9.542801e-01 
9.542764e-01 
9.542734e-01 
9.542710e-01 
9.542688e-01 
9.542669e-01 
9.542652e-01 
9.542637e-01 
9.542622e-01 
9.542608e-01 
9.542595e-01 
9.542582e-01 
9.542570e-01 
9.542557e-01 
9.542545e-01 
9.542533e-01 
9.542521e-01 
9.542508e-01 
9.542496e-01 
9.542484e-01 
9.542473e-01 
9.542462e-01 
9.542453e-01 
9.542444e-01 
9.542436e-01 
9.542428e-01 
9.542422e-01 
9.542415e-01 
9.542410e-01 
9.542405e-01 
9.542400e-01 
9.542396e-01 
9.542392e-01 
9.542388e-01 
9.542384e-01 
9.542381e-01 
9.542378e-01 
9.542376e-01 
9.542373e-01 
9.542371e-01 
9.542368e-01 
9.542366e-01 
9.542364e-01 
9.542362e-01 
9.542360e-01 
9.542358e-01 
9.542357e-01 
9.542355e-01 
9.542354e-01 
9.542352e-01 
9.542351e-01 
9.542350e-01 
9.542348e-01 
9.542347e-01 
9.542346e-01 
9.542345e-01 
9.542344e-01 
9.542343e-01 
9.542342e-01 
9.542341e-01 
9.542340e-01 
9.542339e-01 
9.542339e-01 
9.542338e-01 
9.542337e-01 
9.542336e-01 
9.542336e-01 
9.542335e-01 
9.542334e-01 
9.542334e-01 
9.542333e-01 
9.542332e-01 
9.542332e-01 
9.542331e-01 
9.542331e-01 
9.542330e-01 
9.542330e-01 
9.542329e-01 
9.542329e-01 
9.542328e-01 
9.542328e-01 
9.542328e-01 
9.542328e-01 
9.542328e-01 
9.542328e-01 
9.542328e-01 
9.542328e-01 
9.542328e-01 
9.542328e-01 
9.542328e-01 
9.542328e-01 
9.542328e-01 
9.542328e-01 
9.542328e-01 
9.542328e-01 
9.542328e-01 
9.542328e-01 
9.542328e-01 
9.542328e-01 
9.542328e-01 
9.542328e-01 
9.542328e-01 
9.542328e-01 
9.542328e-01 
9.542328e-01 
9.542328e-01 
9.542328e-01 
9.542328e-01 
9.542328e-01 
9.542328e-01 
9.542328e-01 
9.542328e-01 
9.542328e-01 
9.542328e-01 
9.542328e-01 
9.542328e-01 
9.542328e-01 
9.542328e-01 
9.542328e-01 
9.542328e-01 
9.542328e-01 
9.542328e-01 
9.542328e-01 
9.542328e-01 
9.542328e-01 
9.542328e-01 
9.542328e-01 
9.542328e-01 
9.542328e-01 
9.542328e-01 
9.542328e-01 
9.542328e-01 
9.542328e-01 
9.542328e-01 
9.542328e-01 
9.542328e-01 
9.542328e-01 
9.542328e-01 
9.542328e-01 
9.542328e-01 
9.542328e-01 
9.542328e-01 
9.542328e-01 
9.542328e-01 
9.542328e-01 
9.542328e-01 
9.542328e-01 
9.542328e-01 
9.542328e-01 
9.542328e-01 
9.542328e-01 
9.542328e-01 
9.542328e-01 
9.542328e-01 
9.542328e-01 
9.542328e-01 
9.542328e-01 
9.542328e-01 
9.542328e-01 
9.542328e-01 
9.542328e-01 
9.542328e-01 
9.542328e-01 
9.542328e-01 
9.542328e-01 
9.542328e-01 
9.542328e-01 
9.542328e-01 
9.542328e-01 
9.542328e-01 
9.542328e-01 
9.542328e-01 
9.542328e-01 
9.542328e-01 
9.542328e-01 
9.542328e-01 
9.542328e-01 
9.542328e-01 
9.542328e-01 
9.542328e-01 
9.542328e-01 
9.542328e-01 
9.542328e-01 
9.542328e-01 
9.542328e-01 
9.542328e-01 
9.542328e-01 
9.542328e-01 
9.542328e-01 
9.542328e-01 
9.542328e-01 
9.542328e-01 
9.542328e-01 
9.542328e-01 
9.542328e-01 
9.542328e-01 
9.542328e-01 
9.542328e-01 
9.542328e-01 
9.542328e-01 
9.542328e-01 
9.542328e-01 
9.542328e-01 
9.542328e-01 
9.542328e-01 
9.542328e-01 
9.542328e-01 
9.542328e-01 
9.542328e-01 
9.542328e-01 
9.542328e-01 
9.542328e-01 
9.542328e-01 
9.542328e-01 
9.542328e-01 
9.542328e-01 
9.542328e-01 
9.542328e-01 
9.542328e-01 
9.542328e-01 
9.542328e-01 
9.542328e-01 
9.542328e-01 
9.542328e-01 
9.542328e-01 
9.542328e-01 
9.542328e-01 
9.542328e-01 
9.542328e-01 
9.542328e-01 
9.542328e-01 
9.542328e-01 
9.542328e-01 
9.542328e-01 
9.542328e-01 
9.542328e-01 
9.542328e-01 
9.542328e-01 
9.542328e-01 
9.542328e-01 
9.542328e-01 
9.542328e-01 
9.542328e-01 
9.542328e-01 
9.542328e-01 
9.542328e-01 
9.542328e-01 
9.542328e-01 
9.542328e-01 
9.483847e-01 
9.174308e-01 
8.809672e-01 
8.399172e-01 
7.950544e-01 
7.469432e-01 
6.959013e-01 
6.420010e-01 
5.850034e-01 
5.242852e-01 
4.586234e-01 
3.856208e-01 
3.001324e-01 
1.884869e-01 
2.812607e-02 
4.838850e-03 
2.017598e-03 
1.246916e-03 
8.505478e-04 
6.158922e-04 
4.645588e-04 
3.611232e-04 
2.873879e-04 
2.330731e-04 
1.919511e-04 
1.602170e-04 
1.350912e-04 
1.152130e-04 
9.893601e-05 
8.590271e-05 
7.482493e-05 
6.559009e-05 
5.782737e-05 
5.163182e-05 
4.595346e-05 
4.108038e-05 
3.687759e-05 
3.323306e-05 
3.005668e-05 
2.727535e-05 
2.482936e-05 
2.266953e-05 
2.068650e-05 
1.899417e-05 
1.748317e-05 
1.612987e-05 
1.491424e-05 
1.381926e-05 
1.283037e-05 
1.193508e-05 
1.112260e-05 
1.038364e-05 
9.710126e-06 
9.094334e-06 
8.531803e-06 
8.016205e-06 
7.543189e-06 
7.108348e-06 
6.708242e-06 
6.340027e-06 
6.001535e-06 
5.689848e-06 
5.408186e-06 
5.129690e-06 
4.841647e-06 
4.579829e-06 
4.335906e-06 
4.109598e-06 
3.903997e-06 
3.707990e-06 
3.519507e-06 
3.348885e-06 
3.189558e-06 
3.044327e-06 
2.901932e-06 
2.781604e-06 
2.653643e-06 
2.533800e-06 
2.478845e-06 
2.363858e-06 
2.254880e-06 
2.200944e-06 
2.193997e-06 
2.193441e-06 
2.193385e-06 
2.193382e-06 
2.193381e-06 
2.193381e-06 
2.193381e-06 
2.193381e-06 
2.193381e-06 
2.193381e-06 
2.193381e-06 
2.193381e-06 
2.193381e-06 
2.193381e-06 
2.193381e-06 
2.193381e-06 
2.193381e-06 
2.193381e-06 
2.193381e-06 
2.193381e-06 
2.193381e-06 
2.193381e-06 
2.193381e-06 
2.193381e-06 
2.193381e-06 
2.193381e-06 
2.193381e-06 
2.193381e-06 
2.193381e-06 
2.193381e-06 
2.193381e-06 
2.193381e-06 
2.193381e-06 
2.193381e-06 
2.193381e-06 
2.193381e-06 
2.193381e-06 
2.193381e-06 
2.193381e-06 
2.193381e-06 
2.193381e-06 
2.193381e-06 
2.193381e-06 
2.193381e-06 
2.193381e-06 
2.193381e-06 
2.193381e-06 
2.193381e-06 
2.193381e-06 
2.193381e-06 
2.193381e-06 
2.193381e-06 
2.193381e-06 
2.193381e-06 
2.193381e-06 
2.193381e-06 
2.193381e-06 
2.193381e-06 
2.193381e-06 
2.193381e-06 
2.193381e-06 
2.193381e-06 
2.193381e-06 
2.193381e-06 
2.193381e-06 
2.193381e-06 
2.193381e-06 
2.193381e-06 
2.193381e-06 
2.193381e-06 
2.193381e-06 
2.193381e-06 
2.193381e-06 
2.193381e-06 
2.193381e-06 
2.193381e-06 
2.193381e-06 
2.193381e-06 
2.193381e-06 
2.193381e-06 
2.193381e-06 
2.193381e-06 
2.193381e-06 
2.193381e-06 
2.193381e-06 
2.193381e-06 
2.193381e-06 
2.193381e-06 
2.193381e-06 
2.193381e-06 
2.193381e-06 
2.193381e-06 
2.193381e-06 
2.193381e-06 
2.193381e-06 
2.193381e-06 
2.193381e-06 
2.193381e-06 
2.193381e-06 
2.193381e-06 
2.193381e-06 
2.193381e-06 
2.193381e-06 
2.193381e-06 
2.193381e-06 
2.193381e-06 
2.193381e-06 
2.193381e-06 
2.193381e-06 
2.193381e-06 
2.193381e-06 
2.193381e-06 
2.193381e-06 
2.193381e-06 
2.193381e-06 
2.193381e-06 
2.193381e-06 
2.193381e-06 
2.193381e-06 
2.193381e-06 
2.193381e-06 
2.193381e-06 
2.193381e-06 
2.193381e-06 
2.193381e-06 
2.193381e-06 
2.193381e-06 
2.193381e-06 
2.193381e-06 
2.193381e-06 
2.193381e-06 
2.193381e-06 
2.193381e-06 
2.193381e-06 
2.193381e-06 
2.193381e-06 
2.193381e-06 
2.193381e-06 
2.193381e-06 
2.193381e-06 
2.193381e-06 
2.193381e-06 
2.193381e-06 
2.193381e-06 
2.193381e-06 
2.193381e-06 
2.193381e-06 
2.193381e-06 
2.193381e-06 
2.193381e-06 
2.193381e-06 
2.193381e-06 
2.193381e-06 
2.193381e-06 
2.193381e-06 
2.193381e-06 
2.193381e-06 
2.193381e-06 
2.193381e-06 
2.193381e-06 
2.193381e-06 
2.193381e-06 
2.193381e-06 
2.193381e-06 
2.193381e-06 
2.193381e-06 
2.193381e-06 
2.193381e-06 
2.197592e-06 
2.226329e-06 
2.317638e-06 
2.384300e-06 
2.468303e-06 
2.542073e-06 
2.620935e-06 
2.702235e-06 
2.787521e-06 
2.877392e-06 
2.971841e-06 
3.071282e-06 
3.176074e-06 
3.286602e-06 
3.403283e-06 
3.526575e-06 
3.656977e-06 
3.795036e-06 
3.941353e-06 
4.096586e-06 
4.261458e-06 
4.436772e-06 
4.623388e-06 
4.821993e-06 
5.034275e-06 
5.256541e-06 
5.498945e-06 
5.713247e-06 
5.989022e-06 
6.285405e-06 
6.604453e-06 
6.948483e-06 
7.320112e-06 
7.722303e-06 
8.158421e-06 
8.632300e-06 
8.918003e-06 
9.458774e-06 
1.005124e-05 
1.070038e-05 
1.141346e-05 
1.219897e-05 
1.306680e-05 
1.402858e-05 
1.559849e-05 
1.685130e-05 
1.825571e-05 
1.983765e-05 
2.162738e-05 
2.366168e-05 
2.598551e-05 
2.865421e-05 
3.173624e-05 
3.595509e-05 
4.026073e-05 
4.533167e-05 
5.170817e-05 
5.914768e-05 
6.806269e-05 
7.866319e-05 
9.133286e-05 
1.063395e-04 
1.238119e-04 
1.436526e-04 
1.655256e-04 
1.890996e-04 
2.139781e-04 
2.397762e-04 
2.662308e-04 
2.931123e-04 
3.200638e-04 
3.478837e-04 
3.759810e-04 
4.021363e-04 
4.307854e-04 
4.593889e-04 
4.876374e-04 
5.150603e-04 
5.301698e-04 
5.551396e-04 
5.773089e-04 
5.883323e-04 
5.898034e-04 
5.899508e-04 
5.899593e-04 
5.899598e-04 
5.899598e-04 
5.899598e-04 
5.899598e-04 
5.899598e-04 
5.899598e-04 
5.899598e-04 
5.899598e-04 
5.899598e-04 
5.899598e-04 
5.899598e-04 
5.899598e-04 
5.899598e-04 
5.899598e-04 
5.899598e-04 
5.899598e-04 
5.899598e-04 
5.899598e-04 
5.899598e-04 
5.899598e-04 
5.899598e-04 
5.899598e-04 
5.899598e-04 
5.899598e-04 
5.899598e-04 
5.899598e-04 
5.899598e-04 
5.899598e-04 
5.899598e-04 
5.899598e-04 
5.899598e-04 
5.899598e-04 
5.899598e-04 
5.899598e-04 
5.899598e-04 
5.899598e-04 
5.899598e-04 
5.899598e-04 
5.899598e-04 
5.899598e-04 
5.899598e-04 
5.899598e-04 
5.899598e-04 
5.899598e-04 
5.899598e-04 
5.899598e-04 
5.899598e-04 
5.899598e-04 
5.899598e-04 
5.899598e-04 
5.899598e-04 
5.899598e-04 
5.899598e-04 
5.899598e-04 
5.899598e-04 
5.899598e-04 
5.899598e-04 
5.899598e-04 
5.899598e-04 
5.899598e-04 
5.899598e-04 
5.899598e-04 
5.899598e-04 
5.899598e-04 
5.899598e-04 
5.899598e-04 
5.899598e-04 
5.899598e-04 
5.899598e-04 
5.899598e-04 
5.899598e-04 
5.899598e-04 
5.899598e-04 
5.899598e-04 
5.899598e-04 
5.899598e-04 
5.899598e-04 
5.899598e-04 
5.899598e-04 
5.899598e-04 
5.899598e-04 
5.899598e-04 
5.899598e-04 
5.899598e-04 
5.899598e-04 
5.899598e-04 
5.899598e-04 
5.899598e-04 
5.899598e-04 
5.899598e-04 
5.899598e-04 
5.899598e-04 
5.899598e-04 
5.899598e-04 
5.899598e-04 
5.899598e-04 
5.899598e-04 
5.899598e-04 
5.899598e-04 
5.899598e-04 
5.899598e-04 
5.899598e-04 
5.899598e-04 
5.899598e-04 
5.899598e-04 
5.899598e-04 
5.899598e-04 
5.899598e-04 
5.899598e-04 
5.899598e-04 
5.899598e-04 
5.899598e-04 
5.899598e-04 
5.899598e-04 
5.899598e-04 
5.899598e-04 
5.899598e-04 
5.899598e-04 
5.899598e-04 
5.899598e-04 
5.899598e-04 
5.899598e-04 
5.899598e-04 
5.899598e-04 
5.899598e-04 
5.899598e-04 
5.899598e-04 
5.899598e-04 
5.899598e-04 
5.899598e-04 
5.899598e-04 
5.899598e-04 
5.899598e-04 
5.899598e-04 
5.899598e-04 
5.899598e-04 
5.899598e-04 
5.899598e-04 
5.899598e-04 
5.899598e-04 
5.899598e-04 
5.899598e-04 
5.899598e-04 
5.899598e-04 
5.899598e-04 
5.899598e-04 
5.899598e-04 
5.899598e-04 
5.899598e-04 
5.899598e-04 
5.899598e-04 
5.899598e-04 
5.899598e-04 
5.899598e-04 
5.899598e-04 
5.899598e-04 
5.899598e-04 
5.899598e-04 
5.899598e-04 
5.899598e-04 
5.899598e-04 
5.899598e-04 
5.899598e-04 
5.899598e-04 
5.899598e-04 
5.944080e-04 
6.157770e-04 
6.384389e-04 
6.625372e-04 
6.877931e-04 
7.144660e-04 
7.424795e-04 
7.720179e-04 
8.029591e-04 
7.956746e-04 
8.302518e-04 
8.671868e-04 
9.066138e-04 
9.487245e-04 
9.937579e-04 
1.041966e-03 
1.093637e-03 
1.149090e-03 
1.208666e-03 
1.272674e-03 
1.341511e-03 
1.415654e-03 
1.495643e-03 
1.582083e-03 
1.675646e-03 
1.777082e-03 
1.887276e-03 
2.007106e-03 
2.137817e-03 
2.280591e-03 
2.436856e-03 
2.607517e-03 
2.795808e-03 
3.003242e-03 
3.232310e-03 
3.485901e-03 
3.767375e-03 
4.080655e-03 
4.417229e-03 
4.806506e-03 
5.243610e-03 
5.757110e-03 
6.292725e-03 
6.924164e-03 
7.643584e-03 
8.466522e-03 
9.412056e-03 
1.056585e-02 
1.184627e-02 
1.334114e-02 
1.509673e-02 
1.717146e-02 
1.963977e-02 
2.266443e-02 
2.625881e-02 
3.063790e-02 
3.607634e-02 
4.277470e-02 
5.122351e-02 
6.186085e-02 
7.538859e-02 
9.266288e-02 
1.146859e-01 
1.424700e-01 
1.767641e-01 
2.176907e-01 
2.645438e-01 
3.159567e-01 
3.702766e-01 
4.260989e-01 
4.823415e-01 
5.381317e-01 
5.930168e-01 
6.465490e-01 
6.984560e-01 
7.483545e-01 
7.958292e-01 
8.403398e-01 
8.811952e-01 
9.175527e-01 
9.484466e-01 
9.542854e-01 
9.542856e-01 
9.542856e-01 
9.542856e-01 
9.542856e-01 
9.542856e-01 
9.542856e-01 
9.542856e-01 
9.542856e-01 
9.542856e-01 
9.542856e-01 
9.542856e-01 
9.542856e-01 
9.542856e-01 
9.542856e-01 
9.542856e-01 
9.542856e-01 
9.542856e-01 
9.542856e-01 
9.542856e-01 
9.542856e-01 
9.542856e-01 
9.542856e-01 
9.542856e-01 
9.542856e-01 
9.542856e-01 
9.542856e-01 
9.542856e-01 
9.542856e-01 
9.542856e-01 
9.542856e-01 
9.542856e-01 
9.542856e-01 
9.542856e-01 
9.542856e-01 
9.542856e-01 
9.542856e-01 
9.542856e-01 
9.542856e-01 
9.542856e-01 
9.542856e-01 
9.542856e-01 
9.542856e-01 
9.542856e-01 
9.542856e-01 
9.542856e-01 
9.542856e-01 
9.542856e-01 
9.542856e-01 
9.542856e-01 
9.542856e-01 
9.542856e-01 
9.542856e-01 
9.542856e-01 
9.542856e-01 
9.542856e-01 
9.542856e-01 
9.542856e-01 
9.542856e-01 
9.542856e-01 
9.542856e-01 
9.542856e-01 
9.542856e-01 
9.542856e-01 
9.542856e-01 
9.542856e-01 
9.542856e-01 
9.542856e-01 
9.542856e-01 
9.542856e-01 
9.542856e-01 
9.542856e-01 
9.542856e-01 
9.542856e-01 
9.542856e-01 
9.542856e-01 
9.542856e-01 
9.542856e-01 
9.542856e-01 
9.542856e-01 
9.542856e-01 
9.542856e-01 
9.542856e-01 
9.542856e-01 
9.542856e-01 
9.542856e-01 
9.542856e-01 
9.542856e-01 
9.542856e-01 
9.542856e-01 
9.542856e-01 
9.542856e-01 
9.542856e-01 
9.542856e-01 
9.542856e-01 
9.542856e-01 
9.542856e-01 
9.542856e-01 
9.542856e-01 
9.542856e-01 
9.542856e-01 
9.542856e-01 
9.542856e-01 
9.542856e-01 
9.542856e-01 
9.542856e-01 
9.542856e-01 
9.542856e-01 
9.542856e-01 
9.542856e-01 
9.542856e-01 
9.542856e-01 
9.542856e-01 
9.542856e-01 
9.542856e-01 
9.542856e-01 
9.542856e-01 
9.542856e-01 
9.542856e-01 
9.542856e-01 
9.542856e-01 
9.542856e-01 
9.542856e-01 
9.542856e-01 
9.542856e-01 
9.542856e-01 
9.542856e-01 
9.542856e-01 
9.542856e-01 
9.542856e-01 
9.542856e-01 
9.542856e-01 
9.542856e-01 
9.542856e-01 
9.542856e-01 
9.542856e-01 
9.542856e-01 
9.542856e-01 
9.542856e-01 
9.542856e-01 
9.542856e-01 
9.542856e-01 
9.542856e-01 
9.542856e-01 
9.542856e-01 
9.542856e-01 
9.542856e-01 
9.542856e-01 
9.542856e-01 
9.542856e-01 
9.542856e-01 
9.542856e-01 
9.542856e-01 
9.542856e-01 
9.542856e-01 
9.542856e-01 
9.542856e-01 
9.542856e-01 
9.542856e-01 
9.542856e-01 
9.542856e-01 
9.542856e-01 
9.542856e-01 
9.542856e-01 
9.542856e-01 
9.542856e-01 
9.542856e-01 
9.542856e-01 
9.542856e-01 
9.542846e-01 
9.542801e-01 
9.542764e-01 
9.542734e-01 
9.542710e-01 
9.542688e-01 
9.542669e-01 
9.542652e-01 
9.542637e-01 
9.542622e-01 
9.542608e-01 
9.542595e-01 
9.542582e-01 
9.542570e-01 
9.542557e-01 
9.542545e-01 
9.542533e-01 
9.542521e-01 
9.542508e-01 
9.542496e-01 
9.542484e-01 
9.542473e-01 
9.542462e-01 
9.542453e-01 
9.542444e-01 
9.542436e-01 
9.542428e-01 
9.542422e-01 
9.542415e-01 
9.542410e-01 
9.542405e-01 
9.542400e-01 
9.542396e-01 
9.542392e-01 
9.542388e-01 
9.542384e-01 
9.542381e-01 
9.542378e-01 
9.542376e-01 
9.542373e-01 
9.542371e-01 
9.542368e-01 
9.542366e-01 
9.542364e-01 
9.542362e-01 
9.542360e-01 
9.542358e-01 
9.542357e-01 
9.542355e-01 
9.542354e-01 
9.542352e-01 
9.542351e-01 
9.542350e-01 
9.542348e-01 
9.542347e-01 
9.542346e-01 
9.542345e-01 
9.542344e-01 
9.542343e-01 
9.542342e-01 
9.542341e-01 
9.542340e-01 
9.542339e-01 
9.542339e-01 
9.542338e-01 
9.542337e-01 
9.542336e-01 
9.542336e-01 
9.542335e-01 
9.542334e-01 
9.542334e-01 
9.542333e-01 
9.542332e-01 
9.542332e-01 
9.542331e-01 
9.542331e-01 
9.542330e-01 
9.542330e-01 
9.542329e-01 
9.542329e-01 
9.542328e-01 
9.542328e-01 
9.542328e-01 
9.542328e-01 
9.542328e-01 
9.542328e-01 
9.542328e-01 
9.542328e-01 
9.542328e-01 
9.542328e-01 
9.542328e-01 
9.542328e-01 
9.542328e-01 
9.542328e-01 
9.542328e-01 
9.542328e-01 
9.542328e-01 
9.542328e-01 
9.542328e-01 
9.542328e-01 
9.542328e-01 
9.542328e-01 
9.542328e-01 
9.542328e-01 
9.542328e-01 
9.542328e-01 
9.542328e-01 
9.542328e-01 
9.542328e-01 
9.542328e-01 
9.542328e-01 
9.542328e-01 
9.542328e-01 
9.542328e-01 
9.542328e-01 
9.542328e-01 
9.542328e-01 
9.542328e-01 
9.542328e-01 
9.542328e-01 
9.542328e-01 
9.542328e-01 
9.542328e-01 
9.542328e-01 
9.542328e-01 
9.542328e-01 
9.542328e-01 
9.542328e-01 
9.542328e-01 
9.542328e-01 
9.542328e-01 
9.542328e-01 
9.542328e-01 
9.542328e-01 
9.542328e-01 
9.542328e-01 
9.542328e-01 
9.542328e-01 
9.542328e-01 
9.542328e-01 
9.542328e-01 
9.542328e-01 
9.542328e-01 
9.542328e-01 
9.542328e-01 
9.542328e-01 
9.542328e-01 
9.542328e-01 
9.542328e-01 
9.542328e-01 
9.542328e-01 
9.542328e-01 
9.542328e-01 
9.542328e-01 
9.542328e-01 
9.542328e-01 
9.542328e-01 
9.542328e-01 
9.542328e-01 
9.542328e-01 
9.542328e-01 
9.542328e-01 
9.542328e-01 
9.542328e-01 
9.542328e-01 
9.542328e-01 
9.542328e-01 
9.542328e-01 
9.542328e-01 
9.542328e-01 
9.542328e-01 
9.542328e-01 
9.542328e-01 
9.542328e-01 
9.542328e-01 
9.542328e-01 
9.542328e-01 
9.542328e-01 
9.542328e-01 
9.542328e-01 
9.542328e-01 
9.542328e-01 
9.542328e-01 
9.542328e-01 
9.542328e-01 
9.542328e-01 
9.542328e-01 
9.542328e-01 
9.542328e-01 
9.542328e-01 
9.542328e-01 
9.542328e-01 
9.542328e-01 
9.542328e-01 
9.542328e-01 
9.542328e-01 
9.542328e-01 
9.542328e-01 
9.542328e-01 
9.542328e-01 
9.542328e-01 
9.542328e-01 
9.542328e-01 
9.542328e-01 
9.542328e-01 
9.542328e-01 
9.542328e-01 
9.542328e-01 
9.542328e-01 
9.542328e-01 
9.542328e-01 
9.542328e-01 
9.542328e-01 
9.542328e-01 
9.542328e-01 
9.542328e-01 
9.542328e-01 
9.542328e-01 
9.542328e-01 
9.542328e-01 
9.542328e-01 
9.542328e-01 
9.542328e-01 
9.542328e-01 
9.542328e-01 
9.542328e-01 
9.542328e-01 
9.542328e-01 
9.542328e-01 
9.542328e-01 
9.542328e-01 
9.542328e-01 
9.542328e-01 
9.542328e-01 
9.542328e-01 
9.542328e-01 
9.542328e-01 
9.542328e-01 
9.542328e-01 
9.542328e-01 
9.542328e-01 
9.542328e-01 
9.542328e-01 
9.542328e-01 
9.542328e-01 
9.542328e-01 
9.542328e-01 
9.542328e-01 
9.542328e-01 
9.542328e-01 
9.483847e-01 
9.174308e-01 
8.809672e-01 
8.399172e-01 
7.950544e-01 
7.469432e-01 
6.959013e-01 
6.420010e-01 
5.850034e-01 
5.242852e-01 
4.586234e-01 
3.856208e-01 
3.001325e-01 
1.881928e-01 
2.811939e-02 
7.403261e-03 
2.220623e-03 
1.247825e-03 
8.505527e-04 
6.158943e-04 
4.645596e-04 
3.611235e-04 
2.873880e-04 
2.330731e-04 
1.919511e-04 
1.602170e-04 
1.350912e-04 
1.152130e-04 
9.893600e-05 
8.590270e-05 
7.482492e-05 
6.559008e-05 
5.782736e-05 
5.163181e-05 
4.595346e-05 
4.108038e-05 
3.687758e-05 
3.323305e-05 
3.005667e-05 
2.727535e-05 
2.482935e-05 
2.266953e-05 
2.075517e-05 
1.905234e-05 
1.753261e-05 
1.617203e-05 
1.495031e-05 
1.385019e-05 
1.285696e-05 
1.193503e-05 
1.112255e-05 
1.038356e-05 
9.710010e-06 
9.094126e-06 
8.531463e-06 
8.015640e-06 
7.542091e-06 
7.106145e-06 
6.703672e-06 
6.330051e-06 
5.976948e-06 
5.614798e-06 
5.164537e-06 
4.290263e-06 
3.105012e-06 
2.005480e-06 
1.036031e-06 
1.880467e-07 
-5.407913e-07 
-1.185400e-06 
-1.760684e-06 
-2.244162e-06 
-2.657297e-06 
-2.987108e-06 
-3.287561e-06 
-3.478043e-06 
-3.679761e-06 
-3.831649e-06 
-3.840899e-06 
-3.916432e-06 
-3.948236e-06 
-4.012459e-06 
-4.023678e-06 
-4.027320e-06 
-4.027810e-06 
-4.027851e-06 
-4.027854e-06 
-4.027854e-06 
-4.027854e-06 
-4.027854e-06 
-4.027854e-06 
-4.027854e-06 
-4.027854e-06 
-4.027854e-06 
-4.027854e-06 
-4.027854e-06 
-4.027854e-06 
-4.027854e-06 
-4.027854e-06 
-4.027854e-06 
-4.027854e-06 
-4.027854e-06 
-4.027854e-06 
-4.027854e-06 
-4.027854e-06 
-4.027854e-06 
-4.027854e-06 
-4.027854e-06 
-4.027854e-06 
-4.027854e-06 
-4.027854e-06 
-4.027854e-06 
-4.027854e-06 
-4.027854e-06 
-4.027854e-06 
-4.027854e-06 
-4.027854e-06 
-4.027854e-06 
-4.027854e-06 
-4.027854e-06 
-4.027854e-06 
-4.027854e-06 
-4.027854e-06 
-4.027854e-06 
-4.027854e-06 
-4.027854e-06 
-4.027854e-06 
-4.027854e-06 
-4.027854e-06 
-4.027854e-06 
-4.027854e-06 
-4.027854e-06 
-4.027854e-06 
-4.027854e-06 
-4.027854e-06 
-4.027854e-06 
-4.027854e-06 
-4.027854e-06 
-4.027854e-06 
-4.027854e-06 
-4.027854e-06 
-4.027854e-06 
-4.027854e-06 
-4.027854e-06 
-4.027854e-06 
-4.027854e-06 
-4.027854e-06 
-4.027854e-06 
-4.027854e-06 
-4.027854e-06 
-4.027854e-06 
-4.027854e-06 
-4.027854e-06 
-4.027854e-06 
-4.027854e-06 
-4.027854e-06 
-4.027854e-06 
-4.027854e-06 
-4.027854e-06 
-4.027854e-06 
-4.027854e-06 
-4.027854e-06 
-4.027854e-06 
-4.027854e-06 
-4.027854e-06 
-4.027854e-06 
-4.027854e-06 
-4.027854e-06 
-4.027854e-06 
-4.027854e-06 
-4.027854e-06 
-4.027854e-06 
-4.027854e-06 
-4.027854e-06 
-4.027854e-06 
-4.027854e-06 
-4.027854e-06 
-4.027854e-06 
-4.027854e-06 
-4.027854e-06 
-4.027854e-06 
-4.027854e-06 
-4.027854e-06 
-4.027854e-06 
-4.027854e-06 
-4.027854e-06 
-4.027854e-06 
-4.027854e-06 
-4.027854e-06 
-4.027854e-06 
-4.027854e-06 
-4.027854e-06 
-4.027854e-06 
-4.027854e-06 
-4.027854e-06 
-4.027854e-06 
-4.027854e-06 
-4.027854e-06 
-4.027854e-06 
-4.027854e-06 
-4.027854e-06 
-4.027854e-06 
-4.027854e-06 
-4.027854e-06 
-4.027854e-06 
-4.027854e-06 
-4.027854e-06 
-4.027854e-06 
-4.027854e-06 
-4.027854e-06 
-4.027854e-06 
-4.027854e-06 
-4.027854e-06 
-4.027854e-06 
-4.027854e-06 
-4.027854e-06 
-4.027854e-06 
-4.027854e-06 
-4.027854e-06 
-4.027854e-06 
-4.027854e-06 
-4.027854e-06 
-4.027854e-06 
-4.027854e-06 
-4.027854e-06 
-4.027854e-06 
-4.027854e-06 
-4.027854e-06 
-4.027854e-06 
-4.027854e-06 
-4.027854e-06 
-4.027854e-06 
-4.027854e-06 
-4.027854e-06 
-4.027854e-06 
-4.027854e-06 
-4.027854e-06 
-4.027854e-06 
-4.027854e-06 
-4.027854e-06 
-4.027854e-06 
-4.027854e-06 
-4.027854e-06 
-4.027854e-06 
-4.027854e-06 
-4.027854e-06 
-4.027854e-06 
-4.027854e-06 
-4.027854e-06 
-4.027854e-06 
-4.020509e-06 
-3.980401e-06 
-3.895033e-06 
-3.828018e-06 
-3.756666e-06 
-3.677029e-06 
-3.595724e-06 
-3.508817e-06 
-3.415999e-06 
-3.316948e-06 
-3.211038e-06 
-3.097751e-06 
-2.976488e-06 
-2.846591e-06 
-2.707333e-06 
-2.557918e-06 
-2.397470e-06 
-2.225022e-06 
-2.039507e-06 
-1.839747e-06 
-1.624437e-06 
-1.392131e-06 
-1.141214e-06 
-8.699474e-07 
-5.762912e-07 
-2.602211e-07 
8.471270e-08 
4.228951e-07 
8.263869e-07 
1.265750e-06 
1.744842e-06 
2.268007e-06 
2.840152e-06 
3.466831e-06 
4.154337e-06 
4.909816e-06 
5.369755e-06 
6.246526e-06 
7.215528e-06 
8.287035e-06 
9.474090e-06 
1.079163e-05 
1.225678e-05 
1.388918e-05 
1.571132e-05 
1.871900e-05 
2.112120e-05 
2.381680e-05 
2.684747e-05 
3.025859e-05 
3.410083e-05 
3.843006e-05 
4.330695e-05 
4.962446e-05 
5.589123e-05 
6.315174e-05 
7.101055e-05 
7.983341e-05 
8.951831e-05 
1.001736e-04 
1.118183e-04 
1.244377e-04 
1.379586e-04 
1.522218e-04 
1.670757e-04 
1.825239e-04 
1.986023e-04 
2.153718e-04 
2.329200e-04 
2.513628e-04 
2.707996e-04 
2.915248e-04 
3.128429e-04 
3.366388e-04 
3.622914e-04 
3.899775e-04 
4.197620e-04 
4.514901e-04 
4.846350e-04 
5.181159e-04 
5.501478e-04 
5.544852e-04 
5.573203e-04 
5.574903e-04 
5.575001e-04 
5.575006e-04 
5.575007e-04 
5.575007e-04 
5.575007e-04 
5.575007e-04 
5.575007e-04 
5.575007e-04 
5.575007e-04 
5.575007e-04 
5.575007e-04 
5.575007e-04 
5.575007e-04 
5.575007e-04 
5.575007e-04 
5.575007e-04 
5.575007e-04 
5.575007e-04 
5.575007e-04 
5.575007e-04 
5.575007e-04 
5.575007e-04 
5.575007e-04 
5.575007e-04 
5.575007e-04 
5.575007e-04 
5.575007e-04 
5.575007e-04 
5.575007e-04 
5.575007e-04 
5.575007e-04 
5.575007e-04 
5.575007e-04 
5.575007e-04 
5.575007e-04 
5.575007e-04 
5.575007e-04 
5.575007e-04 
5.575007e-04 
5.575007e-04 
5.575007e-04 
5.575007e-04 
5.575007e-04 
5.575007e-04 
5.575007e-04 
5.575007e-04 
5.575007e-04 
5.575007e-04 
5.575007e-04 
5.575007e-04 
5.575007e-04 
5.575007e-04 
5.575007e-04 
5.575007e-04 
5.575007e-04 
5.575007e-04 
5.575007e-04 
5.575007e-04 
5.575007e-04 
5.575007e-04 
5.575007e-04 
5.575007e-04 
5.575007e-04 
5.575007e-04 
5.575007e-04 
5.575007e-04 
5.575007e-04 
5.575007e-04 
5.575007e-04 
5.575007e-04 
5.575007e-04 
5.575007e-04 
5.575007e-04 
5.575007e-04 
5.575007e-04 
5.575007e-04 
5.575007e-04 
5.575007e-04 
5.575007e-04 
5.575007e-04 
5.575007e-04 
5.575007e-04 
5.575007e-04 
5.575007e-04 
5.575007e-04 
5.575007e-04 
5.575007e-04 
5.575007e-04 
5.575007e-04 
5.575007e-04 
5.575007e-04 
5.575007e-04 
5.575007e-04 
5.575007e-04 
5.575007e-04 
5.575007e-04 
5.575007e-04 
5.575007e-04 
5.575007e-04 
5.575007e-04 
5.575007e-04 
5.575007e-04 
5.575007e-04 
5.575007e-04 
5.575007e-04 
5.575007e-04 
5.575007e-04 
5.575007e-04 
5.575007e-04 
5.575007e-04 
5.575007e-04 
5.575007e-04 
5.575007e-04 
5.575007e-04 
5.575007e-04 
5.575007e-04 
5.575007e-04 
5.575007e-04 
5.575007e-04 
5.575007e-04 
5.575007e-04 
5.575007e-04 
5.575007e-04 
5.575007e-04 
5.575007e-04 
5.575007e-04 
5.575007e-04 
5.575007e-04 
5.575007e-04 
5.575007e-04 
5.575007e-04 
5.575007e-04 
5.575007e-04 
5.575007e-04 
5.575007e-04 
5.575007e-04 
5.575007e-04 
5.575007e-04 
5.575007e-04 
5.575007e-04 
5.575007e-04 
5.575007e-04 
5.575007e-04 
5.575007e-04 
5.575007e-04 
5.575007e-04 
5.575007e-04 
5.575007e-04 
5.575007e-04 
5.575007e-04 
5.575007e-04 
5.575007e-04 
5.575007e-04 
5.575007e-04 
5.575007e-04 
5.575007e-04 
5.575007e-04 
5.575007e-04 
5.575007e-04 
5.575007e-04 
5.575007e-04 
5.575007e-04 
5.575007e-04 
5.575007e-04 
5.575007e-04 
5.575007e-04 
5.616956e-04 
5.818853e-04 
6.034436e-04 
6.265792e-04 
6.507541e-04 
6.763689e-04 
7.035797e-04 
7.324241e-04 
7.630661e-04 
7.956523e-04 
8.303413e-04 
8.673069e-04 
9.067405e-04 
9.488536e-04 
9.938800e-04 
1.042078e-03 
1.093737e-03 
1.149178e-03 
1.208740e-03 
1.272734e-03 
1.341561e-03 
1.415698e-03 
1.495682e-03 
1.582119e-03 
1.675679e-03 
1.777113e-03 
1.887305e-03 
2.007134e-03 
2.137844e-03 
2.280617e-03 
2.436881e-03 
2.607542e-03 
2.795832e-03 
3.003266e-03 
3.232334e-03 
3.485925e-03 
3.767399e-03 
4.080680e-03 
4.417254e-03 
4.806531e-03 
5.243635e-03 
5.761482e-03 
6.292775e-03 
6.924192e-03 
7.643613e-03 
8.466552e-03 
9.463353e-03 
1.056599e-02 
1.184631e-02 
1.334118e-02 
1.509677e-02 
1.717150e-02 
1.963981e-02 
2.266448e-02 
2.625886e-02 
3.063795e-02 
3.607639e-02 
4.277475e-02 
5.122357e-02 
6.186091e-02 
7.538863e-02 
9.266289e-02 
1.146859e-01 
1.424701e-01 
1.767643e-01 
2.176908e-01 
2.645439e-01 
3.159326e-01 
3.702767e-01 
4.260991e-01 
4.823416e-01 
5.381318e-01 
5.930169e-01 
6.465491e-01 
6.984561e-01 
7.483545e-01 
7.958292e-01 
8.403398e-01 
8.811952e-01 
9.175527e-01 
9.484466e-01 
9.542854e-01 
9.542856e-01 
9.542856e-01 
9.542856e-01 
9.542856e-01 
9.542856e-01 
9.542856e-01 
9.542856e-01 
9.542856e-01 
9.542856e-01 
9.542856e-01 
9.542856e-01 
9.542856e-01 
9.542856e-01 
9.542856e-01 
9.542856e-01 
9.542856e-01 
9.542856e-01 
9.542856e-01 
9.542856e-01 
9.542856e-01 
9.542856e-01 
9.542856e-01 
9.542856e-01 
9.542856e-01 
9.542856e-01 
9.542856e-01 
9.542856e-01 
9.542856e-01 
9.542856e-01 
9.542856e-01 
9.542856e-01 
9.542856e-01 
9.542856e-01 
9.542856e-01 
9.542856e-01 
9.542856e-01 
9.542856e-01 
9.542856e-01 
9.542856e-01 
9.542856e-01 
9.542856e-01 
9.542856e-01 
9.542856e-01 
9.542856e-01 
9.542856e-01 
9.542856e-01 
9.542856e-01 
9.542856e-01 
9.542856e-01 
9.542856e-01 
9.542856e-01 
9.542856e-01 
9.542856e-01 
9.542856e-01 
9.542856e-01 
9.542856e-01 
9.542856e-01 
9.542856e-01 
9.542856e-01 
9.542856e-01 
9.542856e-01 
9.542856e-01 
9.542856e-01 
9.542856e-01 
9.542856e-01 
9.542856e-01 
9.542856e-01 
9.542856e-01 
9.542856e-01 
9.542856e-01 
9.542856e-01 
9.542856e-01 
9.542856e-01 
9.542856e-01 
9.542856e-01 
9.542856e-01 
9.542856e-01 
9.542856e-01 
9.542856e-01 
9.542856e-01 
9.542856e-01 
9.542856e-01 
9.542856e-01 
9.542856e-01 
9.542856e-01 
9.542856e-01 
9.542856e-01 
9.542856e-01 
9.542856e-01 
9.542856e-01 
9.542856e-01 
9.542856e-01 
9.542856e-01 
9.542856e-01 
9.542856e-01 
9.542856e-01 
9.542856e-01 
9.542856e-01 
9.542856e-01 
9.542856e-01 
9.542856e-01 
9.542856e-01 
9.542856e-01 
9.542856e-01 
9.542856e-01 
9.542856e-01 
9.542856e-01 
9.542856e-01 
9.542856e-01 
9.542856e-01 
9.542856e-01 
9.542856e-01 
9.542856e-01 
9.542856e-01 
9.542856e-01 
9.542856e-01 
9.542856e-01 
9.542856e-01 
9.542856e-01 
9.542856e-01 
9.542856e-01 
9.542856e-01 
9.542856e-01 
9.542856e-01 
9.542856e-01 
9.542856e-01 
9.542856e-01 
9.542856e-01 
9.542856e-01 
9.542856e-01 
9.542856e-01 
9.542856e-01 
9.542856e-01 
9.542856e-01 
9.542856e-01 
9.542856e-01 
9.542856e-01 
9.542856e-01 
9.542856e-01 
9.542856e-01 
9.542856e-01 
9.542856e-01 
9.542856e-01 
9.542856e-01 
9.542856e-01 
9.542856e-01 
9.542856e-01 
9.542856e-01 
9.542856e-01 
9.542856e-01 
9.542856e-01 
9.542856e-01 
9.542856e-01 
9.542856e-01 
9.542856e-01 
9.542856e-01 
9.542856e-01 
9.542856e-01 
9.542856e-01 
9.542856e-01 
9.542856e-01 
9.542856e-01 
9.542856e-01 
9.542856e-01 
9.542856e-01 
9.542856e-01 
9.542856e-01 
9.542856e-01 
9.542845e-01 
9.542800e-01 
9.542764e-01 
9.542734e-01 
9.542709e-01 
9.542688e-01 
9.542669e-01 
9.542652e-01 
9.542637e-01 
9.542622e-01 
9.542608e-01 
9.542595e-01 
9.542582e-01 
9.542570e-01 
9.542558e-01 
9.542545e-01 
9.542533e-01 
9.542521e-01 
9.542508e-01 
9.542496e-01 
9.542484e-01 
9.542473e-01 
9.542462e-01 
9.542453e-01 
9.542444e-01 
9.542436e-01 
9.542428e-01 
9.542422e-01 
9.542415e-01 
9.542410e-01 
9.542405e-01 
9.542400e-01 
9.542396e-01 
9.542392e-01 
9.542388e-01 
9.542384e-01 
9.542381e-01 
9.542378e-01 
9.542376e-01 
9.542373e-01 
9.542371e-01 
9.542368e-01 
9.542366e-01 
9.542364e-01 
9.542362e-01 
9.542360e-01 
9.542358e-01 
9.542357e-01 
9.542355e-01 
9.542354e-01 
9.542352e-01 
9.542351e-01 
9.542350e-01 
9.542348e-01 
9.542347e-01 
9.542346e-01 
9.542345e-01 
9.542344e-01 
9.542343e-01 
9.542342e-01 
9.542341e-01 
9.542340e-01 
9.542339e-01 
9.542339e-01 
9.542338e-01 
9.542337e-01 
9.542336e-01 
9.542336e-01 
9.542335e-01 
9.542334e-01 
9.542334e-01 
9.542333e-01 
9.542332e-01 
9.542332e-01 
9.542331e-01 
9.542331e-01 
9.542330e-01 
9.542330e-01 
9.542329e-01 
9.542329e-01 
9.542328e-01 
9.542328e-01 
9.542328e-01 
9.542328e-01 
9.542328e-01 
9.542328e-01 
9.542328e-01 
9.542328e-01 
9.542328e-01 
9.542328e-01 
9.542328e-01 
9.542328e-01 
9.542328e-01 
9.542328e-01 
9.542328e-01 
9.542328e-01 
9.542328e-01 
9.542328e-01 
9.542328e-01 
9.542328e-01 
9.542328e-01 
9.542328e-01 
9.542328e-01 
9.542328e-01 
9.542328e-01 
9.542328e-01 
9.542328e-01 
9.542328e-01 
9.542328e-01 
9.542328e-01 
9.542328e-01 
9.542328e-01 
9.542328e-01 
9.542328e-01 
9.542328e-01 
9.542328e-01 
9.542328e-01 
9.542328e-01 
9.542328e-01 
9.542328e-01 
9.542328e-01 
9.542328e-01 
9.542328e-01 
9.542328e-01 
9.542328e-01 
9.542328e-01 
9.542328e-01 
9.542328e-01 
9.542328e-01 
9.542328e-01 
9.542328e-01 
9.542328e-01 
9.542328e-01 
9.542328e-01 
9.542328e-01 
9.542328e-01 
9.542328e-01 
9.542328e-01 
9.542328e-01 
9.542328e-01 
9.542328e-01 
9.542328e-01 
9.542328e-01 
9.542328e-01 
9.542328e-01 
9.542328e-01 
9.542328e-01 
9.542328e-01 
9.542328e-01 
9.542328e-01 
9.542328e-01 
9.542328e-01 
9.542328e-01 
9.542328e-01 
9.542328e-01 
9.542328e-01 
9.542328e-01 
9.542328e-01 
9.542328e-01 
9.542328e-01 
9.542328e-01 
9.542328e-01 
9.542328e-01 
9.542328e-01 
9.542328e-01 
9.542328e-01 
9.542328e-01 
9.542328e-01 
9.542328e-01 
9.542328e-01 
9.542328e-01 
9.542328e-01 
9.542328e-01 
9.542328e-01 
9.542328e-01 
9.542328e-01 
9.542328e-01 
9.542328e-01 
9.542328e-01 
9.542328e-01 
9.542328e-01 
9.542328e-01 
9.542328e-01 
9.542328e-01 
9.542328e-01 
9.542328e-01 
9.542328e-01 
9.542328e-01 
9.542328e-01 
9.542328e-01 
9.542328e-01 
9.542328e-01 
9.542328e-01 
9.542328e-01 
9.542328e-01 
9.542328e-01 
9.542328e-01 
9.542328e-01 
9.542328e-01 
9.542328e-01 
9.542328e-01 
9.542328e-01 
9.542328e-01 
9.542328e-01 
9.542328e-01 
9.542328e-01 
9.542328e-01 
9.542328e-01 
9.542328e-01 
9.542328e-01 
9.542328e-01 
9.542328e-01 
9.542328e-01 
9.542328e-01 
9.542328e-01 
9.542328e-01 
9.542328e-01 
9.542328e-01 
9.542328e-01 
9.542328e-01 
9.542328e-01 
9.542328e-01 
9.542328e-01 
9.542328e-01 
9.542328e-01 
9.542328e-01 
9.542328e-01 
9.542328e-01 
9.542328e-01 
9.542328e-01 
9.542328e-01 
9.542328e-01 
9.542328e-01 
9.542328e-01 
9.542328e-01 
9.542328e-01 
9.542328e-01 
9.542328e-01 
9.542328e-01 
9.542328e-01 
9.542328e-01 
9.542328e-01 
9.542328e-01 
9.542328e-01 
9.542328e-01 
9.542328e-01 
9.542328e-01 
9.542328e-01 
9.542328e-01 
9.542328e-01 
9.483847e-01 
9.174308e-01 
8.809672e-01 
8.399172e-01 
7.950544e-01 
7.469432e-01 
6.959013e-01 
6.420010e-01 
5.850034e-01 
5.242852e-01 
4.586234e-01 
3.856208e-01 
3.001325e-01 
1.897206e-01 
2.815491e-02 
4.718409e-03 
2.017623e-03 
1.246927e-03 
8.505530e-04 
6.158944e-04 
4.645597e-04 
3.611236e-04 
2.873881e-04 
2.330732e-04 
1.922037e-04 
1.602176e-04 
1.353546e-04 
1.152139e-04 
9.932317e-05 
8.590526e-05 
7.482494e-05 
6.559008e-05 
5.782736e-05 
5.163181e-05 
4.595346e-05 
4.108038e-05 
3.687758e-05 
3.323306e-05 
3.005668e-05 
2.727535e-05 
2.482935e-05 
2.266953e-05 
2.068650e-05 
1.899416e-05 
1.748317e-05 
1.612986e-05 
1.491424e-05 
1.381926e-05 
1.283037e-05 
1.193507e-05 
1.112259e-05 
1.038362e-05 
9.710098e-06 
9.094282e-06 
8.531728e-06 
8.016077e-06 
7.542922e-06 
7.107853e-06 
6.707300e-06 
6.338151e-06 
5.997913e-06 
5.687003e-06 
5.402607e-06 
5.139753e-06 
4.858458e-06 
4.608141e-06 
4.375630e-06 
4.158336e-06 
3.951108e-06 
3.760007e-06 
3.584985e-06 
3.416136e-06 
3.256946e-06 
3.103710e-06 
2.964187e-06 
2.820249e-06 
2.698284e-06 
2.582711e-06 
2.408701e-06 
2.314654e-06 
2.227445e-06 
2.246080e-06 
2.254556e-06 
2.255011e-06 
2.255046e-06 
2.255048e-06 
2.255049e-06 
2.255049e-06 
2.255049e-06 
2.255049e-06 
2.255049e-06 
2.255049e-06 
2.255049e-06 
2.255049e-06 
2.255049e-06 
2.255049e-06 
2.255049e-06 
2.255049e-06 
2.255049e-06 
2.255049e-06 
2.255049e-06 
2.255049e-06 
2.255049e-06 
2.255049e-06 
2.255049e-06 
2.255049e-06 
2.255049e-06 
2.255049e-06 
2.255049e-06 
2.255049e-06 
2.255049e-06 
2.255049e-06 
2.255049e-06 
2.255049e-06 
2.255049e-06 
2.255049e-06 
2.255049e-06 
2.255049e-06 
2.255049e-06 
2.255049e-06 
2.255049e-06 
2.255049e-06 
2.255049e-06 
2.255049e-06 
2.255049e-06 
2.255049e-06 
2.255049e-06 
2.255049e-06 
2.255049e-06 
2.255049e-06 
2.255049e-06 
2.255049e-06 
2.255049e-06 
2.255049e-06 
2.255049e-06 
2.255049e-06 
2.255049e-06 
2.255049e-06 
2.255049e-06 
2.255049e-06 
2.255049e-06 
2.255049e-06 
2.255049e-06 
2.255049e-06 
2.255049e-06 
2.255049e-06 
2.255049e-06 
2.255049e-06 
2.255049e-06 
2.255049e-06 
2.255049e-06 
2.255049e-06 
2.255049e-06 
2.255049e-06 
2.255049e-06 
2.255049e-06 
2.255049e-06 
2.255049e-06 
2.255049e-06 
2.255049e-06 
2.255049e-06 
2.255049e-06 
2.255049e-06 
2.255049e-06 
2.255049e-06 
2.255049e-06 
2.255049e-06 
2.255049e-06 
2.255049e-06 
2.255049e-06 
2.255049e-06 
2.255049e-06 
2.255049e-06 
2.255049e-06 
2.255049e-06 
2.255049e-06 
2.255049e-06 
2.255049e-06 
2.255049e-06 
2.255049e-06 
2.255049e-06 
2.255049e-06 
2.255049e-06 
2.255049e-06 
2.255049e-06 
2.255049e-06 
2.255049e-06 
2.255049e-06 
2.255049e-06 
2.255049e-06 
2.255049e-06 
2.255049e-06 
2.255049e-06 
2.255049e-06 
2.255049e-06 
2.255049e-06 
2.255049e-06 
2.255049e-06 
2.255049e-06 
2.255049e-06 
2.255049e-06 
2.255049e-06 
2.255049e-06 
2.255049e-06 
2.255049e-06 
2.255049e-06 
2.255049e-06 
2.255049e-06 
2.255049e-06 
2.255049e-06 
2.255049e-06 
2.255049e-06 
2.255049e-06 
2.255049e-06 
2.255049e-06 
2.255049e-06 
2.255049e-06 
2.255049e-06 
2.255049e-06 
2.255049e-06 
2.255049e-06 
2.255049e-06 
2.255049e-06 
2.255049e-06 
2.255049e-06 
2.255049e-06 
2.255049e-06 
2.255049e-06 
2.255049e-06 
2.255049e-06 
2.255049e-06 
2.255049e-06 
2.255049e-06 
2.255049e-06 
2.255049e-06 
2.255049e-06 
2.255049e-06 
2.255049e-06 
2.255049e-06 
2.255049e-06 
2.255049e-06 
2.255049e-06 
2.255049e-06 
2.255049e-06 
2.255049e-06 
2.255049e-06 
2.255049e-06 
2.255049e-06 
2.255049e-06 
2.255049e-06 
2.260967e-06 
2.296156e-06 
2.391150e-06 
2.458874e-06 
2.534806e-06 
2.609520e-06 
2.687941e-06 
2.770186e-06 
2.856427e-06 
2.947371e-06 
3.042835e-06 
3.143356e-06 
3.249265e-06 
3.360946e-06 
3.478820e-06 
3.603346e-06 
3.735026e-06 
3.874410e-06 
4.022099e-06 
4.178756e-06 
4.345106e-06 
4.521955e-06 
4.710190e-06 
4.910704e-06 
5.124723e-06 
5.350901e-06 
5.595188e-06 
5.821591e-06 
6.098941e-06 
6.396859e-06 
6.717387e-06 
7.062826e-06 
7.435768e-06 
7.839149e-06 
8.276302e-06 
8.751023e-06 
9.025694e-06 
9.566703e-06 
1.015899e-05 
1.080758e-05 
1.151970e-05 
1.230372e-05 
1.316944e-05 
1.412835e-05 
1.570380e-05 
1.695093e-05 
1.834756e-05 
1.991963e-05 
2.169697e-05 
2.371583e-05 
2.602056e-05 
2.866572e-05 
3.239279e-05 
3.605796e-05 
4.034494e-05 
4.539303e-05 
5.187190e-05 
5.946338e-05 
6.833818e-05 
7.895927e-05 
9.165106e-05 
1.066864e-04 
1.241871e-04 
1.440330e-04 
1.659110e-04 
1.894869e-04 
2.143484e-04 
2.401568e-04 
2.666113e-04 
2.935098e-04 
3.205671e-04 
3.484401e-04 
3.765666e-04 
4.033897e-04 
4.321396e-04 
4.607893e-04 
4.890228e-04 
5.163622e-04 
5.421628e-04 
5.560426e-04 
5.780033e-04 
5.886060e-04 
5.900605e-04 
5.901283e-04 
5.901312e-04 
5.901313e-04 
5.901313e-04 
5.901313e-04 
5.901313e-04 
5.901313e-04 
5.901313e-04 
5.901313e-04 
5.901313e-04 
5.901313e-04 
5.901313e-04 
5.901313e-04 
5.901313e-04 
5.901313e-04 
5.901313e-04 
5.901313e-04 
5.901313e-04 
5.901313e-04 
5.901313e-04 
5.901313e-04 
5.901313e-04 
5.901313e-04 
5.901313e-04 
5.901313e-04 
5.901313e-04 
5.901313e-04 
5.901313e-04 
5.901313e-04 
5.901313e-04 
5.901313e-04 
5.901313e-04 
5.901313e-04 
5.901313e-04 
5.901313e-04 
5.901313e-04 
5.901313e-04 
5.901313e-04 
5.901313e-04 
5.901313e-04 
5.901313e-04 
5.901313e-04 
5.901313e-04 
5.901313e-04 
5.901313e-04 
5.901313e-04 
5.901313e-04 
5.901313e-04 
5.901313e-04 
5.901313e-04 
5.901313e-04 
5.901313e-04 
5.901313e-04 
5.901313e-04 
5.901313e-04 
5.901313e-04 
5.901313e-04 
5.901313e-04 
5.901313e-04 
5.901313e-04 
5.901313e-04 
5.901313e-04 
5.901313e-04 
5.901313e-04 
5.901313e-04 
5.901313e-04 
5.901313e-04 
5.901313e-04 
5.901313e-04 
5.901313e-04 
5.901313e-04 
5.901313e-04 
5.901313e-04 
5.901313e-04 
5.901313e-04 
5.901313e-04 
5.901313e-04 
5.901313e-04 
5.901313e-04 
5.901313e-04 
5.901313e-04 
5.901313e-04 
5.901313e-04 
5.901313e-04 
5.901313e-04 
5.901313e-04 
5.901313e-04 
5.901313e-04 
5.901313e-04 
5.901313e-04 
5.901313e-04 
5.901313e-04 
5.901313e-04 
5.901313e-04 
5.901313e-04 
5.901313e-04 
5.901313e-04 
5.901313e-04 
5.901313e-04 
5.901313e-04 
5.901313e-04 
5.901313e-04 
5.901313e-04 
5.901313e-04 
5.901313e-04 
5.901313e-04 
5.901313e-04 
5.901313e-04 
5.901313e-04 
5.901313e-04 
5.901313e-04 
5.901313e-04 
5.901313e-04 
5.901313e-04 
5.901313e-04 
5.901313e-04 
5.901313e-04 
5.901313e-04 
5.901313e-04 
5.901313e-04 
5.901313e-04 
5.901313e-04 
5.901313e-04 
5.901313e-04 
5.901313e-04 
5.901313e-04 
5.901313e-04 
5.901313e-04 
5.901313e-04 
5.901313e-04 
5.901313e-04 
5.901313e-04 
5.901313e-04 
5.901313e-04 
5.901313e-04 
5.901313e-04 
5.901313e-04 
5.901313e-04 
5.901313e-04 
5.901313e-04 
5.901313e-04 
5.901313e-04 
5.901313e-04 
5.901313e-04 
5.901313e-04 
5.901313e-04 
5.901313e-04 
5.901313e-04 
5.901313e-04 
5.901313e-04 
5.901313e-04 
5.901313e-04 
5.901313e-04 
5.901313e-04 
5.901313e-04 
5.901313e-04 
5.901313e-04 
5.901313e-04 
5.901313e-04 
5.901313e-04 
5.901313e-04 
5.901313e-04 
5.901313e-04 
5.901313e-04 
5.901313e-04 
5.901313e-04 
5.901313e-04 
5.945857e-04 
6.159831e-04 
6.387892e-04 
6.627116e-04 
6.879687e-04 
7.145306e-04 
7.426081e-04 
7.721877e-04 
8.031511e-04 
7.957845e-04 
8.303456e-04 
8.673081e-04 
9.067410e-04 
9.488541e-04 
9.938803e-04 
1.042078e-03 
1.093735e-03 
1.149170e-03 
1.208725e-03 
1.272718e-03 
1.341548e-03 
1.415688e-03 
1.495675e-03 
1.582114e-03 
1.675675e-03 
1.777111e-03 
1.887305e-03 
2.007134e-03 
2.137845e-03 
2.280618e-03 
2.436883e-03 
2.607545e-03 
2.795835e-03 
3.003269e-03 
3.232338e-03 
3.485930e-03 
3.767404e-03 
4.080685e-03 
4.417259e-03 
4.806537e-03 
5.243641e-03 
5.757142e-03 
6.292759e-03 
6.924199e-03 
7.643621e-03 
8.466560e-03 
9.412096e-03 
1.056589e-02 
1.184632e-02 
1.334119e-02 
1.509678e-02 
1.717151e-02 
1.963982e-02 
2.259746e-02 
2.625869e-02 
3.063796e-02 
3.607641e-02 
4.277477e-02 
5.122359e-02 
6.186093e-02 
7.538866e-02 
9.266291e-02 
1.146859e-01 
1.424701e-01 
1.767642e-01 
2.176908e-01 
2.645439e-01 
3.159569e-01 
3.702767e-01 
4.260991e-01 
4.823416e-01 
5.381318e-01 
5.930169e-01 
6.465491e-01 
6.984561e-01 
7.483545e-01 
7.958292e-01 
8.403398e-01 
8.811956e-01 
9.175527e-01 
9.484466e-01 
9.542854e-01 
9.542856e-01 
9.542856e-01 
9.542856e-01 
9.542856e-01 
9.542856e-01 
9.542856e-01 
9.542856e-01 
9.542856e-01 
9.542856e-01 
9.542856e-01 
9.542856e-01 
9.542856e-01 
9.542856e-01 
9.542856e-01 
9.542856e-01 
9.542856e-01 
9.542856e-01 
9.542856e-01 
9.542856e-01 
9.542856e-01 
9.542856e-01 
9.542856e-01 
9.542856e-01 
9.542856e-01 
9.542856e-01 
9.542856e-01 
9.542856e-01 
9.542856e-01 
9.542856e-01 
9.542856e-01 
9.542856e-01 
9.542856e-01 
9.542856e-01 
9.542856e-01 
9.542856e-01 
9.542856e-01 
9.542856e-01 
9.542856e-01 
9.542856e-01 
9.542856e-01 
9.542856e-01 
9.542856e-01 
9.542856e-01 
9.542856e-01 
9.542856e-01 
9.542856e-01 
9.542856e-01 
9.542856e-01 
9.542856e-01 
9.542856e-01 
9.542856e-01 
9.542856e-01 
9.542856e-01 
9.542856e-01 
9.542856e-01 
9.542856e-01 
9.542856e-01 
9.542856e-01 
9.542856e-01 
9.542856e-01 
9.542856e-01 
9.542856e-01 
9.542856e-01 
9.542856e-01 
9.542856e-01 
9.542856e-01 
9.542856e-01 
9.542856e-01 
9.542856e-01 
9.542856e-01 
9.542856e-01 
9.542856e-01 
9.542856e-01 
9.542856e-01 
9.542856e-01 
9.542856e-01 
9.542856e-01 
9.542856e-01 
9.542856e-01 
9.542856e-01 
9.542856e-01 
9.542856e-01 
9.542856e-01 
9.542856e-01 
9.542856e-01 
9.542856e-01 
9.542856e-01 
9.542856e-01 
9.542856e-01 
9.542856e-01 
9.542856e-01 
9.542856e-01 
9.542856e-01 
9.542856e-01 
9.542856e-01 
9.542856e-01 
9.542856e-01 
9.542856e-01 
9.542856e-01 
9.542856e-01 
9.542856e-01 
9.542856e-01 
9.542856e-01 
9.542856e-01 
9.542856e-01 
9.542856e-01 
9.542856e-01 
9.542856e-01 
9.542856e-01 
9.542856e-01 
9.542856e-01 
9.542856e-01 
9.542856e-01 
9.542856e-01 
9.542856e-01 
9.542856e-01 
9.542856e-01 
9.542856e-01 
9.542856e-01 
9.542856e-01 
9.542856e-01 
9.542856e-01 
9.542856e-01 
9.542856e-01 
9.542856e-01 
9.542856e-01 
9.542856e-01 
9.542856e-01 
9.542856e-01 
9.542856e-01 
9.542856e-01 
9.542856e-01 
9.542856e-01 
9.542856e-01 
9.542856e-01 
9.542856e-01 
9.542856e-01 
9.542856e-01 
9.542856e-01 
9.542856e-01 
9.542856e-01 
9.542856e-01 
9.542856e-01 
9.542856e-01 
9.542856e-01 
9.542856e-01 
9.542856e-01 
9.542856e-01 
9.542856e-01 
9.542856e-01 
9.542856e-01 
9.542856e-01 
9.542856e-01 
9.542856e-01 
9.542856e-01 
9.542856e-01 
9.542856e-01 
9.542856e-01 
9.542856e-01 
9.542856e-01 
9.542856e-01 
9.542856e-01 
9.542856e-01 
9.542856e-01 
9.542856e-01 
9.542856e-01 
9.542856e-01 
9.542856e-01 
9.542845e-01 
9.542800e-01 
9.542764e-01 
9.542734e-01 
9.542709e-01 
9.542688e-01 
9.542669e-01 
9.542652e-01 
9.542637e-01 
9.542622e-01 
9.542608e-01 
9.542595e-01 
9.542582e-01 
9.542570e-01 
9.542558e-01 
9.542545e-01 
9.542533e-01 
9.542521e-01 
9.542508e-01 
9.542496e-01 
9.542484e-01 
9.542473e-01 
9.542462e-01 
9.542453e-01 
9.542444e-01 
9.542436e-01 
9.542428e-01 
9.542422e-01 
9.542415e-01 
9.542410e-01 
9.542405e-01 
9.542400e-01 
9.542396e-01 
9.542392e-01 
9.542388e-01 
9.542384e-01 
9.542381e-01 
9.542378e-01 
9.542376e-01 
9.542373e-01 
9.542371e-01 
9.542368e-01 
9.542366e-01 
9.542364e-01 
9.542362e-01 
9.542360e-01 
9.542358e-01 
9.542357e-01 
9.542355e-01 
9.542354e-01 
9.542352e-01 
9.542351e-01 
9.542350e-01 
9.542348e-01 
9.542347e-01 
9.542346e-01 
9.542345e-01 
9.542344e-01 
9.542343e-01 
9.542342e-01 
9.542341e-01 
9.542340e-01 
9.542339e-01 
9.542339e-01 
9.542338e-01 
9.542337e-01 
9.542336e-01 
9.542336e-01 
9.542335e-01 
9.542334e-01 
9.542334e-01 
9.542333e-01 
9.542332e-01 
9.542332e-01 
9.542331e-01 
9.542331e-01 
9.542330e-01 
9.542330e-01 
9.542329e-01 
9.542329e-01 
9.542328e-01 
9.542328e-01 
9.542328e-01 
9.542328e-01 
9.542328e-01 
9.542328e-01 
9.542328e-01 
9.542328e-01 
9.542328e-01 
9.542328e-01 
9.542328e-01 
9.542328e-01 
9.542328e-01 
9.542328e-01 
9.542328e-01 
9.542328e-01 
9.542328e-01 
9.542328e-01 
9.542328e-01 
9.542328e-01 
9.542328e-01 
9.542328e-01 
9.542328e-01 
9.542328e-01 
9.542328e-01 
9.542328e-01 
9.542328e-01 
9.542328e-01 
9.542328e-01 
9.542328e-01 
9.542328e-01 
9.542328e-01 
9.542328e-01 
9.542328e-01 
9.542328e-01 
9.542328e-01 
9.542328e-01 
9.542328e-01 
9.542328e-01 
9.542328e-01 
9.542328e-01 
9.542328e-01 
9.542328e-01 
9.542328e-01 
9.542328e-01 
9.542328e-01 
9.542328e-01 
9.542328e-01 
9.542328e-01 
9.542328e-01 
9.542328e-01 
9.542328e-01 
9.542328e-01 
9.542328e-01 
9.542328e-01 
9.542328e-01 
9.542328e-01 
9.542328e-01 
9.542328e-01 
9.542328e-01 
9.542328e-01 
9.542328e-01 
9.542328e-01 
9.542328e-01 
9.542328e-01 
9.542328e-01 
9.542328e-01 
9.542328e-01 
9.542328e-01 
9.542328e-01 
9.542328e-01 
9.542328e-01 
9.542328e-01 
9.542328e-01 
9.542328e-01 
9.542328e-01 
9.542328e-01 
9.542328e-01 
9.542328e-01 
9.542328e-01 
9.542328e-01 
9.542328e-01 
9.542328e-01 
9.542328e-01 
9.542328e-01 
9.542328e-01 
9.542328e-01 
9.542328e-01 
9.542328e-01 
9.542328e-01 
9.542328e-01 
9.542328e-01 
9.542328e-01 
9.542328e-01 
9.542328e-01 
9.542328e-01 
9.542328e-01 
9.542328e-01 
9.542328e-01 
9.542328e-01 
9.542328e-01 
9.542328e-01 
9.542328e-01 
9.542328e-01 
9.542328e-01 
9.542328e-01 
9.542328e-01 
9.542328e-01 
9.542328e-01 
9.542328e-01 
9.542328e-01 
9.542328e-01 
9.542328e-01 
9.542328e-01 
9.542328e-01 
9.542328e-01 
9.542328e-01 
9.542328e-01 
9.542328e-01 
9.542328e-01 
9.542328e-01 
9.542328e-01 
9.542328e-01 
9.542328e-01 
9.542328e-01 
9.542328e-01 
9.542328e-01 
9.542328e-01 
9.542328e-01 
9.542328e-01 
9.542328e-01 
9.542328e-01 
9.542328e-01 
9.542328e-01 
9.542328e-01 
9.542328e-01 
9.542328e-01 
9.542328e-01 
9.542328e-01 
9.542328e-01 
9.542328e-01 
9.542328e-01 
9.542328e-01 
9.542328e-01 
9.542328e-01 
9.542328e-01 
9.542328e-01 
9.542328e-01 
9.542328e-01 
9.542328e-01 
9.542328e-01 
9.542328e-01 
9.542328e-01 
9.542328e-01 
9.542328e-01 
9.542328e-01 
9.542328e-01 
9.542328e-01 
9.542328e-01 
9.542328e-01 
9.542328e-01 
9.542328e-01 
9.542328e-01 
9.542328e-01 
9.542328e-01 
9.542328e-01 
9.542328e-01 
9.542328e-01 
9.542328e-01 
9.542328e-01 
9.483847e-01 
9.174308e-01 
8.809672e-01 
8.399172e-01 
7.950544e-01 
7.469432e-01 
6.959013e-01 
6.420100e-01 
5.850034e-01 
5.242852e-01 
4.586234e-01 
3.856208e-01 
3.001325e-01 
1.881928e-01 
2.811939e-02 
7.403261e-03 
2.220623e-03 
1.247825e-03 
8.505526e-04 
6.158943e-04 
4.645596e-04 
3.611235e-04 
2.873880e-04 
2.330731e-04 
1.919511e-04 
1.602170e-04 
1.350912e-04 
1.152130e-04 
9.893600e-05 
8.590270e-05 
7.482492e-05 
6.559008e-05 
5.782736e-05 
5.163181e-05 
4.595346e-05 
4.108038e-05 
3.687758e-05 
3.323305e-05 
3.005667e-05 
2.727535e-05 
2.482935e-05 
2.266953e-05 
2.075517e-05 
1.905234e-05 
1.753261e-05 
1.617203e-05 
1.495031e-05 
1.385019e-05 
1.283035e-05 
1.193504e-05 
1.112255e-05 
1.038356e-05 
9.710010e-06 
9.094126e-06 
8.531463e-06 
8.015640e-06 
7.542091e-06 
7.106145e-06 
6.703672e-06 
6.330051e-06 
5.976948e-06 
5.614798e-06 
5.164537e-06 
4.291747e-06 
3.105012e-06 
2.005480e-06 
1.036031e-06 
1.880467e-07 
-5.407913e-07 
-1.185400e-06 
-1.760684e-06 
-2.244162e-06 
-2.657297e-06 
-2.987108e-06 
-3.287561e-06 
-3.478043e-06 
-3.679761e-06 
-3.831649e-06 
-3.840899e-06 
-3.916432e-06 
-3.948236e-06 
-4.012459e-06 
-4.023678e-06 
-4.027320e-06 
-4.027810e-06 
-4.027851e-06 
-4.027854e-06 
-4.027854e-06 
-4.027854e-06 
-4.027854e-06 
-4.027854e-06 
-4.027854e-06 
-4.027854e-06 
-4.027854e-06 
-4.027854e-06 
-4.027854e-06 
-4.027854e-06 
-4.027854e-06 
-4.027854e-06 
-4.027854e-06 
-4.027854e-06 
-4.027854e-06 
-4.027854e-06 
-4.027854e-06 
-4.027854e-06 
-4.027854e-06 
-4.027854e-06 
-4.027854e-06 
-4.027854e-06 
-4.027854e-06 
-4.027854e-06 
-4.027854e-06 
-4.027854e-06 
-4.027854e-06 
-4.027854e-06 
-4.027854e-06 
-4.027854e-06 
-4.027854e-06 
-4.027854e-06 
-4.027854e-06 
-4.027854e-06 
-4.027854e-06 
-4.027854e-06 
-4.027854e-06 
-4.027854e-06 
-4.027854e-06 
-4.027854e-06 
-4.027854e-06 
-4.027854e-06 
-4.027854e-06 
-4.027854e-06 
-4.027854e-06 
-4.027854e-06 
-4.027854e-06 
-4.027854e-06 
-4.027854e-06 
-4.027854e-06 
-4.027854e-06 
-4.027854e-06 
-4.027854e-06 
-4.027854e-06 
-4.027854e-06 
-4.027854e-06 
-4.027854e-06 
-4.027854e-06 
-4.027854e-06 
-4.027854e-06 
-4.027854e-06 
-4.027854e-06 
-4.027854e-06 
-4.027854e-06 
-4.027854e-06 
-4.027854e-06 
-4.027854e-06 
-4.027854e-06 
-4.027854e-06 
-4.027854e-06 
-4.027854e-06 
-4.027854e-06 
-4.027854e-06 
-4.027854e-06 
-4.027854e-06 
-4.027854e-06 
-4.027854e-06 
-4.027854e-06 
-4.027854e-06 
-4.027854e-06 
-4.027854e-06 
-4.027854e-06 
-4.027854e-06 
-4.027854e-06 
-4.027854e-06 
-4.027854e-06 
-4.027854e-06 
-4.027854e-06 
-4.027854e-06 
-4.027854e-06 
-4.027854e-06 
-4.027854e-06 
-4.027854e-06 
-4.027854e-06 
-4.027854e-06 
-4.027854e-06 
-4.027854e-06 
-4.027854e-06 
-4.027854e-06 
-4.027854e-06 
-4.027854e-06 
-4.027854e-06 
-4.027854e-06 
-4.027854e-06 
-4.027854e-06 
-4.027854e-06 
-4.027854e-06 
-4.027854e-06 
-4.027854e-06 
-4.027854e-06 
-4.027854e-06 
-4.027854e-06 
-4.027854e-06 
-4.027854e-06 
-4.027854e-06 
-4.027854e-06 
-4.027854e-06 
-4.027854e-06 
-4.027854e-06 
-4.027854e-06 
-4.027854e-06 
-4.027854e-06 
-4.027854e-06 
-4.027854e-06 
-4.027854e-06 
-4.027854e-06 
-4.027854e-06 
-4.027854e-06 
-4.027854e-06 
-4.027854e-06 
-4.027854e-06 
-4.027854e-06 
-4.027854e-06 
-4.027854e-06 
-4.027854e-06 
-4.027854e-06 
-4.027854e-06 
-4.027854e-06 
-4.027854e-06 
-4.027854e-06 
-4.027854e-06 
-4.027854e-06 
-4.027854e-06 
-4.027854e-06 
-4.027854e-06 
-4.027854e-06 
-4.027854e-06 
-4.027854e-06 
-4.027854e-06 
-4.027854e-06 
-4.027854e-06 
-4.027854e-06 
-4.027854e-06 
-4.027854e-06 
-4.027854e-06 
-4.027854e-06 
-4.027854e-06 
-4.027854e-06 
-4.027854e-06 
-4.027854e-06 
-4.027854e-06 
-4.027854e-06 
-4.027854e-06 
-4.020509e-06 
-3.980401e-06 
-3.895033e-06 
-3.828018e-06 
-3.756666e-06 
-3.677029e-06 
-3.595724e-06 
-3.508817e-06 
-3.415999e-06 
-3.316948e-06 
-3.211038e-06 
-3.097751e-06 
-2.976488e-06 
-2.846591e-06 
-2.707333e-06 
-2.557918e-06 
-2.397470e-06 
-2.225022e-06 
-2.039507e-06 
-1.839747e-06 
-1.624437e-06 
-1.392131e-06 
-1.141214e-06 
-8.699474e-07 
-5.762912e-07 
-2.602211e-07 
8.471270e-08 
4.228951e-07 
8.263869e-07 
1.265750e-06 
1.744842e-06 
2.268007e-06 
2.840152e-06 
3.466831e-06 
4.154337e-06 
4.909816e-06 
5.369755e-06 
6.246526e-06 
7.215528e-06 
8.287035e-06 
9.474090e-06 
1.079163e-05 
1.225678e-05 
1.388918e-05 
1.657765e-05 
1.872035e-05 
2.112120e-05 
2.381680e-05 
2.684747e-05 
3.025859e-05 
3.410083e-05 
3.843006e-05 
4.404399e-05 
4.962501e-05 
5.589123e-05 
6.315174e-05 
7.101055e-05 
7.983341e-05 
8.951831e-05 
1.001736e-04 
1.118183e-04 
1.244377e-04 
1.379586e-04 
1.522220e-04 
1.670755e-04 
1.825239e-04 
1.986023e-04 
2.153718e-04 
2.329200e-04 
2.513628e-04 
2.707996e-04 
2.915248e-04 
3.136841e-04 
3.366388e-04 
3.622914e-04 
3.899775e-04 
4.197620e-04 
4.514901e-04 
4.846350e-04 
5.031952e-04 
5.360141e-04 
5.544822e-04 
5.573201e-04 
5.574903e-04 
5.575001e-04 
5.575006e-04 
5.575007e-04 
5.575007e-04 
5.575007e-04 
5.575007e-04 
5.575007e-04 
5.575007e-04 
5.575007e-04 
5.575007e-04 
5.575007e-04 
5.575007e-04 
5.575007e-04 
5.575007e-04 
5.575007e-04 
5.575007e-04 
5.575007e-04 
5.575007e-04 
5.575007e-04 
5.575007e-04 
5.575007e-04 
5.575007e-04 
5.575007e-04 
5.575007e-04 
5.575007e-04 
5.575007e-04 
5.575007e-04 
5.575007e-04 
5.575007e-04 
5.575007e-04 
5.575007e-04 
5.575007e-04 
5.575007e-04 
5.575007e-04 
5.575007e-04 
5.575007e-04 
5.575007e-04 
5.575007e-04 
5.575007e-04 
5.575007e-04 
5.575007e-04 
5.575007e-04 
5.575007e-04 
5.575007e-04 
5.575007e-04 
5.575007e-04 
5.575007e-04 
5.575007e-04 
5.575007e-04 
5.575007e-04 
5.575007e-04 
5.575007e-04 
5.575007e-04 
5.575007e-04 
5.575007e-04 
5.575007e-04 
5.575007e-04 
5.575007e-04 
5.575007e-04 
5.575007e-04 
5.575007e-04 
5.575007e-04 
5.575007e-04 
5.575007e-04 
5.575007e-04 
5.575007e-04 
5.575007e-04 
5.575007e-04 
5.575007e-04 
5.575007e-04 
5.575007e-04 
5.575007e-04 
5.575007e-04 
5.575007e-04 
5.575007e-04 
5.575007e-04 
5.575007e-04 
5.575007e-04 
5.575007e-04 
5.575007e-04 
5.575007e-04 
5.575007e-04 
5.575007e-04 
5.575007e-04 
5.575007e-04 
5.575007e-04 
5.575007e-04 
5.575007e-04 
5.575007e-04 
5.575007e-04 
5.575007e-04 
5.575007e-04 
5.575007e-04 
5.575007e-04 
5.575007e-04 
5.575007e-04 
5.575007e-04 
5.575007e-04 
5.575007e-04 
5.575007e-04 
5.575007e-04 
5.575007e-04 
5.575007e-04 
5.575007e-04 
5.575007e-04 
5.575007e-04 
5.575007e-04 
5.575007e-04 
5.575007e-04 
5.575007e-04 
5.575007e-04 
5.575007e-04 
5.575007e-04 
5.575007e-04 
5.575007e-04 
5.575007e-04 
5.575007e-04 
5.575007e-04 
5.575007e-04 
5.575007e-04 
5.575007e-04 
5.575007e-04 
5.575007e-04 
5.575007e-04 
5.575007e-04 
5.575007e-04 
5.575007e-04 
5.575007e-04 
5.575007e-04 
5.575007e-04 
5.575007e-04 
5.575007e-04 
5.575007e-04 
5.575007e-04 
5.575007e-04 
5.575007e-04 
5.575007e-04 
5.575007e-04 
5.575007e-04 
5.575007e-04 
5.575007e-04 
5.575007e-04 
5.575007e-04 
5.575007e-04 
5.575007e-04 
5.575007e-04 
5.575007e-04 
5.575007e-04 
5.575007e-04 
5.575007e-04 
5.575007e-04 
5.575007e-04 
5.575007e-04 
5.575007e-04 
5.575007e-04 
5.575007e-04 
5.575007e-04 
5.575007e-04 
5.575007e-04 
5.575007e-04 
5.575007e-04 
5.575007e-04 
5.575007e-04 
5.575007e-04 
5.575007e-04 
5.575007e-04 
5.616956e-04 
5.818853e-04 
6.037441e-04 
6.265792e-04 
6.507541e-04 
6.764096e-04 
7.035797e-04 
7.324244e-04 
7.630661e-04 
7.956523e-04 
8.303413e-04 
8.673069e-04 
9.067405e-04 
9.488536e-04 
9.938800e-04 
1.042078e-03 
1.093737e-03 
1.149178e-03 
1.208740e-03 
1.272734e-03 
1.341561e-03 
1.415698e-03 
1.495682e-03 
1.582119e-03 
1.675679e-03 
1.777113e-03 
1.887305e-03 
2.007134e-03 
2.137844e-03 
2.280617e-03 
2.436881e-03 
2.607542e-03 
2.795832e-03 
3.003266e-03 
3.232334e-03 
3.485925e-03 
3.767399e-03 
4.080680e-03 
4.417254e-03 
4.806531e-03 
5.243635e-03 
5.761482e-03 
6.292775e-03 
6.924192e-03 
7.643613e-03 
8.466552e-03 
9.463353e-03 
1.056599e-02 
1.184631e-02 
1.334118e-02 
1.509677e-02 
1.717150e-02 
1.963981e-02 
2.266448e-02 
2.625886e-02 
3.063795e-02 
3.607639e-02 
4.277475e-02 
5.122357e-02 
6.186091e-02 
7.538863e-02 
9.266289e-02 
1.146859e-01 
1.424701e-01 
1.767643e-01 
2.176908e-01 
2.645439e-01 
3.159326e-01 
3.702767e-01 
4.260991e-01 
4.823416e-01 
5.381318e-01 
5.930169e-01 
6.465491e-01 
6.984561e-01 
7.483545e-01 
7.958292e-01 
8.403398e-01 
8.811956e-01 
9.175527e-01 
9.484466e-01 
9.542854e-01 
9.542856e-01 
9.542856e-01 
9.542856e-01 
9.542856e-01 
9.542856e-01 
9.542856e-01 
9.542856e-01 
9.542856e-01 
9.542856e-01 
9.542856e-01 
9.542856e-01 
9.542856e-01 
9.542856e-01 
9.542856e-01 
9.542856e-01 
9.542856e-01 
9.542856e-01 
9.542856e-01 
9.542856e-01 
9.542856e-01 
9.542856e-01 
9.542856e-01 
9.542856e-01 
9.542856e-01 
9.542856e-01 
9.542856e-01 
9.542856e-01 
9.542856e-01 
9.542856e-01 
9.542856e-01 
9.542856e-01 
9.542856e-01 
9.542856e-01 
9.542856e-01 
9.542856e-01 
9.542856e-01 
9.542856e-01 
9.542856e-01 
9.542856e-01 
9.542856e-01 
9.542856e-01 
9.542856e-01 
9.542856e-01 
9.542856e-01 
9.542856e-01 
9.542856e-01 
9.542856e-01 
9.542856e-01 
9.542856e-01 
9.542856e-01 
9.542856e-01 
9.542856e-01 
9.542856e-01 
9.542856e-01 
9.542856e-01 
9.542856e-01 
9.542856e-01 
9.542856e-01 
9.542856e-01 
9.542856e-01 
9.542856e-01 
9.542856e-01 
9.542856e-01 
9.542856e-01 
9.542856e-01 
9.542856e-01 
9.542856e-01 
9.542856e-01 
9.542856e-01 
9.542856e-01 
9.542856e-01 
9.542856e-01 
9.542856e-01 
9.542856e-01 
9.542856e-01 
9.542856e-01 
9.542856e-01 
9.542856e-01 
9.542856e-01 
9.542856e-01 
9.542856e-01 
9.542856e-01 
9.542856e-01 
9.542856e-01 
9.542856e-01 
9.542856e-01 
9.542856e-01 
9.542856e-01 
9.542856e-01 
9.542856e-01 
9.542856e-01 
9.542856e-01 
9.542856e-01 
9.542856e-01 
9.542856e-01 
9.542856e-01 
9.542856e-01 
9.542856e-01 
9.542856e-01 
9.542856e-01 
9.542856e-01 
9.542856e-01 
9.542856e-01 
9.542856e-01 
9.542856e-01 
9.542856e-01 
9.542856e-01 
9.542856e-01 
9.542856e-01 
9.542856e-01 
9.542856e-01 
9.542856e-01 
9.542856e-01 
9.542856e-01 
9.542856e-01 
9.542856e-01 
9.542856e-01 
9.542856e-01 
9.542856e-01 
9.542856e-01 
9.542856e-01 
9.542856e-01 
9.542856e-01 
9.542856e-01 
9.542856e-01 
9.542856e-01 
9.542856e-01 
9.542856e-01 
9.542856e-01 
9.542856e-01 
9.542856e-01 
9.542856e-01 
9.542856e-01 
9.542856e-01 
9.542856e-01 
9.542856e-01 
9.542856e-01 
9.542856e-01 
9.542856e-01 
9.542856e-01 
9.542856e-01 
9.542856e-01 
9.542856e-01 
9.542856e-01 
9.542856e-01 
9.542856e-01 
9.542856e-01 
9.542856e-01 
9.542856e-01 
9.542856e-01 
9.542856e-01 
9.542856e-01 
9.542856e-01 
9.542856e-01 
9.542856e-01 
9.542856e-01 
9.542856e-01 
9.542856e-01 
9.542856e-01 
9.542856e-01 
9.542856e-01 
9.542856e-01 
9.542856e-01 
9.542856e-01 
9.542856e-01 
9.542856e-01 
9.542856e-01 
9.542856e-01 
9.542845e-01 
9.542800e-01 
9.542764e-01 
9.542734e-01 
9.542709e-01 
9.542688e-01 
9.542669e-01 
9.542652e-01 
9.542637e-01 
9.542622e-01 
9.542608e-01 
9.542595e-01 
9.542582e-01 
9.542570e-01 
9.542558e-01 
9.542545e-01 
9.542533e-01 
9.542521e-01 
9.542508e-01 
9.542496e-01 
9.542484e-01 
9.542473e-01 
9.542462e-01 
9.542453e-01 
9.542444e-01 
9.542436e-01 
9.542428e-01 
9.542422e-01 
9.542415e-01 
9.542410e-01 
9.542405e-01 
9.542400e-01 
9.542396e-01 
9.542392e-01 
9.542388e-01 
9.542384e-01 
9.542381e-01 
9.542378e-01 
9.542376e-01 
9.542373e-01 
9.542371e-01 
9.542368e-01 
9.542366e-01 
9.542364e-01 
9.542362e-01 
9.542360e-01 
9.542358e-01 
9.542357e-01 
9.542355e-01 
9.542354e-01 
9.542352e-01 
9.542351e-01 
9.542350e-01 
9.542348e-01 
9.542347e-01 
9.542346e-01 
9.542345e-01 
9.542344e-01 
9.542343e-01 
9.542342e-01 
9.542341e-01 
9.542340e-01 
9.542339e-01 
9.542339e-01 
9.542338e-01 
9.542337e-01 
9.542336e-01 
9.542336e-01 
9.542335e-01 
9.542334e-01 
9.542334e-01 
9.542333e-01 
9.542332e-01 
9.542332e-01 
9.542331e-01 
9.542331e-01 
9.542330e-01 
9.542330e-01 
9.542329e-01 
9.542329e-01 
9.542328e-01 
9.542328e-01 
9.542328e-01 
9.542328e-01 
9.542328e-01 
9.542328e-01 
9.542328e-01 
9.542328e-01 
9.542328e-01 
9.542328e-01 
9.542328e-01 
9.542328e-01 
9.542328e-01 
9.542328e-01 
9.542328e-01 
9.542328e-01 
9.542328e-01 
9.542328e-01 
9.542328e-01 
9.542328e-01 
9.542328e-01 
9.542328e-01 
9.542328e-01 
9.542328e-01 
9.542328e-01 
9.542328e-01 
9.542328e-01 
9.542328e-01 
9.542328e-01 
9.542328e-01 
9.542328e-01 
9.542328e-01 
9.542328e-01 
9.542328e-01 
9.542328e-01 
9.542328e-01 
9.542328e-01 
9.542328e-01 
9.542328e-01 
9.542328e-01 
9.542328e-01 
9.542328e-01 
9.542328e-01 
9.542328e-01 
9.542328e-01 
9.542328e-01 
9.542328e-01 
9.542328e-01 
9.542328e-01 
9.542328e-01 
9.542328e-01 
9.542328e-01 
9.542328e-01 
9.542328e-01 
9.542328e-01 
9.542328e-01 
9.542328e-01 
9.542328e-01 
9.542328e-01 
9.542328e-01 
9.542328e-01 
9.542328e-01 
9.542328e-01 
9.542328e-01 
9.542328e-01 
9.542328e-01 
9.542328e-01 
9.542328e-01 
9.542328e-01 
9.542328e-01 
9.542328e-01 
9.542328e-01 
9.542328e-01 
9.542328e-01 
9.542328e-01 
9.542328e-01 
9.542328e-01 
9.542328e-01 
9.542328e-01 
9.542328e-01 
9.542328e-01 
9.542328e-01 
9.542328e-01 
9.542328e-01 
9.542328e-01 
9.542328e-01 
9.542328e-01 
9.542328e-01 
9.542328e-01 
9.542328e-01 
9.542328e-01 
9.542328e-01 
9.542328e-01 
9.542328e-01 
9.542328e-01 
9.542328e-01 
9.542328e-01 
9.542328e-01 
9.542328e-01 
9.542328e-01 
9.542328e-01 
9.542328e-01 
9.542328e-01 
9.542328e-01 
9.542328e-01 
9.542328e-01 
9.542328e-01 
9.542328e-01 
9.542328e-01 
9.542328e-01 
9.542328e-01 
9.542328e-01 
9.542328e-01 
9.542328e-01 
9.542328e-01 
9.542328e-01 
9.542328e-01 
9.542328e-01 
9.542328e-01 
9.542328e-01 
9.542328e-01 
9.542328e-01 
9.542328e-01 
9.542328e-01 
9.542328e-01 
9.542328e-01 
9.542328e-01 
9.542328e-01 
9.542328e-01 
9.542328e-01 
9.542328e-01 
9.542328e-01 
9.542328e-01 
9.542328e-01 
9.542328e-01 
9.542328e-01 
9.542328e-01 
9.542328e-01 
9.542328e-01 
9.542328e-01 
9.542328e-01 
9.542328e-01 
9.542328e-01 
9.542328e-01 
9.542328e-01 
9.542328e-01 
9.542328e-01 
9.542328e-01 
9.542328e-01 
9.542328e-01 
9.542328e-01 
9.542328e-01 
9.542328e-01 
9.542328e-01 
9.542328e-01 
9.542328e-01 
9.542328e-01 
9.542328e-01 
9.542328e-01 
9.542328e-01 
9.542328e-01 
9.542328e-01 
9.542328e-01 
9.542328e-01 
9.542328e-01 
9.542328e-01 
9.542328e-01 
9.542328e-01 
9.542328e-01 
9.542328e-01 
9.483847e-01 
9.174308e-01 
8.809672e-01 
8.399172e-01 
7.950544e-01 
7.469432e-01 
6.959169e-01 
6.420100e-01 
5.850034e-01 
5.242852e-01 
4.586234e-01 
3.856208e-01 
3.001324e-01 
1.888329e-01 
2.813414e-02 
4.717746e-03 
2.017598e-03 
1.246916e-03 
8.505478e-04 
6.158922e-04 
4.645588e-04 
3.611232e-04 
2.873879e-04 
2.330731e-04 
1.919511e-04 
1.602170e-04 
1.353546e-04 
1.152139e-04 
9.932317e-05 
8.590526e-05 
7.482495e-05 
6.559009e-05 
5.782737e-05 
5.163182e-05 
4.595346e-05 
4.108038e-05 
3.687759e-05 
3.323306e-05 
3.005668e-05 
2.727535e-05 
2.482936e-05 
2.266953e-05 
2.068650e-05 
1.899417e-05 
1.748317e-05 
1.612987e-05 
1.491424e-05 
1.381926e-05 
1.283037e-05 
1.193508e-05 
1.112260e-05 
1.038364e-05 
9.710126e-06 
9.094334e-06 
8.531803e-06 
8.016205e-06 
7.543189e-06 
7.108348e-06 
6.708242e-06 
6.340027e-06 
6.001535e-06 
5.689848e-06 
5.408187e-06 
5.131189e-06 
4.841647e-06 
4.579829e-06 
4.335906e-06 
4.109598e-06 
3.903997e-06 
3.707990e-06 
3.519507e-06 
3.348885e-06 
3.189558e-06 
3.044327e-06 
2.901932e-06 
2.781604e-06 
2.653643e-06 
2.533800e-06 
2.478845e-06 
2.363858e-06 
2.254880e-06 
2.200944e-06 
2.193997e-06 
2.193441e-06 
2.193385e-06 
2.193382e-06 
2.193381e-06 
2.193381e-06 
2.193381e-06 
2.193381e-06 
2.193381e-06 
2.193381e-06 
2.193381e-06 
2.193381e-06 
2.193381e-06 
2.193381e-06 
2.193381e-06 
2.193381e-06 
2.193381e-06 
2.193381e-06 
2.193381e-06 
2.193381e-06 
2.193381e-06 
2.193381e-06 
2.193381e-06 
2.193381e-06 
2.193381e-06 
2.193381e-06 
2.193381e-06 
2.193381e-06 
2.193381e-06 
2.193381e-06 
2.193381e-06 
2.193381e-06 
2.193381e-06 
2.193381e-06 
2.193381e-06 
2.193381e-06 
2.193381e-06 
2.193381e-06 
2.193381e-06 
2.193381e-06 
2.193381e-06 
2.193381e-06 
2.193381e-06 
2.193381e-06 
2.193381e-06 
2.193381e-06 
2.193381e-06 
2.193381e-06 
2.193381e-06 
2.193381e-06 
2.193381e-06 
2.193381e-06 
2.193381e-06 
2.193381e-06 
2.193381e-06 
2.193381e-06 
2.193381e-06 
2.193381e-06 
2.193381e-06 
2.193381e-06 
2.193381e-06 
2.193381e-06 
2.193381e-06 
2.193381e-06 
2.193381e-06 
2.193381e-06 
2.193381e-06 
2.193381e-06 
2.193381e-06 
2.193381e-06 
2.193381e-06 
2.193381e-06 
2.193381e-06 
2.193381e-06 
2.193381e-06 
2.193381e-06 
2.193381e-06 
2.193381e-06 
2.193381e-06 
2.193381e-06 
2.193381e-06 
2.193381e-06 
2.193381e-06 
2.193381e-06 
2.193381e-06 
2.193381e-06 
2.193381e-06 
2.193381e-06 
2.193381e-06 
2.193381e-06 
2.193381e-06 
2.193381e-06 
2.193381e-06 
2.193381e-06 
2.193381e-06 
2.193381e-06 
2.193381e-06 
2.193381e-06 
2.193381e-06 
2.193381e-06 
2.193381e-06 
2.193381e-06 
2.193381e-06 
2.193381e-06 
2.193381e-06 
2.193381e-06 
2.193381e-06 
2.193381e-06 
2.193381e-06 
2.193381e-06 
2.193381e-06 
2.193381e-06 
2.193381e-06 
2.193381e-06 
2.193381e-06 
2.193381e-06 
2.193381e-06 
2.193381e-06 
2.193381e-06 
2.193381e-06 
2.193381e-06 
2.193381e-06 
2.193381e-06 
2.193381e-06 
2.193381e-06 
2.193381e-06 
2.193381e-06 
2.193381e-06 
2.193381e-06 
2.193381e-06 
2.193381e-06 
2.193381e-06 
2.193381e-06 
2.193381e-06 
2.193381e-06 
2.193381e-06 
2.193381e-06 
2.193381e-06 
2.193381e-06 
2.193381e-06 
2.193381e-06 
2.193381e-06 
2.193381e-06 
2.193381e-06 
2.193381e-06 
2.193381e-06 
2.193381e-06 
2.193381e-06 
2.193381e-06 
2.193381e-06 
2.193381e-06 
2.193381e-06 
2.193381e-06 
2.193381e-06 
2.193381e-06 
2.193381e-06 
2.193381e-06 
2.193381e-06 
2.193381e-06 
2.193381e-06 
2.193381e-06 
2.193381e-06 
2.193381e-06 
2.193381e-06 
2.193381e-06 
2.193381e-06 
2.193381e-06 
2.193381e-06 
2.197592e-06 
2.226329e-06 
2.317638e-06 
2.384300e-06 
2.468303e-06 
2.542073e-06 
2.620935e-06 
2.702235e-06 
2.785969e-06 
2.877283e-06 
2.971841e-06 
3.071282e-06 
3.176074e-06 
3.286602e-06 
3.403283e-06 
3.526575e-06 
3.656977e-06 
3.795036e-06 
3.941353e-06 
4.096586e-06 
4.261458e-06 
4.436772e-06 
4.623388e-06 
4.821993e-06 
5.034275e-06 
5.256541e-06 
5.498945e-06 
5.713247e-06 
5.989022e-06 
6.285405e-06 
6.604453e-06 
6.948483e-06 
7.320112e-06 
7.722303e-06 
8.158421e-06 
8.632300e-06 
8.918003e-06 
9.458774e-06 
1.005124e-05 
1.070038e-05 
1.141346e-05 
1.219897e-05 
1.306680e-05 
1.402858e-05 
1.559849e-05 
1.685130e-05 
1.825571e-05 
1.983765e-05 
2.162738e-05 
2.366168e-05 
2.598551e-05 
2.865421e-05 
3.227871e-05 
3.595637e-05 
4.026074e-05 
4.533167e-05 
5.170817e-05 
5.914768e-05 
6.806269e-05 
7.866319e-05 
9.133286e-05 
1.063395e-04 
1.238114e-04 
1.436526e-04 
1.655256e-04 
1.890996e-04 
2.139781e-04 
2.397762e-04 
2.662308e-04 
2.931123e-04 
3.200638e-04 
3.478837e-04 
3.759810e-04 
4.021363e-04 
4.307854e-04 
4.593889e-04 
4.876374e-04 
5.150603e-04 
5.301698e-04 
5.551396e-04 
5.773089e-04 
5.883323e-04 
5.898034e-04 
5.899508e-04 
5.899593e-04 
5.899598e-04 
5.899598e-04 
5.899598e-04 
5.899598e-04 
5.899598e-04 
5.899598e-04 
5.899598e-04 
5.899598e-04 
5.899598e-04 
5.899598e-04 
5.899598e-04 
5.899598e-04 
5.899598e-04 
5.899598e-04 
5.899598e-04 
5.899598e-04 
5.899598e-04 
5.899598e-04 
5.899598e-04 
5.899598e-04 
5.899598e-04 
5.899598e-04 
5.899598e-04 
5.899598e-04 
5.899598e-04 
5.899598e-04 
5.899598e-04 
5.899598e-04 
5.899598e-04 
5.899598e-04 
5.899598e-04 
5.899598e-04 
5.899598e-04 
5.899598e-04 
5.899598e-04 
5.899598e-04 
5.899598e-04 
5.899598e-04 
5.899598e-04 
5.899598e-04 
5.899598e-04 
5.899598e-04 
5.899598e-04 
5.899598e-04 
5.899598e-04 
5.899598e-04 
5.899598e-04 
5.899598e-04 
5.899598e-04 
5.899598e-04 
5.899598e-04 
5.899598e-04 
5.899598e-04 
5.899598e-04 
5.899598e-04 
5.899598e-04 
5.899598e-04 
5.899598e-04 
5.899598e-04 
5.899598e-04 
5.899598e-04 
5.899598e-04 
5.899598e-04 
5.899598e-04 
5.899598e-04 
5.899598e-04 
5.899598e-04 
5.899598e-04 
5.899598e-04 
5.899598e-04 
5.899598e-04 
5.899598e-04 
5.899598e-04 
5.899598e-04 
5.899598e-04 
5.899598e-04 
5.899598e-04 
5.899598e-04 
5.899598e-04 
5.899598e-04 
5.899598e-04 
5.899598e-04 
5.899598e-04 
5.899598e-04 
5.899598e-04 
5.899598e-04 
5.899598e-04 
5.899598e-04 
5.899598e-04 
5.899598e-04 
5.899598e-04 
5.899598e-04 
5.899598e-04 
5.899598e-04 
5.899598e-04 
5.899598e-04 
5.899598e-04 
5.899598e-04 
5.899598e-04 
5.899598e-04 
5.899598e-04 
5.899598e-04 
5.899598e-04 
5.899598e-04 
5.899598e-04 
5.899598e-04 
5.899598e-04 
5.899598e-04 
5.899598e-04 
5.899598e-04 
5.899598e-04 
5.899598e-04 
5.899598e-04 
5.899598e-04 
5.899598e-04 
5.899598e-04 
5.899598e-04 
5.899598e-04 
5.899598e-04 
5.899598e-04 
5.899598e-04 
5.899598e-04 
5.899598e-04 
5.899598e-04 
5.899598e-04 
5.899598e-04 
5.899598e-04 
5.899598e-04 
5.899598e-04 
5.899598e-04 
5.899598e-04 
5.899598e-04 
5.899598e-04 
5.899598e-04 
5.899598e-04 
5.899598e-04 
5.899598e-04 
5.899598e-04 
5.899598e-04 
5.899598e-04 
5.899598e-04 
5.899598e-04 
5.899598e-04 
5.899598e-04 
5.899598e-04 
5.899598e-04 
5.899598e-04 
5.899598e-04 
5.899598e-04 
5.899598e-04 
5.899598e-04 
5.899598e-04 
5.899598e-04 
5.899598e-04 
5.899598e-04 
5.899598e-04 
5.899598e-04 
5.899598e-04 
5.899598e-04 
5.899598e-04 
5.899598e-04 
5.899598e-04 
5.899598e-04 
5.899598e-04 
5.899598e-04 
5.944080e-04 
6.157770e-04 
6.386155e-04 
6.625372e-04 
6.877931e-04 
7.143592e-04 
7.424795e-04 
7.720179e-04 
8.029591e-04 
7.956746e-04 
8.302518e-04 
8.671868e-04 
9.066138e-04 
9.487245e-04 
9.937579e-04 
1.041966e-03 
1.093637e-03 
1.149090e-03 
1.208666e-03 
1.272674e-03 
1.341511e-03 
1.415654e-03 
1.495643e-03 
1.582083e-03 
1.675646e-03 
1.777082e-03 
1.887276e-03 
2.007106e-03 
2.137817e-03 
2.280591e-03 
2.436856e-03 
2.607517e-03 
2.795808e-03 
3.003242e-03 
3.232310e-03 
3.485901e-03 
3.767375e-03 
4.080655e-03 
4.417229e-03 
4.806506e-03 
5.243610e-03 
5.757110e-03 
6.292725e-03 
6.924164e-03 
7.643584e-03 
8.466522e-03 
9.412056e-03 
1.056585e-02 
1.184627e-02 
1.334114e-02 
1.509673e-02 
1.717146e-02 
1.963977e-02 
2.266443e-02 
2.625881e-02 
3.063790e-02 
3.607634e-02 
4.277470e-02 
5.122351e-02 
6.186085e-02 
7.538859e-02 
9.266288e-02 
1.146859e-01 
1.424700e-01 
1.767641e-01 
2.176907e-01 
2.645438e-01 
3.159567e-01 
3.702766e-01 
4.260989e-01 
4.823415e-01 
5.381317e-01 
5.930168e-01 
6.465490e-01 
6.984560e-01 
7.483545e-01 
7.958292e-01 
8.403398e-01 
8.811956e-01 
9.175527e-01 
9.484466e-01 
9.542854e-01 
9.542856e-01 
9.542856e-01 
9.542856e-01 
9.542856e-01 
9.542856e-01 
9.542856e-01 
9.542856e-01 
9.542856e-01 
9.542856e-01 
9.542856e-01 
9.542856e-01 
9.542856e-01 
9.542856e-01 
9.542856e-01 
9.542856e-01 
9.542856e-01 
9.542856e-01 
9.542856e-01 
9.542856e-01 
9.542856e-01 
9.542856e-01 
9.542856e-01 
9.542856e-01 
9.542856e-01 
9.542856e-01 
9.542856e-01 
9.542856e-01 
9.542856e-01 
9.542856e-01 
9.542856e-01 
9.542856e-01 
9.542856e-01 
9.542856e-01 
9.542856e-01 
9.542856e-01 
9.542856e-01 
9.542856e-01 
9.542856e-01 
9.542856e-01 
9.542856e-01 
9.542856e-01 
9.542856e-01 
9.542856e-01 
9.542856e-01 
9.542856e-01 
9.542856e-01 
9.542856e-01 
9.542856e-01 
9.542856e-01 
9.542856e-01 
9.542856e-01 
9.542856e-01 
9.542856e-01 
9.542856e-01 
9.542856e-01 
9.542856e-01 
9.542856e-01 
9.542856e-01 
9.542856e-01 
9.542856e-01 
9.542856e-01 
9.542856e-01 
9.542856e-01 
9.542856e-01 
9.542856e-01 
9.542856e-01 
9.542856e-01 
9.542856e-01 
9.542856e-01 
9.542856e-01 
9.542856e-01 
9.542856e-01 
9.542856e-01 
9.542856e-01 
9.542856e-01 
9.542856e-01 
9.542856e-01 
9.542856e-01 
9.542856e-01 
9.542856e-01 
9.542856e-01 
9.542856e-01 
9.542856e-01 
9.542856e-01 
9.542856e-01 
9.542856e-01 
9.542856e-01 
9.542856e-01 
9.542856e-01 
9.542856e-01 
9.542856e-01 
9.542856e-01 
9.542856e-01 
9.542856e-01 
9.542856e-01 
9.542856e-01 
9.542856e-01 
9.542856e-01 
9.542856e-01 
9.542856e-01 
9.542856e-01 
9.542856e-01 
9.542856e-01 
9.542856e-01 
9.542856e-01 
9.542856e-01 
9.542856e-01 
9.542856e-01 
9.542856e-01 
9.542856e-01 
9.542856e-01 
9.542856e-01 
9.542856e-01 
9.542856e-01 
9.542856e-01 
9.542856e-01 
9.542856e-01 
9.542856e-01 
9.542856e-01 
9.542856e-01 
9.542856e-01 
9.542856e-01 
9.542856e-01 
9.542856e-01 
9.542856e-01 
9.542856e-01 
9.542856e-01 
9.542856e-01 
9.542856e-01 
9.542856e-01 
9.542856e-01 
9.542856e-01 
9.542856e-01 
9.542856e-01 
9.542856e-01 
9.542856e-01 
9.542856e-01 
9.542856e-01 
9.542856e-01 
9.542856e-01 
9.542856e-01 
9.542856e-01 
9.542856e-01 
9.542856e-01 
9.542856e-01 
9.542856e-01 
9.542856e-01 
9.542856e-01 
9.542856e-01 
9.542856e-01 
9.542856e-01 
9.542856e-01 
9.542856e-01 
9.542856e-01 
9.542856e-01 
9.542856e-01 
9.542856e-01 
9.542856e-01 
9.542856e-01 
9.542856e-01 
9.542856e-01 
9.542856e-01 
9.542856e-01 
9.542856e-01 
9.542856e-01 
9.542856e-01 
9.542856e-01 
9.542856e-01 
9.542846e-01 
9.542801e-01 
9.542764e-01 
9.542734e-01 
9.542710e-01 
9.542688e-01 
9.542669e-01 
9.542652e-01 
9.542637e-01 
9.542622e-01 
9.542608e-01 
9.542595e-01 
9.542582e-01 
9.542570e-01 
9.542557e-01 
9.542545e-01 
9.542533e-01 
9.542521e-01 
9.542508e-01 
9.542496e-01 
9.542484e-01 
9.542473e-01 
9.542462e-01 
9.542453e-01 
9.542444e-01 
9.542436e-01 
9.542428e-01 
9.542422e-01 
9.542415e-01 
9.542410e-01 
9.542405e-01 
9.542400e-01 
9.542396e-01 
9.542392e-01 
9.542388e-01 
9.542384e-01 
9.542381e-01 
9.542378e-01 
9.542376e-01 
9.542373e-01 
9.542371e-01 
9.542368e-01 
9.542366e-01 
9.542364e-01 
9.542362e-01 
9.542360e-01 
9.542358e-01 
9.542357e-01 
9.542355e-01 
9.542354e-01 
9.542352e-01 
9.542351e-01 
9.542350e-01 
9.542348e-01 
9.542347e-01 
9.542346e-01 
9.542345e-01 
9.542344e-01 
9.542343e-01 
9.542342e-01 
9.542341e-01 
9.542340e-01 
9.542339e-01 
9.542339e-01 
9.542338e-01 
9.542337e-01 
9.542336e-01 
9.542336e-01 
9.542335e-01 
9.542334e-01 
9.542334e-01 
9.542333e-01 
9.542332e-01 
9.542332e-01 
9.542331e-01 
9.542331e-01 
9.542330e-01 
9.542330e-01 
9.542329e-01 
9.542329e-01 
9.542328e-01 
9.542328e-01 
9.542328e-01 
9.542328e-01 
9.542328e-01 
9.542328e-01 
9.542328e-01 
9.542328e-01 
9.542328e-01 
9.542328e-01 
9.542328e-01 
9.542328e-01 
9.542328e-01 
9.542328e-01 
9.542328e-01 
9.542328e-01 
9.542328e-01 
9.542328e-01 
9.542328e-01 
9.542328e-01 
9.542328e-01 
9.542328e-01 
9.542328e-01 
9.542328e-01 
9.542328e-01 
9.542328e-01 
9.542328e-01 
9.542328e-01 
9.542328e-01 
9.542328e-01 
9.542328e-01 
9.542328e-01 
9.542328e-01 
9.542328e-01 
9.542328e-01 
9.542328e-01 
9.542328e-01 
9.542328e-01 
9.542328e-01 
9.542328e-01 
9.542328e-01 
9.542328e-01 
9.542328e-01 
9.542328e-01 
9.542328e-01 
9.542328e-01 
9.542328e-01 
9.542328e-01 
9.542328e-01 
9.542328e-01 
9.542328e-01 
9.542328e-01 
9.542328e-01 
9.542328e-01 
9.542328e-01 
9.542328e-01 
9.542328e-01 
9.542328e-01 
9.542328e-01 
9.542328e-01 
9.542328e-01 
9.542328e-01 
9.542328e-01 
9.542328e-01 
9.542328e-01 
9.542328e-01 
9.542328e-01 
9.542328e-01 
9.542328e-01 
9.542328e-01 
9.542328e-01 
9.542328e-01 
9.542328e-01 
9.542328e-01 
9.542328e-01 
9.542328e-01 
9.542328e-01 
9.542328e-01 
9.542328e-01 
9.542328e-01 
9.542328e-01 
9.542328e-01 
9.542328e-01 
9.542328e-01 
9.542328e-01 
9.542328e-01 
9.542328e-01 
9.542328e-01 
9.542328e-01 
9.542328e-01 
9.542328e-01 
9.542328e-01 
9.542328e-01 
9.542328e-01 
9.542328e-01 
9.542328e-01 
9.542328e-01 
9.542328e-01 
9.542328e-01 
9.542328e-01 
9.542328e-01 
9.542328e-01 
9.542328e-01 
9.542328e-01 
9.542328e-01 
9.542328e-01 
9.542328e-01 
9.542328e-01 
9.542328e-01 
9.542328e-01 
9.542328e-01 
9.542328e-01 
9.542328e-01 
9.542328e-01 
9.542328e-01 
9.542328e-01 
9.542328e-01 
9.542328e-01 
9.542328e-01 
9.542328e-01 
9.542328e-01 
9.542328e-01 
9.542328e-01 
9.542328e-01 
9.542328e-01 
9.542328e-01 
9.542328e-01 
9.542328e-01 
9.542328e-01 
9.542328e-01 
9.542328e-01 
9.542328e-01 
9.542328e-01 
9.542328e-01 
9.542328e-01 
9.542328e-01 
9.542328e-01 
9.542328e-01 
9.542328e-01 
9.542328e-01 
9.542328e-01 
9.542328e-01 
9.542328e-01 
9.542328e-01 
9.542328e-01 
9.542328e-01 
9.542328e-01 
9.542328e-01 
9.542328e-01 
9.542328e-01 
9.542328e-01 
9.542328e-01 
9.542328e-01 
9.542328e-01 
9.542328e-01 
9.542328e-01 
9.542328e-01 
9.542328e-01 
9.542328e-01 
9.542328e-01 
9.542328e-01 
9.542328e-01 
9.542328e-01 
9.542328e-01 
9.542328e-01 
9.542328e-01 
9.542328e-01 
9.542328e-01 
9.542328e-01 
9.542328e-01 
9.483847e-01 
9.174308e-01 
8.809672e-01 
8.399172e-01 
7.950544e-01 
7.469432e-01 
6.959013e-01 
6.420010e-01 
5.850034e-01 
5.242852e-01 
4.586234e-01 
3.856208e-01 
3.001325e-01 
1.881928e-01 
2.811939e-02 
7.403261e-03 
2.220623e-03 
1.247825e-03 
8.505527e-04 
6.158943e-04 
4.645596e-04 
3.611235e-04 
2.873880e-04 
2.330731e-04 
1.919511e-04 
1.602170e-04 
1.350912e-04 
1.152130e-04 
9.893600e-05 
8.590270e-05 
7.482492e-05 
6.559008e-05 
5.782736e-05 
5.163181e-05 
4.595346e-05 
4.108038e-05 
3.687758e-05 
3.323305e-05 
3.005667e-05 
2.727535e-05 
2.482935e-05 
2.266953e-05 
2.075517e-05 
1.905234e-05 
1.753261e-05 
1.617203e-05 
1.495031e-05 
1.385019e-05 
1.285696e-05 
1.193503e-05 
1.112255e-05 
1.038356e-05 
9.710010e-06 
9.094126e-06 
8.531463e-06 
8.015640e-06 
7.542091e-06 
7.106145e-06 
6.703672e-06 
6.330051e-06 
5.976948e-06 
5.614798e-06 
5.164537e-06 
4.290263e-06 
3.105012e-06 
2.005480e-06 
1.036031e-06 
1.880467e-07 
-5.407913e-07 
-1.185400e-06 
-1.760684e-06 
-2.244162e-06 
-2.657297e-06 
-2.987108e-06 
-3.287561e-06 
-3.478043e-06 
-3.679761e-06 
-3.831649e-06 
-3.840899e-06 
-3.916432e-06 
-3.948236e-06 
-4.012459e-06 
-4.023678e-06 
-4.027320e-06 
-4.027810e-06 
-4.027851e-06 
-4.027854e-06 
-4.027854e-06 
-4.027854e-06 
-4.027854e-06 
-4.027854e-06 
-4.027854e-06 
-4.027854e-06 
-4.027854e-06 
-4.027854e-06 
-4.027854e-06 
-4.027854e-06 
-4.027854e-06 
-4.027854e-06 
-4.027854e-06 
-4.027854e-06 
-4.027854e-06 
-4.027854e-06 
-4.027854e-06 
-4.027854e-06 
-4.027854e-06 
-4.027854e-06 
-4.027854e-06 
-4.027854e-06 
-4.027854e-06 
-4.027854e-06 
-4.027854e-06 
-4.027854e-06 
-4.027854e-06 
-4.027854e-06 
-4.027854e-06 
-4.027854e-06 
-4.027854e-06 
-4.027854e-06 
-4.027854e-06 
-4.027854e-06 
-4.027854e-06 
-4.027854e-06 
-4.027854e-06 
-4.027854e-06 
-4.027854e-06 
-4.027854e-06 
-4.027854e-06 
-4.027854e-06 
-4.027854e-06 
-4.027854e-06 
-4.027854e-06 
-4.027854e-06 
-4.027854e-06 
-4.027854e-06 
-4.027854e-06 
-4.027854e-06 
-4.027854e-06 
-4.027854e-06 
-4.027854e-06 
-4.027854e-06 
-4.027854e-06 
-4.027854e-06 
-4.027854e-06 
-4.027854e-06 
-4.027854e-06 
-4.027854e-06 
-4.027854e-06 
-4.027854e-06 
-4.027854e-06 
-4.027854e-06 
-4.027854e-06 
-4.027854e-06 
-4.027854e-06 
-4.027854e-06 
-4.027854e-06 
-4.027854e-06 
-4.027854e-06 
-4.027854e-06 
-4.027854e-06 
-4.027854e-06 
-4.027854e-06 
-4.027854e-06 
-4.027854e-06 
-4.027854e-06 
-4.027854e-06 
-4.027854e-06 
-4.027854e-06 
-4.027854e-06 
-4.027854e-06 
-4.027854e-06 
-4.027854e-06 
-4.027854e-06 
-4.027854e-06 
-4.027854e-06 
-4.027854e-06 
-4.027854e-06 
-4.027854e-06 
-4.027854e-06 
-4.027854e-06 
-4.027854e-06 
-4.027854e-06 
-4.027854e-06 
-4.027854e-06 
-4.027854e-06 
-4.027854e-06 
-4.027854e-06 
-4.027854e-06 
-4.027854e-06 
-4.027854e-06 
-4.027854e-06 
-4.027854e-06 
-4.027854e-06 
-4.027854e-06 
-4.027854e-06 
-4.027854e-06 
-4.027854e-06 
-4.027854e-06 
-4.027854e-06 
-4.027854e-06 
-4.027854e-06 
-4.027854e-06 
-4.027854e-06 
-4.027854e-06 
-4.027854e-06 
-4.027854e-06 
-4.027854e-06 
-4.027854e-06 
-4.027854e-06 
-4.027854e-06 
-4.027854e-06 
-4.027854e-06 
-4.027854e-06 
-4.027854e-06 
-4.027854e-06 
-4.027854e-06 
-4.027854e-06 
-4.027854e-06 
-4.027854e-06 
-4.027854e-06 
-4.027854e-06 
-4.027854e-06 
-4.027854e-06 
-4.027854e-06 
-4.027854e-06 
-4.027854e-06 
-4.027854e-06 
-4.027854e-06 
-4.027854e-06 
-4.027854e-06 
-4.027854e-06 
-4.027854e-06 
-4.027854e-06 
-4.027854e-06 
-4.027854e-06 
-4.027854e-06 
-4.027854e-06 
-4.027854e-06 
-4.027854e-06 
-4.027854e-06 
-4.027854e-06 
-4.027854e-06 
-4.027854e-06 
-4.027854e-06 
-4.027854e-06 
-4.027854e-06 
-4.027854e-06 
-4.027854e-06 
-4.027854e-06 
-4.027854e-06 
-4.020509e-06 
-3.980401e-06 
-3.895033e-06 
-3.828018e-06 
-3.756666e-06 
-3.677029e-06 
-3.595724e-06 
-3.508817e-06 
-3.415999e-06 
-3.316948e-06 
-3.211038e-06 
-3.097751e-06 
-2.976488e-06 
-2.846591e-06 
-2.707333e-06 
-2.557918e-06 
-2.397470e-06 
-2.225022e-06 
-2.039507e-06 
-1.839747e-06 
-1.624437e-06 
-1.392131e-06 
-1.141214e-06 
-8.699474e-07 
-5.762912e-07 
-2.602211e-07 
8.471270e-08 
4.228951e-07 
8.263869e-07 
1.265750e-06 
1.744842e-06 
2.268007e-06 
2.840152e-06 
3.466831e-06 
4.154337e-06 
4.909816e-06 
5.369755e-06 
6.246526e-06 
7.215528e-06 
8.287035e-06 
9.474090e-06 
1.079163e-05 
1.225678e-05 
1.388918e-05 
1.571132e-05 
1.871900e-05 
2.112120e-05 
2.381680e-05 
2.684747e-05 
3.025859e-05 
3.410083e-05 
3.843006e-05 
4.330695e-05 
4.962446e-05 
5.589123e-05 
6.315174e-05 
7.101055e-05 
7.983341e-05 
8.951831e-05 
1.001736e-04 
1.118183e-04 
1.244377e-04 
1.379586e-04 
1.522218e-04 
1.670757e-04 
1.825239e-04 
1.986023e-04 
2.153718e-04 
2.329200e-04 
2.513628e-04 
2.707996e-04 
2.915248e-04 
3.128429e-04 
3.366388e-04 
3.622914e-04 
3.899775e-04 
4.197620e-04 
4.514901e-04 
4.846350e-04 
5.181159e-04 
5.501478e-04 
5.544852e-04 
5.573203e-04 
5.574903e-04 
5.575001e-04 
5.575006e-04 
5.575007e-04 
5.575007e-04 
5.575007e-04 
5.575007e-04 
5.575007e-04 
5.575007e-04 
5.575007e-04 
5.575007e-04 
5.575007e-04 
5.575007e-04 
5.575007e-04 
5.575007e-04 
5.575007e-04 
5.575007e-04 
5.575007e-04 
5.575007e-04 
5.575007e-04 
5.575007e-04 
5.575007e-04 
5.575007e-04 
5.575007e-04 
5.575007e-04 
5.575007e-04 
5.575007e-04 
5.575007e-04 
5.575007e-04 
5.575007e-04 
5.575007e-04 
5.575007e-04 
5.575007e-04 
5.575007e-04 
5.575007e-04 
5.575007e-04 
5.575007e-04 
5.575007e-04 
5.575007e-04 
5.575007e-04 
5.575007e-04 
5.575007e-04 
5.575007e-04 
5.575007e-04 
5.575007e-04 
5.575007e-04 
5.575007e-04 
5.575007e-04 
5.575007e-04 
5.575007e-04 
5.575007e-04 
5.575007e-04 
5.575007e-04 
5.575007e-04 
5.575007e-04 
5.575007e-04 
5.575007e-04 
5.575007e-04 
5.575007e-04 
5.575007e-04 
5.575007e-04 
5.575007e-04 
5.575007e-04 
5.575007e-04 
5.575007e-04 
5.575007e-04 
5.575007e-04 
5.575007e-04 
5.575007e-04 
5.575007e-04 
5.575007e-04 
5.575007e-04 
5.575007e-04 
5.575007e-04 
5.575007e-04 
5.575007e-04 
5.575007e-04 
5.575007e-04 
5.575007e-04 
5.575007e-04 
5.575007e-04 
5.575007e-04 
5.575007e-04 
5.575007e-04 
5.575007e-04 
5.575007e-04 
5.575007e-04 
5.575007e-04 
5.575007e-04 
5.575007e-04 
5.575007e-04 
5.575007e-04 
5.575007e-04 
5.575007e-04 
5.575007e-04 
5.575007e-04 
5.575007e-04 
5.575007e-04 
5.575007e-04 
5.575007e-04 
5.575007e-04 
5.575007e-04 
5.575007e-04 
5.575007e-04 
5.575007e-04 
5.575007e-04 
5.575007e-04 
5.575007e-04 
5.575007e-04 
5.575007e-04 
5.575007e-04 
5.575007e-04 
5.575007e-04 
5.575007e-04 
5.575007e-04 
5.575007e-04 
5.575007e-04 
5.575007e-04 
5.575007e-04 
5.575007e-04 
5.575007e-04 
5.575007e-04 
5.575007e-04 
5.575007e-04 
5.575007e-04 
5.575007e-04 
5.575007e-04 
5.575007e-04 
5.575007e-04 
5.575007e-04 
5.575007e-04 
5.575007e-04 
5.575007e-04 
5.575007e-04 
5.575007e-04 
5.575007e-04 
5.575007e-04 
5.575007e-04 
5.575007e-04 
5.575007e-04 
5.575007e-04 
5.575007e-04 
5.575007e-04 
5.575007e-04 
5.575007e-04 
5.575007e-04 
5.575007e-04 
5.575007e-04 
5.575007e-04 
5.575007e-04 
5.575007e-04 
5.575007e-04 
5.575007e-04 
5.575007e-04 
5.575007e-04 
5.575007e-04 
5.575007e-04 
5.575007e-04 
5.575007e-04 
5.575007e-04 
5.575007e-04 
5.575007e-04 
5.575007e-04 
5.575007e-04 
5.575007e-04 
5.575007e-04 
5.575007e-04 
5.616956e-04 
5.818853e-04 
6.034436e-04 
6.265792e-04 
6.507541e-04 
6.763689e-04 
7.035797e-04 
7.324241e-04 
7.630661e-04 
7.956523e-04 
8.303413e-04 
8.673069e-04 
9.067405e-04 
9.488536e-04 
9.938800e-04 
1.042078e-03 
1.093737e-03 
1.149178e-03 
1.208740e-03 
1.272734e-03 
1.341561e-03 
1.415698e-03 
1.495682e-03 
1.582119e-03 
1.675679e-03 
1.777113e-03 
1.887305e-03 
2.007134e-03 
2.137844e-03 
2.280617e-03 
2.436881e-03 
2.607542e-03 
2.795832e-03 
3.003266e-03 
3.232334e-03 
3.485925e-03 
3.767399e-03 
4.080680e-03 
4.417254e-03 
4.806531e-03
#[#TRACE_DATA]
#[#TRACE]
