#[TRACE]
#data_labels=Output
#[TRACE_DATA]
5.261618e-03 
5.736204e-03 
6.292727e-03 
6.924292e-03 
7.643727e-03 
8.466655e-03 
9.463358e-03 
1.056600e-02 
1.184634e-02 
1.334125e-02 
1.509679e-02 
1.717142e-02 
1.963980e-02 
2.266452e-02 
2.625890e-02 
3.063801e-02 
3.607656e-02 
4.277441e-02 
5.122316e-02 
6.186074e-02 
7.538892e-02 
9.266365e-02 
1.146868e-01 
1.424688e-01 
1.767639e-01 
2.176913e-01 
2.645447e-01 
3.159348e-01 
3.702747e-01 
4.260941e-01 
4.823370e-01 
5.381298e-01 
5.930160e-01 
6.465489e-01 
6.984562e-01 
7.483518e-01 
7.958277e-01 
8.403386e-01 
8.811943e-01 
9.175531e-01 
9.484475e-01 
9.542856e-01 
9.542856e-01 
9.542856e-01 
9.542856e-01 
9.542856e-01 
9.542856e-01 
9.542856e-01 
9.542856e-01 
9.542856e-01 
9.542856e-01 
9.542856e-01 
9.542856e-01 
9.542856e-01 
9.542856e-01 
9.542856e-01 
9.542856e-01 
9.542856e-01 
9.542856e-01 
9.542856e-01 
9.542856e-01 
9.542856e-01 
9.542856e-01 
9.542856e-01 
9.542856e-01 
9.542856e-01 
9.542856e-01 
9.542856e-01 
9.542856e-01 
9.542856e-01 
9.542856e-01 
9.542856e-01 
9.542856e-01 
9.542856e-01 
9.542856e-01 
9.542856e-01 
9.542856e-01 
9.542856e-01 
9.542856e-01 
9.542856e-01 
9.542856e-01 
9.542856e-01 
9.542856e-01 
9.542856e-01 
9.542856e-01 
9.542856e-01 
9.542856e-01 
9.542856e-01 
9.542856e-01 
9.542856e-01 
9.542856e-01 
9.542856e-01 
9.542856e-01 
9.542856e-01 
9.542856e-01 
9.542856e-01 
9.542856e-01 
9.542856e-01 
9.542856e-01 
9.542856e-01 
9.542856e-01 
9.542856e-01 
9.542856e-01 
9.542856e-01 
9.542856e-01 
9.542856e-01 
9.542856e-01 
9.542856e-01 
9.542856e-01 
9.542856e-01 
9.542856e-01 
9.542856e-01 
9.542856e-01 
9.542856e-01 
9.542856e-01 
9.542856e-01 
9.542856e-01 
9.542856e-01 
9.542856e-01 
9.542856e-01 
9.542856e-01 
9.542856e-01 
9.542856e-01 
9.542856e-01 
9.542856e-01 
9.542856e-01 
9.542856e-01 
9.542856e-01 
9.542856e-01 
9.542856e-01 
9.542856e-01 
9.542856e-01 
9.542856e-01 
9.542856e-01 
9.542856e-01 
9.542856e-01 
9.542856e-01 
9.542856e-01 
9.542856e-01 
9.542856e-01 
9.542856e-01 
9.542856e-01 
9.542856e-01 
9.542856e-01 
9.542856e-01 
9.542856e-01 
9.542856e-01 
9.542856e-01 
9.542856e-01 
9.542856e-01 
9.542856e-01 
9.542856e-01 
9.542856e-01 
9.542856e-01 
9.542856e-01 
9.542856e-01 
9.542856e-01 
9.542856e-01 
9.542856e-01 
9.542856e-01 
9.542856e-01 
9.542856e-01 
9.542856e-01 
9.542856e-01 
9.542856e-01 
9.542856e-01 
9.542856e-01 
9.542856e-01 
9.542856e-01 
9.542856e-01 
9.542856e-01 
9.542856e-01 
9.542856e-01 
9.542856e-01 
9.542856e-01 
9.542856e-01 
9.542856e-01 
9.542856e-01 
9.542856e-01 
9.542856e-01 
9.542856e-01 
9.542856e-01 
9.542856e-01 
9.542856e-01 
9.542856e-01 
9.542856e-01 
9.542856e-01 
9.542856e-01 
9.542856e-01 
9.542856e-01 
9.542856e-01 
9.542856e-01 
9.542856e-01 
9.542856e-01 
9.542856e-01 
9.542856e-01 
9.542856e-01 
9.542856e-01 
9.542856e-01 
9.542856e-01 
9.542856e-01 
9.542856e-01 
9.542856e-01 
9.542856e-01 
9.542856e-01 
9.542856e-01 
9.542856e-01 
9.542856e-01 
9.542856e-01 
9.542856e-01 
9.542845e-01 
9.542800e-01 
9.542763e-01 
9.542734e-01 
9.542709e-01 
9.542687e-01 
9.542669e-01 
9.542652e-01 
9.542637e-01 
9.542622e-01 
9.542609e-01 
9.542595e-01 
9.542582e-01 
9.542570e-01 
9.542558e-01 
9.542545e-01 
9.542533e-01 
9.542521e-01 
9.542509e-01 
9.542496e-01 
9.542484e-01 
9.542473e-01 
9.542463e-01 
9.542453e-01 
9.542444e-01 
9.542436e-01 
9.542428e-01 
9.542421e-01 
9.542416e-01 
9.542410e-01 
9.542405e-01 
9.542400e-01 
9.542396e-01 
9.542392e-01 
9.542388e-01 
9.542384e-01 
9.542382e-01 
9.542378e-01 
9.542376e-01 
9.542373e-01 
9.542370e-01 
9.542369e-01 
9.542366e-01 
9.542363e-01 
9.542362e-01 
9.542360e-01 
9.542358e-01 
9.542357e-01 
9.542355e-01 
9.542354e-01 
9.542353e-01 
9.542351e-01 
9.542350e-01 
9.542348e-01 
9.542347e-01 
9.542345e-01 
9.542345e-01 
9.542344e-01 
9.542343e-01 
9.542342e-01 
9.542341e-01 
9.542340e-01 
9.542339e-01 
9.542339e-01 
9.542338e-01 
9.542337e-01 
9.542336e-01 
9.542335e-01 
9.542335e-01 
9.542335e-01 
9.542333e-01 
9.542333e-01 
9.542332e-01 
9.542332e-01 
9.542331e-01 
9.542331e-01 
9.542331e-01 
9.542330e-01 
9.542329e-01 
9.542329e-01 
9.542329e-01 
9.542328e-01 
9.542328e-01 
9.542328e-01 
9.542328e-01 
9.542328e-01 
9.542328e-01 
9.542328e-01 
9.542328e-01 
9.542328e-01 
9.542328e-01 
9.542328e-01 
9.542328e-01 
9.542328e-01 
9.542328e-01 
9.542328e-01 
9.542328e-01 
9.542328e-01 
9.542328e-01 
9.542328e-01 
9.542328e-01 
9.542328e-01 
9.542328e-01 
9.542328e-01 
9.542328e-01 
9.542328e-01 
9.542328e-01 
9.542328e-01 
9.542328e-01 
9.542328e-01 
9.542328e-01 
9.542328e-01 
9.542328e-01 
9.542328e-01 
9.542328e-01 
9.542328e-01 
9.542328e-01 
9.542328e-01 
9.542328e-01 
9.542328e-01 
9.542328e-01 
9.542328e-01 
9.542328e-01 
9.542328e-01 
9.542328e-01 
9.542328e-01 
9.542328e-01 
9.542328e-01 
9.542328e-01 
9.542328e-01 
9.542328e-01 
9.542328e-01 
9.542328e-01 
9.542328e-01 
9.542328e-01 
9.542328e-01 
9.542328e-01 
9.542328e-01 
9.542328e-01 
9.542328e-01 
9.542328e-01 
9.542328e-01 
9.542328e-01 
9.542328e-01 
9.542328e-01 
9.542328e-01 
9.542328e-01 
9.542328e-01 
9.542328e-01 
9.542328e-01 
9.542328e-01 
9.542328e-01 
9.542328e-01 
9.542328e-01 
9.542328e-01 
9.542328e-01 
9.542328e-01 
9.542328e-01 
9.542328e-01 
9.542328e-01 
9.542328e-01 
9.542328e-01 
9.542328e-01 
9.542328e-01 
9.542328e-01 
9.542328e-01 
9.542328e-01 
9.542328e-01 
9.542328e-01 
9.542328e-01 
9.542328e-01 
9.542328e-01 
9.542328e-01 
9.542328e-01 
9.542328e-01 
9.542328e-01 
9.542328e-01 
9.542328e-01 
9.542328e-01 
9.542328e-01 
9.542328e-01 
9.542328e-01 
9.542328e-01 
9.542328e-01 
9.542328e-01 
9.542328e-01 
9.542328e-01 
9.542328e-01 
9.542328e-01 
9.542328e-01 
9.542328e-01 
9.542328e-01 
9.542328e-01 
9.542328e-01 
9.542328e-01 
9.542328e-01 
9.542328e-01 
9.542328e-01 
9.542328e-01 
9.542328e-01 
9.542328e-01 
9.542328e-01 
9.542328e-01 
9.542328e-01 
9.542328e-01 
9.542328e-01 
9.542328e-01 
9.542328e-01 
9.542328e-01 
9.542328e-01 
9.542328e-01 
9.542328e-01 
9.542328e-01 
9.542328e-01 
9.542328e-01 
9.542328e-01 
9.542328e-01 
9.542328e-01 
9.542328e-01 
9.542328e-01 
9.542328e-01 
9.542328e-01 
9.542328e-01 
9.542328e-01 
9.542328e-01 
9.542328e-01 
9.542328e-01 
9.542328e-01 
9.542328e-01 
9.542328e-01 
9.542328e-01 
9.542328e-01 
9.542328e-01 
9.542328e-01 
9.542328e-01 
9.542328e-01 
9.542328e-01 
9.542328e-01 
9.542328e-01 
9.542328e-01 
9.542328e-01 
9.542328e-01 
9.542328e-01 
9.542328e-01 
9.542328e-01 
9.542328e-01 
9.542328e-01 
9.542328e-01 
9.542328e-01 
9.542328e-01 
9.483857e-01 
9.174342e-01 
8.809662e-01 
8.399200e-01 
7.950613e-01 
7.469449e-01 
6.959216e-01 
6.420097e-01 
5.850077e-01 
5.242924e-01 
4.586240e-01 
3.856255e-01 
3.001319e-01 
1.884924e-01 
2.813482e-02 
7.405709e-03 
2.220816e-03 
1.247818e-03 
8.505641e-04 
6.158891e-04 
4.645617e-04 
3.611301e-04 
2.873855e-04 
2.330752e-04 
1.919501e-04 
1.602174e-04 
1.353571e-04 
1.152144e-04 
9.932501e-05 
8.590538e-05 
7.482580e-05 
6.559012e-05 
5.782790e-05 
5.163379e-05 
4.595490e-05 
4.108208e-05 
3.687870e-05 
3.323435e-05 
3.005807e-05 
2.727654e-05 
2.483056e-05 
2.267058e-05 
2.075635e-05 
1.905334e-05 
1.753370e-05 
1.617312e-05 
1.495131e-05 
1.385124e-05 
1.283072e-05 
1.193548e-05 
1.112304e-05 
1.038402e-05 
9.710520e-06 
9.094447e-06 
8.531945e-06 
8.016309e-06 
7.543188e-06 
7.108268e-06 
6.707957e-06 
6.339438e-06 
6.000337e-06 
5.689036e-06 
5.406500e-06 
5.132343e-06 
4.841681e-06 
4.579827e-06 
4.335930e-06 
4.109347e-06 
3.899130e-06 
3.703288e-06 
3.519515e-06 
3.348860e-06 
3.189200e-06 
3.039392e-06 
2.898906e-06 
2.766255e-06 
2.642109e-06 
2.525159e-06 
2.414997e-06 
2.311232e-06 
2.213644e-06 
2.193131e-06 
2.193391e-06 
2.193390e-06 
2.193382e-06 
2.193382e-06 
2.193382e-06 
2.193382e-06 
2.193382e-06 
2.193382e-06 
2.193382e-06 
2.193382e-06 
2.193382e-06 
2.193382e-06 
2.193382e-06 
2.193382e-06 
2.193382e-06 
2.193382e-06 
2.193382e-06 
2.193382e-06 
2.193382e-06 
2.193382e-06 
2.193382e-06 
2.193382e-06 
2.193382e-06 
2.193382e-06 
2.193382e-06 
2.193382e-06 
2.193382e-06 
2.193382e-06 
2.193382e-06 
2.193382e-06 
2.193382e-06 
2.193382e-06 
2.193382e-06 
2.193382e-06 
2.193382e-06 
2.193382e-06 
2.193382e-06 
2.193382e-06 
2.193382e-06 
2.193382e-06 
2.193382e-06 
2.193382e-06 
2.193382e-06 
2.193382e-06 
2.193382e-06 
2.193382e-06 
2.193382e-06 
2.193382e-06 
2.193382e-06 
2.193382e-06 
2.193382e-06 
2.193382e-06 
2.193382e-06 
2.193382e-06 
2.193382e-06 
2.193382e-06 
2.193382e-06 
2.193382e-06 
2.193382e-06 
2.193382e-06 
2.193382e-06 
2.193382e-06 
2.193382e-06 
2.193382e-06 
2.193382e-06 
2.193382e-06 
2.193382e-06 
2.193382e-06 
2.193382e-06 
2.193382e-06 
2.193382e-06 
2.193382e-06 
2.193382e-06 
2.193382e-06 
2.193382e-06 
2.193382e-06 
2.193382e-06 
2.193382e-06 
2.193382e-06 
2.193382e-06 
2.193382e-06 
2.193382e-06 
2.193382e-06 
2.193382e-06 
2.193382e-06 
2.193382e-06 
2.193382e-06 
2.193382e-06 
2.193382e-06 
2.193382e-06 
2.193382e-06 
2.193382e-06 
2.193382e-06 
2.193382e-06 
2.193382e-06 
2.193382e-06 
2.193382e-06 
2.193382e-06 
2.193382e-06 
2.193382e-06 
2.193382e-06 
2.193382e-06 
2.193382e-06 
2.193382e-06 
2.193382e-06 
2.193382e-06 
2.193382e-06 
2.193382e-06 
2.193382e-06 
2.193382e-06 
2.193382e-06 
2.193382e-06 
2.193382e-06 
2.193382e-06 
2.193382e-06 
2.193382e-06 
2.193382e-06 
2.193382e-06 
2.193382e-06 
2.193382e-06 
2.193382e-06 
2.193382e-06 
2.193382e-06 
2.193382e-06 
2.193382e-06 
2.193382e-06 
2.193382e-06 
2.193382e-06 
2.193382e-06 
2.193382e-06 
2.193382e-06 
2.193382e-06 
2.193382e-06 
2.193382e-06 
2.193382e-06 
2.193382e-06 
2.193382e-06 
2.193382e-06 
2.193382e-06 
2.193382e-06 
2.193382e-06 
2.193382e-06 
2.193382e-06 
2.193382e-06 
2.193382e-06 
2.193382e-06 
2.193382e-06 
2.193382e-06 
2.193382e-06 
2.193382e-06 
2.193382e-06 
2.193382e-06 
2.193382e-06 
2.193382e-06 
2.193382e-06 
2.193382e-06 
2.193382e-06 
2.193382e-06 
2.193382e-06 
2.193382e-06 
2.193382e-06 
2.193382e-06 
2.193382e-06 
2.193382e-06 
2.193382e-06 
2.193382e-06 
2.193382e-06 
2.193382e-06 
2.197581e-06 
2.226284e-06 
2.317629e-06 
2.384294e-06 
2.468294e-06 
2.542070e-06 
2.620935e-06 
2.702238e-06 
2.787516e-06 
2.877384e-06 
2.971844e-06 
3.071279e-06 
3.176079e-06 
3.286600e-06 
3.403274e-06 
3.526575e-06 
3.656970e-06 
3.795021e-06 
3.941330e-06 
4.096571e-06 
4.261435e-06 
4.436737e-06 
4.623374e-06 
4.821958e-06 
5.034255e-06 
5.256507e-06 
5.498888e-06 
5.713248e-06 
5.989019e-06 
6.285435e-06 
6.604477e-06 
6.948535e-06 
7.320160e-06 
7.722333e-06 
8.158493e-06 
8.632359e-06 
8.919135e-06 
9.460085e-06 
1.005268e-05 
1.070201e-05 
1.141533e-05 
1.220110e-05 
1.306923e-05 
1.447884e-05 
1.559987e-05 
1.685187e-05 
1.825650e-05 
1.983856e-05 
2.162862e-05 
2.366319e-05 
2.598719e-05 
2.865645e-05 
3.227936e-05 
3.595767e-05 
4.026230e-05 
4.533418e-05 
5.183879e-05 
5.921556e-05 
6.807011e-05 
7.866193e-05 
9.133253e-05 
1.063387e-04 
1.238087e-04 
1.436517e-04 
1.655235e-04 
1.891011e-04 
2.139763e-04 
2.397773e-04 
2.662298e-04 
2.931090e-04 
3.200632e-04 
3.478818e-04 
3.736173e-04 
4.021327e-04 
4.307793e-04 
4.593852e-04 
4.876321e-04 
5.150575e-04 
5.410133e-04 
5.551436e-04 
5.773059e-04 
5.883313e-04 
5.898033e-04 
5.899507e-04 
5.899593e-04 
5.899597e-04 
5.899598e-04 
5.899597e-04 
5.899598e-04 
5.899597e-04 
5.899598e-04 
5.899597e-04 
5.899598e-04 
5.899597e-04 
5.899598e-04 
5.899597e-04 
5.899598e-04 
5.899597e-04 
5.899598e-04 
5.899597e-04 
5.899598e-04 
5.899597e-04 
5.899598e-04 
5.899597e-04 
5.899598e-04 
5.899597e-04 
5.899598e-04 
5.899597e-04 
5.899598e-04 
5.899597e-04 
5.899598e-04 
5.899597e-04 
5.899598e-04 
5.899597e-04 
5.899598e-04 
5.899597e-04 
5.899598e-04 
5.899597e-04 
5.899598e-04 
5.899597e-04 
5.899598e-04 
5.899597e-04 
5.899598e-04 
5.899597e-04 
5.899598e-04 
5.899597e-04 
5.899598e-04 
5.899597e-04 
5.899598e-04 
5.899597e-04 
5.899598e-04 
5.899597e-04 
5.899598e-04 
5.899597e-04 
5.899598e-04 
5.899597e-04 
5.899598e-04 
5.899597e-04 
5.899598e-04 
5.899597e-04 
5.899598e-04 
5.899597e-04 
5.899598e-04 
5.899597e-04 
5.899598e-04 
5.899597e-04 
5.899598e-04 
5.899597e-04 
5.899598e-04 
5.899597e-04 
5.899598e-04 
5.899597e-04 
5.899598e-04 
5.899597e-04 
5.899598e-04 
5.899597e-04 
5.899598e-04 
5.899597e-04 
5.899598e-04 
5.899597e-04 
5.899598e-04 
5.899597e-04 
5.899598e-04 
5.899597e-04 
5.899598e-04 
5.899597e-04 
5.899598e-04 
5.899597e-04 
5.899598e-04 
5.899597e-04 
5.899598e-04 
5.899597e-04 
5.899598e-04 
5.899597e-04 
5.899598e-04 
5.899597e-04 
5.899598e-04 
5.899597e-04 
5.899598e-04 
5.899597e-04 
5.899598e-04 
5.899597e-04 
5.899598e-04 
5.899597e-04 
5.899598e-04 
5.899597e-04 
5.899598e-04 
5.899597e-04 
5.899598e-04 
5.899597e-04 
5.899598e-04 
5.899597e-04 
5.899598e-04 
5.899597e-04 
5.899598e-04 
5.899597e-04 
5.899598e-04 
5.899597e-04 
5.899598e-04 
5.899597e-04 
5.899598e-04 
5.899597e-04 
5.899598e-04 
5.899597e-04 
5.899598e-04 
5.899597e-04 
5.899598e-04 
5.899597e-04 
5.899598e-04 
5.899597e-04 
5.899598e-04 
5.899597e-04 
5.899598e-04 
5.899597e-04 
5.899598e-04 
5.899597e-04 
5.899598e-04 
5.899597e-04 
5.899598e-04 
5.899597e-04 
5.899598e-04 
5.899597e-04 
5.899598e-04 
5.899597e-04 
5.899598e-04 
5.899597e-04 
5.899598e-04 
5.899597e-04 
5.899598e-04 
5.899597e-04 
5.899598e-04 
5.899597e-04 
5.899598e-04 
5.899597e-04 
5.899598e-04 
5.899597e-04 
5.899598e-04 
5.899597e-04 
5.899598e-04 
5.899597e-04 
5.899598e-04 
5.899597e-04 
5.899598e-04 
5.899597e-04 
5.899598e-04 
5.899597e-04 
5.899598e-04 
5.899597e-04 
5.899598e-04 
5.899597e-04 
5.944106e-04 
6.159460e-04 
6.386143e-04 
6.625377e-04 
6.877923e-04 
7.143585e-04 
7.424332e-04 
7.720190e-04 
8.029577e-04 
7.956715e-04 
8.302552e-04 
8.671872e-04 
9.066164e-04 
9.487247e-04 
9.937547e-04 
1.041967e-03 
1.093635e-03 
1.149093e-03 
1.208665e-03 
1.272677e-03 
1.341512e-03 
1.415650e-03 
1.495649e-03 
1.582083e-03 
1.675656e-03 
1.777087e-03 
1.887271e-03 
2.007117e-03 
2.137820e-03 
2.280612e-03 
2.436242e-03 
2.607562e-03 
2.795843e-03 
3.003264e-03 
3.232354e-03 
3.485925e-03 
3.767439e-03 
4.080701e-03 
4.417339e-03 
4.806643e-03 
5.265130e-03 
5.736194e-03 
6.292650e-03 
6.924166e-03 
7.643627e-03 
8.466549e-03 
9.412133e-03 
1.056575e-02 
1.184627e-02 
1.334107e-02 
1.509647e-02 
1.717130e-02 
1.963952e-02 
2.259739e-02 
2.625831e-02 
3.063709e-02 
3.607598e-02 
4.277369e-02 
5.122310e-02 
6.186148e-02 
7.538838e-02 
9.266193e-02 
1.146824e-01 
1.424687e-01 
1.767604e-01 
2.176911e-01 
2.645401e-01 
3.159269e-01 
3.702745e-01 
4.260923e-01 
4.823403e-01 
5.381280e-01 
5.930192e-01 
6.465473e-01 
6.984515e-01 
7.483547e-01 
7.958277e-01 
8.403413e-01 
8.811931e-01 
9.175500e-01 
9.484468e-01 
9.542856e-01 
9.542857e-01 
9.542856e-01 
9.542857e-01 
9.542856e-01 
9.542857e-01 
9.542856e-01 
9.542857e-01 
9.542856e-01 
9.542857e-01 
9.542856e-01 
9.542857e-01 
9.542856e-01 
9.542857e-01 
9.542856e-01 
9.542857e-01 
9.542856e-01 
9.542857e-01 
9.542856e-01 
9.542857e-01 
9.542856e-01 
9.542857e-01 
9.542856e-01 
9.542857e-01 
9.542856e-01 
9.542857e-01 
9.542856e-01 
9.542857e-01 
9.542856e-01 
9.542857e-01 
9.542856e-01 
9.542857e-01 
9.542856e-01 
9.542857e-01 
9.542856e-01 
9.542857e-01 
9.542856e-01 
9.542857e-01 
9.542856e-01 
9.542857e-01 
9.542856e-01 
9.542857e-01 
9.542856e-01 
9.542857e-01 
9.542856e-01 
9.542857e-01 
9.542856e-01 
9.542857e-01 
9.542856e-01 
9.542857e-01 
9.542856e-01 
9.542857e-01 
9.542856e-01 
9.542857e-01 
9.542856e-01 
9.542857e-01 
9.542856e-01 
9.542857e-01 
9.542856e-01 
9.542857e-01 
9.542856e-01 
9.542857e-01 
9.542856e-01 
9.542857e-01 
9.542856e-01 
9.542857e-01 
9.542856e-01 
9.542857e-01 
9.542856e-01 
9.542857e-01 
9.542856e-01 
9.542857e-01 
9.542856e-01 
9.542857e-01 
9.542856e-01 
9.542857e-01 
9.542856e-01 
9.542857e-01 
9.542856e-01 
9.542857e-01 
9.542856e-01 
9.542857e-01 
9.542856e-01 
9.542857e-01 
9.542856e-01 
9.542857e-01 
9.542856e-01 
9.542857e-01 
9.542856e-01 
9.542857e-01 
9.542856e-01 
9.542857e-01 
9.542856e-01 
9.542857e-01 
9.542856e-01 
9.542857e-01 
9.542856e-01 
9.542857e-01 
9.542856e-01 
9.542857e-01 
9.542856e-01 
9.542857e-01 
9.542856e-01 
9.542857e-01 
9.542856e-01 
9.542857e-01 
9.542856e-01 
9.542857e-01 
9.542856e-01 
9.542857e-01 
9.542856e-01 
9.542857e-01 
9.542856e-01 
9.542857e-01 
9.542856e-01 
9.542857e-01 
9.542856e-01 
9.542857e-01 
9.542856e-01 
9.542857e-01 
9.542856e-01 
9.542857e-01 
9.542856e-01 
9.542857e-01 
9.542856e-01 
9.542857e-01 
9.542856e-01 
9.542857e-01 
9.542856e-01 
9.542857e-01 
9.542856e-01 
9.542857e-01 
9.542856e-01 
9.542857e-01 
9.542856e-01 
9.542857e-01 
9.542856e-01 
9.542857e-01 
9.542856e-01 
9.542857e-01 
9.542856e-01 
9.542857e-01 
9.542856e-01 
9.542857e-01 
9.542856e-01 
9.542857e-01 
9.542856e-01 
9.542857e-01 
9.542856e-01 
9.542857e-01 
9.542856e-01 
9.542857e-01 
9.542856e-01 
9.542857e-01 
9.542856e-01 
9.542857e-01 
9.542856e-01 
9.542857e-01 
9.542856e-01 
9.542857e-01 
9.542856e-01 
9.542857e-01 
9.542856e-01 
9.542857e-01 
9.542856e-01 
9.542857e-01 
9.542856e-01 
9.542857e-01 
9.542856e-01 
9.542846e-01 
9.542800e-01 
9.542763e-01 
9.542735e-01 
9.542710e-01 
9.542689e-01 
9.542670e-01 
9.542652e-01 
9.542637e-01 
9.542623e-01 
9.542608e-01 
9.542595e-01 
9.542582e-01 
9.542570e-01 
9.542557e-01 
9.542546e-01 
9.542533e-01 
9.542521e-01 
9.542508e-01 
9.542496e-01 
9.542484e-01 
9.542473e-01 
9.542463e-01 
9.542453e-01 
9.542444e-01 
9.542436e-01 
9.542428e-01 
9.542421e-01 
9.542416e-01 
9.542410e-01 
9.542405e-01 
9.542400e-01 
9.542396e-01 
9.542392e-01 
9.542388e-01 
9.542384e-01 
9.542382e-01 
9.542378e-01 
9.542376e-01 
9.542373e-01 
9.542370e-01 
9.542369e-01 
9.542366e-01 
9.542363e-01 
9.542361e-01 
9.542360e-01 
9.542358e-01 
9.542357e-01 
9.542355e-01 
9.542354e-01 
9.542352e-01 
9.542351e-01 
9.542350e-01 
9.542348e-01 
9.542347e-01 
9.542345e-01 
9.542345e-01 
9.542344e-01 
9.542343e-01 
9.542342e-01 
9.542341e-01 
9.542340e-01 
9.542339e-01 
9.542339e-01 
9.542338e-01 
9.542337e-01 
9.542336e-01 
9.542335e-01 
9.542335e-01 
9.542335e-01 
9.542333e-01 
9.542333e-01 
9.542332e-01 
9.542332e-01 
9.542331e-01 
9.542331e-01 
9.542331e-01 
9.542330e-01 
9.542329e-01 
9.542329e-01 
9.542329e-01 
9.542328e-01 
9.542328e-01 
9.542328e-01 
9.542328e-01 
9.542328e-01 
9.542328e-01 
9.542328e-01 
9.542328e-01 
9.542328e-01 
9.542328e-01 
9.542328e-01 
9.542328e-01 
9.542328e-01 
9.542328e-01 
9.542328e-01 
9.542328e-01 
9.542328e-01 
9.542328e-01 
9.542328e-01 
9.542328e-01 
9.542328e-01 
9.542328e-01 
9.542328e-01 
9.542328e-01 
9.542328e-01 
9.542328e-01 
9.542328e-01 
9.542328e-01 
9.542328e-01 
9.542328e-01 
9.542328e-01 
9.542328e-01 
9.542328e-01 
9.542328e-01 
9.542328e-01 
9.542328e-01 
9.542328e-01 
9.542328e-01 
9.542328e-01 
9.542328e-01 
9.542328e-01 
9.542328e-01 
9.542328e-01 
9.542328e-01 
9.542328e-01 
9.542328e-01 
9.542328e-01 
9.542328e-01 
9.542328e-01 
9.542328e-01 
9.542328e-01 
9.542328e-01 
9.542328e-01 
9.542328e-01 
9.542328e-01 
9.542328e-01 
9.542328e-01 
9.542328e-01 
9.542328e-01 
9.542328e-01 
9.542328e-01 
9.542328e-01 
9.542328e-01 
9.542328e-01 
9.542328e-01 
9.542328e-01 
9.542328e-01 
9.542328e-01 
9.542328e-01 
9.542328e-01 
9.542328e-01 
9.542328e-01 
9.542328e-01 
9.542328e-01 
9.542328e-01 
9.542328e-01 
9.542328e-01 
9.542328e-01 
9.542328e-01 
9.542328e-01 
9.542328e-01 
9.542328e-01 
9.542328e-01 
9.542328e-01 
9.542328e-01 
9.542328e-01 
9.542328e-01 
9.542328e-01 
9.542328e-01 
9.542328e-01 
9.542328e-01 
9.542328e-01 
9.542328e-01 
9.542328e-01 
9.542328e-01 
9.542328e-01 
9.542328e-01 
9.542328e-01 
9.542328e-01 
9.542328e-01 
9.542328e-01 
9.542328e-01 
9.542328e-01 
9.542328e-01 
9.542328e-01 
9.542328e-01 
9.542328e-01 
9.542328e-01 
9.542328e-01 
9.542328e-01 
9.542328e-01 
9.542328e-01 
9.542328e-01 
9.542328e-01 
9.542328e-01 
9.542328e-01 
9.542328e-01 
9.542328e-01 
9.542328e-01 
9.542328e-01 
9.542328e-01 
9.542328e-01 
9.542328e-01 
9.542328e-01 
9.542328e-01 
9.542328e-01 
9.542328e-01 
9.542328e-01 
9.542328e-01 
9.542328e-01 
9.542328e-01 
9.542328e-01 
9.542328e-01 
9.542328e-01 
9.542328e-01 
9.542328e-01 
9.542328e-01 
9.542328e-01 
9.542328e-01 
9.542328e-01 
9.542328e-01 
9.542328e-01 
9.542328e-01 
9.542328e-01 
9.542328e-01 
9.542328e-01 
9.542328e-01 
9.542328e-01 
9.542328e-01 
9.542328e-01 
9.542328e-01 
9.542328e-01 
9.542328e-01 
9.542328e-01 
9.542328e-01 
9.542328e-01 
9.542328e-01 
9.542328e-01 
9.542328e-01 
9.542328e-01 
9.542328e-01 
9.542328e-01 
9.542328e-01 
9.542328e-01 
9.542328e-01 
9.542328e-01 
9.542328e-01 
9.542328e-01 
9.542328e-01 
9.483840e-01 
9.174322e-01 
8.809698e-01 
8.399173e-01 
7.950572e-01 
7.469420e-01 
6.959170e-01 
6.420147e-01 
5.850041e-01 
5.242886e-01 
4.586199e-01 
3.856210e-01 
3.001261e-01 
1.884847e-01 
2.812972e-02 
4.717377e-03 
2.017621e-03 
1.246895e-03 
8.505471e-04 
6.159061e-04 
4.645544e-04 
3.611250e-04 
2.873817e-04 
2.330725e-04 
1.919469e-04 
1.602157e-04 
1.353558e-04 
1.152133e-04 
9.932410e-05 
8.590467e-05 
7.482516e-05 
6.559083e-05 
5.782748e-05 
5.163326e-05 
4.595528e-05 
4.108247e-05 
3.687906e-05 
3.323465e-05 
3.005834e-05 
2.727677e-05 
2.483076e-05 
2.267076e-05 
2.068703e-05 
1.899474e-05 
1.748359e-05 
1.613029e-05 
1.491457e-05 
1.381964e-05 
1.283067e-05 
1.193540e-05 
1.112299e-05 
1.038396e-05 
9.710482e-06 
9.094410e-06 
8.531913e-06 
8.016352e-06 
7.543160e-06 
7.108244e-06 
6.707935e-06 
6.339416e-06 
6.000307e-06 
5.689018e-06 
5.406484e-06 
5.131051e-06 
4.841665e-06 
4.579812e-06 
4.335917e-06 
4.109366e-06 
3.899117e-06 
3.703271e-06 
3.519506e-06 
3.348851e-06 
3.189191e-06 
3.039383e-06 
2.898898e-06 
2.766247e-06 
2.642102e-06 
2.525152e-06 
2.412512e-06 
2.309199e-06 
2.212086e-06 
2.193136e-06 
2.193391e-06 
2.193390e-06 
2.193382e-06 
2.193382e-06 
2.193382e-06 
2.193382e-06 
2.193382e-06 
2.193382e-06 
2.193382e-06 
2.193382e-06 
2.193382e-06 
2.193382e-06 
2.193382e-06 
2.193382e-06 
2.193382e-06 
2.193382e-06 
2.193382e-06 
2.193382e-06 
2.193382e-06 
2.193382e-06 
2.193382e-06 
2.193382e-06 
2.193382e-06 
2.193382e-06 
2.193382e-06 
2.193382e-06 
2.193382e-06 
2.193382e-06 
2.193382e-06 
2.193382e-06 
2.193382e-06 
2.193382e-06 
2.193382e-06 
2.193382e-06 
2.193382e-06 
2.193382e-06 
2.193382e-06 
2.193382e-06 
2.193382e-06 
2.193382e-06 
2.193382e-06 
2.193382e-06 
2.193382e-06 
2.193382e-06 
2.193382e-06 
2.193382e-06 
2.193382e-06 
2.193382e-06 
2.193382e-06 
2.193382e-06 
2.193382e-06 
2.193382e-06 
2.193382e-06 
2.193382e-06 
2.193382e-06 
2.193382e-06 
2.193382e-06 
2.193382e-06 
2.193382e-06 
2.193382e-06 
2.193382e-06 
2.193382e-06 
2.193382e-06 
2.193382e-06 
2.193382e-06 
2.193382e-06 
2.193382e-06 
2.193382e-06 
2.193382e-06 
2.193382e-06 
2.193382e-06 
2.193382e-06 
2.193382e-06 
2.193382e-06 
2.193382e-06 
2.193382e-06 
2.193382e-06 
2.193382e-06 
2.193382e-06 
2.193382e-06 
2.193382e-06 
2.193382e-06 
2.193382e-06 
2.193382e-06 
2.193382e-06 
2.193382e-06 
2.193382e-06 
2.193382e-06 
2.193382e-06 
2.193382e-06 
2.193382e-06 
2.193382e-06 
2.193382e-06 
2.193382e-06 
2.193382e-06 
2.193382e-06 
2.193382e-06 
2.193382e-06 
2.193382e-06 
2.193382e-06 
2.193382e-06 
2.193382e-06 
2.193382e-06 
2.193382e-06 
2.193382e-06 
2.193382e-06 
2.193382e-06 
2.193382e-06 
2.193382e-06 
2.193382e-06 
2.193382e-06 
2.193382e-06 
2.193382e-06 
2.193382e-06 
2.193382e-06 
2.193382e-06 
2.193382e-06 
2.193382e-06 
2.193382e-06 
2.193382e-06 
2.193382e-06 
2.193382e-06 
2.193382e-06 
2.193382e-06 
2.193382e-06 
2.193382e-06 
2.193382e-06 
2.193382e-06 
2.193382e-06 
2.193382e-06 
2.193382e-06 
2.193382e-06 
2.193382e-06 
2.193382e-06 
2.193382e-06 
2.193382e-06 
2.193382e-06 
2.193382e-06 
2.193382e-06 
2.193382e-06 
2.193382e-06 
2.193382e-06 
2.193382e-06 
2.193382e-06 
2.193382e-06 
2.193382e-06 
2.193382e-06 
2.193382e-06 
2.193382e-06 
2.193382e-06 
2.193382e-06 
2.193382e-06 
2.193382e-06 
2.193382e-06 
2.193382e-06 
2.193382e-06 
2.193382e-06 
2.193382e-06 
2.193382e-06 
2.193382e-06 
2.193382e-06 
2.193382e-06 
2.193382e-06 
2.193382e-06 
2.193382e-06 
2.193382e-06 
2.193382e-06 
2.193382e-06 
2.197577e-06 
2.226269e-06 
2.288648e-06 
2.353980e-06 
2.454096e-06 
2.527263e-06 
2.620821e-06 
2.702205e-06 
2.787509e-06 
2.877376e-06 
2.971820e-06 
3.071255e-06 
3.176068e-06 
3.286590e-06 
3.403263e-06 
3.526543e-06 
3.656938e-06 
3.795029e-06 
3.941339e-06 
4.096556e-06 
4.261419e-06 
4.436720e-06 
4.623385e-06 
4.821971e-06 
5.034233e-06 
5.256486e-06 
5.498865e-06 
5.758695e-06 
5.989038e-06 
6.285416e-06 
6.604448e-06 
6.948458e-06 
7.320162e-06 
7.722369e-06 
8.158466e-06 
8.632315e-06 
8.919060e-06 
9.460016e-06 
1.005272e-05 
1.070201e-05 
1.141527e-05 
1.220108e-05 
1.306930e-05 
1.403136e-05 
1.559887e-05 
1.685176e-05 
1.825655e-05 
1.983866e-05 
2.162850e-05 
2.366299e-05 
2.598698e-05 
2.865661e-05 
3.173929e-05 
3.595610e-05 
4.026188e-05 
4.533293e-05 
5.183916e-05 
5.921604e-05 
6.806927e-05 
7.866088e-05 
9.132925e-05 
1.063397e-04 
1.238098e-04 
1.436498e-04 
1.655212e-04 
1.891026e-04 
2.139778e-04 
2.397749e-04 
2.662274e-04 
2.931065e-04 
3.200647e-04 
3.478834e-04 
3.736190e-04 
4.021344e-04 
4.307810e-04 
4.593909e-04 
4.876388e-04 
5.150593e-04 
5.410154e-04 
5.551454e-04 
5.773090e-04 
5.883331e-04 
5.898034e-04 
5.899507e-04 
5.899593e-04 
5.899597e-04 
5.899598e-04 
5.899597e-04 
5.899598e-04 
5.899597e-04 
5.899598e-04 
5.899597e-04 
5.899598e-04 
5.899597e-04 
5.899598e-04 
5.899597e-04 
5.899598e-04 
5.899597e-04 
5.899598e-04 
5.899597e-04 
5.899598e-04 
5.899597e-04 
5.899598e-04 
5.899597e-04 
5.899598e-04 
5.899597e-04 
5.899598e-04 
5.899597e-04 
5.899598e-04 
5.899597e-04 
5.899598e-04 
5.899597e-04 
5.899598e-04 
5.899597e-04 
5.899598e-04 
5.899597e-04 
5.899598e-04 
5.899597e-04 
5.899598e-04 
5.899597e-04 
5.899598e-04 
5.899597e-04 
5.899598e-04 
5.899597e-04 
5.899598e-04 
5.899597e-04 
5.899598e-04 
5.899597e-04 
5.899598e-04 
5.899597e-04 
5.899598e-04 
5.899597e-04 
5.899598e-04 
5.899597e-04 
5.899598e-04 
5.899597e-04 
5.899598e-04 
5.899597e-04 
5.899598e-04 
5.899597e-04 
5.899598e-04 
5.899597e-04 
5.899598e-04 
5.899597e-04 
5.899598e-04 
5.899597e-04 
5.899598e-04 
5.899597e-04 
5.899598e-04 
5.899597e-04 
5.899598e-04 
5.899597e-04 
5.899598e-04 
5.899597e-04 
5.899598e-04 
5.899597e-04 
5.899598e-04 
5.899597e-04 
5.899598e-04 
5.899597e-04 
5.899598e-04 
5.899597e-04 
5.899598e-04 
5.899597e-04 
5.899598e-04 
5.899597e-04 
5.899598e-04 
5.899597e-04 
5.899598e-04 
5.899597e-04 
5.899598e-04 
5.899597e-04 
5.899598e-04 
5.899597e-04 
5.899598e-04 
5.899597e-04 
5.899598e-04 
5.899597e-04 
5.899598e-04 
5.899597e-04 
5.899598e-04 
5.899597e-04 
5.899598e-04 
5.899597e-04 
5.899598e-04 
5.899597e-04 
5.899598e-04 
5.899597e-04 
5.899598e-04 
5.899597e-04 
5.899598e-04 
5.899597e-04 
5.899598e-04 
5.899597e-04 
5.899598e-04 
5.899597e-04 
5.899598e-04 
5.899597e-04 
5.899598e-04 
5.899597e-04 
5.899598e-04 
5.899597e-04 
5.899598e-04 
5.899597e-04 
5.899598e-04 
5.899597e-04 
5.899598e-04 
5.899597e-04 
5.899598e-04 
5.899597e-04 
5.899598e-04 
5.899597e-04 
5.899598e-04 
5.899597e-04 
5.899598e-04 
5.899597e-04 
5.899598e-04 
5.899597e-04 
5.899598e-04 
5.899597e-04 
5.899598e-04 
5.899597e-04 
5.899598e-04 
5.899597e-04 
5.899598e-04 
5.899597e-04 
5.899598e-04 
5.899597e-04 
5.899598e-04 
5.899597e-04 
5.899598e-04 
5.899597e-04 
5.899598e-04 
5.899597e-04 
5.899598e-04 
5.899597e-04 
5.899598e-04 
5.899597e-04 
5.899598e-04 
5.899597e-04 
5.899598e-04 
5.899597e-04 
5.899598e-04 
5.899597e-04 
5.899598e-04 
5.899597e-04 
5.899598e-04 
5.899597e-04 
5.899598e-04 
5.899597e-04 
5.944088e-04 
6.159440e-04 
6.386123e-04 
6.625392e-04 
6.877938e-04 
7.143562e-04 
7.424314e-04 
7.720041e-04 
8.029606e-04 
7.956736e-04 
8.302514e-04 
8.671838e-04 
9.066067e-04 
9.487270e-04 
9.937569e-04 
1.041963e-03 
1.093630e-03 
1.149097e-03 
1.208669e-03 
1.272671e-03 
1.341505e-03 
1.415643e-03 
1.495654e-03 
1.582088e-03 
1.675647e-03 
1.777077e-03 
1.887261e-03 
2.007124e-03 
2.137828e-03 
2.280598e-03 
2.436227e-03 
2.607519e-03 
2.795853e-03 
3.003282e-03 
3.232331e-03 
3.485900e-03 
3.767368e-03 
4.080720e-03 
4.417362e-03 
4.806608e-03 
5.261564e-03 
5.736279e-03 
6.292790e-03 
6.924307e-03 
7.643679e-03 
8.466602e-03 
9.463504e-03 
1.056611e-02 
1.184635e-02 
1.334116e-02 
1.509659e-02 
1.717183e-02 
1.964009e-02 
2.266457e-02 
2.625874e-02 
3.063596e-02 
3.607543e-02 
4.277302e-02 
5.122083e-02 
6.185679e-02 
7.538250e-02 
9.266020e-02 
1.146802e-01 
1.424615e-01 
1.767515e-01 
2.176872e-01 
2.645358e-01 
3.159221e-01 
3.702614e-01 
4.260789e-01 
4.823352e-01 
5.381231e-01 
5.930061e-01 
6.465347e-01 
6.984392e-01 
7.483503e-01 
7.958236e-01 
8.403311e-01 
8.811838e-01 
9.175419e-01 
9.484443e-01 
9.542856e-01 
9.542857e-01 
9.542856e-01 
9.542857e-01 
9.542856e-01 
9.542857e-01 
9.542856e-01 
9.542857e-01 
9.542856e-01 
9.542857e-01 
9.542856e-01 
9.542857e-01 
9.542856e-01 
9.542857e-01 
9.542856e-01 
9.542857e-01 
9.542856e-01 
9.542857e-01 
9.542856e-01 
9.542857e-01 
9.542856e-01 
9.542857e-01 
9.542856e-01 
9.542857e-01 
9.542856e-01 
9.542857e-01 
9.542856e-01 
9.542857e-01 
9.542856e-01 
9.542857e-01 
9.542856e-01 
9.542857e-01 
9.542856e-01 
9.542857e-01 
9.542856e-01 
9.542857e-01 
9.542856e-01 
9.542857e-01 
9.542856e-01 
9.542857e-01 
9.542856e-01 
9.542857e-01 
9.542856e-01 
9.542857e-01 
9.542856e-01 
9.542857e-01 
9.542856e-01 
9.542857e-01 
9.542856e-01 
9.542857e-01 
9.542856e-01 
9.542857e-01 
9.542856e-01 
9.542857e-01 
9.542856e-01 
9.542857e-01 
9.542856e-01 
9.542857e-01 
9.542856e-01 
9.542857e-01 
9.542856e-01 
9.542857e-01 
9.542856e-01 
9.542857e-01 
9.542856e-01 
9.542857e-01 
9.542856e-01 
9.542857e-01 
9.542856e-01 
9.542857e-01 
9.542856e-01 
9.542857e-01 
9.542856e-01 
9.542857e-01 
9.542856e-01 
9.542857e-01 
9.542856e-01 
9.542857e-01 
9.542856e-01 
9.542857e-01 
9.542856e-01 
9.542857e-01 
9.542856e-01 
9.542857e-01 
9.542856e-01 
9.542857e-01 
9.542856e-01 
9.542857e-01 
9.542856e-01 
9.542857e-01 
9.542856e-01 
9.542857e-01 
9.542856e-01 
9.542857e-01 
9.542856e-01 
9.542857e-01 
9.542856e-01 
9.542857e-01 
9.542856e-01 
9.542857e-01 
9.542856e-01 
9.542857e-01 
9.542856e-01 
9.542857e-01 
9.542856e-01 
9.542857e-01 
9.542856e-01 
9.542857e-01 
9.542856e-01 
9.542857e-01 
9.542856e-01 
9.542857e-01 
9.542856e-01 
9.542857e-01 
9.542856e-01 
9.542857e-01 
9.542856e-01 
9.542857e-01 
9.542856e-01 
9.542857e-01 
9.542856e-01 
9.542857e-01 
9.542856e-01 
9.542857e-01 
9.542856e-01 
9.542857e-01 
9.542856e-01 
9.542857e-01 
9.542856e-01 
9.542857e-01 
9.542856e-01 
9.542857e-01 
9.542856e-01 
9.542857e-01 
9.542856e-01 
9.542857e-01 
9.542856e-01 
9.542857e-01 
9.542856e-01 
9.542857e-01 
9.542856e-01 
9.542857e-01 
9.542856e-01 
9.542857e-01 
9.542856e-01 
9.542857e-01 
9.542856e-01 
9.542857e-01 
9.542856e-01 
9.542857e-01 
9.542856e-01 
9.542857e-01 
9.542856e-01 
9.542857e-01 
9.542856e-01 
9.542857e-01 
9.542856e-01 
9.542857e-01 
9.542856e-01 
9.542857e-01 
9.542856e-01 
9.542857e-01 
9.542856e-01 
9.542857e-01 
9.542856e-01 
9.542857e-01 
9.542856e-01 
9.542857e-01 
9.542856e-01 
9.542846e-01 
9.542800e-01 
9.542763e-01 
9.542735e-01 
9.542710e-01 
9.542689e-01 
9.542670e-01 
9.542652e-01 
9.542637e-01 
9.542621e-01 
9.542608e-01 
9.542595e-01 
9.542582e-01 
9.542570e-01 
9.542557e-01 
9.542546e-01 
9.542533e-01 
9.542521e-01 
9.542508e-01 
9.542496e-01 
9.542484e-01 
9.542473e-01 
9.542463e-01 
9.542453e-01 
9.542444e-01 
9.542436e-01 
9.542428e-01 
9.542421e-01 
9.542416e-01 
9.542410e-01 
9.542405e-01 
9.542400e-01 
9.542396e-01 
9.542392e-01 
9.542388e-01 
9.542384e-01 
9.542382e-01 
9.542378e-01 
9.542376e-01 
9.542373e-01 
9.542370e-01 
9.542369e-01 
9.542366e-01 
9.542363e-01 
9.542361e-01 
9.542360e-01 
9.542358e-01 
9.542357e-01 
9.542355e-01 
9.542354e-01 
9.542352e-01 
9.542351e-01 
9.542350e-01 
9.542348e-01 
9.542347e-01 
9.542345e-01 
9.542345e-01 
9.542344e-01 
9.542343e-01 
9.542341e-01 
9.542341e-01 
9.542340e-01 
9.542339e-01 
9.542339e-01 
9.542338e-01 
9.542337e-01 
9.542336e-01 
9.542335e-01 
9.542335e-01 
9.542335e-01 
9.542333e-01 
9.542333e-01 
9.542332e-01 
9.542332e-01 
9.542331e-01 
9.542331e-01 
9.542331e-01 
9.542330e-01 
9.542329e-01 
9.542329e-01 
9.542329e-01 
9.542328e-01 
9.542328e-01 
9.542328e-01 
9.542328e-01 
9.542328e-01 
9.542328e-01 
9.542328e-01 
9.542328e-01 
9.542328e-01 
9.542328e-01 
9.542328e-01 
9.542328e-01 
9.542328e-01 
9.542328e-01 
9.542328e-01 
9.542328e-01 
9.542328e-01 
9.542328e-01 
9.542328e-01 
9.542328e-01 
9.542328e-01 
9.542328e-01 
9.542328e-01 
9.542328e-01 
9.542328e-01 
9.542328e-01 
9.542328e-01 
9.542328e-01 
9.542328e-01 
9.542328e-01 
9.542328e-01 
9.542328e-01 
9.542328e-01 
9.542328e-01 
9.542328e-01 
9.542328e-01 
9.542328e-01 
9.542328e-01 
9.542328e-01 
9.542328e-01 
9.542328e-01 
9.542328e-01 
9.542328e-01 
9.542328e-01 
9.542328e-01 
9.542328e-01 
9.542328e-01 
9.542328e-01 
9.542328e-01 
9.542328e-01 
9.542328e-01 
9.542328e-01 
9.542328e-01 
9.542328e-01 
9.542328e-01 
9.542328e-01 
9.542328e-01 
9.542328e-01 
9.542328e-01 
9.542328e-01 
9.542328e-01 
9.542328e-01 
9.542328e-01 
9.542328e-01 
9.542328e-01 
9.542328e-01 
9.542328e-01 
9.542328e-01 
9.542328e-01 
9.542328e-01 
9.542328e-01 
9.542328e-01 
9.542328e-01 
9.542328e-01 
9.542328e-01 
9.542328e-01 
9.542328e-01 
9.542328e-01 
9.542328e-01 
9.542328e-01 
9.542328e-01 
9.542328e-01 
9.542328e-01 
9.542328e-01 
9.542328e-01 
9.542328e-01 
9.542328e-01 
9.542328e-01 
9.542328e-01 
9.542328e-01 
9.542328e-01 
9.542328e-01 
9.542328e-01 
9.542328e-01 
9.542328e-01 
9.542328e-01 
9.542328e-01 
9.542328e-01 
9.542328e-01 
9.542328e-01 
9.542328e-01 
9.542328e-01 
9.542328e-01 
9.542328e-01 
9.542328e-01 
9.542328e-01 
9.542328e-01 
9.542328e-01 
9.542328e-01 
9.542328e-01 
9.542328e-01 
9.542328e-01 
9.542328e-01 
9.542328e-01 
9.542328e-01 
9.542328e-01 
9.542328e-01 
9.542328e-01 
9.542328e-01 
9.542328e-01 
9.542328e-01 
9.542328e-01 
9.542328e-01 
9.542328e-01 
9.542328e-01 
9.542328e-01 
9.542328e-01 
9.542328e-01 
9.542328e-01 
9.542328e-01 
9.542328e-01 
9.542328e-01 
9.542328e-01 
9.542328e-01 
9.542328e-01 
9.542328e-01 
9.542328e-01 
9.542328e-01 
9.542328e-01 
9.542328e-01 
9.542328e-01 
9.542328e-01 
9.542328e-01 
9.542328e-01 
9.542328e-01 
9.542328e-01 
9.542328e-01 
9.542328e-01 
9.542328e-01 
9.542328e-01 
9.542328e-01 
9.542328e-01 
9.542328e-01 
9.542328e-01 
9.542328e-01 
9.542328e-01 
9.542328e-01 
9.542328e-01 
9.542328e-01 
9.542328e-01 
9.542328e-01 
9.542328e-01 
9.542328e-01 
9.542328e-01 
9.542328e-01 
9.542328e-01 
9.542328e-01 
9.542328e-01 
9.542328e-01 
9.483907e-01 
9.174403e-01 
8.809791e-01 
8.399213e-01 
7.950613e-01 
7.469538e-01 
6.959155e-01 
6.420190e-01 
5.850093e-01 
5.242941e-01 
4.586485e-01 
3.856393e-01 
3.001631e-01 
1.882027e-01 
2.813086e-02 
7.406322e-03 
2.221105e-03 
1.248002e-03 
8.505785e-04 
6.159245e-04 
4.645847e-04 
3.611460e-04 
2.873875e-04 
2.330767e-04 
1.919556e-04 
1.602225e-04 
1.353611e-04 
1.152150e-04 
9.932541e-05 
8.590747e-05 
7.482758e-05 
6.559285e-05 
5.782814e-05 
5.163380e-05 
4.595575e-05 
4.108286e-05 
3.687992e-05 
3.323451e-05 
3.005815e-05 
2.727697e-05 
2.483096e-05 
2.267123e-05 
2.075637e-05 
1.905361e-05 
1.753394e-05 
1.617334e-05 
1.495133e-05 
1.385126e-05 
1.285808e-05 
1.193544e-05 
1.112302e-05 
1.038385e-05 
9.710344e-06 
9.094287e-06 
8.531671e-06 
8.015909e-06 
7.542202e-06 
7.106321e-06 
6.703984e-06 
6.330641e-06 
5.978069e-06 
5.616957e-06 
5.166071e-06 
4.291905e-06 
3.105316e-06 
2.005796e-06 
1.036118e-06 
1.880453e-07 
-5.496365e-07 
-1.188317e-06 
-1.760646e-06 
-2.244143e-06 
-2.657503e-06 
-2.992351e-06 
-3.290936e-06 
-3.493793e-06 
-3.691684e-06 
-3.840598e-06 
-3.942689e-06 
-3.999558e-06 
-4.012560e-06 
-4.020395e-06 
-4.024323e-06 
-4.027382e-06 
-4.027814e-06 
-4.027851e-06 
-4.027854e-06 
-4.027854e-06 
-4.027854e-06 
-4.027854e-06 
-4.027854e-06 
-4.027854e-06 
-4.027854e-06 
-4.027854e-06 
-4.027854e-06 
-4.027854e-06 
-4.027854e-06 
-4.027854e-06 
-4.027854e-06 
-4.027854e-06 
-4.027854e-06 
-4.027854e-06 
-4.027854e-06 
-4.027854e-06 
-4.027854e-06 
-4.027854e-06 
-4.027854e-06 
-4.027854e-06 
-4.027854e-06 
-4.027854e-06 
-4.027854e-06 
-4.027854e-06 
-4.027854e-06 
-4.027854e-06 
-4.027854e-06 
-4.027854e-06 
-4.027854e-06 
-4.027854e-06 
-4.027854e-06 
-4.027854e-06 
-4.027854e-06 
-4.027854e-06 
-4.027854e-06 
-4.027854e-06 
-4.027854e-06 
-4.027854e-06 
-4.027854e-06 
-4.027854e-06 
-4.027854e-06 
-4.027854e-06 
-4.027854e-06 
-4.027854e-06 
-4.027854e-06 
-4.027854e-06 
-4.027854e-06 
-4.027854e-06 
-4.027854e-06 
-4.027854e-06 
-4.027854e-06 
-4.027854e-06 
-4.027854e-06 
-4.027854e-06 
-4.027854e-06 
-4.027854e-06 
-4.027854e-06 
-4.027854e-06 
-4.027854e-06 
-4.027854e-06 
-4.027854e-06 
-4.027854e-06 
-4.027854e-06 
-4.027854e-06 
-4.027854e-06 
-4.027854e-06 
-4.027854e-06 
-4.027854e-06 
-4.027854e-06 
-4.027854e-06 
-4.027854e-06 
-4.027854e-06 
-4.027854e-06 
-4.027854e-06 
-4.027854e-06 
-4.027854e-06 
-4.027854e-06 
-4.027854e-06 
-4.027854e-06 
-4.027854e-06 
-4.027854e-06 
-4.027854e-06 
-4.027854e-06 
-4.027854e-06 
-4.027854e-06 
-4.027854e-06 
-4.027854e-06 
-4.027854e-06 
-4.027854e-06 
-4.027854e-06 
-4.027854e-06 
-4.027854e-06 
-4.027854e-06 
-4.027854e-06 
-4.027854e-06 
-4.027854e-06 
-4.027854e-06 
-4.027854e-06 
-4.027854e-06 
-4.027854e-06 
-4.027854e-06 
-4.027854e-06 
-4.027854e-06 
-4.027854e-06 
-4.027854e-06 
-4.027854e-06 
-4.027854e-06 
-4.027854e-06 
-4.027854e-06 
-4.027854e-06 
-4.027854e-06 
-4.027854e-06 
-4.027854e-06 
-4.027854e-06 
-4.027854e-06 
-4.027854e-06 
-4.027854e-06 
-4.027854e-06 
-4.027854e-06 
-4.027854e-06 
-4.027854e-06 
-4.027854e-06 
-4.027854e-06 
-4.027854e-06 
-4.027854e-06 
-4.027854e-06 
-4.027854e-06 
-4.027854e-06 
-4.027854e-06 
-4.027854e-06 
-4.027854e-06 
-4.027854e-06 
-4.027854e-06 
-4.027854e-06 
-4.027854e-06 
-4.027854e-06 
-4.027854e-06 
-4.027854e-06 
-4.027854e-06 
-4.027854e-06 
-4.027854e-06 
-4.027854e-06 
-4.027854e-06 
-4.027854e-06 
-4.027854e-06 
-4.027854e-06 
-4.027854e-06 
-4.027854e-06 
-4.027854e-06 
-4.027854e-06 
-4.027854e-06 
-4.027854e-06 
-4.027854e-06 
-4.027854e-06 
-4.027854e-06 
-4.027854e-06 
-4.027854e-06 
-4.027854e-06 
-4.027854e-06 
-4.027854e-06 
-4.027854e-06 
-4.027854e-06 
-4.020542e-06 
-3.980548e-06 
-3.895117e-06 
-3.828091e-06 
-3.756745e-06 
-3.677045e-06 
-3.595731e-06 
-3.508829e-06 
-3.415990e-06 
-3.316945e-06 
-3.211039e-06 
-3.097759e-06 
-2.976506e-06 
-2.846576e-06 
-2.707326e-06 
-2.557920e-06 
-2.397482e-06 
-2.225047e-06 
-2.039485e-06 
-1.839743e-06 
-1.624441e-06 
-1.392150e-06 
-1.141164e-06 
-8.699231e-07 
-5.762761e-07 
-2.602716e-07 
8.463680e-08 
4.226840e-07 
8.261644e-07 
1.265495e-06 
1.744536e-06 
2.267646e-06 
2.839891e-06 
3.466557e-06 
4.153990e-06 
4.909407e-06 
5.370222e-06 
6.247163e-06 
7.216393e-06 
8.287964e-06 
9.475112e-06 
1.079277e-05 
1.225822e-05 
1.466381e-05 
1.657827e-05 
1.871988e-05 
2.112128e-05 
2.381695e-05 
2.684759e-05 
3.025881e-05 
3.410104e-05 
3.843154e-05 
4.330909e-05 
4.962627e-05 
5.589310e-05 
6.315266e-05 
7.107645e-05 
7.983555e-05 
8.952207e-05 
1.001744e-04 
1.118183e-04 
1.244412e-04 
1.379607e-04 
1.522229e-04 
1.670760e-04 
1.825236e-04 
1.986056e-04 
2.153746e-04 
2.329216e-04 
2.513636e-04 
2.708051e-04 
2.915301e-04 
3.128415e-04 
3.366345e-04 
3.622850e-04 
3.899771e-04 
4.197605e-04 
4.514857e-04 
4.846284e-04 
5.031898e-04 
5.360111e-04 
5.544823e-04 
5.573201e-04 
5.574903e-04 
5.575001e-04 
5.575006e-04 
5.575007e-04 
5.575007e-04 
5.575007e-04 
5.575007e-04 
5.575007e-04 
5.575007e-04 
5.575007e-04 
5.575007e-04 
5.575007e-04 
5.575007e-04 
5.575007e-04 
5.575007e-04 
5.575007e-04 
5.575007e-04 
5.575007e-04 
5.575007e-04 
5.575007e-04 
5.575007e-04 
5.575007e-04 
5.575007e-04 
5.575007e-04 
5.575007e-04 
5.575007e-04 
5.575007e-04 
5.575007e-04 
5.575007e-04 
5.575007e-04 
5.575007e-04 
5.575007e-04 
5.575007e-04 
5.575007e-04 
5.575007e-04 
5.575007e-04 
5.575007e-04 
5.575007e-04 
5.575007e-04 
5.575007e-04 
5.575007e-04 
5.575007e-04 
5.575007e-04 
5.575007e-04 
5.575007e-04 
5.575007e-04 
5.575007e-04 
5.575007e-04 
5.575007e-04 
5.575007e-04 
5.575007e-04 
5.575007e-04 
5.575007e-04 
5.575007e-04 
5.575007e-04 
5.575007e-04 
5.575007e-04 
5.575007e-04 
5.575007e-04 
5.575007e-04 
5.575007e-04 
5.575007e-04 
5.575007e-04 
5.575007e-04 
5.575007e-04 
5.575007e-04 
5.575007e-04 
5.575007e-04 
5.575007e-04 
5.575007e-04 
5.575007e-04 
5.575007e-04 
5.575007e-04 
5.575007e-04 
5.575007e-04 
5.575007e-04 
5.575007e-04 
5.575007e-04 
5.575007e-04 
5.575007e-04 
5.575007e-04 
5.575007e-04 
5.575007e-04 
5.575007e-04 
5.575007e-04 
5.575007e-04 
5.575007e-04 
5.575007e-04 
5.575007e-04 
5.575007e-04 
5.575007e-04 
5.575007e-04 
5.575007e-04 
5.575007e-04 
5.575007e-04 
5.575007e-04 
5.575007e-04 
5.575007e-04 
5.575007e-04 
5.575007e-04 
5.575007e-04 
5.575007e-04 
5.575007e-04 
5.575007e-04 
5.575007e-04 
5.575007e-04 
5.575007e-04 
5.575007e-04 
5.575007e-04 
5.575007e-04 
5.575007e-04 
5.575007e-04 
5.575007e-04 
5.575007e-04 
5.575007e-04 
5.575007e-04 
5.575007e-04 
5.575007e-04 
5.575007e-04 
5.575007e-04 
5.575007e-04 
5.575007e-04 
5.575007e-04 
5.575007e-04 
5.575007e-04 
5.575007e-04 
5.575007e-04 
5.575007e-04 
5.575007e-04 
5.575007e-04 
5.575007e-04 
5.575007e-04 
5.575007e-04 
5.575007e-04 
5.575007e-04 
5.575007e-04 
5.575007e-04 
5.575007e-04 
5.575007e-04 
5.575007e-04 
5.575007e-04 
5.575007e-04 
5.575007e-04 
5.575007e-04 
5.575007e-04 
5.575007e-04 
5.575007e-04 
5.575007e-04 
5.575007e-04 
5.575007e-04 
5.575007e-04 
5.575007e-04 
5.575007e-04 
5.575007e-04 
5.575007e-04 
5.575007e-04 
5.575007e-04 
5.575007e-04 
5.575007e-04 
5.575007e-04 
5.575007e-04 
5.575007e-04 
5.575007e-04 
5.575007e-04 
5.575007e-04 
5.575007e-04 
5.575007e-04 
5.616977e-04 
5.821562e-04 
6.037430e-04 
6.265833e-04 
6.507575e-04 
6.764089e-04 
7.035784e-04 
7.324201e-04 
7.630693e-04 
7.956534e-04 
8.303411e-04 
8.673046e-04 
9.067348e-04 
9.488580e-04 
9.938821e-04 
1.042078e-03 
1.093733e-03 
1.149170e-03 
1.208747e-03 
1.272734e-03 
1.341560e-03 
1.415692e-03 
1.495698e-03 
1.582129e-03 
1.675686e-03 
1.777115e-03 
1.887300e-03 
2.007160e-03 
2.137868e-03 
2.280634e-03 
2.436261e-03 
2.607555e-03 
2.795890e-03 
3.003320e-03 
3.232370e-03 
3.485949e-03 
3.767411e-03 
4.080772e-03 
4.417409e-03 
4.806659e-03 
5.265155e-03 
5.736058e-03 
6.292667e-03 
6.924173e-03 
7.643524e-03 
8.466421e-03 
9.462992e-03 
1.056585e-02 
1.184605e-02 
1.334081e-02 
1.509617e-02 
1.717133e-02 
1.963949e-02 
2.266384e-02 
2.625784e-02 
3.063629e-02 
3.607585e-02 
4.277353e-02 
5.122147e-02 
6.185754e-02 
7.538344e-02 
9.266134e-02 
1.146816e-01 
1.424633e-01 
1.767538e-01 
2.176768e-01 
2.645389e-01 
3.159254e-01 
3.702649e-01 
4.260840e-01 
4.823220e-01 
5.381282e-01 
5.930096e-01 
6.465379e-01 
6.984425e-01 
7.483534e-01 
7.958264e-01 
8.403335e-01 
8.811873e-01 
9.175439e-01 
9.484466e-01 
9.542856e-01 
9.542856e-01 
9.542856e-01 
9.542856e-01 
9.542856e-01 
9.542856e-01 
9.542856e-01 
9.542856e-01 
9.542856e-01 
9.542856e-01 
9.542856e-01 
9.542856e-01 
9.542856e-01 
9.542856e-01 
9.542856e-01 
9.542856e-01 
9.542856e-01 
9.542856e-01 
9.542856e-01 
9.542856e-01 
9.542856e-01 
9.542856e-01 
9.542856e-01 
9.542856e-01 
9.542856e-01 
9.542856e-01 
9.542856e-01 
9.542856e-01 
9.542856e-01 
9.542856e-01 
9.542856e-01 
9.542856e-01 
9.542856e-01 
9.542856e-01 
9.542856e-01 
9.542856e-01 
9.542856e-01 
9.542856e-01 
9.542856e-01 
9.542856e-01 
9.542856e-01 
9.542856e-01 
9.542856e-01 
9.542856e-01 
9.542856e-01 
9.542856e-01 
9.542856e-01 
9.542856e-01 
9.542856e-01 
9.542856e-01 
9.542856e-01 
9.542856e-01 
9.542856e-01 
9.542856e-01 
9.542856e-01 
9.542856e-01 
9.542856e-01 
9.542856e-01 
9.542856e-01 
9.542856e-01 
9.542856e-01 
9.542856e-01 
9.542856e-01 
9.542856e-01 
9.542856e-01 
9.542856e-01 
9.542856e-01 
9.542856e-01 
9.542856e-01 
9.542856e-01 
9.542856e-01 
9.542856e-01 
9.542856e-01 
9.542856e-01 
9.542856e-01 
9.542856e-01 
9.542856e-01 
9.542856e-01 
9.542856e-01 
9.542856e-01 
9.542856e-01 
9.542856e-01 
9.542856e-01 
9.542856e-01 
9.542856e-01 
9.542856e-01 
9.542856e-01 
9.542856e-01 
9.542856e-01 
9.542856e-01 
9.542856e-01 
9.542856e-01 
9.542856e-01 
9.542856e-01 
9.542856e-01 
9.542856e-01 
9.542856e-01 
9.542856e-01 
9.542856e-01 
9.542856e-01 
9.542856e-01 
9.542856e-01 
9.542856e-01 
9.542856e-01 
9.542856e-01 
9.542856e-01 
9.542856e-01 
9.542856e-01 
9.542856e-01 
9.542856e-01 
9.542856e-01 
9.542856e-01 
9.542856e-01 
9.542856e-01 
9.542856e-01 
9.542856e-01 
9.542856e-01 
9.542856e-01 
9.542856e-01 
9.542856e-01 
9.542856e-01 
9.542856e-01 
9.542856e-01 
9.542856e-01 
9.542856e-01 
9.542856e-01 
9.542856e-01 
9.542856e-01 
9.542856e-01 
9.542856e-01 
9.542856e-01 
9.542856e-01 
9.542856e-01 
9.542856e-01 
9.542856e-01 
9.542856e-01 
9.542856e-01 
9.542856e-01 
9.542856e-01 
9.542856e-01 
9.542856e-01 
9.542856e-01 
9.542856e-01 
9.542856e-01 
9.542856e-01 
9.542856e-01 
9.542856e-01 
9.542856e-01 
9.542856e-01 
9.542856e-01 
9.542856e-01 
9.542856e-01 
9.542856e-01 
9.542856e-01 
9.542856e-01 
9.542856e-01 
9.542856e-01 
9.542856e-01 
9.542856e-01 
9.542856e-01 
9.542856e-01 
9.542856e-01 
9.542856e-01 
9.542856e-01 
9.542856e-01 
9.542856e-01 
9.542856e-01 
9.542856e-01 
9.542856e-01 
9.542845e-01 
9.542800e-01 
9.542763e-01 
9.542734e-01 
9.542709e-01 
9.542687e-01 
9.542669e-01 
9.542652e-01 
9.542637e-01 
9.542622e-01 
9.542609e-01 
9.542595e-01 
9.542582e-01 
9.542570e-01 
9.542557e-01 
9.542545e-01 
9.542533e-01 
9.542521e-01 
9.542509e-01 
9.542496e-01 
9.542484e-01 
9.542473e-01 
9.542463e-01 
9.542453e-01 
9.542444e-01 
9.542436e-01 
9.542428e-01 
9.542421e-01 
9.542416e-01 
9.542410e-01 
9.542405e-01 
9.542400e-01 
9.542396e-01 
9.542392e-01 
9.542388e-01 
9.542384e-01 
9.542382e-01 
9.542378e-01 
9.542376e-01 
9.542373e-01 
9.542370e-01 
9.542369e-01 
9.542366e-01 
9.542363e-01 
9.542362e-01 
9.542360e-01 
9.542358e-01 
9.542357e-01 
9.542355e-01 
9.542354e-01 
9.542353e-01 
9.542351e-01 
9.542350e-01 
9.542348e-01 
9.542347e-01 
9.542345e-01 
9.542345e-01 
9.542344e-01 
9.542343e-01 
9.542342e-01 
9.542341e-01 
9.542340e-01 
9.542339e-01 
9.542339e-01 
9.542338e-01 
9.542337e-01 
9.542336e-01 
9.542335e-01 
9.542335e-01 
9.542335e-01 
9.542333e-01 
9.542333e-01 
9.542332e-01 
9.542332e-01 
9.542331e-01 
9.542331e-01 
9.542331e-01 
9.542330e-01 
9.542329e-01 
9.542329e-01 
9.542329e-01 
9.542328e-01 
9.542328e-01 
9.542328e-01 
9.542328e-01 
9.542328e-01 
9.542328e-01 
9.542328e-01 
9.542328e-01 
9.542328e-01 
9.542328e-01 
9.542328e-01 
9.542328e-01 
9.542328e-01 
9.542328e-01 
9.542328e-01 
9.542328e-01 
9.542328e-01 
9.542328e-01 
9.542328e-01 
9.542328e-01 
9.542328e-01 
9.542328e-01 
9.542328e-01 
9.542328e-01 
9.542328e-01 
9.542328e-01 
9.542328e-01 
9.542328e-01 
9.542328e-01 
9.542328e-01 
9.542328e-01 
9.542328e-01 
9.542328e-01 
9.542328e-01 
9.542328e-01 
9.542328e-01 
9.542328e-01 
9.542328e-01 
9.542328e-01 
9.542328e-01 
9.542328e-01 
9.542328e-01 
9.542328e-01 
9.542328e-01 
9.542328e-01 
9.542328e-01 
9.542328e-01 
9.542328e-01 
9.542328e-01 
9.542328e-01 
9.542328e-01 
9.542328e-01 
9.542328e-01 
9.542328e-01 
9.542328e-01 
9.542328e-01 
9.542328e-01 
9.542328e-01 
9.542328e-01 
9.542328e-01 
9.542328e-01 
9.542328e-01 
9.542328e-01 
9.542328e-01 
9.542328e-01 
9.542328e-01 
9.542328e-01 
9.542328e-01 
9.542328e-01 
9.542328e-01 
9.542328e-01 
9.542328e-01 
9.542328e-01 
9.542328e-01 
9.542328e-01 
9.542328e-01 
9.542328e-01 
9.542328e-01 
9.542328e-01 
9.542328e-01 
9.542328e-01 
9.542328e-01 
9.542328e-01 
9.542328e-01 
9.542328e-01 
9.542328e-01 
9.542328e-01 
9.542328e-01 
9.542328e-01 
9.542328e-01 
9.542328e-01 
9.542328e-01 
9.542328e-01 
9.542328e-01 
9.542328e-01 
9.542328e-01 
9.542328e-01 
9.542328e-01 
9.542328e-01 
9.542328e-01 
9.542328e-01 
9.542328e-01 
9.542328e-01 
9.542328e-01 
9.542328e-01 
9.542328e-01 
9.542328e-01 
9.542328e-01 
9.542328e-01 
9.542328e-01 
9.542328e-01 
9.542328e-01 
9.542328e-01 
9.542328e-01 
9.542328e-01 
9.542328e-01 
9.542328e-01 
9.542328e-01 
9.542328e-01 
9.542328e-01 
9.542328e-01 
9.542328e-01 
9.542328e-01 
9.542328e-01 
9.542328e-01 
9.542328e-01 
9.542328e-01 
9.542328e-01 
9.542328e-01 
9.542328e-01 
9.542328e-01 
9.542328e-01 
9.542328e-01 
9.542328e-01 
9.542328e-01 
9.542328e-01 
9.542328e-01 
9.542328e-01 
9.542328e-01 
9.542328e-01 
9.542328e-01 
9.542328e-01 
9.542328e-01 
9.542328e-01 
9.542328e-01 
9.542328e-01 
9.542328e-01 
9.542328e-01 
9.542328e-01 
9.542328e-01 
9.542328e-01 
9.542328e-01 
9.542328e-01 
9.542328e-01 
9.542328e-01 
9.542328e-01 
9.542328e-01 
9.542328e-01 
9.542328e-01 
9.542328e-01 
9.542328e-01 
9.542328e-01 
9.542328e-01 
9.542328e-01 
9.542328e-01 
9.542328e-01 
9.542328e-01 
9.542328e-01 
9.542328e-01 
9.483890e-01 
9.174383e-01 
8.809760e-01 
8.399187e-01 
7.950585e-01 
7.469509e-01 
6.959263e-01 
6.420246e-01 
5.850041e-01 
5.242906e-01 
4.586322e-01 
3.856350e-01 
3.001576e-01 
1.897227e-01 
2.816128e-02 
4.719278e-03 
2.017844e-03 
1.247064e-03 
8.505611e-04 
6.159137e-04 
4.645777e-04 
3.611410e-04 
2.874025e-04 
2.330739e-04 
1.922061e-04 
1.606301e-04 
1.353618e-04 
1.152139e-04 
9.932458e-05 
8.590677e-05 
7.482696e-05 
6.559236e-05 
5.782771e-05 
5.163343e-05 
4.595545e-05 
4.108247e-05 
3.687969e-05 
3.323421e-05 
3.005797e-05 
2.727682e-05 
2.483082e-05 
2.267111e-05 
2.068676e-05 
1.899454e-05 
1.748359e-05 
1.613032e-05 
1.491477e-05 
1.381952e-05 
1.283069e-05 
1.193542e-05 
1.112301e-05 
1.038387e-05 
9.710397e-06 
9.094396e-06 
8.531912e-06 
8.016334e-06 
7.543039e-06 
7.108063e-06 
6.707681e-06 
6.338873e-06 
5.999210e-06 
5.687768e-06 
5.404394e-06 
5.140960e-06 
4.858486e-06 
4.608182e-06 
4.375615e-06 
4.158554e-06 
3.955141e-06 
3.764501e-06 
3.585016e-06 
3.416154e-06 
3.257271e-06 
3.108417e-06 
2.967070e-06 
2.835836e-06 
2.710015e-06 
2.591500e-06 
2.487172e-06 
2.381172e-06 
2.281379e-06 
2.256183e-06 
2.255186e-06 
2.255057e-06 
2.255049e-06 
2.255049e-06 
2.255049e-06 
2.255049e-06 
2.255049e-06 
2.255049e-06 
2.255049e-06 
2.255049e-06 
2.255049e-06 
2.255049e-06 
2.255049e-06 
2.255049e-06 
2.255049e-06 
2.255049e-06 
2.255049e-06 
2.255049e-06 
2.255049e-06 
2.255049e-06 
2.255049e-06 
2.255049e-06 
2.255049e-06 
2.255049e-06 
2.255049e-06 
2.255049e-06 
2.255049e-06 
2.255049e-06 
2.255049e-06 
2.255049e-06 
2.255049e-06 
2.255049e-06 
2.255049e-06 
2.255049e-06 
2.255049e-06 
2.255049e-06 
2.255049e-06 
2.255049e-06 
2.255049e-06 
2.255049e-06 
2.255049e-06 
2.255049e-06 
2.255049e-06 
2.255049e-06 
2.255049e-06 
2.255049e-06 
2.255049e-06 
2.255049e-06 
2.255049e-06 
2.255049e-06 
2.255049e-06 
2.255049e-06 
2.255049e-06 
2.255049e-06 
2.255049e-06 
2.255049e-06 
2.255049e-06 
2.255049e-06 
2.255049e-06 
2.255049e-06 
2.255049e-06 
2.255049e-06 
2.255049e-06 
2.255049e-06 
2.255049e-06 
2.255049e-06 
2.255049e-06 
2.255049e-06 
2.255049e-06 
2.255049e-06 
2.255049e-06 
2.255049e-06 
2.255049e-06 
2.255049e-06 
2.255049e-06 
2.255049e-06 
2.255049e-06 
2.255049e-06 
2.255049e-06 
2.255049e-06 
2.255049e-06 
2.255049e-06 
2.255049e-06 
2.255049e-06 
2.255049e-06 
2.255049e-06 
2.255049e-06 
2.255049e-06 
2.255049e-06 
2.255049e-06 
2.255049e-06 
2.255049e-06 
2.255049e-06 
2.255049e-06 
2.255049e-06 
2.255049e-06 
2.255049e-06 
2.255049e-06 
2.255049e-06 
2.255049e-06 
2.255049e-06 
2.255049e-06 
2.255049e-06 
2.255049e-06 
2.255049e-06 
2.255049e-06 
2.255049e-06 
2.255049e-06 
2.255049e-06 
2.255049e-06 
2.255049e-06 
2.255049e-06 
2.255049e-06 
2.255049e-06 
2.255049e-06 
2.255049e-06 
2.255049e-06 
2.255049e-06 
2.255049e-06 
2.255049e-06 
2.255049e-06 
2.255049e-06 
2.255049e-06 
2.255049e-06 
2.255049e-06 
2.255049e-06 
2.255049e-06 
2.255049e-06 
2.255049e-06 
2.255049e-06 
2.255049e-06 
2.255049e-06 
2.255049e-06 
2.255049e-06 
2.255049e-06 
2.255049e-06 
2.255049e-06 
2.255049e-06 
2.255049e-06 
2.255049e-06 
2.255049e-06 
2.255049e-06 
2.255049e-06 
2.255049e-06 
2.255049e-06 
2.255049e-06 
2.255049e-06 
2.255049e-06 
2.255049e-06 
2.255049e-06 
2.255049e-06 
2.255049e-06 
2.255049e-06 
2.255049e-06 
2.255049e-06 
2.255049e-06 
2.255049e-06 
2.255049e-06 
2.255049e-06 
2.255049e-06 
2.255049e-06 
2.255049e-06 
2.255049e-06 
2.255049e-06 
2.255049e-06 
2.255049e-06 
2.255049e-06 
2.255049e-06 
2.261064e-06 
2.296614e-06 
2.391125e-06 
2.458863e-06 
2.534803e-06 
2.609513e-06 
2.687938e-06 
2.770178e-06 
2.856431e-06 
2.947378e-06 
3.042843e-06 
3.143356e-06 
3.249255e-06 
3.360964e-06 
3.478832e-06 
3.603352e-06 
3.735024e-06 
3.874403e-06 
4.022126e-06 
4.178773e-06 
4.345113e-06 
4.521953e-06 
4.710181e-06 
4.910734e-06 
5.124746e-06 
5.350884e-06 
5.595154e-06 
5.821556e-06 
6.098910e-06 
6.396814e-06 
6.717317e-06 
7.062734e-06 
7.435747e-06 
7.839135e-06 
8.276259e-06 
8.750956e-06 
9.028444e-06 
9.569708e-06 
1.016233e-05 
1.081116e-05 
1.152354e-05 
1.230787e-05 
1.317404e-05 
1.458869e-05 
1.570531e-05 
1.695122e-05 
1.834787e-05 
1.992033e-05 
2.169794e-05 
2.371696e-05 
2.602184e-05 
2.866787e-05 
3.239415e-05 
3.605964e-05 
4.034680e-05 
4.579220e-05 
5.205937e-05 
5.946605e-05 
6.834987e-05 
7.895754e-05 
9.164777e-05 
1.066868e-04 
1.241855e-04 
1.440296e-04 
1.659060e-04 
1.894806e-04 
2.143473e-04 
2.401546e-04 
2.666068e-04 
2.935031e-04 
3.205558e-04 
3.484371e-04 
3.765621e-04 
4.033797e-04 
4.321290e-04 
4.607782e-04 
4.890200e-04 
5.163584e-04 
5.421586e-04 
5.560516e-04 
5.780132e-04 
5.886087e-04 
5.900605e-04 
5.901283e-04 
5.901312e-04 
5.901313e-04 
5.901313e-04 
5.901313e-04 
5.901313e-04 
5.901313e-04 
5.901313e-04 
5.901313e-04 
5.901313e-04 
5.901313e-04 
5.901313e-04 
5.901313e-04 
5.901313e-04 
5.901313e-04 
5.901313e-04 
5.901313e-04 
5.901313e-04 
5.901313e-04 
5.901313e-04 
5.901313e-04 
5.901313e-04 
5.901313e-04 
5.901313e-04 
5.901313e-04 
5.901313e-04 
5.901313e-04 
5.901313e-04 
5.901313e-04 
5.901313e-04 
5.901313e-04 
5.901313e-04 
5.901313e-04 
5.901313e-04 
5.901313e-04 
5.901313e-04 
5.901313e-04 
5.901313e-04 
5.901313e-04 
5.901313e-04 
5.901313e-04 
5.901313e-04 
5.901313e-04 
5.901313e-04 
5.901313e-04 
5.901313e-04 
5.901313e-04 
5.901313e-04 
5.901313e-04 
5.901313e-04 
5.901313e-04 
5.901313e-04 
5.901313e-04 
5.901313e-04 
5.901313e-04 
5.901313e-04 
5.901313e-04 
5.901313e-04 
5.901313e-04 
5.901313e-04 
5.901313e-04 
5.901313e-04 
5.901313e-04 
5.901313e-04 
5.901313e-04 
5.901313e-04 
5.901313e-04 
5.901313e-04 
5.901313e-04 
5.901313e-04 
5.901313e-04 
5.901313e-04 
5.901313e-04 
5.901313e-04 
5.901313e-04 
5.901313e-04 
5.901313e-04 
5.901313e-04 
5.901313e-04 
5.901313e-04 
5.901313e-04 
5.901313e-04 
5.901313e-04 
5.901313e-04 
5.901313e-04 
5.901313e-04 
5.901313e-04 
5.901313e-04 
5.901313e-04 
5.901313e-04 
5.901313e-04 
5.901313e-04 
5.901313e-04 
5.901313e-04 
5.901313e-04 
5.901313e-04 
5.901313e-04 
5.901313e-04 
5.901313e-04 
5.901313e-04 
5.901313e-04 
5.901313e-04 
5.901313e-04 
5.901313e-04 
5.901313e-04 
5.901313e-04 
5.901313e-04 
5.901313e-04 
5.901313e-04 
5.901313e-04 
5.901313e-04 
5.901313e-04 
5.901313e-04 
5.901313e-04 
5.901313e-04 
5.901313e-04 
5.901313e-04 
5.901313e-04 
5.901313e-04 
5.901313e-04 
5.901313e-04 
5.901313e-04 
5.901313e-04 
5.901313e-04 
5.901313e-04 
5.901313e-04 
5.901313e-04 
5.901313e-04 
5.901313e-04 
5.901313e-04 
5.901313e-04 
5.901313e-04 
5.901313e-04 
5.901313e-04 
5.901313e-04 
5.901313e-04 
5.901313e-04 
5.901313e-04 
5.901313e-04 
5.901313e-04 
5.901313e-04 
5.901313e-04 
5.901313e-04 
5.901313e-04 
5.901313e-04 
5.901313e-04 
5.901313e-04 
5.901313e-04 
5.901313e-04 
5.901313e-04 
5.901313e-04 
5.901313e-04 
5.901313e-04 
5.901313e-04 
5.901313e-04 
5.901313e-04 
5.901313e-04 
5.901313e-04 
5.901313e-04 
5.901313e-04 
5.901313e-04 
5.901313e-04 
5.901313e-04 
5.901313e-04 
5.901313e-04 
5.901313e-04 
5.901313e-04 
5.945809e-04 
6.161175e-04 
6.387841e-04 
6.627103e-04 
6.879621e-04 
7.145294e-04 
7.426072e-04 
7.721850e-04 
8.031566e-04 
7.957850e-04 
8.303486e-04 
8.673079e-04 
9.067376e-04 
9.488610e-04 
9.938852e-04 
1.042080e-03 
1.093734e-03 
1.149167e-03 
1.208735e-03 
1.272725e-03 
1.341551e-03 
1.415687e-03 
1.495671e-03 
1.582130e-03 
1.675688e-03 
1.777120e-03 
1.887307e-03 
2.007130e-03 
2.137832e-03 
2.280599e-03 
2.436224e-03 
2.607515e-03 
2.795846e-03 
3.003272e-03 
3.232318e-03 
3.485882e-03 
3.767344e-03 
4.080690e-03 
4.417325e-03 
4.806568e-03 
5.243647e-03 
5.757003e-03 
6.292827e-03 
6.924223e-03 
7.643600e-03 
8.466483e-03 
9.463063e-03 
1.056593e-02 
1.184615e-02 
1.334092e-02 
1.509629e-02 
1.717081e-02 
1.963963e-02 
2.266415e-02 
2.625809e-02 
3.063659e-02 
3.607622e-02 
4.277398e-02 
5.122206e-02 
6.185829e-02 
7.538483e-02 
9.266248e-02 
1.146838e-01 
1.424652e-01 
1.767561e-01 
2.176795e-01 
2.645417e-01 
3.159285e-01 
3.702683e-01 
4.260875e-01 
4.823253e-01 
5.381315e-01 
5.930126e-01 
6.465411e-01 
6.984455e-01 
7.483417e-01 
7.958291e-01 
8.403361e-01 
8.811896e-01 
9.175460e-01 
9.484484e-01 
9.542856e-01 
9.542856e-01 
9.542856e-01 
9.542856e-01 
9.542856e-01 
9.542856e-01 
9.542856e-01 
9.542856e-01 
9.542856e-01 
9.542856e-01 
9.542856e-01 
9.542856e-01 
9.542856e-01 
9.542856e-01 
9.542856e-01 
9.542856e-01 
9.542856e-01 
9.542856e-01 
9.542856e-01 
9.542856e-01 
9.542856e-01 
9.542856e-01 
9.542856e-01 
9.542856e-01 
9.542856e-01 
9.542856e-01 
9.542856e-01 
9.542856e-01 
9.542856e-01 
9.542856e-01 
9.542856e-01 
9.542856e-01 
9.542856e-01 
9.542856e-01 
9.542856e-01 
9.542856e-01 
9.542856e-01 
9.542856e-01 
9.542856e-01 
9.542856e-01 
9.542856e-01 
9.542856e-01 
9.542856e-01 
9.542856e-01 
9.542856e-01 
9.542856e-01 
9.542856e-01 
9.542856e-01 
9.542856e-01 
9.542856e-01 
9.542856e-01 
9.542856e-01 
9.542856e-01 
9.542856e-01 
9.542856e-01 
9.542856e-01 
9.542856e-01 
9.542856e-01 
9.542856e-01 
9.542856e-01 
9.542856e-01 
9.542856e-01 
9.542856e-01 
9.542856e-01 
9.542856e-01 
9.542856e-01 
9.542856e-01 
9.542856e-01 
9.542856e-01 
9.542856e-01 
9.542856e-01 
9.542856e-01 
9.542856e-01 
9.542856e-01 
9.542856e-01 
9.542856e-01 
9.542856e-01 
9.542856e-01 
9.542856e-01 
9.542856e-01 
9.542856e-01 
9.542856e-01 
9.542856e-01 
9.542856e-01 
9.542856e-01 
9.542856e-01 
9.542856e-01 
9.542856e-01 
9.542856e-01 
9.542856e-01 
9.542856e-01 
9.542856e-01 
9.542856e-01 
9.542856e-01 
9.542856e-01 
9.542856e-01 
9.542856e-01 
9.542856e-01 
9.542856e-01 
9.542856e-01 
9.542856e-01 
9.542856e-01 
9.542856e-01 
9.542856e-01 
9.542856e-01 
9.542856e-01 
9.542856e-01 
9.542856e-01 
9.542856e-01 
9.542856e-01 
9.542856e-01 
9.542856e-01 
9.542856e-01 
9.542856e-01 
9.542856e-01 
9.542856e-01 
9.542856e-01 
9.542856e-01 
9.542856e-01 
9.542856e-01 
9.542856e-01 
9.542856e-01 
9.542856e-01 
9.542856e-01 
9.542856e-01 
9.542856e-01 
9.542856e-01 
9.542856e-01 
9.542856e-01 
9.542856e-01 
9.542856e-01 
9.542856e-01 
9.542856e-01 
9.542856e-01 
9.542856e-01 
9.542856e-01 
9.542856e-01 
9.542856e-01 
9.542856e-01 
9.542856e-01 
9.542856e-01 
9.542856e-01 
9.542856e-01 
9.542856e-01 
9.542856e-01 
9.542856e-01 
9.542856e-01 
9.542856e-01 
9.542856e-01 
9.542856e-01 
9.542856e-01 
9.542856e-01 
9.542856e-01 
9.542856e-01 
9.542856e-01 
9.542856e-01 
9.542856e-01 
9.542856e-01 
9.542856e-01 
9.542856e-01 
9.542856e-01 
9.542856e-01 
9.542856e-01 
9.542856e-01 
9.542856e-01 
9.542856e-01 
9.542856e-01 
9.542856e-01 
9.542856e-01 
9.542845e-01 
9.542800e-01 
9.542763e-01 
9.542734e-01 
9.542709e-01 
9.542687e-01 
9.542669e-01 
9.542652e-01 
9.542637e-01 
9.542622e-01 
9.542609e-01 
9.542595e-01 
9.542582e-01 
9.542570e-01 
9.542557e-01 
9.542545e-01 
9.542533e-01 
9.542521e-01 
9.542509e-01 
9.542496e-01 
9.542484e-01 
9.542473e-01 
9.542463e-01 
9.542453e-01 
9.542444e-01 
9.542436e-01 
9.542428e-01 
9.542421e-01 
9.542416e-01 
9.542410e-01 
9.542405e-01 
9.542400e-01 
9.542396e-01 
9.542392e-01 
9.542388e-01 
9.542384e-01 
9.542382e-01 
9.542378e-01 
9.542376e-01 
9.542373e-01 
9.542370e-01 
9.542369e-01 
9.542365e-01 
9.542363e-01 
9.542361e-01 
9.542360e-01 
9.542358e-01 
9.542357e-01 
9.542355e-01 
9.542354e-01 
9.542353e-01 
9.542351e-01 
9.542350e-01 
9.542348e-01 
9.542347e-01 
9.542345e-01 
9.542345e-01 
9.542344e-01 
9.542343e-01 
9.542342e-01 
9.542341e-01 
9.542340e-01 
9.542339e-01 
9.542339e-01 
9.542338e-01 
9.542337e-01 
9.542336e-01 
9.542335e-01 
9.542335e-01 
9.542335e-01 
9.542333e-01 
9.542333e-01 
9.542332e-01 
9.542332e-01 
9.542331e-01 
9.542331e-01 
9.542331e-01 
9.542330e-01 
9.542329e-01 
9.542329e-01 
9.542329e-01 
9.542328e-01 
9.542328e-01 
9.542328e-01 
9.542328e-01 
9.542328e-01 
9.542328e-01 
9.542328e-01 
9.542328e-01 
9.542328e-01 
9.542328e-01 
9.542328e-01 
9.542328e-01 
9.542328e-01 
9.542328e-01 
9.542328e-01 
9.542328e-01 
9.542328e-01 
9.542328e-01 
9.542328e-01 
9.542328e-01 
9.542328e-01 
9.542328e-01 
9.542328e-01 
9.542328e-01 
9.542328e-01 
9.542328e-01 
9.542328e-01 
9.542328e-01 
9.542328e-01 
9.542328e-01 
9.542328e-01 
9.542328e-01 
9.542328e-01 
9.542328e-01 
9.542328e-01 
9.542328e-01 
9.542328e-01 
9.542328e-01 
9.542328e-01 
9.542328e-01 
9.542328e-01 
9.542328e-01 
9.542328e-01 
9.542328e-01 
9.542328e-01 
9.542328e-01 
9.542328e-01 
9.542328e-01 
9.542328e-01 
9.542328e-01 
9.542328e-01 
9.542328e-01 
9.542328e-01 
9.542328e-01 
9.542328e-01 
9.542328e-01 
9.542328e-01 
9.542328e-01 
9.542328e-01 
9.542328e-01 
9.542328e-01 
9.542328e-01 
9.542328e-01 
9.542328e-01 
9.542328e-01 
9.542328e-01 
9.542328e-01 
9.542328e-01 
9.542328e-01 
9.542328e-01 
9.542328e-01 
9.542328e-01 
9.542328e-01 
9.542328e-01 
9.542328e-01 
9.542328e-01 
9.542328e-01 
9.542328e-01 
9.542328e-01 
9.542328e-01 
9.542328e-01 
9.542328e-01 
9.542328e-01 
9.542328e-01 
9.542328e-01 
9.542328e-01 
9.542328e-01 
9.542328e-01 
9.542328e-01 
9.542328e-01 
9.542328e-01 
9.542328e-01 
9.542328e-01 
9.542328e-01 
9.542328e-01 
9.542328e-01 
9.542328e-01 
9.542328e-01 
9.542328e-01 
9.542328e-01 
9.542328e-01 
9.542328e-01 
9.542328e-01 
9.542328e-01 
9.542328e-01 
9.542328e-01 
9.542328e-01 
9.542328e-01 
9.542328e-01 
9.542328e-01 
9.542328e-01 
9.542328e-01 
9.542328e-01 
9.542328e-01 
9.542328e-01 
9.542328e-01 
9.542328e-01 
9.542328e-01 
9.542328e-01 
9.542328e-01 
9.542328e-01 
9.542328e-01 
9.542328e-01 
9.542328e-01 
9.542328e-01 
9.542328e-01 
9.542328e-01 
9.542328e-01 
9.542328e-01 
9.542328e-01 
9.542328e-01 
9.542328e-01 
9.542328e-01 
9.542328e-01 
9.542328e-01 
9.542328e-01 
9.542328e-01 
9.542328e-01 
9.542328e-01 
9.542328e-01 
9.542328e-01 
9.542328e-01 
9.542328e-01 
9.542328e-01 
9.542328e-01 
9.542328e-01 
9.542328e-01 
9.542328e-01 
9.542328e-01 
9.542328e-01 
9.542328e-01 
9.542328e-01 
9.542328e-01 
9.542328e-01 
9.542328e-01 
9.542328e-01 
9.542328e-01 
9.542328e-01 
9.542328e-01 
9.542328e-01 
9.542328e-01 
9.542328e-01 
9.542328e-01 
9.542328e-01 
9.542328e-01 
9.542328e-01 
9.542328e-01 
9.542328e-01 
9.542328e-01 
9.483957e-01 
9.174251e-01 
8.809860e-01 
8.399148e-01 
7.950557e-01 
7.469479e-01 
6.959077e-01 
6.420214e-01 
5.850181e-01 
5.242680e-01 
4.586485e-01 
3.856068e-01 
3.001802e-01 
1.881870e-01 
2.812052e-02 
7.403987e-03 
2.220860e-03 
1.247923e-03 
8.506308e-04 
6.158419e-04 
4.646067e-04 
3.611615e-04 
2.874176e-04 
2.330992e-04 
1.919514e-04 
1.602358e-04 
1.353580e-04 
1.152287e-04 
9.932843e-05 
8.590968e-05 
7.482938e-05 
6.559434e-05 
5.783148e-05 
5.163689e-05 
4.595540e-05 
4.108483e-05 
3.687963e-05 
3.323505e-05 
3.005868e-05 
2.727744e-05 
2.483137e-05 
2.267159e-05 
2.075618e-05 
1.905433e-05 
1.753377e-05 
1.617392e-05 
1.495155e-05 
1.385145e-05 
1.283090e-05 
1.193559e-05 
1.112316e-05 
1.038419e-05 
9.710266e-06 
9.094568e-06 
8.531605e-06 
8.016144e-06 
7.542284e-06 
7.106396e-06 
6.704054e-06 
6.330706e-06 
5.978129e-06 
5.617132e-06 
5.166002e-06 
4.293714e-06 
3.105142e-06 
2.006287e-06 
1.036282e-06 
1.881863e-07 
-5.495131e-07 
-1.188208e-06 
-1.760398e-06 
-2.243916e-06 
-2.657546e-06 
-2.992208e-06 
-3.290962e-06 
-3.493668e-06 
-3.691625e-06 
-3.840575e-06 
-3.942675e-06 
-3.999551e-06 
-4.012572e-06 
-4.020377e-06 
-4.024314e-06 
-4.027381e-06 
-4.027814e-06 
-4.027851e-06 
-4.027854e-06 
-4.027854e-06 
-4.027854e-06 
-4.027854e-06 
-4.027854e-06 
-4.027854e-06 
-4.027854e-06 
-4.027854e-06 
-4.027854e-06 
-4.027854e-06 
-4.027854e-06 
-4.027854e-06 
-4.027854e-06 
-4.027854e-06 
-4.027854e-06 
-4.027854e-06 
-4.027854e-06 
-4.027854e-06 
-4.027854e-06 
-4.027854e-06 
-4.027854e-06 
-4.027854e-06 
-4.027854e-06 
-4.027854e-06 
-4.027854e-06 
-4.027854e-06 
-4.027854e-06 
-4.027854e-06 
-4.027854e-06 
-4.027854e-06 
-4.027854e-06 
-4.027854e-06 
-4.027854e-06 
-4.027854e-06 
-4.027854e-06 
-4.027854e-06 
-4.027854e-06 
-4.027854e-06 
-4.027854e-06 
-4.027854e-06 
-4.027854e-06 
-4.027854e-06 
-4.027854e-06 
-4.027854e-06 
-4.027854e-06 
-4.027854e-06 
-4.027854e-06 
-4.027854e-06 
-4.027854e-06 
-4.027854e-06 
-4.027854e-06 
-4.027854e-06 
-4.027854e-06 
-4.027854e-06 
-4.027854e-06 
-4.027854e-06 
-4.027854e-06 
-4.027854e-06 
-4.027854e-06 
-4.027854e-06 
-4.027854e-06 
-4.027854e-06 
-4.027854e-06 
-4.027854e-06 
-4.027854e-06 
-4.027854e-06 
-4.027854e-06 
-4.027854e-06 
-4.027854e-06 
-4.027854e-06 
-4.027854e-06 
-4.027854e-06 
-4.027854e-06 
-4.027854e-06 
-4.027854e-06 
-4.027854e-06 
-4.027854e-06 
-4.027854e-06 
-4.027854e-06 
-4.027854e-06 
-4.027854e-06 
-4.027854e-06 
-4.027854e-06 
-4.027854e-06 
-4.027854e-06 
-4.027854e-06 
-4.027854e-06 
-4.027854e-06 
-4.027854e-06 
-4.027854e-06 
-4.027854e-06 
-4.027854e-06 
-4.027854e-06 
-4.027854e-06 
-4.027854e-06 
-4.027854e-06 
-4.027854e-06 
-4.027854e-06 
-4.027854e-06 
-4.027854e-06 
-4.027854e-06 
-4.027854e-06 
-4.027854e-06 
-4.027854e-06 
-4.027854e-06 
-4.027854e-06 
-4.027854e-06 
-4.027854e-06 
-4.027854e-06 
-4.027854e-06 
-4.027854e-06 
-4.027854e-06 
-4.027854e-06 
-4.027854e-06 
-4.027854e-06 
-4.027854e-06 
-4.027854e-06 
-4.027854e-06 
-4.027854e-06 
-4.027854e-06 
-4.027854e-06 
-4.027854e-06 
-4.027854e-06 
-4.027854e-06 
-4.027854e-06 
-4.027854e-06 
-4.027854e-06 
-4.027854e-06 
-4.027854e-06 
-4.027854e-06 
-4.027854e-06 
-4.027854e-06 
-4.027854e-06 
-4.027854e-06 
-4.027854e-06 
-4.027854e-06 
-4.027854e-06 
-4.027854e-06 
-4.027854e-06 
-4.027854e-06 
-4.027854e-06 
-4.027854e-06 
-4.027854e-06 
-4.027854e-06 
-4.027854e-06 
-4.027854e-06 
-4.027854e-06 
-4.027854e-06 
-4.027854e-06 
-4.027854e-06 
-4.027854e-06 
-4.027854e-06 
-4.027854e-06 
-4.027854e-06 
-4.027854e-06 
-4.027854e-06 
-4.027854e-06 
-4.027854e-06 
-4.027854e-06 
-4.027854e-06 
-4.027854e-06 
-4.027854e-06 
-4.027854e-06 
-4.027854e-06 
-4.020558e-06 
-3.980577e-06 
-3.895147e-06 
-3.828144e-06 
-3.756759e-06 
-3.677107e-06 
-3.595745e-06 
-3.508899e-06 
-3.416036e-06 
-3.316993e-06 
-3.211092e-06 
-3.097813e-06 
-2.976567e-06 
-2.846680e-06 
-2.707353e-06 
-2.558045e-06 
-2.397514e-06 
-2.225185e-06 
-2.039577e-06 
-1.839843e-06 
-1.624548e-06 
-1.392266e-06 
-1.141365e-06 
-8.701412e-07 
-5.763314e-07 
-2.605280e-07 
8.457079e-08 
4.223021e-07 
8.259260e-07 
1.265272e-06 
1.744295e-06 
2.267389e-06 
2.839447e-06 
3.466030e-06 
4.153810e-06 
4.908830e-06 
5.369780e-06 
6.246860e-06 
7.215890e-06 
8.287428e-06 
9.474521e-06 
1.079211e-05 
1.225768e-05 
1.466257e-05 
1.657773e-05 
1.871835e-05 
2.111989e-05 
2.381557e-05 
2.684606e-05 
3.025708e-05 
3.409909e-05 
3.842822e-05 
4.330763e-05 
4.962167e-05 
5.589175e-05 
6.290591e-05 
7.107234e-05 
7.983116e-05 
8.951722e-05 
1.001686e-04 
1.118126e-04 
1.244311e-04 
1.379577e-04 
1.522119e-04 
1.670737e-04 
1.825117e-04 
1.985981e-04 
2.153665e-04 
2.329131e-04 
2.513545e-04 
2.707896e-04 
2.915128e-04 
3.128434e-04 
3.366233e-04 
3.622876e-04 
3.899557e-04 
4.197543e-04 
4.514799e-04 
4.846223e-04 
5.031838e-04 
5.360001e-04 
5.544752e-04 
5.573197e-04 
5.574902e-04 
5.575001e-04 
5.575006e-04 
5.575007e-04 
5.575007e-04 
5.575007e-04 
5.575007e-04 
5.575007e-04 
5.575007e-04 
5.575007e-04 
5.575007e-04 
5.575007e-04 
5.575007e-04 
5.575007e-04 
5.575007e-04 
5.575007e-04 
5.575007e-04 
5.575007e-04 
5.575007e-04 
5.575007e-04 
5.575007e-04 
5.575007e-04 
5.575007e-04 
5.575007e-04 
5.575007e-04 
5.575007e-04 
5.575007e-04 
5.575007e-04 
5.575007e-04 
5.575007e-04 
5.575007e-04 
5.575007e-04 
5.575007e-04 
5.575007e-04 
5.575007e-04 
5.575007e-04 
5.575007e-04 
5.575007e-04 
5.575007e-04 
5.575007e-04 
5.575007e-04 
5.575007e-04 
5.575007e-04 
5.575007e-04 
5.575007e-04 
5.575007e-04 
5.575007e-04 
5.575007e-04 
5.575007e-04 
5.575007e-04 
5.575007e-04 
5.575007e-04 
5.575007e-04 
5.575007e-04 
5.575007e-04 
5.575007e-04 
5.575007e-04 
5.575007e-04 
5.575007e-04 
5.575007e-04 
5.575007e-04 
5.575007e-04 
5.575007e-04 
5.575007e-04 
5.575007e-04 
5.575007e-04 
5.575007e-04 
5.575007e-04 
5.575007e-04 
5.575007e-04 
5.575007e-04 
5.575007e-04 
5.575007e-04 
5.575007e-04 
5.575007e-04 
5.575007e-04 
5.575007e-04 
5.575007e-04 
5.575007e-04 
5.575007e-04 
5.575007e-04 
5.575007e-04 
5.575007e-04 
5.575007e-04 
5.575007e-04 
5.575007e-04 
5.575007e-04 
5.575007e-04 
5.575007e-04 
5.575007e-04 
5.575007e-04 
5.575007e-04 
5.575007e-04 
5.575007e-04 
5.575007e-04 
5.575007e-04 
5.575007e-04 
5.575007e-04 
5.575007e-04 
5.575007e-04 
5.575007e-04 
5.575007e-04 
5.575007e-04 
5.575007e-04 
5.575007e-04 
5.575007e-04 
5.575007e-04 
5.575007e-04 
5.575007e-04 
5.575007e-04 
5.575007e-04 
5.575007e-04 
5.575007e-04 
5.575007e-04 
5.575007e-04 
5.575007e-04 
5.575007e-04 
5.575007e-04 
5.575007e-04 
5.575007e-04 
5.575007e-04 
5.575007e-04 
5.575007e-04 
5.575007e-04 
5.575007e-04 
5.575007e-04 
5.575007e-04 
5.575007e-04 
5.575007e-04 
5.575007e-04 
5.575007e-04 
5.575007e-04 
5.575007e-04 
5.575007e-04 
5.575007e-04 
5.575007e-04 
5.575007e-04 
5.575007e-04 
5.575007e-04 
5.575007e-04 
5.575007e-04 
5.575007e-04 
5.575007e-04 
5.575007e-04 
5.575007e-04 
5.575007e-04 
5.575007e-04 
5.575007e-04 
5.575007e-04 
5.575007e-04 
5.575007e-04 
5.575007e-04 
5.575007e-04 
5.575007e-04 
5.575007e-04 
5.575007e-04 
5.575007e-04 
5.575007e-04 
5.575007e-04 
5.575007e-04 
5.575007e-04 
5.575007e-04 
5.575007e-04 
5.575007e-04 
5.575007e-04 
5.575007e-04 
5.575007e-04 
5.617000e-04 
5.821463e-04 
6.037455e-04 
6.265652e-04 
6.507531e-04 
6.763884e-04 
7.035769e-04 
7.323971e-04 
7.630542e-04 
7.956575e-04 
8.303241e-04 
8.673090e-04 
9.067152e-04 
9.488503e-04 
9.939023e-04 
1.042068e-03 
1.093757e-03 
1.149161e-03 
1.208754e-03 
1.272703e-03 
1.341568e-03 
1.415655e-03 
1.495683e-03 
1.582060e-03 
1.675669e-03 
1.777033e-03 
1.887280e-03 
2.007026e-03 
2.137799e-03 
2.280651e-03 
2.436184e-03 
2.607576e-03 
2.795738e-03 
3.003281e-03 
3.232477e-03 
3.485902e-03 
3.767533e-03 
4.080607e-03 
4.417442e-03 
4.806474e-03 
5.265196e-03 
5.735970e-03 
6.292729e-03 
6.923873e-03 
7.643613e-03 
8.466032e-03 
9.463107e-03 
1.056634e-02 
1.184582e-02 
1.334148e-02 
1.509585e-02 
1.717159e-02 
1.964144e-02 
2.259741e-02 
2.626047e-02 
3.063704e-02 
3.607834e-02 
4.277221e-02 
5.122541e-02 
6.185541e-02 
7.539026e-02 
9.265203e-02 
1.146853e-01 
1.424486e-01 
1.767594e-01 
2.176559e-01 
2.645300e-01 
3.159476e-01 
3.702551e-01 
4.261074e-01 
4.823120e-01 
5.381348e-01 
5.929836e-01 
6.465458e-01 
6.984182e-01 
7.483446e-01 
7.957894e-01 
8.403260e-01 
8.811561e-01 
9.175379e-01 
9.484160e-01 
9.542856e-01 
9.542856e-01 
9.542856e-01 
9.542856e-01 
9.542856e-01 
9.542856e-01 
9.542856e-01 
9.542856e-01 
9.542856e-01 
9.542856e-01 
9.542856e-01 
9.542856e-01 
9.542856e-01 
9.542856e-01 
9.542856e-01 
9.542856e-01 
9.542856e-01 
9.542856e-01 
9.542856e-01 
9.542856e-01 
9.542856e-01 
9.542856e-01 
9.542856e-01 
9.542856e-01 
9.542856e-01 
9.542856e-01 
9.542856e-01 
9.542856e-01 
9.542856e-01 
9.542856e-01 
9.542856e-01 
9.542856e-01 
9.542856e-01 
9.542856e-01 
9.542856e-01 
9.542856e-01 
9.542856e-01 
9.542856e-01 
9.542856e-01 
9.542856e-01 
9.542856e-01 
9.542856e-01 
9.542856e-01 
9.542856e-01 
9.542856e-01 
9.542856e-01 
9.542856e-01 
9.542856e-01 
9.542856e-01 
9.542856e-01 
9.542856e-01 
9.542856e-01 
9.542856e-01 
9.542856e-01 
9.542856e-01 
9.542856e-01 
9.542856e-01 
9.542856e-01 
9.542856e-01 
9.542856e-01 
9.542856e-01 
9.542856e-01 
9.542856e-01 
9.542856e-01 
9.542856e-01 
9.542856e-01 
9.542856e-01 
9.542856e-01 
9.542856e-01 
9.542856e-01 
9.542856e-01 
9.542856e-01 
9.542856e-01 
9.542856e-01 
9.542856e-01 
9.542856e-01 
9.542856e-01 
9.542856e-01 
9.542856e-01 
9.542856e-01 
9.542856e-01 
9.542856e-01 
9.542856e-01 
9.542856e-01 
9.542856e-01 
9.542856e-01 
9.542856e-01 
9.542856e-01 
9.542856e-01 
9.542856e-01 
9.542856e-01 
9.542856e-01 
9.542856e-01 
9.542856e-01 
9.542856e-01 
9.542856e-01 
9.542856e-01 
9.542856e-01 
9.542856e-01 
9.542856e-01 
9.542856e-01 
9.542856e-01 
9.542856e-01 
9.542856e-01 
9.542856e-01 
9.542856e-01 
9.542856e-01 
9.542856e-01 
9.542856e-01 
9.542856e-01 
9.542856e-01 
9.542856e-01 
9.542856e-01 
9.542856e-01 
9.542856e-01 
9.542856e-01 
9.542856e-01 
9.542856e-01 
9.542856e-01 
9.542856e-01 
9.542856e-01 
9.542856e-01 
9.542856e-01 
9.542856e-01 
9.542856e-01 
9.542856e-01 
9.542856e-01 
9.542856e-01 
9.542856e-01 
9.542856e-01 
9.542856e-01 
9.542856e-01 
9.542856e-01 
9.542856e-01 
9.542856e-01 
9.542856e-01 
9.542856e-01 
9.542856e-01 
9.542856e-01 
9.542856e-01 
9.542856e-01 
9.542856e-01 
9.542856e-01 
9.542856e-01 
9.542856e-01 
9.542856e-01 
9.542856e-01 
9.542856e-01 
9.542856e-01 
9.542856e-01 
9.542856e-01 
9.542856e-01 
9.542856e-01 
9.542856e-01 
9.542856e-01 
9.542856e-01 
9.542856e-01 
9.542856e-01 
9.542856e-01 
9.542856e-01 
9.542856e-01 
9.542856e-01 
9.542856e-01 
9.542856e-01 
9.542856e-01 
9.542856e-01 
9.542856e-01 
9.542856e-01 
9.542856e-01 
9.542845e-01 
9.542800e-01 
9.542763e-01 
9.542734e-01 
9.542709e-01 
9.542687e-01 
9.542669e-01 
9.542652e-01 
9.542637e-01 
9.542622e-01 
9.542609e-01 
9.542595e-01 
9.542582e-01 
9.542570e-01 
9.542557e-01 
9.542545e-01 
9.542533e-01 
9.542521e-01 
9.542509e-01 
9.542496e-01 
9.542484e-01 
9.542473e-01 
9.542463e-01 
9.542453e-01 
9.542444e-01 
9.542436e-01 
9.542428e-01 
9.542421e-01 
9.542416e-01 
9.542410e-01 
9.542405e-01 
9.542400e-01 
9.542396e-01 
9.542392e-01 
9.542388e-01 
9.542384e-01 
9.542382e-01 
9.542378e-01 
9.542376e-01 
9.542373e-01 
9.542370e-01 
9.542369e-01 
9.542366e-01 
9.542363e-01 
9.542361e-01 
9.542360e-01 
9.542358e-01 
9.542357e-01 
9.542355e-01 
9.542354e-01 
9.542352e-01 
9.542351e-01 
9.542350e-01 
9.542348e-01 
9.542347e-01 
9.542345e-01 
9.542345e-01 
9.542344e-01 
9.542343e-01 
9.542342e-01 
9.542341e-01 
9.542340e-01 
9.542339e-01 
9.542339e-01 
9.542338e-01 
9.542337e-01 
9.542336e-01 
9.542335e-01 
9.542335e-01 
9.542335e-01 
9.542333e-01 
9.542333e-01 
9.542332e-01 
9.542332e-01 
9.542331e-01 
9.542331e-01 
9.542331e-01 
9.542330e-01 
9.542329e-01 
9.542329e-01 
9.542329e-01 
9.542328e-01 
9.542328e-01 
9.542328e-01 
9.542328e-01 
9.542328e-01 
9.542328e-01 
9.542328e-01 
9.542328e-01 
9.542328e-01 
9.542328e-01 
9.542328e-01 
9.542328e-01 
9.542328e-01 
9.542328e-01 
9.542328e-01 
9.542328e-01 
9.542328e-01 
9.542328e-01 
9.542328e-01 
9.542328e-01 
9.542328e-01 
9.542328e-01 
9.542328e-01 
9.542328e-01 
9.542328e-01 
9.542328e-01 
9.542328e-01 
9.542328e-01 
9.542328e-01 
9.542328e-01 
9.542328e-01 
9.542328e-01 
9.542328e-01 
9.542328e-01 
9.542328e-01 
9.542328e-01 
9.542328e-01 
9.542328e-01 
9.542328e-01 
9.542328e-01 
9.542328e-01 
9.542328e-01 
9.542328e-01 
9.542328e-01 
9.542328e-01 
9.542328e-01 
9.542328e-01 
9.542328e-01 
9.542328e-01 
9.542328e-01 
9.542328e-01 
9.542328e-01 
9.542328e-01 
9.542328e-01 
9.542328e-01 
9.542328e-01 
9.542328e-01 
9.542328e-01 
9.542328e-01 
9.542328e-01 
9.542328e-01 
9.542328e-01 
9.542328e-01 
9.542328e-01 
9.542328e-01 
9.542328e-01 
9.542328e-01 
9.542328e-01 
9.542328e-01 
9.542328e-01 
9.542328e-01 
9.542328e-01 
9.542328e-01 
9.542328e-01 
9.542328e-01 
9.542328e-01 
9.542328e-01 
9.542328e-01 
9.542328e-01 
9.542328e-01 
9.542328e-01 
9.542328e-01 
9.542328e-01 
9.542328e-01 
9.542328e-01 
9.542328e-01 
9.542328e-01 
9.542328e-01 
9.542328e-01 
9.542328e-01 
9.542328e-01 
9.542328e-01 
9.542328e-01 
9.542328e-01 
9.542328e-01 
9.542328e-01 
9.542328e-01 
9.542328e-01 
9.542328e-01 
9.542328e-01 
9.542328e-01 
9.542328e-01 
9.542328e-01 
9.542328e-01 
9.542328e-01 
9.542328e-01 
9.542328e-01 
9.542328e-01 
9.542328e-01 
9.542328e-01 
9.542328e-01 
9.542328e-01 
9.542328e-01 
9.542328e-01 
9.542328e-01 
9.542328e-01 
9.542328e-01 
9.542328e-01 
9.542328e-01 
9.542328e-01 
9.542328e-01 
9.542328e-01 
9.542328e-01 
9.542328e-01 
9.542328e-01 
9.542328e-01 
9.542328e-01 
9.542328e-01 
9.542328e-01 
9.542328e-01 
9.542328e-01 
9.542328e-01 
9.542328e-01 
9.542328e-01 
9.542328e-01 
9.542328e-01 
9.542328e-01 
9.542328e-01 
9.542328e-01 
9.542328e-01 
9.542328e-01 
9.542328e-01 
9.542328e-01 
9.542328e-01 
9.542328e-01 
9.542328e-01 
9.542328e-01 
9.542328e-01 
9.542328e-01 
9.542328e-01 
9.542328e-01 
9.542328e-01 
9.542328e-01 
9.542328e-01 
9.542328e-01 
9.542328e-01 
9.542328e-01 
9.542328e-01 
9.542328e-01 
9.542328e-01 
9.542328e-01 
9.542328e-01 
9.542328e-01 
9.542328e-01 
9.542328e-01 
9.542328e-01 
9.542328e-01 
9.542328e-01 
9.542328e-01 
9.483774e-01 
9.174443e-01 
8.809596e-01 
8.399392e-01 
7.950529e-01 
7.469745e-01 
6.959201e-01 
6.420510e-01 
5.850146e-01 
5.242643e-01 
4.586444e-01 
3.856023e-01 
3.001744e-01 
1.884735e-01 
2.817117e-02 
4.718910e-03 
2.018353e-03 
1.246973e-03 
8.507848e-04 
6.159387e-04 
4.646721e-04 
3.611559e-04 
2.874528e-04 
2.330964e-04 
1.919492e-04 
1.602342e-04 
1.353568e-04 
1.152276e-04 
9.932712e-05 
8.590193e-05 
7.482858e-05 
6.558893e-05 
5.783097e-05 
5.163301e-05 
4.595770e-05 
4.108215e-05 
3.688140e-05 
3.323489e-05 
3.006017e-05 
2.727737e-05 
2.483261e-05 
2.267154e-05 
2.068873e-05 
1.899531e-05 
1.748343e-05 
1.613093e-05 
1.491461e-05 
1.381908e-05 
1.283086e-05 
1.193507e-05 
1.112315e-05 
1.038379e-05 
9.710711e-06 
9.094337e-06 
8.532187e-06 
8.016291e-06 
7.543460e-06 
7.108269e-06 
6.708246e-06 
6.339493e-06 
6.000629e-06 
5.689128e-06 
5.406404e-06 
5.132472e-06 
4.841644e-06 
4.579976e-06 
4.335931e-06 
4.109257e-06 
3.899167e-06 
3.703204e-06 
3.519574e-06 
3.348812e-06 
3.189268e-06 
3.039369e-06 
2.898966e-06 
2.766255e-06 
2.642180e-06 
2.525175e-06 
2.412601e-06 
2.309218e-06 
2.212176e-06 
2.193136e-06 
2.193391e-06 
2.193390e-06 
2.193382e-06 
2.193382e-06 
2.193382e-06 
2.193382e-06 
2.193382e-06 
2.193382e-06 
2.193382e-06 
2.193382e-06 
2.193382e-06 
2.193382e-06 
2.193382e-06 
2.193382e-06 
2.193382e-06 
2.193382e-06 
2.193382e-06 
2.193382e-06 
2.193382e-06 
2.193382e-06 
2.193382e-06 
2.193382e-06 
2.193382e-06 
2.193382e-06 
2.193382e-06 
2.193382e-06 
2.193382e-06 
2.193382e-06 
2.193382e-06 
2.193382e-06 
2.193382e-06 
2.193382e-06 
2.193382e-06 
2.193382e-06 
2.193382e-06 
2.193382e-06 
2.193382e-06 
2.193382e-06 
2.193382e-06 
2.193382e-06 
2.193382e-06 
2.193382e-06 
2.193382e-06 
2.193382e-06 
2.193382e-06 
2.193382e-06 
2.193382e-06 
2.193382e-06 
2.193382e-06 
2.193382e-06 
2.193382e-06 
2.193382e-06 
2.193382e-06 
2.193382e-06 
2.193382e-06 
2.193382e-06 
2.193382e-06 
2.193382e-06 
2.193382e-06 
2.193382e-06 
2.193382e-06 
2.193382e-06 
2.193382e-06 
2.193382e-06 
2.193382e-06 
2.193382e-06 
2.193382e-06 
2.193382e-06 
2.193382e-06 
2.193382e-06 
2.193382e-06 
2.193382e-06 
2.193382e-06 
2.193382e-06 
2.193382e-06 
2.193382e-06 
2.193382e-06 
2.193382e-06 
2.193382e-06 
2.193382e-06 
2.193382e-06 
2.193382e-06 
2.193382e-06 
2.193382e-06 
2.193382e-06 
2.193382e-06 
2.193382e-06 
2.193382e-06 
2.193382e-06 
2.193382e-06 
2.193382e-06 
2.193382e-06 
2.193382e-06 
2.193382e-06 
2.193382e-06 
2.193382e-06 
2.193382e-06 
2.193382e-06 
2.193382e-06 
2.193382e-06 
2.193382e-06 
2.193382e-06 
2.193382e-06 
2.193382e-06 
2.193382e-06 
2.193382e-06 
2.193382e-06 
2.193382e-06 
2.193382e-06 
2.193382e-06 
2.193382e-06 
2.193382e-06 
2.193382e-06 
2.193382e-06 
2.193382e-06 
2.193382e-06 
2.193382e-06 
2.193382e-06 
2.193382e-06 
2.193382e-06 
2.193382e-06 
2.193382e-06 
2.193382e-06 
2.193382e-06 
2.193382e-06 
2.193382e-06 
2.193382e-06 
2.193382e-06 
2.193382e-06 
2.193382e-06 
2.193382e-06 
2.193382e-06 
2.193382e-06 
2.193382e-06 
2.193382e-06 
2.193382e-06 
2.193382e-06 
2.193382e-06 
2.193382e-06 
2.193382e-06 
2.193382e-06 
2.193382e-06 
2.193382e-06 
2.193382e-06 
2.193382e-06 
2.193382e-06 
2.193382e-06 
2.193382e-06 
2.193382e-06 
2.193382e-06 
2.193382e-06 
2.193382e-06 
2.193382e-06 
2.193382e-06 
2.193382e-06 
2.193382e-06 
2.193382e-06 
2.193382e-06 
2.193382e-06 
2.193382e-06 
2.193382e-06 
2.193382e-06 
2.193382e-06 
2.193382e-06 
2.193382e-06 
2.193382e-06 
2.193382e-06 
2.193382e-06 
2.197567e-06 
2.226251e-06 
2.317589e-06 
2.384267e-06 
2.468273e-06 
2.542037e-06 
2.620898e-06 
2.702188e-06 
2.785911e-06 
2.877274e-06 
2.971772e-06 
3.071263e-06 
3.175982e-06 
3.286566e-06 
3.403239e-06 
3.526520e-06 
3.656909e-06 
3.794958e-06 
3.941262e-06 
4.096576e-06 
4.261334e-06 
4.436737e-06 
4.623230e-06 
4.821927e-06 
5.034194e-06 
5.256437e-06 
5.498822e-06 
5.758560e-06 
5.988895e-06 
6.285410e-06 
6.604316e-06 
6.948452e-06 
7.319914e-06 
7.722235e-06 
8.158370e-06 
8.632224e-06 
8.918961e-06 
9.459831e-06 
1.005241e-05 
1.070183e-05 
1.141517e-05 
1.220076e-05 
1.306888e-05 
1.447843e-05 
1.559955e-05 
1.685149e-05 
1.825587e-05 
1.983862e-05 
2.162777e-05 
2.366293e-05 
2.598600e-05 
2.865583e-05 
3.227886e-05 
3.595664e-05 
4.026092e-05 
4.533178e-05 
5.183581e-05 
5.921695e-05 
6.806438e-05 
7.866193e-05 
9.132231e-05 
1.063363e-04 
1.238065e-04 
1.436455e-04 
1.655165e-04 
1.890903e-04 
2.139649e-04 
2.397772e-04 
2.662139e-04 
2.931097e-04 
3.200429e-04 
3.478783e-04 
3.736131e-04 
4.021292e-04 
4.307751e-04 
4.593770e-04 
4.876246e-04 
5.150614e-04 
5.410037e-04 
5.551407e-04 
5.773010e-04 
5.883266e-04 
5.898029e-04 
5.899507e-04 
5.899593e-04 
5.899597e-04 
5.899598e-04 
5.899597e-04 
5.899598e-04 
5.899597e-04 
5.899598e-04 
5.899597e-04 
5.899598e-04 
5.899597e-04 
5.899598e-04 
5.899597e-04 
5.899598e-04 
5.899597e-04 
5.899598e-04 
5.899597e-04 
5.899598e-04 
5.899597e-04 
5.899598e-04 
5.899597e-04 
5.899598e-04 
5.899597e-04 
5.899598e-04 
5.899597e-04 
5.899598e-04 
5.899597e-04 
5.899598e-04 
5.899597e-04 
5.899598e-04 
5.899597e-04 
5.899598e-04 
5.899597e-04 
5.899598e-04 
5.899597e-04 
5.899598e-04 
5.899597e-04 
5.899598e-04 
5.899597e-04 
5.899598e-04 
5.899597e-04 
5.899598e-04 
5.899597e-04 
5.899598e-04 
5.899597e-04 
5.899598e-04 
5.899597e-04 
5.899598e-04 
5.899597e-04 
5.899598e-04 
5.899597e-04 
5.899598e-04 
5.899597e-04 
5.899598e-04 
5.899597e-04 
5.899598e-04 
5.899597e-04 
5.899598e-04 
5.899597e-04 
5.899598e-04 
5.899597e-04 
5.899598e-04 
5.899597e-04 
5.899598e-04 
5.899597e-04 
5.899598e-04 
5.899597e-04 
5.899598e-04 
5.899597e-04 
5.899598e-04 
5.899597e-04 
5.899598e-04 
5.899597e-04 
5.899598e-04 
5.899597e-04 
5.899598e-04 
5.899597e-04 
5.899598e-04 
5.899597e-04 
5.899598e-04 
5.899597e-04 
5.899598e-04 
5.899597e-04 
5.899598e-04 
5.899597e-04 
5.899598e-04 
5.899597e-04 
5.899598e-04 
5.899597e-04 
5.899598e-04 
5.899597e-04 
5.899598e-04 
5.899597e-04 
5.899598e-04 
5.899597e-04 
5.899598e-04 
5.899597e-04 
5.899598e-04 
5.899597e-04 
5.899598e-04 
5.899597e-04 
5.899598e-04 
5.899597e-04 
5.899598e-04 
5.899597e-04 
5.899598e-04 
5.899597e-04 
5.899598e-04 
5.899597e-04 
5.899598e-04 
5.899597e-04 
5.899598e-04 
5.899597e-04 
5.899598e-04 
5.899597e-04 
5.899598e-04 
5.899597e-04 
5.899598e-04 
5.899597e-04 
5.899598e-04 
5.899597e-04 
5.899598e-04 
5.899597e-04 
5.899598e-04 
5.899597e-04 
5.899598e-04 
5.899597e-04 
5.899598e-04 
5.899597e-04 
5.899598e-04 
5.899597e-04 
5.899598e-04 
5.899597e-04 
5.899598e-04 
5.899597e-04 
5.899598e-04 
5.899597e-04 
5.899598e-04 
5.899597e-04 
5.899598e-04 
5.899597e-04 
5.899598e-04 
5.899597e-04 
5.899598e-04 
5.899597e-04 
5.899598e-04 
5.899597e-04 
5.899598e-04 
5.899597e-04 
5.899598e-04 
5.899597e-04 
5.899598e-04 
5.899597e-04 
5.899598e-04 
5.899597e-04 
5.899598e-04 
5.899597e-04 
5.899598e-04 
5.899597e-04 
5.899598e-04 
5.899597e-04 
5.899598e-04 
5.899597e-04 
5.899598e-04 
5.899597e-04 
5.899598e-04 
5.899597e-04 
5.943950e-04 
6.159435e-04 
6.385969e-04 
6.625303e-04 
6.877999e-04 
7.143461e-04 
7.424385e-04 
7.720007e-04 
8.029593e-04 
7.956922e-04 
8.302506e-04 
8.672042e-04 
9.066041e-04 
9.487373e-04 
9.937407e-04 
1.041975e-03 
1.093611e-03 
1.149094e-03 
1.208629e-03 
1.272669e-03 
1.341458e-03 
1.415639e-03 
1.495575e-03 
1.582056e-03 
1.675670e-03 
1.777040e-03 
1.887292e-03 
2.007042e-03 
2.137824e-03 
2.280678e-03 
2.436222e-03 
2.607615e-03 
2.795784e-03 
3.003334e-03 
3.232247e-03 
3.485971e-03 
3.767263e-03 
4.080709e-03 
4.417128e-03 
4.806586e-03 
5.261263e-03 
5.736087e-03 
6.292225e-03 
6.924045e-03 
7.643856e-03 
8.466318e-03 
9.463473e-03 
1.056677e-02 
1.184633e-02 
1.334201e-02 
1.509649e-02 
1.717236e-02 
1.963916e-02 
2.266542e-02 
2.625734e-02 
3.063865e-02 
3.607332e-02 
4.277499e-02 
5.121751e-02 
6.185964e-02 
7.537709e-02 
9.265902e-02 
1.146942e-01 
1.424595e-01 
1.767727e-01 
2.176714e-01 
2.645489e-01 
3.159030e-01 
3.702745e-01 
4.260606e-01 
4.823318e-01 
5.380868e-01 
5.930028e-01 
6.465001e-01 
6.984363e-01 
7.483038e-01 
7.958071e-01 
8.403426e-01 
8.811712e-01 
9.175500e-01 
9.484260e-01 
9.542856e-01 
9.542857e-01 
9.542856e-01 
9.542857e-01 
9.542856e-01 
9.542857e-01 
9.542856e-01 
9.542857e-01 
9.542856e-01 
9.542857e-01 
9.542856e-01 
9.542857e-01 
9.542856e-01 
9.542857e-01 
9.542856e-01 
9.542857e-01 
9.542856e-01 
9.542857e-01 
9.542856e-01 
9.542857e-01 
9.542856e-01 
9.542857e-01 
9.542856e-01 
9.542857e-01 
9.542856e-01 
9.542857e-01 
9.542856e-01 
9.542857e-01 
9.542856e-01 
9.542857e-01 
9.542856e-01 
9.542857e-01 
9.542856e-01 
9.542857e-01 
9.542856e-01 
9.542857e-01 
9.542856e-01 
9.542857e-01 
9.542856e-01 
9.542857e-01 
9.542856e-01 
9.542857e-01 
9.542856e-01 
9.542857e-01 
9.542856e-01 
9.542857e-01 
9.542856e-01 
9.542857e-01 
9.542856e-01 
9.542857e-01 
9.542856e-01 
9.542857e-01 
9.542856e-01 
9.542857e-01 
9.542856e-01 
9.542857e-01 
9.542856e-01 
9.542857e-01 
9.542856e-01 
9.542857e-01 
9.542856e-01 
9.542857e-01 
9.542856e-01 
9.542857e-01 
9.542856e-01 
9.542857e-01 
9.542856e-01 
9.542857e-01 
9.542856e-01 
9.542857e-01 
9.542856e-01 
9.542857e-01 
9.542856e-01 
9.542857e-01 
9.542856e-01 
9.542857e-01 
9.542856e-01 
9.542857e-01 
9.542856e-01 
9.542857e-01 
9.542856e-01 
9.542857e-01 
9.542856e-01 
9.542857e-01 
9.542856e-01 
9.542857e-01 
9.542856e-01 
9.542857e-01 
9.542856e-01 
9.542857e-01 
9.542856e-01 
9.542857e-01 
9.542856e-01 
9.542857e-01 
9.542856e-01 
9.542857e-01 
9.542856e-01 
9.542857e-01 
9.542856e-01 
9.542857e-01 
9.542856e-01 
9.542857e-01 
9.542856e-01 
9.542857e-01 
9.542856e-01 
9.542857e-01 
9.542856e-01 
9.542857e-01 
9.542856e-01 
9.542857e-01 
9.542856e-01 
9.542857e-01 
9.542856e-01 
9.542857e-01 
9.542856e-01 
9.542857e-01 
9.542856e-01 
9.542857e-01 
9.542856e-01 
9.542857e-01 
9.542856e-01 
9.542857e-01 
9.542856e-01 
9.542857e-01 
9.542856e-01 
9.542857e-01 
9.542856e-01 
9.542857e-01 
9.542856e-01 
9.542857e-01 
9.542856e-01 
9.542857e-01 
9.542856e-01 
9.542857e-01 
9.542856e-01 
9.542857e-01 
9.542856e-01 
9.542857e-01 
9.542856e-01 
9.542857e-01 
9.542856e-01 
9.542857e-01 
9.542856e-01 
9.542857e-01 
9.542856e-01 
9.542857e-01 
9.542856e-01 
9.542857e-01 
9.542856e-01 
9.542857e-01 
9.542856e-01 
9.542857e-01 
9.542856e-01 
9.542857e-01 
9.542856e-01 
9.542857e-01 
9.542856e-01 
9.542857e-01 
9.542856e-01 
9.542857e-01 
9.542856e-01 
9.542857e-01 
9.542856e-01 
9.542857e-01 
9.542856e-01 
9.542857e-01 
9.542856e-01 
9.542857e-01 
9.542856e-01 
9.542846e-01 
9.542800e-01 
9.542763e-01 
9.542735e-01 
9.542710e-01 
9.542689e-01 
9.542670e-01 
9.542652e-01 
9.542637e-01 
9.542623e-01 
9.542608e-01 
9.542595e-01 
9.542582e-01 
9.542570e-01 
9.542557e-01 
9.542545e-01 
9.542533e-01 
9.542521e-01 
9.542508e-01 
9.542496e-01 
9.542484e-01 
9.542473e-01 
9.542463e-01 
9.542453e-01 
9.542444e-01 
9.542436e-01 
9.542428e-01 
9.542421e-01 
9.542416e-01 
9.542410e-01 
9.542405e-01 
9.542400e-01 
9.542396e-01 
9.542392e-01 
9.542388e-01 
9.542384e-01 
9.542382e-01 
9.542378e-01 
9.542376e-01 
9.542373e-01 
9.542370e-01 
9.542369e-01 
9.542366e-01 
9.542363e-01 
9.542361e-01 
9.542360e-01 
9.542358e-01 
9.542357e-01 
9.542355e-01 
9.542354e-01 
9.542352e-01 
9.542351e-01 
9.542350e-01 
9.542348e-01 
9.542347e-01 
9.542345e-01 
9.542345e-01 
9.542344e-01 
9.542343e-01 
9.542342e-01 
9.542341e-01 
9.542340e-01 
9.542339e-01 
9.542339e-01 
9.542338e-01 
9.542337e-01 
9.542336e-01 
9.542335e-01 
9.542335e-01 
9.542335e-01 
9.542333e-01 
9.542333e-01 
9.542332e-01 
9.542332e-01 
9.542331e-01 
9.542331e-01 
9.542331e-01 
9.542330e-01 
9.542329e-01 
9.542329e-01 
9.542329e-01 
9.542328e-01 
9.542328e-01 
9.542328e-01 
9.542328e-01 
9.542328e-01 
9.542328e-01 
9.542328e-01 
9.542328e-01 
9.542328e-01 
9.542328e-01 
9.542328e-01 
9.542328e-01 
9.542328e-01 
9.542328e-01 
9.542328e-01 
9.542328e-01 
9.542328e-01 
9.542328e-01 
9.542328e-01 
9.542328e-01 
9.542328e-01 
9.542328e-01 
9.542328e-01 
9.542328e-01 
9.542328e-01 
9.542328e-01 
9.542328e-01 
9.542328e-01 
9.542328e-01 
9.542328e-01 
9.542328e-01 
9.542328e-01 
9.542328e-01 
9.542328e-01 
9.542328e-01 
9.542328e-01 
9.542328e-01 
9.542328e-01 
9.542328e-01 
9.542328e-01 
9.542328e-01 
9.542328e-01 
9.542328e-01 
9.542328e-01 
9.542328e-01 
9.542328e-01 
9.542328e-01 
9.542328e-01 
9.542328e-01 
9.542328e-01 
9.542328e-01 
9.542328e-01 
9.542328e-01 
9.542328e-01 
9.542328e-01 
9.542328e-01 
9.542328e-01 
9.542328e-01 
9.542328e-01 
9.542328e-01 
9.542328e-01 
9.542328e-01 
9.542328e-01 
9.542328e-01 
9.542328e-01 
9.542328e-01 
9.542328e-01 
9.542328e-01 
9.542328e-01 
9.542328e-01 
9.542328e-01 
9.542328e-01 
9.542328e-01 
9.542328e-01 
9.542328e-01 
9.542328e-01 
9.542328e-01 
9.542328e-01 
9.542328e-01 
9.542328e-01 
9.542328e-01 
9.542328e-01 
9.542328e-01 
9.542328e-01 
9.542328e-01 
9.542328e-01 
9.542328e-01 
9.542328e-01 
9.542328e-01 
9.542328e-01 
9.542328e-01 
9.542328e-01 
9.542328e-01 
9.542328e-01 
9.542328e-01 
9.542328e-01 
9.542328e-01 
9.542328e-01 
9.542328e-01 
9.542328e-01 
9.542328e-01 
9.542328e-01 
9.542328e-01 
9.542328e-01 
9.542328e-01 
9.542328e-01 
9.542328e-01 
9.542328e-01 
9.542328e-01 
9.542328e-01 
9.542328e-01 
9.542328e-01 
9.542328e-01 
9.542328e-01 
9.542328e-01 
9.542328e-01 
9.542328e-01 
9.542328e-01 
9.542328e-01 
9.542328e-01 
9.542328e-01 
9.542328e-01 
9.542328e-01 
9.542328e-01 
9.542328e-01 
9.542328e-01 
9.542328e-01 
9.542328e-01 
9.542328e-01 
9.542328e-01 
9.542328e-01 
9.542328e-01 
9.542328e-01 
9.542328e-01 
9.542328e-01 
9.542328e-01 
9.542328e-01 
9.542328e-01 
9.542328e-01 
9.542328e-01 
9.542328e-01 
9.542328e-01 
9.542328e-01 
9.542328e-01 
9.542328e-01 
9.542328e-01 
9.542328e-01 
9.542328e-01 
9.542328e-01 
9.542328e-01 
9.542328e-01 
9.542328e-01 
9.542328e-01 
9.542328e-01 
9.542328e-01 
9.542328e-01 
9.542328e-01 
9.542328e-01 
9.542328e-01 
9.542328e-01 
9.542328e-01 
9.542328e-01 
9.542328e-01 
9.542328e-01 
9.542328e-01 
9.542328e-01 
9.542328e-01 
9.542328e-01 
9.542328e-01 
9.484007e-01 
9.174312e-01 
8.809930e-01 
8.399226e-01 
7.950363e-01 
7.469568e-01 
6.958858e-01 
6.420221e-01 
5.849935e-01 
5.243167e-01 
4.586300e-01 
3.856674e-01 
3.001377e-01 
1.882897e-01 
2.813810e-02 
7.412501e-03 
2.221421e-03 
1.248349e-03 
8.506843e-04 
6.158748e-04 
4.646286e-04 
3.611227e-04 
2.874285e-04 
2.330796e-04 
1.919363e-04 
1.602240e-04 
1.353487e-04 
1.152212e-04 
9.932179e-05 
8.591158e-05 
7.482505e-05 
6.559570e-05 
5.782859e-05 
5.163750e-05 
4.595632e-05 
4.108564e-05 
3.688032e-05 
3.323755e-05 
3.005931e-05 
2.727636e-05 
2.483170e-05 
2.267074e-05 
2.075748e-05 
1.905375e-05 
1.753316e-05 
1.617338e-05 
1.495103e-05 
1.385161e-05 
1.285784e-05 
1.193575e-05 
1.112281e-05 
1.038431e-05 
9.710384e-06 
9.094672e-06 
8.531704e-06 
8.016233e-06 
7.542365e-06 
7.106209e-06 
6.704126e-06 
6.330546e-06 
5.978188e-06 
5.616995e-06 
5.165854e-06 
4.292253e-06 
3.104958e-06 
2.006136e-06 
1.036134e-06 
1.880925e-07 
-5.495828e-07 
-1.188303e-06 
-1.760431e-06 
-2.244022e-06 
-2.657632e-06 
-2.992290e-06 
-3.291039e-06 
-3.493742e-06 
-3.691695e-06 
-3.840533e-06 
-3.942735e-06 
-3.999504e-06 
-4.012621e-06 
-4.020384e-06 
-4.024317e-06 
-4.027382e-06 
-4.027814e-06 
-4.027851e-06 
-4.027854e-06 
-4.027854e-06 
-4.027854e-06 
-4.027854e-06 
-4.027854e-06 
-4.027854e-06 
-4.027854e-06 
-4.027854e-06 
-4.027854e-06 
-4.027854e-06 
-4.027854e-06 
-4.027854e-06 
-4.027854e-06 
-4.027854e-06 
-4.027854e-06 
-4.027854e-06 
-4.027854e-06 
-4.027854e-06 
-4.027854e-06 
-4.027854e-06 
-4.027854e-06 
-4.027854e-06 
-4.027854e-06 
-4.027854e-06 
-4.027854e-06 
-4.027854e-06 
-4.027854e-06 
-4.027854e-06 
-4.027854e-06 
-4.027854e-06 
-4.027854e-06 
-4.027854e-06 
-4.027854e-06 
-4.027854e-06 
-4.027854e-06 
-4.027854e-06 
-4.027854e-06 
-4.027854e-06 
-4.027854e-06 
-4.027854e-06 
-4.027854e-06 
-4.027854e-06 
-4.027854e-06 
-4.027854e-06 
-4.027854e-06 
-4.027854e-06 
-4.027854e-06 
-4.027854e-06 
-4.027854e-06 
-4.027854e-06 
-4.027854e-06 
-4.027854e-06 
-4.027854e-06 
-4.027854e-06 
-4.027854e-06 
-4.027854e-06 
-4.027854e-06 
-4.027854e-06 
-4.027854e-06 
-4.027854e-06 
-4.027854e-06 
-4.027854e-06 
-4.027854e-06 
-4.027854e-06 
-4.027854e-06 
-4.027854e-06 
-4.027854e-06 
-4.027854e-06 
-4.027854e-06 
-4.027854e-06 
-4.027854e-06 
-4.027854e-06 
-4.027854e-06 
-4.027854e-06 
-4.027854e-06 
-4.027854e-06 
-4.027854e-06 
-4.027854e-06 
-4.027854e-06 
-4.027854e-06 
-4.027854e-06 
-4.027854e-06 
-4.027854e-06 
-4.027854e-06 
-4.027854e-06 
-4.027854e-06 
-4.027854e-06 
-4.027854e-06 
-4.027854e-06 
-4.027854e-06 
-4.027854e-06 
-4.027854e-06 
-4.027854e-06 
-4.027854e-06 
-4.027854e-06 
-4.027854e-06 
-4.027854e-06 
-4.027854e-06 
-4.027854e-06 
-4.027854e-06 
-4.027854e-06 
-4.027854e-06 
-4.027854e-06 
-4.027854e-06 
-4.027854e-06 
-4.027854e-06 
-4.027854e-06 
-4.027854e-06 
-4.027854e-06 
-4.027854e-06 
-4.027854e-06 
-4.027854e-06 
-4.027854e-06 
-4.027854e-06 
-4.027854e-06 
-4.027854e-06 
-4.027854e-06 
-4.027854e-06 
-4.027854e-06 
-4.027854e-06 
-4.027854e-06 
-4.027854e-06 
-4.027854e-06 
-4.027854e-06 
-4.027854e-06 
-4.027854e-06 
-4.027854e-06 
-4.027854e-06 
-4.027854e-06 
-4.027854e-06 
-4.027854e-06 
-4.027854e-06 
-4.027854e-06 
-4.027854e-06 
-4.027854e-06 
-4.027854e-06 
-4.027854e-06 
-4.027854e-06 
-4.027854e-06 
-4.027854e-06 
-4.027854e-06 
-4.027854e-06 
-4.027854e-06 
-4.027854e-06 
-4.027854e-06 
-4.027854e-06 
-4.027854e-06 
-4.027854e-06 
-4.027854e-06 
-4.027854e-06 
-4.027854e-06 
-4.027854e-06 
-4.027854e-06 
-4.027854e-06 
-4.027854e-06 
-4.027854e-06 
-4.027854e-06 
-4.027854e-06 
-4.027854e-06 
-4.027854e-06 
-4.027854e-06 
-4.027854e-06 
-4.027854e-06 
-4.027854e-06 
-4.020554e-06 
-3.980568e-06 
-3.895139e-06 
-3.828136e-06 
-3.756752e-06 
-3.677098e-06 
-3.595736e-06 
-3.508888e-06 
-3.416025e-06 
-3.316981e-06 
-3.211076e-06 
-3.097800e-06 
-2.976551e-06 
-2.846665e-06 
-2.707330e-06 
-2.558020e-06 
-2.397492e-06 
-2.225164e-06 
-2.039555e-06 
-1.839811e-06 
-1.624522e-06 
-1.392235e-06 
-1.141334e-06 
-8.701084e-07 
-5.762953e-07 
-2.604874e-07 
8.461378e-08 
4.223504e-07 
8.259873e-07 
1.265328e-06 
1.744359e-06 
2.267454e-06 
2.839520e-06 
3.466123e-06 
4.153896e-06 
4.908924e-06 
5.369879e-06 
6.246724e-06 
7.215672e-06 
8.287558e-06 
9.474666e-06 
1.079227e-05 
1.225748e-05 
1.466263e-05 
1.657797e-05 
1.871861e-05 
2.112027e-05 
2.381450e-05 
2.684620e-05 
3.025753e-05 
3.409958e-05 
3.842877e-05 
4.330837e-05 
4.962254e-05 
5.589254e-05 
6.314783e-05 
7.107347e-05 
7.983251e-05 
8.951843e-05 
1.001705e-04 
1.118140e-04 
1.244327e-04 
1.379599e-04 
1.522134e-04 
1.670755e-04 
1.825133e-04 
1.986002e-04 
2.153685e-04 
2.329152e-04 
2.513568e-04 
2.707921e-04 
2.915161e-04 
3.128462e-04 
3.366262e-04 
3.622755e-04 
3.899585e-04 
4.197403e-04 
4.514831e-04 
4.846062e-04 
5.031778e-04 
5.359942e-04 
5.544684e-04 
5.573193e-04 
5.574902e-04 
5.575001e-04 
5.575006e-04 
5.575007e-04 
5.575007e-04 
5.575007e-04 
5.575007e-04 
5.575007e-04 
5.575007e-04 
5.575007e-04 
5.575007e-04 
5.575007e-04 
5.575007e-04 
5.575007e-04 
5.575007e-04 
5.575007e-04 
5.575007e-04 
5.575007e-04 
5.575007e-04 
5.575007e-04 
5.575007e-04 
5.575007e-04 
5.575007e-04 
5.575007e-04 
5.575007e-04 
5.575007e-04 
5.575007e-04 
5.575007e-04 
5.575007e-04 
5.575007e-04 
5.575007e-04 
5.575007e-04 
5.575007e-04 
5.575007e-04 
5.575007e-04 
5.575007e-04 
5.575007e-04 
5.575007e-04 
5.575007e-04 
5.575007e-04 
5.575007e-04 
5.575007e-04 
5.575007e-04 
5.575007e-04 
5.575007e-04 
5.575007e-04 
5.575007e-04 
5.575007e-04 
5.575007e-04 
5.575007e-04 
5.575007e-04 
5.575007e-04 
5.575007e-04 
5.575007e-04 
5.575007e-04 
5.575007e-04 
5.575007e-04 
5.575007e-04 
5.575007e-04 
5.575007e-04 
5.575007e-04 
5.575007e-04 
5.575007e-04 
5.575007e-04 
5.575007e-04 
5.575007e-04 
5.575007e-04 
5.575007e-04 
5.575007e-04 
5.575007e-04 
5.575007e-04 
5.575007e-04 
5.575007e-04 
5.575007e-04 
5.575007e-04 
5.575007e-04 
5.575007e-04 
5.575007e-04 
5.575007e-04 
5.575007e-04 
5.575007e-04 
5.575007e-04 
5.575007e-04 
5.575007e-04 
5.575007e-04 
5.575007e-04 
5.575007e-04 
5.575007e-04 
5.575007e-04 
5.575007e-04 
5.575007e-04 
5.575007e-04 
5.575007e-04 
5.575007e-04 
5.575007e-04 
5.575007e-04 
5.575007e-04 
5.575007e-04 
5.575007e-04 
5.575007e-04 
5.575007e-04 
5.575007e-04 
5.575007e-04 
5.575007e-04 
5.575007e-04 
5.575007e-04 
5.575007e-04 
5.575007e-04 
5.575007e-04 
5.575007e-04 
5.575007e-04 
5.575007e-04 
5.575007e-04 
5.575007e-04 
5.575007e-04 
5.575007e-04 
5.575007e-04 
5.575007e-04 
5.575007e-04 
5.575007e-04 
5.575007e-04 
5.575007e-04 
5.575007e-04 
5.575007e-04 
5.575007e-04 
5.575007e-04 
5.575007e-04 
5.575007e-04 
5.575007e-04 
5.575007e-04 
5.575007e-04 
5.575007e-04 
5.575007e-04 
5.575007e-04 
5.575007e-04 
5.575007e-04 
5.575007e-04 
5.575007e-04 
5.575007e-04 
5.575007e-04 
5.575007e-04 
5.575007e-04 
5.575007e-04 
5.575007e-04 
5.575007e-04 
5.575007e-04 
5.575007e-04 
5.575007e-04 
5.575007e-04 
5.575007e-04 
5.575007e-04 
5.575007e-04 
5.575007e-04 
5.575007e-04 
5.575007e-04 
5.575007e-04 
5.575007e-04 
5.575007e-04 
5.575007e-04 
5.575007e-04 
5.575007e-04 
5.575007e-04 
5.575007e-04 
5.575007e-04 
5.575007e-04 
5.575007e-04 
5.575007e-04 
5.616907e-04 
5.821617e-04 
6.037351e-04 
6.265826e-04 
6.507717e-04 
6.764079e-04 
7.035934e-04 
7.324182e-04 
7.630770e-04 
7.956415e-04 
8.303506e-04 
8.672909e-04 
9.067454e-04 
9.488298e-04 
9.938807e-04 
1.042045e-03 
1.093730e-03 
1.149132e-03 
1.208725e-03 
1.272752e-03 
1.341534e-03 
1.415712e-03 
1.495644e-03 
1.582126e-03 
1.675738e-03 
1.777108e-03 
1.887362e-03 
2.007114e-03 
2.137900e-03 
2.280580e-03 
2.436305e-03 
2.607492e-03 
2.795883e-03 
3.003177e-03 
3.232355e-03 
3.485767e-03 
3.767391e-03 
4.080450e-03 
4.417267e-03 
4.806758e-03
#[#TRACE_DATA]
#[#TRACE]
