Initialization... done!
Running 1 simulations with a radial tolerance of 0.001000
Running simulation 0
Number of cells = 152
Number of samples = 8000
Number of inputs = 2
Converting to CUDA structures... done!
1.884000e-21, 5.090000e-22, 3.800000e-23, 9.800000e-22, 1.000000e-03 , 152, 25, 8000, 100, 2, 1, 0
0.000000e+00 	3
0.000000e+00 	3
0.000000e+00 	3
0.000000e+00 	3
0.000000e+00 	3
0.000000e+00 	3
0.000000e+00 	3
0.000000e+00 	3
0.000000e+00 	3
0.000000e+00 	3
0.000000e+00 	3
0.000000e+00 	0
0.000000e+00 	0
0.000000e+00 	0
0.000000e+00 	0
0.000000e+00 	2
0.000000e+00 	3
0.000000e+00 	2
0.000000e+00 	2
0.000000e+00 	2
0.000000e+00 	2
0.000000e+00 	3
0.000000e+00 	3
0.000000e+00 	3
0.000000e+00 	2
0.000000e+00 	2
0.000000e+00 	2
0.000000e+00 	2
0.000000e+00 	2
0.000000e+00 	2
0.000000e+00 	2
0.000000e+00 	3
0.000000e+00 	2
0.000000e+00 	1
9.999997e-01 	2
0.000000e+00 	1
0.000000e+00 	2
0.000000e+00 	1
0.000000e+00 	1
0.000000e+00 	1
0.000000e+00 	1
0.000000e+00 	1
0.000000e+00 	2
0.000000e+00 	2
0.000000e+00 	2
0.000000e+00 	1
0.000000e+00 	1
0.000000e+00 	1
0.000000e+00 	1
0.000000e+00 	1
0.000000e+00 	2
0.000000e+00 	1
0.000000e+00 	0
0.000000e+00 	1
0.000000e+00 	0
0.000000e+00 	0
-9.999997e-01 	1
0.000000e+00 	0
0.000000e+00 	0
0.000000e+00 	0
0.000000e+00 	0
0.000000e+00 	0
0.000000e+00 	1
0.000000e+00 	1
0.000000e+00 	1
0.000000e+00 	0
0.000000e+00 	0
0.000000e+00 	0
0.000000e+00 	0
0.000000e+00 	0
0.000000e+00 	0
0.000000e+00 	0
0.000000e+00 	0
0.000000e+00 	1
0.000000e+00 	0
0.000000e+00 	0
0.000000e+00 	0
0.000000e+00 	0
-9.999997e-01 	0
0.000000e+00 	0
0.000000e+00 	0
0.000000e+00 	0
0.000000e+00 	0
0.000000e+00 	0
0.000000e+00 	0
0.000000e+00 	0
0.000000e+00 	0
0.000000e+00 	0
0.000000e+00 	0
0.000000e+00 	0
0.000000e+00 	3
0.000000e+00 	3
0.000000e+00 	3
0.000000e+00 	3
0.000000e+00 	3
0.000000e+00 	3
0.000000e+00 	3
0.000000e+00 	3
0.000000e+00 	3
0.000000e+00 	3
0.000000e+00 	3
0.000000e+00 	3
0.000000e+00 	3
0.000000e+00 	3
0.000000e+00 	3
0.000000e+00 	3
0.000000e+00 	3
0.000000e+00 	3
0.000000e+00 	3
0.000000e+00 	3
0.000000e+00 	3
0.000000e+00 	3
0.000000e+00 	3
0.000000e+00 	3
0.000000e+00 	3
0.000000e+00 	3
0.000000e+00 	3
0.000000e+00 	3
0.000000e+00 	3
0.000000e+00 	3
0.000000e+00 	3
0.000000e+00 	3
0.000000e+00 	3
0.000000e+00 	3
0.000000e+00 	2
0.000000e+00 	2
0.000000e+00 	2
0.000000e+00 	3
0.000000e+00 	3
0.000000e+00 	3
0.000000e+00 	2
0.000000e+00 	2
0.000000e+00 	2
0.000000e+00 	2
0.000000e+00 	2
0.000000e+00 	2
0.000000e+00 	2
0.000000e+00 	2
0.000000e+00 	2
0.000000e+00 	2
0.000000e+00 	3
0.000000e+00 	2
0.000000e+00 	2
0.000000e+00 	2
0.000000e+00 	2
0.000000e+00 	2
0.000000e+00 	2
0.000000e+00 	2
0.000000e+00 	2
0.000000e+00 	2
0.000000e+00 	2
0.000000e+00 	2
2.377005e-22 	1.487579e-25 	9.175822e-25 	9.175822e-25 	2.237886e-24 	5.379668e-25 	9.175822e-25 	-1.635914e-24 	7.071708e-24 	7.071708e-24 	7.071708e-24 	7.071708e-24 	7.071708e-24 	-1.635914e-24 	9.175822e-25 	-1.635914e-24 	5.644697e-24 	1.487579e-25 	1.487579e-25 	2.377005e-22 	-5.168209e-23 	-1.477105e-24 	2.377005e-22 	2.377005e-22 	7.071708e-24 		1 16 32 49 0 3 -1 14 33 53 90 106 144 15 43 51 2 111 132 20 36 50 98 123 131 
2.377005e-22 	-1.635914e-24 	7.071708e-24 	9.175822e-25 	9.175822e-25 	5.379668e-25 	9.175822e-25 	-1.635914e-24 	-5.168209e-23 	1.487579e-25 	1.435935e-25 	1.487579e-25 	7.071708e-24 	1.487579e-25 	7.071708e-24 	2.377005e-22 	2.377005e-22 	1.487579e-25 	2.377005e-22 	7.071708e-24 	-5.168209e-23 	7.071708e-24 	7.071708e-24 	-5.168209e-23 	1.487579e-25 		0 17 37 51 89 6 -1 16 39 63 9 119 145 15 45 60 93 114 145 18 37 51 87 107 142 
7.071708e-24 	-5.168209e-23 	1.487579e-25 	9.175822e-25 	9.175822e-25 	1.487579e-25 	7.071708e-24 	1.487579e-25 	7.071708e-24 	7.071708e-24 	5.644697e-24 	2.237886e-24 	7.071708e-24 	-5.168209e-23 	2.377005e-22 	1.487579e-25 	2.377005e-22 	2.377005e-22 	2.377005e-22 	-5.168209e-23 	7.071708e-24 	-1.635914e-24 	2.237886e-24 	-1.635914e-24 	7.071708e-24 		0 17 48 52 90 106 2 17 36 55 1 4 -1 16 38 60 94 119 146 16 44 57 3 112 141 
9.175822e-25 	2.377005e-22 	9.175822e-25 	9.175822e-25 	5.379668e-25 	9.175822e-25 	2.377005e-22 	9.175822e-25 	1.487579e-25 	-1.635914e-24 	7.071708e-24 	1.435935e-25 	7.071708e-24 	9.175822e-25 	2.377005e-22 	-1.635914e-24 	9.175822e-25 	1.487579e-25 	2.377005e-22 	2.377005e-22 	2.377005e-22 	-5.168209e-23 	2.377005e-22 	-1.635914e-24 	2.377005e-22 		0 17 33 -1 3 106 2 23 43 57 93 10 -1 21 40 64 87 120 147 16 46 61 101 115 149 
9.175822e-25 	-5.168209e-23 	9.175822e-25 	9.175822e-25 	5.379668e-25 	1.487579e-25 	2.377005e-22 	9.175822e-25 	9.175822e-25 	-1.635914e-24 	7.071708e-24 	-1.635914e-24 	9.175822e-25 	9.175822e-25 	1.487579e-25 	1.487579e-25 	-1.940165e-23 	5.644697e-24 	2.377005e-22 	9.175822e-25 	1.487579e-25 	-1.635914e-24 	2.377005e-22 	9.175822e-25 	2.377005e-22 		1 17 34 54 3 106 1 24 53 59 94 119 3 22 40 66 2 5 -1 20 52 61 102 124 150 
9.175822e-25 	7.071708e-24 	9.175822e-25 	5.379668e-25 	9.175822e-25 	-1.477105e-24 	7.071708e-24 	9.175822e-25 	7.071708e-24 	-1.477105e-24 	9.175822e-25 	7.071708e-24 	7.071708e-24 	7.071708e-24 	-1.635914e-24 	-1.635914e-24 	2.377005e-22 	9.175822e-25 	2.377005e-22 	7.071708e-24 	-5.168209e-23 	-5.168209e-23 	7.071708e-24 	9.175822e-25 	2.377005e-22 		2 15 35 0 93 119 1 25 38 -1 91 119 3 24 44 58 97 104 -1 22 41 65 91 123 151 
9.175822e-25 	9.175822e-25 	9.175822e-25 	1.487579e-25 	9.175822e-25 	1.487579e-25 	7.071708e-24 	9.175822e-25 	-1.477105e-24 	-1.477105e-24 	1.487579e-25 	-1.635914e-24 	2.377005e-22 	7.071708e-24 	-5.168209e-23 	7.071708e-24 	2.377005e-22 	-5.168209e-23 	6.204915e-23 	7.071708e-24 	-1.635914e-24 	-1.635914e-24 	5.644697e-24 	-1.940165e-23 	0.000000e+00 		3 14 -1 57 94 123 2 26 39 64 100 119 3 25 59 60 98 123 9 23 41 67 3 6 -1 
9.175822e-25 	7.071708e-24 	1.487579e-25 	1.487579e-25 	1.487579e-25 	1.487579e-25 	7.071708e-24 	-5.168209e-23 	-1.635914e-24 	9.175822e-25 	7.071708e-24 	-1.635914e-24 	2.377005e-22 	7.071708e-24 	2.377005e-22 	-1.635914e-24 	7.071708e-24 	2.377005e-22 	9.175822e-25 	2.377005e-22 	-5.168209e-23 	-5.168209e-23 	1.487579e-25 	-1.477105e-24 	0.000000e+00 		4 17 37 59 95 107 3 18 39 55 97 123 2 26 48 -1 95 123 4 25 45 69 104 112 -1 
9.175822e-25 	9.175822e-25 	1.487579e-25 	1.487579e-25 	5.379668e-25 	9.175822e-25 	7.071708e-24 	7.071708e-24 	-1.477105e-24 	1.487579e-25 	7.071708e-24 	2.377005e-22 	2.377005e-22 	7.071708e-24 	1.487579e-25 	-1.635914e-24 	1.487579e-25 	-5.168209e-23 	7.071708e-24 	2.377005e-22 	2.377005e-22 	-1.635914e-24 	2.377005e-22 	2.377005e-22 	5.379668e-25 		5 15 37 65 4 107 4 16 -1 58 98 124 3 27 48 65 101 123 4 26 60 61 106 128 80 
6.204915e-23 	9.175822e-25 	-5.168209e-23 	2.237886e-24 	-6.442638e-25 	5.379668e-25 	7.071708e-24 	1.487579e-25 	-1.477105e-24 	9.175822e-25 	-1.635914e-24 	-1.477105e-24 	2.377005e-22 	2.377005e-22 	7.071708e-24 	-1.477105e-24 	2.377005e-22 	-5.168209e-23 	2.377005e-22 	2.377005e-22 	9.175822e-25 	7.071708e-24 	2.377005e-22 	1.487579e-25 	-2.967199e-22 		0 -1 52 0 2 7 5 25 43 60 99 120 4 19 40 67 101 124 4 27 52 -1 99 124 9 
7.972997e-25 	-1.477105e-24 	2.377005e-22 	1.487579e-25 	-2.699881e-25 	-6.442638e-25 	7.071708e-24 	-1.635914e-24 	-1.477105e-24 	9.175822e-25 	9.175822e-25 	1.487579e-25 	2.377005e-22 	1.487579e-25 	-1.635914e-24 	-1.635914e-24 	2.377005e-22 	9.175822e-25 	2.377005e-22 	2.377005e-22 	1.487579e-25 	7.071708e-24 	9.175822e-25 	-1.635914e-24 	9.175822e-25 		4 23 52 69 2 5 6 18 45 66 95 108 5 19 -1 69 102 128 5 28 49 66 105 124 5 
2.377005e-22 	9.175822e-25 	-1.477105e-24 	9.175822e-25 	5.379668e-25 	-2.699881e-25 	-2.967199e-22 	-1.477105e-24 	2.377005e-22 	5.379668e-25 	-2.699881e-25 	7.972997e-25 	2.377005e-22 	-1.635914e-24 	-1.635914e-24 	1.487579e-25 	-5.168209e-23 	-5.168209e-23 	2.377005e-22 	-5.168209e-23 	-1.635914e-24 	7.071708e-24 	9.175822e-25 	9.175822e-25 	7.071708e-24 		12 17 48 72 1 5 1 -1 60 1 3 10 6 26 44 61 103 124 6 20 41 68 104 127 5 
2.377005e-22 	-1.477105e-24 	1.487579e-25 	9.175822e-25 	-2.699881e-25 	5.379668e-25 	5.122359e-24 	-1.635914e-24 	1.487579e-25 	9.175822e-25 	-2.505839e-24 	-2.699881e-25 	2.377005e-22 	7.071708e-24 	-1.635914e-24 	1.487579e-25 	7.071708e-24 	-1.635914e-24 	2.377005e-22 	-1.635914e-24 	7.071708e-24 	7.071708e-24 	2.377005e-22 	7.071708e-24 	7.071708e-24 		11 29 38 74 2 4 5 24 53 70 3 6 7 19 46 67 99 120 7 20 -1 70 119 129 6 
7.071708e-24 	1.487579e-25 	9.175822e-25 	5.644697e-24 	-6.442638e-25 	-2.699881e-25 	7.071708e-24 	-1.477105e-24 	-5.168209e-23 	7.071708e-24 	2.237886e-24 	-2.505839e-24 	6.204915e-23 	-1.635914e-24 	7.071708e-24 	7.972997e-25 	2.237886e-24 	1.487579e-25 	2.377005e-22 	-5.168209e-23 	7.071708e-24 	7.071708e-24 	2.377005e-22 	9.175822e-25 	7.071708e-24 		11 18 38 0 2 5 13 26 52 77 2 6 2 -1 61 9 4 107 8 27 45 72 108 129 7 
9.175822e-25 	1.487579e-25 	1.487579e-25 	9.175822e-25 	5.379668e-25 	5.379668e-25 	2.377005e-22 	1.487579e-25 	-1.635914e-24 	7.071708e-24 	-2.505839e-24 	2.237886e-24 	6.204915e-23 	7.071708e-24 	2.377005e-22 	1.487579e-25 	5.644697e-24 	2.237886e-24 	6.204915e-23 	-1.635914e-24 	7.071708e-24 	7.071708e-24 	2.377005e-22 	-1.635914e-24 	7.071708e-24 		11 23 38 76 4 7 13 32 48 79 3 5 6 25 59 71 4 7 10 20 47 74 103 124 8 
1.487579e-25 	1.487579e-25 	-1.477105e-24 	9.175822e-25 	-1.477105e-24 	9.175822e-25 	2.377005e-22 	9.175822e-25 	7.071708e-24 	2.237886e-24 	-2.699881e-25 	-2.505839e-24 	9.175822e-25 	-1.635914e-24 	-1.635914e-24 	2.377005e-22 	5.644697e-24 	5.644697e-24 	5.122359e-24 	7.071708e-24 	9.175822e-25 	9.175822e-25 	-2.699881e-25 	9.175822e-25 	-2.967199e-22 		14 24 48 77 101 119 12 19 48 1 3 6 14 27 53 82 3 7 3 -1 62 68 5 108 10 
9.175822e-25 	1.487579e-25 	1.487579e-25 	5.379668e-25 	1.487579e-25 	7.071708e-24 	7.071708e-24 	9.175822e-25 	-1.635914e-24 	7.071708e-24 	2.377005e-22 	7.972997e-25 	7.071708e-24 	9.175822e-25 	-1.635914e-24 	2.377005e-22 	5.644697e-24 	5.644697e-24 	-2.967199e-22 	-1.635914e-24 	2.377005e-22 	7.071708e-24 	-2.505839e-24 	-2.699881e-25 	2.237886e-24 		12 25 53 0 97 124 12 24 48 81 104 10 14 36 52 83 4 6 7 26 61 76 5 8 125 
1.487579e-25 	1.487579e-25 	1.487579e-25 	-1.940165e-23 	9.175822e-25 	5.379668e-25 	9.175822e-25 	9.175822e-25 	-1.635914e-24 	7.071708e-24 	-5.168209e-23 	7.071708e-24 	2.377005e-22 	1.487579e-25 	1.487579e-25 	5.379668e-25 	2.237886e-24 	5.644697e-24 	0.000000e+00 	7.071708e-24 	7.071708e-24 	2.377005e-22 	-1.940165e-23 	-2.505839e-24 	7.972997e-25 		25 26 39 0 97 5 16 25 53 82 104 123 14 20 52 2 4 7 -1 28 59 90 4 8 4 
-5.168209e-23 	1.487579e-25 	1.487579e-25 	9.175822e-25 	1.487579e-25 	5.379668e-25 	7.071708e-24 	9.175822e-25 	2.377005e-22 	1.435935e-25 	-1.635914e-24 	1.487579e-25 	2.377005e-22 	1.487579e-25 	-5.168209e-23 	2.377005e-22 	1.487579e-25 	1.487579e-25 	9.175822e-25 	1.487579e-25 	-5.168209e-23 	1.487579e-25 	-2.505839e-24 	-1.940165e-23 	6.204915e-23 		15 27 39 81 97 8 13 26 54 9 101 128 13 25 53 85 105 113 16 43 53 84 5 7 8 
2.377005e-22 	1.487579e-25 	1.487579e-25 	9.175822e-25 	9.175822e-25 	9.175822e-25 	-1.635914e-24 	9.175822e-25 	-1.477105e-24 	5.644697e-24 	7.071708e-24 	2.237886e-24 	-5.168209e-23 	1.487579e-25 	-5.168209e-23 	2.377005e-22 	-1.635914e-24 	-5.168209e-23 	7.071708e-24 	7.071708e-24 	2.377005e-22 	5.122359e-24 	-2.699881e-25 	-2.505839e-24 	0.000000e+00 		15 28 44 82 98 124 26 27 49 1 101 6 18 26 54 86 105 127 16 30 53 9 5 8 -1 
-1.477105e-24 	1.487579e-25 	1.487579e-25 	5.379668e-25 	5.379668e-25 	9.175822e-25 	2.377005e-22 	9.175822e-25 	9.175822e-25 	7.071708e-24 	-1.635914e-24 	1.435935e-25 	2.377005e-22 	1.487579e-25 	1.487579e-25 	9.175822e-25 	-1.635914e-24 	-1.635914e-24 	1.487579e-25 	-1.477105e-24 	-1.635914e-24 	2.377005e-22 	9.175822e-25 	9.175822e-25 	0.000000e+00 		14 29 45 1 5 126 19 28 40 85 101 10 14 27 55 79 104 129 15 31 54 93 111 114 -1 
1.487579e-25 	1.487579e-25 	1.487579e-25 	5.644697e-24 	5.379668e-25 	1.487579e-25 	1.487579e-25 	9.175822e-25 	9.175822e-25 	7.071708e-24 	7.071708e-24 	-1.477105e-24 	-5.168209e-23 	1.487579e-25 	-5.168209e-23 	2.237886e-24 	1.487579e-25 	5.644697e-24 	2.377005e-22 	1.487579e-25 	9.175822e-25 	2.377005e-22 	9.175822e-25 	2.377005e-22 	1.487579e-25 		13 36 46 0 5 130 16 29 45 86 102 129 27 28 54 2 104 7 19 34 62 94 112 128 21 
9.175822e-25 	-5.168209e-23 	7.071708e-24 	9.175822e-25 	9.175822e-25 	9.175822e-25 	-5.168209e-23 	-1.477105e-24 	9.175822e-25 	7.972997e-25 	9.175822e-25 	-1.477105e-24 	7.071708e-24 	1.487579e-25 	1.487579e-25 	2.377005e-22 	-5.168209e-23 	9.175822e-25 	9.175822e-25 	-1.477105e-24 	9.175822e-25 	7.071708e-24 	-5.168209e-23 	-5.168209e-23 	2.377005e-22 		13 37 52 85 101 139 15 32 46 9 99 138 20 29 41 89 105 121 15 32 63 83 105 130 16 
1.487579e-25 	9.175822e-25 	9.175822e-25 	9.175822e-25 	9.175822e-25 	9.175822e-25 	-1.635914e-24 	2.377005e-22 	9.175822e-25 	-1.940165e-23 	7.071708e-24 	9.175822e-25 	2.377005e-22 	-1.635914e-24 	1.487579e-25 	2.377005e-22 	2.377005e-22 	-1.635914e-24 	2.377005e-22 	-1.635914e-24 	-1.635914e-24 	5.379668e-25 	2.377005e-22 	-1.940165e-23 	-5.168209e-23 		13 30 48 86 102 141 14 37 47 1 104 131 18 32 46 90 106 130 28 32 55 3 105 8 20 
-1.477105e-24 	7.071708e-24 	7.071708e-24 	5.379668e-25 	-1.477105e-24 	9.175822e-25 	7.071708e-24 	9.175822e-25 	-5.168209e-23 	7.071708e-24 	7.071708e-24 	7.071708e-24 	-1.635914e-24 	-1.635914e-24 	1.487579e-25 	9.175822e-25 	7.071708e-24 	7.071708e-24 	9.175822e-25 	7.071708e-24 	7.071708e-24 	2.377005e-22 	9.175822e-25 	7.071708e-24 	1.487579e-25 		14 35 54 2 107 143 14 44 59 89 105 143 16 36 47 83 103 139 21 32 49 97 115 126 19 
1.487579e-25 	9.175822e-25 	9.175822e-25 	2.237886e-24 	5.379668e-25 	9.175822e-25 	-1.635914e-24 	7.071708e-24 	7.071708e-24 	7.071708e-24 	7.071708e-24 	7.071708e-24 	-1.635914e-24 	9.175822e-25 	-1.635914e-24 	5.644697e-24 	1.487579e-25 	1.487579e-25 	2.377005e-22 	-5.168209e-23 	-1.477105e-24 	2.377005e-22 	2.377005e-22 	7.071708e-24 	-5.168209e-23 		16 32 49 0 3 -1 14 33 53 90 106 144 15 43 51 2 111 132 20 36 50 98 123 131 29 
-1.635914e-24 	7.071708e-24 	9.175822e-25 	9.175822e-25 	5.379668e-25 	9.175822e-25 	-1.635914e-24 	-5.168209e-23 	1.487579e-25 	1.435935e-25 	1.487579e-25 	7.071708e-24 	1.487579e-25 	7.071708e-24 	2.377005e-22 	2.377005e-22 	1.487579e-25 	2.377005e-22 	7.071708e-24 	-5.168209e-23 	7.071708e-24 	7.071708e-24 	-5.168209e-23 	1.487579e-25 	-5.168209e-23 		17 37 51 89 6 -1 16 39 63 9 119 145 15 45 60 93 114 145 18 37 51 87 107 142 30 
-5.168209e-23 	1.487579e-25 	9.175822e-25 	9.175822e-25 	1.487579e-25 	7.071708e-24 	1.487579e-25 	7.071708e-24 	7.071708e-24 	5.644697e-24 	2.237886e-24 	7.071708e-24 	-5.168209e-23 	2.377005e-22 	1.487579e-25 	2.377005e-22 	2.377005e-22 	2.377005e-22 	-5.168209e-23 	7.071708e-24 	-1.635914e-24 	2.237886e-24 	-1.635914e-24 	7.071708e-24 	7.071708e-24 		17 48 52 90 106 2 17 36 55 1 4 -1 16 38 60 94 119 146 16 44 57 3 112 141 21 
2.377005e-22 	9.175822e-25 	9.175822e-25 	5.379668e-25 	9.175822e-25 	2.377005e-22 	9.175822e-25 	1.487579e-25 	-1.635914e-24 	7.071708e-24 	1.435935e-25 	7.071708e-24 	9.175822e-25 	2.377005e-22 	-1.635914e-24 	9.175822e-25 	1.487579e-25 	2.377005e-22 	2.377005e-22 	2.377005e-22 	-5.168209e-23 	2.377005e-22 	-1.635914e-24 	2.377005e-22 	2.377005e-22 		17 33 -1 3 106 2 23 43 57 93 10 -1 21 40 64 87 120 147 16 46 61 101 115 149 19 
-5.168209e-23 	9.175822e-25 	9.175822e-25 	5.379668e-25 	1.487579e-25 	2.377005e-22 	9.175822e-25 	9.175822e-25 	-1.635914e-24 	7.071708e-24 	-1.635914e-24 	9.175822e-25 	9.175822e-25 	1.487579e-25 	1.487579e-25 	-1.940165e-23 	5.644697e-24 	2.377005e-22 	9.175822e-25 	1.487579e-25 	-1.635914e-24 	2.377005e-22 	9.175822e-25 	2.377005e-22 	9.175822e-25 		17 34 54 3 106 1 24 53 59 94 119 3 22 40 66 2 5 -1 20 52 61 102 124 150 18 
7.071708e-24 	9.175822e-25 	5.379668e-25 	9.175822e-25 	-1.477105e-24 	7.071708e-24 	9.175822e-25 	7.071708e-24 	-1.477105e-24 	9.175822e-25 	7.071708e-24 	7.071708e-24 	7.071708e-24 	-1.635914e-24 	-1.635914e-24 	2.377005e-22 	9.175822e-25 	2.377005e-22 	7.071708e-24 	-5.168209e-23 	-5.168209e-23 	7.071708e-24 	9.175822e-25 	2.377005e-22 	9.175822e-25 		15 35 0 93 119 1 25 38 -1 91 119 3 24 44 58 97 104 -1 22 41 65 91 123 151 19 
9.175822e-25 	9.175822e-25 	1.487579e-25 	9.175822e-25 	1.487579e-25 	7.071708e-24 	9.175822e-25 	-1.477105e-24 	-1.477105e-24 	1.487579e-25 	-1.635914e-24 	2.377005e-22 	7.071708e-24 	-5.168209e-23 	7.071708e-24 	2.377005e-22 	-5.168209e-23 	6.204915e-23 	7.071708e-24 	-1.635914e-24 	-1.635914e-24 	5.644697e-24 	-1.940165e-23 	0.000000e+00 	7.071708e-24 		14 -1 57 94 123 2 26 39 64 100 119 3 25 59 60 98 123 9 23 41 67 3 6 -1 21 
7.071708e-24 	1.487579e-25 	1.487579e-25 	1.487579e-25 	1.487579e-25 	7.071708e-24 	-5.168209e-23 	-1.635914e-24 	9.175822e-25 	7.071708e-24 	-1.635914e-24 	2.377005e-22 	7.071708e-24 	2.377005e-22 	-1.635914e-24 	7.071708e-24 	2.377005e-22 	9.175822e-25 	2.377005e-22 	-5.168209e-23 	-5.168209e-23 	1.487579e-25 	-1.477105e-24 	0.000000e+00 	2.377005e-22 		17 37 59 95 107 3 18 39 55 97 123 2 26 48 -1 95 123 4 25 45 69 104 112 -1 23 
9.175822e-25 	1.487579e-25 	1.487579e-25 	5.379668e-25 	9.175822e-25 	7.071708e-24 	7.071708e-24 	-1.477105e-24 	1.487579e-25 	7.071708e-24 	2.377005e-22 	2.377005e-22 	7.071708e-24 	1.487579e-25 	-1.635914e-24 	1.487579e-25 	-5.168209e-23 	7.071708e-24 	2.377005e-22 	2.377005e-22 	-1.635914e-24 	2.377005e-22 	2.377005e-22 	5.379668e-25 	2.377005e-22 		15 37 65 4 107 4 16 -1 58 98 124 3 27 48 65 101 123 4 26 60 61 106 128 80 24 
9.175822e-25 	-5.168209e-23 	2.237886e-24 	-6.442638e-25 	5.379668e-25 	7.071708e-24 	1.487579e-25 	-1.477105e-24 	9.175822e-25 	-1.635914e-24 	-1.477105e-24 	2.377005e-22 	2.377005e-22 	7.071708e-24 	-1.477105e-24 	2.377005e-22 	-5.168209e-23 	2.377005e-22 	2.377005e-22 	9.175822e-25 	7.071708e-24 	2.377005e-22 	1.487579e-25 	-2.967199e-22 	2.377005e-22 		-1 52 0 2 7 5 25 43 60 99 120 4 19 40 67 101 124 4 27 52 -1 99 124 9 27 
-1.477105e-24 	2.377005e-22 	1.487579e-25 	-2.699881e-25 	-6.442638e-25 	7.071708e-24 	-1.635914e-24 	-1.477105e-24 	9.175822e-25 	9.175822e-25 	1.487579e-25 	2.377005e-22 	1.487579e-25 	-1.635914e-24 	-1.635914e-24 	2.377005e-22 	9.175822e-25 	2.377005e-22 	2.377005e-22 	1.487579e-25 	7.071708e-24 	9.175822e-25 	-1.635914e-24 	9.175822e-25 	2.377005e-22 		23 52 69 2 5 6 18 45 66 95 108 5 19 -1 69 102 128 5 28 49 66 105 124 5 28 
9.175822e-25 	-1.477105e-24 	9.175822e-25 	5.379668e-25 	-2.699881e-25 	-2.967199e-22 	-1.477105e-24 	2.377005e-22 	5.379668e-25 	-2.699881e-25 	7.972997e-25 	2.377005e-22 	-1.635914e-24 	-1.635914e-24 	1.487579e-25 	-5.168209e-23 	-5.168209e-23 	2.377005e-22 	-5.168209e-23 	-1.635914e-24 	7.071708e-24 	9.175822e-25 	9.175822e-25 	7.071708e-24 	2.377005e-22 		17 48 72 1 5 1 -1 60 1 3 10 6 26 44 61 103 124 6 20 41 68 104 127 5 29 
-1.477105e-24 	1.487579e-25 	9.175822e-25 	-2.699881e-25 	5.379668e-25 	5.122359e-24 	-1.635914e-24 	1.487579e-25 	9.175822e-25 	-2.505839e-24 	-2.699881e-25 	2.377005e-22 	7.071708e-24 	-1.635914e-24 	1.487579e-25 	7.071708e-24 	-1.635914e-24 	2.377005e-22 	-1.635914e-24 	7.071708e-24 	7.071708e-24 	2.377005e-22 	7.071708e-24 	7.071708e-24 	-5.168209e-23 		29 38 74 2 4 5 24 53 70 3 6 7 19 46 67 99 120 7 20 -1 70 119 129 6 32 
1.487579e-25 	9.175822e-25 	5.644697e-24 	-6.442638e-25 	-2.699881e-25 	7.071708e-24 	-1.477105e-24 	-5.168209e-23 	7.071708e-24 	2.237886e-24 	-2.505839e-24 	6.204915e-23 	-1.635914e-24 	7.071708e-24 	7.972997e-25 	2.237886e-24 	1.487579e-25 	2.377005e-22 	-5.168209e-23 	7.071708e-24 	7.071708e-24 	2.377005e-22 	9.175822e-25 	7.071708e-24 	-1.635914e-24 		18 38 0 2 5 13 26 52 77 2 6 2 -1 61 9 4 107 8 27 45 72 108 129 7 21 
1.487579e-25 	1.487579e-25 	9.175822e-25 	5.379668e-25 	5.379668e-25 	2.377005e-22 	1.487579e-25 	-1.635914e-24 	7.071708e-24 	-2.505839e-24 	2.237886e-24 	6.204915e-23 	7.071708e-24 	2.377005e-22 	1.487579e-25 	5.644697e-24 	2.237886e-24 	6.204915e-23 	-1.635914e-24 	7.071708e-24 	7.071708e-24 	2.377005e-22 	-1.635914e-24 	7.071708e-24 	-5.168209e-23 		23 38 76 4 7 13 32 48 79 3 5 6 25 59 71 4 7 10 20 47 74 103 124 8 21 
1.487579e-25 	-1.477105e-24 	9.175822e-25 	-1.477105e-24 	9.175822e-25 	2.377005e-22 	9.175822e-25 	7.071708e-24 	2.237886e-24 	-2.699881e-25 	-2.505839e-24 	9.175822e-25 	-1.635914e-24 	-1.635914e-24 	2.377005e-22 	5.644697e-24 	5.644697e-24 	5.122359e-24 	7.071708e-24 	9.175822e-25 	9.175822e-25 	-2.699881e-25 	9.175822e-25 	-2.967199e-22 	2.377005e-22 		24 48 77 101 119 12 19 48 1 3 6 14 27 53 82 3 7 3 -1 62 68 5 108 10 28 
1.487579e-25 	1.487579e-25 	5.379668e-25 	1.487579e-25 	7.071708e-24 	7.071708e-24 	9.175822e-25 	-1.635914e-24 	7.071708e-24 	2.377005e-22 	7.972997e-25 	7.071708e-24 	9.175822e-25 	-1.635914e-24 	2.377005e-22 	5.644697e-24 	5.644697e-24 	-2.967199e-22 	-1.635914e-24 	2.377005e-22 	7.071708e-24 	-2.505839e-24 	-2.699881e-25 	2.237886e-24 	-1.477105e-24 		25 53 0 97 124 12 24 48 81 104 10 14 36 52 83 4 6 7 26 61 76 5 8 125 21 
1.487579e-25 	1.487579e-25 	-1.940165e-23 	9.175822e-25 	5.379668e-25 	9.175822e-25 	9.175822e-25 	-1.635914e-24 	7.071708e-24 	-5.168209e-23 	7.071708e-24 	2.377005e-22 	1.487579e-25 	1.487579e-25 	5.379668e-25 	2.237886e-24 	5.644697e-24 	0.000000e+00 	7.071708e-24 	7.071708e-24 	2.377005e-22 	-1.940165e-23 	-2.505839e-24 	7.972997e-25 	-1.635914e-24 		26 39 0 97 5 16 25 53 82 104 123 14 20 52 2 4 7 -1 28 59 90 4 8 4 -1 
1.487579e-25 	1.487579e-25 	9.175822e-25 	1.487579e-25 	5.379668e-25 	7.071708e-24 	9.175822e-25 	2.377005e-22 	1.435935e-25 	-1.635914e-24 	1.487579e-25 	2.377005e-22 	1.487579e-25 	-5.168209e-23 	2.377005e-22 	1.487579e-25 	1.487579e-25 	9.175822e-25 	1.487579e-25 	-5.168209e-23 	1.487579e-25 	-2.505839e-24 	-1.940165e-23 	6.204915e-23 	-1.477105e-24 		27 39 81 97 8 13 26 54 9 101 128 13 25 53 85 105 113 16 43 53 84 5 7 8 27 
1.487579e-25 	1.487579e-25 	9.175822e-25 	9.175822e-25 	9.175822e-25 	-1.635914e-24 	9.175822e-25 	-1.477105e-24 	5.644697e-24 	7.071708e-24 	2.237886e-24 	-5.168209e-23 	1.487579e-25 	-5.168209e-23 	2.377005e-22 	-1.635914e-24 	-5.168209e-23 	7.071708e-24 	7.071708e-24 	2.377005e-22 	5.122359e-24 	-2.699881e-25 	-2.505839e-24 	0.000000e+00 	-1.635914e-24 		28 44 82 98 124 26 27 49 1 101 6 18 26 54 86 105 127 16 30 53 9 5 8 -1 29 
1.487579e-25 	1.487579e-25 	5.379668e-25 	5.379668e-25 	9.175822e-25 	2.377005e-22 	9.175822e-25 	9.175822e-25 	7.071708e-24 	-1.635914e-24 	1.435935e-25 	2.377005e-22 	1.487579e-25 	1.487579e-25 	9.175822e-25 	-1.635914e-24 	-1.635914e-24 	1.487579e-25 	-1.477105e-24 	-1.635914e-24 	2.377005e-22 	9.175822e-25 	9.175822e-25 	0.000000e+00 	-1.635914e-24 		29 45 1 5 126 19 28 40 85 101 10 14 27 55 79 104 129 15 31 54 93 111 114 -1 44 
1.487579e-25 	1.487579e-25 	5.644697e-24 	5.379668e-25 	1.487579e-25 	1.487579e-25 	9.175822e-25 	9.175822e-25 	7.071708e-24 	7.071708e-24 	-1.477105e-24 	-5.168209e-23 	1.487579e-25 	-5.168209e-23 	2.237886e-24 	1.487579e-25 	5.644697e-24 	2.377005e-22 	1.487579e-25 	9.175822e-25 	2.377005e-22 	9.175822e-25 	2.377005e-22 	1.487579e-25 	2.377005e-22 		36 46 0 5 130 16 29 45 86 102 129 27 28 54 2 104 7 19 34 62 94 112 128 21 33 
-5.168209e-23 	7.071708e-24 	9.175822e-25 	9.175822e-25 	9.175822e-25 	-5.168209e-23 	-1.477105e-24 	9.175822e-25 	7.972997e-25 	9.175822e-25 	-1.477105e-24 	7.071708e-24 	1.487579e-25 	1.487579e-25 	2.377005e-22 	-5.168209e-23 	9.175822e-25 	9.175822e-25 	-1.477105e-24 	9.175822e-25 	7.071708e-24 	-5.168209e-23 	-5.168209e-23 	2.377005e-22 	-1.635914e-24 		37 52 85 101 139 15 32 46 9 99 138 20 29 41 89 105 121 15 32 63 83 105 130 16 34 
9.175822e-25 	9.175822e-25 	9.175822e-25 	9.175822e-25 	9.175822e-25 	-1.635914e-24 	2.377005e-22 	9.175822e-25 	-1.940165e-23 	7.071708e-24 	9.175822e-25 	2.377005e-22 	-1.635914e-24 	1.487579e-25 	2.377005e-22 	2.377005e-22 	-1.635914e-24 	2.377005e-22 	-1.635914e-24 	-1.635914e-24 	5.379668e-25 	2.377005e-22 	-1.940165e-23 	-5.168209e-23 	2.377005e-22 		30 48 86 102 141 14 37 47 1 104 131 18 32 46 90 106 130 28 32 55 3 105 8 20 35 
7.071708e-24 	7.071708e-24 	5.379668e-25 	-1.477105e-24 	9.175822e-25 	7.071708e-24 	9.175822e-25 	-5.168209e-23 	7.071708e-24 	7.071708e-24 	7.071708e-24 	-1.635914e-24 	-1.635914e-24 	1.487579e-25 	9.175822e-25 	7.071708e-24 	7.071708e-24 	9.175822e-25 	7.071708e-24 	7.071708e-24 	2.377005e-22 	9.175822e-25 	7.071708e-24 	1.487579e-25 	-5.168209e-23 		35 54 2 107 143 14 44 59 89 105 143 16 36 47 83 103 139 21 32 49 97 115 126 19 35 
9.175822e-25 	9.175822e-25 	2.237886e-24 	5.379668e-25 	9.175822e-25 	-1.635914e-24 	7.071708e-24 	7.071708e-24 	7.071708e-24 	7.071708e-24 	7.071708e-24 	-1.635914e-24 	9.175822e-25 	-1.635914e-24 	5.644697e-24 	1.487579e-25 	1.487579e-25 	2.377005e-22 	-5.168209e-23 	-1.477105e-24 	2.377005e-22 	2.377005e-22 	7.071708e-24 	-5.168209e-23 	-1.635914e-24 		32 49 0 3 -1 14 33 53 90 106 144 15 43 51 2 111 132 20 36 50 98 123 131 29 35 
7.071708e-24 	9.175822e-25 	9.175822e-25 	5.379668e-25 	9.175822e-25 	-1.635914e-24 	-5.168209e-23 	1.487579e-25 	1.435935e-25 	1.487579e-25 	7.071708e-24 	1.487579e-25 	7.071708e-24 	2.377005e-22 	2.377005e-22 	1.487579e-25 	2.377005e-22 	7.071708e-24 	-5.168209e-23 	7.071708e-24 	7.071708e-24 	-5.168209e-23 	1.487579e-25 	-5.168209e-23 	1.487579e-25 		37 51 89 6 -1 16 39 63 9 119 145 15 45 60 93 114 145 18 37 51 87 107 142 30 35 
1.487579e-25 	9.175822e-25 	9.175822e-25 	1.487579e-25 	7.071708e-24 	1.487579e-25 	7.071708e-24 	7.071708e-24 	5.644697e-24 	2.237886e-24 	7.071708e-24 	-5.168209e-23 	2.377005e-22 	1.487579e-25 	2.377005e-22 	2.377005e-22 	2.377005e-22 	-5.168209e-23 	7.071708e-24 	-1.635914e-24 	2.237886e-24 	-1.635914e-24 	7.071708e-24 	7.071708e-24 	-1.635914e-24 		48 52 90 106 2 17 36 55 1 4 -1 16 38 60 94 119 146 16 44 57 3 112 141 21 37 
9.175822e-25 	9.175822e-25 	5.379668e-25 	9.175822e-25 	2.377005e-22 	9.175822e-25 	1.487579e-25 	-1.635914e-24 	7.071708e-24 	1.435935e-25 	7.071708e-24 	9.175822e-25 	2.377005e-22 	-1.635914e-24 	9.175822e-25 	1.487579e-25 	2.377005e-22 	2.377005e-22 	2.377005e-22 	-5.168209e-23 	2.377005e-22 	-1.635914e-24 	2.377005e-22 	2.377005e-22 	9.175822e-25 		33 -1 3 106 2 23 43 57 93 10 -1 21 40 64 87 120 147 16 46 61 101 115 149 19 42 
9.175822e-25 	9.175822e-25 	5.379668e-25 	1.487579e-25 	2.377005e-22 	9.175822e-25 	9.175822e-25 	-1.635914e-24 	7.071708e-24 	-1.635914e-24 	9.175822e-25 	9.175822e-25 	1.487579e-25 	1.487579e-25 	-1.940165e-23 	5.644697e-24 	2.377005e-22 	9.175822e-25 	1.487579e-25 	-1.635914e-24 	2.377005e-22 	9.175822e-25 	2.377005e-22 	9.175822e-25 	2.377005e-22 		34 54 3 106 1 24 53 59 94 119 3 22 40 66 2 5 -1 20 52 61 102 124 150 18 45 
9.175822e-25 	5.379668e-25 	9.175822e-25 	-1.477105e-24 	7.071708e-24 	9.175822e-25 	7.071708e-24 	-1.477105e-24 	9.175822e-25 	7.071708e-24 	7.071708e-24 	7.071708e-24 	-1.635914e-24 	-1.635914e-24 	2.377005e-22 	9.175822e-25 	2.377005e-22 	7.071708e-24 	-5.168209e-23 	-5.168209e-23 	7.071708e-24 	9.175822e-25 	2.377005e-22 	9.175822e-25 	-5.168209e-23 		35 0 93 119 1 25 38 -1 91 119 3 24 44 58 97 104 -1 22 41 65 91 123 151 19 51 
9.175822e-25 	1.487579e-25 	9.175822e-25 	1.487579e-25 	7.071708e-24 	9.175822e-25 	-1.477105e-24 	-1.477105e-24 	1.487579e-25 	-1.635914e-24 	2.377005e-22 	7.071708e-24 	-5.168209e-23 	7.071708e-24 	2.377005e-22 	-5.168209e-23 	6.204915e-23 	7.071708e-24 	-1.635914e-24 	-1.635914e-24 	5.644697e-24 	-1.940165e-23 	0.000000e+00 	7.071708e-24 	2.377005e-22 		-1 57 94 123 2 26 39 64 100 119 3 25 59 60 98 123 9 23 41 67 3 6 -1 21 53 
1.487579e-25 	1.487579e-25 	1.487579e-25 	1.487579e-25 	7.071708e-24 	-5.168209e-23 	-1.635914e-24 	9.175822e-25 	7.071708e-24 	-1.635914e-24 	2.377005e-22 	7.071708e-24 	2.377005e-22 	-1.635914e-24 	7.071708e-24 	2.377005e-22 	9.175822e-25 	2.377005e-22 	-5.168209e-23 	-5.168209e-23 	1.487579e-25 	-1.477105e-24 	0.000000e+00 	2.377005e-22 	-1.635914e-24 		37 59 95 107 3 18 39 55 97 123 2 26 48 -1 95 123 4 25 45 69 104 112 -1 23 42 
1.487579e-25 	1.487579e-25 	5.379668e-25 	9.175822e-25 	7.071708e-24 	7.071708e-24 	-1.477105e-24 	1.487579e-25 	7.071708e-24 	2.377005e-22 	2.377005e-22 	7.071708e-24 	1.487579e-25 	-1.635914e-24 	1.487579e-25 	-5.168209e-23 	7.071708e-24 	2.377005e-22 	2.377005e-22 	-1.635914e-24 	2.377005e-22 	2.377005e-22 	5.379668e-25 	2.377005e-22 	-5.168209e-23 		37 65 4 107 4 16 -1 58 98 124 3 27 48 65 101 123 4 26 60 61 106 128 80 24 42 
-5.168209e-23 	2.237886e-24 	-6.442638e-25 	5.379668e-25 	7.071708e-24 	1.487579e-25 	-1.477105e-24 	9.175822e-25 	-1.635914e-24 	-1.477105e-24 	2.377005e-22 	2.377005e-22 	7.071708e-24 	-1.477105e-24 	2.377005e-22 	-5.168209e-23 	2.377005e-22 	2.377005e-22 	9.175822e-25 	7.071708e-24 	2.377005e-22 	1.487579e-25 	-2.967199e-22 	2.377005e-22 	2.377005e-22 		52 0 2 7 5 25 43 60 99 120 4 19 40 67 101 124 4 27 52 -1 99 124 9 27 46 
2.377005e-22 	1.487579e-25 	-2.699881e-25 	-6.442638e-25 	7.071708e-24 	-1.635914e-24 	-1.477105e-24 	9.175822e-25 	9.175822e-25 	1.487579e-25 	2.377005e-22 	1.487579e-25 	-1.635914e-24 	-1.635914e-24 	2.377005e-22 	9.175822e-25 	2.377005e-22 	2.377005e-22 	1.487579e-25 	7.071708e-24 	9.175822e-25 	-1.635914e-24 	9.175822e-25 	2.377005e-22 	-5.168209e-23 		52 69 2 5 6 18 45 66 95 108 5 19 -1 69 102 128 5 28 49 66 105 124 5 28 61 
-1.477105e-24 	9.175822e-25 	5.379668e-25 	-2.699881e-25 	-2.967199e-22 	-1.477105e-24 	2.377005e-22 	5.379668e-25 	-2.699881e-25 	7.972997e-25 	2.377005e-22 	-1.635914e-24 	-1.635914e-24 	1.487579e-25 	-5.168209e-23 	-5.168209e-23 	2.377005e-22 	-5.168209e-23 	-1.635914e-24 	7.071708e-24 	9.175822e-25 	9.175822e-25 	7.071708e-24 	2.377005e-22 	9.175822e-25 		48 72 1 5 1 -1 60 1 3 10 6 26 44 61 103 124 6 20 41 68 104 127 5 29 54 
1.487579e-25 	9.175822e-25 	-2.699881e-25 	5.379668e-25 	5.122359e-24 	-1.635914e-24 	1.487579e-25 	9.175822e-25 	-2.505839e-24 	-2.699881e-25 	2.377005e-22 	7.071708e-24 	-1.635914e-24 	1.487579e-25 	7.071708e-24 	-1.635914e-24 	2.377005e-22 	-1.635914e-24 	7.071708e-24 	7.071708e-24 	2.377005e-22 	7.071708e-24 	7.071708e-24 	-5.168209e-23 	9.175822e-25 		38 74 2 4 5 24 53 70 3 6 7 19 46 67 99 120 7 20 -1 70 119 129 6 32 53 
9.175822e-25 	5.644697e-24 	-6.442638e-25 	-2.699881e-25 	7.071708e-24 	-1.477105e-24 	-5.168209e-23 	7.071708e-24 	2.237886e-24 	-2.505839e-24 	6.204915e-23 	-1.635914e-24 	7.071708e-24 	7.972997e-25 	2.237886e-24 	1.487579e-25 	2.377005e-22 	-5.168209e-23 	7.071708e-24 	7.071708e-24 	2.377005e-22 	9.175822e-25 	7.071708e-24 	-1.635914e-24 	-1.477105e-24 		38 0 2 5 13 26 52 77 2 6 2 -1 61 9 4 107 8 27 45 72 108 129 7 21 42 
1.487579e-25 	9.175822e-25 	5.379668e-25 	5.379668e-25 	2.377005e-22 	1.487579e-25 	-1.635914e-24 	7.071708e-24 	-2.505839e-24 	2.237886e-24 	6.204915e-23 	7.071708e-24 	2.377005e-22 	1.487579e-25 	5.644697e-24 	2.237886e-24 	6.204915e-23 	-1.635914e-24 	7.071708e-24 	7.071708e-24 	2.377005e-22 	-1.635914e-24 	7.071708e-24 	-5.168209e-23 	-1.635914e-24 		38 76 4 7 13 32 48 79 3 5 6 25 59 71 4 7 10 20 47 74 103 124 8 21 -1 
-1.477105e-24 	9.175822e-25 	-1.477105e-24 	9.175822e-25 	2.377005e-22 	9.175822e-25 	7.071708e-24 	2.237886e-24 	-2.699881e-25 	-2.505839e-24 	9.175822e-25 	-1.635914e-24 	-1.635914e-24 	2.377005e-22 	5.644697e-24 	5.644697e-24 	5.122359e-24 	7.071708e-24 	9.175822e-25 	9.175822e-25 	-2.699881e-25 	9.175822e-25 	-2.967199e-22 	2.377005e-22 	-1.635914e-24 		48 77 101 119 12 19 48 1 3 6 14 27 53 82 3 7 3 -1 62 68 5 108 10 28 46 
1.487579e-25 	5.379668e-25 	1.487579e-25 	7.071708e-24 	7.071708e-24 	9.175822e-25 	-1.635914e-24 	7.071708e-24 	2.377005e-22 	7.972997e-25 	7.071708e-24 	9.175822e-25 	-1.635914e-24 	2.377005e-22 	5.644697e-24 	5.644697e-24 	-2.967199e-22 	-1.635914e-24 	2.377005e-22 	7.071708e-24 	-2.505839e-24 	-2.699881e-25 	2.237886e-24 	-1.477105e-24 	-5.168209e-23 		53 0 97 124 12 24 48 81 104 10 14 36 52 83 4 6 7 26 61 76 5 8 125 21 51 
1.487579e-25 	-1.940165e-23 	9.175822e-25 	5.379668e-25 	9.175822e-25 	9.175822e-25 	-1.635914e-24 	7.071708e-24 	-5.168209e-23 	7.071708e-24 	2.377005e-22 	1.487579e-25 	1.487579e-25 	5.379668e-25 	2.237886e-24 	5.644697e-24 	0.000000e+00 	7.071708e-24 	7.071708e-24 	2.377005e-22 	-1.940165e-23 	-2.505839e-24 	7.972997e-25 	-1.635914e-24 	-5.168209e-23 		39 0 97 5 16 25 53 82 104 123 14 20 52 2 4 7 -1 28 59 90 4 8 4 -1 72 
1.487579e-25 	9.175822e-25 	1.487579e-25 	5.379668e-25 	7.071708e-24 	9.175822e-25 	2.377005e-22 	1.435935e-25 	-1.635914e-24 	1.487579e-25 	2.377005e-22 	1.487579e-25 	-5.168209e-23 	2.377005e-22 	1.487579e-25 	1.487579e-25 	9.175822e-25 	1.487579e-25 	-5.168209e-23 	1.487579e-25 	-2.505839e-24 	-1.940165e-23 	6.204915e-23 	-1.477105e-24 	7.071708e-24 		39 81 97 8 13 26 54 9 101 128 13 25 53 85 105 113 16 43 53 84 5 7 8 27 62 
1.487579e-25 	9.175822e-25 	9.175822e-25 	9.175822e-25 	-1.635914e-24 	9.175822e-25 	-1.477105e-24 	5.644697e-24 	7.071708e-24 	2.237886e-24 	-5.168209e-23 	1.487579e-25 	-5.168209e-23 	2.377005e-22 	-1.635914e-24 	-5.168209e-23 	7.071708e-24 	7.071708e-24 	2.377005e-22 	5.122359e-24 	-2.699881e-25 	-2.505839e-24 	0.000000e+00 	-1.635914e-24 	2.377005e-22 		44 82 98 124 26 27 49 1 101 6 18 26 54 86 105 127 16 30 53 9 5 8 -1 29 60 
1.487579e-25 	5.379668e-25 	5.379668e-25 	9.175822e-25 	2.377005e-22 	9.175822e-25 	9.175822e-25 	7.071708e-24 	-1.635914e-24 	1.435935e-25 	2.377005e-22 	1.487579e-25 	1.487579e-25 	9.175822e-25 	-1.635914e-24 	-1.635914e-24 	1.487579e-25 	-1.477105e-24 	-1.635914e-24 	2.377005e-22 	9.175822e-25 	9.175822e-25 	0.000000e+00 	-1.635914e-24 	9.175822e-25 		45 1 5 126 19 28 40 85 101 10 14 27 55 79 104 129 15 31 54 93 111 114 -1 44 59 
1.487579e-25 	5.644697e-24 	5.379668e-25 	1.487579e-25 	1.487579e-25 	9.175822e-25 	9.175822e-25 	7.071708e-24 	7.071708e-24 	-1.477105e-24 	-5.168209e-23 	1.487579e-25 	-5.168209e-23 	2.237886e-24 	1.487579e-25 	5.644697e-24 	2.377005e-22 	1.487579e-25 	9.175822e-25 	2.377005e-22 	9.175822e-25 	2.377005e-22 	1.487579e-25 	2.377005e-22 	1.487579e-25 		46 0 5 130 16 29 45 86 102 129 27 28 54 2 104 7 19 34 62 94 112 128 21 33 54 
7.071708e-24 	9.175822e-25 	9.175822e-25 	9.175822e-25 	-5.168209e-23 	-1.477105e-24 	9.175822e-25 	7.972997e-25 	9.175822e-25 	-1.477105e-24 	7.071708e-24 	1.487579e-25 	1.487579e-25 	2.377005e-22 	-5.168209e-23 	9.175822e-25 	9.175822e-25 	-1.477105e-24 	9.175822e-25 	7.071708e-24 	-5.168209e-23 	-5.168209e-23 	2.377005e-22 	-1.635914e-24 	9.175822e-25 		52 85 101 139 15 32 46 9 99 138 20 29 41 89 105 121 15 32 63 83 105 130 16 34 61 
9.175822e-25 	9.175822e-25 	9.175822e-25 	9.175822e-25 	-1.635914e-24 	2.377005e-22 	9.175822e-25 	-1.940165e-23 	7.071708e-24 	9.175822e-25 	2.377005e-22 	-1.635914e-24 	1.487579e-25 	2.377005e-22 	2.377005e-22 	-1.635914e-24 	2.377005e-22 	-1.635914e-24 	-1.635914e-24 	5.379668e-25 	2.377005e-22 	-1.940165e-23 	-5.168209e-23 	2.377005e-22 	7.071708e-24 		48 86 102 141 14 37 47 1 104 131 18 32 46 90 106 130 28 32 55 3 105 8 20 35 63 
7.071708e-24 	5.379668e-25 	-1.477105e-24 	9.175822e-25 	7.071708e-24 	9.175822e-25 	-5.168209e-23 	7.071708e-24 	7.071708e-24 	7.071708e-24 	-1.635914e-24 	-1.635914e-24 	1.487579e-25 	9.175822e-25 	7.071708e-24 	7.071708e-24 	9.175822e-25 	7.071708e-24 	7.071708e-24 	2.377005e-22 	9.175822e-25 	7.071708e-24 	1.487579e-25 	-5.168209e-23 	7.071708e-24 		54 2 107 143 14 44 59 89 105 143 16 36 47 83 103 139 21 32 49 97 115 126 19 35 64 
9.175822e-25 	2.237886e-24 	5.379668e-25 	9.175822e-25 	-1.635914e-24 	7.071708e-24 	7.071708e-24 	7.071708e-24 	7.071708e-24 	7.071708e-24 	-1.635914e-24 	9.175822e-25 	-1.635914e-24 	5.644697e-24 	1.487579e-25 	1.487579e-25 	2.377005e-22 	-5.168209e-23 	-1.477105e-24 	2.377005e-22 	2.377005e-22 	7.071708e-24 	-5.168209e-23 	-1.635914e-24 	9.175822e-25 		49 0 3 -1 14 33 53 90 106 144 15 43 51 2 111 132 20 36 50 98 123 131 29 35 64 
9.175822e-25 	9.175822e-25 	5.379668e-25 	9.175822e-25 	-1.635914e-24 	-5.168209e-23 	1.487579e-25 	1.435935e-25 	1.487579e-25 	7.071708e-24 	1.487579e-25 	7.071708e-24 	2.377005e-22 	2.377005e-22 	1.487579e-25 	2.377005e-22 	7.071708e-24 	-5.168209e-23 	7.071708e-24 	7.071708e-24 	-5.168209e-23 	1.487579e-25 	-5.168209e-23 	1.487579e-25 	1.487579e-25 		51 89 6 -1 16 39 63 9 119 145 15 45 60 93 114 145 18 37 51 87 107 142 30 35 54 
9.175822e-25 	9.175822e-25 	1.487579e-25 	7.071708e-24 	1.487579e-25 	7.071708e-24 	7.071708e-24 	5.644697e-24 	2.237886e-24 	7.071708e-24 	-5.168209e-23 	2.377005e-22 	1.487579e-25 	2.377005e-22 	2.377005e-22 	2.377005e-22 	-5.168209e-23 	7.071708e-24 	-1.635914e-24 	2.237886e-24 	-1.635914e-24 	7.071708e-24 	7.071708e-24 	-1.635914e-24 	-1.635914e-24 		52 90 106 2 17 36 55 1 4 -1 16 38 60 94 119 146 16 44 57 3 112 141 21 37 51 
9.175822e-25 	5.379668e-25 	9.175822e-25 	2.377005e-22 	9.175822e-25 	1.487579e-25 	-1.635914e-24 	7.071708e-24 	1.435935e-25 	7.071708e-24 	9.175822e-25 	2.377005e-22 	-1.635914e-24 	9.175822e-25 	1.487579e-25 	2.377005e-22 	2.377005e-22 	2.377005e-22 	-5.168209e-23 	2.377005e-22 	-1.635914e-24 	2.377005e-22 	2.377005e-22 	9.175822e-25 	1.487579e-25 		-1 3 106 2 23 43 57 93 10 -1 21 40 64 87 120 147 16 46 61 101 115 149 19 42 56 
9.175822e-25 	5.379668e-25 	1.487579e-25 	2.377005e-22 	9.175822e-25 	9.175822e-25 	-1.635914e-24 	7.071708e-24 	-1.635914e-24 	9.175822e-25 	9.175822e-25 	1.487579e-25 	1.487579e-25 	-1.940165e-23 	5.644697e-24 	2.377005e-22 	9.175822e-25 	1.487579e-25 	-1.635914e-24 	2.377005e-22 	9.175822e-25 	2.377005e-22 	9.175822e-25 	2.377005e-22 	2.377005e-22 		54 3 106 1 24 53 59 94 119 3 22 40 66 2 5 -1 20 52 61 102 124 150 18 45 58 
5.379668e-25 	9.175822e-25 	-1.477105e-24 	7.071708e-24 	9.175822e-25 	7.071708e-24 	-1.477105e-24 	9.175822e-25 	7.071708e-24 	7.071708e-24 	7.071708e-24 	-1.635914e-24 	-1.635914e-24 	2.377005e-22 	9.175822e-25 	2.377005e-22 	7.071708e-24 	-5.168209e-23 	-5.168209e-23 	7.071708e-24 	9.175822e-25 	2.377005e-22 	9.175822e-25 	-5.168209e-23 	-1.635914e-24 		0 93 119 1 25 38 -1 91 119 3 24 44 58 97 104 -1 22 41 65 91 123 151 19 51 62 
1.487579e-25 	9.175822e-25 	1.487579e-25 	7.071708e-24 	9.175822e-25 	-1.477105e-24 	-1.477105e-24 	1.487579e-25 	-1.635914e-24 	2.377005e-22 	7.071708e-24 	-5.168209e-23 	7.071708e-24 	2.377005e-22 	-5.168209e-23 	6.204915e-23 	7.071708e-24 	-1.635914e-24 	-1.635914e-24 	5.644697e-24 	-1.940165e-23 	0.000000e+00 	7.071708e-24 	2.377005e-22 	-5.168209e-23 		57 94 123 2 26 39 64 100 119 3 25 59 60 98 123 9 23 41 67 3 6 -1 21 53 62 
1.487579e-25 	1.487579e-25 	1.487579e-25 	7.071708e-24 	-5.168209e-23 	-1.635914e-24 	9.175822e-25 	7.071708e-24 	-1.635914e-24 	2.377005e-22 	7.071708e-24 	2.377005e-22 	-1.635914e-24 	7.071708e-24 	2.377005e-22 	9.175822e-25 	2.377005e-22 	-5.168209e-23 	-5.168209e-23 	1.487579e-25 	-1.477105e-24 	0.000000e+00 	2.377005e-22 	-1.635914e-24 	2.377005e-22 		59 95 107 3 18 39 55 97 123 2 26 48 -1 95 123 4 25 45 69 104 112 -1 23 42 66 
1.487579e-25 	5.379668e-25 	9.175822e-25 	7.071708e-24 	7.071708e-24 	-1.477105e-24 	1.487579e-25 	7.071708e-24 	2.377005e-22 	2.377005e-22 	7.071708e-24 	1.487579e-25 	-1.635914e-24 	1.487579e-25 	-5.168209e-23 	7.071708e-24 	2.377005e-22 	2.377005e-22 	-1.635914e-24 	2.377005e-22 	2.377005e-22 	5.379668e-25 	2.377005e-22 	-5.168209e-23 	2.377005e-22 		65 4 107 4 16 -1 58 98 124 3 27 48 65 101 123 4 26 60 61 106 128 80 24 42 68 
2.237886e-24 	-6.442638e-25 	5.379668e-25 	7.071708e-24 	1.487579e-25 	-1.477105e-24 	9.175822e-25 	-1.635914e-24 	-1.477105e-24 	2.377005e-22 	2.377005e-22 	7.071708e-24 	-1.477105e-24 	2.377005e-22 	-5.168209e-23 	2.377005e-22 	2.377005e-22 	9.175822e-25 	7.071708e-24 	2.377005e-22 	1.487579e-25 	-2.967199e-22 	2.377005e-22 	2.377005e-22 	2.377005e-22 		0 2 7 5 25 43 60 99 120 4 19 40 67 101 124 4 27 52 -1 99 124 9 27 46 70 
1.487579e-25 	-2.699881e-25 	-6.442638e-25 	7.071708e-24 	-1.635914e-24 	-1.477105e-24 	9.175822e-25 	9.175822e-25 	1.487579e-25 	2.377005e-22 	1.487579e-25 	-1.635914e-24 	-1.635914e-24 	2.377005e-22 	9.175822e-25 	2.377005e-22 	2.377005e-22 	1.487579e-25 	7.071708e-24 	9.175822e-25 	-1.635914e-24 	9.175822e-25 	2.377005e-22 	-5.168209e-23 	-1.477105e-24 		69 2 5 6 18 45 66 95 108 5 19 -1 69 102 128 5 28 49 66 105 124 5 28 61 62 
9.175822e-25 	5.379668e-25 	-2.699881e-25 	-2.967199e-22 	-1.477105e-24 	2.377005e-22 	5.379668e-25 	-2.699881e-25 	7.972997e-25 	2.377005e-22 	-1.635914e-24 	-1.635914e-24 	1.487579e-25 	-5.168209e-23 	-5.168209e-23 	2.377005e-22 	-5.168209e-23 	-1.635914e-24 	7.071708e-24 	9.175822e-25 	9.175822e-25 	7.071708e-24 	2.377005e-22 	9.175822e-25 	-1.635914e-24 		72 1 5 1 -1 60 1 3 10 6 26 44 61 103 124 6 20 41 68 104 127 5 29 54 -1 
9.175822e-25 	-2.699881e-25 	5.379668e-25 	5.122359e-24 	-1.635914e-24 	1.487579e-25 	9.175822e-25 	-2.505839e-24 	-2.699881e-25 	2.377005e-22 	7.071708e-24 	-1.635914e-24 	1.487579e-25 	7.071708e-24 	-1.635914e-24 	2.377005e-22 	-1.635914e-24 	7.071708e-24 	7.071708e-24 	2.377005e-22 	7.071708e-24 	7.071708e-24 	-5.168209e-23 	9.175822e-25 	-1.635914e-24 		74 2 4 5 24 53 70 3 6 7 19 46 67 99 120 7 20 -1 70 119 129 6 32 53 67 
5.644697e-24 	-6.442638e-25 	-2.699881e-25 	7.071708e-24 	-1.477105e-24 	-5.168209e-23 	7.071708e-24 	2.237886e-24 	-2.505839e-24 	6.204915e-23 	-1.635914e-24 	7.071708e-24 	7.972997e-25 	2.237886e-24 	1.487579e-25 	2.377005e-22 	-5.168209e-23 	7.071708e-24 	7.071708e-24 	2.377005e-22 	9.175822e-25 	7.071708e-24 	-1.635914e-24 	-1.477105e-24 	1.487579e-25 		0 2 5 13 26 52 77 2 6 2 -1 61 9 4 107 8 27 45 72 108 129 7 21 42 74 
9.175822e-25 	5.379668e-25 	5.379668e-25 	2.377005e-22 	1.487579e-25 	-1.635914e-24 	7.071708e-24 	-2.505839e-24 	2.237886e-24 	6.204915e-23 	7.071708e-24 	2.377005e-22 	1.487579e-25 	5.644697e-24 	2.237886e-24 	6.204915e-23 	-1.635914e-24 	7.071708e-24 	7.071708e-24 	2.377005e-22 	-1.635914e-24 	7.071708e-24 	-5.168209e-23 	-1.635914e-24 	-1.635914e-24 		76 4 7 13 32 48 79 3 5 6 25 59 71 4 7 10 20 47 74 103 124 8 21 -1 71 
9.175822e-25 	-1.477105e-24 	9.175822e-25 	2.377005e-22 	9.175822e-25 	7.071708e-24 	2.237886e-24 	-2.699881e-25 	-2.505839e-24 	9.175822e-25 	-1.635914e-24 	-1.635914e-24 	2.377005e-22 	5.644697e-24 	5.644697e-24 	5.122359e-24 	7.071708e-24 	9.175822e-25 	9.175822e-25 	-2.699881e-25 	9.175822e-25 	-2.967199e-22 	2.377005e-22 	-1.635914e-24 	2.377005e-22 		77 101 119 12 19 48 1 3 6 14 27 53 82 3 7 3 -1 62 68 5 108 10 28 46 77 
5.379668e-25 	1.487579e-25 	7.071708e-24 	7.071708e-24 	9.175822e-25 	-1.635914e-24 	7.071708e-24 	2.377005e-22 	7.972997e-25 	7.071708e-24 	9.175822e-25 	-1.635914e-24 	2.377005e-22 	5.644697e-24 	5.644697e-24 	-2.967199e-22 	-1.635914e-24 	2.377005e-22 	7.071708e-24 	-2.505839e-24 	-2.699881e-25 	2.237886e-24 	-1.477105e-24 	-5.168209e-23 	1.487579e-25 		0 97 124 12 24 48 81 104 10 14 36 52 83 4 6 7 26 61 76 5 8 125 21 51 78 
-1.940165e-23 	9.175822e-25 	5.379668e-25 	9.175822e-25 	9.175822e-25 	-1.635914e-24 	7.071708e-24 	-5.168209e-23 	7.071708e-24 	2.377005e-22 	1.487579e-25 	1.487579e-25 	5.379668e-25 	2.237886e-24 	5.644697e-24 	0.000000e+00 	7.071708e-24 	7.071708e-24 	2.377005e-22 	-1.940165e-23 	-2.505839e-24 	7.972997e-25 	-1.635914e-24 	-5.168209e-23 	7.071708e-24 		0 97 5 16 25 53 82 104 123 14 20 52 2 4 7 -1 28 59 90 4 8 4 -1 72 75 
9.175822e-25 	1.487579e-25 	5.379668e-25 	7.071708e-24 	9.175822e-25 	2.377005e-22 	1.435935e-25 	-1.635914e-24 	1.487579e-25 	2.377005e-22 	1.487579e-25 	-5.168209e-23 	2.377005e-22 	1.487579e-25 	1.487579e-25 	9.175822e-25 	1.487579e-25 	-5.168209e-23 	1.487579e-25 	-2.505839e-24 	-1.940165e-23 	6.204915e-23 	-1.477105e-24 	7.071708e-24 	2.377005e-22 		81 97 8 13 26 54 9 101 128 13 25 53 85 105 113 16 43 53 84 5 7 8 27 62 81 
9.175822e-25 	9.175822e-25 	9.175822e-25 	-1.635914e-24 	9.175822e-25 	-1.477105e-24 	5.644697e-24 	7.071708e-24 	2.237886e-24 	-5.168209e-23 	1.487579e-25 	-5.168209e-23 	2.377005e-22 	-1.635914e-24 	-5.168209e-23 	7.071708e-24 	7.071708e-24 	2.377005e-22 	5.122359e-24 	-2.699881e-25 	-2.505839e-24 	0.000000e+00 	-1.635914e-24 	2.377005e-22 	7.071708e-24 		82 98 124 26 27 49 1 101 6 18 26 54 86 105 127 16 30 53 9 5 8 -1 29 60 94 
5.379668e-25 	5.379668e-25 	9.175822e-25 	2.377005e-22 	9.175822e-25 	9.175822e-25 	7.071708e-24 	-1.635914e-24 	1.435935e-25 	2.377005e-22 	1.487579e-25 	1.487579e-25 	9.175822e-25 	-1.635914e-24 	-1.635914e-24 	1.487579e-25 	-1.477105e-24 	-1.635914e-24 	2.377005e-22 	9.175822e-25 	9.175822e-25 	0.000000e+00 	-1.635914e-24 	9.175822e-25 	9.175822e-25 		1 5 126 19 28 40 85 101 10 14 27 55 79 104 129 15 31 54 93 111 114 -1 44 59 88 
5.644697e-24 	5.379668e-25 	1.487579e-25 	1.487579e-25 	9.175822e-25 	9.175822e-25 	7.071708e-24 	7.071708e-24 	-1.477105e-24 	-5.168209e-23 	1.487579e-25 	-5.168209e-23 	2.237886e-24 	1.487579e-25 	5.644697e-24 	2.377005e-22 	1.487579e-25 	9.175822e-25 	2.377005e-22 	9.175822e-25 	2.377005e-22 	1.487579e-25 	2.377005e-22 	1.487579e-25 	9.175822e-25 		0 5 130 16 29 45 86 102 129 27 28 54 2 104 7 19 34 62 94 112 128 21 33 54 75 
9.175822e-25 	9.175822e-25 	9.175822e-25 	-5.168209e-23 	-1.477105e-24 	9.175822e-25 	7.972997e-25 	9.175822e-25 	-1.477105e-24 	7.071708e-24 	1.487579e-25 	1.487579e-25 	2.377005e-22 	-5.168209e-23 	9.175822e-25 	9.175822e-25 	-1.477105e-24 	9.175822e-25 	7.071708e-24 	-5.168209e-23 	-5.168209e-23 	2.377005e-22 	-1.635914e-24 	9.175822e-25 	7.071708e-24 		85 101 139 15 32 46 9 99 138 20 29 41 89 105 121 15 32 63 83 105 130 16 34 61 97 
9.175822e-25 	9.175822e-25 	9.175822e-25 	-1.635914e-24 	2.377005e-22 	9.175822e-25 	-1.940165e-23 	7.071708e-24 	9.175822e-25 	2.377005e-22 	-1.635914e-24 	1.487579e-25 	2.377005e-22 	2.377005e-22 	-1.635914e-24 	2.377005e-22 	-1.635914e-24 	-1.635914e-24 	5.379668e-25 	2.377005e-22 	-1.940165e-23 	-5.168209e-23 	2.377005e-22 	7.071708e-24 	7.071708e-24 		86 102 141 14 37 47 1 104 131 18 32 46 90 106 130 28 32 55 3 105 8 20 35 63 98 
5.379668e-25 	-1.477105e-24 	9.175822e-25 	7.071708e-24 	9.175822e-25 	-5.168209e-23 	7.071708e-24 	7.071708e-24 	7.071708e-24 	-1.635914e-24 	-1.635914e-24 	1.487579e-25 	9.175822e-25 	7.071708e-24 	7.071708e-24 	9.175822e-25 	7.071708e-24 	7.071708e-24 	2.377005e-22 	9.175822e-25 	7.071708e-24 	1.487579e-25 	-5.168209e-23 	7.071708e-24 	2.377005e-22 		2 107 143 14 44 59 89 105 143 16 36 47 83 103 139 21 32 49 97 115 126 19 35 64 87 
2.237886e-24 	5.379668e-25 	9.175822e-25 	-1.635914e-24 	7.071708e-24 	7.071708e-24 	7.071708e-24 	7.071708e-24 	7.071708e-24 	-1.635914e-24 	9.175822e-25 	-1.635914e-24 	5.644697e-24 	1.487579e-25 	1.487579e-25 	2.377005e-22 	-5.168209e-23 	-1.477105e-24 	2.377005e-22 	2.377005e-22 	7.071708e-24 	-5.168209e-23 	-1.635914e-24 	9.175822e-25 	6.204915e-23 		0 3 -1 14 33 53 90 106 144 15 43 51 2 111 132 20 36 50 98 123 131 29 35 64 9 
9.175822e-25 	5.379668e-25 	9.175822e-25 	-1.635914e-24 	-5.168209e-23 	1.487579e-25 	1.435935e-25 	1.487579e-25 	7.071708e-24 	1.487579e-25 	7.071708e-24 	2.377005e-22 	2.377005e-22 	1.487579e-25 	2.377005e-22 	7.071708e-24 	-5.168209e-23 	7.071708e-24 	7.071708e-24 	-5.168209e-23 	1.487579e-25 	-5.168209e-23 	1.487579e-25 	1.487579e-25 	7.071708e-24 		89 6 -1 16 39 63 9 119 145 15 45 60 93 114 145 18 37 51 87 107 142 30 35 54 101 
9.175822e-25 	1.487579e-25 	7.071708e-24 	1.487579e-25 	7.071708e-24 	7.071708e-24 	5.644697e-24 	2.237886e-24 	7.071708e-24 	-5.168209e-23 	2.377005e-22 	1.487579e-25 	2.377005e-22 	2.377005e-22 	2.377005e-22 	-5.168209e-23 	7.071708e-24 	-1.635914e-24 	2.237886e-24 	-1.635914e-24 	7.071708e-24 	7.071708e-24 	-1.635914e-24 	-1.635914e-24 	7.071708e-24 		90 106 2 17 36 55 1 4 -1 16 38 60 94 119 146 16 44 57 3 112 141 21 37 51 102 
5.379668e-25 	9.175822e-25 	2.377005e-22 	9.175822e-25 	1.487579e-25 	-1.635914e-24 	7.071708e-24 	1.435935e-25 	7.071708e-24 	9.175822e-25 	2.377005e-22 	-1.635914e-24 	9.175822e-25 	1.487579e-25 	2.377005e-22 	2.377005e-22 	2.377005e-22 	-5.168209e-23 	2.377005e-22 	-1.635914e-24 	2.377005e-22 	2.377005e-22 	9.175822e-25 	1.487579e-25 	2.377005e-22 		3 106 2 23 43 57 93 10 -1 21 40 64 87 120 147 16 46 61 101 115 149 19 42 56 91 
5.379668e-25 	1.487579e-25 	2.377005e-22 	9.175822e-25 	9.175822e-25 	-1.635914e-24 	7.071708e-24 	-1.635914e-24 	9.175822e-25 	9.175822e-25 	1.487579e-25 	1.487579e-25 	-1.940165e-23 	5.644697e-24 	2.377005e-22 	9.175822e-25 	1.487579e-25 	-1.635914e-24 	2.377005e-22 	9.175822e-25 	2.377005e-22 	9.175822e-25 	2.377005e-22 	2.377005e-22 	5.379668e-25 		3 106 1 24 53 59 94 119 3 22 40 66 2 5 -1 20 52 61 102 124 150 18 45 58 4 
9.175822e-25 	-1.477105e-24 	7.071708e-24 	9.175822e-25 	7.071708e-24 	-1.477105e-24 	9.175822e-25 	7.071708e-24 	7.071708e-24 	7.071708e-24 	-1.635914e-24 	-1.635914e-24 	2.377005e-22 	9.175822e-25 	2.377005e-22 	7.071708e-24 	-5.168209e-23 	-5.168209e-23 	7.071708e-24 	9.175822e-25 	2.377005e-22 	9.175822e-25 	-5.168209e-23 	-1.635914e-24 	7.071708e-24 		93 119 1 25 38 -1 91 119 3 24 44 58 97 104 -1 22 41 65 91 123 151 19 51 62 105 
9.175822e-25 	1.487579e-25 	7.071708e-24 	9.175822e-25 	-1.477105e-24 	-1.477105e-24 	1.487579e-25 	-1.635914e-24 	2.377005e-22 	7.071708e-24 	-5.168209e-23 	7.071708e-24 	2.377005e-22 	-5.168209e-23 	6.204915e-23 	7.071708e-24 	-1.635914e-24 	-1.635914e-24 	5.644697e-24 	-1.940165e-23 	0.000000e+00 	7.071708e-24 	2.377005e-22 	-5.168209e-23 	7.071708e-24 		94 123 2 26 39 64 100 119 3 25 59 60 98 123 9 23 41 67 3 6 -1 21 53 62 106 
1.487579e-25 	1.487579e-25 	7.071708e-24 	-5.168209e-23 	-1.635914e-24 	9.175822e-25 	7.071708e-24 	-1.635914e-24 	2.377005e-22 	7.071708e-24 	2.377005e-22 	-1.635914e-24 	7.071708e-24 	2.377005e-22 	9.175822e-25 	2.377005e-22 	-5.168209e-23 	-5.168209e-23 	1.487579e-25 	-1.477105e-24 	0.000000e+00 	2.377005e-22 	-1.635914e-24 	2.377005e-22 	2.377005e-22 		95 107 3 18 39 55 97 123 2 26 48 -1 95 123 4 25 45 69 104 112 -1 23 42 66 95 
5.379668e-25 	9.175822e-25 	7.071708e-24 	7.071708e-24 	-1.477105e-24 	1.487579e-25 	7.071708e-24 	2.377005e-22 	2.377005e-22 	7.071708e-24 	1.487579e-25 	-1.635914e-24 	1.487579e-25 	-5.168209e-23 	7.071708e-24 	2.377005e-22 	2.377005e-22 	-1.635914e-24 	2.377005e-22 	2.377005e-22 	5.379668e-25 	2.377005e-22 	-5.168209e-23 	2.377005e-22 	2.237886e-24 		4 107 4 16 -1 58 98 124 3 27 48 65 101 123 4 26 60 61 106 128 80 24 42 68 4 
-6.442638e-25 	5.379668e-25 	7.071708e-24 	1.487579e-25 	-1.477105e-24 	9.175822e-25 	-1.635914e-24 	-1.477105e-24 	2.377005e-22 	2.377005e-22 	7.071708e-24 	-1.477105e-24 	2.377005e-22 	-5.168209e-23 	2.377005e-22 	2.377005e-22 	9.175822e-25 	7.071708e-24 	2.377005e-22 	1.487579e-25 	-2.967199e-22 	2.377005e-22 	2.377005e-22 	2.377005e-22 	2.377005e-22 		2 7 5 25 43 60 99 120 4 19 40 67 101 124 4 27 52 -1 99 124 9 27 46 70 105 
-2.699881e-25 	-6.442638e-25 	7.071708e-24 	-1.635914e-24 	-1.477105e-24 	9.175822e-25 	9.175822e-25 	1.487579e-25 	2.377005e-22 	1.487579e-25 	-1.635914e-24 	-1.635914e-24 	2.377005e-22 	9.175822e-25 	2.377005e-22 	2.377005e-22 	1.487579e-25 	7.071708e-24 	9.175822e-25 	-1.635914e-24 	9.175822e-25 	2.377005e-22 	-5.168209e-23 	-1.477105e-24 	7.071708e-24 		2 5 6 18 45 66 95 108 5 19 -1 69 102 128 5 28 49 66 105 124 5 28 61 62 119 
5.379668e-25 	-2.699881e-25 	-2.967199e-22 	-1.477105e-24 	2.377005e-22 	5.379668e-25 	-2.699881e-25 	7.972997e-25 	2.377005e-22 	-1.635914e-24 	-1.635914e-24 	1.487579e-25 	-5.168209e-23 	-5.168209e-23 	2.377005e-22 	-5.168209e-23 	-1.635914e-24 	7.071708e-24 	9.175822e-25 	9.175822e-25 	7.071708e-24 	2.377005e-22 	9.175822e-25 	-1.635914e-24 	1.487579e-25 		1 5 1 -1 60 1 3 10 6 26 44 61 103 124 6 20 41 68 104 127 5 29 54 -1 100 
-2.699881e-25 	5.379668e-25 	5.122359e-24 	-1.635914e-24 	1.487579e-25 	9.175822e-25 	-2.505839e-24 	-2.699881e-25 	2.377005e-22 	7.071708e-24 	-1.635914e-24 	1.487579e-25 	7.071708e-24 	-1.635914e-24 	2.377005e-22 	-1.635914e-24 	7.071708e-24 	7.071708e-24 	2.377005e-22 	7.071708e-24 	7.071708e-24 	-5.168209e-23 	9.175822e-25 	-1.635914e-24 	1.487579e-25 		2 4 5 24 53 70 3 6 7 19 46 67 99 120 7 20 -1 70 119 129 6 32 53 67 111 
-6.442638e-25 	-2.699881e-25 	7.071708e-24 	-1.477105e-24 	-5.168209e-23 	7.071708e-24 	2.237886e-24 	-2.505839e-24 	6.204915e-23 	-1.635914e-24 	7.071708e-24 	7.972997e-25 	2.237886e-24 	1.487579e-25 	2.377005e-22 	-5.168209e-23 	7.071708e-24 	7.071708e-24 	2.377005e-22 	9.175822e-25 	7.071708e-24 	-1.635914e-24 	-1.477105e-24 	1.487579e-25 	1.487579e-25 		2 5 13 26 52 77 2 6 2 -1 61 9 4 107 8 27 45 72 108 129 7 21 42 74 114 
5.379668e-25 	5.379668e-25 	2.377005e-22 	1.487579e-25 	-1.635914e-24 	7.071708e-24 	-2.505839e-24 	2.237886e-24 	6.204915e-23 	7.071708e-24 	2.377005e-22 	1.487579e-25 	5.644697e-24 	2.237886e-24 	6.204915e-23 	-1.635914e-24 	7.071708e-24 	7.071708e-24 	2.377005e-22 	-1.635914e-24 	7.071708e-24 	-5.168209e-23 	-1.635914e-24 	-1.635914e-24 	7.071708e-24 		4 7 13 32 48 79 3 5 6 25 59 71 4 7 10 20 47 74 103 124 8 21 -1 71 123 
-1.477105e-24 	9.175822e-25 	2.377005e-22 	9.175822e-25 	7.071708e-24 	2.237886e-24 	-2.699881e-25 	-2.505839e-24 	9.175822e-25 	-1.635914e-24 	-1.635914e-24 	2.377005e-22 	5.644697e-24 	5.644697e-24 	5.122359e-24 	7.071708e-24 	9.175822e-25 	9.175822e-25 	-2.699881e-25 	9.175822e-25 	-2.967199e-22 	2.377005e-22 	-1.635914e-24 	2.377005e-22 	7.071708e-24 		101 119 12 19 48 1 3 6 14 27 53 82 3 7 3 -1 62 68 5 108 10 28 46 77 109 
1.487579e-25 	7.071708e-24 	7.071708e-24 	9.175822e-25 	-1.635914e-24 	7.071708e-24 	2.377005e-22 	7.972997e-25 	7.071708e-24 	9.175822e-25 	-1.635914e-24 	2.377005e-22 	5.644697e-24 	5.644697e-24 	-2.967199e-22 	-1.635914e-24 	2.377005e-22 	7.071708e-24 	-2.505839e-24 	-2.699881e-25 	2.237886e-24 	-1.477105e-24 	-5.168209e-23 	1.487579e-25 	2.377005e-22 		97 124 12 24 48 81 104 10 14 36 52 83 4 6 7 26 61 76 5 8 125 21 51 78 107 
9.175822e-25 	5.379668e-25 	9.175822e-25 	9.175822e-25 	-1.635914e-24 	7.071708e-24 	-5.168209e-23 	7.071708e-24 	2.377005e-22 	1.487579e-25 	1.487579e-25 	5.379668e-25 	2.237886e-24 	5.644697e-24 	0.000000e+00 	7.071708e-24 	7.071708e-24 	2.377005e-22 	-1.940165e-23 	-2.505839e-24 	7.972997e-25 	-1.635914e-24 	-5.168209e-23 	7.071708e-24 	-6.442638e-25 		97 5 16 25 53 82 104 123 14 20 52 2 4 7 -1 28 59 90 4 8 4 -1 72 75 6 
1.487579e-25 	5.379668e-25 	7.071708e-24 	9.175822e-25 	2.377005e-22 	1.435935e-25 	-1.635914e-24 	1.487579e-25 	2.377005e-22 	1.487579e-25 	-5.168209e-23 	2.377005e-22 	1.487579e-25 	1.487579e-25 	9.175822e-25 	1.487579e-25 	-5.168209e-23 	1.487579e-25 	-2.505839e-24 	-1.940165e-23 	6.204915e-23 	-1.477105e-24 	7.071708e-24 	2.377005e-22 	-2.699881e-25 		97 8 13 26 54 9 101 128 13 25 53 85 105 113 16 43 53 84 5 7 8 27 62 81 6 
9.175822e-25 	9.175822e-25 	-1.635914e-24 	9.175822e-25 	-1.477105e-24 	5.644697e-24 	7.071708e-24 	2.237886e-24 	-5.168209e-23 	1.487579e-25 	-5.168209e-23 	2.377005e-22 	-1.635914e-24 	-5.168209e-23 	7.071708e-24 	7.071708e-24 	2.377005e-22 	5.122359e-24 	-2.699881e-25 	-2.505839e-24 	0.000000e+00 	-1.635914e-24 	2.377005e-22 	7.071708e-24 	5.644697e-24 		98 124 26 27 49 1 101 6 18 26 54 86 105 127 16 30 53 9 5 8 -1 29 60 94 5 
5.379668e-25 	9.175822e-25 	2.377005e-22 	9.175822e-25 	9.175822e-25 	7.071708e-24 	-1.635914e-24 	1.435935e-25 	2.377005e-22 	1.487579e-25 	1.487579e-25 	9.175822e-25 	-1.635914e-24 	-1.635914e-24 	1.487579e-25 	-1.477105e-24 	-1.635914e-24 	2.377005e-22 	9.175822e-25 	9.175822e-25 	0.000000e+00 	-1.635914e-24 	9.175822e-25 	9.175822e-25 	-2.699881e-25 		5 126 19 28 40 85 101 10 14 27 55 79 104 129 15 31 54 93 111 114 -1 44 59 88 6 
5.379668e-25 	1.487579e-25 	1.487579e-25 	9.175822e-25 	9.175822e-25 	7.071708e-24 	7.071708e-24 	-1.477105e-24 	-5.168209e-23 	1.487579e-25 	-5.168209e-23 	2.237886e-24 	1.487579e-25 	5.644697e-24 	2.377005e-22 	1.487579e-25 	9.175822e-25 	2.377005e-22 	9.175822e-25 	2.377005e-22 	1.487579e-25 	2.377005e-22 	1.487579e-25 	9.175822e-25 	-6.442638e-25 		5 130 16 29 45 86 102 129 27 28 54 2 104 7 19 34 62 94 112 128 21 33 54 75 6 
9.175822e-25 	9.175822e-25 	-5.168209e-23 	-1.477105e-24 	9.175822e-25 	7.972997e-25 	9.175822e-25 	-1.477105e-24 	7.071708e-24 	1.487579e-25 	1.487579e-25 	2.377005e-22 	-5.168209e-23 	9.175822e-25 	9.175822e-25 	-1.477105e-24 	9.175822e-25 	7.071708e-24 	-5.168209e-23 	-5.168209e-23 	2.377005e-22 	-1.635914e-24 	9.175822e-25 	7.071708e-24 	7.071708e-24 		101 139 15 32 46 9 99 138 20 29 41 89 105 121 15 32 63 83 105 130 16 34 61 97 112 
9.175822e-25 	9.175822e-25 	-1.635914e-24 	2.377005e-22 	9.175822e-25 	-1.940165e-23 	7.071708e-24 	9.175822e-25 	2.377005e-22 	-1.635914e-24 	1.487579e-25 	2.377005e-22 	2.377005e-22 	-1.635914e-24 	2.377005e-22 	-1.635914e-24 	-1.635914e-24 	5.379668e-25 	2.377005e-22 	-1.940165e-23 	-5.168209e-23 	2.377005e-22 	7.071708e-24 	7.071708e-24 	7.071708e-24 		102 141 14 37 47 1 104 131 18 32 46 90 106 130 28 32 55 3 105 8 20 35 63 98 113 
-1.477105e-24 	9.175822e-25 	7.071708e-24 	9.175822e-25 	-5.168209e-23 	7.071708e-24 	7.071708e-24 	7.071708e-24 	-1.635914e-24 	-1.635914e-24 	1.487579e-25 	9.175822e-25 	7.071708e-24 	7.071708e-24 	9.175822e-25 	7.071708e-24 	7.071708e-24 	2.377005e-22 	9.175822e-25 	7.071708e-24 	1.487579e-25 	-5.168209e-23 	7.071708e-24 	2.377005e-22 	9.175822e-25 		107 143 14 44 59 89 105 143 16 36 47 83 103 139 21 32 49 97 115 126 19 35 64 87 113 
5.379668e-25 	9.175822e-25 	-1.635914e-24 	7.071708e-24 	7.071708e-24 	7.071708e-24 	7.071708e-24 	7.071708e-24 	-1.635914e-24 	9.175822e-25 	-1.635914e-24 	5.644697e-24 	1.487579e-25 	1.487579e-25 	2.377005e-22 	-5.168209e-23 	-1.477105e-24 	2.377005e-22 	2.377005e-22 	7.071708e-24 	-5.168209e-23 	-1.635914e-24 	9.175822e-25 	6.204915e-23 	9.175822e-25 		3 -1 14 33 53 90 106 144 15 43 51 2 111 132 20 36 50 98 123 131 29 35 64 9 114 
5.379668e-25 	9.175822e-25 	-1.635914e-24 	-5.168209e-23 	1.487579e-25 	1.435935e-25 	1.487579e-25 	7.071708e-24 	1.487579e-25 	7.071708e-24 	2.377005e-22 	2.377005e-22 	1.487579e-25 	2.377005e-22 	7.071708e-24 	-5.168209e-23 	7.071708e-24 	7.071708e-24 	-5.168209e-23 	1.487579e-25 	-5.168209e-23 	1.487579e-25 	1.487579e-25 	7.071708e-24 	7.071708e-24 		6 -1 16 39 63 9 119 145 15 45 60 93 114 145 18 37 51 87 107 142 30 35 54 101 116 
1.487579e-25 	7.071708e-24 	1.487579e-25 	7.071708e-24 	7.071708e-24 	5.644697e-24 	2.237886e-24 	7.071708e-24 	-5.168209e-23 	2.377005e-22 	1.487579e-25 	2.377005e-22 	2.377005e-22 	2.377005e-22 	-5.168209e-23 	7.071708e-24 	-1.635914e-24 	2.237886e-24 	-1.635914e-24 	7.071708e-24 	7.071708e-24 	-1.635914e-24 	-1.635914e-24 	7.071708e-24 	1.487579e-25 		106 2 17 36 55 1 4 -1 16 38 60 94 119 146 16 44 57 3 112 141 21 37 51 102 124 
9.175822e-25 	2.377005e-22 	9.175822e-25 	1.487579e-25 	-1.635914e-24 	7.071708e-24 	1.435935e-25 	7.071708e-24 	9.175822e-25 	2.377005e-22 	-1.635914e-24 	9.175822e-25 	1.487579e-25 	2.377005e-22 	2.377005e-22 	2.377005e-22 	-5.168209e-23 	2.377005e-22 	-1.635914e-24 	2.377005e-22 	2.377005e-22 	9.175822e-25 	1.487579e-25 	2.377005e-22 	2.377005e-22 		106 2 23 43 57 93 10 -1 21 40 64 87 120 147 16 46 61 101 115 149 19 42 56 91 108 
1.487579e-25 	2.377005e-22 	9.175822e-25 	9.175822e-25 	-1.635914e-24 	7.071708e-24 	-1.635914e-24 	9.175822e-25 	9.175822e-25 	1.487579e-25 	1.487579e-25 	-1.940165e-23 	5.644697e-24 	2.377005e-22 	9.175822e-25 	1.487579e-25 	-1.635914e-24 	2.377005e-22 	9.175822e-25 	2.377005e-22 	9.175822e-25 	2.377005e-22 	2.377005e-22 	5.379668e-25 	-5.168209e-23 		106 1 24 53 59 94 119 3 22 40 66 2 5 -1 20 52 61 102 124 150 18 45 58 4 113 
-1.477105e-24 	7.071708e-24 	9.175822e-25 	7.071708e-24 	-1.477105e-24 	9.175822e-25 	7.071708e-24 	7.071708e-24 	7.071708e-24 	-1.635914e-24 	-1.635914e-24 	2.377005e-22 	9.175822e-25 	2.377005e-22 	7.071708e-24 	-5.168209e-23 	-5.168209e-23 	7.071708e-24 	9.175822e-25 	2.377005e-22 	9.175822e-25 	-5.168209e-23 	-1.635914e-24 	7.071708e-24 	-5.168209e-23 		119 1 25 38 -1 91 119 3 24 44 58 97 104 -1 22 41 65 91 123 151 19 51 62 105 116 
1.487579e-25 	7.071708e-24 	9.175822e-25 	-1.477105e-24 	-1.477105e-24 	1.487579e-25 	-1.635914e-24 	2.377005e-22 	7.071708e-24 	-5.168209e-23 	7.071708e-24 	2.377005e-22 	-5.168209e-23 	6.204915e-23 	7.071708e-24 	-1.635914e-24 	-1.635914e-24 	5.644697e-24 	-1.940165e-23 	0.000000e+00 	7.071708e-24 	2.377005e-22 	-5.168209e-23 	7.071708e-24 	-5.168209e-23 		123 2 26 39 64 100 119 3 25 59 60 98 123 9 23 41 67 3 6 -1 21 53 62 106 127 
1.487579e-25 	7.071708e-24 	-5.168209e-23 	-1.635914e-24 	9.175822e-25 	7.071708e-24 	-1.635914e-24 	2.377005e-22 	7.071708e-24 	2.377005e-22 	-1.635914e-24 	7.071708e-24 	2.377005e-22 	9.175822e-25 	2.377005e-22 	-5.168209e-23 	-5.168209e-23 	1.487579e-25 	-1.477105e-24 	0.000000e+00 	2.377005e-22 	-1.635914e-24 	2.377005e-22 	2.377005e-22 	1.487579e-25 		107 3 18 39 55 97 123 2 26 48 -1 95 123 4 25 45 69 104 112 -1 23 42 66 95 128 
9.175822e-25 	7.071708e-24 	7.071708e-24 	-1.477105e-24 	1.487579e-25 	7.071708e-24 	2.377005e-22 	2.377005e-22 	7.071708e-24 	1.487579e-25 	-1.635914e-24 	1.487579e-25 	-5.168209e-23 	7.071708e-24 	2.377005e-22 	2.377005e-22 	-1.635914e-24 	2.377005e-22 	2.377005e-22 	5.379668e-25 	2.377005e-22 	-5.168209e-23 	2.377005e-22 	2.237886e-24 	5.644697e-24 		107 4 16 -1 58 98 124 3 27 48 65 101 123 4 26 60 61 106 128 80 24 42 68 4 7 
5.379668e-25 	7.071708e-24 	1.487579e-25 	-1.477105e-24 	9.175822e-25 	-1.635914e-24 	-1.477105e-24 	2.377005e-22 	2.377005e-22 	7.071708e-24 	-1.477105e-24 	2.377005e-22 	-5.168209e-23 	2.377005e-22 	2.377005e-22 	9.175822e-25 	7.071708e-24 	2.377005e-22 	1.487579e-25 	-2.967199e-22 	2.377005e-22 	2.377005e-22 	2.377005e-22 	2.377005e-22 	-1.635914e-24 		7 5 25 43 60 99 120 4 19 40 67 101 124 4 27 52 -1 99 124 9 27 46 70 105 113 
-6.442638e-25 	7.071708e-24 	-1.635914e-24 	-1.477105e-24 	9.175822e-25 	9.175822e-25 	1.487579e-25 	2.377005e-22 	1.487579e-25 	-1.635914e-24 	-1.635914e-24 	2.377005e-22 	9.175822e-25 	2.377005e-22 	2.377005e-22 	1.487579e-25 	7.071708e-24 	9.175822e-25 	-1.635914e-24 	9.175822e-25 	2.377005e-22 	-5.168209e-23 	-1.477105e-24 	7.071708e-24 	7.071708e-24 		5 6 18 45 66 95 108 5 19 -1 69 102 128 5 28 49 66 105 124 5 28 61 62 119 129 
-2.699881e-25 	-2.967199e-22 	-1.477105e-24 	2.377005e-22 	5.379668e-25 	-2.699881e-25 	7.972997e-25 	2.377005e-22 	-1.635914e-24 	-1.635914e-24 	1.487579e-25 	-5.168209e-23 	-5.168209e-23 	2.377005e-22 	-5.168209e-23 	-1.635914e-24 	7.071708e-24 	9.175822e-25 	9.175822e-25 	7.071708e-24 	2.377005e-22 	9.175822e-25 	-1.635914e-24 	1.487579e-25 	2.377005e-22 		5 1 -1 60 1 3 10 6 26 44 61 103 124 6 20 41 68 104 127 5 29 54 -1 100 127 
5.379668e-25 	5.122359e-24 	-1.635914e-24 	1.487579e-25 	9.175822e-25 	-2.505839e-24 	-2.699881e-25 	2.377005e-22 	7.071708e-24 	-1.635914e-24 	1.487579e-25 	7.071708e-24 	-1.635914e-24 	2.377005e-22 	-1.635914e-24 	7.071708e-24 	7.071708e-24 	2.377005e-22 	7.071708e-24 	7.071708e-24 	-5.168209e-23 	9.175822e-25 	-1.635914e-24 	1.487579e-25 	7.071708e-24 		4 5 24 53 70 3 6 7 19 46 67 99 120 7 20 -1 70 119 129 6 32 53 67 111 127 
-2.699881e-25 	7.071708e-24 	-1.477105e-24 	-5.168209e-23 	7.071708e-24 	2.237886e-24 	-2.505839e-24 	6.204915e-23 	-1.635914e-24 	7.071708e-24 	7.972997e-25 	2.237886e-24 	1.487579e-25 	2.377005e-22 	-5.168209e-23 	7.071708e-24 	7.071708e-24 	2.377005e-22 	9.175822e-25 	7.071708e-24 	-1.635914e-24 	-1.477105e-24 	1.487579e-25 	1.487579e-25 	7.071708e-24 		5 13 26 52 77 2 6 2 -1 61 9 4 107 8 27 45 72 108 129 7 21 42 74 114 128 
5.379668e-25 	2.377005e-22 	1.487579e-25 	-1.635914e-24 	7.071708e-24 	-2.505839e-24 	2.237886e-24 	6.204915e-23 	7.071708e-24 	2.377005e-22 	1.487579e-25 	5.644697e-24 	2.237886e-24 	6.204915e-23 	-1.635914e-24 	7.071708e-24 	7.071708e-24 	2.377005e-22 	-1.635914e-24 	7.071708e-24 	-5.168209e-23 	-1.635914e-24 	-1.635914e-24 	7.071708e-24 	2.377005e-22 		7 13 32 48 79 3 5 6 25 59 71 4 7 10 20 47 74 103 124 8 21 -1 71 123 130 
9.175822e-25 	2.377005e-22 	9.175822e-25 	7.071708e-24 	2.237886e-24 	-2.699881e-25 	-2.505839e-24 	9.175822e-25 	-1.635914e-24 	-1.635914e-24 	2.377005e-22 	5.644697e-24 	5.644697e-24 	5.122359e-24 	7.071708e-24 	9.175822e-25 	9.175822e-25 	-2.699881e-25 	9.175822e-25 	-2.967199e-22 	2.377005e-22 	-1.635914e-24 	2.377005e-22 	7.071708e-24 	7.071708e-24 		119 12 19 48 1 3 6 14 27 53 82 3 7 3 -1 62 68 5 108 10 28 46 77 109 130 
7.071708e-24 	7.071708e-24 	9.175822e-25 	-1.635914e-24 	7.071708e-24 	2.377005e-22 	7.972997e-25 	7.071708e-24 	9.175822e-25 	-1.635914e-24 	2.377005e-22 	5.644697e-24 	5.644697e-24 	-2.967199e-22 	-1.635914e-24 	2.377005e-22 	7.071708e-24 	-2.505839e-24 	-2.699881e-25 	2.237886e-24 	-1.477105e-24 	-5.168209e-23 	1.487579e-25 	2.377005e-22 	9.175822e-25 		124 12 24 48 81 104 10 14 36 52 83 4 6 7 26 61 76 5 8 125 21 51 78 107 130 
5.379668e-25 	9.175822e-25 	9.175822e-25 	-1.635914e-24 	7.071708e-24 	-5.168209e-23 	7.071708e-24 	2.377005e-22 	1.487579e-25 	1.487579e-25 	5.379668e-25 	2.237886e-24 	5.644697e-24 	0.000000e+00 	7.071708e-24 	7.071708e-24 	2.377005e-22 	-1.940165e-23 	-2.505839e-24 	7.972997e-25 	-1.635914e-24 	-5.168209e-23 	7.071708e-24 	-6.442638e-25 	1.487579e-25 		5 16 25 53 82 104 123 14 20 52 2 4 7 -1 28 59 90 4 8 4 -1 72 75 6 109 
5.379668e-25 	7.071708e-24 	9.175822e-25 	2.377005e-22 	1.435935e-25 	-1.635914e-24 	1.487579e-25 	2.377005e-22 	1.487579e-25 	-5.168209e-23 	2.377005e-22 	1.487579e-25 	1.487579e-25 	9.175822e-25 	1.487579e-25 	-5.168209e-23 	1.487579e-25 	-2.505839e-24 	-1.940165e-23 	6.204915e-23 	-1.477105e-24 	7.071708e-24 	2.377005e-22 	-2.699881e-25 	5.122359e-24 		8 13 26 54 9 101 128 13 25 53 85 105 113 16 43 53 84 5 7 8 27 62 81 6 10 
9.175822e-25 	-1.635914e-24 	9.175822e-25 	-1.477105e-24 	5.644697e-24 	7.071708e-24 	2.237886e-24 	-5.168209e-23 	1.487579e-25 	-5.168209e-23 	2.377005e-22 	-1.635914e-24 	-5.168209e-23 	7.071708e-24 	7.071708e-24 	2.377005e-22 	5.122359e-24 	-2.699881e-25 	-2.505839e-24 	0.000000e+00 	-1.635914e-24 	2.377005e-22 	7.071708e-24 	5.644697e-24 	6.204915e-23 		124 26 27 49 1 101 6 18 26 54 86 105 127 16 30 53 9 5 8 -1 29 60 94 5 10 
9.175822e-25 	2.377005e-22 	9.175822e-25 	9.175822e-25 	7.071708e-24 	-1.635914e-24 	1.435935e-25 	2.377005e-22 	1.487579e-25 	1.487579e-25 	9.175822e-25 	-1.635914e-24 	-1.635914e-24 	1.487579e-25 	-1.477105e-24 	-1.635914e-24 	2.377005e-22 	9.175822e-25 	9.175822e-25 	0.000000e+00 	-1.635914e-24 	9.175822e-25 	9.175822e-25 	-2.699881e-25 	5.644697e-24 		126 19 28 40 85 101 10 14 27 55 79 104 129 15 31 54 93 111 114 -1 44 59 88 6 8 
1.487579e-25 	1.487579e-25 	9.175822e-25 	9.175822e-25 	7.071708e-24 	7.071708e-24 	-1.477105e-24 	-5.168209e-23 	1.487579e-25 	-5.168209e-23 	2.237886e-24 	1.487579e-25 	5.644697e-24 	2.377005e-22 	1.487579e-25 	9.175822e-25 	2.377005e-22 	9.175822e-25 	2.377005e-22 	1.487579e-25 	2.377005e-22 	1.487579e-25 	9.175822e-25 	-6.442638e-25 	6.204915e-23 		130 16 29 45 86 102 129 27 28 54 2 104 7 19 34 62 94 112 128 21 33 54 75 6 10 
9.175822e-25 	-5.168209e-23 	-1.477105e-24 	9.175822e-25 	7.972997e-25 	9.175822e-25 	-1.477105e-24 	7.071708e-24 	1.487579e-25 	1.487579e-25 	2.377005e-22 	-5.168209e-23 	9.175822e-25 	9.175822e-25 	-1.477105e-24 	9.175822e-25 	7.071708e-24 	-5.168209e-23 	-5.168209e-23 	2.377005e-22 	-1.635914e-24 	9.175822e-25 	7.071708e-24 	7.071708e-24 	1.487579e-25 		139 15 32 46 9 99 138 20 29 41 89 105 121 15 32 63 83 105 130 16 34 61 97 112 115 
9.175822e-25 	-1.635914e-24 	2.377005e-22 	9.175822e-25 	-1.940165e-23 	7.071708e-24 	9.175822e-25 	2.377005e-22 	-1.635914e-24 	1.487579e-25 	2.377005e-22 	2.377005e-22 	-1.635914e-24 	2.377005e-22 	-1.635914e-24 	-1.635914e-24 	5.379668e-25 	2.377005e-22 	-1.940165e-23 	-5.168209e-23 	2.377005e-22 	7.071708e-24 	7.071708e-24 	7.071708e-24 	-5.168209e-23 		141 14 37 47 1 104 131 18 32 46 90 106 130 28 32 55 3 105 8 20 35 63 98 113 129 
9.175822e-25 	7.071708e-24 	9.175822e-25 	-5.168209e-23 	7.071708e-24 	7.071708e-24 	7.071708e-24 	-1.635914e-24 	-1.635914e-24 	1.487579e-25 	9.175822e-25 	7.071708e-24 	7.071708e-24 	9.175822e-25 	7.071708e-24 	7.071708e-24 	2.377005e-22 	9.175822e-25 	7.071708e-24 	1.487579e-25 	-5.168209e-23 	7.071708e-24 	2.377005e-22 	9.175822e-25 	2.377005e-22 		143 14 44 59 89 105 143 16 36 47 83 103 139 21 32 49 97 115 126 19 35 64 87 113 131 
9.175822e-25 	-1.635914e-24 	7.071708e-24 	7.071708e-24 	7.071708e-24 	7.071708e-24 	7.071708e-24 	-1.635914e-24 	9.175822e-25 	-1.635914e-24 	5.644697e-24 	1.487579e-25 	1.487579e-25 	2.377005e-22 	-5.168209e-23 	-1.477105e-24 	2.377005e-22 	2.377005e-22 	7.071708e-24 	-5.168209e-23 	-1.635914e-24 	9.175822e-25 	6.204915e-23 	9.175822e-25 	6.204915e-23 		-1 14 33 53 90 106 144 15 43 51 2 111 132 20 36 50 98 123 131 29 35 64 9 114 10 
9.175822e-25 	-1.635914e-24 	-5.168209e-23 	1.487579e-25 	1.435935e-25 	1.487579e-25 	7.071708e-24 	1.487579e-25 	7.071708e-24 	2.377005e-22 	2.377005e-22 	1.487579e-25 	2.377005e-22 	7.071708e-24 	-5.168209e-23 	7.071708e-24 	7.071708e-24 	-5.168209e-23 	1.487579e-25 	-5.168209e-23 	1.487579e-25 	1.487579e-25 	7.071708e-24 	7.071708e-24 	1.487579e-25 		-1 16 39 63 9 119 145 15 45 60 93 114 145 18 37 51 87 107 142 30 35 54 101 116 137 
Coloring... done!
Number of colors = 12
Allocating memory on device... done!
#Simulating on CUDA: 0%#Simulating on CUDA: 1%#Simulating on CUDA: 2%#Simulating on CUDA: 3%#Simulating on CUDA: 4%#Simulating on CUDA: 5%#Simulating on CUDA: 6%#Simulating on CUDA: 7%#Simulating on CUDA: 8%#Simulating on CUDA: 9%#Simulating on CUDA: 10%#Simulating on CUDA: 11%#Simulating on CUDA: 12%#Simulating on CUDA: 13%#Simulating on CUDA: 14%#Simulating on CUDA: 15%#Simulating on CUDA: 16%#Simulating on CUDA: 17%#Simulating on CUDA: 18%#Simulating on CUDA: 19%#Simulating on CUDA: 20%#Simulating on CUDA: 21%#Simulating on CUDA: 22%#Simulating on CUDA: 23%#Simulating on CUDA: 24%#Simulating on CUDA: 25%#Simulating on CUDA: 26%#Simulating on CUDA: 27%#Simulating on CUDA: 28%#Simulating on CUDA: 29%#Simulating on CUDA: 30%#Simulating on CUDA: 31%#Simulating on CUDA: 32%#Simulating on CUDA: 33%#Simulating on CUDA: 34%#Simulating on CUDA: 35%#Simulating on CUDA: 36%#Simulating on CUDA: 37%#Simulating on CUDA: 38%#Simulating on CUDA: 39%#Simulating on CUDA: 40%#Simulating on CUDA: 41%#Simulating on CUDA: 42%#Simulating on CUDA: 43%#Simulating on CUDA: 44%#Simulating on CUDA: 45%#Simulating on CUDA: 46%#Simulating on CUDA: 47%#Simulating on CUDA: 48%#Simulating on CUDA: 49%#Simulating on CUDA: 50%#Simulating on CUDA: 51%#Simulating on CUDA: 52%#Simulating on CUDA: 53%#Simulating on CUDA: 54%#Simulating on CUDA: 55%#Simulating on CUDA: 56%#Simulating on CUDA: 57%#Simulating on CUDA: 58%#Simulating on CUDA: 59%#Simulating on CUDA: 60%#Simulating on CUDA: 61%#Simulating on CUDA: 62%#Simulating on CUDA: 63%#Simulating on CUDA: 64%#Simulating on CUDA: 65%#Simulating on CUDA: 66%#Simulating on CUDA: 67%#Simulating on CUDA: 68%#Simulating on CUDA: 69%#Simulating on CUDA: 70%#Simulating on CUDA: 71%#Simulating on CUDA: 72%#Simulating on CUDA: 73%#Simulating on CUDA: 74%#Simulating on CUDA: 75%#Simulating on CUDA: 76%#Simulating on CUDA: 77%#Simulating on CUDA: 78%#Simulating on CUDA: 79%#Simulating on CUDA: 80%#Simulating on CUDA: 81%#Simulating on CUDA: 82%#Simulating on CUDA: 83%#Simulating on CUDA: 84%#Simulating on CUDA: 85%#Simulating on CUDA: 86%#Simulating on CUDA: 87%#Simulating on CUDA: 88%#Simulating on CUDA: 89%#Simulating on CUDA: 90%#Simulating on CUDA: 91%#Simulating on CUDA: 92%#Simulating on CUDA: 93%#Simulating on CUDA: 94%#Simulating on CUDA: 95%#Simulating on CUDA: 96%#Simulating on CUDA: 97%#Simulating on CUDA: 98%#Simulating on CUDA: 99%#Simulating on CUDA: 100%!

Iterations per sample = 3.112125
Core simulation time = 15.346079 seconds
Total simulation time = 15.375772 seconds
