Running 1 simulations with a radial tolerance of 0.001000
Running simulation 0
design_bus_layout_inputs_icUsed = 2
i:0, col:1, cell:0	0.000000e+00
i:0, col:1, cell:1	0.000000e+00
i:0, col:1, cell:2	0.000000e+00
i:0, col:1, cell:3	0.000000e+00
i:0, col:1, cell:4	0.000000e+00
i:0, col:1, cell:5	0.000000e+00
i:0, col:1, cell:6	0.000000e+00
i:0, col:1, cell:7	0.000000e+00
i:0, col:1, cell:8	0.000000e+00
i:0, col:1, cell:9	0.000000e+00
i:0, col:1, cell:10	0.000000e+00
i:0, col:1, cell:11	0.000000e+00
i:0, col:1, cell:12	0.000000e+00
i:0, col:1, cell:13	0.000000e+00
i:0, col:1, cell:14	0.000000e+00
i:0, col:1, cell:15	0.000000e+00
i:0, col:1, cell:16	0.000000e+00
i:0, col:1, cell:17	0.000000e+00
i:0, col:1, cell:18	0.000000e+00
i:0, col:1, cell:19	0.000000e+00
i:0, col:1, cell:20	9.999997e-01
i:0, col:1, cell:21	0.000000e+00
i:0, col:1, cell:22	0.000000e+00
i:0, col:1, cell:23	0.000000e+00
i:0, col:1, cell:24	0.000000e+00
i:0, col:1, cell:25	0.000000e+00
i:0, col:1, cell:26	0.000000e+00
i:0, col:1, cell:27	0.000000e+00
i:0, col:1, cell:28	0.000000e+00
i:0, col:1, cell:29	0.000000e+00
i:0, col:1, cell:30	0.000000e+00
i:0, col:1, cell:31	0.000000e+00
i:0, col:1, cell:32	-1.000000e+00
i:0, col:1, cell:33	-1.000000e+00
i:0, col:2, cell:0	0.000000e+00
i:0, col:2, cell:1	0.000000e+00
i:0, col:2, cell:2	0.000000e+00
i:0, col:2, cell:3	0.000000e+00
i:0, col:2, cell:4	0.000000e+00
i:0, col:2, cell:5	0.000000e+00
i:0, col:2, cell:6	0.000000e+00
i:0, col:2, cell:7	0.000000e+00
i:0, col:2, cell:8	0.000000e+00
i:0, col:2, cell:9	0.000000e+00
i:0, col:2, cell:10	0.000000e+00
i:0, col:2, cell:11	0.000000e+00
i:0, col:2, cell:12	0.000000e+00
i:0, col:2, cell:13	0.000000e+00
i:0, col:2, cell:14	0.000000e+00
i:0, col:2, cell:15	0.000000e+00
i:0, col:2, cell:16	0.000000e+00
i:0, col:2, cell:17	9.524987e-01
i:0, col:2, cell:18	0.000000e+00
i:0, col:2, cell:19	0.000000e+00
i:0, col:2, cell:20	9.999997e-01
i:0, col:2, cell:21	0.000000e+00
i:0, col:2, cell:22	0.000000e+00
i:0, col:2, cell:23	0.000000e+00
i:0, col:2, cell:24	0.000000e+00
i:0, col:2, cell:25	0.000000e+00
i:0, col:2, cell:26	0.000000e+00
i:0, col:2, cell:27	0.000000e+00
i:0, col:2, cell:28	0.000000e+00
i:0, col:2, cell:29	0.000000e+00
i:0, col:2, cell:30	0.000000e+00
i:0, col:2, cell:31	0.000000e+00
i:0, col:2, cell:32	-1.000000e+00
i:0, col:2, cell:33	-1.000000e+00
i:0, col:3, cell:0	0.000000e+00
i:0, col:3, cell:1	0.000000e+00
i:0, col:3, cell:2	0.000000e+00
i:0, col:3, cell:3	0.000000e+00
i:0, col:3, cell:4	0.000000e+00
i:0, col:3, cell:5	0.000000e+00
i:0, col:3, cell:6	0.000000e+00
i:0, col:3, cell:7	0.000000e+00
i:0, col:3, cell:8	0.000000e+00
i:0, col:3, cell:9	0.000000e+00
i:0, col:3, cell:10	0.000000e+00
i:0, col:3, cell:11	9.508919e-01
i:0, col:3, cell:12	0.000000e+00
i:0, col:3, cell:13	0.000000e+00
i:0, col:3, cell:14	0.000000e+00
i:0, col:3, cell:15	0.000000e+00
i:0, col:3, cell:16	0.000000e+00
i:0, col:3, cell:17	9.524987e-01
i:0, col:3, cell:18	0.000000e+00
i:0, col:3, cell:19	0.000000e+00
i:0, col:3, cell:20	9.999997e-01
i:0, col:3, cell:21	0.000000e+00
i:0, col:3, cell:22	0.000000e+00
i:0, col:3, cell:23	0.000000e+00
i:0, col:3, cell:24	0.000000e+00
i:0, col:3, cell:25	0.000000e+00
i:0, col:3, cell:26	-4.681542e-04
i:0, col:3, cell:27	-4.681542e-04
i:0, col:3, cell:28	0.000000e+00
i:0, col:3, cell:29	0.000000e+00
i:0, col:3, cell:30	0.000000e+00
i:0, col:3, cell:31	0.000000e+00
i:0, col:3, cell:32	-1.000000e+00
i:0, col:3, cell:33	-1.000000e+00
i:0, col:4, cell:0	0.000000e+00
i:0, col:4, cell:1	0.000000e+00
i:0, col:4, cell:2	8.570938e-04
i:0, col:4, cell:3	0.000000e+00
i:0, col:4, cell:4	0.000000e+00
i:0, col:4, cell:5	0.000000e+00
i:0, col:4, cell:6	0.000000e+00
i:0, col:4, cell:7	0.000000e+00
i:0, col:4, cell:8	9.962802e-04
i:0, col:4, cell:9	0.000000e+00
i:0, col:4, cell:10	0.000000e+00
i:0, col:4, cell:11	9.508919e-01
i:0, col:4, cell:12	0.000000e+00
i:0, col:4, cell:13	3.623865e-03
i:0, col:4, cell:14	0.000000e+00
i:0, col:4, cell:15	0.000000e+00
i:0, col:4, cell:16	0.000000e+00
i:0, col:4, cell:17	9.524987e-01
i:0, col:4, cell:18	0.000000e+00
i:0, col:4, cell:19	0.000000e+00
i:0, col:4, cell:20	9.999997e-01
i:0, col:4, cell:21	0.000000e+00
i:0, col:4, cell:22	0.000000e+00
i:0, col:4, cell:23	0.000000e+00
i:0, col:4, cell:24	0.000000e+00
i:0, col:4, cell:25	0.000000e+00
i:0, col:4, cell:26	-4.681542e-04
i:0, col:4, cell:27	-4.681542e-04
i:0, col:4, cell:28	-3.664765e-03
i:0, col:4, cell:29	-3.664765e-03
i:0, col:4, cell:30	0.000000e+00
i:0, col:4, cell:31	0.000000e+00
i:0, col:4, cell:32	-1.000000e+00
i:0, col:4, cell:33	-1.000000e+00
i:0, col:5, cell:0	0.000000e+00
i:0, col:5, cell:1	0.000000e+00
i:0, col:5, cell:2	8.570938e-04
i:0, col:5, cell:3	7.658719e-03
i:0, col:5, cell:4	0.000000e+00
i:0, col:5, cell:5	0.000000e+00
i:0, col:5, cell:6	0.000000e+00
i:0, col:5, cell:7	0.000000e+00
i:0, col:5, cell:8	9.962802e-04
i:0, col:5, cell:9	0.000000e+00
i:0, col:5, cell:10	0.000000e+00
i:0, col:5, cell:11	9.508919e-01
i:0, col:5, cell:12	0.000000e+00
i:0, col:5, cell:13	3.623865e-03
i:0, col:5, cell:14	1.842441e-03
i:0, col:5, cell:15	0.000000e+00
i:0, col:5, cell:16	1.376249e-03
i:0, col:5, cell:17	9.524987e-01
i:0, col:5, cell:18	0.000000e+00
i:0, col:5, cell:19	0.000000e+00
i:0, col:5, cell:20	9.999997e-01
i:0, col:5, cell:21	0.000000e+00
i:0, col:5, cell:22	0.000000e+00
i:0, col:5, cell:23	0.000000e+00
i:0, col:5, cell:24	0.000000e+00
i:0, col:5, cell:25	0.000000e+00
i:0, col:5, cell:26	-4.681542e-04
i:0, col:5, cell:27	-4.681542e-04
i:0, col:5, cell:28	-3.664765e-03
i:0, col:5, cell:29	-3.664765e-03
i:0, col:5, cell:30	-1.208301e-01
i:0, col:5, cell:31	-1.208301e-01
i:0, col:5, cell:32	-1.000000e+00
i:0, col:5, cell:33	-1.000000e+00
i:0, col:6, cell:0	0.000000e+00
i:0, col:6, cell:1	0.000000e+00
i:0, col:6, cell:2	8.570938e-04
i:0, col:6, cell:3	7.658719e-03
i:0, col:6, cell:4	0.000000e+00
i:0, col:6, cell:5	9.516712e-01
i:0, col:6, cell:6	0.000000e+00
i:0, col:6, cell:7	0.000000e+00
i:0, col:6, cell:8	9.962802e-04
i:0, col:6, cell:9	0.000000e+00
i:0, col:6, cell:10	0.000000e+00
i:0, col:6, cell:11	9.508919e-01
i:0, col:6, cell:12	0.000000e+00
i:0, col:6, cell:13	3.623865e-03
i:0, col:6, cell:14	1.842441e-03
i:0, col:6, cell:15	0.000000e+00
i:0, col:6, cell:16	1.376249e-03
i:0, col:6, cell:17	9.524987e-01
i:0, col:6, cell:18	1.389848e-03
i:0, col:6, cell:19	7.107268e-04
i:0, col:6, cell:20	9.999997e-01
i:0, col:6, cell:21	0.000000e+00
i:0, col:6, cell:22	0.000000e+00
i:0, col:6, cell:23	0.000000e+00
i:0, col:6, cell:24	0.000000e+00
i:0, col:6, cell:25	0.000000e+00
i:0, col:6, cell:26	-4.681542e-04
i:0, col:6, cell:27	-4.681542e-04
i:0, col:6, cell:28	-3.664765e-03
i:0, col:6, cell:29	-3.664765e-03
i:0, col:6, cell:30	-1.208301e-01
i:0, col:6, cell:31	-1.208301e-01
i:0, col:6, cell:32	-1.000000e+00
i:0, col:6, cell:33	-1.000000e+00
i:0, col:7, cell:0	0.000000e+00
i:0, col:7, cell:1	0.000000e+00
i:0, col:7, cell:2	8.570938e-04
i:0, col:7, cell:3	7.658719e-03
i:0, col:7, cell:4	0.000000e+00
i:0, col:7, cell:5	9.516712e-01
i:0, col:7, cell:6	0.000000e+00
i:0, col:7, cell:7	0.000000e+00
i:0, col:7, cell:8	9.962802e-04
i:0, col:7, cell:9	2.245063e-03
i:0, col:7, cell:10	0.000000e+00
i:0, col:7, cell:11	9.508919e-01
i:0, col:7, cell:12	0.000000e+00
i:0, col:7, cell:13	3.623865e-03
i:0, col:7, cell:14	1.842441e-03
i:0, col:7, cell:15	0.000000e+00
i:0, col:7, cell:16	1.376249e-03
i:0, col:7, cell:17	9.524987e-01
i:0, col:7, cell:18	1.389848e-03
i:0, col:7, cell:19	7.107268e-04
i:0, col:7, cell:20	9.999997e-01
i:0, col:7, cell:21	7.124043e-04
i:0, col:7, cell:22	0.000000e+00
i:0, col:7, cell:23	0.000000e+00
i:0, col:7, cell:24	0.000000e+00
i:0, col:7, cell:25	0.000000e+00
i:0, col:7, cell:26	-4.681542e-04
i:0, col:7, cell:27	-4.681542e-04
i:0, col:7, cell:28	-3.664765e-03
i:0, col:7, cell:29	-3.664765e-03
i:0, col:7, cell:30	-1.208301e-01
i:0, col:7, cell:31	-1.208301e-01
i:0, col:7, cell:32	-1.000000e+00
i:0, col:7, cell:33	-1.000000e+00
i:0, col:8, cell:0	0.000000e+00
i:0, col:8, cell:1	0.000000e+00
i:0, col:8, cell:2	8.570938e-04
i:0, col:8, cell:3	7.658719e-03
i:0, col:8, cell:4	0.000000e+00
i:0, col:8, cell:5	9.516712e-01
i:0, col:8, cell:6	0.000000e+00
i:0, col:8, cell:7	0.000000e+00
i:0, col:8, cell:8	9.962802e-04
i:0, col:8, cell:9	2.245063e-03
i:0, col:8, cell:10	8.572089e-01
i:0, col:8, cell:11	9.508919e-01
i:0, col:8, cell:12	0.000000e+00
i:0, col:8, cell:13	3.623865e-03
i:0, col:8, cell:14	1.842441e-03
i:0, col:8, cell:15	0.000000e+00
i:0, col:8, cell:16	1.376249e-03
i:0, col:8, cell:17	9.524987e-01
i:0, col:8, cell:18	1.389848e-03
i:0, col:8, cell:19	7.107268e-04
i:0, col:8, cell:20	9.999997e-01
i:0, col:8, cell:21	7.124043e-04
i:0, col:8, cell:22	1.642884e-04
i:0, col:8, cell:23	1.650416e-04
i:0, col:8, cell:24	0.000000e+00
i:0, col:8, cell:25	0.000000e+00
i:0, col:8, cell:26	-4.681542e-04
i:0, col:8, cell:27	-4.681542e-04
i:0, col:8, cell:28	-3.664765e-03
i:0, col:8, cell:29	-3.664765e-03
i:0, col:8, cell:30	-1.208301e-01
i:0, col:8, cell:31	-1.208301e-01
i:0, col:8, cell:32	-1.000000e+00
i:0, col:8, cell:33	-1.000000e+00
i:1, col:1, cell:0	0.000000e+00
i:1, col:1, cell:1	0.000000e+00
i:1, col:1, cell:2	8.570938e-04
i:1, col:1, cell:3	7.658719e-03
i:1, col:1, cell:4	0.000000e+00
i:1, col:1, cell:5	9.516712e-01
i:1, col:1, cell:6	0.000000e+00
i:1, col:1, cell:7	0.000000e+00
i:1, col:1, cell:8	9.962802e-04
i:1, col:1, cell:9	2.245063e-03
i:1, col:1, cell:10	8.572089e-01
i:1, col:1, cell:11	9.508919e-01
i:1, col:1, cell:12	8.680867e-01
i:1, col:1, cell:13	3.623865e-03
i:1, col:1, cell:14	1.842441e-03
i:1, col:1, cell:15	0.000000e+00
i:1, col:1, cell:16	1.376249e-03
i:1, col:1, cell:17	9.524987e-01
i:1, col:1, cell:18	1.389848e-03
i:1, col:1, cell:19	7.107268e-04
i:1, col:1, cell:20	9.999997e-01
i:1, col:1, cell:21	7.124043e-04
i:1, col:1, cell:22	1.642884e-04
i:1, col:1, cell:23	1.650416e-04
i:1, col:1, cell:24	0.000000e+00
i:1, col:1, cell:25	0.000000e+00
i:1, col:1, cell:26	-4.681542e-04
i:1, col:1, cell:27	-4.681542e-04
i:1, col:1, cell:28	-3.664765e-03
i:1, col:1, cell:29	-3.664765e-03
i:1, col:1, cell:30	-1.208301e-01
i:1, col:1, cell:31	-1.208301e-01
i:1, col:1, cell:32	-1.000000e+00
i:1, col:1, cell:33	-1.000000e+00
i:1, col:2, cell:0	1.285719e-05
i:1, col:2, cell:1	0.000000e+00
i:1, col:2, cell:2	8.570938e-04
i:1, col:2, cell:3	7.658719e-03
i:1, col:2, cell:4	-2.508057e-04
i:1, col:2, cell:5	9.516712e-01
i:1, col:2, cell:6	-1.406133e-04
i:1, col:2, cell:7	0.000000e+00
i:1, col:2, cell:8	9.962802e-04
i:1, col:2, cell:9	2.245063e-03
i:1, col:2, cell:10	8.572089e-01
i:1, col:2, cell:11	9.508919e-01
i:1, col:2, cell:12	8.680867e-01
i:1, col:2, cell:13	3.623865e-03
i:1, col:2, cell:14	1.842441e-03
i:1, col:2, cell:15	0.000000e+00
i:1, col:2, cell:16	1.376249e-03
i:1, col:2, cell:17	9.807082e-01
i:1, col:2, cell:18	1.389848e-03
i:1, col:2, cell:19	7.107268e-04
i:1, col:2, cell:20	9.999997e-01
i:1, col:2, cell:21	7.124043e-04
i:1, col:2, cell:22	1.642884e-04
i:1, col:2, cell:23	1.650416e-04
i:1, col:2, cell:24	-1.034326e-04
i:1, col:2, cell:25	-1.033288e-04
i:1, col:2, cell:26	-4.681542e-04
i:1, col:2, cell:27	-4.681542e-04
i:1, col:2, cell:28	-3.664765e-03
i:1, col:2, cell:29	-3.664765e-03
i:1, col:2, cell:30	-1.208301e-01
i:1, col:2, cell:31	-1.208301e-01
i:1, col:2, cell:32	-1.000000e+00
i:1, col:2, cell:33	-1.000000e+00
i:1, col:3, cell:0	1.285719e-05
i:1, col:3, cell:1	1.114130e-03
i:1, col:3, cell:2	8.570938e-04
i:1, col:3, cell:3	7.658719e-03
i:1, col:3, cell:4	-2.508057e-04
i:1, col:3, cell:5	9.516712e-01
i:1, col:3, cell:6	-1.406133e-04
i:1, col:3, cell:7	9.626216e-04
i:1, col:3, cell:8	9.962802e-04
i:1, col:3, cell:9	2.245063e-03
i:1, col:3, cell:10	8.572089e-01
i:1, col:3, cell:11	9.962627e-01
i:1, col:3, cell:12	8.680867e-01
i:1, col:3, cell:13	3.623865e-03
i:1, col:3, cell:14	1.842441e-03
i:1, col:3, cell:15	1.173293e-03
i:1, col:3, cell:16	1.376249e-03
i:1, col:3, cell:17	9.807082e-01
i:1, col:3, cell:18	1.389848e-03
i:1, col:3, cell:19	7.107268e-04
i:1, col:3, cell:20	9.999997e-01
i:1, col:3, cell:21	7.124043e-04
i:1, col:3, cell:22	1.642884e-04
i:1, col:3, cell:23	1.650416e-04
i:1, col:3, cell:24	-1.034326e-04
i:1, col:3, cell:25	-1.033288e-04
i:1, col:3, cell:26	-1.360175e-03
i:1, col:3, cell:27	-1.360159e-03
i:1, col:3, cell:28	-3.664765e-03
i:1, col:3, cell:29	-3.664765e-03
i:1, col:3, cell:30	-1.208301e-01
i:1, col:3, cell:31	-1.208301e-01
i:1, col:3, cell:32	-1.000000e+00
i:1, col:3, cell:33	-1.000000e+00
i:1, col:4, cell:0	1.285719e-05
i:1, col:4, cell:1	1.114130e-03
i:1, col:4, cell:2	9.809102e-03
i:1, col:4, cell:3	7.658719e-03
i:1, col:4, cell:4	-2.508057e-04
i:1, col:4, cell:5	9.516712e-01
i:1, col:4, cell:6	-1.406133e-04
i:1, col:4, cell:7	9.626216e-04
i:1, col:4, cell:8	8.151698e-03
i:1, col:4, cell:9	2.245063e-03
i:1, col:4, cell:10	8.572089e-01
i:1, col:4, cell:11	9.962627e-01
i:1, col:4, cell:12	8.680867e-01
i:1, col:4, cell:13	2.019475e-01
i:1, col:4, cell:14	1.842441e-03
i:1, col:4, cell:15	1.173293e-03
i:1, col:4, cell:16	1.376249e-03
i:1, col:4, cell:17	9.807082e-01
i:1, col:4, cell:18	1.389848e-03
i:1, col:4, cell:19	7.107268e-04
i:1, col:4, cell:20	9.999997e-01
i:1, col:4, cell:21	7.124043e-04
i:1, col:4, cell:22	1.642884e-04
i:1, col:4, cell:23	1.650416e-04
i:1, col:4, cell:24	-1.034326e-04
i:1, col:4, cell:25	-1.033288e-04
i:1, col:4, cell:26	-1.360175e-03
i:1, col:4, cell:27	-1.360159e-03
i:1, col:4, cell:28	-1.842389e-02
i:1, col:4, cell:29	-1.842389e-02
i:1, col:4, cell:30	-1.208301e-01
i:1, col:4, cell:31	-1.208301e-01
i:1, col:4, cell:32	-1.000000e+00
i:1, col:4, cell:33	-1.000000e+00
i:1, col:5, cell:0	1.285719e-05
i:1, col:5, cell:1	1.114130e-03
i:1, col:5, cell:2	9.809102e-03
i:1, col:5, cell:3	2.234504e-01
i:1, col:5, cell:4	-2.508057e-04
i:1, col:5, cell:5	9.516712e-01
i:1, col:5, cell:6	-1.406133e-04
i:1, col:5, cell:7	9.626216e-04
i:1, col:5, cell:8	8.151698e-03
i:1, col:5, cell:9	2.245063e-03
i:1, col:5, cell:10	8.572089e-01
i:1, col:5, cell:11	9.962627e-01
i:1, col:5, cell:12	8.680867e-01
i:1, col:5, cell:13	2.019475e-01
i:1, col:5, cell:14	5.485295e-02
i:1, col:5, cell:15	1.173293e-03
i:1, col:5, cell:16	1.703962e-03
i:1, col:5, cell:17	9.807082e-01
i:1, col:5, cell:18	1.389848e-03
i:1, col:5, cell:19	7.107268e-04
i:1, col:5, cell:20	9.999997e-01
i:1, col:5, cell:21	7.124043e-04
i:1, col:5, cell:22	1.642884e-04
i:1, col:5, cell:23	1.650416e-04
i:1, col:5, cell:24	-1.034326e-04
i:1, col:5, cell:25	-1.033288e-04
i:1, col:5, cell:26	-1.360175e-03
i:1, col:5, cell:27	-1.360159e-03
i:1, col:5, cell:28	-1.842389e-02
i:1, col:5, cell:29	-1.842389e-02
i:1, col:5, cell:30	-1.225835e-01
i:1, col:5, cell:31	-1.225835e-01
i:1, col:5, cell:32	-1.000000e+00
i:1, col:5, cell:33	-1.000000e+00
i:1, col:6, cell:0	1.285719e-05
i:1, col:6, cell:1	1.114130e-03
i:1, col:6, cell:2	9.809102e-03
i:1, col:6, cell:3	2.234504e-01
i:1, col:6, cell:4	-2.508057e-04
i:1, col:6, cell:5	9.394548e-01
i:1, col:6, cell:6	-1.406133e-04
i:1, col:6, cell:7	9.626216e-04
i:1, col:6, cell:8	8.151698e-03
i:1, col:6, cell:9	2.245063e-03
i:1, col:6, cell:10	8.572089e-01
i:1, col:6, cell:11	9.962627e-01
i:1, col:6, cell:12	8.680867e-01
i:1, col:6, cell:13	2.019475e-01
i:1, col:6, cell:14	5.485295e-02
i:1, col:6, cell:15	1.173293e-03
i:1, col:6, cell:16	1.703962e-03
i:1, col:6, cell:17	9.807082e-01
i:1, col:6, cell:18	2.443026e-03
i:1, col:6, cell:19	1.487528e-04
i:1, col:6, cell:20	9.999997e-01
i:1, col:6, cell:21	7.124043e-04
i:1, col:6, cell:22	1.642884e-04
i:1, col:6, cell:23	1.650416e-04
i:1, col:6, cell:24	-1.034326e-04
i:1, col:6, cell:25	-1.033288e-04
i:1, col:6, cell:26	-1.360175e-03
i:1, col:6, cell:27	-1.360159e-03
i:1, col:6, cell:28	-1.842389e-02
i:1, col:6, cell:29	-1.842389e-02
i:1, col:6, cell:30	-1.225835e-01
i:1, col:6, cell:31	-1.225835e-01
i:1, col:6, cell:32	-1.000000e+00
i:1, col:6, cell:33	-1.000000e+00
i:1, col:7, cell:0	1.285719e-05
i:1, col:7, cell:1	1.114130e-03
i:1, col:7, cell:2	9.809102e-03
i:1, col:7, cell:3	2.234504e-01
i:1, col:7, cell:4	-2.508057e-04
i:1, col:7, cell:5	9.394548e-01
i:1, col:7, cell:6	-1.406133e-04
i:1, col:7, cell:7	9.626216e-04
i:1, col:7, cell:8	8.151698e-03
i:1, col:7, cell:9	2.006680e-01
i:1, col:7, cell:10	8.572089e-01
i:1, col:7, cell:11	9.962627e-01
i:1, col:7, cell:12	8.680867e-01
i:1, col:7, cell:13	2.019475e-01
i:1, col:7, cell:14	5.485295e-02
i:1, col:7, cell:15	1.173293e-03
i:1, col:7, cell:16	1.703962e-03
i:1, col:7, cell:17	9.807082e-01
i:1, col:7, cell:18	2.443026e-03
i:1, col:7, cell:19	1.487528e-04
i:1, col:7, cell:20	9.999997e-01
i:1, col:7, cell:21	2.319701e-04
i:1, col:7, cell:22	1.642884e-04
i:1, col:7, cell:23	1.650416e-04
i:1, col:7, cell:24	-1.034326e-04
i:1, col:7, cell:25	-1.033288e-04
i:1, col:7, cell:26	-1.360175e-03
i:1, col:7, cell:27	-1.360159e-03
i:1, col:7, cell:28	-1.842389e-02
i:1, col:7, cell:29	-1.842389e-02
i:1, col:7, cell:30	-1.225835e-01
i:1, col:7, cell:31	-1.225835e-01
i:1, col:7, cell:32	-1.000000e+00
i:1, col:7, cell:33	-1.000000e+00
i:1, col:8, cell:0	1.285719e-05
i:1, col:8, cell:1	1.114130e-03
i:1, col:8, cell:2	9.809102e-03
i:1, col:8, cell:3	2.234504e-01
i:1, col:8, cell:4	-2.508057e-04
i:1, col:8, cell:5	9.394548e-01
i:1, col:8, cell:6	-1.406133e-04
i:1, col:8, cell:7	9.626216e-04
i:1, col:8, cell:8	8.151698e-03
i:1, col:8, cell:9	2.006680e-01
i:1, col:8, cell:10	9.282423e-01
i:1, col:8, cell:11	9.962627e-01
i:1, col:8, cell:12	8.680867e-01
i:1, col:8, cell:13	2.019475e-01
i:1, col:8, cell:14	5.485295e-02
i:1, col:8, cell:15	1.173293e-03
i:1, col:8, cell:16	1.703962e-03
i:1, col:8, cell:17	9.807082e-01
i:1, col:8, cell:18	2.443026e-03
i:1, col:8, cell:19	1.487528e-04
i:1, col:8, cell:20	9.999997e-01
i:1, col:8, cell:21	2.319701e-04
i:1, col:8, cell:22	9.312768e-05
i:1, col:8, cell:23	1.278756e-04
i:1, col:8, cell:24	-1.034326e-04
i:1, col:8, cell:25	-1.033288e-04
i:1, col:8, cell:26	-1.360175e-03
i:1, col:8, cell:27	-1.360159e-03
i:1, col:8, cell:28	-1.842389e-02
i:1, col:8, cell:29	-1.842389e-02
i:1, col:8, cell:30	-1.225835e-01
i:1, col:8, cell:31	-1.225835e-01
i:1, col:8, cell:32	-1.000000e+00
i:1, col:8, cell:33	-1.000000e+00
[0, 32]: tmp: 0.000000e+00, [0, 32]: tmp: -0.000000e+00, [0, 33]: tmp: 0.000000e+00, [0, 33]: tmp: -0.000000e+00, 	Processing time1: 0.000000 (s)
	Processing time2: 2458609.000000 (ns)

Launch conclusa

Simulation Time: 0 seconds
