Running 1 simulations with a radial tolerance of 0.001000
Running simulation 0
design_bus_layout_inputs_icUsed = 5

Io host mando questi al device:
10187 10188 10189 10190 10191 

[27, 4]: Sono 4 nel mio blocco, e leggo 10191
[37, 4]: Sono 4 nel mio blocco, e leggo 10191
[7, 4]: Sono 4 nel mio blocco, e leggo 10191
[17, 4]: Sono 4 nel mio blocco, e leggo 10191
[18, 4]: Sono 4 nel mio blocco, e leggo 10191
[28, 4]: Sono 4 nel mio blocco, e leggo 10191
[8, 4]: Sono 4 nel mio blocco, e leggo 10191
[38, 4]: Sono 4 nel mio blocco, e leggo 10191
[12, 4]: Sono 4 nel mio blocco, e leggo 10191
[19, 4]: Sono 4 nel mio blocco, e leggo 10191
[2, 4]: Sono 4 nel mio blocco, e leggo 10191
[29, 4]: Sono 4 nel mio blocco, e leggo 10191
[32, 4]: Sono 4 nel mio blocco, e leggo 10191
[22, 4]: Sono 4 nel mio blocco, e leggo 10191
[9, 4]: Sono 4 nel mio blocco, e leggo 10191
[39, 4]: Sono 4 nel mio blocco, e leggo 10191
[10, 4]: Sono 4 nel mio blocco, e leggo 10191
[20, 4]: Sono 4 nel mio blocco, e leggo 10191
[0, 4]: Sono 4 nel mio blocco, e leggo 10191
[30, 4]: Sono 4 nel mio blocco, e leggo 10191
[13, 4]: Sono 4 nel mio blocco, e leggo 10191
[23, 4]: Sono 4 nel mio blocco, e leggo 10191
[3, 4]: Sono 4 nel mio blocco, e leggo 10191
[33, 4]: Sono 4 nel mio blocco, e leggo 10191
[11, 4]: Sono 4 nel mio blocco, e leggo 10191
[21, 4]: Sono 4 nel mio blocco, e leggo 10191
[14, 4]: Sono 4 nel mio blocco, e leggo 10191
[24, 4]: Sono 4 nel mio blocco, e leggo 10191
[1, 4]: Sono 4 nel mio blocco, e leggo 10191
[4, 4]: Sono 4 nel mio blocco, e leggo 10191
[31, 4]: Sono 4 nel mio blocco, e leggo 10191
[34, 4]: Sono 4 nel mio blocco, e leggo 10191
[15, 4]: Sono 4 nel mio blocco, e leggo 10191
[25, 4]: Sono 4 nel mio blocco, e leggo 10191
[5, 4]: Sono 4 nel mio blocco, e leggo 10191
[35, 4]: Sono 4 nel mio blocco, e leggo 10191
[16, 4]: Sono 4 nel mio blocco, e leggo 10191
[26, 4]: Sono 4 nel mio blocco, e leggo 10191
[6, 4]: Sono 4 nel mio blocco, e leggo 10191
[36, 4]: Sono 4 nel mio blocco, e leggo 10191
[39, 207]: 10191:ECCOMI! length:5 -> 10187 10188 10189 10190 0, mi cerco...
[39, 207]: is 10189?
[39, 207]: is 10190?
[39, 207]: is 0?
	Processing time1: 0.000000 (s)
	Processing time2: 7453351.000000 (ns)

Launch conclusa

Simulation Time: 38 seconds
