Running 1 simulations with a radial tolerance of 0.001000
Running simulation 0
design_bus_layout_inputs_icUsed = 2
i:0, col:1, cell:0	0.000000e+00
i:0, col:1, cell:1	0.000000e+00
i:0, col:1, cell:2	0.000000e+00
i:0, col:1, cell:3	0.000000e+00
i:0, col:1, cell:4	0.000000e+00
i:0, col:1, cell:5	0.000000e+00
i:0, col:1, cell:6	0.000000e+00
i:0, col:1, cell:7	0.000000e+00
i:0, col:1, cell:8	0.000000e+00
i:0, col:1, cell:9	0.000000e+00
i:0, col:1, cell:10	0.000000e+00
i:0, col:1, cell:11	0.000000e+00
i:0, col:1, cell:12	0.000000e+00
i:0, col:1, cell:13	0.000000e+00
i:0, col:1, cell:14	0.000000e+00
i:0, col:1, cell:15	0.000000e+00
i:0, col:1, cell:16	0.000000e+00
i:0, col:1, cell:17	0.000000e+00
i:0, col:1, cell:18	0.000000e+00
i:0, col:1, cell:19	0.000000e+00
i:0, col:1, cell:20	9.999997e-01
i:0, col:1, cell:21	0.000000e+00
i:0, col:1, cell:22	0.000000e+00
i:0, col:1, cell:23	0.000000e+00
i:0, col:1, cell:24	0.000000e+00
i:0, col:1, cell:25	0.000000e+00
i:0, col:1, cell:26	0.000000e+00
i:0, col:1, cell:27	0.000000e+00
i:0, col:1, cell:28	0.000000e+00
i:0, col:1, cell:29	0.000000e+00
i:0, col:1, cell:30	0.000000e+00
i:0, col:1, cell:31	0.000000e+00
i:0, col:1, cell:32	-1.000000e+00
i:0, col:1, cell:33	-1.000000e+00
i:0, col:2, cell:0	0.000000e+00
i:0, col:2, cell:1	0.000000e+00
i:0, col:2, cell:2	0.000000e+00
i:0, col:2, cell:3	0.000000e+00
i:0, col:2, cell:4	0.000000e+00
i:0, col:2, cell:5	0.000000e+00
i:0, col:2, cell:6	0.000000e+00
i:0, col:2, cell:7	0.000000e+00
i:0, col:2, cell:8	0.000000e+00
i:0, col:2, cell:9	0.000000e+00
i:0, col:2, cell:10	0.000000e+00
i:0, col:2, cell:11	0.000000e+00
i:0, col:2, cell:12	0.000000e+00
i:0, col:2, cell:13	0.000000e+00
i:0, col:2, cell:14	0.000000e+00
i:0, col:2, cell:15	0.000000e+00
i:0, col:2, cell:16	0.000000e+00
i:0, col:2, cell:17	0.000000e+00
i:0, col:2, cell:18	0.000000e+00
i:0, col:2, cell:19	0.000000e+00
i:0, col:2, cell:20	9.999997e-01
i:0, col:2, cell:21	0.000000e+00
i:0, col:2, cell:22	0.000000e+00
i:0, col:2, cell:23	0.000000e+00
i:0, col:2, cell:24	0.000000e+00
i:0, col:2, cell:25	0.000000e+00
i:0, col:2, cell:26	0.000000e+00
i:0, col:2, cell:27	0.000000e+00
i:0, col:2, cell:28	0.000000e+00
i:0, col:2, cell:29	0.000000e+00
i:0, col:2, cell:30	0.000000e+00
i:0, col:2, cell:31	0.000000e+00
i:0, col:2, cell:32	-1.000000e+00
i:0, col:2, cell:33	-1.000000e+00
i:0, col:3, cell:0	0.000000e+00
i:0, col:3, cell:1	0.000000e+00
i:0, col:3, cell:2	0.000000e+00
i:0, col:3, cell:3	0.000000e+00
i:0, col:3, cell:4	0.000000e+00
i:0, col:3, cell:5	0.000000e+00
i:0, col:3, cell:6	0.000000e+00
i:0, col:3, cell:7	0.000000e+00
i:0, col:3, cell:8	0.000000e+00
i:0, col:3, cell:9	0.000000e+00
i:0, col:3, cell:10	0.000000e+00
i:0, col:3, cell:11	0.000000e+00
i:0, col:3, cell:12	0.000000e+00
i:0, col:3, cell:13	0.000000e+00
i:0, col:3, cell:14	0.000000e+00
i:0, col:3, cell:15	0.000000e+00
i:0, col:3, cell:16	0.000000e+00
i:0, col:3, cell:17	0.000000e+00
i:0, col:3, cell:18	0.000000e+00
i:0, col:3, cell:19	0.000000e+00
i:0, col:3, cell:20	9.999997e-01
i:0, col:3, cell:21	0.000000e+00
i:0, col:3, cell:22	0.000000e+00
i:0, col:3, cell:23	0.000000e+00
i:0, col:3, cell:24	0.000000e+00
i:0, col:3, cell:25	0.000000e+00
i:0, col:3, cell:26	0.000000e+00
i:0, col:3, cell:27	0.000000e+00
i:0, col:3, cell:28	0.000000e+00
i:0, col:3, cell:29	0.000000e+00
i:0, col:3, cell:30	0.000000e+00
i:0, col:3, cell:31	0.000000e+00
i:0, col:3, cell:32	-1.000000e+00
i:0, col:3, cell:33	-1.000000e+00
i:0, col:4, cell:0	0.000000e+00
i:0, col:4, cell:1	0.000000e+00
i:0, col:4, cell:2	0.000000e+00
i:0, col:4, cell:3	0.000000e+00
i:0, col:4, cell:4	0.000000e+00
i:0, col:4, cell:5	0.000000e+00
i:0, col:4, cell:6	0.000000e+00
i:0, col:4, cell:7	0.000000e+00
i:0, col:4, cell:8	0.000000e+00
i:0, col:4, cell:9	0.000000e+00
i:0, col:4, cell:10	0.000000e+00
i:0, col:4, cell:11	0.000000e+00
i:0, col:4, cell:12	0.000000e+00
i:0, col:4, cell:13	0.000000e+00
i:0, col:4, cell:14	0.000000e+00
i:0, col:4, cell:15	0.000000e+00
i:0, col:4, cell:16	0.000000e+00
i:0, col:4, cell:17	0.000000e+00
i:0, col:4, cell:18	0.000000e+00
i:0, col:4, cell:19	0.000000e+00
i:0, col:4, cell:20	9.999997e-01
i:0, col:4, cell:21	0.000000e+00
i:0, col:4, cell:22	0.000000e+00
i:0, col:4, cell:23	0.000000e+00
i:0, col:4, cell:24	0.000000e+00
i:0, col:4, cell:25	0.000000e+00
i:0, col:4, cell:26	0.000000e+00
i:0, col:4, cell:27	0.000000e+00
i:0, col:4, cell:28	0.000000e+00
i:0, col:4, cell:29	0.000000e+00
i:0, col:4, cell:30	0.000000e+00
i:0, col:4, cell:31	0.000000e+00
i:0, col:4, cell:32	-1.000000e+00
i:0, col:4, cell:33	-1.000000e+00
i:0, col:5, cell:0	0.000000e+00
i:0, col:5, cell:1	0.000000e+00
i:0, col:5, cell:2	0.000000e+00
i:0, col:5, cell:3	0.000000e+00
i:0, col:5, cell:4	0.000000e+00
i:0, col:5, cell:5	0.000000e+00
i:0, col:5, cell:6	0.000000e+00
i:0, col:5, cell:7	0.000000e+00
i:0, col:5, cell:8	0.000000e+00
i:0, col:5, cell:9	0.000000e+00
i:0, col:5, cell:10	0.000000e+00
i:0, col:5, cell:11	0.000000e+00
i:0, col:5, cell:12	0.000000e+00
i:0, col:5, cell:13	0.000000e+00
i:0, col:5, cell:14	0.000000e+00
i:0, col:5, cell:15	0.000000e+00
i:0, col:5, cell:16	0.000000e+00
i:0, col:5, cell:17	0.000000e+00
i:0, col:5, cell:18	0.000000e+00
i:0, col:5, cell:19	0.000000e+00
i:0, col:5, cell:20	9.999997e-01
i:0, col:5, cell:21	0.000000e+00
i:0, col:5, cell:22	0.000000e+00
i:0, col:5, cell:23	0.000000e+00
i:0, col:5, cell:24	0.000000e+00
i:0, col:5, cell:25	0.000000e+00
i:0, col:5, cell:26	0.000000e+00
i:0, col:5, cell:27	0.000000e+00
i:0, col:5, cell:28	0.000000e+00
i:0, col:5, cell:29	0.000000e+00
i:0, col:5, cell:30	0.000000e+00
i:0, col:5, cell:31	0.000000e+00
i:0, col:5, cell:32	-1.000000e+00
i:0, col:5, cell:33	-1.000000e+00
i:0, col:6, cell:0	0.000000e+00
i:0, col:6, cell:1	0.000000e+00
i:0, col:6, cell:2	0.000000e+00
i:0, col:6, cell:3	0.000000e+00
i:0, col:6, cell:4	0.000000e+00
i:0, col:6, cell:5	0.000000e+00
i:0, col:6, cell:6	0.000000e+00
i:0, col:6, cell:7	0.000000e+00
i:0, col:6, cell:8	0.000000e+00
i:0, col:6, cell:9	0.000000e+00
i:0, col:6, cell:10	0.000000e+00
i:0, col:6, cell:11	0.000000e+00
i:0, col:6, cell:12	0.000000e+00
i:0, col:6, cell:13	0.000000e+00
i:0, col:6, cell:14	0.000000e+00
i:0, col:6, cell:15	0.000000e+00
i:0, col:6, cell:16	0.000000e+00
i:0, col:6, cell:17	0.000000e+00
i:0, col:6, cell:18	0.000000e+00
i:0, col:6, cell:19	0.000000e+00
i:0, col:6, cell:20	9.999997e-01
i:0, col:6, cell:21	0.000000e+00
i:0, col:6, cell:22	0.000000e+00
i:0, col:6, cell:23	0.000000e+00
i:0, col:6, cell:24	0.000000e+00
i:0, col:6, cell:25	0.000000e+00
i:0, col:6, cell:26	0.000000e+00
i:0, col:6, cell:27	0.000000e+00
i:0, col:6, cell:28	0.000000e+00
i:0, col:6, cell:29	0.000000e+00
i:0, col:6, cell:30	0.000000e+00
i:0, col:6, cell:31	0.000000e+00
i:0, col:6, cell:32	-1.000000e+00
i:0, col:6, cell:33	-1.000000e+00
i:0, col:7, cell:0	0.000000e+00
i:0, col:7, cell:1	0.000000e+00
i:0, col:7, cell:2	0.000000e+00
i:0, col:7, cell:3	0.000000e+00
i:0, col:7, cell:4	0.000000e+00
i:0, col:7, cell:5	0.000000e+00
i:0, col:7, cell:6	0.000000e+00
i:0, col:7, cell:7	0.000000e+00
i:0, col:7, cell:8	0.000000e+00
i:0, col:7, cell:9	0.000000e+00
i:0, col:7, cell:10	0.000000e+00
i:0, col:7, cell:11	0.000000e+00
i:0, col:7, cell:12	0.000000e+00
i:0, col:7, cell:13	0.000000e+00
i:0, col:7, cell:14	0.000000e+00
i:0, col:7, cell:15	0.000000e+00
i:0, col:7, cell:16	0.000000e+00
i:0, col:7, cell:17	0.000000e+00
i:0, col:7, cell:18	0.000000e+00
i:0, col:7, cell:19	0.000000e+00
i:0, col:7, cell:20	9.999997e-01
i:0, col:7, cell:21	0.000000e+00
i:0, col:7, cell:22	0.000000e+00
i:0, col:7, cell:23	0.000000e+00
i:0, col:7, cell:24	0.000000e+00
i:0, col:7, cell:25	0.000000e+00
i:0, col:7, cell:26	0.000000e+00
i:0, col:7, cell:27	0.000000e+00
i:0, col:7, cell:28	0.000000e+00
i:0, col:7, cell:29	0.000000e+00
i:0, col:7, cell:30	0.000000e+00
i:0, col:7, cell:31	0.000000e+00
i:0, col:7, cell:32	-1.000000e+00
i:0, col:7, cell:33	-1.000000e+00
i:0, col:8, cell:0	0.000000e+00
i:0, col:8, cell:1	0.000000e+00
i:0, col:8, cell:2	0.000000e+00
i:0, col:8, cell:3	0.000000e+00
i:0, col:8, cell:4	0.000000e+00
i:0, col:8, cell:5	0.000000e+00
i:0, col:8, cell:6	0.000000e+00
i:0, col:8, cell:7	0.000000e+00
i:0, col:8, cell:8	0.000000e+00
i:0, col:8, cell:9	0.000000e+00
i:0, col:8, cell:10	0.000000e+00
i:0, col:8, cell:11	0.000000e+00
i:0, col:8, cell:12	0.000000e+00
i:0, col:8, cell:13	0.000000e+00
i:0, col:8, cell:14	0.000000e+00
i:0, col:8, cell:15	0.000000e+00
i:0, col:8, cell:16	0.000000e+00
i:0, col:8, cell:17	0.000000e+00
i:0, col:8, cell:18	0.000000e+00
i:0, col:8, cell:19	0.000000e+00
i:0, col:8, cell:20	9.999997e-01
i:0, col:8, cell:21	0.000000e+00
i:0, col:8, cell:22	0.000000e+00
i:0, col:8, cell:23	0.000000e+00
i:0, col:8, cell:24	0.000000e+00
i:0, col:8, cell:25	0.000000e+00
i:0, col:8, cell:26	0.000000e+00
i:0, col:8, cell:27	0.000000e+00
i:0, col:8, cell:28	0.000000e+00
i:0, col:8, cell:29	0.000000e+00
i:0, col:8, cell:30	0.000000e+00
i:0, col:8, cell:31	0.000000e+00
i:0, col:8, cell:32	-1.000000e+00
i:0, col:8, cell:33	-1.000000e+00
i:1, col:1, cell:0	0.000000e+00
i:1, col:1, cell:1	0.000000e+00
i:1, col:1, cell:2	0.000000e+00
i:1, col:1, cell:3	0.000000e+00
i:1, col:1, cell:4	0.000000e+00
i:1, col:1, cell:5	1.207257e-02
i:1, col:1, cell:6	0.000000e+00
i:1, col:1, cell:7	0.000000e+00
i:1, col:1, cell:8	0.000000e+00
i:1, col:1, cell:9	-1.450986e-03
i:1, col:1, cell:10	-2.152019e-02
i:1, col:1, cell:11	9.264855e-02
i:1, col:1, cell:12	-2.152019e-02
i:1, col:1, cell:13	-1.450986e-03
i:1, col:1, cell:14	0.000000e+00
i:1, col:1, cell:15	0.000000e+00
i:1, col:1, cell:16	1.461276e-04
i:1, col:1, cell:17	9.524987e-01
i:1, col:1, cell:18	1.461276e-04
i:1, col:1, cell:19	4.681541e-04
i:1, col:1, cell:20	9.999997e-01
i:1, col:1, cell:21	4.681541e-04
i:1, col:1, cell:22	7.589688e-05
i:1, col:1, cell:23	7.589688e-05
i:1, col:1, cell:24	0.000000e+00
i:1, col:1, cell:25	0.000000e+00
i:1, col:1, cell:26	-4.681542e-04
i:1, col:1, cell:27	-4.681542e-04
i:1, col:1, cell:28	-3.607991e-03
i:1, col:1, cell:29	-3.607991e-03
i:1, col:1, cell:30	-1.203936e-01
i:1, col:1, cell:31	-1.203936e-01
i:1, col:1, cell:32	-1.000000e+00
i:1, col:1, cell:33	-1.000000e+00
i:1, col:2, cell:0	0.000000e+00
i:1, col:2, cell:1	0.000000e+00
i:1, col:2, cell:2	0.000000e+00
i:1, col:2, cell:3	0.000000e+00
i:1, col:2, cell:4	0.000000e+00
i:1, col:2, cell:5	1.207257e-02
i:1, col:2, cell:6	0.000000e+00
i:1, col:2, cell:7	0.000000e+00
i:1, col:2, cell:8	0.000000e+00
i:1, col:2, cell:9	-1.450986e-03
i:1, col:2, cell:10	-2.152019e-02
i:1, col:2, cell:11	9.264855e-02
i:1, col:2, cell:12	-2.152019e-02
i:1, col:2, cell:13	-1.450986e-03
i:1, col:2, cell:14	0.000000e+00
i:1, col:2, cell:15	0.000000e+00
i:1, col:2, cell:16	1.461276e-04
i:1, col:2, cell:17	9.524987e-01
i:1, col:2, cell:18	1.461276e-04
i:1, col:2, cell:19	4.681541e-04
i:1, col:2, cell:20	9.999997e-01
i:1, col:2, cell:21	4.681541e-04
i:1, col:2, cell:22	7.589688e-05
i:1, col:2, cell:23	7.589688e-05
i:1, col:2, cell:24	0.000000e+00
i:1, col:2, cell:25	0.000000e+00
i:1, col:2, cell:26	-4.681542e-04
i:1, col:2, cell:27	-4.681542e-04
i:1, col:2, cell:28	-3.607991e-03
i:1, col:2, cell:29	-3.607991e-03
i:1, col:2, cell:30	-1.203936e-01
i:1, col:2, cell:31	-1.203936e-01
i:1, col:2, cell:32	-1.000000e+00
i:1, col:2, cell:33	-1.000000e+00
i:1, col:3, cell:0	0.000000e+00
i:1, col:3, cell:1	0.000000e+00
i:1, col:3, cell:2	0.000000e+00
i:1, col:3, cell:3	0.000000e+00
i:1, col:3, cell:4	0.000000e+00
i:1, col:3, cell:5	1.207257e-02
i:1, col:3, cell:6	0.000000e+00
i:1, col:3, cell:7	0.000000e+00
i:1, col:3, cell:8	0.000000e+00
i:1, col:3, cell:9	-1.450986e-03
i:1, col:3, cell:10	-2.152019e-02
i:1, col:3, cell:11	9.264855e-02
i:1, col:3, cell:12	-2.152019e-02
i:1, col:3, cell:13	-1.450986e-03
i:1, col:3, cell:14	0.000000e+00
i:1, col:3, cell:15	0.000000e+00
i:1, col:3, cell:16	1.461276e-04
i:1, col:3, cell:17	9.524987e-01
i:1, col:3, cell:18	1.461276e-04
i:1, col:3, cell:19	4.681541e-04
i:1, col:3, cell:20	9.999997e-01
i:1, col:3, cell:21	4.681541e-04
i:1, col:3, cell:22	7.589688e-05
i:1, col:3, cell:23	7.589688e-05
i:1, col:3, cell:24	0.000000e+00
i:1, col:3, cell:25	0.000000e+00
i:1, col:3, cell:26	-4.681542e-04
i:1, col:3, cell:27	-4.681542e-04
i:1, col:3, cell:28	-3.607991e-03
i:1, col:3, cell:29	-3.607991e-03
i:1, col:3, cell:30	-1.203936e-01
i:1, col:3, cell:31	-1.203936e-01
i:1, col:3, cell:32	-1.000000e+00
i:1, col:3, cell:33	-1.000000e+00
i:1, col:4, cell:0	0.000000e+00
i:1, col:4, cell:1	0.000000e+00
i:1, col:4, cell:2	0.000000e+00
i:1, col:4, cell:3	0.000000e+00
i:1, col:4, cell:4	0.000000e+00
i:1, col:4, cell:5	1.207257e-02
i:1, col:4, cell:6	0.000000e+00
i:1, col:4, cell:7	0.000000e+00
i:1, col:4, cell:8	0.000000e+00
i:1, col:4, cell:9	-1.450986e-03
i:1, col:4, cell:10	-2.152019e-02
i:1, col:4, cell:11	9.264855e-02
i:1, col:4, cell:12	-2.152019e-02
i:1, col:4, cell:13	-1.450986e-03
i:1, col:4, cell:14	0.000000e+00
i:1, col:4, cell:15	0.000000e+00
i:1, col:4, cell:16	1.461276e-04
i:1, col:4, cell:17	9.524987e-01
i:1, col:4, cell:18	1.461276e-04
i:1, col:4, cell:19	4.681541e-04
i:1, col:4, cell:20	9.999997e-01
i:1, col:4, cell:21	4.681541e-04
i:1, col:4, cell:22	7.589688e-05
i:1, col:4, cell:23	7.589688e-05
i:1, col:4, cell:24	0.000000e+00
i:1, col:4, cell:25	0.000000e+00
i:1, col:4, cell:26	-4.681542e-04
i:1, col:4, cell:27	-4.681542e-04
i:1, col:4, cell:28	-3.607991e-03
i:1, col:4, cell:29	-3.607991e-03
i:1, col:4, cell:30	-1.203936e-01
i:1, col:4, cell:31	-1.203936e-01
i:1, col:4, cell:32	-1.000000e+00
i:1, col:4, cell:33	-1.000000e+00
i:1, col:5, cell:0	0.000000e+00
i:1, col:5, cell:1	0.000000e+00
i:1, col:5, cell:2	0.000000e+00
i:1, col:5, cell:3	0.000000e+00
i:1, col:5, cell:4	0.000000e+00
i:1, col:5, cell:5	1.207257e-02
i:1, col:5, cell:6	0.000000e+00
i:1, col:5, cell:7	0.000000e+00
i:1, col:5, cell:8	0.000000e+00
i:1, col:5, cell:9	-1.450986e-03
i:1, col:5, cell:10	-2.152019e-02
i:1, col:5, cell:11	9.264855e-02
i:1, col:5, cell:12	-2.152019e-02
i:1, col:5, cell:13	-1.450986e-03
i:1, col:5, cell:14	0.000000e+00
i:1, col:5, cell:15	0.000000e+00
i:1, col:5, cell:16	1.461276e-04
i:1, col:5, cell:17	9.524987e-01
i:1, col:5, cell:18	1.461276e-04
i:1, col:5, cell:19	4.681541e-04
i:1, col:5, cell:20	9.999997e-01
i:1, col:5, cell:21	4.681541e-04
i:1, col:5, cell:22	7.589688e-05
i:1, col:5, cell:23	7.589688e-05
i:1, col:5, cell:24	0.000000e+00
i:1, col:5, cell:25	0.000000e+00
i:1, col:5, cell:26	-4.681542e-04
i:1, col:5, cell:27	-4.681542e-04
i:1, col:5, cell:28	-3.607991e-03
i:1, col:5, cell:29	-3.607991e-03
i:1, col:5, cell:30	-1.203936e-01
i:1, col:5, cell:31	-1.203936e-01
i:1, col:5, cell:32	-1.000000e+00
i:1, col:5, cell:33	-1.000000e+00
i:1, col:6, cell:0	0.000000e+00
i:1, col:6, cell:1	0.000000e+00
i:1, col:6, cell:2	0.000000e+00
i:1, col:6, cell:3	0.000000e+00
i:1, col:6, cell:4	0.000000e+00
i:1, col:6, cell:5	1.207257e-02
i:1, col:6, cell:6	0.000000e+00
i:1, col:6, cell:7	0.000000e+00
i:1, col:6, cell:8	0.000000e+00
i:1, col:6, cell:9	-1.450986e-03
i:1, col:6, cell:10	-2.152019e-02
i:1, col:6, cell:11	9.264855e-02
i:1, col:6, cell:12	-2.152019e-02
i:1, col:6, cell:13	-1.450986e-03
i:1, col:6, cell:14	0.000000e+00
i:1, col:6, cell:15	0.000000e+00
i:1, col:6, cell:16	1.461276e-04
i:1, col:6, cell:17	9.524987e-01
i:1, col:6, cell:18	1.461276e-04
i:1, col:6, cell:19	4.681541e-04
i:1, col:6, cell:20	9.999997e-01
i:1, col:6, cell:21	4.681541e-04
i:1, col:6, cell:22	7.589688e-05
i:1, col:6, cell:23	7.589688e-05
i:1, col:6, cell:24	0.000000e+00
i:1, col:6, cell:25	0.000000e+00
i:1, col:6, cell:26	-4.681542e-04
i:1, col:6, cell:27	-4.681542e-04
i:1, col:6, cell:28	-3.607991e-03
i:1, col:6, cell:29	-3.607991e-03
i:1, col:6, cell:30	-1.203936e-01
i:1, col:6, cell:31	-1.203936e-01
i:1, col:6, cell:32	-1.000000e+00
i:1, col:6, cell:33	-1.000000e+00
i:1, col:7, cell:0	0.000000e+00
i:1, col:7, cell:1	0.000000e+00
i:1, col:7, cell:2	0.000000e+00
i:1, col:7, cell:3	0.000000e+00
i:1, col:7, cell:4	0.000000e+00
i:1, col:7, cell:5	1.207257e-02
i:1, col:7, cell:6	0.000000e+00
i:1, col:7, cell:7	0.000000e+00
i:1, col:7, cell:8	0.000000e+00
i:1, col:7, cell:9	-1.450986e-03
i:1, col:7, cell:10	-2.152019e-02
i:1, col:7, cell:11	9.264855e-02
i:1, col:7, cell:12	-2.152019e-02
i:1, col:7, cell:13	-1.450986e-03
i:1, col:7, cell:14	0.000000e+00
i:1, col:7, cell:15	0.000000e+00
i:1, col:7, cell:16	1.461276e-04
i:1, col:7, cell:17	9.524987e-01
i:1, col:7, cell:18	1.461276e-04
i:1, col:7, cell:19	4.681541e-04
i:1, col:7, cell:20	9.999997e-01
i:1, col:7, cell:21	4.681541e-04
i:1, col:7, cell:22	7.589688e-05
i:1, col:7, cell:23	7.589688e-05
i:1, col:7, cell:24	0.000000e+00
i:1, col:7, cell:25	0.000000e+00
i:1, col:7, cell:26	-4.681542e-04
i:1, col:7, cell:27	-4.681542e-04
i:1, col:7, cell:28	-3.607991e-03
i:1, col:7, cell:29	-3.607991e-03
i:1, col:7, cell:30	-1.203936e-01
i:1, col:7, cell:31	-1.203936e-01
i:1, col:7, cell:32	-1.000000e+00
i:1, col:7, cell:33	-1.000000e+00
i:1, col:8, cell:0	0.000000e+00
i:1, col:8, cell:1	0.000000e+00
i:1, col:8, cell:2	0.000000e+00
i:1, col:8, cell:3	0.000000e+00
i:1, col:8, cell:4	0.000000e+00
i:1, col:8, cell:5	1.207257e-02
i:1, col:8, cell:6	0.000000e+00
i:1, col:8, cell:7	0.000000e+00
i:1, col:8, cell:8	0.000000e+00
i:1, col:8, cell:9	-1.450986e-03
i:1, col:8, cell:10	-2.152019e-02
i:1, col:8, cell:11	9.264855e-02
i:1, col:8, cell:12	-2.152019e-02
i:1, col:8, cell:13	-1.450986e-03
i:1, col:8, cell:14	0.000000e+00
i:1, col:8, cell:15	0.000000e+00
i:1, col:8, cell:16	1.461276e-04
i:1, col:8, cell:17	9.524987e-01
i:1, col:8, cell:18	1.461276e-04
i:1, col:8, cell:19	4.681541e-04
i:1, col:8, cell:20	9.999997e-01
i:1, col:8, cell:21	4.681541e-04
i:1, col:8, cell:22	7.589688e-05
i:1, col:8, cell:23	7.589688e-05
i:1, col:8, cell:24	0.000000e+00
i:1, col:8, cell:25	0.000000e+00
i:1, col:8, cell:26	-4.681542e-04
i:1, col:8, cell:27	-4.681542e-04
i:1, col:8, cell:28	-3.607991e-03
i:1, col:8, cell:29	-3.607991e-03
i:1, col:8, cell:30	-1.203936e-01
i:1, col:8, cell:31	-1.203936e-01
i:1, col:8, cell:32	-1.000000e+00
i:1, col:8, cell:33	-1.000000e+00
i:2, col:1, cell:0	0.000000e+00
i:2, col:1, cell:1	1.088170e-05
i:2, col:1, cell:2	1.610842e-04
i:2, col:1, cell:3	4.394389e-03
i:2, col:1, cell:4	1.341040e-04
i:2, col:1, cell:5	3.870793e-01
i:2, col:1, cell:6	1.341040e-04
i:2, col:1, cell:7	-3.763678e-05
i:2, col:1, cell:8	-2.263942e-04
i:2, col:1, cell:9	-7.409709e-03
i:2, col:1, cell:10	-3.667822e-01
i:2, col:1, cell:11	9.478836e-01
i:2, col:1, cell:12	-3.667822e-01
i:2, col:1, cell:13	-7.409709e-03
i:2, col:1, cell:14	-2.263942e-04
i:2, col:1, cell:15	-3.763678e-05
i:2, col:1, cell:16	1.236294e-03
i:2, col:1, cell:17	9.604203e-01
i:2, col:1, cell:18	1.236294e-03
i:2, col:1, cell:19	5.845820e-04
i:2, col:1, cell:20	9.999997e-01
i:2, col:1, cell:21	5.845820e-04
i:2, col:1, cell:22	1.297115e-04
i:2, col:1, cell:23	1.297115e-04
i:2, col:1, cell:24	-1.151942e-04
i:2, col:1, cell:25	-1.151942e-04
i:2, col:1, cell:26	-1.339604e-03
i:2, col:1, cell:27	-1.339604e-03
i:2, col:1, cell:28	-1.826253e-02
i:2, col:1, cell:29	-1.826253e-02
i:2, col:1, cell:30	-1.208233e-01
i:2, col:1, cell:31	-1.208233e-01
i:2, col:1, cell:32	-1.000000e+00
i:2, col:1, cell:33	-1.000000e+00
i:2, col:2, cell:0	0.000000e+00
i:2, col:2, cell:1	1.088170e-05
i:2, col:2, cell:2	1.610842e-04
i:2, col:2, cell:3	4.394389e-03
i:2, col:2, cell:4	1.341040e-04
i:2, col:2, cell:5	3.870793e-01
i:2, col:2, cell:6	1.341040e-04
i:2, col:2, cell:7	-3.763678e-05
i:2, col:2, cell:8	-2.263942e-04
i:2, col:2, cell:9	-7.409709e-03
i:2, col:2, cell:10	-3.667822e-01
i:2, col:2, cell:11	9.478836e-01
i:2, col:2, cell:12	-3.667822e-01
i:2, col:2, cell:13	-7.409709e-03
i:2, col:2, cell:14	-2.263942e-04
i:2, col:2, cell:15	-3.763678e-05
i:2, col:2, cell:16	1.236294e-03
i:2, col:2, cell:17	9.604203e-01
i:2, col:2, cell:18	1.236294e-03
i:2, col:2, cell:19	5.845820e-04
i:2, col:2, cell:20	9.999997e-01
i:2, col:2, cell:21	5.845820e-04
i:2, col:2, cell:22	1.297115e-04
i:2, col:2, cell:23	1.297115e-04
i:2, col:2, cell:24	-1.151942e-04
i:2, col:2, cell:25	-1.151942e-04
i:2, col:2, cell:26	-1.339604e-03
i:2, col:2, cell:27	-1.339604e-03
i:2, col:2, cell:28	-1.826253e-02
i:2, col:2, cell:29	-1.826253e-02
i:2, col:2, cell:30	-1.208233e-01
i:2, col:2, cell:31	-1.208233e-01
i:2, col:2, cell:32	-1.000000e+00
i:2, col:2, cell:33	-1.000000e+00
i:2, col:3, cell:0	0.000000e+00
i:2, col:3, cell:1	1.088170e-05
i:2, col:3, cell:2	1.610842e-04
i:2, col:3, cell:3	4.394389e-03
i:2, col:3, cell:4	1.341040e-04
i:2, col:3, cell:5	3.870793e-01
i:2, col:3, cell:6	1.341040e-04
i:2, col:3, cell:7	-3.763678e-05
i:2, col:3, cell:8	-2.263942e-04
i:2, col:3, cell:9	-7.409709e-03
i:2, col:3, cell:10	-3.667822e-01
i:2, col:3, cell:11	9.478836e-01
i:2, col:3, cell:12	-3.667822e-01
i:2, col:3, cell:13	-7.409709e-03
i:2, col:3, cell:14	-2.263942e-04
i:2, col:3, cell:15	-3.763678e-05
i:2, col:3, cell:16	1.236294e-03
i:2, col:3, cell:17	9.604203e-01
i:2, col:3, cell:18	1.236294e-03
i:2, col:3, cell:19	5.845820e-04
i:2, col:3, cell:20	9.999997e-01
i:2, col:3, cell:21	5.845820e-04
i:2, col:3, cell:22	1.297115e-04
i:2, col:3, cell:23	1.297115e-04
i:2, col:3, cell:24	-1.151942e-04
i:2, col:3, cell:25	-1.151942e-04
i:2, col:3, cell:26	-1.339604e-03
i:2, col:3, cell:27	-1.339604e-03
i:2, col:3, cell:28	-1.826253e-02
i:2, col:3, cell:29	-1.826253e-02
i:2, col:3, cell:30	-1.208233e-01
i:2, col:3, cell:31	-1.208233e-01
i:2, col:3, cell:32	-1.000000e+00
i:2, col:3, cell:33	-1.000000e+00
i:2, col:4, cell:0	0.000000e+00
i:2, col:4, cell:1	1.088170e-05
i:2, col:4, cell:2	1.610842e-04
i:2, col:4, cell:3	4.394389e-03
i:2, col:4, cell:4	1.341040e-04
i:2, col:4, cell:5	3.870793e-01
i:2, col:4, cell:6	1.341040e-04
i:2, col:4, cell:7	-3.763678e-05
i:2, col:4, cell:8	-2.263942e-04
i:2, col:4, cell:9	-7.409709e-03
i:2, col:4, cell:10	-3.667822e-01
i:2, col:4, cell:11	9.478836e-01
i:2, col:4, cell:12	-3.667822e-01
i:2, col:4, cell:13	-7.409709e-03
i:2, col:4, cell:14	-2.263942e-04
i:2, col:4, cell:15	-3.763678e-05
i:2, col:4, cell:16	1.236294e-03
i:2, col:4, cell:17	9.604203e-01
i:2, col:4, cell:18	1.236294e-03
i:2, col:4, cell:19	5.845820e-04
i:2, col:4, cell:20	9.999997e-01
i:2, col:4, cell:21	5.845820e-04
i:2, col:4, cell:22	1.297115e-04
i:2, col:4, cell:23	1.297115e-04
i:2, col:4, cell:24	-1.151942e-04
i:2, col:4, cell:25	-1.151942e-04
i:2, col:4, cell:26	-1.339604e-03
i:2, col:4, cell:27	-1.339604e-03
i:2, col:4, cell:28	-1.826253e-02
i:2, col:4, cell:29	-1.826253e-02
i:2, col:4, cell:30	-1.208233e-01
i:2, col:4, cell:31	-1.208233e-01
i:2, col:4, cell:32	-1.000000e+00
i:2, col:4, cell:33	-1.000000e+00
i:2, col:5, cell:0	0.000000e+00
i:2, col:5, cell:1	1.088170e-05
i:2, col:5, cell:2	1.610842e-04
i:2, col:5, cell:3	4.394389e-03
i:2, col:5, cell:4	1.341040e-04
i:2, col:5, cell:5	3.870793e-01
i:2, col:5, cell:6	1.341040e-04
i:2, col:5, cell:7	-3.763678e-05
i:2, col:5, cell:8	-2.263942e-04
i:2, col:5, cell:9	-7.409709e-03
i:2, col:5, cell:10	-3.667822e-01
i:2, col:5, cell:11	9.478836e-01
i:2, col:5, cell:12	-3.667822e-01
i:2, col:5, cell:13	-7.409709e-03
i:2, col:5, cell:14	-2.263942e-04
i:2, col:5, cell:15	-3.763678e-05
i:2, col:5, cell:16	1.236294e-03
i:2, col:5, cell:17	9.604203e-01
i:2, col:5, cell:18	1.236294e-03
i:2, col:5, cell:19	5.845820e-04
i:2, col:5, cell:20	9.999997e-01
i:2, col:5, cell:21	5.845820e-04
i:2, col:5, cell:22	1.297115e-04
i:2, col:5, cell:23	1.297115e-04
i:2, col:5, cell:24	-1.151942e-04
i:2, col:5, cell:25	-1.151942e-04
i:2, col:5, cell:26	-1.339604e-03
i:2, col:5, cell:27	-1.339604e-03
i:2, col:5, cell:28	-1.826253e-02
i:2, col:5, cell:29	-1.826253e-02
i:2, col:5, cell:30	-1.208233e-01
i:2, col:5, cell:31	-1.208233e-01
i:2, col:5, cell:32	-1.000000e+00
i:2, col:5, cell:33	-1.000000e+00
i:2, col:6, cell:0	0.000000e+00
i:2, col:6, cell:1	1.088170e-05
i:2, col:6, cell:2	1.610842e-04
i:2, col:6, cell:3	4.394389e-03
i:2, col:6, cell:4	1.341040e-04
i:2, col:6, cell:5	3.870793e-01
i:2, col:6, cell:6	1.341040e-04
i:2, col:6, cell:7	-3.763678e-05
i:2, col:6, cell:8	-2.263942e-04
i:2, col:6, cell:9	-7.409709e-03
i:2, col:6, cell:10	-3.667822e-01
i:2, col:6, cell:11	9.478836e-01
i:2, col:6, cell:12	-3.667822e-01
i:2, col:6, cell:13	-7.409709e-03
i:2, col:6, cell:14	-2.263942e-04
i:2, col:6, cell:15	-3.763678e-05
i:2, col:6, cell:16	1.236294e-03
i:2, col:6, cell:17	9.604203e-01
i:2, col:6, cell:18	1.236294e-03
i:2, col:6, cell:19	5.845820e-04
i:2, col:6, cell:20	9.999997e-01
i:2, col:6, cell:21	5.845820e-04
i:2, col:6, cell:22	1.297115e-04
i:2, col:6, cell:23	1.297115e-04
i:2, col:6, cell:24	-1.151942e-04
i:2, col:6, cell:25	-1.151942e-04
i:2, col:6, cell:26	-1.339604e-03
i:2, col:6, cell:27	-1.339604e-03
i:2, col:6, cell:28	-1.826253e-02
i:2, col:6, cell:29	-1.826253e-02
i:2, col:6, cell:30	-1.208233e-01
i:2, col:6, cell:31	-1.208233e-01
i:2, col:6, cell:32	-1.000000e+00
i:2, col:6, cell:33	-1.000000e+00
i:2, col:7, cell:0	0.000000e+00
i:2, col:7, cell:1	1.088170e-05
i:2, col:7, cell:2	1.610842e-04
i:2, col:7, cell:3	4.394389e-03
i:2, col:7, cell:4	1.341040e-04
i:2, col:7, cell:5	3.870793e-01
i:2, col:7, cell:6	1.341040e-04
i:2, col:7, cell:7	-3.763678e-05
i:2, col:7, cell:8	-2.263942e-04
i:2, col:7, cell:9	-7.409709e-03
i:2, col:7, cell:10	-3.667822e-01
i:2, col:7, cell:11	9.478836e-01
i:2, col:7, cell:12	-3.667822e-01
i:2, col:7, cell:13	-7.409709e-03
i:2, col:7, cell:14	-2.263942e-04
i:2, col:7, cell:15	-3.763678e-05
i:2, col:7, cell:16	1.236294e-03
i:2, col:7, cell:17	9.604203e-01
i:2, col:7, cell:18	1.236294e-03
i:2, col:7, cell:19	5.845820e-04
i:2, col:7, cell:20	9.999997e-01
i:2, col:7, cell:21	5.845820e-04
i:2, col:7, cell:22	1.297115e-04
i:2, col:7, cell:23	1.297115e-04
i:2, col:7, cell:24	-1.151942e-04
i:2, col:7, cell:25	-1.151942e-04
i:2, col:7, cell:26	-1.339604e-03
i:2, col:7, cell:27	-1.339604e-03
i:2, col:7, cell:28	-1.826253e-02
i:2, col:7, cell:29	-1.826253e-02
i:2, col:7, cell:30	-1.208233e-01
i:2, col:7, cell:31	-1.208233e-01
i:2, col:7, cell:32	-1.000000e+00
i:2, col:7, cell:33	-1.000000e+00
i:2, col:8, cell:0	0.000000e+00
i:2, col:8, cell:1	1.088170e-05
i:2, col:8, cell:2	1.610842e-04
i:2, col:8, cell:3	4.394389e-03
i:2, col:8, cell:4	1.341040e-04
i:2, col:8, cell:5	3.870793e-01
i:2, col:8, cell:6	1.341040e-04
i:2, col:8, cell:7	-3.763678e-05
i:2, col:8, cell:8	-2.263942e-04
i:2, col:8, cell:9	-7.409709e-03
i:2, col:8, cell:10	-3.667822e-01
i:2, col:8, cell:11	9.478836e-01
i:2, col:8, cell:12	-3.667822e-01
i:2, col:8, cell:13	-7.409709e-03
i:2, col:8, cell:14	-2.263942e-04
i:2, col:8, cell:15	-3.763678e-05
i:2, col:8, cell:16	1.236294e-03
i:2, col:8, cell:17	9.604203e-01
i:2, col:8, cell:18	1.236294e-03
i:2, col:8, cell:19	5.845820e-04
i:2, col:8, cell:20	9.999997e-01
i:2, col:8, cell:21	5.845820e-04
i:2, col:8, cell:22	1.297115e-04
i:2, col:8, cell:23	1.297115e-04
i:2, col:8, cell:24	-1.151942e-04
i:2, col:8, cell:25	-1.151942e-04
i:2, col:8, cell:26	-1.339604e-03
i:2, col:8, cell:27	-1.339604e-03
i:2, col:8, cell:28	-1.826253e-02
i:2, col:8, cell:29	-1.826253e-02
i:2, col:8, cell:30	-1.208233e-01
i:2, col:8, cell:31	-1.208233e-01
i:2, col:8, cell:32	-1.000000e+00
i:2, col:8, cell:33	-1.000000e+00
i:3, col:1, cell:0	7.620766e-06
i:3, col:1, cell:1	4.170360e-04
i:3, col:1, cell:2	4.464674e-03
i:3, col:1, cell:3	9.858778e-02
i:3, col:1, cell:4	1.411806e-03
i:3, col:1, cell:5	9.631120e-01
i:3, col:1, cell:6	1.411806e-03
i:3, col:1, cell:7	-5.054305e-04
i:3, col:1, cell:8	-2.911387e-03
i:3, col:1, cell:9	-8.284929e-02
i:3, col:1, cell:10	8.916229e-01
i:3, col:1, cell:11	8.955146e-01
i:3, col:1, cell:12	8.916229e-01
i:3, col:1, cell:13	-8.284929e-02
i:3, col:1, cell:14	-2.911387e-03
i:3, col:1, cell:15	-5.054305e-04
i:3, col:1, cell:16	2.203185e-03
i:3, col:1, cell:17	9.888075e-01
i:3, col:1, cell:18	2.203185e-03
i:3, col:1, cell:19	9.875458e-04
i:3, col:1, cell:20	9.999997e-01
i:3, col:1, cell:21	9.875458e-04
i:3, col:1, cell:22	1.232286e-04
i:3, col:1, cell:23	1.232286e-04
i:3, col:1, cell:24	-2.664980e-04
i:3, col:1, cell:25	-2.664980e-04
i:3, col:1, cell:26	-3.132102e-03
i:3, col:1, cell:27	-3.132102e-03
i:3, col:1, cell:28	-1.842064e-02
i:3, col:1, cell:29	-1.842064e-02
i:3, col:1, cell:30	-1.225644e-01
i:3, col:1, cell:31	-1.225644e-01
i:3, col:1, cell:32	-1.000000e+00
i:3, col:1, cell:33	-1.000000e+00
i:3, col:2, cell:0	7.620766e-06
i:3, col:2, cell:1	4.170360e-04
i:3, col:2, cell:2	4.464674e-03
i:3, col:2, cell:3	9.858778e-02
i:3, col:2, cell:4	1.411806e-03
i:3, col:2, cell:5	9.631120e-01
i:3, col:2, cell:6	1.411806e-03
i:3, col:2, cell:7	-5.054305e-04
i:3, col:2, cell:8	-2.911387e-03
i:3, col:2, cell:9	-8.284929e-02
i:3, col:2, cell:10	8.916229e-01
i:3, col:2, cell:11	8.955146e-01
i:3, col:2, cell:12	8.916229e-01
i:3, col:2, cell:13	-8.284929e-02
i:3, col:2, cell:14	-2.911387e-03
i:3, col:2, cell:15	-5.054305e-04
i:3, col:2, cell:16	2.203185e-03
i:3, col:2, cell:17	9.888075e-01
i:3, col:2, cell:18	2.203185e-03
i:3, col:2, cell:19	9.875458e-04
i:3, col:2, cell:20	9.999997e-01
i:3, col:2, cell:21	9.875458e-04
i:3, col:2, cell:22	1.232286e-04
i:3, col:2, cell:23	1.232286e-04
i:3, col:2, cell:24	-2.664980e-04
i:3, col:2, cell:25	-2.664980e-04
i:3, col:2, cell:26	-3.132102e-03
i:3, col:2, cell:27	-3.132102e-03
i:3, col:2, cell:28	-1.842064e-02
i:3, col:2, cell:29	-1.842064e-02
i:3, col:2, cell:30	-1.225644e-01
i:3, col:2, cell:31	-1.225644e-01
i:3, col:2, cell:32	-1.000000e+00
i:3, col:2, cell:33	-1.000000e+00
i:3, col:3, cell:0	7.620766e-06
i:3, col:3, cell:1	4.170360e-04
i:3, col:3, cell:2	4.464674e-03
i:3, col:3, cell:3	9.858778e-02
i:3, col:3, cell:4	1.411806e-03
i:3, col:3, cell:5	9.631120e-01
i:3, col:3, cell:6	1.411806e-03
i:3, col:3, cell:7	-5.054305e-04
i:3, col:3, cell:8	-2.911387e-03
i:3, col:3, cell:9	-8.284929e-02
i:3, col:3, cell:10	8.916229e-01
i:3, col:3, cell:11	8.955146e-01
i:3, col:3, cell:12	8.916229e-01
i:3, col:3, cell:13	-8.284929e-02
i:3, col:3, cell:14	-2.911387e-03
i:3, col:3, cell:15	-5.054305e-04
i:3, col:3, cell:16	2.203185e-03
i:3, col:3, cell:17	9.888075e-01
i:3, col:3, cell:18	2.203185e-03
i:3, col:3, cell:19	9.875458e-04
i:3, col:3, cell:20	9.999997e-01
i:3, col:3, cell:21	9.875458e-04
i:3, col:3, cell:22	1.232286e-04
i:3, col:3, cell:23	1.232286e-04
i:3, col:3, cell:24	-2.664980e-04
i:3, col:3, cell:25	-2.664980e-04
i:3, col:3, cell:26	-3.132102e-03
i:3, col:3, cell:27	-3.132102e-03
i:3, col:3, cell:28	-1.842064e-02
i:3, col:3, cell:29	-1.842064e-02
i:3, col:3, cell:30	-1.225644e-01
i:3, col:3, cell:31	-1.225644e-01
i:3, col:3, cell:32	-1.000000e+00
i:3, col:3, cell:33	-1.000000e+00
i:3, col:4, cell:0	7.620766e-06
i:3, col:4, cell:1	4.170360e-04
i:3, col:4, cell:2	4.464674e-03
i:3, col:4, cell:3	9.858778e-02
i:3, col:4, cell:4	1.411806e-03
i:3, col:4, cell:5	9.631120e-01
i:3, col:4, cell:6	1.411806e-03
i:3, col:4, cell:7	-5.054305e-04
i:3, col:4, cell:8	-2.911387e-03
i:3, col:4, cell:9	-8.284929e-02
i:3, col:4, cell:10	8.916229e-01
i:3, col:4, cell:11	8.955146e-01
i:3, col:4, cell:12	8.916229e-01
i:3, col:4, cell:13	-8.284929e-02
i:3, col:4, cell:14	-2.911387e-03
i:3, col:4, cell:15	-5.054305e-04
i:3, col:4, cell:16	2.203185e-03
i:3, col:4, cell:17	9.888075e-01
i:3, col:4, cell:18	2.203185e-03
i:3, col:4, cell:19	9.875458e-04
i:3, col:4, cell:20	9.999997e-01
i:3, col:4, cell:21	9.875458e-04
i:3, col:4, cell:22	1.232286e-04
i:3, col:4, cell:23	1.232286e-04
i:3, col:4, cell:24	-2.664980e-04
i:3, col:4, cell:25	-2.664980e-04
i:3, col:4, cell:26	-3.132102e-03
i:3, col:4, cell:27	-3.132102e-03
i:3, col:4, cell:28	-1.842064e-02
i:3, col:4, cell:29	-1.842064e-02
i:3, col:4, cell:30	-1.225644e-01
i:3, col:4, cell:31	-1.225644e-01
i:3, col:4, cell:32	-1.000000e+00
i:3, col:4, cell:33	-1.000000e+00
i:3, col:5, cell:0	7.620766e-06
i:3, col:5, cell:1	4.170360e-04
i:3, col:5, cell:2	4.464674e-03
i:3, col:5, cell:3	9.858778e-02
i:3, col:5, cell:4	1.411806e-03
i:3, col:5, cell:5	9.631120e-01
i:3, col:5, cell:6	1.411806e-03
i:3, col:5, cell:7	-5.054305e-04
i:3, col:5, cell:8	-2.911387e-03
i:3, col:5, cell:9	-8.284929e-02
i:3, col:5, cell:10	8.916229e-01
i:3, col:5, cell:11	8.955146e-01
i:3, col:5, cell:12	8.916229e-01
i:3, col:5, cell:13	-8.284929e-02
i:3, col:5, cell:14	-2.911387e-03
i:3, col:5, cell:15	-5.054305e-04
i:3, col:5, cell:16	2.203185e-03
i:3, col:5, cell:17	9.888075e-01
i:3, col:5, cell:18	2.203185e-03
i:3, col:5, cell:19	9.875458e-04
i:3, col:5, cell:20	9.999997e-01
i:3, col:5, cell:21	9.875458e-04
i:3, col:5, cell:22	1.232286e-04
i:3, col:5, cell:23	1.232286e-04
i:3, col:5, cell:24	-2.664980e-04
i:3, col:5, cell:25	-2.664980e-04
i:3, col:5, cell:26	-3.132102e-03
i:3, col:5, cell:27	-3.132102e-03
i:3, col:5, cell:28	-1.842064e-02
i:3, col:5, cell:29	-1.842064e-02
i:3, col:5, cell:30	-1.225644e-01
i:3, col:5, cell:31	-1.225644e-01
i:3, col:5, cell:32	-1.000000e+00
i:3, col:5, cell:33	-1.000000e+00
i:3, col:6, cell:0	7.620766e-06
i:3, col:6, cell:1	4.170360e-04
i:3, col:6, cell:2	4.464674e-03
i:3, col:6, cell:3	9.858778e-02
i:3, col:6, cell:4	1.411806e-03
i:3, col:6, cell:5	9.631120e-01
i:3, col:6, cell:6	1.411806e-03
i:3, col:6, cell:7	-5.054305e-04
i:3, col:6, cell:8	-2.911387e-03
i:3, col:6, cell:9	-8.284929e-02
i:3, col:6, cell:10	8.916229e-01
i:3, col:6, cell:11	8.955146e-01
i:3, col:6, cell:12	8.916229e-01
i:3, col:6, cell:13	-8.284929e-02
i:3, col:6, cell:14	-2.911387e-03
i:3, col:6, cell:15	-5.054305e-04
i:3, col:6, cell:16	2.203185e-03
i:3, col:6, cell:17	9.888075e-01
i:3, col:6, cell:18	2.203185e-03
i:3, col:6, cell:19	9.875458e-04
i:3, col:6, cell:20	9.999997e-01
i:3, col:6, cell:21	9.875458e-04
i:3, col:6, cell:22	1.232286e-04
i:3, col:6, cell:23	1.232286e-04
i:3, col:6, cell:24	-2.664980e-04
i:3, col:6, cell:25	-2.664980e-04
i:3, col:6, cell:26	-3.132102e-03
i:3, col:6, cell:27	-3.132102e-03
i:3, col:6, cell:28	-1.842064e-02
i:3, col:6, cell:29	-1.842064e-02
i:3, col:6, cell:30	-1.225644e-01
i:3, col:6, cell:31	-1.225644e-01
i:3, col:6, cell:32	-1.000000e+00
i:3, col:6, cell:33	-1.000000e+00
i:3, col:7, cell:0	7.620766e-06
i:3, col:7, cell:1	4.170360e-04
i:3, col:7, cell:2	4.464674e-03
i:3, col:7, cell:3	9.858778e-02
i:3, col:7, cell:4	1.411806e-03
i:3, col:7, cell:5	9.631120e-01
i:3, col:7, cell:6	1.411806e-03
i:3, col:7, cell:7	-5.054305e-04
i:3, col:7, cell:8	-2.911387e-03
i:3, col:7, cell:9	-8.284929e-02
i:3, col:7, cell:10	8.916229e-01
i:3, col:7, cell:11	8.955146e-01
i:3, col:7, cell:12	8.916229e-01
i:3, col:7, cell:13	-8.284929e-02
i:3, col:7, cell:14	-2.911387e-03
i:3, col:7, cell:15	-5.054305e-04
i:3, col:7, cell:16	2.203185e-03
i:3, col:7, cell:17	9.888075e-01
i:3, col:7, cell:18	2.203185e-03
i:3, col:7, cell:19	9.875458e-04
i:3, col:7, cell:20	9.999997e-01
i:3, col:7, cell:21	9.875458e-04
i:3, col:7, cell:22	1.232286e-04
i:3, col:7, cell:23	1.232286e-04
i:3, col:7, cell:24	-2.664980e-04
i:3, col:7, cell:25	-2.664980e-04
i:3, col:7, cell:26	-3.132102e-03
i:3, col:7, cell:27	-3.132102e-03
i:3, col:7, cell:28	-1.842064e-02
i:3, col:7, cell:29	-1.842064e-02
i:3, col:7, cell:30	-1.225644e-01
i:3, col:7, cell:31	-1.225644e-01
i:3, col:7, cell:32	-1.000000e+00
i:3, col:7, cell:33	-1.000000e+00
i:3, col:8, cell:0	7.620766e-06
i:3, col:8, cell:1	4.170360e-04
i:3, col:8, cell:2	4.464674e-03
i:3, col:8, cell:3	9.858778e-02
i:3, col:8, cell:4	1.411806e-03
i:3, col:8, cell:5	9.631120e-01
i:3, col:8, cell:6	1.411806e-03
i:3, col:8, cell:7	-5.054305e-04
i:3, col:8, cell:8	-2.911387e-03
i:3, col:8, cell:9	-8.284929e-02
i:3, col:8, cell:10	8.916229e-01
i:3, col:8, cell:11	8.955146e-01
i:3, col:8, cell:12	8.916229e-01
i:3, col:8, cell:13	-8.284929e-02
i:3, col:8, cell:14	-2.911387e-03
i:3, col:8, cell:15	-5.054305e-04
i:3, col:8, cell:16	2.203185e-03
i:3, col:8, cell:17	9.888075e-01
i:3, col:8, cell:18	2.203185e-03
i:3, col:8, cell:19	9.875458e-04
i:3, col:8, cell:20	9.999997e-01
i:3, col:8, cell:21	9.875458e-04
i:3, col:8, cell:22	1.232286e-04
i:3, col:8, cell:23	1.232286e-04
i:3, col:8, cell:24	-2.664980e-04
i:3, col:8, cell:25	-2.664980e-04
i:3, col:8, cell:26	-3.132102e-03
i:3, col:8, cell:27	-3.132102e-03
i:3, col:8, cell:28	-1.842064e-02
i:3, col:8, cell:29	-1.842064e-02
i:3, col:8, cell:30	-1.225644e-01
i:3, col:8, cell:31	-1.225644e-01
i:3, col:8, cell:32	-1.000000e+00
i:3, col:8, cell:33	-1.000000e+00
i:4, col:1, cell:0	2.172543e-04
i:4, col:1, cell:1	2.597226e-03
i:4, col:1, cell:2	3.086090e-02
i:4, col:1, cell:3	2.245336e-01
i:4, col:1, cell:4	3.148699e-03
i:4, col:1, cell:5	8.948399e-01
i:4, col:1, cell:6	3.148699e-03
i:4, col:1, cell:7	-6.367527e-04
i:4, col:1, cell:8	-1.132511e-02
i:4, col:1, cell:9	2.051583e-01
i:4, col:1, cell:10	7.862212e-01
i:4, col:1, cell:11	9.964096e-01
i:4, col:1, cell:12	7.862212e-01
i:4, col:1, cell:13	2.051583e-01
i:4, col:1, cell:14	-1.132511e-02
i:4, col:1, cell:15	-6.367527e-04
i:4, col:1, cell:16	3.528392e-03
i:4, col:1, cell:17	9.790671e-01
i:4, col:1, cell:18	3.528392e-03
i:4, col:1, cell:19	2.106903e-04
i:4, col:1, cell:20	9.999997e-01
i:4, col:1, cell:21	2.106903e-04
i:4, col:1, cell:22	1.436779e-04
i:4, col:1, cell:23	1.436779e-04
i:4, col:1, cell:24	-4.841498e-04
i:4, col:1, cell:25	-4.841498e-04
i:4, col:1, cell:26	-3.175742e-03
i:4, col:1, cell:27	-3.175742e-03
i:4, col:1, cell:28	-1.884950e-02
i:4, col:1, cell:29	-1.884950e-02
i:4, col:1, cell:30	-1.225895e-01
i:4, col:1, cell:31	-1.225895e-01
i:4, col:1, cell:32	-1.000000e+00
i:4, col:1, cell:33	-1.000000e+00
i:4, col:2, cell:0	2.172543e-04
i:4, col:2, cell:1	2.597226e-03
i:4, col:2, cell:2	3.086090e-02
i:4, col:2, cell:3	2.245336e-01
i:4, col:2, cell:4	3.148699e-03
i:4, col:2, cell:5	8.948399e-01
i:4, col:2, cell:6	3.148699e-03
i:4, col:2, cell:7	-6.367527e-04
i:4, col:2, cell:8	-1.132511e-02
i:4, col:2, cell:9	2.051583e-01
i:4, col:2, cell:10	7.862212e-01
i:4, col:2, cell:11	9.964096e-01
i:4, col:2, cell:12	7.862212e-01
i:4, col:2, cell:13	2.051583e-01
i:4, col:2, cell:14	-1.132511e-02
i:4, col:2, cell:15	-6.367527e-04
i:4, col:2, cell:16	3.528392e-03
i:4, col:2, cell:17	9.790671e-01
i:4, col:2, cell:18	3.528392e-03
i:4, col:2, cell:19	2.106903e-04
i:4, col:2, cell:20	9.999997e-01
i:4, col:2, cell:21	2.106903e-04
i:4, col:2, cell:22	1.436779e-04
i:4, col:2, cell:23	1.436779e-04
i:4, col:2, cell:24	-4.841498e-04
i:4, col:2, cell:25	-4.841498e-04
i:4, col:2, cell:26	-3.175742e-03
i:4, col:2, cell:27	-3.175742e-03
i:4, col:2, cell:28	-1.884950e-02
i:4, col:2, cell:29	-1.884950e-02
i:4, col:2, cell:30	-1.225895e-01
i:4, col:2, cell:31	-1.225895e-01
i:4, col:2, cell:32	-1.000000e+00
i:4, col:2, cell:33	-1.000000e+00
i:4, col:3, cell:0	2.172543e-04
i:4, col:3, cell:1	2.597226e-03
i:4, col:3, cell:2	3.086090e-02
i:4, col:3, cell:3	2.245336e-01
i:4, col:3, cell:4	3.148699e-03
i:4, col:3, cell:5	8.948399e-01
i:4, col:3, cell:6	3.148699e-03
i:4, col:3, cell:7	-6.367527e-04
i:4, col:3, cell:8	-1.132511e-02
i:4, col:3, cell:9	2.051583e-01
i:4, col:3, cell:10	7.862212e-01
i:4, col:3, cell:11	9.964096e-01
i:4, col:3, cell:12	7.862212e-01
i:4, col:3, cell:13	2.051583e-01
i:4, col:3, cell:14	-1.132511e-02
i:4, col:3, cell:15	-6.367527e-04
i:4, col:3, cell:16	3.528392e-03
i:4, col:3, cell:17	9.790671e-01
i:4, col:3, cell:18	3.528392e-03
i:4, col:3, cell:19	2.106903e-04
i:4, col:3, cell:20	9.999997e-01
i:4, col:3, cell:21	2.106903e-04
i:4, col:3, cell:22	1.436779e-04
i:4, col:3, cell:23	1.436779e-04
i:4, col:3, cell:24	-4.841498e-04
i:4, col:3, cell:25	-4.841498e-04
i:4, col:3, cell:26	-3.175742e-03
i:4, col:3, cell:27	-3.175742e-03
i:4, col:3, cell:28	-1.884950e-02
i:4, col:3, cell:29	-1.884950e-02
i:4, col:3, cell:30	-1.225895e-01
i:4, col:3, cell:31	-1.225895e-01
i:4, col:3, cell:32	-1.000000e+00
i:4, col:3, cell:33	-1.000000e+00
i:4, col:4, cell:0	2.172543e-04
i:4, col:4, cell:1	2.597226e-03
i:4, col:4, cell:2	3.086090e-02
i:4, col:4, cell:3	2.245336e-01
i:4, col:4, cell:4	3.148699e-03
i:4, col:4, cell:5	8.948399e-01
i:4, col:4, cell:6	3.148699e-03
i:4, col:4, cell:7	-6.367527e-04
i:4, col:4, cell:8	-1.132511e-02
i:4, col:4, cell:9	2.051583e-01
i:4, col:4, cell:10	7.862212e-01
i:4, col:4, cell:11	9.964096e-01
i:4, col:4, cell:12	7.862212e-01
i:4, col:4, cell:13	2.051583e-01
i:4, col:4, cell:14	-1.132511e-02
i:4, col:4, cell:15	-6.367527e-04
i:4, col:4, cell:16	3.528392e-03
i:4, col:4, cell:17	9.790671e-01
i:4, col:4, cell:18	3.528392e-03
i:4, col:4, cell:19	2.106903e-04
i:4, col:4, cell:20	9.999997e-01
i:4, col:4, cell:21	2.106903e-04
i:4, col:4, cell:22	1.436779e-04
i:4, col:4, cell:23	1.436779e-04
i:4, col:4, cell:24	-4.841498e-04
i:4, col:4, cell:25	-4.841498e-04
i:4, col:4, cell:26	-3.175742e-03
i:4, col:4, cell:27	-3.175742e-03
i:4, col:4, cell:28	-1.884950e-02
i:4, col:4, cell:29	-1.884950e-02
i:4, col:4, cell:30	-1.225895e-01
i:4, col:4, cell:31	-1.225895e-01
i:4, col:4, cell:32	-1.000000e+00
i:4, col:4, cell:33	-1.000000e+00
i:4, col:5, cell:0	2.172543e-04
i:4, col:5, cell:1	2.597226e-03
i:4, col:5, cell:2	3.086090e-02
i:4, col:5, cell:3	2.245336e-01
i:4, col:5, cell:4	3.148699e-03
i:4, col:5, cell:5	8.948399e-01
i:4, col:5, cell:6	3.148699e-03
i:4, col:5, cell:7	-6.367527e-04
i:4, col:5, cell:8	-1.132511e-02
i:4, col:5, cell:9	2.051583e-01
i:4, col:5, cell:10	7.862212e-01
i:4, col:5, cell:11	9.964096e-01
i:4, col:5, cell:12	7.862212e-01
i:4, col:5, cell:13	2.051583e-01
i:4, col:5, cell:14	-1.132511e-02
i:4, col:5, cell:15	-6.367527e-04
i:4, col:5, cell:16	3.528392e-03
i:4, col:5, cell:17	9.790671e-01
i:4, col:5, cell:18	3.528392e-03
i:4, col:5, cell:19	2.106903e-04
i:4, col:5, cell:20	9.999997e-01
i:4, col:5, cell:21	2.106903e-04
i:4, col:5, cell:22	1.436779e-04
i:4, col:5, cell:23	1.436779e-04
i:4, col:5, cell:24	-4.841498e-04
i:4, col:5, cell:25	-4.841498e-04
i:4, col:5, cell:26	-3.175742e-03
i:4, col:5, cell:27	-3.175742e-03
i:4, col:5, cell:28	-1.884950e-02
i:4, col:5, cell:29	-1.884950e-02
i:4, col:5, cell:30	-1.225895e-01
i:4, col:5, cell:31	-1.225895e-01
i:4, col:5, cell:32	-1.000000e+00
i:4, col:5, cell:33	-1.000000e+00
i:4, col:6, cell:0	2.172543e-04
i:4, col:6, cell:1	2.597226e-03
i:4, col:6, cell:2	3.086090e-02
i:4, col:6, cell:3	2.245336e-01
i:4, col:6, cell:4	3.148699e-03
i:4, col:6, cell:5	8.948399e-01
i:4, col:6, cell:6	3.148699e-03
i:4, col:6, cell:7	-6.367527e-04
i:4, col:6, cell:8	-1.132511e-02
i:4, col:6, cell:9	2.051583e-01
i:4, col:6, cell:10	7.862212e-01
i:4, col:6, cell:11	9.964096e-01
i:4, col:6, cell:12	7.862212e-01
i:4, col:6, cell:13	2.051583e-01
i:4, col:6, cell:14	-1.132511e-02
i:4, col:6, cell:15	-6.367527e-04
i:4, col:6, cell:16	3.528392e-03
i:4, col:6, cell:17	9.790671e-01
i:4, col:6, cell:18	3.528392e-03
i:4, col:6, cell:19	2.106903e-04
i:4, col:6, cell:20	9.999997e-01
i:4, col:6, cell:21	2.106903e-04
i:4, col:6, cell:22	1.436779e-04
i:4, col:6, cell:23	1.436779e-04
i:4, col:6, cell:24	-4.841498e-04
i:4, col:6, cell:25	-4.841498e-04
i:4, col:6, cell:26	-3.175742e-03
i:4, col:6, cell:27	-3.175742e-03
i:4, col:6, cell:28	-1.884950e-02
i:4, col:6, cell:29	-1.884950e-02
i:4, col:6, cell:30	-1.225895e-01
i:4, col:6, cell:31	-1.225895e-01
i:4, col:6, cell:32	-1.000000e+00
i:4, col:6, cell:33	-1.000000e+00
i:4, col:7, cell:0	2.172543e-04
i:4, col:7, cell:1	2.597226e-03
i:4, col:7, cell:2	3.086090e-02
i:4, col:7, cell:3	2.245336e-01
i:4, col:7, cell:4	3.148699e-03
i:4, col:7, cell:5	8.948399e-01
i:4, col:7, cell:6	3.148699e-03
i:4, col:7, cell:7	-6.367527e-04
i:4, col:7, cell:8	-1.132511e-02
i:4, col:7, cell:9	2.051583e-01
i:4, col:7, cell:10	7.862212e-01
i:4, col:7, cell:11	9.964096e-01
i:4, col:7, cell:12	7.862212e-01
i:4, col:7, cell:13	2.051583e-01
i:4, col:7, cell:14	-1.132511e-02
i:4, col:7, cell:15	-6.367527e-04
i:4, col:7, cell:16	3.528392e-03
i:4, col:7, cell:17	9.790671e-01
i:4, col:7, cell:18	3.528392e-03
i:4, col:7, cell:19	2.106903e-04
i:4, col:7, cell:20	9.999997e-01
i:4, col:7, cell:21	2.106903e-04
i:4, col:7, cell:22	1.436779e-04
i:4, col:7, cell:23	1.436779e-04
i:4, col:7, cell:24	-4.841498e-04
i:4, col:7, cell:25	-4.841498e-04
i:4, col:7, cell:26	-3.175742e-03
i:4, col:7, cell:27	-3.175742e-03
i:4, col:7, cell:28	-1.884950e-02
i:4, col:7, cell:29	-1.884950e-02
i:4, col:7, cell:30	-1.225895e-01
i:4, col:7, cell:31	-1.225895e-01
i:4, col:7, cell:32	-1.000000e+00
i:4, col:7, cell:33	-1.000000e+00
i:4, col:8, cell:0	2.172543e-04
i:4, col:8, cell:1	2.597226e-03
i:4, col:8, cell:2	3.086090e-02
i:4, col:8, cell:3	2.245336e-01
i:4, col:8, cell:4	3.148699e-03
i:4, col:8, cell:5	8.948399e-01
i:4, col:8, cell:6	3.148699e-03
i:4, col:8, cell:7	-6.367527e-04
i:4, col:8, cell:8	-1.132511e-02
i:4, col:8, cell:9	2.051583e-01
i:4, col:8, cell:10	7.862212e-01
i:4, col:8, cell:11	9.964096e-01
i:4, col:8, cell:12	7.862212e-01
i:4, col:8, cell:13	2.051583e-01
i:4, col:8, cell:14	-1.132511e-02
i:4, col:8, cell:15	-6.367527e-04
i:4, col:8, cell:16	3.528392e-03
i:4, col:8, cell:17	9.790671e-01
i:4, col:8, cell:18	3.528392e-03
i:4, col:8, cell:19	2.106903e-04
i:4, col:8, cell:20	9.999997e-01
i:4, col:8, cell:21	2.106903e-04
i:4, col:8, cell:22	1.436779e-04
i:4, col:8, cell:23	1.436779e-04
i:4, col:8, cell:24	-4.841498e-04
i:4, col:8, cell:25	-4.841498e-04
i:4, col:8, cell:26	-3.175742e-03
i:4, col:8, cell:27	-3.175742e-03
i:4, col:8, cell:28	-1.884950e-02
i:4, col:8, cell:29	-1.884950e-02
i:4, col:8, cell:30	-1.225895e-01
i:4, col:8, cell:31	-1.225895e-01
i:4, col:8, cell:32	-1.000000e+00
i:4, col:8, cell:33	-1.000000e+00
i:5, col:1, cell:0	1.023211e-03
i:5, col:1, cell:1	9.622558e-03
i:5, col:1, cell:2	6.027027e-02
i:5, col:1, cell:3	2.156533e-01
i:5, col:1, cell:4	-1.328018e-02
i:5, col:1, cell:5	9.434779e-01
i:5, col:1, cell:6	-1.328018e-02
i:5, col:1, cell:7	-8.498548e-04
i:5, col:1, cell:8	5.586215e-02
i:5, col:1, cell:9	1.804245e-01
i:5, col:1, cell:10	9.300836e-01
i:5, col:1, cell:11	9.958417e-01
i:5, col:1, cell:12	9.300836e-01
i:5, col:1, cell:13	1.804245e-01
i:5, col:1, cell:14	5.586215e-02
i:5, col:1, cell:15	-8.498548e-04
i:5, col:1, cell:16	-1.304408e-02
i:5, col:1, cell:17	9.823512e-01
i:5, col:1, cell:18	-1.304408e-02
i:5, col:1, cell:19	1.819546e-04
i:5, col:1, cell:20	9.999997e-01
i:5, col:1, cell:21	1.819546e-04
i:5, col:1, cell:22	4.540141e-05
i:5, col:1, cell:23	4.540141e-05
i:5, col:1, cell:24	-4.907039e-04
i:5, col:1, cell:25	-4.907039e-04
i:5, col:1, cell:26	-3.254527e-03
i:5, col:1, cell:27	-3.254527e-03
i:5, col:1, cell:28	-1.885861e-02
i:5, col:1, cell:29	-1.885861e-02
i:5, col:1, cell:30	-1.226406e-01
i:5, col:1, cell:31	-1.226406e-01
i:5, col:1, cell:32	-1.000000e+00
i:5, col:1, cell:33	-1.000000e+00
i:5, col:2, cell:0	1.023211e-03
i:5, col:2, cell:1	9.622558e-03
i:5, col:2, cell:2	6.027027e-02
i:5, col:2, cell:3	2.156533e-01
i:5, col:2, cell:4	-1.328018e-02
i:5, col:2, cell:5	9.434779e-01
i:5, col:2, cell:6	-1.328018e-02
i:5, col:2, cell:7	-8.498548e-04
i:5, col:2, cell:8	5.586215e-02
i:5, col:2, cell:9	1.804245e-01
i:5, col:2, cell:10	9.300836e-01
i:5, col:2, cell:11	9.958417e-01
i:5, col:2, cell:12	9.300836e-01
i:5, col:2, cell:13	1.804245e-01
i:5, col:2, cell:14	5.586215e-02
i:5, col:2, cell:15	-8.498548e-04
i:5, col:2, cell:16	-1.304408e-02
i:5, col:2, cell:17	9.823512e-01
i:5, col:2, cell:18	-1.304408e-02
i:5, col:2, cell:19	1.819546e-04
i:5, col:2, cell:20	9.999997e-01
i:5, col:2, cell:21	1.819546e-04
i:5, col:2, cell:22	4.540141e-05
i:5, col:2, cell:23	4.540141e-05
i:5, col:2, cell:24	-4.907039e-04
i:5, col:2, cell:25	-4.907039e-04
i:5, col:2, cell:26	-3.254527e-03
i:5, col:2, cell:27	-3.254527e-03
i:5, col:2, cell:28	-1.885861e-02
i:5, col:2, cell:29	-1.885861e-02
i:5, col:2, cell:30	-1.226406e-01
i:5, col:2, cell:31	-1.226406e-01
i:5, col:2, cell:32	-1.000000e+00
i:5, col:2, cell:33	-1.000000e+00
i:5, col:3, cell:0	1.023211e-03
i:5, col:3, cell:1	9.622558e-03
i:5, col:3, cell:2	6.027027e-02
i:5, col:3, cell:3	2.156533e-01
i:5, col:3, cell:4	-1.328018e-02
i:5, col:3, cell:5	9.434779e-01
i:5, col:3, cell:6	-1.328018e-02
i:5, col:3, cell:7	-8.498548e-04
i:5, col:3, cell:8	5.586215e-02
i:5, col:3, cell:9	1.804245e-01
i:5, col:3, cell:10	9.300836e-01
i:5, col:3, cell:11	9.958417e-01
i:5, col:3, cell:12	9.300836e-01
i:5, col:3, cell:13	1.804245e-01
i:5, col:3, cell:14	5.586215e-02
i:5, col:3, cell:15	-8.498548e-04
i:5, col:3, cell:16	-1.304408e-02
i:5, col:3, cell:17	9.823512e-01
i:5, col:3, cell:18	-1.304408e-02
i:5, col:3, cell:19	1.819546e-04
i:5, col:3, cell:20	9.999997e-01
i:5, col:3, cell:21	1.819546e-04
i:5, col:3, cell:22	4.540141e-05
i:5, col:3, cell:23	4.540141e-05
i:5, col:3, cell:24	-4.907039e-04
i:5, col:3, cell:25	-4.907039e-04
i:5, col:3, cell:26	-3.254527e-03
i:5, col:3, cell:27	-3.254527e-03
i:5, col:3, cell:28	-1.885861e-02
i:5, col:3, cell:29	-1.885861e-02
i:5, col:3, cell:30	-1.226406e-01
i:5, col:3, cell:31	-1.226406e-01
i:5, col:3, cell:32	-1.000000e+00
i:5, col:3, cell:33	-1.000000e+00
i:5, col:4, cell:0	1.023211e-03
i:5, col:4, cell:1	9.622558e-03
i:5, col:4, cell:2	6.027027e-02
i:5, col:4, cell:3	2.156533e-01
i:5, col:4, cell:4	-1.328018e-02
i:5, col:4, cell:5	9.434779e-01
i:5, col:4, cell:6	-1.328018e-02
i:5, col:4, cell:7	-8.498548e-04
i:5, col:4, cell:8	5.586215e-02
i:5, col:4, cell:9	1.804245e-01
i:5, col:4, cell:10	9.300836e-01
i:5, col:4, cell:11	9.958417e-01
i:5, col:4, cell:12	9.300836e-01
i:5, col:4, cell:13	1.804245e-01
i:5, col:4, cell:14	5.586215e-02
i:5, col:4, cell:15	-8.498548e-04
i:5, col:4, cell:16	-1.304408e-02
i:5, col:4, cell:17	9.823512e-01
i:5, col:4, cell:18	-1.304408e-02
i:5, col:4, cell:19	1.819546e-04
i:5, col:4, cell:20	9.999997e-01
i:5, col:4, cell:21	1.819546e-04
i:5, col:4, cell:22	4.540141e-05
i:5, col:4, cell:23	4.540141e-05
i:5, col:4, cell:24	-4.907039e-04
i:5, col:4, cell:25	-4.907039e-04
i:5, col:4, cell:26	-3.254527e-03
i:5, col:4, cell:27	-3.254527e-03
i:5, col:4, cell:28	-1.885861e-02
i:5, col:4, cell:29	-1.885861e-02
i:5, col:4, cell:30	-1.226406e-01
i:5, col:4, cell:31	-1.226406e-01
i:5, col:4, cell:32	-1.000000e+00
i:5, col:4, cell:33	-1.000000e+00
i:5, col:5, cell:0	1.023211e-03
i:5, col:5, cell:1	9.622558e-03
i:5, col:5, cell:2	6.027027e-02
i:5, col:5, cell:3	2.156533e-01
i:5, col:5, cell:4	-1.328018e-02
i:5, col:5, cell:5	9.434779e-01
i:5, col:5, cell:6	-1.328018e-02
i:5, col:5, cell:7	-8.498548e-04
i:5, col:5, cell:8	5.586215e-02
i:5, col:5, cell:9	1.804245e-01
i:5, col:5, cell:10	9.300836e-01
i:5, col:5, cell:11	9.958417e-01
i:5, col:5, cell:12	9.300836e-01
i:5, col:5, cell:13	1.804245e-01
i:5, col:5, cell:14	5.586215e-02
i:5, col:5, cell:15	-8.498548e-04
i:5, col:5, cell:16	-1.304408e-02
i:5, col:5, cell:17	9.823512e-01
i:5, col:5, cell:18	-1.304408e-02
i:5, col:5, cell:19	1.819546e-04
i:5, col:5, cell:20	9.999997e-01
i:5, col:5, cell:21	1.819546e-04
i:5, col:5, cell:22	4.540141e-05
i:5, col:5, cell:23	4.540141e-05
i:5, col:5, cell:24	-4.907039e-04
i:5, col:5, cell:25	-4.907039e-04
i:5, col:5, cell:26	-3.254527e-03
i:5, col:5, cell:27	-3.254527e-03
i:5, col:5, cell:28	-1.885861e-02
i:5, col:5, cell:29	-1.885861e-02
i:5, col:5, cell:30	-1.226406e-01
i:5, col:5, cell:31	-1.226406e-01
i:5, col:5, cell:32	-1.000000e+00
i:5, col:5, cell:33	-1.000000e+00
i:5, col:6, cell:0	1.023211e-03
i:5, col:6, cell:1	9.622558e-03
i:5, col:6, cell:2	6.027027e-02
i:5, col:6, cell:3	2.156533e-01
i:5, col:6, cell:4	-1.328018e-02
i:5, col:6, cell:5	9.434779e-01
i:5, col:6, cell:6	-1.328018e-02
i:5, col:6, cell:7	-8.498548e-04
i:5, col:6, cell:8	5.586215e-02
i:5, col:6, cell:9	1.804245e-01
i:5, col:6, cell:10	9.300836e-01
i:5, col:6, cell:11	9.958417e-01
i:5, col:6, cell:12	9.300836e-01
i:5, col:6, cell:13	1.804245e-01
i:5, col:6, cell:14	5.586215e-02
i:5, col:6, cell:15	-8.498548e-04
i:5, col:6, cell:16	-1.304408e-02
i:5, col:6, cell:17	9.823512e-01
i:5, col:6, cell:18	-1.304408e-02
i:5, col:6, cell:19	1.819546e-04
i:5, col:6, cell:20	9.999997e-01
i:5, col:6, cell:21	1.819546e-04
i:5, col:6, cell:22	4.540141e-05
i:5, col:6, cell:23	4.540141e-05
i:5, col:6, cell:24	-4.907039e-04
i:5, col:6, cell:25	-4.907039e-04
i:5, col:6, cell:26	-3.254527e-03
i:5, col:6, cell:27	-3.254527e-03
i:5, col:6, cell:28	-1.885861e-02
i:5, col:6, cell:29	-1.885861e-02
i:5, col:6, cell:30	-1.226406e-01
i:5, col:6, cell:31	-1.226406e-01
i:5, col:6, cell:32	-1.000000e+00
i:5, col:6, cell:33	-1.000000e+00
i:5, col:7, cell:0	1.023211e-03
i:5, col:7, cell:1	9.622558e-03
i:5, col:7, cell:2	6.027027e-02
i:5, col:7, cell:3	2.156533e-01
i:5, col:7, cell:4	-1.328018e-02
i:5, col:7, cell:5	9.434779e-01
i:5, col:7, cell:6	-1.328018e-02
i:5, col:7, cell:7	-8.498548e-04
i:5, col:7, cell:8	5.586215e-02
i:5, col:7, cell:9	1.804245e-01
i:5, col:7, cell:10	9.300836e-01
i:5, col:7, cell:11	9.958417e-01
i:5, col:7, cell:12	9.300836e-01
i:5, col:7, cell:13	1.804245e-01
i:5, col:7, cell:14	5.586215e-02
i:5, col:7, cell:15	-8.498548e-04
i:5, col:7, cell:16	-1.304408e-02
i:5, col:7, cell:17	9.823512e-01
i:5, col:7, cell:18	-1.304408e-02
i:5, col:7, cell:19	1.819546e-04
i:5, col:7, cell:20	9.999997e-01
i:5, col:7, cell:21	1.819546e-04
i:5, col:7, cell:22	4.540141e-05
i:5, col:7, cell:23	4.540141e-05
i:5, col:7, cell:24	-4.907039e-04
i:5, col:7, cell:25	-4.907039e-04
i:5, col:7, cell:26	-3.254527e-03
i:5, col:7, cell:27	-3.254527e-03
i:5, col:7, cell:28	-1.885861e-02
i:5, col:7, cell:29	-1.885861e-02
i:5, col:7, cell:30	-1.226406e-01
i:5, col:7, cell:31	-1.226406e-01
i:5, col:7, cell:32	-1.000000e+00
i:5, col:7, cell:33	-1.000000e+00
i:5, col:8, cell:0	1.023211e-03
i:5, col:8, cell:1	9.622558e-03
i:5, col:8, cell:2	6.027027e-02
i:5, col:8, cell:3	2.156533e-01
i:5, col:8, cell:4	-1.328018e-02
i:5, col:8, cell:5	9.434779e-01
i:5, col:8, cell:6	-1.328018e-02
i:5, col:8, cell:7	-8.498548e-04
i:5, col:8, cell:8	5.586215e-02
i:5, col:8, cell:9	1.804245e-01
i:5, col:8, cell:10	9.300836e-01
i:5, col:8, cell:11	9.958417e-01
i:5, col:8, cell:12	9.300836e-01
i:5, col:8, cell:13	1.804245e-01
i:5, col:8, cell:14	5.586215e-02
i:5, col:8, cell:15	-8.498548e-04
i:5, col:8, cell:16	-1.304408e-02
i:5, col:8, cell:17	9.823512e-01
i:5, col:8, cell:18	-1.304408e-02
i:5, col:8, cell:19	1.819546e-04
i:5, col:8, cell:20	9.999997e-01
i:5, col:8, cell:21	1.819546e-04
i:5, col:8, cell:22	4.540141e-05
i:5, col:8, cell:23	4.540141e-05
i:5, col:8, cell:24	-4.907039e-04
i:5, col:8, cell:25	-4.907039e-04
i:5, col:8, cell:26	-3.254527e-03
i:5, col:8, cell:27	-3.254527e-03
i:5, col:8, cell:28	-1.885861e-02
i:5, col:8, cell:29	-1.885861e-02
i:5, col:8, cell:30	-1.226406e-01
i:5, col:8, cell:31	-1.226406e-01
i:5, col:8, cell:32	-1.000000e+00
i:5, col:8, cell:33	-1.000000e+00
i:6, col:1, cell:0	2.859890e-03
i:6, col:1, cell:1	1.665805e-02
i:6, col:1, cell:2	6.022242e-02
i:6, col:1, cell:3	2.322020e-01
i:6, col:1, cell:4	3.369325e-03
i:6, col:1, cell:5	9.345097e-01
i:6, col:1, cell:6	3.369325e-03
i:6, col:1, cell:7	1.646928e-02
i:6, col:1, cell:8	4.338400e-02
i:6, col:1, cell:9	2.282546e-01
i:6, col:1, cell:10	9.251818e-01
i:6, col:1, cell:11	9.965400e-01
i:6, col:1, cell:12	9.251818e-01
i:6, col:1, cell:13	2.282546e-01
i:6, col:1, cell:14	4.338400e-02
i:6, col:1, cell:15	1.646928e-02
i:6, col:1, cell:16	3.559530e-03
i:6, col:1, cell:17	9.810243e-01
i:6, col:1, cell:18	3.559530e-03
i:6, col:1, cell:19	-1.692486e-03
i:6, col:1, cell:20	9.999997e-01
i:6, col:1, cell:21	-1.692486e-03
i:6, col:1, cell:22	1.060000e-05
i:6, col:1, cell:23	1.060000e-05
i:6, col:1, cell:24	-5.200961e-04
i:6, col:1, cell:25	-5.200961e-04
i:6, col:1, cell:26	-3.256980e-03
i:6, col:1, cell:27	-3.256980e-03
i:6, col:1, cell:28	-1.887442e-02
i:6, col:1, cell:29	-1.887442e-02
i:6, col:1, cell:30	-1.226419e-01
i:6, col:1, cell:31	-1.226419e-01
i:6, col:1, cell:32	-1.000000e+00
i:6, col:1, cell:33	-1.000000e+00
i:6, col:2, cell:0	2.859890e-03
i:6, col:2, cell:1	1.665805e-02
i:6, col:2, cell:2	6.022242e-02
i:6, col:2, cell:3	2.322020e-01
i:6, col:2, cell:4	3.369325e-03
i:6, col:2, cell:5	9.345097e-01
i:6, col:2, cell:6	3.369325e-03
i:6, col:2, cell:7	1.646928e-02
i:6, col:2, cell:8	4.338400e-02
i:6, col:2, cell:9	2.282546e-01
i:6, col:2, cell:10	9.251818e-01
i:6, col:2, cell:11	9.965400e-01
i:6, col:2, cell:12	9.251818e-01
i:6, col:2, cell:13	2.282546e-01
i:6, col:2, cell:14	4.338400e-02
i:6, col:2, cell:15	1.646928e-02
i:6, col:2, cell:16	3.559530e-03
i:6, col:2, cell:17	9.810243e-01
i:6, col:2, cell:18	3.559530e-03
i:6, col:2, cell:19	-1.692486e-03
i:6, col:2, cell:20	9.999997e-01
i:6, col:2, cell:21	-1.692486e-03
i:6, col:2, cell:22	1.060000e-05
i:6, col:2, cell:23	1.060000e-05
i:6, col:2, cell:24	-5.200961e-04
i:6, col:2, cell:25	-5.200961e-04
i:6, col:2, cell:26	-3.256980e-03
i:6, col:2, cell:27	-3.256980e-03
i:6, col:2, cell:28	-1.887442e-02
i:6, col:2, cell:29	-1.887442e-02
i:6, col:2, cell:30	-1.226419e-01
i:6, col:2, cell:31	-1.226419e-01
i:6, col:2, cell:32	-1.000000e+00
i:6, col:2, cell:33	-1.000000e+00
i:6, col:3, cell:0	2.859890e-03
i:6, col:3, cell:1	1.665805e-02
i:6, col:3, cell:2	6.022242e-02
i:6, col:3, cell:3	2.322020e-01
i:6, col:3, cell:4	3.369325e-03
i:6, col:3, cell:5	9.345097e-01
i:6, col:3, cell:6	3.369325e-03
i:6, col:3, cell:7	1.646928e-02
i:6, col:3, cell:8	4.338400e-02
i:6, col:3, cell:9	2.282546e-01
i:6, col:3, cell:10	9.251818e-01
i:6, col:3, cell:11	9.965400e-01
i:6, col:3, cell:12	9.251818e-01
i:6, col:3, cell:13	2.282546e-01
i:6, col:3, cell:14	4.338400e-02
i:6, col:3, cell:15	1.646928e-02
i:6, col:3, cell:16	3.559530e-03
i:6, col:3, cell:17	9.810243e-01
i:6, col:3, cell:18	3.559530e-03
i:6, col:3, cell:19	-1.692486e-03
i:6, col:3, cell:20	9.999997e-01
i:6, col:3, cell:21	-1.692486e-03
i:6, col:3, cell:22	1.060000e-05
i:6, col:3, cell:23	1.060000e-05
i:6, col:3, cell:24	-5.200961e-04
i:6, col:3, cell:25	-5.200961e-04
i:6, col:3, cell:26	-3.256980e-03
i:6, col:3, cell:27	-3.256980e-03
i:6, col:3, cell:28	-1.887442e-02
i:6, col:3, cell:29	-1.887442e-02
i:6, col:3, cell:30	-1.226419e-01
i:6, col:3, cell:31	-1.226419e-01
i:6, col:3, cell:32	-1.000000e+00
i:6, col:3, cell:33	-1.000000e+00
i:6, col:4, cell:0	2.859890e-03
i:6, col:4, cell:1	1.665805e-02
i:6, col:4, cell:2	6.022242e-02
i:6, col:4, cell:3	2.322020e-01
i:6, col:4, cell:4	3.369325e-03
i:6, col:4, cell:5	9.345097e-01
i:6, col:4, cell:6	3.369325e-03
i:6, col:4, cell:7	1.646928e-02
i:6, col:4, cell:8	4.338400e-02
i:6, col:4, cell:9	2.282546e-01
i:6, col:4, cell:10	9.251818e-01
i:6, col:4, cell:11	9.965400e-01
i:6, col:4, cell:12	9.251818e-01
i:6, col:4, cell:13	2.282546e-01
i:6, col:4, cell:14	4.338400e-02
i:6, col:4, cell:15	1.646928e-02
i:6, col:4, cell:16	3.559530e-03
i:6, col:4, cell:17	9.810243e-01
i:6, col:4, cell:18	3.559530e-03
i:6, col:4, cell:19	-1.692486e-03
i:6, col:4, cell:20	9.999997e-01
i:6, col:4, cell:21	-1.692486e-03
i:6, col:4, cell:22	1.060000e-05
i:6, col:4, cell:23	1.060000e-05
i:6, col:4, cell:24	-5.200961e-04
i:6, col:4, cell:25	-5.200961e-04
i:6, col:4, cell:26	-3.256980e-03
i:6, col:4, cell:27	-3.256980e-03
i:6, col:4, cell:28	-1.887442e-02
i:6, col:4, cell:29	-1.887442e-02
i:6, col:4, cell:30	-1.226419e-01
i:6, col:4, cell:31	-1.226419e-01
i:6, col:4, cell:32	-1.000000e+00
i:6, col:4, cell:33	-1.000000e+00
i:6, col:5, cell:0	2.859890e-03
i:6, col:5, cell:1	1.665805e-02
i:6, col:5, cell:2	6.022242e-02
i:6, col:5, cell:3	2.322020e-01
i:6, col:5, cell:4	3.369325e-03
i:6, col:5, cell:5	9.345097e-01
i:6, col:5, cell:6	3.369325e-03
i:6, col:5, cell:7	1.646928e-02
i:6, col:5, cell:8	4.338400e-02
i:6, col:5, cell:9	2.282546e-01
i:6, col:5, cell:10	9.251818e-01
i:6, col:5, cell:11	9.965400e-01
i:6, col:5, cell:12	9.251818e-01
i:6, col:5, cell:13	2.282546e-01
i:6, col:5, cell:14	4.338400e-02
i:6, col:5, cell:15	1.646928e-02
i:6, col:5, cell:16	3.559530e-03
i:6, col:5, cell:17	9.810243e-01
i:6, col:5, cell:18	3.559530e-03
i:6, col:5, cell:19	-1.692486e-03
i:6, col:5, cell:20	9.999997e-01
i:6, col:5, cell:21	-1.692486e-03
i:6, col:5, cell:22	1.060000e-05
i:6, col:5, cell:23	1.060000e-05
i:6, col:5, cell:24	-5.200961e-04
i:6, col:5, cell:25	-5.200961e-04
i:6, col:5, cell:26	-3.256980e-03
i:6, col:5, cell:27	-3.256980e-03
i:6, col:5, cell:28	-1.887442e-02
i:6, col:5, cell:29	-1.887442e-02
i:6, col:5, cell:30	-1.226419e-01
i:6, col:5, cell:31	-1.226419e-01
i:6, col:5, cell:32	-1.000000e+00
i:6, col:5, cell:33	-1.000000e+00
i:6, col:6, cell:0	2.859890e-03
i:6, col:6, cell:1	1.665805e-02
i:6, col:6, cell:2	6.022242e-02
i:6, col:6, cell:3	2.322020e-01
i:6, col:6, cell:4	3.369325e-03
i:6, col:6, cell:5	9.345097e-01
i:6, col:6, cell:6	3.369325e-03
i:6, col:6, cell:7	1.646928e-02
i:6, col:6, cell:8	4.338400e-02
i:6, col:6, cell:9	2.282546e-01
i:6, col:6, cell:10	9.251818e-01
i:6, col:6, cell:11	9.965400e-01
i:6, col:6, cell:12	9.251818e-01
i:6, col:6, cell:13	2.282546e-01
i:6, col:6, cell:14	4.338400e-02
i:6, col:6, cell:15	1.646928e-02
i:6, col:6, cell:16	3.559530e-03
i:6, col:6, cell:17	9.810243e-01
i:6, col:6, cell:18	3.559530e-03
i:6, col:6, cell:19	-1.692486e-03
i:6, col:6, cell:20	9.999997e-01
i:6, col:6, cell:21	-1.692486e-03
i:6, col:6, cell:22	1.060000e-05
i:6, col:6, cell:23	1.060000e-05
i:6, col:6, cell:24	-5.200961e-04
i:6, col:6, cell:25	-5.200961e-04
i:6, col:6, cell:26	-3.256980e-03
i:6, col:6, cell:27	-3.256980e-03
i:6, col:6, cell:28	-1.887442e-02
i:6, col:6, cell:29	-1.887442e-02
i:6, col:6, cell:30	-1.226419e-01
i:6, col:6, cell:31	-1.226419e-01
i:6, col:6, cell:32	-1.000000e+00
i:6, col:6, cell:33	-1.000000e+00
i:6, col:7, cell:0	2.859890e-03
i:6, col:7, cell:1	1.665805e-02
i:6, col:7, cell:2	6.022242e-02
i:6, col:7, cell:3	2.322020e-01
i:6, col:7, cell:4	3.369325e-03
i:6, col:7, cell:5	9.345097e-01
i:6, col:7, cell:6	3.369325e-03
i:6, col:7, cell:7	1.646928e-02
i:6, col:7, cell:8	4.338400e-02
i:6, col:7, cell:9	2.282546e-01
i:6, col:7, cell:10	9.251818e-01
i:6, col:7, cell:11	9.965400e-01
i:6, col:7, cell:12	9.251818e-01
i:6, col:7, cell:13	2.282546e-01
i:6, col:7, cell:14	4.338400e-02
i:6, col:7, cell:15	1.646928e-02
i:6, col:7, cell:16	3.559530e-03
i:6, col:7, cell:17	9.810243e-01
i:6, col:7, cell:18	3.559530e-03
i:6, col:7, cell:19	-1.692486e-03
i:6, col:7, cell:20	9.999997e-01
i:6, col:7, cell:21	-1.692486e-03
i:6, col:7, cell:22	1.060000e-05
i:6, col:7, cell:23	1.060000e-05
i:6, col:7, cell:24	-5.200961e-04
i:6, col:7, cell:25	-5.200961e-04
i:6, col:7, cell:26	-3.256980e-03
i:6, col:7, cell:27	-3.256980e-03
i:6, col:7, cell:28	-1.887442e-02
i:6, col:7, cell:29	-1.887442e-02
i:6, col:7, cell:30	-1.226419e-01
i:6, col:7, cell:31	-1.226419e-01
i:6, col:7, cell:32	-1.000000e+00
i:6, col:7, cell:33	-1.000000e+00
i:6, col:8, cell:0	2.859890e-03
i:6, col:8, cell:1	1.665805e-02
i:6, col:8, cell:2	6.022242e-02
i:6, col:8, cell:3	2.322020e-01
i:6, col:8, cell:4	3.369325e-03
i:6, col:8, cell:5	9.345097e-01
i:6, col:8, cell:6	3.369325e-03
i:6, col:8, cell:7	1.646928e-02
i:6, col:8, cell:8	4.338400e-02
i:6, col:8, cell:9	2.282546e-01
i:6, col:8, cell:10	9.251818e-01
i:6, col:8, cell:11	9.965400e-01
i:6, col:8, cell:12	9.251818e-01
i:6, col:8, cell:13	2.282546e-01
i:6, col:8, cell:14	4.338400e-02
i:6, col:8, cell:15	1.646928e-02
i:6, col:8, cell:16	3.559530e-03
i:6, col:8, cell:17	9.810243e-01
i:6, col:8, cell:18	3.559530e-03
i:6, col:8, cell:19	-1.692486e-03
i:6, col:8, cell:20	9.999997e-01
i:6, col:8, cell:21	-1.692486e-03
i:6, col:8, cell:22	1.060000e-05
i:6, col:8, cell:23	1.060000e-05
i:6, col:8, cell:24	-5.200961e-04
i:6, col:8, cell:25	-5.200961e-04
i:6, col:8, cell:26	-3.256980e-03
i:6, col:8, cell:27	-3.256980e-03
i:6, col:8, cell:28	-1.887442e-02
i:6, col:8, cell:29	-1.887442e-02
i:6, col:8, cell:30	-1.226419e-01
i:6, col:8, cell:31	-1.226419e-01
i:6, col:8, cell:32	-1.000000e+00
i:6, col:8, cell:33	-1.000000e+00
i:7, col:1, cell:0	4.517209e-03
i:7, col:1, cell:1	1.718238e-02
i:7, col:1, cell:2	6.564651e-02
i:7, col:1, cell:3	2.302043e-01
i:7, col:1, cell:4	-2.735813e-03
i:7, col:1, cell:5	9.370879e-01
i:7, col:1, cell:6	-2.735813e-03
i:7, col:1, cell:7	1.219963e-02
i:7, col:1, cell:8	6.620803e-02
i:7, col:1, cell:9	2.230490e-01
i:7, col:1, cell:10	9.330977e-01
i:7, col:1, cell:11	9.965096e-01
i:7, col:1, cell:12	9.330977e-01
i:7, col:1, cell:13	2.230490e-01
i:7, col:1, cell:14	6.620803e-02
i:7, col:1, cell:15	1.219963e-02
i:7, col:1, cell:16	-2.977070e-03
i:7, col:1, cell:17	9.810716e-01
i:7, col:1, cell:18	-2.977070e-03
i:7, col:1, cell:19	2.287880e-04
i:7, col:1, cell:20	9.999997e-01
i:7, col:1, cell:21	2.287880e-04
i:7, col:1, cell:22	-1.612961e-04
i:7, col:1, cell:23	-1.612961e-04
i:7, col:1, cell:24	-5.236618e-04
i:7, col:1, cell:25	-5.236618e-04
i:7, col:1, cell:26	-3.263470e-03
i:7, col:1, cell:27	-3.263470e-03
i:7, col:1, cell:28	-1.887501e-02
i:7, col:1, cell:29	-1.887501e-02
i:7, col:1, cell:30	-1.226438e-01
i:7, col:1, cell:31	-1.226438e-01
i:7, col:1, cell:32	-1.000000e+00
i:7, col:1, cell:33	-1.000000e+00
i:7, col:2, cell:0	4.517209e-03
i:7, col:2, cell:1	1.718238e-02
i:7, col:2, cell:2	6.564651e-02
i:7, col:2, cell:3	2.302043e-01
i:7, col:2, cell:4	-2.735813e-03
i:7, col:2, cell:5	9.370879e-01
i:7, col:2, cell:6	-2.735813e-03
i:7, col:2, cell:7	1.219963e-02
i:7, col:2, cell:8	6.620803e-02
i:7, col:2, cell:9	2.230490e-01
i:7, col:2, cell:10	9.330977e-01
i:7, col:2, cell:11	9.965096e-01
i:7, col:2, cell:12	9.330977e-01
i:7, col:2, cell:13	2.230490e-01
i:7, col:2, cell:14	6.620803e-02
i:7, col:2, cell:15	1.219963e-02
i:7, col:2, cell:16	-2.977070e-03
i:7, col:2, cell:17	9.810716e-01
i:7, col:2, cell:18	-2.977070e-03
i:7, col:2, cell:19	2.287880e-04
i:7, col:2, cell:20	9.999997e-01
i:7, col:2, cell:21	2.287880e-04
i:7, col:2, cell:22	-1.612961e-04
i:7, col:2, cell:23	-1.612961e-04
i:7, col:2, cell:24	-5.236618e-04
i:7, col:2, cell:25	-5.236618e-04
i:7, col:2, cell:26	-3.263470e-03
i:7, col:2, cell:27	-3.263470e-03
i:7, col:2, cell:28	-1.887501e-02
i:7, col:2, cell:29	-1.887501e-02
i:7, col:2, cell:30	-1.226438e-01
i:7, col:2, cell:31	-1.226438e-01
i:7, col:2, cell:32	-1.000000e+00
i:7, col:2, cell:33	-1.000000e+00
i:7, col:3, cell:0	4.517209e-03
i:7, col:3, cell:1	1.718238e-02
i:7, col:3, cell:2	6.564651e-02
i:7, col:3, cell:3	2.302043e-01
i:7, col:3, cell:4	-2.735813e-03
i:7, col:3, cell:5	9.370879e-01
i:7, col:3, cell:6	-2.735813e-03
i:7, col:3, cell:7	1.219963e-02
i:7, col:3, cell:8	6.620803e-02
i:7, col:3, cell:9	2.230490e-01
i:7, col:3, cell:10	9.330977e-01
i:7, col:3, cell:11	9.965096e-01
i:7, col:3, cell:12	9.330977e-01
i:7, col:3, cell:13	2.230490e-01
i:7, col:3, cell:14	6.620803e-02
i:7, col:3, cell:15	1.219963e-02
i:7, col:3, cell:16	-2.977070e-03
i:7, col:3, cell:17	9.810716e-01
i:7, col:3, cell:18	-2.977070e-03
i:7, col:3, cell:19	2.287880e-04
i:7, col:3, cell:20	9.999997e-01
i:7, col:3, cell:21	2.287880e-04
i:7, col:3, cell:22	-1.612961e-04
i:7, col:3, cell:23	-1.612961e-04
i:7, col:3, cell:24	-5.236618e-04
i:7, col:3, cell:25	-5.236618e-04
i:7, col:3, cell:26	-3.263470e-03
i:7, col:3, cell:27	-3.263470e-03
i:7, col:3, cell:28	-1.887501e-02
i:7, col:3, cell:29	-1.887501e-02
i:7, col:3, cell:30	-1.226438e-01
i:7, col:3, cell:31	-1.226438e-01
i:7, col:3, cell:32	-1.000000e+00
i:7, col:3, cell:33	-1.000000e+00
i:7, col:4, cell:0	4.517209e-03
i:7, col:4, cell:1	1.718238e-02
i:7, col:4, cell:2	6.564651e-02
i:7, col:4, cell:3	2.302043e-01
i:7, col:4, cell:4	-2.735813e-03
i:7, col:4, cell:5	9.370879e-01
i:7, col:4, cell:6	-2.735813e-03
i:7, col:4, cell:7	1.219963e-02
i:7, col:4, cell:8	6.620803e-02
i:7, col:4, cell:9	2.230490e-01
i:7, col:4, cell:10	9.330977e-01
i:7, col:4, cell:11	9.965096e-01
i:7, col:4, cell:12	9.330977e-01
i:7, col:4, cell:13	2.230490e-01
i:7, col:4, cell:14	6.620803e-02
i:7, col:4, cell:15	1.219963e-02
i:7, col:4, cell:16	-2.977070e-03
i:7, col:4, cell:17	9.810716e-01
i:7, col:4, cell:18	-2.977070e-03
i:7, col:4, cell:19	2.287880e-04
i:7, col:4, cell:20	9.999997e-01
i:7, col:4, cell:21	2.287880e-04
i:7, col:4, cell:22	-1.612961e-04
i:7, col:4, cell:23	-1.612961e-04
i:7, col:4, cell:24	-5.236618e-04
i:7, col:4, cell:25	-5.236618e-04
i:7, col:4, cell:26	-3.263470e-03
i:7, col:4, cell:27	-3.263470e-03
i:7, col:4, cell:28	-1.887501e-02
i:7, col:4, cell:29	-1.887501e-02
i:7, col:4, cell:30	-1.226438e-01
i:7, col:4, cell:31	-1.226438e-01
i:7, col:4, cell:32	-1.000000e+00
i:7, col:4, cell:33	-1.000000e+00
i:7, col:5, cell:0	4.517209e-03
i:7, col:5, cell:1	1.718238e-02
i:7, col:5, cell:2	6.564651e-02
i:7, col:5, cell:3	2.302043e-01
i:7, col:5, cell:4	-2.735813e-03
i:7, col:5, cell:5	9.370879e-01
i:7, col:5, cell:6	-2.735813e-03
i:7, col:5, cell:7	1.219963e-02
i:7, col:5, cell:8	6.620803e-02
i:7, col:5, cell:9	2.230490e-01
i:7, col:5, cell:10	9.330977e-01
i:7, col:5, cell:11	9.965096e-01
i:7, col:5, cell:12	9.330977e-01
i:7, col:5, cell:13	2.230490e-01
i:7, col:5, cell:14	6.620803e-02
i:7, col:5, cell:15	1.219963e-02
i:7, col:5, cell:16	-2.977070e-03
i:7, col:5, cell:17	9.810716e-01
i:7, col:5, cell:18	-2.977070e-03
i:7, col:5, cell:19	2.287880e-04
i:7, col:5, cell:20	9.999997e-01
i:7, col:5, cell:21	2.287880e-04
i:7, col:5, cell:22	-1.612961e-04
i:7, col:5, cell:23	-1.612961e-04
i:7, col:5, cell:24	-5.236618e-04
i:7, col:5, cell:25	-5.236618e-04
i:7, col:5, cell:26	-3.263470e-03
i:7, col:5, cell:27	-3.263470e-03
i:7, col:5, cell:28	-1.887501e-02
i:7, col:5, cell:29	-1.887501e-02
i:7, col:5, cell:30	-1.226438e-01
i:7, col:5, cell:31	-1.226438e-01
i:7, col:5, cell:32	-1.000000e+00
i:7, col:5, cell:33	-1.000000e+00
i:7, col:6, cell:0	4.517209e-03
i:7, col:6, cell:1	1.718238e-02
i:7, col:6, cell:2	6.564651e-02
i:7, col:6, cell:3	2.302043e-01
i:7, col:6, cell:4	-2.735813e-03
i:7, col:6, cell:5	9.370879e-01
i:7, col:6, cell:6	-2.735813e-03
i:7, col:6, cell:7	1.219963e-02
i:7, col:6, cell:8	6.620803e-02
i:7, col:6, cell:9	2.230490e-01
i:7, col:6, cell:10	9.330977e-01
i:7, col:6, cell:11	9.965096e-01
i:7, col:6, cell:12	9.330977e-01
i:7, col:6, cell:13	2.230490e-01
i:7, col:6, cell:14	6.620803e-02
i:7, col:6, cell:15	1.219963e-02
i:7, col:6, cell:16	-2.977070e-03
i:7, col:6, cell:17	9.810716e-01
i:7, col:6, cell:18	-2.977070e-03
i:7, col:6, cell:19	2.287880e-04
i:7, col:6, cell:20	9.999997e-01
i:7, col:6, cell:21	2.287880e-04
i:7, col:6, cell:22	-1.612961e-04
i:7, col:6, cell:23	-1.612961e-04
i:7, col:6, cell:24	-5.236618e-04
i:7, col:6, cell:25	-5.236618e-04
i:7, col:6, cell:26	-3.263470e-03
i:7, col:6, cell:27	-3.263470e-03
i:7, col:6, cell:28	-1.887501e-02
i:7, col:6, cell:29	-1.887501e-02
i:7, col:6, cell:30	-1.226438e-01
i:7, col:6, cell:31	-1.226438e-01
i:7, col:6, cell:32	-1.000000e+00
i:7, col:6, cell:33	-1.000000e+00
i:7, col:7, cell:0	4.517209e-03
i:7, col:7, cell:1	1.718238e-02
i:7, col:7, cell:2	6.564651e-02
i:7, col:7, cell:3	2.302043e-01
i:7, col:7, cell:4	-2.735813e-03
i:7, col:7, cell:5	9.370879e-01
i:7, col:7, cell:6	-2.735813e-03
i:7, col:7, cell:7	1.219963e-02
i:7, col:7, cell:8	6.620803e-02
i:7, col:7, cell:9	2.230490e-01
i:7, col:7, cell:10	9.330977e-01
i:7, col:7, cell:11	9.965096e-01
i:7, col:7, cell:12	9.330977e-01
i:7, col:7, cell:13	2.230490e-01
i:7, col:7, cell:14	6.620803e-02
i:7, col:7, cell:15	1.219963e-02
i:7, col:7, cell:16	-2.977070e-03
i:7, col:7, cell:17	9.810716e-01
i:7, col:7, cell:18	-2.977070e-03
i:7, col:7, cell:19	2.287880e-04
i:7, col:7, cell:20	9.999997e-01
i:7, col:7, cell:21	2.287880e-04
i:7, col:7, cell:22	-1.612961e-04
i:7, col:7, cell:23	-1.612961e-04
i:7, col:7, cell:24	-5.236618e-04
i:7, col:7, cell:25	-5.236618e-04
i:7, col:7, cell:26	-3.263470e-03
i:7, col:7, cell:27	-3.263470e-03
i:7, col:7, cell:28	-1.887501e-02
i:7, col:7, cell:29	-1.887501e-02
i:7, col:7, cell:30	-1.226438e-01
i:7, col:7, cell:31	-1.226438e-01
i:7, col:7, cell:32	-1.000000e+00
i:7, col:7, cell:33	-1.000000e+00
i:7, col:8, cell:0	4.517209e-03
i:7, col:8, cell:1	1.718238e-02
i:7, col:8, cell:2	6.564651e-02
i:7, col:8, cell:3	2.302043e-01
i:7, col:8, cell:4	-2.735813e-03
i:7, col:8, cell:5	9.370879e-01
i:7, col:8, cell:6	-2.735813e-03
i:7, col:8, cell:7	1.219963e-02
i:7, col:8, cell:8	6.620803e-02
i:7, col:8, cell:9	2.230490e-01
i:7, col:8, cell:10	9.330977e-01
i:7, col:8, cell:11	9.965096e-01
i:7, col:8, cell:12	9.330977e-01
i:7, col:8, cell:13	2.230490e-01
i:7, col:8, cell:14	6.620803e-02
i:7, col:8, cell:15	1.219963e-02
i:7, col:8, cell:16	-2.977070e-03
i:7, col:8, cell:17	9.810716e-01
i:7, col:8, cell:18	-2.977070e-03
i:7, col:8, cell:19	2.287880e-04
i:7, col:8, cell:20	9.999997e-01
i:7, col:8, cell:21	2.287880e-04
i:7, col:8, cell:22	-1.612961e-04
i:7, col:8, cell:23	-1.612961e-04
i:7, col:8, cell:24	-5.236618e-04
i:7, col:8, cell:25	-5.236618e-04
i:7, col:8, cell:26	-3.263470e-03
i:7, col:8, cell:27	-3.263470e-03
i:7, col:8, cell:28	-1.887501e-02
i:7, col:8, cell:29	-1.887501e-02
i:7, col:8, cell:30	-1.226438e-01
i:7, col:8, cell:31	-1.226438e-01
i:7, col:8, cell:32	-1.000000e+00
i:7, col:8, cell:33	-1.000000e+00
i:8, col:1, cell:0	4.675514e-03
i:8, col:1, cell:1	1.882352e-02
i:8, col:1, cell:2	6.533622e-02
i:8, col:1, cell:3	2.319187e-01
i:8, col:1, cell:4	3.020188e-03
i:8, col:1, cell:5	9.363834e-01
i:8, col:1, cell:6	3.020188e-03
i:8, col:1, cell:7	1.813657e-02
i:8, col:1, cell:8	6.114329e-02
i:8, col:1, cell:9	2.302486e-01
i:8, col:1, cell:10	9.323887e-01
i:8, col:1, cell:11	9.965426e-01
i:8, col:1, cell:12	9.323887e-01
i:8, col:1, cell:13	2.302486e-01
i:8, col:1, cell:14	6.114329e-02
i:8, col:1, cell:15	1.813657e-02
i:8, col:1, cell:16	3.225617e-03
i:8, col:1, cell:17	9.809953e-01
i:8, col:1, cell:18	3.225617e-03
i:8, col:1, cell:19	-5.033680e-04
i:8, col:1, cell:20	9.999997e-01
i:8, col:1, cell:21	-5.033680e-04
i:8, col:1, cell:22	5.763369e-05
i:8, col:1, cell:23	5.763369e-05
i:8, col:1, cell:24	-5.414268e-04
i:8, col:1, cell:25	-5.414268e-04
i:8, col:1, cell:26	-3.263701e-03
i:8, col:1, cell:27	-3.263701e-03
i:8, col:1, cell:28	-1.887612e-02
i:8, col:1, cell:29	-1.887612e-02
i:8, col:1, cell:30	-1.226439e-01
i:8, col:1, cell:31	-1.226439e-01
i:8, col:1, cell:32	-1.000000e+00
i:8, col:1, cell:33	-1.000000e+00
i:8, col:2, cell:0	4.675514e-03
i:8, col:2, cell:1	1.882352e-02
i:8, col:2, cell:2	6.533622e-02
i:8, col:2, cell:3	2.319187e-01
i:8, col:2, cell:4	3.020188e-03
i:8, col:2, cell:5	9.363834e-01
i:8, col:2, cell:6	3.020188e-03
i:8, col:2, cell:7	1.813657e-02
i:8, col:2, cell:8	6.114329e-02
i:8, col:2, cell:9	2.302486e-01
i:8, col:2, cell:10	9.323887e-01
i:8, col:2, cell:11	9.965426e-01
i:8, col:2, cell:12	9.323887e-01
i:8, col:2, cell:13	2.302486e-01
i:8, col:2, cell:14	6.114329e-02
i:8, col:2, cell:15	1.813657e-02
i:8, col:2, cell:16	3.225617e-03
i:8, col:2, cell:17	9.809953e-01
i:8, col:2, cell:18	3.225617e-03
i:8, col:2, cell:19	-5.033680e-04
i:8, col:2, cell:20	9.999997e-01
i:8, col:2, cell:21	-5.033680e-04
i:8, col:2, cell:22	5.763369e-05
i:8, col:2, cell:23	5.763369e-05
i:8, col:2, cell:24	-5.414268e-04
i:8, col:2, cell:25	-5.414268e-04
i:8, col:2, cell:26	-3.263701e-03
i:8, col:2, cell:27	-3.263701e-03
i:8, col:2, cell:28	-1.887612e-02
i:8, col:2, cell:29	-1.887612e-02
i:8, col:2, cell:30	-1.226439e-01
i:8, col:2, cell:31	-1.226439e-01
i:8, col:2, cell:32	-1.000000e+00
i:8, col:2, cell:33	-1.000000e+00
i:8, col:3, cell:0	4.675514e-03
i:8, col:3, cell:1	1.882352e-02
i:8, col:3, cell:2	6.533622e-02
i:8, col:3, cell:3	2.319187e-01
i:8, col:3, cell:4	3.020188e-03
i:8, col:3, cell:5	9.363834e-01
i:8, col:3, cell:6	3.020188e-03
i:8, col:3, cell:7	1.813657e-02
i:8, col:3, cell:8	6.114329e-02
i:8, col:3, cell:9	2.302486e-01
i:8, col:3, cell:10	9.323887e-01
i:8, col:3, cell:11	9.965426e-01
i:8, col:3, cell:12	9.323887e-01
i:8, col:3, cell:13	2.302486e-01
i:8, col:3, cell:14	6.114329e-02
i:8, col:3, cell:15	1.813657e-02
i:8, col:3, cell:16	3.225617e-03
i:8, col:3, cell:17	9.809953e-01
i:8, col:3, cell:18	3.225617e-03
i:8, col:3, cell:19	-5.033680e-04
i:8, col:3, cell:20	9.999997e-01
i:8, col:3, cell:21	-5.033680e-04
i:8, col:3, cell:22	5.763369e-05
i:8, col:3, cell:23	5.763369e-05
i:8, col:3, cell:24	-5.414268e-04
i:8, col:3, cell:25	-5.414268e-04
i:8, col:3, cell:26	-3.263701e-03
i:8, col:3, cell:27	-3.263701e-03
i:8, col:3, cell:28	-1.887612e-02
i:8, col:3, cell:29	-1.887612e-02
i:8, col:3, cell:30	-1.226439e-01
i:8, col:3, cell:31	-1.226439e-01
i:8, col:3, cell:32	-1.000000e+00
i:8, col:3, cell:33	-1.000000e+00
i:8, col:4, cell:0	4.675514e-03
i:8, col:4, cell:1	1.882352e-02
i:8, col:4, cell:2	6.533622e-02
i:8, col:4, cell:3	2.319187e-01
i:8, col:4, cell:4	3.020188e-03
i:8, col:4, cell:5	9.363834e-01
i:8, col:4, cell:6	3.020188e-03
i:8, col:4, cell:7	1.813657e-02
i:8, col:4, cell:8	6.114329e-02
i:8, col:4, cell:9	2.302486e-01
i:8, col:4, cell:10	9.323887e-01
i:8, col:4, cell:11	9.965426e-01
i:8, col:4, cell:12	9.323887e-01
i:8, col:4, cell:13	2.302486e-01
i:8, col:4, cell:14	6.114329e-02
i:8, col:4, cell:15	1.813657e-02
i:8, col:4, cell:16	3.225617e-03
i:8, col:4, cell:17	9.809953e-01
i:8, col:4, cell:18	3.225617e-03
i:8, col:4, cell:19	-5.033680e-04
i:8, col:4, cell:20	9.999997e-01
i:8, col:4, cell:21	-5.033680e-04
i:8, col:4, cell:22	5.763369e-05
i:8, col:4, cell:23	5.763369e-05
i:8, col:4, cell:24	-5.414268e-04
i:8, col:4, cell:25	-5.414268e-04
i:8, col:4, cell:26	-3.263701e-03
i:8, col:4, cell:27	-3.263701e-03
i:8, col:4, cell:28	-1.887612e-02
i:8, col:4, cell:29	-1.887612e-02
i:8, col:4, cell:30	-1.226439e-01
i:8, col:4, cell:31	-1.226439e-01
i:8, col:4, cell:32	-1.000000e+00
i:8, col:4, cell:33	-1.000000e+00
i:8, col:5, cell:0	4.675514e-03
i:8, col:5, cell:1	1.882352e-02
i:8, col:5, cell:2	6.533622e-02
i:8, col:5, cell:3	2.319187e-01
i:8, col:5, cell:4	3.020188e-03
i:8, col:5, cell:5	9.363834e-01
i:8, col:5, cell:6	3.020188e-03
i:8, col:5, cell:7	1.813657e-02
i:8, col:5, cell:8	6.114329e-02
i:8, col:5, cell:9	2.302486e-01
i:8, col:5, cell:10	9.323887e-01
i:8, col:5, cell:11	9.965426e-01
i:8, col:5, cell:12	9.323887e-01
i:8, col:5, cell:13	2.302486e-01
i:8, col:5, cell:14	6.114329e-02
i:8, col:5, cell:15	1.813657e-02
i:8, col:5, cell:16	3.225617e-03
i:8, col:5, cell:17	9.809953e-01
i:8, col:5, cell:18	3.225617e-03
i:8, col:5, cell:19	-5.033680e-04
i:8, col:5, cell:20	9.999997e-01
i:8, col:5, cell:21	-5.033680e-04
i:8, col:5, cell:22	5.763369e-05
i:8, col:5, cell:23	5.763369e-05
i:8, col:5, cell:24	-5.414268e-04
i:8, col:5, cell:25	-5.414268e-04
i:8, col:5, cell:26	-3.263701e-03
i:8, col:5, cell:27	-3.263701e-03
i:8, col:5, cell:28	-1.887612e-02
i:8, col:5, cell:29	-1.887612e-02
i:8, col:5, cell:30	-1.226439e-01
i:8, col:5, cell:31	-1.226439e-01
i:8, col:5, cell:32	-1.000000e+00
i:8, col:5, cell:33	-1.000000e+00
i:8, col:6, cell:0	4.675514e-03
i:8, col:6, cell:1	1.882352e-02
i:8, col:6, cell:2	6.533622e-02
i:8, col:6, cell:3	2.319187e-01
i:8, col:6, cell:4	3.020188e-03
i:8, col:6, cell:5	9.363834e-01
i:8, col:6, cell:6	3.020188e-03
i:8, col:6, cell:7	1.813657e-02
i:8, col:6, cell:8	6.114329e-02
i:8, col:6, cell:9	2.302486e-01
i:8, col:6, cell:10	9.323887e-01
i:8, col:6, cell:11	9.965426e-01
i:8, col:6, cell:12	9.323887e-01
i:8, col:6, cell:13	2.302486e-01
i:8, col:6, cell:14	6.114329e-02
i:8, col:6, cell:15	1.813657e-02
i:8, col:6, cell:16	3.225617e-03
i:8, col:6, cell:17	9.809953e-01
i:8, col:6, cell:18	3.225617e-03
i:8, col:6, cell:19	-5.033680e-04
i:8, col:6, cell:20	9.999997e-01
i:8, col:6, cell:21	-5.033680e-04
i:8, col:6, cell:22	5.763369e-05
i:8, col:6, cell:23	5.763369e-05
i:8, col:6, cell:24	-5.414268e-04
i:8, col:6, cell:25	-5.414268e-04
i:8, col:6, cell:26	-3.263701e-03
i:8, col:6, cell:27	-3.263701e-03
i:8, col:6, cell:28	-1.887612e-02
i:8, col:6, cell:29	-1.887612e-02
i:8, col:6, cell:30	-1.226439e-01
i:8, col:6, cell:31	-1.226439e-01
i:8, col:6, cell:32	-1.000000e+00
i:8, col:6, cell:33	-1.000000e+00
i:8, col:7, cell:0	4.675514e-03
i:8, col:7, cell:1	1.882352e-02
i:8, col:7, cell:2	6.533622e-02
i:8, col:7, cell:3	2.319187e-01
i:8, col:7, cell:4	3.020188e-03
i:8, col:7, cell:5	9.363834e-01
i:8, col:7, cell:6	3.020188e-03
i:8, col:7, cell:7	1.813657e-02
i:8, col:7, cell:8	6.114329e-02
i:8, col:7, cell:9	2.302486e-01
i:8, col:7, cell:10	9.323887e-01
i:8, col:7, cell:11	9.965426e-01
i:8, col:7, cell:12	9.323887e-01
i:8, col:7, cell:13	2.302486e-01
i:8, col:7, cell:14	6.114329e-02
i:8, col:7, cell:15	1.813657e-02
i:8, col:7, cell:16	3.225617e-03
i:8, col:7, cell:17	9.809953e-01
i:8, col:7, cell:18	3.225617e-03
i:8, col:7, cell:19	-5.033680e-04
i:8, col:7, cell:20	9.999997e-01
i:8, col:7, cell:21	-5.033680e-04
i:8, col:7, cell:22	5.763369e-05
i:8, col:7, cell:23	5.763369e-05
i:8, col:7, cell:24	-5.414268e-04
i:8, col:7, cell:25	-5.414268e-04
i:8, col:7, cell:26	-3.263701e-03
i:8, col:7, cell:27	-3.263701e-03
i:8, col:7, cell:28	-1.887612e-02
i:8, col:7, cell:29	-1.887612e-02
i:8, col:7, cell:30	-1.226439e-01
i:8, col:7, cell:31	-1.226439e-01
i:8, col:7, cell:32	-1.000000e+00
i:8, col:7, cell:33	-1.000000e+00
i:8, col:8, cell:0	4.675514e-03
i:8, col:8, cell:1	1.882352e-02
i:8, col:8, cell:2	6.533622e-02
i:8, col:8, cell:3	2.319187e-01
i:8, col:8, cell:4	3.020188e-03
i:8, col:8, cell:5	9.363834e-01
i:8, col:8, cell:6	3.020188e-03
i:8, col:8, cell:7	1.813657e-02
i:8, col:8, cell:8	6.114329e-02
i:8, col:8, cell:9	2.302486e-01
i:8, col:8, cell:10	9.323887e-01
i:8, col:8, cell:11	9.965426e-01
i:8, col:8, cell:12	9.323887e-01
i:8, col:8, cell:13	2.302486e-01
i:8, col:8, cell:14	6.114329e-02
i:8, col:8, cell:15	1.813657e-02
i:8, col:8, cell:16	3.225617e-03
i:8, col:8, cell:17	9.809953e-01
i:8, col:8, cell:18	3.225617e-03
i:8, col:8, cell:19	-5.033680e-04
i:8, col:8, cell:20	9.999997e-01
i:8, col:8, cell:21	-5.033680e-04
i:8, col:8, cell:22	5.763369e-05
i:8, col:8, cell:23	5.763369e-05
i:8, col:8, cell:24	-5.414268e-04
i:8, col:8, cell:25	-5.414268e-04
i:8, col:8, cell:26	-3.263701e-03
i:8, col:8, cell:27	-3.263701e-03
i:8, col:8, cell:28	-1.887612e-02
i:8, col:8, cell:29	-1.887612e-02
i:8, col:8, cell:30	-1.226439e-01
i:8, col:8, cell:31	-1.226439e-01
i:8, col:8, cell:32	-1.000000e+00
i:8, col:8, cell:33	-1.000000e+00
i:9, col:1, cell:0	5.058092e-03
i:9, col:1, cell:1	1.879932e-02
i:9, col:1, cell:2	6.611069e-02
i:9, col:1, cell:3	2.316957e-01
i:9, col:1, cell:4	1.213865e-03
i:9, col:1, cell:5	9.366516e-01
i:9, col:1, cell:6	1.213865e-03
i:9, col:1, cell:7	1.639821e-02
i:9, col:1, cell:8	6.695708e-02
i:9, col:1, cell:9	2.284832e-01
i:9, col:1, cell:10	9.334390e-01
i:9, col:1, cell:11	9.965394e-01
i:9, col:1, cell:12	9.334390e-01
i:9, col:1, cell:13	2.284832e-01
i:9, col:1, cell:14	6.695708e-02
i:9, col:1, cell:15	1.639821e-02
i:9, col:1, cell:16	1.247718e-03
i:9, col:1, cell:17	9.810014e-01
i:9, col:1, cell:18	1.247718e-03
i:9, col:1, cell:19	2.493393e-04
i:9, col:1, cell:20	9.999997e-01
i:9, col:1, cell:21	2.493393e-04
i:9, col:1, cell:22	-1.230957e-05
i:9, col:1, cell:23	-1.230957e-05
i:9, col:1, cell:24	-5.146458e-04
i:9, col:1, cell:25	-5.146458e-04
i:9, col:1, cell:26	-3.265543e-03
i:9, col:1, cell:27	-3.265543e-03
i:9, col:1, cell:28	-1.887612e-02
i:9, col:1, cell:29	-1.887612e-02
i:9, col:1, cell:30	-1.226441e-01
i:9, col:1, cell:31	-1.226441e-01
i:9, col:1, cell:32	-1.000000e+00
i:9, col:1, cell:33	-1.000000e+00
i:9, col:2, cell:0	5.058092e-03
i:9, col:2, cell:1	1.879932e-02
i:9, col:2, cell:2	6.611069e-02
i:9, col:2, cell:3	2.316957e-01
i:9, col:2, cell:4	1.213865e-03
i:9, col:2, cell:5	9.366516e-01
i:9, col:2, cell:6	1.213865e-03
i:9, col:2, cell:7	1.639821e-02
i:9, col:2, cell:8	6.695708e-02
i:9, col:2, cell:9	2.284832e-01
i:9, col:2, cell:10	9.334390e-01
i:9, col:2, cell:11	9.965394e-01
i:9, col:2, cell:12	9.334390e-01
i:9, col:2, cell:13	2.284832e-01
i:9, col:2, cell:14	6.695708e-02
i:9, col:2, cell:15	1.639821e-02
i:9, col:2, cell:16	1.247718e-03
i:9, col:2, cell:17	9.810014e-01
i:9, col:2, cell:18	1.247718e-03
i:9, col:2, cell:19	2.493393e-04
i:9, col:2, cell:20	9.999997e-01
i:9, col:2, cell:21	2.493393e-04
i:9, col:2, cell:22	-1.230957e-05
i:9, col:2, cell:23	-1.230957e-05
i:9, col:2, cell:24	-5.146458e-04
i:9, col:2, cell:25	-5.146458e-04
i:9, col:2, cell:26	-3.265543e-03
i:9, col:2, cell:27	-3.265543e-03
i:9, col:2, cell:28	-1.887612e-02
i:9, col:2, cell:29	-1.887612e-02
i:9, col:2, cell:30	-1.226441e-01
i:9, col:2, cell:31	-1.226441e-01
i:9, col:2, cell:32	-1.000000e+00
i:9, col:2, cell:33	-1.000000e+00
i:9, col:3, cell:0	5.058092e-03
i:9, col:3, cell:1	1.879932e-02
i:9, col:3, cell:2	6.611069e-02
i:9, col:3, cell:3	2.316957e-01
i:9, col:3, cell:4	1.213865e-03
i:9, col:3, cell:5	9.366516e-01
i:9, col:3, cell:6	1.213865e-03
i:9, col:3, cell:7	1.639821e-02
i:9, col:3, cell:8	6.695708e-02
i:9, col:3, cell:9	2.284832e-01
i:9, col:3, cell:10	9.334390e-01
i:9, col:3, cell:11	9.965394e-01
i:9, col:3, cell:12	9.334390e-01
i:9, col:3, cell:13	2.284832e-01
i:9, col:3, cell:14	6.695708e-02
i:9, col:3, cell:15	1.639821e-02
i:9, col:3, cell:16	1.247718e-03
i:9, col:3, cell:17	9.810014e-01
i:9, col:3, cell:18	1.247718e-03
i:9, col:3, cell:19	2.493393e-04
i:9, col:3, cell:20	9.999997e-01
i:9, col:3, cell:21	2.493393e-04
i:9, col:3, cell:22	-1.230957e-05
i:9, col:3, cell:23	-1.230957e-05
i:9, col:3, cell:24	-5.146458e-04
i:9, col:3, cell:25	-5.146458e-04
i:9, col:3, cell:26	-3.265543e-03
i:9, col:3, cell:27	-3.265543e-03
i:9, col:3, cell:28	-1.887612e-02
i:9, col:3, cell:29	-1.887612e-02
i:9, col:3, cell:30	-1.226441e-01
i:9, col:3, cell:31	-1.226441e-01
i:9, col:3, cell:32	-1.000000e+00
i:9, col:3, cell:33	-1.000000e+00
i:9, col:4, cell:0	5.058092e-03
i:9, col:4, cell:1	1.879932e-02
i:9, col:4, cell:2	6.611069e-02
i:9, col:4, cell:3	2.316957e-01
i:9, col:4, cell:4	1.213865e-03
i:9, col:4, cell:5	9.366516e-01
i:9, col:4, cell:6	1.213865e-03
i:9, col:4, cell:7	1.639821e-02
i:9, col:4, cell:8	6.695708e-02
i:9, col:4, cell:9	2.284832e-01
i:9, col:4, cell:10	9.334390e-01
i:9, col:4, cell:11	9.965394e-01
i:9, col:4, cell:12	9.334390e-01
i:9, col:4, cell:13	2.284832e-01
i:9, col:4, cell:14	6.695708e-02
i:9, col:4, cell:15	1.639821e-02
i:9, col:4, cell:16	1.247718e-03
i:9, col:4, cell:17	9.810014e-01
i:9, col:4, cell:18	1.247718e-03
i:9, col:4, cell:19	2.493393e-04
i:9, col:4, cell:20	9.999997e-01
i:9, col:4, cell:21	2.493393e-04
i:9, col:4, cell:22	-1.230957e-05
i:9, col:4, cell:23	-1.230957e-05
i:9, col:4, cell:24	-5.146458e-04
i:9, col:4, cell:25	-5.146458e-04
i:9, col:4, cell:26	-3.265543e-03
i:9, col:4, cell:27	-3.265543e-03
i:9, col:4, cell:28	-1.887612e-02
i:9, col:4, cell:29	-1.887612e-02
i:9, col:4, cell:30	-1.226441e-01
i:9, col:4, cell:31	-1.226441e-01
i:9, col:4, cell:32	-1.000000e+00
i:9, col:4, cell:33	-1.000000e+00
i:9, col:5, cell:0	5.058092e-03
i:9, col:5, cell:1	1.879932e-02
i:9, col:5, cell:2	6.611069e-02
i:9, col:5, cell:3	2.316957e-01
i:9, col:5, cell:4	1.213865e-03
i:9, col:5, cell:5	9.366516e-01
i:9, col:5, cell:6	1.213865e-03
i:9, col:5, cell:7	1.639821e-02
i:9, col:5, cell:8	6.695708e-02
i:9, col:5, cell:9	2.284832e-01
i:9, col:5, cell:10	9.334390e-01
i:9, col:5, cell:11	9.965394e-01
i:9, col:5, cell:12	9.334390e-01
i:9, col:5, cell:13	2.284832e-01
i:9, col:5, cell:14	6.695708e-02
i:9, col:5, cell:15	1.639821e-02
i:9, col:5, cell:16	1.247718e-03
i:9, col:5, cell:17	9.810014e-01
i:9, col:5, cell:18	1.247718e-03
i:9, col:5, cell:19	2.493393e-04
i:9, col:5, cell:20	9.999997e-01
i:9, col:5, cell:21	2.493393e-04
i:9, col:5, cell:22	-1.230957e-05
i:9, col:5, cell:23	-1.230957e-05
i:9, col:5, cell:24	-5.146458e-04
i:9, col:5, cell:25	-5.146458e-04
i:9, col:5, cell:26	-3.265543e-03
i:9, col:5, cell:27	-3.265543e-03
i:9, col:5, cell:28	-1.887612e-02
i:9, col:5, cell:29	-1.887612e-02
i:9, col:5, cell:30	-1.226441e-01
i:9, col:5, cell:31	-1.226441e-01
i:9, col:5, cell:32	-1.000000e+00
i:9, col:5, cell:33	-1.000000e+00
i:9, col:6, cell:0	5.058092e-03
i:9, col:6, cell:1	1.879932e-02
i:9, col:6, cell:2	6.611069e-02
i:9, col:6, cell:3	2.316957e-01
i:9, col:6, cell:4	1.213865e-03
i:9, col:6, cell:5	9.366516e-01
i:9, col:6, cell:6	1.213865e-03
i:9, col:6, cell:7	1.639821e-02
i:9, col:6, cell:8	6.695708e-02
i:9, col:6, cell:9	2.284832e-01
i:9, col:6, cell:10	9.334390e-01
i:9, col:6, cell:11	9.965394e-01
i:9, col:6, cell:12	9.334390e-01
i:9, col:6, cell:13	2.284832e-01
i:9, col:6, cell:14	6.695708e-02
i:9, col:6, cell:15	1.639821e-02
i:9, col:6, cell:16	1.247718e-03
i:9, col:6, cell:17	9.810014e-01
i:9, col:6, cell:18	1.247718e-03
i:9, col:6, cell:19	2.493393e-04
i:9, col:6, cell:20	9.999997e-01
i:9, col:6, cell:21	2.493393e-04
i:9, col:6, cell:22	-1.230957e-05
i:9, col:6, cell:23	-1.230957e-05
i:9, col:6, cell:24	-5.146458e-04
i:9, col:6, cell:25	-5.146458e-04
i:9, col:6, cell:26	-3.265543e-03
i:9, col:6, cell:27	-3.265543e-03
i:9, col:6, cell:28	-1.887612e-02
i:9, col:6, cell:29	-1.887612e-02
i:9, col:6, cell:30	-1.226441e-01
i:9, col:6, cell:31	-1.226441e-01
i:9, col:6, cell:32	-1.000000e+00
i:9, col:6, cell:33	-1.000000e+00
i:9, col:7, cell:0	5.058092e-03
i:9, col:7, cell:1	1.879932e-02
i:9, col:7, cell:2	6.611069e-02
i:9, col:7, cell:3	2.316957e-01
i:9, col:7, cell:4	1.213865e-03
i:9, col:7, cell:5	9.366516e-01
i:9, col:7, cell:6	1.213865e-03
i:9, col:7, cell:7	1.639821e-02
i:9, col:7, cell:8	6.695708e-02
i:9, col:7, cell:9	2.284832e-01
i:9, col:7, cell:10	9.334390e-01
i:9, col:7, cell:11	9.965394e-01
i:9, col:7, cell:12	9.334390e-01
i:9, col:7, cell:13	2.284832e-01
i:9, col:7, cell:14	6.695708e-02
i:9, col:7, cell:15	1.639821e-02
i:9, col:7, cell:16	1.247718e-03
i:9, col:7, cell:17	9.810014e-01
i:9, col:7, cell:18	1.247718e-03
i:9, col:7, cell:19	2.493393e-04
i:9, col:7, cell:20	9.999997e-01
i:9, col:7, cell:21	2.493393e-04
i:9, col:7, cell:22	-1.230957e-05
i:9, col:7, cell:23	-1.230957e-05
i:9, col:7, cell:24	-5.146458e-04
i:9, col:7, cell:25	-5.146458e-04
i:9, col:7, cell:26	-3.265543e-03
i:9, col:7, cell:27	-3.265543e-03
i:9, col:7, cell:28	-1.887612e-02
i:9, col:7, cell:29	-1.887612e-02
i:9, col:7, cell:30	-1.226441e-01
i:9, col:7, cell:31	-1.226441e-01
i:9, col:7, cell:32	-1.000000e+00
i:9, col:7, cell:33	-1.000000e+00
i:9, col:8, cell:0	5.058092e-03
i:9, col:8, cell:1	1.879932e-02
i:9, col:8, cell:2	6.611069e-02
i:9, col:8, cell:3	2.316957e-01
i:9, col:8, cell:4	1.213865e-03
i:9, col:8, cell:5	9.366516e-01
i:9, col:8, cell:6	1.213865e-03
i:9, col:8, cell:7	1.639821e-02
i:9, col:8, cell:8	6.695708e-02
i:9, col:8, cell:9	2.284832e-01
i:9, col:8, cell:10	9.334390e-01
i:9, col:8, cell:11	9.965394e-01
i:9, col:8, cell:12	9.334390e-01
i:9, col:8, cell:13	2.284832e-01
i:9, col:8, cell:14	6.695708e-02
i:9, col:8, cell:15	1.639821e-02
i:9, col:8, cell:16	1.247718e-03
i:9, col:8, cell:17	9.810014e-01
i:9, col:8, cell:18	1.247718e-03
i:9, col:8, cell:19	2.493393e-04
i:9, col:8, cell:20	9.999997e-01
i:9, col:8, cell:21	2.493393e-04
i:9, col:8, cell:22	-1.230957e-05
i:9, col:8, cell:23	-1.230957e-05
i:9, col:8, cell:24	-5.146458e-04
i:9, col:8, cell:25	-5.146458e-04
i:9, col:8, cell:26	-3.265543e-03
i:9, col:8, cell:27	-3.265543e-03
i:9, col:8, cell:28	-1.887612e-02
i:9, col:8, cell:29	-1.887612e-02
i:9, col:8, cell:30	-1.226441e-01
i:9, col:8, cell:31	-1.226441e-01
i:9, col:8, cell:32	-1.000000e+00
i:9, col:8, cell:33	-1.000000e+00
[0, 32]: tmp: 0.000000e+00, [0, 32]: tmp: -0.000000e+00, [0, 33]: tmp: 0.000000e+00, [0, 33]: tmp: -0.000000e+00, 	Processing time1: 0.000000 (s)
	Processing time2: 8748080.000000 (ns)

Launch conclusa

Simulation Time: 0 seconds
