#[TRACE]
#data_labels=Output
#[TRACE_DATA]
2.663891e-05 
1.618361e-05 
1.618273e-05 
1.618273e-05 
1.618273e-05 
2.069396e-05 
-5.831766e-04 
-5.837071e-04 
-5.837071e-04 
-5.837071e-04 
-4.435156e-03 
-9.543227e-01 
-9.543232e-01 
-9.543232e-01 
-9.543232e-01 
-9.542540e-01 
-9.542420e-01 
-9.542420e-01 
-9.542420e-01 
-9.542420e-01 
3.117841e-05 
2.958960e-06 
2.958887e-06 
2.958887e-06 
2.958887e-06 
1.176488e-05 
6.437944e-04 
6.439913e-04 
6.439913e-04 
6.439913e-04 
4.615608e-03 
9.543231e-01 
9.543234e-01 
9.543234e-01 
9.543234e-01 
9.542582e-01 
9.542427e-01 
9.542427e-01 
9.542427e-01 
9.542427e-01 
3.397771e-05 
1.618381e-05 
1.618273e-05 
1.618273e-05 
1.618273e-05 
2.076990e-05 
-5.833309e-04 
-5.837071e-04 
-5.837071e-04 
-5.837071e-04 
-4.604903e-03 
-9.543229e-01 
-9.543232e-01 
-9.543232e-01 
-9.543232e-01 
-9.542538e-01 
-9.542420e-01 
-9.542420e-01 
-9.542420e-01 
-9.542420e-01 
3.022535e-05 
1.618384e-05 
1.618273e-05 
1.618273e-05 
1.618273e-05 
2.080762e-05 
-5.833907e-04 
-5.837071e-04 
-5.837071e-04 
-5.837071e-04 
-4.693096e-03 
-9.543230e-01 
-9.543232e-01 
-9.543232e-01 
-9.543232e-01 
-9.542536e-01 
-9.542420e-01 
-9.542420e-01 
-9.542420e-01 
-9.542420e-01 
2.972961e-05 
1.618384e-05 
1.618273e-05 
1.618273e-05 
1.618273e-05 
2.084515e-05 
-5.834412e-04 
-5.837071e-04 
-5.837071e-04 
-5.837071e-04 
-4.783597e-03 
-9.543230e-01 
-9.543232e-01 
-9.543232e-01 
-9.543232e-01 
-9.542535e-01 
-9.542420e-01 
-9.542420e-01 
-9.542420e-01 
-9.542420e-01 
2.922642e-05 
1.618382e-05 
1.618273e-05 
1.618273e-05 
1.618273e-05 
2.088246e-05 
-5.834838e-04 
-5.837071e-04 
-5.837071e-04 
-5.837071e-04 
-4.876483e-03 
-9.543231e-01 
-9.543232e-01 
-9.543232e-01 
-9.543232e-01 
-9.542534e-01 
-9.542420e-01 
-9.542420e-01 
-9.542420e-01 
-9.542420e-01 
2.871899e-05 
1.618377e-05 
1.618273e-05 
1.618273e-05 
1.618273e-05 
2.091954e-05 
-5.835197e-04 
-5.837071e-04 
-5.837071e-04 
-5.837071e-04 
-4.971831e-03 
-9.543231e-01 
-9.543232e-01 
-9.543232e-01 
-9.543232e-01 
-9.542533e-01 
-9.542420e-01 
-9.542420e-01 
-9.542420e-01 
-9.542420e-01 
2.821003e-05 
1.618372e-05 
1.618273e-05 
1.618273e-05 
1.618273e-05 
2.095636e-05 
-5.835500e-04 
-5.837071e-04 
-5.837071e-04 
-5.837071e-04 
-5.069723e-03 
-9.543231e-01 
-9.543232e-01 
-9.543232e-01 
-9.543232e-01 
-9.542532e-01 
-9.542420e-01 
-9.542420e-01 
-9.542420e-01 
-9.542420e-01 
2.770180e-05 
1.618366e-05 
1.618273e-05 
1.618273e-05 
1.618273e-05 
2.099289e-05 
-5.835754e-04 
-5.837071e-04 
-5.837071e-04 
-5.837071e-04 
-5.170243e-03 
-9.543231e-01 
-9.543232e-01 
-9.543232e-01 
-9.543232e-01 
-9.542530e-01 
-9.542420e-01 
-9.542420e-01 
-9.542420e-01 
-9.542420e-01 
2.719619e-05 
1.618359e-05 
1.618273e-05 
1.618273e-05 
1.618273e-05 
2.102911e-05 
-5.835968e-04 
-5.837071e-04 
-5.837071e-04 
-5.837071e-04 
-5.273481e-03 
-9.543232e-01 
-9.543232e-01 
-9.543232e-01 
-9.543232e-01 
-9.542529e-01 
-9.542420e-01 
-9.542420e-01 
-9.542420e-01 
-9.542420e-01 
2.669473e-05 
1.618352e-05 
1.618273e-05 
1.618273e-05 
1.618273e-05 
2.106499e-05 
-5.836148e-04 
-5.837071e-04 
-5.837071e-04 
-5.837071e-04 
-5.379527e-03 
-9.543232e-01 
-9.543232e-01 
-9.543232e-01 
-9.543232e-01 
-9.542528e-01 
-9.542420e-01 
-9.542420e-01 
-9.542420e-01 
-9.542420e-01 
2.619869e-05 
1.618345e-05 
1.618273e-05 
1.618273e-05 
1.618273e-05 
2.110051e-05 
-5.836299e-04 
-5.837071e-04 
-5.837071e-04 
-5.837071e-04 
-5.488478e-03 
-9.543232e-01 
-9.543232e-01 
-9.543232e-01 
-9.543232e-01 
-9.542527e-01 
-9.542420e-01 
-9.542420e-01 
-9.542420e-01 
-9.542420e-01 
2.570910e-05 
1.618339e-05 
1.618273e-05 
1.618273e-05 
1.618273e-05 
2.113562e-05 
-5.836426e-04 
-5.837071e-04 
-5.837071e-04 
-5.837071e-04 
-5.600431e-03 
-9.543232e-01 
-9.543232e-01 
-9.543232e-01 
-9.543232e-01 
-9.542526e-01 
-9.542420e-01 
-9.542420e-01 
-9.542420e-01 
-9.542420e-01 
2.522677e-05 
2.932392e-06 
2.932399e-06 
2.932399e-06 
2.932399e-06 
1.373251e-05 
6.439617e-04 
6.439837e-04 
6.439837e-04 
6.439837e-04 
5.833904e-03 
9.543234e-01 
9.543234e-01 
9.543234e-01 
9.543234e-01 
9.542561e-01 
9.542427e-01 
9.542427e-01 
9.542427e-01 
9.542427e-01 
2.523156e-05 
1.618327e-05 
1.618273e-05 
1.618273e-05 
1.618273e-05 
2.120452e-05 
-5.836621e-04 
-5.837071e-04 
-5.837071e-04 
-5.837071e-04 
-5.833765e-03 
-9.543232e-01 
-9.543232e-01 
-9.543232e-01 
-9.543232e-01 
-9.542524e-01 
-9.542420e-01 
-9.542420e-01 
-9.542420e-01 
-9.542420e-01 
2.428639e-05 
2.932392e-06 
2.932399e-06 
2.932399e-06 
2.932399e-06 
1.412413e-05 
6.439686e-04 
6.439837e-04 
6.439837e-04 
6.439837e-04 
6.078027e-03 
9.543234e-01 
9.543234e-01 
9.543234e-01 
9.543234e-01 
9.542558e-01 
9.542427e-01 
9.542427e-01 
9.542427e-01 
9.542427e-01 
2.417483e-05 
1.618316e-05 
1.618273e-05 
1.618273e-05 
1.618273e-05 
2.127142e-05 
-5.836758e-04 
-5.837071e-04 
-5.837071e-04 
-5.837071e-04 
-6.080406e-03 
-9.543232e-01 
-9.543232e-01 
-9.543232e-01 
-9.543232e-01 
-9.542521e-01 
-9.542420e-01 
-9.542420e-01 
-9.542420e-01 
-9.542420e-01 
2.338107e-05 
1.618311e-05 
1.618273e-05 
1.618273e-05 
1.618273e-05 
2.130403e-05 
-5.836810e-04 
-5.837071e-04 
-5.837071e-04 
-5.837071e-04 
-6.209011e-03 
-9.543232e-01 
-9.543232e-01 
-9.543232e-01 
-9.543232e-01 
-9.542520e-01 
-9.542420e-01 
-9.542420e-01 
-9.542420e-01 
-9.542420e-01 
2.294217e-05 
1.618307e-05 
1.618273e-05 
1.618273e-05 
1.618273e-05 
2.133602e-05 
-5.836853e-04 
-5.837071e-04 
-5.837071e-04 
-5.837071e-04 
-6.341307e-03 
-9.543232e-01 
-9.543232e-01 
-9.543232e-01 
-9.543232e-01 
-9.542519e-01 
-9.542420e-01 
-9.542420e-01 
-9.542420e-01 
-9.542420e-01 
2.251260e-05 
2.932393e-06 
2.932399e-06 
2.932399e-06 
2.932399e-06 
1.495900e-05 
6.439766e-04 
6.439837e-04 
6.439837e-04 
6.439837e-04 
6.609219e-03 
9.543234e-01 
9.543234e-01 
9.543234e-01 
9.543234e-01 
9.542552e-01 
9.542427e-01 
9.542427e-01 
9.542427e-01 
9.542427e-01 
2.227127e-05 
1.618299e-05 
1.618273e-05 
1.618273e-05 
1.618273e-05 
2.139798e-05 
-5.836920e-04 
-5.837071e-04 
-5.837071e-04 
-5.837071e-04 
-6.617503e-03 
-9.543232e-01 
-9.543232e-01 
-9.543232e-01 
-9.543232e-01 
-9.542517e-01 
-9.542420e-01 
-9.542420e-01 
-9.542420e-01 
-9.542420e-01 
2.168163e-05 
2.932394e-06 
2.932399e-06 
2.932399e-06 
2.932399e-06 
1.540425e-05 
6.439789e-04 
6.439837e-04 
6.439837e-04 
6.439837e-04 
6.898385e-03 
9.543234e-01 
9.543234e-01 
9.543234e-01 
9.543234e-01 
9.542549e-01 
9.542427e-01 
9.542427e-01 
9.542427e-01 
9.542427e-01 
2.140847e-05 
1.618293e-05 
1.618273e-05 
1.618273e-05 
1.618273e-05 
2.145694e-05 
-5.836967e-04 
-5.837071e-04 
-5.837071e-04 
-5.837071e-04 
-6.910117e-03 
-9.543232e-01 
-9.543232e-01 
-9.543232e-01 
-9.543232e-01 
-9.542515e-01 
-9.542420e-01 
-9.542420e-01 
-9.542420e-01 
-9.542420e-01 
2.088796e-05 
1.618291e-05 
1.618273e-05 
1.618273e-05 
1.618273e-05 
2.148517e-05 
-5.836984e-04 
-5.837071e-04 
-5.837071e-04 
-5.837071e-04 
-7.062960e-03 
-9.543232e-01 
-9.543232e-01 
-9.543232e-01 
-9.543232e-01 
-9.542514e-01 
-9.542420e-01 
-9.542420e-01 
-9.542420e-01 
-9.542420e-01 
2.050486e-05 
1.618289e-05 
1.618273e-05 
1.618273e-05 
1.618273e-05 
2.151249e-05 
-5.836999e-04 
-5.837071e-04 
-5.837071e-04 
-5.837071e-04 
-7.220374e-03 
-9.543232e-01 
-9.543232e-01 
-9.543232e-01 
-9.543232e-01 
-9.542513e-01 
-9.542420e-01 
-9.542420e-01 
-9.542420e-01 
-9.542420e-01 
2.013076e-05 
1.618287e-05 
1.618273e-05 
1.618273e-05 
1.618273e-05 
2.153885e-05 
-5.837011e-04 
-5.837071e-04 
-5.837071e-04 
-5.837071e-04 
-7.382530e-03 
-9.543232e-01 
-9.543232e-01 
-9.543232e-01 
-9.543232e-01 
-9.542512e-01 
-9.542420e-01 
-9.542420e-01 
-9.542420e-01 
-9.542420e-01 
1.976550e-05 
1.618285e-05 
1.618273e-05 
1.618273e-05 
1.618273e-05 
2.156419e-05 
-5.837021e-04 
-5.837071e-04 
-5.837071e-04 
-5.837071e-04 
-7.549606e-03 
-9.543232e-01 
-9.543232e-01 
-9.543232e-01 
-9.543232e-01 
-9.542511e-01 
-9.542420e-01 
-9.542420e-01 
-9.542420e-01 
-9.542420e-01 
1.940891e-05 
1.618283e-05 
1.618273e-05 
1.618273e-05 
1.618273e-05 
2.158844e-05 
-5.837030e-04 
-5.837071e-04 
-5.837071e-04 
-5.837071e-04 
-7.721786e-03 
-9.543232e-01 
-9.543232e-01 
-9.543232e-01 
-9.543232e-01 
-9.542510e-01 
-9.542420e-01 
-9.542420e-01 
-9.542420e-01 
-9.542420e-01 
1.906081e-05 
1.618282e-05 
1.618273e-05 
1.618273e-05 
1.618273e-05 
2.161155e-05 
-5.837037e-04 
-5.837071e-04 
-5.837071e-04 
-5.837071e-04 
-7.899266e-03 
-9.543232e-01 
-9.543232e-01 
-9.543232e-01 
-9.543232e-01 
-9.542509e-01 
-9.542420e-01 
-9.542420e-01 
-9.542420e-01 
-9.542420e-01 
1.872100e-05 
2.958885e-06 
2.958887e-06 
2.958887e-06 
2.958887e-06 
1.749585e-05 
6.439902e-04 
6.439913e-04 
6.439913e-04 
6.439913e-04 
8.241209e-03 
9.543234e-01 
9.543234e-01 
9.543234e-01 
9.543234e-01 
9.542538e-01 
9.542427e-01 
9.542427e-01 
9.542427e-01 
9.542427e-01 
1.842277e-05 
1.618280e-05 
1.618273e-05 
1.618273e-05 
1.618273e-05 
2.165402e-05 
-5.837048e-04 
-5.837071e-04 
-5.837071e-04 
-5.837071e-04 
-8.270944e-03 
-9.543232e-01 
-9.543232e-01 
-9.543232e-01 
-9.543232e-01 
-9.542507e-01 
-9.542420e-01 
-9.542420e-01 
-9.542420e-01 
-9.542420e-01 
1.806559e-05 
2.932398e-06 
2.932399e-06 
2.932399e-06 
2.932399e-06 
1.795547e-05 
6.439830e-04 
6.439837e-04 
6.439837e-04 
6.439837e-04 
8.630843e-03 
9.543234e-01 
9.543234e-01 
9.543234e-01 
9.543234e-01 
9.542535e-01 
9.542427e-01 
9.542427e-01 
9.542427e-01 
9.542427e-01 
1.777337e-05 
1.618278e-05 
1.618273e-05 
1.618273e-05 
1.618273e-05 
2.169101e-05 
-5.837055e-04 
-5.837071e-04 
-5.837071e-04 
-5.837071e-04 
-8.666373e-03 
-9.543232e-01 
-9.543232e-01 
-9.543232e-01 
-9.543232e-01 
-9.542505e-01 
-9.542420e-01 
-9.542420e-01 
-9.542420e-01 
-9.542420e-01 
1.744109e-05 
2.958886e-06 
2.958887e-06 
2.958887e-06 
2.958887e-06 
1.864329e-05 
6.439908e-04 
6.439913e-04 
6.439913e-04 
6.439913e-04 
9.045492e-03 
9.543234e-01 
9.543234e-01 
9.543234e-01 
9.543234e-01 
9.542533e-01 
9.542427e-01 
9.542427e-01 
9.542427e-01 
9.542427e-01 
1.715686e-05 
1.618277e-05 
1.618273e-05 
1.618273e-05 
1.618273e-05 
2.172186e-05 
-5.837060e-04 
-5.837071e-04 
-5.837071e-04 
-5.837071e-04 
-9.087453e-03 
-9.543232e-01 
-9.543232e-01 
-9.543232e-01 
-9.543232e-01 
-9.542503e-01 
-9.542420e-01 
-9.542420e-01 
-9.542420e-01 
-9.542420e-01 
1.684591e-05 
-1.030108e-05 
-1.030105e-05 
-1.030105e-05 
-1.030105e-05 
1.516375e-05 
5.986270e-04 
5.986276e-04 
5.986276e-04 
5.986276e-04 
9.487165e-03 
9.543234e-01 
9.543234e-01 
9.543234e-01 
9.543234e-01 
9.542530e-01 
9.542427e-01 
9.542427e-01 
9.542427e-01 
9.542427e-01 
1.657090e-05 
1.618276e-05 
1.618273e-05 
1.618273e-05 
1.618273e-05 
2.174585e-05 
-5.837064e-04 
-5.837071e-04 
-5.837071e-04 
-5.837071e-04 
-9.536267e-03 
-9.543232e-01 
-9.543232e-01 
-9.543232e-01 
-9.543232e-01 
-9.542502e-01 
-9.542420e-01 
-9.542420e-01 
-9.542420e-01 
-9.542420e-01 
1.627864e-05 
1.618276e-05 
1.618273e-05 
1.618273e-05 
1.618273e-05 
2.175503e-05 
-5.837065e-04 
-5.837071e-04 
-5.837071e-04 
-5.837071e-04 
-9.771779e-03 
-9.543232e-01 
-9.543232e-01 
-9.543232e-01 
-9.543232e-01 
-9.542501e-01 
-9.542420e-01 
-9.542420e-01 
-9.542420e-01 
-9.542420e-01 
1.600493e-05 
1.618275e-05 
1.618273e-05 
1.618273e-05 
1.618273e-05 
2.176218e-05 
-5.837066e-04 
-5.837071e-04 
-5.837071e-04 
-5.837071e-04 
-1.001510e-02 
-9.543232e-01 
-9.543232e-01 
-9.543232e-01 
-9.543232e-01 
-9.542500e-01 
-9.542420e-01 
-9.542420e-01 
-9.542420e-01 
-9.542420e-01 
1.573762e-05 
1.618275e-05 
1.618273e-05 
1.618273e-05 
1.618273e-05 
2.176720e-05 
-5.837067e-04 
-5.837071e-04 
-5.837071e-04 
-5.837071e-04 
-1.026654e-02 
-9.543232e-01 
-9.543232e-01 
-9.543232e-01 
-9.543232e-01 
-9.542499e-01 
-9.542420e-01 
-9.542420e-01 
-9.542420e-01 
-9.542420e-01 
1.547654e-05 
1.618275e-05 
1.618273e-05 
1.618273e-05 
1.618273e-05 
2.176996e-05 
-5.837068e-04 
-5.837071e-04 
-5.837071e-04 
-5.837071e-04 
-1.052645e-02 
-9.543232e-01 
-9.543232e-01 
-9.543232e-01 
-9.543232e-01 
-9.542498e-01 
-9.542420e-01 
-9.542420e-01 
-9.542420e-01 
-9.542420e-01 
1.522150e-05 
1.618275e-05 
1.618273e-05 
1.618273e-05 
1.618273e-05 
2.177035e-05 
-5.837068e-04 
-5.837071e-04 
-5.837071e-04 
-5.837071e-04 
-1.079518e-02 
-9.543232e-01 
-9.543232e-01 
-9.543232e-01 
-9.543232e-01 
-9.542497e-01 
-9.542420e-01 
-9.542420e-01 
-9.542420e-01 
-9.542420e-01 
1.497234e-05 
1.618274e-05 
1.618273e-05 
1.618273e-05 
1.618273e-05 
2.176822e-05 
-5.837069e-04 
-5.837071e-04 
-5.837071e-04 
-5.837071e-04 
-1.107310e-02 
-9.543232e-01 
-9.543232e-01 
-9.543232e-01 
-9.543232e-01 
-9.542496e-01 
-9.542420e-01 
-9.542420e-01 
-9.542420e-01 
-9.541582e-01 
1.472889e-05 
1.618274e-05 
1.618273e-05 
1.618273e-05 
1.618273e-05 
2.176345e-05 
-5.837069e-04 
-5.837071e-04 
-5.837071e-04 
-5.838446e-04 
-1.136059e-02 
-9.543232e-01 
-9.543232e-01 
-9.543232e-01 
-9.543232e-01 
-9.542495e-01 
-9.542420e-01 
-9.542420e-01 
-9.542420e-01 
-9.529844e-01 
1.449100e-05 
1.618274e-05 
1.618273e-05 
1.618273e-05 
1.618279e-05 
2.175589e-05 
-5.837070e-04 
-5.837071e-04 
-5.837071e-04 
-5.843547e-04 
-1.165807e-02 
-9.543232e-01 
-9.543232e-01 
-9.543232e-01 
-9.543232e-01 
-9.542495e-01 
-9.542420e-01 
-9.542420e-01 
-9.542420e-01 
-9.506029e-01 
1.425847e-05 
2.932399e-06 
2.932399e-06 
2.932399e-06 
2.932546e-06 
2.272032e-05 
6.439837e-04 
6.439837e-04 
6.439837e-04 
6.456757e-04 
1.218614e-02 
9.543234e-01 
9.543234e-01 
9.543234e-01 
9.543234e-01 
9.542518e-01 
9.542427e-01 
9.542427e-01 
9.542427e-01 
9.472486e-01 
1.403339e-05 
1.618274e-05 
1.618273e-05 
1.618273e-05 
1.618352e-05 
2.173176e-05 
-5.837070e-04 
-5.837071e-04 
-5.837071e-04 
-5.864689e-04 
-1.228473e-02 
-9.543232e-01 
-9.543232e-01 
-9.543232e-01 
-9.543231e-01 
-9.542493e-01 
-9.542420e-01 
-9.542420e-01 
-9.542420e-01 
-9.430533e-01 
1.380911e-05 
2.932399e-06 
2.932399e-06 
2.932399e-06 
2.933392e-06 
2.354986e-05 
6.439837e-04 
6.439837e-04 
6.439837e-04 
6.487688e-04 
1.284472e-02 
9.543234e-01 
9.543234e-01 
9.543234e-01 
9.543233e-01 
9.542516e-01 
9.542427e-01 
9.542427e-01 
9.542427e-01 
9.381647e-01 
1.359347e-05 
1.618274e-05 
1.618273e-05 
1.618273e-05 
1.618573e-05 
2.169452e-05 
-5.837071e-04 
-5.837071e-04 
-5.837071e-04 
-5.899265e-04 
-1.295678e-02 
-9.543232e-01 
-9.543232e-01 
-9.543232e-01 
-9.543229e-01 
-9.542491e-01 
-9.542420e-01 
-9.542420e-01 
-9.542420e-01 
-9.326632e-01 
1.337966e-05 
1.618274e-05 
1.618273e-05 
1.618273e-05 
1.618758e-05 
2.167054e-05 
-5.837071e-04 
-5.837071e-04 
-5.837071e-04 
-5.921210e-04 
-1.331109e-02 
-9.543232e-01 
-9.543232e-01 
-9.543232e-01 
-9.543228e-01 
-9.542490e-01 
-9.542420e-01 
-9.542420e-01 
-9.542420e-01 
-9.266429e-01 
1.317202e-05 
1.618274e-05 
1.618273e-05 
1.618273e-05 
1.619005e-05 
2.164272e-05 
-5.837071e-04 
-5.837071e-04 
-5.837071e-04 
-5.945952e-04 
-1.367832e-02 
-9.543232e-01 
-9.543232e-01 
-9.543232e-01 
-9.543227e-01 
-9.542490e-01 
-9.542420e-01 
-9.542420e-01 
-9.542420e-01 
-9.201580e-01 
1.296888e-05 
2.932399e-06 
2.932399e-06 
2.932399e-06 
2.939854e-06 
2.534765e-05 
6.439837e-04 
6.439837e-04 
6.439837e-04 
6.590309e-04 
1.431009e-02 
9.543234e-01 
9.543234e-01 
9.543234e-01 
9.543228e-01 
9.542512e-01 
9.542427e-01 
9.542427e-01 
9.542427e-01 
9.132692e-01 
1.277103e-05 
1.618273e-05 
1.618273e-05 
1.618273e-05 
1.619701e-05 
2.157474e-05 
-5.837071e-04 
-5.837071e-04 
-5.837071e-04 
-6.003389e-04 
-1.445389e-02 
-9.543232e-01 
-9.543232e-01 
-9.543232e-01 
-9.543223e-01 
-9.542488e-01 
-9.542420e-01 
-9.542420e-01 
-9.542420e-01 
-9.060093e-01 
1.257592e-05 
2.932399e-06 
2.932399e-06 
2.932399e-06 
2.946669e-06 
2.632265e-05 
6.439837e-04 
6.439837e-04 
6.439837e-04 
6.658938e-04 
1.512607e-02 
9.543234e-01 
9.543234e-01 
9.543234e-01 
9.543224e-01 
9.542510e-01 
9.542427e-01 
9.542427e-01 
9.542427e-01 
8.984257e-01 
1.238639e-05 
1.618273e-05 
1.618273e-05 
1.618273e-05 
1.620697e-05 
2.148879e-05 
-5.837071e-04 
-5.837071e-04 
-5.837071e-04 
-6.070247e-04 
-1.528853e-02 
-9.543232e-01 
-9.543232e-01 
-9.543232e-01 
-9.543218e-01 
-9.542487e-01 
-9.542420e-01 
-9.542420e-01 
-9.542420e-01 
-8.905373e-01 
1.219986e-05 
1.618273e-05 
1.618273e-05 
1.618273e-05 
1.621313e-05 
2.143846e-05 
-5.837071e-04 
-5.837071e-04 
-5.837071e-04 
-6.106837e-04 
-1.572973e-02 
-9.543232e-01 
-9.543232e-01 
-9.543232e-01 
-9.543216e-01 
-9.542486e-01 
-9.542420e-01 
-9.542420e-01 
-9.542420e-01 
-8.823792e-01 
1.201781e-05 
1.618273e-05 
1.618273e-05 
1.618273e-05 
1.622014e-05 
2.138289e-05 
-5.837071e-04 
-5.837071e-04 
-5.837071e-04 
-6.145295e-04 
-1.618785e-02 
-9.543232e-01 
-9.543232e-01 
-9.543232e-01 
-9.543213e-01 
-9.542485e-01 
-9.542420e-01 
-9.542420e-01 
-9.542420e-01 
-8.739697e-01 
1.183965e-05 
1.618273e-05 
1.618273e-05 
1.618273e-05 
1.622793e-05 
2.132178e-05 
-5.837071e-04 
-5.837071e-04 
-5.837071e-04 
-6.185558e-04 
-1.666368e-02 
-9.543232e-01 
-9.543232e-01 
-9.543232e-01 
-9.543210e-01 
-9.542484e-01 
-9.542420e-01 
-9.542420e-01 
-9.542420e-01 
-8.653302e-01 
1.166525e-05 
1.618273e-05 
1.618273e-05 
1.618273e-05 
1.623656e-05 
2.125484e-05 
-5.837071e-04 
-5.837071e-04 
-5.837071e-04 
-6.227445e-04 
-1.715807e-02 
-9.543232e-01 
-9.543232e-01 
-9.543232e-01 
-9.543208e-01 
-9.542483e-01 
-9.542420e-01 
-9.542420e-01 
-9.542420e-01 
-8.564769e-01 
1.149452e-05 
1.618273e-05 
1.618273e-05 
1.618273e-05 
1.624595e-05 
2.118176e-05 
-5.837071e-04 
-5.837071e-04 
-5.837071e-04 
-6.270900e-04 
-1.767191e-02 
-9.543232e-01 
-9.543232e-01 
-9.543232e-01 
-9.543204e-01 
-9.542483e-01 
-9.542420e-01 
-9.542420e-01 
-9.542420e-01 
-8.474263e-01 
1.132737e-05 
1.618273e-05 
1.618273e-05 
1.618273e-05 
1.625612e-05 
2.110220e-05 
-5.837071e-04 
-5.837071e-04 
-5.837071e-04 
-6.315777e-04 
-1.820615e-02 
-9.543232e-01 
-9.543232e-01 
-9.543232e-01 
-9.543201e-01 
-9.542482e-01 
-9.542420e-01 
-9.542420e-01 
-9.542420e-01 
-8.381917e-01 
1.116359e-05 
2.958887e-06 
2.958887e-06 
2.958887e-06 
3.032316e-06 
3.097091e-05 
6.439913e-04 
6.439913e-04 
6.439913e-04 
7.016903e-04 
1.907793e-02 
9.543234e-01 
9.543234e-01 
9.543234e-01 
9.543205e-01 
9.542502e-01 
9.542427e-01 
9.542427e-01 
9.542427e-01 
8.287919e-01 
1.100355e-05 
1.618273e-05 
1.618273e-05 
1.618273e-05 
1.627863e-05 
2.092227e-05 
-5.837071e-04 
-5.837071e-04 
-5.837071e-04 
-6.409541e-04 
-1.933984e-02 
-9.543232e-01 
-9.543232e-01 
-9.543232e-01 
-9.543195e-01 
-9.542480e-01 
-9.542420e-01 
-9.542420e-01 
-9.542420e-01 
-8.192215e-01 
1.084633e-05 
2.932399e-06 
2.932399e-06 
2.932399e-06 
3.027871e-06 
3.212306e-05 
6.439837e-04 
6.439837e-04 
6.439837e-04 
7.121914e-04 
2.027315e-02 
9.543234e-01 
9.543234e-01 
9.543234e-01 
9.543199e-01 
9.542500e-01 
9.542427e-01 
9.542427e-01 
9.542427e-01 
8.095150e-01
#[#TRACE_DATA]
#[#TRACE]
