#[TRACE]
#data_labels=Output
#[TRACE_DATA]
2.663762e-06 
1.644870e-05 
1.644822e-05 
1.644822e-05 
1.644822e-05 
2.151982e-05 
-5.694722e-04 
-5.700025e-04 
-5.700025e-04 
-5.700025e-04 
-4.383122e-03 
-9.543218e-01 
-9.543222e-01 
-9.543222e-01 
-9.543222e-01 
-9.542540e-01 
-9.542420e-01 
-9.542420e-01 
-9.542420e-01 
-9.542420e-01 
3.005759e-05 
2.701194e-06 
2.701114e-06 
2.701114e-06 
2.701114e-06 
1.094718e-05 
6.300705e-04 
6.302675e-04 
6.302675e-04 
6.302675e-04 
4.562529e-03 
9.543221e-01 
9.543225e-01 
9.543225e-01 
9.543225e-01 
9.542580e-01 
9.542427e-01 
9.542427e-01 
9.542427e-01 
9.542427e-01 
3.287059e-05 
1.644902e-05 
1.644822e-05 
1.644822e-05 
1.644822e-05 
2.161294e-05 
-5.696264e-04 
-5.700025e-04 
-5.700025e-04 
-5.700025e-04 
-4.551653e-03 
-9.543220e-01 
-9.543222e-01 
-9.543222e-01 
-9.543222e-01 
-9.542537e-01 
-9.542420e-01 
-9.542420e-01 
-9.542420e-01 
-9.542420e-01 
2.913304e-05 
2.679889e-06 
2.679835e-06 
2.679835e-06 
2.679835e-06 
1.116660e-05 
6.301349e-04 
6.302726e-04 
6.302726e-04 
6.302726e-04 
4.738657e-03 
9.543222e-01 
9.543225e-01 
9.543225e-01 
9.543225e-01 
9.542577e-01 
9.542427e-01 
9.542427e-01 
9.542427e-01 
9.542427e-01 
3.103560e-05 
-1.107663e-05 
-1.107584e-05 
-1.107584e-05 
-1.107584e-05 
5.943748e-07 
5.846233e-04 
5.848115e-04 
5.848115e-04 
5.848115e-04 
4.830148e-03 
9.543223e-01 
9.543225e-01 
9.543225e-01 
9.543225e-01 
9.542575e-01 
9.542427e-01 
9.542427e-01 
9.542427e-01 
9.542427e-01 
3.019697e-05 
1.644914e-05 
1.644822e-05 
1.644822e-05 
1.644822e-05 
2.175238e-05 
-5.697792e-04 
-5.700025e-04 
-5.700025e-04 
-5.700025e-04 
-4.821322e-03 
-9.543221e-01 
-9.543222e-01 
-9.543222e-01 
-9.543222e-01 
-9.542534e-01 
-9.542420e-01 
-9.542420e-01 
-9.542420e-01 
-9.542420e-01 
2.766734e-05 
1.644912e-05 
1.644822e-05 
1.644822e-05 
1.644822e-05 
2.179872e-05 
-5.698151e-04 
-5.700025e-04 
-5.700025e-04 
-5.700025e-04 
-4.916010e-03 
-9.543221e-01 
-9.543222e-01 
-9.543222e-01 
-9.543222e-01 
-9.542533e-01 
-9.542420e-01 
-9.542420e-01 
-9.542420e-01 
-9.542420e-01 
2.717139e-05 
1.644909e-05 
1.644822e-05 
1.644822e-05 
1.644822e-05 
2.184496e-05 
-5.698454e-04 
-5.700025e-04 
-5.700025e-04 
-5.700025e-04 
-5.013229e-03 
-9.543222e-01 
-9.543222e-01 
-9.543222e-01 
-9.543222e-01 
-9.542531e-01 
-9.542420e-01 
-9.542420e-01 
-9.542420e-01 
-9.542420e-01 
2.667593e-05 
1.644905e-05 
1.644822e-05 
1.644822e-05 
1.644822e-05 
2.189108e-05 
-5.698708e-04 
-5.700025e-04 
-5.700025e-04 
-5.700025e-04 
-5.113065e-03 
-9.543222e-01 
-9.543222e-01 
-9.543222e-01 
-9.543222e-01 
-9.542530e-01 
-9.542420e-01 
-9.542420e-01 
-9.542420e-01 
-9.542420e-01 
2.618283e-05 
1.644900e-05 
1.644822e-05 
1.644822e-05 
1.644822e-05 
2.193705e-05 
-5.698922e-04 
-5.700025e-04 
-5.700025e-04 
-5.700025e-04 
-5.215605e-03 
-9.543222e-01 
-9.543222e-01 
-9.543222e-01 
-9.543222e-01 
-9.542529e-01 
-9.542420e-01 
-9.542420e-01 
-9.542420e-01 
-9.542420e-01 
2.569363e-05 
2.701107e-06 
2.701114e-06 
2.701114e-06 
2.701114e-06 
1.235491e-05 
6.302290e-04 
6.302675e-04 
6.302675e-04 
6.302675e-04 
5.432852e-03 
9.543224e-01 
9.543225e-01 
9.543225e-01 
9.543225e-01 
9.542565e-01 
9.542427e-01 
9.542427e-01 
9.542427e-01 
9.542427e-01 
2.598896e-05 
1.644888e-05 
1.644822e-05 
1.644822e-05 
1.644822e-05 
2.202846e-05 
-5.699253e-04 
-5.700025e-04 
-5.700025e-04 
-5.700025e-04 
-5.429166e-03 
-9.543222e-01 
-9.543222e-01 
-9.543222e-01 
-9.543222e-01 
-9.542527e-01 
-9.542420e-01 
-9.542420e-01 
-9.542420e-01 
-9.542420e-01 
2.473186e-05 
1.644883e-05 
1.644822e-05 
1.644822e-05 
1.644822e-05 
2.207385e-05 
-5.699380e-04 
-5.700025e-04 
-5.700025e-04 
-5.700025e-04 
-5.540380e-03 
-9.543222e-01 
-9.543222e-01 
-9.543222e-01 
-9.543222e-01 
-9.542526e-01 
-9.542420e-01 
-9.542420e-01 
-9.542420e-01 
-9.542420e-01 
2.426113e-05 
1.644877e-05 
1.644822e-05 
1.644822e-05 
1.644822e-05 
2.211899e-05 
-5.699486e-04 
-5.700025e-04 
-5.700025e-04 
-5.700025e-04 
-5.654687e-03 
-9.543222e-01 
-9.543222e-01 
-9.543222e-01 
-9.543222e-01 
-9.542525e-01 
-9.542420e-01 
-9.542420e-01 
-9.542420e-01 
-9.542420e-01 
2.379810e-05 
1.644872e-05 
1.644822e-05 
1.644822e-05 
1.644822e-05 
2.216385e-05 
-5.699575e-04 
-5.700025e-04 
-5.700025e-04 
-5.700025e-04 
-5.772193e-03 
-9.543222e-01 
-9.543222e-01 
-9.543222e-01 
-9.543222e-01 
-9.542524e-01 
-9.542420e-01 
-9.542420e-01 
-9.542420e-01 
-9.542420e-01 
2.334325e-05 
2.701106e-06 
2.701114e-06 
2.701114e-06 
2.701114e-06 
1.325634e-05 
6.302523e-04 
6.302675e-04 
6.302675e-04 
6.302675e-04 
6.015152e-03 
9.543224e-01 
9.543225e-01 
9.543225e-01 
9.543225e-01 
9.542557e-01 
9.542427e-01 
9.542427e-01 
9.542427e-01 
9.542427e-01 
2.324254e-05 
2.701106e-06 
2.701114e-06 
2.701114e-06 
2.701114e-06 
1.344830e-05 
6.302549e-04 
6.302675e-04 
6.302675e-04 
6.302675e-04 
6.141591e-03 
9.543224e-01 
9.543225e-01 
9.543225e-01 
9.543225e-01 
9.542555e-01 
9.542427e-01 
9.542427e-01 
9.542427e-01 
9.542427e-01 
2.275289e-05 
1.644858e-05 
1.644822e-05 
1.644822e-05 
1.644822e-05 
2.229646e-05 
-5.699764e-04 
-5.700025e-04 
-5.700025e-04 
-5.700025e-04 
-6.145045e-03 
-9.543222e-01 
-9.543222e-01 
-9.543222e-01 
-9.543222e-01 
-9.542520e-01 
-9.542420e-01 
-9.542420e-01 
-9.542420e-01 
-9.542420e-01 
2.203129e-05 
1.644854e-05 
1.644822e-05 
1.644822e-05 
1.644822e-05 
2.233990e-05 
-5.699807e-04 
-5.700025e-04 
-5.700025e-04 
-5.700025e-04 
-6.276510e-03 
-9.543222e-01 
-9.543222e-01 
-9.543222e-01 
-9.543222e-01 
-9.542519e-01 
-9.542420e-01 
-9.542420e-01 
-9.542420e-01 
-9.542420e-01 
2.161209e-05 
2.679830e-06 
2.679835e-06 
2.679835e-06 
2.679835e-06 
1.396228e-05 
6.302655e-04 
6.302726e-04 
6.302726e-04 
6.302726e-04 
6.543029e-03 
9.543225e-01 
9.543225e-01 
9.543225e-01 
9.543225e-01 
9.542551e-01 
9.542427e-01 
9.542427e-01 
9.542427e-01 
9.542427e-01 
2.138087e-05 
2.701109e-06 
2.701114e-06 
2.701114e-06 
2.701114e-06 
1.425883e-05 
6.302616e-04 
6.302675e-04 
6.302675e-04 
6.302675e-04 
6.684660e-03 
9.543225e-01 
9.543225e-01 
9.543225e-01 
9.543225e-01 
9.542549e-01 
9.542427e-01 
9.542427e-01 
9.542427e-01 
9.542427e-01 
2.095277e-05 
1.644844e-05 
1.644822e-05 
1.644822e-05 
1.644822e-05 
2.246735e-05 
-5.699899e-04 
-5.700025e-04 
-5.700025e-04 
-5.700025e-04 
-6.694294e-03 
-9.543222e-01 
-9.543222e-01 
-9.543222e-01 
-9.543222e-01 
-9.542516e-01 
-9.542420e-01 
-9.542420e-01 
-9.542420e-01 
-9.542420e-01 
2.040965e-05 
2.679831e-06 
2.679835e-06 
2.679835e-06 
2.679835e-06 
1.460075e-05 
6.302686e-04 
6.302726e-04 
6.302726e-04 
6.302726e-04 
6.980507e-03 
9.543225e-01 
9.543225e-01 
9.543225e-01 
9.543225e-01 
9.542546e-01 
9.542427e-01 
9.542427e-01 
9.542427e-01 
9.542427e-01 
2.013566e-05 
1.644839e-05 
1.644822e-05 
1.644822e-05 
1.644822e-05 
2.254954e-05 
-5.699938e-04 
-5.700025e-04 
-5.700025e-04 
-5.700025e-04 
-6.993750e-03 
-9.543222e-01 
-9.543222e-01 
-9.543222e-01 
-9.543222e-01 
-9.542514e-01 
-9.542420e-01 
-9.542420e-01 
-9.542420e-01 
-9.542420e-01 
1.965348e-05 
1.644837e-05 
1.644822e-05 
1.644822e-05 
1.644822e-05 
2.258966e-05 
-5.699953e-04 
-5.700025e-04 
-5.700025e-04 
-5.700025e-04 
-7.150227e-03 
-9.543222e-01 
-9.543222e-01 
-9.543222e-01 
-9.543222e-01 
-9.542513e-01 
-9.542420e-01 
-9.542420e-01 
-9.542420e-01 
-9.542420e-01 
1.928868e-05 
2.701111e-06 
2.701114e-06 
2.701114e-06 
2.701114e-06 
1.537766e-05 
6.302652e-04 
6.302675e-04 
6.302675e-04 
6.302675e-04 
7.458109e-03 
9.543225e-01 
9.543225e-01 
9.543225e-01 
9.543225e-01 
9.542542e-01 
9.542427e-01 
9.542427e-01 
9.542427e-01 
9.542427e-01 
1.899826e-05 
1.644833e-05 
1.644822e-05 
1.644822e-05 
1.644822e-05 
2.266769e-05 
-5.699975e-04 
-5.700025e-04 
-5.700025e-04 
-5.700025e-04 
-7.477522e-03 
-9.543222e-01 
-9.543222e-01 
-9.543222e-01 
-9.543222e-01 
-9.542511e-01 
-9.542420e-01 
-9.542420e-01 
-9.542420e-01 
-9.542420e-01 
1.858498e-05 
2.679833e-06 
2.679835e-06 
2.679835e-06 
2.679835e-06 
1.576481e-05 
6.302711e-04 
6.302726e-04 
6.302726e-04 
6.302726e-04 
7.801069e-03 
9.543225e-01 
9.543225e-01 
9.543225e-01 
9.543225e-01 
9.542539e-01 
9.542427e-01 
9.542427e-01 
9.542427e-01 
9.542427e-01 
1.829263e-05 
1.644831e-05 
1.644822e-05 
1.644822e-05 
1.644822e-05 
2.274242e-05 
-5.699991e-04 
-5.700025e-04 
-5.700025e-04 
-5.700025e-04 
-7.825163e-03 
-9.543222e-01 
-9.543222e-01 
-9.543222e-01 
-9.543222e-01 
-9.542509e-01 
-9.542420e-01 
-9.542420e-01 
-9.542420e-01 
-9.542420e-01 
1.791468e-05 
1.644830e-05 
1.644822e-05 
1.644822e-05 
1.644822e-05 
2.277839e-05 
-5.699996e-04 
-5.700025e-04 
-5.700025e-04 
-5.700025e-04 
-8.007102e-03 
-9.543222e-01 
-9.543222e-01 
-9.543222e-01 
-9.543222e-01 
-9.542508e-01 
-9.542420e-01 
-9.542420e-01 
-9.542420e-01 
-9.542420e-01 
1.759154e-05 
2.679833e-06 
2.679835e-06 
2.679835e-06 
2.679835e-06 
1.653007e-05 
6.302717e-04 
6.302726e-04 
6.302726e-04 
6.302726e-04 
8.356177e-03 
9.543225e-01 
9.543225e-01 
9.543225e-01 
9.543225e-01 
9.542535e-01 
9.542427e-01 
9.542427e-01 
9.542427e-01 
9.542427e-01 
1.730442e-05 
1.644828e-05 
1.644822e-05 
1.644822e-05 
1.644822e-05 
2.284723e-05 
-5.700005e-04 
-5.700025e-04 
-5.700025e-04 
-5.700025e-04 
-8.388274e-03 
-9.543222e-01 
-9.543222e-01 
-9.543222e-01 
-9.543222e-01 
-9.542506e-01 
-9.542420e-01 
-9.542420e-01 
-9.542420e-01 
-9.542420e-01 
1.696850e-05 
1.644827e-05 
1.644822e-05 
1.644822e-05 
1.644822e-05 
2.287996e-05 
-5.700009e-04 
-5.700025e-04 
-5.700025e-04 
-5.700025e-04 
-8.587958e-03 
-9.543222e-01 
-9.543222e-01 
-9.543222e-01 
-9.543222e-01 
-9.542505e-01 
-9.542420e-01 
-9.542420e-01 
-9.542420e-01 
-9.542420e-01 
1.666816e-05 
1.644826e-05 
1.644822e-05 
1.644822e-05 
1.644822e-05 
2.291146e-05 
-5.700011e-04 
-5.700025e-04 
-5.700025e-04 
-5.700025e-04 
-8.794028e-03 
-9.543222e-01 
-9.543222e-01 
-9.543222e-01 
-9.543222e-01 
-9.542504e-01 
-9.542420e-01 
-9.542420e-01 
-9.542420e-01 
-9.542420e-01 
1.637499e-05 
2.679834e-06 
2.679835e-06 
2.679835e-06 
2.679835e-06 
1.763834e-05 
6.302722e-04 
6.302726e-04 
6.302726e-04 
6.302726e-04 
9.181438e-03 
9.543225e-01 
9.543225e-01 
9.543225e-01 
9.543225e-01 
9.542530e-01 
9.542427e-01 
9.542427e-01 
9.542427e-01 
9.542427e-01 
1.610312e-05 
1.644825e-05 
1.644822e-05 
1.644822e-05 
1.644822e-05 
2.297044e-05 
-5.700016e-04 
-5.700025e-04 
-5.700025e-04 
-5.700025e-04 
-9.226348e-03 
-9.543222e-01 
-9.543222e-01 
-9.543222e-01 
-9.543222e-01 
-9.542503e-01 
-9.542420e-01 
-9.542420e-01 
-9.542420e-01 
-9.542420e-01 
1.580960e-05 
1.644825e-05 
1.644822e-05 
1.644822e-05 
1.644822e-05 
2.299775e-05 
-5.700017e-04 
-5.700025e-04 
-5.700025e-04 
-5.700025e-04 
-9.453141e-03 
-9.543222e-01 
-9.543222e-01 
-9.543222e-01 
-9.543222e-01 
-9.542502e-01 
-9.542420e-01 
-9.542420e-01 
-9.542420e-01 
-9.542420e-01 
1.553691e-05 
2.701114e-06 
2.701114e-06 
2.701114e-06 
2.701114e-06 
1.865421e-05 
6.302672e-04 
6.302675e-04 
6.302675e-04 
6.302675e-04 
9.873010e-03 
9.543225e-01 
9.543225e-01 
9.543225e-01 
9.543225e-01 
9.542527e-01 
9.542427e-01 
9.542427e-01 
9.542427e-01 
9.542427e-01 
1.527922e-05 
1.644824e-05 
1.644822e-05 
1.644822e-05 
1.644822e-05 
2.304755e-05 
-5.700020e-04 
-5.700025e-04 
-5.700025e-04 
-5.700025e-04 
-9.929450e-03 
-9.543222e-01 
-9.543222e-01 
-9.543222e-01 
-9.543222e-01 
-9.542500e-01 
-9.542420e-01 
-9.542420e-01 
-9.542420e-01 
-9.542420e-01 
1.501079e-05 
2.701114e-06 
2.701114e-06 
2.701114e-06 
2.701114e-06 
1.929869e-05 
6.302673e-04 
6.302675e-04 
6.302675e-04 
6.302675e-04 
1.037296e-02 
9.543225e-01 
9.543225e-01 
9.543225e-01 
9.543225e-01 
9.542524e-01 
9.542427e-01 
9.542427e-01 
9.542427e-01 
9.542427e-01 
1.476301e-05 
1.644824e-05 
1.644822e-05 
1.644822e-05 
1.644822e-05 
2.309023e-05 
-5.700021e-04 
-5.700025e-04 
-5.700025e-04 
-5.700025e-04 
-1.043817e-02 
-9.543222e-01 
-9.543222e-01 
-9.543222e-01 
-9.543222e-01 
-9.542498e-01 
-9.542420e-01 
-9.542420e-01 
-9.542420e-01 
-9.542420e-01 
1.450913e-05 
1.644823e-05 
1.644822e-05 
1.644822e-05 
1.644822e-05 
2.310863e-05 
-5.700022e-04 
-5.700025e-04 
-5.700025e-04 
-5.700025e-04 
-1.070553e-02 
-9.543222e-01 
-9.543222e-01 
-9.543222e-01 
-9.543222e-01 
-9.542497e-01 
-9.542420e-01 
-9.542420e-01 
-9.542420e-01 
-9.542420e-01 
1.426698e-05 
2.701114e-06 
2.701114e-06 
2.701114e-06 
2.701114e-06 
2.032828e-05 
6.302674e-04 
6.302675e-04 
6.302675e-04 
6.302675e-04 
1.118789e-02 
9.543225e-01 
9.543225e-01 
9.543225e-01 
9.543225e-01 
9.542521e-01 
9.542427e-01 
9.542427e-01 
9.542427e-01 
9.541589e-01 
1.403408e-05 
1.644823e-05 
1.644822e-05 
1.644822e-05 
1.644822e-05 
2.313894e-05 
-5.700023e-04 
-5.700025e-04 
-5.700025e-04 
-5.701367e-04 
-1.126810e-02 
-9.543222e-01 
-9.543222e-01 
-9.543222e-01 
-9.543222e-01 
-9.542495e-01 
-9.542420e-01 
-9.542420e-01 
-9.542420e-01 
-9.529844e-01 
1.379947e-05 
1.644823e-05 
1.644822e-05 
1.644822e-05 
1.644828e-05 
2.315059e-05 
-5.700023e-04 
-5.700025e-04 
-5.700025e-04 
-5.706346e-04 
-1.156411e-02 
-9.543222e-01 
-9.543222e-01 
-9.543222e-01 
-9.543222e-01 
-9.542495e-01 
-9.542420e-01 
-9.542420e-01 
-9.542420e-01 
-9.506029e-01 
1.357372e-05 
1.644823e-05 
1.644822e-05 
1.644822e-05 
1.644851e-05 
2.315972e-05 
-5.700024e-04 
-5.700025e-04 
-5.700025e-04 
-5.714988e-04 
-1.187050e-02 
-9.543222e-01 
-9.543222e-01 
-9.543222e-01 
-9.543222e-01 
-9.542494e-01 
-9.542420e-01 
-9.542420e-01 
-9.542420e-01 
-9.472477e-01 
1.335312e-05 
1.644823e-05 
1.644822e-05 
1.644822e-05 
1.644904e-05 
2.316617e-05 
-5.700024e-04 
-5.700025e-04 
-5.700025e-04 
-5.726987e-04 
-1.218772e-02 
-9.543222e-01 
-9.543222e-01 
-9.543222e-01 
-9.543221e-01 
-9.542493e-01 
-9.542420e-01 
-9.542420e-01 
-9.542420e-01 
-9.430533e-01 
1.313747e-05 
2.701114e-06 
2.701114e-06 
2.701114e-06 
2.702024e-06 
2.223156e-05 
6.302674e-04 
6.302675e-04 
6.302675e-04 
6.349502e-04 
1.274533e-02 
9.543225e-01 
9.543225e-01 
9.543225e-01 
9.543223e-01 
9.542515e-01 
9.542427e-01 
9.542427e-01 
9.542427e-01 
9.381646e-01 
1.292821e-05 
2.701114e-06 
2.701114e-06 
2.701114e-06 
2.702831e-06 
2.264328e-05 
6.302674e-04 
6.302675e-04 
6.302675e-04 
6.369879e-04 
1.309070e-02 
9.543225e-01 
9.543225e-01 
9.543225e-01 
9.543222e-01 
9.542514e-01 
9.542427e-01 
9.542427e-01 
9.542427e-01 
9.326643e-01 
1.272203e-05 
1.644823e-05 
1.644822e-05 
1.644822e-05 
1.645343e-05 
2.316794e-05 
-5.700024e-04 
-5.700025e-04 
-5.700025e-04 
-5.782220e-04 
-1.320920e-02 
-9.543222e-01 
-9.543222e-01 
-9.543222e-01 
-9.543218e-01 
-9.542490e-01 
-9.542420e-01 
-9.542420e-01 
-9.542420e-01 
-9.266429e-01 
1.251940e-05 
1.644822e-05 
1.644822e-05 
1.644822e-05 
1.645613e-05 
2.316208e-05 
-5.700024e-04 
-5.700025e-04 
-5.700025e-04 
-5.806421e-04 
-1.357472e-02 
-9.543222e-01 
-9.543222e-01 
-9.543222e-01 
-9.543217e-01 
-9.542490e-01 
-9.542420e-01 
-9.542420e-01 
-9.542420e-01 
-9.201580e-01 
1.232241e-05 
2.679835e-06 
2.679835e-06 
2.679835e-06 
2.686424e-06 
2.380885e-05 
6.302726e-04 
6.302726e-04 
6.302726e-04 
6.450127e-04 
1.420390e-02 
9.543225e-01 
9.543225e-01 
9.543225e-01 
9.543218e-01 
9.542511e-01 
9.542427e-01 
9.542427e-01 
9.542427e-01 
9.132691e-01 
1.213057e-05 
2.701114e-06 
2.701114e-06 
2.701114e-06 
2.710471e-06 
2.440629e-05 
6.302674e-04 
6.302675e-04 
6.302675e-04 
6.482452e-04 
1.460262e-02 
9.543225e-01 
9.543225e-01 
9.543225e-01 
9.543217e-01 
9.542510e-01 
9.542427e-01 
9.542427e-01 
9.542427e-01 
9.060111e-01 
1.194218e-05 
1.644822e-05 
1.644822e-05 
1.644822e-05 
1.646882e-05 
2.312246e-05 
-5.700025e-04 
-5.700025e-04 
-5.700025e-04 
-5.894344e-04 
-1.475450e-02 
-9.543222e-01 
-9.543222e-01 
-9.543222e-01 
-9.543211e-01 
-9.542487e-01 
-9.542420e-01 
-9.542420e-01 
-9.542420e-01 
-8.984235e-01 
1.175727e-05 
2.679835e-06 
2.679835e-06 
2.679835e-06 
2.696406e-06 
2.521799e-05 
6.302726e-04 
6.302726e-04 
6.302726e-04 
6.554752e-04 
1.544537e-02 
9.543225e-01 
9.543225e-01 
9.543225e-01 
9.543213e-01 
9.542508e-01 
9.542427e-01 
9.542427e-01 
9.542427e-01 
8.905395e-01 
1.157756e-05 
1.644822e-05 
1.644822e-05 
1.644822e-05 
1.648154e-05 
2.307553e-05 
-5.700025e-04 
-5.700025e-04 
-5.700025e-04 
-5.964038e-04 
-1.561690e-02 
-9.543222e-01 
-9.543222e-01 
-9.543222e-01 
-9.543206e-01 
-9.542486e-01 
-9.542420e-01 
-9.542420e-01 
-9.542420e-01 
-8.823792e-01 
1.140081e-05 
1.644822e-05 
1.644822e-05 
1.644822e-05 
1.648925e-05 
2.304519e-05 
-5.700025e-04 
-5.700025e-04 
-5.700025e-04 
-6.001761e-04 
-1.607302e-02 
-9.543222e-01 
-9.543222e-01 
-9.543222e-01 
-9.543204e-01 
-9.542485e-01 
-9.542420e-01 
-9.542420e-01 
-9.542420e-01 
-8.739697e-01 
1.122820e-05 
2.701114e-06 
2.701114e-06 
2.701114e-06 
2.734158e-06 
2.690451e-05 
6.302675e-04 
6.302675e-04 
6.302675e-04 
6.679160e-04 
1.683365e-02 
9.543225e-01 
9.543225e-01 
9.543225e-01 
9.543206e-01 
9.542505e-01 
9.542427e-01 
9.542427e-01 
9.542427e-01 
8.653334e-01 
1.105970e-05 
1.644822e-05 
1.644822e-05 
1.644822e-05 
1.650728e-05 
2.296947e-05 
-5.700025e-04 
-5.700025e-04 
-5.700025e-04 
-6.082382e-04 
-1.703908e-02 
-9.543222e-01 
-9.543222e-01 
-9.543222e-01 
-9.543198e-01 
-9.542483e-01 
-9.542420e-01 
-9.542420e-01 
-9.542420e-01 
-8.564769e-01 
1.089411e-05 
2.679835e-06 
2.679835e-06 
2.679835e-06 
2.727214e-06 
2.784991e-05 
6.302726e-04 
6.302726e-04 
6.302726e-04 
6.771192e-04 
1.785134e-02 
9.543225e-01 
9.543225e-01 
9.543225e-01 
9.543201e-01 
9.542503e-01 
9.542427e-01 
9.542427e-01 
9.542427e-01 
8.474303e-01 
1.073264e-05 
1.644822e-05 
1.644822e-05 
1.644822e-05 
1.652873e-05 
2.287175e-05 
-5.700025e-04 
-5.700025e-04 
-5.700025e-04 
-6.169119e-04 
-1.808276e-02 
-9.543222e-01 
-9.543222e-01 
-9.543222e-01 
-9.543192e-01 
-9.542482e-01 
-9.542420e-01 
-9.542420e-01 
-9.542420e-01 
-8.381917e-01 
1.057414e-05 
1.644822e-05 
1.644822e-05 
1.644822e-05 
1.654064e-05 
2.281386e-05 
-5.700025e-04 
-5.700025e-04 
-5.700025e-04 
-6.214553e-04 
-1.863609e-02 
-9.543222e-01 
-9.543222e-01 
-9.543222e-01 
-9.543189e-01 
-9.542481e-01 
-9.542420e-01 
-9.542420e-01 
-9.542420e-01 
-8.287864e-01 
1.041900e-05 
2.679835e-06 
2.679835e-06 
2.679835e-06 
2.754701e-06 
2.962370e-05 
6.302726e-04 
6.302726e-04 
6.302726e-04 
6.920337e-04 
1.953461e-02 
9.543225e-01 
9.543225e-01 
9.543225e-01 
9.543192e-01 
9.542500e-01 
9.542427e-01 
9.542427e-01 
9.542427e-01 
8.192273e-01 
1.026744e-05 
1.644822e-05 
1.644822e-05 
1.644822e-05 
1.656671e-05 
2.267829e-05 
-5.700025e-04 
-5.700025e-04 
-5.700025e-04 
-6.309128e-04 
-1.981099e-02 
-9.543222e-01 
-9.543222e-01 
-9.543222e-01 
-9.543182e-01 
-9.542480e-01 
-9.542420e-01 
-9.542420e-01 
-9.542420e-01 
-8.095079e-01
#[#TRACE_DATA]
#[#TRACE]
