#[TRACE]
#data_labels=Output
#[TRACE_DATA]
2.975406e-05 
2.101559e-05 
2.091354e-05 
2.045455e-05 
1.935396e-05 
1.708976e-05 
1.268302e-05 
4.285466e-06 
-1.143688e-05 
-3.942645e-05 
-8.349256e-05 
-1.416418e-04 
-2.092267e-04 
-2.856191e-04 
-3.725481e-04 
-4.637208e-04 
-4.819391e-04 
-4.819391e-04 
-4.819391e-04 
-4.819391e-04 
-4.819391e-04 
-4.819391e-04 
-4.819391e-04 
-4.819391e-04 
-4.819391e-04 
-4.819391e-04 
-4.819391e-04 
-4.819391e-04 
-4.819391e-04 
-4.819391e-04 
-4.819391e-04 
-4.819391e-04 
-4.819391e-04 
-4.819391e-04 
-4.819391e-04 
-4.819391e-04 
-4.819391e-04 
-4.819391e-04 
-4.819391e-04 
-4.819391e-04 
-4.819391e-04 
-4.819391e-04 
-4.819391e-04 
-4.819391e-04 
-4.819391e-04 
-4.819391e-04 
-4.819391e-04 
-4.819391e-04 
-4.819391e-04 
-4.819391e-04 
-4.819391e-04 
-4.819391e-04 
-4.819391e-04 
-4.819391e-04 
-4.819391e-04 
-4.819391e-04 
-4.819391e-04 
-4.819391e-04 
-4.819391e-04 
-4.819391e-04 
-4.819391e-04 
-4.819391e-04 
-4.819391e-04 
-4.819391e-04 
-4.819391e-04 
-4.819391e-04 
-4.819391e-04 
-4.819391e-04 
-4.819391e-04 
-4.819391e-04 
-4.819391e-04 
-4.819391e-04 
-4.819391e-04 
-4.819391e-04 
-4.819391e-04 
-4.819391e-04 
-4.819391e-04 
-4.819391e-04 
-4.819391e-04 
-5.056884e-04 
-5.633316e-04 
-6.308319e-04 
-7.103007e-04 
-8.043922e-04 
-9.171574e-04 
-1.053028e-03 
-1.218006e-03 
-1.419541e-03 
-1.667862e-03 
-1.977857e-03 
-2.370333e-03 
-2.874772e-03 
-3.533988e-03 
-4.411733e-03 
-5.605602e-03 
-7.269773e-03 
-9.656787e-03 
-1.319805e-02 
-1.866737e-02 
-2.753244e-02 
-4.274874e-02 
-7.055841e-02 
-1.237555e-01 
-2.207383e-01 
-3.611592e-01 
-5.153885e-01 
-6.631607e-01 
-7.967404e-01 
-9.075103e-01 
-9.542486e-01 
-9.542486e-01 
-9.542486e-01 
-9.542486e-01 
-9.542486e-01 
-9.542486e-01 
-9.542486e-01 
-9.542486e-01 
-9.542486e-01 
-9.542486e-01 
-9.542486e-01 
-9.542486e-01 
-9.542486e-01 
-9.542486e-01 
-9.542486e-01 
-9.542486e-01 
-9.542486e-01 
-9.542486e-01 
-9.542486e-01 
-9.542486e-01 
-9.542486e-01 
-9.542486e-01 
-9.542486e-01 
-9.542486e-01 
-9.542486e-01 
-9.542486e-01 
-9.542486e-01 
-9.542486e-01 
-9.542486e-01 
-9.542486e-01 
-9.542486e-01 
-9.542486e-01 
-9.542486e-01 
-9.542486e-01 
-9.542486e-01 
-9.542486e-01 
-9.542486e-01 
-9.542486e-01 
-9.542486e-01 
-9.542486e-01 
-9.542486e-01 
-9.542486e-01 
-9.542486e-01 
-9.542486e-01 
-9.542486e-01 
-9.542486e-01 
-9.542486e-01 
-9.542486e-01 
-9.542486e-01 
-9.542486e-01 
-9.542486e-01 
-9.542486e-01 
-9.542486e-01 
-9.542486e-01 
-9.542486e-01 
-9.542486e-01 
-9.542486e-01 
-9.542486e-01 
-9.542486e-01 
-9.542486e-01 
-9.542486e-01 
-9.542486e-01 
-9.542486e-01 
-9.542486e-01 
-9.542482e-01 
-9.542476e-01 
-9.542468e-01 
-9.542457e-01 
-9.542441e-01 
-9.542418e-01 
-9.542400e-01 
-9.542392e-01 
-9.542385e-01 
-9.542380e-01 
-9.542374e-01 
-9.542370e-01 
-9.542365e-01 
-9.542361e-01 
-9.542358e-01 
-9.542355e-01 
-9.542352e-01 
-9.542349e-01 
-9.542347e-01 
-9.542344e-01 
-9.542342e-01 
-9.542340e-01 
-9.542339e-01 
-9.542337e-01 
-9.542335e-01 
-9.542334e-01 
-9.542332e-01 
-9.542331e-01 
-9.542330e-01 
-9.542329e-01 
-9.542329e-01 
-9.542329e-01 
-9.542329e-01 
-9.542329e-01 
-9.542329e-01 
-9.542329e-01 
-9.542329e-01 
-9.542329e-01 
-9.542329e-01 
-9.542329e-01 
-9.542329e-01 
-9.542329e-01 
-9.542329e-01 
-9.542329e-01 
-9.542329e-01 
-9.542329e-01 
-9.542329e-01 
-9.542329e-01 
-9.542329e-01 
-9.542329e-01 
-9.542329e-01 
-9.542329e-01 
-9.542329e-01 
-9.542329e-01 
-9.542329e-01 
-9.542329e-01 
-9.542329e-01 
-9.542329e-01 
-9.542329e-01 
-9.542329e-01 
-9.542329e-01 
-9.542329e-01 
-9.542329e-01 
-9.542329e-01 
-9.542329e-01 
-9.542329e-01 
-9.542329e-01 
-9.542329e-01 
-9.542329e-01 
-9.542329e-01 
-9.542329e-01 
-9.542329e-01 
-9.542329e-01 
-9.542329e-01 
-9.542329e-01 
-9.542329e-01 
-9.542329e-01 
-9.542329e-01 
-9.542329e-01 
-9.542329e-01 
-9.542329e-01 
-9.542329e-01 
-9.542329e-01 
-9.542329e-01 
-9.542329e-01 
-9.542329e-01 
-9.542329e-01 
-9.542329e-01 
-9.542329e-01 
-9.542329e-01 
-9.542329e-01 
-9.542329e-01 
-9.542329e-01 
-9.087640e-01 
-7.992471e-01 
-6.665027e-01 
-5.143489e-01 
-3.336809e-01 
-1.156256e-01 
-4.469884e-03 
5.047447e-04 
2.693233e-04 
1.598473e-04 
1.036088e-04 
7.129386e-05 
5.127687e-05 
3.817492e-05 
2.922465e-05 
2.289651e-05 
1.829326e-05 
1.486348e-05 
1.225521e-05 
1.023696e-05 
8.654356e-06 
7.411317e-06 
6.501233e-06 
6.405418e-06 
1.032686e-05 
1.414621e-05 
1.586314e-05 
1.677574e-05 
1.725470e-05 
1.742359e-05 
1.746813e-05 
1.746805e-05 
1.746805e-05 
1.746805e-05 
1.746805e-05 
1.746805e-05 
1.746805e-05 
1.746805e-05 
1.746805e-05 
1.746805e-05 
1.746805e-05 
1.746805e-05 
1.746805e-05 
1.746805e-05 
1.746805e-05 
1.746805e-05 
1.746805e-05 
1.746805e-05 
1.746805e-05 
1.746805e-05 
1.746805e-05 
1.746805e-05 
1.746805e-05 
1.746805e-05 
1.746805e-05 
1.746805e-05 
1.746805e-05 
1.746805e-05 
1.746805e-05 
1.746805e-05 
1.746805e-05 
1.746805e-05 
1.746805e-05 
1.746805e-05 
1.746805e-05 
1.746805e-05 
1.746805e-05 
1.746805e-05 
1.746805e-05 
1.746805e-05 
1.746805e-05 
1.746805e-05 
1.746805e-05 
1.746805e-05 
1.746805e-05 
1.746805e-05 
1.746805e-05 
1.746805e-05 
1.746805e-05 
1.746805e-05 
1.746805e-05 
1.746805e-05 
1.746805e-05 
1.746805e-05 
1.746805e-05 
1.746805e-05 
1.746805e-05 
1.746805e-05 
1.746805e-05 
1.746805e-05 
1.746805e-05 
1.746805e-05 
1.746805e-05 
1.746885e-05 
1.761702e-05 
1.779174e-05 
1.797910e-05 
1.818679e-05 
1.841838e-05 
1.866732e-05 
1.891083e-05 
1.917165e-05 
1.945166e-05 
1.974994e-05 
2.006362e-05 
2.038745e-05 
2.071192e-05 
2.102025e-05 
2.128312e-05 
2.144959e-05 
2.143045e-05 
2.106730e-05 
2.007303e-05 
1.791436e-05 
1.357794e-05 
5.124688e-06 
-1.098113e-05 
-3.995875e-05 
-8.552087e-05 
-1.449724e-04 
-2.134194e-04 
-2.905630e-04 
-3.782104e-04 
-4.691037e-04 
-4.815829e-04 
-4.815829e-04 
-4.815829e-04 
-4.815829e-04 
-4.815829e-04 
-4.815829e-04 
-4.815829e-04 
-4.815829e-04 
-4.815829e-04 
-4.815829e-04 
-4.815829e-04 
-4.815829e-04 
-4.815829e-04 
-4.815829e-04 
-4.815829e-04 
-4.815829e-04 
-4.815829e-04 
-4.815829e-04 
-4.815829e-04 
-4.815829e-04 
-4.815829e-04 
-4.815829e-04 
-4.815829e-04 
-4.815829e-04 
-4.815829e-04 
-4.815829e-04 
-4.815829e-04 
-4.815829e-04 
-4.815829e-04 
-4.815829e-04 
-4.815829e-04 
-4.815829e-04 
-4.815829e-04 
-4.815829e-04 
-4.815829e-04 
-4.815829e-04 
-4.815829e-04 
-4.815829e-04 
-4.815829e-04 
-4.815829e-04 
-4.815829e-04 
-4.815829e-04 
-4.815829e-04 
-4.815829e-04 
-4.815829e-04 
-4.815829e-04 
-4.815829e-04 
-4.815829e-04 
-4.815829e-04 
-4.815829e-04 
-4.815829e-04 
-4.815829e-04 
-4.815829e-04 
-4.815829e-04 
-4.815829e-04 
-4.815829e-04 
-4.815829e-04 
-4.815829e-04 
-4.815829e-04 
-4.815829e-04 
-4.815829e-04 
-4.815829e-04 
-4.815829e-04 
-5.089865e-04 
-5.672627e-04 
-6.355298e-04 
-7.159867e-04 
-8.114694e-04 
-9.256512e-04 
-1.063305e-03 
-1.230527e-03 
-1.434888e-03 
-1.686895e-03 
-2.001788e-03 
-2.400859e-03 
-2.914330e-03 
-3.586160e-03 
-4.481925e-03 
-5.702212e-03 
-7.406298e-03 
-9.855773e-03 
-1.349889e-02 
-1.914259e-02 
-2.832357e-02 
-4.414865e-02 
-7.319099e-02 
-1.288017e-01 
-2.292034e-01 
-3.716123e-01 
-5.258168e-01 
-6.728176e-01 
-8.051736e-01 
-9.139076e-01 
-9.542486e-01 
-9.542486e-01 
-9.542486e-01 
-9.542486e-01 
-9.542486e-01 
-9.542486e-01 
-9.542486e-01 
-9.542486e-01 
-9.542486e-01 
-9.542486e-01 
-9.542486e-01 
-9.542486e-01 
-9.542486e-01 
-9.542486e-01 
-9.542486e-01 
-9.542486e-01 
-9.542486e-01 
-9.542486e-01 
-9.542486e-01 
-9.542486e-01 
-9.542486e-01 
-9.542486e-01 
-9.542486e-01 
-9.542486e-01 
-9.542486e-01 
-9.542486e-01 
-9.542486e-01 
-9.542486e-01 
-9.542486e-01 
-9.542486e-01 
-9.542486e-01 
-9.542486e-01 
-9.542486e-01 
-9.542486e-01 
-9.542486e-01 
-9.542486e-01 
-9.542486e-01 
-9.542486e-01 
-9.542486e-01 
-9.542486e-01 
-9.542486e-01 
-9.542486e-01 
-9.542486e-01 
-9.542486e-01 
-9.542486e-01 
-9.542486e-01 
-9.542486e-01 
-9.542486e-01 
-9.542486e-01 
-9.542486e-01 
-9.542486e-01 
-9.542486e-01 
-9.542486e-01 
-9.542486e-01 
-9.542486e-01 
-9.542486e-01 
-9.542486e-01 
-9.542486e-01 
-9.542486e-01 
-9.542486e-01 
-9.542486e-01 
-9.542486e-01 
-9.542486e-01 
-9.542486e-01 
-9.542481e-01 
-9.542475e-01 
-9.542467e-01 
-9.542456e-01 
-9.542440e-01 
-9.542416e-01 
-9.542400e-01 
-9.542392e-01 
-9.542385e-01 
-9.542379e-01 
-9.542374e-01 
-9.542369e-01 
-9.542365e-01 
-9.542361e-01 
-9.542358e-01 
-9.542355e-01 
-9.542352e-01 
-9.542349e-01 
-9.542347e-01 
-9.542344e-01 
-9.542342e-01 
-9.542340e-01 
-9.542338e-01 
-9.542337e-01 
-9.542335e-01 
-9.542334e-01 
-9.542332e-01 
-9.542331e-01 
-9.542330e-01 
-9.542329e-01 
-9.542329e-01 
-9.542329e-01 
-9.542329e-01 
-9.542329e-01 
-9.542329e-01 
-9.542329e-01 
-9.542329e-01 
-9.542329e-01 
-9.542329e-01 
-9.542329e-01 
-9.542329e-01 
-9.542329e-01 
-9.542329e-01 
-9.542329e-01 
-9.542329e-01 
-9.542329e-01 
-9.542329e-01 
-9.542329e-01 
-9.542329e-01 
-9.542329e-01 
-9.542329e-01 
-9.542329e-01 
-9.542329e-01 
-9.542329e-01 
-9.542329e-01 
-9.542329e-01 
-9.542329e-01 
-9.542329e-01 
-9.542329e-01 
-9.542329e-01 
-9.542329e-01 
-9.542329e-01 
-9.542329e-01 
-9.542329e-01 
-9.542329e-01 
-9.542329e-01 
-9.542329e-01 
-9.542329e-01 
-9.542329e-01 
-9.542329e-01 
-9.542329e-01 
-9.542329e-01 
-9.542329e-01 
-9.542329e-01 
-9.542329e-01 
-9.542329e-01 
-9.542329e-01 
-9.542329e-01 
-9.542329e-01 
-9.542329e-01 
-9.542329e-01 
-9.542329e-01 
-9.542329e-01 
-9.542329e-01 
-9.542329e-01 
-9.542329e-01 
-9.542329e-01 
-9.542329e-01 
-9.542329e-01 
-9.542329e-01 
-9.542329e-01 
-9.542329e-01 
-9.542329e-01 
-9.022628e-01 
-7.908036e-01 
-6.567433e-01 
-5.030947e-01 
-3.197831e-01 
-1.017020e-01 
-3.049832e-03 
4.860008e-04 
2.589084e-04 
1.548099e-04 
1.008245e-04 
6.961639e-05 
5.020195e-05 
3.745292e-05 
2.872121e-05 
2.253454e-05 
1.802622e-05 
1.466213e-05 
1.210052e-05 
1.011627e-05 
8.559293e-06 
7.337607e-06 
6.455884e-06 
6.484255e-06 
1.071722e-05 
1.430401e-05 
1.594506e-05 
1.681979e-05 
1.727592e-05 
1.742276e-05 
1.746812e-05 
1.746805e-05 
1.746805e-05 
1.746805e-05 
1.746805e-05 
1.746805e-05 
1.746805e-05 
1.746805e-05 
1.746805e-05 
1.746805e-05 
1.746805e-05 
1.746805e-05 
1.746805e-05 
1.746805e-05 
1.746805e-05 
1.746805e-05 
1.746805e-05 
1.746805e-05 
1.746805e-05 
1.746805e-05 
1.746805e-05 
1.746805e-05 
1.746805e-05 
1.746805e-05 
1.746805e-05 
1.746805e-05 
1.746805e-05 
1.746805e-05 
1.746805e-05 
1.746805e-05 
1.746805e-05 
1.746805e-05 
1.746805e-05 
1.746805e-05 
1.746805e-05 
1.746805e-05 
1.746805e-05 
1.746805e-05 
1.746805e-05 
1.746805e-05 
1.746805e-05 
1.746805e-05 
1.746805e-05 
1.746805e-05 
1.746805e-05 
1.746805e-05 
1.746805e-05 
1.746805e-05 
1.746805e-05 
1.746805e-05 
1.746805e-05 
1.746805e-05 
1.746805e-05 
1.746805e-05 
1.746805e-05 
1.746805e-05 
1.746805e-05 
1.746805e-05 
1.746805e-05 
1.746805e-05 
1.746805e-05 
1.746805e-05 
1.746805e-05 
1.747228e-05 
1.762859e-05 
1.780413e-05 
1.799241e-05 
1.820164e-05 
1.843622e-05 
1.868352e-05 
1.892808e-05 
1.919018e-05 
1.947150e-05 
1.977094e-05 
2.008552e-05 
2.040976e-05 
2.073377e-05 
2.104010e-05 
2.129833e-05 
2.145552e-05 
2.141895e-05 
2.102376e-05 
1.997066e-05 
1.770281e-05 
1.316078e-05 
4.319000e-06 
-1.248892e-05 
-4.253594e-05 
-8.921009e-05 
-1.493993e-04 
-2.183928e-04 
-2.962175e-04 
-3.845223e-04 
-4.743440e-04 
-4.815829e-04 
-4.815829e-04 
-4.815829e-04 
-4.815829e-04 
-4.815829e-04 
-4.815829e-04 
-4.815829e-04 
-4.815829e-04 
-4.815829e-04 
-4.815829e-04 
-4.815829e-04 
-4.815829e-04 
-4.815829e-04 
-4.815829e-04 
-4.815829e-04 
-4.815829e-04 
-4.815829e-04 
-4.815829e-04 
-4.815829e-04 
-4.815829e-04 
-4.815829e-04 
-4.815829e-04 
-4.815829e-04 
-4.815829e-04 
-4.815829e-04 
-4.815829e-04 
-4.815829e-04 
-4.815829e-04 
-4.815829e-04 
-4.815829e-04 
-4.815829e-04 
-4.815829e-04 
-4.815829e-04 
-4.815829e-04 
-4.815829e-04 
-4.815829e-04 
-4.815829e-04 
-4.815829e-04 
-4.815829e-04 
-4.815829e-04 
-4.815829e-04 
-4.815829e-04 
-4.815829e-04 
-4.815829e-04 
-4.815829e-04 
-4.815829e-04 
-4.815829e-04 
-4.815829e-04 
-4.815829e-04 
-4.815829e-04 
-4.815829e-04 
-4.815829e-04 
-4.815829e-04 
-4.815829e-04 
-4.815829e-04 
-4.815829e-04 
-4.815829e-04 
-4.815829e-04 
-4.815829e-04 
-4.815829e-04 
-4.815829e-04 
-4.815829e-04 
-4.815829e-04 
-5.126899e-04 
-5.715904e-04 
-6.406146e-04 
-7.220003e-04 
-8.186337e-04 
-9.342542e-04 
-1.073720e-03 
-1.243220e-03 
-1.450457e-03 
-1.706219e-03 
-2.026108e-03 
-2.431915e-03 
-2.954621e-03 
-3.639367e-03 
-4.553612e-03 
-5.801047e-03 
-7.546241e-03 
-1.006021e-02 
-1.380883e-02 
-1.963378e-02 
-2.914452e-02 
-4.560770e-02 
-7.594428e-02 
-1.340652e-01 
-2.378813e-01 
-3.821114e-01 
-5.362072e-01 
-6.824071e-01 
-8.134994e-01 
-9.201232e-01 
-9.542486e-01 
-9.542486e-01 
-9.542486e-01 
-9.542486e-01 
-9.542486e-01 
-9.542486e-01 
-9.542486e-01 
-9.542486e-01 
-9.542486e-01 
-9.542486e-01 
-9.542486e-01 
-9.542486e-01 
-9.542486e-01 
-9.542486e-01 
-9.542486e-01 
-9.542486e-01 
-9.542486e-01 
-9.542486e-01 
-9.542486e-01 
-9.542486e-01 
-9.542486e-01 
-9.542486e-01 
-9.542486e-01 
-9.542486e-01 
-9.542486e-01 
-9.542486e-01 
-9.542486e-01 
-9.542486e-01 
-9.542486e-01 
-9.542486e-01 
-9.542486e-01 
-9.542486e-01 
-9.542486e-01 
-9.542486e-01 
-9.542486e-01 
-9.542486e-01 
-9.542486e-01 
-9.542486e-01 
-9.542486e-01 
-9.542486e-01 
-9.542486e-01 
-9.542486e-01 
-9.542486e-01 
-9.542486e-01 
-9.542486e-01 
-9.542486e-01 
-9.542486e-01 
-9.542486e-01 
-9.542486e-01 
-9.542486e-01 
-9.542486e-01 
-9.542486e-01 
-9.542486e-01 
-9.542486e-01 
-9.542486e-01 
-9.542486e-01 
-9.542486e-01 
-9.542486e-01 
-9.542486e-01 
-9.542486e-01 
-9.542486e-01 
-9.542486e-01 
-9.542486e-01 
-9.542486e-01 
-9.542481e-01 
-9.542475e-01 
-9.542467e-01 
-9.542455e-01 
-9.542439e-01 
-9.542415e-01 
-9.542399e-01 
-9.542391e-01 
-9.542385e-01 
-9.542379e-01 
-9.542374e-01 
-9.542369e-01 
-9.542365e-01 
-9.542361e-01 
-9.542358e-01 
-9.542354e-01 
-9.542352e-01 
-9.542349e-01 
-9.542346e-01 
-9.542344e-01 
-9.542342e-01 
-9.542340e-01 
-9.542338e-01 
-9.542337e-01 
-9.542335e-01 
-9.542334e-01 
-9.542332e-01 
-9.542331e-01 
-9.542330e-01 
-9.542329e-01 
-9.542329e-01 
-9.542329e-01 
-9.542329e-01 
-9.542329e-01 
-9.542329e-01 
-9.542329e-01 
-9.542329e-01 
-9.542329e-01 
-9.542329e-01 
-9.542329e-01 
-9.542329e-01 
-9.542329e-01 
-9.542329e-01 
-9.542329e-01 
-9.542329e-01 
-9.542329e-01 
-9.542329e-01 
-9.542329e-01 
-9.542329e-01 
-9.542329e-01 
-9.542329e-01 
-9.542329e-01 
-9.542329e-01 
-9.542329e-01 
-9.542329e-01 
-9.542329e-01 
-9.542329e-01 
-9.542329e-01 
-9.542329e-01 
-9.542329e-01 
-9.542329e-01 
-9.542329e-01 
-9.542329e-01 
-9.542329e-01 
-9.542329e-01 
-9.542329e-01 
-9.542329e-01 
-9.542329e-01 
-9.542329e-01 
-9.542329e-01 
-9.542329e-01 
-9.542329e-01 
-9.542329e-01 
-9.542329e-01 
-9.542329e-01 
-9.542329e-01 
-9.542329e-01 
-9.542329e-01 
-9.542329e-01 
-9.542329e-01 
-9.542329e-01 
-9.542329e-01 
-9.542329e-01 
-9.542329e-01 
-9.542329e-01 
-9.542329e-01 
-9.542329e-01 
-9.542329e-01 
-9.542329e-01 
-9.542329e-01 
-9.542329e-01 
-9.542329e-01 
-9.542329e-01 
-8.955943e-01 
-7.822586e-01 
-6.468962e-01 
-4.917032e-01 
-3.056305e-01 
-8.841165e-02 
-1.943416e-03 
4.801688e-04 
2.565006e-04 
1.545636e-04 
1.011995e-04 
7.016132e-05 
5.076719e-05 
3.798863e-05 
2.921378e-05 
2.298412e-05 
1.843813e-05 
1.504356e-05 
1.245943e-05 
1.046122e-05 
8.899403e-06 
7.679773e-06 
6.775191e-06 
6.374279e-06 
5.494849e-06 
2.934537e-06 
2.719234e-06 
2.339409e-06 
1.743219e-06 
9.525274e-07 
5.271252e-07 
5.271357e-07 
5.271357e-07 
5.271357e-07 
5.271357e-07 
5.271357e-07 
5.271357e-07 
5.271357e-07 
5.271357e-07 
5.271357e-07 
5.271357e-07 
5.271357e-07 
5.271357e-07 
5.271357e-07 
5.271357e-07 
5.271357e-07 
5.271357e-07 
5.271357e-07 
5.271357e-07 
5.271357e-07 
5.271357e-07 
5.271357e-07 
5.271357e-07 
5.271357e-07 
5.271357e-07 
5.271357e-07 
5.271357e-07 
5.271357e-07 
5.271357e-07 
5.271357e-07 
5.271357e-07 
5.271357e-07 
5.271357e-07 
5.271357e-07 
5.271357e-07 
5.271357e-07 
5.271357e-07 
5.271357e-07 
5.271357e-07 
5.271357e-07 
5.271357e-07 
5.271357e-07 
5.271357e-07 
5.271357e-07 
5.271357e-07 
5.271357e-07 
5.271357e-07 
5.271357e-07 
5.271357e-07 
5.271357e-07 
5.271357e-07 
5.271357e-07 
5.271357e-07 
5.271357e-07 
5.271357e-07 
5.271357e-07 
5.271357e-07 
5.271357e-07 
5.271357e-07 
5.271357e-07 
5.271357e-07 
5.271357e-07 
5.271357e-07 
5.386751e-07 
7.203171e-07 
9.303381e-07 
1.168433e-06 
1.439329e-06 
1.748784e-06 
2.103925e-06 
2.514108e-06 
2.992937e-06 
3.557535e-06 
4.228252e-06 
5.031925e-06 
6.005108e-06 
7.198190e-06 
8.681875e-06 
1.055765e-05 
1.297516e-05 
1.616197e-05 
2.047680e-05 
2.650804e-05 
3.526228e-05 
4.852395e-05 
6.945716e-05 
1.029959e-04 
1.533303e-04 
2.171198e-04 
2.858721e-04 
3.553663e-04 
4.239495e-04 
4.867511e-04 
5.322535e-04 
5.338139e-04 
5.338139e-04 
5.338139e-04 
5.338139e-04 
5.338139e-04 
5.338139e-04 
5.338139e-04 
5.338139e-04 
5.338139e-04 
5.338139e-04 
5.338139e-04 
5.338139e-04 
5.338139e-04 
5.338139e-04 
5.338139e-04 
5.338139e-04 
5.338139e-04 
5.338139e-04 
5.338139e-04 
5.338139e-04 
5.338139e-04 
5.338139e-04 
5.338139e-04 
5.338139e-04 
5.338139e-04 
5.338139e-04 
5.338139e-04 
5.338139e-04 
5.338139e-04 
5.338139e-04 
5.338139e-04 
5.338139e-04 
5.338139e-04 
5.338139e-04 
5.338139e-04 
5.338139e-04 
5.338139e-04 
5.338139e-04 
5.338139e-04 
5.338139e-04 
5.338139e-04 
5.338139e-04 
5.338139e-04 
5.338139e-04 
5.338139e-04 
5.338139e-04 
5.338139e-04 
5.338139e-04 
5.338139e-04 
5.338139e-04 
5.338139e-04 
5.338139e-04 
5.338139e-04 
5.338139e-04 
5.338139e-04 
5.338139e-04 
5.338139e-04 
5.338139e-04 
5.338139e-04 
5.338139e-04 
5.338139e-04 
5.338139e-04 
5.338139e-04 
5.718717e-04 
6.361647e-04 
7.105096e-04 
7.947706e-04 
8.487770e-04 
9.671681e-04 
1.111755e-03 
1.287167e-03 
1.501655e-03 
1.766728e-03 
2.098487e-03 
2.519531e-03 
3.062092e-03 
3.773188e-03 
4.723155e-03 
6.020222e-03 
7.836385e-03 
1.045532e-02 
1.436551e-02 
2.045126e-02 
3.040683e-02 
4.767473e-02 
7.952758e-02 
1.403323e-01 
2.473336e-01 
3.928762e-01 
5.466190e-01 
6.919403e-01 
8.217159e-01 
9.261512e-01 
9.542487e-01 
9.542487e-01 
9.542487e-01 
9.542487e-01 
9.542487e-01 
9.542487e-01 
9.542487e-01 
9.542487e-01 
9.542487e-01 
9.542487e-01 
9.542487e-01 
9.542487e-01 
9.542487e-01 
9.542487e-01 
9.542487e-01 
9.542487e-01 
9.542487e-01 
9.542487e-01 
9.542487e-01 
9.542487e-01 
9.542487e-01 
9.542487e-01 
9.542487e-01 
9.542487e-01 
9.542487e-01 
9.542487e-01 
9.542487e-01 
9.542487e-01 
9.542487e-01 
9.542487e-01 
9.542487e-01 
9.542487e-01 
9.542487e-01 
9.542487e-01 
9.542487e-01 
9.542487e-01 
9.542487e-01 
9.542487e-01 
9.542487e-01 
9.542487e-01 
9.542487e-01 
9.542487e-01 
9.542487e-01 
9.542487e-01 
9.542487e-01 
9.542487e-01 
9.542487e-01 
9.542487e-01 
9.542487e-01 
9.542487e-01 
9.542487e-01 
9.542487e-01 
9.542487e-01 
9.542487e-01 
9.542487e-01 
9.542487e-01 
9.542487e-01 
9.542487e-01 
9.542487e-01 
9.542487e-01 
9.542487e-01 
9.542487e-01 
9.542487e-01 
9.542486e-01 
9.542482e-01 
9.542477e-01 
9.542471e-01 
9.542463e-01 
9.542454e-01 
9.542444e-01 
9.542433e-01 
9.542421e-01 
9.542410e-01 
9.542401e-01 
9.542392e-01 
9.542385e-01 
9.542378e-01 
9.542373e-01 
9.542368e-01 
9.542364e-01 
9.542360e-01 
9.542356e-01 
9.542353e-01 
9.542350e-01 
9.542347e-01 
9.542345e-01 
9.542343e-01 
9.542341e-01 
9.542339e-01 
9.542337e-01 
9.542336e-01 
9.542334e-01 
9.542333e-01 
9.542331e-01 
9.542331e-01 
9.542331e-01 
9.542331e-01 
9.542331e-01 
9.542331e-01 
9.542331e-01 
9.542331e-01 
9.542331e-01 
9.542331e-01 
9.542331e-01 
9.542331e-01 
9.542331e-01 
9.542331e-01 
9.542331e-01 
9.542331e-01 
9.542331e-01 
9.542331e-01 
9.542331e-01 
9.542331e-01 
9.542331e-01 
9.542331e-01 
9.542331e-01 
9.542331e-01 
9.542331e-01 
9.542331e-01 
9.542331e-01 
9.542331e-01 
9.542331e-01 
9.542331e-01 
9.542331e-01 
9.542331e-01 
9.542331e-01 
9.542331e-01 
9.542331e-01 
9.542331e-01 
9.542331e-01 
9.542331e-01 
9.542331e-01 
9.542331e-01 
9.542331e-01 
9.542331e-01 
9.542331e-01 
9.542331e-01 
9.542331e-01 
9.542331e-01 
9.542331e-01 
9.542331e-01 
9.542331e-01 
9.542331e-01 
9.542331e-01 
9.542331e-01 
9.542331e-01 
9.542331e-01 
9.542331e-01 
9.542331e-01 
9.542331e-01 
9.542331e-01 
9.542331e-01 
9.542331e-01 
9.542331e-01 
9.542331e-01 
9.542331e-01 
9.542331e-01 
8.887664e-01 
7.736304e-01 
6.370463e-01 
4.805693e-01 
2.929737e-01 
8.081750e-02 
3.502562e-03 
4.589557e-04 
2.394291e-04 
1.451908e-04 
9.543434e-05 
6.633523e-05 
4.808157e-05 
3.601845e-05 
2.771468e-05 
2.180686e-05 
1.748690e-05 
1.425402e-05 
1.178644e-05 
9.871584e-06 
8.367748e-06 
7.188171e-06 
6.330319e-06 
6.212585e-06 
7.185570e-06 
5.662356e-06 
4.872437e-06 
4.421392e-06 
4.310507e-06 
4.484333e-06 
4.636902e-06 
4.636897e-06 
4.636897e-06 
4.636897e-06 
4.636897e-06 
4.636897e-06 
4.636897e-06 
4.636897e-06 
4.636897e-06 
4.636897e-06 
4.636897e-06 
4.636897e-06 
4.636897e-06 
4.636897e-06 
4.636897e-06 
4.636897e-06 
4.636897e-06 
4.636897e-06 
4.636897e-06 
4.636897e-06 
4.636897e-06 
4.636897e-06 
4.636897e-06 
4.636897e-06 
4.636897e-06 
4.636897e-06 
4.636897e-06 
4.636897e-06 
4.636897e-06 
4.636897e-06 
4.636897e-06 
4.636897e-06 
4.636897e-06 
4.636897e-06 
4.636897e-06 
4.636897e-06 
4.636897e-06 
4.636897e-06 
4.636897e-06 
4.636897e-06 
4.636897e-06 
4.636897e-06 
4.636897e-06 
4.636897e-06 
4.636897e-06 
4.636897e-06 
4.636897e-06 
4.636897e-06 
4.636897e-06 
4.636897e-06 
4.636897e-06 
4.636897e-06 
4.636897e-06 
4.636897e-06 
4.636897e-06 
4.636897e-06 
4.636897e-06 
4.636897e-06 
4.636897e-06 
4.636897e-06 
4.636897e-06 
4.636897e-06 
4.636897e-06 
4.657354e-06 
4.845754e-06 
5.060093e-06 
5.302114e-06 
5.577273e-06 
5.892380e-06 
6.255989e-06 
6.678412e-06 
7.171062e-06 
7.749407e-06 
8.435550e-06 
9.258822e-06 
1.025840e-05 
1.148791e-05 
1.302251e-05 
1.497015e-05 
1.749021e-05 
2.082541e-05 
2.535859e-05 
3.171732e-05 
4.097153e-05 
5.499945e-05 
7.705126e-05 
1.118977e-04 
1.628762e-04 
2.259953e-04 
2.936545e-04 
3.625340e-04 
4.311811e-04 
4.942492e-04 
5.377755e-04 
5.384646e-04 
5.384646e-04 
5.384646e-04 
5.384646e-04 
5.384646e-04 
5.384646e-04 
5.384646e-04 
5.384646e-04 
5.384646e-04 
5.384646e-04 
5.384646e-04 
5.384646e-04 
5.384646e-04 
5.384646e-04 
5.384646e-04 
5.384646e-04 
5.384646e-04 
5.384646e-04 
5.384646e-04 
5.384646e-04 
5.384646e-04 
5.384646e-04 
5.384646e-04 
5.384646e-04 
5.384646e-04 
5.384646e-04 
5.384646e-04 
5.384646e-04 
5.384646e-04 
5.384646e-04 
5.384646e-04 
5.384646e-04 
5.384646e-04 
5.384646e-04 
5.384646e-04 
5.384646e-04 
5.384646e-04 
5.384646e-04 
5.384646e-04 
5.384646e-04 
5.384646e-04 
5.384646e-04 
5.384646e-04 
5.384646e-04 
5.384646e-04 
5.384646e-04 
5.384646e-04 
5.384646e-04 
5.384646e-04 
5.384646e-04 
5.384646e-04 
5.384646e-04 
5.384646e-04 
5.384646e-04 
5.384646e-04 
5.384646e-04 
5.384646e-04 
5.384646e-04 
5.384646e-04 
5.384646e-04 
5.384646e-04 
5.384646e-04 
5.384646e-04 
5.801804e-04 
6.441110e-04 
7.169261e-04 
7.626327e-04 
8.611810e-04 
9.764792e-04 
1.122401e-03 
1.300410e-03 
1.518013e-03 
1.787073e-03 
2.124128e-03 
2.552321e-03 
3.104701e-03 
3.829557e-03 
4.799263e-03 
6.125410e-03 
7.985757e-03 
1.067429e-02 
1.469889e-02 
2.098231e-02 
3.129973e-02 
4.927153e-02 
8.254997e-02 
1.460439e-01 
2.563845e-01 
4.034218e-01 
5.569196e-01 
7.013875e-01 
8.298147e-01 
9.319852e-01 
9.542487e-01 
9.542487e-01 
9.542487e-01 
9.542487e-01 
9.542487e-01 
9.542487e-01 
9.542487e-01 
9.542487e-01 
9.542487e-01 
9.542487e-01 
9.542487e-01 
9.542487e-01 
9.542487e-01 
9.542487e-01 
9.542487e-01 
9.542487e-01 
9.542487e-01 
9.542487e-01 
9.542487e-01 
9.542487e-01 
9.542487e-01 
9.542487e-01 
9.542487e-01 
9.542487e-01 
9.542487e-01 
9.542487e-01 
9.542487e-01 
9.542487e-01 
9.542487e-01 
9.542487e-01 
9.542487e-01 
9.542487e-01 
9.542487e-01 
9.542487e-01 
9.542487e-01 
9.542487e-01 
9.542487e-01 
9.542487e-01 
9.542487e-01 
9.542487e-01 
9.542487e-01 
9.542487e-01 
9.542487e-01 
9.542487e-01 
9.542487e-01 
9.542487e-01 
9.542487e-01 
9.542487e-01 
9.542487e-01 
9.542487e-01 
9.542487e-01 
9.542487e-01 
9.542487e-01 
9.542487e-01 
9.542487e-01 
9.542487e-01 
9.542487e-01 
9.542487e-01 
9.542487e-01 
9.542487e-01 
9.542487e-01 
9.542487e-01 
9.542487e-01 
9.542486e-01 
9.542482e-01 
9.542477e-01 
9.542470e-01 
9.542463e-01 
9.542454e-01 
9.542443e-01 
9.542432e-01 
9.542421e-01 
9.542410e-01 
9.542400e-01 
9.542392e-01 
9.542384e-01 
9.542378e-01 
9.542372e-01 
9.542368e-01 
9.542363e-01 
9.542359e-01 
9.542356e-01 
9.542353e-01 
9.542350e-01 
9.542347e-01 
9.542345e-01 
9.542343e-01 
9.542341e-01 
9.542339e-01 
9.542337e-01 
9.542336e-01 
9.542334e-01 
9.542333e-01 
9.542331e-01 
9.542331e-01 
9.542331e-01 
9.542331e-01 
9.542331e-01 
9.542331e-01 
9.542331e-01 
9.542331e-01 
9.542331e-01 
9.542331e-01 
9.542331e-01 
9.542331e-01 
9.542331e-01 
9.542331e-01 
9.542331e-01 
9.542331e-01 
9.542331e-01 
9.542331e-01 
9.542331e-01 
9.542331e-01 
9.542331e-01 
9.542331e-01 
9.542331e-01 
9.542331e-01 
9.542331e-01 
9.542331e-01 
9.542331e-01 
9.542331e-01 
9.542331e-01 
9.542331e-01 
9.542331e-01 
9.542331e-01 
9.542331e-01 
9.542331e-01 
9.542331e-01 
9.542331e-01 
9.542331e-01 
9.542331e-01 
9.542331e-01 
9.542331e-01 
9.542331e-01 
9.542331e-01 
9.542331e-01 
9.542331e-01 
9.542331e-01 
9.542331e-01 
9.542331e-01 
9.542331e-01 
9.542331e-01 
9.542331e-01 
9.542331e-01 
9.542331e-01 
9.542331e-01 
9.542331e-01 
9.542331e-01 
9.542331e-01 
9.542331e-01 
9.542331e-01 
9.542331e-01 
9.542331e-01 
9.542331e-01 
9.542331e-01 
9.542331e-01 
9.542331e-01 
8.817810e-01 
7.648931e-01 
6.270344e-01 
4.689472e-01 
2.785793e-01 
6.946855e-02 
2.785539e-03 
4.469487e-04 
2.375155e-04 
1.450862e-04 
9.585226e-05 
6.689062e-05 
4.864596e-05 
3.654961e-05 
2.820192e-05 
2.225147e-05 
1.789466e-05 
1.463237e-05 
1.214370e-05 
1.021729e-05 
8.714838e-06 
7.562233e-06 
6.827307e-06 
7.510517e-06 
1.235379e-05 
1.500621e-05 
1.632092e-05 
1.703955e-05 
1.741004e-05 
1.748036e-05 
1.753917e-05 
1.753916e-05 
1.753916e-05 
1.753916e-05 
1.753916e-05 
1.753916e-05 
1.753916e-05 
1.753916e-05 
1.753916e-05 
1.753916e-05 
1.753916e-05 
1.753916e-05 
1.753916e-05 
1.753916e-05 
1.753916e-05 
1.753916e-05 
1.753916e-05 
1.753916e-05 
1.753916e-05 
1.753916e-05 
1.753916e-05 
1.753916e-05 
1.753916e-05 
1.753916e-05 
1.753916e-05 
1.753916e-05 
1.753916e-05 
1.753916e-05 
1.753916e-05 
1.753916e-05 
1.753916e-05 
1.753916e-05 
1.753916e-05 
1.753916e-05 
1.753916e-05 
1.753916e-05 
1.753916e-05 
1.753916e-05 
1.753916e-05 
1.753916e-05 
1.753916e-05 
1.753916e-05 
1.753916e-05 
1.753916e-05 
1.753916e-05 
1.753916e-05 
1.753916e-05 
1.753916e-05 
1.753916e-05 
1.753916e-05 
1.753916e-05 
1.753916e-05 
1.753916e-05 
1.753916e-05 
1.753916e-05 
1.753916e-05 
1.753916e-05 
1.753916e-05 
1.753916e-05 
1.753916e-05 
1.753916e-05 
1.753916e-05 
1.753916e-05 
1.756835e-05 
1.772749e-05 
1.789956e-05 
1.808536e-05 
1.828570e-05 
1.850127e-05 
1.873258e-05 
1.898032e-05 
1.924633e-05 
1.953152e-05 
1.983437e-05 
2.015149e-05 
2.047667e-05 
2.079881e-05 
2.109831e-05 
2.134111e-05 
2.146787e-05 
2.137439e-05 
2.087472e-05 
1.962961e-05 
1.700468e-05 
1.178906e-05 
1.677190e-06 
-1.739391e-05 
-5.075416e-05 
-1.006522e-04 
-1.629094e-04 
-2.335583e-04 
-3.134953e-04 
-4.035578e-04 
-4.809784e-04 
-4.815829e-04 
-4.815829e-04 
-4.815829e-04 
-4.815829e-04 
-4.815829e-04 
-4.815829e-04 
-4.815829e-04 
-4.815829e-04 
-4.815829e-04 
-4.815829e-04 
-4.815829e-04 
-4.815829e-04 
-4.815829e-04 
-4.815829e-04 
-4.815829e-04 
-4.815829e-04 
-4.815829e-04 
-4.815829e-04 
-4.815829e-04 
-4.815829e-04 
-4.815829e-04 
-4.815829e-04 
-4.815829e-04 
-4.815829e-04 
-4.815829e-04 
-4.815829e-04 
-4.815829e-04 
-4.815829e-04 
-4.815829e-04 
-4.815829e-04 
-4.815829e-04 
-4.815829e-04 
-4.815829e-04 
-4.815829e-04 
-4.815829e-04 
-4.815829e-04 
-4.815829e-04 
-4.815829e-04 
-4.815829e-04 
-4.815829e-04 
-4.815829e-04 
-4.815829e-04 
-4.815829e-04 
-4.815829e-04 
-4.815829e-04 
-4.815829e-04 
-4.815829e-04 
-4.815829e-04 
-4.815829e-04 
-4.815829e-04 
-4.815829e-04 
-4.815829e-04 
-4.815829e-04 
-4.815829e-04 
-4.815829e-04 
-4.815829e-04 
-4.815829e-04 
-4.815829e-04 
-4.815829e-04 
-4.815829e-04 
-4.815829e-04 
-4.815829e-04 
-4.815829e-04 
-5.240374e-04 
-5.848588e-04 
-6.562174e-04 
-7.404710e-04 
-8.406619e-04 
-9.607360e-04 
-1.105814e-03 
-1.282363e-03 
-1.498530e-03 
-1.766001e-03 
-2.101491e-03 
-2.528376e-03 
-3.080058e-03 
-3.805448e-03 
-4.778050e-03 
-6.111544e-03 
-7.987651e-03 
-1.070812e-02 
-1.479667e-02 
-2.121006e-02 
-3.180037e-02 
-5.036982e-02 
-8.498799e-02 
-1.512148e-01 
-2.650966e-01 
-4.137928e-01 
-5.671242e-01 
-7.107509e-01 
-8.377922e-01 
-9.376189e-01 
-9.542486e-01 
-9.542486e-01 
-9.542486e-01 
-9.542486e-01 
-9.542486e-01 
-9.542486e-01 
-9.542486e-01 
-9.542486e-01 
-9.542486e-01 
-9.542486e-01 
-9.542486e-01 
-9.542486e-01 
-9.542486e-01 
-9.542486e-01 
-9.542486e-01 
-9.542486e-01 
-9.542486e-01 
-9.542486e-01 
-9.542486e-01 
-9.542486e-01 
-9.542486e-01 
-9.542486e-01 
-9.542486e-01 
-9.542486e-01 
-9.542486e-01 
-9.542486e-01 
-9.542486e-01 
-9.542486e-01 
-9.542486e-01 
-9.542486e-01 
-9.542486e-01 
-9.542486e-01 
-9.542486e-01 
-9.542486e-01 
-9.542486e-01 
-9.542486e-01 
-9.542486e-01 
-9.542486e-01 
-9.542486e-01 
-9.542486e-01 
-9.542486e-01 
-9.542486e-01 
-9.542486e-01 
-9.542486e-01 
-9.542486e-01 
-9.542486e-01 
-9.542486e-01 
-9.542486e-01 
-9.542486e-01 
-9.542486e-01 
-9.542486e-01 
-9.542486e-01 
-9.542486e-01 
-9.542486e-01 
-9.542486e-01 
-9.542486e-01 
-9.542486e-01 
-9.542486e-01 
-9.542486e-01 
-9.542486e-01 
-9.542486e-01 
-9.542486e-01 
-9.542486e-01 
-9.542485e-01 
-9.542480e-01 
-9.542473e-01 
-9.542465e-01 
-9.542453e-01 
-9.542434e-01 
-9.542410e-01 
-9.542397e-01 
-9.542390e-01 
-9.542383e-01 
-9.542378e-01 
-9.542373e-01 
-9.542368e-01 
-9.542364e-01 
-9.542360e-01 
-9.542357e-01 
-9.542354e-01 
-9.542351e-01 
-9.542348e-01 
-9.542346e-01 
-9.542344e-01 
-9.542342e-01 
-9.542340e-01 
-9.542338e-01 
-9.542336e-01 
-9.542335e-01 
-9.542333e-01 
-9.542332e-01 
-9.542331e-01 
-9.542330e-01 
-9.542329e-01 
-9.542329e-01 
-9.542329e-01 
-9.542329e-01 
-9.542329e-01 
-9.542329e-01 
-9.542329e-01 
-9.542329e-01 
-9.542329e-01 
-9.542329e-01 
-9.542329e-01 
-9.542329e-01 
-9.542329e-01 
-9.542329e-01 
-9.542329e-01 
-9.542329e-01 
-9.542329e-01 
-9.542329e-01 
-9.542329e-01 
-9.542329e-01 
-9.542329e-01 
-9.542329e-01 
-9.542329e-01 
-9.542329e-01 
-9.542329e-01 
-9.542329e-01 
-9.542329e-01 
-9.542329e-01 
-9.542329e-01 
-9.542329e-01 
-9.542329e-01 
-9.542329e-01 
-9.542329e-01 
-9.542329e-01 
-9.542329e-01 
-9.542329e-01 
-9.542329e-01 
-9.542329e-01 
-9.542329e-01 
-9.542329e-01 
-9.542329e-01 
-9.542329e-01 
-9.542329e-01 
-9.542329e-01 
-9.542329e-01 
-9.542329e-01 
-9.542329e-01 
-9.542329e-01 
-9.542329e-01 
-9.542329e-01 
-9.542329e-01 
-9.542329e-01 
-9.542329e-01 
-9.542329e-01 
-9.542329e-01 
-9.542329e-01 
-9.542329e-01 
-9.542329e-01 
-9.542329e-01 
-9.542329e-01 
-9.542329e-01 
-9.542329e-01 
-9.542329e-01 
-9.542329e-01 
-8.746426e-01 
-7.560425e-01 
-6.168272e-01 
-4.566932e-01 
-2.618810e-01 
-5.419611e-02 
-2.014167e-04 
4.075389e-04 
2.224938e-04 
1.367147e-04 
9.065385e-05 
6.341718e-05 
4.619465e-05 
3.474278e-05 
2.682088e-05 
2.116184e-05 
1.700957e-05 
1.389297e-05 
1.150792e-05 
9.652899e-06 
8.194246e-06 
7.057760e-06 
6.309834e-06 
7.042980e-06 
1.206577e-05 
1.486437e-05 
1.624016e-05 
1.697785e-05 
1.734718e-05 
1.739938e-05 
1.746806e-05 
1.746805e-05 
1.746805e-05 
1.746805e-05 
1.746805e-05 
1.746805e-05 
1.746805e-05 
1.746805e-05 
1.746805e-05 
1.746805e-05 
1.746805e-05 
1.746805e-05 
1.746805e-05 
1.746805e-05 
1.746805e-05 
1.746805e-05 
1.746805e-05 
1.746805e-05 
1.746805e-05 
1.746805e-05 
1.746805e-05 
1.746805e-05 
1.746805e-05 
1.746805e-05 
1.746805e-05 
1.746805e-05 
1.746805e-05 
1.746805e-05 
1.746805e-05 
1.746805e-05 
1.746805e-05 
1.746805e-05 
1.746805e-05 
1.746805e-05 
1.746805e-05 
1.746805e-05 
1.746805e-05 
1.746805e-05 
1.746805e-05 
1.746805e-05 
1.746805e-05 
1.746805e-05 
1.746805e-05 
1.746805e-05 
1.746805e-05 
1.746805e-05 
1.746805e-05 
1.746805e-05 
1.746805e-05 
1.746805e-05 
1.746805e-05 
1.746805e-05 
1.746805e-05 
1.746805e-05 
1.746805e-05 
1.746805e-05 
1.746805e-05 
1.746805e-05 
1.746805e-05 
1.746805e-05 
1.746805e-05 
1.746805e-05 
1.746805e-05 
1.750860e-05 
1.767541e-05 
1.785430e-05 
1.804640e-05 
1.826188e-05 
1.850841e-05 
1.874889e-05 
1.899790e-05 
1.926522e-05 
1.955169e-05 
1.985565e-05 
2.017356e-05 
2.049896e-05 
2.082030e-05 
2.111723e-05 
2.135435e-05 
2.147004e-05 
2.135595e-05 
2.081847e-05 
1.950378e-05 
1.674922e-05 
1.128872e-05 
7.164289e-07 
-1.916223e-05 
-5.365543e-05 
-1.045839e-04 
-1.674870e-04 
-2.386983e-04 
-3.193592e-04 
-4.099135e-04 
-4.813624e-04 
-4.815829e-04 
-4.815829e-04 
-4.815829e-04 
-4.815829e-04 
-4.815829e-04 
-4.815829e-04 
-4.815829e-04 
-4.815829e-04 
-4.815829e-04 
-4.815829e-04 
-4.815829e-04 
-4.815829e-04 
-4.815829e-04 
-4.815829e-04 
-4.815829e-04 
-4.815829e-04 
-4.815829e-04 
-4.815829e-04 
-4.815829e-04 
-4.815829e-04 
-4.815829e-04 
-4.815829e-04 
-4.815829e-04 
-4.815829e-04 
-4.815829e-04 
-4.815829e-04 
-4.815829e-04 
-4.815829e-04 
-4.815829e-04 
-4.815829e-04 
-4.815829e-04 
-4.815829e-04 
-4.815829e-04 
-4.815829e-04 
-4.815829e-04 
-4.815829e-04 
-4.815829e-04 
-4.815829e-04 
-4.815829e-04 
-4.815829e-04 
-4.815829e-04 
-4.815829e-04 
-4.815829e-04 
-4.815829e-04 
-4.815829e-04 
-4.815829e-04 
-4.815829e-04 
-4.815829e-04 
-4.815829e-04 
-4.815829e-04 
-4.815829e-04 
-4.815829e-04 
-4.815829e-04 
-4.815829e-04 
-4.815829e-04 
-4.815829e-04 
-4.815829e-04 
-4.815829e-04 
-4.815829e-04 
-4.815829e-04 
-4.815829e-04 
-4.815829e-04 
-4.815829e-04 
-5.279004e-04 
-5.893788e-04 
-6.615373e-04 
-7.467748e-04 
-8.481878e-04 
-9.697936e-04 
-1.116802e-03 
-1.295774e-03 
-1.515024e-03 
-1.786551e-03 
-2.127455e-03 
-2.561669e-03 
-3.123451e-03 
-3.863054e-03 
-4.856129e-03 
-6.219935e-03 
-8.142364e-03 
-1.093629e-02 
-1.514653e-02 
-2.177214e-02 
-3.275506e-02 
-5.209643e-02 
-8.828472e-02 
-1.573996e-01 
-2.745262e-01 
-4.243875e-01 
-5.773374e-01 
-7.200503e-01 
-8.456473e-01 
-9.430465e-01 
-9.542486e-01 
-9.542486e-01 
-9.542486e-01 
-9.542486e-01 
-9.542486e-01 
-9.542486e-01 
-9.542486e-01 
-9.542486e-01 
-9.542486e-01 
-9.542486e-01 
-9.542486e-01 
-9.542486e-01 
-9.542486e-01 
-9.542486e-01 
-9.542486e-01 
-9.542486e-01 
-9.542486e-01 
-9.542486e-01 
-9.542486e-01 
-9.542486e-01 
-9.542486e-01 
-9.542486e-01 
-9.542486e-01 
-9.542486e-01 
-9.542486e-01 
-9.542486e-01 
-9.542486e-01 
-9.542486e-01 
-9.542486e-01 
-9.542486e-01 
-9.542486e-01 
-9.542486e-01 
-9.542486e-01 
-9.542486e-01 
-9.542486e-01 
-9.542486e-01 
-9.542486e-01 
-9.542486e-01 
-9.542486e-01 
-9.542486e-01 
-9.542486e-01 
-9.542486e-01 
-9.542486e-01 
-9.542486e-01 
-9.542486e-01 
-9.542486e-01 
-9.542486e-01 
-9.542486e-01 
-9.542486e-01 
-9.542486e-01 
-9.542486e-01 
-9.542486e-01 
-9.542486e-01 
-9.542486e-01 
-9.542486e-01 
-9.542486e-01 
-9.542486e-01 
-9.542486e-01 
-9.542486e-01 
-9.542486e-01 
-9.542486e-01 
-9.542486e-01 
-9.542486e-01 
-9.542485e-01 
-9.542480e-01 
-9.542473e-01 
-9.542464e-01 
-9.542452e-01 
-9.542433e-01 
-9.542409e-01 
-9.542397e-01 
-9.542389e-01 
-9.542383e-01 
-9.542377e-01 
-9.542372e-01 
-9.542368e-01 
-9.542364e-01 
-9.542360e-01 
-9.542357e-01 
-9.542354e-01 
-9.542351e-01 
-9.542348e-01 
-9.542346e-01 
-9.542344e-01 
-9.542342e-01 
-9.542340e-01 
-9.542338e-01 
-9.542336e-01 
-9.542335e-01 
-9.542333e-01 
-9.542332e-01 
-9.542331e-01 
-9.542329e-01 
-9.542329e-01 
-9.542329e-01 
-9.542329e-01 
-9.542329e-01 
-9.542329e-01 
-9.542329e-01 
-9.542329e-01 
-9.542329e-01 
-9.542329e-01 
-9.542329e-01 
-9.542329e-01 
-9.542329e-01 
-9.542329e-01 
-9.542329e-01 
-9.542329e-01 
-9.542329e-01 
-9.542329e-01 
-9.542329e-01 
-9.542329e-01 
-9.542329e-01 
-9.542329e-01 
-9.542329e-01 
-9.542329e-01 
-9.542329e-01 
-9.542329e-01 
-9.542329e-01 
-9.542329e-01 
-9.542329e-01 
-9.542329e-01 
-9.542329e-01 
-9.542329e-01 
-9.542329e-01 
-9.542329e-01 
-9.542329e-01 
-9.542329e-01 
-9.542329e-01 
-9.542329e-01 
-9.542329e-01 
-9.542329e-01 
-9.542329e-01 
-9.542329e-01 
-9.542329e-01 
-9.542329e-01 
-9.542329e-01 
-9.542329e-01 
-9.542329e-01 
-9.542329e-01 
-9.542329e-01 
-9.542329e-01 
-9.542329e-01 
-9.542329e-01 
-9.542329e-01 
-9.542329e-01 
-9.542329e-01 
-9.542329e-01 
-9.542329e-01 
-9.542329e-01 
-9.542329e-01 
-9.542329e-01 
-9.542329e-01 
-9.542329e-01 
-9.542329e-01 
-9.542329e-01 
-9.542329e-01 
-8.673616e-01 
-7.471169e-01 
-6.066196e-01 
-4.447067e-01 
-2.468278e-01 
-4.477577e-02 
1.098137e-04 
4.009297e-04 
2.209744e-04 
1.367186e-04 
9.110111e-05 
6.397643e-05 
4.675459e-05 
3.526722e-05 
2.730138e-05 
2.160048e-05 
1.741239e-05 
1.426743e-05 
1.186214e-05 
9.995612e-06 
8.534542e-06 
7.399620e-06 
6.595845e-06 
6.423093e-06 
3.980131e-06 
2.883743e-06 
2.635260e-06 
2.198529e-06 
1.542627e-06 
7.216065e-07 
5.271354e-07 
5.271357e-07 
5.271357e-07 
5.271357e-07 
5.271357e-07 
5.271357e-07 
5.271357e-07 
5.271357e-07 
5.271357e-07 
5.271357e-07 
5.271357e-07 
5.271357e-07 
5.271357e-07 
5.271357e-07 
5.271357e-07 
5.271357e-07 
5.271357e-07 
5.271357e-07 
5.271357e-07 
5.271357e-07 
5.271357e-07 
5.271357e-07 
5.271357e-07 
5.271357e-07 
5.271357e-07 
5.271357e-07 
5.271357e-07 
5.271357e-07 
5.271357e-07 
5.271357e-07 
5.271357e-07 
5.271357e-07 
5.271357e-07 
5.271357e-07 
5.271357e-07 
5.271357e-07 
5.271357e-07 
5.271357e-07 
5.271357e-07 
5.271357e-07 
5.271357e-07 
5.271357e-07 
5.271357e-07 
5.271357e-07 
5.271357e-07 
5.271357e-07 
5.271357e-07 
5.271357e-07 
5.271357e-07 
5.271357e-07 
5.271357e-07 
5.271357e-07 
5.271357e-07 
5.271357e-07 
5.271357e-07 
5.271357e-07 
5.271357e-07 
5.271357e-07 
5.271357e-07 
5.271357e-07 
5.271357e-07 
5.271357e-07 
5.271357e-07 
5.830189e-07 
7.752129e-07 
9.924844e-07 
1.239044e-06 
1.519862e-06 
1.841038e-06 
2.210162e-06 
2.637567e-06 
3.138060e-06 
3.729449e-06 
4.433513e-06 
5.279423e-06 
6.307029e-06 
7.571503e-06 
9.150705e-06 
1.115717e-05 
1.375818e-05 
1.721051e-05 
2.192316e-05 
2.857477e-05 
3.833924e-05 
5.330946e-05 
7.713989e-05 
1.150459e-04 
1.698081e-04 
2.357142e-04 
3.048701e-04 
3.743200e-04 
4.420521e-04 
5.016131e-04 
5.337828e-04 
5.338139e-04 
5.338139e-04 
5.338139e-04 
5.338139e-04 
5.338139e-04 
5.338139e-04 
5.338139e-04 
5.338139e-04 
5.338139e-04 
5.338139e-04 
5.338139e-04 
5.338139e-04 
5.338139e-04 
5.338139e-04 
5.338139e-04 
5.338139e-04 
5.338139e-04 
5.338139e-04 
5.338139e-04 
5.338139e-04 
5.338139e-04 
5.338139e-04 
5.338139e-04 
5.338139e-04 
5.338139e-04 
5.338139e-04 
5.338139e-04 
5.338139e-04 
5.338139e-04 
5.338139e-04 
5.338139e-04 
5.338139e-04 
5.338139e-04 
5.338139e-04 
5.338139e-04 
5.338139e-04 
5.338139e-04 
5.338139e-04 
5.338139e-04 
5.338139e-04 
5.338139e-04 
5.338139e-04 
5.338139e-04 
5.338139e-04 
5.338139e-04 
5.338139e-04 
5.338139e-04 
5.338139e-04 
5.338139e-04 
5.338139e-04 
5.338139e-04 
5.338139e-04 
5.338139e-04 
5.338139e-04 
5.338139e-04 
5.338139e-04 
5.338139e-04 
5.338139e-04 
5.338139e-04 
5.338139e-04 
5.338139e-04 
5.338139e-04 
5.340599e-04 
5.885391e-04 
6.554422e-04 
7.327314e-04 
8.151652e-04 
8.784786e-04 
1.003994e-03 
1.156380e-03 
1.341529e-03 
1.568546e-03 
1.850025e-03 
2.203623e-03 
2.654192e-03 
3.237385e-03 
4.005560e-03 
5.037617e-03 
6.455989e-03 
8.457122e-03 
1.136865e-02 
1.576214e-02 
2.268782e-02 
3.419087e-02 
5.448717e-02 
9.247410e-02 
1.645814e-01 
2.845855e-01 
4.351522e-01 
5.875423e-01 
7.292799e-01 
8.533747e-01 
9.482619e-01 
9.542487e-01 
9.542487e-01 
9.542487e-01 
9.542487e-01 
9.542487e-01 
9.542487e-01 
9.542487e-01 
9.542487e-01 
9.542487e-01 
9.542487e-01 
9.542487e-01 
9.542487e-01 
9.542487e-01 
9.542487e-01 
9.542487e-01 
9.542487e-01 
9.542487e-01 
9.542487e-01 
9.542487e-01 
9.542487e-01 
9.542487e-01 
9.542487e-01 
9.542487e-01 
9.542487e-01 
9.542487e-01 
9.542487e-01 
9.542487e-01 
9.542487e-01 
9.542487e-01 
9.542487e-01 
9.542487e-01 
9.542487e-01 
9.542487e-01 
9.542487e-01 
9.542487e-01 
9.542487e-01 
9.542487e-01 
9.542487e-01 
9.542487e-01 
9.542487e-01 
9.542487e-01 
9.542487e-01 
9.542487e-01 
9.542487e-01 
9.542487e-01 
9.542487e-01 
9.542487e-01 
9.542487e-01 
9.542487e-01 
9.542487e-01 
9.542487e-01 
9.542487e-01 
9.542487e-01 
9.542487e-01 
9.542487e-01 
9.542487e-01 
9.542487e-01 
9.542487e-01 
9.542487e-01 
9.542487e-01 
9.542487e-01 
9.542487e-01 
9.542487e-01 
9.542485e-01 
9.542481e-01 
9.542475e-01 
9.542469e-01 
9.542461e-01 
9.542452e-01 
9.542441e-01 
9.542430e-01 
9.542418e-01 
9.542408e-01 
9.542398e-01 
9.542390e-01 
9.542383e-01 
9.542377e-01 
9.542371e-01 
9.542367e-01 
9.542362e-01 
9.542359e-01 
9.542355e-01 
9.542352e-01 
9.542349e-01 
9.542347e-01 
9.542344e-01 
9.542342e-01 
9.542340e-01 
9.542338e-01 
9.542337e-01 
9.542335e-01 
9.542334e-01 
9.542332e-01 
9.542331e-01 
9.542331e-01 
9.542331e-01 
9.542331e-01 
9.542331e-01 
9.542331e-01 
9.542331e-01 
9.542331e-01 
9.542331e-01 
9.542331e-01 
9.542331e-01 
9.542331e-01 
9.542331e-01 
9.542331e-01 
9.542331e-01 
9.542331e-01 
9.542331e-01 
9.542331e-01 
9.542331e-01 
9.542331e-01 
9.542331e-01 
9.542331e-01 
9.542331e-01 
9.542331e-01 
9.542331e-01 
9.542331e-01 
9.542331e-01 
9.542331e-01 
9.542331e-01 
9.542331e-01 
9.542331e-01 
9.542331e-01 
9.542331e-01 
9.542331e-01 
9.542331e-01 
9.542331e-01 
9.542331e-01 
9.542331e-01 
9.542331e-01 
9.542331e-01 
9.542331e-01 
9.542331e-01 
9.542331e-01 
9.542331e-01 
9.542331e-01 
9.542331e-01 
9.542331e-01 
9.542331e-01 
9.542331e-01 
9.542331e-01 
9.542331e-01 
9.542331e-01 
9.542331e-01 
9.542331e-01 
9.542331e-01 
9.542331e-01 
9.542331e-01 
9.542331e-01 
9.542331e-01 
9.542331e-01 
9.542331e-01 
9.542331e-01 
9.542331e-01 
9.516542e-01 
8.599446e-01 
7.381262e-01 
5.964485e-01 
4.331491e-01 
2.341256e-01 
4.117209e-02 
1.441251e-03 
3.736226e-04 
2.066955e-04 
1.285877e-04 
8.598090e-05 
6.052055e-05 
4.429700e-05 
3.344509e-05 
2.590233e-05 
2.049293e-05 
1.651079e-05 
1.351364e-05 
1.121485e-05 
9.424081e-06 
8.015199e-06 
6.917840e-06 
6.179008e-06 
6.555886e-06 
6.621133e-06 
5.413905e-06 
4.714720e-06 
4.358071e-06 
4.334773e-06 
4.558076e-06 
4.636897e-06 
4.636897e-06 
4.636897e-06 
4.636897e-06 
4.636897e-06 
4.636897e-06 
4.636897e-06 
4.636897e-06 
4.636897e-06 
4.636897e-06 
4.636897e-06 
4.636897e-06 
4.636897e-06 
4.636897e-06 
4.636897e-06 
4.636897e-06 
4.636897e-06 
4.636897e-06 
4.636897e-06 
4.636897e-06 
4.636897e-06 
4.636897e-06 
4.636897e-06 
4.636897e-06 
4.636897e-06 
4.636897e-06 
4.636897e-06 
4.636897e-06 
4.636897e-06 
4.636897e-06 
4.636897e-06 
4.636897e-06 
4.636897e-06 
4.636897e-06 
4.636897e-06 
4.636897e-06 
4.636897e-06 
4.636897e-06 
4.636897e-06 
4.636897e-06 
4.636897e-06 
4.636897e-06 
4.636897e-06 
4.636897e-06 
4.636897e-06 
4.636897e-06 
4.636897e-06 
4.636897e-06 
4.636897e-06 
4.636897e-06 
4.636897e-06 
4.636897e-06 
4.636897e-06 
4.636897e-06 
4.636897e-06 
4.636897e-06 
4.636897e-06 
4.636897e-06 
4.636897e-06 
4.636897e-06 
4.636897e-06 
4.636897e-06 
4.636897e-06 
4.705058e-06 
4.901889e-06 
5.123328e-06 
5.373819e-06 
5.659163e-06 
5.986601e-06 
6.365222e-06 
6.805640e-06 
7.319916e-06 
7.925268e-06 
8.645652e-06 
9.512743e-06 
1.056913e-05 
1.187349e-05 
1.350858e-05 
0.000000e+00 
0.000000e+00 
0.000000e+00 
0.000000e+00 
0.000000e+00 
0.000000e+00 
0.000000e+00 
0.000000e+00
#[#TRACE_DATA]
#[#TRACE]
