#[TRACE]
#data_labels=Output
#[TRACE_DATA]
5.084831e-06 
1.682288e-05 
1.682196e-05 
1.682196e-05 
1.682196e-05 
2.154723e-05 
-5.810968e-04 
-5.816269e-04 
-5.816269e-04 
-5.816269e-04 
-4.420867e-03 
-9.543227e-01 
-9.543232e-01 
-9.543232e-01 
-9.543232e-01 
-9.542540e-01 
-9.542419e-01 
-9.542419e-01 
-9.542419e-01 
-9.542419e-01 
3.911235e-05 
3.589728e-06 
3.589624e-06 
3.589624e-06 
3.589624e-06 
1.262132e-05 
6.462399e-04 
6.464370e-04 
6.464370e-04 
6.464370e-04 
4.632713e-03 
9.543231e-01 
9.543235e-01 
9.543235e-01 
9.543235e-01 
9.542582e-01 
9.542428e-01 
9.542428e-01 
9.542428e-01 
9.542428e-01 
4.173139e-05 
1.682307e-05 
1.682196e-05 
1.682196e-05 
1.682196e-05 
2.162779e-05 
-5.812509e-04 
-5.816269e-04 
-5.816269e-04 
-5.816269e-04 
-4.590122e-03 
-9.543229e-01 
-9.543232e-01 
-9.543232e-01 
-9.543232e-01 
-9.542537e-01 
-9.542419e-01 
-9.542419e-01 
-9.542419e-01 
-9.542419e-01 
3.780427e-05 
3.564344e-06 
3.564275e-06 
3.564275e-06 
3.564275e-06 
1.285774e-05 
6.462978e-04 
6.464357e-04 
6.464357e-04 
6.464357e-04 
4.810682e-03 
9.543232e-01 
9.543235e-01 
9.543235e-01 
9.543235e-01 
9.542578e-01 
9.542428e-01 
9.542428e-01 
9.542428e-01 
9.542428e-01 
3.952436e-05 
-9.678766e-06 
-9.677771e-06 
-9.677771e-06 
-9.677771e-06 
3.958929e-06 
6.008961e-04 
6.010843e-04 
6.010843e-04 
6.010843e-04 
4.903121e-03 
9.543233e-01 
9.543235e-01 
9.543235e-01 
9.543235e-01 
9.542577e-01 
9.542428e-01 
9.542428e-01 
9.542428e-01 
9.542428e-01 
3.850808e-05 
1.682306e-05 
1.682196e-05 
1.682196e-05 
1.682196e-05 
2.174743e-05 
-5.814037e-04 
-5.816269e-04 
-5.816269e-04 
-5.816269e-04 
-4.860917e-03 
-9.543230e-01 
-9.543232e-01 
-9.543232e-01 
-9.543232e-01 
-9.542534e-01 
-9.542419e-01 
-9.542419e-01 
-9.542419e-01 
-9.542419e-01 
3.580564e-05 
1.682301e-05 
1.682196e-05 
1.682196e-05 
1.682196e-05 
2.178691e-05 
-5.814396e-04 
-5.816269e-04 
-5.816269e-04 
-5.816269e-04 
-4.955991e-03 
-9.543231e-01 
-9.543232e-01 
-9.543232e-01 
-9.543232e-01 
-9.542532e-01 
-9.542419e-01 
-9.542419e-01 
-9.542419e-01 
-9.542419e-01 
3.514248e-05 
1.682296e-05 
1.682196e-05 
1.682196e-05 
1.682196e-05 
2.182615e-05 
-5.814698e-04 
-5.816269e-04 
-5.816269e-04 
-5.816269e-04 
-5.053603e-03 
-9.543231e-01 
-9.543232e-01 
-9.543232e-01 
-9.543232e-01 
-9.542531e-01 
-9.542419e-01 
-9.542419e-01 
-9.542419e-01 
-9.542419e-01 
3.448467e-05 
1.682289e-05 
1.682196e-05 
1.682196e-05 
1.682196e-05 
2.186512e-05 
-5.814953e-04 
-5.816269e-04 
-5.816269e-04 
-5.816269e-04 
-5.153837e-03 
-9.543231e-01 
-9.543232e-01 
-9.543232e-01 
-9.543232e-01 
-9.542530e-01 
-9.542419e-01 
-9.542419e-01 
-9.542419e-01 
-9.542419e-01 
3.383390e-05 
1.682282e-05 
1.682196e-05 
1.682196e-05 
1.682196e-05 
2.190381e-05 
-5.815167e-04 
-5.816269e-04 
-5.816269e-04 
-5.816269e-04 
-5.256780e-03 
-9.543231e-01 
-9.543232e-01 
-9.543232e-01 
-9.543232e-01 
-9.542529e-01 
-9.542419e-01 
-9.542419e-01 
-9.542419e-01 
-9.542419e-01 
3.319156e-05 
3.589622e-06 
3.589624e-06 
3.589624e-06 
3.589624e-06 
1.413672e-05 
6.463985e-04 
6.464370e-04 
6.464370e-04 
6.464370e-04 
5.511930e-03 
9.543234e-01 
9.543235e-01 
9.543235e-01 
9.543235e-01 
9.542566e-01 
9.542428e-01 
9.542428e-01 
9.542428e-01 
9.542428e-01 
3.333829e-05 
1.682268e-05 
1.682196e-05 
1.682196e-05 
1.682196e-05 
2.198019e-05 
-5.815497e-04 
-5.816269e-04 
-5.816269e-04 
-5.816269e-04 
-5.471167e-03 
-9.543231e-01 
-9.543232e-01 
-9.543232e-01 
-9.543232e-01 
-9.542527e-01 
-9.542419e-01 
-9.542419e-01 
-9.542419e-01 
-9.542419e-01 
3.193636e-05 
1.682262e-05 
1.682196e-05 
1.682196e-05 
1.682196e-05 
2.201783e-05 
-5.815624e-04 
-5.816269e-04 
-5.816269e-04 
-5.816269e-04 
-5.582803e-03 
-9.543231e-01 
-9.543232e-01 
-9.543232e-01 
-9.543232e-01 
-9.542526e-01 
-9.542419e-01 
-9.542419e-01 
-9.542419e-01 
-9.542419e-01 
3.132504e-05 
1.682255e-05 
1.682196e-05 
1.682196e-05 
1.682196e-05 
2.205506e-05 
-5.815730e-04 
-5.816269e-04 
-5.816269e-04 
-5.816269e-04 
-5.697539e-03 
-9.543231e-01 
-9.543232e-01 
-9.543232e-01 
-9.543232e-01 
-9.542524e-01 
-9.542419e-01 
-9.542419e-01 
-9.542419e-01 
-9.542419e-01 
3.072530e-05 
1.682249e-05 
1.682196e-05 
1.682196e-05 
1.682196e-05 
2.209185e-05 
-5.815819e-04 
-5.816269e-04 
-5.816269e-04 
-5.816269e-04 
-5.815480e-03 
-9.543232e-01 
-9.543232e-01 
-9.543232e-01 
-9.543232e-01 
-9.542523e-01 
-9.542419e-01 
-9.542419e-01 
-9.542419e-01 
-9.542419e-01 
3.013749e-05 
3.589617e-06 
3.589624e-06 
3.589624e-06 
3.589624e-06 
1.510512e-05 
6.464218e-04 
6.464370e-04 
6.464370e-04 
6.464370e-04 
6.099928e-03 
9.543235e-01 
9.543235e-01 
9.543235e-01 
9.543235e-01 
9.542558e-01 
9.542428e-01 
9.542428e-01 
9.542428e-01 
9.542428e-01 
2.990751e-05 
3.589618e-06 
3.589624e-06 
3.589624e-06 
3.589624e-06 
1.531117e-05 
6.464244e-04 
6.464370e-04 
6.464370e-04 
6.464370e-04 
6.227580e-03 
9.543235e-01 
9.543235e-01 
9.543235e-01 
9.543235e-01 
9.542557e-01 
9.542428e-01 
9.542428e-01 
9.542428e-01 
9.542428e-01 
2.929197e-05 
1.682234e-05 
1.682196e-05 
1.682196e-05 
1.682196e-05 
2.219920e-05 
-5.816008e-04 
-5.816269e-04 
-5.816269e-04 
-5.816269e-04 
-6.189678e-03 
-9.543232e-01 
-9.543232e-01 
-9.543232e-01 
-9.543232e-01 
-9.542520e-01 
-9.542419e-01 
-9.542419e-01 
-9.542419e-01 
-9.542419e-01 
2.844777e-05 
1.682229e-05 
1.682196e-05 
1.682196e-05 
1.682196e-05 
2.223385e-05 
-5.816051e-04 
-5.816269e-04 
-5.816269e-04 
-5.816269e-04 
-6.321606e-03 
-9.543232e-01 
-9.543232e-01 
-9.543232e-01 
-9.543232e-01 
-9.542519e-01 
-9.542419e-01 
-9.542419e-01 
-9.542419e-01 
-9.542419e-01 
2.790929e-05 
3.564271e-06 
3.564275e-06 
3.564275e-06 
3.564275e-06 
1.586384e-05 
6.464286e-04 
6.464357e-04 
6.464357e-04 
6.464357e-04 
6.632821e-03 
9.543235e-01 
9.543235e-01 
9.543235e-01 
9.543235e-01 
9.542552e-01 
9.542428e-01 
9.542428e-01 
9.542428e-01 
9.542428e-01 
2.756199e-05 
3.589619e-06 
3.589624e-06 
3.589624e-06 
3.589624e-06 
1.618052e-05 
6.464311e-04 
6.464370e-04 
6.464370e-04 
6.464370e-04 
6.775775e-03 
9.543235e-01 
9.543235e-01 
9.543235e-01 
9.543235e-01 
9.542551e-01 
9.542428e-01 
9.542428e-01 
9.542428e-01 
9.542428e-01 
2.702076e-05 
1.682219e-05 
1.682196e-05 
1.682196e-05 
1.682196e-05 
2.233382e-05 
-5.816143e-04 
-5.816269e-04 
-5.816269e-04 
-5.816269e-04 
-6.740821e-03 
-9.543232e-01 
-9.543232e-01 
-9.543232e-01 
-9.543232e-01 
-9.542516e-01 
-9.542419e-01 
-9.542419e-01 
-9.542419e-01 
-9.542419e-01 
2.636740e-05 
3.564272e-06 
3.564275e-06 
3.564275e-06 
3.564275e-06 
1.654856e-05 
6.464317e-04 
6.464357e-04 
6.464357e-04 
6.464357e-04 
7.074360e-03 
9.543235e-01 
9.543235e-01 
9.543235e-01 
9.543235e-01 
9.542548e-01 
9.542428e-01 
9.542428e-01 
9.542428e-01 
9.542428e-01 
2.598607e-05 
1.682213e-05 
1.682196e-05 
1.682196e-05 
1.682196e-05 
2.239666e-05 
-5.816182e-04 
-5.816269e-04 
-5.816269e-04 
-5.816269e-04 
-7.041270e-03 
-9.543232e-01 
-9.543232e-01 
-9.543232e-01 
-9.543232e-01 
-9.542514e-01 
-9.542419e-01 
-9.542419e-01 
-9.542419e-01 
-9.542419e-01 
2.539922e-05 
1.682211e-05 
1.682196e-05 
1.682196e-05 
1.682196e-05 
2.242679e-05 
-5.816197e-04 
-5.816269e-04 
-5.816269e-04 
-5.816269e-04 
-7.198255e-03 
-9.543232e-01 
-9.543232e-01 
-9.543232e-01 
-9.543232e-01 
-9.542513e-01 
-9.542419e-01 
-9.542419e-01 
-9.542419e-01 
-9.542419e-01 
2.493242e-05 
3.589621e-06 
3.589624e-06 
3.589624e-06 
3.589624e-06 
1.737897e-05 
6.464347e-04 
6.464370e-04 
6.464370e-04 
6.464370e-04 
7.556307e-03 
9.543235e-01 
9.543235e-01 
9.543235e-01 
9.543235e-01 
9.542544e-01 
9.542428e-01 
9.542428e-01 
9.542428e-01 
9.542428e-01 
2.454259e-05 
1.682207e-05 
1.682196e-05 
1.682196e-05 
1.682196e-05 
2.248417e-05 
-5.816219e-04 
-5.816269e-04 
-5.816269e-04 
-5.816269e-04 
-7.526592e-03 
-9.543232e-01 
-9.543232e-01 
-9.543232e-01 
-9.543232e-01 
-9.542511e-01 
-9.542419e-01 
-9.542419e-01 
-9.542419e-01 
-9.542419e-01 
2.403232e-05 
3.564273e-06 
3.564275e-06 
3.564275e-06 
3.564275e-06 
1.779550e-05 
6.464342e-04 
6.464357e-04 
6.464357e-04 
6.464357e-04 
7.902333e-03 
9.543235e-01 
9.543235e-01 
9.543235e-01 
9.543235e-01 
9.542541e-01 
9.542428e-01 
9.542428e-01 
9.542428e-01 
9.542428e-01 
2.364540e-05 
1.682204e-05 
1.682196e-05 
1.682196e-05 
1.682196e-05 
2.253730e-05 
-5.816235e-04 
-5.816269e-04 
-5.816269e-04 
-5.816269e-04 
-7.875309e-03 
-9.543232e-01 
-9.543232e-01 
-9.543232e-01 
-9.543232e-01 
-9.542509e-01 
-9.542419e-01 
-9.542419e-01 
-9.542419e-01 
-9.542419e-01 
2.317517e-05 
1.682203e-05 
1.682196e-05 
1.682196e-05 
1.682196e-05 
2.256211e-05 
-5.816240e-04 
-5.816269e-04 
-5.816269e-04 
-5.816269e-04 
-8.057799e-03 
-9.543232e-01 
-9.543232e-01 
-9.543232e-01 
-9.543232e-01 
-9.542508e-01 
-9.542419e-01 
-9.542419e-01 
-9.542419e-01 
-9.542419e-01 
2.276202e-05 
3.564274e-06 
3.564275e-06 
3.564275e-06 
3.564275e-06 
1.861430e-05 
6.464349e-04 
6.464357e-04 
6.464357e-04 
6.464357e-04 
8.462318e-03 
9.543235e-01 
9.543235e-01 
9.543235e-01 
9.543235e-01 
9.542537e-01 
9.542428e-01 
9.542428e-01 
9.542428e-01 
9.542428e-01 
2.238705e-05 
1.682201e-05 
1.682196e-05 
1.682196e-05 
1.682196e-05 
2.260786e-05 
-5.816249e-04 
-5.816269e-04 
-5.816269e-04 
-5.816269e-04 
-8.440101e-03 
-9.543232e-01 
-9.543232e-01 
-9.543232e-01 
-9.543232e-01 
-9.542506e-01 
-9.542419e-01 
-9.542419e-01 
-9.542419e-01 
-9.542419e-01 
2.196539e-05 
1.682200e-05 
1.682196e-05 
1.682196e-05 
1.682196e-05 
2.262864e-05 
-5.816253e-04 
-5.816269e-04 
-5.816269e-04 
-5.816269e-04 
-8.640365e-03 
-9.543232e-01 
-9.543232e-01 
-9.543232e-01 
-9.543232e-01 
-9.542505e-01 
-9.542419e-01 
-9.542419e-01 
-9.542419e-01 
-9.542419e-01 
2.158134e-05 
1.682200e-05 
1.682196e-05 
1.682196e-05 
1.682196e-05 
2.264791e-05 
-5.816255e-04 
-5.816269e-04 
-5.816269e-04 
-5.816269e-04 
-8.847024e-03 
-9.543232e-01 
-9.543232e-01 
-9.543232e-01 
-9.543232e-01 
-9.542504e-01 
-9.542419e-01 
-9.542419e-01 
-9.542419e-01 
-9.542419e-01 
2.120646e-05 
3.564275e-06 
3.564275e-06 
3.564275e-06 
3.564275e-06 
1.979892e-05 
6.464353e-04 
6.464357e-04 
6.464357e-04 
6.464357e-04 
9.294649e-03 
9.543235e-01 
9.543235e-01 
9.543235e-01 
9.543235e-01 
9.542532e-01 
9.542428e-01 
9.542428e-01 
9.542428e-01 
9.542428e-01 
2.085478e-05 
1.682199e-05 
1.682196e-05 
1.682196e-05 
1.682196e-05 
2.268157e-05 
-5.816260e-04 
-5.816269e-04 
-5.816269e-04 
-5.816269e-04 
-9.280553e-03 
-9.543232e-01 
-9.543232e-01 
-9.543232e-01 
-9.543232e-01 
-9.542502e-01 
-9.542419e-01 
-9.542419e-01 
-9.542419e-01 
-9.542419e-01 
2.048331e-05 
1.682198e-05 
1.682196e-05 
1.682196e-05 
1.682196e-05 
2.269577e-05 
-5.816261e-04 
-5.816269e-04 
-5.816269e-04 
-5.816269e-04 
-9.507967e-03 
-9.543232e-01 
-9.543232e-01 
-9.543232e-01 
-9.543232e-01 
-9.542501e-01 
-9.542419e-01 
-9.542419e-01 
-9.542419e-01 
-9.542419e-01 
2.013448e-05 
3.589624e-06 
3.589624e-06 
3.589624e-06 
3.589624e-06 
2.087969e-05 
6.464367e-04 
6.464370e-04 
6.464370e-04 
6.464370e-04 
9.991997e-03 
9.543235e-01 
9.543235e-01 
9.543235e-01 
9.543235e-01 
9.542528e-01 
9.542428e-01 
9.542428e-01 
9.542428e-01 
9.542428e-01 
1.980240e-05 
1.682197e-05 
1.682196e-05 
1.682196e-05 
1.682196e-05 
2.271841e-05 
-5.816264e-04 
-5.816269e-04 
-5.816269e-04 
-5.816269e-04 
-9.985549e-03 
-9.543232e-01 
-9.543232e-01 
-9.543232e-01 
-9.543232e-01 
-9.542500e-01 
-9.542419e-01 
-9.542419e-01 
-9.542419e-01 
-9.542419e-01 
1.946127e-05 
3.589624e-06 
3.589624e-06 
3.589624e-06 
3.589624e-06 
2.156692e-05 
6.464368e-04 
6.464370e-04 
6.464370e-04 
6.464370e-04 
1.049605e-02 
9.543235e-01 
9.543235e-01 
9.543235e-01 
9.543235e-01 
9.542526e-01 
9.542428e-01 
9.542428e-01 
9.542428e-01 
9.542428e-01 
1.914244e-05 
1.682197e-05 
1.682196e-05 
1.682196e-05 
1.682196e-05 
2.273261e-05 
-5.816265e-04 
-5.816269e-04 
-5.816269e-04 
-5.816269e-04 
-1.049558e-02 
-9.543232e-01 
-9.543232e-01 
-9.543232e-01 
-9.543232e-01 
-9.542498e-01 
-9.542419e-01 
-9.542419e-01 
-9.542419e-01 
-9.542419e-01 
1.881912e-05 
1.682197e-05 
1.682196e-05 
1.682196e-05 
1.682196e-05 
2.273625e-05 
-5.816266e-04 
-5.816269e-04 
-5.816269e-04 
-5.816269e-04 
-1.076362e-02 
-9.543232e-01 
-9.543232e-01 
-9.543232e-01 
-9.543232e-01 
-9.542497e-01 
-9.542419e-01 
-9.542419e-01 
-9.542419e-01 
-9.542419e-01 
1.850907e-05 
3.589624e-06 
3.589624e-06 
3.589624e-06 
3.589624e-06 
2.266398e-05 
6.464369e-04 
6.464370e-04 
6.464370e-04 
6.464370e-04 
1.131753e-02 
9.543235e-01 
9.543235e-01 
9.543235e-01 
9.543235e-01 
9.542522e-01 
9.542428e-01 
9.542428e-01 
9.542428e-01 
9.541590e-01 
1.820979e-05 
1.682196e-05 
1.682196e-05 
1.682196e-05 
1.682196e-05 
2.273594e-05 
-5.816267e-04 
-5.816269e-04 
-5.816269e-04 
-5.817639e-04 
-1.132758e-02 
-9.543232e-01 
-9.543232e-01 
-9.543232e-01 
-9.543232e-01 
-9.542495e-01 
-9.542419e-01 
-9.542419e-01 
-9.542419e-01 
-9.529843e-01 
1.791026e-05 
1.682196e-05 
1.682196e-05 
1.682196e-05 
1.682201e-05 
2.273172e-05 
-5.816267e-04 
-5.816269e-04 
-5.816269e-04 
-5.822721e-04 
-1.162431e-02 
-9.543232e-01 
-9.543232e-01 
-9.543232e-01 
-9.543232e-01 
-9.542494e-01 
-9.542419e-01 
-9.542419e-01 
-9.542419e-01 
-9.506029e-01 
1.762101e-05 
1.682196e-05 
1.682196e-05 
1.682196e-05 
1.682224e-05 
2.272457e-05 
-5.816268e-04 
-5.816269e-04 
-5.816269e-04 
-5.831541e-04 
-1.193142e-02 
-9.543232e-01 
-9.543232e-01 
-9.543232e-01 
-9.543231e-01 
-9.542494e-01 
-9.542419e-01 
-9.542419e-01 
-9.542419e-01 
-9.472477e-01 
1.733830e-05 
1.682196e-05 
1.682196e-05 
1.682196e-05 
1.682275e-05 
2.271435e-05 
-5.816268e-04 
-5.816269e-04 
-5.816269e-04 
-5.843785e-04 
-1.224938e-02 
-9.543232e-01 
-9.543232e-01 
-9.543232e-01 
-9.543231e-01 
-9.542493e-01 
-9.542419e-01 
-9.542419e-01 
-9.542419e-01 
-9.430533e-01 
1.706189e-05 
3.589624e-06 
3.589624e-06 
3.589624e-06 
3.590655e-06 
2.468961e-05 
6.464369e-04 
6.464370e-04 
6.464370e-04 
6.512411e-04 
1.288711e-02 
9.543235e-01 
9.543235e-01 
9.543235e-01 
9.543233e-01 
9.542517e-01 
9.542428e-01 
9.542428e-01 
9.542428e-01 
9.381647e-01 
1.679318e-05 
3.589624e-06 
3.589624e-06 
3.589624e-06 
3.591603e-06 
2.512743e-05 
6.464369e-04 
6.464370e-04 
6.464370e-04 
6.533304e-04 
1.323511e-02 
9.543235e-01 
9.543235e-01 
9.543235e-01 
9.543232e-01 
9.542515e-01 
9.542428e-01 
9.542428e-01 
9.542428e-01 
9.326645e-01 
1.652882e-05 
1.682196e-05 
1.682196e-05 
1.682196e-05 
1.682693e-05 
2.266349e-05 
-5.816268e-04 
-5.816269e-04 
-5.816269e-04 
-5.900090e-04 
-1.327318e-02 
-9.543232e-01 
-9.543232e-01 
-9.543232e-01 
-9.543228e-01 
-9.542490e-01 
-9.542419e-01 
-9.542419e-01 
-9.542419e-01 
-9.266429e-01 
1.626924e-05 
1.682196e-05 
1.682196e-05 
1.682196e-05 
1.682949e-05 
2.263919e-05 
-5.816268e-04 
-5.816269e-04 
-5.816269e-04 
-5.924736e-04 
-1.363950e-02 
-9.543232e-01 
-9.543232e-01 
-9.543232e-01 
-9.543226e-01 
-9.542489e-01 
-9.542419e-01 
-9.542419e-01 
-9.542419e-01 
-9.201579e-01 
1.601651e-05 
3.564275e-06 
3.564275e-06 
3.564275e-06 
3.572070e-06 
2.637345e-05 
6.464357e-04 
6.464357e-04 
6.464357e-04 
6.615441e-04 
1.435665e-02 
9.543235e-01 
9.543235e-01 
9.543235e-01 
9.543228e-01 
9.542512e-01 
9.542428e-01 
9.542428e-01 
9.542428e-01 
9.132693e-01 
1.577009e-05 
3.589624e-06 
3.589624e-06 
3.589624e-06 
3.600739e-06 
2.700077e-05 
6.464369e-04 
6.464370e-04 
6.464370e-04 
6.648593e-04 
1.475830e-02 
9.543235e-01 
9.543235e-01 
9.543235e-01 
9.543227e-01 
9.542511e-01 
9.542428e-01 
9.542428e-01 
9.542428e-01 
9.060113e-01 
1.552827e-05 
1.682196e-05 
1.682196e-05 
1.682196e-05 
1.684153e-05 
2.254131e-05 
-5.816269e-04 
-5.816269e-04 
-5.816269e-04 
-6.014180e-04 
-1.482176e-02 
-9.543232e-01 
-9.543232e-01 
-9.543232e-01 
-9.543220e-01 
-9.542487e-01 
-9.542419e-01 
-9.542419e-01 
-9.542419e-01 
-8.984234e-01 
1.529104e-05 
3.564275e-06 
3.564275e-06 
3.564275e-06 
3.584014e-06 
2.787079e-05 
6.464357e-04 
6.464357e-04 
6.464357e-04 
6.722476e-04 
1.560718e-02 
9.543235e-01 
9.543235e-01 
9.543235e-01 
9.543223e-01 
9.542509e-01 
9.542428e-01 
9.542428e-01 
9.542428e-01 
8.905398e-01 
1.506008e-05 
1.682196e-05 
1.682196e-05 
1.682196e-05 
1.685363e-05 
2.245294e-05 
-5.816269e-04 
-5.816269e-04 
-5.816269e-04 
-6.085002e-04 
-1.568591e-02 
-9.543232e-01 
-9.543232e-01 
-9.543232e-01 
-9.543216e-01 
-9.542485e-01 
-9.542419e-01 
-9.542419e-01 
-9.542419e-01 
-8.823790e-01 
1.483314e-05 
1.682196e-05 
1.682196e-05 
1.682196e-05 
1.686098e-05 
2.240106e-05 
-5.816269e-04 
-5.816269e-04 
-5.816269e-04 
-6.123313e-04 
-1.614292e-02 
-9.543232e-01 
-9.543232e-01 
-9.543232e-01 
-9.543213e-01 
-9.542485e-01 
-9.542419e-01 
-9.542419e-01 
-9.542419e-01 
-8.739695e-01 
1.461135e-05 
3.589624e-06 
3.589624e-06 
3.589624e-06 
3.628916e-06 
2.965183e-05 
6.464369e-04 
6.464370e-04 
6.464370e-04 
6.849677e-04 
1.700535e-02 
9.543235e-01 
9.543235e-01 
9.543235e-01 
9.543216e-01 
9.542506e-01 
9.542428e-01 
9.542428e-01 
9.542428e-01 
8.653339e-01 
1.439468e-05 
1.682196e-05 
1.682196e-05 
1.682196e-05 
1.687821e-05 
2.228049e-05 
-5.816269e-04 
-5.816269e-04 
-5.816269e-04 
-6.205151e-04 
-1.711083e-02 
-9.543232e-01 
-9.543232e-01 
-9.543232e-01 
-9.543207e-01 
-9.542483e-01 
-9.542419e-01 
-9.542419e-01 
-9.542419e-01 
-8.564766e-01 
1.418189e-05 
3.564275e-06 
3.564275e-06 
3.564275e-06 
3.620418e-06 
3.066417e-05 
6.464357e-04 
6.464357e-04 
6.464357e-04 
6.943588e-04 
1.803013e-02 
9.543235e-01 
9.543235e-01 
9.543235e-01 
9.543211e-01 
9.542504e-01 
9.542428e-01 
9.542428e-01 
9.542428e-01 
8.474310e-01 
1.397416e-05 
1.682196e-05 
1.682196e-05 
1.682196e-05 
1.689874e-05 
2.213545e-05 
-5.816269e-04 
-5.816269e-04 
-5.816269e-04 
-6.293149e-04 
-1.815644e-02 
-9.543232e-01 
-9.543232e-01 
-9.543232e-01 
-9.543201e-01 
-9.542482e-01 
-9.542419e-01 
-9.542419e-01 
-9.542419e-01 
-8.381913e-01 
1.377031e-05 
1.682196e-05 
1.682196e-05 
1.682196e-05 
1.691017e-05 
2.205292e-05 
-5.816269e-04 
-5.816269e-04 
-5.816269e-04 
-6.339226e-04 
-1.871077e-02 
-9.543232e-01 
-9.543232e-01 
-9.543232e-01 
-9.543198e-01 
-9.542481e-01 
-9.542419e-01 
-9.542419e-01 
-9.542419e-01 
-8.287860e-01 
1.357074e-05 
3.564275e-06 
3.564275e-06 
3.564275e-06 
3.652455e-06 
3.254462e-05 
6.464357e-04 
6.464357e-04 
6.464357e-04 
7.095803e-04 
1.972485e-02 
9.543235e-01 
9.543235e-01 
9.543235e-01 
9.543202e-01 
9.542501e-01 
9.542428e-01 
9.542428e-01 
9.542428e-01 
8.192282e-01 
1.337560e-05 
1.682196e-05 
1.682196e-05 
1.682196e-05 
1.693520e-05 
2.186601e-05 
-5.816269e-04 
-5.816269e-04 
-5.816269e-04 
-6.435113e-04 
-1.988772e-02 
-9.543232e-01 
-9.543232e-01 
-9.543232e-01 
-9.543191e-01 
-9.542479e-01 
-9.542419e-01 
-9.542419e-01 
-9.542419e-01 
-8.095074e-01
#[#TRACE_DATA]
#[#TRACE]
