#[TRACE]
#data_labels=Output
#[TRACE_DATA]
-4.998209e-03 
-9.542476e-01 
-9.542476e-01 
-9.542476e-01 
-9.542476e-01 
-9.542358e-01 
-9.542328e-01 
-9.542328e-01 
-9.542328e-01 
-9.542328e-01 
3.417729e-05 
2.049229e-05 
2.049229e-05 
2.049229e-05 
2.049229e-05 
2.507707e-05 
-4.636956e-04 
-4.636956e-04 
-4.636956e-04 
-4.636956e-04 
-4.869679e-03 
-9.542476e-01 
-9.542476e-01 
-9.542476e-01 
-9.542476e-01 
-9.542358e-01 
-9.542328e-01 
-9.542328e-01 
-9.542328e-01 
-9.542328e-01 
3.206632e-05 
2.957059e-06 
2.957059e-06 
2.957059e-06 
2.957059e-06 
1.219345e-05 
5.248338e-04 
5.248338e-04 
5.248338e-04 
5.248338e-04 
5.006017e-03 
9.542477e-01 
9.542477e-01 
9.542477e-01 
9.542477e-01 
9.542368e-01 
9.542331e-01 
9.542331e-01 
9.542331e-01 
9.542331e-01 
3.206373e-05 
2.972639e-06 
2.972639e-06 
2.972639e-06 
2.972639e-06 
1.225715e-05 
5.248284e-04 
5.248284e-04 
5.248284e-04 
5.248284e-04 
5.006017e-03 
9.542477e-01 
9.542477e-01 
9.542477e-01 
9.542477e-01 
9.542368e-01 
9.542331e-01 
9.542331e-01 
9.542331e-01 
9.542331e-01 
2.995275e-05 
-1.457017e-05 
-1.457017e-05 
-1.457017e-05 
-1.457017e-05 
-1.152929e-06 
4.807016e-04 
4.807016e-04 
4.807016e-04 
4.807016e-04 
5.006016e-03 
9.542477e-01 
9.542477e-01 
9.542477e-01 
9.542477e-01 
9.542368e-01 
9.542331e-01 
9.542331e-01 
9.542331e-01 
9.542331e-01 
3.417730e-05 
2.049229e-05 
2.049229e-05 
2.049229e-05 
2.049229e-05 
2.507707e-05 
-4.636956e-04 
-4.636956e-04 
-4.636956e-04 
-4.636956e-04 
-4.869678e-03 
-9.542476e-01 
-9.542476e-01 
-9.542476e-01 
-9.542476e-01 
-9.542358e-01 
-9.542328e-01 
-9.542328e-01 
-9.542328e-01 
-9.542328e-01 
3.206633e-05 
2.957059e-06 
2.957059e-06 
2.957059e-06 
2.957059e-06 
1.219345e-05 
5.248338e-04 
5.248338e-04 
5.248338e-04 
5.248338e-04 
5.006016e-03 
9.542477e-01 
9.542477e-01 
9.542477e-01 
9.542477e-01 
9.542368e-01 
9.542331e-01 
9.542331e-01 
9.542331e-01 
9.542331e-01 
3.206373e-05 
2.972639e-06 
2.972639e-06 
2.972639e-06 
2.972639e-06 
1.225715e-05 
5.248284e-04 
5.248284e-04 
5.248284e-04 
5.248284e-04 
5.006016e-03 
9.542477e-01 
9.542477e-01 
9.542477e-01 
9.542477e-01 
9.542368e-01 
9.542331e-01 
9.542331e-01 
9.542331e-01 
9.542331e-01 
2.995275e-05 
-1.457017e-05 
-1.457017e-05 
-1.457017e-05 
-1.457017e-05 
-1.152930e-06 
4.807016e-04 
4.807016e-04 
4.807016e-04 
4.807016e-04
#[#TRACE_DATA]
#[#TRACE]
