#[TRACE]
#data_labels=Output
#[TRACE_DATA]
-5.385697e-03 
-9.543234e-01 
-9.543234e-01 
-9.543234e-01 
-9.543234e-01 
-9.542568e-01 
-9.542427e-01 
-9.542427e-01 
-9.542427e-01 
-9.542427e-01 
-2.321289e-05 
-1.980404e-05 
-1.980404e-05 
-1.980404e-05 
-1.980404e-05 
-2.490444e-05 
5.796365e-04 
5.796365e-04 
5.796365e-04 
5.796365e-04 
5.148656e-03 
9.543232e-01 
9.543232e-01 
9.543232e-01 
9.543232e-01 
9.542531e-01 
9.542420e-01 
9.542420e-01 
9.542420e-01 
9.542420e-01 
-2.731729e-05 
-2.951067e-06 
-2.951067e-06 
-2.951067e-06 
-2.951067e-06 
-1.429949e-05 
-6.438168e-04 
-6.438168e-04 
-6.438168e-04 
-6.438168e-04 
-5.253567e-03 
-9.543234e-01 
-9.543234e-01 
-9.543234e-01 
-9.543234e-01 
-9.542568e-01 
-9.542427e-01 
-9.542427e-01 
-9.542427e-01 
-9.542427e-01 
-2.732622e-05 
-2.972177e-06 
-2.972177e-06 
-2.972177e-06 
-2.972177e-06 
-1.438260e-05 
-6.438106e-04 
-6.438106e-04 
-6.438106e-04 
-6.438106e-04 
-5.253567e-03 
-9.543234e-01 
-9.543234e-01 
-9.543234e-01 
-9.543234e-01 
-9.542568e-01 
-9.542428e-01 
-9.542428e-01 
-9.542428e-01 
-9.542428e-01 
-3.142967e-05 
1.389184e-05 
1.389184e-05 
1.389184e-05 
1.389184e-05 
-3.090626e-06 
-5.943098e-04 
-5.943098e-04 
-5.943098e-04 
-5.943098e-04 
-5.253567e-03 
-9.543234e-01 
-9.543234e-01 
-9.543234e-01 
-9.543234e-01 
-9.542568e-01 
-9.542427e-01 
-9.542427e-01 
-9.542427e-01 
-9.542427e-01 
-2.321289e-05 
-1.980404e-05 
-1.980404e-05 
-1.980404e-05 
-1.980404e-05 
-2.490444e-05 
5.796365e-04 
5.796365e-04 
5.796365e-04 
5.796365e-04 
5.148655e-03 
9.543232e-01 
9.543232e-01 
9.543232e-01 
9.543232e-01 
9.542531e-01 
9.542420e-01 
9.542420e-01 
9.542420e-01 
9.542420e-01 
-2.731730e-05 
-2.951067e-06 
-2.951067e-06 
-2.951067e-06 
-2.951067e-06 
-1.429949e-05 
-6.438168e-04 
-6.438168e-04 
-6.438168e-04 
-6.438168e-04 
-5.253567e-03 
-9.543234e-01 
-9.543234e-01 
-9.543234e-01 
-9.543234e-01 
-9.542568e-01 
-9.542427e-01 
-9.542427e-01 
-9.542427e-01 
-9.542427e-01 
-2.732622e-05 
-2.972177e-06 
-2.972177e-06 
-2.972177e-06 
-2.972177e-06 
-1.438260e-05 
-6.438106e-04 
-6.438106e-04 
-6.438106e-04 
-6.438106e-04 
-5.253567e-03 
-9.543234e-01 
-9.543234e-01 
-9.543234e-01 
-9.543234e-01 
-9.542568e-01 
-9.542428e-01 
-9.542428e-01 
-9.542428e-01 
-9.542428e-01 
-3.142968e-05 
1.389184e-05 
1.389184e-05 
1.389184e-05 
1.389184e-05 
-3.090624e-06 
-5.943098e-04 
-5.943098e-04 
-5.943098e-04 
-5.943098e-04
#[#TRACE_DATA]
#[#TRACE]
