#[TRACE]
#data_labels=Output
#[TRACE_DATA]
-5.002299e-03 
-9.542476e-01 
-9.542476e-01 
-9.542476e-01 
-9.542476e-01 
-9.542358e-01 
-9.542329e-01 
-9.542329e-01 
-9.542329e-01 
-9.542329e-01 
2.961283e-05 
2.012693e-05 
2.012693e-05 
2.012693e-05 
2.012693e-05 
2.470110e-05 
-4.640660e-04 
-4.640660e-04 
-4.640660e-04 
-4.640660e-04 
-4.873666e-03 
-9.542476e-01 
-9.542476e-01 
-9.542476e-01 
-9.542476e-01 
-9.542358e-01 
-9.542329e-01 
-9.542329e-01 
-9.542329e-01 
-9.542329e-01 
2.750045e-05 
2.588170e-06 
2.588170e-06 
2.588170e-06 
2.588170e-06 
1.181850e-05 
5.244712e-04 
5.244712e-04 
5.244712e-04 
5.244712e-04 
5.002067e-03 
9.542477e-01 
9.542477e-01 
9.542477e-01 
9.542477e-01 
9.542368e-01 
9.542331e-01 
9.542331e-01 
9.542331e-01 
9.542331e-01 
2.749924e-05 
2.605237e-06 
2.605237e-06 
2.605237e-06 
2.605237e-06 
1.188028e-05 
5.244720e-04 
5.244720e-04 
5.244720e-04 
5.244720e-04 
5.002066e-03 
9.542477e-01 
9.542477e-01 
9.542477e-01 
9.542477e-01 
9.542368e-01 
9.542331e-01 
9.542331e-01 
9.542331e-01 
9.542331e-01 
2.538686e-05 
-1.494140e-05 
-1.494140e-05 
-1.494140e-05 
-1.494140e-05 
-1.529314e-06 
4.803343e-04 
4.803343e-04 
4.803343e-04 
4.803343e-04 
5.002066e-03 
9.542477e-01 
9.542477e-01 
9.542477e-01 
9.542477e-01 
9.542368e-01 
9.542331e-01 
9.542331e-01 
9.542331e-01 
9.542331e-01 
2.961283e-05 
2.012693e-05 
2.012693e-05 
2.012693e-05 
2.012693e-05 
2.470110e-05 
-4.640660e-04 
-4.640660e-04 
-4.640660e-04 
-4.640660e-04 
-4.873666e-03 
-9.542476e-01 
-9.542476e-01 
-9.542476e-01 
-9.542476e-01 
-9.542358e-01 
-9.542329e-01 
-9.542329e-01 
-9.542329e-01 
-9.542329e-01 
2.750046e-05 
2.588170e-06 
2.588170e-06 
2.588170e-06 
2.588170e-06 
1.181850e-05 
5.244712e-04 
5.244712e-04 
5.244712e-04 
5.244712e-04 
5.002066e-03 
9.542477e-01 
9.542477e-01 
9.542477e-01 
9.542477e-01 
9.542368e-01 
9.542331e-01 
9.542331e-01 
9.542331e-01 
9.542331e-01 
2.749925e-05 
2.605237e-06 
2.605237e-06 
2.605237e-06 
2.605237e-06 
1.188028e-05 
5.244720e-04 
5.244720e-04 
5.244720e-04 
5.244720e-04 
5.002066e-03 
9.542477e-01 
9.542477e-01 
9.542477e-01 
9.542477e-01 
9.542368e-01 
9.542331e-01 
9.542331e-01 
9.542331e-01 
9.542331e-01 
2.538687e-05 
-1.494140e-05 
-1.494140e-05 
-1.494140e-05 
-1.494140e-05 
-1.529316e-06 
4.803343e-04 
4.803343e-04 
4.803343e-04 
4.803343e-04
#[#TRACE_DATA]
#[#TRACE]
