#[TRACE]
#data_labels=Output
#[TRACE_DATA]
2.343442e-05 
-5.812658e-04 
-5.812658e-04 
-5.812658e-04 
-5.812658e-04 
-5.144693e-03 
-9.543232e-01 
-9.543232e-01 
-9.543232e-01 
-9.543232e-01 
-9.542531e-01 
-9.542419e-01 
-9.542419e-01 
-9.542419e-01 
-9.542419e-01 
3.342379e-05 
1.276417e-06 
1.276417e-06 
1.276417e-06 
1.276417e-06 
1.266098e-05 
6.419294e-04 
6.419294e-04 
6.419294e-04 
6.419294e-04 
5.257566e-03 
9.543234e-01 
9.543234e-01 
9.543234e-01 
9.543234e-01 
9.542568e-01 
9.542428e-01 
9.542428e-01 
9.542428e-01 
9.542428e-01 
3.342379e-05 
1.276417e-06 
1.276417e-06 
1.276417e-06 
1.276417e-06 
1.266098e-05 
6.419294e-04 
6.419294e-04 
6.419294e-04 
6.419294e-04 
5.257566e-03 
9.543234e-01 
9.543234e-01 
9.543234e-01 
9.543234e-01 
9.542568e-01 
9.542428e-01 
9.542428e-01 
9.542428e-01 
9.542428e-01 
3.342378e-05 
1.862705e-05 
1.862705e-05 
1.862705e-05 
1.862705e-05 
2.342734e-05 
-5.812658e-04 
-5.812658e-04 
-5.812658e-04 
-5.812658e-04 
-5.144692e-03 
-9.543232e-01 
-9.543232e-01 
-9.543232e-01 
-9.543232e-01 
-9.542531e-01 
-9.542419e-01 
-9.542419e-01 
-9.542419e-01 
-9.542419e-01 
3.342378e-05 
1.862705e-05 
1.862705e-05 
1.862705e-05 
1.862705e-05 
2.342734e-05 
-5.812658e-04 
-5.812658e-04 
-5.812658e-04 
-5.812658e-04 
-5.144692e-03 
-9.543232e-01 
-9.543232e-01 
-9.543232e-01 
-9.543232e-01 
-9.542531e-01 
-9.542419e-01 
-9.542419e-01 
-9.542419e-01 
-9.542419e-01 
3.039625e-05 
5.370863e-06 
5.370863e-06 
5.370863e-06 
5.370863e-06 
1.679220e-05 
6.465113e-04 
6.465113e-04 
6.465113e-04 
6.465113e-04 
5.257565e-03 
9.543234e-01 
9.543234e-01 
9.543234e-01 
9.543234e-01 
9.542568e-01 
9.542428e-01 
9.542428e-01 
9.542428e-01 
9.542428e-01 
3.342379e-05 
1.276417e-06 
1.276417e-06 
1.276417e-06 
1.276417e-06 
1.266098e-05 
6.419294e-04 
6.419294e-04 
6.419294e-04 
6.419294e-04 
5.257565e-03 
9.543234e-01 
9.543234e-01 
9.543234e-01 
9.543234e-01 
9.542568e-01 
9.542428e-01 
9.542428e-01 
9.542428e-01 
9.542428e-01 
3.342378e-05 
1.862705e-05 
1.862705e-05 
1.862705e-05 
1.862705e-05 
2.342734e-05 
-5.812658e-04 
-5.812658e-04 
-5.812658e-04 
-5.812658e-04 
-5.144692e-03 
-9.543232e-01 
-9.543232e-01 
-9.543232e-01 
-9.543232e-01 
-9.542531e-01 
-9.542419e-01 
-9.542419e-01 
-9.542419e-01 
-9.542419e-01 
3.342378e-05 
1.862705e-05 
1.862705e-05 
1.862705e-05 
1.862705e-05
#[#TRACE_DATA]
#[#TRACE]
