#[TRACE]
#data_labels=Output
#[TRACE_DATA]
5.174075e-03 
6.463120e-03 
8.467343e-03 
1.138378e-02 
1.578542e-02 
2.272534e-02 
3.425486e-02 
5.460330e-02 
9.269570e-02 
1.649909e-01 
2.851886e-01 
4.358141e-01 
5.881757e-01 
7.298537e-01 
8.538533e-01 
9.485807e-01 
9.542487e-01 
9.542487e-01 
9.542487e-01 
9.542487e-01 
9.542487e-01 
9.542487e-01 
9.542487e-01 
9.542487e-01 
9.542487e-01 
9.542487e-01 
9.542487e-01 
9.542487e-01 
9.542487e-01 
9.542487e-01 
9.542487e-01 
9.542487e-01 
9.542487e-01 
9.542487e-01 
9.542487e-01 
9.542487e-01 
9.542487e-01 
9.542487e-01 
9.542487e-01 
9.542487e-01 
9.542487e-01 
9.542487e-01 
9.542487e-01 
9.542487e-01 
9.542487e-01 
9.542487e-01 
9.542487e-01 
9.542487e-01 
9.542487e-01 
9.542487e-01 
9.542487e-01 
9.542487e-01 
9.542487e-01 
9.542487e-01 
9.542487e-01 
9.542487e-01 
9.542487e-01 
9.542487e-01 
9.542487e-01 
9.542487e-01 
9.542487e-01 
9.542487e-01 
9.542487e-01 
9.542487e-01 
9.542487e-01 
9.542487e-01 
9.542487e-01 
9.542487e-01 
9.542487e-01 
9.542487e-01 
9.542487e-01 
9.542487e-01 
9.542487e-01 
9.542487e-01 
9.542487e-01 
9.542487e-01 
9.542487e-01 
9.542487e-01 
9.542487e-01 
9.542485e-01 
9.542481e-01 
9.542475e-01 
9.542469e-01 
9.542461e-01 
9.542451e-01 
9.542441e-01 
9.542430e-01 
9.542418e-01 
9.542408e-01 
9.542398e-01 
9.542390e-01 
9.542383e-01 
9.542377e-01 
9.542371e-01 
9.542367e-01 
9.542362e-01 
9.542359e-01 
9.542355e-01 
9.542352e-01 
9.542349e-01 
9.542347e-01 
9.542344e-01 
9.542342e-01 
9.542340e-01 
9.542339e-01 
9.542337e-01 
9.542335e-01 
9.542334e-01 
9.542333e-01 
9.542332e-01 
9.542332e-01 
9.542332e-01 
9.542332e-01 
9.542332e-01 
9.542332e-01 
9.542332e-01 
9.542332e-01 
9.542332e-01 
9.542332e-01 
9.542332e-01 
9.542332e-01 
9.542332e-01 
9.542332e-01 
9.542332e-01 
9.542332e-01 
9.542332e-01 
9.542332e-01 
9.542332e-01 
9.542332e-01 
9.542332e-01 
9.542332e-01 
9.542332e-01 
9.542332e-01 
9.542332e-01 
9.542332e-01 
9.542332e-01 
9.542332e-01 
9.542332e-01 
9.542332e-01 
9.542332e-01 
9.542332e-01 
9.542332e-01 
9.542332e-01 
9.542332e-01 
9.542332e-01 
9.542332e-01 
9.542332e-01 
9.542332e-01 
9.542332e-01 
9.542332e-01 
9.542332e-01 
9.542332e-01 
9.542332e-01 
9.542332e-01 
9.542332e-01 
9.542332e-01 
9.542332e-01 
9.542332e-01 
9.542332e-01 
9.542332e-01 
9.542332e-01 
9.542332e-01 
9.542332e-01 
9.542332e-01 
9.542332e-01 
9.542332e-01 
9.542332e-01 
9.542332e-01 
9.542332e-01 
9.542332e-01 
9.542332e-01 
9.542332e-01 
9.513988e-01 
8.594765e-01 
7.375619e-01 
5.958131e-01 
4.324370e-01 
2.333913e-01 
4.106813e-02 
1.570854e-03 
4.367218e-04 
2.419690e-04 
1.506308e-04 
1.007565e-04 
7.092440e-05 
5.189452e-05 
3.914772e-05 
3.027011e-05 
2.388324e-05 
1.915631e-05 
1.556438e-05 
1.275915e-05 
1.049318e-05 
8.565370e-06 
6.756310e-06 
4.676263e-06 
1.347582e-06 
-3.663638e-06 
-7.276314e-06 
-9.525745e-06 
-1.116871e-05 
-1.255742e-05 
-1.372695e-05 
-1.399205e-05 
-1.399205e-05 
-1.399205e-05 
-1.399205e-05 
-1.399205e-05 
-1.399205e-05 
-1.399205e-05 
-1.399205e-05 
-1.399205e-05 
-1.399205e-05 
-1.399205e-05 
-1.399205e-05 
-1.399205e-05 
-1.399205e-05 
-1.399205e-05 
-1.399205e-05 
-1.399205e-05 
-1.399205e-05 
-1.399205e-05 
-1.399205e-05 
-1.399205e-05 
-1.399205e-05 
-1.399205e-05 
-1.399205e-05 
-1.399205e-05 
-1.399205e-05 
-1.399205e-05 
-1.399205e-05 
-1.399205e-05 
-1.399205e-05 
-1.399205e-05 
-1.399205e-05 
-1.399205e-05 
-1.399205e-05 
-1.399205e-05 
-1.399205e-05 
-1.399205e-05 
-1.399205e-05 
-1.399205e-05 
-1.399205e-05 
-1.399205e-05 
-1.399205e-05 
-1.399205e-05 
-1.399205e-05 
-1.399205e-05 
-1.399205e-05 
-1.399205e-05 
-1.399205e-05 
-1.399205e-05 
-1.399205e-05 
-1.399205e-05 
-1.399205e-05 
-1.399205e-05 
-1.399205e-05 
-1.399205e-05 
-1.399205e-05 
-1.399205e-05 
-1.399205e-05 
-1.399205e-05 
-1.399205e-05 
-1.399205e-05 
-1.399205e-05 
-1.399205e-05 
-1.392224e-05 
-1.373082e-05 
-1.351853e-05 
-1.327248e-05 
-1.297746e-05 
-1.261545e-05 
-1.216489e-05 
-1.159165e-05 
-1.086672e-05 
-9.971994e-06 
-8.869237e-06 
-7.499913e-06 
-5.782660e-06 
-3.604616e-06 
-8.077050e-07 
2.831787e-06 
7.632659e-06 
1.404865e-05 
2.271414e-05 
3.447241e-05 
5.032323e-05 
7.118951e-05 
9.750226e-05 
1.289509e-04 
1.648774e-04 
2.051501e-04 
2.508677e-04 
3.045466e-04 
3.692196e-04 
4.438790e-04 
4.920603e-04 
4.920780e-04 
4.920780e-04 
4.920780e-04 
4.920780e-04 
4.920780e-04 
4.920780e-04 
4.920780e-04 
4.920780e-04 
4.920780e-04 
4.920780e-04 
4.920780e-04 
4.920780e-04 
4.920780e-04 
4.920780e-04 
4.920780e-04 
4.920780e-04 
4.920780e-04 
4.920780e-04 
4.920780e-04 
4.920780e-04 
4.920780e-04 
4.920780e-04 
4.920780e-04 
4.920780e-04 
4.920780e-04 
4.920780e-04 
4.920780e-04 
4.920780e-04 
4.920780e-04 
4.920780e-04 
4.920780e-04 
4.920780e-04 
4.920780e-04 
4.920780e-04 
4.920780e-04 
4.920780e-04 
4.920780e-04 
4.920780e-04 
4.920780e-04 
4.920780e-04 
4.920780e-04 
4.920780e-04 
4.920780e-04 
4.920780e-04 
4.920780e-04 
4.920780e-04 
4.920780e-04 
4.920780e-04 
4.920780e-04 
4.920780e-04 
4.920780e-04 
4.920780e-04 
4.920780e-04 
4.920780e-04 
4.920780e-04 
4.920780e-04 
4.920780e-04 
4.920780e-04 
4.920780e-04 
4.920780e-04 
4.920780e-04 
4.920780e-04 
4.940274e-04 
5.480733e-04 
6.126900e-04 
6.884882e-04 
7.780574e-04 
8.847495e-04 
1.012850e-03 
1.167683e-03 
1.355897e-03 
1.586608e-03 
1.872788e-03 
2.232569e-03 
2.691465e-03 
3.286121e-03 
4.070434e-03 
5.125784e-03 
6.578735e-03 
8.632895e-03 
1.162888e-02 
1.616297e-02 
2.333531e-02 
3.529755e-02 
5.650071e-02 
9.632135e-02 
1.716627e-01 
2.949079e-01 
4.463987e-01 
5.982800e-01 
7.389886e-01 
8.614372e-01 
9.528597e-01 
9.542487e-01 
9.542487e-01 
9.542487e-01 
9.542487e-01 
9.542487e-01 
9.542487e-01 
9.542487e-01 
9.542487e-01 
9.542487e-01 
9.542487e-01 
9.542487e-01 
9.542487e-01 
9.542487e-01 
9.542487e-01 
9.542487e-01 
9.542487e-01 
9.542487e-01 
9.542487e-01 
9.542487e-01 
9.542487e-01 
9.542487e-01 
9.542487e-01 
9.542487e-01 
9.542487e-01 
9.542487e-01 
9.542487e-01 
9.542487e-01 
9.542487e-01 
9.542487e-01 
9.542487e-01 
9.542487e-01 
9.542487e-01 
9.542487e-01 
9.542487e-01 
9.542487e-01 
9.542487e-01 
9.542487e-01 
9.542487e-01 
9.542487e-01 
9.542487e-01 
9.542487e-01 
9.542487e-01 
9.542487e-01 
9.542487e-01 
9.542487e-01 
9.542487e-01 
9.542487e-01 
9.542487e-01 
9.542487e-01 
9.542487e-01 
9.542487e-01 
9.542487e-01 
9.542487e-01 
9.542487e-01 
9.542487e-01 
9.542487e-01 
9.542487e-01 
9.542487e-01 
9.542487e-01 
9.542487e-01 
9.542487e-01 
9.542487e-01 
9.542487e-01 
9.542485e-01 
9.542481e-01 
9.542475e-01 
9.542468e-01 
9.542460e-01 
9.542451e-01 
9.542440e-01 
9.542429e-01 
9.542417e-01 
9.542407e-01 
9.542398e-01 
9.542389e-01 
9.542382e-01 
9.542376e-01 
9.542371e-01 
9.542366e-01 
9.542362e-01 
9.542358e-01 
9.542355e-01 
9.542352e-01 
9.542349e-01 
9.542347e-01 
9.542344e-01 
9.542342e-01 
9.542340e-01 
9.542338e-01 
9.542337e-01 
9.542335e-01 
9.542334e-01 
9.542332e-01 
9.542331e-01 
9.542331e-01 
9.542331e-01 
9.542331e-01 
9.542331e-01 
9.542331e-01 
9.542331e-01 
9.542331e-01 
9.542331e-01 
9.542331e-01 
9.542331e-01 
9.542331e-01 
9.542331e-01 
9.542331e-01 
9.542331e-01 
9.542331e-01 
9.542331e-01 
9.542331e-01 
9.542331e-01 
9.542331e-01 
9.542331e-01 
9.542331e-01 
9.542331e-01 
9.542331e-01 
9.542331e-01 
9.542331e-01 
9.542331e-01 
9.542331e-01 
9.542331e-01 
9.542331e-01 
9.542331e-01 
9.542331e-01 
9.542331e-01 
9.542331e-01 
9.542331e-01 
9.542331e-01 
9.542331e-01 
9.542331e-01 
9.542331e-01 
9.542331e-01 
9.542331e-01 
9.542331e-01 
9.542331e-01 
9.542331e-01 
9.542331e-01 
9.542331e-01 
9.542331e-01 
9.542331e-01 
9.542331e-01 
9.542331e-01 
9.542331e-01 
9.542331e-01 
9.542331e-01 
9.542331e-01 
9.542331e-01 
9.542331e-01 
9.542331e-01 
9.542331e-01 
9.542331e-01 
9.542331e-01 
9.542331e-01 
9.542331e-01 
9.542331e-01 
9.467519e-01 
8.519130e-01 
7.284534e-01 
5.854138e-01 
4.201253e-01 
2.180747e-01 
3.346108e-02 
1.199540e-03 
3.607667e-04 
2.020177e-04 
1.265047e-04 
8.497890e-05 
6.002786e-05 
4.406424e-05 
3.335260e-05 
2.588878e-05 
2.052539e-05 
1.657106e-05 
1.359150e-05 
1.130441e-05 
9.521105e-06 
8.112828e-06 
6.991255e-06 
6.096819e-06 
5.368253e-06 
4.672032e-06 
4.095147e-06 
3.629265e-06 
3.235410e-06 
2.893105e-06 
2.593353e-06 
2.579031e-06 
2.579031e-06 
2.579031e-06 
2.579031e-06 
2.579031e-06 
2.579031e-06 
2.579031e-06 
2.579031e-06 
2.579031e-06 
2.579031e-06 
2.579031e-06 
2.579031e-06 
2.579031e-06 
2.579031e-06 
2.579031e-06 
2.579031e-06 
2.579031e-06 
2.579031e-06 
2.579031e-06 
2.579031e-06 
2.579031e-06 
2.579031e-06 
2.579031e-06 
2.579031e-06 
2.579031e-06 
2.579031e-06 
2.579031e-06 
2.579031e-06 
2.579031e-06 
2.579031e-06 
2.579031e-06 
2.579031e-06 
2.579031e-06 
2.579031e-06 
2.579031e-06 
2.579031e-06 
2.579031e-06 
2.579031e-06 
2.579031e-06 
2.579031e-06 
2.579031e-06 
2.579031e-06 
2.579031e-06 
2.579031e-06 
2.579031e-06 
2.579031e-06 
2.579031e-06 
2.579031e-06 
2.579031e-06 
2.579031e-06 
2.579031e-06 
2.579031e-06 
2.579031e-06 
2.579031e-06 
2.579031e-06 
2.579031e-06 
2.579031e-06 
2.579031e-06 
2.579031e-06 
2.579031e-06 
2.579031e-06 
2.579031e-06 
2.579031e-06 
2.659432e-06 
2.853235e-06 
3.072154e-06 
3.320990e-06 
3.605575e-06 
3.933016e-06 
4.311852e-06 
4.752351e-06 
5.267629e-06 
5.875529e-06 
6.599600e-06 
7.471214e-06 
8.532928e-06 
9.843621e-06 
1.148658e-05 
1.358263e-05 
1.631212e-05 
1.995330e-05 
2.495163e-05 
3.204982e-05 
4.253623e-05 
5.869865e-05 
8.443315e-05 
1.248157e-04 
1.813095e-04 
2.472588e-04 
3.158324e-04 
3.849363e-04 
4.523716e-04 
5.106203e-04 
5.360954e-04 
5.360985e-04 
5.360985e-04 
5.360985e-04 
5.360985e-04 
5.360985e-04 
5.360985e-04 
5.360985e-04 
5.360985e-04 
5.360985e-04 
5.360985e-04 
5.360985e-04 
5.360985e-04 
5.360985e-04 
5.360985e-04 
5.360985e-04 
5.360985e-04 
5.360985e-04 
5.360985e-04 
5.360985e-04 
5.360985e-04 
5.360985e-04 
5.360985e-04 
5.360985e-04 
5.360985e-04 
5.360985e-04 
5.360985e-04 
5.360985e-04 
5.360985e-04 
5.360985e-04 
5.360985e-04 
5.360985e-04 
5.360985e-04 
5.360985e-04 
5.360985e-04 
5.360985e-04 
5.360985e-04 
5.360985e-04 
5.360985e-04 
5.360985e-04 
5.360985e-04 
5.360985e-04 
5.360985e-04 
5.360985e-04 
5.360985e-04 
5.360985e-04 
5.360985e-04 
5.360985e-04 
5.360985e-04 
5.360985e-04 
5.360985e-04 
5.360985e-04 
5.360985e-04 
5.360985e-04 
5.360985e-04 
5.360985e-04 
5.360985e-04 
5.360985e-04 
5.360985e-04 
5.360985e-04 
5.360985e-04 
5.360985e-04 
5.360985e-04 
5.410987e-04 
5.992635e-04 
6.669315e-04 
7.440042e-04 
7.907879e-04 
8.927722e-04 
1.022519e-03 
1.179403e-03 
1.370196e-03 
1.604235e-03 
1.894801e-03 
2.260445e-03 
2.727302e-03 
3.332965e-03 
4.132825e-03 
5.210675e-03 
6.697112e-03 
8.802757e-03 
1.188098e-02 
1.655249e-02 
2.396684e-02 
3.638163e-02 
5.848173e-02 
1.001124e-01 
1.785762e-01 
3.047609e-01 
4.569765e-01 
6.083308e-01 
7.480405e-01 
8.688821e-01 
9.539780e-01 
9.542487e-01 
9.542487e-01 
9.542487e-01 
9.542487e-01 
9.542487e-01 
9.542487e-01 
9.542487e-01 
9.542487e-01 
9.542487e-01 
9.542487e-01 
9.542487e-01 
9.542487e-01 
9.542487e-01 
9.542487e-01 
9.542487e-01 
9.542487e-01 
9.542487e-01 
9.542487e-01 
9.542487e-01 
9.542487e-01 
9.542487e-01 
9.542487e-01 
9.542487e-01 
9.542487e-01 
9.542487e-01 
9.542487e-01 
9.542487e-01 
9.542487e-01 
9.542487e-01 
9.542487e-01 
9.542487e-01 
9.542487e-01 
9.542487e-01 
9.542487e-01 
9.542487e-01 
9.542487e-01 
9.542487e-01 
9.542487e-01 
9.542487e-01 
9.542487e-01 
9.542487e-01 
9.542487e-01 
9.542487e-01 
9.542487e-01 
9.542487e-01 
9.542487e-01 
9.542487e-01 
9.542487e-01 
9.542487e-01 
9.542487e-01 
9.542487e-01 
9.542487e-01 
9.542487e-01 
9.542487e-01 
9.542487e-01 
9.542487e-01 
9.542487e-01 
9.542487e-01 
9.542487e-01 
9.542487e-01 
9.542487e-01 
9.542487e-01 
9.542487e-01 
9.542485e-01 
9.542480e-01 
9.542475e-01 
9.542468e-01 
9.542460e-01 
9.542450e-01 
9.542439e-01 
9.542428e-01 
9.542417e-01 
9.542406e-01 
9.542397e-01 
9.542389e-01 
9.542382e-01 
9.542376e-01 
9.542371e-01 
9.542366e-01 
9.542362e-01 
9.542358e-01 
9.542355e-01 
9.542352e-01 
9.542349e-01 
9.542346e-01 
9.542344e-01 
9.542342e-01 
9.542340e-01 
9.542338e-01 
9.542337e-01 
9.542335e-01 
9.542334e-01 
9.542332e-01 
9.542331e-01 
9.542331e-01 
9.542331e-01 
9.542331e-01 
9.542331e-01 
9.542331e-01 
9.542331e-01 
9.542331e-01 
9.542331e-01 
9.542331e-01 
9.542331e-01 
9.542331e-01 
9.542331e-01 
9.542331e-01 
9.542331e-01 
9.542331e-01 
9.542331e-01 
9.542331e-01 
9.542331e-01 
9.542331e-01 
9.542331e-01 
9.542331e-01 
9.542331e-01 
9.542331e-01 
9.542331e-01 
9.542331e-01 
9.542331e-01 
9.542331e-01 
9.542331e-01 
9.542331e-01 
9.542331e-01 
9.542331e-01 
9.542331e-01 
9.542331e-01 
9.542331e-01 
9.542331e-01 
9.542331e-01 
9.542331e-01 
9.542331e-01 
9.542331e-01 
9.542331e-01 
9.542331e-01 
9.542331e-01 
9.542331e-01 
9.542331e-01 
9.542331e-01 
9.542331e-01 
9.542331e-01 
9.542331e-01 
9.542331e-01 
9.542331e-01 
9.542331e-01 
9.542331e-01 
9.542331e-01 
9.542331e-01 
9.542331e-01 
9.542331e-01 
9.542331e-01 
9.542331e-01 
9.542331e-01 
9.542331e-01 
9.542331e-01 
9.542331e-01 
9.415767e-01 
8.442200e-01 
7.192597e-01 
5.749259e-01 
4.076834e-01 
2.028597e-01 
2.721711e-02 
1.021551e-03 
3.449302e-04 
1.951588e-04 
1.229170e-04 
8.289977e-05 
5.873550e-05 
4.321834e-05 
3.277649e-05 
2.548394e-05 
2.023376e-05 
1.635693e-05 
1.343215e-05 
1.118506e-05 
9.432117e-06 
8.048285e-06 
6.948511e-06 
6.076598e-06 
5.363009e-06 
4.654539e-06 
4.080026e-06 
3.618750e-06 
3.229286e-06 
2.890831e-06 
2.605781e-06 
2.600025e-06 
2.600025e-06 
2.600025e-06 
2.600025e-06 
2.600025e-06 
2.600025e-06 
2.600025e-06 
2.600025e-06 
2.600025e-06 
2.600025e-06 
2.600025e-06 
2.600025e-06 
2.600025e-06 
2.600025e-06 
2.600025e-06 
2.600025e-06 
2.600025e-06 
2.600025e-06 
2.600025e-06 
2.600025e-06 
2.600025e-06 
2.600025e-06 
2.600025e-06 
2.600025e-06 
2.600025e-06 
2.600025e-06 
2.600025e-06 
2.600025e-06 
2.600025e-06 
2.600025e-06 
2.600025e-06 
2.600025e-06 
2.600025e-06 
2.600025e-06 
2.600025e-06 
2.600025e-06 
2.600025e-06 
2.600025e-06 
2.600025e-06 
2.600025e-06 
2.600025e-06 
2.600025e-06 
2.600025e-06 
2.600025e-06 
2.600025e-06 
2.600025e-06 
2.600025e-06 
2.600025e-06 
2.600025e-06 
2.600025e-06 
2.600025e-06 
2.600025e-06 
2.600025e-06 
2.600025e-06 
2.600025e-06 
2.600025e-06 
2.600025e-06 
2.600025e-06 
2.600025e-06 
2.600025e-06 
2.600025e-06 
2.600025e-06 
2.600025e-06 
2.693545e-06 
2.890127e-06 
3.112245e-06 
3.364762e-06 
3.653575e-06 
3.985848e-06 
4.370269e-06 
4.817640e-06 
5.341406e-06 
5.959627e-06 
6.696392e-06 
7.583843e-06 
8.665631e-06 
1.000222e-05 
1.167929e-05 
1.382131e-05 
1.661447e-05 
2.034664e-05 
2.547978e-05 
3.278597e-05 
4.360676e-05 
6.032180e-05 
8.694182e-05 
1.284813e-04 
1.858484e-04 
2.520463e-04 
3.206218e-04 
3.896790e-04 
4.567844e-04 
5.139596e-04 
5.360985e-04 
5.360995e-04 
5.360995e-04 
5.360995e-04 
5.360995e-04 
5.360995e-04 
5.360995e-04 
5.360995e-04 
5.360995e-04 
5.360995e-04 
5.360995e-04 
5.360995e-04 
5.360995e-04 
5.360995e-04 
5.360995e-04 
5.360995e-04 
5.360995e-04 
5.360995e-04 
5.360995e-04 
5.360995e-04 
5.360995e-04 
5.360995e-04 
5.360995e-04 
5.360995e-04 
5.360995e-04 
5.360995e-04 
5.360995e-04 
5.360995e-04 
5.360995e-04 
5.360995e-04 
5.360995e-04 
5.360995e-04 
5.360995e-04 
5.360995e-04 
5.360995e-04 
5.360995e-04 
5.360995e-04 
5.360995e-04 
5.360995e-04 
5.360995e-04 
5.360995e-04 
5.360995e-04 
5.360995e-04 
5.360995e-04 
5.360995e-04 
5.360995e-04 
5.360995e-04 
5.360995e-04 
5.360995e-04 
5.360995e-04 
5.360995e-04 
5.360995e-04 
5.360995e-04 
5.360995e-04 
5.360995e-04 
5.360995e-04 
5.360995e-04 
5.360995e-04 
5.360995e-04 
5.360995e-04 
5.360995e-04 
5.360995e-04 
5.360995e-04 
5.445355e-04 
6.035887e-04 
6.719182e-04 
7.494365e-04 
7.960058e-04 
9.008959e-04 
1.032314e-03 
1.191281e-03 
1.384694e-03 
1.622125e-03 
1.917163e-03 
2.288791e-03 
2.763781e-03 
3.380707e-03 
4.196500e-03 
5.297447e-03 
6.818330e-03 
8.977068e-03 
1.214034e-02 
1.695443e-02 
2.462090e-02 
3.750907e-02 
6.055055e-02 
1.040758e-01 
1.857311e-01 
3.147354e-01 
4.675424e-01 
6.183263e-01 
7.570066e-01 
8.761828e-01 
9.541958e-01 
9.542487e-01 
9.542487e-01 
9.542487e-01 
9.542487e-01 
9.542487e-01 
9.542487e-01 
9.542487e-01 
9.542487e-01 
9.542487e-01 
9.542487e-01 
9.542487e-01 
9.542487e-01 
9.542487e-01 
9.542487e-01 
9.542487e-01 
9.542487e-01 
9.542487e-01 
9.542487e-01 
9.542487e-01 
9.542487e-01 
9.542487e-01 
9.542487e-01 
9.542487e-01 
9.542487e-01 
9.542487e-01 
9.542487e-01 
9.542487e-01 
9.542487e-01 
9.542487e-01 
9.542487e-01 
9.542487e-01 
9.542487e-01 
9.542487e-01 
9.542487e-01 
9.542487e-01 
9.542487e-01 
9.542487e-01 
9.542487e-01 
9.542487e-01 
9.542487e-01 
9.542487e-01 
9.542487e-01 
9.542487e-01 
9.542487e-01 
9.542487e-01 
9.542487e-01 
9.542487e-01 
9.542487e-01 
9.542487e-01 
9.542487e-01 
9.542487e-01 
9.542487e-01 
9.542487e-01 
9.542487e-01 
9.542487e-01 
9.542487e-01 
9.542487e-01 
9.542487e-01 
9.542487e-01 
9.542487e-01 
9.542487e-01 
9.542487e-01 
9.542487e-01 
9.542484e-01 
9.542480e-01 
9.542474e-01 
9.542467e-01 
9.542459e-01 
9.542449e-01 
9.542439e-01 
9.542427e-01 
9.542416e-01 
9.542406e-01 
9.542396e-01 
9.542388e-01 
9.542382e-01 
9.542376e-01 
9.542370e-01 
9.542366e-01 
9.542362e-01 
9.542358e-01 
9.542355e-01 
9.542352e-01 
9.542349e-01 
9.542346e-01 
9.542344e-01 
9.542342e-01 
9.542340e-01 
9.542338e-01 
9.542336e-01 
9.542335e-01 
9.542333e-01 
9.542332e-01 
9.542331e-01 
9.542331e-01 
9.542331e-01 
9.542331e-01 
9.542331e-01 
9.542331e-01 
9.542331e-01 
9.542331e-01 
9.542331e-01 
9.542331e-01 
9.542331e-01 
9.542331e-01 
9.542331e-01 
9.542331e-01 
9.542331e-01 
9.542331e-01 
9.542331e-01 
9.542331e-01 
9.542331e-01 
9.542331e-01 
9.542331e-01 
9.542331e-01 
9.542331e-01 
9.542331e-01 
9.542331e-01 
9.542331e-01 
9.542331e-01 
9.542331e-01 
9.542331e-01 
9.542331e-01 
9.542331e-01 
9.542331e-01 
9.542331e-01 
9.542331e-01 
9.542331e-01 
9.542331e-01 
9.542331e-01 
9.542331e-01 
9.542331e-01 
9.542331e-01 
9.542331e-01 
9.542331e-01 
9.542331e-01 
9.542331e-01 
9.542331e-01 
9.542331e-01 
9.542331e-01 
9.542331e-01 
9.542331e-01 
9.542331e-01 
9.542331e-01 
9.542331e-01 
9.542331e-01 
9.542331e-01 
9.542331e-01 
9.542331e-01 
9.542331e-01 
9.542331e-01 
9.542331e-01 
9.542331e-01 
9.542331e-01 
9.542331e-01 
9.542331e-01 
9.361322e-01 
8.364015e-01 
7.099772e-01 
5.643228e-01 
3.949976e-01 
1.873652e-01 
2.161180e-02 
7.766366e-04 
2.786052e-04 
1.591194e-04 
1.007839e-04 
6.826074e-05 
4.854205e-05 
3.584835e-05 
2.729732e-05 
2.132869e-05 
1.704441e-05 
1.390304e-05 
1.156776e-05 
9.827616e-06 
8.558700e-06 
7.715308e-06 
7.367221e-06 
7.868514e-06 
1.020130e-05 
1.376172e-05 
1.588283e-05 
1.705229e-05 
1.785099e-05 
1.853132e-05 
1.912491e-05 
1.916130e-05 
1.916130e-05 
1.916130e-05 
1.916130e-05 
1.916130e-05 
1.916130e-05 
1.916130e-05 
1.916130e-05 
1.916130e-05 
1.916130e-05 
1.916130e-05 
1.916130e-05 
1.916130e-05 
1.916130e-05 
1.916130e-05 
1.916130e-05 
1.916130e-05 
1.916130e-05 
1.916130e-05 
1.916130e-05 
1.916130e-05 
1.916130e-05 
1.916130e-05 
1.916130e-05 
1.916130e-05 
1.916130e-05 
1.916130e-05 
1.916130e-05 
1.916130e-05 
1.916130e-05 
1.916130e-05 
1.916130e-05 
1.916130e-05 
1.916130e-05 
1.916130e-05 
1.916130e-05 
1.916130e-05 
1.916130e-05 
1.916130e-05 
1.916130e-05 
1.916130e-05 
1.916130e-05 
1.916130e-05 
1.916130e-05 
1.916130e-05 
1.916130e-05 
1.916130e-05 
1.916130e-05 
1.916130e-05 
1.916130e-05 
1.916130e-05 
1.916130e-05 
1.916130e-05 
1.916130e-05 
1.916130e-05 
1.916130e-05 
1.916130e-05 
1.916130e-05 
1.916130e-05 
1.916130e-05 
1.916130e-05 
1.916130e-05 
1.916130e-05 
1.926422e-05 
1.946272e-05 
1.968889e-05 
1.993915e-05 
2.020933e-05 
2.049512e-05 
2.079018e-05 
2.107884e-05 
2.136268e-05 
2.165575e-05 
2.196109e-05 
2.227588e-05 
2.259274e-05 
2.289773e-05 
2.316611e-05 
2.335466e-05 
2.338792e-05 
2.313244e-05 
2.234789e-05 
2.059102e-05 
1.702408e-05 
1.004123e-05 
-3.358880e-06 
-2.802407e-05 
-6.868833e-05 
-1.245780e-04 
-1.904283e-04 
-2.644155e-04 
-3.484865e-04 
-4.399431e-04 
-4.794913e-04 
-4.794920e-04 
-4.794920e-04 
-4.794920e-04 
-4.794920e-04 
-4.794920e-04 
-4.794920e-04 
-4.794920e-04 
-4.794920e-04 
-4.794920e-04 
-4.794920e-04 
-4.794920e-04 
-4.794920e-04 
-4.794920e-04 
-4.794920e-04 
-4.794920e-04 
-4.794920e-04 
-4.794920e-04 
-4.794920e-04 
-4.794920e-04 
-4.794920e-04 
-4.794920e-04 
-4.794920e-04 
-4.794920e-04 
-4.794920e-04 
-4.794920e-04 
-4.794920e-04 
-4.794920e-04 
-4.794920e-04 
-4.794920e-04 
-4.794920e-04 
-4.794920e-04 
-4.794920e-04 
-4.794920e-04 
-4.794920e-04 
-4.794920e-04 
-4.794920e-04 
-4.794920e-04 
-4.794920e-04 
-4.794920e-04 
-4.794920e-04 
-4.794920e-04 
-4.794920e-04 
-4.794920e-04 
-4.794920e-04 
-4.794920e-04 
-4.794920e-04 
-4.794920e-04 
-4.794920e-04 
-4.794920e-04 
-4.794920e-04 
-4.794920e-04 
-4.794920e-04 
-4.794920e-04 
-4.794920e-04 
-4.794920e-04 
-4.794920e-04 
-4.794920e-04 
-4.794920e-04 
-4.794920e-04 
-4.794920e-04 
-4.794920e-04 
-4.794920e-04 
-4.905671e-04 
-5.463124e-04 
-6.115001e-04 
-6.881003e-04 
-7.787848e-04 
-8.870008e-04 
-1.017132e-03 
-1.174612e-03 
-1.366378e-03 
-1.602104e-03 
-1.895470e-03 
-2.265585e-03 
-2.739457e-03 
-3.356095e-03 
-4.173222e-03 
-5.278578e-03 
-6.809661e-03 
-8.989599e-03 
-1.219545e-02 
-1.709510e-02 
-2.493748e-02 
-3.820144e-02 
-6.207835e-02 
-1.074495e-01 
-1.924205e-01 
-3.244500e-01 
-4.779760e-01 
-6.282375e-01 
-7.658791e-01 
-8.833333e-01 
-9.542383e-01 
-9.542486e-01 
-9.542486e-01 
-9.542486e-01 
-9.542486e-01 
-9.542486e-01 
-9.542486e-01 
-9.542486e-01 
-9.542486e-01 
-9.542486e-01 
-9.542486e-01 
-9.542486e-01 
-9.542486e-01 
-9.542486e-01 
-9.542486e-01 
-9.542486e-01 
-9.542486e-01 
-9.542486e-01 
-9.542486e-01 
-9.542486e-01 
-9.542486e-01 
-9.542486e-01 
-9.542486e-01 
-9.542486e-01 
-9.542486e-01 
-9.542486e-01 
-9.542486e-01 
-9.542486e-01 
-9.542486e-01 
-9.542486e-01 
-9.542486e-01 
-9.542486e-01 
-9.542486e-01 
-9.542486e-01 
-9.542486e-01 
-9.542486e-01 
-9.542486e-01 
-9.542486e-01 
-9.542486e-01 
-9.542486e-01 
-9.542486e-01 
-9.542486e-01 
-9.542486e-01 
-9.542486e-01 
-9.542486e-01 
-9.542486e-01 
-9.542486e-01 
-9.542486e-01 
-9.542486e-01 
-9.542486e-01 
-9.542486e-01 
-9.542486e-01 
-9.542486e-01 
-9.542486e-01 
-9.542486e-01 
-9.542486e-01 
-9.542486e-01 
-9.542486e-01 
-9.542486e-01 
-9.542486e-01 
-9.542486e-01 
-9.542486e-01 
-9.542486e-01 
-9.542486e-01 
-9.542483e-01 
-9.542477e-01 
-9.542470e-01 
-9.542460e-01 
-9.542446e-01 
-9.542424e-01 
-9.542403e-01 
-9.542394e-01 
-9.542387e-01 
-9.542381e-01 
-9.542376e-01 
-9.542371e-01 
-9.542366e-01 
-9.542362e-01 
-9.542359e-01 
-9.542356e-01 
-9.542353e-01 
-9.542350e-01 
-9.542347e-01 
-9.542345e-01 
-9.542343e-01 
-9.542341e-01 
-9.542339e-01 
-9.542337e-01 
-9.542336e-01 
-9.542334e-01 
-9.542333e-01 
-9.542331e-01 
-9.542330e-01 
-9.542329e-01 
-9.542328e-01 
-9.542328e-01 
-9.542328e-01 
-9.542328e-01 
-9.542328e-01 
-9.542328e-01 
-9.542328e-01 
-9.542328e-01 
-9.542328e-01 
-9.542328e-01 
-9.542328e-01 
-9.542328e-01 
-9.542328e-01 
-9.542328e-01 
-9.542328e-01 
-9.542328e-01 
-9.542328e-01 
-9.542328e-01 
-9.542328e-01 
-9.542328e-01 
-9.542328e-01 
-9.542328e-01 
-9.542328e-01 
-9.542328e-01 
-9.542328e-01 
-9.542328e-01 
-9.542328e-01 
-9.542328e-01 
-9.542328e-01 
-9.542328e-01 
-9.542328e-01 
-9.542328e-01 
-9.542328e-01 
-9.542328e-01 
-9.542328e-01 
-9.542328e-01 
-9.542328e-01 
-9.542328e-01 
-9.542328e-01 
-9.542328e-01 
-9.542328e-01 
-9.542328e-01 
-9.542328e-01 
-9.542328e-01 
-9.542328e-01 
-9.542328e-01 
-9.542328e-01 
-9.542328e-01 
-9.542328e-01 
-9.542328e-01 
-9.542328e-01 
-9.542328e-01 
-9.542328e-01 
-9.542328e-01 
-9.542328e-01 
-9.542328e-01 
-9.542328e-01 
-9.542328e-01 
-9.542328e-01 
-9.542328e-01 
-9.542328e-01 
-9.542328e-01 
-9.542328e-01 
-9.304736e-01 
-8.284559e-01 
-7.005716e-01 
-5.534279e-01 
-3.812884e-01 
-1.686054e-01 
-1.338368e-02 
6.464452e-04 
3.651259e-04 
2.106625e-04 
1.341307e-04 
9.112538e-05 
6.489220e-05 
4.791198e-05 
3.640686e-05 
2.831823e-05 
2.245184e-05 
1.807829e-05 
1.473077e-05 
1.209473e-05 
9.940536e-06 
8.070053e-06 
6.239755e-06 
3.953875e-06 
4.388491e-08 
-4.852636e-06 
-7.984610e-06 
-1.001521e-05 
-1.156566e-05 
-1.290782e-05 
-1.397746e-05 
-1.399205e-05 
-1.399205e-05 
-1.399205e-05 
-1.399205e-05 
-1.399205e-05 
-1.399205e-05 
-1.399205e-05 
-1.399205e-05 
-1.399205e-05 
-1.399205e-05 
-1.399205e-05 
-1.399205e-05 
-1.399205e-05 
-1.399205e-05 
-1.399205e-05 
-1.399205e-05 
-1.399205e-05 
-1.399205e-05 
-1.399205e-05 
-1.399205e-05 
-1.399205e-05 
-1.399205e-05 
-1.399205e-05 
-1.399205e-05 
-1.399205e-05 
-1.399205e-05 
-1.399205e-05 
-1.399205e-05 
-1.399205e-05 
-1.399205e-05 
-1.399205e-05 
-1.399205e-05 
-1.399205e-05 
-1.399205e-05 
-1.399205e-05 
-1.399205e-05 
-1.399205e-05 
-1.399205e-05 
-1.399205e-05 
-1.399205e-05 
-1.399205e-05 
-1.399205e-05 
-1.399205e-05 
-1.399205e-05 
-1.399205e-05 
-1.399205e-05 
-1.399205e-05 
-1.399205e-05 
-1.399205e-05 
-1.399205e-05 
-1.399205e-05 
-1.399205e-05 
-1.399205e-05 
-1.399205e-05 
-1.399205e-05 
-1.399205e-05 
-1.399205e-05 
-1.399205e-05 
-1.399205e-05 
-1.399205e-05 
-1.399205e-05 
-1.399205e-05 
-1.399205e-05 
-1.387128e-05 
-1.367535e-05 
-1.345517e-05 
-1.319738e-05 
-1.288590e-05 
-1.250214e-05 
-1.202203e-05 
-1.140900e-05 
-1.064009e-05 
-9.693163e-06 
-8.524166e-06 
-7.068899e-06 
-5.238440e-06 
-2.909169e-06 
9.257623e-08 
4.013156e-06 
9.203899e-06 
1.616348e-05 
2.558241e-05 
3.835776e-05 
5.550111e-05 
7.784497e-05 
1.056214e-04 
1.383547e-04 
1.754402e-04 
2.170315e-04 
2.646231e-04 
3.210443e-04 
3.889403e-04 
4.644266e-04 
4.920779e-04 
4.920780e-04 
4.920780e-04 
4.920780e-04 
4.920780e-04 
4.920780e-04 
4.920780e-04 
4.920780e-04 
4.920780e-04 
4.920780e-04 
4.920780e-04 
4.920780e-04 
4.920780e-04 
4.920780e-04 
4.920780e-04 
4.920780e-04 
4.920780e-04 
4.920780e-04 
4.920780e-04 
4.920780e-04 
4.920780e-04 
4.920780e-04 
4.920780e-04 
4.920780e-04 
4.920780e-04 
4.920780e-04 
4.920780e-04 
4.920780e-04 
4.920780e-04 
4.920780e-04 
4.920780e-04 
4.920780e-04 
4.920780e-04 
4.920780e-04 
4.920780e-04 
4.920780e-04 
4.920780e-04 
4.920780e-04 
4.920780e-04 
4.920780e-04 
4.920780e-04 
4.920780e-04 
4.920780e-04 
4.920780e-04 
4.920780e-04 
4.920780e-04 
4.920780e-04 
4.920780e-04 
4.920780e-04 
4.920780e-04 
4.920780e-04 
4.920780e-04 
4.920780e-04 
4.920780e-04 
4.920780e-04 
4.920780e-04 
4.920780e-04 
4.920780e-04 
4.920780e-04 
4.920780e-04 
4.920780e-04 
4.920780e-04 
4.920780e-04 
5.070288e-04 
5.647578e-04 
6.322133e-04 
7.114916e-04 
8.053745e-04 
9.174533e-04 
1.052291e-03 
1.215518e-03 
1.414308e-03 
1.658711e-03 
1.962959e-03 
2.346928e-03 
2.838724e-03 
3.478969e-03 
4.327827e-03 
5.476841e-03 
7.069638e-03 
9.339627e-03 
1.268189e-02 
1.779759e-02 
2.600054e-02 
3.990252e-02 
6.496934e-02 
1.125475e-01 
2.007596e-01 
3.349991e-01 
4.886191e-01 
6.381442e-01 
7.746700e-01 
8.903300e-01 
9.542466e-01 
9.542487e-01 
9.542487e-01 
9.542487e-01 
9.542487e-01 
9.542487e-01 
9.542487e-01 
9.542487e-01 
9.542487e-01 
9.542487e-01 
9.542487e-01 
9.542487e-01 
9.542487e-01 
9.542487e-01 
9.542487e-01 
9.542487e-01 
9.542487e-01 
9.542487e-01 
9.542487e-01 
9.542487e-01 
9.542487e-01 
9.542487e-01 
9.542487e-01 
9.542487e-01 
9.542487e-01 
9.542487e-01 
9.542487e-01 
9.542487e-01 
9.542487e-01 
9.542487e-01 
9.542487e-01 
9.542487e-01 
9.542487e-01 
9.542487e-01 
9.542487e-01 
9.542487e-01 
9.542487e-01 
9.542487e-01 
9.542487e-01 
9.542487e-01 
9.542487e-01 
9.542487e-01 
9.542487e-01 
9.542487e-01 
9.542487e-01 
9.542487e-01 
9.542487e-01 
9.542487e-01 
9.542487e-01 
9.542487e-01 
9.542487e-01 
9.542487e-01 
9.542487e-01 
9.542487e-01 
9.542487e-01 
9.542487e-01 
9.542487e-01 
9.542487e-01 
9.542487e-01 
9.542487e-01 
9.542487e-01 
9.542487e-01 
9.542487e-01 
9.542487e-01 
9.542484e-01 
9.542479e-01 
9.542473e-01 
9.542466e-01 
9.542458e-01 
9.542448e-01 
9.542437e-01 
9.542426e-01 
9.542414e-01 
9.542404e-01 
9.542395e-01 
9.542387e-01 
9.542381e-01 
9.542375e-01 
9.542370e-01 
9.542365e-01 
9.542361e-01 
9.542357e-01 
9.542354e-01 
9.542351e-01 
9.542348e-01 
9.542346e-01 
9.542344e-01 
9.542342e-01 
9.542340e-01 
9.542338e-01 
9.542336e-01 
9.542335e-01 
9.542333e-01 
9.542332e-01 
9.542331e-01 
9.542331e-01 
9.542331e-01 
9.542331e-01 
9.542331e-01 
9.542331e-01 
9.542331e-01 
9.542331e-01 
9.542331e-01 
9.542331e-01 
9.542331e-01 
9.542331e-01 
9.542331e-01 
9.542331e-01 
9.542331e-01 
9.542331e-01 
9.542331e-01 
9.542331e-01 
9.542331e-01 
9.542331e-01 
9.542331e-01 
9.542331e-01 
9.542331e-01 
9.542331e-01 
9.542331e-01 
9.542331e-01 
9.542331e-01 
9.542331e-01 
9.542331e-01 
9.542331e-01 
9.542331e-01 
9.542331e-01 
9.542331e-01 
9.542331e-01 
9.542331e-01 
9.542331e-01 
9.542331e-01 
9.542331e-01 
9.542331e-01 
9.542331e-01 
9.542331e-01 
9.542331e-01 
9.542331e-01 
9.542331e-01 
9.542331e-01 
9.542331e-01 
9.542331e-01 
9.542331e-01 
9.542331e-01 
9.542331e-01 
9.542331e-01 
9.542331e-01 
9.542331e-01 
9.542331e-01 
9.542331e-01 
9.542331e-01 
9.542331e-01 
9.542331e-01 
9.542331e-01 
9.542331e-01 
9.542331e-01 
9.542331e-01 
9.542331e-01 
9.246188e-01 
8.204072e-01 
6.911648e-01 
5.428397e-01 
3.692313e-01 
1.573199e-01 
1.385611e-02 
7.031174e-04 
3.030099e-04 
1.762086e-04 
1.127911e-04 
7.693332e-05 
5.497162e-05 
4.071892e-05 
3.104812e-05 
2.424851e-05 
1.932576e-05 
1.567336e-05 
1.290649e-05 
1.077294e-05 
9.103021e-06 
7.780546e-06 
6.726052e-06 
5.885360e-06 
5.177279e-06 
4.499145e-06 
3.959002e-06 
3.515392e-06 
3.137371e-06 
2.806480e-06 
2.579305e-06 
2.579031e-06 
2.579031e-06 
2.579031e-06 
2.579031e-06 
2.579031e-06 
2.579031e-06 
2.579031e-06 
2.579031e-06 
2.579031e-06 
2.579031e-06 
2.579031e-06 
2.579031e-06 
2.579031e-06 
2.579031e-06 
2.579031e-06 
2.579031e-06 
2.579031e-06 
2.579031e-06 
2.579031e-06 
2.579031e-06 
2.579031e-06 
2.579031e-06 
2.579031e-06 
2.579031e-06 
2.579031e-06 
2.579031e-06 
2.579031e-06 
2.579031e-06 
2.579031e-06 
2.579031e-06 
2.579031e-06 
2.579031e-06 
2.579031e-06 
2.579031e-06 
2.579031e-06 
2.579031e-06 
2.579031e-06 
2.579031e-06 
2.579031e-06 
2.579031e-06 
2.579031e-06 
2.579031e-06 
2.579031e-06 
2.579031e-06 
2.579031e-06 
2.579031e-06 
2.579031e-06 
2.579031e-06 
2.579031e-06 
2.579031e-06 
2.579031e-06 
2.579031e-06 
2.579031e-06 
2.579031e-06 
2.579031e-06 
2.579031e-06 
2.579031e-06 
2.579031e-06 
2.579031e-06 
2.579031e-06 
2.579031e-06 
2.579031e-06 
2.579031e-06 
2.710186e-06 
2.910427e-06 
3.137016e-06 
3.394997e-06 
3.690542e-06 
4.031123e-06 
4.425724e-06 
4.885192e-06 
5.423813e-06 
6.060865e-06 
6.821774e-06 
7.740578e-06 
8.863688e-06 
1.025569e-05 
1.200856e-05 
1.425669e-05 
1.720245e-05 
2.116109e-05 
2.664281e-05 
3.450790e-05 
4.626241e-05 
6.457713e-05 
9.382817e-05 
1.388171e-04 
1.987899e-04 
2.659030e-04 
3.347190e-04 
4.037359e-04 
4.696993e-04 
5.233121e-04 
5.360984e-04 
5.360985e-04 
5.360985e-04 
5.360985e-04 
5.360985e-04 
5.360985e-04 
5.360985e-04 
5.360985e-04 
5.360985e-04 
5.360985e-04 
5.360985e-04 
5.360985e-04 
5.360985e-04 
5.360985e-04 
5.360985e-04 
5.360985e-04 
5.360985e-04 
5.360985e-04 
5.360985e-04 
5.360985e-04 
5.360985e-04 
5.360985e-04 
5.360985e-04 
5.360985e-04 
5.360985e-04 
5.360985e-04 
5.360985e-04 
5.360985e-04 
5.360985e-04 
5.360985e-04 
5.360985e-04 
5.360985e-04 
5.360985e-04 
5.360985e-04 
5.360985e-04 
5.360985e-04 
5.360985e-04 
5.360985e-04 
5.360985e-04 
5.360985e-04 
5.360985e-04 
5.360985e-04 
5.360985e-04 
5.360985e-04 
5.360985e-04 
5.360985e-04 
5.360985e-04 
5.360985e-04 
5.360985e-04 
5.360985e-04 
5.360985e-04 
5.360985e-04 
5.360985e-04 
5.360985e-04 
5.360985e-04 
5.360985e-04 
5.360985e-04 
5.360985e-04 
5.360985e-04 
5.360985e-04 
5.360985e-04 
5.360985e-04 
5.360985e-04 
5.558503e-04 
6.168188e-04 
6.871542e-04 
7.649140e-04 
8.133251e-04 
9.258902e-04 
1.062477e-03 
1.227883e-03 
1.429430e-03 
1.677418e-03 
1.986408e-03 
2.376741e-03 
2.877218e-03 
3.529534e-03 
4.395549e-03 
5.569573e-03 
7.199907e-03 
9.528180e-03 
1.296463e-02 
1.823986e-02 
2.672825e-02 
4.117304e-02 
6.732874e-02 
1.170695e-01 
2.086272e-01 
3.452644e-01 
4.991213e-01 
6.479630e-01 
7.833611e-01 
8.971655e-01 
9.542483e-01 
9.542487e-01 
9.542487e-01 
9.542487e-01 
9.542487e-01 
9.542487e-01 
9.542487e-01 
9.542487e-01 
9.542487e-01 
9.542487e-01 
9.542487e-01 
9.542487e-01 
9.542487e-01 
9.542487e-01 
9.542487e-01 
9.542487e-01 
9.542487e-01 
9.542487e-01 
9.542487e-01 
9.542487e-01 
9.542487e-01 
9.542487e-01 
9.542487e-01 
9.542487e-01 
9.542487e-01 
9.542487e-01 
9.542487e-01 
9.542487e-01 
9.542487e-01 
9.542487e-01 
9.542487e-01 
9.542487e-01 
9.542487e-01 
9.542487e-01 
9.542487e-01 
9.542487e-01 
9.542487e-01 
9.542487e-01 
9.542487e-01 
9.542487e-01 
9.542487e-01 
9.542487e-01 
9.542487e-01 
9.542487e-01 
9.542487e-01 
9.542487e-01 
9.542487e-01 
9.542487e-01 
9.542487e-01 
9.542487e-01 
9.542487e-01 
9.542487e-01 
9.542487e-01 
9.542487e-01 
9.542487e-01 
9.542487e-01 
9.542487e-01 
9.542487e-01 
9.542487e-01 
9.542487e-01 
9.542487e-01 
9.542487e-01 
9.542487e-01 
9.542487e-01 
9.542484e-01 
9.542479e-01 
9.542473e-01 
9.542466e-01 
9.542457e-01 
9.542447e-01 
9.542436e-01 
9.542425e-01 
9.542414e-01 
9.542404e-01 
9.542395e-01 
9.542387e-01 
9.542380e-01 
9.542374e-01 
9.542369e-01 
9.542365e-01 
9.542361e-01 
9.542357e-01 
9.542354e-01 
9.542351e-01 
9.542348e-01 
9.542346e-01 
9.542344e-01 
9.542341e-01 
9.542340e-01 
9.542338e-01 
9.542336e-01 
9.542335e-01 
9.542333e-01 
9.542332e-01 
9.542331e-01 
9.542331e-01 
9.542331e-01 
9.542331e-01 
9.542331e-01 
9.542331e-01 
9.542331e-01 
9.542331e-01 
9.542331e-01 
9.542331e-01 
9.542331e-01 
9.542331e-01 
9.542331e-01 
9.542331e-01 
9.542331e-01 
9.542331e-01 
9.542331e-01 
9.542331e-01 
9.542331e-01 
9.542331e-01 
9.542331e-01 
9.542331e-01 
9.542331e-01 
9.542331e-01 
9.542331e-01 
9.542331e-01 
9.542331e-01 
9.542331e-01 
9.542331e-01 
9.542331e-01 
9.542331e-01 
9.542331e-01 
9.542331e-01 
9.542331e-01 
9.542331e-01 
9.542331e-01 
9.542331e-01 
9.542331e-01 
9.542331e-01 
9.542331e-01 
9.542331e-01 
9.542331e-01 
9.542331e-01 
9.542331e-01 
9.542331e-01 
9.542331e-01 
9.542331e-01 
9.542331e-01 
9.542331e-01 
9.542331e-01 
9.542331e-01 
9.542331e-01 
9.542331e-01 
9.542331e-01 
9.542331e-01 
9.542331e-01 
9.542331e-01 
9.542331e-01 
9.542331e-01 
9.542331e-01 
9.542331e-01 
9.542331e-01 
9.542331e-01 
9.185740e-01 
8.122386e-01 
6.816301e-01 
5.319247e-01 
3.560147e-01 
1.424626e-01 
1.089742e-02 
6.400042e-04 
2.908251e-04 
1.705382e-04 
1.097267e-04 
7.511868e-05 
5.382593e-05 
3.996007e-05 
3.052647e-05 
2.387923e-05 
1.905821e-05 
1.547607e-05 
1.275929e-05 
1.066267e-05 
9.021170e-06 
7.722085e-06 
6.689280e-06 
5.871335e-06 
5.169173e-06 
4.481521e-06 
3.945110e-06 
3.506124e-06 
3.132357e-06 
2.805164e-06 
2.600087e-06 
2.600025e-06 
2.600025e-06 
2.600025e-06 
2.600025e-06 
2.600025e-06 
2.600025e-06 
2.600025e-06 
2.600025e-06 
2.600025e-06 
2.600025e-06 
2.600025e-06 
2.600025e-06 
2.600025e-06 
2.600025e-06 
2.600025e-06 
2.600025e-06 
2.600025e-06 
2.600025e-06 
2.600025e-06 
2.600025e-06 
2.600025e-06 
2.600025e-06 
2.600025e-06 
2.600025e-06 
2.600025e-06 
2.600025e-06 
2.600025e-06 
2.600025e-06 
2.600025e-06 
2.600025e-06 
2.600025e-06 
2.600025e-06 
2.600025e-06 
2.600025e-06 
2.600025e-06 
2.600025e-06 
2.600025e-06 
2.600025e-06 
2.600025e-06 
2.600025e-06 
2.600025e-06 
2.600025e-06 
2.600025e-06 
2.600025e-06 
2.600025e-06 
2.600025e-06 
2.600025e-06 
2.600025e-06 
2.600025e-06 
2.600025e-06 
2.600025e-06 
2.600025e-06 
2.600025e-06 
2.600025e-06 
2.600025e-06 
2.600025e-06 
2.600025e-06 
2.600025e-06 
2.600025e-06 
2.600025e-06 
2.600025e-06 
2.600025e-06 
2.600025e-06 
2.745025e-06 
2.948150e-06 
3.178063e-06 
3.439869e-06 
3.739802e-06 
4.085393e-06 
4.485865e-06 
4.952639e-06 
5.500213e-06 
6.148172e-06 
6.922546e-06 
7.858220e-06 
9.002813e-06 
1.042268e-05 
1.221247e-05 
1.451071e-05 
1.752644e-05 
2.158601e-05 
2.721888e-05 
3.531989e-05 
4.745745e-05 
6.640560e-05 
9.664010e-05 
1.427805e-04 
2.034488e-04 
2.706986e-04 
3.395032e-04 
4.084350e-04 
4.739091e-04 
5.262017e-04 
5.360995e-04 
5.360995e-04 
5.360995e-04 
5.360995e-04 
5.360995e-04 
5.360995e-04 
5.360995e-04 
5.360995e-04 
5.360995e-04 
5.360995e-04 
5.360995e-04 
5.360995e-04 
5.360995e-04 
5.360995e-04 
5.360995e-04 
5.360995e-04 
5.360995e-04 
5.360995e-04 
5.360995e-04 
5.360995e-04 
5.360995e-04 
5.360995e-04 
5.360995e-04 
5.360995e-04 
5.360995e-04 
5.360995e-04 
5.360995e-04 
5.360995e-04 
5.360995e-04 
5.360995e-04 
5.360995e-04 
5.360995e-04 
5.360995e-04 
5.360995e-04 
5.360995e-04 
5.360995e-04 
5.360995e-04 
5.360995e-04 
5.360995e-04 
5.360995e-04 
5.360995e-04 
5.360995e-04 
5.360995e-04 
5.360995e-04 
5.360995e-04 
5.360995e-04 
5.360995e-04 
5.360995e-04 
5.360995e-04 
5.360995e-04 
5.360995e-04 
5.360995e-04 
5.360995e-04 
5.360995e-04 
5.360995e-04 
5.360995e-04 
5.360995e-04 
5.360995e-04 
5.360995e-04 
5.360995e-04 
5.360995e-04 
5.360995e-04 
5.360995e-04 
5.597453e-04 
6.213176e-04 
6.923261e-04 
7.691759e-04 
8.199977e-04 
9.344348e-04 
1.072797e-03 
1.240416e-03 
1.444768e-03 
1.696408e-03 
2.010234e-03 
2.407064e-03 
2.916414e-03 
3.581086e-03 
4.464691e-03 
5.664404e-03 
7.333376e-03 
9.721799e-03 
1.325574e-02 
1.869666e-02 
2.748274e-02 
4.249596e-02 
6.979477e-02 
1.217913e-01 
2.167243e-01 
3.556034e-01 
5.095944e-01 
6.577192e-01 
7.919542e-01 
9.038346e-01 
9.542486e-01 
9.542487e-01 
9.542487e-01 
9.542487e-01 
9.542487e-01 
9.542487e-01 
9.542487e-01 
9.542487e-01 
9.542487e-01 
9.542487e-01 
9.542487e-01 
9.542487e-01 
9.542487e-01 
9.542487e-01 
9.542487e-01 
9.542487e-01 
9.542487e-01 
9.542487e-01 
9.542487e-01 
9.542487e-01 
9.542487e-01 
9.542487e-01 
9.542487e-01 
9.542487e-01 
9.542487e-01 
9.542487e-01 
9.542487e-01 
9.542487e-01 
9.542487e-01 
9.542487e-01 
9.542487e-01 
9.542487e-01 
9.542487e-01 
9.542487e-01 
9.542487e-01 
9.542487e-01 
9.542487e-01 
9.542487e-01 
9.542487e-01 
9.542487e-01 
9.542487e-01 
9.542487e-01 
9.542487e-01 
9.542487e-01 
9.542487e-01 
9.542487e-01 
9.542487e-01 
9.542487e-01 
9.542487e-01 
9.542487e-01 
9.542487e-01 
9.542487e-01 
9.542487e-01 
9.542487e-01 
9.542487e-01 
9.542487e-01 
9.542487e-01 
9.542487e-01 
9.542487e-01 
9.542487e-01 
9.542487e-01 
9.542487e-01 
9.542487e-01 
9.542487e-01 
9.542483e-01 
9.542478e-01 
9.542472e-01 
9.542465e-01 
9.542456e-01 
9.542447e-01 
9.542436e-01 
9.542424e-01 
9.542413e-01 
9.542403e-01 
9.542394e-01 
9.542386e-01 
9.542380e-01 
9.542374e-01 
9.542369e-01 
9.542365e-01 
9.542361e-01 
9.542357e-01 
9.542354e-01 
9.542351e-01 
9.542348e-01 
9.542346e-01 
9.542343e-01 
9.542341e-01 
9.542339e-01 
9.542338e-01 
9.542336e-01 
9.542334e-01 
9.542333e-01 
9.542331e-01 
9.542331e-01 
9.542331e-01 
9.542331e-01 
9.542331e-01 
9.542331e-01 
9.542331e-01 
9.542331e-01 
9.542331e-01 
9.542331e-01 
9.542331e-01 
9.542331e-01 
9.542331e-01 
9.542331e-01 
9.542331e-01 
9.542331e-01 
9.542331e-01 
9.542331e-01 
9.542331e-01 
9.542331e-01 
9.542331e-01 
9.542331e-01 
9.542331e-01 
9.542331e-01 
9.542331e-01 
9.542331e-01 
9.542331e-01 
9.542331e-01 
9.542331e-01 
9.542331e-01 
9.542331e-01 
9.542331e-01 
9.542331e-01 
9.542331e-01 
9.542331e-01 
9.542331e-01 
9.542331e-01 
9.542331e-01 
9.542331e-01 
9.542331e-01 
9.542331e-01 
9.542331e-01 
9.542331e-01 
9.542331e-01 
9.542331e-01 
9.542331e-01 
9.542331e-01 
9.542331e-01 
9.542331e-01 
9.542331e-01 
9.542331e-01 
9.542331e-01 
9.542331e-01 
9.542331e-01 
9.542331e-01 
9.542331e-01 
9.542331e-01 
9.542331e-01 
9.542331e-01 
9.542331e-01 
9.542331e-01 
9.542331e-01 
9.542331e-01 
9.542331e-01 
9.123463e-01 
8.039599e-01 
6.720065e-01 
5.208723e-01 
3.424961e-01 
1.276217e-01 
8.286577e-03 
5.024877e-04 
2.356854e-04 
1.392898e-04 
9.008126e-05 
6.191789e-05 
4.452826e-05 
3.318046e-05 
2.545489e-05 
2.001728e-05 
1.608877e-05 
1.319500e-05 
1.103932e-05 
9.437169e-06 
8.285551e-06 
7.563615e-06 
7.392377e-06 
8.270657e-06 
1.121447e-05 
1.448908e-05 
1.626476e-05 
1.729214e-05 
1.804460e-05 
1.869836e-05 
1.916128e-05 
1.916130e-05 
1.916130e-05 
1.916130e-05 
1.916130e-05 
1.916130e-05 
1.916130e-05 
1.916130e-05 
1.916130e-05 
1.916130e-05 
1.916130e-05 
1.916130e-05 
1.916130e-05 
1.916130e-05 
1.916130e-05 
1.916130e-05 
1.916130e-05 
1.916130e-05 
1.916130e-05 
1.916130e-05 
1.916130e-05 
1.916130e-05 
1.916130e-05 
1.916130e-05 
1.916130e-05 
1.916130e-05 
1.916130e-05 
1.916130e-05 
1.916130e-05 
1.916130e-05 
1.916130e-05 
1.916130e-05 
1.916130e-05 
1.916130e-05 
1.916130e-05 
1.916130e-05 
1.916130e-05 
1.916130e-05 
1.916130e-05 
1.916130e-05 
1.916130e-05 
1.916130e-05 
1.916130e-05 
1.916130e-05 
1.916130e-05 
1.916130e-05 
1.916130e-05 
1.916130e-05 
1.916130e-05 
1.916130e-05 
1.916130e-05 
1.916130e-05 
1.916130e-05 
1.916130e-05 
1.916130e-05 
1.916130e-05 
1.916130e-05 
1.916130e-05 
1.916130e-05 
1.916130e-05 
1.916130e-05 
1.916130e-05 
1.916130e-05 
1.916143e-05 
1.931555e-05 
1.952198e-05 
1.975511e-05 
2.001125e-05 
2.028611e-05 
2.057539e-05 
2.087039e-05 
2.115617e-05 
2.144163e-05 
2.173808e-05 
2.204646e-05 
2.236278e-05 
2.267814e-05 
2.297617e-05 
2.322805e-05 
2.338347e-05 
2.335436e-05 
2.298432e-05 
2.198992e-05 
1.984480e-05 
1.554858e-05 
7.185390e-06 
-8.746400e-06 
-3.744590e-05 
-8.267304e-05 
-1.417814e-04 
-2.098015e-04 
-2.863289e-04 
-3.732264e-04 
-4.638753e-04 
-4.794920e-04 
-4.794920e-04 
-4.794920e-04 
-4.794920e-04 
-4.794920e-04 
-4.794920e-04 
-4.794920e-04 
-4.794920e-04 
-4.794920e-04 
-4.794920e-04 
-4.794920e-04 
-4.794920e-04 
-4.794920e-04 
-4.794920e-04 
-4.794920e-04 
-4.794920e-04 
-4.794920e-04 
-4.794920e-04 
-4.794920e-04 
-4.794920e-04 
-4.794920e-04 
-4.794920e-04 
-4.794920e-04 
-4.794920e-04 
-4.794920e-04 
-4.794920e-04 
-4.794920e-04 
-4.794920e-04 
-4.794920e-04 
-4.794920e-04 
-4.794920e-04 
-4.794920e-04 
-4.794920e-04 
-4.794920e-04 
-4.794920e-04 
-4.794920e-04 
-4.794920e-04 
-4.794920e-04 
-4.794920e-04 
-4.794920e-04 
-4.794920e-04 
-4.794920e-04 
-4.794920e-04 
-4.794920e-04 
-4.794920e-04 
-4.794920e-04 
-4.794920e-04 
-4.794920e-04 
-4.794920e-04 
-4.794920e-04 
-4.794920e-04 
-4.794920e-04 
-4.794920e-04 
-4.794920e-04 
-4.794920e-04 
-4.794920e-04 
-4.794920e-04 
-4.794920e-04 
-4.794920e-04 
-4.794920e-04 
-4.794920e-04 
-4.794920e-04 
-4.794920e-04 
-5.049313e-04 
-5.631347e-04 
-6.312165e-04 
-7.113737e-04 
-8.064738e-04 
-9.202058e-04 
-1.057228e-03 
-1.223309e-03 
-1.425988e-03 
-1.675922e-03 
-1.988104e-03 
-2.383499e-03 
-2.891904e-03 
-3.556632e-03 
-4.442229e-03 
0.000000e+00 
0.000000e+00 
0.000000e+00 
0.000000e+00 
0.000000e+00 
0.000000e+00 
0.000000e+00 
0.000000e+00
#[#TRACE_DATA]
#[#TRACE]
