#[TRACE]
#data_labels=Output
#[TRACE_DATA]
5.671816e-06 
-5.836601e-04 
-5.836602e-04 
-5.836602e-04 
-5.836602e-04 
-4.818252e-03 
-9.543232e-01 
-9.543232e-01 
-9.543232e-01 
-9.543232e-01 
-9.542535e-01 
-9.542420e-01 
-9.542420e-01 
-9.542420e-01 
-9.542420e-01 
3.075326e-05 
2.975304e-06 
2.975304e-06 
2.975304e-06 
2.975304e-06 
1.331651e-05 
6.439828e-04 
6.439828e-04 
6.439828e-04 
6.439828e-04 
5.014741e-03 
9.543234e-01 
9.543234e-01 
9.543234e-01 
9.543234e-01 
9.542572e-01 
9.542427e-01 
9.542427e-01 
9.542427e-01 
9.542427e-01 
2.713869e-05 
2.999540e-06 
2.999540e-06 
2.999540e-06 
2.999540e-06 
1.358558e-05 
6.439442e-04 
6.439442e-04 
6.439442e-04 
6.439442e-04 
5.113201e-03 
9.543234e-01 
9.543234e-01 
9.543234e-01 
9.543234e-01 
9.542571e-01 
9.542427e-01 
9.542427e-01 
9.542427e-01 
9.542427e-01 
2.952284e-05 
2.975304e-06 
2.975304e-06 
2.975304e-06 
2.975304e-06 
1.368872e-05 
6.439828e-04 
6.439828e-04 
6.439828e-04 
6.439828e-04 
5.214305e-03 
9.543234e-01 
9.543234e-01 
9.543234e-01 
9.543234e-01 
9.542569e-01 
9.542427e-01 
9.542427e-01 
9.542427e-01 
9.542427e-01 
2.893412e-05 
1.622507e-05 
1.622507e-05 
1.622507e-05 
1.622507e-05 
2.118218e-05 
-5.836631e-04 
-5.836631e-04 
-5.836631e-04 
-5.836631e-04 
-5.210608e-03 
-9.543232e-01 
-9.543232e-01 
-9.543232e-01 
-9.543232e-01 
-9.542530e-01 
-9.542420e-01 
-9.542420e-01 
-9.542420e-01 
-9.542420e-01 
2.836228e-05 
2.975304e-06 
2.975304e-06 
2.975304e-06 
2.975304e-06 
1.407672e-05 
6.439828e-04 
6.439828e-04 
6.439828e-04 
6.439828e-04 
5.424804e-03 
9.543234e-01 
9.543234e-01 
9.543234e-01 
9.543234e-01 
9.542566e-01 
9.542427e-01 
9.542427e-01 
9.542427e-01 
9.542427e-01 
2.780664e-05 
1.622507e-05 
1.622507e-05 
1.622507e-05 
1.622507e-05 
2.124874e-05 
-5.836631e-04 
-5.836631e-04 
-5.836631e-04 
-5.836631e-04 
-5.423138e-03 
-9.543232e-01 
-9.543232e-01 
-9.543232e-01 
-9.543232e-01 
-9.542528e-01 
-9.542420e-01 
-9.542420e-01 
-9.542420e-01 
-9.542420e-01 
2.438451e-05 
-1.026000e-05 
-1.026000e-05 
-1.026000e-05 
-1.026000e-05 
7.053304e-06 
5.986249e-04 
5.986249e-04 
5.986249e-04 
5.986249e-04 
5.646991e-03 
9.543234e-01 
9.543234e-01 
9.543234e-01 
9.543234e-01 
9.542562e-01 
9.542427e-01 
9.542427e-01 
9.542427e-01 
9.542427e-01 
2.387869e-05 
-1.026000e-05 
-1.026000e-05 
-1.026000e-05 
-1.026000e-05 
7.411904e-06 
5.986249e-04 
5.986249e-04 
5.986249e-04 
5.986249e-04 
5.762720e-03 
9.543234e-01 
9.543234e-01 
9.543234e-01 
9.543234e-01 
9.542561e-01 
9.542427e-01 
9.542427e-01 
9.542427e-01 
9.542427e-01 
2.338665e-05 
-1.026000e-05 
-1.026000e-05 
-1.026000e-05 
-1.026000e-05 
7.778915e-06 
5.986249e-04 
5.986249e-04 
5.986249e-04 
5.986249e-04 
5.881683e-03 
9.543234e-01 
9.543234e-01 
9.543234e-01 
9.543234e-01 
9.542559e-01 
9.542427e-01 
9.542427e-01 
9.542427e-01 
9.542427e-01 
2.290787e-05 
2.999540e-06 
2.999540e-06 
2.999540e-06 
2.999540e-06 
1.521414e-05 
6.439442e-04 
6.439442e-04 
6.439442e-04 
6.439442e-04 
6.003993e-03 
9.543234e-01 
9.543234e-01 
9.543234e-01 
9.543234e-01 
9.542558e-01 
9.542427e-01 
9.542427e-01 
9.542427e-01 
9.542427e-01 
2.244176e-05 
-1.034297e-05 
-1.034297e-05 
-1.034297e-05 
-1.034297e-05 
8.149163e-06 
5.986308e-04 
5.986308e-04 
5.986308e-04 
5.986308e-04 
6.129786e-03 
9.543234e-01 
9.543234e-01 
9.543234e-01 
9.543234e-01 
9.542556e-01 
9.542427e-01 
9.542427e-01 
9.542427e-01 
9.542427e-01 
2.198844e-05 
-1.026000e-05 
-1.026000e-05 
-1.026000e-05 
-1.026000e-05 
8.932782e-06 
5.986249e-04 
5.986249e-04 
5.986249e-04 
5.986249e-04 
6.259127e-03 
9.543234e-01 
9.543234e-01 
9.543234e-01 
9.543234e-01 
9.542555e-01 
9.542427e-01 
9.542427e-01 
9.542427e-01 
9.542427e-01 
2.154664e-05 
-1.034297e-05 
-1.034297e-05 
-1.034297e-05 
-1.034297e-05 
8.936140e-06 
5.986308e-04 
5.986308e-04 
5.986308e-04 
5.986308e-04 
6.392222e-03 
9.543234e-01 
9.543234e-01 
9.543234e-01 
9.543234e-01 
9.542553e-01 
9.542427e-01 
9.542427e-01 
9.542427e-01 
9.542427e-01 
2.111684e-05 
-1.026000e-05 
-1.026000e-05 
-1.026000e-05 
-1.026000e-05 
9.748553e-06 
5.986249e-04 
5.986249e-04 
5.986249e-04 
5.986249e-04 
6.529124e-03 
9.543234e-01 
9.543234e-01 
9.543234e-01 
9.543234e-01 
9.542552e-01 
9.542427e-01 
9.542427e-01 
9.542427e-01 
9.542427e-01 
2.069774e-05 
-1.034297e-05 
-1.034297e-05 
-1.034297e-05 
-1.034297e-05 
9.761432e-06 
5.986308e-04 
5.986308e-04 
5.986308e-04 
5.986308e-04 
6.670054e-03 
9.543234e-01 
9.543234e-01 
9.543234e-01 
9.543234e-01 
9.542550e-01 
9.542427e-01 
9.542427e-01 
9.542427e-01 
9.542427e-01 
2.028989e-05 
-1.026000e-05 
-1.026000e-05 
-1.026000e-05 
-1.026000e-05 
1.060402e-05 
5.986249e-04 
5.986249e-04 
5.986249e-04 
5.986249e-04 
6.815073e-03 
9.543234e-01 
9.543234e-01 
9.543234e-01 
9.543234e-01 
9.542549e-01 
9.542427e-01 
9.542427e-01 
9.542427e-01 
9.542427e-01 
1.989199e-05 
-1.034297e-05 
-1.034297e-05 
-1.034297e-05 
-1.034297e-05 
1.062724e-05 
5.986308e-04 
5.986308e-04 
5.986308e-04 
5.986308e-04 
6.964418e-03 
9.543234e-01 
9.543234e-01 
9.543234e-01 
9.543234e-01 
9.542547e-01 
9.542427e-01 
9.542427e-01 
9.542427e-01 
9.542427e-01 
1.950465e-05 
-1.026000e-05 
-1.026000e-05 
-1.026000e-05 
-1.026000e-05 
1.150146e-05 
5.986249e-04 
5.986249e-04 
5.986249e-04 
5.986249e-04 
7.118159e-03 
9.543234e-01 
9.543234e-01 
9.543234e-01 
9.543234e-01 
9.542546e-01 
9.542427e-01 
9.542427e-01 
9.542427e-01 
9.542427e-01 
2.183224e-05 
2.975304e-06 
2.975304e-06 
2.975304e-06 
2.975304e-06 
1.731783e-05 
6.439828e-04 
6.439828e-04 
6.439828e-04 
6.439828e-04 
7.276527e-03 
9.543234e-01 
9.543234e-01 
9.543234e-01 
9.543234e-01 
9.542545e-01 
9.542427e-01 
9.542427e-01 
9.542427e-01 
9.542427e-01 
2.145376e-05 
1.622507e-05 
1.622507e-05 
1.622507e-05 
1.622507e-05 
2.162960e-05 
-5.836631e-04 
-5.836631e-04 
-5.836631e-04 
-5.836631e-04 
-7.296916e-03 
-9.543232e-01 
-9.543232e-01 
-9.543232e-01 
-9.543232e-01 
-9.542513e-01 
-9.542420e-01 
-9.542420e-01 
-9.542420e-01 
-9.542420e-01 
2.108514e-05 
2.975304e-06 
2.975304e-06 
2.975304e-06 
2.975304e-06 
1.787005e-05 
6.439828e-04 
6.439828e-04 
6.439828e-04 
6.439828e-04 
7.607774e-03 
9.543234e-01 
9.543234e-01 
9.543234e-01 
9.543234e-01 
9.542542e-01 
9.542427e-01 
9.542427e-01 
9.542427e-01 
9.542427e-01 
2.072594e-05 
1.622507e-05 
1.622507e-05 
1.622507e-05 
1.622507e-05 
2.166648e-05 
-5.836631e-04 
-5.836631e-04 
-5.836631e-04 
-5.836631e-04 
-7.632827e-03 
-9.543232e-01 
-9.543232e-01 
-9.543232e-01 
-9.543232e-01 
-9.542511e-01 
-9.542420e-01 
-9.542420e-01 
-9.542420e-01 
-9.542420e-01 
1.770661e-05 
-1.026000e-05 
-1.026000e-05 
-1.026000e-05 
-1.026000e-05 
1.394487e-05 
5.986249e-04 
5.986249e-04 
5.986249e-04 
5.986249e-04 
7.959607e-03 
9.543234e-01 
9.543234e-01 
9.543234e-01 
9.543234e-01 
9.542539e-01 
9.542427e-01 
9.542427e-01 
9.542427e-01 
9.542427e-01 
1.737290e-05 
-1.026000e-05 
-1.026000e-05 
-1.026000e-05 
-1.026000e-05 
1.447048e-05 
5.986249e-04 
5.986249e-04 
5.986249e-04 
5.986249e-04 
8.143740e-03 
9.543234e-01 
9.543234e-01 
9.543234e-01 
9.543234e-01 
9.542538e-01 
9.542427e-01 
9.542427e-01 
9.542427e-01 
9.542427e-01 
1.704718e-05 
-1.026000e-05 
-1.026000e-05 
-1.026000e-05 
-1.026000e-05 
1.500921e-05 
5.986249e-04 
5.986249e-04 
5.986249e-04 
5.986249e-04 
8.333634e-03 
9.543234e-01 
9.543234e-01 
9.543234e-01 
9.543234e-01 
9.542537e-01 
9.542427e-01 
9.542427e-01 
9.542427e-01 
9.542427e-01 
1.672917e-05 
2.999540e-06 
2.999540e-06 
2.999540e-06 
2.999540e-06 
1.948171e-05 
6.439442e-04 
6.439442e-04 
6.439442e-04 
6.439442e-04 
8.529513e-03 
9.543234e-01 
9.543234e-01 
9.543234e-01 
9.543234e-01 
9.542535e-01 
9.542427e-01 
9.542427e-01 
9.542427e-01 
9.542427e-01 
1.641840e-05 
-1.034297e-05 
-1.034297e-05 
-1.034297e-05 
-1.034297e-05 
1.565110e-05 
5.986308e-04 
5.986308e-04 
5.986308e-04 
5.986308e-04 
8.731638e-03 
9.543234e-01 
9.543234e-01 
9.543234e-01 
9.543234e-01 
9.542534e-01 
9.542427e-01 
9.542427e-01 
9.542427e-01 
9.542427e-01 
1.611547e-05 
-1.026000e-05 
-1.026000e-05 
-1.026000e-05 
-1.026000e-05 
1.670806e-05 
5.986249e-04 
5.986249e-04 
5.986249e-04 
5.986249e-04 
8.940177e-03 
9.543234e-01 
9.543234e-01 
9.543234e-01 
9.543234e-01 
9.542533e-01 
9.542427e-01 
9.542427e-01 
9.542427e-01 
9.542427e-01 
1.581894e-05 
-1.034297e-05 
-1.034297e-05 
-1.034297e-05 
-1.034297e-05 
1.681451e-05 
5.986308e-04 
5.986308e-04 
5.986308e-04 
5.986308e-04 
9.155493e-03 
9.543234e-01 
9.543234e-01 
9.543234e-01 
9.543234e-01 
9.542531e-01 
9.542427e-01 
9.542427e-01 
9.542427e-01 
9.542427e-01 
1.552985e-05 
-1.026000e-05 
-1.026000e-05 
-1.026000e-05 
-1.026000e-05 
1.791352e-05 
5.986249e-04 
5.986249e-04 
5.986249e-04 
5.986249e-04 
9.377749e-03 
9.543234e-01 
9.543234e-01 
9.543234e-01 
9.543234e-01 
9.542530e-01 
9.542427e-01 
9.542427e-01 
9.542427e-01 
9.542427e-01 
1.524670e-05 
-1.034297e-05 
-1.034297e-05 
-1.034297e-05 
-1.034297e-05 
1.803816e-05 
5.986308e-04 
5.986308e-04 
5.986308e-04 
5.986308e-04 
9.607337e-03 
9.543234e-01 
9.543234e-01 
9.543234e-01 
9.543234e-01 
9.542529e-01 
9.542427e-01 
9.542427e-01 
9.542427e-01 
9.542427e-01 
1.497062e-05 
-1.026000e-05 
-1.026000e-05 
-1.026000e-05 
-1.026000e-05
#[#TRACE_DATA]
#[#TRACE]
