#[TRACE]
#data_labels=Output
#[TRACE_DATA]
-5.389729e-03 
-6.695559e-03 
-8.720851e-03 
-1.166291e-02 
-1.609646e-02 
-2.307728e-02 
-3.466086e-02 
-5.508258e-02 
-9.327153e-02 
-1.656638e-01 
-2.858739e-01 
-4.364081e-01 
-5.886505e-01 
-7.302023e-01 
-8.540667e-01 
-9.486643e-01 
-9.543234e-01 
-9.543234e-01 
-9.543234e-01 
-9.543234e-01 
-9.543234e-01 
-9.543234e-01 
-9.543234e-01 
-9.543234e-01 
-9.543234e-01 
-9.543234e-01 
-9.543234e-01 
-9.543234e-01 
-9.543234e-01 
-9.543234e-01 
-9.543234e-01 
-9.543234e-01 
-9.543234e-01 
-9.543234e-01 
-9.543234e-01 
-9.543234e-01 
-9.543234e-01 
-9.543234e-01 
-9.543234e-01 
-9.543234e-01 
-9.543234e-01 
-9.543234e-01 
-9.543234e-01 
-9.543234e-01 
-9.543234e-01 
-9.543234e-01 
-9.543234e-01 
-9.543234e-01 
-9.543234e-01 
-9.543234e-01 
-9.543234e-01 
-9.543234e-01 
-9.543234e-01 
-9.543234e-01 
-9.543234e-01 
-9.543234e-01 
-9.543234e-01 
-9.543234e-01 
-9.543234e-01 
-9.543234e-01 
-9.543234e-01 
-9.543234e-01 
-9.543234e-01 
-9.543234e-01 
-9.543234e-01 
-9.543234e-01 
-9.543234e-01 
-9.543234e-01 
-9.543234e-01 
-9.543234e-01 
-9.543234e-01 
-9.543234e-01 
-9.543234e-01 
-9.543234e-01 
-9.543234e-01 
-9.543234e-01 
-9.543234e-01 
-9.543234e-01 
-9.543234e-01 
-9.543222e-01 
-9.543187e-01 
-9.543144e-01 
-9.543094e-01 
-9.543040e-01 
-9.542980e-01 
-9.542917e-01 
-9.542853e-01 
-9.542793e-01 
-9.542740e-01 
-9.542695e-01 
-9.542658e-01 
-9.542627e-01 
-9.542601e-01 
-9.542578e-01 
-9.542559e-01 
-9.542542e-01 
-9.542527e-01 
-9.542514e-01 
-9.542502e-01 
-9.542492e-01 
-9.542482e-01 
-9.542474e-01 
-9.542466e-01 
-9.542459e-01 
-9.542452e-01 
-9.542446e-01 
-9.542440e-01 
-9.542435e-01 
-9.542430e-01 
-9.542427e-01 
-9.542427e-01 
-9.542427e-01 
-9.542427e-01 
-9.542427e-01 
-9.542427e-01 
-9.542427e-01 
-9.542427e-01 
-9.542427e-01 
-9.542427e-01 
-9.542427e-01 
-9.542427e-01 
-9.542427e-01 
-9.542427e-01 
-9.542427e-01 
-9.542427e-01 
-9.542427e-01 
-9.542427e-01 
-9.542427e-01 
-9.542427e-01 
-9.542427e-01 
-9.542427e-01 
-9.542427e-01 
-9.542427e-01 
-9.542427e-01 
-9.542427e-01 
-9.542427e-01 
-9.542427e-01 
-9.542427e-01 
-9.542427e-01 
-9.542427e-01 
-9.542427e-01 
-9.542427e-01 
-9.542427e-01 
-9.542427e-01 
-9.542427e-01 
-9.542427e-01 
-9.542427e-01 
-9.542427e-01 
-9.542427e-01 
-9.542427e-01 
-9.542427e-01 
-9.542427e-01 
-9.542427e-01 
-9.542427e-01 
-9.542427e-01 
-9.542427e-01 
-9.542427e-01 
-9.542427e-01 
-9.542427e-01 
-9.542427e-01 
-9.542427e-01 
-9.542427e-01 
-9.542427e-01 
-9.542427e-01 
-9.542427e-01 
-9.542427e-01 
-9.542427e-01 
-9.542427e-01 
-9.542427e-01 
-9.542427e-01 
-9.542427e-01 
-9.542427e-01 
-9.514089e-01 
-8.595006e-01 
-7.375960e-01 
-5.958471e-01 
-4.324476e-01 
-2.332966e-01 
-4.083154e-02 
-1.472015e-03 
-3.925969e-04 
-2.172141e-04 
-1.351602e-04 
-9.044218e-05 
-6.375025e-05 
-4.676522e-05 
-3.542421e-05 
-2.756156e-05 
-2.194517e-05 
-1.783829e-05 
-1.478418e-05 
-1.249469e-05 
-1.079286e-05 
-9.591164e-06 
-8.912231e-06 
-9.016932e-06 
-1.076860e-05 
-1.430783e-05 
-1.668623e-05 
-1.794433e-05 
-1.875471e-05 
-1.942659e-05 
-1.996162e-05 
-2.016599e-05 
-2.016599e-05 
-2.016599e-05 
-2.016599e-05 
-2.016599e-05 
-2.016599e-05 
-2.016599e-05 
-2.016599e-05 
-2.016599e-05 
-2.016599e-05 
-2.016599e-05 
-2.016599e-05 
-2.016599e-05 
-2.016599e-05 
-2.016599e-05 
-2.016599e-05 
-2.016599e-05 
-2.016599e-05 
-2.016599e-05 
-2.016599e-05 
-2.016599e-05 
-2.016599e-05 
-2.016599e-05 
-2.016599e-05 
-2.016599e-05 
-2.016599e-05 
-2.016599e-05 
-2.016599e-05 
-2.016599e-05 
-2.016599e-05 
-2.016599e-05 
-2.016599e-05 
-2.016599e-05 
-2.016599e-05 
-2.016599e-05 
-2.016599e-05 
-2.016599e-05 
-2.016599e-05 
-2.016599e-05 
-2.016599e-05 
-2.016599e-05 
-2.016599e-05 
-2.016599e-05 
-2.016599e-05 
-2.016599e-05 
-2.016599e-05 
-2.016599e-05 
-2.016599e-05 
-2.016599e-05 
-2.016599e-05 
-2.016599e-05 
-2.016599e-05 
-2.016599e-05 
-2.016599e-05 
-2.016599e-05 
-2.016599e-05 
-2.016599e-05 
-2.016599e-05 
-2.016599e-05 
-2.016599e-05 
-2.016599e-05 
-2.016599e-05 
-2.016599e-05 
-2.025007e-05 
-2.048356e-05 
-2.075097e-05 
-2.104837e-05 
-2.137134e-05 
-2.171512e-05 
-2.207390e-05 
-2.243146e-05 
-2.278328e-05 
-2.314664e-05 
-2.352757e-05 
-2.392421e-05 
-2.432959e-05 
-2.472979e-05 
-2.509947e-05 
-2.539379e-05 
-2.553378e-05 
-2.537935e-05 
-2.467784e-05 
-2.296343e-05 
-1.935649e-05 
-1.216723e-05 
1.804814e-06 
2.797998e-05 
7.254186e-05 
1.363194e-04 
2.134483e-04 
3.006509e-04 
3.999391e-04 
5.103649e-04 
5.792399e-04 
5.792634e-04 
5.792634e-04 
5.792634e-04 
5.792634e-04 
5.792634e-04 
5.792634e-04 
5.792634e-04 
5.792634e-04 
5.792634e-04 
5.792634e-04 
5.792634e-04 
5.792634e-04 
5.792634e-04 
5.792634e-04 
5.792634e-04 
5.792634e-04 
5.792634e-04 
5.792634e-04 
5.792634e-04 
5.792634e-04 
5.792634e-04 
5.792634e-04 
5.792634e-04 
5.792634e-04 
5.792634e-04 
5.792634e-04 
5.792634e-04 
5.792634e-04 
5.792634e-04 
5.792634e-04 
5.792634e-04 
5.792634e-04 
5.792634e-04 
5.792634e-04 
5.792634e-04 
5.792634e-04 
5.792634e-04 
5.792634e-04 
5.792634e-04 
5.792634e-04 
5.792634e-04 
5.792634e-04 
5.792634e-04 
5.792634e-04 
5.792634e-04 
5.792634e-04 
5.792634e-04 
5.792634e-04 
5.792634e-04 
5.792634e-04 
5.792634e-04 
5.792634e-04 
5.792634e-04 
5.792634e-04 
5.792634e-04 
5.792634e-04 
5.792634e-04 
5.792634e-04 
5.792634e-04 
5.792634e-04 
5.792634e-04 
5.792634e-04 
5.813876e-04 
6.375749e-04 
7.044031e-04 
7.824798e-04 
8.743704e-04 
9.833893e-04 
1.113766e-03 
1.270761e-03 
1.460984e-03 
1.693504e-03 
1.981178e-03 
2.341958e-03 
2.801107e-03 
3.394913e-03 
4.176759e-03 
5.227273e-03 
6.671904e-03 
8.712596e-03 
1.168746e-02 
1.618910e-02 
2.331243e-02 
3.520338e-02 
5.631382e-02 
9.605950e-02 
1.714911e-01 
2.950801e-01 
4.468095e-01 
5.987021e-01 
7.393192e-01 
8.616395e-01 
9.529365e-01 
9.543232e-01 
9.543232e-01 
9.543232e-01 
9.543232e-01 
9.543232e-01 
9.543232e-01 
9.543232e-01 
9.543232e-01 
9.543232e-01 
9.543232e-01 
9.543232e-01 
9.543232e-01 
9.543232e-01 
9.543232e-01 
9.543232e-01 
9.543232e-01 
9.543232e-01 
9.543232e-01 
9.543232e-01 
9.543232e-01 
9.543232e-01 
9.543232e-01 
9.543232e-01 
9.543232e-01 
9.543232e-01 
9.543232e-01 
9.543232e-01 
9.543232e-01 
9.543232e-01 
9.543232e-01 
9.543232e-01 
9.543232e-01 
9.543232e-01 
9.543232e-01 
9.543232e-01 
9.543232e-01 
9.543232e-01 
9.543232e-01 
9.543232e-01 
9.543232e-01 
9.543232e-01 
9.543232e-01 
9.543232e-01 
9.543232e-01 
9.543232e-01 
9.543232e-01 
9.543232e-01 
9.543232e-01 
9.543232e-01 
9.543232e-01 
9.543232e-01 
9.543232e-01 
9.543232e-01 
9.543232e-01 
9.543232e-01 
9.543232e-01 
9.543232e-01 
9.543232e-01 
9.543232e-01 
9.543232e-01 
9.543232e-01 
9.543232e-01 
9.543232e-01 
9.543215e-01 
9.543173e-01 
9.543121e-01 
9.543058e-01 
9.542978e-01 
9.542867e-01 
9.542754e-01 
9.542701e-01 
9.542666e-01 
9.542636e-01 
9.542611e-01 
9.542589e-01 
9.542569e-01 
9.542552e-01 
9.542537e-01 
9.542523e-01 
9.542511e-01 
9.542500e-01 
9.542490e-01 
9.542481e-01 
9.542473e-01 
9.542465e-01 
9.542458e-01 
9.542452e-01 
9.542446e-01 
9.542440e-01 
9.542435e-01 
9.542430e-01 
9.542426e-01 
9.542421e-01 
9.542419e-01 
9.542419e-01 
9.542419e-01 
9.542419e-01 
9.542419e-01 
9.542419e-01 
9.542419e-01 
9.542419e-01 
9.542419e-01 
9.542419e-01 
9.542419e-01 
9.542419e-01 
9.542419e-01 
9.542419e-01 
9.542419e-01 
9.542419e-01 
9.542419e-01 
9.542419e-01 
9.542419e-01 
9.542419e-01 
9.542419e-01 
9.542419e-01 
9.542419e-01 
9.542419e-01 
9.542419e-01 
9.542419e-01 
9.542419e-01 
9.542419e-01 
9.542419e-01 
9.542419e-01 
9.542419e-01 
9.542419e-01 
9.542419e-01 
9.542419e-01 
9.542419e-01 
9.542419e-01 
9.542419e-01 
9.542419e-01 
9.542419e-01 
9.542419e-01 
9.542419e-01 
9.542419e-01 
9.542419e-01 
9.542419e-01 
9.542419e-01 
9.542419e-01 
9.542419e-01 
9.542419e-01 
9.542419e-01 
9.542419e-01 
9.542419e-01 
9.542419e-01 
9.542419e-01 
9.542419e-01 
9.542419e-01 
9.542419e-01 
9.542419e-01 
9.542419e-01 
9.542419e-01 
9.542419e-01 
9.542419e-01 
9.542419e-01 
9.542419e-01 
9.467619e-01 
8.519323e-01 
7.284567e-01 
5.852940e-01 
4.194474e-01 
2.150850e-01 
2.855944e-02 
-5.734587e-04 
-4.300879e-04 
-2.414187e-04 
-1.511758e-04 
-1.015892e-04 
-7.181539e-05 
-5.277721e-05 
-4.000841e-05 
-3.111412e-05 
-2.472407e-05 
-2.001304e-05 
-1.646297e-05 
-1.373725e-05 
-1.161095e-05 
-9.930612e-06 
-8.590895e-06 
-7.520621e-06 
-6.648442e-06 
-5.823323e-06 
-5.138792e-06 
-4.583525e-06 
-4.113414e-06 
-3.705136e-06 
-3.348531e-06 
-3.332280e-06 
-3.332280e-06 
-3.332280e-06 
-3.332280e-06 
-3.332280e-06 
-3.332280e-06 
-3.332280e-06 
-3.332280e-06 
-3.332280e-06 
-3.332280e-06 
-3.332280e-06 
-3.332280e-06 
-3.332280e-06 
-3.332280e-06 
-3.332280e-06 
-3.332280e-06 
-3.332280e-06 
-3.332280e-06 
-3.332280e-06 
-3.332280e-06 
-3.332280e-06 
-3.332280e-06 
-3.332280e-06 
-3.332280e-06 
-3.332280e-06 
-3.332280e-06 
-3.332280e-06 
-3.332280e-06 
-3.332280e-06 
-3.332280e-06 
-3.332280e-06 
-3.332280e-06 
-3.332280e-06 
-3.332280e-06 
-3.332280e-06 
-3.332280e-06 
-3.332280e-06 
-3.332280e-06 
-3.332280e-06 
-3.332280e-06 
-3.332280e-06 
-3.332280e-06 
-3.332280e-06 
-3.332280e-06 
-3.332280e-06 
-3.332280e-06 
-3.332280e-06 
-3.332280e-06 
-3.332280e-06 
-3.332280e-06 
-3.332280e-06 
-3.332280e-06 
-3.332280e-06 
-3.332280e-06 
-3.332280e-06 
-3.332280e-06 
-3.332280e-06 
-3.332280e-06 
-3.332280e-06 
-3.332280e-06 
-3.332280e-06 
-3.332280e-06 
-3.332280e-06 
-3.428777e-06 
-3.655552e-06 
-3.911921e-06 
-4.203546e-06 
-4.537304e-06 
-4.921582e-06 
-5.366506e-06 
-5.884428e-06 
-6.491010e-06 
-7.207408e-06 
-8.061643e-06 
-9.091101e-06 
-1.034654e-05 
-1.189825e-05 
-1.384577e-05 
-1.633362e-05 
-1.957778e-05 
-2.391181e-05 
-2.987040e-05 
-3.834620e-05 
-5.088963e-05 
-7.025653e-05 
-1.011385e-04 
-1.496212e-04 
-2.174023e-04 
-2.965535e-04 
-3.790666e-04 
-4.624764e-04 
-5.439971e-04 
-6.142833e-04 
-6.441712e-04 
-6.441743e-04 
-6.441743e-04 
-6.441743e-04 
-6.441743e-04 
-6.441743e-04 
-6.441743e-04 
-6.441743e-04 
-6.441743e-04 
-6.441743e-04 
-6.441743e-04 
-6.441743e-04 
-6.441743e-04 
-6.441743e-04 
-6.441743e-04 
-6.441743e-04 
-6.441743e-04 
-6.441743e-04 
-6.441743e-04 
-6.441743e-04 
-6.441743e-04 
-6.441743e-04 
-6.441743e-04 
-6.441743e-04 
-6.441743e-04 
-6.441743e-04 
-6.441743e-04 
-6.441743e-04 
-6.441743e-04 
-6.441743e-04 
-6.441743e-04 
-6.441743e-04 
-6.441743e-04 
-6.441743e-04 
-6.441743e-04 
-6.441743e-04 
-6.441743e-04 
-6.441743e-04 
-6.441743e-04 
-6.441743e-04 
-6.441743e-04 
-6.441743e-04 
-6.441743e-04 
-6.441743e-04 
-6.441743e-04 
-6.441743e-04 
-6.441743e-04 
-6.441743e-04 
-6.441743e-04 
-6.441743e-04 
-6.441743e-04 
-6.441743e-04 
-6.441743e-04 
-6.441743e-04 
-6.441743e-04 
-6.441743e-04 
-6.441743e-04 
-6.441743e-04 
-6.441743e-04 
-6.441743e-04 
-6.441743e-04 
-6.441743e-04 
-6.441743e-04 
-6.496489e-04 
-7.114530e-04 
-7.829677e-04 
-8.638613e-04 
-9.100657e-04 
-1.017060e-03 
-1.152255e-03 
-1.315123e-03 
-1.512503e-03 
-1.753820e-03 
-2.052466e-03 
-2.427139e-03 
-2.904163e-03 
-3.521375e-03 
-4.334479e-03 
-5.427696e-03 
-6.932209e-03 
-9.059469e-03 
-1.216406e-02 
-1.686852e-02 
-2.432528e-02 
-3.679636e-02 
-5.897287e-02 
-1.007027e-01 
-1.792580e-01 
-3.054381e-01 
-4.575547e-01 
-6.087888e-01 
-7.483711e-01 
-8.690766e-01 
-9.540533e-01 
-9.543234e-01 
-9.543234e-01 
-9.543234e-01 
-9.543234e-01 
-9.543234e-01 
-9.543234e-01 
-9.543234e-01 
-9.543234e-01 
-9.543234e-01 
-9.543234e-01 
-9.543234e-01 
-9.543234e-01 
-9.543234e-01 
-9.543234e-01 
-9.543234e-01 
-9.543234e-01 
-9.543234e-01 
-9.543234e-01 
-9.543234e-01 
-9.543234e-01 
-9.543234e-01 
-9.543234e-01 
-9.543234e-01 
-9.543234e-01 
-9.543234e-01 
-9.543234e-01 
-9.543234e-01 
-9.543234e-01 
-9.543234e-01 
-9.543234e-01 
-9.543234e-01 
-9.543234e-01 
-9.543234e-01 
-9.543234e-01 
-9.543234e-01 
-9.543234e-01 
-9.543234e-01 
-9.543234e-01 
-9.543234e-01 
-9.543234e-01 
-9.543234e-01 
-9.543234e-01 
-9.543234e-01 
-9.543234e-01 
-9.543234e-01 
-9.543234e-01 
-9.543234e-01 
-9.543234e-01 
-9.543234e-01 
-9.543234e-01 
-9.543234e-01 
-9.543234e-01 
-9.543234e-01 
-9.543234e-01 
-9.543234e-01 
-9.543234e-01 
-9.543234e-01 
-9.543234e-01 
-9.543234e-01 
-9.543234e-01 
-9.543234e-01 
-9.543234e-01 
-9.543234e-01 
-9.543217e-01 
-9.543181e-01 
-9.543137e-01 
-9.543087e-01 
-9.543032e-01 
-9.542971e-01 
-9.542908e-01 
-9.542844e-01 
-9.542785e-01 
-9.542733e-01 
-9.542690e-01 
-9.542654e-01 
-9.542623e-01 
-9.542597e-01 
-9.542575e-01 
-9.542556e-01 
-9.542540e-01 
-9.542525e-01 
-9.542512e-01 
-9.542501e-01 
-9.542490e-01 
-9.542481e-01 
-9.542473e-01 
-9.542465e-01 
-9.542458e-01 
-9.542451e-01 
-9.542445e-01 
-9.542440e-01 
-9.542434e-01 
-9.542430e-01 
-9.542428e-01 
-9.542428e-01 
-9.542428e-01 
-9.542428e-01 
-9.542428e-01 
-9.542428e-01 
-9.542428e-01 
-9.542428e-01 
-9.542428e-01 
-9.542428e-01 
-9.542428e-01 
-9.542428e-01 
-9.542428e-01 
-9.542428e-01 
-9.542428e-01 
-9.542428e-01 
-9.542428e-01 
-9.542428e-01 
-9.542428e-01 
-9.542428e-01 
-9.542428e-01 
-9.542428e-01 
-9.542428e-01 
-9.542428e-01 
-9.542428e-01 
-9.542428e-01 
-9.542428e-01 
-9.542428e-01 
-9.542428e-01 
-9.542428e-01 
-9.542428e-01 
-9.542428e-01 
-9.542428e-01 
-9.542428e-01 
-9.542428e-01 
-9.542428e-01 
-9.542428e-01 
-9.542428e-01 
-9.542428e-01 
-9.542428e-01 
-9.542428e-01 
-9.542428e-01 
-9.542428e-01 
-9.542428e-01 
-9.542428e-01 
-9.542428e-01 
-9.542428e-01 
-9.542428e-01 
-9.542428e-01 
-9.542428e-01 
-9.542428e-01 
-9.542428e-01 
-9.542428e-01 
-9.542428e-01 
-9.542428e-01 
-9.542428e-01 
-9.542428e-01 
-9.542428e-01 
-9.542428e-01 
-9.542428e-01 
-9.542428e-01 
-9.542428e-01 
-9.542428e-01 
-9.415887e-01 
-8.442467e-01 
-7.192996e-01 
-5.749836e-01 
-4.077974e-01 
-2.031913e-01 
-2.764662e-02 
-1.169755e-03 
-4.121751e-04 
-2.331441e-04 
-1.468364e-04 
-9.906614e-05 
-7.024044e-05 
-5.174078e-05 
-3.929764e-05 
-3.061018e-05 
-2.435682e-05 
-1.973919e-05 
-1.625480e-05 
-1.357648e-05 
-1.148528e-05 
-9.831763e-06 
-8.513493e-06 
-7.461441e-06 
-6.598336e-06 
-5.771248e-06 
-5.095209e-06 
-4.546228e-06 
-4.081149e-06 
-3.676920e-06 
-3.337558e-06 
-3.330815e-06 
-3.330815e-06 
-3.330815e-06 
-3.330815e-06 
-3.330815e-06 
-3.330815e-06 
-3.330815e-06 
-3.330815e-06 
-3.330815e-06 
-3.330815e-06 
-3.330815e-06 
-3.330815e-06 
-3.330815e-06 
-3.330815e-06 
-3.330815e-06 
-3.330815e-06 
-3.330815e-06 
-3.330815e-06 
-3.330815e-06 
-3.330815e-06 
-3.330815e-06 
-3.330815e-06 
-3.330815e-06 
-3.330815e-06 
-3.330815e-06 
-3.330815e-06 
-3.330815e-06 
-3.330815e-06 
-3.330815e-06 
-3.330815e-06 
-3.330815e-06 
-3.330815e-06 
-3.330815e-06 
-3.330815e-06 
-3.330815e-06 
-3.330815e-06 
-3.330815e-06 
-3.330815e-06 
-3.330815e-06 
-3.330815e-06 
-3.330815e-06 
-3.330815e-06 
-3.330815e-06 
-3.330815e-06 
-3.330815e-06 
-3.330815e-06 
-3.330815e-06 
-3.330815e-06 
-3.330815e-06 
-3.330815e-06 
-3.330815e-06 
-3.330815e-06 
-3.330815e-06 
-3.330815e-06 
-3.330815e-06 
-3.330815e-06 
-3.330815e-06 
-3.330815e-06 
-3.330815e-06 
-3.330815e-06 
-3.330815e-06 
-3.330815e-06 
-3.330815e-06 
-3.441969e-06 
-3.670617e-06 
-3.929224e-06 
-4.223525e-06 
-4.560495e-06 
-4.948614e-06 
-5.398152e-06 
-5.921749e-06 
-6.535351e-06 
-7.260481e-06 
-8.125748e-06 
-9.169346e-06 
-1.044319e-05 
-1.201929e-05 
-1.399975e-05 
-1.653313e-05 
-1.984190e-05 
-2.427047e-05 
-3.037239e-05 
-3.907432e-05 
-5.198932e-05 
-7.198371e-05 
-1.038935e-04 
-1.537531e-04 
-2.226218e-04 
-3.021466e-04 
-3.847302e-04 
-4.681312e-04 
-5.492808e-04 
-6.182796e-04 
-6.441661e-04 
-6.441670e-04 
-6.441670e-04 
-6.441670e-04 
-6.441670e-04 
-6.441670e-04 
-6.441670e-04 
-6.441670e-04 
-6.441670e-04 
-6.441670e-04 
-6.441670e-04 
-6.441670e-04 
-6.441670e-04 
-6.441670e-04 
-6.441670e-04 
-6.441670e-04 
-6.441670e-04 
-6.441670e-04 
-6.441670e-04 
-6.441670e-04 
-6.441670e-04 
-6.441670e-04 
-6.441670e-04 
-6.441670e-04 
-6.441670e-04 
-6.441670e-04 
-6.441670e-04 
-6.441670e-04 
-6.441670e-04 
-6.441670e-04 
-6.441670e-04 
-6.441670e-04 
-6.441670e-04 
-6.441670e-04 
-6.441670e-04 
-6.441670e-04 
-6.441670e-04 
-6.441670e-04 
-6.441670e-04 
-6.441670e-04 
-6.441670e-04 
-6.441670e-04 
-6.441670e-04 
-6.441670e-04 
-6.441670e-04 
-6.441670e-04 
-6.441670e-04 
-6.441670e-04 
-6.441670e-04 
-6.441670e-04 
-6.441670e-04 
-6.441670e-04 
-6.441670e-04 
-6.441670e-04 
-6.441670e-04 
-6.441670e-04 
-6.441670e-04 
-6.441670e-04 
-6.441670e-04 
-6.441670e-04 
-6.441670e-04 
-6.441670e-04 
-6.441670e-04 
-6.533175e-04 
-7.160231e-04 
-7.882012e-04 
-8.694121e-04 
-9.154524e-04 
-1.025540e-03 
-1.162442e-03 
-1.327431e-03 
-1.527476e-03 
-1.772235e-03 
-2.075413e-03 
-2.456141e-03 
-2.941385e-03 
-3.569964e-03 
-4.399131e-03 
-5.515610e-03 
-7.054782e-03 
-9.235416e-03 
-1.242544e-02 
-1.727302e-02 
-2.498267e-02 
-3.792832e-02 
-6.104779e-02 
-1.046734e-01 
-1.864167e-01 
-3.154078e-01 
-4.681126e-01 
-6.187758e-01 
-7.573281e-01 
-8.763680e-01 
-9.542707e-01 
-9.543234e-01 
-9.543234e-01 
-9.543234e-01 
-9.543234e-01 
-9.543234e-01 
-9.543234e-01 
-9.543234e-01 
-9.543234e-01 
-9.543234e-01 
-9.543234e-01 
-9.543234e-01 
-9.543234e-01 
-9.543234e-01 
-9.543234e-01 
-9.543234e-01 
-9.543234e-01 
-9.543234e-01 
-9.543234e-01 
-9.543234e-01 
-9.543234e-01 
-9.543234e-01 
-9.543234e-01 
-9.543234e-01 
-9.543234e-01 
-9.543234e-01 
-9.543234e-01 
-9.543234e-01 
-9.543234e-01 
-9.543234e-01 
-9.543234e-01 
-9.543234e-01 
-9.543234e-01 
-9.543234e-01 
-9.543234e-01 
-9.543234e-01 
-9.543234e-01 
-9.543234e-01 
-9.543234e-01 
-9.543234e-01 
-9.543234e-01 
-9.543234e-01 
-9.543234e-01 
-9.543234e-01 
-9.543234e-01 
-9.543234e-01 
-9.543234e-01 
-9.543234e-01 
-9.543234e-01 
-9.543234e-01 
-9.543234e-01 
-9.543234e-01 
-9.543234e-01 
-9.543234e-01 
-9.543234e-01 
-9.543234e-01 
-9.543234e-01 
-9.543234e-01 
-9.543234e-01 
-9.543234e-01 
-9.543234e-01 
-9.543234e-01 
-9.543234e-01 
-9.543234e-01 
-9.543215e-01 
-9.543178e-01 
-9.543134e-01 
-9.543084e-01 
-9.543028e-01 
-9.542967e-01 
-9.542903e-01 
-9.542840e-01 
-9.542781e-01 
-9.542730e-01 
-9.542687e-01 
-9.542651e-01 
-9.542621e-01 
-9.542596e-01 
-9.542574e-01 
-9.542555e-01 
-9.542539e-01 
-9.542524e-01 
-9.542511e-01 
-9.542500e-01 
-9.542490e-01 
-9.542480e-01 
-9.542472e-01 
-9.542464e-01 
-9.542457e-01 
-9.542451e-01 
-9.542445e-01 
-9.542440e-01 
-9.542435e-01 
-9.542430e-01 
-9.542428e-01 
-9.542428e-01 
-9.542428e-01 
-9.542428e-01 
-9.542428e-01 
-9.542428e-01 
-9.542428e-01 
-9.542428e-01 
-9.542428e-01 
-9.542428e-01 
-9.542428e-01 
-9.542428e-01 
-9.542428e-01 
-9.542428e-01 
-9.542428e-01 
-9.542428e-01 
-9.542428e-01 
-9.542428e-01 
-9.542428e-01 
-9.542428e-01 
-9.542428e-01 
-9.542428e-01 
-9.542428e-01 
-9.542428e-01 
-9.542428e-01 
-9.542428e-01 
-9.542428e-01 
-9.542428e-01 
-9.542428e-01 
-9.542428e-01 
-9.542428e-01 
-9.542428e-01 
-9.542428e-01 
-9.542428e-01 
-9.542428e-01 
-9.542428e-01 
-9.542428e-01 
-9.542428e-01 
-9.542428e-01 
-9.542428e-01 
-9.542428e-01 
-9.542428e-01 
-9.542428e-01 
-9.542428e-01 
-9.542428e-01 
-9.542428e-01 
-9.542428e-01 
-9.542428e-01 
-9.542428e-01 
-9.542428e-01 
-9.542428e-01 
-9.542428e-01 
-9.542428e-01 
-9.542428e-01 
-9.542428e-01 
-9.542428e-01 
-9.542428e-01 
-9.542428e-01 
-9.542428e-01 
-9.542428e-01 
-9.542428e-01 
-9.542428e-01 
-9.542428e-01 
-9.361453e-01 
-8.364301e-01 
-7.100236e-01 
-5.644101e-01 
-3.952414e-01 
-1.882130e-01 
-2.263873e-02 
-1.135546e-03 
-4.461074e-04 
-2.549018e-04 
-1.614845e-04 
-1.093836e-04 
-7.777031e-05 
-5.739005e-05 
-4.362560e-05 
-3.397467e-05 
-2.699220e-05 
-2.179938e-05 
-1.783658e-05 
-1.472966e-05 
-1.221007e-05 
-1.005498e-05 
-8.009565e-06 
-5.590638e-06 
-1.643468e-06 
3.501002e-06 
6.900505e-06 
9.112807e-06 
1.080114e-05 
1.226115e-05 
1.347332e-05 
1.351430e-05 
1.351430e-05 
1.351430e-05 
1.351430e-05 
1.351430e-05 
1.351430e-05 
1.351430e-05 
1.351430e-05 
1.351430e-05 
1.351430e-05 
1.351430e-05 
1.351430e-05 
1.351430e-05 
1.351430e-05 
1.351430e-05 
1.351430e-05 
1.351430e-05 
1.351430e-05 
1.351430e-05 
1.351430e-05 
1.351430e-05 
1.351430e-05 
1.351430e-05 
1.351430e-05 
1.351430e-05 
1.351430e-05 
1.351430e-05 
1.351430e-05 
1.351430e-05 
1.351430e-05 
1.351430e-05 
1.351430e-05 
1.351430e-05 
1.351430e-05 
1.351430e-05 
1.351430e-05 
1.351430e-05 
1.351430e-05 
1.351430e-05 
1.351430e-05 
1.351430e-05 
1.351430e-05 
1.351430e-05 
1.351430e-05 
1.351430e-05 
1.351430e-05 
1.351430e-05 
1.351430e-05 
1.351430e-05 
1.351430e-05 
1.351430e-05 
1.351430e-05 
1.351430e-05 
1.351430e-05 
1.351430e-05 
1.351430e-05 
1.351430e-05 
1.351430e-05 
1.351430e-05 
1.351430e-05 
1.351430e-05 
1.351430e-05 
1.351430e-05 
1.339252e-05 
1.317450e-05 
1.292952e-05 
1.264227e-05 
1.229436e-05 
1.186433e-05 
1.132500e-05 
1.063435e-05 
9.763864e-06 
8.688241e-06 
7.356895e-06 
5.695566e-06 
3.601219e-06 
9.304670e-07 
-2.518331e-06 
-7.031587e-06 
-1.301847e-05 
-2.106136e-05 
-3.197051e-05 
-4.680760e-05 
-6.679031e-05 
-9.296168e-05 
-1.256886e-04 
-1.644910e-04 
-2.086795e-04 
-2.584115e-04 
-3.154259e-04 
-3.830939e-04 
-4.647494e-04 
-5.564194e-04 
-5.946785e-04 
-5.946790e-04 
-5.946790e-04 
-5.946790e-04 
-5.946790e-04 
-5.946790e-04 
-5.946790e-04 
-5.946790e-04 
-5.946790e-04 
-5.946790e-04 
-5.946790e-04 
-5.946790e-04 
-5.946790e-04 
-5.946790e-04 
-5.946790e-04 
-5.946790e-04 
-5.946790e-04 
-5.946790e-04 
-5.946790e-04 
-5.946790e-04 
-5.946790e-04 
-5.946790e-04 
-5.946790e-04 
-5.946790e-04 
-5.946790e-04 
-5.946790e-04 
-5.946790e-04 
-5.946790e-04 
-5.946790e-04 
-5.946790e-04 
-5.946790e-04 
-5.946790e-04 
-5.946790e-04 
-5.946790e-04 
-5.946790e-04 
-5.946790e-04 
-5.946790e-04 
-5.946790e-04 
-5.946790e-04 
-5.946790e-04 
-5.946790e-04 
-5.946790e-04 
-5.946790e-04 
-5.946790e-04 
-5.946790e-04 
-5.946790e-04 
-5.946790e-04 
-5.946790e-04 
-5.946790e-04 
-5.946790e-04 
-5.946790e-04 
-5.946790e-04 
-5.946790e-04 
-5.946790e-04 
-5.946790e-04 
-5.946790e-04 
-5.946790e-04 
-5.946790e-04 
-5.946790e-04 
-5.946790e-04 
-5.946790e-04 
-5.946790e-04 
-5.946790e-04 
-6.069613e-04 
-6.676784e-04 
-7.383356e-04 
-8.209798e-04 
-9.183836e-04 
-1.034126e-03 
-1.172759e-03 
-1.339902e-03 
-1.542657e-03 
-1.790921e-03 
-2.098719e-03 
-2.485628e-03 
-2.979270e-03 
-3.619480e-03 
-4.465108e-03 
-5.605469e-03 
-7.180299e-03 
-9.415979e-03 
-1.269437e-02 
-1.769049e-02 
-2.566364e-02 
-3.910582e-02 
-6.321501e-02 
-1.088233e-01 
-1.938152e-01 
-3.254860e-01 
-4.786536e-01 
-6.287058e-01 
-7.661965e-01 
-8.835098e-01 
-9.543131e-01 
-9.543234e-01 
-9.543234e-01 
-9.543234e-01 
-9.543234e-01 
-9.543234e-01 
-9.543234e-01 
-9.543234e-01 
-9.543234e-01 
-9.543234e-01 
-9.543234e-01 
-9.543234e-01 
-9.543234e-01 
-9.543234e-01 
-9.543234e-01 
-9.543234e-01 
-9.543234e-01 
-9.543234e-01 
-9.543234e-01 
-9.543234e-01 
-9.543234e-01 
-9.543234e-01 
-9.543234e-01 
-9.543234e-01 
-9.543234e-01 
-9.543234e-01 
-9.543234e-01 
-9.543234e-01 
-9.543234e-01 
-9.543234e-01 
-9.543234e-01 
-9.543234e-01 
-9.543234e-01 
-9.543234e-01 
-9.543234e-01 
-9.543234e-01 
-9.543234e-01 
-9.543234e-01 
-9.543234e-01 
-9.543234e-01 
-9.543234e-01 
-9.543234e-01 
-9.543234e-01 
-9.543234e-01 
-9.543234e-01 
-9.543234e-01 
-9.543234e-01 
-9.543234e-01 
-9.543234e-01 
-9.543234e-01 
-9.543234e-01 
-9.543234e-01 
-9.543234e-01 
-9.543234e-01 
-9.543234e-01 
-9.543234e-01 
-9.543234e-01 
-9.543234e-01 
-9.543234e-01 
-9.543234e-01 
-9.543234e-01 
-9.543234e-01 
-9.543234e-01 
-9.543234e-01 
-9.543213e-01 
-9.543176e-01 
-9.543131e-01 
-9.543080e-01 
-9.543024e-01 
-9.542963e-01 
-9.542899e-01 
-9.542836e-01 
-9.542778e-01 
-9.542727e-01 
-9.542685e-01 
-9.542649e-01 
-9.542619e-01 
-9.542594e-01 
-9.542573e-01 
-9.542554e-01 
-9.542538e-01 
-9.542523e-01 
-9.542511e-01 
-9.542499e-01 
-9.542489e-01 
-9.542480e-01 
-9.542471e-01 
-9.542464e-01 
-9.542457e-01 
-9.542450e-01 
-9.542444e-01 
-9.542438e-01 
-9.542433e-01 
-9.542428e-01 
-9.542427e-01 
-9.542427e-01 
-9.542427e-01 
-9.542427e-01 
-9.542427e-01 
-9.542427e-01 
-9.542427e-01 
-9.542427e-01 
-9.542427e-01 
-9.542427e-01 
-9.542427e-01 
-9.542427e-01 
-9.542427e-01 
-9.542427e-01 
-9.542427e-01 
-9.542427e-01 
-9.542427e-01 
-9.542427e-01 
-9.542427e-01 
-9.542427e-01 
-9.542427e-01 
-9.542427e-01 
-9.542427e-01 
-9.542427e-01 
-9.542427e-01 
-9.542427e-01 
-9.542427e-01 
-9.542427e-01 
-9.542427e-01 
-9.542427e-01 
-9.542427e-01 
-9.542427e-01 
-9.542427e-01 
-9.542427e-01 
-9.542427e-01 
-9.542427e-01 
-9.542427e-01 
-9.542427e-01 
-9.542427e-01 
-9.542427e-01 
-9.542427e-01 
-9.542427e-01 
-9.542427e-01 
-9.542427e-01 
-9.542427e-01 
-9.542427e-01 
-9.542427e-01 
-9.542427e-01 
-9.542427e-01 
-9.542427e-01 
-9.542427e-01 
-9.542427e-01 
-9.542427e-01 
-9.542427e-01 
-9.542427e-01 
-9.542427e-01 
-9.542427e-01 
-9.542427e-01 
-9.542427e-01 
-9.542427e-01 
-9.542427e-01 
-9.542427e-01 
-9.542427e-01 
-9.304882e-01 
-8.284909e-01 
-7.006532e-01 
-5.536886e-01 
-3.823058e-01 
-1.725176e-01 
-1.758820e-02 
-8.099254e-04 
-3.282449e-04 
-1.890733e-04 
-1.203566e-04 
-8.181864e-05 
-5.836146e-05 
-4.321761e-05 
-3.299229e-05 
-2.584006e-05 
-2.069512e-05 
-1.691298e-05 
-1.409122e-05 
-1.197614e-05 
-1.041601e-05 
-9.348802e-06 
-8.841680e-06 
-9.276018e-06 
-1.167009e-05 
-1.512632e-05 
-1.710433e-05 
-1.819239e-05 
-1.894565e-05 
-1.959644e-05 
-2.015345e-05 
-2.016599e-05 
-2.016599e-05 
-2.016599e-05 
-2.016599e-05 
-2.016599e-05 
-2.016599e-05 
-2.016599e-05 
-2.016599e-05 
-2.016599e-05 
-2.016599e-05 
-2.016599e-05 
-2.016599e-05 
-2.016599e-05 
-2.016599e-05 
-2.016599e-05 
-2.016599e-05 
-2.016599e-05 
-2.016599e-05 
-2.016599e-05 
-2.016599e-05 
-2.016599e-05 
-2.016599e-05 
-2.016599e-05 
-2.016599e-05 
-2.016599e-05 
-2.016599e-05 
-2.016599e-05 
-2.016599e-05 
-2.016599e-05 
-2.016599e-05 
-2.016599e-05 
-2.016599e-05 
-2.016599e-05 
-2.016599e-05 
-2.016599e-05 
-2.016599e-05 
-2.016599e-05 
-2.016599e-05 
-2.016599e-05 
-2.016599e-05 
-2.016599e-05 
-2.016599e-05 
-2.016599e-05 
-2.016599e-05 
-2.016599e-05 
-2.016599e-05 
-2.016599e-05 
-2.016599e-05 
-2.016599e-05 
-2.016599e-05 
-2.016599e-05 
-2.016599e-05 
-2.016599e-05 
-2.016599e-05 
-2.016599e-05 
-2.016599e-05 
-2.016599e-05 
-2.016599e-05 
-2.016599e-05 
-2.016599e-05 
-2.016599e-05 
-2.016599e-05 
-2.016599e-05 
-2.031030e-05 
-2.055350e-05 
-2.082950e-05 
-2.113437e-05 
-2.146349e-05 
-2.181215e-05 
-2.217273e-05 
-2.252747e-05 
-2.288103e-05 
-2.324907e-05 
-2.363468e-05 
-2.403464e-05 
-2.444037e-05 
-2.483538e-05 
-2.519000e-05 
-2.545190e-05 
-2.552882e-05 
-2.525644e-05 
-2.433681e-05 
-2.221694e-05 
-1.784630e-05 
-9.205001e-06 
7.470893e-06 
3.814552e-05 
8.826261e-05 
1.563466e-04 
2.362749e-04 
3.264806e-04 
4.293918e-04 
5.404134e-04 
5.792632e-04 
5.792634e-04 
5.792634e-04 
5.792634e-04 
5.792634e-04 
5.792634e-04 
5.792634e-04 
5.792634e-04 
5.792634e-04 
5.792634e-04 
5.792634e-04 
5.792634e-04 
5.792634e-04 
5.792634e-04 
5.792634e-04 
5.792634e-04 
5.792634e-04 
5.792634e-04 
5.792634e-04 
5.792634e-04 
5.792634e-04 
5.792634e-04 
5.792634e-04 
5.792634e-04 
5.792634e-04 
5.792634e-04 
5.792634e-04 
5.792634e-04 
5.792634e-04 
5.792634e-04 
5.792634e-04 
5.792634e-04 
5.792634e-04 
5.792634e-04 
5.792634e-04 
5.792634e-04 
5.792634e-04 
5.792634e-04 
5.792634e-04 
5.792634e-04 
5.792634e-04 
5.792634e-04 
5.792634e-04 
5.792634e-04 
5.792634e-04 
5.792634e-04 
5.792634e-04 
5.792634e-04 
5.792634e-04 
5.792634e-04 
5.792634e-04 
5.792634e-04 
5.792634e-04 
5.792634e-04 
5.792634e-04 
5.792634e-04 
5.792634e-04 
5.792634e-04 
5.792634e-04 
5.792634e-04 
5.792634e-04 
5.792634e-04 
5.792634e-04 
5.949725e-04 
6.548568e-04 
7.245437e-04 
8.061150e-04 
9.023253e-04 
1.016724e-03 
1.153812e-03 
1.319161e-03 
1.519913e-03 
1.766054e-03 
2.071681e-03 
2.456474e-03 
2.948261e-03 
3.587274e-03 
4.433104e-03 
5.576459e-03 
7.159723e-03 
9.414444e-03 
1.273292e-02 
1.781221e-02 
2.596058e-02 
3.978463e-02 
6.475654e-02 
1.122846e-01 
2.006651e-01 
3.352628e-01 
4.890500e-01 
6.385475e-01 
7.749675e-01 
8.904957e-01 
9.543212e-01 
9.543232e-01 
9.543232e-01 
9.543232e-01 
9.543232e-01 
9.543232e-01 
9.543232e-01 
9.543232e-01 
9.543232e-01 
9.543232e-01 
9.543232e-01 
9.543232e-01 
9.543232e-01 
9.543232e-01 
9.543232e-01 
9.543232e-01 
9.543232e-01 
9.543232e-01 
9.543232e-01 
9.543232e-01 
9.543232e-01 
9.543232e-01 
9.543232e-01 
9.543232e-01 
9.543232e-01 
9.543232e-01 
9.543232e-01 
9.543232e-01 
9.543232e-01 
9.543232e-01 
9.543232e-01 
9.543232e-01 
9.543232e-01 
9.543232e-01 
9.543232e-01 
9.543232e-01 
9.543232e-01 
9.543232e-01 
9.543232e-01 
9.543232e-01 
9.543232e-01 
9.543232e-01 
9.543232e-01 
9.543232e-01 
9.543232e-01 
9.543232e-01 
9.543232e-01 
9.543232e-01 
9.543232e-01 
9.543232e-01 
9.543232e-01 
9.543232e-01 
9.543232e-01 
9.543232e-01 
9.543232e-01 
9.543232e-01 
9.543232e-01 
9.543232e-01 
9.543232e-01 
9.543232e-01 
9.543232e-01 
9.543232e-01 
9.543232e-01 
9.543232e-01 
9.543205e-01 
9.543160e-01 
9.543105e-01 
9.543039e-01 
9.542952e-01 
9.542832e-01 
9.542735e-01 
9.542691e-01 
9.542657e-01 
9.542629e-01 
9.542604e-01 
9.542583e-01 
9.542564e-01 
9.542548e-01 
9.542533e-01 
9.542520e-01 
9.542508e-01 
9.542497e-01 
9.542488e-01 
9.542479e-01 
9.542471e-01 
9.542463e-01 
9.542456e-01 
9.542450e-01 
9.542444e-01 
9.542439e-01 
9.542434e-01 
9.542429e-01 
9.542425e-01 
9.542420e-01 
9.542419e-01 
9.542419e-01 
9.542419e-01 
9.542419e-01 
9.542419e-01 
9.542419e-01 
9.542419e-01 
9.542419e-01 
9.542419e-01 
9.542419e-01 
9.542419e-01 
9.542419e-01 
9.542419e-01 
9.542419e-01 
9.542419e-01 
9.542419e-01 
9.542419e-01 
9.542419e-01 
9.542419e-01 
9.542419e-01 
9.542419e-01 
9.542419e-01 
9.542419e-01 
9.542419e-01 
9.542419e-01 
9.542419e-01 
9.542419e-01 
9.542419e-01 
9.542419e-01 
9.542419e-01 
9.542419e-01 
9.542419e-01 
9.542419e-01 
9.542419e-01 
9.542419e-01 
9.542419e-01 
9.542419e-01 
9.542419e-01 
9.542419e-01 
9.542419e-01 
9.542419e-01 
9.542419e-01 
9.542419e-01 
9.542419e-01 
9.542419e-01 
9.542419e-01 
9.542419e-01 
9.542419e-01 
9.542419e-01 
9.542419e-01 
9.542419e-01 
9.542419e-01 
9.542419e-01 
9.542419e-01 
9.542419e-01 
9.542419e-01 
9.542419e-01 
9.542419e-01 
9.542419e-01 
9.542419e-01 
9.542419e-01 
9.542419e-01 
9.542419e-01 
9.246321e-01 
8.204264e-01 
6.911516e-01 
5.426374e-01 
3.681953e-01 
1.531990e-01 
9.935691e-03 
-6.668044e-04 
-3.620536e-04 
-2.105672e-04 
-1.347963e-04 
-9.198649e-05 
-6.578428e-05 
-4.878889e-05 
-3.726202e-05 
-2.915978e-05 
-2.329489e-05 
-1.894352e-05 
-1.564668e-05 
-1.310368e-05 
-1.111224e-05 
-9.533885e-06 
-8.273785e-06 
-7.267263e-06 
-6.421176e-06 
-5.618652e-06 
-4.976682e-06 
-4.447629e-06 
-3.996410e-06 
-3.601958e-06 
-3.332560e-06 
-3.332280e-06 
-3.332280e-06 
-3.332280e-06 
-3.332280e-06 
-3.332280e-06 
-3.332280e-06 
-3.332280e-06 
-3.332280e-06 
-3.332280e-06 
-3.332280e-06 
-3.332280e-06 
-3.332280e-06 
-3.332280e-06 
-3.332280e-06 
-3.332280e-06 
-3.332280e-06 
-3.332280e-06 
-3.332280e-06 
-3.332280e-06 
-3.332280e-06 
-3.332280e-06 
-3.332280e-06 
-3.332280e-06 
-3.332280e-06 
-3.332280e-06 
-3.332280e-06 
-3.332280e-06 
-3.332280e-06 
-3.332280e-06 
-3.332280e-06 
-3.332280e-06 
-3.332280e-06 
-3.332280e-06 
-3.332280e-06 
-3.332280e-06 
-3.332280e-06 
-3.332280e-06 
-3.332280e-06 
-3.332280e-06 
-3.332280e-06 
-3.332280e-06 
-3.332280e-06 
-3.332280e-06 
-3.332280e-06 
-3.332280e-06 
-3.332280e-06 
-3.332280e-06 
-3.332280e-06 
-3.332280e-06 
-3.332280e-06 
-3.332280e-06 
-3.332280e-06 
-3.332280e-06 
-3.332280e-06 
-3.332280e-06 
-3.332280e-06 
-3.332280e-06 
-3.332280e-06 
-3.332280e-06 
-3.332280e-06 
-3.332280e-06 
-3.332280e-06 
-3.332280e-06 
-3.488148e-06 
-3.722507e-06 
-3.987915e-06 
-4.290319e-06 
-4.636995e-06 
-5.036768e-06 
-5.500328e-06 
-6.040740e-06 
-6.674996e-06 
-7.425971e-06 
-8.323939e-06 
-9.409472e-06 
-1.073794e-05 
-1.238648e-05 
-1.446501e-05 
-1.713435e-05 
-2.063692e-05 
-2.535076e-05 
-3.188847e-05 
-4.128441e-05 
-5.535153e-05 
-7.730739e-05 
-1.124185e-04 
-1.664253e-04 
-2.383714e-04 
-3.189612e-04 
-4.018400e-04 
-4.851992e-04 
-5.649335e-04 
-6.295376e-04 
-6.441743e-04 
-6.441743e-04 
-6.441743e-04 
-6.441743e-04 
-6.441743e-04 
-6.441743e-04 
-6.441743e-04 
-6.441743e-04 
-6.441743e-04 
-6.441743e-04 
-6.441743e-04 
-6.441743e-04 
-6.441743e-04 
-6.441743e-04 
-6.441743e-04 
-6.441743e-04 
-6.441743e-04 
-6.441743e-04 
-6.441743e-04 
-6.441743e-04 
-6.441743e-04 
-6.441743e-04 
-6.441743e-04 
-6.441743e-04 
-6.441743e-04 
-6.441743e-04 
-6.441743e-04 
-6.441743e-04 
-6.441743e-04 
-6.441743e-04 
-6.441743e-04 
-6.441743e-04 
-6.441743e-04 
-6.441743e-04 
-6.441743e-04 
-6.441743e-04 
-6.441743e-04 
-6.441743e-04 
-6.441743e-04 
-6.441743e-04 
-6.441743e-04 
-6.441743e-04 
-6.441743e-04 
-6.441743e-04 
-6.441743e-04 
-6.441743e-04 
-6.441743e-04 
-6.441743e-04 
-6.441743e-04 
-6.441743e-04 
-6.441743e-04 
-6.441743e-04 
-6.441743e-04 
-6.441743e-04 
-6.441743e-04 
-6.441743e-04 
-6.441743e-04 
-6.441743e-04 
-6.441743e-04 
-6.441743e-04 
-6.441743e-04 
-6.441743e-04 
-6.441743e-04 
-6.653725e-04 
-7.300419e-04 
-8.042661e-04 
-8.853269e-04 
-9.339178e-04 
-1.051619e-03 
-1.193794e-03 
-1.365342e-03 
-1.573656e-03 
-1.829127e-03 
-2.146441e-03 
-2.546094e-03 
-3.057089e-03 
-3.721382e-03 
-4.601174e-03 
-5.791240e-03 
-7.440522e-03 
-9.791568e-03 
-1.325597e-02 
-1.856640e-02 
-2.710047e-02 
-4.160639e-02 
-6.784498e-02 
-1.176886e-01 
-2.093207e-01 
-3.459200e-01 
-4.996673e-01 
-6.483870e-01 
-7.836552e-01 
-8.973230e-01 
-9.543230e-01 
-9.543234e-01 
-9.543234e-01 
-9.543234e-01 
-9.543234e-01 
-9.543234e-01 
-9.543234e-01 
-9.543234e-01 
-9.543234e-01 
-9.543234e-01 
-9.543234e-01 
-9.543234e-01 
-9.543234e-01 
-9.543234e-01 
-9.543234e-01 
-9.543234e-01 
-9.543234e-01 
-9.543234e-01 
-9.543234e-01 
-9.543234e-01 
-9.543234e-01 
-9.543234e-01 
-9.543234e-01 
-9.543234e-01 
-9.543234e-01 
-9.543234e-01 
-9.543234e-01 
-9.543234e-01 
-9.543234e-01 
-9.543234e-01 
-9.543234e-01 
-9.543234e-01 
-9.543234e-01 
-9.543234e-01 
-9.543234e-01 
-9.543234e-01 
-9.543234e-01 
-9.543234e-01 
-9.543234e-01 
-9.543234e-01 
-9.543234e-01 
-9.543234e-01 
-9.543234e-01 
-9.543234e-01 
-9.543234e-01 
-9.543234e-01 
-9.543234e-01 
-9.543234e-01 
-9.543234e-01 
-9.543234e-01 
-9.543234e-01 
-9.543234e-01 
-9.543234e-01 
-9.543234e-01 
-9.543234e-01 
-9.543234e-01 
-9.543234e-01 
-9.543234e-01 
-9.543234e-01 
-9.543234e-01 
-9.543234e-01 
-9.543234e-01 
-9.543234e-01 
-9.543234e-01 
-9.543208e-01 
-9.543170e-01 
-9.543124e-01 
-9.543073e-01 
-9.543016e-01 
-9.542954e-01 
-9.542890e-01 
-9.542828e-01 
-9.542770e-01 
-9.542721e-01 
-9.542679e-01 
-9.542645e-01 
-9.542616e-01 
-9.542591e-01 
-9.542570e-01 
-9.542552e-01 
-9.542536e-01 
-9.542522e-01 
-9.542509e-01 
-9.542498e-01 
-9.542488e-01 
-9.542479e-01 
-9.542470e-01 
-9.542463e-01 
-9.542456e-01 
-9.542449e-01 
-9.542444e-01 
-9.542438e-01 
-9.542433e-01 
-9.542428e-01 
-9.542428e-01 
-9.542428e-01 
-9.542428e-01 
-9.542428e-01 
-9.542428e-01 
-9.542428e-01 
-9.542428e-01 
-9.542428e-01 
-9.542428e-01 
-9.542428e-01 
-9.542428e-01 
-9.542428e-01 
-9.542428e-01 
-9.542428e-01 
-9.542428e-01 
-9.542428e-01 
-9.542428e-01 
-9.542428e-01 
-9.542428e-01 
-9.542428e-01 
-9.542428e-01 
-9.542428e-01 
-9.542428e-01 
-9.542428e-01 
-9.542428e-01 
-9.542428e-01 
-9.542428e-01 
-9.542428e-01 
-9.542428e-01 
-9.542428e-01 
-9.542428e-01 
-9.542428e-01 
-9.542428e-01 
-9.542428e-01 
-9.542428e-01 
-9.542428e-01 
-9.542428e-01 
-9.542428e-01 
-9.542428e-01 
-9.542428e-01 
-9.542428e-01 
-9.542428e-01 
-9.542428e-01 
-9.542428e-01 
-9.542428e-01 
-9.542428e-01 
-9.542428e-01 
-9.542428e-01 
-9.542428e-01 
-9.542428e-01 
-9.542428e-01 
-9.542428e-01 
-9.542428e-01 
-9.542428e-01 
-9.542428e-01 
-9.542428e-01 
-9.542428e-01 
-9.542428e-01 
-9.542428e-01 
-9.542428e-01 
-9.542428e-01 
-9.542428e-01 
-9.542428e-01 
-9.185900e-01 
-8.122690e-01 
-6.816737e-01 
-5.319913e-01 
-3.561636e-01 
-1.428888e-01 
-1.122918e-02 
-7.552071e-04 
-3.475152e-04 
-2.037220e-04 
-1.310867e-04 
-8.978206e-05 
-6.438619e-05 
-4.785751e-05 
-3.661701e-05 
-2.869879e-05 
-2.295668e-05 
-1.868990e-05 
-1.545299e-05 
-1.295353e-05 
-1.099460e-05 
-9.441326e-06 
-8.201639e-06 
-7.212321e-06 
-6.369291e-06 
-5.569102e-06 
-4.934974e-06 
-4.411819e-06 
-3.965339e-06 
-3.574726e-06 
-3.330896e-06 
-3.330815e-06 
-3.330815e-06 
-3.330815e-06 
-3.330815e-06 
-3.330815e-06 
-3.330815e-06 
-3.330815e-06 
-3.330815e-06 
-3.330815e-06 
-3.330815e-06 
-3.330815e-06 
-3.330815e-06 
-3.330815e-06 
-3.330815e-06 
-3.330815e-06 
-3.330815e-06 
-3.330815e-06 
-3.330815e-06 
-3.330815e-06 
-3.330815e-06 
-3.330815e-06 
-3.330815e-06 
-3.330815e-06 
-3.330815e-06 
-3.330815e-06 
-3.330815e-06 
-3.330815e-06 
-3.330815e-06 
-3.330815e-06 
-3.330815e-06 
-3.330815e-06 
-3.330815e-06 
-3.330815e-06 
-3.330815e-06 
-3.330815e-06 
-3.330815e-06 
-3.330815e-06 
-3.330815e-06 
-3.330815e-06 
-3.330815e-06 
-3.330815e-06 
-3.330815e-06 
-3.330815e-06 
-3.330815e-06 
-3.330815e-06 
-3.330815e-06 
-3.330815e-06 
-3.330815e-06 
-3.330815e-06 
-3.330815e-06 
-3.330815e-06 
-3.330815e-06 
-3.330815e-06 
-3.330815e-06 
-3.330815e-06 
-3.330815e-06 
-3.330815e-06 
-3.330815e-06 
-3.330815e-06 
-3.330815e-06 
-3.330815e-06 
-3.330815e-06 
-3.330815e-06 
-3.501824e-06 
-3.738145e-06 
-4.005902e-06 
-4.311119e-06 
-4.661169e-06 
-5.064976e-06 
-5.533406e-06 
-6.079837e-06 
-6.721534e-06 
-7.481804e-06 
-8.391561e-06 
-9.492267e-06 
-1.084058e-05 
-1.251554e-05 
-1.462997e-05 
-1.734928e-05 
-2.092332e-05 
-2.574269e-05 
-3.244211e-05 
-4.209607e-05 
-5.659138e-05 
-7.927077e-05 
-1.155306e-04 
-1.709198e-04 
-2.437540e-04 
-3.245845e-04 
-4.075125e-04 
-4.908108e-04 
-5.699762e-04 
-6.329907e-04 
-6.441670e-04 
-6.441670e-04 
-6.441670e-04 
-6.441670e-04 
-6.441670e-04 
-6.441670e-04 
-6.441670e-04 
-6.441670e-04 
-6.441670e-04 
-6.441670e-04 
-6.441670e-04 
-6.441670e-04 
-6.441670e-04 
-6.441670e-04 
-6.441670e-04 
-6.441670e-04 
-6.441670e-04 
-6.441670e-04 
-6.441670e-04 
-6.441670e-04 
-6.441670e-04 
-6.441670e-04 
-6.441670e-04 
-6.441670e-04 
-6.441670e-04 
-6.441670e-04 
-6.441670e-04 
-6.441670e-04 
-6.441670e-04 
-6.441670e-04 
-6.441670e-04 
-6.441670e-04 
-6.441670e-04 
-6.441670e-04 
-6.441670e-04 
-6.441670e-04 
-6.441670e-04 
-6.441670e-04 
-6.441670e-04 
-6.441670e-04 
-6.441670e-04 
-6.441670e-04 
-6.441670e-04 
-6.441670e-04 
-6.441670e-04 
-6.441670e-04 
-6.441670e-04 
-6.441670e-04 
-6.441670e-04 
-6.441670e-04 
-6.441670e-04 
-6.441670e-04 
-6.441670e-04 
-6.441670e-04 
-6.441670e-04 
-6.441670e-04 
-6.441670e-04 
-6.441670e-04 
-6.441670e-04 
-6.441670e-04 
-6.441670e-04 
-6.441670e-04 
-6.441670e-04 
-6.695046e-04 
-7.347878e-04 
-8.096791e-04 
-8.889574e-04 
-9.409148e-04 
-1.060530e-03 
-1.204516e-03 
-1.378316e-03 
-1.589481e-03 
-1.848658e-03 
-2.170870e-03 
-2.577095e-03 
-3.097054e-03 
-3.773814e-03 
-4.671335e-03 
-5.887265e-03 
-7.575415e-03 
-9.986914e-03 
-1.354922e-02 
-1.902594e-02 
-2.785857e-02 
-4.293423e-02 
-7.031757e-02 
-1.224174e-01 
-2.174193e-01 
-3.562527e-01 
-5.101322e-01 
-6.581347e-01 
-7.922390e-01 
-9.039829e-01 
-9.543233e-01 
-9.543234e-01 
-9.543234e-01 
-9.543234e-01 
-9.543234e-01 
-9.543234e-01 
-9.543234e-01 
-9.543234e-01 
-9.543234e-01 
-9.543234e-01 
-9.543234e-01 
-9.543234e-01 
-9.543234e-01 
-9.543234e-01 
-9.543234e-01 
-9.543234e-01 
-9.543234e-01 
-9.543234e-01 
-9.543234e-01 
-9.543234e-01 
-9.543234e-01 
-9.543234e-01 
-9.543234e-01 
-9.543234e-01 
-9.543234e-01 
-9.543234e-01 
-9.543234e-01 
-9.543234e-01 
-9.543234e-01 
-9.543234e-01 
-9.543234e-01 
-9.543234e-01 
-9.543234e-01 
-9.543234e-01 
-9.543234e-01 
-9.543234e-01 
-9.543234e-01 
-9.543234e-01 
-9.543234e-01 
-9.543234e-01 
-9.543234e-01 
-9.543234e-01 
-9.543234e-01 
-9.543234e-01 
-9.543234e-01 
-9.543234e-01 
-9.543234e-01 
-9.543234e-01 
-9.543234e-01 
-9.543234e-01 
-9.543234e-01 
-9.543234e-01 
-9.543234e-01 
-9.543234e-01 
-9.543234e-01 
-9.543234e-01 
-9.543234e-01 
-9.543234e-01 
-9.543234e-01 
-9.543234e-01 
-9.543234e-01 
-9.543234e-01 
-9.543234e-01 
-9.543234e-01 
-9.543206e-01 
-9.543167e-01 
-9.543121e-01 
-9.543069e-01 
-9.543012e-01 
-9.542950e-01 
-9.542886e-01 
-9.542823e-01 
-9.542767e-01 
-9.542718e-01 
-9.542677e-01 
-9.542642e-01 
-9.542614e-01 
-9.542589e-01 
-9.542569e-01 
-9.542550e-01 
-9.542535e-01 
-9.542521e-01 
-9.542508e-01 
-9.542497e-01 
-9.542487e-01 
-9.542478e-01 
-9.542470e-01 
-9.542462e-01 
-9.542456e-01 
-9.542449e-01 
-9.542444e-01 
-9.542438e-01 
-9.542433e-01 
-9.542429e-01 
-9.542428e-01 
-9.542428e-01 
-9.542428e-01 
-9.542428e-01 
-9.542428e-01 
-9.542428e-01 
-9.542428e-01 
-9.542428e-01 
-9.542428e-01 
-9.542428e-01 
-9.542428e-01 
-9.542428e-01 
-9.542428e-01 
-9.542428e-01 
-9.542428e-01 
-9.542428e-01 
-9.542428e-01 
-9.542428e-01 
-9.542428e-01 
-9.542428e-01 
-9.542428e-01 
-9.542428e-01 
-9.542428e-01 
-9.542428e-01 
-9.542428e-01 
-9.542428e-01 
-9.542428e-01 
-9.542428e-01 
-9.542428e-01 
-9.542428e-01 
-9.542428e-01 
-9.542428e-01 
-9.542428e-01 
-9.542428e-01 
-9.542428e-01 
-9.542428e-01 
-9.542428e-01 
-9.542428e-01 
-9.542428e-01 
-9.542428e-01 
-9.542428e-01 
-9.542428e-01 
-9.542428e-01 
-9.542428e-01 
-9.542428e-01 
-9.542428e-01 
-9.542428e-01 
-9.542428e-01 
-9.542428e-01 
-9.542428e-01 
-9.542428e-01 
-9.542428e-01 
-9.542428e-01 
-9.542428e-01 
-9.542428e-01 
-9.542428e-01 
-9.542428e-01 
-9.542428e-01 
-9.542428e-01 
-9.542428e-01 
-9.542428e-01 
-9.542428e-01 
-9.542428e-01 
-9.123635e-01 
-8.039929e-01 
-6.720599e-01 
-5.209834e-01 
-3.428386e-01 
-1.287112e-01 
-9.071148e-03 
-7.844878e-04 
-3.774874e-04 
-2.231490e-04 
-1.443421e-04 
-9.921802e-05 
-7.132994e-05 
-5.310025e-05 
-4.065216e-05 
-3.184455e-05 
-2.542216e-05 
-2.061170e-05 
-1.691452e-05 
-1.399193e-05 
-1.159371e-05 
-9.498163e-06 
-7.417328e-06 
-4.730133e-06 
-1.882816e-07 
4.610126e-06 
7.586290e-06 
9.609006e-06 
1.121756e-05 
1.262566e-05 
1.351425e-05 
1.351430e-05 
1.351430e-05 
1.351430e-05 
1.351430e-05 
1.351430e-05 
1.351430e-05 
1.351430e-05 
1.351430e-05 
1.351430e-05 
1.351430e-05 
1.351430e-05 
1.351430e-05 
1.351430e-05 
1.351430e-05 
1.351430e-05 
1.351430e-05 
1.351430e-05 
1.351430e-05 
1.351430e-05 
1.351430e-05 
1.351430e-05 
1.351430e-05 
1.351430e-05 
1.351430e-05 
1.351430e-05 
1.351430e-05 
1.351430e-05 
1.351430e-05 
1.351430e-05 
1.351430e-05 
1.351430e-05 
1.351430e-05 
1.351430e-05 
1.351430e-05 
1.351430e-05 
1.351430e-05 
1.351430e-05 
1.351430e-05 
1.351430e-05 
1.351430e-05 
1.351430e-05 
1.351430e-05 
1.351430e-05 
1.351430e-05 
1.351430e-05 
1.351430e-05 
1.351430e-05 
1.351430e-05 
1.351430e-05 
1.351430e-05 
1.351430e-05 
1.351430e-05 
1.351430e-05 
1.351430e-05 
1.351430e-05 
1.351430e-05 
1.351430e-05 
1.351430e-05 
1.351430e-05 
1.351430e-05 
1.351430e-05 
1.351430e-05 
1.351401e-05 
1.333475e-05 
1.311079e-05 
1.285587e-05 
1.255400e-05 
1.218586e-05 
1.172918e-05 
1.115296e-05 
1.041478e-05 
9.491752e-06 
8.352208e-06 
6.939046e-06 
5.170965e-06 
2.935285e-06 
7.477587e-08 
-3.632322e-06 
-8.501675e-06 
-1.498436e-05 
-2.371996e-05 
-3.558807e-05 
-5.171056e-05 
-7.330171e-05 
-1.012682e-04 
-1.357316e-04 
-1.760586e-04 
-2.216895e-04 
-2.731655e-04 
-3.327050e-04 
-4.039690e-04 
-4.893969e-04 
-5.804710e-04 
-5.946790e-04 
-5.946790e-04 
-5.946790e-04 
-5.946790e-04 
-5.946790e-04 
-5.946790e-04 
-5.946790e-04 
-5.946790e-04 
-5.946790e-04 
-5.946790e-04 
-5.946790e-04 
-5.946790e-04 
-5.946790e-04 
-5.946790e-04 
-5.946790e-04 
-5.946790e-04 
-5.946790e-04 
-5.946790e-04 
-5.946790e-04 
-5.946790e-04 
-5.946790e-04 
-5.946790e-04 
-5.946790e-04 
-5.946790e-04 
-5.946790e-04 
-5.946790e-04 
-5.946790e-04 
-5.946790e-04 
-5.946790e-04 
-5.946790e-04 
-5.946790e-04 
-5.946790e-04 
-5.946790e-04 
-5.946790e-04 
-5.946790e-04 
-5.946790e-04 
-5.946790e-04 
-5.946790e-04 
-5.946790e-04 
-5.946790e-04 
-5.946790e-04 
-5.946790e-04 
-5.946790e-04 
-5.946790e-04 
-5.946790e-04 
-5.946790e-04 
-5.946790e-04 
-5.946790e-04 
-5.946790e-04 
-5.946790e-04 
-5.946790e-04 
-5.946790e-04 
-5.946790e-04 
-5.946790e-04 
-5.946790e-04 
-5.946790e-04 
-5.946790e-04 
-5.946790e-04 
-5.946790e-04 
-5.946790e-04 
-5.946790e-04 
-5.946790e-04 
-5.946790e-04 
-6.226393e-04 
-6.859444e-04 
-7.596442e-04 
-8.460190e-04 
-9.480445e-04 
-1.069552e-03 
-1.215376e-03 
-1.391464e-03 
-1.605530e-03 
-1.868481e-03 
-2.195689e-03 
-2.608623e-03 
-3.137745e-03 
-3.827266e-03 
-4.742964e-03 
0.000000e+00 
0.000000e+00 
0.000000e+00 
0.000000e+00 
0.000000e+00 
0.000000e+00 
0.000000e+00 
0.000000e+00
#[#TRACE_DATA]
#[#TRACE]
