#[TRACE]
#data_labels=Output
#[TRACE_DATA]
2.973646e-05 
-4.819398e-04 
-4.819398e-04 
-4.819398e-04 
-4.819398e-04 
-4.940969e-03 
-9.542486e-01 
-9.542486e-01 
-9.542486e-01 
-9.542486e-01 
-9.542358e-01 
-9.542329e-01 
-9.542329e-01 
-9.542329e-01 
-9.542329e-01 
2.611384e-05 
1.746364e-05 
1.746364e-05 
1.746364e-05 
1.746364e-05 
2.126485e-05 
-4.815836e-04 
-4.815836e-04 
-4.815836e-04 
-4.815836e-04 
-4.940969e-03 
-9.542486e-01 
-9.542486e-01 
-9.542486e-01 
-9.542486e-01 
-9.542358e-01 
-9.542329e-01 
-9.542329e-01 
-9.542329e-01 
-9.542329e-01 
2.611384e-05 
1.746364e-05 
1.746364e-05 
1.746364e-05 
1.746364e-05 
2.126485e-05 
-4.815836e-04 
-4.815836e-04 
-4.815836e-04 
-4.815836e-04 
-4.940969e-03 
-9.542486e-01 
-9.542486e-01 
-9.542486e-01 
-9.542486e-01 
-9.542358e-01 
-9.542329e-01 
-9.542329e-01 
-9.542329e-01 
-9.542329e-01 
2.702524e-05 
5.042169e-07 
5.042169e-07 
5.042169e-07 
5.042169e-07 
1.006089e-05 
5.338131e-04 
5.338131e-04 
5.338131e-04 
5.338131e-04 
5.042759e-03 
9.542487e-01 
9.542487e-01 
9.542487e-01 
9.542487e-01 
9.542369e-01 
9.542331e-01 
9.542331e-01 
9.542331e-01 
9.542331e-01 
2.611342e-05 
4.659734e-06 
4.659734e-06 
4.659734e-06 
4.659734e-06 
1.446196e-05 
5.384597e-04 
5.384597e-04 
5.384597e-04 
5.384597e-04 
5.042759e-03 
9.542487e-01 
9.542487e-01 
9.542487e-01 
9.542487e-01 
9.542369e-01 
9.542331e-01 
9.542331e-01 
9.542331e-01 
9.542331e-01 
2.702492e-05 
1.753781e-05 
1.753781e-05 
1.753781e-05 
1.753781e-05 
2.126485e-05 
-4.815836e-04 
-4.815836e-04 
-4.815836e-04 
-4.815836e-04 
-4.940968e-03 
-9.542486e-01 
-9.542486e-01 
-9.542486e-01 
-9.542486e-01 
-9.542358e-01 
-9.542329e-01 
-9.542329e-01 
-9.542329e-01 
-9.542329e-01 
2.611384e-05 
1.746364e-05 
1.746364e-05 
1.746364e-05 
1.746364e-05 
2.126485e-05 
-4.815836e-04 
-4.815836e-04 
-4.815836e-04 
-4.815836e-04 
-4.940968e-03 
-9.542486e-01 
-9.542486e-01 
-9.542486e-01 
-9.542486e-01 
-9.542358e-01 
-9.542329e-01 
-9.542329e-01 
-9.542329e-01 
-9.542329e-01 
2.702525e-05 
5.042169e-07 
5.042169e-07 
5.042169e-07 
5.042169e-07 
1.006089e-05 
5.338131e-04 
5.338131e-04 
5.338131e-04 
5.338131e-04 
5.042758e-03 
9.542487e-01 
9.542487e-01 
9.542487e-01 
9.542487e-01 
9.542369e-01 
9.542331e-01 
9.542331e-01 
9.542331e-01 
9.542331e-01 
2.611342e-05 
4.659734e-06 
4.659734e-06 
4.659734e-06 
4.659734e-06
#[#TRACE_DATA]
#[#TRACE]
