#[TRACE]
#data_labels=Output
#[TRACE_DATA]
4.820867e-04 
9.539353e-01 
9.542477e-01 
9.542477e-01 
9.542477e-01 
9.542380e-01 
9.542331e-01 
9.542331e-01 
9.542331e-01 
9.542331e-01 
6.817199e-04 
2.450236e-06 
2.696248e-06 
2.696248e-06 
2.696248e-06 
8.138583e-06 
5.112745e-04 
5.228935e-04 
5.228935e-04 
5.228935e-04 
4.263611e-03 
9.541476e-01 
9.542477e-01 
9.542477e-01 
9.542477e-01 
9.542376e-01 
9.542331e-01 
9.542331e-01 
9.542331e-01 
9.542331e-01 
3.468692e-04 
1.579914e-05 
1.601584e-05 
1.601584e-05 
1.601584e-05 
2.013585e-05 
-4.582343e-04 
-4.696554e-04 
-4.696554e-04 
-4.696554e-04 
-4.972438e-03 
-9.542155e-01 
-9.542476e-01 
-9.542476e-01 
-9.542476e-01 
-9.542359e-01 
-9.542328e-01 
-9.542328e-01 
-9.542328e-01 
-9.542328e-01 
-1.141509e-04 
1.592806e-05 
1.601584e-05 
1.601584e-05 
1.601584e-05 
2.049921e-05 
-4.639858e-04 
-4.696554e-04 
-4.696554e-04 
-4.696554e-04 
-6.008237e-03 
-9.542373e-01 
-9.542476e-01 
-9.542476e-01 
-9.542476e-01 
-9.542357e-01 
-9.542328e-01 
-9.542328e-01 
-9.542328e-01 
-9.542328e-01 
-4.198253e-05 
1.598544e-05 
1.601584e-05 
1.601584e-05 
1.601584e-05 
2.086177e-05 
-4.669182e-04 
-4.696554e-04 
-4.696554e-04 
-4.696554e-04 
-7.347343e-03 
-9.542443e-01 
-9.542476e-01 
-9.542476e-01 
-9.542476e-01 
-9.542354e-01 
-9.542328e-01 
-9.542328e-01 
-9.542328e-01 
-9.542328e-01 
-9.486480e-06 
1.600831e-05 
1.601584e-05 
1.601584e-05 
1.601584e-05 
2.120994e-05 
-4.683646e-04 
-4.696554e-04 
-4.696554e-04 
-4.700116e-04 
-9.106596e-03 
-9.542466e-01 
-9.542476e-01 
-9.542476e-01 
-9.542476e-01 
-9.542352e-01 
-9.542328e-01 
-9.542328e-01 
-9.542328e-01 
-9.397145e-01 
4.277732e-06 
1.601605e-05 
1.601584e-05 
1.601584e-05 
1.601653e-05 
2.152191e-05 
-4.690583e-04 
-4.696554e-04 
-4.696554e-04 
-4.794438e-04 
-1.145978e-02 
-9.542473e-01 
-9.542476e-01 
-9.542476e-01 
-9.542476e-01 
-9.542350e-01 
-9.542328e-01 
-9.542328e-01 
-9.542328e-01 
-8.872220e-01 
9.473739e-06 
1.601786e-05 
1.601584e-05 
1.601584e-05 
1.602648e-05 
2.176300e-05 
-4.693836e-04 
-4.696554e-04 
-4.696554e-04 
-5.009603e-04 
-1.467183e-02 
-9.542475e-01 
-9.542476e-01 
-9.542476e-01 
-9.542475e-01 
-9.542348e-01 
-9.542328e-01 
-9.542328e-01 
-9.542328e-01 
-8.130306e-01 
8.860831e-06 
2.696934e-06 
2.696248e-06 
2.696248e-06 
2.728074e-06 
2.002818e-05 
5.228434e-04 
5.228935e-04 
5.228935e-04 
5.931254e-04 
1.953117e-02 
9.542477e-01 
9.542477e-01 
9.542477e-01 
9.542474e-01 
9.542353e-01 
9.542331e-01 
9.542331e-01 
9.542331e-01 
7.275180e-01 
1.322688e-05 
1.601715e-05 
1.601584e-05 
1.601584e-05 
1.612526e-05 
2.177875e-05 
-4.696011e-04 
-4.696554e-04 
-4.696554e-04 
-5.741118e-04 
-2.558712e-02 
-9.542476e-01 
-9.542476e-01 
-9.542476e-01 
-9.542469e-01 
-9.542344e-01 
-9.542328e-01 
-9.542328e-01 
-9.542328e-01 
-6.366118e-01 
7.938741e-06 
2.696584e-06 
2.696248e-06 
2.696248e-06 
2.859825e-06 
2.860123e-05 
5.228844e-04 
5.228935e-04 
5.228935e-04 
6.924066e-04 
3.568094e-02 
9.542477e-01 
9.542477e-01 
9.542477e-01 
9.542467e-01 
9.542348e-01 
9.542331e-01 
9.542331e-01 
9.542331e-01 
5.438503e-01 
9.805106e-06 
1.601630e-05 
1.601584e-05 
1.601584e-05 
1.634335e-05 
2.028258e-05 
-4.696449e-04 
-4.696554e-04 
-4.696554e-04 
-6.811844e-04 
-4.953116e-02 
-9.542476e-01 
-9.542476e-01 
-9.542476e-01 
-9.542459e-01 
-9.542341e-01 
-9.542328e-01 
-9.542328e-01 
-9.542328e-01 
-4.513496e-01 
8.630464e-06 
1.601609e-05 
1.601584e-05 
1.601584e-05 
1.648565e-05 
1.828152e-05 
-4.696508e-04 
-4.696554e-04 
-4.696554e-04 
-7.477207e-04 
-7.231299e-02 
-9.542476e-01 
-9.542476e-01 
-9.542476e-01 
-9.542454e-01 
-9.542340e-01 
-9.542328e-01 
-9.542328e-01 
-9.542328e-01 
-3.616959e-01 
8.024210e-06 
1.601597e-05 
1.601584e-05 
1.601584e-05 
1.664417e-05 
1.471008e-05 
-4.696534e-04 
-4.696554e-04 
-4.696554e-04 
-8.242612e-04 
-1.092968e-01 
-9.542476e-01 
-9.542476e-01 
-9.542476e-01 
-9.542447e-01 
-9.542338e-01 
-9.542328e-01 
-9.542328e-01 
-9.542328e-01 
-2.778515e-01 
7.570539e-06 
1.601590e-05 
1.601584e-05 
1.601584e-05 
1.681656e-05 
8.587177e-06 
-4.696545e-04 
-4.696554e-04 
-4.696554e-04 
-9.124056e-04 
-1.700482e-01 
-9.542476e-01 
-9.542476e-01 
-9.542476e-01 
-9.542439e-01 
-9.542337e-01 
-9.542328e-01 
-9.542328e-01 
-9.542328e-01 
-2.033685e-01 
7.285796e-06 
1.601587e-05 
1.601584e-05 
1.601584e-05 
1.700182e-05 
-1.603183e-06 
-4.696550e-04 
-4.696554e-04 
-4.696554e-04 
-1.014227e-03 
-2.663304e-01 
-9.542476e-01 
-9.542476e-01 
-9.542476e-01 
-9.542431e-01 
-9.542336e-01 
-9.542328e-01 
-9.542328e-01 
-9.542328e-01 
-1.413488e-01 
7.182824e-06 
1.601586e-05 
1.601584e-05 
1.601584e-05 
1.719987e-05 
-1.801612e-05 
-4.696552e-04 
-4.696554e-04 
-4.696554e-04 
-1.132331e-03 
-4.016820e-01 
-9.542476e-01 
-9.542476e-01 
-9.542476e-01 
-9.542423e-01 
-9.542334e-01 
-9.542328e-01 
-9.542328e-01 
-9.542328e-01 
-9.328196e-02 
7.268746e-06 
1.601585e-05 
1.601584e-05 
1.601584e-05 
1.741110e-05 
-4.328779e-05 
-4.696553e-04 
-4.696554e-04 
-4.696554e-04 
-1.269974e-03 
-5.579162e-01 
-9.542476e-01 
-9.542476e-01 
-9.542476e-01 
-9.542414e-01 
-9.542333e-01 
-9.542328e-01 
-9.542328e-01 
-9.542328e-01 
-5.859907e-02 
7.553443e-06 
1.601584e-05 
1.601584e-05 
1.601584e-05 
1.763620e-05 
-7.992715e-05 
-4.696553e-04 
-4.696554e-04 
-4.696554e-04 
-1.431241e-03 
-7.057250e-01 
-9.542476e-01 
-9.542476e-01 
-9.542476e-01 
-9.542405e-01 
-9.542332e-01 
-9.542328e-01 
-9.542328e-01 
-9.542328e-01 
-3.517676e-02 
8.147518e-06 
1.601584e-05 
1.601584e-05 
1.601584e-05 
1.787595e-05 
-1.294034e-04 
-4.696554e-04 
-4.696554e-04 
-4.696554e-04 
-1.621287e-03 
-8.270282e-01 
-9.542476e-01 
-9.542476e-01 
-9.542476e-01 
-9.542396e-01 
-9.542331e-01 
-9.542328e-01 
-9.542328e-01 
-9.542328e-01 
-2.026311e-02 
9.232942e-06 
1.601584e-05 
1.601584e-05 
1.601584e-05 
1.813116e-05 
-1.913216e-04 
-4.696554e-04 
-4.696554e-04 
-4.696554e-04 
-1.846691e-03 
-9.097636e-01 
-9.542476e-01 
-9.542476e-01 
-9.542476e-01 
-9.542389e-01 
-9.542330e-01 
-9.542328e-01 
-9.542328e-01 
-9.542328e-01 
-1.124331e-02 
1.076086e-05 
1.601584e-05 
1.601584e-05 
1.601584e-05 
1.840259e-05 
-2.614957e-04 
-4.696554e-04 
-4.696554e-04 
-4.696554e-04 
-2.115930e-03 
-9.399797e-01 
-9.542476e-01 
-9.542476e-01 
-9.542476e-01 
-9.542382e-01 
-9.542329e-01 
-9.542328e-01 
-9.542328e-01 
-9.542328e-01 
-6.027615e-03 
1.241864e-05 
1.601584e-05 
1.601584e-05 
1.601584e-05 
1.869081e-05 
-3.283552e-04 
-4.696554e-04 
-4.696554e-04 
-4.696554e-04 
-2.440041e-03 
-9.496755e-01 
-9.542476e-01 
-9.542476e-01 
-9.542476e-01 
-9.542376e-01 
-9.542329e-01 
-9.542328e-01 
-9.542328e-01 
-9.542328e-01 
-3.128418e-03 
1.381112e-05 
1.601584e-05 
1.601584e-05 
1.601584e-05 
1.899611e-05 
-3.817004e-04 
-4.696554e-04 
-4.696554e-04 
-4.696554e-04 
-2.833564e-03 
-9.527833e-01 
-9.542476e-01 
-9.542476e-01 
-9.542476e-01 
-9.542372e-01 
-9.542329e-01 
-9.542328e-01 
-9.542328e-01 
-9.542328e-01 
-1.576181e-03 
2.085153e-06 
2.696248e-06 
2.696248e-06 
2.696248e-06 
7.130008e-06 
4.949302e-04 
5.228935e-04 
5.228935e-04 
5.228935e-04 
3.403958e-03 
9.537794e-01 
9.542477e-01 
9.542477e-01 
9.542477e-01 
9.542382e-01 
9.542332e-01 
9.542331e-01 
9.542331e-01 
9.542331e-01 
8.719337e-04 
1.539164e-05 
1.601584e-05 
1.601584e-05 
1.601584e-05 
1.965637e-05 
-4.417953e-04 
-4.696554e-04 
-4.696554e-04 
-4.696554e-04 
-3.913146e-03 
-9.540973e-01 
-9.542476e-01 
-9.542476e-01 
-9.542476e-01 
-9.542364e-01 
-9.542328e-01 
-9.542328e-01 
-9.542328e-01 
-9.542328e-01 
-3.588685e-04 
2.545114e-06 
2.696248e-06 
2.696248e-06 
2.696248e-06 
8.699897e-06 
5.154555e-04 
5.228935e-04 
5.228935e-04 
5.228935e-04 
4.775075e-03 
9.541996e-01 
9.542477e-01 
9.542477e-01 
9.542477e-01 
9.542373e-01 
9.542331e-01 
9.542331e-01 
9.542331e-01 
9.542331e-01 
2.249728e-04 
2.816913e-06 
2.677932e-06 
2.677932e-06 
2.677932e-06 
9.639367e-06 
5.192692e-04 
5.228853e-04 
5.228853e-04 
5.228853e-04 
5.741556e-03 
9.542323e-01 
9.542477e-01 
9.542477e-01 
9.542477e-01 
9.542369e-01 
9.542331e-01 
9.542331e-01 
9.542331e-01 
9.542331e-01 
1.175304e-04 
2.735358e-06 
2.677932e-06 
2.677932e-06 
2.677932e-06 
1.082585e-05 
5.211810e-04 
5.228853e-04 
5.228853e-04 
5.228853e-04 
6.985880e-03 
9.542428e-01 
9.542477e-01 
9.542477e-01 
9.542477e-01 
9.542365e-01 
9.542331e-01 
9.542331e-01 
9.542331e-01 
9.542331e-01 
6.456545e-05 
2.698829e-06 
2.677932e-06 
2.677932e-06 
2.677932e-06 
1.225415e-05 
5.221023e-04 
5.228853e-04 
5.228853e-04 
5.228853e-04 
8.610119e-03 
9.542461e-01 
9.542477e-01 
9.542477e-01 
9.542477e-01 
9.542362e-01 
9.542331e-01 
9.542331e-01 
9.542331e-01 
9.500572e-01 
3.834077e-05 
2.683970e-06 
2.677932e-06 
2.677932e-06 
2.677991e-06 
1.399275e-05 
5.225332e-04 
5.228853e-04 
5.228853e-04 
5.284369e-04 
1.076688e-02 
9.542472e-01 
9.542477e-01 
9.542477e-01 
9.542477e-01 
9.542359e-01 
9.542331e-01 
9.542331e-01 
9.542331e-01 
9.090980e-01 
2.509177e-05 
1.601757e-05 
1.601584e-05 
1.601584e-05 
1.602092e-05 
2.168832e-05 
-4.692953e-04 
-4.696554e-04 
-4.696554e-04 
-4.920162e-04 
-1.340940e-02 
-9.542475e-01 
-9.542476e-01 
-9.542476e-01 
-9.542475e-01 
-9.542348e-01 
-9.542328e-01 
-9.542328e-01 
-9.542328e-01 
-8.411270e-01 
1.065536e-05 
1.601786e-05 
1.601584e-05 
1.601584e-05 
1.604471e-05 
2.185620e-05 
-4.694928e-04 
-4.696554e-04 
-4.696554e-04 
-5.205015e-04 
-1.738180e-02 
-9.542476e-01 
-9.542476e-01 
-9.542476e-01 
-9.542473e-01 
-9.542347e-01 
-9.542328e-01 
-9.542328e-01 
-9.542328e-01 
-7.587694e-01 
1.093897e-05 
1.601735e-05 
1.601584e-05 
1.601584e-05 
1.609836e-05 
2.184604e-05 
-4.695829e-04 
-4.696554e-04 
-4.696554e-04 
-5.585198e-04 
-2.302093e-02 
-9.542476e-01 
-9.542476e-01 
-9.542476e-01 
-9.542470e-01 
-9.542345e-01 
-9.542328e-01 
-9.542328e-01 
-9.542328e-01 
-6.692933e-01 
1.040671e-05 
1.601680e-05 
1.601584e-05 
1.601584e-05 
1.618393e-05 
2.153820e-05 
-4.696234e-04 
-4.696554e-04 
-4.696554e-04 
-6.050184e-04 
-3.125323e-02 
-9.542476e-01 
-9.542476e-01 
-9.542476e-01 
-9.542466e-01 
-9.542343e-01 
-9.542328e-01 
-9.542328e-01 
-9.542328e-01 
-5.768524e-01 
9.638525e-06 
1.601640e-05 
1.601584e-05 
1.601584e-05 
1.629739e-05 
2.073939e-05 
-4.696414e-04 
-4.696554e-04 
-4.696554e-04 
-6.597079e-04 
-4.365159e-02 
-9.542476e-01 
-9.542476e-01 
-9.542476e-01 
-9.542461e-01 
-9.542342e-01 
-9.542328e-01 
-9.542328e-01 
-9.542328e-01 
-4.840290e-01 
8.878121e-06 
1.601615e-05 
1.601584e-05 
1.601584e-05 
1.643302e-05 
1.913500e-05 
-4.696493e-04 
-4.696554e-04 
-4.696554e-04 
-7.229857e-04 
-6.295867e-02 
-9.542476e-01 
-9.542476e-01 
-9.542476e-01 
-9.542456e-01 
-9.542340e-01 
-9.542328e-01 
-9.542328e-01 
-9.542328e-01 
-3.930812e-01 
8.223342e-06 
1.601600e-05 
1.601584e-05 
1.601584e-05 
1.658613e-05 
1.621176e-05 
-4.696527e-04 
-4.696554e-04 
-4.696554e-04 
-7.958096e-04 
-9.400483e-02 
-9.542476e-01 
-9.542476e-01 
-9.542476e-01 
-9.542449e-01 
-9.542339e-01 
-9.542328e-01 
-9.542328e-01 
-9.542328e-01 
-3.067776e-01 
7.713237e-06 
1.601592e-05 
1.601584e-05 
1.601584e-05 
1.675376e-05 
1.113858e-05 
-4.696542e-04 
-4.696554e-04 
-4.696554e-04 
-8.796159e-04 
-1.449693e-01 
-9.542476e-01 
-9.542476e-01 
-9.542476e-01 
-9.542442e-01 
-9.542337e-01 
-9.542328e-01 
-9.542328e-01 
-9.542328e-01 
-2.285601e-01 
7.366812e-06 
1.601588e-05 
1.601584e-05 
1.601584e-05 
1.693449e-05 
2.607868e-06 
-4.696549e-04 
-4.696554e-04 
-4.696554e-04 
-9.763050e-04 
-2.274313e-01 
-9.542476e-01 
-9.542476e-01 
-9.542476e-01 
-9.542434e-01 
-9.542336e-01 
-9.542328e-01 
-9.542328e-01 
-9.542328e-01 
-1.618433e-01 
2.800944e-06 
2.696257e-06 
2.696248e-06 
2.696248e-06 
3.784466e-06 
1.157411e-04 
5.228935e-04 
5.228935e-04 
5.228935e-04 
1.179735e-03 
3.513676e-01 
9.542477e-01 
9.542477e-01 
9.542477e-01 
9.542437e-01 
9.542339e-01 
9.542331e-01 
9.542331e-01 
9.542331e-01 
1.093530e-01 
7.219492e-06 
1.601585e-05 
1.601584e-05 
1.601584e-05 
1.733445e-05 
-3.311709e-05 
-4.696553e-04 
-4.696554e-04 
-4.696554e-04 
-1.218559e-03 
-5.018959e-01 
-9.542476e-01 
-9.542476e-01 
-9.542476e-01 
-9.542417e-01 
-9.542334e-01 
-9.542328e-01 
-9.542328e-01 
-9.542328e-01 
-6.951713e-02 
9.568022e-07 
2.696250e-06 
2.696248e-06 
2.696248e-06 
4.301564e-06 
2.019866e-04 
5.228935e-04 
5.228935e-04 
5.228935e-04 
1.455054e-03 
6.562136e-01 
9.542477e-01 
9.542477e-01 
9.542477e-01 
9.542423e-01 
9.542336e-01 
9.542331e-01 
9.542331e-01 
9.542331e-01 
4.287538e-02 
7.886137e-06 
1.601584e-05 
1.601584e-05 
1.601584e-05 
1.778897e-05 
-1.103180e-04 
-4.696553e-04 
-4.696554e-04 
-4.696554e-04 
-1.550039e-03 
-7.874540e-01 
-9.542476e-01 
-9.542476e-01 
-9.542476e-01 
-9.542399e-01 
-9.542332e-01 
-9.542328e-01 
-9.542328e-01 
-9.542328e-01 
-2.476415e-02 
8.792797e-06 
1.601584e-05 
1.601584e-05 
1.601584e-05 
1.803859e-05 
-1.680054e-04 
-4.696554e-04 
-4.696554e-04 
-4.696554e-04 
-1.762010e-03 
-8.876058e-01 
-9.542476e-01 
-9.542476e-01 
-9.542476e-01 
-9.542391e-01 
-9.542331e-01 
-9.542328e-01 
-9.542328e-01 
-9.542328e-01 
-1.391945e-02 
1.017703e-05 
1.601584e-05 
1.601584e-05 
1.601584e-05 
1.830418e-05 
-2.362232e-04 
-4.696554e-04 
-4.696554e-04 
-4.696554e-04 
-2.014548e-03 
-9.328647e-01 
-9.542476e-01 
-9.542476e-01 
-9.542476e-01 
-9.542384e-01 
-9.542330e-01 
-9.542328e-01 
-9.542328e-01 
-9.542328e-01 
-7.551933e-03 
1.184387e-05 
1.601584e-05 
1.601584e-05 
1.601584e-05 
1.858638e-05 
-3.057545e-04 
-4.696554e-04 
-4.696554e-04 
-4.696554e-04 
-2.317688e-03 
-9.473946e-01 
-9.542476e-01 
-9.542476e-01 
-9.542476e-01 
-9.542378e-01 
-9.542329e-01 
-9.542328e-01 
-9.542328e-01 
-9.542328e-01 
-3.964406e-03 
1.336100e-05 
1.601584e-05 
1.601584e-05 
1.601584e-05 
1.888560e-05 
-3.646134e-04 
-4.696554e-04 
-4.696554e-04 
-4.696554e-04 
-2.684596e-03 
-9.520527e-01 
-9.542476e-01 
-9.542476e-01 
-9.542476e-01 
-9.542373e-01 
-9.542329e-01 
-9.542328e-01 
-9.542328e-01 
-9.542328e-01 
-2.015789e-03 
1.448916e-05 
1.601584e-05 
1.601584e-05 
1.601584e-05 
1.920185e-05 
-4.073201e-04 
-4.696554e-04 
-4.696554e-04 
-4.696554e-04 
-3.132741e-03 
-9.535446e-01 
-9.542476e-01 
-9.542476e-01 
-9.542476e-01 
-9.542369e-01 
-9.542329e-01 
-9.542328e-01 
-9.542328e-01 
-9.542328e-01 
-9.917379e-04 
1.521427e-05 
1.601584e-05 
1.601584e-05 
1.601584e-05 
1.953445e-05 
-4.349171e-04 
-4.696554e-04 
-4.696554e-04 
-4.696554e-04 
-3.685606e-03 
-9.540223e-01 
-9.542476e-01 
-9.542476e-01 
-9.542476e-01 
-9.542365e-01 
-9.542328e-01 
-9.542328e-01 
-9.542328e-01 
-9.542328e-01 
-4.697557e-04 
1.563025e-05 
1.601584e-05 
1.601584e-05 
1.601584e-05 
1.988171e-05 
-4.512531e-04 
-4.696554e-04 
-4.696554e-04 
-4.696554e-04 
-4.375185e-03 
-9.541754e-01 
-9.542476e-01 
-9.542476e-01 
-9.542476e-01 
-9.542362e-01 
-9.542328e-01 
-9.542328e-01 
-9.542328e-01 
-9.542328e-01 
-2.113946e-04 
1.584686e-05 
1.601584e-05 
1.601584e-05 
1.601584e-05 
2.024033e-05 
-4.602973e-04 
-4.696554e-04 
-4.696554e-04 
-4.696554e-04 
-5.245750e-03 
-9.542245e-01 
-9.542476e-01 
-9.542476e-01 
-9.542476e-01 
-9.542359e-01 
-9.542328e-01 
-9.542328e-01 
-9.542328e-01 
-9.542328e-01 
-8.731388e-05 
1.594992e-05 
1.601584e-05 
1.601584e-05 
1.601584e-05 
2.060451e-05 
-4.650482e-04 
-4.696554e-04 
-4.696554e-04 
-4.696554e-04 
-6.359596e-03 
-9.542402e-01 
-9.542476e-01 
-9.542476e-01 
-9.542476e-01 
-9.542356e-01 
-9.542328e-01 
-9.542328e-01 
-9.542328e-01 
-9.542328e-01 
-2.972793e-05 
1.599448e-05 
1.601584e-05 
1.601584e-05 
1.601584e-05 
2.096460e-05 
-4.674475e-04 
-4.696554e-04 
-4.696554e-04 
-4.696554e-04 
-7.806035e-03 
-9.542452e-01 
-9.542476e-01 
-9.542476e-01 
-9.542476e-01 
-9.542354e-01 
-9.542328e-01 
-9.542328e-01 
-9.542328e-01 
-9.542328e-01 
-4.177367e-06 
1.601156e-05 
1.601584e-05 
1.601584e-05 
1.601584e-05 
2.130502e-05 
-4.686205e-04 
-4.696554e-04 
-4.696554e-04 
-4.714323e-04 
-9.715795e-03 
-9.542469e-01 
-9.542476e-01 
-9.542476e-01 
-9.542476e-01 
-9.542351e-01 
-9.542328e-01 
-9.542328e-01 
-9.542328e-01 
-9.276481e-01 
6.376849e-06 
1.601694e-05 
1.601584e-05 
1.601584e-05 
1.601778e-05 
2.160080e-05 
-4.691792e-04 
-4.696554e-04 
-4.696554e-04 
-4.844786e-04 
-1.228465e-02 
-9.542474e-01 
-9.542476e-01 
-9.542476e-01 
-9.542476e-01 
-9.542349e-01 
-9.542328e-01 
-9.542328e-01 
-9.542328e-01 
-8.674497e-01 
8.108750e-06 
2.696890e-06 
2.696248e-06 
2.696248e-06 
2.708228e-06 
1.788287e-05 
5.228025e-04 
5.228935e-04 
5.228935e-04 
5.668198e-04 
1.613193e-02 
9.542476e-01 
9.542477e-01 
9.542477e-01 
9.542475e-01 
9.542354e-01 
9.542331e-01 
9.542331e-01 
9.542331e-01 
7.891665e-01 
1.536232e-05 
1.601756e-05 
1.601584e-05 
1.601584e-05 
1.607556e-05 
2.187635e-05 
-4.695586e-04 
-4.696554e-04 
-4.696554e-04 
-5.439927e-04 
-2.077690e-02 
-9.542476e-01 
-9.542476e-01 
-9.542476e-01 
-9.542471e-01 
-9.542345e-01 
-9.542328e-01 
-9.542328e-01 
-9.542328e-01 
-7.016148e-01 
8.514750e-06 
2.696715e-06 
2.696248e-06 
2.696248e-06 
2.799539e-06 
2.502369e-05 
5.228768e-04 
5.228935e-04 
5.228935e-04 
6.531005e-04 
2.845573e-02 
9.542477e-01 
9.542477e-01 
9.542477e-01 
9.542470e-01 
9.542350e-01 
9.542331e-01 
9.542331e-01 
9.542331e-01 
6.099201e-01 
1.073577e-05 
2.677452e-06 
2.677932e-06 
2.677932e-06 
2.868515e-06 
3.013633e-05 
5.228783e-04 
5.228853e-04 
5.228853e-04 
7.095594e-04 
3.928025e-02 
9.542477e-01 
9.542477e-01 
9.542477e-01 
9.542466e-01 
9.542348e-01 
9.542331e-01 
9.542331e-01 
9.542331e-01 
5.170289e-01 
9.486743e-06 
2.677647e-06 
2.677932e-06 
2.677932e-06 
2.983767e-06 
3.711385e-05 
5.228824e-04 
5.228853e-04 
5.228853e-04 
7.746926e-04 
5.590863e-02 
9.542477e-01 
9.542477e-01 
9.542477e-01 
9.542461e-01 
9.542346e-01 
9.542331e-01 
9.542331e-01 
9.542331e-01 
4.252189e-01 
8.587077e-06 
2.677774e-06 
2.677932e-06 
2.677932e-06 
3.123488e-06 
4.661800e-05 
5.228841e-04 
5.228853e-04 
5.228853e-04 
8.490434e-04 
8.230530e-02 
9.542477e-01 
9.542477e-01 
9.542477e-01 
9.542456e-01 
9.542344e-01 
9.542331e-01 
9.542331e-01 
9.542331e-01 
3.370155e-01 
7.937663e-06 
2.677848e-06 
2.677932e-06 
2.677932e-06 
3.285839e-06 
5.980791e-05 
5.228848e-04 
5.228853e-04 
5.228853e-04 
9.334434e-04 
1.253115e-01 
9.542477e-01 
9.542477e-01 
9.542477e-01 
9.542451e-01 
9.542343e-01 
9.542331e-01 
9.542331e-01 
9.542331e-01 
2.556367e-01 
7.495523e-06 
1.601589e-05 
1.601584e-05 
1.601584e-05 
1.686877e-05 
6.144073e-06 
-4.696547e-04 
-4.696554e-04 
-4.696554e-04 
-9.403108e-04 
-1.937540e-01 
-9.542476e-01 
-9.542476e-01 
-9.542476e-01 
-9.542437e-01 
-9.542336e-01 
-9.542328e-01 
-9.542328e-01 
-9.542328e-01 
-1.840679e-01 
7.236908e-06 
1.601587e-05 
1.601584e-05 
1.601584e-05 
1.705771e-05 
-5.594814e-06 
-4.696551e-04 
-4.696554e-04 
-4.696554e-04 
-1.046542e-03 
-3.017639e-01 
-9.542476e-01 
-9.542476e-01 
-9.542476e-01 
-9.542429e-01 
-9.542335e-01 
-9.542328e-01 
-9.542328e-01 
-9.542328e-01 
-1.260175e-01 
7.188143e-06 
1.601585e-05 
1.601584e-05 
1.601584e-05 
1.725951e-05 
-2.428613e-05 
-4.696552e-04 
-4.696554e-04 
-4.696554e-04 
-1.169924e-03 
-4.459948e-01 
-9.542476e-01 
-9.542476e-01 
-9.542476e-01 
-9.542420e-01 
-9.542334e-01 
-9.542328e-01 
-9.542328e-01 
-9.542328e-01 
-8.196005e-02 
7.329159e-06 
1.601585e-05 
1.601584e-05 
1.601584e-05 
1.747467e-05 
-5.261209e-05 
-4.696553e-04 
-4.696554e-04 
-4.696554e-04 
-1.313930e-03 
-6.025925e-01 
-9.542476e-01 
-9.542476e-01 
-9.542476e-01 
-9.542411e-01 
-9.542333e-01 
-9.542328e-01 
-9.542328e-01 
-9.542328e-01 
-5.079375e-02 
7.683106e-06 
1.601584e-05 
1.601584e-05 
1.601584e-05 
1.770391e-05 
-9.287743e-05 
-4.696553e-04 
-4.696554e-04 
-4.696554e-04 
-1.482925e-03 
-7.438964e-01 
-9.542476e-01 
-9.542476e-01 
-9.542476e-01 
-9.542402e-01 
-9.542332e-01 
-9.542328e-01 
-9.542328e-01 
-9.542328e-01 
-3.011736e-02 
8.409709e-06 
1.601584e-05 
1.601584e-05 
1.601584e-05 
1.794805e-05 
-1.460890e-04 
-4.696554e-04 
-4.696554e-04 
-4.696554e-04 
-1.682437e-03 
-8.561478e-01 
-9.542476e-01 
-9.542476e-01 
-9.542476e-01 
-9.542394e-01 
-9.542331e-01 
-9.542328e-01 
-9.542328e-01 
-9.542328e-01 
-1.715582e-02 
9.632100e-06 
1.601584e-05 
1.601584e-05 
1.601584e-05 
1.820788e-05 
-2.111402e-04 
-4.696554e-04 
-4.696554e-04 
-4.696554e-04 
-1.919535e-03 
-9.222043e-01 
-9.542476e-01 
-9.542476e-01 
-9.542476e-01 
-9.542387e-01 
-9.542330e-01 
-9.542328e-01 
-9.542328e-01 
-9.542328e-01 
-9.422497e-03 
1.124771e-05 
1.601584e-05 
1.601584e-05 
1.601584e-05 
1.848411e-05 
-2.817290e-04 
-4.696554e-04 
-4.696554e-04 
-4.696554e-04 
-2.203357e-03 
-9.439763e-01 
-9.542476e-01 
-9.542476e-01 
-9.542476e-01 
-9.542380e-01 
-9.542329e-01 
-9.542328e-01 
-9.542328e-01 
-9.542328e-01 
-5.003664e-03 
1.285952e-05 
1.601584e-05 
1.601584e-05 
1.601584e-05 
1.877725e-05 
-3.454241e-04 
-4.696554e-04 
-4.696554e-04 
-4.696554e-04 
-2.545843e-03 
-9.509577e-01 
-9.542476e-01 
-9.542476e-01 
-9.542476e-01 
-9.542375e-01 
-9.542329e-01 
-9.542328e-01 
-9.542328e-01 
-9.542328e-01 
-2.577213e-03 
1.772948e-06 
2.696248e-06 
2.696248e-06 
2.696248e-06 
6.678528e-06 
4.802477e-04 
5.228935e-04 
5.228935e-04 
5.228935e-04 
3.044866e-03 
9.531955e-01 
9.542477e-01 
9.542477e-01 
9.542477e-01 
9.542386e-01 
9.542332e-01 
9.542331e-01 
9.542331e-01 
9.542331e-01 
1.409896e-03 
1.499775e-05 
1.601584e-05 
1.601584e-05 
1.601584e-05 
1.941440e-05 
-4.266156e-04 
-4.696554e-04 
-4.696554e-04 
-4.696554e-04 
-3.475239e-03 
-9.539099e-01 
-9.542476e-01 
-9.542476e-01 
-9.542476e-01 
-9.542366e-01 
-9.542328e-01 
-9.542328e-01 
-9.542328e-01 
-9.542328e-01 
-6.187246e-04 
2.438040e-06 
2.696248e-06 
2.696248e-06 
2.696248e-06 
8.083787e-06 
5.107383e-04 
5.228935e-04 
5.228935e-04 
5.228935e-04 
4.214927e-03 
9.541396e-01 
9.542477e-01 
9.542477e-01 
9.542477e-01 
9.542376e-01 
9.542331e-01 
9.542331e-01 
9.542331e-01 
9.542331e-01 
3.628925e-04 
1.578661e-05 
1.601584e-05 
1.601584e-05 
1.601584e-05 
2.011182e-05 
-4.577054e-04 
-4.696554e-04 
-4.696554e-04 
-4.696554e-04 
-4.912032e-03 
-9.542130e-01 
-9.542476e-01 
-9.542476e-01 
-9.542476e-01 
-9.542360e-01 
-9.542328e-01 
-9.542328e-01 
-9.542328e-01 
-9.542328e-01 
-1.212295e-04 
1.592222e-05 
1.601584e-05 
1.601584e-05 
1.601584e-05 
2.047489e-05 
-4.637075e-04 
-4.696554e-04 
-4.696554e-04 
-4.696554e-04 
-5.930782e-03 
-9.542365e-01 
-9.542476e-01 
-9.542476e-01 
-9.542476e-01 
-9.542357e-01 
-9.542328e-01 
-9.542328e-01 
-9.542328e-01 
-9.542328e-01 
-4.523828e-05 
1.598298e-05 
1.601584e-05 
1.601584e-05 
1.601584e-05 
2.083786e-05 
-4.667795e-04 
-4.696554e-04 
-4.696554e-04 
-4.696554e-04 
-7.246520e-03 
-9.542441e-01 
-9.542476e-01 
-9.542476e-01 
-9.542476e-01 
-9.542354e-01 
-9.542328e-01 
-9.542328e-01 
-9.542328e-01 
-9.542328e-01 
-1.091252e-05 
1.600741e-05 
1.601584e-05 
1.601584e-05 
1.601584e-05 
2.118755e-05 
-4.682975e-04 
-4.696554e-04 
-4.696554e-04 
-4.698422e-04 
-8.973124e-03 
-9.542465e-01 
-9.542476e-01 
-9.542476e-01 
-9.542476e-01 
-9.542352e-01 
-9.542328e-01 
-9.542328e-01 
-9.542328e-01 
-9.420753e-01 
3.702043e-06 
1.601578e-05 
1.601584e-05 
1.601584e-05 
1.601635e-05 
2.150284e-05 
-4.690267e-04 
-4.696554e-04 
-4.696554e-04 
-4.784234e-04 
-1.127972e-02 
-9.542473e-01 
-9.542476e-01 
-9.542476e-01 
-9.542476e-01 
-9.542350e-01 
-9.542328e-01 
-9.542328e-01 
-9.542328e-01 
-8.915398e-01 
9.279431e-06 
1.601782e-05 
1.601584e-05 
1.601584e-05 
1.602522e-05 
2.175009e-05 
-4.693688e-04 
-4.696554e-04 
-4.696554e-04 
-4.991746e-04 
-1.442367e-02 
-9.542475e-01 
-9.542476e-01 
-9.542476e-01 
-9.542475e-01 
-9.542348e-01 
-9.542328e-01 
-9.542328e-01 
-9.542328e-01 
-8.184157e-01 
1.087830e-05 
1.601775e-05 
1.601584e-05 
1.601584e-05 
1.605690e-05 
2.187579e-05 
-4.695265e-04 
-4.696554e-04 
-4.696554e-04 
-5.305670e-04 
-1.880740e-02 
-9.542476e-01 
-9.542476e-01 
-9.542476e-01 
-9.542473e-01 
-9.542346e-01 
-9.542328e-01 
-9.542328e-01 
-9.542328e-01 
-7.334254e-01 
1.083409e-05 
1.601718e-05 
1.601584e-05 
1.601584e-05 
1.611991e-05 
2.179451e-05 
-4.695981e-04 
-4.696554e-04 
-4.696554e-04 
-5.711091e-04 
-2.507884e-02 
-9.542476e-01 
-9.542476e-01 
-9.542476e-01 
-9.542469e-01 
-9.542344e-01 
-9.542328e-01 
-9.542328e-01 
-9.542328e-01 
-6.427620e-01 
1.019415e-05 
1.601667e-05 
1.601584e-05 
1.601584e-05 
1.621409e-05 
2.136894e-05 
-4.696301e-04 
-4.696554e-04 
-4.696554e-04 
-6.199698e-04 
-3.431411e-02 
-9.542476e-01 
-9.542476e-01 
-9.542476e-01 
-9.542465e-01 
-9.542343e-01 
-9.542328e-01 
-9.542328e-01 
-9.542328e-01 
-5.499801e-01 
9.412008e-06 
1.601631e-05 
1.601584e-05 
1.601584e-05 
1.633453e-05 
2.037671e-05 
-4.696443e-04 
-4.696554e-04 
-4.696554e-04 
-6.770724e-04 
-4.835587e-02 
-9.542476e-01 
-9.542476e-01 
-9.542476e-01 
-9.542460e-01 
-9.542341e-01 
-9.542328e-01 
-9.542328e-01 
-9.542328e-01 
-4.574554e-01 
8.675746e-06 
1.601610e-05 
1.601584e-05 
1.601584e-05 
1.647562e-05 
1.845543e-05 
-4.696506e-04 
-4.696554e-04 
-4.696554e-04 
-7.429881e-04 
-7.043478e-02 
-9.542476e-01 
-9.542476e-01 
-9.542476e-01 
-9.542454e-01 
-9.542340e-01 
-9.542328e-01 
-9.542328e-01 
-9.542328e-01 
-3.675309e-01 
8.060102e-06 
1.601597e-05 
1.601584e-05 
1.601584e-05 
1.663315e-05 
1.501426e-05 
-4.696533e-04 
-4.696554e-04 
-4.696554e-04 
-8.188167e-04 
-1.062183e-01 
-9.542476e-01 
-9.542476e-01 
-9.542476e-01 
-9.542447e-01 
-9.542338e-01 
-9.542328e-01 
-9.542328e-01 
-9.542328e-01 
-2.831906e-01 
7.595691e-06 
1.601591e-05 
1.601584e-05 
1.601584e-05 
1.680465e-05 
9.101888e-06 
-4.696545e-04 
-4.696554e-04 
-4.696554e-04 
-9.061282e-04 
-1.650142e-01 
-9.542476e-01 
-9.542476e-01 
-9.542476e-01 
-9.542440e-01 
-9.542337e-01 
-9.542328e-01 
-9.542328e-01 
-9.542328e-01 
-2.079821e-01 
3.430920e-06 
2.696263e-06 
2.696248e-06 
2.696248e-06 
3.627118e-06 
9.425297e-05 
5.228934e-04 
5.228935e-04 
5.228935e-04 
1.098193e-03 
2.604024e-01 
9.542477e-01 
9.542477e-01 
9.542477e-01 
9.542441e-01 
9.542340e-01 
9.542331e-01 
9.542331e-01 
9.542331e-01 
1.456244e-01 
7.189652e-06 
1.601586e-05 
1.601584e-05 
1.601584e-05 
1.718626e-05 
-1.667641e-05 
-4.696552e-04 
-4.696554e-04 
-4.696554e-04 
-1.123888e-03 
-3.916867e-01 
-9.542476e-01 
-9.542476e-01 
-9.542476e-01 
-9.542423e-01 
-9.542335e-01 
-9.542328e-01 
-9.542328e-01 
-9.542328e-01 
-9.606327e-02 
1.617716e-06 
2.696251e-06 
2.696248e-06 
2.696248e-06 
4.104018e-06 
1.670862e-04 
5.228935e-04 
5.228935e-04 
5.228935e-04 
1.347849e-03 
5.484394e-01 
9.542477e-01 
9.542477e-01 
9.542477e-01 
9.542428e-01 
9.542337e-01 
9.542331e-01 
9.542331e-01 
9.542331e-01 
6.107388e-02 
7.478889e-06 
2.677929e-06 
2.677932e-06 
2.677932e-06 
4.355041e-06 
2.170255e-04 
5.228853e-04 
5.228853e-04 
5.228853e-04 
1.496316e-03 
6.970490e-01 
9.542477e-01 
9.542477e-01 
9.542477e-01 
9.542421e-01 
9.542336e-01 
9.542331e-01 
9.542331e-01 
9.542331e-01 
3.691063e-02 
7.765170e-06 
2.677931e-06 
2.677932e-06 
2.677932e-06 
4.670761e-06 
2.735037e-04 
5.228853e-04 
5.228853e-04 
5.228853e-04 
1.679193e-03 
8.201007e-01 
9.542477e-01 
9.542477e-01 
9.542477e-01 
9.542414e-01 
9.542335e-01 
9.542331e-01 
9.542331e-01 
9.542331e-01 
2.143115e-02 
7.701572e-06 
2.677932e-06 
2.677932e-06 
2.677932e-06 
5.027532e-06 
3.322497e-04 
5.228853e-04 
5.228853e-04 
5.228853e-04 
1.899044e-03 
9.062980e-01 
9.542477e-01 
9.542477e-01 
9.542477e-01 
9.542407e-01 
9.542334e-01 
9.542331e-01 
9.542331e-01 
9.542331e-01 
1.201036e-02 
6.959247e-06 
2.677932e-06 
2.677932e-06 
2.677932e-06 
5.432568e-06 
3.884046e-04 
5.228853e-04 
5.228853e-04 
5.228853e-04 
2.164828e-03 
9.388743e-01 
9.542477e-01 
9.542477e-01 
9.542477e-01 
9.542400e-01 
9.542333e-01 
9.542331e-01 
9.542331e-01 
9.542331e-01 
6.525878e-03 
1.231329e-05 
1.601584e-05 
1.601584e-05 
1.601584e-05 
1.867106e-05 
-3.242538e-04 
-4.696554e-04 
-4.696554e-04 
-4.696554e-04 
-2.416453e-03 
-9.493165e-01 
-9.542476e-01 
-9.542476e-01 
-9.542476e-01 
-9.542377e-01 
-9.542329e-01 
-9.542328e-01 
-9.542328e-01 
-9.542328e-01 
-3.271492e-03 
1.373079e-05 
1.601584e-05 
1.601584e-05 
1.601584e-05 
1.897523e-05 
-3.786469e-04 
-4.696554e-04 
-4.696554e-04 
-4.696554e-04 
-2.804807e-03 
-9.526682e-01 
-9.542476e-01 
-9.542476e-01 
-9.542476e-01 
-9.542372e-01 
-9.542329e-01 
-9.542328e-01 
-9.542328e-01 
-9.542328e-01 
-1.648085e-03 
1.473691e-05 
1.601584e-05 
1.601584e-05 
1.601584e-05 
1.929630e-05 
-4.166961e-04 
-4.696554e-04 
-4.696554e-04 
-4.696554e-04 
-3.280472e-03 
-9.537414e-01 
-9.542476e-01 
-9.542476e-01 
-9.542476e-01 
-9.542368e-01 
-9.542328e-01 
-9.542328e-01 
-9.542328e-01 
-9.542328e-01 
-8.026038e-04 
1.536115e-05 
1.601584e-05 
1.601584e-05 
1.601584e-05 
1.963337e-05 
-4.406071e-04 
-4.696554e-04 
-4.696554e-04 
-4.696554e-04 
-3.869088e-03 
-9.540854e-01 
-9.542476e-01 
-9.542476e-01 
-9.542476e-01 
-9.542364e-01 
-9.542328e-01 
-9.542328e-01 
-9.542328e-01 
-9.542328e-01 
-3.753068e-04 
1.570890e-05 
1.601584e-05 
1.601584e-05 
1.601584e-05 
1.998434e-05 
-4.544635e-04 
-4.696554e-04 
-4.696554e-04 
-4.696554e-04 
-4.605738e-03 
-9.541957e-01 
-9.542476e-01 
-9.542476e-01 
-9.542476e-01 
-9.542361e-01 
-9.542328e-01 
-9.542328e-01 
-9.542328e-01 
-9.542328e-01 
-1.656059e-04 
1.588531e-05 
1.601584e-05 
1.601584e-05 
1.601584e-05 
2.034530e-05 
-4.620046e-04 
-4.696554e-04 
-4.696554e-04 
-4.696554e-04 
-5.539197e-03 
-9.542310e-01 
-9.542476e-01 
-9.542476e-01 
-9.542476e-01 
-9.542358e-01 
-9.542328e-01 
-9.542328e-01 
-9.542328e-01 
-9.542328e-01 
-6.582357e-05 
1.596706e-05 
1.601584e-05 
1.601584e-05 
1.601584e-05 
2.070950e-05 
-4.659205e-04 
-4.696554e-04 
-4.696554e-04 
-4.696554e-04 
-6.738454e-03 
-9.542423e-01 
-9.542476e-01 
-9.542476e-01 
-9.542476e-01 
-9.542355e-01 
-9.542328e-01 
-9.542328e-01 
-9.542328e-01 
-9.542328e-01 
-2.004155e-05 
1.600132e-05 
1.601584e-05 
1.601584e-05 
1.601584e-05 
2.106585e-05 
-4.678780e-04 
-4.696554e-04 
-4.696554e-04 
-4.696554e-04 
-8.302991e-03 
-9.542459e-01 
-9.542476e-01 
-9.542476e-01 
-9.542476e-01 
-9.542353e-01 
-9.542328e-01 
-9.542328e-01 
-9.542328e-01 
-9.513729e-01 
-6.670002e-08 
1.601388e-05 
1.601584e-05 
1.601584e-05 
1.601590e-05 
2.139646e-05 
-4.688271e-04 
-4.696554e-04 
-4.696554e-04 
-4.739170e-04 
-1.037935e-02 
-9.542471e-01 
-9.542476e-01 
-9.542476e-01 
-9.542476e-01 
-9.542351e-01 
-9.542328e-01 
-9.542328e-01 
-9.542328e-01 
-9.128422e-01 
5.895005e-06 
2.696450e-06 
2.696248e-06 
2.696248e-06 
2.699083e-06 
1.606425e-05 
5.227293e-04 
5.228935e-04 
5.228935e-04 
5.460614e-04 
1.346226e-02 
9.542475e-01 
9.542477e-01 
9.542477e-01 
9.542476e-01 
9.542356e-01 
9.542331e-01 
9.542331e-01 
9.542331e-01 
8.462129e-01 
1.846319e-05 
1.601788e-05 
1.601584e-05 
1.601584e-05 
1.604228e-05 
2.184953e-05 
-4.694839e-04 
-4.696554e-04 
-4.696554e-04 
-5.182915e-04 
-1.707279e-02 
-9.542476e-01 
-9.542476e-01 
-9.542476e-01 
-9.542474e-01 
-9.542347e-01 
-9.542328e-01 
-9.542328e-01 
-9.542328e-01 
-7.645432e-01 
8.878980e-06 
2.696853e-06 
2.696248e-06 
2.696248e-06 
2.754121e-06 
2.206608e-05 
5.228628e-04 
5.228935e-04 
5.228935e-04 
6.181574e-04 
2.300422e-02 
9.542477e-01 
9.542477e-01 
9.542477e-01 
9.542472e-01 
9.542351e-01 
9.542331e-01 
9.542331e-01 
9.542331e-01 
6.754074e-01 
1.194533e-05 
1.601684e-05 
1.601584e-05 
1.601584e-05 
1.617729e-05 
2.157135e-05 
-4.696216e-04 
-4.696554e-04 
-4.696554e-04 
-6.016636e-04 
-3.059682e-02 
-9.542476e-01 
-9.542476e-01 
-9.542476e-01 
-9.542466e-01 
-9.542343e-01 
-9.542328e-01 
-9.542328e-01 
-9.542328e-01 
-5.830524e-01 
9.691148e-06 
1.601642e-05 
1.601584e-05 
1.601584e-05 
1.628907e-05 
2.081338e-05 
-4.696406e-04 
-4.696554e-04 
-4.696554e-04 
-6.558009e-04 
-4.264887e-02 
-9.542476e-01 
-9.542476e-01 
-9.542476e-01 
-9.542462e-01 
-9.542342e-01 
-9.542328e-01 
-9.542328e-01 
-9.542328e-01 
-4.901864e-01 
8.926182e-06 
1.601616e-05 
1.601584e-05 
1.601584e-05 
1.642340e-05 
1.927596e-05 
-4.696489e-04 
-4.696554e-04 
-4.696554e-04 
-7.184828e-04 
-6.137448e-02 
-9.542476e-01 
-9.542476e-01 
-9.542476e-01 
-9.542456e-01 
-9.542340e-01 
-9.542328e-01 
-9.542328e-01 
-9.542328e-01 
-3.990359e-01 
8.262772e-06 
1.601601e-05 
1.601584e-05 
1.601584e-05 
1.657545e-05 
1.646221e-05 
-4.696526e-04 
-4.696554e-04 
-4.696554e-04 
-7.906305e-04 
-9.142697e-02 
-9.542476e-01 
-9.542476e-01 
-9.542476e-01 
-9.542450e-01 
-9.542339e-01 
-9.542328e-01 
-9.542328e-01 
-9.542328e-01 
-3.123210e-01 
7.742325e-06 
1.601593e-05 
1.601584e-05 
1.601584e-05 
1.674216e-05 
1.156689e-05 
-4.696542e-04 
-4.696554e-04 
-4.696554e-04 
-8.736505e-04 
-1.407286e-01 
-9.542476e-01 
-9.542476e-01 
-9.542476e-01 
-9.542443e-01 
-9.542337e-01 
-9.542328e-01 
-9.542328e-01 
-9.542328e-01 
-2.334517e-01 
7.384526e-06 
1.601588e-05 
1.601584e-05 
1.601584e-05 
1.692205e-05 
3.319377e-06 
-4.696549e-04 
-4.696554e-04 
-4.696554e-04 
-9.694117e-04 
-2.207228e-01 
-9.542476e-01 
-9.542476e-01 
-9.542476e-01 
-9.542435e-01 
-9.542336e-01 
-9.542328e-01 
-9.542328e-01 
-9.542328e-01 
-1.658731e-01 
7.203480e-06 
1.601586e-05 
1.601584e-05 
1.601584e-05 
1.711467e-05 
-1.016394e-05 
-4.696551e-04 
-4.696554e-04 
-4.696554e-04 
-1.080284e-03 
-3.403963e-01 
-9.542476e-01 
-9.542476e-01 
-9.542476e-01 
-9.542426e-01 
-9.542335e-01 
-9.542328e-01 
-9.542328e-01 
-9.542328e-01 
-1.118675e-01 
7.209300e-06 
1.601585e-05 
1.601584e-05 
1.601584e-05 
1.732027e-05 
-3.136239e-05 
-4.696553e-04 
-4.696554e-04 
-4.696554e-04 
-1.209232e-03 
-4.913601e-01 
-9.542476e-01 
-9.542476e-01 
-9.542476e-01 
-9.542417e-01 
-9.542334e-01 
-9.542328e-01 
-9.542328e-01 
-9.542328e-01 
-7.172238e-02 
7.406366e-06 
1.601584e-05 
1.601584e-05 
1.601584e-05 
1.753941e-05 
-6.294127e-05 
-4.696553e-04 
-4.696554e-04 
-4.696554e-04 
-1.359964e-03 
-6.458772e-01 
-9.542476e-01 
-9.542476e-01 
-9.542476e-01 
-9.542408e-01 
-9.542333e-01 
-9.542328e-01 
-9.542328e-01 
-9.542328e-01 
-4.386593e-02 
7.843495e-06 
1.601584e-05 
1.601584e-05 
1.601584e-05 
1.777287e-05 
-1.069212e-04 
-4.696553e-04 
-4.696554e-04 
-4.696554e-04 
-1.537147e-03 
-7.795837e-01 
-9.542476e-01 
-9.542476e-01 
-9.542476e-01 
-9.542400e-01 
-9.542332e-01 
-9.542328e-01 
-9.542328e-01 
-9.542328e-01 
-2.569960e-02 
8.716186e-06 
1.601584e-05 
1.601584e-05 
1.601584e-05 
1.802146e-05 
-1.637842e-04 
-4.696554e-04 
-4.696554e-04 
-4.696554e-04 
-1.746710e-03 
-8.823234e-01 
-9.542476e-01 
-9.542476e-01 
-9.542476e-01 
-9.542392e-01 
-9.542331e-01 
-9.542328e-01 
-9.542328e-01 
-9.542328e-01 
-1.448096e-02 
1.007101e-05 
1.601584e-05 
1.601584e-05 
1.601584e-05 
1.828596e-05 
-2.314867e-04 
-4.696554e-04 
-4.696554e-04 
-4.696554e-04 
-1.996260e-03 
-9.311771e-01 
-9.542476e-01 
-9.542476e-01 
-9.542476e-01 
-9.542385e-01 
-9.542330e-01 
-9.542328e-01 
-9.542328e-01 
-9.542328e-01 
-7.874448e-03 
1.173324e-05 
1.601584e-05 
1.601584e-05 
1.601584e-05 
1.856704e-05 
-3.013528e-04 
-4.696554e-04 
-4.696554e-04 
-4.696554e-04 
-2.295656e-03 
-9.468567e-01 
-9.542476e-01 
-9.542476e-01 
-9.542476e-01 
-9.542379e-01 
-9.542329e-01 
-9.542328e-01 
-9.542328e-01 
-9.542328e-01 
-4.147109e-03 
1.368559e-06 
2.696248e-06 
2.696248e-06 
2.696248e-06 
6.271504e-06 
4.598912e-04 
5.228935e-04 
5.228935e-04 
5.228935e-04 
2.735459e-03 
9.518837e-01 
9.542477e-01 
9.542477e-01 
9.542477e-01 
9.542390e-01 
9.542332e-01 
9.542331e-01 
9.542331e-01 
9.542331e-01 
2.264923e-03 
1.442718e-05 
1.601584e-05 
1.601584e-05 
1.601584e-05 
1.918024e-05 
-4.049734e-04 
-4.696554e-04 
-4.696554e-04 
-4.696554e-04 
-3.099900e-03 
-9.534888e-01 
-9.542476e-01 
-9.542476e-01 
-9.542476e-01 
-9.542369e-01 
-9.542329e-01 
-9.542328e-01 
-9.542328e-01 
-9.542328e-01 
-1.044193e-03 
2.273586e-06 
2.696248e-06 
2.696248e-06 
2.696248e-06 
7.534068e-06 
5.034523e-04 
5.228935e-04 
5.228935e-04 
5.228935e-04 
3.739006e-03 
9.540049e-01 
9.542477e-01 
9.542477e-01 
9.542477e-01 
9.542379e-01 
9.542331e-01 
9.542331e-01 
9.542331e-01 
9.542331e-01 
5.885429e-04 
3.095169e-06 
2.677932e-06 
2.677932e-06 
2.677932e-06 
8.271280e-06 
5.128982e-04 
5.228853e-04 
5.228853e-04 
5.228853e-04 
4.429771e-03 
9.541699e-01 
9.542477e-01 
9.542477e-01 
9.542477e-01 
9.542375e-01 
9.542331e-01 
9.542331e-01 
9.542331e-01 
9.542331e-01 
2.985299e-04 
2.874018e-06 
2.677932e-06 
2.677932e-06 
2.677932e-06 
9.198195e-06 
5.179596e-04 
5.228853e-04 
5.228853e-04 
5.228853e-04 
5.303883e-03 
9.542228e-01 
9.542477e-01 
9.542477e-01 
9.542477e-01 
9.542370e-01 
9.542331e-01 
9.542331e-01 
9.542331e-01 
9.542331e-01 
1.539014e-04 
2.762409e-06 
2.677932e-06 
2.677932e-06 
2.677932e-06 
1.029865e-05 
5.205355e-04 
5.228853e-04 
5.228853e-04 
5.228853e-04 
6.421012e-03 
9.542397e-01 
9.542477e-01 
9.542477e-01 
9.542477e-01 
9.542367e-01 
9.542331e-01 
9.542331e-01 
9.542331e-01 
9.542331e-01 
8.248861e-05 
2.710579e-06 
2.677932e-06 
2.677932e-06 
2.677932e-06 
1.161765e-05 
5.217949e-04 
5.228853e-04 
5.228853e-04 
5.228853e-04 
7.869560e-03 
9.542451e-01 
9.542477e-01 
9.542477e-01 
9.542477e-01 
9.542363e-01 
9.542331e-01 
9.542331e-01 
9.542331e-01 
9.542331e-01 
4.725136e-05 
1.601090e-05 
1.601584e-05 
1.601584e-05 
1.601584e-05 
2.128337e-05 
-4.685666e-04 
-4.696554e-04 
-4.696554e-04 
-4.710090e-04 
-9.570561e-03 
-9.542468e-01 
-9.542476e-01 
-9.542476e-01 
-9.542476e-01 
-9.542351e-01 
-9.542328e-01 
-9.542328e-01 
-9.542328e-01 
-9.306816e-01 
5.945004e-06 
1.601677e-05 
1.601584e-05 
1.601584e-05 
1.601741e-05 
2.158316e-05 
-4.691534e-04 
-4.696554e-04 
-4.696554e-04 
-4.832218e-04 
0.000000e+00 
0.000000e+00 
0.000000e+00 
0.000000e+00 
0.000000e+00
#[#TRACE_DATA]
#[#TRACE]
