#[TRACE]
#data_labels=Output
#[TRACE_DATA]
2.486575e-05 
2.526647e-05 
2.553639e-05 
2.547853e-05 
2.478733e-05 
2.288645e-05 
1.866616e-05 
9.973490e-06 
-7.194780e-06 
-3.898383e-05 
-9.034949e-05 
-1.589907e-04 
-2.392955e-04 
-3.306898e-04 
-4.353848e-04 
-5.455033e-04 
-5.658587e-04 
-5.658587e-04 
-5.658587e-04 
-5.658587e-04 
-5.658587e-04 
-5.658587e-04 
-5.658587e-04 
-5.658587e-04 
-5.658587e-04 
-5.658587e-04 
-5.658587e-04 
-5.658587e-04 
-5.658587e-04 
-5.658587e-04 
-5.658587e-04 
-5.658587e-04 
-5.658587e-04 
-5.658587e-04 
-5.658587e-04 
-5.658587e-04 
-5.658587e-04 
-5.658587e-04 
-5.658587e-04 
-5.658587e-04 
-5.658587e-04 
-5.658587e-04 
-5.658587e-04 
-5.658587e-04 
-5.658587e-04 
-5.658587e-04 
-5.658587e-04 
-5.658587e-04 
-5.658587e-04 
-5.658587e-04 
-5.658587e-04 
-5.658587e-04 
-5.658587e-04 
-5.658587e-04 
-5.658587e-04 
-5.658587e-04 
-5.658587e-04 
-5.658587e-04 
-5.658587e-04 
-5.658587e-04 
-5.658587e-04 
-5.658587e-04 
-5.658587e-04 
-5.658587e-04 
-5.658587e-04 
-5.658587e-04 
-5.658587e-04 
-5.658587e-04 
-5.658587e-04 
-5.658587e-04 
-5.658587e-04 
-5.658587e-04 
-5.658587e-04 
-5.658587e-04 
-5.658587e-04 
-5.658587e-04 
-5.658587e-04 
-5.658587e-04 
-5.658587e-04 
-5.907995e-04 
-6.508742e-04 
-7.209794e-04 
-8.033070e-04 
-9.006765e-04 
-1.016680e-03 
-1.155895e-03 
-1.324227e-03 
-1.529196e-03 
-1.781204e-03 
-2.095140e-03 
-2.491752e-03 
-3.000477e-03 
-3.664064e-03 
-4.546164e-03 
-5.744195e-03 
-7.412037e-03 
-9.801730e-03 
-1.334382e-02 
-1.881064e-02 
-2.766747e-02 
-4.286622e-02 
-7.064691e-02 
-1.238196e-01 
-2.208525e-01 
-3.614139e-01 
-5.157291e-01 
-6.634924e-01 
-7.969948e-01 
-9.076487e-01 
-9.543222e-01 
-9.543222e-01 
-9.543222e-01 
-9.543222e-01 
-9.543222e-01 
-9.543222e-01 
-9.543222e-01 
-9.543222e-01 
-9.543222e-01 
-9.543222e-01 
-9.543222e-01 
-9.543222e-01 
-9.543222e-01 
-9.543222e-01 
-9.543222e-01 
-9.543222e-01 
-9.543222e-01 
-9.543222e-01 
-9.543222e-01 
-9.543222e-01 
-9.543222e-01 
-9.543222e-01 
-9.543222e-01 
-9.543222e-01 
-9.543222e-01 
-9.543222e-01 
-9.543222e-01 
-9.543222e-01 
-9.543222e-01 
-9.543222e-01 
-9.543222e-01 
-9.543222e-01 
-9.543222e-01 
-9.543222e-01 
-9.543222e-01 
-9.543222e-01 
-9.543222e-01 
-9.543222e-01 
-9.543222e-01 
-9.543222e-01 
-9.543222e-01 
-9.543222e-01 
-9.543222e-01 
-9.543222e-01 
-9.543222e-01 
-9.543222e-01 
-9.543222e-01 
-9.543222e-01 
-9.543222e-01 
-9.543222e-01 
-9.543222e-01 
-9.543222e-01 
-9.543222e-01 
-9.543222e-01 
-9.543222e-01 
-9.543222e-01 
-9.543222e-01 
-9.543222e-01 
-9.543222e-01 
-9.543222e-01 
-9.543222e-01 
-9.543222e-01 
-9.543222e-01 
-9.543222e-01 
-9.543188e-01 
-9.543142e-01 
-9.543086e-01 
-9.543018e-01 
-9.542928e-01 
-9.542807e-01 
-9.542724e-01 
-9.542684e-01 
-9.542652e-01 
-9.542624e-01 
-9.542600e-01 
-9.542579e-01 
-9.542561e-01 
-9.542545e-01 
-9.542530e-01 
-9.542518e-01 
-9.542506e-01 
-9.542495e-01 
-9.542486e-01 
-9.542477e-01 
-9.542469e-01 
-9.542462e-01 
-9.542455e-01 
-9.542449e-01 
-9.542443e-01 
-9.542438e-01 
-9.542433e-01 
-9.542428e-01 
-9.542424e-01 
-9.542420e-01 
-9.542419e-01 
-9.542419e-01 
-9.542419e-01 
-9.542419e-01 
-9.542419e-01 
-9.542419e-01 
-9.542419e-01 
-9.542419e-01 
-9.542419e-01 
-9.542419e-01 
-9.542419e-01 
-9.542419e-01 
-9.542419e-01 
-9.542419e-01 
-9.542419e-01 
-9.542419e-01 
-9.542419e-01 
-9.542419e-01 
-9.542419e-01 
-9.542419e-01 
-9.542419e-01 
-9.542419e-01 
-9.542419e-01 
-9.542419e-01 
-9.542419e-01 
-9.542419e-01 
-9.542419e-01 
-9.542419e-01 
-9.542419e-01 
-9.542419e-01 
-9.542419e-01 
-9.542419e-01 
-9.542419e-01 
-9.542419e-01 
-9.542419e-01 
-9.542419e-01 
-9.542419e-01 
-9.542419e-01 
-9.542419e-01 
-9.542419e-01 
-9.542419e-01 
-9.542419e-01 
-9.542419e-01 
-9.542419e-01 
-9.542419e-01 
-9.542419e-01 
-9.542419e-01 
-9.542419e-01 
-9.542419e-01 
-9.542419e-01 
-9.542419e-01 
-9.542419e-01 
-9.542419e-01 
-9.542419e-01 
-9.542419e-01 
-9.542419e-01 
-9.542419e-01 
-9.542419e-01 
-9.542419e-01 
-9.542419e-01 
-9.542419e-01 
-9.542419e-01 
-9.542419e-01 
-9.087804e-01 
-7.992750e-01 
-6.665320e-01 
-5.143513e-01 
-3.335531e-01 
-1.150701e-01 
-4.080526e-03 
6.482802e-04 
3.430717e-04 
2.042319e-04 
1.328399e-04 
9.178458e-05 
6.634079e-05 
4.968649e-05 
3.831824e-05 
3.029709e-05 
2.448692e-05 
2.019207e-05 
1.697253e-05 
1.454491e-05 
1.272826e-05 
1.141537e-05 
1.055976e-05 
1.016155e-05 
9.673591e-06 
4.506086e-06 
3.890877e-06 
3.399946e-06 
2.748287e-06 
1.892530e-06 
1.299343e-06 
1.299334e-06 
1.299334e-06 
1.299334e-06 
1.299334e-06 
1.299334e-06 
1.299334e-06 
1.299334e-06 
1.299334e-06 
1.299334e-06 
1.299334e-06 
1.299334e-06 
1.299334e-06 
1.299334e-06 
1.299334e-06 
1.299334e-06 
1.299334e-06 
1.299334e-06 
1.299334e-06 
1.299334e-06 
1.299334e-06 
1.299334e-06 
1.299334e-06 
1.299334e-06 
1.299334e-06 
1.299334e-06 
1.299334e-06 
1.299334e-06 
1.299334e-06 
1.299334e-06 
1.299334e-06 
1.299334e-06 
1.299334e-06 
1.299334e-06 
1.299334e-06 
1.299334e-06 
1.299334e-06 
1.299334e-06 
1.299334e-06 
1.299334e-06 
1.299334e-06 
1.299334e-06 
1.299334e-06 
1.299334e-06 
1.299334e-06 
1.299334e-06 
1.299334e-06 
1.299334e-06 
1.299334e-06 
1.299334e-06 
1.299334e-06 
1.299334e-06 
1.299334e-06 
1.299334e-06 
1.299334e-06 
1.299334e-06 
1.299334e-06 
1.299334e-06 
1.299334e-06 
1.299334e-06 
1.299334e-06 
1.299334e-06 
1.299334e-06 
1.300867e-06 
1.494050e-06 
1.732691e-06 
2.002015e-06 
2.307549e-06 
2.656111e-06 
3.056186e-06 
3.518451e-06 
4.056503e-06 
4.687864e-06 
5.435322e-06 
6.329000e-06 
7.409416e-06 
8.732070e-06 
1.037456e-05 
1.244795e-05 
1.511556e-05 
1.862503e-05 
2.336534e-05 
2.997227e-05 
3.952995e-05 
5.395849e-05 
7.668898e-05 
1.132720e-04 
1.692311e-04 
2.423441e-04 
3.230186e-04 
4.056231e-04 
4.881000e-04 
5.651290e-04 
6.243608e-04 
6.303187e-04 
6.303187e-04 
6.303187e-04 
6.303187e-04 
6.303187e-04 
6.303187e-04 
6.303187e-04 
6.303187e-04 
6.303187e-04 
6.303187e-04 
6.303187e-04 
6.303187e-04 
6.303187e-04 
6.303187e-04 
6.303187e-04 
6.303187e-04 
6.303187e-04 
6.303187e-04 
6.303187e-04 
6.303187e-04 
6.303187e-04 
6.303187e-04 
6.303187e-04 
6.303187e-04 
6.303187e-04 
6.303187e-04 
6.303187e-04 
6.303187e-04 
6.303187e-04 
6.303187e-04 
6.303187e-04 
6.303187e-04 
6.303187e-04 
6.303187e-04 
6.303187e-04 
6.303187e-04 
6.303187e-04 
6.303187e-04 
6.303187e-04 
6.303187e-04 
6.303187e-04 
6.303187e-04 
6.303187e-04 
6.303187e-04 
6.303187e-04 
6.303187e-04 
6.303187e-04 
6.303187e-04 
6.303187e-04 
6.303187e-04 
6.303187e-04 
6.303187e-04 
6.303187e-04 
6.303187e-04 
6.303187e-04 
6.303187e-04 
6.303187e-04 
6.303187e-04 
6.303187e-04 
6.303187e-04 
6.303187e-04 
6.303187e-04 
6.303187e-04 
6.619655e-04 
7.279647e-04 
8.038577e-04 
8.883036e-04 
9.378788e-04 
1.058831e-03 
1.204094e-03 
1.379821e-03 
1.593666e-03 
1.856680e-03 
2.184421e-03 
2.598570e-03 
3.129928e-03 
3.823263e-03 
4.745269e-03 
5.998121e-03 
7.743374e-03 
1.024596e-02 
1.395909e-02 
1.969701e-02 
2.900669e-02 
4.500591e-02 
7.426259e-02 
1.300365e-01 
2.303035e-01 
3.723367e-01 
5.263036e-01 
6.731814e-01 
8.054277e-01 
9.140387e-01 
9.543225e-01 
9.543225e-01 
9.543225e-01 
9.543225e-01 
9.543225e-01 
9.543225e-01 
9.543225e-01 
9.543225e-01 
9.543225e-01 
9.543225e-01 
9.543225e-01 
9.543225e-01 
9.543225e-01 
9.543225e-01 
9.543225e-01 
9.543225e-01 
9.543225e-01 
9.543225e-01 
9.543225e-01 
9.543225e-01 
9.543225e-01 
9.543225e-01 
9.543225e-01 
9.543225e-01 
9.543225e-01 
9.543225e-01 
9.543225e-01 
9.543225e-01 
9.543225e-01 
9.543225e-01 
9.543225e-01 
9.543225e-01 
9.543225e-01 
9.543225e-01 
9.543225e-01 
9.543225e-01 
9.543225e-01 
9.543225e-01 
9.543225e-01 
9.543225e-01 
9.543225e-01 
9.543225e-01 
9.543225e-01 
9.543225e-01 
9.543225e-01 
9.543225e-01 
9.543225e-01 
9.543225e-01 
9.543225e-01 
9.543225e-01 
9.543225e-01 
9.543225e-01 
9.543225e-01 
9.543225e-01 
9.543225e-01 
9.543225e-01 
9.543225e-01 
9.543225e-01 
9.543225e-01 
9.543225e-01 
9.543225e-01 
9.543225e-01 
9.543225e-01 
9.543223e-01 
9.543193e-01 
9.543153e-01 
9.543107e-01 
9.543055e-01 
9.542998e-01 
9.542937e-01 
9.542874e-01 
9.542812e-01 
9.542757e-01 
9.542710e-01 
9.542670e-01 
9.542637e-01 
9.542609e-01 
9.542586e-01 
9.542565e-01 
9.542548e-01 
9.542532e-01 
9.542518e-01 
9.542506e-01 
9.542495e-01 
9.542485e-01 
9.542477e-01 
9.542468e-01 
9.542461e-01 
9.542454e-01 
9.542448e-01 
9.542442e-01 
9.542437e-01 
9.542432e-01 
9.542427e-01 
9.542427e-01 
9.542427e-01 
9.542427e-01 
9.542427e-01 
9.542427e-01 
9.542427e-01 
9.542427e-01 
9.542427e-01 
9.542427e-01 
9.542427e-01 
9.542427e-01 
9.542427e-01 
9.542427e-01 
9.542427e-01 
9.542427e-01 
9.542427e-01 
9.542427e-01 
9.542427e-01 
9.542427e-01 
9.542427e-01 
9.542427e-01 
9.542427e-01 
9.542427e-01 
9.542427e-01 
9.542427e-01 
9.542427e-01 
9.542427e-01 
9.542427e-01 
9.542427e-01 
9.542427e-01 
9.542427e-01 
9.542427e-01 
9.542427e-01 
9.542427e-01 
9.542427e-01 
9.542427e-01 
9.542427e-01 
9.542427e-01 
9.542427e-01 
9.542427e-01 
9.542427e-01 
9.542427e-01 
9.542427e-01 
9.542427e-01 
9.542427e-01 
9.542427e-01 
9.542427e-01 
9.542427e-01 
9.542427e-01 
9.542427e-01 
9.542427e-01 
9.542427e-01 
9.542427e-01 
9.542427e-01 
9.542427e-01 
9.542427e-01 
9.542427e-01 
9.542427e-01 
9.542427e-01 
9.542427e-01 
9.542427e-01 
9.542427e-01 
9.542427e-01 
9.022828e-01 
7.908477e-01 
6.568562e-01 
5.034897e-01 
3.213822e-01 
1.068111e-01 
6.119763e-03 
6.556284e-04 
3.298859e-04 
1.978396e-04 
1.293035e-04 
8.965266e-05 
6.497430e-05 
4.876898e-05 
3.767936e-05 
2.983914e-05 
2.415109e-05 
1.994160e-05 
1.678384e-05 
1.440281e-05 
1.262329e-05 
1.134250e-05 
1.051784e-05 
1.015027e-05 
9.468395e-06 
4.437734e-06 
3.858933e-06 
3.361868e-06 
2.695817e-06 
1.828975e-06 
1.299321e-06 
1.299334e-06 
1.299334e-06 
1.299334e-06 
1.299334e-06 
1.299334e-06 
1.299334e-06 
1.299334e-06 
1.299334e-06 
1.299334e-06 
1.299334e-06 
1.299334e-06 
1.299334e-06 
1.299334e-06 
1.299334e-06 
1.299334e-06 
1.299334e-06 
1.299334e-06 
1.299334e-06 
1.299334e-06 
1.299334e-06 
1.299334e-06 
1.299334e-06 
1.299334e-06 
1.299334e-06 
1.299334e-06 
1.299334e-06 
1.299334e-06 
1.299334e-06 
1.299334e-06 
1.299334e-06 
1.299334e-06 
1.299334e-06 
1.299334e-06 
1.299334e-06 
1.299334e-06 
1.299334e-06 
1.299334e-06 
1.299334e-06 
1.299334e-06 
1.299334e-06 
1.299334e-06 
1.299334e-06 
1.299334e-06 
1.299334e-06 
1.299334e-06 
1.299334e-06 
1.299334e-06 
1.299334e-06 
1.299334e-06 
1.299334e-06 
1.299334e-06 
1.299334e-06 
1.299334e-06 
1.299334e-06 
1.299334e-06 
1.299334e-06 
1.299334e-06 
1.299334e-06 
1.299334e-06 
1.299334e-06 
1.299334e-06 
1.299334e-06 
1.305695e-06 
1.509488e-06 
1.750072e-06 
2.021683e-06 
2.329926e-06 
2.681718e-06 
3.085677e-06 
3.552652e-06 
4.096475e-06 
4.734979e-06 
5.491376e-06 
6.396392e-06 
7.491400e-06 
8.833146e-06 
1.050109e-05 
1.260917e-05 
1.532524e-05 
1.890441e-05 
2.374842e-05 
3.051578e-05 
4.033262e-05 
5.519742e-05 
7.867469e-05 
1.164430e-04 
1.737787e-04 
2.477217e-04 
3.286327e-04 
4.112945e-04 
4.936412e-04 
5.699208e-04 
6.269929e-04 
6.303187e-04 
6.303187e-04 
6.303187e-04 
6.303187e-04 
6.303187e-04 
6.303187e-04 
6.303187e-04 
6.303187e-04 
6.303187e-04 
6.303187e-04 
6.303187e-04 
6.303187e-04 
6.303187e-04 
6.303187e-04 
6.303187e-04 
6.303187e-04 
6.303187e-04 
6.303187e-04 
6.303187e-04 
6.303187e-04 
6.303187e-04 
6.303187e-04 
6.303187e-04 
6.303187e-04 
6.303187e-04 
6.303187e-04 
6.303187e-04 
6.303187e-04 
6.303187e-04 
6.303187e-04 
6.303187e-04 
6.303187e-04 
6.303187e-04 
6.303187e-04 
6.303187e-04 
6.303187e-04 
6.303187e-04 
6.303187e-04 
6.303187e-04 
6.303187e-04 
6.303187e-04 
6.303187e-04 
6.303187e-04 
6.303187e-04 
6.303187e-04 
6.303187e-04 
6.303187e-04 
6.303187e-04 
6.303187e-04 
6.303187e-04 
6.303187e-04 
6.303187e-04 
6.303187e-04 
6.303187e-04 
6.303187e-04 
6.303187e-04 
6.303187e-04 
6.303187e-04 
6.303187e-04 
6.303187e-04 
6.303187e-04 
6.303187e-04 
6.303187e-04 
6.661894e-04 
7.328252e-04 
8.094296e-04 
8.935212e-04 
9.454642e-04 
1.067928e-03 
1.215062e-03 
1.393126e-03 
1.609934e-03 
1.876821e-03 
2.209696e-03 
2.630751e-03 
3.171563e-03 
3.878097e-03 
4.818960e-03 
6.099465e-03 
7.886522e-03 
1.045458e-02 
1.427460e-02 
2.019578e-02 
2.983799e-02 
4.647863e-02 
7.703069e-02 
1.353033e-01 
2.389582e-01 
3.828133e-01 
5.366835e-01 
6.827636e-01 
8.137454e-01 
9.202459e-01 
9.543225e-01 
9.543225e-01 
9.543225e-01 
9.543225e-01 
9.543225e-01 
9.543225e-01 
9.543225e-01 
9.543225e-01 
9.543225e-01 
9.543225e-01 
9.543225e-01 
9.543225e-01 
9.543225e-01 
9.543225e-01 
9.543225e-01 
9.543225e-01 
9.543225e-01 
9.543225e-01 
9.543225e-01 
9.543225e-01 
9.543225e-01 
9.543225e-01 
9.543225e-01 
9.543225e-01 
9.543225e-01 
9.543225e-01 
9.543225e-01 
9.543225e-01 
9.543225e-01 
9.543225e-01 
9.543225e-01 
9.543225e-01 
9.543225e-01 
9.543225e-01 
9.543225e-01 
9.543225e-01 
9.543225e-01 
9.543225e-01 
9.543225e-01 
9.543225e-01 
9.543225e-01 
9.543225e-01 
9.543225e-01 
9.543225e-01 
9.543225e-01 
9.543225e-01 
9.543225e-01 
9.543225e-01 
9.543225e-01 
9.543225e-01 
9.543225e-01 
9.543225e-01 
9.543225e-01 
9.543225e-01 
9.543225e-01 
9.543225e-01 
9.543225e-01 
9.543225e-01 
9.543225e-01 
9.543225e-01 
9.543225e-01 
9.543225e-01 
9.543225e-01 
9.543222e-01 
9.543191e-01 
9.543150e-01 
9.543104e-01 
9.543051e-01 
9.542994e-01 
9.542932e-01 
9.542869e-01 
9.542808e-01 
9.542754e-01 
9.542707e-01 
9.542668e-01 
9.542635e-01 
9.542608e-01 
9.542584e-01 
9.542564e-01 
9.542546e-01 
9.542531e-01 
9.542517e-01 
9.542505e-01 
9.542495e-01 
9.542485e-01 
9.542476e-01 
9.542468e-01 
9.542461e-01 
9.542454e-01 
9.542448e-01 
9.542442e-01 
9.542437e-01 
9.542432e-01 
9.542427e-01 
9.542427e-01 
9.542427e-01 
9.542427e-01 
9.542427e-01 
9.542427e-01 
9.542427e-01 
9.542427e-01 
9.542427e-01 
9.542427e-01 
9.542427e-01 
9.542427e-01 
9.542427e-01 
9.542427e-01 
9.542427e-01 
9.542427e-01 
9.542427e-01 
9.542427e-01 
9.542427e-01 
9.542427e-01 
9.542427e-01 
9.542427e-01 
9.542427e-01 
9.542427e-01 
9.542427e-01 
9.542427e-01 
9.542427e-01 
9.542427e-01 
9.542427e-01 
9.542427e-01 
9.542427e-01 
9.542427e-01 
9.542427e-01 
9.542427e-01 
9.542427e-01 
9.542427e-01 
9.542427e-01 
9.542427e-01 
9.542427e-01 
9.542427e-01 
9.542427e-01 
9.542427e-01 
9.542427e-01 
9.542427e-01 
9.542427e-01 
9.542427e-01 
9.542427e-01 
9.542427e-01 
9.542427e-01 
9.542427e-01 
9.542427e-01 
9.542427e-01 
9.542427e-01 
9.542427e-01 
9.542427e-01 
9.542427e-01 
9.542427e-01 
9.542427e-01 
9.542427e-01 
9.542427e-01 
9.542427e-01 
9.542427e-01 
9.542427e-01 
9.542427e-01 
8.956156e-01 
7.823054e-01 
6.470192e-01 
4.921414e-01 
3.074146e-01 
9.374658e-02 
4.819602e-03 
6.165800e-04 
3.173865e-04 
1.917224e-04 
1.258955e-04 
8.758819e-05 
6.364630e-05 
4.787484e-05 
3.705537e-05 
2.939108e-05 
2.382206e-05 
1.969597e-05 
1.659875e-05 
1.426359e-05 
1.252116e-05 
1.127475e-05 
1.049987e-05 
1.040060e-05 
1.389464e-05 
1.663468e-05 
1.783096e-05 
1.857391e-05 
1.898704e-05 
1.910119e-05 
1.914756e-05 
1.914752e-05 
1.914752e-05 
1.914752e-05 
1.914752e-05 
1.914752e-05 
1.914752e-05 
1.914752e-05 
1.914752e-05 
1.914752e-05 
1.914752e-05 
1.914752e-05 
1.914752e-05 
1.914752e-05 
1.914752e-05 
1.914752e-05 
1.914752e-05 
1.914752e-05 
1.914752e-05 
1.914752e-05 
1.914752e-05 
1.914752e-05 
1.914752e-05 
1.914752e-05 
1.914752e-05 
1.914752e-05 
1.914752e-05 
1.914752e-05 
1.914752e-05 
1.914752e-05 
1.914752e-05 
1.914752e-05 
1.914752e-05 
1.914752e-05 
1.914752e-05 
1.914752e-05 
1.914752e-05 
1.914752e-05 
1.914752e-05 
1.914752e-05 
1.914752e-05 
1.914752e-05 
1.914752e-05 
1.914752e-05 
1.914752e-05 
1.914752e-05 
1.914752e-05 
1.914752e-05 
1.914752e-05 
1.914752e-05 
1.914752e-05 
1.914752e-05 
1.914752e-05 
1.914752e-05 
1.914752e-05 
1.914752e-05 
1.914752e-05 
1.914752e-05 
1.914752e-05 
1.914752e-05 
1.914752e-05 
1.914752e-05 
1.914752e-05 
1.916608e-05 
1.938632e-05 
1.962743e-05 
1.988785e-05 
2.016940e-05 
2.047402e-05 
2.080372e-05 
2.116048e-05 
2.154617e-05 
2.196231e-05 
2.240950e-05 
2.288687e-05 
2.339079e-05 
2.391293e-05 
2.443666e-05 
2.493092e-05 
2.533910e-05 
2.555860e-05 
2.540210e-05 
2.452216e-05 
2.226057e-05 
1.734568e-05 
7.317051e-06 
-1.230097e-05 
-4.786977e-05 
-1.032318e-04 
-1.746254e-04 
-2.570568e-04 
-3.510664e-04 
-4.582197e-04 
-5.622107e-04 
-5.658587e-04 
-5.658587e-04 
-5.658587e-04 
-5.658587e-04 
-5.658587e-04 
-5.658587e-04 
-5.658587e-04 
-5.658587e-04 
-5.658587e-04 
-5.658587e-04 
-5.658587e-04 
-5.658587e-04 
-5.658587e-04 
-5.658587e-04 
-5.658587e-04 
-5.658587e-04 
-5.658587e-04 
-5.658587e-04 
-5.658587e-04 
-5.658587e-04 
-5.658587e-04 
-5.658587e-04 
-5.658587e-04 
-5.658587e-04 
-5.658587e-04 
-5.658587e-04 
-5.658587e-04 
-5.658587e-04 
-5.658587e-04 
-5.658587e-04 
-5.658587e-04 
-5.658587e-04 
-5.658587e-04 
-5.658587e-04 
-5.658587e-04 
-5.658587e-04 
-5.658587e-04 
-5.658587e-04 
-5.658587e-04 
-5.658587e-04 
-5.658587e-04 
-5.658587e-04 
-5.658587e-04 
-5.658587e-04 
-5.658587e-04 
-5.658587e-04 
-5.658587e-04 
-5.658587e-04 
-5.658587e-04 
-5.658587e-04 
-5.658587e-04 
-5.658587e-04 
-5.658587e-04 
-5.658587e-04 
-5.658587e-04 
-5.658587e-04 
-5.658587e-04 
-5.658587e-04 
-5.658587e-04 
-5.658587e-04 
-5.658587e-04 
-5.658587e-04 
-5.658587e-04 
-6.023927e-04 
-6.643734e-04 
-7.367884e-04 
-8.219487e-04 
-9.228193e-04 
-1.043173e-03 
-1.187830e-03 
-1.363002e-03 
-1.576638e-03 
-1.839973e-03 
-2.168943e-03 
-2.585799e-03 
-3.122257e-03 
-3.824608e-03 
-4.762142e-03 
-6.041568e-03 
-7.832623e-03 
-1.041558e-02 
-1.427378e-02 
-2.028378e-02 
-3.012898e-02 
-4.724123e-02 
-7.890594e-02 
-1.396169e-01 
-2.469025e-01 
-3.929273e-01 
-5.469026e-01 
-6.922477e-01 
-8.219465e-01 
-9.262648e-01 
-9.543222e-01 
-9.543222e-01 
-9.543222e-01 
-9.543222e-01 
-9.543222e-01 
-9.543222e-01 
-9.543222e-01 
-9.543222e-01 
-9.543222e-01 
-9.543222e-01 
-9.543222e-01 
-9.543222e-01 
-9.543222e-01 
-9.543222e-01 
-9.543222e-01 
-9.543222e-01 
-9.543222e-01 
-9.543222e-01 
-9.543222e-01 
-9.543222e-01 
-9.543222e-01 
-9.543222e-01 
-9.543222e-01 
-9.543222e-01 
-9.543222e-01 
-9.543222e-01 
-9.543222e-01 
-9.543222e-01 
-9.543222e-01 
-9.543222e-01 
-9.543222e-01 
-9.543222e-01 
-9.543222e-01 
-9.543222e-01 
-9.543222e-01 
-9.543222e-01 
-9.543222e-01 
-9.543222e-01 
-9.543222e-01 
-9.543222e-01 
-9.543222e-01 
-9.543222e-01 
-9.543222e-01 
-9.543222e-01 
-9.543222e-01 
-9.543222e-01 
-9.543222e-01 
-9.543222e-01 
-9.543222e-01 
-9.543222e-01 
-9.543222e-01 
-9.543222e-01 
-9.543222e-01 
-9.543222e-01 
-9.543222e-01 
-9.543222e-01 
-9.543222e-01 
-9.543222e-01 
-9.543222e-01 
-9.543222e-01 
-9.543222e-01 
-9.543222e-01 
-9.543222e-01 
-9.543217e-01 
-9.543179e-01 
-9.543131e-01 
-9.543073e-01 
-9.543002e-01 
-9.542905e-01 
-9.542784e-01 
-9.542715e-01 
-9.542677e-01 
-9.542646e-01 
-9.542619e-01 
-9.542596e-01 
-9.542575e-01 
-9.542558e-01 
-9.542542e-01 
-9.542528e-01 
-9.542515e-01 
-9.542504e-01 
-9.542493e-01 
-9.542484e-01 
-9.542475e-01 
-9.542468e-01 
-9.542460e-01 
-9.542454e-01 
-9.542448e-01 
-9.542442e-01 
-9.542437e-01 
-9.542432e-01 
-9.542427e-01 
-9.542423e-01 
-9.542419e-01 
-9.542419e-01 
-9.542419e-01 
-9.542419e-01 
-9.542419e-01 
-9.542419e-01 
-9.542419e-01 
-9.542419e-01 
-9.542419e-01 
-9.542419e-01 
-9.542419e-01 
-9.542419e-01 
-9.542419e-01 
-9.542419e-01 
-9.542419e-01 
-9.542419e-01 
-9.542419e-01 
-9.542419e-01 
-9.542419e-01 
-9.542419e-01 
-9.542419e-01 
-9.542419e-01 
-9.542419e-01 
-9.542419e-01 
-9.542419e-01 
-9.542419e-01 
-9.542419e-01 
-9.542419e-01 
-9.542419e-01 
-9.542419e-01 
-9.542419e-01 
-9.542419e-01 
-9.542419e-01 
-9.542419e-01 
-9.542419e-01 
-9.542419e-01 
-9.542419e-01 
-9.542419e-01 
-9.542419e-01 
-9.542419e-01 
-9.542419e-01 
-9.542419e-01 
-9.542419e-01 
-9.542419e-01 
-9.542419e-01 
-9.542419e-01 
-9.542419e-01 
-9.542419e-01 
-9.542419e-01 
-9.542419e-01 
-9.542419e-01 
-9.542419e-01 
-9.542419e-01 
-9.542419e-01 
-9.542419e-01 
-9.542419e-01 
-9.542419e-01 
-9.542419e-01 
-9.542419e-01 
-9.542419e-01 
-9.542419e-01 
-9.542419e-01 
-9.542419e-01 
-9.542419e-01 
-8.887836e-01 
-7.736448e-01 
-6.369906e-01 
-4.801723e-01 
-2.911016e-01 
-7.546677e-02 
-8.775741e-04 
5.689073e-04 
3.055472e-04 
1.858650e-04 
1.226099e-04 
8.558851e-05 
6.235546e-05 
4.700335e-05 
3.644588e-05 
2.895269e-05 
2.349971e-05 
1.945511e-05 
1.641719e-05 
1.412704e-05 
1.242086e-05 
1.120651e-05 
1.046590e-05 
1.044911e-05 
1.427142e-05 
1.673466e-05 
1.789453e-05 
1.861160e-05 
1.900493e-05 
1.909530e-05 
1.914754e-05 
1.914752e-05 
1.914752e-05 
1.914752e-05 
1.914752e-05 
1.914752e-05 
1.914752e-05 
1.914752e-05 
1.914752e-05 
1.914752e-05 
1.914752e-05 
1.914752e-05 
1.914752e-05 
1.914752e-05 
1.914752e-05 
1.914752e-05 
1.914752e-05 
1.914752e-05 
1.914752e-05 
1.914752e-05 
1.914752e-05 
1.914752e-05 
1.914752e-05 
1.914752e-05 
1.914752e-05 
1.914752e-05 
1.914752e-05 
1.914752e-05 
1.914752e-05 
1.914752e-05 
1.914752e-05 
1.914752e-05 
1.914752e-05 
1.914752e-05 
1.914752e-05 
1.914752e-05 
1.914752e-05 
1.914752e-05 
1.914752e-05 
1.914752e-05 
1.914752e-05 
1.914752e-05 
1.914752e-05 
1.914752e-05 
1.914752e-05 
1.914752e-05 
1.914752e-05 
1.914752e-05 
1.914752e-05 
1.914752e-05 
1.914752e-05 
1.914752e-05 
1.914752e-05 
1.914752e-05 
1.914752e-05 
1.914752e-05 
1.914752e-05 
1.914752e-05 
1.914752e-05 
1.914752e-05 
1.914752e-05 
1.914752e-05 
1.914752e-05 
1.917878e-05 
1.940223e-05 
1.964460e-05 
1.990641e-05 
2.018947e-05 
2.049575e-05 
2.082723e-05 
2.118591e-05 
2.157365e-05 
2.199189e-05 
2.244121e-05 
2.292054e-05 
2.342605e-05 
2.394894e-05 
2.447186e-05 
2.496242e-05 
2.536167e-05 
2.556271e-05 
2.537027e-05 
2.442166e-05 
2.202871e-05 
1.686064e-05 
6.346243e-06 
-1.415056e-05 
-5.102439e-05 
-1.076798e-04 
-1.799356e-04 
-2.630824e-04 
-3.579908e-04 
-4.658768e-04 
-5.642949e-04 
-5.658587e-04 
-5.658587e-04 
-5.658587e-04 
-5.658587e-04 
-5.658587e-04 
-5.658587e-04 
-5.658587e-04 
-5.658587e-04 
-5.658587e-04 
-5.658587e-04 
-5.658587e-04 
-5.658587e-04 
-5.658587e-04 
-5.658587e-04 
-5.658587e-04 
-5.658587e-04 
-5.658587e-04 
-5.658587e-04 
-5.658587e-04 
-5.658587e-04 
-5.658587e-04 
-5.658587e-04 
-5.658587e-04 
-5.658587e-04 
-5.658587e-04 
-5.658587e-04 
-5.658587e-04 
-5.658587e-04 
-5.658587e-04 
-5.658587e-04 
-5.658587e-04 
-5.658587e-04 
-5.658587e-04 
-5.658587e-04 
-5.658587e-04 
-5.658587e-04 
-5.658587e-04 
-5.658587e-04 
-5.658587e-04 
-5.658587e-04 
-5.658587e-04 
-5.658587e-04 
-5.658587e-04 
-5.658587e-04 
-5.658587e-04 
-5.658587e-04 
-5.658587e-04 
-5.658587e-04 
-5.658587e-04 
-5.658587e-04 
-5.658587e-04 
-5.658587e-04 
-5.658587e-04 
-5.658587e-04 
-5.658587e-04 
-5.658587e-04 
-5.658587e-04 
-5.658587e-04 
-5.658587e-04 
-5.658587e-04 
-5.658587e-04 
-5.658587e-04 
-5.658587e-04 
-6.063374e-04 
-6.689695e-04 
-7.421756e-04 
-8.283074e-04 
-9.303799e-04 
-1.052228e-03 
-1.198756e-03 
-1.376280e-03 
-1.592908e-03 
-1.860164e-03 
-2.194348e-03 
-2.618240e-03 
-3.164362e-03 
-3.880259e-03 
-4.837231e-03 
-6.145308e-03 
-7.979929e-03 
-1.063159e-02 
-1.460285e-02 
-2.080853e-02 
-3.101276e-02 
-4.882571e-02 
-8.191625e-02 
-1.453331e-01 
-2.559872e-01 
-4.034982e-01 
-5.572099e-01 
-7.016920e-01 
-8.300379e-01 
-9.320907e-01 
-9.543222e-01 
-9.543222e-01 
-9.543222e-01 
-9.543222e-01 
-9.543222e-01 
-9.543222e-01 
-9.543222e-01 
-9.543222e-01 
-9.543222e-01 
-9.543222e-01 
-9.543222e-01 
-9.543222e-01 
-9.543222e-01 
-9.543222e-01 
-9.543222e-01 
-9.543222e-01 
-9.543222e-01 
-9.543222e-01 
-9.543222e-01 
-9.543222e-01 
-9.543222e-01 
-9.543222e-01 
-9.543222e-01 
-9.543222e-01 
-9.543222e-01 
-9.543222e-01 
-9.543222e-01 
-9.543222e-01 
-9.543222e-01 
-9.543222e-01 
-9.543222e-01 
-9.543222e-01 
-9.543222e-01 
-9.543222e-01 
-9.543222e-01 
-9.543222e-01 
-9.543222e-01 
-9.543222e-01 
-9.543222e-01 
-9.543222e-01 
-9.543222e-01 
-9.543222e-01 
-9.543222e-01 
-9.543222e-01 
-9.543222e-01 
-9.543222e-01 
-9.543222e-01 
-9.543222e-01 
-9.543222e-01 
-9.543222e-01 
-9.543222e-01 
-9.543222e-01 
-9.543222e-01 
-9.543222e-01 
-9.543222e-01 
-9.543222e-01 
-9.543222e-01 
-9.543222e-01 
-9.543222e-01 
-9.543222e-01 
-9.543222e-01 
-9.543222e-01 
-9.543222e-01 
-9.543214e-01 
-9.543176e-01 
-9.543127e-01 
-9.543069e-01 
-9.542996e-01 
-9.542897e-01 
-9.542777e-01 
-9.542712e-01 
-9.542674e-01 
-9.542644e-01 
-9.542617e-01 
-9.542594e-01 
-9.542574e-01 
-9.542556e-01 
-9.542541e-01 
-9.542527e-01 
-9.542514e-01 
-9.542503e-01 
-9.542493e-01 
-9.542483e-01 
-9.542475e-01 
-9.542467e-01 
-9.542460e-01 
-9.542453e-01 
-9.542447e-01 
-9.542442e-01 
-9.542436e-01 
-9.542431e-01 
-9.542427e-01 
-9.542423e-01 
-9.542419e-01 
-9.542419e-01 
-9.542419e-01 
-9.542419e-01 
-9.542419e-01 
-9.542419e-01 
-9.542419e-01 
-9.542419e-01 
-9.542419e-01 
-9.542419e-01 
-9.542419e-01 
-9.542419e-01 
-9.542419e-01 
-9.542419e-01 
-9.542419e-01 
-9.542419e-01 
-9.542419e-01 
-9.542419e-01 
-9.542419e-01 
-9.542419e-01 
-9.542419e-01 
-9.542419e-01 
-9.542419e-01 
-9.542419e-01 
-9.542419e-01 
-9.542419e-01 
-9.542419e-01 
-9.542419e-01 
-9.542419e-01 
-9.542419e-01 
-9.542419e-01 
-9.542419e-01 
-9.542419e-01 
-9.542419e-01 
-9.542419e-01 
-9.542419e-01 
-9.542419e-01 
-9.542419e-01 
-9.542419e-01 
-9.542419e-01 
-9.542419e-01 
-9.542419e-01 
-9.542419e-01 
-9.542419e-01 
-9.542419e-01 
-9.542419e-01 
-9.542419e-01 
-9.542419e-01 
-9.542419e-01 
-9.542419e-01 
-9.542419e-01 
-9.542419e-01 
-9.542419e-01 
-9.542419e-01 
-9.542419e-01 
-9.542419e-01 
-9.542419e-01 
-9.542419e-01 
-9.542419e-01 
-9.542419e-01 
-9.542419e-01 
-9.542419e-01 
-9.542419e-01 
-9.542419e-01 
-8.817988e-01 
-7.649058e-01 
-6.269682e-01 
-4.685043e-01 
-2.765178e-01 
-6.409531e-02 
-3.688360e-04 
5.234108e-04 
2.824097e-04 
1.720953e-04 
1.133681e-04 
7.884004e-05 
5.709481e-05 
4.267462e-05 
3.271247e-05 
2.559262e-05 
2.035221e-05 
1.638974e-05 
1.331279e-05 
1.085308e-05 
8.815913e-06 
7.048691e-06 
5.434913e-06 
4.142928e-06 
6.327611e-06 
6.451313e-06 
5.763962e-06 
5.265095e-06 
5.100383e-06 
5.236798e-06 
5.361151e-06 
5.361149e-06 
5.361149e-06 
5.361149e-06 
5.361149e-06 
5.361149e-06 
5.361149e-06 
5.361149e-06 
5.361149e-06 
5.361149e-06 
5.361149e-06 
5.361149e-06 
5.361149e-06 
5.361149e-06 
5.361149e-06 
5.361149e-06 
5.361149e-06 
5.361149e-06 
5.361149e-06 
5.361149e-06 
5.361149e-06 
5.361149e-06 
5.361149e-06 
5.361149e-06 
5.361149e-06 
5.361149e-06 
5.361149e-06 
5.361149e-06 
5.361149e-06 
5.361149e-06 
5.361149e-06 
5.361149e-06 
5.361149e-06 
5.361149e-06 
5.361149e-06 
5.361149e-06 
5.361149e-06 
5.361149e-06 
5.361149e-06 
5.361149e-06 
5.361149e-06 
5.361149e-06 
5.361149e-06 
5.361149e-06 
5.361149e-06 
5.361149e-06 
5.361149e-06 
5.361149e-06 
5.361149e-06 
5.361149e-06 
5.361149e-06 
5.361149e-06 
5.361149e-06 
5.361149e-06 
5.361149e-06 
5.361149e-06 
5.361149e-06 
5.361149e-06 
5.361149e-06 
5.361149e-06 
5.361149e-06 
5.361149e-06 
5.361149e-06 
5.397595e-06 
5.607663e-06 
5.845861e-06 
6.116098e-06 
6.424303e-06 
6.777838e-06 
7.185922e-06 
7.660222e-06 
8.215553e-06 
8.871164e-06 
9.652327e-06 
1.059268e-05 
1.173771e-05 
1.315015e-05 
1.491831e-05 
1.716954e-05 
2.009265e-05 
2.397638e-05 
2.927828e-05 
3.675224e-05 
4.769033e-05 
6.437038e-05 
9.073147e-05 
1.324542e-04 
1.931573e-04 
2.677935e-04 
3.479295e-04 
4.301110e-04 
5.123222e-04 
5.872421e-04 
6.346275e-04 
6.348977e-04 
6.348977e-04 
6.348977e-04 
6.348977e-04 
6.348977e-04 
6.348977e-04 
6.348977e-04 
6.348977e-04 
6.348977e-04 
6.348977e-04 
6.348977e-04 
6.348977e-04 
6.348977e-04 
6.348977e-04 
6.348977e-04 
6.348977e-04 
6.348977e-04 
6.348977e-04 
6.348977e-04 
6.348977e-04 
6.348977e-04 
6.348977e-04 
6.348977e-04 
6.348977e-04 
6.348977e-04 
6.348977e-04 
6.348977e-04 
6.348977e-04 
6.348977e-04 
6.348977e-04 
6.348977e-04 
6.348977e-04 
6.348977e-04 
6.348977e-04 
6.348977e-04 
6.348977e-04 
6.348977e-04 
6.348977e-04 
6.348977e-04 
6.348977e-04 
6.348977e-04 
6.348977e-04 
6.348977e-04 
6.348977e-04 
6.348977e-04 
6.348977e-04 
6.348977e-04 
6.348977e-04 
6.348977e-04 
6.348977e-04 
6.348977e-04 
6.348977e-04 
6.348977e-04 
6.348977e-04 
6.348977e-04 
6.348977e-04 
6.348977e-04 
6.348977e-04 
6.348977e-04 
6.348977e-04 
6.348977e-04 
6.348977e-04 
6.348977e-04 
6.831663e-04 
7.506887e-04 
8.267981e-04 
8.720168e-04 
9.756296e-04 
1.096849e-03 
1.249154e-03 
1.434172e-03 
1.660151e-03 
1.939105e-03 
2.288006e-03 
2.730671e-03 
3.301137e-03 
4.049200e-03 
5.049591e-03 
6.417739e-03 
8.337893e-03 
1.111552e-02 
1.527985e-02 
2.179576e-02 
3.252625e-02 
5.128302e-02 
8.611731e-02 
1.524529e-01 
2.660977e-01 
4.144334e-01 
5.675716e-01 
7.110857e-01 
8.380136e-01 
9.377172e-01 
9.543225e-01 
9.543225e-01 
9.543225e-01 
9.543225e-01 
9.543225e-01 
9.543225e-01 
9.543225e-01 
9.543225e-01 
9.543225e-01 
9.543225e-01 
9.543225e-01 
9.543225e-01 
9.543225e-01 
9.543225e-01 
9.543225e-01 
9.543225e-01 
9.543225e-01 
9.543225e-01 
9.543225e-01 
9.543225e-01 
9.543225e-01 
9.543225e-01 
9.543225e-01 
9.543225e-01 
9.543225e-01 
9.543225e-01 
9.543225e-01 
9.543225e-01 
9.543225e-01 
9.543225e-01 
9.543225e-01 
9.543225e-01 
9.543225e-01 
9.543225e-01 
9.543225e-01 
9.543225e-01 
9.543225e-01 
9.543225e-01 
9.543225e-01 
9.543225e-01 
9.543225e-01 
9.543225e-01 
9.543225e-01 
9.543225e-01 
9.543225e-01 
9.543225e-01 
9.543225e-01 
9.543225e-01 
9.543225e-01 
9.543225e-01 
9.543225e-01 
9.543225e-01 
9.543225e-01 
9.543225e-01 
9.543225e-01 
9.543225e-01 
9.543225e-01 
9.543225e-01 
9.543225e-01 
9.543225e-01 
9.543225e-01 
9.543225e-01 
9.543225e-01 
9.543216e-01 
9.543183e-01 
9.543141e-01 
9.543093e-01 
9.543040e-01 
9.542981e-01 
9.542919e-01 
9.542856e-01 
9.542797e-01 
9.542744e-01 
9.542698e-01 
9.542661e-01 
9.542629e-01 
9.542602e-01 
9.542580e-01 
9.542560e-01 
9.542543e-01 
9.542528e-01 
9.542515e-01 
9.542503e-01 
9.542492e-01 
9.542483e-01 
9.542474e-01 
9.542466e-01 
9.542459e-01 
9.542453e-01 
9.542446e-01 
9.542441e-01 
9.542436e-01 
9.542431e-01 
9.542427e-01 
9.542427e-01 
9.542427e-01 
9.542427e-01 
9.542427e-01 
9.542427e-01 
9.542427e-01 
9.542427e-01 
9.542427e-01 
9.542427e-01 
9.542427e-01 
9.542427e-01 
9.542427e-01 
9.542427e-01 
9.542427e-01 
9.542427e-01 
9.542427e-01 
9.542427e-01 
9.542427e-01 
9.542427e-01 
9.542427e-01 
9.542427e-01 
9.542427e-01 
9.542427e-01 
9.542427e-01 
9.542427e-01 
9.542427e-01 
9.542427e-01 
9.542427e-01 
9.542427e-01 
9.542427e-01 
9.542427e-01 
9.542427e-01 
9.542427e-01 
9.542427e-01 
9.542427e-01 
9.542427e-01 
9.542427e-01 
9.542427e-01 
9.542427e-01 
9.542427e-01 
9.542427e-01 
9.542427e-01 
9.542427e-01 
9.542427e-01 
9.542427e-01 
9.542427e-01 
9.542427e-01 
9.542427e-01 
9.542427e-01 
9.542427e-01 
9.542427e-01 
9.542427e-01 
9.542427e-01 
9.542427e-01 
9.542427e-01 
9.542427e-01 
9.542427e-01 
9.542427e-01 
9.542427e-01 
9.542427e-01 
9.542427e-01 
9.542427e-01 
9.542427e-01 
8.746679e-01 
7.560977e-01 
6.169824e-01 
4.572670e-01 
2.642292e-01 
5.959693e-02 
2.456182e-03 
5.240064e-04 
2.836984e-04 
1.748738e-04 
1.163842e-04 
8.177339e-05 
5.988008e-05 
4.532548e-05 
3.526872e-05 
2.810385e-05 
2.287437e-05 
1.898726e-05 
1.606436e-05 
1.386185e-05 
1.222628e-05 
1.107209e-05 
1.037182e-05 
1.011727e-05 
7.718384e-06 
4.235300e-06 
3.731505e-06 
3.200712e-06 
2.475985e-06 
1.573711e-06 
1.299333e-06 
1.299334e-06 
1.299334e-06 
1.299334e-06 
1.299334e-06 
1.299334e-06 
1.299334e-06 
1.299334e-06 
1.299334e-06 
1.299334e-06 
1.299334e-06 
1.299334e-06 
1.299334e-06 
1.299334e-06 
1.299334e-06 
1.299334e-06 
1.299334e-06 
1.299334e-06 
1.299334e-06 
1.299334e-06 
1.299334e-06 
1.299334e-06 
1.299334e-06 
1.299334e-06 
1.299334e-06 
1.299334e-06 
1.299334e-06 
1.299334e-06 
1.299334e-06 
1.299334e-06 
1.299334e-06 
1.299334e-06 
1.299334e-06 
1.299334e-06 
1.299334e-06 
1.299334e-06 
1.299334e-06 
1.299334e-06 
1.299334e-06 
1.299334e-06 
1.299334e-06 
1.299334e-06 
1.299334e-06 
1.299334e-06 
1.299334e-06 
1.299334e-06 
1.299334e-06 
1.299334e-06 
1.299334e-06 
1.299334e-06 
1.299334e-06 
1.299334e-06 
1.299334e-06 
1.299334e-06 
1.299334e-06 
1.299334e-06 
1.299334e-06 
1.299334e-06 
1.299334e-06 
1.299334e-06 
1.299334e-06 
1.299334e-06 
1.299334e-06 
1.351851e-06 
1.572485e-06 
1.821061e-06 
2.102084e-06 
2.421487e-06 
2.786608e-06 
3.206614e-06 
3.693085e-06 
4.260835e-06 
4.929006e-06 
5.722617e-06 
6.674940e-06 
7.830998e-06 
9.252874e-06 
1.102804e-05 
1.328282e-05 
1.620479e-05 
2.008175e-05 
2.537166e-05 
3.283392e-05 
4.378191e-05 
6.056166e-05 
8.730446e-05 
1.300880e-04 
1.927490e-04 
2.695016e-04 
3.511524e-04 
4.339726e-04 
5.155240e-04 
5.881620e-04 
6.302257e-04 
6.303187e-04 
6.303187e-04 
6.303187e-04 
6.303187e-04 
6.303187e-04 
6.303187e-04 
6.303187e-04 
6.303187e-04 
6.303187e-04 
6.303187e-04 
6.303187e-04 
6.303187e-04 
6.303187e-04 
6.303187e-04 
6.303187e-04 
6.303187e-04 
6.303187e-04 
6.303187e-04 
6.303187e-04 
6.303187e-04 
6.303187e-04 
6.303187e-04 
6.303187e-04 
6.303187e-04 
6.303187e-04 
6.303187e-04 
6.303187e-04 
6.303187e-04 
6.303187e-04 
6.303187e-04 
6.303187e-04 
6.303187e-04 
6.303187e-04 
6.303187e-04 
6.303187e-04 
6.303187e-04 
6.303187e-04 
6.303187e-04 
6.303187e-04 
6.303187e-04 
6.303187e-04 
6.303187e-04 
6.303187e-04 
6.303187e-04 
6.303187e-04 
6.303187e-04 
6.303187e-04 
6.303187e-04 
6.303187e-04 
6.303187e-04 
6.303187e-04 
6.303187e-04 
6.303187e-04 
6.303187e-04 
6.303187e-04 
6.303187e-04 
6.303187e-04 
6.303187e-04 
6.303187e-04 
6.303187e-04 
6.303187e-04 
6.303187e-04 
6.303187e-04 
6.834953e-04 
7.527404e-04 
8.321839e-04 
8.965863e-04 
9.768012e-04 
1.105480e-03 
1.260401e-03 
1.448173e-03 
1.677375e-03 
1.960506e-03 
2.314967e-03 
2.765144e-03 
3.345946e-03 
4.108526e-03 
5.129797e-03 
6.528808e-03 
8.496045e-03 
1.134820e-02 
1.563577e-02 
2.236609e-02 
3.349218e-02 
5.302407e-02 
8.942762e-02 
1.586341e-01 
2.755006e-01 
4.250096e-01 
5.777758e-01 
7.203779e-01 
8.458603e-01 
9.431370e-01 
9.543225e-01 
9.543225e-01 
9.543225e-01 
9.543225e-01 
9.543225e-01 
9.543225e-01 
9.543225e-01 
9.543225e-01 
9.543225e-01 
9.543225e-01 
9.543225e-01 
9.543225e-01 
9.543225e-01 
9.543225e-01 
9.543225e-01 
9.543225e-01 
9.543225e-01 
9.543225e-01 
9.543225e-01 
9.543225e-01 
9.543225e-01 
9.543225e-01 
9.543225e-01 
9.543225e-01 
9.543225e-01 
9.543225e-01 
9.543225e-01 
9.543225e-01 
9.543225e-01 
9.543225e-01 
9.543225e-01 
9.543225e-01 
9.543225e-01 
9.543225e-01 
9.543225e-01 
9.543225e-01 
9.543225e-01 
9.543225e-01 
9.543225e-01 
9.543225e-01 
9.543225e-01 
9.543225e-01 
9.543225e-01 
9.543225e-01 
9.543225e-01 
9.543225e-01 
9.543225e-01 
9.543225e-01 
9.543225e-01 
9.543225e-01 
9.543225e-01 
9.543225e-01 
9.543225e-01 
9.543225e-01 
9.543225e-01 
9.543225e-01 
9.543225e-01 
9.543225e-01 
9.543225e-01 
9.543225e-01 
9.543225e-01 
9.543225e-01 
9.543225e-01 
9.543214e-01 
9.543180e-01 
9.543138e-01 
9.543090e-01 
9.543036e-01 
9.542977e-01 
9.542915e-01 
9.542852e-01 
9.542793e-01 
9.542740e-01 
9.542696e-01 
9.542658e-01 
9.542627e-01 
9.542601e-01 
9.542578e-01 
9.542559e-01 
9.542542e-01 
9.542527e-01 
9.542514e-01 
9.542502e-01 
9.542492e-01 
9.542482e-01 
9.542474e-01 
9.542466e-01 
9.542459e-01 
9.542452e-01 
9.542446e-01 
9.542440e-01 
9.542435e-01 
9.542430e-01 
9.542427e-01 
9.542427e-01 
9.542427e-01 
9.542427e-01 
9.542427e-01 
9.542427e-01 
9.542427e-01 
9.542427e-01 
9.542427e-01 
9.542427e-01 
9.542427e-01 
9.542427e-01 
9.542427e-01 
9.542427e-01 
9.542427e-01 
9.542427e-01 
9.542427e-01 
9.542427e-01 
9.542427e-01 
9.542427e-01 
9.542427e-01 
9.542427e-01 
9.542427e-01 
9.542427e-01 
9.542427e-01 
9.542427e-01 
9.542427e-01 
9.542427e-01 
9.542427e-01 
9.542427e-01 
9.542427e-01 
9.542427e-01 
9.542427e-01 
9.542427e-01 
9.542427e-01 
9.542427e-01 
9.542427e-01 
9.542427e-01 
9.542427e-01 
9.542427e-01 
9.542427e-01 
9.542427e-01 
9.542427e-01 
9.542427e-01 
9.542427e-01 
9.542427e-01 
9.542427e-01 
9.542427e-01 
9.542427e-01 
9.542427e-01 
9.542427e-01 
9.542427e-01 
9.542427e-01 
9.542427e-01 
9.542427e-01 
9.542427e-01 
9.542427e-01 
9.542427e-01 
9.542427e-01 
9.542427e-01 
9.542427e-01 
9.542427e-01 
9.542427e-01 
9.542427e-01 
8.673884e-01 
7.471757e-01 
6.067899e-01 
4.453451e-01 
2.494382e-01 
5.016862e-02 
2.010502e-03 
4.987789e-04 
2.735954e-04 
1.697144e-04 
1.134337e-04 
7.995316e-05 
5.869308e-05 
4.451773e-05 
3.470023e-05 
2.769290e-05 
2.257105e-05 
1.876005e-05 
1.589300e-05 
1.373343e-05 
1.213349e-05 
1.101475e-05 
1.038107e-05 
1.069188e-05 
1.514516e-05 
1.701653e-05 
1.807308e-05 
1.871591e-05 
1.905052e-05 
1.906386e-05 
1.914752e-05 
1.914752e-05 
1.914752e-05 
1.914752e-05 
1.914752e-05 
1.914752e-05 
1.914752e-05 
1.914752e-05 
1.914752e-05 
1.914752e-05 
1.914752e-05 
1.914752e-05 
1.914752e-05 
1.914752e-05 
1.914752e-05 
1.914752e-05 
1.914752e-05 
1.914752e-05 
1.914752e-05 
1.914752e-05 
1.914752e-05 
1.914752e-05 
1.914752e-05 
1.914752e-05 
1.914752e-05 
1.914752e-05 
1.914752e-05 
1.914752e-05 
1.914752e-05 
1.914752e-05 
1.914752e-05 
1.914752e-05 
1.914752e-05 
1.914752e-05 
1.914752e-05 
1.914752e-05 
1.914752e-05 
1.914752e-05 
1.914752e-05 
1.914752e-05 
1.914752e-05 
1.914752e-05 
1.914752e-05 
1.914752e-05 
1.914752e-05 
1.914752e-05 
1.914752e-05 
1.914752e-05 
1.914752e-05 
1.914752e-05 
1.914752e-05 
1.914752e-05 
1.914752e-05 
1.914752e-05 
1.914752e-05 
1.914752e-05 
1.914752e-05 
1.914752e-05 
1.914752e-05 
1.914752e-05 
1.914752e-05 
1.914752e-05 
1.914752e-05 
1.922233e-05 
1.945045e-05 
1.969666e-05 
1.996268e-05 
2.025034e-05 
2.056162e-05 
2.089852e-05 
2.126302e-05 
2.165692e-05 
2.208153e-05 
2.253716e-05 
2.302230e-05 
2.353230e-05 
2.405699e-05 
2.457657e-05 
2.505437e-05 
2.542380e-05 
2.556402e-05 
2.525366e-05 
2.407984e-05 
2.125572e-05 
1.525606e-05 
3.151741e-06 
-2.017299e-05 
-6.106596e-05 
-1.214515e-04 
-1.961530e-04 
-2.814902e-04 
-3.791583e-04 
-4.888638e-04 
-5.657820e-04 
-5.658587e-04 
-5.658587e-04 
-5.658587e-04 
-5.658587e-04 
-5.658587e-04 
-5.658587e-04 
-5.658587e-04 
-5.658587e-04 
-5.658587e-04 
-5.658587e-04 
-5.658587e-04 
-5.658587e-04 
-5.658587e-04 
-5.658587e-04 
-5.658587e-04 
-5.658587e-04 
-5.658587e-04 
-5.658587e-04 
-5.658587e-04 
-5.658587e-04 
-5.658587e-04 
-5.658587e-04 
-5.658587e-04 
-5.658587e-04 
-5.658587e-04 
-5.658587e-04 
-5.658587e-04 
-5.658587e-04 
-5.658587e-04 
-5.658587e-04 
-5.658587e-04 
-5.658587e-04 
-5.658587e-04 
-5.658587e-04 
-5.658587e-04 
-5.658587e-04 
-5.658587e-04 
-5.658587e-04 
-5.658587e-04 
-5.658587e-04 
-5.658587e-04 
-5.658587e-04 
-5.658587e-04 
-5.658587e-04 
-5.658587e-04 
-5.658587e-04 
-5.658587e-04 
-5.658587e-04 
-5.658587e-04 
-5.658587e-04 
-5.658587e-04 
-5.658587e-04 
-5.658587e-04 
-5.658587e-04 
-5.658587e-04 
-5.658587e-04 
-5.658587e-04 
-5.658587e-04 
-5.658587e-04 
-5.658587e-04 
-5.658587e-04 
-5.658587e-04 
-5.661108e-04 
-6.184184e-04 
-6.830556e-04 
-7.587018e-04 
-8.478334e-04 
-9.536195e-04 
-1.080089e-03 
-1.232410e-03 
-1.417215e-03 
-1.643145e-03 
-1.922624e-03 
-2.273092e-03 
-2.719007e-03 
-3.295458e-03 
-4.054000e-03 
-5.072376e-03 
-6.471328e-03 
-8.444780e-03 
-1.131657e-02 
-1.565247e-02 
-2.249411e-02 
-3.387522e-02 
-5.400339e-02 
-9.180688e-02 
-1.638972e-01 
-2.842939e-01 
-4.352957e-01 
-5.878474e-01 
-7.295734e-01 
-8.535750e-01 
-9.483443e-01 
-9.543222e-01 
-9.543222e-01 
-9.543222e-01 
-9.543222e-01 
-9.543222e-01 
-9.543222e-01 
-9.543222e-01 
-9.543222e-01 
-9.543222e-01 
-9.543222e-01 
-9.543222e-01 
-9.543222e-01 
-9.543222e-01 
-9.543222e-01 
-9.543222e-01 
-9.543222e-01 
-9.543222e-01 
-9.543222e-01 
-9.543222e-01 
-9.543222e-01 
-9.543222e-01 
-9.543222e-01 
-9.543222e-01 
-9.543222e-01 
-9.543222e-01 
-9.543222e-01 
-9.543222e-01 
-9.543222e-01 
-9.543222e-01 
-9.543222e-01 
-9.543222e-01 
-9.543222e-01 
-9.543222e-01 
-9.543222e-01 
-9.543222e-01 
-9.543222e-01 
-9.543222e-01 
-9.543222e-01 
-9.543222e-01 
-9.543222e-01 
-9.543222e-01 
-9.543222e-01 
-9.543222e-01 
-9.543222e-01 
-9.543222e-01 
-9.543222e-01 
-9.543222e-01 
-9.543222e-01 
-9.543222e-01 
-9.543222e-01 
-9.543222e-01 
-9.543222e-01 
-9.543222e-01 
-9.543222e-01 
-9.543222e-01 
-9.543222e-01 
-9.543222e-01 
-9.543222e-01 
-9.543222e-01 
-9.543222e-01 
-9.543222e-01 
-9.543222e-01 
-9.543222e-01 
-9.543208e-01 
-9.543167e-01 
-9.543116e-01 
-9.543055e-01 
-9.542979e-01 
-9.542873e-01 
-9.542758e-01 
-9.542703e-01 
-9.542668e-01 
-9.542638e-01 
-9.542612e-01 
-9.542590e-01 
-9.542570e-01 
-9.542553e-01 
-9.542538e-01 
-9.542524e-01 
-9.542512e-01 
-9.542501e-01 
-9.542491e-01 
-9.542482e-01 
-9.542473e-01 
-9.542466e-01 
-9.542459e-01 
-9.542452e-01 
-9.542446e-01 
-9.542440e-01 
-9.542435e-01 
-9.542430e-01 
-9.542426e-01 
-9.542422e-01 
-9.542419e-01 
-9.542419e-01 
-9.542419e-01 
-9.542419e-01 
-9.542419e-01 
-9.542419e-01 
-9.542419e-01 
-9.542419e-01 
-9.542419e-01 
-9.542419e-01 
-9.542419e-01 
-9.542419e-01 
-9.542419e-01 
-9.542419e-01 
-9.542419e-01 
-9.542419e-01 
-9.542419e-01 
-9.542419e-01 
-9.542419e-01 
-9.542419e-01 
-9.542419e-01 
-9.542419e-01 
-9.542419e-01 
-9.542419e-01 
-9.542419e-01 
-9.542419e-01 
-9.542419e-01 
-9.542419e-01 
-9.542419e-01 
-9.542419e-01 
-9.542419e-01 
-9.542419e-01 
-9.542419e-01 
-9.542419e-01 
-9.542419e-01 
-9.542419e-01 
-9.542419e-01 
-9.542419e-01 
-9.542419e-01 
-9.542419e-01 
-9.542419e-01 
-9.542419e-01 
-9.542419e-01 
-9.542419e-01 
-9.542419e-01 
-9.542419e-01 
-9.542419e-01 
-9.542419e-01 
-9.542419e-01 
-9.542419e-01 
-9.542419e-01 
-9.542419e-01 
-9.542419e-01 
-9.542419e-01 
-9.542419e-01 
-9.542419e-01 
-9.542419e-01 
-9.542419e-01 
-9.542419e-01 
-9.542419e-01 
-9.542419e-01 
-9.542419e-01 
-9.542419e-01 
-9.516634e-01 
-8.599636e-01 
-7.381321e-01 
-5.963429e-01 
-4.325327e-01 
-2.313618e-01 
-3.598984e-02 
5.050843e-04 
4.736757e-04 
2.639927e-04 
1.647634e-04 
1.105852e-04 
7.818820e-05 
5.753836e-05 
4.372994e-05 
3.414467e-05 
2.729065e-05 
2.227379e-05 
1.853722e-05 
1.572490e-05 
1.360746e-05 
1.204218e-05 
1.095524e-05 
1.035934e-05 
1.082005e-05 
1.536000e-05 
1.710493e-05 
1.812869e-05 
1.874785e-05 
1.906294e-05 
1.904836e-05 
1.914752e-05 
1.914752e-05 
1.914752e-05 
1.914752e-05 
1.914752e-05 
1.914752e-05 
1.914752e-05 
1.914752e-05 
1.914752e-05 
1.914752e-05 
1.914752e-05 
1.914752e-05 
1.914752e-05 
1.914752e-05 
1.914752e-05 
1.914752e-05 
1.914752e-05 
1.914752e-05 
1.914752e-05 
1.914752e-05 
1.914752e-05 
1.914752e-05 
1.914752e-05 
1.914752e-05 
1.914752e-05 
1.914752e-05 
1.914752e-05 
1.914752e-05 
1.914752e-05 
1.914752e-05 
1.914752e-05 
1.914752e-05 
1.914752e-05 
1.914752e-05 
1.914752e-05 
1.914752e-05 
1.914752e-05 
1.914752e-05 
1.914752e-05 
1.914752e-05 
1.914752e-05 
1.914752e-05 
1.914752e-05 
1.914752e-05 
1.914752e-05 
1.914752e-05 
1.914752e-05 
1.914752e-05 
1.914752e-05 
1.914752e-05 
1.914752e-05 
1.914752e-05 
1.914752e-05 
1.914752e-05 
1.914752e-05 
1.914752e-05 
1.914752e-05 
1.914752e-05 
1.914752e-05 
1.914752e-05 
1.914752e-05 
1.914752e-05 
1.914752e-05 
1.923736e-05 
1.946669e-05 
1.971420e-05 
1.998163e-05 
2.027085e-05 
2.058382e-05 
2.092254e-05 
2.128900e-05 
2.168496e-05 
2.211170e-05 
2.256942e-05 
2.305646e-05 
2.356787e-05 
2.409298e-05 
2.461112e-05 
0.000000e+00 
0.000000e+00 
0.000000e+00 
0.000000e+00 
0.000000e+00 
0.000000e+00 
0.000000e+00 
0.000000e+00
#[#TRACE_DATA]
#[#TRACE]
