#[TRACE]
#data_labels=Output
#[TRACE_DATA]
5.405016e-03 
6.714008e-03 
8.743922e-03 
1.169235e-02 
1.613489e-02 
2.312878e-02 
3.473183e-02 
5.518240e-02 
9.340940e-02 
1.658272e-01 
2.860003e-01 
4.364661e-01 
5.886696e-01 
7.302071e-01 
8.540675e-01 
9.486643e-01 
9.543235e-01 
9.543235e-01 
9.543235e-01 
9.543235e-01 
9.543235e-01 
9.543235e-01 
9.543235e-01 
9.543235e-01 
9.543235e-01 
9.543235e-01 
9.543235e-01 
9.543235e-01 
9.543235e-01 
9.543235e-01 
9.543235e-01 
9.543235e-01 
9.543235e-01 
9.543235e-01 
9.543235e-01 
9.543235e-01 
9.543235e-01 
9.543235e-01 
9.543235e-01 
9.543235e-01 
9.543235e-01 
9.543235e-01 
9.543235e-01 
9.543235e-01 
9.543235e-01 
9.543235e-01 
9.543235e-01 
9.543235e-01 
9.543235e-01 
9.543235e-01 
9.543235e-01 
9.543235e-01 
9.543235e-01 
9.543235e-01 
9.543235e-01 
9.543235e-01 
9.543235e-01 
9.543235e-01 
9.543235e-01 
9.543235e-01 
9.543235e-01 
9.543235e-01 
9.543235e-01 
9.543235e-01 
9.543235e-01 
9.543235e-01 
9.543235e-01 
9.543235e-01 
9.543235e-01 
9.543235e-01 
9.543235e-01 
9.543235e-01 
9.543235e-01 
9.543235e-01 
9.543235e-01 
9.543235e-01 
9.543235e-01 
9.543235e-01 
9.543235e-01 
9.543222e-01 
9.543187e-01 
9.543144e-01 
9.543095e-01 
9.543040e-01 
9.542980e-01 
9.542917e-01 
9.542853e-01 
9.542793e-01 
9.542740e-01 
9.542696e-01 
9.542658e-01 
9.542627e-01 
9.542601e-01 
9.542578e-01 
9.542559e-01 
9.542542e-01 
9.542527e-01 
9.542514e-01 
9.542502e-01 
9.542492e-01 
9.542482e-01 
9.542474e-01 
9.542466e-01 
9.542459e-01 
9.542452e-01 
9.542446e-01 
9.542441e-01 
9.542436e-01 
9.542431e-01 
9.542428e-01 
9.542428e-01 
9.542428e-01 
9.542428e-01 
9.542428e-01 
9.542428e-01 
9.542428e-01 
9.542428e-01 
9.542428e-01 
9.542428e-01 
9.542428e-01 
9.542428e-01 
9.542428e-01 
9.542428e-01 
9.542428e-01 
9.542428e-01 
9.542428e-01 
9.542428e-01 
9.542428e-01 
9.542428e-01 
9.542428e-01 
9.542428e-01 
9.542428e-01 
9.542428e-01 
9.542428e-01 
9.542428e-01 
9.542428e-01 
9.542428e-01 
9.542428e-01 
9.542428e-01 
9.542428e-01 
9.542428e-01 
9.542428e-01 
9.542428e-01 
9.542428e-01 
9.542428e-01 
9.542428e-01 
9.542428e-01 
9.542428e-01 
9.542428e-01 
9.542428e-01 
9.542428e-01 
9.542428e-01 
9.542428e-01 
9.542428e-01 
9.542428e-01 
9.542428e-01 
9.542428e-01 
9.542428e-01 
9.542428e-01 
9.542428e-01 
9.542428e-01 
9.542428e-01 
9.542428e-01 
9.542428e-01 
9.542428e-01 
9.542428e-01 
9.542428e-01 
9.542428e-01 
9.542428e-01 
9.542428e-01 
9.542428e-01 
9.542428e-01 
9.514090e-01 
8.595015e-01 
7.376008e-01 
5.958707e-01 
4.325510e-01 
2.337270e-01 
4.162792e-02 
1.780531e-03 
5.295982e-04 
2.944683e-04 
1.839210e-04 
1.234561e-04 
8.722778e-05 
6.407847e-05 
4.854642e-05 
3.771172e-05 
2.990570e-05 
2.412218e-05 
1.972558e-05 
1.629523e-05 
1.353474e-05 
1.120868e-05 
9.071996e-06 
6.712492e-06 
3.127310e-06 
-2.119704e-06 
-5.933908e-06 
-8.357610e-06 
-1.015471e-05 
-1.168253e-05 
-1.297441e-05 
-1.325027e-05 
-1.325027e-05 
-1.325027e-05 
-1.325027e-05 
-1.325027e-05 
-1.325027e-05 
-1.325027e-05 
-1.325027e-05 
-1.325027e-05 
-1.325027e-05 
-1.325027e-05 
-1.325027e-05 
-1.325027e-05 
-1.325027e-05 
-1.325027e-05 
-1.325027e-05 
-1.325027e-05 
-1.325027e-05 
-1.325027e-05 
-1.325027e-05 
-1.325027e-05 
-1.325027e-05 
-1.325027e-05 
-1.325027e-05 
-1.325027e-05 
-1.325027e-05 
-1.325027e-05 
-1.325027e-05 
-1.325027e-05 
-1.325027e-05 
-1.325027e-05 
-1.325027e-05 
-1.325027e-05 
-1.325027e-05 
-1.325027e-05 
-1.325027e-05 
-1.325027e-05 
-1.325027e-05 
-1.325027e-05 
-1.325027e-05 
-1.325027e-05 
-1.325027e-05 
-1.325027e-05 
-1.325027e-05 
-1.325027e-05 
-1.325027e-05 
-1.325027e-05 
-1.325027e-05 
-1.325027e-05 
-1.325027e-05 
-1.325027e-05 
-1.325027e-05 
-1.325027e-05 
-1.325027e-05 
-1.325027e-05 
-1.325027e-05 
-1.325027e-05 
-1.325027e-05 
-1.325027e-05 
-1.325027e-05 
-1.325027e-05 
-1.325027e-05 
-1.325027e-05 
-1.316768e-05 
-1.294515e-05 
-1.269811e-05 
-1.241158e-05 
-1.206780e-05 
-1.164573e-05 
-1.112001e-05 
-1.045033e-05 
-9.602543e-06 
-8.554834e-06 
-7.261628e-06 
-5.653339e-06 
-3.633147e-06 
-1.066581e-06 
2.234980e-06 
6.538877e-06 
1.222668e-05 
1.984236e-05 
3.014777e-05 
4.415761e-05 
6.307804e-05 
8.802894e-05 
1.195501e-04 
1.573070e-04 
2.005627e-04 
2.492192e-04 
3.046562e-04 
3.699535e-04 
4.487677e-04 
5.396774e-04 
5.967494e-04 
5.967672e-04 
5.967672e-04 
5.967672e-04 
5.967672e-04 
5.967672e-04 
5.967672e-04 
5.967672e-04 
5.967672e-04 
5.967672e-04 
5.967672e-04 
5.967672e-04 
5.967672e-04 
5.967672e-04 
5.967672e-04 
5.967672e-04 
5.967672e-04 
5.967672e-04 
5.967672e-04 
5.967672e-04 
5.967672e-04 
5.967672e-04 
5.967672e-04 
5.967672e-04 
5.967672e-04 
5.967672e-04 
5.967672e-04 
5.967672e-04 
5.967672e-04 
5.967672e-04 
5.967672e-04 
5.967672e-04 
5.967672e-04 
5.967672e-04 
5.967672e-04 
5.967672e-04 
5.967672e-04 
5.967672e-04 
5.967672e-04 
5.967672e-04 
5.967672e-04 
5.967672e-04 
5.967672e-04 
5.967672e-04 
5.967672e-04 
5.967672e-04 
5.967672e-04 
5.967672e-04 
5.967672e-04 
5.967672e-04 
5.967672e-04 
5.967672e-04 
5.967672e-04 
5.967672e-04 
5.967672e-04 
5.967672e-04 
5.967672e-04 
5.967672e-04 
5.967672e-04 
5.967672e-04 
5.967672e-04 
5.967672e-04 
5.967672e-04 
5.989565e-04 
6.567592e-04 
7.254706e-04 
8.057202e-04 
9.001425e-04 
1.012145e-03 
1.146082e-03 
1.307356e-03 
1.502704e-03 
1.741348e-03 
2.036404e-03 
2.406190e-03 
2.876463e-03 
3.484183e-03 
4.283673e-03 
5.356892e-03 
6.831218e-03 
8.911437e-03 
1.193992e-02 
1.651566e-02 
2.374306e-02 
3.578049e-02 
5.708804e-02 
9.704492e-02 
1.725036e-01 
2.957110e-01 
4.470390e-01 
5.987639e-01 
7.393325e-01 
8.616418e-01 
9.529368e-01 
9.543235e-01 
9.543235e-01 
9.543235e-01 
9.543235e-01 
9.543235e-01 
9.543235e-01 
9.543235e-01 
9.543235e-01 
9.543235e-01 
9.543235e-01 
9.543235e-01 
9.543235e-01 
9.543235e-01 
9.543235e-01 
9.543235e-01 
9.543235e-01 
9.543235e-01 
9.543235e-01 
9.543235e-01 
9.543235e-01 
9.543235e-01 
9.543235e-01 
9.543235e-01 
9.543235e-01 
9.543235e-01 
9.543235e-01 
9.543235e-01 
9.543235e-01 
9.543235e-01 
9.543235e-01 
9.543235e-01 
9.543235e-01 
9.543235e-01 
9.543235e-01 
9.543235e-01 
9.543235e-01 
9.543235e-01 
9.543235e-01 
9.543235e-01 
9.543235e-01 
9.543235e-01 
9.543235e-01 
9.543235e-01 
9.543235e-01 
9.543235e-01 
9.543235e-01 
9.543235e-01 
9.543235e-01 
9.543235e-01 
9.543235e-01 
9.543235e-01 
9.543235e-01 
9.543235e-01 
9.543235e-01 
9.543235e-01 
9.543235e-01 
9.543235e-01 
9.543235e-01 
9.543235e-01 
9.543235e-01 
9.543235e-01 
9.543235e-01 
9.543235e-01 
9.543220e-01 
9.543184e-01 
9.543141e-01 
9.543091e-01 
9.543036e-01 
9.542976e-01 
9.542912e-01 
9.542849e-01 
9.542789e-01 
9.542737e-01 
9.542693e-01 
9.542656e-01 
9.542625e-01 
9.542599e-01 
9.542577e-01 
9.542558e-01 
9.542541e-01 
9.542526e-01 
9.542513e-01 
9.542502e-01 
9.542491e-01 
9.542482e-01 
9.542473e-01 
9.542465e-01 
9.542458e-01 
9.542452e-01 
9.542446e-01 
9.542440e-01 
9.542435e-01 
9.542430e-01 
9.542428e-01 
9.542428e-01 
9.542428e-01 
9.542428e-01 
9.542428e-01 
9.542428e-01 
9.542428e-01 
9.542428e-01 
9.542428e-01 
9.542428e-01 
9.542428e-01 
9.542428e-01 
9.542428e-01 
9.542428e-01 
9.542428e-01 
9.542428e-01 
9.542428e-01 
9.542428e-01 
9.542428e-01 
9.542428e-01 
9.542428e-01 
9.542428e-01 
9.542428e-01 
9.542428e-01 
9.542428e-01 
9.542428e-01 
9.542428e-01 
9.542428e-01 
9.542428e-01 
9.542428e-01 
9.542428e-01 
9.542428e-01 
9.542428e-01 
9.542428e-01 
9.542428e-01 
9.542428e-01 
9.542428e-01 
9.542428e-01 
9.542428e-01 
9.542428e-01 
9.542428e-01 
9.542428e-01 
9.542428e-01 
9.542428e-01 
9.542428e-01 
9.542428e-01 
9.542428e-01 
9.542428e-01 
9.542428e-01 
9.542428e-01 
9.542428e-01 
9.542428e-01 
9.542428e-01 
9.542428e-01 
9.542428e-01 
9.542428e-01 
9.542428e-01 
9.542428e-01 
9.542428e-01 
9.542428e-01 
9.542428e-01 
9.542428e-01 
9.542428e-01 
9.467629e-01 
8.519388e-01 
7.284930e-01 
5.854730e-01 
4.202462e-01 
2.184366e-01 
3.399939e-02 
1.394091e-03 
4.489382e-04 
2.522806e-04 
1.585053e-04 
1.068434e-04 
7.574504e-05 
5.581129e-05 
4.241041e-05 
3.305478e-05 
2.631879e-05 
2.134251e-05 
1.758520e-05 
1.469499e-05 
1.243637e-05 
1.064847e-05 
9.220684e-06 
8.078168e-06 
7.145016e-06 
6.262030e-06 
5.529514e-06 
4.934638e-06 
4.430741e-06 
3.993236e-06 
3.611381e-06 
3.594287e-06 
3.594287e-06 
3.594287e-06 
3.594287e-06 
3.594287e-06 
3.594287e-06 
3.594287e-06 
3.594287e-06 
3.594287e-06 
3.594287e-06 
3.594287e-06 
3.594287e-06 
3.594287e-06 
3.594287e-06 
3.594287e-06 
3.594287e-06 
3.594287e-06 
3.594287e-06 
3.594287e-06 
3.594287e-06 
3.594287e-06 
3.594287e-06 
3.594287e-06 
3.594287e-06 
3.594287e-06 
3.594287e-06 
3.594287e-06 
3.594287e-06 
3.594287e-06 
3.594287e-06 
3.594287e-06 
3.594287e-06 
3.594287e-06 
3.594287e-06 
3.594287e-06 
3.594287e-06 
3.594287e-06 
3.594287e-06 
3.594287e-06 
3.594287e-06 
3.594287e-06 
3.594287e-06 
3.594287e-06 
3.594287e-06 
3.594287e-06 
3.594287e-06 
3.594287e-06 
3.594287e-06 
3.594287e-06 
3.594287e-06 
3.594287e-06 
3.594287e-06 
3.594287e-06 
3.594287e-06 
3.594287e-06 
3.594287e-06 
3.594287e-06 
3.594287e-06 
3.594287e-06 
3.594287e-06 
3.594287e-06 
3.594287e-06 
3.594287e-06 
3.694956e-06 
3.930633e-06 
4.196555e-06 
4.498452e-06 
4.843276e-06 
5.239490e-06 
5.697343e-06 
6.229498e-06 
6.851776e-06 
7.585408e-06 
8.458652e-06 
9.509189e-06 
1.078814e-05 
1.236625e-05 
1.434363e-05 
1.686555e-05 
2.014897e-05 
2.452880e-05 
3.054157e-05 
3.908261e-05 
5.170622e-05 
7.117393e-05 
1.021847e-04 
1.508287e-04 
2.187934e-04 
2.981256e-04 
3.808008e-04 
4.643497e-04 
5.459836e-04 
6.163522e-04 
6.462718e-04 
6.462749e-04 
6.462749e-04 
6.462749e-04 
6.462749e-04 
6.462749e-04 
6.462749e-04 
6.462749e-04 
6.462749e-04 
6.462749e-04 
6.462749e-04 
6.462749e-04 
6.462749e-04 
6.462749e-04 
6.462749e-04 
6.462749e-04 
6.462749e-04 
6.462749e-04 
6.462749e-04 
6.462749e-04 
6.462749e-04 
6.462749e-04 
6.462749e-04 
6.462749e-04 
6.462749e-04 
6.462749e-04 
6.462749e-04 
6.462749e-04 
6.462749e-04 
6.462749e-04 
6.462749e-04 
6.462749e-04 
6.462749e-04 
6.462749e-04 
6.462749e-04 
6.462749e-04 
6.462749e-04 
6.462749e-04 
6.462749e-04 
6.462749e-04 
6.462749e-04 
6.462749e-04 
6.462749e-04 
6.462749e-04 
6.462749e-04 
6.462749e-04 
6.462749e-04 
6.462749e-04 
6.462749e-04 
6.462749e-04 
6.462749e-04 
6.462749e-04 
6.462749e-04 
6.462749e-04 
6.462749e-04 
6.462749e-04 
6.462749e-04 
6.462749e-04 
6.462749e-04 
6.462749e-04 
6.462749e-04 
6.462749e-04 
6.462749e-04 
6.517685e-04 
7.137770e-04 
7.855268e-04 
8.666898e-04 
9.131924e-04 
1.020549e-03 
1.156171e-03 
1.319541e-03 
1.517518e-03 
1.759551e-03 
2.059063e-03 
2.434798e-03 
2.913135e-03 
3.531993e-03 
4.347193e-03 
5.443122e-03 
6.951211e-03 
9.083291e-03 
1.219454e-02 
1.690845e-02 
2.437901e-02 
3.687066e-02 
5.907747e-02 
1.008458e-01 
1.794208e-01 
3.055549e-01 
4.576054e-01 
6.088049e-01 
7.483749e-01 
8.690772e-01 
9.540533e-01 
9.543235e-01 
9.543235e-01 
9.543235e-01 
9.543235e-01 
9.543235e-01 
9.543235e-01 
9.543235e-01 
9.543235e-01 
9.543235e-01 
9.543235e-01 
9.543235e-01 
9.543235e-01 
9.543235e-01 
9.543235e-01 
9.543235e-01 
9.543235e-01 
9.543235e-01 
9.543235e-01 
9.543235e-01 
9.543235e-01 
9.543235e-01 
9.543235e-01 
9.543235e-01 
9.543235e-01 
9.543235e-01 
9.543235e-01 
9.543235e-01 
9.543235e-01 
9.543235e-01 
9.543235e-01 
9.543235e-01 
9.543235e-01 
9.543235e-01 
9.543235e-01 
9.543235e-01 
9.543235e-01 
9.543235e-01 
9.543235e-01 
9.543235e-01 
9.543235e-01 
9.543235e-01 
9.543235e-01 
9.543235e-01 
9.543235e-01 
9.543235e-01 
9.543235e-01 
9.543235e-01 
9.543235e-01 
9.543235e-01 
9.543235e-01 
9.543235e-01 
9.543235e-01 
9.543235e-01 
9.543235e-01 
9.543235e-01 
9.543235e-01 
9.543235e-01 
9.543235e-01 
9.543235e-01 
9.543235e-01 
9.543235e-01 
9.543235e-01 
9.543235e-01 
9.543218e-01 
9.543182e-01 
9.543138e-01 
9.543088e-01 
9.543032e-01 
9.542972e-01 
9.542908e-01 
9.542845e-01 
9.542785e-01 
9.542734e-01 
9.542690e-01 
9.542654e-01 
9.542623e-01 
9.542597e-01 
9.542575e-01 
9.542556e-01 
9.542540e-01 
9.542525e-01 
9.542512e-01 
9.542501e-01 
9.542490e-01 
9.542481e-01 
9.542473e-01 
9.542465e-01 
9.542458e-01 
9.542451e-01 
9.542445e-01 
9.542440e-01 
9.542435e-01 
9.542430e-01 
9.542428e-01 
9.542428e-01 
9.542428e-01 
9.542428e-01 
9.542428e-01 
9.542428e-01 
9.542428e-01 
9.542428e-01 
9.542428e-01 
9.542428e-01 
9.542428e-01 
9.542428e-01 
9.542428e-01 
9.542428e-01 
9.542428e-01 
9.542428e-01 
9.542428e-01 
9.542428e-01 
9.542428e-01 
9.542428e-01 
9.542428e-01 
9.542428e-01 
9.542428e-01 
9.542428e-01 
9.542428e-01 
9.542428e-01 
9.542428e-01 
9.542428e-01 
9.542428e-01 
9.542428e-01 
9.542428e-01 
9.542428e-01 
9.542428e-01 
9.542428e-01 
9.542428e-01 
9.542428e-01 
9.542428e-01 
9.542428e-01 
9.542428e-01 
9.542428e-01 
9.542428e-01 
9.542428e-01 
9.542428e-01 
9.542428e-01 
9.542428e-01 
9.542428e-01 
9.542428e-01 
9.542428e-01 
9.542428e-01 
9.542428e-01 
9.542428e-01 
9.542428e-01 
9.542428e-01 
9.542428e-01 
9.542428e-01 
9.542428e-01 
9.542428e-01 
9.542428e-01 
9.542428e-01 
9.542428e-01 
9.542428e-01 
9.542428e-01 
9.542428e-01 
9.415887e-01 
8.442469e-01 
7.193003e-01 
5.749873e-01 
4.078124e-01 
2.032490e-01 
2.773060e-02 
1.203260e-03 
4.292101e-04 
2.436612e-04 
1.539667e-04 
1.041932e-04 
7.408309e-05 
5.471218e-05 
4.165253e-05 
3.251415e-05 
2.592202e-05 
2.104414e-05 
1.735599e-05 
1.451549e-05 
1.229330e-05 
1.053244e-05 
9.124880e-06 
7.997055e-06 
7.069871e-06 
6.196400e-06 
5.478912e-06 
4.892428e-06 
4.394473e-06 
3.961530e-06 
3.598703e-06 
3.591681e-06 
3.591681e-06 
3.591681e-06 
3.591681e-06 
3.591681e-06 
3.591681e-06 
3.591681e-06 
3.591681e-06 
3.591681e-06 
3.591681e-06 
3.591681e-06 
3.591681e-06 
3.591681e-06 
3.591681e-06 
3.591681e-06 
3.591681e-06 
3.591681e-06 
3.591681e-06 
3.591681e-06 
3.591681e-06 
3.591681e-06 
3.591681e-06 
3.591681e-06 
3.591681e-06 
3.591681e-06 
3.591681e-06 
3.591681e-06 
3.591681e-06 
3.591681e-06 
3.591681e-06 
3.591681e-06 
3.591681e-06 
3.591681e-06 
3.591681e-06 
3.591681e-06 
3.591681e-06 
3.591681e-06 
3.591681e-06 
3.591681e-06 
3.591681e-06 
3.591681e-06 
3.591681e-06 
3.591681e-06 
3.591681e-06 
3.591681e-06 
3.591681e-06 
3.591681e-06 
3.591681e-06 
3.591681e-06 
3.591681e-06 
3.591681e-06 
3.591681e-06 
3.591681e-06 
3.591681e-06 
3.591681e-06 
3.591681e-06 
3.591681e-06 
3.591681e-06 
3.591681e-06 
3.591681e-06 
3.591681e-06 
3.591681e-06 
3.591681e-06 
3.707607e-06 
3.945231e-06 
4.213490e-06 
4.518209e-06 
4.866468e-06 
5.266888e-06 
5.729852e-06 
6.267965e-06 
6.897333e-06 
7.639785e-06 
8.524178e-06 
9.589002e-06 
1.088654e-05 
1.248925e-05 
1.449984e-05 
1.706761e-05 
2.041605e-05 
2.489092e-05 
3.104770e-05 
3.981577e-05 
5.281219e-05 
7.290910e-05 
1.049499e-04 
1.549728e-04 
2.240257e-04 
3.037305e-04 
3.864747e-04 
4.700130e-04 
5.512739e-04 
6.203528e-04 
6.462667e-04 
6.462676e-04 
6.462676e-04 
6.462676e-04 
6.462676e-04 
6.462676e-04 
6.462676e-04 
6.462676e-04 
6.462676e-04 
6.462676e-04 
6.462676e-04 
6.462676e-04 
6.462676e-04 
6.462676e-04 
6.462676e-04 
6.462676e-04 
6.462676e-04 
6.462676e-04 
6.462676e-04 
6.462676e-04 
6.462676e-04 
6.462676e-04 
6.462676e-04 
6.462676e-04 
6.462676e-04 
6.462676e-04 
6.462676e-04 
6.462676e-04 
6.462676e-04 
6.462676e-04 
6.462676e-04 
6.462676e-04 
6.462676e-04 
6.462676e-04 
6.462676e-04 
6.462676e-04 
6.462676e-04 
6.462676e-04 
6.462676e-04 
6.462676e-04 
6.462676e-04 
6.462676e-04 
6.462676e-04 
6.462676e-04 
6.462676e-04 
6.462676e-04 
6.462676e-04 
6.462676e-04 
6.462676e-04 
6.462676e-04 
6.462676e-04 
6.462676e-04 
6.462676e-04 
6.462676e-04 
6.462676e-04 
6.462676e-04 
6.462676e-04 
6.462676e-04 
6.462676e-04 
6.462676e-04 
6.462676e-04 
6.462676e-04 
6.462676e-04 
6.554495e-04 
7.183622e-04 
7.907775e-04 
8.722601e-04 
9.186025e-04 
1.029057e-03 
1.166389e-03 
1.331886e-03 
1.532536e-03 
1.778020e-03 
2.082076e-03 
2.463881e-03 
2.950457e-03 
3.580709e-03 
4.412008e-03 
5.531249e-03 
7.074069e-03 
9.259626e-03 
1.245646e-02 
1.731374e-02 
2.503756e-02 
3.800435e-02 
6.115485e-02 
1.048190e-01 
1.865787e-01 
3.155196e-01 
4.681599e-01 
6.187906e-01 
7.573316e-01 
8.763685e-01 
9.542707e-01 
9.543235e-01 
9.543235e-01 
9.543235e-01 
9.543235e-01 
9.543235e-01 
9.543235e-01 
9.543235e-01 
9.543235e-01 
9.543235e-01 
9.543235e-01 
9.543235e-01 
9.543235e-01 
9.543235e-01 
9.543235e-01 
9.543235e-01 
9.543235e-01 
9.543235e-01 
9.543235e-01 
9.543235e-01 
9.543235e-01 
9.543235e-01 
9.543235e-01 
9.543235e-01 
9.543235e-01 
9.543235e-01 
9.543235e-01 
9.543235e-01 
9.543235e-01 
9.543235e-01 
9.543235e-01 
9.543235e-01 
9.543235e-01 
9.543235e-01 
9.543235e-01 
9.543235e-01 
9.543235e-01 
9.543235e-01 
9.543235e-01 
9.543235e-01 
9.543235e-01 
9.543235e-01 
9.543235e-01 
9.543235e-01 
9.543235e-01 
9.543235e-01 
9.543235e-01 
9.543235e-01 
9.543235e-01 
9.543235e-01 
9.543235e-01 
9.543235e-01 
9.543235e-01 
9.543235e-01 
9.543235e-01 
9.543235e-01 
9.543235e-01 
9.543235e-01 
9.543235e-01 
9.543235e-01 
9.543235e-01 
9.543235e-01 
9.543235e-01 
9.543235e-01 
9.543216e-01 
9.543179e-01 
9.543134e-01 
9.543084e-01 
9.543028e-01 
9.542967e-01 
9.542904e-01 
9.542840e-01 
9.542782e-01 
9.542730e-01 
9.542687e-01 
9.542651e-01 
9.542621e-01 
9.542596e-01 
9.542574e-01 
9.542555e-01 
9.542539e-01 
9.542524e-01 
9.542512e-01 
9.542500e-01 
9.542490e-01 
9.542480e-01 
9.542472e-01 
9.542464e-01 
9.542457e-01 
9.542451e-01 
9.542445e-01 
9.542439e-01 
9.542434e-01 
9.542429e-01 
9.542427e-01 
9.542427e-01 
9.542427e-01 
9.542427e-01 
9.542427e-01 
9.542427e-01 
9.542427e-01 
9.542427e-01 
9.542427e-01 
9.542427e-01 
9.542427e-01 
9.542427e-01 
9.542427e-01 
9.542427e-01 
9.542427e-01 
9.542427e-01 
9.542427e-01 
9.542427e-01 
9.542427e-01 
9.542427e-01 
9.542427e-01 
9.542427e-01 
9.542427e-01 
9.542427e-01 
9.542427e-01 
9.542427e-01 
9.542427e-01 
9.542427e-01 
9.542427e-01 
9.542427e-01 
9.542427e-01 
9.542427e-01 
9.542427e-01 
9.542427e-01 
9.542427e-01 
9.542427e-01 
9.542427e-01 
9.542427e-01 
9.542427e-01 
9.542427e-01 
9.542427e-01 
9.542427e-01 
9.542427e-01 
9.542427e-01 
9.542427e-01 
9.542427e-01 
9.542427e-01 
9.542427e-01 
9.542427e-01 
9.542427e-01 
9.542427e-01 
9.542427e-01 
9.542427e-01 
9.542427e-01 
9.542427e-01 
9.542427e-01 
9.542427e-01 
9.542427e-01 
9.542427e-01 
9.542427e-01 
9.542427e-01 
9.542427e-01 
9.542427e-01 
9.361451e-01 
8.364291e-01 
7.100186e-01 
5.643862e-01 
3.951350e-01 
1.877827e-01 
2.209690e-02 
9.459184e-04 
3.587267e-04 
2.055754e-04 
1.306312e-04 
8.876557e-05 
6.333090e-05 
4.692279e-05 
3.584431e-05 
2.809172e-05 
2.250985e-05 
1.840067e-05 
1.532802e-05 
1.301590e-05 
1.129669e-05 
1.009510e-05 
9.461700e-06 
9.741629e-06 
1.191698e-05 
1.535923e-05 
1.738258e-05 
1.847127e-05 
1.920521e-05 
1.983436e-05 
2.038914e-05 
2.042480e-05 
2.042480e-05 
2.042480e-05 
2.042480e-05 
2.042480e-05 
2.042480e-05 
2.042480e-05 
2.042480e-05 
2.042480e-05 
2.042480e-05 
2.042480e-05 
2.042480e-05 
2.042480e-05 
2.042480e-05 
2.042480e-05 
2.042480e-05 
2.042480e-05 
2.042480e-05 
2.042480e-05 
2.042480e-05 
2.042480e-05 
2.042480e-05 
2.042480e-05 
2.042480e-05 
2.042480e-05 
2.042480e-05 
2.042480e-05 
2.042480e-05 
2.042480e-05 
2.042480e-05 
2.042480e-05 
2.042480e-05 
2.042480e-05 
2.042480e-05 
2.042480e-05 
2.042480e-05 
2.042480e-05 
2.042480e-05 
2.042480e-05 
2.042480e-05 
2.042480e-05 
2.042480e-05 
2.042480e-05 
2.042480e-05 
2.042480e-05 
2.042480e-05 
2.042480e-05 
2.042480e-05 
2.042480e-05 
2.042480e-05 
2.042480e-05 
2.042480e-05 
2.042480e-05 
2.042480e-05 
2.042480e-05 
2.042480e-05 
2.042480e-05 
2.042480e-05 
2.042480e-05 
2.042480e-05 
2.042480e-05 
2.042480e-05 
2.042480e-05 
2.055937e-05 
2.080975e-05 
2.109410e-05 
2.140854e-05 
2.174856e-05 
2.210952e-05 
2.248430e-05 
2.285486e-05 
2.322364e-05 
2.360742e-05 
2.401030e-05 
2.442961e-05 
2.485744e-05 
2.527824e-05 
2.566377e-05 
2.596401e-05 
2.609055e-05 
2.588583e-05 
2.506413e-05 
2.309569e-05 
1.897490e-05 
1.076757e-05 
-5.148627e-06 
-3.462224e-05 
-8.334069e-05 
-1.503912e-04 
-2.296035e-04 
-3.189478e-04 
-4.207772e-04 
-5.315064e-04 
-5.775657e-04 
-5.775664e-04 
-5.775664e-04 
-5.775664e-04 
-5.775664e-04 
-5.775664e-04 
-5.775664e-04 
-5.775664e-04 
-5.775664e-04 
-5.775664e-04 
-5.775664e-04 
-5.775664e-04 
-5.775664e-04 
-5.775664e-04 
-5.775664e-04 
-5.775664e-04 
-5.775664e-04 
-5.775664e-04 
-5.775664e-04 
-5.775664e-04 
-5.775664e-04 
-5.775664e-04 
-5.775664e-04 
-5.775664e-04 
-5.775664e-04 
-5.775664e-04 
-5.775664e-04 
-5.775664e-04 
-5.775664e-04 
-5.775664e-04 
-5.775664e-04 
-5.775664e-04 
-5.775664e-04 
-5.775664e-04 
-5.775664e-04 
-5.775664e-04 
-5.775664e-04 
-5.775664e-04 
-5.775664e-04 
-5.775664e-04 
-5.775664e-04 
-5.775664e-04 
-5.775664e-04 
-5.775664e-04 
-5.775664e-04 
-5.775664e-04 
-5.775664e-04 
-5.775664e-04 
-5.775664e-04 
-5.775664e-04 
-5.775664e-04 
-5.775664e-04 
-5.775664e-04 
-5.775664e-04 
-5.775664e-04 
-5.775664e-04 
-5.775664e-04 
-5.775664e-04 
-5.775664e-04 
-5.775664e-04 
-5.775664e-04 
-5.775664e-04 
-5.775664e-04 
-5.894998e-04 
-6.485669e-04 
-7.173312e-04 
-7.977876e-04 
-8.926369e-04 
-1.005361e-03 
-1.140383e-03 
-1.303185e-03 
-1.500749e-03 
-1.742802e-03 
-2.043096e-03 
-2.420827e-03 
-2.903104e-03 
-3.529060e-03 
-4.356562e-03 
-5.473525e-03 
-7.017652e-03 
-9.212320e-03 
-1.243489e-02 
-1.735360e-02 
-2.521793e-02 
-3.850769e-02 
-6.241697e-02 
-1.078352e-01 
-1.928807e-01 
-3.249753e-01 
-4.784836e-01 
-6.286625e-01 
-7.661876e-01 
-8.835083e-01 
-9.543129e-01 
-9.543232e-01 
-9.543232e-01 
-9.543232e-01 
-9.543232e-01 
-9.543232e-01 
-9.543232e-01 
-9.543232e-01 
-9.543232e-01 
-9.543232e-01 
-9.543232e-01 
-9.543232e-01 
-9.543232e-01 
-9.543232e-01 
-9.543232e-01 
-9.543232e-01 
-9.543232e-01 
-9.543232e-01 
-9.543232e-01 
-9.543232e-01 
-9.543232e-01 
-9.543232e-01 
-9.543232e-01 
-9.543232e-01 
-9.543232e-01 
-9.543232e-01 
-9.543232e-01 
-9.543232e-01 
-9.543232e-01 
-9.543232e-01 
-9.543232e-01 
-9.543232e-01 
-9.543232e-01 
-9.543232e-01 
-9.543232e-01 
-9.543232e-01 
-9.543232e-01 
-9.543232e-01 
-9.543232e-01 
-9.543232e-01 
-9.543232e-01 
-9.543232e-01 
-9.543232e-01 
-9.543232e-01 
-9.543232e-01 
-9.543232e-01 
-9.543232e-01 
-9.543232e-01 
-9.543232e-01 
-9.543232e-01 
-9.543232e-01 
-9.543232e-01 
-9.543232e-01 
-9.543232e-01 
-9.543232e-01 
-9.543232e-01 
-9.543232e-01 
-9.543232e-01 
-9.543232e-01 
-9.543232e-01 
-9.543232e-01 
-9.543232e-01 
-9.543232e-01 
-9.543232e-01 
-9.543207e-01 
-9.543163e-01 
-9.543109e-01 
-9.543043e-01 
-9.542958e-01 
-9.542841e-01 
-9.542739e-01 
-9.542693e-01 
-9.542659e-01 
-9.542631e-01 
-9.542606e-01 
-9.542584e-01 
-9.542565e-01 
-9.542549e-01 
-9.542534e-01 
-9.542521e-01 
-9.542509e-01 
-9.542498e-01 
-9.542488e-01 
-9.542479e-01 
-9.542471e-01 
-9.542464e-01 
-9.542457e-01 
-9.542450e-01 
-9.542444e-01 
-9.542439e-01 
-9.542434e-01 
-9.542429e-01 
-9.542424e-01 
-9.542420e-01 
-9.542419e-01 
-9.542419e-01 
-9.542419e-01 
-9.542419e-01 
-9.542419e-01 
-9.542419e-01 
-9.542419e-01 
-9.542419e-01 
-9.542419e-01 
-9.542419e-01 
-9.542419e-01 
-9.542419e-01 
-9.542419e-01 
-9.542419e-01 
-9.542419e-01 
-9.542419e-01 
-9.542419e-01 
-9.542419e-01 
-9.542419e-01 
-9.542419e-01 
-9.542419e-01 
-9.542419e-01 
-9.542419e-01 
-9.542419e-01 
-9.542419e-01 
-9.542419e-01 
-9.542419e-01 
-9.542419e-01 
-9.542419e-01 
-9.542419e-01 
-9.542419e-01 
-9.542419e-01 
-9.542419e-01 
-9.542419e-01 
-9.542419e-01 
-9.542419e-01 
-9.542419e-01 
-9.542419e-01 
-9.542419e-01 
-9.542419e-01 
-9.542419e-01 
-9.542419e-01 
-9.542419e-01 
-9.542419e-01 
-9.542419e-01 
-9.542419e-01 
-9.542419e-01 
-9.542419e-01 
-9.542419e-01 
-9.542419e-01 
-9.542419e-01 
-9.542419e-01 
-9.542419e-01 
-9.542419e-01 
-9.542419e-01 
-9.542419e-01 
-9.542419e-01 
-9.542419e-01 
-9.542419e-01 
-9.542419e-01 
-9.542419e-01 
-9.542419e-01 
-9.542419e-01 
-9.304867e-01 
-8.284816e-01 
-7.006023e-01 
-5.534436e-01 
-3.812224e-01 
-1.682155e-01 
-1.293174e-02 
8.075762e-04 
4.433442e-04 
2.565974e-04 
1.639279e-04 
1.117664e-04 
7.989387e-05 
5.922839e-05 
4.520307e-05 
3.532720e-05 
2.815487e-05 
2.280264e-05 
1.870556e-05 
1.548423e-05 
1.286480e-05 
1.061769e-05 
8.475203e-06 
5.918762e-06 
1.755643e-06 
-3.366834e-06 
-6.692291e-06 
-8.890944e-06 
-1.059110e-05 
-1.206840e-05 
-1.323585e-05 
-1.325027e-05 
-1.325027e-05 
-1.325027e-05 
-1.325027e-05 
-1.325027e-05 
-1.325027e-05 
-1.325027e-05 
-1.325027e-05 
-1.325027e-05 
-1.325027e-05 
-1.325027e-05 
-1.325027e-05 
-1.325027e-05 
-1.325027e-05 
-1.325027e-05 
-1.325027e-05 
-1.325027e-05 
-1.325027e-05 
-1.325027e-05 
-1.325027e-05 
-1.325027e-05 
-1.325027e-05 
-1.325027e-05 
-1.325027e-05 
-1.325027e-05 
-1.325027e-05 
-1.325027e-05 
-1.325027e-05 
-1.325027e-05 
-1.325027e-05 
-1.325027e-05 
-1.325027e-05 
-1.325027e-05 
-1.325027e-05 
-1.325027e-05 
-1.325027e-05 
-1.325027e-05 
-1.325027e-05 
-1.325027e-05 
-1.325027e-05 
-1.325027e-05 
-1.325027e-05 
-1.325027e-05 
-1.325027e-05 
-1.325027e-05 
-1.325027e-05 
-1.325027e-05 
-1.325027e-05 
-1.325027e-05 
-1.325027e-05 
-1.325027e-05 
-1.325027e-05 
-1.325027e-05 
-1.325027e-05 
-1.325027e-05 
-1.325027e-05 
-1.325027e-05 
-1.325027e-05 
-1.325027e-05 
-1.325027e-05 
-1.325027e-05 
-1.325027e-05 
-1.325027e-05 
-1.310846e-05 
-1.288062e-05 
-1.262434e-05 
-1.232408e-05 
-1.196108e-05 
-1.151357e-05 
-1.095319e-05 
-1.023681e-05 
-9.337301e-06 
-8.228034e-06 
-6.856581e-06 
-5.146606e-06 
-2.992265e-06 
-2.462073e-07 
3.298869e-06 
7.937490e-06 
1.409035e-05 
2.235556e-05 
3.356282e-05 
4.879219e-05 
6.926535e-05 
9.599598e-05 
1.292889e-04 
1.686159e-04 
2.133071e-04 
2.636073e-04 
3.213714e-04 
3.900508e-04 
4.728021e-04 
5.646283e-04 
5.967670e-04 
5.967672e-04 
5.967672e-04 
5.967672e-04 
5.967672e-04 
5.967672e-04 
5.967672e-04 
5.967672e-04 
5.967672e-04 
5.967672e-04 
5.967672e-04 
5.967672e-04 
5.967672e-04 
5.967672e-04 
5.967672e-04 
5.967672e-04 
5.967672e-04 
5.967672e-04 
5.967672e-04 
5.967672e-04 
5.967672e-04 
5.967672e-04 
5.967672e-04 
5.967672e-04 
5.967672e-04 
5.967672e-04 
5.967672e-04 
5.967672e-04 
5.967672e-04 
5.967672e-04 
5.967672e-04 
5.967672e-04 
5.967672e-04 
5.967672e-04 
5.967672e-04 
5.967672e-04 
5.967672e-04 
5.967672e-04 
5.967672e-04 
5.967672e-04 
5.967672e-04 
5.967672e-04 
5.967672e-04 
5.967672e-04 
5.967672e-04 
5.967672e-04 
5.967672e-04 
5.967672e-04 
5.967672e-04 
5.967672e-04 
5.967672e-04 
5.967672e-04 
5.967672e-04 
5.967672e-04 
5.967672e-04 
5.967672e-04 
5.967672e-04 
5.967672e-04 
5.967672e-04 
5.967672e-04 
5.967672e-04 
5.967672e-04 
5.967672e-04 
6.129415e-04 
6.745305e-04 
7.461742e-04 
8.300088e-04 
9.288640e-04 
1.046390e-03 
1.187221e-03 
1.357069e-03 
1.563200e-03 
1.815779e-03 
2.129191e-03 
2.523513e-03 
3.027112e-03 
3.680952e-03 
4.545657e-03 
5.713405e-03 
7.328722e-03 
9.626325e-03 
1.300327e-02 
1.816378e-02 
2.642651e-02 
4.041071e-02 
6.559126e-02 
1.133098e-01 
2.016103e-01 
3.357624e-01 
4.892141e-01 
6.385891e-01 
7.749760e-01 
8.904970e-01 
9.543214e-01 
9.543235e-01 
9.543235e-01 
9.543235e-01 
9.543235e-01 
9.543235e-01 
9.543235e-01 
9.543235e-01 
9.543235e-01 
9.543235e-01 
9.543235e-01 
9.543235e-01 
9.543235e-01 
9.543235e-01 
9.543235e-01 
9.543235e-01 
9.543235e-01 
9.543235e-01 
9.543235e-01 
9.543235e-01 
9.543235e-01 
9.543235e-01 
9.543235e-01 
9.543235e-01 
9.543235e-01 
9.543235e-01 
9.543235e-01 
9.543235e-01 
9.543235e-01 
9.543235e-01 
9.543235e-01 
9.543235e-01 
9.543235e-01 
9.543235e-01 
9.543235e-01 
9.543235e-01 
9.543235e-01 
9.543235e-01 
9.543235e-01 
9.543235e-01 
9.543235e-01 
9.543235e-01 
9.543235e-01 
9.543235e-01 
9.543235e-01 
9.543235e-01 
9.543235e-01 
9.543235e-01 
9.543235e-01 
9.543235e-01 
9.543235e-01 
9.543235e-01 
9.543235e-01 
9.543235e-01 
9.543235e-01 
9.543235e-01 
9.543235e-01 
9.543235e-01 
9.543235e-01 
9.543235e-01 
9.543235e-01 
9.543235e-01 
9.543235e-01 
9.543235e-01 
9.543211e-01 
9.543173e-01 
9.543128e-01 
9.543077e-01 
9.543020e-01 
9.542959e-01 
9.542895e-01 
9.542832e-01 
9.542774e-01 
9.542724e-01 
9.542682e-01 
9.542647e-01 
9.542618e-01 
9.542593e-01 
9.542571e-01 
9.542553e-01 
9.542537e-01 
9.542523e-01 
9.542510e-01 
9.542499e-01 
9.542488e-01 
9.542479e-01 
9.542471e-01 
9.542463e-01 
9.542456e-01 
9.542450e-01 
9.542444e-01 
9.542439e-01 
9.542434e-01 
9.542429e-01 
9.542428e-01 
9.542428e-01 
9.542428e-01 
9.542428e-01 
9.542428e-01 
9.542428e-01 
9.542428e-01 
9.542428e-01 
9.542428e-01 
9.542428e-01 
9.542428e-01 
9.542428e-01 
9.542428e-01 
9.542428e-01 
9.542428e-01 
9.542428e-01 
9.542428e-01 
9.542428e-01 
9.542428e-01 
9.542428e-01 
9.542428e-01 
9.542428e-01 
9.542428e-01 
9.542428e-01 
9.542428e-01 
9.542428e-01 
9.542428e-01 
9.542428e-01 
9.542428e-01 
9.542428e-01 
9.542428e-01 
9.542428e-01 
9.542428e-01 
9.542428e-01 
9.542428e-01 
9.542428e-01 
9.542428e-01 
9.542428e-01 
9.542428e-01 
9.542428e-01 
9.542428e-01 
9.542428e-01 
9.542428e-01 
9.542428e-01 
9.542428e-01 
9.542428e-01 
9.542428e-01 
9.542428e-01 
9.542428e-01 
9.542428e-01 
9.542428e-01 
9.542428e-01 
9.542428e-01 
9.542428e-01 
9.542428e-01 
9.542428e-01 
9.542428e-01 
9.542428e-01 
9.542428e-01 
9.542428e-01 
9.542428e-01 
9.542428e-01 
9.542428e-01 
9.246338e-01 
8.204369e-01 
6.912085e-01 
5.429087e-01 
3.693902e-01 
1.577960e-01 
1.428505e-02 
8.540298e-04 
3.774945e-04 
2.202476e-04 
1.414543e-04 
9.682164e-05 
6.943522e-05 
5.162875e-05 
3.952370e-05 
3.099611e-05 
2.481017e-05 
2.021129e-05 
1.672019e-05 
1.402239e-05 
1.190604e-05 
1.022589e-05 
8.882374e-06 
7.807355e-06 
6.901601e-06 
6.043132e-06 
5.355891e-06 
4.788986e-06 
4.305334e-06 
3.882726e-06 
3.594574e-06 
3.594287e-06 
3.594287e-06 
3.594287e-06 
3.594287e-06 
3.594287e-06 
3.594287e-06 
3.594287e-06 
3.594287e-06 
3.594287e-06 
3.594287e-06 
3.594287e-06 
3.594287e-06 
3.594287e-06 
3.594287e-06 
3.594287e-06 
3.594287e-06 
3.594287e-06 
3.594287e-06 
3.594287e-06 
3.594287e-06 
3.594287e-06 
3.594287e-06 
3.594287e-06 
3.594287e-06 
3.594287e-06 
3.594287e-06 
3.594287e-06 
3.594287e-06 
3.594287e-06 
3.594287e-06 
3.594287e-06 
3.594287e-06 
3.594287e-06 
3.594287e-06 
3.594287e-06 
3.594287e-06 
3.594287e-06 
3.594287e-06 
3.594287e-06 
3.594287e-06 
3.594287e-06 
3.594287e-06 
3.594287e-06 
3.594287e-06 
3.594287e-06 
3.594287e-06 
3.594287e-06 
3.594287e-06 
3.594287e-06 
3.594287e-06 
3.594287e-06 
3.594287e-06 
3.594287e-06 
3.594287e-06 
3.594287e-06 
3.594287e-06 
3.594287e-06 
3.594287e-06 
3.594287e-06 
3.594287e-06 
3.594287e-06 
3.594287e-06 
3.594287e-06 
3.756700e-06 
4.000134e-06 
4.275284e-06 
4.588170e-06 
4.946141e-06 
5.358104e-06 
5.834913e-06 
6.389959e-06 
7.040314e-06 
7.808983e-06 
8.726494e-06 
9.833732e-06 
1.118645e-05 
1.286227e-05 
1.497173e-05 
1.767646e-05 
2.121992e-05 
2.598163e-05 
3.257625e-05 
4.204106e-05 
5.619335e-05 
7.825692e-05 
1.135056e-04 
1.676817e-04 
2.398133e-04 
3.205798e-04 
4.036146e-04 
4.871062e-04 
5.669458e-04 
6.316228e-04 
6.462749e-04 
6.462749e-04 
6.462749e-04 
6.462749e-04 
6.462749e-04 
6.462749e-04 
6.462749e-04 
6.462749e-04 
6.462749e-04 
6.462749e-04 
6.462749e-04 
6.462749e-04 
6.462749e-04 
6.462749e-04 
6.462749e-04 
6.462749e-04 
6.462749e-04 
6.462749e-04 
6.462749e-04 
6.462749e-04 
6.462749e-04 
6.462749e-04 
6.462749e-04 
6.462749e-04 
6.462749e-04 
6.462749e-04 
6.462749e-04 
6.462749e-04 
6.462749e-04 
6.462749e-04 
6.462749e-04 
6.462749e-04 
6.462749e-04 
6.462749e-04 
6.462749e-04 
6.462749e-04 
6.462749e-04 
6.462749e-04 
6.462749e-04 
6.462749e-04 
6.462749e-04 
6.462749e-04 
6.462749e-04 
6.462749e-04 
6.462749e-04 
6.462749e-04 
6.462749e-04 
6.462749e-04 
6.462749e-04 
6.462749e-04 
6.462749e-04 
6.462749e-04 
6.462749e-04 
6.462749e-04 
6.462749e-04 
6.462749e-04 
6.462749e-04 
6.462749e-04 
6.462749e-04 
6.462749e-04 
6.462749e-04 
6.462749e-04 
6.462749e-04 
6.675445e-04 
7.324271e-04 
8.068952e-04 
8.882350e-04 
9.371381e-04 
1.055218e-03 
1.197838e-03 
1.369912e-03 
1.578853e-03 
1.835079e-03 
2.153307e-03 
2.554083e-03 
3.066474e-03 
3.732522e-03 
4.614560e-03 
5.807544e-03 
7.460698e-03 
9.816997e-03 
1.328871e-02 
1.860959e-02 
2.715903e-02 
4.168791e-02 
6.795970e-02 
1.178412e-01 
2.094780e-01 
3.460168e-01 
4.997053e-01 
6.483982e-01 
7.836576e-01 
8.973233e-01 
9.543231e-01 
9.543235e-01 
9.543235e-01 
9.543235e-01 
9.543235e-01 
9.543235e-01 
9.543235e-01 
9.543235e-01 
9.543235e-01 
9.543235e-01 
9.543235e-01 
9.543235e-01 
9.543235e-01 
9.543235e-01 
9.543235e-01 
9.543235e-01 
9.543235e-01 
9.543235e-01 
9.543235e-01 
9.543235e-01 
9.543235e-01 
9.543235e-01 
9.543235e-01 
9.543235e-01 
9.543235e-01 
9.543235e-01 
9.543235e-01 
9.543235e-01 
9.543235e-01 
9.543235e-01 
9.543235e-01 
9.543235e-01 
9.543235e-01 
9.543235e-01 
9.543235e-01 
9.543235e-01 
9.543235e-01 
9.543235e-01 
9.543235e-01 
9.543235e-01 
9.543235e-01 
9.543235e-01 
9.543235e-01 
9.543235e-01 
9.543235e-01 
9.543235e-01 
9.543235e-01 
9.543235e-01 
9.543235e-01 
9.543235e-01 
9.543235e-01 
9.543235e-01 
9.543235e-01 
9.543235e-01 
9.543235e-01 
9.543235e-01 
9.543235e-01 
9.543235e-01 
9.543235e-01 
9.543235e-01 
9.543235e-01 
9.543235e-01 
9.543235e-01 
9.543235e-01 
9.543209e-01 
9.543170e-01 
9.543125e-01 
9.543073e-01 
9.543016e-01 
9.542955e-01 
9.542891e-01 
9.542828e-01 
9.542770e-01 
9.542721e-01 
9.542679e-01 
9.542645e-01 
9.542616e-01 
9.542591e-01 
9.542570e-01 
9.542552e-01 
9.542536e-01 
9.542522e-01 
9.542509e-01 
9.542498e-01 
9.542488e-01 
9.542479e-01 
9.542470e-01 
9.542463e-01 
9.542456e-01 
9.542450e-01 
9.542444e-01 
9.542438e-01 
9.542433e-01 
9.542429e-01 
9.542428e-01 
9.542428e-01 
9.542428e-01 
9.542428e-01 
9.542428e-01 
9.542428e-01 
9.542428e-01 
9.542428e-01 
9.542428e-01 
9.542428e-01 
9.542428e-01 
9.542428e-01 
9.542428e-01 
9.542428e-01 
9.542428e-01 
9.542428e-01 
9.542428e-01 
9.542428e-01 
9.542428e-01 
9.542428e-01 
9.542428e-01 
9.542428e-01 
9.542428e-01 
9.542428e-01 
9.542428e-01 
9.542428e-01 
9.542428e-01 
9.542428e-01 
9.542428e-01 
9.542428e-01 
9.542428e-01 
9.542428e-01 
9.542428e-01 
9.542428e-01 
9.542428e-01 
9.542428e-01 
9.542428e-01 
9.542428e-01 
9.542428e-01 
9.542428e-01 
9.542428e-01 
9.542428e-01 
9.542428e-01 
9.542428e-01 
9.542428e-01 
9.542428e-01 
9.542428e-01 
9.542428e-01 
9.542428e-01 
9.542428e-01 
9.542428e-01 
9.542428e-01 
9.542428e-01 
9.542428e-01 
9.542428e-01 
9.542428e-01 
9.542428e-01 
9.542428e-01 
9.542428e-01 
9.542428e-01 
9.542428e-01 
9.542428e-01 
9.542428e-01 
9.185900e-01 
8.122693e-01 
6.816750e-01 
5.319967e-01 
3.561855e-01 
1.429656e-01 
1.129655e-02 
7.821813e-04 
3.622560e-04 
2.131094e-04 
1.375700e-04 
9.450324e-05 
6.795796e-05 
5.063963e-05 
3.883485e-05 
3.050065e-05 
2.444399e-05 
1.993424e-05 
1.650620e-05 
1.385398e-05 
1.177117e-05 
1.011600e-05 
8.791128e-06 
7.729117e-06 
6.826465e-06 
5.982735e-06 
5.307949e-06 
4.748583e-06 
4.270418e-06 
3.852150e-06 
3.591764e-06 
3.591681e-06 
3.591681e-06 
3.591681e-06 
3.591681e-06 
3.591681e-06 
3.591681e-06 
3.591681e-06 
3.591681e-06 
3.591681e-06 
3.591681e-06 
3.591681e-06 
3.591681e-06 
3.591681e-06 
3.591681e-06 
3.591681e-06 
3.591681e-06 
3.591681e-06 
3.591681e-06 
3.591681e-06 
3.591681e-06 
3.591681e-06 
3.591681e-06 
3.591681e-06 
3.591681e-06 
3.591681e-06 
3.591681e-06 
3.591681e-06 
3.591681e-06 
3.591681e-06 
3.591681e-06 
3.591681e-06 
3.591681e-06 
3.591681e-06 
3.591681e-06 
3.591681e-06 
3.591681e-06 
3.591681e-06 
3.591681e-06 
3.591681e-06 
3.591681e-06 
3.591681e-06 
3.591681e-06 
3.591681e-06 
3.591681e-06 
3.591681e-06 
3.591681e-06 
3.591681e-06 
3.591681e-06 
3.591681e-06 
3.591681e-06 
3.591681e-06 
3.591681e-06 
3.591681e-06 
3.591681e-06 
3.591681e-06 
3.591681e-06 
3.591681e-06 
3.591681e-06 
3.591681e-06 
3.591681e-06 
3.591681e-06 
3.591681e-06 
3.591681e-06 
3.769854e-06 
4.015329e-06 
4.292938e-06 
4.608798e-06 
4.970401e-06 
5.386808e-06 
5.868970e-06 
6.430225e-06 
7.088088e-06 
7.866148e-06 
8.795574e-06 
9.918141e-06 
1.129089e-05 
1.299336e-05 
1.513900e-05 
1.789403e-05 
2.150940e-05 
2.637720e-05 
3.313424e-05 
4.285806e-05 
5.743990e-05 
8.022884e-05 
1.166285e-04 
1.721888e-04 
2.452086e-04 
3.262145e-04 
4.092970e-04 
4.927258e-04 
5.719946e-04 
6.350797e-04 
6.462676e-04 
6.462676e-04 
6.462676e-04 
6.462676e-04 
6.462676e-04 
6.462676e-04 
6.462676e-04 
6.462676e-04 
6.462676e-04 
6.462676e-04 
6.462676e-04 
6.462676e-04 
6.462676e-04 
6.462676e-04 
6.462676e-04 
6.462676e-04 
6.462676e-04 
6.462676e-04 
6.462676e-04 
6.462676e-04 
6.462676e-04 
6.462676e-04 
6.462676e-04 
6.462676e-04 
6.462676e-04 
6.462676e-04 
6.462676e-04 
6.462676e-04 
6.462676e-04 
6.462676e-04 
6.462676e-04 
6.462676e-04 
6.462676e-04 
6.462676e-04 
6.462676e-04 
6.462676e-04 
6.462676e-04 
6.462676e-04 
6.462676e-04 
6.462676e-04 
6.462676e-04 
6.462676e-04 
6.462676e-04 
6.462676e-04 
6.462676e-04 
6.462676e-04 
6.462676e-04 
6.462676e-04 
6.462676e-04 
6.462676e-04 
6.462676e-04 
6.462676e-04 
6.462676e-04 
6.462676e-04 
6.462676e-04 
6.462676e-04 
6.462676e-04 
6.462676e-04 
6.462676e-04 
6.462676e-04 
6.462676e-04 
6.462676e-04 
6.462676e-04 
6.716903e-04 
7.371886e-04 
8.123262e-04 
8.918850e-04 
9.441593e-04 
1.064157e-03 
1.208593e-03 
1.382926e-03 
1.594726e-03 
1.854666e-03 
2.177806e-03 
2.585170e-03 
3.106546e-03 
3.785091e-03 
4.684896e-03 
5.903800e-03 
7.595900e-03 
1.001277e-02 
1.358256e-02 
1.907000e-02 
2.791842e-02 
4.301767e-02 
7.043491e-02 
1.225721e-01 
2.175742e-01 
3.563445e-01 
5.101675e-01 
6.581449e-01 
7.922412e-01 
9.039832e-01 
9.543234e-01 
9.543235e-01 
9.543235e-01 
9.543235e-01 
9.543235e-01 
9.543235e-01 
9.543235e-01 
9.543235e-01 
9.543235e-01 
9.543235e-01 
9.543235e-01 
9.543235e-01 
9.543235e-01 
9.543235e-01 
9.543235e-01 
9.543235e-01 
9.543235e-01 
9.543235e-01 
9.543235e-01 
9.543235e-01 
9.543235e-01 
9.543235e-01 
9.543235e-01 
9.543235e-01 
9.543235e-01 
9.543235e-01 
9.543235e-01 
9.543235e-01 
9.543235e-01 
9.543235e-01 
9.543235e-01 
9.543235e-01 
9.543235e-01 
9.543235e-01 
9.543235e-01 
9.543235e-01 
9.543235e-01 
9.543235e-01 
9.543235e-01 
9.543235e-01 
9.543235e-01 
9.543235e-01 
9.543235e-01 
9.543235e-01 
9.543235e-01 
9.543235e-01 
9.543235e-01 
9.543235e-01 
9.543235e-01 
9.543235e-01 
9.543235e-01 
9.543235e-01 
9.543235e-01 
9.543235e-01 
9.543235e-01 
9.543235e-01 
9.543235e-01 
9.543235e-01 
9.543235e-01 
9.543235e-01 
9.543235e-01 
9.543235e-01 
9.543235e-01 
9.543235e-01 
9.543206e-01 
9.543167e-01 
9.543121e-01 
9.543069e-01 
9.543012e-01 
9.542950e-01 
9.542886e-01 
9.542824e-01 
9.542767e-01 
9.542718e-01 
9.542677e-01 
9.542643e-01 
9.542614e-01 
9.542590e-01 
9.542569e-01 
9.542551e-01 
9.542535e-01 
9.542521e-01 
9.542508e-01 
9.542497e-01 
9.542487e-01 
9.542478e-01 
9.542470e-01 
9.542462e-01 
9.542455e-01 
9.542449e-01 
9.542443e-01 
9.542437e-01 
9.542432e-01 
9.542428e-01 
9.542427e-01 
9.542427e-01 
9.542427e-01 
9.542427e-01 
9.542427e-01 
9.542427e-01 
9.542427e-01 
9.542427e-01 
9.542427e-01 
9.542427e-01 
9.542427e-01 
9.542427e-01 
9.542427e-01 
9.542427e-01 
9.542427e-01 
9.542427e-01 
9.542427e-01 
9.542427e-01 
9.542427e-01 
9.542427e-01 
9.542427e-01 
9.542427e-01 
9.542427e-01 
9.542427e-01 
9.542427e-01 
9.542427e-01 
9.542427e-01 
9.542427e-01 
9.542427e-01 
9.542427e-01 
9.542427e-01 
9.542427e-01 
9.542427e-01 
9.542427e-01 
9.542427e-01 
9.542427e-01 
9.542427e-01 
9.542427e-01 
9.542427e-01 
9.542427e-01 
9.542427e-01 
9.542427e-01 
9.542427e-01 
9.542427e-01 
9.542427e-01 
9.542427e-01 
9.542427e-01 
9.542427e-01 
9.542427e-01 
9.542427e-01 
9.542427e-01 
9.542427e-01 
9.542427e-01 
9.542427e-01 
9.542427e-01 
9.542427e-01 
9.542427e-01 
9.542427e-01 
9.542427e-01 
9.542427e-01 
9.542427e-01 
9.542427e-01 
9.542427e-01 
9.123632e-01 
8.039914e-01 
6.720522e-01 
5.209472e-01 
3.426797e-01 
1.281493e-01 
8.655689e-03 
6.359833e-04 
3.037746e-04 
1.801156e-04 
1.168630e-04 
8.058959e-05 
5.814633e-05 
4.346909e-05 
3.345339e-05 
2.638505e-05 
2.126174e-05 
1.747129e-05 
1.462887e-05 
1.249167e-05 
1.091740e-05 
9.858709e-06 
9.420046e-06 
1.009450e-05 
1.289561e-05 
1.605800e-05 
1.774080e-05 
1.869187e-05 
1.938367e-05 
1.998885e-05 
2.042481e-05 
2.042480e-05 
2.042480e-05 
2.042480e-05 
2.042480e-05 
2.042480e-05 
2.042480e-05 
2.042480e-05 
2.042480e-05 
2.042480e-05 
2.042480e-05 
2.042480e-05 
2.042480e-05 
2.042480e-05 
2.042480e-05 
2.042480e-05 
2.042480e-05 
2.042480e-05 
2.042480e-05 
2.042480e-05 
2.042480e-05 
2.042480e-05 
2.042480e-05 
2.042480e-05 
2.042480e-05 
2.042480e-05 
2.042480e-05 
2.042480e-05 
2.042480e-05 
2.042480e-05 
2.042480e-05 
2.042480e-05 
2.042480e-05 
2.042480e-05 
2.042480e-05 
2.042480e-05 
2.042480e-05 
2.042480e-05 
2.042480e-05 
2.042480e-05 
2.042480e-05 
2.042480e-05 
2.042480e-05 
2.042480e-05 
2.042480e-05 
2.042480e-05 
2.042480e-05 
2.042480e-05 
2.042480e-05 
2.042480e-05 
2.042480e-05 
2.042480e-05 
2.042480e-05 
2.042480e-05 
2.042480e-05 
2.042480e-05 
2.042480e-05 
2.042480e-05 
2.042480e-05 
2.042480e-05 
2.042480e-05 
2.042480e-05 
2.042480e-05 
2.042531e-05 
2.062425e-05 
2.088431e-05 
2.117728e-05 
2.149920e-05 
2.184538e-05 
2.221121e-05 
2.258677e-05 
2.295497e-05 
2.332676e-05 
2.371574e-05 
2.412357e-05 
2.454626e-05 
2.497413e-05 
2.538880e-05 
2.575721e-05 
2.602091e-05 
2.607651e-05 
2.573895e-05 
2.467075e-05 
2.224202e-05 
1.725069e-05 
7.387492e-06 
-1.157454e-05 
-4.590313e-05 
-1.001078e-04 
-1.710587e-04 
-2.529638e-04 
-3.454687e-04 
-4.507601e-04 
-5.603769e-04 
-5.775664e-04 
-5.775664e-04 
-5.775664e-04 
-5.775664e-04 
-5.775664e-04 
-5.775664e-04 
-5.775664e-04 
-5.775664e-04 
-5.775664e-04 
-5.775664e-04 
-5.775664e-04 
-5.775664e-04 
-5.775664e-04 
-5.775664e-04 
-5.775664e-04 
-5.775664e-04 
-5.775664e-04 
-5.775664e-04 
-5.775664e-04 
-5.775664e-04 
-5.775664e-04 
-5.775664e-04 
-5.775664e-04 
-5.775664e-04 
-5.775664e-04 
-5.775664e-04 
-5.775664e-04 
-5.775664e-04 
-5.775664e-04 
-5.775664e-04 
-5.775664e-04 
-5.775664e-04 
-5.775664e-04 
-5.775664e-04 
-5.775664e-04 
-5.775664e-04 
-5.775664e-04 
-5.775664e-04 
-5.775664e-04 
-5.775664e-04 
-5.775664e-04 
-5.775664e-04 
-5.775664e-04 
-5.775664e-04 
-5.775664e-04 
-5.775664e-04 
-5.775664e-04 
-5.775664e-04 
-5.775664e-04 
-5.775664e-04 
-5.775664e-04 
-5.775664e-04 
-5.775664e-04 
-5.775664e-04 
-5.775664e-04 
-5.775664e-04 
-5.775664e-04 
-5.775664e-04 
-5.775664e-04 
-5.775664e-04 
-5.775664e-04 
-5.775664e-04 
-5.775664e-04 
-6.047486e-04 
-6.663411e-04 
-7.380733e-04 
-8.221682e-04 
-9.215231e-04 
-1.039864e-03 
-1.181891e-03 
-1.353418e-03 
-1.562033e-03 
-1.818452e-03 
-2.137741e-03 
-2.540957e-03 
-3.058003e-03 
-3.732323e-03 
-4.628614e-03 
0.000000e+00 
0.000000e+00 
0.000000e+00 
0.000000e+00 
0.000000e+00 
0.000000e+00 
0.000000e+00 
0.000000e+00
#[#TRACE_DATA]
#[#TRACE]
