#[TRACE]
#data_labels=Output
#[TRACE_DATA]
5.333546e-03 
9.543225e-01 
9.543225e-01 
9.543225e-01 
9.543225e-01 
9.542567e-01 
9.542428e-01 
9.542428e-01 
9.542428e-01 
9.542428e-01 
3.481509e-05 
-1.431645e-05 
-1.431645e-05 
-1.431645e-05 
-1.431645e-05 
7.494127e-07 
5.808634e-04 
5.808634e-04 
5.808634e-04 
5.808634e-04 
5.201874e-03 
9.543225e-01 
9.543225e-01 
9.543225e-01 
9.543225e-01 
9.542567e-01 
9.542427e-01 
9.542427e-01 
9.542427e-01 
9.542427e-01 
3.084821e-05 
3.076462e-06 
3.076462e-06 
3.076462e-06 
3.076462e-06 
1.379662e-05 
6.304609e-04 
6.304609e-04 
6.304609e-04 
6.304609e-04 
5.201874e-03 
9.543225e-01 
9.543225e-01 
9.543225e-01 
9.543225e-01 
9.542567e-01 
9.542427e-01 
9.542427e-01 
9.542427e-01 
9.542427e-01 
3.084594e-05 
3.077580e-06 
3.077580e-06 
3.077580e-06 
3.077580e-06 
1.379658e-05 
6.304608e-04 
6.304608e-04 
6.304608e-04 
6.304608e-04 
5.201874e-03 
9.543225e-01 
9.543225e-01 
9.543225e-01 
9.543225e-01 
9.542567e-01 
9.542427e-01 
9.542427e-01 
9.542427e-01 
9.542427e-01 
2.687795e-05 
2.046059e-05 
2.046059e-05 
2.046059e-05 
2.046059e-05 
2.621538e-05 
-5.655548e-04 
-5.655548e-04 
-5.655548e-04 
-5.655548e-04 
-5.089467e-03 
-9.543222e-01 
-9.543222e-01 
-9.543222e-01 
-9.543222e-01 
-9.542531e-01 
-9.542419e-01 
-9.542419e-01 
-9.542419e-01 
-9.542419e-01 
3.481509e-05 
-1.431645e-05 
-1.431645e-05 
-1.431645e-05 
-1.431645e-05 
7.494107e-07 
5.808634e-04 
5.808634e-04 
5.808634e-04 
5.808634e-04 
5.201874e-03 
9.543225e-01 
9.543225e-01 
9.543225e-01 
9.543225e-01 
9.542567e-01 
9.542427e-01 
9.542427e-01 
9.542427e-01 
9.542427e-01 
3.084822e-05 
3.076462e-06 
3.076462e-06 
3.076462e-06 
3.076462e-06 
1.379662e-05 
6.304609e-04 
6.304609e-04 
6.304609e-04 
6.304609e-04 
5.201874e-03 
9.543225e-01 
9.543225e-01 
9.543225e-01 
9.543225e-01 
9.542567e-01 
9.542427e-01 
9.542427e-01 
9.542427e-01 
9.542427e-01 
3.084594e-05 
3.077580e-06 
3.077580e-06 
3.077580e-06 
3.077580e-06 
1.379658e-05 
6.304608e-04 
6.304608e-04 
6.304608e-04 
6.304608e-04 
5.201873e-03 
9.543225e-01 
9.543225e-01 
9.543225e-01 
9.543225e-01 
9.542567e-01 
9.542427e-01 
9.542427e-01 
9.542427e-01 
9.542427e-01 
2.687795e-05 
2.046059e-05 
2.046059e-05 
2.046059e-05 
2.046059e-05 
2.621538e-05 
-5.655548e-04 
-5.655548e-04 
-5.655548e-04 
-5.655548e-04
#[#TRACE_DATA]
#[#TRACE]
