#[TRACE]
#data_labels=Output
#[TRACE_DATA]
-5.121892e-03 
-6.403760e-03 
-8.398438e-03 
-1.130269e-02 
-1.568836e-02 
-2.260672e-02 
-3.410604e-02 
-5.441092e-02 
-9.244224e-02 
-1.646757e-01 
-2.848863e-01 
-4.356132e-01 
-5.880728e-01 
-7.298124e-01 
-8.538421e-01 
-9.485794e-01 
-9.542477e-01 
-9.542477e-01 
-9.542477e-01 
-9.542477e-01 
-9.542477e-01 
-9.542477e-01 
-9.542477e-01 
-9.542477e-01 
-9.542477e-01 
-9.542477e-01 
-9.542477e-01 
-9.542477e-01 
-9.542477e-01 
-9.542477e-01 
-9.542477e-01 
-9.542477e-01 
-9.542477e-01 
-9.542477e-01 
-9.542477e-01 
-9.542477e-01 
-9.542477e-01 
-9.542477e-01 
-9.542477e-01 
-9.542477e-01 
-9.542477e-01 
-9.542477e-01 
-9.542477e-01 
-9.542477e-01 
-9.542477e-01 
-9.542477e-01 
-9.542477e-01 
-9.542477e-01 
-9.542477e-01 
-9.542477e-01 
-9.542477e-01 
-9.542477e-01 
-9.542477e-01 
-9.542477e-01 
-9.542477e-01 
-9.542477e-01 
-9.542477e-01 
-9.542477e-01 
-9.542477e-01 
-9.542477e-01 
-9.542477e-01 
-9.542477e-01 
-9.542477e-01 
-9.542477e-01 
-9.542477e-01 
-9.542477e-01 
-9.542477e-01 
-9.542477e-01 
-9.542477e-01 
-9.542477e-01 
-9.542477e-01 
-9.542477e-01 
-9.542477e-01 
-9.542477e-01 
-9.542477e-01 
-9.542477e-01 
-9.542477e-01 
-9.542477e-01 
-9.542477e-01 
-9.542476e-01 
-9.542471e-01 
-9.542466e-01 
-9.542460e-01 
-9.542453e-01 
-9.542444e-01 
-9.542435e-01 
-9.542424e-01 
-9.542414e-01 
-9.542404e-01 
-9.542395e-01 
-9.542388e-01 
-9.542381e-01 
-9.542375e-01 
-9.542370e-01 
-9.542366e-01 
-9.542361e-01 
-9.542358e-01 
-9.542354e-01 
-9.542352e-01 
-9.542349e-01 
-9.542346e-01 
-9.542344e-01 
-9.542342e-01 
-9.542340e-01 
-9.542338e-01 
-9.542336e-01 
-9.542335e-01 
-9.542333e-01 
-9.542332e-01 
-9.542331e-01 
-9.542331e-01 
-9.542331e-01 
-9.542331e-01 
-9.542331e-01 
-9.542331e-01 
-9.542331e-01 
-9.542331e-01 
-9.542331e-01 
-9.542331e-01 
-9.542331e-01 
-9.542331e-01 
-9.542331e-01 
-9.542331e-01 
-9.542331e-01 
-9.542331e-01 
-9.542331e-01 
-9.542331e-01 
-9.542331e-01 
-9.542331e-01 
-9.542331e-01 
-9.542331e-01 
-9.542331e-01 
-9.542331e-01 
-9.542331e-01 
-9.542331e-01 
-9.542331e-01 
-9.542331e-01 
-9.542331e-01 
-9.542331e-01 
-9.542331e-01 
-9.542331e-01 
-9.542331e-01 
-9.542331e-01 
-9.542331e-01 
-9.542331e-01 
-9.542331e-01 
-9.542331e-01 
-9.542331e-01 
-9.542331e-01 
-9.542331e-01 
-9.542331e-01 
-9.542331e-01 
-9.542331e-01 
-9.542331e-01 
-9.542331e-01 
-9.542331e-01 
-9.542331e-01 
-9.542331e-01 
-9.542331e-01 
-9.542331e-01 
-9.542331e-01 
-9.542331e-01 
-9.542331e-01 
-9.542331e-01 
-9.542331e-01 
-9.542331e-01 
-9.542331e-01 
-9.542331e-01 
-9.542331e-01 
-9.542331e-01 
-9.542331e-01 
-9.542331e-01 
-9.513987e-01 
-8.594759e-01 
-7.375590e-01 
-5.958021e-01 
-4.323962e-01 
-2.332359e-01 
-4.079002e-02 
-1.461906e-03 
-3.867771e-04 
-2.129559e-04 
-1.318119e-04 
-8.769601e-05 
-6.143295e-05 
-4.476871e-05 
-3.367633e-05 
-2.601170e-05 
-2.055653e-05 
-1.658331e-05 
-1.364181e-05 
-1.144861e-05 
-9.830432e-06 
-8.702869e-06 
-8.091835e-06 
-8.263120e-06 
-1.008961e-05 
-1.371548e-05 
-1.616465e-05 
-1.747391e-05 
-1.832411e-05 
-1.902962e-05 
-1.959528e-05 
-1.980857e-05 
-1.980857e-05 
-1.980857e-05 
-1.980857e-05 
-1.980857e-05 
-1.980857e-05 
-1.980857e-05 
-1.980857e-05 
-1.980857e-05 
-1.980857e-05 
-1.980857e-05 
-1.980857e-05 
-1.980857e-05 
-1.980857e-05 
-1.980857e-05 
-1.980857e-05 
-1.980857e-05 
-1.980857e-05 
-1.980857e-05 
-1.980857e-05 
-1.980857e-05 
-1.980857e-05 
-1.980857e-05 
-1.980857e-05 
-1.980857e-05 
-1.980857e-05 
-1.980857e-05 
-1.980857e-05 
-1.980857e-05 
-1.980857e-05 
-1.980857e-05 
-1.980857e-05 
-1.980857e-05 
-1.980857e-05 
-1.980857e-05 
-1.980857e-05 
-1.980857e-05 
-1.980857e-05 
-1.980857e-05 
-1.980857e-05 
-1.980857e-05 
-1.980857e-05 
-1.980857e-05 
-1.980857e-05 
-1.980857e-05 
-1.980857e-05 
-1.980857e-05 
-1.980857e-05 
-1.980857e-05 
-1.980857e-05 
-1.980857e-05 
-1.980857e-05 
-1.980857e-05 
-1.980857e-05 
-1.980857e-05 
-1.980857e-05 
-1.980857e-05 
-1.980857e-05 
-1.980857e-05 
-1.980857e-05 
-1.980857e-05 
-1.980857e-05 
-1.980857e-05 
-1.988064e-05 
-2.008689e-05 
-2.032220e-05 
-2.058348e-05 
-2.086737e-05 
-2.117022e-05 
-2.148771e-05 
-2.180742e-05 
-2.212608e-05 
-2.245828e-05 
-2.280980e-05 
-2.318021e-05 
-2.356521e-05 
-2.395526e-05 
-2.433217e-05 
-2.466274e-05 
-2.488737e-05 
-2.489875e-05 
-2.450126e-05 
-2.333122e-05 
-2.069699e-05 
-1.526144e-05 
-4.473216e-06 
1.603986e-05 
5.140260e-05 
1.025816e-04 
1.649919e-04 
2.359227e-04 
3.169548e-04 
4.073741e-04 
4.653915e-04 
4.654148e-04 
4.654148e-04 
4.654148e-04 
4.654148e-04 
4.654148e-04 
4.654148e-04 
4.654148e-04 
4.654148e-04 
4.654148e-04 
4.654148e-04 
4.654148e-04 
4.654148e-04 
4.654148e-04 
4.654148e-04 
4.654148e-04 
4.654148e-04 
4.654148e-04 
4.654148e-04 
4.654148e-04 
4.654148e-04 
4.654148e-04 
4.654148e-04 
4.654148e-04 
4.654148e-04 
4.654148e-04 
4.654148e-04 
4.654148e-04 
4.654148e-04 
4.654148e-04 
4.654148e-04 
4.654148e-04 
4.654148e-04 
4.654148e-04 
4.654148e-04 
4.654148e-04 
4.654148e-04 
4.654148e-04 
4.654148e-04 
4.654148e-04 
4.654148e-04 
4.654148e-04 
4.654148e-04 
4.654148e-04 
4.654148e-04 
4.654148e-04 
4.654148e-04 
4.654148e-04 
4.654148e-04 
4.654148e-04 
4.654148e-04 
4.654148e-04 
4.654148e-04 
4.654148e-04 
4.654148e-04 
4.654148e-04 
4.654148e-04 
4.654148e-04 
4.654148e-04 
4.654148e-04 
4.654148e-04 
4.654148e-04 
4.654148e-04 
4.672658e-04 
5.190587e-04 
5.810833e-04 
6.539242e-04 
7.400921e-04 
8.428346e-04 
9.663001e-04 
1.115655e-03 
1.297398e-03 
1.520464e-03 
1.797534e-03 
2.146337e-03 
2.591851e-03 
3.169991e-03 
3.933651e-03 
4.962795e-03 
6.381956e-03 
8.391766e-03 
1.132841e-02 
1.578152e-02 
2.284135e-02 
3.464634e-02 
5.563724e-02 
9.522224e-02 
1.704984e-01 
2.941036e-01 
4.460326e-01 
5.981400e-01 
7.389423e-01 
8.614261e-01 
9.528586e-01 
9.542476e-01 
9.542476e-01 
9.542476e-01 
9.542476e-01 
9.542476e-01 
9.542476e-01 
9.542476e-01 
9.542476e-01 
9.542476e-01 
9.542476e-01 
9.542476e-01 
9.542476e-01 
9.542476e-01 
9.542476e-01 
9.542476e-01 
9.542476e-01 
9.542476e-01 
9.542476e-01 
9.542476e-01 
9.542476e-01 
9.542476e-01 
9.542476e-01 
9.542476e-01 
9.542476e-01 
9.542476e-01 
9.542476e-01 
9.542476e-01 
9.542476e-01 
9.542476e-01 
9.542476e-01 
9.542476e-01 
9.542476e-01 
9.542476e-01 
9.542476e-01 
9.542476e-01 
9.542476e-01 
9.542476e-01 
9.542476e-01 
9.542476e-01 
9.542476e-01 
9.542476e-01 
9.542476e-01 
9.542476e-01 
9.542476e-01 
9.542476e-01 
9.542476e-01 
9.542476e-01 
9.542476e-01 
9.542476e-01 
9.542476e-01 
9.542476e-01 
9.542476e-01 
9.542476e-01 
9.542476e-01 
9.542476e-01 
9.542476e-01 
9.542476e-01 
9.542476e-01 
9.542476e-01 
9.542476e-01 
9.542476e-01 
9.542476e-01 
9.542476e-01 
9.542474e-01 
9.542469e-01 
9.542463e-01 
9.542455e-01 
9.542443e-01 
9.542426e-01 
9.542406e-01 
9.542395e-01 
9.542388e-01 
9.542382e-01 
9.542376e-01 
9.542371e-01 
9.542367e-01 
9.542363e-01 
9.542359e-01 
9.542356e-01 
9.542353e-01 
9.542350e-01 
9.542348e-01 
9.542345e-01 
9.542343e-01 
9.542341e-01 
9.542339e-01 
9.542337e-01 
9.542336e-01 
9.542334e-01 
9.542333e-01 
9.542331e-01 
9.542330e-01 
9.542329e-01 
9.542328e-01 
9.542328e-01 
9.542328e-01 
9.542328e-01 
9.542328e-01 
9.542328e-01 
9.542328e-01 
9.542328e-01 
9.542328e-01 
9.542328e-01 
9.542328e-01 
9.542328e-01 
9.542328e-01 
9.542328e-01 
9.542328e-01 
9.542328e-01 
9.542328e-01 
9.542328e-01 
9.542328e-01 
9.542328e-01 
9.542328e-01 
9.542328e-01 
9.542328e-01 
9.542328e-01 
9.542328e-01 
9.542328e-01 
9.542328e-01 
9.542328e-01 
9.542328e-01 
9.542328e-01 
9.542328e-01 
9.542328e-01 
9.542328e-01 
9.542328e-01 
9.542328e-01 
9.542328e-01 
9.542328e-01 
9.542328e-01 
9.542328e-01 
9.542328e-01 
9.542328e-01 
9.542328e-01 
9.542328e-01 
9.542328e-01 
9.542328e-01 
9.542328e-01 
9.542328e-01 
9.542328e-01 
9.542328e-01 
9.542328e-01 
9.542328e-01 
9.542328e-01 
9.542328e-01 
9.542328e-01 
9.542328e-01 
9.542328e-01 
9.542328e-01 
9.542328e-01 
9.542328e-01 
9.542328e-01 
9.542328e-01 
9.542328e-01 
9.542328e-01 
9.467515e-01 
8.519083e-01 
7.284227e-01 
5.852553e-01 
4.194082e-01 
2.150509e-01 
2.855942e-02 
-5.635073e-04 
-4.234891e-04 
-2.365499e-04 
-1.473293e-04 
-9.842393e-05 
-6.913741e-05 
-5.046486e-05 
-3.798008e-05 
-2.931234e-05 
-2.310686e-05 
-1.854884e-05 
-1.512746e-05 
-1.251133e-05 
-1.047943e-05 
-8.881261e-06 
-7.613889e-06 
-6.608220e-06 
-5.793826e-06 
-5.016835e-06 
-4.376176e-06 
-3.861400e-06 
-3.428207e-06 
-3.053728e-06 
-2.727422e-06 
-2.711819e-06 
-2.711819e-06 
-2.711819e-06 
-2.711819e-06 
-2.711819e-06 
-2.711819e-06 
-2.711819e-06 
-2.711819e-06 
-2.711819e-06 
-2.711819e-06 
-2.711819e-06 
-2.711819e-06 
-2.711819e-06 
-2.711819e-06 
-2.711819e-06 
-2.711819e-06 
-2.711819e-06 
-2.711819e-06 
-2.711819e-06 
-2.711819e-06 
-2.711819e-06 
-2.711819e-06 
-2.711819e-06 
-2.711819e-06 
-2.711819e-06 
-2.711819e-06 
-2.711819e-06 
-2.711819e-06 
-2.711819e-06 
-2.711819e-06 
-2.711819e-06 
-2.711819e-06 
-2.711819e-06 
-2.711819e-06 
-2.711819e-06 
-2.711819e-06 
-2.711819e-06 
-2.711819e-06 
-2.711819e-06 
-2.711819e-06 
-2.711819e-06 
-2.711819e-06 
-2.711819e-06 
-2.711819e-06 
-2.711819e-06 
-2.711819e-06 
-2.711819e-06 
-2.711819e-06 
-2.711819e-06 
-2.711819e-06 
-2.711819e-06 
-2.711819e-06 
-2.711819e-06 
-2.711819e-06 
-2.711819e-06 
-2.711819e-06 
-2.711819e-06 
-2.711819e-06 
-2.711819e-06 
-2.711819e-06 
-2.711819e-06 
-2.711819e-06 
-2.711819e-06 
-2.785151e-06 
-2.964074e-06 
-3.166440e-06 
-3.396761e-06 
-3.660513e-06 
-3.964366e-06 
-4.316374e-06 
-4.726425e-06 
-5.206955e-06 
-5.774746e-06 
-6.452126e-06 
-7.268888e-06 
-8.265490e-06 
-9.497968e-06 
-1.104568e-05 
-1.302387e-05 
-1.560478e-05 
-1.905442e-05 
-2.379918e-05 
-3.055084e-05 
-4.054573e-05 
-5.598285e-05 
-8.061688e-05 
-1.193752e-04 
-1.738161e-04 
-2.377707e-04 
-3.047849e-04 
-3.728078e-04 
-4.395530e-04 
-4.973960e-04 
-5.227336e-04 
-5.227366e-04 
-5.227366e-04 
-5.227366e-04 
-5.227366e-04 
-5.227366e-04 
-5.227366e-04 
-5.227366e-04 
-5.227366e-04 
-5.227366e-04 
-5.227366e-04 
-5.227366e-04 
-5.227366e-04 
-5.227366e-04 
-5.227366e-04 
-5.227366e-04 
-5.227366e-04 
-5.227366e-04 
-5.227366e-04 
-5.227366e-04 
-5.227366e-04 
-5.227366e-04 
-5.227366e-04 
-5.227366e-04 
-5.227366e-04 
-5.227366e-04 
-5.227366e-04 
-5.227366e-04 
-5.227366e-04 
-5.227366e-04 
-5.227366e-04 
-5.227366e-04 
-5.227366e-04 
-5.227366e-04 
-5.227366e-04 
-5.227366e-04 
-5.227366e-04 
-5.227366e-04 
-5.227366e-04 
-5.227366e-04 
-5.227366e-04 
-5.227366e-04 
-5.227366e-04 
-5.227366e-04 
-5.227366e-04 
-5.227366e-04 
-5.227366e-04 
-5.227366e-04 
-5.227366e-04 
-5.227366e-04 
-5.227366e-04 
-5.227366e-04 
-5.227366e-04 
-5.227366e-04 
-5.227366e-04 
-5.227366e-04 
-5.227366e-04 
-5.227366e-04 
-5.227366e-04 
-5.227366e-04 
-5.227366e-04 
-5.227366e-04 
-5.227366e-04 
-5.276380e-04 
-5.848945e-04 
-6.515426e-04 
-7.274245e-04 
-7.727991e-04 
-8.735226e-04 
-1.001679e-03 
-1.156760e-03 
-1.345499e-03 
-1.577186e-03 
-1.865035e-03 
-2.227519e-03 
-2.690667e-03 
-3.291936e-03 
-4.086533e-03 
-5.157998e-03 
-6.636572e-03 
-8.732362e-03 
-1.179796e-02 
-1.645287e-02 
-2.384469e-02 
-3.622777e-02 
-5.828205e-02 
-9.984957e-02 
-1.782562e-01 
-3.044693e-01 
-4.567907e-01 
-6.082385e-01 
-7.480049e-01 
-8.688731e-01 
-9.539770e-01 
-9.542477e-01 
-9.542477e-01 
-9.542477e-01 
-9.542477e-01 
-9.542477e-01 
-9.542477e-01 
-9.542477e-01 
-9.542477e-01 
-9.542477e-01 
-9.542477e-01 
-9.542477e-01 
-9.542477e-01 
-9.542477e-01 
-9.542477e-01 
-9.542477e-01 
-9.542477e-01 
-9.542477e-01 
-9.542477e-01 
-9.542477e-01 
-9.542477e-01 
-9.542477e-01 
-9.542477e-01 
-9.542477e-01 
-9.542477e-01 
-9.542477e-01 
-9.542477e-01 
-9.542477e-01 
-9.542477e-01 
-9.542477e-01 
-9.542477e-01 
-9.542477e-01 
-9.542477e-01 
-9.542477e-01 
-9.542477e-01 
-9.542477e-01 
-9.542477e-01 
-9.542477e-01 
-9.542477e-01 
-9.542477e-01 
-9.542477e-01 
-9.542477e-01 
-9.542477e-01 
-9.542477e-01 
-9.542477e-01 
-9.542477e-01 
-9.542477e-01 
-9.542477e-01 
-9.542477e-01 
-9.542477e-01 
-9.542477e-01 
-9.542477e-01 
-9.542477e-01 
-9.542477e-01 
-9.542477e-01 
-9.542477e-01 
-9.542477e-01 
-9.542477e-01 
-9.542477e-01 
-9.542477e-01 
-9.542477e-01 
-9.542477e-01 
-9.542477e-01 
-9.542477e-01 
-9.542475e-01 
-9.542471e-01 
-9.542465e-01 
-9.542459e-01 
-9.542452e-01 
-9.542443e-01 
-9.542433e-01 
-9.542423e-01 
-9.542413e-01 
-9.542403e-01 
-9.542394e-01 
-9.542387e-01 
-9.542380e-01 
-9.542374e-01 
-9.542369e-01 
-9.542365e-01 
-9.542361e-01 
-9.542357e-01 
-9.542354e-01 
-9.542351e-01 
-9.542348e-01 
-9.542346e-01 
-9.542344e-01 
-9.542342e-01 
-9.542340e-01 
-9.542338e-01 
-9.542336e-01 
-9.542335e-01 
-9.542333e-01 
-9.542332e-01 
-9.542331e-01 
-9.542331e-01 
-9.542331e-01 
-9.542331e-01 
-9.542331e-01 
-9.542331e-01 
-9.542331e-01 
-9.542331e-01 
-9.542331e-01 
-9.542331e-01 
-9.542331e-01 
-9.542331e-01 
-9.542331e-01 
-9.542331e-01 
-9.542331e-01 
-9.542331e-01 
-9.542331e-01 
-9.542331e-01 
-9.542331e-01 
-9.542331e-01 
-9.542331e-01 
-9.542331e-01 
-9.542331e-01 
-9.542331e-01 
-9.542331e-01 
-9.542331e-01 
-9.542331e-01 
-9.542331e-01 
-9.542331e-01 
-9.542331e-01 
-9.542331e-01 
-9.542331e-01 
-9.542331e-01 
-9.542331e-01 
-9.542331e-01 
-9.542331e-01 
-9.542331e-01 
-9.542331e-01 
-9.542331e-01 
-9.542331e-01 
-9.542331e-01 
-9.542331e-01 
-9.542331e-01 
-9.542331e-01 
-9.542331e-01 
-9.542331e-01 
-9.542331e-01 
-9.542331e-01 
-9.542331e-01 
-9.542331e-01 
-9.542331e-01 
-9.542331e-01 
-9.542331e-01 
-9.542331e-01 
-9.542331e-01 
-9.542331e-01 
-9.542331e-01 
-9.542331e-01 
-9.542331e-01 
-9.542331e-01 
-9.542331e-01 
-9.542331e-01 
-9.542331e-01 
-9.415767e-01 
-8.442200e-01 
-7.192610e-01 
-5.749372e-01 
-4.077440e-01 
-2.031276e-01 
-2.760956e-02 
-1.159383e-03 
-4.057413e-04 
-2.283668e-04 
-1.430483e-04 
-9.594127e-05 
-6.759200e-05 
-4.945083e-05 
-3.728675e-05 
-2.882223e-05 
-2.275072e-05 
-1.828393e-05 
-1.492644e-05 
-1.235615e-05 
-1.035784e-05 
-8.784838e-06 
-7.536763e-06 
-6.546010e-06 
-5.736833e-06 
-4.959321e-06 
-4.326903e-06 
-3.816949e-06 
-3.387086e-06 
-3.014686e-06 
-2.701771e-06 
-2.694895e-06 
-2.694895e-06 
-2.694895e-06 
-2.694895e-06 
-2.694895e-06 
-2.694895e-06 
-2.694895e-06 
-2.694895e-06 
-2.694895e-06 
-2.694895e-06 
-2.694895e-06 
-2.694895e-06 
-2.694895e-06 
-2.694895e-06 
-2.694895e-06 
-2.694895e-06 
-2.694895e-06 
-2.694895e-06 
-2.694895e-06 
-2.694895e-06 
-2.694895e-06 
-2.694895e-06 
-2.694895e-06 
-2.694895e-06 
-2.694895e-06 
-2.694895e-06 
-2.694895e-06 
-2.694895e-06 
-2.694895e-06 
-2.694895e-06 
-2.694895e-06 
-2.694895e-06 
-2.694895e-06 
-2.694895e-06 
-2.694895e-06 
-2.694895e-06 
-2.694895e-06 
-2.694895e-06 
-2.694895e-06 
-2.694895e-06 
-2.694895e-06 
-2.694895e-06 
-2.694895e-06 
-2.694895e-06 
-2.694895e-06 
-2.694895e-06 
-2.694895e-06 
-2.694895e-06 
-2.694895e-06 
-2.694895e-06 
-2.694895e-06 
-2.694895e-06 
-2.694895e-06 
-2.694895e-06 
-2.694895e-06 
-2.694895e-06 
-2.694895e-06 
-2.694895e-06 
-2.694895e-06 
-2.694895e-06 
-2.694895e-06 
-2.694895e-06 
-2.694895e-06 
-2.779258e-06 
-2.958549e-06 
-3.161432e-06 
-3.392458e-06 
-3.657163e-06 
-3.962285e-06 
-4.315966e-06 
-4.728165e-06 
-5.211504e-06 
-5.783054e-06 
-6.465483e-06 
-7.289073e-06 
-8.295009e-06 
-9.540424e-06 
-1.110637e-05 
-1.311078e-05 
-1.573032e-05 
-1.923855e-05 
-2.407525e-05 
-3.097699e-05 
-4.122711e-05 
-5.711147e-05 
-8.251106e-05 
-1.223615e-04 
-1.777688e-04 
-2.421656e-04 
-3.093475e-04 
-3.774318e-04 
-4.439094e-04 
-5.007104e-04 
-5.227349e-04 
-5.227358e-04 
-5.227358e-04 
-5.227358e-04 
-5.227358e-04 
-5.227358e-04 
-5.227358e-04 
-5.227358e-04 
-5.227358e-04 
-5.227358e-04 
-5.227358e-04 
-5.227358e-04 
-5.227358e-04 
-5.227358e-04 
-5.227358e-04 
-5.227358e-04 
-5.227358e-04 
-5.227358e-04 
-5.227358e-04 
-5.227358e-04 
-5.227358e-04 
-5.227358e-04 
-5.227358e-04 
-5.227358e-04 
-5.227358e-04 
-5.227358e-04 
-5.227358e-04 
-5.227358e-04 
-5.227358e-04 
-5.227358e-04 
-5.227358e-04 
-5.227358e-04 
-5.227358e-04 
-5.227358e-04 
-5.227358e-04 
-5.227358e-04 
-5.227358e-04 
-5.227358e-04 
-5.227358e-04 
-5.227358e-04 
-5.227358e-04 
-5.227358e-04 
-5.227358e-04 
-5.227358e-04 
-5.227358e-04 
-5.227358e-04 
-5.227358e-04 
-5.227358e-04 
-5.227358e-04 
-5.227358e-04 
-5.227358e-04 
-5.227358e-04 
-5.227358e-04 
-5.227358e-04 
-5.227358e-04 
-5.227358e-04 
-5.227358e-04 
-5.227358e-04 
-5.227358e-04 
-5.227358e-04 
-5.227358e-04 
-5.227358e-04 
-5.227358e-04 
-5.310154e-04 
-5.891520e-04 
-6.564531e-04 
-7.327538e-04 
-7.778765e-04 
-8.815436e-04 
-1.011358e-03 
-1.168506e-03 
-1.359847e-03 
-1.594902e-03 
-1.887196e-03 
-2.255630e-03 
-2.726869e-03 
-3.339348e-03 
-4.149810e-03 
-5.244284e-03 
-6.757188e-03 
-8.905909e-03 
-1.205633e-02 
-1.685349e-02 
-2.449691e-02 
-3.735259e-02 
-6.034708e-02 
-1.038083e-01 
-1.854094e-01 
-3.144497e-01 
-4.673641e-01 
-6.182390e-01 
-7.569737e-01 
-8.761748e-01 
-9.541949e-01 
-9.542477e-01 
-9.542477e-01 
-9.542477e-01 
-9.542477e-01 
-9.542477e-01 
-9.542477e-01 
-9.542477e-01 
-9.542477e-01 
-9.542477e-01 
-9.542477e-01 
-9.542477e-01 
-9.542477e-01 
-9.542477e-01 
-9.542477e-01 
-9.542477e-01 
-9.542477e-01 
-9.542477e-01 
-9.542477e-01 
-9.542477e-01 
-9.542477e-01 
-9.542477e-01 
-9.542477e-01 
-9.542477e-01 
-9.542477e-01 
-9.542477e-01 
-9.542477e-01 
-9.542477e-01 
-9.542477e-01 
-9.542477e-01 
-9.542477e-01 
-9.542477e-01 
-9.542477e-01 
-9.542477e-01 
-9.542477e-01 
-9.542477e-01 
-9.542477e-01 
-9.542477e-01 
-9.542477e-01 
-9.542477e-01 
-9.542477e-01 
-9.542477e-01 
-9.542477e-01 
-9.542477e-01 
-9.542477e-01 
-9.542477e-01 
-9.542477e-01 
-9.542477e-01 
-9.542477e-01 
-9.542477e-01 
-9.542477e-01 
-9.542477e-01 
-9.542477e-01 
-9.542477e-01 
-9.542477e-01 
-9.542477e-01 
-9.542477e-01 
-9.542477e-01 
-9.542477e-01 
-9.542477e-01 
-9.542477e-01 
-9.542477e-01 
-9.542477e-01 
-9.542477e-01 
-9.542475e-01 
-9.542470e-01 
-9.542465e-01 
-9.542459e-01 
-9.542451e-01 
-9.542442e-01 
-9.542433e-01 
-9.542422e-01 
-9.542412e-01 
-9.542402e-01 
-9.542394e-01 
-9.542386e-01 
-9.542380e-01 
-9.542374e-01 
-9.542369e-01 
-9.542365e-01 
-9.542361e-01 
-9.542357e-01 
-9.542354e-01 
-9.542351e-01 
-9.542348e-01 
-9.542346e-01 
-9.542344e-01 
-9.542342e-01 
-9.542340e-01 
-9.542338e-01 
-9.542336e-01 
-9.542335e-01 
-9.542333e-01 
-9.542332e-01 
-9.542332e-01 
-9.542332e-01 
-9.542332e-01 
-9.542332e-01 
-9.542332e-01 
-9.542332e-01 
-9.542332e-01 
-9.542332e-01 
-9.542332e-01 
-9.542332e-01 
-9.542332e-01 
-9.542332e-01 
-9.542332e-01 
-9.542332e-01 
-9.542332e-01 
-9.542332e-01 
-9.542332e-01 
-9.542332e-01 
-9.542332e-01 
-9.542332e-01 
-9.542332e-01 
-9.542332e-01 
-9.542332e-01 
-9.542332e-01 
-9.542332e-01 
-9.542332e-01 
-9.542332e-01 
-9.542332e-01 
-9.542332e-01 
-9.542332e-01 
-9.542332e-01 
-9.542332e-01 
-9.542332e-01 
-9.542332e-01 
-9.542332e-01 
-9.542332e-01 
-9.542332e-01 
-9.542332e-01 
-9.542332e-01 
-9.542332e-01 
-9.542332e-01 
-9.542332e-01 
-9.542332e-01 
-9.542332e-01 
-9.542332e-01 
-9.542332e-01 
-9.542332e-01 
-9.542332e-01 
-9.542332e-01 
-9.542332e-01 
-9.542332e-01 
-9.542332e-01 
-9.542332e-01 
-9.542332e-01 
-9.542332e-01 
-9.542332e-01 
-9.542332e-01 
-9.542332e-01 
-9.542332e-01 
-9.542332e-01 
-9.542332e-01 
-9.542332e-01 
-9.542332e-01 
-9.361322e-01 
-8.364023e-01 
-7.099841e-01 
-5.643626e-01 
-3.951863e-01 
-1.881467e-01 
-2.260257e-02 
-1.124324e-03 
-4.389408e-04 
-2.495434e-04 
-1.572180e-04 
-1.058538e-04 
-7.477192e-05 
-5.479261e-05 
-4.134092e-05 
-3.194021e-05 
-2.516199e-05 
-2.013859e-05 
-1.631814e-05 
-1.333199e-05 
-1.091548e-05 
-8.848263e-06 
-6.876443e-06 
-4.514661e-06 
-5.999516e-07 
4.533680e-06 
7.912114e-06 
1.009357e-05 
1.174821e-05 
1.317556e-05 
1.436687e-05 
1.441062e-05 
1.441062e-05 
1.441062e-05 
1.441062e-05 
1.441062e-05 
1.441062e-05 
1.441062e-05 
1.441062e-05 
1.441062e-05 
1.441062e-05 
1.441062e-05 
1.441062e-05 
1.441062e-05 
1.441062e-05 
1.441062e-05 
1.441062e-05 
1.441062e-05 
1.441062e-05 
1.441062e-05 
1.441062e-05 
1.441062e-05 
1.441062e-05 
1.441062e-05 
1.441062e-05 
1.441062e-05 
1.441062e-05 
1.441062e-05 
1.441062e-05 
1.441062e-05 
1.441062e-05 
1.441062e-05 
1.441062e-05 
1.441062e-05 
1.441062e-05 
1.441062e-05 
1.441062e-05 
1.441062e-05 
1.441062e-05 
1.441062e-05 
1.441062e-05 
1.441062e-05 
1.441062e-05 
1.441062e-05 
1.441062e-05 
1.441062e-05 
1.441062e-05 
1.441062e-05 
1.441062e-05 
1.441062e-05 
1.441062e-05 
1.441062e-05 
1.441062e-05 
1.441062e-05 
1.441062e-05 
1.441062e-05 
1.441062e-05 
1.441062e-05 
1.441062e-05 
1.441062e-05 
1.441062e-05 
1.441062e-05 
1.441062e-05 
1.441062e-05 
1.433077e-05 
1.418231e-05 
1.401478e-05 
1.381610e-05 
1.357177e-05 
1.326490e-05 
1.287419e-05 
1.236671e-05 
1.172017e-05 
1.091543e-05 
9.913177e-06 
8.655299e-06 
7.060913e-06 
5.017167e-06 
2.364952e-06 
-1.122350e-06 
-5.769484e-06 
-1.204040e-05 
-2.058377e-05 
-3.225586e-05 
-4.805123e-05 
-6.884579e-05 
-9.499358e-05 
-1.261704e-04 
-1.618633e-04 
-2.022189e-04 
-2.486505e-04 
-3.038987e-04 
-3.707038e-04 
-4.459506e-04 
-4.786268e-04 
-4.786273e-04 
-4.786273e-04 
-4.786273e-04 
-4.786273e-04 
-4.786273e-04 
-4.786273e-04 
-4.786273e-04 
-4.786273e-04 
-4.786273e-04 
-4.786273e-04 
-4.786273e-04 
-4.786273e-04 
-4.786273e-04 
-4.786273e-04 
-4.786273e-04 
-4.786273e-04 
-4.786273e-04 
-4.786273e-04 
-4.786273e-04 
-4.786273e-04 
-4.786273e-04 
-4.786273e-04 
-4.786273e-04 
-4.786273e-04 
-4.786273e-04 
-4.786273e-04 
-4.786273e-04 
-4.786273e-04 
-4.786273e-04 
-4.786273e-04 
-4.786273e-04 
-4.786273e-04 
-4.786273e-04 
-4.786273e-04 
-4.786273e-04 
-4.786273e-04 
-4.786273e-04 
-4.786273e-04 
-4.786273e-04 
-4.786273e-04 
-4.786273e-04 
-4.786273e-04 
-4.786273e-04 
-4.786273e-04 
-4.786273e-04 
-4.786273e-04 
-4.786273e-04 
-4.786273e-04 
-4.786273e-04 
-4.786273e-04 
-4.786273e-04 
-4.786273e-04 
-4.786273e-04 
-4.786273e-04 
-4.786273e-04 
-4.786273e-04 
-4.786273e-04 
-4.786273e-04 
-4.786273e-04 
-4.786273e-04 
-4.786273e-04 
-4.786273e-04 
-4.897665e-04 
-5.459326e-04 
-6.116418e-04 
-6.888922e-04 
-7.803979e-04 
-8.896666e-04 
-1.021164e-03 
-1.180410e-03 
-1.374398e-03 
-1.612884e-03 
-1.909710e-03 
-2.284217e-03 
-2.763725e-03 
-3.387675e-03 
-4.214397e-03 
-5.332495e-03 
-6.880721e-03 
-9.084038e-03 
-1.232220e-02 
-1.726700e-02 
-2.517259e-02 
-3.852280e-02 
-6.250422e-02 
-1.079463e-01 
-1.928034e-01 
-3.245394e-01 
-4.779204e-01 
-6.281823e-01 
-7.658537e-01 
-8.833269e-01 
-9.542374e-01 
-9.542477e-01 
-9.542477e-01 
-9.542477e-01 
-9.542477e-01 
-9.542477e-01 
-9.542477e-01 
-9.542477e-01 
-9.542477e-01 
-9.542477e-01 
-9.542477e-01 
-9.542477e-01 
-9.542477e-01 
-9.542477e-01 
-9.542477e-01 
-9.542477e-01 
-9.542477e-01 
-9.542477e-01 
-9.542477e-01 
-9.542477e-01 
-9.542477e-01 
-9.542477e-01 
-9.542477e-01 
-9.542477e-01 
-9.542477e-01 
-9.542477e-01 
-9.542477e-01 
-9.542477e-01 
-9.542477e-01 
-9.542477e-01 
-9.542477e-01 
-9.542477e-01 
-9.542477e-01 
-9.542477e-01 
-9.542477e-01 
-9.542477e-01 
-9.542477e-01 
-9.542477e-01 
-9.542477e-01 
-9.542477e-01 
-9.542477e-01 
-9.542477e-01 
-9.542477e-01 
-9.542477e-01 
-9.542477e-01 
-9.542477e-01 
-9.542477e-01 
-9.542477e-01 
-9.542477e-01 
-9.542477e-01 
-9.542477e-01 
-9.542477e-01 
-9.542477e-01 
-9.542477e-01 
-9.542477e-01 
-9.542477e-01 
-9.542477e-01 
-9.542477e-01 
-9.542477e-01 
-9.542477e-01 
-9.542477e-01 
-9.542477e-01 
-9.542477e-01 
-9.542477e-01 
-9.542475e-01 
-9.542470e-01 
-9.542465e-01 
-9.542458e-01 
-9.542450e-01 
-9.542442e-01 
-9.542432e-01 
-9.542421e-01 
-9.542411e-01 
-9.542402e-01 
-9.542393e-01 
-9.542386e-01 
-9.542379e-01 
-9.542374e-01 
-9.542369e-01 
-9.542364e-01 
-9.542360e-01 
-9.542357e-01 
-9.542354e-01 
-9.542351e-01 
-9.542348e-01 
-9.542346e-01 
-9.542343e-01 
-9.542341e-01 
-9.542339e-01 
-9.542338e-01 
-9.542336e-01 
-9.542334e-01 
-9.542333e-01 
-9.542332e-01 
-9.542331e-01 
-9.542331e-01 
-9.542331e-01 
-9.542331e-01 
-9.542331e-01 
-9.542331e-01 
-9.542331e-01 
-9.542331e-01 
-9.542331e-01 
-9.542331e-01 
-9.542331e-01 
-9.542331e-01 
-9.542331e-01 
-9.542331e-01 
-9.542331e-01 
-9.542331e-01 
-9.542331e-01 
-9.542331e-01 
-9.542331e-01 
-9.542331e-01 
-9.542331e-01 
-9.542331e-01 
-9.542331e-01 
-9.542331e-01 
-9.542331e-01 
-9.542331e-01 
-9.542331e-01 
-9.542331e-01 
-9.542331e-01 
-9.542331e-01 
-9.542331e-01 
-9.542331e-01 
-9.542331e-01 
-9.542331e-01 
-9.542331e-01 
-9.542331e-01 
-9.542331e-01 
-9.542331e-01 
-9.542331e-01 
-9.542331e-01 
-9.542331e-01 
-9.542331e-01 
-9.542331e-01 
-9.542331e-01 
-9.542331e-01 
-9.542331e-01 
-9.542331e-01 
-9.542331e-01 
-9.542331e-01 
-9.542331e-01 
-9.542331e-01 
-9.542331e-01 
-9.542331e-01 
-9.542331e-01 
-9.542331e-01 
-9.542331e-01 
-9.542331e-01 
-9.542331e-01 
-9.542331e-01 
-9.542331e-01 
-9.542331e-01 
-9.542331e-01 
-9.542331e-01 
-9.304742e-01 
-8.284625e-01 
-7.006137e-01 
-5.536418e-01 
-3.822523e-01 
-1.724555e-01 
-1.756029e-02 
-8.017458e-04 
-3.229571e-04 
-1.851075e-04 
-1.171959e-04 
-7.920347e-05 
-5.614076e-05 
-4.129517e-05 
-3.130291e-05 
-2.433749e-05 
-1.934546e-05 
-1.569067e-05 
-1.297663e-05 
-1.095405e-05 
-9.474670e-06 
-8.479539e-06 
-8.039336e-06 
-8.541311e-06 
-1.101437e-05 
-1.455579e-05 
-1.659828e-05 
-1.773373e-05 
-1.852469e-05 
-1.920808e-05 
-1.979471e-05 
-1.980857e-05 
-1.980857e-05 
-1.980857e-05 
-1.980857e-05 
-1.980857e-05 
-1.980857e-05 
-1.980857e-05 
-1.980857e-05 
-1.980857e-05 
-1.980857e-05 
-1.980857e-05 
-1.980857e-05 
-1.980857e-05 
-1.980857e-05 
-1.980857e-05 
-1.980857e-05 
-1.980857e-05 
-1.980857e-05 
-1.980857e-05 
-1.980857e-05 
-1.980857e-05 
-1.980857e-05 
-1.980857e-05 
-1.980857e-05 
-1.980857e-05 
-1.980857e-05 
-1.980857e-05 
-1.980857e-05 
-1.980857e-05 
-1.980857e-05 
-1.980857e-05 
-1.980857e-05 
-1.980857e-05 
-1.980857e-05 
-1.980857e-05 
-1.980857e-05 
-1.980857e-05 
-1.980857e-05 
-1.980857e-05 
-1.980857e-05 
-1.980857e-05 
-1.980857e-05 
-1.980857e-05 
-1.980857e-05 
-1.980857e-05 
-1.980857e-05 
-1.980857e-05 
-1.980857e-05 
-1.980857e-05 
-1.980857e-05 
-1.980857e-05 
-1.980857e-05 
-1.980857e-05 
-1.980857e-05 
-1.980857e-05 
-1.980857e-05 
-1.980857e-05 
-1.980857e-05 
-1.980857e-05 
-1.980857e-05 
-1.980857e-05 
-1.980857e-05 
-1.980857e-05 
-1.993396e-05 
-2.014850e-05 
-2.039120e-05 
-2.065904e-05 
-2.094846e-05 
-2.125590e-05 
-2.157564e-05 
-2.189403e-05 
-2.221517e-05 
-2.255245e-05 
-2.290934e-05 
-2.328434e-05 
-2.367196e-05 
-2.406071e-05 
-2.442909e-05 
-2.473812e-05 
-2.491784e-05 
-2.484201e-05 
-2.427935e-05 
-2.279722e-05 
-1.956820e-05 
-1.299097e-05 
-5.734647e-08 
2.406752e-05 
6.396730e-05 
1.187451e-04 
1.835303e-04 
2.569802e-04 
3.410366e-04 
4.320608e-04 
4.654146e-04 
4.654148e-04 
4.654148e-04 
4.654148e-04 
4.654148e-04 
4.654148e-04 
4.654148e-04 
4.654148e-04 
4.654148e-04 
4.654148e-04 
4.654148e-04 
4.654148e-04 
4.654148e-04 
4.654148e-04 
4.654148e-04 
4.654148e-04 
4.654148e-04 
4.654148e-04 
4.654148e-04 
4.654148e-04 
4.654148e-04 
4.654148e-04 
4.654148e-04 
4.654148e-04 
4.654148e-04 
4.654148e-04 
4.654148e-04 
4.654148e-04 
4.654148e-04 
4.654148e-04 
4.654148e-04 
4.654148e-04 
4.654148e-04 
4.654148e-04 
4.654148e-04 
4.654148e-04 
4.654148e-04 
4.654148e-04 
4.654148e-04 
4.654148e-04 
4.654148e-04 
4.654148e-04 
4.654148e-04 
4.654148e-04 
4.654148e-04 
4.654148e-04 
4.654148e-04 
4.654148e-04 
4.654148e-04 
4.654148e-04 
4.654148e-04 
4.654148e-04 
4.654148e-04 
4.654148e-04 
4.654148e-04 
4.654148e-04 
4.654148e-04 
4.654148e-04 
4.654148e-04 
4.654148e-04 
4.654148e-04 
4.654148e-04 
4.654148e-04 
4.797020e-04 
5.350669e-04 
5.998370e-04 
6.760453e-04 
7.663886e-04 
8.743454e-04 
1.004333e-03 
1.161824e-03 
1.353844e-03 
1.590236e-03 
1.884909e-03 
2.257302e-03 
2.734940e-03 
3.357653e-03 
4.184501e-03 
5.305469e-03 
6.861933e-03 
9.083990e-03 
1.236177e-02 
1.738900e-02 
2.546863e-02 
3.919876e-02 
6.403992e-02 
1.113993e-01 
1.996522e-01 
3.343309e-01 
4.883345e-01 
6.380388e-01 
7.746372e-01 
8.903233e-01 
9.542456e-01 
9.542476e-01 
9.542476e-01 
9.542476e-01 
9.542476e-01 
9.542476e-01 
9.542476e-01 
9.542476e-01 
9.542476e-01 
9.542476e-01 
9.542476e-01 
9.542476e-01 
9.542476e-01 
9.542476e-01 
9.542476e-01 
9.542476e-01 
9.542476e-01 
9.542476e-01 
9.542476e-01 
9.542476e-01 
9.542476e-01 
9.542476e-01 
9.542476e-01 
9.542476e-01 
9.542476e-01 
9.542476e-01 
9.542476e-01 
9.542476e-01 
9.542476e-01 
9.542476e-01 
9.542476e-01 
9.542476e-01 
9.542476e-01 
9.542476e-01 
9.542476e-01 
9.542476e-01 
9.542476e-01 
9.542476e-01 
9.542476e-01 
9.542476e-01 
9.542476e-01 
9.542476e-01 
9.542476e-01 
9.542476e-01 
9.542476e-01 
9.542476e-01 
9.542476e-01 
9.542476e-01 
9.542476e-01 
9.542476e-01 
9.542476e-01 
9.542476e-01 
9.542476e-01 
9.542476e-01 
9.542476e-01 
9.542476e-01 
9.542476e-01 
9.542476e-01 
9.542476e-01 
9.542476e-01 
9.542476e-01 
9.542476e-01 
9.542476e-01 
9.542476e-01 
9.542473e-01 
9.542468e-01 
9.542461e-01 
9.542452e-01 
9.542439e-01 
9.542420e-01 
9.542402e-01 
9.542393e-01 
9.542386e-01 
9.542380e-01 
9.542375e-01 
9.542370e-01 
9.542366e-01 
9.542362e-01 
9.542358e-01 
9.542355e-01 
9.542352e-01 
9.542349e-01 
9.542347e-01 
9.542345e-01 
9.542342e-01 
9.542341e-01 
9.542339e-01 
9.542337e-01 
9.542335e-01 
9.542334e-01 
9.542332e-01 
9.542331e-01 
9.542330e-01 
9.542329e-01 
9.542328e-01 
9.542328e-01 
9.542328e-01 
9.542328e-01 
9.542328e-01 
9.542328e-01 
9.542328e-01 
9.542328e-01 
9.542328e-01 
9.542328e-01 
9.542328e-01 
9.542328e-01 
9.542328e-01 
9.542328e-01 
9.542328e-01 
9.542328e-01 
9.542328e-01 
9.542328e-01 
9.542328e-01 
9.542328e-01 
9.542328e-01 
9.542328e-01 
9.542328e-01 
9.542328e-01 
9.542328e-01 
9.542328e-01 
9.542328e-01 
9.542328e-01 
9.542328e-01 
9.542328e-01 
9.542328e-01 
9.542328e-01 
9.542328e-01 
9.542328e-01 
9.542328e-01 
9.542328e-01 
9.542328e-01 
9.542328e-01 
9.542328e-01 
9.542328e-01 
9.542328e-01 
9.542328e-01 
9.542328e-01 
9.542328e-01 
9.542328e-01 
9.542328e-01 
9.542328e-01 
9.542328e-01 
9.542328e-01 
9.542328e-01 
9.542328e-01 
9.542328e-01 
9.542328e-01 
9.542328e-01 
9.542328e-01 
9.542328e-01 
9.542328e-01 
9.542328e-01 
9.542328e-01 
9.542328e-01 
9.542328e-01 
9.542328e-01 
9.542328e-01 
9.246179e-01 
8.203992e-01 
6.911158e-01 
5.425982e-01 
3.681566e-01 
1.531703e-01 
9.943254e-03 
-6.579458e-04 
-3.560392e-04 
-2.060260e-04 
-1.311617e-04 
-8.896986e-05 
-6.321630e-05 
-4.656110e-05 
-3.530058e-05 
-2.741214e-05 
-2.172231e-05 
-1.751667e-05 
-1.434286e-05 
-1.190495e-05 
-1.000430e-05 
-8.505204e-06 
-7.315136e-06 
-6.371402e-06 
-5.580684e-06 
-4.824407e-06 
-4.225512e-06 
-3.735940e-06 
-3.320737e-06 
-2.959310e-06 
-2.712081e-06 
-2.711819e-06 
-2.711819e-06 
-2.711819e-06 
-2.711819e-06 
-2.711819e-06 
-2.711819e-06 
-2.711819e-06 
-2.711819e-06 
-2.711819e-06 
-2.711819e-06 
-2.711819e-06 
-2.711819e-06 
-2.711819e-06 
-2.711819e-06 
-2.711819e-06 
-2.711819e-06 
-2.711819e-06 
-2.711819e-06 
-2.711819e-06 
-2.711819e-06 
-2.711819e-06 
-2.711819e-06 
-2.711819e-06 
-2.711819e-06 
-2.711819e-06 
-2.711819e-06 
-2.711819e-06 
-2.711819e-06 
-2.711819e-06 
-2.711819e-06 
-2.711819e-06 
-2.711819e-06 
-2.711819e-06 
-2.711819e-06 
-2.711819e-06 
-2.711819e-06 
-2.711819e-06 
-2.711819e-06 
-2.711819e-06 
-2.711819e-06 
-2.711819e-06 
-2.711819e-06 
-2.711819e-06 
-2.711819e-06 
-2.711819e-06 
-2.711819e-06 
-2.711819e-06 
-2.711819e-06 
-2.711819e-06 
-2.711819e-06 
-2.711819e-06 
-2.711819e-06 
-2.711819e-06 
-2.711819e-06 
-2.711819e-06 
-2.711819e-06 
-2.711819e-06 
-2.711819e-06 
-2.711819e-06 
-2.711819e-06 
-2.711819e-06 
-2.711819e-06 
-2.711819e-06 
-2.831987e-06 
-3.016916e-06 
-3.226446e-06 
-3.465318e-06 
-3.739322e-06 
-4.055477e-06 
-4.422294e-06 
-4.850232e-06 
-5.352749e-06 
-5.948025e-06 
-6.660187e-06 
-7.521567e-06 
-8.576302e-06 
-9.885881e-06 
-1.153796e-05 
-1.366077e-05 
-1.644764e-05 
-2.020006e-05 
-2.540653e-05 
-3.289181e-05 
-4.410170e-05 
-6.160481e-05 
-8.962335e-05 
-1.328422e-04 
-1.907222e-04 
-2.559388e-04 
-3.233311e-04 
-3.913842e-04 
-4.567460e-04 
-5.100125e-04 
-5.227366e-04 
-5.227366e-04 
-5.227366e-04 
-5.227366e-04 
-5.227366e-04 
-5.227366e-04 
-5.227366e-04 
-5.227366e-04 
-5.227366e-04 
-5.227366e-04 
-5.227366e-04 
-5.227366e-04 
-5.227366e-04 
-5.227366e-04 
-5.227366e-04 
-5.227366e-04 
-5.227366e-04 
-5.227366e-04 
-5.227366e-04 
-5.227366e-04 
-5.227366e-04 
-5.227366e-04 
-5.227366e-04 
-5.227366e-04 
-5.227366e-04 
-5.227366e-04 
-5.227366e-04 
-5.227366e-04 
-5.227366e-04 
-5.227366e-04 
-5.227366e-04 
-5.227366e-04 
-5.227366e-04 
-5.227366e-04 
-5.227366e-04 
-5.227366e-04 
-5.227366e-04 
-5.227366e-04 
-5.227366e-04 
-5.227366e-04 
-5.227366e-04 
-5.227366e-04 
-5.227366e-04 
-5.227366e-04 
-5.227366e-04 
-5.227366e-04 
-5.227366e-04 
-5.227366e-04 
-5.227366e-04 
-5.227366e-04 
-5.227366e-04 
-5.227366e-04 
-5.227366e-04 
-5.227366e-04 
-5.227366e-04 
-5.227366e-04 
-5.227366e-04 
-5.227366e-04 
-5.227366e-04 
-5.227366e-04 
-5.227366e-04 
-5.227366e-04 
-5.227366e-04 
-5.421524e-04 
-6.021828e-04 
-6.714629e-04 
-7.478512e-04 
-7.950586e-04 
-9.062249e-04 
-1.041166e-03 
-1.204705e-03 
-1.404123e-03 
-1.649665e-03 
-1.955826e-03 
-2.342860e-03 
-2.839456e-03 
-3.487161e-03 
-4.347635e-03 
-5.514911e-03 
-7.136897e-03 
-9.454649e-03 
-1.287753e-02 
-1.813478e-02 
-2.659852e-02 
-4.100828e-02 
-6.711340e-02 
-1.167879e-01 
-2.083033e-01 
-3.449985e-01 
-4.989645e-01 
-6.478897e-01 
-7.833354e-01 
-8.971601e-01 
-9.542473e-01 
-9.542477e-01 
-9.542477e-01 
-9.542477e-01 
-9.542477e-01 
-9.542477e-01 
-9.542477e-01 
-9.542477e-01 
-9.542477e-01 
-9.542477e-01 
-9.542477e-01 
-9.542477e-01 
-9.542477e-01 
-9.542477e-01 
-9.542477e-01 
-9.542477e-01 
-9.542477e-01 
-9.542477e-01 
-9.542477e-01 
-9.542477e-01 
-9.542477e-01 
-9.542477e-01 
-9.542477e-01 
-9.542477e-01 
-9.542477e-01 
-9.542477e-01 
-9.542477e-01 
-9.542477e-01 
-9.542477e-01 
-9.542477e-01 
-9.542477e-01 
-9.542477e-01 
-9.542477e-01 
-9.542477e-01 
-9.542477e-01 
-9.542477e-01 
-9.542477e-01 
-9.542477e-01 
-9.542477e-01 
-9.542477e-01 
-9.542477e-01 
-9.542477e-01 
-9.542477e-01 
-9.542477e-01 
-9.542477e-01 
-9.542477e-01 
-9.542477e-01 
-9.542477e-01 
-9.542477e-01 
-9.542477e-01 
-9.542477e-01 
-9.542477e-01 
-9.542477e-01 
-9.542477e-01 
-9.542477e-01 
-9.542477e-01 
-9.542477e-01 
-9.542477e-01 
-9.542477e-01 
-9.542477e-01 
-9.542477e-01 
-9.542477e-01 
-9.542477e-01 
-9.542477e-01 
-9.542474e-01 
-9.542469e-01 
-9.542464e-01 
-9.542457e-01 
-9.542449e-01 
-9.542440e-01 
-9.542430e-01 
-9.542420e-01 
-9.542410e-01 
-9.542400e-01 
-9.542392e-01 
-9.542385e-01 
-9.542379e-01 
-9.542373e-01 
-9.542368e-01 
-9.542364e-01 
-9.542360e-01 
-9.542356e-01 
-9.542353e-01 
-9.542350e-01 
-9.542348e-01 
-9.542345e-01 
-9.542343e-01 
-9.542341e-01 
-9.542339e-01 
-9.542337e-01 
-9.542336e-01 
-9.542334e-01 
-9.542333e-01 
-9.542332e-01 
-9.542331e-01 
-9.542331e-01 
-9.542331e-01 
-9.542331e-01 
-9.542331e-01 
-9.542331e-01 
-9.542331e-01 
-9.542331e-01 
-9.542331e-01 
-9.542331e-01 
-9.542331e-01 
-9.542331e-01 
-9.542331e-01 
-9.542331e-01 
-9.542331e-01 
-9.542331e-01 
-9.542331e-01 
-9.542331e-01 
-9.542331e-01 
-9.542331e-01 
-9.542331e-01 
-9.542331e-01 
-9.542331e-01 
-9.542331e-01 
-9.542331e-01 
-9.542331e-01 
-9.542331e-01 
-9.542331e-01 
-9.542331e-01 
-9.542331e-01 
-9.542331e-01 
-9.542331e-01 
-9.542331e-01 
-9.542331e-01 
-9.542331e-01 
-9.542331e-01 
-9.542331e-01 
-9.542331e-01 
-9.542331e-01 
-9.542331e-01 
-9.542331e-01 
-9.542331e-01 
-9.542331e-01 
-9.542331e-01 
-9.542331e-01 
-9.542331e-01 
-9.542331e-01 
-9.542331e-01 
-9.542331e-01 
-9.542331e-01 
-9.542331e-01 
-9.542331e-01 
-9.542331e-01 
-9.542331e-01 
-9.542331e-01 
-9.542331e-01 
-9.542331e-01 
-9.542331e-01 
-9.542331e-01 
-9.542331e-01 
-9.542331e-01 
-9.542331e-01 
-9.542331e-01 
-9.185739e-01 
-8.122386e-01 
-6.816327e-01 
-5.319430e-01 
-3.561077e-01 
-1.428249e-01 
-1.120462e-02 
-7.464724e-04 
-3.416390e-04 
-1.992608e-04 
-1.275045e-04 
-8.680236e-05 
-6.184551e-05 
-4.565059e-05 
-3.467192e-05 
-2.696416e-05 
-2.139457e-05 
-1.727148e-05 
-1.415587e-05 
-1.175998e-05 
-9.890310e-06 
-8.414554e-06 
-7.242511e-06 
-6.312259e-06 
-5.521780e-06 
-4.769662e-06 
-4.177751e-06 
-3.692530e-06 
-3.280302e-06 
-2.920664e-06 
-2.694989e-06 
-2.694895e-06 
-2.694895e-06 
-2.694895e-06 
-2.694895e-06 
-2.694895e-06 
-2.694895e-06 
-2.694895e-06 
-2.694895e-06 
-2.694895e-06 
-2.694895e-06 
-2.694895e-06 
-2.694895e-06 
-2.694895e-06 
-2.694895e-06 
-2.694895e-06 
-2.694895e-06 
-2.694895e-06 
-2.694895e-06 
-2.694895e-06 
-2.694895e-06 
-2.694895e-06 
-2.694895e-06 
-2.694895e-06 
-2.694895e-06 
-2.694895e-06 
-2.694895e-06 
-2.694895e-06 
-2.694895e-06 
-2.694895e-06 
-2.694895e-06 
-2.694895e-06 
-2.694895e-06 
-2.694895e-06 
-2.694895e-06 
-2.694895e-06 
-2.694895e-06 
-2.694895e-06 
-2.694895e-06 
-2.694895e-06 
-2.694895e-06 
-2.694895e-06 
-2.694895e-06 
-2.694895e-06 
-2.694895e-06 
-2.694895e-06 
-2.694895e-06 
-2.694895e-06 
-2.694895e-06 
-2.694895e-06 
-2.694895e-06 
-2.694895e-06 
-2.694895e-06 
-2.694895e-06 
-2.694895e-06 
-2.694895e-06 
-2.694895e-06 
-2.694895e-06 
-2.694895e-06 
-2.694895e-06 
-2.694895e-06 
-2.694895e-06 
-2.694895e-06 
-2.694895e-06 
-2.826185e-06 
-3.011516e-06 
-3.221610e-06 
-3.461248e-06 
-3.736285e-06 
-4.053809e-06 
-4.422423e-06 
-4.852662e-06 
-5.358220e-06 
-5.957569e-06 
-6.675208e-06 
-7.544017e-06 
-8.608943e-06 
-9.932707e-06 
-1.160487e-05 
-1.375677e-05 
-1.658680e-05 
-2.040524e-05 
-2.571641e-05 
-3.337454e-05 
-4.488143e-05 
-6.290593e-05 
-9.179262e-05 
-1.361342e-04 
-1.948447e-04 
-2.603928e-04 
-3.279236e-04 
-3.959856e-04 
-4.609105e-04 
-5.128821e-04 
-5.227358e-04 
-5.227358e-04 
-5.227358e-04 
-5.227358e-04 
-5.227358e-04 
-5.227358e-04 
-5.227358e-04 
-5.227358e-04 
-5.227358e-04 
-5.227358e-04 
-5.227358e-04 
-5.227358e-04 
-5.227358e-04 
-5.227358e-04 
-5.227358e-04 
-5.227358e-04 
-5.227358e-04 
-5.227358e-04 
-5.227358e-04 
-5.227358e-04 
-5.227358e-04 
-5.227358e-04 
-5.227358e-04 
-5.227358e-04 
-5.227358e-04 
-5.227358e-04 
-5.227358e-04 
-5.227358e-04 
-5.227358e-04 
-5.227358e-04 
-5.227358e-04 
-5.227358e-04 
-5.227358e-04 
-5.227358e-04 
-5.227358e-04 
-5.227358e-04 
-5.227358e-04 
-5.227358e-04 
-5.227358e-04 
-5.227358e-04 
-5.227358e-04 
-5.227358e-04 
-5.227358e-04 
-5.227358e-04 
-5.227358e-04 
-5.227358e-04 
-5.227358e-04 
-5.227358e-04 
-5.227358e-04 
-5.227358e-04 
-5.227358e-04 
-5.227358e-04 
-5.227358e-04 
-5.227358e-04 
-5.227358e-04 
-5.227358e-04 
-5.227358e-04 
-5.227358e-04 
-5.227358e-04 
-5.227358e-04 
-5.227358e-04 
-5.227358e-04 
-5.227358e-04 
-5.459848e-04 
-6.066119e-04 
-6.765556e-04 
-7.518666e-04 
-8.016523e-04 
-9.146634e-04 
-1.051366e-03 
-1.217101e-03 
-1.419304e-03 
-1.668475e-03 
-1.979443e-03 
-2.372937e-03 
-2.878362e-03 
-3.538367e-03 
-4.416358e-03 
-5.609227e-03 
-7.269724e-03 
-9.647449e-03 
-1.316757e-02 
-1.859014e-02 
-2.735099e-02 
-4.232831e-02 
-6.957530e-02 
-1.215052e-01 
-2.164008e-01 
-3.553447e-01 
-5.094444e-01 
-6.576504e-01 
-7.919306e-01 
-9.038299e-01 
-9.542476e-01 
-9.542477e-01 
-9.542477e-01 
-9.542477e-01 
-9.542477e-01 
-9.542477e-01 
-9.542477e-01 
-9.542477e-01 
-9.542477e-01 
-9.542477e-01 
-9.542477e-01 
-9.542477e-01 
-9.542477e-01 
-9.542477e-01 
-9.542477e-01 
-9.542477e-01 
-9.542477e-01 
-9.542477e-01 
-9.542477e-01 
-9.542477e-01 
-9.542477e-01 
-9.542477e-01 
-9.542477e-01 
-9.542477e-01 
-9.542477e-01 
-9.542477e-01 
-9.542477e-01 
-9.542477e-01 
-9.542477e-01 
-9.542477e-01 
-9.542477e-01 
-9.542477e-01 
-9.542477e-01 
-9.542477e-01 
-9.542477e-01 
-9.542477e-01 
-9.542477e-01 
-9.542477e-01 
-9.542477e-01 
-9.542477e-01 
-9.542477e-01 
-9.542477e-01 
-9.542477e-01 
-9.542477e-01 
-9.542477e-01 
-9.542477e-01 
-9.542477e-01 
-9.542477e-01 
-9.542477e-01 
-9.542477e-01 
-9.542477e-01 
-9.542477e-01 
-9.542477e-01 
-9.542477e-01 
-9.542477e-01 
-9.542477e-01 
-9.542477e-01 
-9.542477e-01 
-9.542477e-01 
-9.542477e-01 
-9.542477e-01 
-9.542477e-01 
-9.542477e-01 
-9.542477e-01 
-9.542474e-01 
-9.542469e-01 
-9.542463e-01 
-9.542457e-01 
-9.542449e-01 
-9.542440e-01 
-9.542430e-01 
-9.542419e-01 
-9.542409e-01 
-9.542400e-01 
-9.542392e-01 
-9.542384e-01 
-9.542378e-01 
-9.542373e-01 
-9.542368e-01 
-9.542363e-01 
-9.542360e-01 
-9.542356e-01 
-9.542353e-01 
-9.542350e-01 
-9.542348e-01 
-9.542345e-01 
-9.542343e-01 
-9.542341e-01 
-9.542339e-01 
-9.542337e-01 
-9.542336e-01 
-9.542334e-01 
-9.542333e-01 
-9.542332e-01 
-9.542332e-01 
-9.542332e-01 
-9.542332e-01 
-9.542332e-01 
-9.542332e-01 
-9.542332e-01 
-9.542332e-01 
-9.542332e-01 
-9.542332e-01 
-9.542332e-01 
-9.542332e-01 
-9.542332e-01 
-9.542332e-01 
-9.542332e-01 
-9.542332e-01 
-9.542332e-01 
-9.542332e-01 
-9.542332e-01 
-9.542332e-01 
-9.542332e-01 
-9.542332e-01 
-9.542332e-01 
-9.542332e-01 
-9.542332e-01 
-9.542332e-01 
-9.542332e-01 
-9.542332e-01 
-9.542332e-01 
-9.542332e-01 
-9.542332e-01 
-9.542332e-01 
-9.542332e-01 
-9.542332e-01 
-9.542332e-01 
-9.542332e-01 
-9.542332e-01 
-9.542332e-01 
-9.542332e-01 
-9.542332e-01 
-9.542332e-01 
-9.542332e-01 
-9.542332e-01 
-9.542332e-01 
-9.542332e-01 
-9.542332e-01 
-9.542332e-01 
-9.542332e-01 
-9.542332e-01 
-9.542332e-01 
-9.542332e-01 
-9.542332e-01 
-9.542332e-01 
-9.542332e-01 
-9.542332e-01 
-9.542332e-01 
-9.542332e-01 
-9.542332e-01 
-9.542332e-01 
-9.542332e-01 
-9.542332e-01 
-9.542332e-01 
-9.542332e-01 
-9.542332e-01 
-9.123464e-01 
-8.039614e-01 
-6.720180e-01 
-5.209341e-01 
-3.427808e-01 
-1.286454e-01 
-9.046877e-03 
-7.748902e-04 
-3.709261e-04 
-2.181387e-04 
-1.403040e-04 
-9.585001e-05 
-6.845197e-05 
-5.059581e-05 
-3.844130e-05 
-2.986997e-05 
-2.364137e-05 
-1.899227e-05 
-1.543107e-05 
-1.262409e-05 
-1.032459e-05 
-8.313010e-06 
-6.301685e-06 
-3.665971e-06 
8.514658e-07 
5.638577e-06 
8.590060e-06 
1.058064e-05 
1.215547e-05 
1.353165e-05 
1.441049e-05 
1.441062e-05 
1.441062e-05 
1.441062e-05 
1.441062e-05 
1.441062e-05 
1.441062e-05 
1.441062e-05 
1.441062e-05 
1.441062e-05 
1.441062e-05 
1.441062e-05 
1.441062e-05 
1.441062e-05 
1.441062e-05 
1.441062e-05 
1.441062e-05 
1.441062e-05 
1.441062e-05 
1.441062e-05 
1.441062e-05 
1.441062e-05 
1.441062e-05 
1.441062e-05 
1.441062e-05 
1.441062e-05 
1.441062e-05 
1.441062e-05 
1.441062e-05 
1.441062e-05 
1.441062e-05 
1.441062e-05 
1.441062e-05 
1.441062e-05 
1.441062e-05 
1.441062e-05 
1.441062e-05 
1.441062e-05 
1.441062e-05 
1.441062e-05 
1.441062e-05 
1.441062e-05 
1.441062e-05 
1.441062e-05 
1.441062e-05 
1.441062e-05 
1.441062e-05 
1.441062e-05 
1.441062e-05 
1.441062e-05 
1.441062e-05 
1.441062e-05 
1.441062e-05 
1.441062e-05 
1.441062e-05 
1.441062e-05 
1.441062e-05 
1.441062e-05 
1.441062e-05 
1.441062e-05 
1.441062e-05 
1.441062e-05 
1.441062e-05 
1.441053e-05 
1.429140e-05 
1.413887e-05 
1.396410e-05 
1.375449e-05 
1.349481e-05 
1.316753e-05 
1.274843e-05 
1.220417e-05 
1.151710e-05 
1.066303e-05 
9.597476e-06 
8.256741e-06 
6.552307e-06 
4.360342e-06 
1.505735e-06 
-2.261479e-06 
-7.299639e-06 
-1.411888e-05 
-2.342459e-05 
-3.612405e-05 
-5.321426e-05 
-7.546821e-05 
-1.030460e-04 
-1.354964e-04 
-1.724039e-04 
-2.142202e-04 
-2.627467e-04 
-3.209636e-04 
-3.909016e-04 
-4.657767e-04 
-4.786273e-04 
-4.786273e-04 
-4.786273e-04 
-4.786273e-04 
-4.786273e-04 
-4.786273e-04 
-4.786273e-04 
-4.786273e-04 
-4.786273e-04 
-4.786273e-04 
-4.786273e-04 
-4.786273e-04 
-4.786273e-04 
-4.786273e-04 
-4.786273e-04 
-4.786273e-04 
-4.786273e-04 
-4.786273e-04 
-4.786273e-04 
-4.786273e-04 
-4.786273e-04 
-4.786273e-04 
-4.786273e-04 
-4.786273e-04 
-4.786273e-04 
-4.786273e-04 
-4.786273e-04 
-4.786273e-04 
-4.786273e-04 
-4.786273e-04 
-4.786273e-04 
-4.786273e-04 
-4.786273e-04 
-4.786273e-04 
-4.786273e-04 
-4.786273e-04 
-4.786273e-04 
-4.786273e-04 
-4.786273e-04 
-4.786273e-04 
-4.786273e-04 
-4.786273e-04 
-4.786273e-04 
-4.786273e-04 
-4.786273e-04 
-4.786273e-04 
-4.786273e-04 
-4.786273e-04 
-4.786273e-04 
-4.786273e-04 
-4.786273e-04 
-4.786273e-04 
-4.786273e-04 
-4.786273e-04 
-4.786273e-04 
-4.786273e-04 
-4.786273e-04 
-4.786273e-04 
-4.786273e-04 
-4.786273e-04 
-4.786273e-04 
-4.786273e-04 
-4.786273e-04 
-5.042369e-04 
-5.628866e-04 
-6.315217e-04 
-7.123711e-04 
-8.083487e-04 
-9.232102e-04 
-1.061701e-03 
-1.229667e-03 
-1.434704e-03 
-1.687571e-03 
-2.003442e-03 
-2.403533e-03 
-2.917983e-03 
-3.590579e-03 
-4.486532e-03 
0.000000e+00 
0.000000e+00 
0.000000e+00 
0.000000e+00 
0.000000e+00 
0.000000e+00 
0.000000e+00 
0.000000e+00
#[#TRACE_DATA]
#[#TRACE]
