#[TRACE]
#data_labels=Output
#[TRACE_DATA]
-5.002314e-03 
-9.542476e-01 
-9.542476e-01 
-9.542476e-01 
-9.542476e-01 
-9.542358e-01 
-9.542329e-01 
-9.542329e-01 
-9.542329e-01 
-9.542329e-01 
2.962084e-05 
2.013202e-05 
2.013202e-05 
2.013202e-05 
2.013202e-05 
2.473202e-05 
-4.640651e-04 
-4.640651e-04 
-4.640651e-04 
-4.640651e-04 
-4.873681e-03 
-9.542476e-01 
-9.542476e-01 
-9.542476e-01 
-9.542476e-01 
-9.542358e-01 
-9.542329e-01 
-9.542329e-01 
-9.542329e-01 
-9.542329e-01 
2.750338e-05 
2.596461e-06 
2.596461e-06 
2.596461e-06 
2.596461e-06 
1.185037e-05 
5.244716e-04 
5.244716e-04 
5.244716e-04 
5.244716e-04 
5.002084e-03 
9.542477e-01 
9.542477e-01 
9.542477e-01 
9.542477e-01 
9.542368e-01 
9.542331e-01 
9.542331e-01 
9.542331e-01 
9.542331e-01 
2.749622e-05 
2.596778e-06 
2.596778e-06 
2.596778e-06 
2.596778e-06 
1.184836e-05 
5.244778e-04 
5.244778e-04 
5.244778e-04 
5.244778e-04 
5.002084e-03 
9.542477e-01 
9.542477e-01 
9.542477e-01 
9.542477e-01 
9.542368e-01 
9.542331e-01 
9.542331e-01 
9.542331e-01 
9.542331e-01 
2.537875e-05 
-1.494631e-05 
-1.494631e-05 
-1.494631e-05 
-1.494631e-05 
-1.557854e-06 
4.803349e-04 
4.803349e-04 
4.803349e-04 
4.803349e-04 
5.002084e-03 
9.542477e-01 
9.542477e-01 
9.542477e-01 
9.542477e-01 
9.542368e-01 
9.542331e-01 
9.542331e-01 
9.542331e-01 
9.542331e-01 
2.962085e-05 
2.013202e-05 
2.013202e-05 
2.013202e-05 
2.013202e-05 
2.473202e-05 
-4.640651e-04 
-4.640651e-04 
-4.640651e-04 
-4.640651e-04 
-4.873681e-03 
-9.542476e-01 
-9.542476e-01 
-9.542476e-01 
-9.542476e-01 
-9.542358e-01 
-9.542329e-01 
-9.542329e-01 
-9.542329e-01 
-9.542329e-01 
2.750338e-05 
2.596461e-06 
2.596461e-06 
2.596461e-06 
2.596461e-06 
1.185037e-05 
5.244716e-04 
5.244716e-04 
5.244716e-04 
5.244716e-04 
5.002084e-03 
9.542477e-01 
9.542477e-01 
9.542477e-01 
9.542477e-01 
9.542368e-01 
9.542331e-01 
9.542331e-01 
9.542331e-01 
9.542331e-01 
2.749623e-05 
2.596778e-06 
2.596778e-06 
2.596778e-06 
2.596778e-06 
1.184836e-05 
5.244778e-04 
5.244778e-04 
5.244778e-04 
5.244778e-04 
5.002084e-03 
9.542477e-01 
9.542477e-01 
9.542477e-01 
9.542477e-01 
9.542368e-01 
9.542331e-01 
9.542331e-01 
9.542331e-01 
9.542331e-01 
2.537875e-05 
-1.494631e-05 
-1.494631e-05 
-1.494631e-05 
-1.494631e-05 
-1.557855e-06 
4.803349e-04 
4.803349e-04 
4.803349e-04 
4.803349e-04
#[#TRACE_DATA]
#[#TRACE]
