#[TRACE]
#data_labels=Output
#[TRACE_DATA]
3.009817e-05 
2.134708e-05 
2.123862e-05 
2.077119e-05 
1.965923e-05 
1.737952e-05 
1.295157e-05 
4.526146e-06 
-1.122739e-05 
-3.923486e-05 
-8.327801e-05 
-1.413678e-04 
-2.088947e-04 
-2.852494e-04 
-3.721648e-04 
-4.633470e-04 
-4.815696e-04 
-4.815697e-04 
-4.815697e-04 
-4.815697e-04 
-4.815697e-04 
-4.815697e-04 
-4.815697e-04 
-4.815697e-04 
-4.815697e-04 
-4.815697e-04 
-4.815697e-04 
-4.815697e-04 
-4.815697e-04 
-4.815697e-04 
-4.815697e-04 
-4.815697e-04 
-4.815697e-04 
-4.815697e-04 
-4.815697e-04 
-4.815697e-04 
-4.815697e-04 
-4.815697e-04 
-4.815697e-04 
-4.815697e-04 
-4.815697e-04 
-4.815697e-04 
-4.815697e-04 
-4.815697e-04 
-4.815697e-04 
-4.815697e-04 
-4.815697e-04 
-4.815697e-04 
-4.815697e-04 
-4.815697e-04 
-4.815697e-04 
-4.815697e-04 
-4.815697e-04 
-4.815697e-04 
-4.815697e-04 
-4.815697e-04 
-4.815697e-04 
-4.815697e-04 
-4.815697e-04 
-4.815697e-04 
-4.815697e-04 
-4.815697e-04 
-4.815697e-04 
-4.815697e-04 
-4.815697e-04 
-4.815697e-04 
-4.815697e-04 
-4.815697e-04 
-4.815697e-04 
-4.815697e-04 
-4.815697e-04 
-4.815697e-04 
-4.815697e-04 
-4.815697e-04 
-4.815697e-04 
-4.815697e-04 
-4.815697e-04 
-4.815697e-04 
-4.815697e-04 
-5.052998e-04 
-5.628965e-04 
-6.303426e-04 
-7.097482e-04 
-8.037623e-04 
-9.164357e-04 
-1.052195e-03 
-1.217038e-03 
-1.418408e-03 
-1.666526e-03 
-1.976267e-03 
-2.368420e-03 
-2.872446e-03 
-3.531125e-03 
-4.408158e-03 
-5.601071e-03 
-7.263928e-03 
-9.649102e-03 
-1.318773e-02 
-1.865317e-02 
-2.751247e-02 
-4.272020e-02 
-7.051812e-02 
-1.237045e-01 
-2.206929e-01 
-3.611373e-01 
-5.153820e-01 
-6.631593e-01 
-7.967401e-01 
-9.075103e-01 
-9.542486e-01 
-9.542486e-01 
-9.542486e-01 
-9.542486e-01 
-9.542486e-01 
-9.542486e-01 
-9.542486e-01 
-9.542486e-01 
-9.542486e-01 
-9.542486e-01 
-9.542486e-01 
-9.542486e-01 
-9.542486e-01 
-9.542486e-01 
-9.542486e-01 
-9.542486e-01 
-9.542486e-01 
-9.542486e-01 
-9.542486e-01 
-9.542486e-01 
-9.542486e-01 
-9.542486e-01 
-9.542486e-01 
-9.542486e-01 
-9.542486e-01 
-9.542486e-01 
-9.542486e-01 
-9.542486e-01 
-9.542486e-01 
-9.542486e-01 
-9.542486e-01 
-9.542486e-01 
-9.542486e-01 
-9.542486e-01 
-9.542486e-01 
-9.542486e-01 
-9.542486e-01 
-9.542486e-01 
-9.542486e-01 
-9.542486e-01 
-9.542486e-01 
-9.542486e-01 
-9.542486e-01 
-9.542486e-01 
-9.542486e-01 
-9.542486e-01 
-9.542486e-01 
-9.542486e-01 
-9.542486e-01 
-9.542486e-01 
-9.542486e-01 
-9.542486e-01 
-9.542486e-01 
-9.542486e-01 
-9.542486e-01 
-9.542486e-01 
-9.542486e-01 
-9.542486e-01 
-9.542486e-01 
-9.542486e-01 
-9.542486e-01 
-9.542486e-01 
-9.542486e-01 
-9.542486e-01 
-9.542482e-01 
-9.542476e-01 
-9.542468e-01 
-9.542457e-01 
-9.542441e-01 
-9.542418e-01 
-9.542400e-01 
-9.542392e-01 
-9.542385e-01 
-9.542379e-01 
-9.542374e-01 
-9.542369e-01 
-9.542365e-01 
-9.542361e-01 
-9.542358e-01 
-9.542355e-01 
-9.542352e-01 
-9.542349e-01 
-9.542347e-01 
-9.542344e-01 
-9.542342e-01 
-9.542340e-01 
-9.542338e-01 
-9.542337e-01 
-9.542335e-01 
-9.542334e-01 
-9.542332e-01 
-9.542331e-01 
-9.542330e-01 
-9.542329e-01 
-9.542328e-01 
-9.542328e-01 
-9.542328e-01 
-9.542328e-01 
-9.542328e-01 
-9.542328e-01 
-9.542328e-01 
-9.542328e-01 
-9.542328e-01 
-9.542328e-01 
-9.542328e-01 
-9.542328e-01 
-9.542328e-01 
-9.542328e-01 
-9.542328e-01 
-9.542328e-01 
-9.542328e-01 
-9.542328e-01 
-9.542328e-01 
-9.542328e-01 
-9.542328e-01 
-9.542328e-01 
-9.542328e-01 
-9.542328e-01 
-9.542328e-01 
-9.542328e-01 
-9.542328e-01 
-9.542328e-01 
-9.542328e-01 
-9.542328e-01 
-9.542328e-01 
-9.542328e-01 
-9.542328e-01 
-9.542328e-01 
-9.542328e-01 
-9.542328e-01 
-9.542328e-01 
-9.542328e-01 
-9.542328e-01 
-9.542328e-01 
-9.542328e-01 
-9.542328e-01 
-9.542328e-01 
-9.542328e-01 
-9.542328e-01 
-9.542328e-01 
-9.542328e-01 
-9.542328e-01 
-9.542328e-01 
-9.542328e-01 
-9.542328e-01 
-9.542328e-01 
-9.542328e-01 
-9.542328e-01 
-9.542328e-01 
-9.542328e-01 
-9.542328e-01 
-9.542328e-01 
-9.542328e-01 
-9.542328e-01 
-9.542328e-01 
-9.542328e-01 
-9.542328e-01 
-9.087639e-01 
-7.992462e-01 
-6.664971e-01 
-5.143211e-01 
-3.335551e-01 
-1.151856e-01 
-4.179876e-03 
6.077615e-04 
3.208011e-04 
1.899586e-04 
1.228461e-04 
8.434115e-05 
6.052634e-05 
4.496250e-05 
3.434679e-05 
2.685265e-05 
2.140954e-05 
1.736015e-05 
1.428523e-05 
1.190919e-05 
1.004790e-05 
8.584664e-06 
7.498170e-06 
7.257919e-06 
1.105664e-05 
1.477458e-05 
1.640987e-05 
1.725550e-05 
1.767896e-05 
1.780168e-05 
1.782290e-05 
1.782282e-05 
1.782282e-05 
1.782282e-05 
1.782282e-05 
1.782282e-05 
1.782282e-05 
1.782282e-05 
1.782282e-05 
1.782282e-05 
1.782282e-05 
1.782282e-05 
1.782282e-05 
1.782282e-05 
1.782282e-05 
1.782282e-05 
1.782282e-05 
1.782282e-05 
1.782282e-05 
1.782282e-05 
1.782282e-05 
1.782282e-05 
1.782282e-05 
1.782282e-05 
1.782282e-05 
1.782282e-05 
1.782282e-05 
1.782282e-05 
1.782282e-05 
1.782282e-05 
1.782282e-05 
1.782282e-05 
1.782282e-05 
1.782282e-05 
1.782282e-05 
1.782282e-05 
1.782282e-05 
1.782282e-05 
1.782282e-05 
1.782282e-05 
1.782282e-05 
1.782282e-05 
1.782282e-05 
1.782282e-05 
1.782282e-05 
1.782282e-05 
1.782282e-05 
1.782282e-05 
1.782282e-05 
1.782282e-05 
1.782282e-05 
1.782282e-05 
1.782282e-05 
1.782282e-05 
1.782282e-05 
1.782282e-05 
1.782282e-05 
1.782282e-05 
1.782282e-05 
1.782282e-05 
1.782282e-05 
1.782282e-05 
1.782282e-05 
1.782362e-05 
1.797158e-05 
1.814603e-05 
1.833304e-05 
1.854017e-05 
1.877166e-05 
1.902123e-05 
1.926378e-05 
1.952343e-05 
1.980216e-05 
2.009900e-05 
2.041099e-05 
2.073278e-05 
2.105477e-05 
2.136001e-05 
2.161900e-05 
2.178049e-05 
2.175485e-05 
2.138306e-05 
2.037709e-05 
1.820233e-05 
1.384373e-05 
5.361065e-06 
-1.077770e-05 
-3.977310e-05 
-8.530818e-05 
-1.446964e-04 
-2.130846e-04 
-2.901916e-04 
-3.778269e-04 
-4.687311e-04 
-4.812133e-04 
-4.812133e-04 
-4.812133e-04 
-4.812133e-04 
-4.812133e-04 
-4.812133e-04 
-4.812133e-04 
-4.812133e-04 
-4.812133e-04 
-4.812133e-04 
-4.812133e-04 
-4.812133e-04 
-4.812133e-04 
-4.812133e-04 
-4.812133e-04 
-4.812133e-04 
-4.812133e-04 
-4.812133e-04 
-4.812133e-04 
-4.812133e-04 
-4.812133e-04 
-4.812133e-04 
-4.812133e-04 
-4.812133e-04 
-4.812133e-04 
-4.812133e-04 
-4.812133e-04 
-4.812133e-04 
-4.812133e-04 
-4.812133e-04 
-4.812133e-04 
-4.812133e-04 
-4.812133e-04 
-4.812133e-04 
-4.812133e-04 
-4.812133e-04 
-4.812133e-04 
-4.812133e-04 
-4.812133e-04 
-4.812133e-04 
-4.812133e-04 
-4.812133e-04 
-4.812133e-04 
-4.812133e-04 
-4.812133e-04 
-4.812133e-04 
-4.812133e-04 
-4.812133e-04 
-4.812133e-04 
-4.812133e-04 
-4.812133e-04 
-4.812133e-04 
-4.812133e-04 
-4.812133e-04 
-4.812133e-04 
-4.812133e-04 
-4.812133e-04 
-4.812133e-04 
-4.812133e-04 
-4.812133e-04 
-4.812133e-04 
-4.812133e-04 
-4.812133e-04 
-5.085950e-04 
-5.668243e-04 
-6.350365e-04 
-7.154285e-04 
-8.108338e-04 
-9.249226e-04 
-1.062464e-03 
-1.229549e-03 
-1.433743e-03 
-1.685543e-03 
-2.000177e-03 
-2.398921e-03 
-2.911972e-03 
-3.583255e-03 
-4.478294e-03 
-5.697604e-03 
-7.400347e-03 
-9.847937e-03 
-1.348835e-02 
-1.912807e-02 
-2.830312e-02 
-4.411941e-02 
-7.314982e-02 
-1.287503e-01 
-2.291593e-01 
-3.715919e-01 
-5.258109e-01 
-6.728163e-01 
-8.051734e-01 
-9.139076e-01 
-9.542486e-01 
-9.542486e-01 
-9.542486e-01 
-9.542486e-01 
-9.542486e-01 
-9.542486e-01 
-9.542486e-01 
-9.542486e-01 
-9.542486e-01 
-9.542486e-01 
-9.542486e-01 
-9.542486e-01 
-9.542486e-01 
-9.542486e-01 
-9.542486e-01 
-9.542486e-01 
-9.542486e-01 
-9.542486e-01 
-9.542486e-01 
-9.542486e-01 
-9.542486e-01 
-9.542486e-01 
-9.542486e-01 
-9.542486e-01 
-9.542486e-01 
-9.542486e-01 
-9.542486e-01 
-9.542486e-01 
-9.542486e-01 
-9.542486e-01 
-9.542486e-01 
-9.542486e-01 
-9.542486e-01 
-9.542486e-01 
-9.542486e-01 
-9.542486e-01 
-9.542486e-01 
-9.542486e-01 
-9.542486e-01 
-9.542486e-01 
-9.542486e-01 
-9.542486e-01 
-9.542486e-01 
-9.542486e-01 
-9.542486e-01 
-9.542486e-01 
-9.542486e-01 
-9.542486e-01 
-9.542486e-01 
-9.542486e-01 
-9.542486e-01 
-9.542486e-01 
-9.542486e-01 
-9.542486e-01 
-9.542486e-01 
-9.542486e-01 
-9.542486e-01 
-9.542486e-01 
-9.542486e-01 
-9.542486e-01 
-9.542486e-01 
-9.542486e-01 
-9.542486e-01 
-9.542486e-01 
-9.542481e-01 
-9.542475e-01 
-9.542467e-01 
-9.542456e-01 
-9.542440e-01 
-9.542416e-01 
-9.542400e-01 
-9.542392e-01 
-9.542385e-01 
-9.542379e-01 
-9.542374e-01 
-9.542369e-01 
-9.542365e-01 
-9.542361e-01 
-9.542358e-01 
-9.542354e-01 
-9.542352e-01 
-9.542349e-01 
-9.542346e-01 
-9.542344e-01 
-9.542342e-01 
-9.542340e-01 
-9.542338e-01 
-9.542337e-01 
-9.542335e-01 
-9.542334e-01 
-9.542332e-01 
-9.542331e-01 
-9.542330e-01 
-9.542328e-01 
-9.542328e-01 
-9.542328e-01 
-9.542328e-01 
-9.542328e-01 
-9.542328e-01 
-9.542328e-01 
-9.542328e-01 
-9.542328e-01 
-9.542328e-01 
-9.542328e-01 
-9.542328e-01 
-9.542328e-01 
-9.542328e-01 
-9.542328e-01 
-9.542328e-01 
-9.542328e-01 
-9.542328e-01 
-9.542328e-01 
-9.542328e-01 
-9.542328e-01 
-9.542328e-01 
-9.542328e-01 
-9.542328e-01 
-9.542328e-01 
-9.542328e-01 
-9.542328e-01 
-9.542328e-01 
-9.542328e-01 
-9.542328e-01 
-9.542328e-01 
-9.542328e-01 
-9.542328e-01 
-9.542328e-01 
-9.542328e-01 
-9.542328e-01 
-9.542328e-01 
-9.542328e-01 
-9.542328e-01 
-9.542328e-01 
-9.542328e-01 
-9.542328e-01 
-9.542328e-01 
-9.542328e-01 
-9.542328e-01 
-9.542328e-01 
-9.542328e-01 
-9.542328e-01 
-9.542328e-01 
-9.542328e-01 
-9.542328e-01 
-9.542328e-01 
-9.542328e-01 
-9.542328e-01 
-9.542328e-01 
-9.542328e-01 
-9.542328e-01 
-9.542328e-01 
-9.542328e-01 
-9.542328e-01 
-9.542328e-01 
-9.542328e-01 
-9.542328e-01 
-9.542328e-01 
-9.022627e-01 
-7.908026e-01 
-6.567371e-01 
-5.030638e-01 
-3.196440e-01 
-1.012436e-01 
-2.781923e-03 
5.834370e-04 
3.083451e-04 
1.839435e-04 
1.195262e-04 
8.234411e-05 
5.924859e-05 
4.410558e-05 
3.375018e-05 
2.642434e-05 
2.109405e-05 
1.712262e-05 
1.410301e-05 
1.176720e-05 
9.936108e-06 
8.497639e-06 
7.442060e-06 
7.327715e-06 
1.143954e-05 
1.492622e-05 
1.648679e-05 
1.729542e-05 
1.769675e-05 
1.779799e-05 
1.782289e-05 
1.782282e-05 
1.782282e-05 
1.782282e-05 
1.782282e-05 
1.782282e-05 
1.782282e-05 
1.782282e-05 
1.782282e-05 
1.782282e-05 
1.782282e-05 
1.782282e-05 
1.782282e-05 
1.782282e-05 
1.782282e-05 
1.782282e-05 
1.782282e-05 
1.782282e-05 
1.782282e-05 
1.782282e-05 
1.782282e-05 
1.782282e-05 
1.782282e-05 
1.782282e-05 
1.782282e-05 
1.782282e-05 
1.782282e-05 
1.782282e-05 
1.782282e-05 
1.782282e-05 
1.782282e-05 
1.782282e-05 
1.782282e-05 
1.782282e-05 
1.782282e-05 
1.782282e-05 
1.782282e-05 
1.782282e-05 
1.782282e-05 
1.782282e-05 
1.782282e-05 
1.782282e-05 
1.782282e-05 
1.782282e-05 
1.782282e-05 
1.782282e-05 
1.782282e-05 
1.782282e-05 
1.782282e-05 
1.782282e-05 
1.782282e-05 
1.782282e-05 
1.782282e-05 
1.782282e-05 
1.782282e-05 
1.782282e-05 
1.782282e-05 
1.782282e-05 
1.782282e-05 
1.782282e-05 
1.782282e-05 
1.782282e-05 
1.782282e-05 
1.782704e-05 
1.798313e-05 
1.815840e-05 
1.834632e-05 
1.855502e-05 
1.878951e-05 
1.903739e-05 
1.928095e-05 
1.954188e-05 
1.982191e-05 
2.011989e-05 
2.043276e-05 
2.075494e-05 
2.107643e-05 
2.137963e-05 
2.163390e-05 
2.178602e-05 
2.174283e-05 
2.133883e-05 
2.027378e-05 
1.798948e-05 
1.342479e-05 
4.553135e-06 
-1.228752e-05 
-4.235012e-05 
-8.899377e-05 
-1.491188e-04 
-2.180547e-04 
-2.958444e-04 
-3.841388e-04 
-4.739725e-04 
-4.812133e-04 
-4.812133e-04 
-4.812133e-04 
-4.812133e-04 
-4.812133e-04 
-4.812133e-04 
-4.812133e-04 
-4.812133e-04 
-4.812133e-04 
-4.812133e-04 
-4.812133e-04 
-4.812133e-04 
-4.812133e-04 
-4.812133e-04 
-4.812133e-04 
-4.812133e-04 
-4.812133e-04 
-4.812133e-04 
-4.812133e-04 
-4.812133e-04 
-4.812133e-04 
-4.812133e-04 
-4.812133e-04 
-4.812133e-04 
-4.812133e-04 
-4.812133e-04 
-4.812133e-04 
-4.812133e-04 
-4.812133e-04 
-4.812133e-04 
-4.812133e-04 
-4.812133e-04 
-4.812133e-04 
-4.812133e-04 
-4.812133e-04 
-4.812133e-04 
-4.812133e-04 
-4.812133e-04 
-4.812133e-04 
-4.812133e-04 
-4.812133e-04 
-4.812133e-04 
-4.812133e-04 
-4.812133e-04 
-4.812133e-04 
-4.812133e-04 
-4.812133e-04 
-4.812133e-04 
-4.812133e-04 
-4.812133e-04 
-4.812133e-04 
-4.812133e-04 
-4.812133e-04 
-4.812133e-04 
-4.812133e-04 
-4.812133e-04 
-4.812133e-04 
-4.812133e-04 
-4.812133e-04 
-4.812133e-04 
-4.812133e-04 
-4.812133e-04 
-4.812133e-04 
-5.122954e-04 
-5.711485e-04 
-6.401172e-04 
-7.214372e-04 
-8.179923e-04 
-9.335186e-04 
-1.072871e-03 
-1.242232e-03 
-1.449299e-03 
-1.704852e-03 
-2.024478e-03 
-2.429952e-03 
-2.952230e-03 
-3.636418e-03 
-4.549923e-03 
-5.796360e-03 
-7.540181e-03 
-1.005222e-02 
-1.379806e-02 
-1.961893e-02 
-2.912357e-02 
-4.557772e-02 
-7.590224e-02 
-1.340135e-01 
-2.378386e-01 
-3.820924e-01 
-5.362018e-01 
-6.824059e-01 
-8.134992e-01 
-9.201232e-01 
-9.542486e-01 
-9.542486e-01 
-9.542486e-01 
-9.542486e-01 
-9.542486e-01 
-9.542486e-01 
-9.542486e-01 
-9.542486e-01 
-9.542486e-01 
-9.542486e-01 
-9.542486e-01 
-9.542486e-01 
-9.542486e-01 
-9.542486e-01 
-9.542486e-01 
-9.542486e-01 
-9.542486e-01 
-9.542486e-01 
-9.542486e-01 
-9.542486e-01 
-9.542486e-01 
-9.542486e-01 
-9.542486e-01 
-9.542486e-01 
-9.542486e-01 
-9.542486e-01 
-9.542486e-01 
-9.542486e-01 
-9.542486e-01 
-9.542486e-01 
-9.542486e-01 
-9.542486e-01 
-9.542486e-01 
-9.542486e-01 
-9.542486e-01 
-9.542486e-01 
-9.542486e-01 
-9.542486e-01 
-9.542486e-01 
-9.542486e-01 
-9.542486e-01 
-9.542486e-01 
-9.542486e-01 
-9.542486e-01 
-9.542486e-01 
-9.542486e-01 
-9.542486e-01 
-9.542486e-01 
-9.542486e-01 
-9.542486e-01 
-9.542486e-01 
-9.542486e-01 
-9.542486e-01 
-9.542486e-01 
-9.542486e-01 
-9.542486e-01 
-9.542486e-01 
-9.542486e-01 
-9.542486e-01 
-9.542486e-01 
-9.542486e-01 
-9.542486e-01 
-9.542486e-01 
-9.542486e-01 
-9.542481e-01 
-9.542475e-01 
-9.542466e-01 
-9.542455e-01 
-9.542439e-01 
-9.542415e-01 
-9.542399e-01 
-9.542391e-01 
-9.542385e-01 
-9.542379e-01 
-9.542373e-01 
-9.542369e-01 
-9.542365e-01 
-9.542361e-01 
-9.542357e-01 
-9.542354e-01 
-9.542351e-01 
-9.542349e-01 
-9.542346e-01 
-9.542344e-01 
-9.542342e-01 
-9.542340e-01 
-9.542338e-01 
-9.542336e-01 
-9.542335e-01 
-9.542333e-01 
-9.542332e-01 
-9.542331e-01 
-9.542329e-01 
-9.542328e-01 
-9.542328e-01 
-9.542328e-01 
-9.542328e-01 
-9.542328e-01 
-9.542328e-01 
-9.542328e-01 
-9.542328e-01 
-9.542328e-01 
-9.542328e-01 
-9.542328e-01 
-9.542328e-01 
-9.542328e-01 
-9.542328e-01 
-9.542328e-01 
-9.542328e-01 
-9.542328e-01 
-9.542328e-01 
-9.542328e-01 
-9.542328e-01 
-9.542328e-01 
-9.542328e-01 
-9.542328e-01 
-9.542328e-01 
-9.542328e-01 
-9.542328e-01 
-9.542328e-01 
-9.542328e-01 
-9.542328e-01 
-9.542328e-01 
-9.542328e-01 
-9.542328e-01 
-9.542328e-01 
-9.542328e-01 
-9.542328e-01 
-9.542328e-01 
-9.542328e-01 
-9.542328e-01 
-9.542328e-01 
-9.542328e-01 
-9.542328e-01 
-9.542328e-01 
-9.542328e-01 
-9.542328e-01 
-9.542328e-01 
-9.542328e-01 
-9.542328e-01 
-9.542328e-01 
-9.542328e-01 
-9.542328e-01 
-9.542328e-01 
-9.542328e-01 
-9.542328e-01 
-9.542328e-01 
-9.542328e-01 
-9.542328e-01 
-9.542328e-01 
-9.542328e-01 
-9.542328e-01 
-9.542328e-01 
-9.542328e-01 
-9.542328e-01 
-9.542328e-01 
-9.542328e-01 
-8.955942e-01 
-7.822575e-01 
-6.468891e-01 
-4.916688e-01 
-3.054765e-01 
-8.793892e-02 
-1.696062e-03 
5.724745e-04 
3.040083e-04 
1.827623e-04 
1.193856e-04 
8.257979e-05 
5.961682e-05 
4.450983e-05 
3.415175e-05 
2.680897e-05 
2.145840e-05 
1.746845e-05 
1.443476e-05 
1.209107e-05 
1.025960e-05 
8.826555e-06 
7.750846e-06 
7.209807e-06 
6.194671e-06 
3.555135e-06 
3.260174e-06 
2.814249e-06 
2.162837e-06 
1.325958e-06 
8.824207e-07 
8.824310e-07 
8.824310e-07 
8.824310e-07 
8.824310e-07 
8.824310e-07 
8.824310e-07 
8.824310e-07 
8.824310e-07 
8.824310e-07 
8.824310e-07 
8.824310e-07 
8.824310e-07 
8.824310e-07 
8.824310e-07 
8.824310e-07 
8.824310e-07 
8.824310e-07 
8.824310e-07 
8.824310e-07 
8.824310e-07 
8.824310e-07 
8.824310e-07 
8.824310e-07 
8.824310e-07 
8.824310e-07 
8.824310e-07 
8.824310e-07 
8.824310e-07 
8.824310e-07 
8.824310e-07 
8.824310e-07 
8.824310e-07 
8.824310e-07 
8.824310e-07 
8.824310e-07 
8.824310e-07 
8.824310e-07 
8.824310e-07 
8.824310e-07 
8.824310e-07 
8.824310e-07 
8.824310e-07 
8.824310e-07 
8.824310e-07 
8.824310e-07 
8.824310e-07 
8.824310e-07 
8.824310e-07 
8.824310e-07 
8.824310e-07 
8.824310e-07 
8.824310e-07 
8.824310e-07 
8.824310e-07 
8.824310e-07 
8.824310e-07 
8.824310e-07 
8.824310e-07 
8.824310e-07 
8.824310e-07 
8.824310e-07 
8.824310e-07 
8.939478e-07 
1.075364e-06 
1.285105e-06 
1.522845e-06 
1.793310e-06 
2.102266e-06 
2.456841e-06 
2.866374e-06 
3.344377e-06 
3.907894e-06 
4.577246e-06 
5.379235e-06 
6.350343e-06 
7.540854e-06 
9.021322e-06 
1.089302e-05 
1.330526e-05 
1.648517e-05 
2.079076e-05 
2.680941e-05 
3.554634e-05 
4.878457e-05 
6.968930e-05 
1.032068e-04 
1.535575e-04 
2.174036e-04 
2.862081e-04 
3.557300e-04 
4.243202e-04 
4.871160e-04 
5.326099e-04 
5.341699e-04 
5.341699e-04 
5.341699e-04 
5.341699e-04 
5.341699e-04 
5.341699e-04 
5.341699e-04 
5.341699e-04 
5.341699e-04 
5.341699e-04 
5.341699e-04 
5.341699e-04 
5.341699e-04 
5.341699e-04 
5.341699e-04 
5.341699e-04 
5.341699e-04 
5.341699e-04 
5.341699e-04 
5.341699e-04 
5.341699e-04 
5.341699e-04 
5.341699e-04 
5.341699e-04 
5.341699e-04 
5.341699e-04 
5.341699e-04 
5.341699e-04 
5.341699e-04 
5.341699e-04 
5.341699e-04 
5.341699e-04 
5.341699e-04 
5.341699e-04 
5.341699e-04 
5.341699e-04 
5.341699e-04 
5.341699e-04 
5.341699e-04 
5.341699e-04 
5.341699e-04 
5.341699e-04 
5.341699e-04 
5.341699e-04 
5.341699e-04 
5.341699e-04 
5.341699e-04 
5.341699e-04 
5.341699e-04 
5.341699e-04 
5.341699e-04 
5.341699e-04 
5.341699e-04 
5.341699e-04 
5.341699e-04 
5.341699e-04 
5.341699e-04 
5.341699e-04 
5.341699e-04 
5.341699e-04 
5.341699e-04 
5.341699e-04 
5.341699e-04 
5.722548e-04 
6.365946e-04 
7.109955e-04 
7.953343e-04 
8.494193e-04 
9.679009e-04 
1.112602e-03 
1.288152e-03 
1.502809e-03 
1.768091e-03 
2.100112e-03 
2.521489e-03 
3.064478e-03 
3.776133e-03 
4.726840e-03 
6.024908e-03 
7.842449e-03 
1.046332e-02 
1.437630e-02 
2.046616e-02 
3.042786e-02 
4.770477e-02 
7.956944e-02 
1.403828e-01 
2.473737e-01 
3.928934e-01 
5.466238e-01 
6.919413e-01 
8.217161e-01 
9.261513e-01 
9.542487e-01 
9.542487e-01 
9.542487e-01 
9.542487e-01 
9.542487e-01 
9.542487e-01 
9.542487e-01 
9.542487e-01 
9.542487e-01 
9.542487e-01 
9.542487e-01 
9.542487e-01 
9.542487e-01 
9.542487e-01 
9.542487e-01 
9.542487e-01 
9.542487e-01 
9.542487e-01 
9.542487e-01 
9.542487e-01 
9.542487e-01 
9.542487e-01 
9.542487e-01 
9.542487e-01 
9.542487e-01 
9.542487e-01 
9.542487e-01 
9.542487e-01 
9.542487e-01 
9.542487e-01 
9.542487e-01 
9.542487e-01 
9.542487e-01 
9.542487e-01 
9.542487e-01 
9.542487e-01 
9.542487e-01 
9.542487e-01 
9.542487e-01 
9.542487e-01 
9.542487e-01 
9.542487e-01 
9.542487e-01 
9.542487e-01 
9.542487e-01 
9.542487e-01 
9.542487e-01 
9.542487e-01 
9.542487e-01 
9.542487e-01 
9.542487e-01 
9.542487e-01 
9.542487e-01 
9.542487e-01 
9.542487e-01 
9.542487e-01 
9.542487e-01 
9.542487e-01 
9.542487e-01 
9.542487e-01 
9.542487e-01 
9.542487e-01 
9.542487e-01 
9.542486e-01 
9.542482e-01 
9.542477e-01 
9.542471e-01 
9.542463e-01 
9.542454e-01 
9.542444e-01 
9.542433e-01 
9.542421e-01 
9.542411e-01 
9.542401e-01 
9.542392e-01 
9.542385e-01 
9.542379e-01 
9.542373e-01 
9.542368e-01 
9.542364e-01 
9.542360e-01 
9.542356e-01 
9.542353e-01 
9.542350e-01 
9.542348e-01 
9.542345e-01 
9.542343e-01 
9.542341e-01 
9.542339e-01 
9.542337e-01 
9.542336e-01 
9.542334e-01 
9.542333e-01 
9.542332e-01 
9.542332e-01 
9.542332e-01 
9.542332e-01 
9.542332e-01 
9.542332e-01 
9.542332e-01 
9.542332e-01 
9.542332e-01 
9.542332e-01 
9.542332e-01 
9.542332e-01 
9.542332e-01 
9.542332e-01 
9.542332e-01 
9.542332e-01 
9.542332e-01 
9.542332e-01 
9.542332e-01 
9.542332e-01 
9.542332e-01 
9.542332e-01 
9.542332e-01 
9.542332e-01 
9.542332e-01 
9.542332e-01 
9.542332e-01 
9.542332e-01 
9.542332e-01 
9.542332e-01 
9.542332e-01 
9.542332e-01 
9.542332e-01 
9.542332e-01 
9.542332e-01 
9.542332e-01 
9.542332e-01 
9.542332e-01 
9.542332e-01 
9.542332e-01 
9.542332e-01 
9.542332e-01 
9.542332e-01 
9.542332e-01 
9.542332e-01 
9.542332e-01 
9.542332e-01 
9.542332e-01 
9.542332e-01 
9.542332e-01 
9.542332e-01 
9.542332e-01 
9.542332e-01 
9.542332e-01 
9.542332e-01 
9.542332e-01 
9.542332e-01 
9.542332e-01 
9.542332e-01 
9.542332e-01 
9.542332e-01 
9.542332e-01 
9.542332e-01 
9.542332e-01 
8.887666e-01 
7.736317e-01 
6.370540e-01 
4.806065e-01 
2.931378e-01 
8.127791e-02 
3.730623e-03 
5.470758e-04 
2.854032e-04 
1.726718e-04 
1.132400e-04 
7.853527e-05 
5.679851e-05 
4.245561e-05 
3.259770e-05 
2.559490e-05 
2.048205e-05 
1.666154e-05 
1.374965e-05 
1.149295e-05 
9.722013e-06 
8.330801e-06 
7.302989e-06 
7.046721e-06 
7.920489e-06 
6.302771e-06 
5.437085e-06 
4.921672e-06 
4.755715e-06 
4.881886e-06 
5.018032e-06 
5.018027e-06 
5.018027e-06 
5.018027e-06 
5.018027e-06 
5.018027e-06 
5.018027e-06 
5.018027e-06 
5.018027e-06 
5.018027e-06 
5.018027e-06 
5.018027e-06 
5.018027e-06 
5.018027e-06 
5.018027e-06 
5.018027e-06 
5.018027e-06 
5.018027e-06 
5.018027e-06 
5.018027e-06 
5.018027e-06 
5.018027e-06 
5.018027e-06 
5.018027e-06 
5.018027e-06 
5.018027e-06 
5.018027e-06 
5.018027e-06 
5.018027e-06 
5.018027e-06 
5.018027e-06 
5.018027e-06 
5.018027e-06 
5.018027e-06 
5.018027e-06 
5.018027e-06 
5.018027e-06 
5.018027e-06 
5.018027e-06 
5.018027e-06 
5.018027e-06 
5.018027e-06 
5.018027e-06 
5.018027e-06 
5.018027e-06 
5.018027e-06 
5.018027e-06 
5.018027e-06 
5.018027e-06 
5.018027e-06 
5.018027e-06 
5.018027e-06 
5.018027e-06 
5.018027e-06 
5.018027e-06 
5.018027e-06 
5.018027e-06 
5.018027e-06 
5.018027e-06 
5.018027e-06 
5.018027e-06 
5.018027e-06 
5.018027e-06 
5.038590e-06 
5.227730e-06 
5.442912e-06 
5.685899e-06 
5.962148e-06 
6.278471e-06 
6.643425e-06 
7.067353e-06 
7.561775e-06 
8.142251e-06 
8.830924e-06 
9.657182e-06 
1.066030e-05 
1.189405e-05 
1.343377e-05 
1.538769e-05 
1.791558e-05 
2.126075e-05 
2.580685e-05 
3.218265e-05 
4.145969e-05 
5.551769e-05 
7.760517e-05 
1.124780e-04 
1.634405e-04 
2.264980e-04 
2.940918e-04 
3.629229e-04 
4.315404e-04 
4.945979e-04 
5.381264e-04 
5.388157e-04 
5.388157e-04 
5.388157e-04 
5.388157e-04 
5.388157e-04 
5.388157e-04 
5.388157e-04 
5.388157e-04 
5.388157e-04 
5.388157e-04 
5.388157e-04 
5.388157e-04 
5.388157e-04 
5.388157e-04 
5.388157e-04 
5.388157e-04 
5.388157e-04 
5.388157e-04 
5.388157e-04 
5.388157e-04 
5.388157e-04 
5.388157e-04 
5.388157e-04 
5.388157e-04 
5.388157e-04 
5.388157e-04 
5.388157e-04 
5.388157e-04 
5.388157e-04 
5.388157e-04 
5.388157e-04 
5.388157e-04 
5.388157e-04 
5.388157e-04 
5.388157e-04 
5.388157e-04 
5.388157e-04 
5.388157e-04 
5.388157e-04 
5.388157e-04 
5.388157e-04 
5.388157e-04 
5.388157e-04 
5.388157e-04 
5.388157e-04 
5.388157e-04 
5.388157e-04 
5.388157e-04 
5.388157e-04 
5.388157e-04 
5.388157e-04 
5.388157e-04 
5.388157e-04 
5.388157e-04 
5.388157e-04 
5.388157e-04 
5.388157e-04 
5.388157e-04 
5.388157e-04 
5.388157e-04 
5.388157e-04 
5.388157e-04 
5.388157e-04 
5.805602e-04 
6.445328e-04 
7.173762e-04 
7.631878e-04 
8.618372e-04 
9.772272e-04 
1.123258e-03 
1.301405e-03 
1.519180e-03 
1.788452e-03 
2.125774e-03 
2.554305e-03 
3.107120e-03 
3.832546e-03 
4.803008e-03 
6.130176e-03 
7.991933e-03 
1.068246e-02 
1.470991e-02 
2.099756e-02 
3.132127e-02 
4.930231e-02 
8.259267e-02 
1.460945e-01 
2.564231e-01 
4.034377e-01 
5.569239e-01 
7.013884e-01 
8.298149e-01 
9.319852e-01 
9.542487e-01 
9.542487e-01 
9.542487e-01 
9.542487e-01 
9.542487e-01 
9.542487e-01 
9.542487e-01 
9.542487e-01 
9.542487e-01 
9.542487e-01 
9.542487e-01 
9.542487e-01 
9.542487e-01 
9.542487e-01 
9.542487e-01 
9.542487e-01 
9.542487e-01 
9.542487e-01 
9.542487e-01 
9.542487e-01 
9.542487e-01 
9.542487e-01 
9.542487e-01 
9.542487e-01 
9.542487e-01 
9.542487e-01 
9.542487e-01 
9.542487e-01 
9.542487e-01 
9.542487e-01 
9.542487e-01 
9.542487e-01 
9.542487e-01 
9.542487e-01 
9.542487e-01 
9.542487e-01 
9.542487e-01 
9.542487e-01 
9.542487e-01 
9.542487e-01 
9.542487e-01 
9.542487e-01 
9.542487e-01 
9.542487e-01 
9.542487e-01 
9.542487e-01 
9.542487e-01 
9.542487e-01 
9.542487e-01 
9.542487e-01 
9.542487e-01 
9.542487e-01 
9.542487e-01 
9.542487e-01 
9.542487e-01 
9.542487e-01 
9.542487e-01 
9.542487e-01 
9.542487e-01 
9.542487e-01 
9.542487e-01 
9.542487e-01 
9.542487e-01 
9.542486e-01 
9.542482e-01 
9.542477e-01 
9.542470e-01 
9.542463e-01 
9.542454e-01 
9.542443e-01 
9.542432e-01 
9.542421e-01 
9.542410e-01 
9.542400e-01 
9.542392e-01 
9.542384e-01 
9.542378e-01 
9.542373e-01 
9.542368e-01 
9.542363e-01 
9.542360e-01 
9.542356e-01 
9.542353e-01 
9.542350e-01 
9.542348e-01 
9.542345e-01 
9.542343e-01 
9.542341e-01 
9.542339e-01 
9.542337e-01 
9.542336e-01 
9.542334e-01 
9.542333e-01 
9.542332e-01 
9.542332e-01 
9.542332e-01 
9.542332e-01 
9.542332e-01 
9.542332e-01 
9.542332e-01 
9.542332e-01 
9.542332e-01 
9.542332e-01 
9.542332e-01 
9.542332e-01 
9.542332e-01 
9.542332e-01 
9.542332e-01 
9.542332e-01 
9.542332e-01 
9.542332e-01 
9.542332e-01 
9.542332e-01 
9.542332e-01 
9.542332e-01 
9.542332e-01 
9.542332e-01 
9.542332e-01 
9.542332e-01 
9.542332e-01 
9.542332e-01 
9.542332e-01 
9.542332e-01 
9.542332e-01 
9.542332e-01 
9.542332e-01 
9.542332e-01 
9.542332e-01 
9.542332e-01 
9.542332e-01 
9.542332e-01 
9.542332e-01 
9.542332e-01 
9.542332e-01 
9.542332e-01 
9.542332e-01 
9.542332e-01 
9.542332e-01 
9.542332e-01 
9.542332e-01 
9.542332e-01 
9.542332e-01 
9.542332e-01 
9.542332e-01 
9.542332e-01 
9.542332e-01 
9.542332e-01 
9.542332e-01 
9.542332e-01 
9.542332e-01 
9.542332e-01 
9.542332e-01 
9.542332e-01 
9.542332e-01 
9.542332e-01 
9.542332e-01 
9.542332e-01 
8.817812e-01 
7.648946e-01 
6.270430e-01 
4.689885e-01 
2.787601e-01 
6.993307e-02 
2.996597e-03 
5.306691e-04 
2.817500e-04 
1.717052e-04 
1.131761e-04 
7.879891e-05 
5.717572e-05 
4.286117e-05 
3.299758e-05 
2.597693e-05 
2.084383e-05 
1.700538e-05 
1.408051e-05 
1.181812e-05 
1.005286e-05 
8.691804e-06 
7.789162e-06 
8.333090e-06 
1.305851e-05 
1.561544e-05 
1.685249e-05 
1.750706e-05 
1.782436e-05 
1.785039e-05 
1.789702e-05 
1.789701e-05 
1.789701e-05 
1.789701e-05 
1.789701e-05 
1.789701e-05 
1.789701e-05 
1.789701e-05 
1.789701e-05 
1.789701e-05 
1.789701e-05 
1.789701e-05 
1.789701e-05 
1.789701e-05 
1.789701e-05 
1.789701e-05 
1.789701e-05 
1.789701e-05 
1.789701e-05 
1.789701e-05 
1.789701e-05 
1.789701e-05 
1.789701e-05 
1.789701e-05 
1.789701e-05 
1.789701e-05 
1.789701e-05 
1.789701e-05 
1.789701e-05 
1.789701e-05 
1.789701e-05 
1.789701e-05 
1.789701e-05 
1.789701e-05 
1.789701e-05 
1.789701e-05 
1.789701e-05 
1.789701e-05 
1.789701e-05 
1.789701e-05 
1.789701e-05 
1.789701e-05 
1.789701e-05 
1.789701e-05 
1.789701e-05 
1.789701e-05 
1.789701e-05 
1.789701e-05 
1.789701e-05 
1.789701e-05 
1.789701e-05 
1.789701e-05 
1.789701e-05 
1.789701e-05 
1.789701e-05 
1.789701e-05 
1.789701e-05 
1.789701e-05 
1.789701e-05 
1.789701e-05 
1.789701e-05 
1.789701e-05 
1.789701e-05 
1.792613e-05 
1.808476e-05 
1.825628e-05 
1.844148e-05 
1.864114e-05 
1.885593e-05 
1.908631e-05 
1.933296e-05 
1.959776e-05 
1.988164e-05 
2.018299e-05 
2.049834e-05 
2.082138e-05 
2.114088e-05 
2.143711e-05 
2.167575e-05 
2.179716e-05 
2.169667e-05 
2.118763e-05 
1.992977e-05 
1.728726e-05 
1.204752e-05 
1.904496e-06 
-1.719815e-05 
-5.056637e-05 
-1.004241e-04 
-1.626156e-04 
-2.332111e-04 
-3.131181e-04 
-4.031752e-04 
-4.806087e-04 
-4.812133e-04 
-4.812133e-04 
-4.812133e-04 
-4.812133e-04 
-4.812133e-04 
-4.812133e-04 
-4.812133e-04 
-4.812133e-04 
-4.812133e-04 
-4.812133e-04 
-4.812133e-04 
-4.812133e-04 
-4.812133e-04 
-4.812133e-04 
-4.812133e-04 
-4.812133e-04 
-4.812133e-04 
-4.812133e-04 
-4.812133e-04 
-4.812133e-04 
-4.812133e-04 
-4.812133e-04 
-4.812133e-04 
-4.812133e-04 
-4.812133e-04 
-4.812133e-04 
-4.812133e-04 
-4.812133e-04 
-4.812133e-04 
-4.812133e-04 
-4.812133e-04 
-4.812133e-04 
-4.812133e-04 
-4.812133e-04 
-4.812133e-04 
-4.812133e-04 
-4.812133e-04 
-4.812133e-04 
-4.812133e-04 
-4.812133e-04 
-4.812133e-04 
-4.812133e-04 
-4.812133e-04 
-4.812133e-04 
-4.812133e-04 
-4.812133e-04 
-4.812133e-04 
-4.812133e-04 
-4.812133e-04 
-4.812133e-04 
-4.812133e-04 
-4.812133e-04 
-4.812133e-04 
-4.812133e-04 
-4.812133e-04 
-4.812133e-04 
-4.812133e-04 
-4.812133e-04 
-4.812133e-04 
-4.812133e-04 
-4.812133e-04 
-4.812133e-04 
-4.812133e-04 
-5.236337e-04 
-5.844063e-04 
-6.557074e-04 
-7.398930e-04 
-8.400026e-04 
-9.599788e-04 
-1.104938e-03 
-1.281342e-03 
-1.497332e-03 
-1.764584e-03 
-2.099800e-03 
-2.526334e-03 
-3.077564e-03 
-3.802364e-03 
-4.774180e-03 
-6.106611e-03 
-7.981248e-03 
-1.069964e-02 
-1.478519e-02 
-2.119414e-02 
-3.177784e-02 
-5.033758e-02 
-8.494338e-02 
-1.511628e-01 
-2.650586e-01 
-4.137777e-01 
-5.671202e-01 
-7.107501e-01 
-8.377921e-01 
-9.376189e-01 
-9.542486e-01 
-9.542486e-01 
-9.542486e-01 
-9.542486e-01 
-9.542486e-01 
-9.542486e-01 
-9.542486e-01 
-9.542486e-01 
-9.542486e-01 
-9.542486e-01 
-9.542486e-01 
-9.542486e-01 
-9.542486e-01 
-9.542486e-01 
-9.542486e-01 
-9.542486e-01 
-9.542486e-01 
-9.542486e-01 
-9.542486e-01 
-9.542486e-01 
-9.542486e-01 
-9.542486e-01 
-9.542486e-01 
-9.542486e-01 
-9.542486e-01 
-9.542486e-01 
-9.542486e-01 
-9.542486e-01 
-9.542486e-01 
-9.542486e-01 
-9.542486e-01 
-9.542486e-01 
-9.542486e-01 
-9.542486e-01 
-9.542486e-01 
-9.542486e-01 
-9.542486e-01 
-9.542486e-01 
-9.542486e-01 
-9.542486e-01 
-9.542486e-01 
-9.542486e-01 
-9.542486e-01 
-9.542486e-01 
-9.542486e-01 
-9.542486e-01 
-9.542486e-01 
-9.542486e-01 
-9.542486e-01 
-9.542486e-01 
-9.542486e-01 
-9.542486e-01 
-9.542486e-01 
-9.542486e-01 
-9.542486e-01 
-9.542486e-01 
-9.542486e-01 
-9.542486e-01 
-9.542486e-01 
-9.542486e-01 
-9.542486e-01 
-9.542486e-01 
-9.542486e-01 
-9.542485e-01 
-9.542480e-01 
-9.542473e-01 
-9.542464e-01 
-9.542452e-01 
-9.542434e-01 
-9.542410e-01 
-9.542397e-01 
-9.542390e-01 
-9.542383e-01 
-9.542378e-01 
-9.542373e-01 
-9.542368e-01 
-9.542364e-01 
-9.542360e-01 
-9.542357e-01 
-9.542354e-01 
-9.542351e-01 
-9.542348e-01 
-9.542346e-01 
-9.542344e-01 
-9.542341e-01 
-9.542340e-01 
-9.542338e-01 
-9.542336e-01 
-9.542335e-01 
-9.542333e-01 
-9.542332e-01 
-9.542330e-01 
-9.542329e-01 
-9.542328e-01 
-9.542328e-01 
-9.542328e-01 
-9.542328e-01 
-9.542328e-01 
-9.542328e-01 
-9.542328e-01 
-9.542328e-01 
-9.542328e-01 
-9.542328e-01 
-9.542328e-01 
-9.542328e-01 
-9.542328e-01 
-9.542328e-01 
-9.542328e-01 
-9.542328e-01 
-9.542328e-01 
-9.542328e-01 
-9.542328e-01 
-9.542328e-01 
-9.542328e-01 
-9.542328e-01 
-9.542328e-01 
-9.542328e-01 
-9.542328e-01 
-9.542328e-01 
-9.542328e-01 
-9.542328e-01 
-9.542328e-01 
-9.542328e-01 
-9.542328e-01 
-9.542328e-01 
-9.542328e-01 
-9.542328e-01 
-9.542328e-01 
-9.542328e-01 
-9.542328e-01 
-9.542328e-01 
-9.542328e-01 
-9.542328e-01 
-9.542328e-01 
-9.542328e-01 
-9.542328e-01 
-9.542328e-01 
-9.542328e-01 
-9.542328e-01 
-9.542328e-01 
-9.542328e-01 
-9.542328e-01 
-9.542328e-01 
-9.542328e-01 
-9.542328e-01 
-9.542328e-01 
-9.542328e-01 
-9.542328e-01 
-9.542328e-01 
-9.542328e-01 
-9.542328e-01 
-9.542328e-01 
-9.542328e-01 
-9.542328e-01 
-9.542328e-01 
-9.542328e-01 
-9.542328e-01 
-8.746424e-01 
-7.560408e-01 
-6.168174e-01 
-4.566463e-01 
-2.616738e-01 
-5.371334e-02 
-6.162380e-06 
4.866820e-04 
2.648076e-04 
1.623414e-04 
1.074027e-04 
7.496579e-05 
5.448639e-05 
4.088983e-05 
3.149878e-05 
2.480053e-05 
1.989324e-05 
1.621549e-05 
1.340511e-05 
1.122215e-05 
9.506764e-06 
8.166489e-06 
7.254396e-06 
7.851002e-06 
1.275880e-05 
1.546288e-05 
1.676254e-05 
1.743747e-05 
1.775470e-05 
1.776350e-05 
1.782283e-05 
1.782282e-05 
1.782282e-05 
1.782282e-05 
1.782282e-05 
1.782282e-05 
1.782282e-05 
1.782282e-05 
1.782282e-05 
1.782282e-05 
1.782282e-05 
1.782282e-05 
1.782282e-05 
1.782282e-05 
1.782282e-05 
1.782282e-05 
1.782282e-05 
1.782282e-05 
1.782282e-05 
1.782282e-05 
1.782282e-05 
1.782282e-05 
1.782282e-05 
1.782282e-05 
1.782282e-05 
1.782282e-05 
1.782282e-05 
1.782282e-05 
1.782282e-05 
1.782282e-05 
1.782282e-05 
1.782282e-05 
1.782282e-05 
1.782282e-05 
1.782282e-05 
1.782282e-05 
1.782282e-05 
1.782282e-05 
1.782282e-05 
1.782282e-05 
1.782282e-05 
1.782282e-05 
1.782282e-05 
1.782282e-05 
1.782282e-05 
1.782282e-05 
1.782282e-05 
1.782282e-05 
1.782282e-05 
1.782282e-05 
1.782282e-05 
1.782282e-05 
1.782282e-05 
1.782282e-05 
1.782282e-05 
1.782282e-05 
1.782282e-05 
1.782282e-05 
1.782282e-05 
1.782282e-05 
1.782282e-05 
1.782282e-05 
1.782282e-05 
1.786330e-05 
1.802988e-05 
1.820848e-05 
1.840017e-05 
1.861522e-05 
1.886198e-05 
1.910253e-05 
1.935046e-05 
1.961657e-05 
1.990172e-05 
2.020416e-05 
2.052027e-05 
2.084350e-05 
2.116217e-05 
2.145576e-05 
2.168867e-05 
2.179891e-05 
2.167767e-05 
2.113063e-05 
1.980292e-05 
1.703038e-05 
1.154525e-05 
9.414339e-07 
-1.896816e-05 
-5.346648e-05 
-1.043515e-04 
-1.671889e-04 
-2.383482e-04 
-3.189808e-04 
-4.095315e-04 
-4.809927e-04 
-4.812133e-04 
-4.812133e-04 
-4.812133e-04 
-4.812133e-04 
-4.812133e-04 
-4.812133e-04 
-4.812133e-04 
-4.812133e-04 
-4.812133e-04 
-4.812133e-04 
-4.812133e-04 
-4.812133e-04 
-4.812133e-04 
-4.812133e-04 
-4.812133e-04 
-4.812133e-04 
-4.812133e-04 
-4.812133e-04 
-4.812133e-04 
-4.812133e-04 
-4.812133e-04 
-4.812133e-04 
-4.812133e-04 
-4.812133e-04 
-4.812133e-04 
-4.812133e-04 
-4.812133e-04 
-4.812133e-04 
-4.812133e-04 
-4.812133e-04 
-4.812133e-04 
-4.812133e-04 
-4.812133e-04 
-4.812133e-04 
-4.812133e-04 
-4.812133e-04 
-4.812133e-04 
-4.812133e-04 
-4.812133e-04 
-4.812133e-04 
-4.812133e-04 
-4.812133e-04 
-4.812133e-04 
-4.812133e-04 
-4.812133e-04 
-4.812133e-04 
-4.812133e-04 
-4.812133e-04 
-4.812133e-04 
-4.812133e-04 
-4.812133e-04 
-4.812133e-04 
-4.812133e-04 
-4.812133e-04 
-4.812133e-04 
-4.812133e-04 
-4.812133e-04 
-4.812133e-04 
-4.812133e-04 
-4.812133e-04 
-4.812133e-04 
-4.812133e-04 
-4.812133e-04 
-5.274937e-04 
-5.889227e-04 
-6.610230e-04 
-7.461917e-04 
-8.475224e-04 
-9.690289e-04 
-1.115917e-03 
-1.294742e-03 
-1.513813e-03 
-1.785118e-03 
-2.125742e-03 
-2.559600e-03 
-3.120923e-03 
-3.859923e-03 
-4.852197e-03 
-6.214916e-03 
-8.135841e-03 
-1.092764e-02 
-1.513480e-02 
-2.175586e-02 
-3.273196e-02 
-5.206340e-02 
-8.823928e-02 
-1.573477e-01 
-2.744899e-01 
-4.243736e-01 
-5.773337e-01 
-7.200496e-01 
-8.456472e-01 
-9.430465e-01 
-9.542486e-01 
-9.542486e-01 
-9.542486e-01 
-9.542486e-01 
-9.542486e-01 
-9.542486e-01 
-9.542486e-01 
-9.542486e-01 
-9.542486e-01 
-9.542486e-01 
-9.542486e-01 
-9.542486e-01 
-9.542486e-01 
-9.542486e-01 
-9.542486e-01 
-9.542486e-01 
-9.542486e-01 
-9.542486e-01 
-9.542486e-01 
-9.542486e-01 
-9.542486e-01 
-9.542486e-01 
-9.542486e-01 
-9.542486e-01 
-9.542486e-01 
-9.542486e-01 
-9.542486e-01 
-9.542486e-01 
-9.542486e-01 
-9.542486e-01 
-9.542486e-01 
-9.542486e-01 
-9.542486e-01 
-9.542486e-01 
-9.542486e-01 
-9.542486e-01 
-9.542486e-01 
-9.542486e-01 
-9.542486e-01 
-9.542486e-01 
-9.542486e-01 
-9.542486e-01 
-9.542486e-01 
-9.542486e-01 
-9.542486e-01 
-9.542486e-01 
-9.542486e-01 
-9.542486e-01 
-9.542486e-01 
-9.542486e-01 
-9.542486e-01 
-9.542486e-01 
-9.542486e-01 
-9.542486e-01 
-9.542486e-01 
-9.542486e-01 
-9.542486e-01 
-9.542486e-01 
-9.542486e-01 
-9.542486e-01 
-9.542486e-01 
-9.542486e-01 
-9.542486e-01 
-9.542485e-01 
-9.542479e-01 
-9.542473e-01 
-9.542464e-01 
-9.542451e-01 
-9.542433e-01 
-9.542409e-01 
-9.542397e-01 
-9.542389e-01 
-9.542383e-01 
-9.542377e-01 
-9.542372e-01 
-9.542368e-01 
-9.542364e-01 
-9.542360e-01 
-9.542356e-01 
-9.542353e-01 
-9.542351e-01 
-9.542348e-01 
-9.542346e-01 
-9.542343e-01 
-9.542341e-01 
-9.542339e-01 
-9.542338e-01 
-9.542336e-01 
-9.542334e-01 
-9.542333e-01 
-9.542332e-01 
-9.542330e-01 
-9.542329e-01 
-9.542328e-01 
-9.542328e-01 
-9.542328e-01 
-9.542328e-01 
-9.542328e-01 
-9.542328e-01 
-9.542328e-01 
-9.542328e-01 
-9.542328e-01 
-9.542328e-01 
-9.542328e-01 
-9.542328e-01 
-9.542328e-01 
-9.542328e-01 
-9.542328e-01 
-9.542328e-01 
-9.542328e-01 
-9.542328e-01 
-9.542328e-01 
-9.542328e-01 
-9.542328e-01 
-9.542328e-01 
-9.542328e-01 
-9.542328e-01 
-9.542328e-01 
-9.542328e-01 
-9.542328e-01 
-9.542328e-01 
-9.542328e-01 
-9.542328e-01 
-9.542328e-01 
-9.542328e-01 
-9.542328e-01 
-9.542328e-01 
-9.542328e-01 
-9.542328e-01 
-9.542328e-01 
-9.542328e-01 
-9.542328e-01 
-9.542328e-01 
-9.542328e-01 
-9.542328e-01 
-9.542328e-01 
-9.542328e-01 
-9.542328e-01 
-9.542328e-01 
-9.542328e-01 
-9.542328e-01 
-9.542328e-01 
-9.542328e-01 
-9.542328e-01 
-9.542328e-01 
-9.542328e-01 
-9.542328e-01 
-9.542328e-01 
-9.542328e-01 
-9.542328e-01 
-9.542328e-01 
-9.542328e-01 
-9.542328e-01 
-9.542328e-01 
-9.542328e-01 
-9.542328e-01 
-9.542328e-01 
-8.673614e-01 
-7.471149e-01 
-6.066086e-01 
-4.446547e-01 
-2.465996e-01 
-4.430038e-02 
2.908159e-04 
4.763045e-04 
2.617329e-04 
1.615590e-04 
1.074048e-04 
7.525311e-05 
5.487068e-05 
4.129579e-05 
3.189652e-05 
2.517966e-05 
2.025221e-05 
1.655694e-05 
1.373402e-05 
1.154513e-05 
9.831453e-06 
8.495886e-06 
7.530609e-06 
7.223201e-06 
4.657095e-06 
3.481033e-06 
3.156906e-06 
2.657275e-06 
1.948779e-06 
1.083777e-06 
8.824306e-07 
8.824310e-07 
8.824310e-07 
8.824310e-07 
8.824310e-07 
8.824310e-07 
8.824310e-07 
8.824310e-07 
8.824310e-07 
8.824310e-07 
8.824310e-07 
8.824310e-07 
8.824310e-07 
8.824310e-07 
8.824310e-07 
8.824310e-07 
8.824310e-07 
8.824310e-07 
8.824310e-07 
8.824310e-07 
8.824310e-07 
8.824310e-07 
8.824310e-07 
8.824310e-07 
8.824310e-07 
8.824310e-07 
8.824310e-07 
8.824310e-07 
8.824310e-07 
8.824310e-07 
8.824310e-07 
8.824310e-07 
8.824310e-07 
8.824310e-07 
8.824310e-07 
8.824310e-07 
8.824310e-07 
8.824310e-07 
8.824310e-07 
8.824310e-07 
8.824310e-07 
8.824310e-07 
8.824310e-07 
8.824310e-07 
8.824310e-07 
8.824310e-07 
8.824310e-07 
8.824310e-07 
8.824310e-07 
8.824310e-07 
8.824310e-07 
8.824310e-07 
8.824310e-07 
8.824310e-07 
8.824310e-07 
8.824310e-07 
8.824310e-07 
8.824310e-07 
8.824310e-07 
8.824310e-07 
8.824310e-07 
8.824310e-07 
8.824310e-07 
9.382309e-07 
1.130190e-06 
1.347161e-06 
1.593345e-06 
1.873714e-06 
2.194371e-06 
2.562911e-06 
2.989630e-06 
3.489232e-06 
4.079464e-06 
4.782081e-06 
5.626208e-06 
6.651616e-06 
7.913360e-06 
9.489132e-06 
1.149123e-05 
1.408658e-05 
1.753144e-05 
2.223405e-05 
2.887194e-05 
3.861753e-05 
5.356259e-05 
7.736448e-05 
1.152562e-04 
1.700483e-04 
2.360143e-04 
3.052161e-04 
3.746874e-04 
4.424221e-04 
5.019754e-04 
5.341388e-04 
5.341699e-04 
5.341699e-04 
5.341699e-04 
5.341699e-04 
5.341699e-04 
5.341699e-04 
5.341699e-04 
5.341699e-04 
5.341699e-04 
5.341699e-04 
5.341699e-04 
5.341699e-04 
5.341699e-04 
5.341699e-04 
5.341699e-04 
5.341699e-04 
5.341699e-04 
5.341699e-04 
5.341699e-04 
5.341699e-04 
5.341699e-04 
5.341699e-04 
5.341699e-04 
5.341699e-04 
5.341699e-04 
5.341699e-04 
5.341699e-04 
5.341699e-04 
5.341699e-04 
5.341699e-04 
5.341699e-04 
5.341699e-04 
5.341699e-04 
5.341699e-04 
5.341699e-04 
5.341699e-04 
5.341699e-04 
5.341699e-04 
5.341699e-04 
5.341699e-04 
5.341699e-04 
5.341699e-04 
5.341699e-04 
5.341699e-04 
5.341699e-04 
5.341699e-04 
5.341699e-04 
5.341699e-04 
5.341699e-04 
5.341699e-04 
5.341699e-04 
5.341699e-04 
5.341699e-04 
5.341699e-04 
5.341699e-04 
5.341699e-04 
5.341699e-04 
5.341699e-04 
5.341699e-04 
5.341699e-04 
5.341699e-04 
5.341699e-04 
5.344160e-04 
5.889342e-04 
6.558863e-04 
7.332349e-04 
8.158101e-04 
8.791403e-04 
1.004756e-03 
1.157262e-03 
1.342557e-03 
1.569752e-03 
1.851454e-03 
2.205331e-03 
2.656256e-03 
3.239909e-03 
4.008687e-03 
5.041547e-03 
6.461008e-03 
8.463650e-03 
1.137732e-02 
1.577391e-02 
2.270416e-02 
3.421405e-02 
5.452024e-02 
9.251919e-02 
1.646316e-01 
2.846192e-01 
4.351648e-01 
5.875455e-01 
7.292805e-01 
8.533748e-01 
9.482619e-01 
9.542487e-01 
9.542487e-01 
9.542487e-01 
9.542487e-01 
9.542487e-01 
9.542487e-01 
9.542487e-01 
9.542487e-01 
9.542487e-01 
9.542487e-01 
9.542487e-01 
9.542487e-01 
9.542487e-01 
9.542487e-01 
9.542487e-01 
9.542487e-01 
9.542487e-01 
9.542487e-01 
9.542487e-01 
9.542487e-01 
9.542487e-01 
9.542487e-01 
9.542487e-01 
9.542487e-01 
9.542487e-01 
9.542487e-01 
9.542487e-01 
9.542487e-01 
9.542487e-01 
9.542487e-01 
9.542487e-01 
9.542487e-01 
9.542487e-01 
9.542487e-01 
9.542487e-01 
9.542487e-01 
9.542487e-01 
9.542487e-01 
9.542487e-01 
9.542487e-01 
9.542487e-01 
9.542487e-01 
9.542487e-01 
9.542487e-01 
9.542487e-01 
9.542487e-01 
9.542487e-01 
9.542487e-01 
9.542487e-01 
9.542487e-01 
9.542487e-01 
9.542487e-01 
9.542487e-01 
9.542487e-01 
9.542487e-01 
9.542487e-01 
9.542487e-01 
9.542487e-01 
9.542487e-01 
9.542487e-01 
9.542487e-01 
9.542487e-01 
9.542487e-01 
9.542485e-01 
9.542481e-01 
9.542475e-01 
9.542469e-01 
9.542461e-01 
9.542452e-01 
9.542441e-01 
9.542430e-01 
9.542418e-01 
9.542408e-01 
9.542398e-01 
9.542390e-01 
9.542383e-01 
9.542377e-01 
9.542372e-01 
9.542367e-01 
9.542363e-01 
9.542359e-01 
9.542355e-01 
9.542352e-01 
9.542350e-01 
9.542347e-01 
9.542345e-01 
9.542343e-01 
9.542341e-01 
9.542339e-01 
9.542337e-01 
9.542335e-01 
9.542334e-01 
9.542333e-01 
9.542332e-01 
9.542332e-01 
9.542332e-01 
9.542332e-01 
9.542332e-01 
9.542332e-01 
9.542332e-01 
9.542332e-01 
9.542332e-01 
9.542332e-01 
9.542332e-01 
9.542332e-01 
9.542332e-01 
9.542332e-01 
9.542332e-01 
9.542332e-01 
9.542332e-01 
9.542332e-01 
9.542332e-01 
9.542332e-01 
9.542332e-01 
9.542332e-01 
9.542332e-01 
9.542332e-01 
9.542332e-01 
9.542332e-01 
9.542332e-01 
9.542332e-01 
9.542332e-01 
9.542332e-01 
9.542332e-01 
9.542332e-01 
9.542332e-01 
9.542332e-01 
9.542332e-01 
9.542332e-01 
9.542332e-01 
9.542332e-01 
9.542332e-01 
9.542332e-01 
9.542332e-01 
9.542332e-01 
9.542332e-01 
9.542332e-01 
9.542332e-01 
9.542332e-01 
9.542332e-01 
9.542332e-01 
9.542332e-01 
9.542332e-01 
9.542332e-01 
9.542332e-01 
9.542332e-01 
9.542332e-01 
9.542332e-01 
9.542332e-01 
9.542332e-01 
9.542332e-01 
9.542332e-01 
9.542332e-01 
9.542332e-01 
9.542332e-01 
9.542332e-01 
9.516542e-01 
8.599449e-01 
7.381283e-01 
5.964605e-01 
4.332052e-01 
2.343657e-01 
4.161942e-02 
1.609966e-03 
4.459411e-04 
2.462285e-04 
1.528306e-04 
1.019599e-04 
7.160756e-05 
5.229641e-05 
3.939905e-05 
3.044833e-05 
2.403901e-05 
1.932793e-05 
1.578743e-05 
1.307576e-05 
1.096591e-05 
9.306732e-06 
8.010332e-06 
7.111014e-06 
7.357490e-06 
7.327831e-06 
6.032331e-06 
5.260723e-06 
4.842450e-06 
4.766281e-06 
4.943692e-06 
5.018027e-06 
5.018027e-06 
5.018027e-06 
5.018027e-06 
5.018027e-06 
5.018027e-06 
5.018027e-06 
5.018027e-06 
5.018027e-06 
5.018027e-06 
5.018027e-06 
5.018027e-06 
5.018027e-06 
5.018027e-06 
5.018027e-06 
5.018027e-06 
5.018027e-06 
5.018027e-06 
5.018027e-06 
5.018027e-06 
5.018027e-06 
5.018027e-06 
5.018027e-06 
5.018027e-06 
5.018027e-06 
5.018027e-06 
5.018027e-06 
5.018027e-06 
5.018027e-06 
5.018027e-06 
5.018027e-06 
5.018027e-06 
5.018027e-06 
5.018027e-06 
5.018027e-06 
5.018027e-06 
5.018027e-06 
5.018027e-06 
5.018027e-06 
5.018027e-06 
5.018027e-06 
5.018027e-06 
5.018027e-06 
5.018027e-06 
5.018027e-06 
5.018027e-06 
5.018027e-06 
5.018027e-06 
5.018027e-06 
5.018027e-06 
5.018027e-06 
5.018027e-06 
5.018027e-06 
5.018027e-06 
5.018027e-06 
5.018027e-06 
5.018027e-06 
5.018027e-06 
5.018027e-06 
5.018027e-06 
5.018027e-06 
5.018027e-06 
5.018027e-06 
5.086488e-06 
5.284084e-06 
5.506400e-06 
5.757889e-06 
6.044357e-06 
6.373046e-06 
6.753050e-06 
7.195034e-06 
7.711175e-06 
8.318763e-06 
9.041794e-06 
9.912011e-06 
1.097211e-05 
1.228092e-05 
1.392142e-05 
0.000000e+00 
0.000000e+00 
0.000000e+00 
0.000000e+00 
0.000000e+00 
0.000000e+00 
0.000000e+00 
0.000000e+00
#[#TRACE_DATA]
#[#TRACE]
