#[TRACE]
#data_labels=Output
#[TRACE_DATA]
-5.400970e-03 
-6.708969e-03 
-8.737369e-03 
-1.168365e-02 
-1.612309e-02 
-2.311240e-02 
-3.470861e-02 
-5.514928e-02 
-9.336432e-02 
-1.657771e-01 
-2.859668e-01 
-4.364537e-01 
-5.886664e-01 
-7.302065e-01 
-8.540674e-01 
-9.486643e-01 
-9.543235e-01 
-9.543235e-01 
-9.543235e-01 
-9.543235e-01 
-9.543235e-01 
-9.543235e-01 
-9.543235e-01 
-9.543235e-01 
-9.543235e-01 
-9.543235e-01 
-9.543235e-01 
-9.543235e-01 
-9.543235e-01 
-9.543235e-01 
-9.543235e-01 
-9.543235e-01 
-9.543235e-01 
-9.543235e-01 
-9.543235e-01 
-9.543235e-01 
-9.543235e-01 
-9.543235e-01 
-9.543235e-01 
-9.543235e-01 
-9.543235e-01 
-9.543235e-01 
-9.543235e-01 
-9.543235e-01 
-9.543235e-01 
-9.543235e-01 
-9.543235e-01 
-9.543235e-01 
-9.543235e-01 
-9.543235e-01 
-9.543235e-01 
-9.543235e-01 
-9.543235e-01 
-9.543235e-01 
-9.543235e-01 
-9.543235e-01 
-9.543235e-01 
-9.543235e-01 
-9.543235e-01 
-9.543235e-01 
-9.543235e-01 
-9.543235e-01 
-9.543235e-01 
-9.543235e-01 
-9.543235e-01 
-9.543235e-01 
-9.543235e-01 
-9.543235e-01 
-9.543235e-01 
-9.543235e-01 
-9.543235e-01 
-9.543235e-01 
-9.543235e-01 
-9.543235e-01 
-9.543235e-01 
-9.543235e-01 
-9.543235e-01 
-9.543235e-01 
-9.543235e-01 
-9.543222e-01 
-9.543187e-01 
-9.543144e-01 
-9.543095e-01 
-9.543040e-01 
-9.542980e-01 
-9.542917e-01 
-9.542853e-01 
-9.542793e-01 
-9.542740e-01 
-9.542695e-01 
-9.542658e-01 
-9.542627e-01 
-9.542601e-01 
-9.542578e-01 
-9.542559e-01 
-9.542542e-01 
-9.542527e-01 
-9.542514e-01 
-9.542502e-01 
-9.542492e-01 
-9.542482e-01 
-9.542474e-01 
-9.542466e-01 
-9.542458e-01 
-9.542452e-01 
-9.542446e-01 
-9.542440e-01 
-9.542434e-01 
-9.542430e-01 
-9.542427e-01 
-9.542427e-01 
-9.542427e-01 
-9.542427e-01 
-9.542427e-01 
-9.542427e-01 
-9.542427e-01 
-9.542427e-01 
-9.542427e-01 
-9.542427e-01 
-9.542427e-01 
-9.542427e-01 
-9.542427e-01 
-9.542427e-01 
-9.542427e-01 
-9.542427e-01 
-9.542427e-01 
-9.542427e-01 
-9.542427e-01 
-9.542427e-01 
-9.542427e-01 
-9.542427e-01 
-9.542427e-01 
-9.542427e-01 
-9.542427e-01 
-9.542427e-01 
-9.542427e-01 
-9.542427e-01 
-9.542427e-01 
-9.542427e-01 
-9.542427e-01 
-9.542427e-01 
-9.542427e-01 
-9.542427e-01 
-9.542427e-01 
-9.542427e-01 
-9.542427e-01 
-9.542427e-01 
-9.542427e-01 
-9.542427e-01 
-9.542427e-01 
-9.542427e-01 
-9.542427e-01 
-9.542427e-01 
-9.542427e-01 
-9.542427e-01 
-9.542427e-01 
-9.542427e-01 
-9.542427e-01 
-9.542427e-01 
-9.542427e-01 
-9.542427e-01 
-9.542427e-01 
-9.542427e-01 
-9.542427e-01 
-9.542427e-01 
-9.542427e-01 
-9.542427e-01 
-9.542427e-01 
-9.542427e-01 
-9.542427e-01 
-9.542427e-01 
-9.542427e-01 
-9.514088e-01 
-8.595004e-01 
-7.375944e-01 
-5.958379e-01 
-4.324032e-01 
-2.331030e-01 
-4.047349e-02 
-1.341383e-03 
-3.386430e-04 
-1.887679e-04 
-1.183376e-04 
-7.975261e-05 
-5.660280e-05 
-4.179779e-05 
-3.186449e-05 
-2.494603e-05 
-1.998289e-05 
-1.633987e-05 
-1.362259e-05 
-1.158253e-05 
-1.006878e-05 
-9.011441e-06 
-8.445638e-06 
-8.641671e-06 
-1.046767e-05 
-1.405563e-05 
-1.647408e-05 
-1.776761e-05 
-1.860774e-05 
-1.930456e-05 
-1.986058e-05 
-2.006757e-05 
-2.006757e-05 
-2.006757e-05 
-2.006757e-05 
-2.006757e-05 
-2.006757e-05 
-2.006757e-05 
-2.006757e-05 
-2.006757e-05 
-2.006757e-05 
-2.006757e-05 
-2.006757e-05 
-2.006757e-05 
-2.006757e-05 
-2.006757e-05 
-2.006757e-05 
-2.006757e-05 
-2.006757e-05 
-2.006757e-05 
-2.006757e-05 
-2.006757e-05 
-2.006757e-05 
-2.006757e-05 
-2.006757e-05 
-2.006757e-05 
-2.006757e-05 
-2.006757e-05 
-2.006757e-05 
-2.006757e-05 
-2.006757e-05 
-2.006757e-05 
-2.006757e-05 
-2.006757e-05 
-2.006757e-05 
-2.006757e-05 
-2.006757e-05 
-2.006757e-05 
-2.006757e-05 
-2.006757e-05 
-2.006757e-05 
-2.006757e-05 
-2.006757e-05 
-2.006757e-05 
-2.006757e-05 
-2.006757e-05 
-2.006757e-05 
-2.006757e-05 
-2.006757e-05 
-2.006757e-05 
-2.006757e-05 
-2.006757e-05 
-2.006757e-05 
-2.006757e-05 
-2.006757e-05 
-2.006757e-05 
-2.006757e-05 
-2.006757e-05 
-2.006757e-05 
-2.006757e-05 
-2.006757e-05 
-2.006757e-05 
-2.006757e-05 
-2.006757e-05 
-2.015551e-05 
-2.039878e-05 
-2.067691e-05 
-2.098600e-05 
-2.132168e-05 
-2.167922e-05 
-2.205285e-05 
-2.242608e-05 
-2.279436e-05 
-2.317545e-05 
-2.357572e-05 
-2.399359e-05 
-2.442241e-05 
-2.484856e-05 
-2.524710e-05 
-2.557366e-05 
-2.574980e-05 
-2.563604e-05 
-2.498038e-05 
-2.331768e-05 
-1.976868e-05 
-1.264306e-05 
1.263258e-06 
2.738242e-05 
7.192202e-05 
1.357207e-04 
2.128721e-04 
3.000426e-04 
3.991970e-04 
5.093310e-04 
5.779153e-04 
5.779387e-04 
5.779387e-04 
5.779387e-04 
5.779387e-04 
5.779387e-04 
5.779387e-04 
5.779387e-04 
5.779387e-04 
5.779387e-04 
5.779387e-04 
5.779387e-04 
5.779387e-04 
5.779387e-04 
5.779387e-04 
5.779387e-04 
5.779387e-04 
5.779387e-04 
5.779387e-04 
5.779387e-04 
5.779387e-04 
5.779387e-04 
5.779387e-04 
5.779387e-04 
5.779387e-04 
5.779387e-04 
5.779387e-04 
5.779387e-04 
5.779387e-04 
5.779387e-04 
5.779387e-04 
5.779387e-04 
5.779387e-04 
5.779387e-04 
5.779387e-04 
5.779387e-04 
5.779387e-04 
5.779387e-04 
5.779387e-04 
5.779387e-04 
5.779387e-04 
5.779387e-04 
5.779387e-04 
5.779387e-04 
5.779387e-04 
5.779387e-04 
5.779387e-04 
5.779387e-04 
5.779387e-04 
5.779387e-04 
5.779387e-04 
5.779387e-04 
5.779387e-04 
5.779387e-04 
5.779387e-04 
5.779387e-04 
5.779387e-04 
5.779387e-04 
5.779387e-04 
5.779387e-04 
5.779387e-04 
5.779387e-04 
5.779387e-04 
5.800578e-04 
6.361256e-04 
7.028167e-04 
7.807373e-04 
8.724497e-04 
9.812635e-04 
1.111403e-03 
1.268122e-03 
1.458023e-03 
1.690162e-03 
1.977381e-03 
2.337614e-03 
2.796096e-03 
3.389081e-03 
4.169903e-03 
5.219119e-03 
6.662077e-03 
8.700565e-03 
1.167245e-02 
1.616994e-02 
2.328731e-02 
3.516938e-02 
5.626638e-02 
9.599339e-02 
1.714105e-01 
2.950149e-01 
4.467777e-01 
5.986910e-01 
7.393163e-01 
8.616391e-01 
9.529364e-01 
9.543232e-01 
9.543232e-01 
9.543232e-01 
9.543232e-01 
9.543232e-01 
9.543232e-01 
9.543232e-01 
9.543232e-01 
9.543232e-01 
9.543232e-01 
9.543232e-01 
9.543232e-01 
9.543232e-01 
9.543232e-01 
9.543232e-01 
9.543232e-01 
9.543232e-01 
9.543232e-01 
9.543232e-01 
9.543232e-01 
9.543232e-01 
9.543232e-01 
9.543232e-01 
9.543232e-01 
9.543232e-01 
9.543232e-01 
9.543232e-01 
9.543232e-01 
9.543232e-01 
9.543232e-01 
9.543232e-01 
9.543232e-01 
9.543232e-01 
9.543232e-01 
9.543232e-01 
9.543232e-01 
9.543232e-01 
9.543232e-01 
9.543232e-01 
9.543232e-01 
9.543232e-01 
9.543232e-01 
9.543232e-01 
9.543232e-01 
9.543232e-01 
9.543232e-01 
9.543232e-01 
9.543232e-01 
9.543232e-01 
9.543232e-01 
9.543232e-01 
9.543232e-01 
9.543232e-01 
9.543232e-01 
9.543232e-01 
9.543232e-01 
9.543232e-01 
9.543232e-01 
9.543232e-01 
9.543232e-01 
9.543232e-01 
9.543232e-01 
9.543232e-01 
9.543215e-01 
9.543173e-01 
9.543121e-01 
9.543058e-01 
9.542978e-01 
9.542867e-01 
9.542754e-01 
9.542701e-01 
9.542666e-01 
9.542636e-01 
9.542611e-01 
9.542589e-01 
9.542569e-01 
9.542552e-01 
9.542537e-01 
9.542523e-01 
9.542511e-01 
9.542500e-01 
9.542490e-01 
9.542481e-01 
9.542473e-01 
9.542465e-01 
9.542458e-01 
9.542452e-01 
9.542446e-01 
9.542440e-01 
9.542435e-01 
9.542430e-01 
9.542426e-01 
9.542422e-01 
9.542419e-01 
9.542419e-01 
9.542419e-01 
9.542419e-01 
9.542419e-01 
9.542419e-01 
9.542419e-01 
9.542419e-01 
9.542419e-01 
9.542419e-01 
9.542419e-01 
9.542419e-01 
9.542419e-01 
9.542419e-01 
9.542419e-01 
9.542419e-01 
9.542419e-01 
9.542419e-01 
9.542419e-01 
9.542419e-01 
9.542419e-01 
9.542419e-01 
9.542419e-01 
9.542419e-01 
9.542419e-01 
9.542419e-01 
9.542419e-01 
9.542419e-01 
9.542419e-01 
9.542419e-01 
9.542419e-01 
9.542419e-01 
9.542419e-01 
9.542419e-01 
9.542419e-01 
9.542419e-01 
9.542419e-01 
9.542419e-01 
9.542419e-01 
9.542419e-01 
9.542419e-01 
9.542419e-01 
9.542419e-01 
9.542419e-01 
9.542419e-01 
9.542419e-01 
9.542419e-01 
9.542419e-01 
9.542419e-01 
9.542419e-01 
9.542419e-01 
9.542419e-01 
9.542419e-01 
9.542419e-01 
9.542419e-01 
9.542419e-01 
9.542419e-01 
9.542419e-01 
9.542419e-01 
9.542419e-01 
9.542419e-01 
9.542419e-01 
9.542419e-01 
9.467620e-01 
8.519326e-01 
7.284587e-01 
5.853047e-01 
4.194986e-01 
2.153084e-01 
2.891645e-02 
-4.526806e-04 
-3.791593e-04 
-2.143264e-04 
-1.350805e-04 
-9.133461e-05 
-6.494783e-05 
-4.799987e-05 
-3.658326e-05 
-2.859697e-05 
-2.283555e-05 
-1.857100e-05 
-1.534502e-05 
-1.285905e-05 
-1.091311e-05 
-9.370574e-06 
-8.137752e-06 
-7.151818e-06 
-6.346727e-06 
-5.573616e-06 
-4.931658e-06 
-4.411357e-06 
-3.970058e-06 
-3.585803e-06 
-3.249247e-06 
-3.234427e-06 
-3.234427e-06 
-3.234427e-06 
-3.234427e-06 
-3.234427e-06 
-3.234427e-06 
-3.234427e-06 
-3.234427e-06 
-3.234427e-06 
-3.234427e-06 
-3.234427e-06 
-3.234427e-06 
-3.234427e-06 
-3.234427e-06 
-3.234427e-06 
-3.234427e-06 
-3.234427e-06 
-3.234427e-06 
-3.234427e-06 
-3.234427e-06 
-3.234427e-06 
-3.234427e-06 
-3.234427e-06 
-3.234427e-06 
-3.234427e-06 
-3.234427e-06 
-3.234427e-06 
-3.234427e-06 
-3.234427e-06 
-3.234427e-06 
-3.234427e-06 
-3.234427e-06 
-3.234427e-06 
-3.234427e-06 
-3.234427e-06 
-3.234427e-06 
-3.234427e-06 
-3.234427e-06 
-3.234427e-06 
-3.234427e-06 
-3.234427e-06 
-3.234427e-06 
-3.234427e-06 
-3.234427e-06 
-3.234427e-06 
-3.234427e-06 
-3.234427e-06 
-3.234427e-06 
-3.234427e-06 
-3.234427e-06 
-3.234427e-06 
-3.234427e-06 
-3.234427e-06 
-3.234427e-06 
-3.234427e-06 
-3.234427e-06 
-3.234427e-06 
-3.234427e-06 
-3.234427e-06 
-3.234427e-06 
-3.234427e-06 
-3.234427e-06 
-3.234427e-06 
-3.335258e-06 
-3.571340e-06 
-3.837744e-06 
-4.140216e-06 
-4.485732e-06 
-4.882785e-06 
-5.341631e-06 
-5.874847e-06 
-6.498272e-06 
-7.233249e-06 
-8.108109e-06 
-9.160614e-06 
-1.044199e-05 
-1.202312e-05 
-1.400431e-05 
-1.653112e-05 
-1.982093e-05 
-2.420924e-05 
-3.023352e-05 
-3.879040e-05 
-5.143594e-05 
-7.093278e-05 
-1.019753e-04 
-1.506309e-04 
-2.185546e-04 
-2.978146e-04 
-3.804308e-04 
-4.639482e-04 
-5.455805e-04 
-6.159723e-04 
-6.459081e-04 
-6.459112e-04 
-6.459112e-04 
-6.459112e-04 
-6.459112e-04 
-6.459112e-04 
-6.459112e-04 
-6.459112e-04 
-6.459112e-04 
-6.459112e-04 
-6.459112e-04 
-6.459112e-04 
-6.459112e-04 
-6.459112e-04 
-6.459112e-04 
-6.459112e-04 
-6.459112e-04 
-6.459112e-04 
-6.459112e-04 
-6.459112e-04 
-6.459112e-04 
-6.459112e-04 
-6.459112e-04 
-6.459112e-04 
-6.459112e-04 
-6.459112e-04 
-6.459112e-04 
-6.459112e-04 
-6.459112e-04 
-6.459112e-04 
-6.459112e-04 
-6.459112e-04 
-6.459112e-04 
-6.459112e-04 
-6.459112e-04 
-6.459112e-04 
-6.459112e-04 
-6.459112e-04 
-6.459112e-04 
-6.459112e-04 
-6.459112e-04 
-6.459112e-04 
-6.459112e-04 
-6.459112e-04 
-6.459112e-04 
-6.459112e-04 
-6.459112e-04 
-6.459112e-04 
-6.459112e-04 
-6.459112e-04 
-6.459112e-04 
-6.459112e-04 
-6.459112e-04 
-6.459112e-04 
-6.459112e-04 
-6.459112e-04 
-6.459112e-04 
-6.459112e-04 
-6.459112e-04 
-6.459112e-04 
-6.459112e-04 
-6.459112e-04 
-6.459112e-04 
-6.514012e-04 
-7.133643e-04 
-7.850553e-04 
-8.661029e-04 
-9.124713e-04 
-1.019865e-03 
-1.155383e-03 
-1.318630e-03 
-1.516457e-03 
-1.758305e-03 
-2.057588e-03 
-2.433033e-03 
-2.911001e-03 
-3.529381e-03 
-4.343954e-03 
-5.439045e-03 
-6.945993e-03 
-9.076489e-03 
-1.218549e-02 
-1.689613e-02 
-2.436184e-02 
-3.684628e-02 
-5.904276e-02 
-1.007993e-01 
-1.793717e-01 
-3.055247e-01 
-4.575949e-01 
-6.088023e-01 
-7.483745e-01 
-8.690771e-01 
-9.540533e-01 
-9.543235e-01 
-9.543235e-01 
-9.543235e-01 
-9.543235e-01 
-9.543235e-01 
-9.543235e-01 
-9.543235e-01 
-9.543235e-01 
-9.543235e-01 
-9.543235e-01 
-9.543235e-01 
-9.543235e-01 
-9.543235e-01 
-9.543235e-01 
-9.543235e-01 
-9.543235e-01 
-9.543235e-01 
-9.543235e-01 
-9.543235e-01 
-9.543235e-01 
-9.543235e-01 
-9.543235e-01 
-9.543235e-01 
-9.543235e-01 
-9.543235e-01 
-9.543235e-01 
-9.543235e-01 
-9.543235e-01 
-9.543235e-01 
-9.543235e-01 
-9.543235e-01 
-9.543235e-01 
-9.543235e-01 
-9.543235e-01 
-9.543235e-01 
-9.543235e-01 
-9.543235e-01 
-9.543235e-01 
-9.543235e-01 
-9.543235e-01 
-9.543235e-01 
-9.543235e-01 
-9.543235e-01 
-9.543235e-01 
-9.543235e-01 
-9.543235e-01 
-9.543235e-01 
-9.543235e-01 
-9.543235e-01 
-9.543235e-01 
-9.543235e-01 
-9.543235e-01 
-9.543235e-01 
-9.543235e-01 
-9.543235e-01 
-9.543235e-01 
-9.543235e-01 
-9.543235e-01 
-9.543235e-01 
-9.543235e-01 
-9.543235e-01 
-9.543235e-01 
-9.543235e-01 
-9.543218e-01 
-9.543181e-01 
-9.543138e-01 
-9.543088e-01 
-9.543032e-01 
-9.542972e-01 
-9.542908e-01 
-9.542844e-01 
-9.542785e-01 
-9.542734e-01 
-9.542690e-01 
-9.542654e-01 
-9.542623e-01 
-9.542597e-01 
-9.542575e-01 
-9.542556e-01 
-9.542540e-01 
-9.542525e-01 
-9.542512e-01 
-9.542501e-01 
-9.542490e-01 
-9.542481e-01 
-9.542472e-01 
-9.542465e-01 
-9.542458e-01 
-9.542451e-01 
-9.542445e-01 
-9.542439e-01 
-9.542434e-01 
-9.542430e-01 
-9.542427e-01 
-9.542427e-01 
-9.542427e-01 
-9.542427e-01 
-9.542427e-01 
-9.542427e-01 
-9.542427e-01 
-9.542427e-01 
-9.542427e-01 
-9.542427e-01 
-9.542427e-01 
-9.542427e-01 
-9.542427e-01 
-9.542427e-01 
-9.542427e-01 
-9.542427e-01 
-9.542427e-01 
-9.542427e-01 
-9.542427e-01 
-9.542427e-01 
-9.542427e-01 
-9.542427e-01 
-9.542427e-01 
-9.542427e-01 
-9.542427e-01 
-9.542427e-01 
-9.542427e-01 
-9.542427e-01 
-9.542427e-01 
-9.542427e-01 
-9.542427e-01 
-9.542427e-01 
-9.542427e-01 
-9.542427e-01 
-9.542427e-01 
-9.542427e-01 
-9.542427e-01 
-9.542427e-01 
-9.542427e-01 
-9.542427e-01 
-9.542427e-01 
-9.542427e-01 
-9.542427e-01 
-9.542427e-01 
-9.542427e-01 
-9.542427e-01 
-9.542427e-01 
-9.542427e-01 
-9.542427e-01 
-9.542427e-01 
-9.542427e-01 
-9.542427e-01 
-9.542427e-01 
-9.542427e-01 
-9.542427e-01 
-9.542427e-01 
-9.542427e-01 
-9.542427e-01 
-9.542427e-01 
-9.542427e-01 
-9.542427e-01 
-9.542427e-01 
-9.542427e-01 
-9.415886e-01 
-8.442464e-01 
-7.192975e-01 
-5.749722e-01 
-4.077434e-01 
-2.029625e-01 
-2.731917e-02 
-1.057595e-03 
-3.636555e-04 
-2.070799e-04 
-1.312632e-04 
-8.910518e-05 
-6.354999e-05 
-4.707591e-05 
-3.594678e-05 
-2.814365e-05 
-2.250362e-05 
-1.832220e-05 
-1.515475e-05 
-1.271100e-05 
-1.079618e-05 
-9.277049e-06 
-8.062228e-06 
-7.090116e-06 
-6.289036e-06 
-5.514075e-06 
-4.879146e-06 
-4.362793e-06 
-3.924078e-06 
-3.541169e-06 
-3.218327e-06 
-3.211871e-06 
-3.211871e-06 
-3.211871e-06 
-3.211871e-06 
-3.211871e-06 
-3.211871e-06 
-3.211871e-06 
-3.211871e-06 
-3.211871e-06 
-3.211871e-06 
-3.211871e-06 
-3.211871e-06 
-3.211871e-06 
-3.211871e-06 
-3.211871e-06 
-3.211871e-06 
-3.211871e-06 
-3.211871e-06 
-3.211871e-06 
-3.211871e-06 
-3.211871e-06 
-3.211871e-06 
-3.211871e-06 
-3.211871e-06 
-3.211871e-06 
-3.211871e-06 
-3.211871e-06 
-3.211871e-06 
-3.211871e-06 
-3.211871e-06 
-3.211871e-06 
-3.211871e-06 
-3.211871e-06 
-3.211871e-06 
-3.211871e-06 
-3.211871e-06 
-3.211871e-06 
-3.211871e-06 
-3.211871e-06 
-3.211871e-06 
-3.211871e-06 
-3.211871e-06 
-3.211871e-06 
-3.211871e-06 
-3.211871e-06 
-3.211871e-06 
-3.211871e-06 
-3.211871e-06 
-3.211871e-06 
-3.211871e-06 
-3.211871e-06 
-3.211871e-06 
-3.211871e-06 
-3.211871e-06 
-3.211871e-06 
-3.211871e-06 
-3.211871e-06 
-3.211871e-06 
-3.211871e-06 
-3.211871e-06 
-3.211871e-06 
-3.211871e-06 
-3.211871e-06 
-3.327266e-06 
-3.563831e-06 
-3.830907e-06 
-4.134292e-06 
-4.481038e-06 
-4.879724e-06 
-5.340718e-06 
-5.876686e-06 
-6.503710e-06 
-7.243494e-06 
-8.124797e-06 
-9.186001e-06 
-1.047925e-05 
-1.207681e-05 
-1.408114e-05 
-1.664116e-05 
-1.997985e-05 
-2.444221e-05 
-3.058260e-05 
-3.932883e-05 
-5.229607e-05 
-7.235566e-05 
-1.043577e-04 
-1.543687e-04 
-2.234676e-04 
-3.032439e-04 
-3.860420e-04 
-4.696135e-04 
-5.508954e-04 
-6.199895e-04 
-6.459091e-04 
-6.459101e-04 
-6.459101e-04 
-6.459101e-04 
-6.459101e-04 
-6.459101e-04 
-6.459101e-04 
-6.459101e-04 
-6.459101e-04 
-6.459101e-04 
-6.459101e-04 
-6.459101e-04 
-6.459101e-04 
-6.459101e-04 
-6.459101e-04 
-6.459101e-04 
-6.459101e-04 
-6.459101e-04 
-6.459101e-04 
-6.459101e-04 
-6.459101e-04 
-6.459101e-04 
-6.459101e-04 
-6.459101e-04 
-6.459101e-04 
-6.459101e-04 
-6.459101e-04 
-6.459101e-04 
-6.459101e-04 
-6.459101e-04 
-6.459101e-04 
-6.459101e-04 
-6.459101e-04 
-6.459101e-04 
-6.459101e-04 
-6.459101e-04 
-6.459101e-04 
-6.459101e-04 
-6.459101e-04 
-6.459101e-04 
-6.459101e-04 
-6.459101e-04 
-6.459101e-04 
-6.459101e-04 
-6.459101e-04 
-6.459101e-04 
-6.459101e-04 
-6.459101e-04 
-6.459101e-04 
-6.459101e-04 
-6.459101e-04 
-6.459101e-04 
-6.459101e-04 
-6.459101e-04 
-6.459101e-04 
-6.459101e-04 
-6.459101e-04 
-6.459101e-04 
-6.459101e-04 
-6.459101e-04 
-6.459101e-04 
-6.459101e-04 
-6.459101e-04 
-6.550860e-04 
-7.179560e-04 
-7.903211e-04 
-8.717422e-04 
-9.179609e-04 
-1.028366e-03 
-1.165594e-03 
-1.330966e-03 
-1.531463e-03 
-1.776760e-03 
-2.080584e-03 
-2.462094e-03 
-2.948295e-03 
-3.578060e-03 
-4.408720e-03 
-5.527105e-03 
-7.068759e-03 
-9.252694e-03 
-1.244722e-02 
-1.730114e-02 
-2.501999e-02 
-3.797936e-02 
-6.111933e-02 
-1.047718e-01 
-1.865302e-01 
-3.154911e-01 
-4.681503e-01 
-6.187882e-01 
-7.573311e-01 
-8.763684e-01 
-9.542707e-01 
-9.543235e-01 
-9.543235e-01 
-9.543235e-01 
-9.543235e-01 
-9.543235e-01 
-9.543235e-01 
-9.543235e-01 
-9.543235e-01 
-9.543235e-01 
-9.543235e-01 
-9.543235e-01 
-9.543235e-01 
-9.543235e-01 
-9.543235e-01 
-9.543235e-01 
-9.543235e-01 
-9.543235e-01 
-9.543235e-01 
-9.543235e-01 
-9.543235e-01 
-9.543235e-01 
-9.543235e-01 
-9.543235e-01 
-9.543235e-01 
-9.543235e-01 
-9.543235e-01 
-9.543235e-01 
-9.543235e-01 
-9.543235e-01 
-9.543235e-01 
-9.543235e-01 
-9.543235e-01 
-9.543235e-01 
-9.543235e-01 
-9.543235e-01 
-9.543235e-01 
-9.543235e-01 
-9.543235e-01 
-9.543235e-01 
-9.543235e-01 
-9.543235e-01 
-9.543235e-01 
-9.543235e-01 
-9.543235e-01 
-9.543235e-01 
-9.543235e-01 
-9.543235e-01 
-9.543235e-01 
-9.543235e-01 
-9.543235e-01 
-9.543235e-01 
-9.543235e-01 
-9.543235e-01 
-9.543235e-01 
-9.543235e-01 
-9.543235e-01 
-9.543235e-01 
-9.543235e-01 
-9.543235e-01 
-9.543235e-01 
-9.543235e-01 
-9.543235e-01 
-9.543235e-01 
-9.543216e-01 
-9.543179e-01 
-9.543134e-01 
-9.543084e-01 
-9.543028e-01 
-9.542967e-01 
-9.542904e-01 
-9.542840e-01 
-9.542782e-01 
-9.542730e-01 
-9.542687e-01 
-9.542651e-01 
-9.542621e-01 
-9.542596e-01 
-9.542574e-01 
-9.542555e-01 
-9.542539e-01 
-9.542524e-01 
-9.542511e-01 
-9.542500e-01 
-9.542490e-01 
-9.542480e-01 
-9.542472e-01 
-9.542464e-01 
-9.542457e-01 
-9.542451e-01 
-9.542445e-01 
-9.542440e-01 
-9.542435e-01 
-9.542430e-01 
-9.542428e-01 
-9.542428e-01 
-9.542428e-01 
-9.542428e-01 
-9.542428e-01 
-9.542428e-01 
-9.542428e-01 
-9.542428e-01 
-9.542428e-01 
-9.542428e-01 
-9.542428e-01 
-9.542428e-01 
-9.542428e-01 
-9.542428e-01 
-9.542428e-01 
-9.542428e-01 
-9.542428e-01 
-9.542428e-01 
-9.542428e-01 
-9.542428e-01 
-9.542428e-01 
-9.542428e-01 
-9.542428e-01 
-9.542428e-01 
-9.542428e-01 
-9.542428e-01 
-9.542428e-01 
-9.542428e-01 
-9.542428e-01 
-9.542428e-01 
-9.542428e-01 
-9.542428e-01 
-9.542428e-01 
-9.542428e-01 
-9.542428e-01 
-9.542428e-01 
-9.542428e-01 
-9.542428e-01 
-9.542428e-01 
-9.542428e-01 
-9.542428e-01 
-9.542428e-01 
-9.542428e-01 
-9.542428e-01 
-9.542428e-01 
-9.542428e-01 
-9.542428e-01 
-9.542428e-01 
-9.542428e-01 
-9.542428e-01 
-9.542428e-01 
-9.542428e-01 
-9.542428e-01 
-9.542428e-01 
-9.542428e-01 
-9.542428e-01 
-9.542428e-01 
-9.542428e-01 
-9.542428e-01 
-9.542428e-01 
-9.542428e-01 
-9.542428e-01 
-9.542428e-01 
-9.361453e-01 
-8.364298e-01 
-7.100213e-01 
-5.643975e-01 
-3.951820e-01 
-1.879670e-01 
-2.233083e-02 
-1.031670e-03 
-4.002350e-04 
-2.300614e-04 
-1.465801e-04 
-9.982700e-05 
-7.134214e-05 
-5.290436e-05 
-4.040216e-05 
-3.160162e-05 
-2.520927e-05 
-2.043618e-05 
-1.677819e-05 
-1.389654e-05 
-1.154584e-05 
-9.518655e-06 
-7.570320e-06 
-5.223937e-06 
-1.332835e-06 
3.754612e-06 
7.111702e-06 
9.292039e-06 
1.095497e-05 
1.239458e-05 
1.359178e-05 
1.363268e-05 
1.363268e-05 
1.363268e-05 
1.363268e-05 
1.363268e-05 
1.363268e-05 
1.363268e-05 
1.363268e-05 
1.363268e-05 
1.363268e-05 
1.363268e-05 
1.363268e-05 
1.363268e-05 
1.363268e-05 
1.363268e-05 
1.363268e-05 
1.363268e-05 
1.363268e-05 
1.363268e-05 
1.363268e-05 
1.363268e-05 
1.363268e-05 
1.363268e-05 
1.363268e-05 
1.363268e-05 
1.363268e-05 
1.363268e-05 
1.363268e-05 
1.363268e-05 
1.363268e-05 
1.363268e-05 
1.363268e-05 
1.363268e-05 
1.363268e-05 
1.363268e-05 
1.363268e-05 
1.363268e-05 
1.363268e-05 
1.363268e-05 
1.363268e-05 
1.363268e-05 
1.363268e-05 
1.363268e-05 
1.363268e-05 
1.363268e-05 
1.363268e-05 
1.363268e-05 
1.363268e-05 
1.363268e-05 
1.363268e-05 
1.363268e-05 
1.363268e-05 
1.363268e-05 
1.363268e-05 
1.363268e-05 
1.363268e-05 
1.363268e-05 
1.363268e-05 
1.363268e-05 
1.363268e-05 
1.363268e-05 
1.363268e-05 
1.363268e-05 
1.350637e-05 
1.328098e-05 
1.302826e-05 
1.273280e-05 
1.237607e-05 
1.193646e-05 
1.138655e-05 
1.068376e-05 
9.799373e-06 
8.708176e-06 
7.359440e-06 
5.678604e-06 
3.562226e-06 
8.663767e-07 
-2.611303e-06 
-7.158185e-06 
-1.318475e-05 
-2.127516e-05 
-3.224210e-05 
-4.715036e-05 
-6.722113e-05 
-9.350013e-05 
-1.263540e-04 
-1.652984e-04 
-2.096372e-04 
-2.595225e-04 
-3.166894e-04 
-3.845062e-04 
-4.663022e-04 
-5.580941e-04 
-5.963965e-04 
-5.963970e-04 
-5.963970e-04 
-5.963970e-04 
-5.963970e-04 
-5.963970e-04 
-5.963970e-04 
-5.963970e-04 
-5.963970e-04 
-5.963970e-04 
-5.963970e-04 
-5.963970e-04 
-5.963970e-04 
-5.963970e-04 
-5.963970e-04 
-5.963970e-04 
-5.963970e-04 
-5.963970e-04 
-5.963970e-04 
-5.963970e-04 
-5.963970e-04 
-5.963970e-04 
-5.963970e-04 
-5.963970e-04 
-5.963970e-04 
-5.963970e-04 
-5.963970e-04 
-5.963970e-04 
-5.963970e-04 
-5.963970e-04 
-5.963970e-04 
-5.963970e-04 
-5.963970e-04 
-5.963970e-04 
-5.963970e-04 
-5.963970e-04 
-5.963970e-04 
-5.963970e-04 
-5.963970e-04 
-5.963970e-04 
-5.963970e-04 
-5.963970e-04 
-5.963970e-04 
-5.963970e-04 
-5.963970e-04 
-5.963970e-04 
-5.963970e-04 
-5.963970e-04 
-5.963970e-04 
-5.963970e-04 
-5.963970e-04 
-5.963970e-04 
-5.963970e-04 
-5.963970e-04 
-5.963970e-04 
-5.963970e-04 
-5.963970e-04 
-5.963970e-04 
-5.963970e-04 
-5.963970e-04 
-5.963970e-04 
-5.963970e-04 
-5.963970e-04 
-6.087148e-04 
-6.695954e-04 
-7.404390e-04 
-8.232966e-04 
-9.209458e-04 
-1.036972e-03 
-1.175935e-03 
-1.343465e-03 
-1.546678e-03 
-1.795487e-03 
-2.103939e-03 
-2.491640e-03 
-2.986253e-03 
-3.627668e-03 
-4.474812e-03 
-5.617113e-03 
-7.194472e-03 
-9.433522e-03 
-1.271652e-02 
-1.771913e-02 
-2.570172e-02 
-3.915803e-02 
-6.328824e-02 
-1.089235e-01 
-1.939282e-01 
-3.255659e-01 
-4.786888e-01 
-6.287171e-01 
-7.661992e-01 
-8.835102e-01 
-9.543132e-01 
-9.543235e-01 
-9.543235e-01 
-9.543235e-01 
-9.543235e-01 
-9.543235e-01 
-9.543235e-01 
-9.543235e-01 
-9.543235e-01 
-9.543235e-01 
-9.543235e-01 
-9.543235e-01 
-9.543235e-01 
-9.543235e-01 
-9.543235e-01 
-9.543235e-01 
-9.543235e-01 
-9.543235e-01 
-9.543235e-01 
-9.543235e-01 
-9.543235e-01 
-9.543235e-01 
-9.543235e-01 
-9.543235e-01 
-9.543235e-01 
-9.543235e-01 
-9.543235e-01 
-9.543235e-01 
-9.543235e-01 
-9.543235e-01 
-9.543235e-01 
-9.543235e-01 
-9.543235e-01 
-9.543235e-01 
-9.543235e-01 
-9.543235e-01 
-9.543235e-01 
-9.543235e-01 
-9.543235e-01 
-9.543235e-01 
-9.543235e-01 
-9.543235e-01 
-9.543235e-01 
-9.543235e-01 
-9.543235e-01 
-9.543235e-01 
-9.543235e-01 
-9.543235e-01 
-9.543235e-01 
-9.543235e-01 
-9.543235e-01 
-9.543235e-01 
-9.543235e-01 
-9.543235e-01 
-9.543235e-01 
-9.543235e-01 
-9.543235e-01 
-9.543235e-01 
-9.543235e-01 
-9.543235e-01 
-9.543235e-01 
-9.543235e-01 
-9.543235e-01 
-9.543235e-01 
-9.543213e-01 
-9.543176e-01 
-9.543131e-01 
-9.543080e-01 
-9.543024e-01 
-9.542963e-01 
-9.542899e-01 
-9.542836e-01 
-9.542778e-01 
-9.542727e-01 
-9.542685e-01 
-9.542649e-01 
-9.542619e-01 
-9.542594e-01 
-9.542573e-01 
-9.542554e-01 
-9.542538e-01 
-9.542523e-01 
-9.542511e-01 
-9.542499e-01 
-9.542489e-01 
-9.542480e-01 
-9.542471e-01 
-9.542464e-01 
-9.542457e-01 
-9.542450e-01 
-9.542444e-01 
-9.542438e-01 
-9.542433e-01 
-9.542428e-01 
-9.542427e-01 
-9.542427e-01 
-9.542427e-01 
-9.542427e-01 
-9.542427e-01 
-9.542427e-01 
-9.542427e-01 
-9.542427e-01 
-9.542427e-01 
-9.542427e-01 
-9.542427e-01 
-9.542427e-01 
-9.542427e-01 
-9.542427e-01 
-9.542427e-01 
-9.542427e-01 
-9.542427e-01 
-9.542427e-01 
-9.542427e-01 
-9.542427e-01 
-9.542427e-01 
-9.542427e-01 
-9.542427e-01 
-9.542427e-01 
-9.542427e-01 
-9.542427e-01 
-9.542427e-01 
-9.542427e-01 
-9.542427e-01 
-9.542427e-01 
-9.542427e-01 
-9.542427e-01 
-9.542427e-01 
-9.542427e-01 
-9.542427e-01 
-9.542427e-01 
-9.542427e-01 
-9.542427e-01 
-9.542427e-01 
-9.542427e-01 
-9.542427e-01 
-9.542427e-01 
-9.542427e-01 
-9.542427e-01 
-9.542427e-01 
-9.542427e-01 
-9.542427e-01 
-9.542427e-01 
-9.542427e-01 
-9.542427e-01 
-9.542427e-01 
-9.542427e-01 
-9.542427e-01 
-9.542427e-01 
-9.542427e-01 
-9.542427e-01 
-9.542427e-01 
-9.542427e-01 
-9.542427e-01 
-9.542427e-01 
-9.542427e-01 
-9.542427e-01 
-9.542427e-01 
-9.304881e-01 
-8.284905e-01 
-7.006505e-01 
-5.536743e-01 
-3.822387e-01 
-1.722465e-01 
-1.729345e-02 
-7.112852e-04 
-2.836670e-04 
-1.646529e-04 
-1.055854e-04 
-7.228581e-05 
-5.191330e-05 
-3.869544e-05 
-2.972783e-05 
-2.342686e-05 
-1.887535e-05 
-1.551732e-05 
-1.300524e-05 
-1.112065e-05 
-9.735151e-06 
-8.802683e-06 
-8.401889e-06 
-8.922874e-06 
-1.138517e-05 
-1.488524e-05 
-1.690246e-05 
-1.802434e-05 
-1.880594e-05 
-1.948052e-05 
-2.005491e-05 
-2.006757e-05 
-2.006757e-05 
-2.006757e-05 
-2.006757e-05 
-2.006757e-05 
-2.006757e-05 
-2.006757e-05 
-2.006757e-05 
-2.006757e-05 
-2.006757e-05 
-2.006757e-05 
-2.006757e-05 
-2.006757e-05 
-2.006757e-05 
-2.006757e-05 
-2.006757e-05 
-2.006757e-05 
-2.006757e-05 
-2.006757e-05 
-2.006757e-05 
-2.006757e-05 
-2.006757e-05 
-2.006757e-05 
-2.006757e-05 
-2.006757e-05 
-2.006757e-05 
-2.006757e-05 
-2.006757e-05 
-2.006757e-05 
-2.006757e-05 
-2.006757e-05 
-2.006757e-05 
-2.006757e-05 
-2.006757e-05 
-2.006757e-05 
-2.006757e-05 
-2.006757e-05 
-2.006757e-05 
-2.006757e-05 
-2.006757e-05 
-2.006757e-05 
-2.006757e-05 
-2.006757e-05 
-2.006757e-05 
-2.006757e-05 
-2.006757e-05 
-2.006757e-05 
-2.006757e-05 
-2.006757e-05 
-2.006757e-05 
-2.006757e-05 
-2.006757e-05 
-2.006757e-05 
-2.006757e-05 
-2.006757e-05 
-2.006757e-05 
-2.006757e-05 
-2.006757e-05 
-2.006757e-05 
-2.006757e-05 
-2.006757e-05 
-2.006757e-05 
-2.006757e-05 
-2.021833e-05 
-2.047156e-05 
-2.075854e-05 
-2.107538e-05 
-2.141749e-05 
-2.178022e-05 
-2.215590e-05 
-2.252650e-05 
-2.289682e-05 
-2.328300e-05 
-2.368844e-05 
-2.411021e-05 
-2.454002e-05 
-2.496174e-05 
-2.534609e-05 
-2.564124e-05 
-2.575548e-05 
-2.552513e-05 
-2.465289e-05 
-2.258641e-05 
-1.827540e-05 
-9.698881e-06 
6.912236e-06 
3.753738e-05 
8.764509e-05 
1.557565e-04 
2.356973e-04 
3.258479e-04 
4.285883e-04 
5.392653e-04 
5.779385e-04 
5.779387e-04 
5.779387e-04 
5.779387e-04 
5.779387e-04 
5.779387e-04 
5.779387e-04 
5.779387e-04 
5.779387e-04 
5.779387e-04 
5.779387e-04 
5.779387e-04 
5.779387e-04 
5.779387e-04 
5.779387e-04 
5.779387e-04 
5.779387e-04 
5.779387e-04 
5.779387e-04 
5.779387e-04 
5.779387e-04 
5.779387e-04 
5.779387e-04 
5.779387e-04 
5.779387e-04 
5.779387e-04 
5.779387e-04 
5.779387e-04 
5.779387e-04 
5.779387e-04 
5.779387e-04 
5.779387e-04 
5.779387e-04 
5.779387e-04 
5.779387e-04 
5.779387e-04 
5.779387e-04 
5.779387e-04 
5.779387e-04 
5.779387e-04 
5.779387e-04 
5.779387e-04 
5.779387e-04 
5.779387e-04 
5.779387e-04 
5.779387e-04 
5.779387e-04 
5.779387e-04 
5.779387e-04 
5.779387e-04 
5.779387e-04 
5.779387e-04 
5.779387e-04 
5.779387e-04 
5.779387e-04 
5.779387e-04 
5.779387e-04 
5.779387e-04 
5.779387e-04 
5.779387e-04 
5.779387e-04 
5.779387e-04 
5.779387e-04 
5.936127e-04 
6.533716e-04 
7.229166e-04 
8.043262e-04 
9.003514e-04 
1.014536e-03 
1.151377e-03 
1.316440e-03 
1.516854e-03 
1.762595e-03 
2.067745e-03 
2.451960e-03 
2.943043e-03 
3.581185e-03 
4.425924e-03 
5.567890e-03 
7.149354e-03 
9.401688e-03 
1.271692e-02 
1.779164e-02 
2.593338e-02 
3.974749e-02 
6.470444e-02 
1.122132e-01 
2.005849e-01 
3.352069e-01 
4.890256e-01 
6.385396e-01 
7.749657e-01 
8.904954e-01 
9.543212e-01 
9.543232e-01 
9.543232e-01 
9.543232e-01 
9.543232e-01 
9.543232e-01 
9.543232e-01 
9.543232e-01 
9.543232e-01 
9.543232e-01 
9.543232e-01 
9.543232e-01 
9.543232e-01 
9.543232e-01 
9.543232e-01 
9.543232e-01 
9.543232e-01 
9.543232e-01 
9.543232e-01 
9.543232e-01 
9.543232e-01 
9.543232e-01 
9.543232e-01 
9.543232e-01 
9.543232e-01 
9.543232e-01 
9.543232e-01 
9.543232e-01 
9.543232e-01 
9.543232e-01 
9.543232e-01 
9.543232e-01 
9.543232e-01 
9.543232e-01 
9.543232e-01 
9.543232e-01 
9.543232e-01 
9.543232e-01 
9.543232e-01 
9.543232e-01 
9.543232e-01 
9.543232e-01 
9.543232e-01 
9.543232e-01 
9.543232e-01 
9.543232e-01 
9.543232e-01 
9.543232e-01 
9.543232e-01 
9.543232e-01 
9.543232e-01 
9.543232e-01 
9.543232e-01 
9.543232e-01 
9.543232e-01 
9.543232e-01 
9.543232e-01 
9.543232e-01 
9.543232e-01 
9.543232e-01 
9.543232e-01 
9.543232e-01 
9.543232e-01 
9.543232e-01 
9.543204e-01 
9.543160e-01 
9.543105e-01 
9.543039e-01 
9.542952e-01 
9.542832e-01 
9.542735e-01 
9.542691e-01 
9.542657e-01 
9.542629e-01 
9.542604e-01 
9.542583e-01 
9.542564e-01 
9.542548e-01 
9.542533e-01 
9.542520e-01 
9.542508e-01 
9.542497e-01 
9.542488e-01 
9.542479e-01 
9.542471e-01 
9.542463e-01 
9.542457e-01 
9.542450e-01 
9.542444e-01 
9.542439e-01 
9.542434e-01 
9.542429e-01 
9.542425e-01 
9.542421e-01 
9.542419e-01 
9.542419e-01 
9.542419e-01 
9.542419e-01 
9.542419e-01 
9.542419e-01 
9.542419e-01 
9.542419e-01 
9.542419e-01 
9.542419e-01 
9.542419e-01 
9.542419e-01 
9.542419e-01 
9.542419e-01 
9.542419e-01 
9.542419e-01 
9.542419e-01 
9.542419e-01 
9.542419e-01 
9.542419e-01 
9.542419e-01 
9.542419e-01 
9.542419e-01 
9.542419e-01 
9.542419e-01 
9.542419e-01 
9.542419e-01 
9.542419e-01 
9.542419e-01 
9.542419e-01 
9.542419e-01 
9.542419e-01 
9.542419e-01 
9.542419e-01 
9.542419e-01 
9.542419e-01 
9.542419e-01 
9.542419e-01 
9.542419e-01 
9.542419e-01 
9.542419e-01 
9.542419e-01 
9.542419e-01 
9.542419e-01 
9.542419e-01 
9.542419e-01 
9.542419e-01 
9.542419e-01 
9.542419e-01 
9.542419e-01 
9.542419e-01 
9.542419e-01 
9.542419e-01 
9.542419e-01 
9.542419e-01 
9.542419e-01 
9.542419e-01 
9.542419e-01 
9.542419e-01 
9.542419e-01 
9.542419e-01 
9.542419e-01 
9.542419e-01 
9.246322e-01 
8.204269e-01 
6.911547e-01 
5.426540e-01 
3.682729e-01 
1.535066e-01 
1.021623e-02 
-5.750043e-04 
-3.198402e-04 
-1.872737e-04 
-1.206515e-04 
-8.283680e-05 
-5.958671e-05 
-4.443903e-05 
-3.412071e-05 
-2.683732e-05 
-2.154355e-05 
-1.760037e-05 
-1.460145e-05 
-1.227988e-05 
-1.045575e-05 
-9.005751e-06 
-7.845659e-06 
-6.918413e-06 
-6.134969e-06 
-5.381406e-06 
-4.779810e-06 
-4.283891e-06 
-3.860050e-06 
-3.488504e-06 
-3.234657e-06 
-3.234427e-06 
-3.234427e-06 
-3.234427e-06 
-3.234427e-06 
-3.234427e-06 
-3.234427e-06 
-3.234427e-06 
-3.234427e-06 
-3.234427e-06 
-3.234427e-06 
-3.234427e-06 
-3.234427e-06 
-3.234427e-06 
-3.234427e-06 
-3.234427e-06 
-3.234427e-06 
-3.234427e-06 
-3.234427e-06 
-3.234427e-06 
-3.234427e-06 
-3.234427e-06 
-3.234427e-06 
-3.234427e-06 
-3.234427e-06 
-3.234427e-06 
-3.234427e-06 
-3.234427e-06 
-3.234427e-06 
-3.234427e-06 
-3.234427e-06 
-3.234427e-06 
-3.234427e-06 
-3.234427e-06 
-3.234427e-06 
-3.234427e-06 
-3.234427e-06 
-3.234427e-06 
-3.234427e-06 
-3.234427e-06 
-3.234427e-06 
-3.234427e-06 
-3.234427e-06 
-3.234427e-06 
-3.234427e-06 
-3.234427e-06 
-3.234427e-06 
-3.234427e-06 
-3.234427e-06 
-3.234427e-06 
-3.234427e-06 
-3.234427e-06 
-3.234427e-06 
-3.234427e-06 
-3.234427e-06 
-3.234427e-06 
-3.234427e-06 
-3.234427e-06 
-3.234427e-06 
-3.234427e-06 
-3.234427e-06 
-3.234427e-06 
-3.234427e-06 
-3.234427e-06 
-3.397106e-06 
-3.640965e-06 
-3.916620e-06 
-4.230110e-06 
-4.588811e-06 
-5.001657e-06 
-5.479488e-06 
-6.035607e-06 
-6.687154e-06 
-7.457235e-06 
-8.376450e-06 
-9.485769e-06 
-1.084106e-05 
-1.252009e-05 
-1.463363e-05 
-1.734360e-05 
-2.089396e-05 
-2.566487e-05 
-3.227203e-05 
-4.175417e-05 
-5.593034e-05 
-7.802470e-05 
-1.133030e-04 
-1.674784e-04 
-2.395555e-04 
-3.202502e-04 
-4.032332e-04 
-4.867013e-04 
-5.665472e-04 
-6.312508e-04 
-6.459111e-04 
-6.459112e-04 
-6.459112e-04 
-6.459112e-04 
-6.459112e-04 
-6.459112e-04 
-6.459112e-04 
-6.459112e-04 
-6.459112e-04 
-6.459112e-04 
-6.459112e-04 
-6.459112e-04 
-6.459112e-04 
-6.459112e-04 
-6.459112e-04 
-6.459112e-04 
-6.459112e-04 
-6.459112e-04 
-6.459112e-04 
-6.459112e-04 
-6.459112e-04 
-6.459112e-04 
-6.459112e-04 
-6.459112e-04 
-6.459112e-04 
-6.459112e-04 
-6.459112e-04 
-6.459112e-04 
-6.459112e-04 
-6.459112e-04 
-6.459112e-04 
-6.459112e-04 
-6.459112e-04 
-6.459112e-04 
-6.459112e-04 
-6.459112e-04 
-6.459112e-04 
-6.459112e-04 
-6.459112e-04 
-6.459112e-04 
-6.459112e-04 
-6.459112e-04 
-6.459112e-04 
-6.459112e-04 
-6.459112e-04 
-6.459112e-04 
-6.459112e-04 
-6.459112e-04 
-6.459112e-04 
-6.459112e-04 
-6.459112e-04 
-6.459112e-04 
-6.459112e-04 
-6.459112e-04 
-6.459112e-04 
-6.459112e-04 
-6.459112e-04 
-6.459112e-04 
-6.459112e-04 
-6.459112e-04 
-6.459112e-04 
-6.459112e-04 
-6.459112e-04 
-6.671661e-04 
-7.319999e-04 
-8.064033e-04 
-8.874614e-04 
-9.364752e-04 
-1.054507e-03 
-1.197019e-03 
-1.368963e-03 
-1.577746e-03 
-1.833775e-03 
-2.151760e-03 
-2.552227e-03 
-3.064222e-03 
-3.729757e-03 
-4.611116e-03 
-5.803190e-03 
-7.455099e-03 
-9.809657e-03 
-1.327888e-02 
-1.859613e-02 
-2.714016e-02 
-4.166102e-02 
-6.792169e-02 
-1.177922e-01 
-2.094321e-01 
-3.459931e-01 
-4.996980e-01 
-6.483965e-01 
-7.836573e-01 
-8.973232e-01 
-9.543231e-01 
-9.543235e-01 
-9.543235e-01 
-9.543235e-01 
-9.543235e-01 
-9.543235e-01 
-9.543235e-01 
-9.543235e-01 
-9.543235e-01 
-9.543235e-01 
-9.543235e-01 
-9.543235e-01 
-9.543235e-01 
-9.543235e-01 
-9.543235e-01 
-9.543235e-01 
-9.543235e-01 
-9.543235e-01 
-9.543235e-01 
-9.543235e-01 
-9.543235e-01 
-9.543235e-01 
-9.543235e-01 
-9.543235e-01 
-9.543235e-01 
-9.543235e-01 
-9.543235e-01 
-9.543235e-01 
-9.543235e-01 
-9.543235e-01 
-9.543235e-01 
-9.543235e-01 
-9.543235e-01 
-9.543235e-01 
-9.543235e-01 
-9.543235e-01 
-9.543235e-01 
-9.543235e-01 
-9.543235e-01 
-9.543235e-01 
-9.543235e-01 
-9.543235e-01 
-9.543235e-01 
-9.543235e-01 
-9.543235e-01 
-9.543235e-01 
-9.543235e-01 
-9.543235e-01 
-9.543235e-01 
-9.543235e-01 
-9.543235e-01 
-9.543235e-01 
-9.543235e-01 
-9.543235e-01 
-9.543235e-01 
-9.543235e-01 
-9.543235e-01 
-9.543235e-01 
-9.543235e-01 
-9.543235e-01 
-9.543235e-01 
-9.543235e-01 
-9.543235e-01 
-9.543235e-01 
-9.543209e-01 
-9.543170e-01 
-9.543125e-01 
-9.543073e-01 
-9.543016e-01 
-9.542954e-01 
-9.542890e-01 
-9.542828e-01 
-9.542770e-01 
-9.542721e-01 
-9.542679e-01 
-9.542645e-01 
-9.542616e-01 
-9.542591e-01 
-9.542570e-01 
-9.542552e-01 
-9.542536e-01 
-9.542521e-01 
-9.542509e-01 
-9.542498e-01 
-9.542488e-01 
-9.542478e-01 
-9.542470e-01 
-9.542463e-01 
-9.542456e-01 
-9.542449e-01 
-9.542443e-01 
-9.542438e-01 
-9.542433e-01 
-9.542428e-01 
-9.542427e-01 
-9.542427e-01 
-9.542427e-01 
-9.542427e-01 
-9.542427e-01 
-9.542427e-01 
-9.542427e-01 
-9.542427e-01 
-9.542427e-01 
-9.542427e-01 
-9.542427e-01 
-9.542427e-01 
-9.542427e-01 
-9.542427e-01 
-9.542427e-01 
-9.542427e-01 
-9.542427e-01 
-9.542427e-01 
-9.542427e-01 
-9.542427e-01 
-9.542427e-01 
-9.542427e-01 
-9.542427e-01 
-9.542427e-01 
-9.542427e-01 
-9.542427e-01 
-9.542427e-01 
-9.542427e-01 
-9.542427e-01 
-9.542427e-01 
-9.542427e-01 
-9.542427e-01 
-9.542427e-01 
-9.542427e-01 
-9.542427e-01 
-9.542427e-01 
-9.542427e-01 
-9.542427e-01 
-9.542427e-01 
-9.542427e-01 
-9.542427e-01 
-9.542427e-01 
-9.542427e-01 
-9.542427e-01 
-9.542427e-01 
-9.542427e-01 
-9.542427e-01 
-9.542427e-01 
-9.542427e-01 
-9.542427e-01 
-9.542427e-01 
-9.542427e-01 
-9.542427e-01 
-9.542427e-01 
-9.542427e-01 
-9.542427e-01 
-9.542427e-01 
-9.542427e-01 
-9.542427e-01 
-9.542427e-01 
-9.542427e-01 
-9.542427e-01 
-9.542427e-01 
-9.185899e-01 
-8.122685e-01 
-6.816704e-01 
-5.319737e-01 
-3.560819e-01 
-1.425816e-01 
-1.097459e-02 
-6.690845e-04 
-3.071627e-04 
-1.812715e-04 
-1.173843e-04 
-8.088656e-05 
-5.834434e-05 
-4.360771e-05 
-3.354242e-05 
-2.642210e-05 
-2.123744e-05 
-1.736959e-05 
-1.442408e-05 
-1.214128e-05 
-1.034588e-05 
-8.917609e-06 
-7.774329e-06 
-6.859470e-06 
-6.075022e-06 
-5.324255e-06 
-4.728549e-06 
-4.236157e-06 
-3.814558e-06 
-3.444059e-06 
-3.211956e-06 
-3.211871e-06 
-3.211871e-06 
-3.211871e-06 
-3.211871e-06 
-3.211871e-06 
-3.211871e-06 
-3.211871e-06 
-3.211871e-06 
-3.211871e-06 
-3.211871e-06 
-3.211871e-06 
-3.211871e-06 
-3.211871e-06 
-3.211871e-06 
-3.211871e-06 
-3.211871e-06 
-3.211871e-06 
-3.211871e-06 
-3.211871e-06 
-3.211871e-06 
-3.211871e-06 
-3.211871e-06 
-3.211871e-06 
-3.211871e-06 
-3.211871e-06 
-3.211871e-06 
-3.211871e-06 
-3.211871e-06 
-3.211871e-06 
-3.211871e-06 
-3.211871e-06 
-3.211871e-06 
-3.211871e-06 
-3.211871e-06 
-3.211871e-06 
-3.211871e-06 
-3.211871e-06 
-3.211871e-06 
-3.211871e-06 
-3.211871e-06 
-3.211871e-06 
-3.211871e-06 
-3.211871e-06 
-3.211871e-06 
-3.211871e-06 
-3.211871e-06 
-3.211871e-06 
-3.211871e-06 
-3.211871e-06 
-3.211871e-06 
-3.211871e-06 
-3.211871e-06 
-3.211871e-06 
-3.211871e-06 
-3.211871e-06 
-3.211871e-06 
-3.211871e-06 
-3.211871e-06 
-3.211871e-06 
-3.211871e-06 
-3.211871e-06 
-3.211871e-06 
-3.211871e-06 
-3.389234e-06 
-3.633618e-06 
-3.910006e-06 
-4.224487e-06 
-4.584520e-06 
-4.999128e-06 
-5.479264e-06 
-6.038331e-06 
-6.693772e-06 
-7.469058e-06 
-8.395261e-06 
-9.514040e-06 
-1.088229e-05 
-1.257933e-05 
-1.471835e-05 
-1.746514e-05 
-2.107009e-05 
-2.592445e-05 
-3.266379e-05 
-4.236395e-05 
-5.691433e-05 
-7.966427e-05 
-1.160286e-04 
-1.715915e-04 
-2.446701e-04 
-3.257450e-04 
-4.088751e-04 
-4.923329e-04 
-5.716207e-04 
-6.347196e-04 
-6.459101e-04 
-6.459101e-04 
-6.459101e-04 
-6.459101e-04 
-6.459101e-04 
-6.459101e-04 
-6.459101e-04 
-6.459101e-04 
-6.459101e-04 
-6.459101e-04 
-6.459101e-04 
-6.459101e-04 
-6.459101e-04 
-6.459101e-04 
-6.459101e-04 
-6.459101e-04 
-6.459101e-04 
-6.459101e-04 
-6.459101e-04 
-6.459101e-04 
-6.459101e-04 
-6.459101e-04 
-6.459101e-04 
-6.459101e-04 
-6.459101e-04 
-6.459101e-04 
-6.459101e-04 
-6.459101e-04 
-6.459101e-04 
-6.459101e-04 
-6.459101e-04 
-6.459101e-04 
-6.459101e-04 
-6.459101e-04 
-6.459101e-04 
-6.459101e-04 
-6.459101e-04 
-6.459101e-04 
-6.459101e-04 
-6.459101e-04 
-6.459101e-04 
-6.459101e-04 
-6.459101e-04 
-6.459101e-04 
-6.459101e-04 
-6.459101e-04 
-6.459101e-04 
-6.459101e-04 
-6.459101e-04 
-6.459101e-04 
-6.459101e-04 
-6.459101e-04 
-6.459101e-04 
-6.459101e-04 
-6.459101e-04 
-6.459101e-04 
-6.459101e-04 
-6.459101e-04 
-6.459101e-04 
-6.459101e-04 
-6.459101e-04 
-6.459101e-04 
-6.459101e-04 
-6.713159e-04 
-7.367695e-04 
-8.118544e-04 
-8.913367e-04 
-9.435239e-04 
-1.063439e-03 
-1.207766e-03 
-1.381967e-03 
-1.593606e-03 
-1.853348e-03 
-2.176240e-03 
-2.583290e-03 
-3.104263e-03 
-3.782284e-03 
-4.681398e-03 
-5.899373e-03 
-7.590200e-03 
-1.000528e-02 
-1.357253e-02 
-1.905624e-02 
-2.789910e-02 
-4.299012e-02 
-7.039607e-02 
-1.225227e-01 
-2.175295e-01 
-3.563224e-01 
-5.101608e-01 
-6.581434e-01 
-7.922409e-01 
-9.039832e-01 
-9.543234e-01 
-9.543235e-01 
-9.543235e-01 
-9.543235e-01 
-9.543235e-01 
-9.543235e-01 
-9.543235e-01 
-9.543235e-01 
-9.543235e-01 
-9.543235e-01 
-9.543235e-01 
-9.543235e-01 
-9.543235e-01 
-9.543235e-01 
-9.543235e-01 
-9.543235e-01 
-9.543235e-01 
-9.543235e-01 
-9.543235e-01 
-9.543235e-01 
-9.543235e-01 
-9.543235e-01 
-9.543235e-01 
-9.543235e-01 
-9.543235e-01 
-9.543235e-01 
-9.543235e-01 
-9.543235e-01 
-9.543235e-01 
-9.543235e-01 
-9.543235e-01 
-9.543235e-01 
-9.543235e-01 
-9.543235e-01 
-9.543235e-01 
-9.543235e-01 
-9.543235e-01 
-9.543235e-01 
-9.543235e-01 
-9.543235e-01 
-9.543235e-01 
-9.543235e-01 
-9.543235e-01 
-9.543235e-01 
-9.543235e-01 
-9.543235e-01 
-9.543235e-01 
-9.543235e-01 
-9.543235e-01 
-9.543235e-01 
-9.543235e-01 
-9.543235e-01 
-9.543235e-01 
-9.543235e-01 
-9.543235e-01 
-9.543235e-01 
-9.543235e-01 
-9.543235e-01 
-9.543235e-01 
-9.543235e-01 
-9.543235e-01 
-9.543235e-01 
-9.543235e-01 
-9.543235e-01 
-9.543206e-01 
-9.543167e-01 
-9.543121e-01 
-9.543069e-01 
-9.543012e-01 
-9.542950e-01 
-9.542886e-01 
-9.542824e-01 
-9.542767e-01 
-9.542718e-01 
-9.542677e-01 
-9.542643e-01 
-9.542614e-01 
-9.542589e-01 
-9.542568e-01 
-9.542550e-01 
-9.542535e-01 
-9.542521e-01 
-9.542508e-01 
-9.542497e-01 
-9.542487e-01 
-9.542478e-01 
-9.542470e-01 
-9.542462e-01 
-9.542455e-01 
-9.542449e-01 
-9.542443e-01 
-9.542438e-01 
-9.542433e-01 
-9.542429e-01 
-9.542428e-01 
-9.542428e-01 
-9.542428e-01 
-9.542428e-01 
-9.542428e-01 
-9.542428e-01 
-9.542428e-01 
-9.542428e-01 
-9.542428e-01 
-9.542428e-01 
-9.542428e-01 
-9.542428e-01 
-9.542428e-01 
-9.542428e-01 
-9.542428e-01 
-9.542428e-01 
-9.542428e-01 
-9.542428e-01 
-9.542428e-01 
-9.542428e-01 
-9.542428e-01 
-9.542428e-01 
-9.542428e-01 
-9.542428e-01 
-9.542428e-01 
-9.542428e-01 
-9.542428e-01 
-9.542428e-01 
-9.542428e-01 
-9.542428e-01 
-9.542428e-01 
-9.542428e-01 
-9.542428e-01 
-9.542428e-01 
-9.542428e-01 
-9.542428e-01 
-9.542428e-01 
-9.542428e-01 
-9.542428e-01 
-9.542428e-01 
-9.542428e-01 
-9.542428e-01 
-9.542428e-01 
-9.542428e-01 
-9.542428e-01 
-9.542428e-01 
-9.542428e-01 
-9.542428e-01 
-9.542428e-01 
-9.542428e-01 
-9.542428e-01 
-9.542428e-01 
-9.542428e-01 
-9.542428e-01 
-9.542428e-01 
-9.542428e-01 
-9.542428e-01 
-9.542428e-01 
-9.542428e-01 
-9.542428e-01 
-9.542428e-01 
-9.542428e-01 
-9.542428e-01 
-9.123635e-01 
-8.039923e-01 
-6.720562e-01 
-5.209640e-01 
-3.427490e-01 
-1.283895e-01 
-8.836821e-03 
-7.040991e-04 
-3.392282e-04 
-2.017228e-04 
-1.312176e-04 
-9.067958e-05 
-6.552333e-05 
-4.901310e-05 
-3.769431e-05 
-2.965414e-05 
-2.376814e-05 
-1.934150e-05 
-1.592449e-05 
-1.320984e-05 
-1.096803e-05 
-8.991129e-06 
-7.000164e-06 
-4.379696e-06 
1.066531e-07 
4.850596e-06 
7.787956e-06 
9.780722e-06 
1.136537e-05 
1.275422e-05 
1.363263e-05 
1.363268e-05 
1.363268e-05 
1.363268e-05 
1.363268e-05 
1.363268e-05 
1.363268e-05 
1.363268e-05 
1.363268e-05 
1.363268e-05 
1.363268e-05 
1.363268e-05 
1.363268e-05 
1.363268e-05 
1.363268e-05 
1.363268e-05 
1.363268e-05 
1.363268e-05 
1.363268e-05 
1.363268e-05 
1.363268e-05 
1.363268e-05 
1.363268e-05 
1.363268e-05 
1.363268e-05 
1.363268e-05 
1.363268e-05 
1.363268e-05 
1.363268e-05 
1.363268e-05 
1.363268e-05 
1.363268e-05 
1.363268e-05 
1.363268e-05 
1.363268e-05 
1.363268e-05 
1.363268e-05 
1.363268e-05 
1.363268e-05 
1.363268e-05 
1.363268e-05 
1.363268e-05 
1.363268e-05 
1.363268e-05 
1.363268e-05 
1.363268e-05 
1.363268e-05 
1.363268e-05 
1.363268e-05 
1.363268e-05 
1.363268e-05 
1.363268e-05 
1.363268e-05 
1.363268e-05 
1.363268e-05 
1.363268e-05 
1.363268e-05 
1.363268e-05 
1.363268e-05 
1.363268e-05 
1.363268e-05 
1.363268e-05 
1.363268e-05 
1.363239e-05 
1.344661e-05 
1.321519e-05 
1.295241e-05 
1.264219e-05 
1.226504e-05 
1.179854e-05 
1.121137e-05 
1.046055e-05 
9.523170e-06 
8.367578e-06 
6.936480e-06 
5.148249e-06 
2.889760e-06 
3.197874e-09 
-3.733971e-06 
-8.638460e-06 
-1.516277e-05 
-2.394843e-05 
-3.587765e-05 
-5.207559e-05 
-7.375997e-05 
-1.018396e-04 
-1.364346e-04 
-1.769065e-04 
-2.226891e-04 
-2.743184e-04 
-3.340097e-04 
-4.054208e-04 
-4.909855e-04 
-5.821732e-04 
-5.963970e-04 
-5.963970e-04 
-5.963970e-04 
-5.963970e-04 
-5.963970e-04 
-5.963970e-04 
-5.963970e-04 
-5.963970e-04 
-5.963970e-04 
-5.963970e-04 
-5.963970e-04 
-5.963970e-04 
-5.963970e-04 
-5.963970e-04 
-5.963970e-04 
-5.963970e-04 
-5.963970e-04 
-5.963970e-04 
-5.963970e-04 
-5.963970e-04 
-5.963970e-04 
-5.963970e-04 
-5.963970e-04 
-5.963970e-04 
-5.963970e-04 
-5.963970e-04 
-5.963970e-04 
-5.963970e-04 
-5.963970e-04 
-5.963970e-04 
-5.963970e-04 
-5.963970e-04 
-5.963970e-04 
-5.963970e-04 
-5.963970e-04 
-5.963970e-04 
-5.963970e-04 
-5.963970e-04 
-5.963970e-04 
-5.963970e-04 
-5.963970e-04 
-5.963970e-04 
-5.963970e-04 
-5.963970e-04 
-5.963970e-04 
-5.963970e-04 
-5.963970e-04 
-5.963970e-04 
-5.963970e-04 
-5.963970e-04 
-5.963970e-04 
-5.963970e-04 
-5.963970e-04 
-5.963970e-04 
-5.963970e-04 
-5.963970e-04 
-5.963970e-04 
-5.963970e-04 
-5.963970e-04 
-5.963970e-04 
-5.963970e-04 
-5.963970e-04 
-5.963970e-04 
-6.244353e-04 
-6.879099e-04 
-7.618031e-04 
-8.483995e-04 
-9.506802e-04 
-1.072483e-03 
-1.218652e-03 
-1.395145e-03 
-1.609690e-03 
-1.873214e-03 
-2.201110e-03 
-2.614881e-03 
-3.145032e-03 
-3.835833e-03 
-4.753150e-03 
0.000000e+00 
0.000000e+00 
0.000000e+00 
0.000000e+00 
0.000000e+00 
0.000000e+00 
0.000000e+00 
0.000000e+00
#[#TRACE_DATA]
#[#TRACE]
