#[TRACE]
#data_labels=Output
#[TRACE_DATA]
5.385690e-03 
6.690528e-03 
8.714308e-03 
1.165423e-02 
1.608468e-02 
2.306090e-02 
3.463765e-02 
5.504946e-02 
9.322642e-02 
1.656137e-01 
2.858403e-01 
4.363956e-01 
5.886473e-01 
7.302017e-01 
8.540666e-01 
9.486643e-01 
9.543234e-01 
9.543234e-01 
9.543234e-01 
9.543234e-01 
9.543234e-01 
9.543234e-01 
9.543234e-01 
9.543234e-01 
9.543234e-01 
9.543234e-01 
9.543234e-01 
9.543234e-01 
9.543234e-01 
9.543234e-01 
9.543234e-01 
9.543234e-01 
9.543234e-01 
9.543234e-01 
9.543234e-01 
9.543234e-01 
9.543234e-01 
9.543234e-01 
9.543234e-01 
9.543234e-01 
9.543234e-01 
9.543234e-01 
9.543234e-01 
9.543234e-01 
9.543234e-01 
9.543234e-01 
9.543234e-01 
9.543234e-01 
9.543234e-01 
9.543234e-01 
9.543234e-01 
9.543234e-01 
9.543234e-01 
9.543234e-01 
9.543234e-01 
9.543234e-01 
9.543234e-01 
9.543234e-01 
9.543234e-01 
9.543234e-01 
9.543234e-01 
9.543234e-01 
9.543234e-01 
9.543234e-01 
9.543234e-01 
9.543234e-01 
9.543234e-01 
9.543234e-01 
9.543234e-01 
9.543234e-01 
9.543234e-01 
9.543234e-01 
9.543234e-01 
9.543234e-01 
9.543234e-01 
9.543234e-01 
9.543234e-01 
9.543234e-01 
9.543234e-01 
9.543222e-01 
9.543187e-01 
9.543144e-01 
9.543094e-01 
9.543040e-01 
9.542980e-01 
9.542917e-01 
9.542853e-01 
9.542793e-01 
9.542740e-01 
9.542695e-01 
9.542658e-01 
9.542627e-01 
9.542600e-01 
9.542578e-01 
9.542559e-01 
9.542542e-01 
9.542527e-01 
9.542514e-01 
9.542502e-01 
9.542492e-01 
9.542482e-01 
9.542473e-01 
9.542466e-01 
9.542458e-01 
9.542452e-01 
9.542446e-01 
9.542441e-01 
9.542435e-01 
9.542431e-01 
9.542428e-01 
9.542428e-01 
9.542428e-01 
9.542428e-01 
9.542428e-01 
9.542428e-01 
9.542428e-01 
9.542428e-01 
9.542428e-01 
9.542428e-01 
9.542428e-01 
9.542428e-01 
9.542428e-01 
9.542428e-01 
9.542428e-01 
9.542428e-01 
9.542428e-01 
9.542428e-01 
9.542428e-01 
9.542428e-01 
9.542428e-01 
9.542428e-01 
9.542428e-01 
9.542428e-01 
9.542428e-01 
9.542428e-01 
9.542428e-01 
9.542428e-01 
9.542428e-01 
9.542428e-01 
9.542428e-01 
9.542428e-01 
9.542428e-01 
9.542428e-01 
9.542428e-01 
9.542428e-01 
9.542428e-01 
9.542428e-01 
9.542428e-01 
9.542428e-01 
9.542428e-01 
9.542428e-01 
9.542428e-01 
9.542428e-01 
9.542428e-01 
9.542428e-01 
9.542428e-01 
9.542428e-01 
9.542428e-01 
9.542428e-01 
9.542428e-01 
9.542428e-01 
9.542428e-01 
9.542428e-01 
9.542428e-01 
9.542428e-01 
9.542428e-01 
9.542428e-01 
9.542428e-01 
9.542428e-01 
9.542428e-01 
9.542428e-01 
9.542428e-01 
9.514090e-01 
8.595011e-01 
7.375980e-01 
5.958555e-01 
4.324820e-01 
2.334370e-01 
4.109159e-02 
1.574110e-03 
4.387115e-04 
2.436175e-04 
1.520576e-04 
1.020216e-04 
7.206424e-05 
5.293363e-05 
4.010358e-05 
3.115571e-05 
2.470854e-05 
1.992911e-05 
1.629082e-05 
1.344405e-05 
1.114008e-05 
9.176327e-06 
7.330881e-06 
5.208196e-06 
1.817843e-06 
-3.267066e-06 
-6.945898e-06 
-9.255408e-06 
-1.095564e-05 
-1.240123e-05 
-1.362362e-05 
-1.389378e-05 
-1.389378e-05 
-1.389378e-05 
-1.389378e-05 
-1.389378e-05 
-1.389378e-05 
-1.389378e-05 
-1.389378e-05 
-1.389378e-05 
-1.389378e-05 
-1.389378e-05 
-1.389378e-05 
-1.389378e-05 
-1.389378e-05 
-1.389378e-05 
-1.389378e-05 
-1.389378e-05 
-1.389378e-05 
-1.389378e-05 
-1.389378e-05 
-1.389378e-05 
-1.389378e-05 
-1.389378e-05 
-1.389378e-05 
-1.389378e-05 
-1.389378e-05 
-1.389378e-05 
-1.389378e-05 
-1.389378e-05 
-1.389378e-05 
-1.389378e-05 
-1.389378e-05 
-1.389378e-05 
-1.389378e-05 
-1.389378e-05 
-1.389378e-05 
-1.389378e-05 
-1.389378e-05 
-1.389378e-05 
-1.389378e-05 
-1.389378e-05 
-1.389378e-05 
-1.389378e-05 
-1.389378e-05 
-1.389378e-05 
-1.389378e-05 
-1.389378e-05 
-1.389378e-05 
-1.389378e-05 
-1.389378e-05 
-1.389378e-05 
-1.389378e-05 
-1.389378e-05 
-1.389378e-05 
-1.389378e-05 
-1.389378e-05 
-1.389378e-05 
-1.389378e-05 
-1.389378e-05 
-1.389378e-05 
-1.389378e-05 
-1.389378e-05 
-1.389378e-05 
-1.381506e-05 
-1.360198e-05 
-1.336491e-05 
-1.308898e-05 
-1.275656e-05 
-1.234677e-05 
-1.183452e-05 
-1.118019e-05 
-1.035008e-05 
-9.322241e-06 
-8.051286e-06 
-6.468007e-06 
-4.476106e-06 
-1.941780e-06 
1.322735e-06 
5.583682e-06 
1.122124e-05 
1.877764e-05 
2.901274e-05 
4.293920e-05 
6.176177e-05 
8.660056e-05 
1.179978e-04 
1.556227e-04 
1.987421e-04 
2.472607e-04 
3.025609e-04 
3.677276e-04 
4.464269e-04 
5.372522e-04 
5.942914e-04 
5.943092e-04 
5.943092e-04 
5.943092e-04 
5.943092e-04 
5.943092e-04 
5.943092e-04 
5.943092e-04 
5.943092e-04 
5.943092e-04 
5.943092e-04 
5.943092e-04 
5.943092e-04 
5.943092e-04 
5.943092e-04 
5.943092e-04 
5.943092e-04 
5.943092e-04 
5.943092e-04 
5.943092e-04 
5.943092e-04 
5.943092e-04 
5.943092e-04 
5.943092e-04 
5.943092e-04 
5.943092e-04 
5.943092e-04 
5.943092e-04 
5.943092e-04 
5.943092e-04 
5.943092e-04 
5.943092e-04 
5.943092e-04 
5.943092e-04 
5.943092e-04 
5.943092e-04 
5.943092e-04 
5.943092e-04 
5.943092e-04 
5.943092e-04 
5.943092e-04 
5.943092e-04 
5.943092e-04 
5.943092e-04 
5.943092e-04 
5.943092e-04 
5.943092e-04 
5.943092e-04 
5.943092e-04 
5.943092e-04 
5.943092e-04 
5.943092e-04 
5.943092e-04 
5.943092e-04 
5.943092e-04 
5.943092e-04 
5.943092e-04 
5.943092e-04 
5.943092e-04 
5.943092e-04 
5.943092e-04 
5.943092e-04 
5.943092e-04 
5.964889e-04 
6.540503e-04 
7.224796e-04 
8.024033e-04 
8.964473e-04 
1.008008e-03 
1.141423e-03 
1.302080e-03 
1.496691e-03 
1.734446e-03 
2.028420e-03 
2.396876e-03 
2.865492e-03 
3.471123e-03 
4.267937e-03 
5.337673e-03 
6.807377e-03 
8.881328e-03 
1.190111e-02 
1.646444e-02 
2.367370e-02 
3.568409e-02 
5.695195e-02 
9.685854e-02 
1.722906e-01 
2.955575e-01 
4.469733e-01 
5.987435e-01 
7.393277e-01 
8.616411e-01 
9.529367e-01 
9.543234e-01 
9.543234e-01 
9.543234e-01 
9.543234e-01 
9.543234e-01 
9.543234e-01 
9.543234e-01 
9.543234e-01 
9.543234e-01 
9.543234e-01 
9.543234e-01 
9.543234e-01 
9.543234e-01 
9.543234e-01 
9.543234e-01 
9.543234e-01 
9.543234e-01 
9.543234e-01 
9.543234e-01 
9.543234e-01 
9.543234e-01 
9.543234e-01 
9.543234e-01 
9.543234e-01 
9.543234e-01 
9.543234e-01 
9.543234e-01 
9.543234e-01 
9.543234e-01 
9.543234e-01 
9.543234e-01 
9.543234e-01 
9.543234e-01 
9.543234e-01 
9.543234e-01 
9.543234e-01 
9.543234e-01 
9.543234e-01 
9.543234e-01 
9.543234e-01 
9.543234e-01 
9.543234e-01 
9.543234e-01 
9.543234e-01 
9.543234e-01 
9.543234e-01 
9.543234e-01 
9.543234e-01 
9.543234e-01 
9.543234e-01 
9.543234e-01 
9.543234e-01 
9.543234e-01 
9.543234e-01 
9.543234e-01 
9.543234e-01 
9.543234e-01 
9.543234e-01 
9.543234e-01 
9.543234e-01 
9.543234e-01 
9.543234e-01 
9.543234e-01 
9.543219e-01 
9.543184e-01 
9.543140e-01 
9.543091e-01 
9.543036e-01 
9.542976e-01 
9.542912e-01 
9.542848e-01 
9.542789e-01 
9.542737e-01 
9.542692e-01 
9.542656e-01 
9.542625e-01 
9.542599e-01 
9.542577e-01 
9.542557e-01 
9.542541e-01 
9.542526e-01 
9.542513e-01 
9.542501e-01 
9.542491e-01 
9.542481e-01 
9.542473e-01 
9.542465e-01 
9.542458e-01 
9.542451e-01 
9.542445e-01 
9.542440e-01 
9.542435e-01 
9.542430e-01 
9.542427e-01 
9.542427e-01 
9.542427e-01 
9.542427e-01 
9.542427e-01 
9.542427e-01 
9.542427e-01 
9.542427e-01 
9.542427e-01 
9.542427e-01 
9.542427e-01 
9.542427e-01 
9.542427e-01 
9.542427e-01 
9.542427e-01 
9.542427e-01 
9.542427e-01 
9.542427e-01 
9.542427e-01 
9.542427e-01 
9.542427e-01 
9.542427e-01 
9.542427e-01 
9.542427e-01 
9.542427e-01 
9.542427e-01 
9.542427e-01 
9.542427e-01 
9.542427e-01 
9.542427e-01 
9.542427e-01 
9.542427e-01 
9.542427e-01 
9.542427e-01 
9.542427e-01 
9.542427e-01 
9.542427e-01 
9.542427e-01 
9.542427e-01 
9.542427e-01 
9.542427e-01 
9.542427e-01 
9.542427e-01 
9.542427e-01 
9.542427e-01 
9.542427e-01 
9.542427e-01 
9.542427e-01 
9.542427e-01 
9.542427e-01 
9.542427e-01 
9.542427e-01 
9.542427e-01 
9.542427e-01 
9.542427e-01 
9.542427e-01 
9.542427e-01 
9.542427e-01 
9.542427e-01 
9.542427e-01 
9.542427e-01 
9.542427e-01 
9.542427e-01 
9.467629e-01 
8.519384e-01 
7.284898e-01 
5.854562e-01 
4.201701e-01 
2.181201e-01 
3.348182e-02 
1.202395e-03 
3.625534e-04 
2.034830e-04 
1.277642e-04 
8.609074e-05 
6.102669e-05 
4.497305e-05 
3.418765e-05 
2.666211e-05 
2.124625e-05 
1.724676e-05 
1.422800e-05 
1.190671e-05 
1.009356e-05 
8.659504e-06 
7.516450e-06 
6.605788e-06 
5.863806e-06 
5.141124e-06 
4.543035e-06 
4.061201e-06 
3.653356e-06 
3.298276e-06 
2.986859e-06 
2.972876e-06 
2.972876e-06 
2.972876e-06 
2.972876e-06 
2.972876e-06 
2.972876e-06 
2.972876e-06 
2.972876e-06 
2.972876e-06 
2.972876e-06 
2.972876e-06 
2.972876e-06 
2.972876e-06 
2.972876e-06 
2.972876e-06 
2.972876e-06 
2.972876e-06 
2.972876e-06 
2.972876e-06 
2.972876e-06 
2.972876e-06 
2.972876e-06 
2.972876e-06 
2.972876e-06 
2.972876e-06 
2.972876e-06 
2.972876e-06 
2.972876e-06 
2.972876e-06 
2.972876e-06 
2.972876e-06 
2.972876e-06 
2.972876e-06 
2.972876e-06 
2.972876e-06 
2.972876e-06 
2.972876e-06 
2.972876e-06 
2.972876e-06 
2.972876e-06 
2.972876e-06 
2.972876e-06 
2.972876e-06 
2.972876e-06 
2.972876e-06 
2.972876e-06 
2.972876e-06 
2.972876e-06 
2.972876e-06 
2.972876e-06 
2.972876e-06 
2.972876e-06 
2.972876e-06 
2.972876e-06 
2.972876e-06 
2.972876e-06 
2.972876e-06 
2.972876e-06 
2.972876e-06 
2.972876e-06 
2.972876e-06 
2.972876e-06 
2.972876e-06 
3.069533e-06 
3.296701e-06 
3.553524e-06 
3.845672e-06 
4.180033e-06 
4.565003e-06 
5.010727e-06 
5.529622e-06 
6.137364e-06 
6.855118e-06 
7.710976e-06 
8.742405e-06 
1.000027e-05 
1.155500e-05 
1.350633e-05 
1.599907e-05 
1.924960e-05 
2.359209e-05 
2.956214e-05 
3.805371e-05 
5.061888e-05 
7.001453e-05 
1.009277e-04 
1.494211e-04 
2.171613e-04 
2.962422e-04 
3.786986e-04 
4.620782e-04 
5.435966e-04 
6.139044e-04 
6.438078e-04 
6.438108e-04 
6.438108e-04 
6.438108e-04 
6.438108e-04 
6.438108e-04 
6.438108e-04 
6.438108e-04 
6.438108e-04 
6.438108e-04 
6.438108e-04 
6.438108e-04 
6.438108e-04 
6.438108e-04 
6.438108e-04 
6.438108e-04 
6.438108e-04 
6.438108e-04 
6.438108e-04 
6.438108e-04 
6.438108e-04 
6.438108e-04 
6.438108e-04 
6.438108e-04 
6.438108e-04 
6.438108e-04 
6.438108e-04 
6.438108e-04 
6.438108e-04 
6.438108e-04 
6.438108e-04 
6.438108e-04 
6.438108e-04 
6.438108e-04 
6.438108e-04 
6.438108e-04 
6.438108e-04 
6.438108e-04 
6.438108e-04 
6.438108e-04 
6.438108e-04 
6.438108e-04 
6.438108e-04 
6.438108e-04 
6.438108e-04 
6.438108e-04 
6.438108e-04 
6.438108e-04 
6.438108e-04 
6.438108e-04 
6.438108e-04 
6.438108e-04 
6.438108e-04 
6.438108e-04 
6.438108e-04 
6.438108e-04 
6.438108e-04 
6.438108e-04 
6.438108e-04 
6.438108e-04 
6.438108e-04 
6.438108e-04 
6.438108e-04 
6.492820e-04 
7.110414e-04 
7.824997e-04 
8.632955e-04 
9.094103e-04 
1.016379e-03 
1.151473e-03 
1.314219e-03 
1.511449e-03 
1.752581e-03 
2.050997e-03 
2.425382e-03 
2.902037e-03 
3.518770e-03 
4.331248e-03 
5.423628e-03 
6.927000e-03 
9.052676e-03 
1.215502e-02 
1.685621e-02 
2.430812e-02 
3.677199e-02 
5.893816e-02 
1.006562e-01 
1.792088e-01 
3.054079e-01 
4.575442e-01 
6.087862e-01 
7.483706e-01 
8.690766e-01 
9.540533e-01 
9.543234e-01 
9.543234e-01 
9.543234e-01 
9.543234e-01 
9.543234e-01 
9.543234e-01 
9.543234e-01 
9.543234e-01 
9.543234e-01 
9.543234e-01 
9.543234e-01 
9.543234e-01 
9.543234e-01 
9.543234e-01 
9.543234e-01 
9.543234e-01 
9.543234e-01 
9.543234e-01 
9.543234e-01 
9.543234e-01 
9.543234e-01 
9.543234e-01 
9.543234e-01 
9.543234e-01 
9.543234e-01 
9.543234e-01 
9.543234e-01 
9.543234e-01 
9.543234e-01 
9.543234e-01 
9.543234e-01 
9.543234e-01 
9.543234e-01 
9.543234e-01 
9.543234e-01 
9.543234e-01 
9.543234e-01 
9.543234e-01 
9.543234e-01 
9.543234e-01 
9.543234e-01 
9.543234e-01 
9.543234e-01 
9.543234e-01 
9.543234e-01 
9.543234e-01 
9.543234e-01 
9.543234e-01 
9.543234e-01 
9.543234e-01 
9.543234e-01 
9.543234e-01 
9.543234e-01 
9.543234e-01 
9.543234e-01 
9.543234e-01 
9.543234e-01 
9.543234e-01 
9.543234e-01 
9.543234e-01 
9.543234e-01 
9.543234e-01 
9.543234e-01 
9.543217e-01 
9.543181e-01 
9.543137e-01 
9.543087e-01 
9.543032e-01 
9.542971e-01 
9.542908e-01 
9.542844e-01 
9.542785e-01 
9.542733e-01 
9.542690e-01 
9.542653e-01 
9.542623e-01 
9.542597e-01 
9.542575e-01 
9.542556e-01 
9.542540e-01 
9.542525e-01 
9.542512e-01 
9.542501e-01 
9.542490e-01 
9.542481e-01 
9.542472e-01 
9.542465e-01 
9.542457e-01 
9.542451e-01 
9.542445e-01 
9.542439e-01 
9.542434e-01 
9.542429e-01 
9.542427e-01 
9.542427e-01 
9.542427e-01 
9.542427e-01 
9.542427e-01 
9.542427e-01 
9.542427e-01 
9.542427e-01 
9.542427e-01 
9.542427e-01 
9.542427e-01 
9.542427e-01 
9.542427e-01 
9.542427e-01 
9.542427e-01 
9.542427e-01 
9.542427e-01 
9.542427e-01 
9.542427e-01 
9.542427e-01 
9.542427e-01 
9.542427e-01 
9.542427e-01 
9.542427e-01 
9.542427e-01 
9.542427e-01 
9.542427e-01 
9.542427e-01 
9.542427e-01 
9.542427e-01 
9.542427e-01 
9.542427e-01 
9.542427e-01 
9.542427e-01 
9.542427e-01 
9.542427e-01 
9.542427e-01 
9.542427e-01 
9.542427e-01 
9.542427e-01 
9.542427e-01 
9.542427e-01 
9.542427e-01 
9.542427e-01 
9.542427e-01 
9.542427e-01 
9.542427e-01 
9.542427e-01 
9.542427e-01 
9.542427e-01 
9.542427e-01 
9.542427e-01 
9.542427e-01 
9.542427e-01 
9.542427e-01 
9.542427e-01 
9.542427e-01 
9.542427e-01 
9.542427e-01 
9.542427e-01 
9.542427e-01 
9.542427e-01 
9.542427e-01 
9.415886e-01 
8.442463e-01 
7.192967e-01 
5.749686e-01 
4.077283e-01 
2.029045e-01 
2.723490e-02 
1.024046e-03 
3.465967e-04 
1.965466e-04 
1.241207e-04 
8.396846e-05 
5.969930e-05 
4.409760e-05 
3.358576e-05 
2.623409e-05 
2.093317e-05 
1.701216e-05 
1.404845e-05 
1.176666e-05 
9.982332e-06 
8.569565e-06 
7.442196e-06 
6.542360e-06 
5.802031e-06 
5.082057e-06 
4.493107e-06 
4.015393e-06 
3.609859e-06 
3.255724e-06 
2.956568e-06 
2.950399e-06 
2.950399e-06 
2.950399e-06 
2.950399e-06 
2.950399e-06 
2.950399e-06 
2.950399e-06 
2.950399e-06 
2.950399e-06 
2.950399e-06 
2.950399e-06 
2.950399e-06 
2.950399e-06 
2.950399e-06 
2.950399e-06 
2.950399e-06 
2.950399e-06 
2.950399e-06 
2.950399e-06 
2.950399e-06 
2.950399e-06 
2.950399e-06 
2.950399e-06 
2.950399e-06 
2.950399e-06 
2.950399e-06 
2.950399e-06 
2.950399e-06 
2.950399e-06 
2.950399e-06 
2.950399e-06 
2.950399e-06 
2.950399e-06 
2.950399e-06 
2.950399e-06 
2.950399e-06 
2.950399e-06 
2.950399e-06 
2.950399e-06 
2.950399e-06 
2.950399e-06 
2.950399e-06 
2.950399e-06 
2.950399e-06 
2.950399e-06 
2.950399e-06 
2.950399e-06 
2.950399e-06 
2.950399e-06 
2.950399e-06 
2.950399e-06 
2.950399e-06 
2.950399e-06 
2.950399e-06 
2.950399e-06 
2.950399e-06 
2.950399e-06 
2.950399e-06 
2.950399e-06 
2.950399e-06 
2.950399e-06 
2.950399e-06 
2.950399e-06 
3.061033e-06 
3.288648e-06 
3.546106e-06 
3.839127e-06 
4.174666e-06 
4.561189e-06 
5.008939e-06 
5.530491e-06 
6.141760e-06 
6.864226e-06 
7.726409e-06 
8.766397e-06 
1.003597e-05 
1.160693e-05 
1.358115e-05 
1.610681e-05 
1.940585e-05 
2.382193e-05 
2.990748e-05 
3.858757e-05 
5.147330e-05 
7.143009e-05 
1.033006e-04 
1.531474e-04 
2.220621e-04 
3.016600e-04 
3.842997e-04 
4.677349e-04 
5.489048e-04 
6.179172e-04 
6.438088e-04 
6.438097e-04 
6.438097e-04 
6.438097e-04 
6.438097e-04 
6.438097e-04 
6.438097e-04 
6.438097e-04 
6.438097e-04 
6.438097e-04 
6.438097e-04 
6.438097e-04 
6.438097e-04 
6.438097e-04 
6.438097e-04 
6.438097e-04 
6.438097e-04 
6.438097e-04 
6.438097e-04 
6.438097e-04 
6.438097e-04 
6.438097e-04 
6.438097e-04 
6.438097e-04 
6.438097e-04 
6.438097e-04 
6.438097e-04 
6.438097e-04 
6.438097e-04 
6.438097e-04 
6.438097e-04 
6.438097e-04 
6.438097e-04 
6.438097e-04 
6.438097e-04 
6.438097e-04 
6.438097e-04 
6.438097e-04 
6.438097e-04 
6.438097e-04 
6.438097e-04 
6.438097e-04 
6.438097e-04 
6.438097e-04 
6.438097e-04 
6.438097e-04 
6.438097e-04 
6.438097e-04 
6.438097e-04 
6.438097e-04 
6.438097e-04 
6.438097e-04 
6.438097e-04 
6.438097e-04 
6.438097e-04 
6.438097e-04 
6.438097e-04 
6.438097e-04 
6.438097e-04 
6.438097e-04 
6.438097e-04 
6.438097e-04 
6.438097e-04 
6.529544e-04 
7.156181e-04 
7.877485e-04 
8.689208e-04 
9.148776e-04 
1.024853e-03 
1.161652e-03 
1.326517e-03 
1.526411e-03 
1.770982e-03 
2.073927e-03 
2.454361e-03 
2.939230e-03 
3.567322e-03 
4.395850e-03 
5.511474e-03 
7.049481e-03 
9.228493e-03 
1.241621e-02 
1.726044e-02 
2.496511e-02 
3.790334e-02 
6.101226e-02 
1.046261e-01 
1.863681e-01 
3.153792e-01 
4.681030e-01 
6.187735e-01 
7.573277e-01 
8.763679e-01 
9.542707e-01 
9.543234e-01 
9.543234e-01 
9.543234e-01 
9.543234e-01 
9.543234e-01 
9.543234e-01 
9.543234e-01 
9.543234e-01 
9.543234e-01 
9.543234e-01 
9.543234e-01 
9.543234e-01 
9.543234e-01 
9.543234e-01 
9.543234e-01 
9.543234e-01 
9.543234e-01 
9.543234e-01 
9.543234e-01 
9.543234e-01 
9.543234e-01 
9.543234e-01 
9.543234e-01 
9.543234e-01 
9.543234e-01 
9.543234e-01 
9.543234e-01 
9.543234e-01 
9.543234e-01 
9.543234e-01 
9.543234e-01 
9.543234e-01 
9.543234e-01 
9.543234e-01 
9.543234e-01 
9.543234e-01 
9.543234e-01 
9.543234e-01 
9.543234e-01 
9.543234e-01 
9.543234e-01 
9.543234e-01 
9.543234e-01 
9.543234e-01 
9.543234e-01 
9.543234e-01 
9.543234e-01 
9.543234e-01 
9.543234e-01 
9.543234e-01 
9.543234e-01 
9.543234e-01 
9.543234e-01 
9.543234e-01 
9.543234e-01 
9.543234e-01 
9.543234e-01 
9.543234e-01 
9.543234e-01 
9.543234e-01 
9.543234e-01 
9.543234e-01 
9.543234e-01 
9.543215e-01 
9.543178e-01 
9.543134e-01 
9.543084e-01 
9.543028e-01 
9.542967e-01 
9.542903e-01 
9.542840e-01 
9.542781e-01 
9.542730e-01 
9.542687e-01 
9.542651e-01 
9.542621e-01 
9.542596e-01 
9.542574e-01 
9.542555e-01 
9.542539e-01 
9.542524e-01 
9.542511e-01 
9.542500e-01 
9.542490e-01 
9.542480e-01 
9.542472e-01 
9.542464e-01 
9.542457e-01 
9.542450e-01 
9.542444e-01 
9.542439e-01 
9.542433e-01 
9.542429e-01 
9.542427e-01 
9.542427e-01 
9.542427e-01 
9.542427e-01 
9.542427e-01 
9.542427e-01 
9.542427e-01 
9.542427e-01 
9.542427e-01 
9.542427e-01 
9.542427e-01 
9.542427e-01 
9.542427e-01 
9.542427e-01 
9.542427e-01 
9.542427e-01 
9.542427e-01 
9.542427e-01 
9.542427e-01 
9.542427e-01 
9.542427e-01 
9.542427e-01 
9.542427e-01 
9.542427e-01 
9.542427e-01 
9.542427e-01 
9.542427e-01 
9.542427e-01 
9.542427e-01 
9.542427e-01 
9.542427e-01 
9.542427e-01 
9.542427e-01 
9.542427e-01 
9.542427e-01 
9.542427e-01 
9.542427e-01 
9.542427e-01 
9.542427e-01 
9.542427e-01 
9.542427e-01 
9.542427e-01 
9.542427e-01 
9.542427e-01 
9.542427e-01 
9.542427e-01 
9.542427e-01 
9.542427e-01 
9.542427e-01 
9.542427e-01 
9.542427e-01 
9.542427e-01 
9.542427e-01 
9.542427e-01 
9.542427e-01 
9.542427e-01 
9.542427e-01 
9.542427e-01 
9.542427e-01 
9.542427e-01 
9.542427e-01 
9.542427e-01 
9.542427e-01 
9.361451e-01 
8.364285e-01 
7.100146e-01 
5.643654e-01 
3.950423e-01 
1.874094e-01 
2.162712e-02 
7.788165e-04 
2.800727e-04 
1.603270e-04 
1.018231e-04 
6.917858e-05 
4.936692e-05 
3.659914e-05 
2.798742e-05 
2.196807e-05 
1.764075e-05 
1.446250e-05 
1.209543e-05 
1.032799e-05 
9.036062e-06 
8.174438e-06 
7.814989e-06 
8.318138e-06 
1.067687e-05 
1.427118e-05 
1.642216e-05 
1.761859e-05 
1.844435e-05 
1.915284e-05 
1.976979e-05 
1.980596e-05 
1.980596e-05 
1.980596e-05 
1.980596e-05 
1.980596e-05 
1.980596e-05 
1.980596e-05 
1.980596e-05 
1.980596e-05 
1.980596e-05 
1.980596e-05 
1.980596e-05 
1.980596e-05 
1.980596e-05 
1.980596e-05 
1.980596e-05 
1.980596e-05 
1.980596e-05 
1.980596e-05 
1.980596e-05 
1.980596e-05 
1.980596e-05 
1.980596e-05 
1.980596e-05 
1.980596e-05 
1.980596e-05 
1.980596e-05 
1.980596e-05 
1.980596e-05 
1.980596e-05 
1.980596e-05 
1.980596e-05 
1.980596e-05 
1.980596e-05 
1.980596e-05 
1.980596e-05 
1.980596e-05 
1.980596e-05 
1.980596e-05 
1.980596e-05 
1.980596e-05 
1.980596e-05 
1.980596e-05 
1.980596e-05 
1.980596e-05 
1.980596e-05 
1.980596e-05 
1.980596e-05 
1.980596e-05 
1.980596e-05 
1.980596e-05 
1.980596e-05 
1.980596e-05 
1.980596e-05 
1.980596e-05 
1.980596e-05 
1.980596e-05 
1.980596e-05 
1.980596e-05 
1.980596e-05 
1.980596e-05 
1.980596e-05 
1.980596e-05 
1.993521e-05 
2.017651e-05 
2.045090e-05 
2.075448e-05 
2.108270e-05 
2.143084e-05 
2.179188e-05 
2.214825e-05 
2.250231e-05 
2.287036e-05 
2.325623e-05 
2.365706e-05 
2.406478e-05 
2.446365e-05 
2.482527e-05 
2.509944e-05 
2.519768e-05 
2.496244e-05 
2.410835e-05 
2.210649e-05 
1.795311e-05 
9.717392e-06 
-6.218344e-06 
-3.570185e-05 
-8.443519e-05 
-1.515287e-04 
-2.308211e-04 
-3.202944e-04 
-4.223300e-04 
-5.333864e-04 
-5.796353e-04 
-5.796360e-04 
-5.796360e-04 
-5.796360e-04 
-5.796360e-04 
-5.796360e-04 
-5.796360e-04 
-5.796360e-04 
-5.796360e-04 
-5.796360e-04 
-5.796360e-04 
-5.796360e-04 
-5.796360e-04 
-5.796360e-04 
-5.796360e-04 
-5.796360e-04 
-5.796360e-04 
-5.796360e-04 
-5.796360e-04 
-5.796360e-04 
-5.796360e-04 
-5.796360e-04 
-5.796360e-04 
-5.796360e-04 
-5.796360e-04 
-5.796360e-04 
-5.796360e-04 
-5.796360e-04 
-5.796360e-04 
-5.796360e-04 
-5.796360e-04 
-5.796360e-04 
-5.796360e-04 
-5.796360e-04 
-5.796360e-04 
-5.796360e-04 
-5.796360e-04 
-5.796360e-04 
-5.796360e-04 
-5.796360e-04 
-5.796360e-04 
-5.796360e-04 
-5.796360e-04 
-5.796360e-04 
-5.796360e-04 
-5.796360e-04 
-5.796360e-04 
-5.796360e-04 
-5.796360e-04 
-5.796360e-04 
-5.796360e-04 
-5.796360e-04 
-5.796360e-04 
-5.796360e-04 
-5.796360e-04 
-5.796360e-04 
-5.796360e-04 
-5.796360e-04 
-5.796360e-04 
-5.796360e-04 
-5.796360e-04 
-5.796360e-04 
-5.796360e-04 
-5.916144e-04 
-6.508968e-04 
-7.199085e-04 
-8.006505e-04 
-8.958312e-04 
-1.008942e-03 
-1.144421e-03 
-1.307762e-03 
-1.505971e-03 
-1.748806e-03 
-2.050054e-03 
-2.428963e-03 
-2.912713e-03 
-3.540535e-03 
-4.370438e-03 
-5.490543e-03 
-7.038866e-03 
-9.239258e-03 
-1.246983e-02 
-1.740003e-02 
-2.528128e-02 
-3.859633e-02 
-6.254229e-02 
-1.080037e-01 
-1.930597e-01 
-3.250888e-01 
-4.785279e-01 
-6.286754e-01 
-7.661904e-01 
-8.835087e-01 
-9.543129e-01 
-9.543232e-01 
-9.543232e-01 
-9.543232e-01 
-9.543232e-01 
-9.543232e-01 
-9.543232e-01 
-9.543232e-01 
-9.543232e-01 
-9.543232e-01 
-9.543232e-01 
-9.543232e-01 
-9.543232e-01 
-9.543232e-01 
-9.543232e-01 
-9.543232e-01 
-9.543232e-01 
-9.543232e-01 
-9.543232e-01 
-9.543232e-01 
-9.543232e-01 
-9.543232e-01 
-9.543232e-01 
-9.543232e-01 
-9.543232e-01 
-9.543232e-01 
-9.543232e-01 
-9.543232e-01 
-9.543232e-01 
-9.543232e-01 
-9.543232e-01 
-9.543232e-01 
-9.543232e-01 
-9.543232e-01 
-9.543232e-01 
-9.543232e-01 
-9.543232e-01 
-9.543232e-01 
-9.543232e-01 
-9.543232e-01 
-9.543232e-01 
-9.543232e-01 
-9.543232e-01 
-9.543232e-01 
-9.543232e-01 
-9.543232e-01 
-9.543232e-01 
-9.543232e-01 
-9.543232e-01 
-9.543232e-01 
-9.543232e-01 
-9.543232e-01 
-9.543232e-01 
-9.543232e-01 
-9.543232e-01 
-9.543232e-01 
-9.543232e-01 
-9.543232e-01 
-9.543232e-01 
-9.543232e-01 
-9.543232e-01 
-9.543232e-01 
-9.543232e-01 
-9.543232e-01 
-9.543207e-01 
-9.543163e-01 
-9.543109e-01 
-9.543044e-01 
-9.542959e-01 
-9.542841e-01 
-9.542739e-01 
-9.542693e-01 
-9.542659e-01 
-9.542631e-01 
-9.542606e-01 
-9.542585e-01 
-9.542566e-01 
-9.542549e-01 
-9.542534e-01 
-9.542521e-01 
-9.542509e-01 
-9.542498e-01 
-9.542488e-01 
-9.542480e-01 
-9.542471e-01 
-9.542464e-01 
-9.542457e-01 
-9.542451e-01 
-9.542445e-01 
-9.542439e-01 
-9.542434e-01 
-9.542429e-01 
-9.542425e-01 
-9.542420e-01 
-9.542419e-01 
-9.542419e-01 
-9.542419e-01 
-9.542419e-01 
-9.542419e-01 
-9.542419e-01 
-9.542419e-01 
-9.542419e-01 
-9.542419e-01 
-9.542419e-01 
-9.542419e-01 
-9.542419e-01 
-9.542419e-01 
-9.542419e-01 
-9.542419e-01 
-9.542419e-01 
-9.542419e-01 
-9.542419e-01 
-9.542419e-01 
-9.542419e-01 
-9.542419e-01 
-9.542419e-01 
-9.542419e-01 
-9.542419e-01 
-9.542419e-01 
-9.542419e-01 
-9.542419e-01 
-9.542419e-01 
-9.542419e-01 
-9.542419e-01 
-9.542419e-01 
-9.542419e-01 
-9.542419e-01 
-9.542419e-01 
-9.542419e-01 
-9.542419e-01 
-9.542419e-01 
-9.542419e-01 
-9.542419e-01 
-9.542419e-01 
-9.542419e-01 
-9.542419e-01 
-9.542419e-01 
-9.542419e-01 
-9.542419e-01 
-9.542419e-01 
-9.542419e-01 
-9.542419e-01 
-9.542419e-01 
-9.542419e-01 
-9.542419e-01 
-9.542419e-01 
-9.542419e-01 
-9.542419e-01 
-9.542419e-01 
-9.542419e-01 
-9.542419e-01 
-9.542419e-01 
-9.542419e-01 
-9.542419e-01 
-9.542419e-01 
-9.542419e-01 
-9.542419e-01 
-9.304867e-01 
-8.284823e-01 
-7.006069e-01 
-5.534672e-01 
-3.813287e-01 
-1.686428e-01 
-1.338993e-02 
6.487298e-04 
3.670026e-04 
2.122421e-04 
1.355085e-04 
9.235318e-05 
6.600242e-05 
4.892682e-05 
3.734237e-05 
2.918645e-05 
2.326208e-05 
1.883785e-05 
1.544542e-05 
1.276893e-05 
1.057748e-05 
8.671257e-06 
6.803680e-06 
4.471470e-06 
4.934846e-07 
-4.474779e-06 
-7.671133e-06 
-9.760659e-06 
-1.136817e-05 
-1.276690e-05 
-1.387940e-05 
-1.389378e-05 
-1.389378e-05 
-1.389378e-05 
-1.389378e-05 
-1.389378e-05 
-1.389378e-05 
-1.389378e-05 
-1.389378e-05 
-1.389378e-05 
-1.389378e-05 
-1.389378e-05 
-1.389378e-05 
-1.389378e-05 
-1.389378e-05 
-1.389378e-05 
-1.389378e-05 
-1.389378e-05 
-1.389378e-05 
-1.389378e-05 
-1.389378e-05 
-1.389378e-05 
-1.389378e-05 
-1.389378e-05 
-1.389378e-05 
-1.389378e-05 
-1.389378e-05 
-1.389378e-05 
-1.389378e-05 
-1.389378e-05 
-1.389378e-05 
-1.389378e-05 
-1.389378e-05 
-1.389378e-05 
-1.389378e-05 
-1.389378e-05 
-1.389378e-05 
-1.389378e-05 
-1.389378e-05 
-1.389378e-05 
-1.389378e-05 
-1.389378e-05 
-1.389378e-05 
-1.389378e-05 
-1.389378e-05 
-1.389378e-05 
-1.389378e-05 
-1.389378e-05 
-1.389378e-05 
-1.389378e-05 
-1.389378e-05 
-1.389378e-05 
-1.389378e-05 
-1.389378e-05 
-1.389378e-05 
-1.389378e-05 
-1.389378e-05 
-1.389378e-05 
-1.389378e-05 
-1.389378e-05 
-1.389378e-05 
-1.389378e-05 
-1.389378e-05 
-1.389378e-05 
-1.375838e-05 
-1.354012e-05 
-1.329398e-05 
-1.300451e-05 
-1.265310e-05 
-1.221816e-05 
-1.167168e-05 
-1.097128e-05 
-1.009005e-05 
-9.001278e-06 
-7.652785e-06 
-5.968661e-06 
-3.843617e-06 
-1.131020e-06 
2.375516e-06 
6.969343e-06 
1.306967e-05 
2.127280e-05 
3.240637e-05 
4.754848e-05 
6.791977e-05 
9.453473e-05 
1.277011e-04 
1.668946e-04 
2.114488e-04 
2.616110e-04 
3.192395e-04 
3.877914e-04 
4.704346e-04 
5.621871e-04 
5.943090e-04 
5.943092e-04 
5.943092e-04 
5.943092e-04 
5.943092e-04 
5.943092e-04 
5.943092e-04 
5.943092e-04 
5.943092e-04 
5.943092e-04 
5.943092e-04 
5.943092e-04 
5.943092e-04 
5.943092e-04 
5.943092e-04 
5.943092e-04 
5.943092e-04 
5.943092e-04 
5.943092e-04 
5.943092e-04 
5.943092e-04 
5.943092e-04 
5.943092e-04 
5.943092e-04 
5.943092e-04 
5.943092e-04 
5.943092e-04 
5.943092e-04 
5.943092e-04 
5.943092e-04 
5.943092e-04 
5.943092e-04 
5.943092e-04 
5.943092e-04 
5.943092e-04 
5.943092e-04 
5.943092e-04 
5.943092e-04 
5.943092e-04 
5.943092e-04 
5.943092e-04 
5.943092e-04 
5.943092e-04 
5.943092e-04 
5.943092e-04 
5.943092e-04 
5.943092e-04 
5.943092e-04 
5.943092e-04 
5.943092e-04 
5.943092e-04 
5.943092e-04 
5.943092e-04 
5.943092e-04 
5.943092e-04 
5.943092e-04 
5.943092e-04 
5.943092e-04 
5.943092e-04 
5.943092e-04 
5.943092e-04 
5.943092e-04 
5.943092e-04 
6.104144e-04 
6.717483e-04 
7.430987e-04 
8.265941e-04 
9.250546e-04 
1.042118e-03 
1.182404e-03 
1.351605e-03 
1.556960e-03 
1.808602e-03 
2.120871e-03 
2.513782e-03 
3.015618e-03 
3.667226e-03 
4.529061e-03 
5.693053e-03 
7.303357e-03 
9.594120e-03 
1.296150e-02 
1.810828e-02 
2.635079e-02 
4.030484e-02 
6.544196e-02 
1.131110e-01 
2.014041e-01 
3.356353e-01 
4.891651e-01 
6.385749e-01 
7.749729e-01 
8.904966e-01 
9.543214e-01 
9.543234e-01 
9.543234e-01 
9.543234e-01 
9.543234e-01 
9.543234e-01 
9.543234e-01 
9.543234e-01 
9.543234e-01 
9.543234e-01 
9.543234e-01 
9.543234e-01 
9.543234e-01 
9.543234e-01 
9.543234e-01 
9.543234e-01 
9.543234e-01 
9.543234e-01 
9.543234e-01 
9.543234e-01 
9.543234e-01 
9.543234e-01 
9.543234e-01 
9.543234e-01 
9.543234e-01 
9.543234e-01 
9.543234e-01 
9.543234e-01 
9.543234e-01 
9.543234e-01 
9.543234e-01 
9.543234e-01 
9.543234e-01 
9.543234e-01 
9.543234e-01 
9.543234e-01 
9.543234e-01 
9.543234e-01 
9.543234e-01 
9.543234e-01 
9.543234e-01 
9.543234e-01 
9.543234e-01 
9.543234e-01 
9.543234e-01 
9.543234e-01 
9.543234e-01 
9.543234e-01 
9.543234e-01 
9.543234e-01 
9.543234e-01 
9.543234e-01 
9.543234e-01 
9.543234e-01 
9.543234e-01 
9.543234e-01 
9.543234e-01 
9.543234e-01 
9.543234e-01 
9.543234e-01 
9.543234e-01 
9.543234e-01 
9.543234e-01 
9.543234e-01 
9.543211e-01 
9.543173e-01 
9.543127e-01 
9.543076e-01 
9.543020e-01 
9.542958e-01 
9.542895e-01 
9.542832e-01 
9.542774e-01 
9.542724e-01 
9.542682e-01 
9.542647e-01 
9.542617e-01 
9.542592e-01 
9.542571e-01 
9.542553e-01 
9.542536e-01 
9.542522e-01 
9.542510e-01 
9.542498e-01 
9.542488e-01 
9.542479e-01 
9.542471e-01 
9.542463e-01 
9.542456e-01 
9.542450e-01 
9.542444e-01 
9.542438e-01 
9.542433e-01 
9.542429e-01 
9.542427e-01 
9.542427e-01 
9.542427e-01 
9.542427e-01 
9.542427e-01 
9.542427e-01 
9.542427e-01 
9.542427e-01 
9.542427e-01 
9.542427e-01 
9.542427e-01 
9.542427e-01 
9.542427e-01 
9.542427e-01 
9.542427e-01 
9.542427e-01 
9.542427e-01 
9.542427e-01 
9.542427e-01 
9.542427e-01 
9.542427e-01 
9.542427e-01 
9.542427e-01 
9.542427e-01 
9.542427e-01 
9.542427e-01 
9.542427e-01 
9.542427e-01 
9.542427e-01 
9.542427e-01 
9.542427e-01 
9.542427e-01 
9.542427e-01 
9.542427e-01 
9.542427e-01 
9.542427e-01 
9.542427e-01 
9.542427e-01 
9.542427e-01 
9.542427e-01 
9.542427e-01 
9.542427e-01 
9.542427e-01 
9.542427e-01 
9.542427e-01 
9.542427e-01 
9.542427e-01 
9.542427e-01 
9.542427e-01 
9.542427e-01 
9.542427e-01 
9.542427e-01 
9.542427e-01 
9.542427e-01 
9.542427e-01 
9.542427e-01 
9.542427e-01 
9.542427e-01 
9.542427e-01 
9.542427e-01 
9.542427e-01 
9.542427e-01 
9.542427e-01 
9.246338e-01 
8.204361e-01 
6.912033e-01 
5.428830e-01 
3.692766e-01 
1.573631e-01 
1.386777e-02 
7.054087e-04 
3.046902e-04 
1.776096e-04 
1.140058e-04 
7.801142e-05 
5.594389e-05 
4.160615e-05 
3.186523e-05 
2.500667e-05 
2.003361e-05 
1.633779e-05 
1.353317e-05 
1.136666e-05 
9.668021e-06 
8.320894e-06 
7.246234e-06 
6.390851e-06 
5.666968e-06 
4.961416e-06 
4.402245e-06 
3.943351e-06 
3.551722e-06 
3.208302e-06 
2.973098e-06 
2.972876e-06 
2.972876e-06 
2.972876e-06 
2.972876e-06 
2.972876e-06 
2.972876e-06 
2.972876e-06 
2.972876e-06 
2.972876e-06 
2.972876e-06 
2.972876e-06 
2.972876e-06 
2.972876e-06 
2.972876e-06 
2.972876e-06 
2.972876e-06 
2.972876e-06 
2.972876e-06 
2.972876e-06 
2.972876e-06 
2.972876e-06 
2.972876e-06 
2.972876e-06 
2.972876e-06 
2.972876e-06 
2.972876e-06 
2.972876e-06 
2.972876e-06 
2.972876e-06 
2.972876e-06 
2.972876e-06 
2.972876e-06 
2.972876e-06 
2.972876e-06 
2.972876e-06 
2.972876e-06 
2.972876e-06 
2.972876e-06 
2.972876e-06 
2.972876e-06 
2.972876e-06 
2.972876e-06 
2.972876e-06 
2.972876e-06 
2.972876e-06 
2.972876e-06 
2.972876e-06 
2.972876e-06 
2.972876e-06 
2.972876e-06 
2.972876e-06 
2.972876e-06 
2.972876e-06 
2.972876e-06 
2.972876e-06 
2.972876e-06 
2.972876e-06 
2.972876e-06 
2.972876e-06 
2.972876e-06 
2.972876e-06 
2.972876e-06 
2.972876e-06 
3.129006e-06 
3.363775e-06 
3.629654e-06 
3.932601e-06 
4.279904e-06 
4.680395e-06 
5.144794e-06 
5.686235e-06 
6.321698e-06 
7.074095e-06 
7.973773e-06 
9.061388e-06 
1.039243e-05 
1.204418e-05 
1.412678e-05 
1.680137e-05 
2.031081e-05 
2.503383e-05 
3.158403e-05 
4.099720e-05 
5.508796e-05 
7.707418e-05 
1.122142e-04 
1.662196e-04 
2.381118e-04 
3.186320e-04 
4.014611e-04 
4.847976e-04 
5.645371e-04 
6.291661e-04 
6.438108e-04 
6.438108e-04 
6.438108e-04 
6.438108e-04 
6.438108e-04 
6.438108e-04 
6.438108e-04 
6.438108e-04 
6.438108e-04 
6.438108e-04 
6.438108e-04 
6.438108e-04 
6.438108e-04 
6.438108e-04 
6.438108e-04 
6.438108e-04 
6.438108e-04 
6.438108e-04 
6.438108e-04 
6.438108e-04 
6.438108e-04 
6.438108e-04 
6.438108e-04 
6.438108e-04 
6.438108e-04 
6.438108e-04 
6.438108e-04 
6.438108e-04 
6.438108e-04 
6.438108e-04 
6.438108e-04 
6.438108e-04 
6.438108e-04 
6.438108e-04 
6.438108e-04 
6.438108e-04 
6.438108e-04 
6.438108e-04 
6.438108e-04 
6.438108e-04 
6.438108e-04 
6.438108e-04 
6.438108e-04 
6.438108e-04 
6.438108e-04 
6.438108e-04 
6.438108e-04 
6.438108e-04 
6.438108e-04 
6.438108e-04 
6.438108e-04 
6.438108e-04 
6.438108e-04 
6.438108e-04 
6.438108e-04 
6.438108e-04 
6.438108e-04 
6.438108e-04 
6.438108e-04 
6.438108e-04 
6.438108e-04 
6.438108e-04 
6.438108e-04 
6.649945e-04 
7.296162e-04 
8.037791e-04 
8.846331e-04 
9.332810e-04 
1.050912e-03 
1.192981e-03 
1.364399e-03 
1.572555e-03 
1.827831e-03 
2.144900e-03 
2.544244e-03 
3.054844e-03 
3.718623e-03 
4.597738e-03 
5.786894e-03 
7.434931e-03 
9.784238e-03 
1.324616e-02 
1.855295e-02 
2.708161e-02 
4.157951e-02 
6.780697e-02 
1.176396e-01 
2.092748e-01 
3.458962e-01 
4.996599e-01 
6.483853e-01 
7.836549e-01 
8.973229e-01 
9.543230e-01 
9.543234e-01 
9.543234e-01 
9.543234e-01 
9.543234e-01 
9.543234e-01 
9.543234e-01 
9.543234e-01 
9.543234e-01 
9.543234e-01 
9.543234e-01 
9.543234e-01 
9.543234e-01 
9.543234e-01 
9.543234e-01 
9.543234e-01 
9.543234e-01 
9.543234e-01 
9.543234e-01 
9.543234e-01 
9.543234e-01 
9.543234e-01 
9.543234e-01 
9.543234e-01 
9.543234e-01 
9.543234e-01 
9.543234e-01 
9.543234e-01 
9.543234e-01 
9.543234e-01 
9.543234e-01 
9.543234e-01 
9.543234e-01 
9.543234e-01 
9.543234e-01 
9.543234e-01 
9.543234e-01 
9.543234e-01 
9.543234e-01 
9.543234e-01 
9.543234e-01 
9.543234e-01 
9.543234e-01 
9.543234e-01 
9.543234e-01 
9.543234e-01 
9.543234e-01 
9.543234e-01 
9.543234e-01 
9.543234e-01 
9.543234e-01 
9.543234e-01 
9.543234e-01 
9.543234e-01 
9.543234e-01 
9.543234e-01 
9.543234e-01 
9.543234e-01 
9.543234e-01 
9.543234e-01 
9.543234e-01 
9.543234e-01 
9.543234e-01 
9.543234e-01 
9.543208e-01 
9.543170e-01 
9.543124e-01 
9.543073e-01 
9.543016e-01 
9.542954e-01 
9.542890e-01 
9.542827e-01 
9.542770e-01 
9.542721e-01 
9.542679e-01 
9.542645e-01 
9.542615e-01 
9.542591e-01 
9.542570e-01 
9.542551e-01 
9.542535e-01 
9.542521e-01 
9.542509e-01 
9.542498e-01 
9.542488e-01 
9.542478e-01 
9.542470e-01 
9.542463e-01 
9.542456e-01 
9.542449e-01 
9.542443e-01 
9.542438e-01 
9.542433e-01 
9.542428e-01 
9.542427e-01 
9.542427e-01 
9.542427e-01 
9.542427e-01 
9.542427e-01 
9.542427e-01 
9.542427e-01 
9.542427e-01 
9.542427e-01 
9.542427e-01 
9.542427e-01 
9.542427e-01 
9.542427e-01 
9.542427e-01 
9.542427e-01 
9.542427e-01 
9.542427e-01 
9.542427e-01 
9.542427e-01 
9.542427e-01 
9.542427e-01 
9.542427e-01 
9.542427e-01 
9.542427e-01 
9.542427e-01 
9.542427e-01 
9.542427e-01 
9.542427e-01 
9.542427e-01 
9.542427e-01 
9.542427e-01 
9.542427e-01 
9.542427e-01 
9.542427e-01 
9.542427e-01 
9.542427e-01 
9.542427e-01 
9.542427e-01 
9.542427e-01 
9.542427e-01 
9.542427e-01 
9.542427e-01 
9.542427e-01 
9.542427e-01 
9.542427e-01 
9.542427e-01 
9.542427e-01 
9.542427e-01 
9.542427e-01 
9.542427e-01 
9.542427e-01 
9.542427e-01 
9.542427e-01 
9.542427e-01 
9.542427e-01 
9.542427e-01 
9.542427e-01 
9.542427e-01 
9.542427e-01 
9.542427e-01 
9.542427e-01 
9.542427e-01 
9.542427e-01 
9.185899e-01 
8.122683e-01 
6.816692e-01 
5.319682e-01 
3.560599e-01 
1.425044e-01 
1.090704e-02 
6.420752e-04 
2.924008e-04 
1.718691e-04 
1.108897e-04 
7.615621e-05 
5.476489e-05 
4.081893e-05 
3.131862e-05 
2.461476e-05 
1.974494e-05 
1.612018e-05 
1.336573e-05 
1.123539e-05 
9.563267e-06 
8.235742e-06 
7.175443e-06 
6.329250e-06 
5.603582e-06 
4.905739e-06 
4.353699e-06 
3.898323e-06 
3.508610e-06 
3.165827e-06 
2.950481e-06 
2.950399e-06 
2.950399e-06 
2.950399e-06 
2.950399e-06 
2.950399e-06 
2.950399e-06 
2.950399e-06 
2.950399e-06 
2.950399e-06 
2.950399e-06 
2.950399e-06 
2.950399e-06 
2.950399e-06 
2.950399e-06 
2.950399e-06 
2.950399e-06 
2.950399e-06 
2.950399e-06 
2.950399e-06 
2.950399e-06 
2.950399e-06 
2.950399e-06 
2.950399e-06 
2.950399e-06 
2.950399e-06 
2.950399e-06 
2.950399e-06 
2.950399e-06 
2.950399e-06 
2.950399e-06 
2.950399e-06 
2.950399e-06 
2.950399e-06 
2.950399e-06 
2.950399e-06 
2.950399e-06 
2.950399e-06 
2.950399e-06 
2.950399e-06 
2.950399e-06 
2.950399e-06 
2.950399e-06 
2.950399e-06 
2.950399e-06 
2.950399e-06 
2.950399e-06 
2.950399e-06 
2.950399e-06 
2.950399e-06 
2.950399e-06 
2.950399e-06 
2.950399e-06 
2.950399e-06 
2.950399e-06 
2.950399e-06 
2.950399e-06 
2.950399e-06 
2.950399e-06 
2.950399e-06 
2.950399e-06 
2.950399e-06 
2.950399e-06 
2.950399e-06 
3.120616e-06 
3.355875e-06 
3.622448e-06 
3.926345e-06 
4.274921e-06 
4.677083e-06 
5.143662e-06 
5.687970e-06 
6.327250e-06 
7.084751e-06 
7.991293e-06 
9.088222e-06 
1.043205e-05 
1.210160e-05 
1.420942e-05 
1.692052e-05 
2.048416e-05 
2.529012e-05 
3.197184e-05 
4.160213e-05 
5.606585e-05 
7.870589e-05 
1.149297e-04 
1.703207e-04 
2.432142e-04 
3.241157e-04 
4.070933e-04 
4.904211e-04 
5.696044e-04 
6.326312e-04 
6.438097e-04 
6.438097e-04 
6.438097e-04 
6.438097e-04 
6.438097e-04 
6.438097e-04 
6.438097e-04 
6.438097e-04 
6.438097e-04 
6.438097e-04 
6.438097e-04 
6.438097e-04 
6.438097e-04 
6.438097e-04 
6.438097e-04 
6.438097e-04 
6.438097e-04 
6.438097e-04 
6.438097e-04 
6.438097e-04 
6.438097e-04 
6.438097e-04 
6.438097e-04 
6.438097e-04 
6.438097e-04 
6.438097e-04 
6.438097e-04 
6.438097e-04 
6.438097e-04 
6.438097e-04 
6.438097e-04 
6.438097e-04 
6.438097e-04 
6.438097e-04 
6.438097e-04 
6.438097e-04 
6.438097e-04 
6.438097e-04 
6.438097e-04 
6.438097e-04 
6.438097e-04 
6.438097e-04 
6.438097e-04 
6.438097e-04 
6.438097e-04 
6.438097e-04 
6.438097e-04 
6.438097e-04 
6.438097e-04 
6.438097e-04 
6.438097e-04 
6.438097e-04 
6.438097e-04 
6.438097e-04 
6.438097e-04 
6.438097e-04 
6.438097e-04 
6.438097e-04 
6.438097e-04 
6.438097e-04 
6.438097e-04 
6.438097e-04 
6.438097e-04 
6.691306e-04 
7.343703e-04 
8.092128e-04 
8.885521e-04 
9.402951e-04 
1.059816e-03 
1.203694e-03 
1.377364e-03 
1.588369e-03 
1.847347e-03 
2.169311e-03 
2.575221e-03 
3.094778e-03 
3.771015e-03 
4.667845e-03 
5.882847e-03 
7.569723e-03 
9.979441e-03 
1.353920e-02 
1.901219e-02 
2.783927e-02 
4.290668e-02 
7.027871e-02 
1.223680e-01 
2.173745e-01 
3.562305e-01 
5.101255e-01 
6.581332e-01 
7.922388e-01 
9.039829e-01 
9.543233e-01 
9.543234e-01 
9.543234e-01 
9.543234e-01 
9.543234e-01 
9.543234e-01 
9.543234e-01 
9.543234e-01 
9.543234e-01 
9.543234e-01 
9.543234e-01 
9.543234e-01 
9.543234e-01 
9.543234e-01 
9.543234e-01 
9.543234e-01 
9.543234e-01 
9.543234e-01 
9.543234e-01 
9.543234e-01 
9.543234e-01 
9.543234e-01 
9.543234e-01 
9.543234e-01 
9.543234e-01 
9.543234e-01 
9.543234e-01 
9.543234e-01 
9.543234e-01 
9.543234e-01 
9.543234e-01 
9.543234e-01 
9.543234e-01 
9.543234e-01 
9.543234e-01 
9.543234e-01 
9.543234e-01 
9.543234e-01 
9.543234e-01 
9.543234e-01 
9.543234e-01 
9.543234e-01 
9.543234e-01 
9.543234e-01 
9.543234e-01 
9.543234e-01 
9.543234e-01 
9.543234e-01 
9.543234e-01 
9.543234e-01 
9.543234e-01 
9.543234e-01 
9.543234e-01 
9.543234e-01 
9.543234e-01 
9.543234e-01 
9.543234e-01 
9.543234e-01 
9.543234e-01 
9.543234e-01 
9.543234e-01 
9.543234e-01 
9.543234e-01 
9.543234e-01 
9.543206e-01 
9.543167e-01 
9.543121e-01 
9.543069e-01 
9.543012e-01 
9.542950e-01 
9.542886e-01 
9.542823e-01 
9.542766e-01 
9.542718e-01 
9.542677e-01 
9.542642e-01 
9.542614e-01 
9.542589e-01 
9.542568e-01 
9.542550e-01 
9.542534e-01 
9.542520e-01 
9.542508e-01 
9.542497e-01 
9.542487e-01 
9.542478e-01 
9.542470e-01 
9.542462e-01 
9.542455e-01 
9.542449e-01 
9.542443e-01 
9.542437e-01 
9.542432e-01 
9.542427e-01 
9.542427e-01 
9.542427e-01 
9.542427e-01 
9.542427e-01 
9.542427e-01 
9.542427e-01 
9.542427e-01 
9.542427e-01 
9.542427e-01 
9.542427e-01 
9.542427e-01 
9.542427e-01 
9.542427e-01 
9.542427e-01 
9.542427e-01 
9.542427e-01 
9.542427e-01 
9.542427e-01 
9.542427e-01 
9.542427e-01 
9.542427e-01 
9.542427e-01 
9.542427e-01 
9.542427e-01 
9.542427e-01 
9.542427e-01 
9.542427e-01 
9.542427e-01 
9.542427e-01 
9.542427e-01 
9.542427e-01 
9.542427e-01 
9.542427e-01 
9.542427e-01 
9.542427e-01 
9.542427e-01 
9.542427e-01 
9.542427e-01 
9.542427e-01 
9.542427e-01 
9.542427e-01 
9.542427e-01 
9.542427e-01 
9.542427e-01 
9.542427e-01 
9.542427e-01 
9.542427e-01 
9.542427e-01 
9.542427e-01 
9.542427e-01 
9.542427e-01 
9.542427e-01 
9.542427e-01 
9.542427e-01 
9.542427e-01 
9.542427e-01 
9.542427e-01 
9.542427e-01 
9.542427e-01 
9.542427e-01 
9.542427e-01 
9.542427e-01 
9.542427e-01 
9.123631e-01 
8.039903e-01 
6.720457e-01 
5.209157e-01 
3.425412e-01 
1.276621e-01 
8.294617e-03 
5.043203e-04 
2.370677e-04 
1.404449e-04 
9.108364e-05 
6.280798e-05 
4.533127e-05 
3.391350e-05 
2.613024e-05 
2.064420e-05 
1.667447e-05 
1.374529e-05 
1.155910e-05 
9.930822e-06 
8.757405e-06 
8.018800e-06 
7.838895e-06 
8.724749e-06 
1.169984e-05 
1.500708e-05 
1.681164e-05 
1.786573e-05 
1.864563e-05 
1.932725e-05 
1.980596e-05 
1.980596e-05 
1.980596e-05 
1.980596e-05 
1.980596e-05 
1.980596e-05 
1.980596e-05 
1.980596e-05 
1.980596e-05 
1.980596e-05 
1.980596e-05 
1.980596e-05 
1.980596e-05 
1.980596e-05 
1.980596e-05 
1.980596e-05 
1.980596e-05 
1.980596e-05 
1.980596e-05 
1.980596e-05 
1.980596e-05 
1.980596e-05 
1.980596e-05 
1.980596e-05 
1.980596e-05 
1.980596e-05 
1.980596e-05 
1.980596e-05 
1.980596e-05 
1.980596e-05 
1.980596e-05 
1.980596e-05 
1.980596e-05 
1.980596e-05 
1.980596e-05 
1.980596e-05 
1.980596e-05 
1.980596e-05 
1.980596e-05 
1.980596e-05 
1.980596e-05 
1.980596e-05 
1.980596e-05 
1.980596e-05 
1.980596e-05 
1.980596e-05 
1.980596e-05 
1.980596e-05 
1.980596e-05 
1.980596e-05 
1.980596e-05 
1.980596e-05 
1.980596e-05 
1.980596e-05 
1.980596e-05 
1.980596e-05 
1.980596e-05 
1.980596e-05 
1.980596e-05 
1.980596e-05 
1.980596e-05 
1.980596e-05 
1.980596e-05 
1.980645e-05 
1.999768e-05 
2.024843e-05 
2.053121e-05 
2.084201e-05 
2.117612e-05 
2.152885e-05 
2.189049e-05 
2.224441e-05 
2.260124e-05 
2.297416e-05 
2.336460e-05 
2.376838e-05 
2.417566e-05 
2.456787e-05 
2.491179e-05 
2.514883e-05 
2.517551e-05 
2.480687e-05 
2.370588e-05 
2.124372e-05 
1.622052e-05 
6.330907e-06 
-1.264768e-05 
-4.698524e-05 
-1.012107e-04 
-1.722142e-04 
-2.542109e-04 
-3.468624e-04 
-4.523883e-04 
-5.623718e-04 
-5.796360e-04 
-5.796360e-04 
-5.796360e-04 
-5.796360e-04 
-5.796360e-04 
-5.796360e-04 
-5.796360e-04 
-5.796360e-04 
-5.796360e-04 
-5.796360e-04 
-5.796360e-04 
-5.796360e-04 
-5.796360e-04 
-5.796360e-04 
-5.796360e-04 
-5.796360e-04 
-5.796360e-04 
-5.796360e-04 
-5.796360e-04 
-5.796360e-04 
-5.796360e-04 
-5.796360e-04 
-5.796360e-04 
-5.796360e-04 
-5.796360e-04 
-5.796360e-04 
-5.796360e-04 
-5.796360e-04 
-5.796360e-04 
-5.796360e-04 
-5.796360e-04 
-5.796360e-04 
-5.796360e-04 
-5.796360e-04 
-5.796360e-04 
-5.796360e-04 
-5.796360e-04 
-5.796360e-04 
-5.796360e-04 
-5.796360e-04 
-5.796360e-04 
-5.796360e-04 
-5.796360e-04 
-5.796360e-04 
-5.796360e-04 
-5.796360e-04 
-5.796360e-04 
-5.796360e-04 
-5.796360e-04 
-5.796360e-04 
-5.796360e-04 
-5.796360e-04 
-5.796360e-04 
-5.796360e-04 
-5.796360e-04 
-5.796360e-04 
-5.796360e-04 
-5.796360e-04 
-5.796360e-04 
-5.796360e-04 
-5.796360e-04 
-5.796360e-04 
-5.796360e-04 
-6.069190e-04 
-6.687353e-04 
-7.407247e-04 
-8.251167e-04 
-9.248174e-04 
-1.043563e-03 
-1.186067e-03 
-1.358160e-03 
-1.567455e-03 
-1.824698e-03 
-2.144996e-03 
-2.549462e-03 
-3.068078e-03 
-3.744394e-03 
-4.643265e-03 
0.000000e+00 
0.000000e+00 
0.000000e+00 
0.000000e+00 
0.000000e+00 
0.000000e+00 
0.000000e+00 
0.000000e+00
#[#TRACE_DATA]
#[#TRACE]
