#[TRACE]
#data_labels=Output
#[TRACE_DATA]
3.107977e-05 
1.655406e-05 
1.655315e-05 
1.655315e-05 
1.655315e-05 
2.107094e-05 
-5.828007e-04 
-5.833315e-04 
-5.833315e-04 
-5.833315e-04 
-4.431709e-03 
-9.543227e-01 
-9.543232e-01 
-9.543232e-01 
-9.543232e-01 
-9.542540e-01 
-9.542419e-01 
-9.542419e-01 
-9.542419e-01 
-9.542419e-01 
3.684386e-05 
3.328233e-06 
3.328137e-06 
3.328137e-06 
3.328137e-06 
1.214375e-05 
6.441514e-04 
6.443482e-04 
6.443482e-04 
6.443482e-04 
4.619061e-03 
9.543231e-01 
9.543234e-01 
9.543234e-01 
9.543234e-01 
9.542582e-01 
9.542428e-01 
9.542428e-01 
9.542428e-01 
9.542428e-01 
3.950586e-05 
1.655425e-05 
1.655315e-05 
1.655315e-05 
1.655315e-05 
2.114700e-05 
-5.829550e-04 
-5.833315e-04 
-5.833315e-04 
-5.833315e-04 
-4.601320e-03 
-9.543229e-01 
-9.543232e-01 
-9.543232e-01 
-9.543232e-01 
-9.542537e-01 
-9.542419e-01 
-9.542419e-01 
-9.542419e-01 
-9.542419e-01 
3.562081e-05 
1.655428e-05 
1.655315e-05 
1.655315e-05 
1.655315e-05 
2.118477e-05 
-5.830149e-04 
-5.833315e-04 
-5.833315e-04 
-5.833315e-04 
-4.689442e-03 
-9.543230e-01 
-9.543232e-01 
-9.543232e-01 
-9.543232e-01 
-9.542536e-01 
-9.542419e-01 
-9.542419e-01 
-9.542419e-01 
-9.542419e-01 
3.499662e-05 
1.655428e-05 
1.655315e-05 
1.655315e-05 
1.655315e-05 
2.122236e-05 
-5.830654e-04 
-5.833315e-04 
-5.833315e-04 
-5.833315e-04 
-4.779871e-03 
-9.543230e-01 
-9.543232e-01 
-9.543232e-01 
-9.543232e-01 
-9.542535e-01 
-9.542419e-01 
-9.542419e-01 
-9.542419e-01 
-9.542419e-01 
3.436910e-05 
1.655425e-05 
1.655315e-05 
1.655315e-05 
1.655315e-05 
2.125973e-05 
-5.831080e-04 
-5.833315e-04 
-5.833315e-04 
-5.833315e-04 
-4.872682e-03 
-9.543231e-01 
-9.543232e-01 
-9.543232e-01 
-9.543232e-01 
-9.542534e-01 
-9.542419e-01 
-9.542419e-01 
-9.542419e-01 
-9.542419e-01 
3.374129e-05 
1.655420e-05 
1.655315e-05 
1.655315e-05 
1.655315e-05 
2.129687e-05 
-5.831440e-04 
-5.833315e-04 
-5.833315e-04 
-5.833315e-04 
-4.967954e-03 
-9.543231e-01 
-9.543232e-01 
-9.543232e-01 
-9.543232e-01 
-9.542533e-01 
-9.542419e-01 
-9.542419e-01 
-9.542419e-01 
-9.542419e-01 
3.311574e-05 
1.655415e-05 
1.655315e-05 
1.655315e-05 
1.655315e-05 
2.133375e-05 
-5.831742e-04 
-5.833315e-04 
-5.833315e-04 
-5.833315e-04 
-5.065768e-03 
-9.543231e-01 
-9.543232e-01 
-9.543232e-01 
-9.543232e-01 
-9.542531e-01 
-9.542419e-01 
-9.542419e-01 
-9.542419e-01 
-9.542419e-01 
3.249457e-05 
1.655408e-05 
1.655315e-05 
1.655315e-05 
1.655315e-05 
2.137034e-05 
-5.831997e-04 
-5.833315e-04 
-5.833315e-04 
-5.833315e-04 
-5.166208e-03 
-9.543231e-01 
-9.543232e-01 
-9.543232e-01 
-9.543232e-01 
-9.542530e-01 
-9.542419e-01 
-9.542419e-01 
-9.542419e-01 
-9.542419e-01 
3.187950e-05 
1.655401e-05 
1.655315e-05 
1.655315e-05 
1.655315e-05 
2.140662e-05 
-5.832211e-04 
-5.833315e-04 
-5.833315e-04 
-5.833315e-04 
-5.269363e-03 
-9.543231e-01 
-9.543232e-01 
-9.543232e-01 
-9.543232e-01 
-9.542529e-01 
-9.542419e-01 
-9.542419e-01 
-9.542419e-01 
-9.542419e-01 
3.127195e-05 
1.655394e-05 
1.655315e-05 
1.655315e-05 
1.655315e-05 
2.144256e-05 
-5.832391e-04 
-5.833315e-04 
-5.833315e-04 
-5.833315e-04 
-5.375325e-03 
-9.543232e-01 
-9.543232e-01 
-9.543232e-01 
-9.543232e-01 
-9.542528e-01 
-9.542419e-01 
-9.542419e-01 
-9.542419e-01 
-9.542419e-01 
3.067304e-05 
1.655388e-05 
1.655315e-05 
1.655315e-05 
1.655315e-05 
2.147813e-05 
-5.832542e-04 
-5.833315e-04 
-5.833315e-04 
-5.833315e-04 
-5.484189e-03 
-9.543232e-01 
-9.543232e-01 
-9.543232e-01 
-9.543232e-01 
-9.542527e-01 
-9.542419e-01 
-9.542419e-01 
-9.542419e-01 
-9.542419e-01 
3.008368e-05 
1.655381e-05 
1.655315e-05 
1.655315e-05 
1.655315e-05 
2.151330e-05 
-5.832669e-04 
-5.833315e-04 
-5.833315e-04 
-5.833315e-04 
-5.596053e-03 
-9.543232e-01 
-9.543232e-01 
-9.543232e-01 
-9.543232e-01 
-9.542526e-01 
-9.542419e-01 
-9.542419e-01 
-9.542419e-01 
-9.542419e-01 
2.950456e-05 
3.302821e-06 
3.302824e-06 
3.302824e-06 
3.302824e-06 
1.411023e-05 
6.443250e-04 
6.443470e-04 
6.443470e-04 
6.443470e-04 
5.838295e-03 
9.543234e-01 
9.543234e-01 
9.543234e-01 
9.543234e-01 
9.542561e-01 
9.542428e-01 
9.542428e-01 
9.542428e-01 
9.542428e-01 
2.941542e-05 
1.655369e-05 
1.655315e-05 
1.655315e-05 
1.655315e-05 
2.158231e-05 
-5.832864e-04 
-5.833315e-04 
-5.833315e-04 
-5.833315e-04 
-5.829201e-03 
-9.543232e-01 
-9.543232e-01 
-9.543232e-01 
-9.543232e-01 
-9.542523e-01 
-9.542419e-01 
-9.542419e-01 
-9.542419e-01 
-9.542419e-01 
2.837909e-05 
3.302820e-06 
3.302824e-06 
3.302824e-06 
3.302824e-06 
1.450196e-05 
6.443318e-04 
6.443470e-04 
6.443470e-04 
6.443470e-04 
6.082605e-03 
9.543234e-01 
9.543234e-01 
9.543234e-01 
9.543234e-01 
9.542558e-01 
9.542428e-01 
9.542428e-01 
9.542428e-01 
9.542428e-01 
2.817902e-05 
1.655358e-05 
1.655315e-05 
1.655315e-05 
1.655315e-05 
2.164933e-05 
-5.833001e-04 
-5.833315e-04 
-5.833315e-04 
-5.833315e-04 
-6.075646e-03 
-9.543232e-01 
-9.543232e-01 
-9.543232e-01 
-9.543232e-01 
-9.542521e-01 
-9.542419e-01 
-9.542419e-01 
-9.542419e-01 
-9.542419e-01 
2.729932e-05 
1.655353e-05 
1.655315e-05 
1.655315e-05 
1.655315e-05 
2.168199e-05 
-5.833053e-04 
-5.833315e-04 
-5.833315e-04 
-5.833315e-04 
-6.204150e-03 
-9.543232e-01 
-9.543232e-01 
-9.543232e-01 
-9.543232e-01 
-9.542520e-01 
-9.542419e-01 
-9.542419e-01 
-9.542419e-01 
-9.542419e-01 
2.677694e-05 
1.655349e-05 
1.655315e-05 
1.655315e-05 
1.655315e-05 
2.171404e-05 
-5.833097e-04 
-5.833315e-04 
-5.833315e-04 
-5.833315e-04 
-6.336341e-03 
-9.543232e-01 
-9.543232e-01 
-9.543232e-01 
-9.543232e-01 
-9.542519e-01 
-9.542419e-01 
-9.542419e-01 
-9.542419e-01 
-9.542419e-01 
2.626626e-05 
3.302820e-06 
3.302824e-06 
3.302824e-06 
3.302824e-06 
1.533705e-05 
6.443399e-04 
6.443470e-04 
6.443470e-04 
6.443470e-04 
6.614203e-03 
9.543234e-01 
9.543234e-01 
9.543234e-01 
9.543234e-01 
9.542552e-01 
9.542428e-01 
9.542428e-01 
9.542428e-01 
9.542428e-01 
2.594612e-05 
1.655341e-05 
1.655315e-05 
1.655315e-05 
1.655315e-05 
2.177612e-05 
-5.833164e-04 
-5.833315e-04 
-5.833315e-04 
-5.833315e-04 
-6.612318e-03 
-9.543232e-01 
-9.543232e-01 
-9.543232e-01 
-9.543232e-01 
-9.542517e-01 
-9.542419e-01 
-9.542419e-01 
-9.542419e-01 
-9.542419e-01 
2.527988e-05 
3.302821e-06 
3.302824e-06 
3.302824e-06 
3.302824e-06 
1.578240e-05 
6.443421e-04 
6.443470e-04 
6.443470e-04 
6.443470e-04 
6.903590e-03 
9.543234e-01 
9.543234e-01 
9.543234e-01 
9.543234e-01 
9.542549e-01 
9.542428e-01 
9.542428e-01 
9.542428e-01 
9.542428e-01 
2.493224e-05 
1.655335e-05 
1.655315e-05 
1.655315e-05 
1.655315e-05 
2.183519e-05 
-5.833210e-04 
-5.833315e-04 
-5.833315e-04 
-5.833315e-04 
-6.904701e-03 
-9.543232e-01 
-9.543232e-01 
-9.543232e-01 
-9.543232e-01 
-9.542515e-01 
-9.542419e-01 
-9.542419e-01 
-9.542419e-01 
-9.542419e-01 
2.433931e-05 
1.655333e-05 
1.655315e-05 
1.655315e-05 
1.655315e-05 
2.186347e-05 
-5.833228e-04 
-5.833315e-04 
-5.833315e-04 
-5.833315e-04 
-7.057423e-03 
-9.543232e-01 
-9.543232e-01 
-9.543232e-01 
-9.543232e-01 
-9.542514e-01 
-9.542419e-01 
-9.542419e-01 
-9.542419e-01 
-9.542419e-01 
2.388578e-05 
1.655330e-05 
1.655315e-05 
1.655315e-05 
1.655315e-05 
2.189085e-05 
-5.833242e-04 
-5.833315e-04 
-5.833315e-04 
-5.833315e-04 
-7.214714e-03 
-9.543232e-01 
-9.543232e-01 
-9.543232e-01 
-9.543232e-01 
-9.542513e-01 
-9.542419e-01 
-9.542419e-01 
-9.542419e-01 
-9.542419e-01 
2.344316e-05 
1.655328e-05 
1.655315e-05 
1.655315e-05 
1.655315e-05 
2.191727e-05 
-5.833255e-04 
-5.833315e-04 
-5.833315e-04 
-5.833315e-04 
-7.376742e-03 
-9.543232e-01 
-9.543232e-01 
-9.543232e-01 
-9.543232e-01 
-9.542512e-01 
-9.542419e-01 
-9.542419e-01 
-9.542419e-01 
-9.542419e-01 
2.301123e-05 
1.655327e-05 
1.655315e-05 
1.655315e-05 
1.655315e-05 
2.194266e-05 
-5.833265e-04 
-5.833315e-04 
-5.833315e-04 
-5.833315e-04 
-7.543687e-03 
-9.543232e-01 
-9.543232e-01 
-9.543232e-01 
-9.543232e-01 
-9.542511e-01 
-9.542419e-01 
-9.542419e-01 
-9.542419e-01 
-9.542419e-01 
2.258973e-05 
3.328134e-06 
3.328137e-06 
3.328137e-06 
3.328137e-06 
1.734446e-05 
6.443467e-04 
6.443482e-04 
6.443482e-04 
6.443482e-04 
7.880700e-03 
9.543234e-01 
9.543234e-01 
9.543234e-01 
9.543234e-01 
9.542541e-01 
9.542428e-01 
9.542428e-01 
9.542428e-01 
9.542428e-01 
2.222539e-05 
1.655324e-05 
1.655315e-05 
1.655315e-05 
1.655315e-05 
2.199013e-05 
-5.833280e-04 
-5.833315e-04 
-5.833315e-04 
-5.833315e-04 
-7.893074e-03 
-9.543232e-01 
-9.543232e-01 
-9.543232e-01 
-9.543232e-01 
-9.542509e-01 
-9.542419e-01 
-9.542419e-01 
-9.542419e-01 
-9.542419e-01 
2.177721e-05 
3.328135e-06 
3.328137e-06 
3.328137e-06 
3.328137e-06 
1.787977e-05 
6.443472e-04 
6.443482e-04 
6.443482e-04 
6.443482e-04 
8.247431e-03 
9.543234e-01 
9.543234e-01 
9.543234e-01 
9.543234e-01 
9.542538e-01 
9.542428e-01 
9.542428e-01 
9.542428e-01 
9.542428e-01 
2.141910e-05 
1.655322e-05 
1.655315e-05 
1.655315e-05 
1.655315e-05 
2.203271e-05 
-5.833291e-04 
-5.833315e-04 
-5.833315e-04 
-5.833315e-04 
-8.264461e-03 
-9.543232e-01 
-9.543232e-01 
-9.543232e-01 
-9.543232e-01 
-9.542507e-01 
-9.542419e-01 
-9.542419e-01 
-9.542419e-01 
-9.542419e-01 
2.100361e-05 
3.302823e-06 
3.302824e-06 
3.302824e-06 
3.302824e-06 
1.833413e-05 
6.443463e-04 
6.443470e-04 
6.443470e-04 
6.443470e-04 
8.637357e-03 
9.543234e-01 
9.543234e-01 
9.543234e-01 
9.543234e-01 
9.542535e-01 
9.542428e-01 
9.542428e-01 
9.542428e-01 
9.542428e-01 
2.065459e-05 
1.655320e-05 
1.655315e-05 
1.655315e-05 
1.655315e-05 
2.206980e-05 
-5.833298e-04 
-5.833315e-04 
-5.833315e-04 
-5.833315e-04 
-8.659582e-03 
-9.543232e-01 
-9.543232e-01 
-9.543232e-01 
-9.543232e-01 
-9.542505e-01 
-9.542419e-01 
-9.542419e-01 
-9.542419e-01 
-9.542419e-01 
2.026697e-05 
3.328136e-06 
3.328137e-06 
3.328137e-06 
3.328137e-06 
1.902818e-05 
6.443477e-04 
6.443482e-04 
6.443482e-04 
6.443482e-04 
9.052318e-03 
9.543234e-01 
9.543234e-01 
9.543234e-01 
9.543234e-01 
9.542533e-01 
9.542428e-01 
9.542428e-01 
9.542428e-01 
9.542428e-01 
1.992881e-05 
1.655319e-05 
1.655315e-05 
1.655315e-05 
1.655315e-05 
2.210076e-05 
-5.833304e-04 
-5.833315e-04 
-5.833315e-04 
-5.833315e-04 
-9.080335e-03 
-9.543232e-01 
-9.543232e-01 
-9.543232e-01 
-9.543232e-01 
-9.542503e-01 
-9.542419e-01 
-9.542419e-01 
-9.542419e-01 
-9.542419e-01 
1.956531e-05 
-9.931837e-06 
-9.931805e-06 
-9.931805e-06 
-9.931805e-06 
1.554784e-05 
5.989959e-04 
5.989965e-04 
5.989965e-04 
5.989965e-04 
9.494321e-03 
9.543234e-01 
9.543234e-01 
9.543234e-01 
9.543234e-01 
9.542530e-01 
9.542428e-01 
9.542428e-01 
9.542428e-01 
9.542428e-01 
1.923906e-05 
1.655318e-05 
1.655315e-05 
1.655315e-05 
1.655315e-05 
2.212485e-05 
-5.833307e-04 
-5.833315e-04 
-5.833315e-04 
-5.833315e-04 
-9.528802e-03 
-9.543232e-01 
-9.543232e-01 
-9.543232e-01 
-9.543232e-01 
-9.542501e-01 
-9.542419e-01 
-9.542419e-01 
-9.542419e-01 
-9.542419e-01 
1.889685e-05 
1.655317e-05 
1.655315e-05 
1.655315e-05 
1.655315e-05 
2.213408e-05 
-5.833308e-04 
-5.833315e-04 
-5.833315e-04 
-5.833315e-04 
-9.764132e-03 
-9.543232e-01 
-9.543232e-01 
-9.543232e-01 
-9.543232e-01 
-9.542501e-01 
-9.542419e-01 
-9.542419e-01 
-9.542419e-01 
-9.542419e-01 
1.857444e-05 
1.655317e-05 
1.655315e-05 
1.655315e-05 
1.655315e-05 
2.214128e-05 
-5.833310e-04 
-5.833315e-04 
-5.833315e-04 
-5.833315e-04 
-1.000726e-02 
-9.543232e-01 
-9.543232e-01 
-9.543232e-01 
-9.543232e-01 
-9.542500e-01 
-9.542419e-01 
-9.542419e-01 
-9.542419e-01 
-9.542419e-01 
1.825962e-05 
1.655317e-05 
1.655315e-05 
1.655315e-05 
1.655315e-05 
2.214634e-05 
-5.833310e-04 
-5.833315e-04 
-5.833315e-04 
-5.833315e-04 
-1.025852e-02 
-9.543232e-01 
-9.543232e-01 
-9.543232e-01 
-9.543232e-01 
-9.542499e-01 
-9.542419e-01 
-9.542419e-01 
-9.542419e-01 
-9.542419e-01 
1.795220e-05 
1.655316e-05 
1.655315e-05 
1.655315e-05 
1.655315e-05 
2.214916e-05 
-5.833311e-04 
-5.833315e-04 
-5.833315e-04 
-5.833315e-04 
-1.051823e-02 
-9.543232e-01 
-9.543232e-01 
-9.543232e-01 
-9.543232e-01 
-9.542498e-01 
-9.542419e-01 
-9.542419e-01 
-9.542419e-01 
-9.542419e-01 
1.765196e-05 
1.655316e-05 
1.655315e-05 
1.655315e-05 
1.655315e-05 
2.214959e-05 
-5.833312e-04 
-5.833315e-04 
-5.833315e-04 
-5.833315e-04 
-1.078675e-02 
-9.543232e-01 
-9.543232e-01 
-9.543232e-01 
-9.543232e-01 
-9.542497e-01 
-9.542419e-01 
-9.542419e-01 
-9.542419e-01 
-9.542419e-01 
1.735869e-05 
1.655316e-05 
1.655315e-05 
1.655315e-05 
1.655315e-05 
2.214751e-05 
-5.833312e-04 
-5.833315e-04 
-5.833315e-04 
-5.833315e-04 
-1.106446e-02 
-9.543232e-01 
-9.543232e-01 
-9.543232e-01 
-9.543232e-01 
-9.542496e-01 
-9.542419e-01 
-9.542419e-01 
-9.542419e-01 
-9.541581e-01 
1.707220e-05 
1.655316e-05 
1.655315e-05 
1.655315e-05 
1.655315e-05 
2.214278e-05 
-5.833313e-04 
-5.833315e-04 
-5.833315e-04 
-5.834689e-04 
-1.135173e-02 
-9.543232e-01 
-9.543232e-01 
-9.543232e-01 
-9.543232e-01 
-9.542495e-01 
-9.542419e-01 
-9.542419e-01 
-9.542419e-01 
-9.529843e-01 
1.679230e-05 
1.655316e-05 
1.655315e-05 
1.655315e-05 
1.655321e-05 
2.213526e-05 
-5.833313e-04 
-5.833315e-04 
-5.833315e-04 
-5.839786e-04 
-1.164898e-02 
-9.543232e-01 
-9.543232e-01 
-9.543232e-01 
-9.543232e-01 
-9.542494e-01 
-9.542419e-01 
-9.542419e-01 
-9.542419e-01 
-9.506029e-01 
1.651876e-05 
3.302824e-06 
3.302824e-06 
3.302824e-06 
3.302972e-06 
2.309955e-05 
6.443469e-04 
6.443470e-04 
6.443470e-04 
6.460400e-04 
1.219529e-02 
9.543234e-01 
9.543234e-01 
9.543234e-01 
9.543234e-01 
9.542519e-01 
9.542428e-01 
9.542428e-01 
9.542428e-01 
9.472486e-01 
1.625364e-05 
1.655316e-05 
1.655315e-05 
1.655315e-05 
1.655394e-05 
2.211122e-05 
-5.833314e-04 
-5.833315e-04 
-5.833315e-04 
-5.860914e-04 
-1.227517e-02 
-9.543232e-01 
-9.543232e-01 
-9.543232e-01 
-9.543231e-01 
-9.542493e-01 
-9.542419e-01 
-9.542419e-01 
-9.542419e-01 
-9.430533e-01 
1.599026e-05 
3.302824e-06 
3.302824e-06 
3.302824e-06 
3.303821e-06 
2.392914e-05 
6.443469e-04 
6.443470e-04 
6.443470e-04 
6.491349e-04 
1.285435e-02 
9.543234e-01 
9.543234e-01 
9.543234e-01 
9.543233e-01 
9.542516e-01 
9.542428e-01 
9.542428e-01 
9.542428e-01 
9.381647e-01 
1.573644e-05 
1.655315e-05 
1.655315e-05 
1.655315e-05 
1.655615e-05 
2.207406e-05 
-5.833314e-04 
-5.833315e-04 
-5.833315e-04 
-5.895466e-04 
-1.294671e-02 
-9.543232e-01 
-9.543232e-01 
-9.543232e-01 
-9.543229e-01 
-9.542491e-01 
-9.542419e-01 
-9.542419e-01 
-9.542419e-01 
-9.326632e-01 
1.548534e-05 
1.655315e-05 
1.655315e-05 
1.655315e-05 
1.655800e-05 
2.205011e-05 
-5.833314e-04 
-5.833315e-04 
-5.833315e-04 
-5.917396e-04 
-1.330075e-02 
-9.543232e-01 
-9.543232e-01 
-9.543232e-01 
-9.543228e-01 
-9.542490e-01 
-9.542419e-01 
-9.542419e-01 
-9.542419e-01 
-9.266429e-01 
1.524126e-05 
1.655315e-05 
1.655315e-05 
1.655315e-05 
1.656048e-05 
2.202233e-05 
-5.833314e-04 
-5.833315e-04 
-5.833315e-04 
-5.942119e-04 
-1.366771e-02 
-9.543232e-01 
-9.543232e-01 
-9.543232e-01 
-9.543226e-01 
-9.542489e-01 
-9.542419e-01 
-9.542419e-01 
-9.542419e-01 
-9.201579e-01 
1.500253e-05 
3.302824e-06 
3.302824e-06 
3.302824e-06 
3.310299e-06 
2.572702e-05 
6.443469e-04 
6.443470e-04 
6.443470e-04 
6.594034e-04 
1.432077e-02 
9.543234e-01 
9.543234e-01 
9.543234e-01 
9.543228e-01 
9.542512e-01 
9.542428e-01 
9.542428e-01 
9.542428e-01 
9.132693e-01 
1.476991e-05 
1.655315e-05 
1.655315e-05 
1.655315e-05 
1.656745e-05 
2.195442e-05 
-5.833314e-04 
-5.833315e-04 
-5.833315e-04 
-5.999515e-04 
-1.444270e-02 
-9.543232e-01 
-9.543232e-01 
-9.543232e-01 
-9.543223e-01 
-9.542488e-01 
-9.542419e-01 
-9.542419e-01 
-9.542419e-01 
-9.060093e-01 
1.454080e-05 
3.302824e-06 
3.302824e-06 
3.302824e-06 
3.317130e-06 
2.670205e-05 
6.443469e-04 
6.443470e-04 
6.443470e-04 
6.662707e-04 
1.513733e-02 
9.543234e-01 
9.543234e-01 
9.543234e-01 
9.543224e-01 
9.542510e-01 
9.542428e-01 
9.542428e-01 
9.542428e-01 
8.984258e-01 
1.431805e-05 
1.655315e-05 
1.655315e-05 
1.655315e-05 
1.657743e-05 
2.186853e-05 
-5.833315e-04 
-5.833315e-04 
-5.833315e-04 
-6.066324e-04 
-1.527673e-02 
-9.543232e-01 
-9.543232e-01 
-9.543232e-01 
-9.543218e-01 
-9.542486e-01 
-9.542419e-01 
-9.542419e-01 
-9.542419e-01 
-8.905372e-01 
1.409905e-05 
1.655315e-05 
1.655315e-05 
1.655315e-05 
1.658361e-05 
2.181823e-05 
-5.833315e-04 
-5.833315e-04 
-5.833315e-04 
-6.102886e-04 
-1.571761e-02 
-9.543232e-01 
-9.543232e-01 
-9.543232e-01 
-9.543216e-01 
-9.542486e-01 
-9.542419e-01 
-9.542419e-01 
-9.542419e-01 
-8.823791e-01 
1.388526e-05 
1.655315e-05 
1.655315e-05 
1.655315e-05 
1.659062e-05 
2.176268e-05 
-5.833315e-04 
-5.833315e-04 
-5.833315e-04 
-6.141316e-04 
-1.617539e-02 
-9.543232e-01 
-9.543232e-01 
-9.543232e-01 
-9.543213e-01 
-9.542485e-01 
-9.542419e-01 
-9.542419e-01 
-9.542419e-01 
-8.739696e-01 
1.367605e-05 
1.655315e-05 
1.655315e-05 
1.655315e-05 
1.659843e-05 
2.170160e-05 
-5.833315e-04 
-5.833315e-04 
-5.833315e-04 
-6.181549e-04 
-1.665087e-02 
-9.543232e-01 
-9.543232e-01 
-9.543232e-01 
-9.543210e-01 
-9.542484e-01 
-9.542419e-01 
-9.542419e-01 
-9.542419e-01 
-8.653300e-01 
1.347129e-05 
1.655315e-05 
1.655315e-05 
1.655315e-05 
1.660707e-05 
2.163468e-05 
-5.833315e-04 
-5.833315e-04 
-5.833315e-04 
-6.223404e-04 
-1.714491e-02 
-9.543232e-01 
-9.543232e-01 
-9.543232e-01 
-9.543207e-01 
-9.542483e-01 
-9.542419e-01 
-9.542419e-01 
-9.542419e-01 
-8.564767e-01 
1.327079e-05 
3.328137e-06 
3.328137e-06 
3.328137e-06 
3.381999e-06 
3.013602e-05 
6.443482e-04 
6.443482e-04 
6.443482e-04 
6.921074e-04 
1.798673e-02 
9.543234e-01 
9.543234e-01 
9.543234e-01 
9.543210e-01 
9.542504e-01 
9.542428e-01 
9.542428e-01 
9.542428e-01 
8.474309e-01 
1.307486e-05 
1.655315e-05 
1.655315e-05 
1.655315e-05 
1.662667e-05 
2.148209e-05 
-5.833315e-04 
-5.833315e-04 
-5.833315e-04 
-6.311669e-04 
-1.819223e-02 
-9.543232e-01 
-9.543232e-01 
-9.543232e-01 
-9.543201e-01 
-9.542482e-01 
-9.542419e-01 
-9.542419e-01 
-9.542419e-01 
-8.381914e-01 
1.288251e-05 
3.328137e-06 
3.328137e-06 
3.328137e-06 
3.401702e-06 
3.136558e-05 
6.443482e-04 
6.443482e-04 
6.443482e-04 
7.020841e-04 
1.909197e-02 
9.543234e-01 
9.543234e-01 
9.543234e-01 
9.543205e-01 
9.542502e-01 
9.542428e-01 
9.542428e-01 
9.542428e-01 
8.287923e-01 
1.269466e-05 
1.655315e-05 
1.655315e-05 
1.655315e-05 
1.664921e-05 
2.130219e-05 
-5.833315e-04 
-5.833315e-04 
-5.833315e-04 
-6.405362e-04 
-1.932511e-02 
-9.543232e-01 
-9.543232e-01 
-9.543232e-01 
-9.543194e-01 
-9.542480e-01 
-9.542419e-01 
-9.542419e-01 
-9.542419e-01 
-8.192211e-01 
1.251024e-05 
3.302824e-06 
3.302824e-06 
3.302824e-06 
3.398485e-06 
3.250243e-05 
6.443470e-04 
6.443470e-04 
6.443470e-04 
7.125995e-04 
2.028801e-02 
9.543234e-01 
9.543234e-01 
9.543234e-01 
9.543199e-01 
9.542500e-01 
9.542428e-01 
9.542428e-01 
9.542428e-01 
8.095154e-01
#[#TRACE_DATA]
#[#TRACE]
