#[TRACE]
#data_labels=Output
#[TRACE_DATA]
-5.058047e-03 
-6.323077e-03 
-8.292599e-03 
-1.116221e-02 
-1.549949e-02 
-2.234963e-02 
-3.375361e-02 
-5.393369e-02 
-9.184335e-02 
-1.641022e-01 
-2.846179e-01 
-4.356033e-01 
-5.881191e-01 
-7.298418e-01 
-8.538515e-01 
-9.485806e-01 
-9.542486e-01 
-9.542486e-01 
-9.542486e-01 
-9.542486e-01 
-9.542486e-01 
-9.542486e-01 
-9.542486e-01 
-9.542486e-01 
-9.542486e-01 
-9.542486e-01 
-9.542486e-01 
-9.542486e-01 
-9.542486e-01 
-9.542486e-01 
-9.542486e-01 
-9.542486e-01 
-9.542486e-01 
-9.542486e-01 
-9.542486e-01 
-9.542486e-01 
-9.542486e-01 
-9.542486e-01 
-9.542486e-01 
-9.542486e-01 
-9.542486e-01 
-9.542486e-01 
-9.542486e-01 
-9.542486e-01 
-9.542486e-01 
-9.542486e-01 
-9.542486e-01 
-9.542486e-01 
-9.542486e-01 
-9.542486e-01 
-9.542486e-01 
-9.542486e-01 
-9.542486e-01 
-9.542486e-01 
-9.542486e-01 
-9.542486e-01 
-9.542486e-01 
-9.542486e-01 
-9.542486e-01 
-9.542486e-01 
-9.542486e-01 
-9.542486e-01 
-9.542486e-01 
-9.542486e-01 
-9.542486e-01 
-9.542486e-01 
-9.542486e-01 
-9.542486e-01 
-9.542486e-01 
-9.542486e-01 
-9.542486e-01 
-9.542486e-01 
-9.542486e-01 
-9.542486e-01 
-9.542486e-01 
-9.542486e-01 
-9.542486e-01 
-9.542486e-01 
-9.542486e-01 
-9.542484e-01 
-9.542479e-01 
-9.542472e-01 
-9.542463e-01 
-9.542450e-01 
-9.542431e-01 
-9.542407e-01 
-9.542396e-01 
-9.542389e-01 
-9.542382e-01 
-9.542377e-01 
-9.542372e-01 
-9.542367e-01 
-9.542363e-01 
-9.542360e-01 
-9.542356e-01 
-9.542353e-01 
-9.542350e-01 
-9.542348e-01 
-9.542346e-01 
-9.542343e-01 
-9.542341e-01 
-9.542339e-01 
-9.542338e-01 
-9.542336e-01 
-9.542335e-01 
-9.542333e-01 
-9.542332e-01 
-9.542330e-01 
-9.542329e-01 
-9.542329e-01 
-9.542329e-01 
-9.542329e-01 
-9.542329e-01 
-9.542329e-01 
-9.542329e-01 
-9.542329e-01 
-9.542329e-01 
-9.542329e-01 
-9.542329e-01 
-9.542329e-01 
-9.542329e-01 
-9.542329e-01 
-9.542329e-01 
-9.542329e-01 
-9.542329e-01 
-9.542329e-01 
-9.542329e-01 
-9.542329e-01 
-9.542329e-01 
-9.542329e-01 
-9.542329e-01 
-9.542329e-01 
-9.542329e-01 
-9.542329e-01 
-9.542329e-01 
-9.542329e-01 
-9.542329e-01 
-9.542329e-01 
-9.542329e-01 
-9.542329e-01 
-9.542329e-01 
-9.542329e-01 
-9.542329e-01 
-9.542329e-01 
-9.542329e-01 
-9.542329e-01 
-9.542329e-01 
-9.542329e-01 
-9.542329e-01 
-9.542329e-01 
-9.542329e-01 
-9.542329e-01 
-9.542329e-01 
-9.542329e-01 
-9.542329e-01 
-9.542329e-01 
-9.542329e-01 
-9.542329e-01 
-9.542329e-01 
-9.542329e-01 
-9.542329e-01 
-9.542329e-01 
-9.542329e-01 
-9.542329e-01 
-9.542329e-01 
-9.542329e-01 
-9.542329e-01 
-9.542329e-01 
-9.542329e-01 
-9.542329e-01 
-9.542329e-01 
-9.542329e-01 
-9.513984e-01 
-8.594724e-01 
-7.375341e-01 
-5.956685e-01 
-4.317825e-01 
-2.306073e-01 
-3.593699e-02 
3.558918e-04 
4.055816e-04 
2.273769e-04 
1.426617e-04 
9.625153e-05 
6.841739e-05 
5.063349e-05 
3.872378e-05 
3.045677e-05 
2.456137e-05 
2.027903e-05 
1.714410e-05 
1.487147e-05 
1.330095e-05 
1.237719e-05 
1.215390e-05 
1.277135e-05 
1.419500e-05 
1.581501e-05 
1.705426e-05 
1.791140e-05 
1.858395e-05 
1.920656e-05 
1.969368e-05 
1.989006e-05 
1.989006e-05 
1.989006e-05 
1.989006e-05 
1.989006e-05 
1.989006e-05 
1.989006e-05 
1.989006e-05 
1.989006e-05 
1.989006e-05 
1.989006e-05 
1.989006e-05 
1.989006e-05 
1.989006e-05 
1.989006e-05 
1.989006e-05 
1.989006e-05 
1.989006e-05 
1.989006e-05 
1.989006e-05 
1.989006e-05 
1.989006e-05 
1.989006e-05 
1.989006e-05 
1.989006e-05 
1.989006e-05 
1.989006e-05 
1.989006e-05 
1.989006e-05 
1.989006e-05 
1.989006e-05 
1.989006e-05 
1.989006e-05 
1.989006e-05 
1.989006e-05 
1.989006e-05 
1.989006e-05 
1.989006e-05 
1.989006e-05 
1.989006e-05 
1.989006e-05 
1.989006e-05 
1.989006e-05 
1.989006e-05 
1.989006e-05 
1.989006e-05 
1.989006e-05 
1.989006e-05 
1.989006e-05 
1.989006e-05 
1.989006e-05 
1.989006e-05 
1.989006e-05 
1.989006e-05 
1.989006e-05 
1.989006e-05 
1.989006e-05 
1.989006e-05 
1.989006e-05 
1.989006e-05 
1.989006e-05 
1.989006e-05 
1.989006e-05 
1.995514e-05 
2.012771e-05 
2.031309e-05 
2.051229e-05 
2.072629e-05 
2.095609e-05 
2.120266e-05 
2.146701e-05 
2.175012e-05 
2.205215e-05 
2.237180e-05 
2.270572e-05 
2.304725e-05 
2.338420e-05 
2.369488e-05 
2.394127e-05 
2.405685e-05 
2.392396e-05 
2.333109e-05 
2.188928e-05 
1.886553e-05 
1.285386e-05 
1.192053e-06 
-2.063833e-05 
-5.782207e-05 
-1.110468e-04 
-1.752334e-04 
-2.474184e-04 
-3.291692e-04 
-4.198183e-04 
-4.777483e-04 
-4.777716e-04 
-4.777716e-04 
-4.777716e-04 
-4.777716e-04 
-4.777716e-04 
-4.777716e-04 
-4.777716e-04 
-4.777716e-04 
-4.777716e-04 
-4.777716e-04 
-4.777716e-04 
-4.777716e-04 
-4.777716e-04 
-4.777716e-04 
-4.777716e-04 
-4.777716e-04 
-4.777716e-04 
-4.777716e-04 
-4.777716e-04 
-4.777716e-04 
-4.777716e-04 
-4.777716e-04 
-4.777716e-04 
-4.777716e-04 
-4.777716e-04 
-4.777716e-04 
-4.777716e-04 
-4.777716e-04 
-4.777716e-04 
-4.777716e-04 
-4.777716e-04 
-4.777716e-04 
-4.777716e-04 
-4.777716e-04 
-4.777716e-04 
-4.777716e-04 
-4.777716e-04 
-4.777716e-04 
-4.777716e-04 
-4.777716e-04 
-4.777716e-04 
-4.777716e-04 
-4.777716e-04 
-4.777716e-04 
-4.777716e-04 
-4.777716e-04 
-4.777716e-04 
-4.777716e-04 
-4.777716e-04 
-4.777716e-04 
-4.777716e-04 
-4.777716e-04 
-4.777716e-04 
-4.777716e-04 
-4.777716e-04 
-4.777716e-04 
-4.777716e-04 
-4.777716e-04 
-4.777716e-04 
-4.777716e-04 
-4.777716e-04 
-4.777716e-04 
-4.796646e-04 
-5.322603e-04 
-5.951895e-04 
-6.690359e-04 
-7.563207e-04 
-8.603100e-04 
-9.851833e-04 
-1.136153e-03 
-1.319757e-03 
-1.544951e-03 
-1.824466e-03 
-2.176109e-03 
-2.624953e-03 
-3.207043e-03 
-3.975441e-03 
-5.010347e-03 
-6.436625e-03 
-8.455385e-03 
-1.140353e-02 
-1.587182e-02 
-2.295228e-02 
-3.478616e-02 
-5.581827e-02 
-9.545881e-02 
-1.707842e-01 
-2.943665e-01 
-4.462044e-01 
-5.982287e-01 
-7.389780e-01 
-8.614357e-01 
-9.528596e-01 
-9.542486e-01 
-9.542486e-01 
-9.542486e-01 
-9.542486e-01 
-9.542486e-01 
-9.542486e-01 
-9.542486e-01 
-9.542486e-01 
-9.542486e-01 
-9.542486e-01 
-9.542486e-01 
-9.542486e-01 
-9.542486e-01 
-9.542486e-01 
-9.542486e-01 
-9.542486e-01 
-9.542486e-01 
-9.542486e-01 
-9.542486e-01 
-9.542486e-01 
-9.542486e-01 
-9.542486e-01 
-9.542486e-01 
-9.542486e-01 
-9.542486e-01 
-9.542486e-01 
-9.542486e-01 
-9.542486e-01 
-9.542486e-01 
-9.542486e-01 
-9.542486e-01 
-9.542486e-01 
-9.542486e-01 
-9.542486e-01 
-9.542486e-01 
-9.542486e-01 
-9.542486e-01 
-9.542486e-01 
-9.542486e-01 
-9.542486e-01 
-9.542486e-01 
-9.542486e-01 
-9.542486e-01 
-9.542486e-01 
-9.542486e-01 
-9.542486e-01 
-9.542486e-01 
-9.542486e-01 
-9.542486e-01 
-9.542486e-01 
-9.542486e-01 
-9.542486e-01 
-9.542486e-01 
-9.542486e-01 
-9.542486e-01 
-9.542486e-01 
-9.542486e-01 
-9.542486e-01 
-9.542486e-01 
-9.542486e-01 
-9.542486e-01 
-9.542486e-01 
-9.542486e-01 
-9.542484e-01 
-9.542478e-01 
-9.542471e-01 
-9.542462e-01 
-9.542449e-01 
-9.542429e-01 
-9.542406e-01 
-9.542395e-01 
-9.542388e-01 
-9.542382e-01 
-9.542377e-01 
-9.542372e-01 
-9.542367e-01 
-9.542363e-01 
-9.542359e-01 
-9.542356e-01 
-9.542353e-01 
-9.542350e-01 
-9.542348e-01 
-9.542345e-01 
-9.542343e-01 
-9.542341e-01 
-9.542339e-01 
-9.542338e-01 
-9.542336e-01 
-9.542334e-01 
-9.542333e-01 
-9.542332e-01 
-9.542330e-01 
-9.542329e-01 
-9.542329e-01 
-9.542329e-01 
-9.542329e-01 
-9.542329e-01 
-9.542329e-01 
-9.542329e-01 
-9.542329e-01 
-9.542329e-01 
-9.542329e-01 
-9.542329e-01 
-9.542329e-01 
-9.542329e-01 
-9.542329e-01 
-9.542329e-01 
-9.542329e-01 
-9.542329e-01 
-9.542329e-01 
-9.542329e-01 
-9.542329e-01 
-9.542329e-01 
-9.542329e-01 
-9.542329e-01 
-9.542329e-01 
-9.542329e-01 
-9.542329e-01 
-9.542329e-01 
-9.542329e-01 
-9.542329e-01 
-9.542329e-01 
-9.542329e-01 
-9.542329e-01 
-9.542329e-01 
-9.542329e-01 
-9.542329e-01 
-9.542329e-01 
-9.542329e-01 
-9.542329e-01 
-9.542329e-01 
-9.542329e-01 
-9.542329e-01 
-9.542329e-01 
-9.542329e-01 
-9.542329e-01 
-9.542329e-01 
-9.542329e-01 
-9.542329e-01 
-9.542329e-01 
-9.542329e-01 
-9.542329e-01 
-9.542329e-01 
-9.542329e-01 
-9.542329e-01 
-9.542329e-01 
-9.542329e-01 
-9.542329e-01 
-9.542329e-01 
-9.542329e-01 
-9.542329e-01 
-9.542329e-01 
-9.542329e-01 
-9.542329e-01 
-9.542329e-01 
-9.542329e-01 
-9.467515e-01 
-8.519086e-01 
-7.284245e-01 
-5.852656e-01 
-4.194578e-01 
-2.152678e-01 
-2.890166e-02 
4.512879e-04 
3.776716e-04 
2.130326e-04 
1.339313e-04 
9.029914e-05 
6.400469e-05 
4.713338e-05 
3.578146e-05 
2.785055e-05 
2.213703e-05 
1.791426e-05 
1.472490e-05 
1.227104e-05 
1.035285e-05 
8.832850e-06 
7.613501e-06 
6.620171e-06 
5.789841e-06 
5.085787e-06 
4.494593e-06 
3.996725e-06 
3.571252e-06 
3.200192e-06 
2.875807e-06 
2.861116e-06 
2.861116e-06 
2.861116e-06 
2.861116e-06 
2.861116e-06 
2.861116e-06 
2.861116e-06 
2.861116e-06 
2.861116e-06 
2.861116e-06 
2.861116e-06 
2.861116e-06 
2.861116e-06 
2.861116e-06 
2.861116e-06 
2.861116e-06 
2.861116e-06 
2.861116e-06 
2.861116e-06 
2.861116e-06 
2.861116e-06 
2.861116e-06 
2.861116e-06 
2.861116e-06 
2.861116e-06 
2.861116e-06 
2.861116e-06 
2.861116e-06 
2.861116e-06 
2.861116e-06 
2.861116e-06 
2.861116e-06 
2.861116e-06 
2.861116e-06 
2.861116e-06 
2.861116e-06 
2.861116e-06 
2.861116e-06 
2.861116e-06 
2.861116e-06 
2.861116e-06 
2.861116e-06 
2.861116e-06 
2.861116e-06 
2.861116e-06 
2.861116e-06 
2.861116e-06 
2.861116e-06 
2.861116e-06 
2.861116e-06 
2.861116e-06 
2.861116e-06 
2.861116e-06 
2.861116e-06 
2.861116e-06 
2.861116e-06 
2.861116e-06 
2.861116e-06 
2.861116e-06 
2.861116e-06 
2.861116e-06 
2.861116e-06 
2.861116e-06 
2.947110e-06 
3.153525e-06 
3.385876e-06 
3.648699e-06 
3.947584e-06 
4.289462e-06 
4.683005e-06 
5.139183e-06 
5.672028e-06 
6.299690e-06 
7.045986e-06 
7.942659e-06 
9.032763e-06 
1.037584e-05 
1.205605e-05 
1.419538e-05 
1.697583e-05 
2.067789e-05 
2.575029e-05 
3.294051e-05 
4.354369e-05 
5.985595e-05 
8.577611e-05 
1.263520e-04 
1.829781e-04 
2.489883e-04 
3.176077e-04 
3.867738e-04 
4.542989e-04 
5.126544e-04 
5.381829e-04 
5.381859e-04 
5.381859e-04 
5.381859e-04 
5.381859e-04 
5.381859e-04 
5.381859e-04 
5.381859e-04 
5.381859e-04 
5.381859e-04 
5.381859e-04 
5.381859e-04 
5.381859e-04 
5.381859e-04 
5.381859e-04 
5.381859e-04 
5.381859e-04 
5.381859e-04 
5.381859e-04 
5.381859e-04 
5.381859e-04 
5.381859e-04 
5.381859e-04 
5.381859e-04 
5.381859e-04 
5.381859e-04 
5.381859e-04 
5.381859e-04 
5.381859e-04 
5.381859e-04 
5.381859e-04 
5.381859e-04 
5.381859e-04 
5.381859e-04 
5.381859e-04 
5.381859e-04 
5.381859e-04 
5.381859e-04 
5.381859e-04 
5.381859e-04 
5.381859e-04 
5.381859e-04 
5.381859e-04 
5.381859e-04 
5.381859e-04 
5.381859e-04 
5.381859e-04 
5.381859e-04 
5.381859e-04 
5.381859e-04 
5.381859e-04 
5.381859e-04 
5.381859e-04 
5.381859e-04 
5.381859e-04 
5.381859e-04 
5.381859e-04 
5.381859e-04 
5.381859e-04 
5.381859e-04 
5.381859e-04 
5.381859e-04 
5.381859e-04 
5.432049e-04 
6.015592e-04 
6.694226e-04 
7.465351e-04 
7.941132e-04 
8.962076e-04 
1.026357e-03 
1.183740e-03 
1.375151e-03 
1.609928e-03 
1.901374e-03 
2.268085e-03 
2.736257e-03 
3.343569e-03 
4.145524e-03 
5.226085e-03 
6.716097e-03 
8.826562e-03 
1.191144e-02 
1.659240e-02 
2.402055e-02 
3.645591e-02 
5.858635e-02 
1.002556e-01 
1.787393e-01 
3.048780e-01 
4.570273e-01 
6.083469e-01 
7.480443e-01 
8.688826e-01 
9.539781e-01 
9.542487e-01 
9.542487e-01 
9.542487e-01 
9.542487e-01 
9.542487e-01 
9.542487e-01 
9.542487e-01 
9.542487e-01 
9.542487e-01 
9.542487e-01 
9.542487e-01 
9.542487e-01 
9.542487e-01 
9.542487e-01 
9.542487e-01 
9.542487e-01 
9.542487e-01 
9.542487e-01 
9.542487e-01 
9.542487e-01 
9.542487e-01 
9.542487e-01 
9.542487e-01 
9.542487e-01 
9.542487e-01 
9.542487e-01 
9.542487e-01 
9.542487e-01 
9.542487e-01 
9.542487e-01 
9.542487e-01 
9.542487e-01 
9.542487e-01 
9.542487e-01 
9.542487e-01 
9.542487e-01 
9.542487e-01 
9.542487e-01 
9.542487e-01 
9.542487e-01 
9.542487e-01 
9.542487e-01 
9.542487e-01 
9.542487e-01 
9.542487e-01 
9.542487e-01 
9.542487e-01 
9.542487e-01 
9.542487e-01 
9.542487e-01 
9.542487e-01 
9.542487e-01 
9.542487e-01 
9.542487e-01 
9.542487e-01 
9.542487e-01 
9.542487e-01 
9.542487e-01 
9.542487e-01 
9.542487e-01 
9.542487e-01 
9.542487e-01 
9.542487e-01 
9.542485e-01 
9.542481e-01 
9.542475e-01 
9.542468e-01 
9.542460e-01 
9.542450e-01 
9.542440e-01 
9.542428e-01 
9.542417e-01 
9.542406e-01 
9.542397e-01 
9.542389e-01 
9.542382e-01 
9.542376e-01 
9.542371e-01 
9.542366e-01 
9.542362e-01 
9.542358e-01 
9.542355e-01 
9.542352e-01 
9.542349e-01 
9.542347e-01 
9.542344e-01 
9.542342e-01 
9.542340e-01 
9.542338e-01 
9.542337e-01 
9.542335e-01 
9.542334e-01 
9.542332e-01 
9.542332e-01 
9.542332e-01 
9.542332e-01 
9.542332e-01 
9.542332e-01 
9.542332e-01 
9.542332e-01 
9.542332e-01 
9.542332e-01 
9.542332e-01 
9.542332e-01 
9.542332e-01 
9.542332e-01 
9.542332e-01 
9.542332e-01 
9.542332e-01 
9.542332e-01 
9.542332e-01 
9.542332e-01 
9.542332e-01 
9.542332e-01 
9.542332e-01 
9.542332e-01 
9.542332e-01 
9.542332e-01 
9.542332e-01 
9.542332e-01 
9.542332e-01 
9.542332e-01 
9.542332e-01 
9.542332e-01 
9.542332e-01 
9.542332e-01 
9.542332e-01 
9.542332e-01 
9.542332e-01 
9.542332e-01 
9.542332e-01 
9.542332e-01 
9.542332e-01 
9.542332e-01 
9.542332e-01 
9.542332e-01 
9.542332e-01 
9.542332e-01 
9.542332e-01 
9.542332e-01 
9.542332e-01 
9.542332e-01 
9.542332e-01 
9.542332e-01 
9.542332e-01 
9.542332e-01 
9.542332e-01 
9.542332e-01 
9.542332e-01 
9.542332e-01 
9.542332e-01 
9.542332e-01 
9.542332e-01 
9.542332e-01 
9.542332e-01 
9.542332e-01 
9.415767e-01 
8.442201e-01 
7.192605e-01 
5.749297e-01 
4.076987e-01 
2.029186e-01 
2.730263e-02 
1.055532e-03 
3.621797e-04 
2.057959e-04 
1.301218e-04 
8.807610e-05 
6.261219e-05 
4.621394e-05 
3.514889e-05 
2.740063e-05 
2.180808e-05 
1.766808e-05 
1.453696e-05 
1.212502e-05 
1.023759e-05 
8.740446e-06 
7.537847e-06 
6.555607e-06 
5.731298e-06 
5.031814e-06 
4.445063e-06 
3.950910e-06 
3.528122e-06 
3.158623e-06 
2.847594e-06 
2.841176e-06 
2.841176e-06 
2.841176e-06 
2.841176e-06 
2.841176e-06 
2.841176e-06 
2.841176e-06 
2.841176e-06 
2.841176e-06 
2.841176e-06 
2.841176e-06 
2.841176e-06 
2.841176e-06 
2.841176e-06 
2.841176e-06 
2.841176e-06 
2.841176e-06 
2.841176e-06 
2.841176e-06 
2.841176e-06 
2.841176e-06 
2.841176e-06 
2.841176e-06 
2.841176e-06 
2.841176e-06 
2.841176e-06 
2.841176e-06 
2.841176e-06 
2.841176e-06 
2.841176e-06 
2.841176e-06 
2.841176e-06 
2.841176e-06 
2.841176e-06 
2.841176e-06 
2.841176e-06 
2.841176e-06 
2.841176e-06 
2.841176e-06 
2.841176e-06 
2.841176e-06 
2.841176e-06 
2.841176e-06 
2.841176e-06 
2.841176e-06 
2.841176e-06 
2.841176e-06 
2.841176e-06 
2.841176e-06 
2.841176e-06 
2.841176e-06 
2.841176e-06 
2.841176e-06 
2.841176e-06 
2.841176e-06 
2.841176e-06 
2.841176e-06 
2.841176e-06 
2.841176e-06 
2.841176e-06 
2.841176e-06 
2.841176e-06 
2.841176e-06 
2.939939e-06 
3.146807e-06 
3.379751e-06 
3.643360e-06 
3.943281e-06 
4.286518e-06 
4.681842e-06 
5.140361e-06 
5.676291e-06 
6.308044e-06 
7.059799e-06 
7.963828e-06 
9.063957e-06 
1.042088e-05 
1.212056e-05 
1.428781e-05 
1.710928e-05 
2.087340e-05 
2.604295e-05 
3.339132e-05 
4.426273e-05 
6.104341e-05 
8.776155e-05 
1.294656e-04 
1.870701e-04 
2.535021e-04 
3.222587e-04 
3.914596e-04 
4.586971e-04 
5.159953e-04 
5.381840e-04 
5.381849e-04 
5.381849e-04 
5.381849e-04 
5.381849e-04 
5.381849e-04 
5.381849e-04 
5.381849e-04 
5.381849e-04 
5.381849e-04 
5.381849e-04 
5.381849e-04 
5.381849e-04 
5.381849e-04 
5.381849e-04 
5.381849e-04 
5.381849e-04 
5.381849e-04 
5.381849e-04 
5.381849e-04 
5.381849e-04 
5.381849e-04 
5.381849e-04 
5.381849e-04 
5.381849e-04 
5.381849e-04 
5.381849e-04 
5.381849e-04 
5.381849e-04 
5.381849e-04 
5.381849e-04 
5.381849e-04 
5.381849e-04 
5.381849e-04 
5.381849e-04 
5.381849e-04 
5.381849e-04 
5.381849e-04 
5.381849e-04 
5.381849e-04 
5.381849e-04 
5.381849e-04 
5.381849e-04 
5.381849e-04 
5.381849e-04 
5.381849e-04 
5.381849e-04 
5.381849e-04 
5.381849e-04 
5.381849e-04 
5.381849e-04 
5.381849e-04 
5.381849e-04 
5.381849e-04 
5.381849e-04 
5.381849e-04 
5.381849e-04 
5.381849e-04 
5.381849e-04 
5.381849e-04 
5.381849e-04 
5.381849e-04 
5.381849e-04 
5.466518e-04 
6.058959e-04 
6.744200e-04 
7.519133e-04 
7.994765e-04 
9.043565e-04 
1.036183e-03 
1.195656e-03 
1.389696e-03 
1.627873e-03 
1.923802e-03 
2.296511e-03 
2.772837e-03 
3.391438e-03 
4.209362e-03 
5.313070e-03 
6.837601e-03 
9.001262e-03 
1.217135e-02 
1.699513e-02 
2.467576e-02 
3.758509e-02 
6.065763e-02 
1.042216e-01 
1.858934e-01 
3.148475e-01 
4.675898e-01 
6.183410e-01 
7.570100e-01 
8.761832e-01 
9.541959e-01 
9.542487e-01 
9.542487e-01 
9.542487e-01 
9.542487e-01 
9.542487e-01 
9.542487e-01 
9.542487e-01 
9.542487e-01 
9.542487e-01 
9.542487e-01 
9.542487e-01 
9.542487e-01 
9.542487e-01 
9.542487e-01 
9.542487e-01 
9.542487e-01 
9.542487e-01 
9.542487e-01 
9.542487e-01 
9.542487e-01 
9.542487e-01 
9.542487e-01 
9.542487e-01 
9.542487e-01 
9.542487e-01 
9.542487e-01 
9.542487e-01 
9.542487e-01 
9.542487e-01 
9.542487e-01 
9.542487e-01 
9.542487e-01 
9.542487e-01 
9.542487e-01 
9.542487e-01 
9.542487e-01 
9.542487e-01 
9.542487e-01 
9.542487e-01 
9.542487e-01 
9.542487e-01 
9.542487e-01 
9.542487e-01 
9.542487e-01 
9.542487e-01 
9.542487e-01 
9.542487e-01 
9.542487e-01 
9.542487e-01 
9.542487e-01 
9.542487e-01 
9.542487e-01 
9.542487e-01 
9.542487e-01 
9.542487e-01 
9.542487e-01 
9.542487e-01 
9.542487e-01 
9.542487e-01 
9.542487e-01 
9.542487e-01 
9.542487e-01 
9.542487e-01 
9.542485e-01 
9.542480e-01 
9.542474e-01 
9.542468e-01 
9.542459e-01 
9.542450e-01 
9.542439e-01 
9.542427e-01 
9.542416e-01 
9.542406e-01 
9.542397e-01 
9.542389e-01 
9.542382e-01 
9.542376e-01 
9.542370e-01 
9.542366e-01 
9.542362e-01 
9.542358e-01 
9.542355e-01 
9.542352e-01 
9.542349e-01 
9.542346e-01 
9.542344e-01 
9.542342e-01 
9.542340e-01 
9.542338e-01 
9.542336e-01 
9.542335e-01 
9.542333e-01 
9.542332e-01 
9.542331e-01 
9.542331e-01 
9.542331e-01 
9.542331e-01 
9.542331e-01 
9.542331e-01 
9.542331e-01 
9.542331e-01 
9.542331e-01 
9.542331e-01 
9.542331e-01 
9.542331e-01 
9.542331e-01 
9.542331e-01 
9.542331e-01 
9.542331e-01 
9.542331e-01 
9.542331e-01 
9.542331e-01 
9.542331e-01 
9.542331e-01 
9.542331e-01 
9.542331e-01 
9.542331e-01 
9.542331e-01 
9.542331e-01 
9.542331e-01 
9.542331e-01 
9.542331e-01 
9.542331e-01 
9.542331e-01 
9.542331e-01 
9.542331e-01 
9.542331e-01 
9.542331e-01 
9.542331e-01 
9.542331e-01 
9.542331e-01 
9.542331e-01 
9.542331e-01 
9.542331e-01 
9.542331e-01 
9.542331e-01 
9.542331e-01 
9.542331e-01 
9.542331e-01 
9.542331e-01 
9.542331e-01 
9.542331e-01 
9.542331e-01 
9.542331e-01 
9.542331e-01 
9.542331e-01 
9.542331e-01 
9.542331e-01 
9.542331e-01 
9.542331e-01 
9.542331e-01 
9.542331e-01 
9.542331e-01 
9.542331e-01 
9.542331e-01 
9.542331e-01 
9.361322e-01 
8.364020e-01 
7.099805e-01 
5.643389e-01 
3.950673e-01 
1.876412e-01 
2.195769e-02 
9.003366e-04 
3.370311e-04 
1.926695e-04 
1.219743e-04 
8.244125e-05 
5.838621e-05 
4.282788e-05 
3.227591e-05 
2.483317e-05 
1.939880e-05 
1.529697e-05 
1.208850e-05 
9.466356e-06 
7.189381e-06 
5.029447e-06 
2.722779e-06 
-1.598973e-08 
-3.173735e-06 
-6.122369e-06 
-8.428413e-06 
-1.020821e-05 
-1.170128e-05 
-1.304678e-05 
-1.415559e-05 
-1.419628e-05 
-1.419628e-05 
-1.419628e-05 
-1.419628e-05 
-1.419628e-05 
-1.419628e-05 
-1.419628e-05 
-1.419628e-05 
-1.419628e-05 
-1.419628e-05 
-1.419628e-05 
-1.419628e-05 
-1.419628e-05 
-1.419628e-05 
-1.419628e-05 
-1.419628e-05 
-1.419628e-05 
-1.419628e-05 
-1.419628e-05 
-1.419628e-05 
-1.419628e-05 
-1.419628e-05 
-1.419628e-05 
-1.419628e-05 
-1.419628e-05 
-1.419628e-05 
-1.419628e-05 
-1.419628e-05 
-1.419628e-05 
-1.419628e-05 
-1.419628e-05 
-1.419628e-05 
-1.419628e-05 
-1.419628e-05 
-1.419628e-05 
-1.419628e-05 
-1.419628e-05 
-1.419628e-05 
-1.419628e-05 
-1.419628e-05 
-1.419628e-05 
-1.419628e-05 
-1.419628e-05 
-1.419628e-05 
-1.419628e-05 
-1.419628e-05 
-1.419628e-05 
-1.419628e-05 
-1.419628e-05 
-1.419628e-05 
-1.419628e-05 
-1.419628e-05 
-1.419628e-05 
-1.419628e-05 
-1.419628e-05 
-1.419628e-05 
-1.419628e-05 
-1.419628e-05 
-1.419628e-05 
-1.419628e-05 
-1.419628e-05 
-1.419628e-05 
-1.419628e-05 
-1.407168e-05 
-1.383046e-05 
-1.354994e-05 
-1.322199e-05 
-1.283639e-05 
-1.238029e-05 
-1.183737e-05 
-1.118692e-05 
-1.040213e-05 
-9.447423e-06 
-8.275082e-06 
-6.820748e-06 
-4.996544e-06 
-2.680850e-06 
2.968342e-07 
4.178105e-06 
9.307387e-06 
1.617392e-05 
2.545701e-05 
3.804473e-05 
5.495213e-05 
7.704068e-05 
1.045922e-04 
1.371614e-04 
1.741142e-04 
2.155216e-04 
2.627748e-04 
3.186294e-04 
3.858596e-04 
4.613887e-04 
4.941501e-04 
4.941506e-04 
4.941506e-04 
4.941506e-04 
4.941506e-04 
4.941506e-04 
4.941506e-04 
4.941506e-04 
4.941506e-04 
4.941506e-04 
4.941506e-04 
4.941506e-04 
4.941506e-04 
4.941506e-04 
4.941506e-04 
4.941506e-04 
4.941506e-04 
4.941506e-04 
4.941506e-04 
4.941506e-04 
4.941506e-04 
4.941506e-04 
4.941506e-04 
4.941506e-04 
4.941506e-04 
4.941506e-04 
4.941506e-04 
4.941506e-04 
4.941506e-04 
4.941506e-04 
4.941506e-04 
4.941506e-04 
4.941506e-04 
4.941506e-04 
4.941506e-04 
4.941506e-04 
4.941506e-04 
4.941506e-04 
4.941506e-04 
4.941506e-04 
4.941506e-04 
4.941506e-04 
4.941506e-04 
4.941506e-04 
4.941506e-04 
4.941506e-04 
4.941506e-04 
4.941506e-04 
4.941506e-04 
4.941506e-04 
4.941506e-04 
4.941506e-04 
4.941506e-04 
4.941506e-04 
4.941506e-04 
4.941506e-04 
4.941506e-04 
4.941506e-04 
4.941506e-04 
4.941506e-04 
4.941506e-04 
4.941506e-04 
4.941506e-04 
5.055491e-04 
5.628397e-04 
6.298101e-04 
7.084714e-04 
8.015580e-04 
9.126085e-04 
1.046137e-03 
1.207733e-03 
1.404446e-03 
1.646086e-03 
1.946586e-03 
2.325418e-03 
2.810076e-03 
3.440228e-03 
4.274518e-03 
5.401992e-03 
6.962038e-03 
9.180565e-03 
1.243879e-02 
1.741079e-02 
2.535451e-02 
3.875977e-02 
6.282115e-02 
1.083667e-01 
1.932875e-01 
3.249259e-01 
4.781356e-01 
6.282782e-01 
7.658871e-01 
8.833343e-01 
9.542384e-01 
9.542487e-01 
9.542487e-01 
9.542487e-01 
9.542487e-01 
9.542487e-01 
9.542487e-01 
9.542487e-01 
9.542487e-01 
9.542487e-01 
9.542487e-01 
9.542487e-01 
9.542487e-01 
9.542487e-01 
9.542487e-01 
9.542487e-01 
9.542487e-01 
9.542487e-01 
9.542487e-01 
9.542487e-01 
9.542487e-01 
9.542487e-01 
9.542487e-01 
9.542487e-01 
9.542487e-01 
9.542487e-01 
9.542487e-01 
9.542487e-01 
9.542487e-01 
9.542487e-01 
9.542487e-01 
9.542487e-01 
9.542487e-01 
9.542487e-01 
9.542487e-01 
9.542487e-01 
9.542487e-01 
9.542487e-01 
9.542487e-01 
9.542487e-01 
9.542487e-01 
9.542487e-01 
9.542487e-01 
9.542487e-01 
9.542487e-01 
9.542487e-01 
9.542487e-01 
9.542487e-01 
9.542487e-01 
9.542487e-01 
9.542487e-01 
9.542487e-01 
9.542487e-01 
9.542487e-01 
9.542487e-01 
9.542487e-01 
9.542487e-01 
9.542487e-01 
9.542487e-01 
9.542487e-01 
9.542487e-01 
9.542487e-01 
9.542487e-01 
9.542487e-01 
9.542485e-01 
9.542480e-01 
9.542474e-01 
9.542467e-01 
9.542459e-01 
9.542449e-01 
9.542438e-01 
9.542427e-01 
9.542415e-01 
9.542405e-01 
9.542396e-01 
9.542388e-01 
9.542381e-01 
9.542375e-01 
9.542370e-01 
9.542366e-01 
9.542361e-01 
9.542358e-01 
9.542354e-01 
9.542351e-01 
9.542349e-01 
9.542346e-01 
9.542344e-01 
9.542342e-01 
9.542340e-01 
9.542338e-01 
9.542336e-01 
9.542335e-01 
9.542333e-01 
9.542332e-01 
9.542332e-01 
9.542332e-01 
9.542332e-01 
9.542332e-01 
9.542332e-01 
9.542332e-01 
9.542332e-01 
9.542332e-01 
9.542332e-01 
9.542332e-01 
9.542332e-01 
9.542332e-01 
9.542332e-01 
9.542332e-01 
9.542332e-01 
9.542332e-01 
9.542332e-01 
9.542332e-01 
9.542332e-01 
9.542332e-01 
9.542332e-01 
9.542332e-01 
9.542332e-01 
9.542332e-01 
9.542332e-01 
9.542332e-01 
9.542332e-01 
9.542332e-01 
9.542332e-01 
9.542332e-01 
9.542332e-01 
9.542332e-01 
9.542332e-01 
9.542332e-01 
9.542332e-01 
9.542332e-01 
9.542332e-01 
9.542332e-01 
9.542332e-01 
9.542332e-01 
9.542332e-01 
9.542332e-01 
9.542332e-01 
9.542332e-01 
9.542332e-01 
9.542332e-01 
9.542332e-01 
9.542332e-01 
9.542332e-01 
9.542332e-01 
9.542332e-01 
9.542332e-01 
9.542332e-01 
9.542332e-01 
9.542332e-01 
9.542332e-01 
9.542332e-01 
9.542332e-01 
9.542332e-01 
9.542332e-01 
9.542332e-01 
9.542332e-01 
9.542332e-01 
9.304743e-01 
8.284631e-01 
7.006162e-01 
5.536488e-01 
3.822713e-01 
1.725098e-01 
1.762085e-02 
8.311080e-04 
3.414826e-04 
1.983723e-04 
1.273226e-04 
8.727211e-05 
6.278194e-05 
4.691088e-05 
3.616696e-05 
2.864768e-05 
2.325364e-05 
1.932231e-05 
1.644560e-05 
1.437638e-05 
1.298386e-05 
1.224152e-05 
1.223333e-05 
1.309525e-05 
1.465352e-05 
1.620007e-05 
1.731872e-05 
1.810571e-05 
1.875717e-05 
1.936569e-05 
1.987729e-05 
1.989006e-05 
1.989006e-05 
1.989006e-05 
1.989006e-05 
1.989006e-05 
1.989006e-05 
1.989006e-05 
1.989006e-05 
1.989006e-05 
1.989006e-05 
1.989006e-05 
1.989006e-05 
1.989006e-05 
1.989006e-05 
1.989006e-05 
1.989006e-05 
1.989006e-05 
1.989006e-05 
1.989006e-05 
1.989006e-05 
1.989006e-05 
1.989006e-05 
1.989006e-05 
1.989006e-05 
1.989006e-05 
1.989006e-05 
1.989006e-05 
1.989006e-05 
1.989006e-05 
1.989006e-05 
1.989006e-05 
1.989006e-05 
1.989006e-05 
1.989006e-05 
1.989006e-05 
1.989006e-05 
1.989006e-05 
1.989006e-05 
1.989006e-05 
1.989006e-05 
1.989006e-05 
1.989006e-05 
1.989006e-05 
1.989006e-05 
1.989006e-05 
1.989006e-05 
1.989006e-05 
1.989006e-05 
1.989006e-05 
1.989006e-05 
1.989006e-05 
1.989006e-05 
1.989006e-05 
1.989006e-05 
1.989006e-05 
1.989006e-05 
1.989006e-05 
1.989006e-05 
1.989006e-05 
1.989006e-05 
1.989006e-05 
1.989006e-05 
1.989006e-05 
2.000111e-05 
2.017710e-05 
2.036616e-05 
2.056930e-05 
2.078753e-05 
2.102182e-05 
2.127315e-05 
2.154255e-05 
2.183087e-05 
2.213793e-05 
2.246192e-05 
2.279876e-05 
2.314057e-05 
2.347302e-05 
2.377080e-05 
2.398966e-05 
2.405191e-05 
2.381972e-05 
2.304381e-05 
2.126273e-05 
1.760150e-05 
1.037986e-05 
-3.533988e-06 
-2.911782e-05 
-7.094532e-05 
-1.277399e-04 
-1.941697e-04 
-2.687237e-04 
-3.533604e-04 
-4.444902e-04 
-4.777714e-04 
-4.777716e-04 
-4.777716e-04 
-4.777716e-04 
-4.777716e-04 
-4.777716e-04 
-4.777716e-04 
-4.777716e-04 
-4.777716e-04 
-4.777716e-04 
-4.777716e-04 
-4.777716e-04 
-4.777716e-04 
-4.777716e-04 
-4.777716e-04 
-4.777716e-04 
-4.777716e-04 
-4.777716e-04 
-4.777716e-04 
-4.777716e-04 
-4.777716e-04 
-4.777716e-04 
-4.777716e-04 
-4.777716e-04 
-4.777716e-04 
-4.777716e-04 
-4.777716e-04 
-4.777716e-04 
-4.777716e-04 
-4.777716e-04 
-4.777716e-04 
-4.777716e-04 
-4.777716e-04 
-4.777716e-04 
-4.777716e-04 
-4.777716e-04 
-4.777716e-04 
-4.777716e-04 
-4.777716e-04 
-4.777716e-04 
-4.777716e-04 
-4.777716e-04 
-4.777716e-04 
-4.777716e-04 
-4.777716e-04 
-4.777716e-04 
-4.777716e-04 
-4.777716e-04 
-4.777716e-04 
-4.777716e-04 
-4.777716e-04 
-4.777716e-04 
-4.777716e-04 
-4.777716e-04 
-4.777716e-04 
-4.777716e-04 
-4.777716e-04 
-4.777716e-04 
-4.777716e-04 
-4.777716e-04 
-4.777716e-04 
-4.777716e-04 
-4.777716e-04 
-4.923070e-04 
-5.485062e-04 
-6.142078e-04 
-6.914508e-04 
-7.829443e-04 
-8.921881e-04 
-1.023635e-03 
-1.182806e-03 
-1.376757e-03 
-1.615357e-03 
-1.912575e-03 
-2.287932e-03 
-2.769055e-03 
-3.395914e-03 
-4.227754e-03 
-5.354816e-03 
-6.918843e-03 
-9.150465e-03 
-1.244063e-02 
-1.748431e-02 
-2.558648e-02 
-3.934844e-02 
-6.423486e-02 
-1.116521e-01 
-1.999418e-01 
-3.345719e-01 
-4.884809e-01 
-6.381099e-01 
-7.746634e-01 
-8.903292e-01 
-9.542465e-01 
-9.542486e-01 
-9.542486e-01 
-9.542486e-01 
-9.542486e-01 
-9.542486e-01 
-9.542486e-01 
-9.542486e-01 
-9.542486e-01 
-9.542486e-01 
-9.542486e-01 
-9.542486e-01 
-9.542486e-01 
-9.542486e-01 
-9.542486e-01 
-9.542486e-01 
-9.542486e-01 
-9.542486e-01 
-9.542486e-01 
-9.542486e-01 
-9.542486e-01 
-9.542486e-01 
-9.542486e-01 
-9.542486e-01 
-9.542486e-01 
-9.542486e-01 
-9.542486e-01 
-9.542486e-01 
-9.542486e-01 
-9.542486e-01 
-9.542486e-01 
-9.542486e-01 
-9.542486e-01 
-9.542486e-01 
-9.542486e-01 
-9.542486e-01 
-9.542486e-01 
-9.542486e-01 
-9.542486e-01 
-9.542486e-01 
-9.542486e-01 
-9.542486e-01 
-9.542486e-01 
-9.542486e-01 
-9.542486e-01 
-9.542486e-01 
-9.542486e-01 
-9.542486e-01 
-9.542486e-01 
-9.542486e-01 
-9.542486e-01 
-9.542486e-01 
-9.542486e-01 
-9.542486e-01 
-9.542486e-01 
-9.542486e-01 
-9.542486e-01 
-9.542486e-01 
-9.542486e-01 
-9.542486e-01 
-9.542486e-01 
-9.542486e-01 
-9.542486e-01 
-9.542486e-01 
-9.542482e-01 
-9.542477e-01 
-9.542469e-01 
-9.542459e-01 
-9.542445e-01 
-9.542422e-01 
-9.542402e-01 
-9.542393e-01 
-9.542386e-01 
-9.542380e-01 
-9.542375e-01 
-9.542370e-01 
-9.542366e-01 
-9.542362e-01 
-9.542358e-01 
-9.542355e-01 
-9.542352e-01 
-9.542350e-01 
-9.542347e-01 
-9.542345e-01 
-9.542343e-01 
-9.542341e-01 
-9.542339e-01 
-9.542337e-01 
-9.542336e-01 
-9.542334e-01 
-9.542333e-01 
-9.542331e-01 
-9.542330e-01 
-9.542329e-01 
-9.542329e-01 
-9.542329e-01 
-9.542329e-01 
-9.542329e-01 
-9.542329e-01 
-9.542329e-01 
-9.542329e-01 
-9.542329e-01 
-9.542329e-01 
-9.542329e-01 
-9.542329e-01 
-9.542329e-01 
-9.542329e-01 
-9.542329e-01 
-9.542329e-01 
-9.542329e-01 
-9.542329e-01 
-9.542329e-01 
-9.542329e-01 
-9.542329e-01 
-9.542329e-01 
-9.542329e-01 
-9.542329e-01 
-9.542329e-01 
-9.542329e-01 
-9.542329e-01 
-9.542329e-01 
-9.542329e-01 
-9.542329e-01 
-9.542329e-01 
-9.542329e-01 
-9.542329e-01 
-9.542329e-01 
-9.542329e-01 
-9.542329e-01 
-9.542329e-01 
-9.542329e-01 
-9.542329e-01 
-9.542329e-01 
-9.542329e-01 
-9.542329e-01 
-9.542329e-01 
-9.542329e-01 
-9.542329e-01 
-9.542329e-01 
-9.542329e-01 
-9.542329e-01 
-9.542329e-01 
-9.542329e-01 
-9.542329e-01 
-9.542329e-01 
-9.542329e-01 
-9.542329e-01 
-9.542329e-01 
-9.542329e-01 
-9.542329e-01 
-9.542329e-01 
-9.542329e-01 
-9.542329e-01 
-9.542329e-01 
-9.542329e-01 
-9.542329e-01 
-9.542329e-01 
-9.246180e-01 
-8.203996e-01 
-6.911188e-01 
-5.426142e-01 
-3.682319e-01 
-1.534686e-01 
-1.021020e-02 
5.734040e-04 
3.184120e-04 
1.860232e-04 
1.195360e-04 
8.182841e-05 
5.866591e-05 
4.359129e-05 
3.333490e-05 
2.610468e-05 
2.085701e-05 
1.695412e-05 
1.399054e-05 
1.169990e-05 
9.902252e-06 
8.472915e-06 
7.322217e-06 
6.379160e-06 
5.585349e-06 
4.913568e-06 
4.350079e-06 
3.873982e-06 
3.465031e-06 
3.106302e-06 
2.861350e-06 
2.861116e-06 
2.861116e-06 
2.861116e-06 
2.861116e-06 
2.861116e-06 
2.861116e-06 
2.861116e-06 
2.861116e-06 
2.861116e-06 
2.861116e-06 
2.861116e-06 
2.861116e-06 
2.861116e-06 
2.861116e-06 
2.861116e-06 
2.861116e-06 
2.861116e-06 
2.861116e-06 
2.861116e-06 
2.861116e-06 
2.861116e-06 
2.861116e-06 
2.861116e-06 
2.861116e-06 
2.861116e-06 
2.861116e-06 
2.861116e-06 
2.861116e-06 
2.861116e-06 
2.861116e-06 
2.861116e-06 
2.861116e-06 
2.861116e-06 
2.861116e-06 
2.861116e-06 
2.861116e-06 
2.861116e-06 
2.861116e-06 
2.861116e-06 
2.861116e-06 
2.861116e-06 
2.861116e-06 
2.861116e-06 
2.861116e-06 
2.861116e-06 
2.861116e-06 
2.861116e-06 
2.861116e-06 
2.861116e-06 
2.861116e-06 
2.861116e-06 
2.861116e-06 
2.861116e-06 
2.861116e-06 
2.861116e-06 
2.861116e-06 
2.861116e-06 
2.861116e-06 
2.861116e-06 
2.861116e-06 
2.861116e-06 
2.861116e-06 
2.861116e-06 
3.001206e-06 
3.214323e-06 
3.454517e-06 
3.726597e-06 
4.036488e-06 
4.391549e-06 
4.801020e-06 
5.276621e-06 
5.833390e-06 
6.490847e-06 
7.274714e-06 
8.219431e-06 
9.371951e-06 
1.079757e-05 
1.258921e-05 
1.488254e-05 
1.788171e-05 
2.190446e-05 
2.746461e-05 
3.542773e-05 
4.730723e-05 
6.578195e-05 
9.522577e-05 
1.403982e-04 
2.004800e-04 
2.676446e-04 
3.365090e-04 
4.055951e-04 
4.716555e-04 
5.253727e-04 
5.381859e-04 
5.381859e-04 
5.381859e-04 
5.381859e-04 
5.381859e-04 
5.381859e-04 
5.381859e-04 
5.381859e-04 
5.381859e-04 
5.381859e-04 
5.381859e-04 
5.381859e-04 
5.381859e-04 
5.381859e-04 
5.381859e-04 
5.381859e-04 
5.381859e-04 
5.381859e-04 
5.381859e-04 
5.381859e-04 
5.381859e-04 
5.381859e-04 
5.381859e-04 
5.381859e-04 
5.381859e-04 
5.381859e-04 
5.381859e-04 
5.381859e-04 
5.381859e-04 
5.381859e-04 
5.381859e-04 
5.381859e-04 
5.381859e-04 
5.381859e-04 
5.381859e-04 
5.381859e-04 
5.381859e-04 
5.381859e-04 
5.381859e-04 
5.381859e-04 
5.381859e-04 
5.381859e-04 
5.381859e-04 
5.381859e-04 
5.381859e-04 
5.381859e-04 
5.381859e-04 
5.381859e-04 
5.381859e-04 
5.381859e-04 
5.381859e-04 
5.381859e-04 
5.381859e-04 
5.381859e-04 
5.381859e-04 
5.381859e-04 
5.381859e-04 
5.381859e-04 
5.381859e-04 
5.381859e-04 
5.381859e-04 
5.381859e-04 
5.381859e-04 
5.580067e-04 
6.191684e-04 
6.896932e-04 
7.668253e-04 
8.167373e-04 
9.294285e-04 
1.066440e-03 
1.232377e-03 
1.434575e-03 
1.683336e-03 
1.993252e-03 
2.384712e-03 
2.886587e-03 
3.540660e-03 
4.408920e-03 
5.585863e-03 
7.220067e-03 
9.553591e-03 
1.299735e-02 
1.828303e-02 
2.678679e-02 
4.125454e-02 
6.744349e-02 
1.172222e-01 
2.087848e-01 
3.453615e-01 
4.991595e-01 
6.479742e-01 
7.833635e-01 
8.971658e-01 
9.542483e-01 
9.542487e-01 
9.542487e-01 
9.542487e-01 
9.542487e-01 
9.542487e-01 
9.542487e-01 
9.542487e-01 
9.542487e-01 
9.542487e-01 
9.542487e-01 
9.542487e-01 
9.542487e-01 
9.542487e-01 
9.542487e-01 
9.542487e-01 
9.542487e-01 
9.542487e-01 
9.542487e-01 
9.542487e-01 
9.542487e-01 
9.542487e-01 
9.542487e-01 
9.542487e-01 
9.542487e-01 
9.542487e-01 
9.542487e-01 
9.542487e-01 
9.542487e-01 
9.542487e-01 
9.542487e-01 
9.542487e-01 
9.542487e-01 
9.542487e-01 
9.542487e-01 
9.542487e-01 
9.542487e-01 
9.542487e-01 
9.542487e-01 
9.542487e-01 
9.542487e-01 
9.542487e-01 
9.542487e-01 
9.542487e-01 
9.542487e-01 
9.542487e-01 
9.542487e-01 
9.542487e-01 
9.542487e-01 
9.542487e-01 
9.542487e-01 
9.542487e-01 
9.542487e-01 
9.542487e-01 
9.542487e-01 
9.542487e-01 
9.542487e-01 
9.542487e-01 
9.542487e-01 
9.542487e-01 
9.542487e-01 
9.542487e-01 
9.542487e-01 
9.542487e-01 
9.542484e-01 
9.542479e-01 
9.542473e-01 
9.542466e-01 
9.542457e-01 
9.542448e-01 
9.542437e-01 
9.542425e-01 
9.542414e-01 
9.542404e-01 
9.542395e-01 
9.542387e-01 
9.542380e-01 
9.542375e-01 
9.542369e-01 
9.542365e-01 
9.542361e-01 
9.542357e-01 
9.542354e-01 
9.542351e-01 
9.542348e-01 
9.542346e-01 
9.542344e-01 
9.542342e-01 
9.542340e-01 
9.542338e-01 
9.542336e-01 
9.542335e-01 
9.542333e-01 
9.542332e-01 
9.542332e-01 
9.542332e-01 
9.542332e-01 
9.542332e-01 
9.542332e-01 
9.542332e-01 
9.542332e-01 
9.542332e-01 
9.542332e-01 
9.542332e-01 
9.542332e-01 
9.542332e-01 
9.542332e-01 
9.542332e-01 
9.542332e-01 
9.542332e-01 
9.542332e-01 
9.542332e-01 
9.542332e-01 
9.542332e-01 
9.542332e-01 
9.542332e-01 
9.542332e-01 
9.542332e-01 
9.542332e-01 
9.542332e-01 
9.542332e-01 
9.542332e-01 
9.542332e-01 
9.542332e-01 
9.542332e-01 
9.542332e-01 
9.542332e-01 
9.542332e-01 
9.542332e-01 
9.542332e-01 
9.542332e-01 
9.542332e-01 
9.542332e-01 
9.542332e-01 
9.542332e-01 
9.542332e-01 
9.542332e-01 
9.542332e-01 
9.542332e-01 
9.542332e-01 
9.542332e-01 
9.542332e-01 
9.542332e-01 
9.542332e-01 
9.542332e-01 
9.542332e-01 
9.542332e-01 
9.542332e-01 
9.542332e-01 
9.542332e-01 
9.542332e-01 
9.542332e-01 
9.542332e-01 
9.542332e-01 
9.542332e-01 
9.542332e-01 
9.542332e-01 
9.185740e-01 
8.122388e-01 
6.816314e-01 
5.319303e-01 
3.560370e-01 
1.425410e-01 
1.096593e-02 
6.673473e-04 
3.057463e-04 
1.800303e-04 
1.162761e-04 
7.988425e-05 
5.742863e-05 
4.276431e-05 
3.276036e-05 
2.569273e-05 
2.055378e-05 
1.672589e-05 
1.381542e-05 
1.156324e-05 
9.793935e-06 
8.385654e-06 
7.250170e-06 
6.316639e-06 
5.528055e-06 
4.860853e-06 
4.301654e-06 
3.829012e-06 
3.422435e-06 
3.065013e-06 
2.841262e-06 
2.841176e-06 
2.841176e-06 
2.841176e-06 
2.841176e-06 
2.841176e-06 
2.841176e-06 
2.841176e-06 
2.841176e-06 
2.841176e-06 
2.841176e-06 
2.841176e-06 
2.841176e-06 
2.841176e-06 
2.841176e-06 
2.841176e-06 
2.841176e-06 
2.841176e-06 
2.841176e-06 
2.841176e-06 
2.841176e-06 
2.841176e-06 
2.841176e-06 
2.841176e-06 
2.841176e-06 
2.841176e-06 
2.841176e-06 
2.841176e-06 
2.841176e-06 
2.841176e-06 
2.841176e-06 
2.841176e-06 
2.841176e-06 
2.841176e-06 
2.841176e-06 
2.841176e-06 
2.841176e-06 
2.841176e-06 
2.841176e-06 
2.841176e-06 
2.841176e-06 
2.841176e-06 
2.841176e-06 
2.841176e-06 
2.841176e-06 
2.841176e-06 
2.841176e-06 
2.841176e-06 
2.841176e-06 
2.841176e-06 
2.841176e-06 
2.841176e-06 
2.841176e-06 
2.841176e-06 
2.841176e-06 
2.841176e-06 
2.841176e-06 
2.841176e-06 
2.841176e-06 
2.841176e-06 
2.841176e-06 
2.841176e-06 
2.841176e-06 
2.841176e-06 
2.994153e-06 
3.207750e-06 
3.448586e-06 
3.721514e-06 
4.032521e-06 
4.389045e-06 
4.800435e-06 
5.278560e-06 
5.838659e-06 
6.500539e-06 
7.290324e-06 
8.243037e-06 
9.406491e-06 
1.084729e-05 
1.266036e-05 
1.498463e-05 
1.802960e-05 
2.212225e-05 
2.779294e-05 
3.593808e-05 
4.812943e-05 
6.714966e-05 
9.749667e-05 
1.438246e-04 
2.047387e-04 
2.722092e-04 
3.411819e-04 
4.102522e-04 
4.758573e-04 
5.282650e-04 
5.381849e-04 
5.381849e-04 
5.381849e-04 
5.381849e-04 
5.381849e-04 
5.381849e-04 
5.381849e-04 
5.381849e-04 
5.381849e-04 
5.381849e-04 
5.381849e-04 
5.381849e-04 
5.381849e-04 
5.381849e-04 
5.381849e-04 
5.381849e-04 
5.381849e-04 
5.381849e-04 
5.381849e-04 
5.381849e-04 
5.381849e-04 
5.381849e-04 
5.381849e-04 
5.381849e-04 
5.381849e-04 
5.381849e-04 
5.381849e-04 
5.381849e-04 
5.381849e-04 
5.381849e-04 
5.381849e-04 
5.381849e-04 
5.381849e-04 
5.381849e-04 
5.381849e-04 
5.381849e-04 
5.381849e-04 
5.381849e-04 
5.381849e-04 
5.381849e-04 
5.381849e-04 
5.381849e-04 
5.381849e-04 
5.381849e-04 
5.381849e-04 
5.381849e-04 
5.381849e-04 
5.381849e-04 
5.381849e-04 
5.381849e-04 
5.381849e-04 
5.381849e-04 
5.381849e-04 
5.381849e-04 
5.381849e-04 
5.381849e-04 
5.381849e-04 
5.381849e-04 
5.381849e-04 
5.381849e-04 
5.381849e-04 
5.381849e-04 
5.381849e-04 
5.619126e-04 
6.236789e-04 
6.948739e-04 
7.703533e-04 
8.233234e-04 
9.379996e-04 
1.076793e-03 
1.244951e-03 
1.449962e-03 
1.702384e-03 
2.017148e-03 
2.415121e-03 
2.925891e-03 
3.592349e-03 
4.478238e-03 
5.680924e-03 
7.353846e-03 
9.747634e-03 
1.328905e-02 
1.874070e-02 
2.754257e-02 
4.257939e-02 
6.991215e-02 
1.219461e-01 
2.168796e-01 
3.556956e-01 
5.096298e-01 
6.577295e-01 
7.919563e-01 
9.038348e-01 
9.542486e-01 
9.542487e-01 
9.542487e-01 
9.542487e-01 
9.542487e-01 
9.542487e-01 
9.542487e-01 
9.542487e-01 
9.542487e-01 
9.542487e-01 
9.542487e-01 
9.542487e-01 
9.542487e-01 
9.542487e-01 
9.542487e-01 
9.542487e-01 
9.542487e-01 
9.542487e-01 
9.542487e-01 
9.542487e-01 
9.542487e-01 
9.542487e-01 
9.542487e-01 
9.542487e-01 
9.542487e-01 
9.542487e-01 
9.542487e-01 
9.542487e-01 
9.542487e-01 
9.542487e-01 
9.542487e-01 
9.542487e-01 
9.542487e-01 
9.542487e-01 
9.542487e-01 
9.542487e-01 
9.542487e-01 
9.542487e-01 
9.542487e-01 
9.542487e-01 
9.542487e-01 
9.542487e-01 
9.542487e-01 
9.542487e-01 
9.542487e-01 
9.542487e-01 
9.542487e-01 
9.542487e-01 
9.542487e-01 
9.542487e-01 
9.542487e-01 
9.542487e-01 
9.542487e-01 
9.542487e-01 
9.542487e-01 
9.542487e-01 
9.542487e-01 
9.542487e-01 
9.542487e-01 
9.542487e-01 
9.542487e-01 
9.542487e-01 
9.542487e-01 
9.542487e-01 
9.542484e-01 
9.542479e-01 
9.542473e-01 
9.542465e-01 
9.542457e-01 
9.542447e-01 
9.542436e-01 
9.542424e-01 
9.542413e-01 
9.542403e-01 
9.542394e-01 
9.542387e-01 
9.542380e-01 
9.542374e-01 
9.542369e-01 
9.542365e-01 
9.542361e-01 
9.542357e-01 
9.542354e-01 
9.542351e-01 
9.542348e-01 
9.542346e-01 
9.542343e-01 
9.542341e-01 
9.542339e-01 
9.542338e-01 
9.542336e-01 
9.542335e-01 
9.542333e-01 
9.542332e-01 
9.542331e-01 
9.542331e-01 
9.542331e-01 
9.542331e-01 
9.542331e-01 
9.542331e-01 
9.542331e-01 
9.542331e-01 
9.542331e-01 
9.542331e-01 
9.542331e-01 
9.542331e-01 
9.542331e-01 
9.542331e-01 
9.542331e-01 
9.542331e-01 
9.542331e-01 
9.542331e-01 
9.542331e-01 
9.542331e-01 
9.542331e-01 
9.542331e-01 
9.542331e-01 
9.542331e-01 
9.542331e-01 
9.542331e-01 
9.542331e-01 
9.542331e-01 
9.542331e-01 
9.542331e-01 
9.542331e-01 
9.542331e-01 
9.542331e-01 
9.542331e-01 
9.542331e-01 
9.542331e-01 
9.542331e-01 
9.542331e-01 
9.542331e-01 
9.542331e-01 
9.542331e-01 
9.542331e-01 
9.542331e-01 
9.542331e-01 
9.542331e-01 
9.542331e-01 
9.542331e-01 
9.542331e-01 
9.542331e-01 
9.542331e-01 
9.542331e-01 
9.542331e-01 
9.542331e-01 
9.542331e-01 
9.542331e-01 
9.542331e-01 
9.542331e-01 
9.542331e-01 
9.542331e-01 
9.542331e-01 
9.542331e-01 
9.542331e-01 
9.542331e-01 
9.123464e-01 
8.039608e-01 
6.720116e-01 
5.208965e-01 
3.425996e-01 
1.279811e-01 
8.552671e-03 
6.000950e-04 
2.852388e-04 
1.686597e-04 
1.089782e-04 
7.471357e-05 
5.347541e-05 
3.954453e-05 
2.998825e-05 
2.318155e-05 
1.816630e-05 
1.434540e-05 
1.132400e-05 
8.818737e-06 
6.597122e-06 
4.425660e-06 
2.026425e-06 
-8.554214e-07 
-4.032111e-06 
-6.818256e-06 
-8.956920e-06 
-1.063626e-05 
-1.208269e-05 
-1.338190e-05 
-1.419621e-05 
-1.419628e-05 
-1.419628e-05 
-1.419628e-05 
-1.419628e-05 
-1.419628e-05 
-1.419628e-05 
-1.419628e-05 
-1.419628e-05 
-1.419628e-05 
-1.419628e-05 
-1.419628e-05 
-1.419628e-05 
-1.419628e-05 
-1.419628e-05 
-1.419628e-05 
-1.419628e-05 
-1.419628e-05 
-1.419628e-05 
-1.419628e-05 
-1.419628e-05 
-1.419628e-05 
-1.419628e-05 
-1.419628e-05 
-1.419628e-05 
-1.419628e-05 
-1.419628e-05 
-1.419628e-05 
-1.419628e-05 
-1.419628e-05 
-1.419628e-05 
-1.419628e-05 
-1.419628e-05 
-1.419628e-05 
-1.419628e-05 
-1.419628e-05 
-1.419628e-05 
-1.419628e-05 
-1.419628e-05 
-1.419628e-05 
-1.419628e-05 
-1.419628e-05 
-1.419628e-05 
-1.419628e-05 
-1.419628e-05 
-1.419628e-05 
-1.419628e-05 
-1.419628e-05 
-1.419628e-05 
-1.419628e-05 
-1.419628e-05 
-1.419628e-05 
-1.419628e-05 
-1.419628e-05 
-1.419628e-05 
-1.419628e-05 
-1.419628e-05 
-1.419628e-05 
-1.419628e-05 
-1.419628e-05 
-1.419628e-05 
-1.419628e-05 
-1.419628e-05 
-1.419607e-05 
-1.400922e-05 
-1.375795e-05 
-1.346535e-05 
-1.312274e-05 
-1.271927e-05 
-1.224121e-05 
-1.167115e-05 
-1.098693e-05 
-1.015966e-05 
-9.150770e-06 
-7.908540e-06 
-6.362979e-06 
-4.418170e-06 
-1.940882e-06 
1.256262e-06 
5.439384e-06 
1.098797e-05 
1.843902e-05 
2.852955e-05 
4.219729e-05 
6.045289e-05 
8.404064e-05 
1.130322e-04 
1.468494e-04 
1.849650e-04 
2.277704e-04 
2.770570e-04 
3.358270e-04 
4.061473e-04 
4.812710e-04 
4.941506e-04 
4.941506e-04 
4.941506e-04 
4.941506e-04 
4.941506e-04 
4.941506e-04 
4.941506e-04 
4.941506e-04 
4.941506e-04 
4.941506e-04 
4.941506e-04 
4.941506e-04 
4.941506e-04 
4.941506e-04 
4.941506e-04 
4.941506e-04 
4.941506e-04 
4.941506e-04 
4.941506e-04 
4.941506e-04 
4.941506e-04 
4.941506e-04 
4.941506e-04 
4.941506e-04 
4.941506e-04 
4.941506e-04 
4.941506e-04 
4.941506e-04 
4.941506e-04 
4.941506e-04 
4.941506e-04 
4.941506e-04 
4.941506e-04 
4.941506e-04 
4.941506e-04 
4.941506e-04 
4.941506e-04 
4.941506e-04 
4.941506e-04 
4.941506e-04 
4.941506e-04 
4.941506e-04 
4.941506e-04 
4.941506e-04 
4.941506e-04 
4.941506e-04 
4.941506e-04 
4.941506e-04 
4.941506e-04 
4.941506e-04 
4.941506e-04 
4.941506e-04 
4.941506e-04 
4.941506e-04 
4.941506e-04 
4.941506e-04 
4.941506e-04 
4.941506e-04 
4.941506e-04 
4.941506e-04 
4.941506e-04 
4.941506e-04 
4.941506e-04 
5.203141e-04 
5.801247e-04 
6.500604e-04 
7.323647e-04 
8.299745e-04 
9.466803e-04 
1.087282e-03 
1.257695e-03 
1.465569e-03 
1.721721e-03 
2.041429e-03 
2.446052e-03 
2.965914e-03 
3.645050e-03 
4.549016e-03 
0.000000e+00 
0.000000e+00 
0.000000e+00 
0.000000e+00 
0.000000e+00 
0.000000e+00 
0.000000e+00 
0.000000e+00
#[#TRACE_DATA]
#[#TRACE]
