#[TRACE]
#data_labels=Output
#[TRACE_DATA]
4.869966e-04 
9.363783e-01 
9.542487e-01 
9.542487e-01 
9.542487e-01 
9.542486e-01 
9.542369e-01 
9.542332e-01 
9.542331e-01 
9.542331e-01 
9.542331e-01 
5.810341e-01 
1.823422e-05 
2.558298e-06 
2.585630e-06 
2.585630e-06 
2.585630e-06 
3.337124e-06 
3.085343e-05 
5.360751e-04 
5.362488e-04 
5.362488e-04 
5.362488e-04 
1.332249e-03 
1.152650e-01 
9.542486e-01 
9.542487e-01 
9.542487e-01 
9.542487e-01 
9.542413e-01 
9.542339e-01 
9.542331e-01 
9.542331e-01 
9.542331e-01 
9.542331e-01 
2.094427e-03 
9.045419e-06 
1.538240e-05 
1.538239e-05 
1.538239e-05 
1.538273e-05 
1.901811e-05 
-4.024075e-04 
-4.837309e-04 
-4.837309e-04 
-4.837309e-04 
-5.874848e-04 
-1.001266e-02 
-9.542093e-01 
-9.542486e-01 
-9.542486e-01 
-9.542486e-01 
-9.542462e-01 
-9.542345e-01 
-9.542329e-01 
-9.542329e-01 
-9.542329e-01 
-9.542329e-01 
-1.426221e-01 
7.732766e-06 
1.538387e-05 
1.538239e-05 
1.538239e-05 
1.538239e-05 
1.702917e-05 
-1.461420e-05 
-4.837259e-04 
-4.837309e-04 
-4.837309e-04 
-4.837309e-04 
-2.488930e-03 
-7.663090e-01 
-9.542486e-01 
-9.542486e-01 
-9.542486e-01 
-9.542486e-01 
-9.542364e-01 
-9.542329e-01 
-9.542329e-01 
-9.542329e-01 
-9.542329e-01 
-7.910257e-01 
-1.884924e-05 
1.498467e-05 
1.538239e-05 
1.538239e-05 
1.538239e-05 
1.570494e-05 
1.988636e-05 
-4.813316e-04 
-4.837309e-04 
-4.837309e-04 
-4.837309e-04 
-9.650978e-04 
-4.565426e-02 
-9.542485e-01 
-9.542486e-01 
-9.542486e-01 
-9.542486e-01 
-9.542413e-01 
-9.542337e-01 
-9.542329e-01 
-9.542329e-01 
-9.542329e-01 
-9.542329e-01 
-9.062325e-03 
7.122651e-06 
1.538244e-05 
1.538239e-05 
1.538239e-05 
1.538239e-05 
1.836301e-05 
-2.619845e-04 
-4.837308e-04 
-4.837309e-04 
-4.837309e-04 
-5.056444e-04 
-6.132870e-03 
-9.536890e-01 
-9.542486e-01 
-9.542486e-01 
-9.542486e-01 
-9.542475e-01 
-9.542350e-01 
-9.542329e-01 
-9.542329e-01 
-9.542329e-01 
-9.542329e-01 
-3.068039e-01 
9.170715e-06 
1.538461e-05 
1.538239e-05 
1.538239e-05 
1.538239e-05 
1.655752e-05 
9.909434e-06 
-4.836965e-04 
-4.837309e-04 
-4.837309e-04 
-4.837309e-04 
-1.805805e-03 
-4.225259e-01 
-9.542486e-01 
-9.542486e-01 
-9.542486e-01 
-9.542486e-01 
-9.542373e-01 
-9.542331e-01 
-9.542329e-01 
-9.542329e-01 
-9.542329e-01 
-9.420749e-01 
-2.007012e-04 
1.348958e-05 
1.538239e-05 
1.538239e-05 
1.538239e-05 
1.547293e-05 
1.976663e-05 
-4.710264e-04 
-4.837309e-04 
-4.837309e-04 
-4.837309e-04 
-7.656320e-04 
-2.174684e-02 
-9.542474e-01 
-9.542486e-01 
-9.542486e-01 
-9.542486e-01 
-9.542436e-01 
-9.542341e-01 
-9.542329e-01 
-9.542329e-01 
-9.542329e-01 
-9.542329e-01 
-3.479837e-02 
6.791923e-06 
1.538266e-05 
1.538239e-05 
1.538239e-05 
1.538239e-05 
1.774329e-05 
-1.133279e-04 
-4.837305e-04 
-4.837309e-04 
-4.837309e-04 
-4.837309e-04 
-4.013156e-03 
-9.462836e-01 
-9.542486e-01 
-9.542486e-01 
-9.542486e-01 
-9.542484e-01 
-9.542355e-01 
-9.542329e-01 
-9.542329e-01 
-9.542329e-01 
-9.542329e-01 
-5.148846e-01 
9.387456e-06 
1.536222e-05 
1.538239e-05 
1.538239e-05 
1.538239e-05 
1.614694e-05 
1.766836e-05 
-4.835031e-04 
-4.837309e-04 
-4.837309e-04 
-4.837309e-04 
-1.352306e-03 
-1.559647e-01 
-9.542486e-01 
-9.542486e-01 
-9.542486e-01 
-9.542486e-01 
-9.542387e-01 
-9.542334e-01 
-9.542329e-01 
-9.542329e-01 
-9.542329e-01 
-9.542329e-01 
-1.191654e-03 
1.010760e-05 
1.538239e-05 
1.538239e-05 
1.538239e-05 
1.538618e-05 
1.921438e-05 
-4.286299e-04 
-4.837309e-04 
-4.837309e-04 
-4.837309e-04 
-6.220403e-04 
-1.181547e-02 
-9.542311e-01 
-9.542486e-01 
-9.542486e-01 
-9.542486e-01 
-9.542456e-01 
-9.542344e-01 
-9.542329e-01 
-9.542329e-01 
-9.542329e-01 
-9.542329e-01 
-1.067826e-01 
7.390875e-06 
1.538344e-05 
1.538239e-05 
1.538239e-05 
1.538239e-05 
1.718578e-05 
-2.887420e-05 
-4.837282e-04 
-4.837309e-04 
-4.837309e-04 
-4.837309e-04 
-2.764595e-03 
-8.453506e-01 
-9.542486e-01 
-9.542486e-01 
-9.542486e-01 
-9.542486e-01 
-9.542362e-01 
-9.542329e-01 
-9.542329e-01 
-9.542329e-01 
-9.542329e-01 
-7.294825e-01 
-4.335754e-06 
1.515883e-05 
1.538239e-05 
1.538239e-05 
1.538239e-05 
1.579716e-05 
1.972429e-05 
-4.823260e-04 
-4.837309e-04 
-4.837309e-04 
-4.837309e-04 
-1.040352e-03 
-5.915626e-02 
-9.542485e-01 
-9.542486e-01 
-9.542486e-01 
-9.542486e-01 
-9.542407e-01 
-9.542336e-01 
-9.542329e-01 
-9.542329e-01 
-9.542329e-01 
-9.542329e-01 
-5.791830e-03 
7.454959e-06 
1.538242e-05 
1.538239e-05 
1.538239e-05 
1.538239e-05 
1.856122e-05 
-3.118577e-04 
-4.837309e-04 
-4.837309e-04 
-4.837309e-04 
-5.249748e-04 
-7.065503e-03 
-9.539995e-01 
-9.542486e-01 
-9.542486e-01 
-9.542486e-01 
-9.542472e-01 
-9.542348e-01 
-9.542329e-01 
-9.542329e-01 
-9.542329e-01 
-9.542329e-01 
-2.501470e-01 
8.712387e-06 
1.538483e-05 
1.538239e-05 
1.538239e-05 
1.538239e-05 
1.669457e-05 
5.055884e-06 
-4.837117e-04 
-4.837309e-04 
-4.837309e-04 
-4.837309e-04 
-1.984107e-03 
-5.339234e-01 
-9.542486e-01 
-9.542486e-01 
-9.542486e-01 
-9.542486e-01 
-9.542370e-01 
-9.542331e-01 
-9.542329e-01 
-9.542329e-01 
-9.542329e-01 
-9.090971e-01 
-1.089831e-04 
1.414283e-05 
1.538239e-05 
1.538239e-05 
1.538239e-05 
1.552985e-05 
1.987440e-05 
-4.759571e-04 
-4.837309e-04 
-4.837309e-04 
-4.837309e-04 
-8.196522e-04 
-2.683072e-02 
-9.542480e-01 
-9.542486e-01 
-9.542486e-01 
-9.542486e-01 
-9.542429e-01 
-9.542340e-01 
-9.542329e-01 
-9.542329e-01 
-9.542329e-01 
-9.542329e-01 
-2.359369e-02 
6.789251e-06 
1.538256e-05 
1.538239e-05 
1.538239e-05 
1.538239e-05 
1.792616e-05 
-1.525391e-04 
-4.837307e-04 
-4.837309e-04 
-4.837309e-04 
-4.840274e-04 
-4.539420e-03 
-9.507032e-01 
-9.542486e-01 
-9.542486e-01 
-9.542486e-01 
-9.542482e-01 
-9.542353e-01 
-9.542329e-01 
-9.542329e-01 
-9.542329e-01 
-9.542329e-01 
-4.493291e-01 
9.771255e-06 
1.537584e-05 
1.538239e-05 
1.538239e-05 
1.538239e-05 
1.626583e-05 
1.620981e-05 
-4.836020e-04 
-4.837309e-04 
-4.837309e-04 
-4.837309e-04 
-1.472423e-03 
-2.148202e-01 
-9.542486e-01 
-9.542486e-01 
-9.542486e-01 
-9.542486e-01 
-9.542382e-01 
-9.542333e-01 
-9.542329e-01 
-9.542329e-01 
-9.542329e-01 
-9.542329e-01 
-7.102973e-04 
1.126284e-05 
1.538239e-05 
1.538239e-05 
1.538239e-05 
1.539757e-05 
1.940258e-05 
-4.475055e-04 
-4.837309e-04 
-4.837309e-04 
-4.837309e-04 
-6.607729e-04 
-1.406643e-02 
-9.542408e-01 
-9.542486e-01 
-9.542486e-01 
-9.542486e-01 
-9.542451e-01 
-9.542343e-01 
-9.542329e-01 
-9.542329e-01 
-9.542329e-01 
-9.542329e-01 
-7.794079e-02 
7.118642e-06 
1.538311e-05 
1.538239e-05 
1.538239e-05 
1.538239e-05 
1.734861e-05 
-4.789464e-05 
-4.837294e-04 
-4.837309e-04 
-4.837309e-04 
-4.837309e-04 
-3.082433e-03 
-9.037957e-01 
-9.542486e-01 
-9.542486e-01 
-9.542486e-01 
-9.542486e-01 
-9.542359e-01 
-9.542329e-01 
-9.542329e-01 
-9.542329e-01 
-9.542329e-01 
-6.652265e-01 
3.435643e-06 
1.526357e-05 
1.538239e-05 
1.538239e-05 
1.538239e-05 
1.589671e-05 
1.940020e-05 
-4.829164e-04 
-4.837309e-04 
-4.837309e-04 
-4.837309e-04 
-1.123945e-03 
-7.800109e-02 
-9.542486e-01 
-9.542486e-01 
-9.542486e-01 
-9.542486e-01 
-9.542400e-01 
-9.542336e-01 
-9.542329e-01 
-9.542329e-01 
-9.542329e-01 
-9.542329e-01 
-3.642526e-03 
7.995937e-06 
1.538241e-05 
1.538239e-05 
1.538239e-05 
1.538239e-05 
1.876160e-05 
-3.565958e-04 
-4.837309e-04 
-4.837309e-04 
-4.837309e-04 
-5.494386e-04 
-8.193967e-03 
-9.541377e-01 
-9.542486e-01 
-9.542486e-01 
-9.542486e-01 
-9.542468e-01 
-9.542347e-01 
-9.542329e-01 
-9.542329e-01 
-9.542329e-01 
-9.542329e-01 
-1.988592e-01 
8.257222e-06 
1.538449e-05 
1.538239e-05 
1.538239e-05 
1.538239e-05 
1.683742e-05 
-1.789094e-06 
-4.837203e-04 
-4.837309e-04 
-4.837309e-04 
-4.837309e-04 
-2.186766e-03 
-6.429037e-01 
-9.542486e-01 
-9.542486e-01 
-9.542486e-01 
-9.542486e-01 
-9.542367e-01 
-9.542330e-01 
-9.542329e-01 
-9.542329e-01 
-9.542329e-01 
-8.626729e-01 
-5.543457e-05 
1.460703e-05 
1.538239e-05 
1.538239e-05 
1.538239e-05 
1.559969e-05 
1.992939e-05 
-4.790482e-04 
-4.837309e-04 
-4.837309e-04 
-4.837309e-04 
-8.793167e-04 
-3.354947e-02 
-9.542483e-01 
-9.542486e-01 
-9.542486e-01 
-9.542486e-01 
-9.542422e-01 
-9.542339e-01 
-9.542329e-01 
-9.542329e-01 
-9.542329e-01 
-9.542329e-01 
-1.569048e-02 
6.876004e-06 
1.538249e-05 
1.538239e-05 
1.538239e-05 
1.538239e-05 
1.811456e-05 
-1.977793e-04 
-4.837308e-04 
-4.837309e-04 
-4.837309e-04 
-4.893837e-04 
-5.160987e-03 
-9.526705e-01 
-9.542486e-01 
-9.542486e-01 
-9.542486e-01 
-9.542479e-01 
-9.542352e-01 
-9.542329e-01 
-9.542329e-01 
-9.542329e-01 
-9.542329e-01 
-3.851924e-01 
9.650551e-06 
1.538200e-05 
1.538239e-05 
1.538239e-05 
1.538239e-05 
1.639017e-05 
1.407482e-05 
-4.836584e-04 
-4.837309e-04 
-4.837309e-04 
-4.837309e-04 
-1.607395e-03 
-2.939395e-01 
-9.542486e-01 
-9.542486e-01 
-9.542486e-01 
-9.542486e-01 
-9.542378e-01 
-9.542332e-01 
-9.542329e-01 
-9.542329e-01 
-9.542329e-01 
-9.542329e-01 
-4.150053e-04 
1.235062e-05 
1.538239e-05 
1.538239e-05 
1.538239e-05 
1.542124e-05 
1.957684e-05 
-4.605220e-04 
-4.837309e-04 
-4.837309e-04 
-4.837309e-04 
-7.037961e-04 
-1.690932e-02 
-9.542451e-01 
-9.542486e-01 
-9.542486e-01 
-9.542486e-01 
-9.542445e-01 
-9.542342e-01 
-9.542329e-01 
-9.542329e-01 
-9.542329e-01 
-9.542329e-01 
-5.552976e-02 
6.922606e-06 
2.562154e-06 
2.562507e-06 
2.562507e-06 
2.562507e-06 
5.680932e-06 
2.077348e-04 
5.362349e-04 
5.362352e-04 
5.362352e-04 
5.362352e-04 
3.532892e-03 
9.318051e-01 
9.542487e-01 
9.542487e-01 
9.542487e-01 
9.542486e-01 
9.542369e-01 
9.542332e-01 
9.542331e-01 
9.542331e-01 
9.542331e-01 
5.996119e-01 
2.170059e-05 
2.635860e-06 
2.562507e-06 
2.562507e-06 
2.562507e-06 
3.268977e-06 
2.956234e-05 
5.360303e-04 
5.362352e-04 
5.362352e-04 
5.362352e-04 
1.300238e-03 
1.058449e-01 
9.542486e-01 
9.542487e-01 
9.542487e-01 
9.542487e-01 
9.542414e-01 
9.542339e-01 
9.542331e-01 
9.542331e-01 
9.542331e-01 
9.542331e-01 
2.391274e-03 
7.376432e-06 
2.562497e-06 
2.562507e-06 
2.562507e-06 
2.562638e-06 
9.591058e-06 
4.845891e-04 
5.362352e-04 
5.362352e-04 
5.362352e-04 
6.407323e-04 
9.763053e-03 
9.541994e-01 
9.542487e-01 
9.542487e-01 
9.542487e-01 
9.542468e-01 
9.542353e-01 
9.542331e-01 
9.542331e-01 
9.542331e-01 
9.542331e-01 
1.544684e-01 
7.995233e-06 
2.561542e-06 
2.562507e-06 
2.562507e-06 
2.562507e-06 
4.708551e-06 
1.089039e-04 
5.362331e-04 
5.362352e-04 
5.362352e-04 
5.362352e-04 
2.485093e-03 
7.415325e-01 
9.542487e-01 
9.542487e-01 
9.542487e-01 
9.542487e-01 
9.542380e-01 
9.542333e-01 
9.542331e-01 
9.542331e-01 
9.542331e-01 
8.076038e-01 
6.699983e-05 
1.491889e-05 
1.538239e-05 
1.538239e-05 
1.538239e-05 
1.568049e-05 
1.990941e-05 
-4.809481e-04 
-4.837309e-04 
-4.837309e-04 
-4.837309e-04 
-9.452967e-04 
-4.257416e-02 
-9.542485e-01 
-9.542486e-01 
-9.542486e-01 
-9.542486e-01 
-9.542415e-01 
-9.542338e-01 
-9.542329e-01 
-9.542329e-01 
-9.542329e-01 
-9.542329e-01 
-1.024767e-02 
7.054304e-06 
1.538245e-05 
1.538239e-05 
1.538239e-05 
1.538239e-05 
1.830788e-05 
-2.476205e-04 
-4.837308e-04 
-4.837309e-04 
-4.837309e-04 
-5.012154e-04 
-5.900085e-03 
-9.535462e-01 
-9.542486e-01 
-9.542486e-01 
-9.542486e-01 
-9.542476e-01 
-9.542350e-01 
-9.542329e-01 
-9.542329e-01 
-9.542329e-01 
-9.542329e-01 
-3.235326e-01 
9.292212e-06 
1.538434e-05 
1.538239e-05 
1.538239e-05 
1.538239e-05 
1.652000e-05 
1.099424e-05 
-4.836903e-04 
-4.837309e-04 
-4.837309e-04 
-4.837309e-04 
-1.759547e-03 
-3.922884e-01 
-9.542486e-01 
-9.542486e-01 
-9.542486e-01 
-9.542486e-01 
-9.542374e-01 
-9.542332e-01 
-9.542329e-01 
-9.542329e-01 
-9.542329e-01 
-9.479950e-01 
-2.364542e-04 
1.326847e-05 
1.538239e-05 
1.538239e-05 
1.538239e-05 
1.545949e-05 
1.972915e-05 
-4.691867e-04 
-4.837309e-04 
-4.837309e-04 
-4.837309e-04 
-7.513768e-04 
-2.054503e-02 
-9.542470e-01 
-9.542486e-01 
-9.542486e-01 
-9.542486e-01 
-9.542438e-01 
-9.542341e-01 
-9.542329e-01 
-9.542329e-01 
-9.542329e-01 
-9.542329e-01 
-3.867486e-02 
6.808583e-06 
1.538269e-05 
1.538239e-05 
1.538239e-05 
1.538239e-05 
1.769291e-05 
-1.034613e-04 
-4.837304e-04 
-4.837309e-04 
-4.837309e-04 
-4.837309e-04 
-3.879828e-03 
-9.442448e-01 
-9.542486e-01 
-9.542486e-01 
-9.542486e-01 
-9.542484e-01 
-9.542356e-01 
-9.542329e-01 
-9.542329e-01 
-9.542329e-01 
-9.542329e-01 
-5.334556e-01 
9.130537e-06 
1.535629e-05 
1.538239e-05 
1.538239e-05 
1.538239e-05 
1.611448e-05 
1.798462e-05 
-4.834638e-04 
-4.837309e-04 
-4.837309e-04 
-4.837309e-04 
-1.320922e-03 
-1.426533e-01 
-9.542486e-01 
-9.542486e-01 
-9.542486e-01 
-9.542486e-01 
-9.542389e-01 
-9.542334e-01 
-9.542329e-01 
-9.542329e-01 
-9.542329e-01 
-9.542329e-01 
-1.373926e-03 
9.791949e-06 
1.538240e-05 
1.538239e-05 
1.538239e-05 
1.538463e-05 
1.915978e-05 
-4.220510e-04 
-4.837309e-04 
-4.837309e-04 
-4.837309e-04 
-6.118990e-04 
-1.126824e-02 
-9.542266e-01 
-9.542486e-01 
-9.542486e-01 
-9.542486e-01 
-9.542458e-01 
-9.542345e-01 
-9.542329e-01 
-9.542329e-01 
-9.542329e-01 
-9.542329e-01 
-1.161414e-01 
7.480321e-06 
1.538355e-05 
1.538239e-05 
1.538239e-05 
1.538239e-05 
1.714111e-05 
-2.442321e-05 
-4.837277e-04 
-4.837309e-04 
-4.837309e-04 
-4.837309e-04 
-2.683115e-03 
-8.247660e-01 
-9.542486e-01 
-9.542486e-01 
-9.542486e-01 
-9.542486e-01 
-9.542362e-01 
-9.542329e-01 
-9.542329e-01 
-9.542329e-01 
-9.542329e-01 
-7.471375e-01 
-7.570961e-06 
1.511814e-05 
1.538239e-05 
1.538239e-05 
1.538239e-05 
1.577043e-05 
1.978398e-05 
-4.820966e-04 
-4.837309e-04 
-4.837309e-04 
-4.837309e-04 
-1.018389e-03 
-5.490372e-02 
-9.542485e-01 
-9.542486e-01 
-9.542486e-01 
-9.542486e-01 
-9.542408e-01 
-9.542337e-01 
-9.542329e-01 
-9.542329e-01 
-9.542329e-01 
-9.542329e-01 
-6.579846e-03 
7.344517e-06 
1.538243e-05 
1.538239e-05 
1.538239e-05 
1.538239e-05 
1.850518e-05 
-2.981850e-04 
-4.837309e-04 
-4.837309e-04 
-4.837309e-04 
-5.189907e-04 
-6.785339e-03 
-9.539360e-01 
-9.542486e-01 
-9.542486e-01 
-9.542486e-01 
-9.542473e-01 
-9.542349e-01 
-9.542329e-01 
-9.542329e-01 
-9.542329e-01 
-9.542329e-01 
-2.655926e-01 
8.843095e-06 
1.538485e-05 
1.538239e-05 
1.538239e-05 
1.538239e-05 
1.665545e-05 
6.595827e-06 
-4.837083e-04 
-4.837309e-04 
-4.837309e-04 
-4.837309e-04 
-1.931660e-03 
-5.023769e-01 
-9.542486e-01 
-9.542486e-01 
-9.542486e-01 
-9.542486e-01 
-9.542371e-01 
-9.542331e-01 
-9.542329e-01 
-9.542329e-01 
-9.542329e-01 
-9.199809e-01 
-1.300654e-04 
1.397953e-05 
1.538239e-05 
1.538239e-05 
1.538239e-05 
1.551246e-05 
1.984863e-05 
-4.747880e-04 
-4.837309e-04 
-4.837309e-04 
-4.837309e-04 
-8.039143e-04 
-2.525854e-02 
-9.542479e-01 
-9.542486e-01 
-9.542486e-01 
-9.542486e-01 
-9.542431e-01 
-9.542340e-01 
-9.542329e-01 
-9.542329e-01 
-9.542329e-01 
-9.542329e-01 
-2.637156e-02 
6.781002e-06 
1.538258e-05 
1.538239e-05 
1.538239e-05 
1.538239e-05 
1.787414e-05 
-1.408706e-04 
-4.837307e-04 
-4.837309e-04 
-4.837309e-04 
-4.837309e-04 
-4.382601e-03 
-9.497956e-01 
-9.542486e-01 
-9.542486e-01 
-9.542486e-01 
-9.542482e-01 
-9.542354e-01 
-9.542329e-01 
-9.542329e-01 
-9.542329e-01 
-9.542329e-01 
-4.676641e-01 
9.729996e-06 
1.537297e-05 
1.538239e-05 
1.538239e-05 
1.538239e-05 
1.623184e-05 
1.667887e-05 
-4.835796e-04 
-4.837309e-04 
-4.837309e-04 
-4.837309e-04 
-1.437228e-03 
-1.963129e-01 
-9.542486e-01 
-9.542486e-01 
-9.542486e-01 
-9.542486e-01 
-9.542384e-01 
-9.542333e-01 
-9.542329e-01 
-9.542329e-01 
-9.542329e-01 
-9.542329e-01 
-8.231022e-04 
1.093872e-05 
1.538239e-05 
1.538239e-05 
1.538239e-05 
1.539328e-05 
1.935077e-05 
-4.428536e-04 
-4.837309e-04 
-4.837309e-04 
-4.837309e-04 
-6.494528e-04 
-1.338059e-02 
-9.542388e-01 
-9.542486e-01 
-9.542486e-01 
-9.542486e-01 
-9.542452e-01 
-9.542343e-01 
-9.542329e-01 
-9.542329e-01 
-9.542329e-01 
-9.542329e-01 
-8.537100e-02 
7.187762e-06 
1.538319e-05 
1.538239e-05 
1.538239e-05 
1.538239e-05 
1.730218e-05 
-4.201024e-05 
-4.837291e-04 
-4.837309e-04 
-4.837309e-04 
-4.837309e-04 
-2.988329e-03 
-8.908948e-01 
-9.542486e-01 
-9.542486e-01 
-9.542486e-01 
-9.542486e-01 
-9.542360e-01 
-9.542329e-01 
-9.542329e-01 
-9.542329e-01 
-9.542329e-01 
-6.834883e-01 
1.736254e-06 
1.523956e-05 
1.538239e-05 
1.538239e-05 
1.538239e-05 
1.586803e-05 
1.951104e-05 
-4.827808e-04 
-4.837309e-04 
-4.837309e-04 
-4.837309e-04 
-1.099528e-03 
-7.203481e-02 
-9.542486e-01 
-9.542486e-01 
-9.542486e-01 
-9.542486e-01 
-9.542402e-01 
-9.542336e-01 
-9.542329e-01 
-9.542329e-01 
-9.542329e-01 
-9.542329e-01 
-4.156677e-03 
7.818033e-06 
1.538241e-05 
1.538239e-05 
1.538239e-05 
1.538239e-05 
1.870513e-05 
-3.447289e-04 
-4.837309e-04 
-4.837309e-04 
-4.837309e-04 
-5.420705e-04 
-7.853995e-03 
-9.541094e-01 
-9.542486e-01 
-9.542486e-01 
-9.542486e-01 
-9.542469e-01 
-9.542347e-01 
-9.542329e-01 
-9.542329e-01 
-9.542329e-01 
-9.542329e-01 
-2.126740e-01 
8.382487e-06 
1.538462e-05 
1.538239e-05 
1.538239e-05 
1.538239e-05 
1.679665e-05 
3.752139e-07 
-4.837184e-04 
-4.837309e-04 
-4.837309e-04 
-4.837309e-04 
-2.127074e-03 
-6.130573e-01 
-9.542486e-01 
-9.542486e-01 
-9.542486e-01 
-9.542486e-01 
-9.542368e-01 
-9.542330e-01 
-9.542329e-01 
-9.542329e-01 
-9.542329e-01 
-8.767740e-01 
-6.765797e-05 
1.449363e-05 
1.538239e-05 
1.538239e-05 
1.538239e-05 
1.557886e-05 
1.992041e-05 
-4.783213e-04 
-4.837309e-04 
-4.837309e-04 
-4.837309e-04 
-8.619285e-04 
-3.146060e-02 
-9.542483e-01 
-9.542486e-01 
-9.542486e-01 
-9.542486e-01 
-9.542424e-01 
-9.542339e-01 
-9.542329e-01 
-9.542329e-01 
-9.542329e-01 
-9.542329e-01 
-1.763109e-02 
6.842528e-06 
1.538251e-05 
1.538239e-05 
1.538239e-05 
1.538239e-05 
1.806104e-05 
-1.844975e-04 
-4.837308e-04 
-4.837309e-04 
-4.837309e-04 
-4.872139e-04 
-4.975351e-03 
-9.522665e-01 
-9.542486e-01 
-9.542486e-01 
-9.542486e-01 
-9.542480e-01 
-9.542352e-01 
-9.542329e-01 
-9.542329e-01 
-9.542329e-01 
-9.542329e-01 
-4.030306e-01 
9.717231e-06 
1.538078e-05 
1.538239e-05 
1.538239e-05 
1.538239e-05 
1.635464e-05 
1.475759e-05 
-4.836456e-04 
-4.837309e-04 
-4.837309e-04 
-4.837309e-04 
-1.567804e-03 
-2.695817e-01 
-9.542486e-01 
-9.542486e-01 
-9.542486e-01 
-9.542486e-01 
-9.542379e-01 
-9.542332e-01 
-9.542329e-01 
-9.542329e-01 
-9.542329e-01 
-9.542329e-01 
-4.838097e-04 
1.205878e-05 
1.538239e-05 
1.538239e-05 
1.538239e-05 
1.541317e-05 
1.952966e-05 
-4.573610e-04 
-4.837309e-04 
-4.837309e-04 
-4.837309e-04 
-6.912486e-04 
-1.603956e-02 
-9.542442e-01 
-9.542486e-01 
-9.542486e-01 
-9.542486e-01 
-9.542447e-01 
-9.542342e-01 
-9.542329e-01 
-9.542329e-01 
-9.542329e-01 
-9.542329e-01 
-6.122987e-02 
6.969742e-06 
1.538292e-05 
1.538239e-05 
1.538239e-05 
1.538239e-05 
1.746949e-05 
-6.500192e-05 
-4.837299e-04 
-4.837309e-04 
-4.837309e-04 
-4.837309e-04 
-3.341496e-03 
-9.260276e-01 
-9.542486e-01 
-9.542486e-01 
-9.542486e-01 
-9.542485e-01 
-9.542358e-01 
-9.542329e-01 
-9.542329e-01 
-9.542329e-01 
-9.542329e-01 
-6.181212e-01 
6.530000e-06 
1.531013e-05 
1.538239e-05 
1.538239e-05 
1.538239e-05 
1.597226e-05 
1.903225e-05 
-4.831835e-04 
-4.837309e-04 
-4.837309e-04 
-4.837309e-04 
-1.189811e-03 
-9.619456e-02 
-9.542486e-01 
-9.542486e-01 
-9.542486e-01 
-9.542486e-01 
-9.542396e-01 
-9.542335e-01 
-9.542329e-01 
-9.542329e-01 
-9.542329e-01 
-9.542329e-01 
-2.584697e-03 
8.541702e-06 
1.538240e-05 
1.538239e-05 
1.538239e-05 
1.538241e-05 
1.890583e-05 
-3.840140e-04 
-4.837309e-04 
-4.837309e-04 
-4.837309e-04 
-5.698960e-04 
-9.155042e-03 
-9.541867e-01 
-9.542486e-01 
-9.542486e-01 
-9.542486e-01 
-9.542464e-01 
-9.542346e-01 
-9.542329e-01 
-9.542329e-01 
-9.542329e-01 
-9.542329e-01 
-1.659159e-01 
7.952431e-06 
1.538415e-05 
1.538239e-05 
1.538239e-05 
1.538239e-05 
1.694376e-05 
-8.327363e-06 
-4.837240e-04 
-4.837309e-04 
-4.837309e-04 
-4.837309e-04 
-2.349821e-03 
-7.149479e-01 
-9.542486e-01 
-9.542486e-01 
-9.542486e-01 
-9.542486e-01 
-9.542365e-01 
-9.542330e-01 
-9.542329e-01 
-9.542329e-01 
-9.542329e-01 
-8.237504e-01 
-3.169393e-05 
1.484425e-05 
1.538239e-05 
1.538239e-05 
1.538239e-05 
1.565677e-05 
1.992419e-05 
-4.805045e-04 
-4.837309e-04 
-4.837309e-04 
-4.837309e-04 
-9.260573e-04 
-3.975253e-02 
-9.542485e-01 
-9.542486e-01 
-9.542486e-01 
-9.542486e-01 
-9.542417e-01 
-9.542338e-01 
-9.542329e-01 
-9.542329e-01 
-9.542329e-01 
-9.542329e-01 
-1.157245e-02 
6.977002e-06 
2.562446e-06 
2.562507e-06 
2.562507e-06 
2.562507e-06 
7.358938e-06 
3.727038e-04 
5.362351e-04 
5.362352e-04 
5.362352e-04 
5.512331e-04 
5.801747e-03 
9.533676e-01 
9.542487e-01 
9.542487e-01 
9.542487e-01 
9.542479e-01 
9.542360e-01 
9.542331e-01 
9.542331e-01 
9.542331e-01 
9.542331e-01 
3.407997e-01 
1.076550e-05 
2.564421e-06 
2.562507e-06 
2.562507e-06 
2.562507e-06 
3.921086e-06 
5.500707e-05 
5.362163e-04 
5.362352e-04 
5.362352e-04 
5.362352e-04 
1.782550e-03 
3.644479e-01 
9.542487e-01 
9.542487e-01 
9.542487e-01 
9.542487e-01 
9.542394e-01 
9.542335e-01 
9.542331e-01 
9.542331e-01 
9.542331e-01 
9.520774e-01 
3.472658e-04 
4.677400e-06 
2.562506e-06 
2.562507e-06 
2.562507e-06 
2.629749e-06 
1.357920e-05 
5.276526e-04 
5.362352e-04 
5.362352e-04 
5.362352e-04 
8.131044e-04 
1.977374e-02 
9.542467e-01 
9.542487e-01 
9.542487e-01 
9.542487e-01 
9.542451e-01 
9.542347e-01 
9.542331e-01 
9.542331e-01 
9.542331e-01 
9.542331e-01 
4.333184e-02 
6.844467e-06 
2.562243e-06 
2.562507e-06 
2.562507e-06 
2.562507e-06 
5.935849e-06 
2.356167e-04 
5.362350e-04 
5.362352e-04 
5.362352e-04 
5.362352e-04 
3.839797e-03 
9.416989e-01 
9.542487e-01 
9.542487e-01 
9.542487e-01 
9.542485e-01 
9.542367e-01 
9.542332e-01 
9.542331e-01 
9.542331e-01 
9.542331e-01 
5.521111e-01 
1.824045e-05 
1.534912e-05 
1.538239e-05 
1.538239e-05 
1.538239e-05 
1.608247e-05 
1.826635e-05 
-4.834180e-04 
-4.837309e-04 
-4.837309e-04 
-4.837309e-04 
-1.290519e-03 
-1.305828e-01 
-9.542486e-01 
-9.542486e-01 
-9.542486e-01 
-9.542486e-01 
-9.542390e-01 
-9.542334e-01 
-9.542329e-01 
-9.542329e-01 
-9.542329e-01 
-9.542329e-01 
-1.581976e-03 
9.487528e-06 
1.538240e-05 
1.538239e-05 
1.538239e-05 
1.538359e-05 
1.910466e-05 
-4.148654e-04 
-4.837309e-04 
-4.837309e-04 
-4.837309e-04 
-6.020869e-04 
-1.075366e-02 
-9.542210e-01 
-9.542486e-01 
-9.542486e-01 
-9.542486e-01 
-9.542459e-01 
-9.542345e-01 
-9.542329e-01 
-9.542329e-01 
-9.542329e-01 
-9.542329e-01 
-1.260633e-01 
7.575121e-06 
1.538367e-05 
1.538239e-05 
1.538239e-05 
1.538239e-05 
1.709692e-05 
-2.032792e-05 
-4.837271e-04 
-4.837309e-04 
-4.837309e-04 
-4.837309e-04 
-2.604802e-03 
-8.028802e-01 
-9.542486e-01 
-9.542486e-01 
-9.542486e-01 
-9.542486e-01 
-9.542363e-01 
-9.542329e-01 
-9.542329e-01 
-9.542329e-01 
-9.542329e-01 
-7.645431e-01 
-1.141528e-05 
1.507135e-05 
1.538239e-05 
1.538239e-05 
1.538239e-05 
1.574431e-05 
1.983210e-05 
-4.818300e-04 
-4.837309e-04 
-4.837309e-04 
-4.837309e-04 
-9.970608e-04 
-5.102660e-02 
-9.542485e-01 
-9.542486e-01 
-9.542486e-01 
-9.542486e-01 
-9.542410e-01 
-9.542337e-01 
-9.542329e-01 
-9.542329e-01 
-9.542329e-01 
-9.542329e-01 
-7.465487e-03 
7.248490e-06 
1.538243e-05 
1.538239e-05 
1.538239e-05 
1.538239e-05 
1.844935e-05 
-2.841877e-04 
-4.837309e-04 
-4.837309e-04 
-4.837309e-04 
-5.134328e-04 
-6.519612e-03 
-9.538559e-01 
-9.542486e-01 
-9.542486e-01 
-9.542486e-01 
-9.542474e-01 
-9.542349e-01 
-9.542329e-01 
-9.542329e-01 
-9.542329e-01 
-9.542329e-01 
-2.814363e-01 
8.973112e-06 
1.538482e-05 
1.538239e-05 
1.538239e-05 
1.538239e-05 
1.661678e-05 
7.992584e-06 
-4.837042e-04 
-4.837309e-04 
-4.837309e-04 
-4.837309e-04 
-1.881053e-03 
-4.708631e-01 
-9.542486e-01 
-9.542486e-01 
-9.542486e-01 
-9.542486e-01 
-9.542372e-01 
-9.542331e-01 
-9.542329e-01 
-9.542329e-01 
-9.542329e-01 
-9.296791e-01 
-1.545637e-04 
1.380047e-05 
1.538239e-05 
1.538239e-05 
1.538239e-05 
1.549613e-05 
1.981912e-05 
-4.734581e-04 
-4.837309e-04 
-4.837309e-04 
-4.837309e-04 
-7.886087e-04 
-2.380298e-02 
-9.542477e-01 
-9.542486e-01 
-9.542486e-01 
-9.542486e-01 
-9.542433e-01 
-9.542340e-01 
-9.542329e-01 
-9.542329e-01 
-9.542329e-01 
-9.542329e-01 
-2.943057e-02 
6.779818e-06 
1.538261e-05 
1.538239e-05 
1.538239e-05 
1.538239e-05 
1.782258e-05 
-1.296978e-04 
-4.837306e-04 
-4.837309e-04 
-4.837309e-04 
-4.837309e-04 
-4.232874e-03 
-9.486554e-01 
-9.542486e-01 
-9.542486e-01 
-9.542486e-01 
-9.542483e-01 
-9.542354e-01 
-9.542329e-01 
-9.542329e-01 
-9.542329e-01 
-9.542329e-01 
-4.860898e-01 
9.641738e-06 
1.536942e-05 
1.538239e-05 
1.538239e-05 
1.538239e-05 
1.619828e-05 
1.709967e-05 
-4.835533e-04 
-4.837309e-04 
-4.837309e-04 
-4.837309e-04 
-1.403161e-03 
-1.793769e-01 
-9.542486e-01 
-9.542486e-01 
-9.542486e-01 
-9.542486e-01 
-9.542385e-01 
-9.542333e-01 
-9.542329e-01 
-9.542329e-01 
-9.542329e-01 
-9.542329e-01 
-9.523983e-04 
1.061209e-05 
1.538239e-05 
1.538239e-05 
1.538239e-05 
1.538989e-05 
1.929801e-05 
-4.377084e-04 
-4.837309e-04 
-4.837309e-04 
-4.837309e-04 
-6.384673e-04 
-1.273768e-02 
-9.542363e-01 
-9.542486e-01 
-9.542486e-01 
-9.542486e-01 
-9.542454e-01 
-9.542344e-01 
-9.542329e-01 
-9.542329e-01 
-9.542329e-01 
-9.542329e-01 
-9.332783e-02 
7.262784e-06 
1.538328e-05 
1.538239e-05 
1.538239e-05 
1.538239e-05 
1.725625e-05 
-3.655459e-05 
-4.837288e-04 
-4.837309e-04 
-4.837309e-04 
-4.837309e-04 
-2.898007e-03 
-8.747358e-01 
-9.542486e-01 
-9.542486e-01 
-9.542486e-01 
-9.542486e-01 
-9.542361e-01 
-9.542329e-01 
-9.542329e-01 
-9.542329e-01 
-9.542329e-01 
-7.016161e-01 
-3.120385e-07 
1.521157e-05 
1.538239e-05 
1.538239e-05 
1.538239e-05 
1.583988e-05 
1.960574e-05 
-4.826228e-04 
-4.837309e-04 
-4.837309e-04 
-4.837309e-04 
-1.075834e-03 
-6.661849e-02 
-9.542486e-01 
-9.542486e-01 
-9.542486e-01 
-9.542486e-01 
-9.542404e-01 
-9.542336e-01 
-9.542329e-01 
-9.542329e-01 
-9.542329e-01 
-9.542329e-01 
-4.737484e-03 
7.660845e-06 
1.538242e-05 
1.538239e-05 
1.538239e-05 
1.538239e-05 
1.864872e-05 
-3.322814e-04 
-4.837309e-04 
-4.837309e-04 
-4.837309e-04 
-5.350818e-04 
-7.532310e-03 
-9.540738e-01 
-9.542486e-01 
-9.542486e-01 
-9.542486e-01 
-9.542470e-01 
-9.542348e-01 
-9.542329e-01 
-9.542329e-01 
-9.542329e-01 
-9.542329e-01 
-2.269787e-01 
8.510284e-06 
1.538472e-05 
1.538239e-05 
1.538239e-05 
1.538239e-05 
1.675635e-05 
2.344170e-06 
-4.837161e-04 
-4.837309e-04 
-4.837309e-04 
-4.837309e-04 
-2.069538e-03 
-5.824867e-01 
-9.542486e-01 
-9.542486e-01 
-9.542486e-01 
-9.542486e-01 
-9.542369e-01 
-9.542330e-01 
-9.542329e-01 
-9.542329e-01 
-9.542329e-01 
-8.901081e-01 
-8.193306e-05 
1.436721e-05 
1.538239e-05 
1.538239e-05 
1.538239e-05 
1.555893e-05 
1.990610e-05 
-4.774896e-04 
-4.837309e-04 
-4.837309e-04 
-4.837309e-04 
-8.450232e-04 
-2.953533e-02 
-9.542482e-01 
-9.542486e-01 
-9.542486e-01 
-9.542486e-01 
-9.542426e-01 
-9.542339e-01 
-9.542329e-01 
-9.542329e-01 
-9.542329e-01 
-9.542329e-01 
-1.978291e-02 
6.816162e-06 
1.538253e-05 
1.538239e-05 
1.538239e-05 
1.538239e-05 
1.800793e-05 
-1.716387e-04 
-4.837307e-04 
-4.837309e-04 
-4.837309e-04 
-4.855606e-04 
-4.798436e-03 
-9.517590e-01 
-9.542486e-01 
-9.542486e-01 
-9.542486e-01 
-9.542481e-01 
-9.542353e-01 
-9.542329e-01 
-9.542329e-01 
-9.542329e-01 
-9.542329e-01 
-4.210382e-01 
9.761195e-06 
1.537919e-05 
1.538239e-05 
1.538239e-05 
1.538239e-05 
1.631955e-05 
1.537285e-05 
-4.836307e-04 
-4.837309e-04 
-4.837309e-04 
-4.837309e-04 
-1.529516e-03 
-2.468602e-01 
-9.542486e-01 
-9.542486e-01 
-9.542486e-01 
-9.542486e-01 
-9.542380e-01 
-9.542333e-01 
-9.542329e-01 
-9.542329e-01 
-9.542329e-01 
-9.542329e-01 
-5.629940e-04 
1.175477e-05 
1.538239e-05 
1.538239e-05 
1.538239e-05 
1.540621e-05 
1.948095e-05 
-4.538286e-04 
-4.837309e-04 
-4.837309e-04 
-4.837309e-04 
-6.790538e-04 
-1.522704e-02 
-9.542431e-01 
-9.542486e-01 
-9.542486e-01 
-9.542486e-01 
-9.542448e-01 
-9.542343e-01 
-9.542329e-01 
-9.542329e-01 
-9.542329e-01 
-9.542329e-01 
-6.739157e-02 
7.023176e-06 
1.538299e-05 
1.538239e-05 
1.538239e-05 
1.538239e-05 
1.742181e-05 
-5.794240e-05 
-4.837297e-04 
-4.837309e-04 
-4.837309e-04 
-4.837309e-04 
-3.236797e-03 
-9.188214e-01 
-9.542486e-01 
-9.542486e-01 
-9.542486e-01 
-9.542486e-01 
-9.542359e-01 
-9.542329e-01 
-9.542329e-01 
-9.542329e-01 
-9.542329e-01 
-6.366149e-01 
5.504629e-06 
1.529418e-05 
1.538239e-05 
1.538239e-05 
1.538239e-05 
1.594233e-05 
1.919192e-05 
-4.830910e-04 
-4.837309e-04 
-4.837309e-04 
-4.837309e-04 
-1.163423e-03 
-8.852364e-02 
-9.542486e-01 
-9.542486e-01 
-9.542486e-01 
-9.542486e-01 
-9.542397e-01 
-9.542335e-01 
-9.542329e-01 
-9.542329e-01 
-9.542329e-01 
-9.542329e-01 
-2.958921e-03 
8.313424e-06 
1.538240e-05 
1.538239e-05 
1.538239e-05 
1.538239e-05 
1.884944e-05 
-3.738136e-04 
-4.837309e-04 
-4.837309e-04 
-4.837309e-04 
-5.616186e-04 
-8.762206e-03 
-9.541708e-01 
-9.542486e-01 
-9.542486e-01 
-9.542486e-01 
-9.542466e-01 
-9.542347e-01 
-9.542329e-01 
-9.542329e-01 
-9.542329e-01 
-9.542329e-01 
-1.783919e-01 
8.068767e-06 
1.538429e-05 
1.538239e-05 
1.538239e-05 
1.538239e-05 
1.690178e-05 
-5.584256e-06 
-4.837227e-04 
-4.837309e-04 
-4.837309e-04 
-4.837309e-04 
-2.284143e-03 
-6.875528e-01 
-9.542486e-01 
-9.542486e-01 
-9.542486e-01 
-9.542486e-01 
-9.542366e-01 
-9.542330e-01 
-9.542329e-01 
-9.542329e-01 
-9.542329e-01 
-8.394188e-01 
-3.985535e-05 
1.475981e-05 
1.538239e-05 
1.538239e-05 
1.538239e-05 
1.563381e-05 
1.993144e-05 
-4.799944e-04 
-4.837309e-04 
-4.837309e-04 
-4.837309e-04 
-9.073609e-04 
-3.716416e-02 
-9.542484e-01 
-9.542486e-01 
-9.542486e-01 
-9.542486e-01 
-9.542419e-01 
-9.542338e-01 
-9.542329e-01 
-9.542329e-01 
-9.542329e-01 
-9.542329e-01 
-1.305069e-02 
6.942349e-06 
1.538247e-05 
1.538239e-05 
1.538239e-05 
1.538239e-05 
1.819857e-05 
-2.191851e-04 
-4.837308e-04 
-4.837309e-04 
-4.837309e-04 
-4.937970e-04 
-5.468352e-03 
-9.531405e-01 
-9.542486e-01 
-9.542486e-01 
-9.542486e-01 
-9.542478e-01 
-9.542351e-01 
-9.542329e-01 
-9.542329e-01 
-9.542329e-01 
-9.542329e-01 
-3.578426e-01 
9.512324e-06 
1.538335e-05 
1.538239e-05 
1.538239e-05 
1.538239e-05 
1.644629e-05 
1.286271e-05 
-4.836747e-04 
-4.837309e-04 
-4.837309e-04 
-4.837309e-04 
-1.671693e-03 
-3.348971e-01 
-9.542486e-01 
-9.542486e-01 
-9.542486e-01 
-9.542486e-01 
-9.542376e-01 
-9.542332e-01 
-9.542329e-01 
-9.542329e-01 
-9.542329e-01 
-9.540897e-01 
-3.256174e-04 
1.277662e-05 
1.538239e-05 
1.538239e-05 
1.538239e-05 
1.543611e-05 
1.964674e-05 
-4.647656e-04 
-4.837309e-04 
-4.837309e-04 
-4.837309e-04 
-7.240301e-04 
-1.838786e-02 
-9.542462e-01 
-9.542486e-01 
-9.542486e-01 
-9.542486e-01 
-9.542442e-01 
-9.542341e-01 
-9.542329e-01 
-9.542329e-01 
-9.542329e-01 
-9.542329e-01 
-4.753046e-02 
6.862378e-06 
1.538278e-05 
1.538239e-05 
1.538239e-05 
1.538239e-05 
1.759358e-05 
-8.527724e-05 
-4.837303e-04 
-4.837309e-04 
-4.837309e-04 
-4.837309e-04 
-3.630289e-03 
-9.384736e-01 
-9.542486e-01 
-9.542486e-01 
-9.542486e-01 
-9.542485e-01 
-9.542357e-01 
-9.542329e-01 
-9.542329e-01 
-9.542329e-01 
-9.542329e-01 
-5.706569e-01 
8.328748e-06 
1.534050e-05 
1.538239e-05 
1.538239e-05 
1.538239e-05 
1.605089e-05 
1.851665e-05 
-4.833643e-04 
-4.837309e-04 
-4.837309e-04 
-4.837309e-04 
-1.261057e-03 
-1.196497e-01 
-9.542486e-01 
-9.542486e-01 
-9.542486e-01 
-9.542486e-01 
-9.542392e-01 
-9.542334e-01 
-9.542329e-01 
-9.542329e-01 
-9.542329e-01 
-9.542329e-01 
-1.819155e-03 
7.215729e-06 
2.562499e-06 
2.562507e-06 
2.562507e-06 
2.563143e-06 
9.934558e-06 
4.928717e-04 
5.362352e-04 
5.362352e-04 
5.362352e-04 
6.561478e-04 
1.047293e-02 
9.542141e-01 
9.542487e-01 
9.542487e-01 
9.542487e-01 
9.542466e-01 
9.542352e-01 
9.542331e-01 
9.542331e-01 
9.542331e-01 
9.542331e-01 
1.370421e-01 
7.793254e-06 
2.561621e-06 
2.562507e-06 
2.562507e-06 
2.562507e-06 
4.822458e-06 
1.190464e-04 
5.362336e-04 
5.362352e-04 
5.362352e-04 
5.362352e-04 
2.597709e-03 
7.799500e-01 
9.542487e-01 
9.542487e-01 
9.542487e-01 
9.542487e-01 
9.542378e-01 
9.542332e-01 
9.542331e-01 
9.542331e-01 
9.542331e-01 
7.816652e-01 
5.599261e-05 
2.943360e-06 
2.562507e-06 
2.562507e-06 
2.562507e-06 
2.926229e-06 
2.065965e-05 
5.351984e-04 
5.362352e-04 
5.362352e-04 
5.362352e-04 
1.063423e-03 
4.818247e-02 
9.542486e-01 
9.542487e-01 
9.542487e-01 
9.542487e-01 
9.542430e-01 
9.542342e-01 
9.542331e-01 
9.542331e-01 
9.542331e-01 
9.542331e-01 
8.687637e-03 
7.119563e-06 
2.562464e-06 
2.562507e-06 
2.562507e-06 
2.562507e-06 
7.740649e-06 
4.009890e-04 
5.362351e-04 
5.362352e-04 
5.362352e-04 
5.634484e-04 
6.401111e-03 
9.537561e-01 
9.542487e-01 
9.542487e-01 
9.542487e-01 
9.542477e-01 
9.542358e-01 
9.542331e-01 
9.542331e-01 
9.542331e-01 
9.542331e-01 
2.979505e-01 
9.982118e-06 
1.538471e-05 
1.538239e-05 
1.538239e-05 
1.538239e-05 
1.657856e-05 
9.258522e-06 
-4.836995e-04 
-4.837309e-04 
-4.837309e-04 
-4.837309e-04 
-1.832206e-03 
-4.396429e-01 
-9.542486e-01 
-9.542486e-01 
-9.542486e-01 
-9.542486e-01 
-9.542373e-01 
-9.542331e-01 
-9.542329e-01 
-9.542329e-01 
-9.542329e-01 
-9.380496e-01 
-1.829952e-04 
1.360519e-05 
1.538239e-05 
1.538239e-05 
1.538239e-05 
1.548089e-05 
1.978623e-05 
-4.719485e-04 
-4.837309e-04 
-4.837309e-04 
-4.837309e-04 
-7.737231e-04 
-2.245378e-02 
-9.542475e-01 
-9.542486e-01 
-9.542486e-01 
-9.542486e-01 
-9.542435e-01 
-9.542340e-01 
-9.542329e-01 
-9.542329e-01 
-9.542329e-01 
-9.542329e-01 
-3.279223e-02 
6.785661e-06 
1.538264e-05 
1.538239e-05 
1.538239e-05 
1.538239e-05 
1.777147e-05 
-1.190314e-04 
-4.837306e-04 
-4.837309e-04 
-4.837309e-04 
-4.837309e-04 
-4.089845e-03 
-9.472262e-01 
-9.542486e-01 
-9.542486e-01 
-9.542486e-01 
-9.542483e-01 
-9.542355e-01 
-9.542329e-01 
-9.542329e-01 
-9.542329e-01 
-9.542329e-01 
-5.045864e-01 
9.496701e-06 
1.536506e-05 
1.538239e-05 
1.538239e-05 
1.538239e-05 
1.616515e-05 
1.747653e-05 
-4.835224e-04 
-4.837309e-04 
-4.837309e-04 
-4.837309e-04 
-1.370176e-03 
-1.639328e-01 
-9.542486e-01 
-9.542486e-01 
-9.542486e-01 
-9.542486e-01 
-9.542386e-01 
-9.542334e-01 
-9.542329e-01 
-9.542329e-01 
-9.542329e-01 
-9.542329e-01 
-1.100425e-03 
1.028655e-05 
1.538239e-05 
1.538239e-05 
1.538239e-05 
1.538730e-05 
1.924444e-05 
-4.320365e-04 
-4.837309e-04 
-4.837309e-04 
-4.837309e-04 
-6.278151e-04 
-1.213448e-02 
-9.542332e-01 
-9.542486e-01 
-9.542486e-01 
-9.542486e-01 
-9.542456e-01 
-9.542344e-01 
-9.542329e-01 
-9.542329e-01 
-9.542329e-01 
-9.542329e-01 
-1.018250e-01 
7.343568e-06 
1.538338e-05 
1.538239e-05 
1.538239e-05 
1.538239e-05 
1.721081e-05 
-3.150810e-05 
-4.837284e-04 
-4.837309e-04 
-4.837309e-04 
-4.837309e-04 
-2.811280e-03 
-8.562150e-01 
-9.542486e-01 
-9.542486e-01 
-9.542486e-01 
-9.542486e-01 
-9.542361e-01 
-9.542329e-01 
-9.542329e-01 
-9.542329e-01 
-9.542329e-01 
-7.195829e-01 
-2.769147e-06 
1.517905e-05 
1.538239e-05 
1.538239e-05 
1.538239e-05 
1.581226e-05 
1.968573e-05 
-4.824398e-04 
-4.837309e-04 
-4.837309e-04 
-4.837309e-04 
-1.052835e-03 
-6.169599e-02 
-9.542486e-01 
-9.542486e-01 
-9.542486e-01 
-9.542486e-01 
-9.542406e-01 
-9.542336e-01 
-9.542329e-01 
-9.542329e-01 
-9.542329e-01 
-9.542329e-01 
-5.392674e-03 
7.523402e-06 
1.538242e-05 
1.538239e-05 
1.538239e-05 
1.538239e-05 
1.859242e-05 
-3.192817e-04 
-4.837309e-04 
-4.837309e-04 
-4.837309e-04 
-5.284761e-04 
-7.227719e-03 
-9.540291e-01 
-9.542486e-01 
-9.542486e-01 
-9.542486e-01 
-9.542471e-01 
-9.542348e-01 
-9.542329e-01 
-9.542329e-01 
-9.542329e-01 
-9.542329e-01 
-2.417499e-01 
8.639905e-06 
1.538480e-05 
1.538239e-05 
1.538239e-05 
1.538239e-05 
1.671650e-05 
4.133763e-06 
-4.837134e-04 
-4.837309e-04 
-4.837309e-04 
-4.837309e-04 
-2.014064e-03 
-5.513693e-01 
-9.542486e-01 
-9.542486e-01 
-9.542486e-01 
-9.542486e-01 
-9.542370e-01 
-9.542331e-01 
-9.542329e-01 
-9.542329e-01 
-9.542329e-01 
-9.025787e-01 
-9.857941e-05 
1.422698e-05 
1.538239e-05 
1.538239e-05 
1.538239e-05 
1.553995e-05 
1.988695e-05 
-4.765399e-04 
-4.837309e-04 
-4.837309e-04 
-4.837309e-04 
-8.285857e-04 
-2.775855e-02 
-9.542481e-01 
-9.542486e-01 
-9.542486e-01 
-9.542486e-01 
-9.542428e-01 
-9.542339e-01 
-9.542329e-01 
-9.542329e-01 
-9.542329e-01 
-9.542329e-01 
-2.216445e-02 
6.796892e-06 
1.538255e-05 
1.538239e-05 
1.538239e-05 
1.538239e-05 
1.795524e-05 
-1.592296e-04 
-4.837307e-04 
-4.837309e-04 
-4.837309e-04 
-4.844286e-04 
-4.629744e-03 
-9.511228e-01 
-9.542486e-01 
-9.542486e-01 
-9.542486e-01 
-9.542481e-01 
-9.542353e-01 
-9.542329e-01 
-9.542329e-01 
-9.542329e-01 
-9.542329e-01 
-4.391912e-01 
9.776983e-06 
1.537718e-05 
1.538239e-05 
1.538239e-05 
1.538239e-05 
1.628489e-05 
1.592667e-05 
-4.836131e-04 
-4.837309e-04 
-4.837309e-04 
-4.837309e-04 
-1.492476e-03 
-2.258019e-01 
-9.542486e-01 
-9.542486e-01 
-9.542486e-01 
-9.542486e-01 
-9.542382e-01 
-9.542333e-01 
-9.542329e-01 
-9.542329e-01 
-9.542329e-01 
-9.542329e-01 
-6.540201e-04 
1.144070e-05 
1.538239e-05 
1.538239e-05 
1.538239e-05 
1.540036e-05 
1.943090e-05 
-4.498920e-04 
-4.837309e-04 
-4.837309e-04 
-4.837309e-04 
-6.672063e-04 
-1.446723e-02 
-9.542417e-01 
-9.542486e-01 
-9.542486e-01 
-9.542486e-01 
-9.542450e-01 
-9.542343e-01 
-9.542329e-01 
-9.542329e-01 
-9.542329e-01 
-9.542329e-01 
-7.403522e-02 
7.082848e-06 
1.538306e-05 
1.538239e-05 
1.538239e-05 
1.538239e-05 
1.737461e-05 
-5.135525e-05 
-4.837295e-04 
-4.837309e-04 
-4.837309e-04 
-4.837309e-04 
-3.136411e-03 
-9.097953e-01 
-9.542486e-01 
-9.542486e-01 
-9.542486e-01 
-9.542486e-01 
-9.542359e-01 
-9.542329e-01 
-9.542329e-01 
-9.542329e-01 
-9.542329e-01 
-6.550346e-01 
4.248155e-06 
1.527538e-05 
1.538239e-05 
1.538239e-05 
1.538239e-05 
1.591287e-05 
1.933108e-05 
-4.829834e-04 
-4.837309e-04 
-4.837309e-04 
-4.837309e-04 
-1.137830e-03 
-8.157546e-02 
-9.542486e-01 
-9.542486e-01 
-9.542486e-01 
-9.542486e-01 
-9.542399e-01 
-9.542335e-01 
-9.542329e-01 
-9.542329e-01 
-9.542329e-01 
-9.542329e-01 
-3.383115e-03 
8.103739e-06 
1.538241e-05 
1.538239e-05 
1.538239e-05 
1.538239e-05 
1.879297e-05 
-3.629239e-04 
-4.837309e-04 
-4.837309e-04 
-4.837309e-04 
-5.536902e-04 
-8.391181e-03 
-9.541509e-01 
-9.542486e-01 
-9.542486e-01 
-9.542486e-01 
-9.542467e-01 
-9.542347e-01 
-9.542329e-01 
-9.542329e-01 
-9.542329e-01 
-9.542329e-01 
-1.914048e-01 
8.188956e-06 
1.538442e-05 
1.538239e-05 
1.538239e-05 
1.538239e-05 
1.686027e-05 
-3.081910e-06 
-4.837212e-04 
-4.837309e-04 
-4.837309e-04 
-4.837309e-04 
-2.220892e-03 
-6.591142e-01 
-9.542486e-01 
-9.542486e-01 
-9.542486e-01 
-9.542486e-01 
-9.542367e-01 
-9.542330e-01 
-9.542329e-01 
-9.542329e-01 
-9.542329e-01 
-8.545377e-01 
-4.942721e-05 
1.466474e-05 
1.538239e-05 
1.538239e-05 
1.538239e-05 
1.561164e-05 
1.993187e-05 
-4.794089e-04 
-4.837309e-04 
-4.837309e-04 
-4.837309e-04 
-8.891896e-04 
-3.478657e-02 
-9.542484e-01 
-9.542486e-01 
-9.542486e-01 
-9.542486e-01 
-9.542421e-01 
-9.542338e-01 
-9.542329e-01 
-9.542329e-01 
-9.542329e-01 
-9.542329e-01 
-1.469728e-02 
6.897687e-06 
1.538249e-05 
1.538239e-05 
1.538239e-05 
1.538239e-05 
1.814446e-05 
-2.053274e-04 
-4.837308e-04 
-4.837309e-04 
-4.837309e-04 
-4.908196e-04 
-5.268067e-03 
-9.528573e-01 
-9.542486e-01 
-9.542486e-01 
-9.542486e-01 
-9.542479e-01 
-9.542352e-01 
-9.542329e-01 
-9.542329e-01 
-9.542329e-01 
-9.542329e-01 
-3.753664e-01 
9.605429e-06 
1.538256e-05 
1.538239e-05 
1.538239e-05 
1.538239e-05 
1.641009e-05 
1.366397e-05 
-4.836647e-04 
-4.837309e-04 
-4.837309e-04 
-4.837309e-04 
-1.629968e-03 
-3.081522e-01 
-9.542486e-01 
-9.542486e-01 
-9.542486e-01 
-9.542486e-01 
-9.542377e-01 
-9.542332e-01 
-9.542329e-01 
-9.542329e-01 
-9.542329e-01 
-9.542329e-01 
-3.807887e-04 
1.250687e-05 
1.538239e-05 
1.538239e-05 
1.538239e-05 
1.542622e-05 
1.960232e-05 
-4.621313e-04 
-4.837309e-04 
-4.837309e-04 
-4.837309e-04 
-7.109205e-04 
-1.741899e-02 
-9.542455e-01 
-9.542486e-01 
-9.542486e-01 
-9.542486e-01 
-9.542444e-01 
-9.542342e-01 
-9.542329e-01 
-9.542329e-01 
-9.542329e-01 
-9.542329e-01 
-5.255523e-02 
6.899316e-06 
1.538283e-05 
1.538239e-05 
1.538239e-05 
1.538239e-05 
1.754464e-05 
-7.695337e-05 
-4.837302e-04 
-4.837309e-04 
-4.837309e-04 
-4.837309e-04 
-3.513477e-03 
-9.344520e-01 
-9.542486e-01 
-9.542486e-01 
-9.542486e-01 
-9.542485e-01 
-9.542357e-01 
-9.542329e-01 
-9.542329e-01 
-9.542329e-01 
-9.542329e-01 
-5.892531e-01 
7.746427e-06 
1.533018e-05 
1.538239e-05 
1.538239e-05 
1.538239e-05 
1.601977e-05 
1.873834e-05 
-4.833018e-04 
-4.837309e-04 
-4.837309e-04 
-4.837309e-04 
-1.232503e-03 
-1.097531e-01 
-9.542486e-01 
-9.542486e-01 
-9.542486e-01 
-9.542486e-01 
-9.542393e-01 
-9.542335e-01 
-9.542329e-01 
-9.542329e-01 
-9.542329e-01 
-9.542329e-01 
-2.089241e-03 
8.927560e-06 
1.538240e-05 
1.538239e-05 
1.538239e-05 
1.538261e-05 
1.899323e-05 
-3.985529e-04 
-4.837309e-04 
-4.837309e-04 
-4.837309e-04 
-5.834592e-04 
-9.813233e-03 
-9.542051e-01 
-9.542486e-01 
-9.542486e-01 
-9.542486e-01 
-9.542462e-01 
-9.542346e-01 
-9.542329e-01 
-9.542329e-01 
-9.542329e-01 
-9.542329e-01 
-1.476058e-01 
7.780000e-06 
1.538393e-05 
1.538239e-05 
1.538239e-05 
1.538239e-05 
1.701002e-05 
-1.311862e-05 
-4.837256e-04 
-4.837309e-04 
-4.837309e-04 
-4.837309e-04 
-2.457080e-03 
-7.553054e-01 
-9.542486e-01 
-9.542486e-01 
-9.542486e-01 
-9.542486e-01 
-9.542364e-01 
-9.542329e-01 
-9.542329e-01 
-9.542329e-01 
-9.542329e-01 
-7.984406e-01 
-2.135216e-05 
1.495646e-05 
1.538239e-05 
1.538239e-05 
1.538239e-05 
1.569398e-05 
1.989768e-05 
-4.811675e-04 
-4.837309e-04 
-4.837309e-04 
-4.837309e-04 
-9.562249e-04 
-4.425141e-02 
-9.542485e-01 
-9.542486e-01 
-9.542486e-01 
-9.542486e-01 
-9.542414e-01 
-9.542337e-01 
-9.542329e-01 
-9.542329e-01 
-9.542329e-01 
-9.542329e-01 
-9.572886e-03 
7.091164e-06 
1.538245e-05 
1.538239e-05 
1.538239e-05 
1.538239e-05 
1.833847e-05 
-2.555987e-04 
-4.837308e-04 
-4.837309e-04 
-4.837309e-04 
-5.036197e-04 
-6.027922e-03 
-9.536294e-01 
-9.542486e-01 
-9.542486e-01 
-9.542486e-01 
-9.542476e-01 
-9.542350e-01 
-9.542329e-01 
-9.542329e-01 
-9.542329e-01 
-9.542329e-01 
-3.142022e-01 
9.225419e-06 
1.538450e-05 
1.538239e-05 
1.538239e-05 
1.538239e-05 
1.654079e-05 
1.040506e-05 
-4.836939e-04 
-4.837309e-04 
-4.837309e-04 
-4.837309e-04 
-1.785043e-03 
-4.089821e-01 
-9.542486e-01 
-9.542486e-01 
-9.542486e-01 
-9.542486e-01 
-9.542374e-01 
-9.542331e-01 
-9.542329e-01 
-9.542329e-01 
-9.542329e-01 
-9.449259e-01 
-2.159477e-04 
4.380698e-06 
2.562506e-06 
2.562507e-06 
2.562507e-06 
2.650093e-06 
1.416109e-05 
5.293406e-04 
5.362352e-04 
5.362352e-04 
5.362352e-04 
8.363856e-04 
2.157316e-02 
9.542473e-01 
9.542487e-01 
9.542487e-01 
9.542487e-01 
9.542449e-01 
9.542346e-01 
9.542331e-01 
9.542331e-01 
9.542331e-01 
9.542331e-01 
3.687803e-02 
6.807557e-06 
2.562287e-06 
2.562507e-06 
2.562507e-06 
2.562507e-06 
6.099803e-06 
2.533282e-04 
5.362350e-04 
5.362352e-04 
5.362352e-04 
5.362352e-04 
4.044270e-03 
9.454462e-01 
9.542487e-01 
9.542487e-01 
9.542487e-01 
9.542485e-01 
9.542366e-01 
9.542332e-01 
9.542331e-01 
9.542331e-01 
9.542331e-01 
5.232101e-01 
1.661176e-05 
2.595526e-06 
2.562507e-06 
2.562507e-06 
2.562507e-06 
3.436271e-06 
3.482589e-05 
5.361313e-04 
5.362352e-04 
5.362352e-04 
5.362352e-04 
1.416778e-03 
1.512956e-01 
9.542486e-01 
9.542487e-01 
9.542487e-01 
9.542487e-01 
9.542408e-01 
9.542338e-01 
9.542331e-01 
9.542331e-01 
9.542331e-01 
9.542331e-01 
1.380677e-03 
6.828124e-06 
2.562501e-06 
2.562507e-06 
2.562507e-06 
2.565824e-06 
1.054063e-05 
5.041077e-04 
5.362352e-04 
5.362352e-04 
5.362352e-04 
6.833107e-04 
1.179310e-02 
9.542293e-01 
9.542487e-01 
9.542487e-01 
9.542487e-01 
9.542463e-01 
9.542351e-01 
9.542331e-01 
9.542331e-01 
9.542331e-01 
9.542331e-01 
1.113723e-01 
7.505509e-06 
1.538349e-05 
1.538239e-05 
1.538239e-05 
1.538239e-05 
1.716586e-05 
-2.685030e-05 
-4.837280e-04 
-4.837309e-04 
-4.837309e-04 
-4.837309e-04 
-2.727973e-03 
-8.363621e-01 
-9.542486e-01 
-9.542486e-01 
-9.542486e-01 
-9.542486e-01 
-9.542362e-01 
-9.542329e-01 
-9.542329e-01 
-9.542329e-01 
-9.542329e-01 
-7.373584e-01 
-5.704599e-06 
1.514145e-05 
1.538239e-05 
1.538239e-05 
1.538239e-05 
1.578520e-05 
1.975233e-05 
-4.822279e-04 
-4.837309e-04 
-4.837309e-04 
-4.837309e-04 
-1.030509e-03 
0.000000e+00 
0.000000e+00 
0.000000e+00 
0.000000e+00 
0.000000e+00 
0.000000e+00 
0.000000e+00 
0.000000e+00
#[#TRACE_DATA]
#[#TRACE]
