#[TRACE]
#data_labels=Output
#[TRACE_DATA]
2.483566e-05 
1.564761e-05 
1.564729e-05 
1.564729e-05 
1.564729e-05 
1.969918e-05 
-4.694997e-04 
-4.700258e-04 
-4.700258e-04 
-4.700258e-04 
-4.179906e-03 
-9.542472e-01 
-9.542476e-01 
-9.542476e-01 
-9.542476e-01 
-9.542361e-01 
-9.542329e-01 
-9.542329e-01 
-9.542329e-01 
-9.542329e-01 
2.927134e-05 
2.309429e-06 
2.309325e-06 
2.309325e-06 
2.309325e-06 
9.058630e-06 
5.223399e-04 
5.225356e-04 
5.225356e-04 
5.225356e-04 
4.354872e-03 
9.542473e-01 
9.542477e-01 
9.542477e-01 
9.542477e-01 
9.542372e-01 
9.542331e-01 
9.542331e-01 
9.542331e-01 
9.542331e-01 
3.208678e-05 
1.564797e-05 
1.564729e-05 
1.564729e-05 
1.564729e-05 
1.977315e-05 
-4.696525e-04 
-4.700258e-04 
-4.700258e-04 
-4.700258e-04 
-4.345932e-03 
-9.542473e-01 
-9.542476e-01 
-9.542476e-01 
-9.542476e-01 
-9.542361e-01 
-9.542329e-01 
-9.542329e-01 
-9.542329e-01 
-9.542329e-01 
2.835670e-05 
1.564806e-05 
1.564729e-05 
1.564729e-05 
1.564729e-05 
1.981009e-05 
-4.697118e-04 
-4.700258e-04 
-4.700258e-04 
-4.700258e-04 
-4.432223e-03 
-9.542474e-01 
-9.542476e-01 
-9.542476e-01 
-9.542476e-01 
-9.542360e-01 
-9.542329e-01 
-9.542329e-01 
-9.542329e-01 
-9.542329e-01 
2.787966e-05 
1.564811e-05 
1.564729e-05 
1.564729e-05 
1.564729e-05 
1.984699e-05 
-4.697619e-04 
-4.700258e-04 
-4.700258e-04 
-4.700258e-04 
-4.520795e-03 
-9.542475e-01 
-9.542476e-01 
-9.542476e-01 
-9.542476e-01 
-9.542360e-01 
-9.542329e-01 
-9.542329e-01 
-9.542329e-01 
-9.542329e-01 
2.739484e-05 
1.564813e-05 
1.564729e-05 
1.564729e-05 
1.564729e-05 
1.988382e-05 
-4.698041e-04 
-4.700258e-04 
-4.700258e-04 
-4.700258e-04 
-4.611723e-03 
-9.542475e-01 
-9.542476e-01 
-9.542476e-01 
-9.542476e-01 
-9.542360e-01 
-9.542329e-01 
-9.542329e-01 
-9.542329e-01 
-9.542329e-01 
2.690546e-05 
1.564813e-05 
1.564729e-05 
1.564729e-05 
1.564729e-05 
1.992059e-05 
-4.698397e-04 
-4.700258e-04 
-4.700258e-04 
-4.700258e-04 
-4.705085e-03 
-9.542475e-01 
-9.542476e-01 
-9.542476e-01 
-9.542476e-01 
-9.542359e-01 
-9.542329e-01 
-9.542329e-01 
-9.542329e-01 
-9.542329e-01 
2.641424e-05 
1.564811e-05 
1.564729e-05 
1.564729e-05 
1.564729e-05 
1.995726e-05 
-4.698697e-04 
-4.700258e-04 
-4.700258e-04 
-4.700258e-04 
-4.800961e-03 
-9.542475e-01 
-9.542476e-01 
-9.542476e-01 
-9.542476e-01 
-9.542359e-01 
-9.542329e-01 
-9.542329e-01 
-9.542329e-01 
-9.542329e-01 
2.592344e-05 
1.564807e-05 
1.564729e-05 
1.564729e-05 
1.564729e-05 
1.999382e-05 
-4.698950e-04 
-4.700258e-04 
-4.700258e-04 
-4.700258e-04 
-4.899436e-03 
-9.542476e-01 
-9.542476e-01 
-9.542476e-01 
-9.542476e-01 
-9.542359e-01 
-9.542329e-01 
-9.542329e-01 
-9.542329e-01 
-9.542329e-01 
2.543495e-05 
1.564803e-05 
1.564729e-05 
1.564729e-05 
1.564729e-05 
2.003026e-05 
-4.699163e-04 
-4.700258e-04 
-4.700258e-04 
-4.700258e-04 
-5.000596e-03 
-9.542476e-01 
-9.542476e-01 
-9.542476e-01 
-9.542476e-01 
-9.542358e-01 
-9.542329e-01 
-9.542329e-01 
-9.542329e-01 
-9.542329e-01 
2.495032e-05 
1.564798e-05 
1.564729e-05 
1.564729e-05 
1.564729e-05 
2.006656e-05 
-4.699341e-04 
-4.700258e-04 
-4.700258e-04 
-4.700258e-04 
-5.104534e-03 
-9.542476e-01 
-9.542476e-01 
-9.542476e-01 
-9.542476e-01 
-9.542358e-01 
-9.542329e-01 
-9.542329e-01 
-9.542329e-01 
-9.542329e-01 
2.447082e-05 
1.564793e-05 
1.564729e-05 
1.564729e-05 
1.564729e-05 
2.010268e-05 
-4.699491e-04 
-4.700258e-04 
-4.700258e-04 
-4.700258e-04 
-5.211343e-03 
-9.542476e-01 
-9.542476e-01 
-9.542476e-01 
-9.542476e-01 
-9.542358e-01 
-9.542329e-01 
-9.542329e-01 
-9.542329e-01 
-9.542329e-01 
2.399750e-05 
1.564788e-05 
1.564729e-05 
1.564729e-05 
1.564729e-05 
2.013863e-05 
-4.699617e-04 
-4.700258e-04 
-4.700258e-04 
-4.700258e-04 
-5.321123e-03 
-9.542476e-01 
-9.542476e-01 
-9.542476e-01 
-9.542476e-01 
-9.542358e-01 
-9.542329e-01 
-9.542329e-01 
-9.542329e-01 
-9.542329e-01 
2.353115e-05 
2.328354e-06 
2.328362e-06 
2.328362e-06 
2.328362e-06 
1.069616e-05 
5.225146e-04 
5.225365e-04 
5.225365e-04 
5.225365e-04 
5.548588e-03 
9.542477e-01 
9.542477e-01 
9.542477e-01 
9.542477e-01 
9.542367e-01 
9.542331e-01 
9.542331e-01 
9.542331e-01 
9.542331e-01 
2.355112e-05 
1.564778e-05 
1.564729e-05 
1.564729e-05 
1.564729e-05 
2.020987e-05 
-4.699811e-04 
-4.700258e-04 
-4.700258e-04 
-4.700258e-04 
-5.550005e-03 
-9.542476e-01 
-9.542476e-01 
-9.542476e-01 
-9.542476e-01 
-9.542357e-01 
-9.542329e-01 
-9.542329e-01 
-9.542329e-01 
-9.542329e-01 
2.262192e-05 
2.328354e-06 
2.328362e-06 
2.328362e-06 
2.328362e-06 
1.099885e-05 
5.225214e-04 
5.225365e-04 
5.225365e-04 
5.225365e-04 
5.788161e-03 
9.542477e-01 
9.542477e-01 
9.542477e-01 
9.542477e-01 
9.542366e-01 
9.542331e-01 
9.542331e-01 
9.542331e-01 
9.542331e-01 
2.252516e-05 
1.564768e-05 
1.564729e-05 
1.564729e-05 
1.564729e-05 
2.028008e-05 
-4.699946e-04 
-4.700258e-04 
-4.700258e-04 
-4.700258e-04 
-5.792054e-03 
-9.542476e-01 
-9.542476e-01 
-9.542476e-01 
-9.542476e-01 
-9.542357e-01 
-9.542329e-01 
-9.542329e-01 
-9.542329e-01 
-9.542329e-01 
2.174673e-05 
1.564764e-05 
1.564729e-05 
1.564729e-05 
1.564729e-05 
2.031474e-05 
-4.699998e-04 
-4.700258e-04 
-4.700258e-04 
-4.700258e-04 
-5.918308e-03 
-9.542476e-01 
-9.542476e-01 
-9.542476e-01 
-9.542476e-01 
-9.542356e-01 
-9.542329e-01 
-9.542329e-01 
-9.542329e-01 
-9.542329e-01 
2.132253e-05 
1.564760e-05 
1.564729e-05 
1.564729e-05 
1.564729e-05 
2.034907e-05 
-4.700041e-04 
-4.700258e-04 
-4.700258e-04 
-4.700258e-04 
-6.048214e-03 
-9.542476e-01 
-9.542476e-01 
-9.542476e-01 
-9.542476e-01 
-9.542356e-01 
-9.542329e-01 
-9.542329e-01 
-9.542329e-01 
-9.542329e-01 
2.090740e-05 
2.328356e-06 
2.328362e-06 
2.328362e-06 
2.328362e-06 
1.164383e-05 
5.225294e-04 
5.225365e-04 
5.225365e-04 
5.225365e-04 
6.309811e-03 
9.542477e-01 
9.542477e-01 
9.542477e-01 
9.542477e-01 
9.542365e-01 
9.542331e-01 
9.542331e-01 
9.542331e-01 
9.542331e-01 
2.068008e-05 
1.564754e-05 
1.564729e-05 
1.564729e-05 
1.564729e-05 
2.041659e-05 
-4.700108e-04 
-4.700258e-04 
-4.700258e-04 
-4.700258e-04 
-6.319512e-03 
-9.542476e-01 
-9.542476e-01 
-9.542476e-01 
-9.542476e-01 
-9.542355e-01 
-9.542329e-01 
-9.542329e-01 
-9.542329e-01 
-9.542329e-01 
2.010464e-05 
2.328357e-06 
2.328362e-06 
2.328362e-06 
2.328362e-06 
1.198763e-05 
5.225317e-04 
5.225365e-04 
5.225365e-04 
5.225365e-04 
6.593969e-03 
9.542477e-01 
9.542477e-01 
9.542477e-01 
9.542477e-01 
9.542364e-01 
9.542331e-01 
9.542331e-01 
9.542331e-01 
9.542331e-01 
1.984509e-05 
1.564748e-05 
1.564729e-05 
1.564729e-05 
1.564729e-05 
2.048238e-05 
-4.700154e-04 
-4.700258e-04 
-4.700258e-04 
-4.700258e-04 
-6.607066e-03 
-9.542476e-01 
-9.542476e-01 
-9.542476e-01 
-9.542476e-01 
-9.542355e-01 
-9.542329e-01 
-9.542329e-01 
-9.542329e-01 
-9.542329e-01 
1.933828e-05 
1.564746e-05 
1.564729e-05 
1.564729e-05 
1.564729e-05 
2.051455e-05 
-4.700172e-04 
-4.700258e-04 
-4.700258e-04 
-4.700258e-04 
-6.757313e-03 
-9.542476e-01 
-9.542476e-01 
-9.542476e-01 
-9.542476e-01 
-9.542355e-01 
-9.542329e-01 
-9.542329e-01 
-9.542329e-01 
-9.542329e-01 
1.896851e-05 
1.564744e-05 
1.564729e-05 
1.564729e-05 
1.564729e-05 
2.054618e-05 
-4.700186e-04 
-4.700258e-04 
-4.700258e-04 
-4.700258e-04 
-6.912089e-03 
-9.542476e-01 
-9.542476e-01 
-9.542476e-01 
-9.542476e-01 
-9.542354e-01 
-9.542329e-01 
-9.542329e-01 
-9.542329e-01 
-9.542329e-01 
1.860753e-05 
1.564742e-05 
1.564729e-05 
1.564729e-05 
1.564729e-05 
2.057723e-05 
-4.700198e-04 
-4.700258e-04 
-4.700258e-04 
-4.700258e-04 
-7.071561e-03 
-9.542476e-01 
-9.542476e-01 
-9.542476e-01 
-9.542476e-01 
-9.542354e-01 
-9.542329e-01 
-9.542329e-01 
-9.542329e-01 
-9.542329e-01 
1.825518e-05 
1.564740e-05 
1.564729e-05 
1.564729e-05 
1.564729e-05 
2.060766e-05 
-4.700208e-04 
-4.700258e-04 
-4.700258e-04 
-4.700258e-04 
-7.235906e-03 
-9.542476e-01 
-9.542476e-01 
-9.542476e-01 
-9.542476e-01 
-9.542354e-01 
-9.542329e-01 
-9.542329e-01 
-9.542329e-01 
-9.542329e-01 
1.791128e-05 
2.309323e-06 
2.309325e-06 
2.309325e-06 
2.309325e-06 
1.303712e-05 
5.225341e-04 
5.225356e-04 
5.225356e-04 
5.225356e-04 
7.554270e-03 
9.542477e-01 
9.542477e-01 
9.542477e-01 
9.542477e-01 
9.542362e-01 
9.542331e-01 
9.542331e-01 
9.542331e-01 
9.542331e-01 
1.762256e-05 
1.564738e-05 
1.564729e-05 
1.564729e-05 
1.564729e-05 
2.066647e-05 
-4.700224e-04 
-4.700258e-04 
-4.700258e-04 
-4.700258e-04 
-7.579963e-03 
-9.542476e-01 
-9.542476e-01 
-9.542476e-01 
-9.542476e-01 
-9.542353e-01 
-9.542329e-01 
-9.542329e-01 
-9.542329e-01 
-9.542329e-01 
1.724825e-05 
2.309324e-06 
2.309325e-06 
2.309325e-06 
2.309325e-06 
1.344590e-05 
5.225346e-04 
5.225356e-04 
5.225356e-04 
5.225356e-04 
7.914988e-03 
9.542477e-01 
9.542477e-01 
9.542477e-01 
9.542477e-01 
9.542361e-01 
9.542331e-01 
9.542331e-01 
9.542331e-01 
9.542331e-01 
1.696212e-05 
1.564736e-05 
1.564729e-05 
1.564729e-05 
1.564729e-05 
2.072224e-05 
-4.700235e-04 
-4.700258e-04 
-4.700258e-04 
-4.700258e-04 
-7.945835e-03 
-9.542476e-01 
-9.542476e-01 
-9.542476e-01 
-9.542476e-01 
-9.542353e-01 
-9.542329e-01 
-9.542329e-01 
-9.542329e-01 
-9.542329e-01 
1.661694e-05 
2.328361e-06 
2.328362e-06 
2.328362e-06 
2.328362e-06 
1.395531e-05 
5.225358e-04 
5.225365e-04 
5.225365e-04 
5.225365e-04 
8.298680e-03 
9.542477e-01 
9.542477e-01 
9.542477e-01 
9.542477e-01 
9.542361e-01 
9.542331e-01 
9.542331e-01 
9.542331e-01 
9.542331e-01 
1.633647e-05 
1.564734e-05 
1.564729e-05 
1.564729e-05 
1.564729e-05 
2.077454e-05 
-4.700242e-04 
-4.700258e-04 
-4.700258e-04 
-4.700258e-04 
-8.335248e-03 
-9.542476e-01 
-9.542476e-01 
-9.542476e-01 
-9.542476e-01 
-9.542352e-01 
-9.542329e-01 
-9.542329e-01 
-9.542329e-01 
-9.542329e-01 
1.601582e-05 
2.309324e-06 
2.309325e-06 
2.309325e-06 
2.309325e-06 
1.432241e-05 
5.225352e-04 
5.225356e-04 
5.225356e-04 
5.225356e-04 
8.707170e-03 
9.542477e-01 
9.542477e-01 
9.542477e-01 
9.542477e-01 
9.542360e-01 
9.542331e-01 
9.542331e-01 
9.542331e-01 
9.542331e-01 
1.574300e-05 
1.564733e-05 
1.564729e-05 
1.564729e-05 
1.564729e-05 
2.082291e-05 
-4.700247e-04 
-4.700258e-04 
-4.700258e-04 
-4.700258e-04 
-8.750089e-03 
-9.542476e-01 
-9.542476e-01 
-9.542476e-01 
-9.542476e-01 
-9.542352e-01 
-9.542329e-01 
-9.542329e-01 
-9.542329e-01 
-9.542329e-01 
1.544334e-05 
-1.101699e-05 
-1.101696e-05 
-1.101696e-05 
-1.101696e-05 
7.728866e-06 
4.827025e-04 
4.827031e-04 
4.827031e-04 
4.827031e-04 
9.142454e-03 
9.542477e-01 
9.542477e-01 
9.542477e-01 
9.542477e-01 
9.542359e-01 
9.542331e-01 
9.542331e-01 
9.542331e-01 
9.542331e-01 
1.517941e-05 
1.564732e-05 
1.564729e-05 
1.564729e-05 
1.564729e-05 
2.086683e-05 
-4.700250e-04 
-4.700258e-04 
-4.700258e-04 
-4.700258e-04 
-9.192428e-03 
-9.542476e-01 
-9.542476e-01 
-9.542476e-01 
-9.542476e-01 
-9.542351e-01 
-9.542329e-01 
-9.542329e-01 
-9.542329e-01 
-9.542329e-01 
1.489810e-05 
1.564732e-05 
1.564729e-05 
1.564729e-05 
1.564729e-05 
2.088694e-05 
-4.700252e-04 
-4.700258e-04 
-4.700258e-04 
-4.700258e-04 
-9.424610e-03 
-9.542476e-01 
-9.542476e-01 
-9.542476e-01 
-9.542476e-01 
-9.542351e-01 
-9.542329e-01 
-9.542329e-01 
-9.542329e-01 
-9.542329e-01 
1.463518e-05 
1.564731e-05 
1.564729e-05 
1.564729e-05 
1.564729e-05 
2.090573e-05 
-4.700253e-04 
-4.700258e-04 
-4.700258e-04 
-4.700258e-04 
-9.664535e-03 
-9.542476e-01 
-9.542476e-01 
-9.542476e-01 
-9.542476e-01 
-9.542351e-01 
-9.542329e-01 
-9.542329e-01 
-9.542329e-01 
-9.542329e-01 
1.437850e-05 
1.564731e-05 
1.564729e-05 
1.564729e-05 
1.564729e-05 
2.092310e-05 
-4.700254e-04 
-4.700258e-04 
-4.700258e-04 
-4.700258e-04 
-9.912522e-03 
-9.542476e-01 
-9.542476e-01 
-9.542476e-01 
-9.542476e-01 
-9.542351e-01 
-9.542329e-01 
-9.542329e-01 
-9.542329e-01 
-9.542329e-01 
1.412788e-05 
1.564731e-05 
1.564729e-05 
1.564729e-05 
1.564729e-05 
2.093898e-05 
-4.700255e-04 
-4.700258e-04 
-4.700258e-04 
-4.700258e-04 
-1.016891e-02 
-9.542476e-01 
-9.542476e-01 
-9.542476e-01 
-9.542476e-01 
-9.542350e-01 
-9.542329e-01 
-9.542329e-01 
-9.542329e-01 
-9.542329e-01 
1.388317e-05 
1.564731e-05 
1.564729e-05 
1.564729e-05 
1.564729e-05 
2.095327e-05 
-4.700255e-04 
-4.700258e-04 
-4.700258e-04 
-4.700258e-04 
-1.043404e-02 
-9.542476e-01 
-9.542476e-01 
-9.542476e-01 
-9.542476e-01 
-9.542350e-01 
-9.542329e-01 
-9.542329e-01 
-9.542329e-01 
-9.542329e-01 
1.364420e-05 
1.564730e-05 
1.564729e-05 
1.564729e-05 
1.564729e-05 
2.096588e-05 
-4.700256e-04 
-4.700258e-04 
-4.700258e-04 
-4.700258e-04 
-1.070829e-02 
-9.542476e-01 
-9.542476e-01 
-9.542476e-01 
-9.542476e-01 
-9.542350e-01 
-9.542329e-01 
-9.542329e-01 
-9.542329e-01 
-9.541491e-01 
1.341079e-05 
1.564730e-05 
1.564729e-05 
1.564729e-05 
1.564729e-05 
2.097671e-05 
-4.700256e-04 
-4.700258e-04 
-4.700258e-04 
-4.701370e-04 
-1.099204e-02 
-9.542476e-01 
-9.542476e-01 
-9.542476e-01 
-9.542476e-01 
-9.542350e-01 
-9.542329e-01 
-9.542329e-01 
-9.542329e-01 
-9.529750e-01 
1.318281e-05 
1.564730e-05 
1.564729e-05 
1.564729e-05 
1.564730e-05 
2.098566e-05 
-4.700256e-04 
-4.700258e-04 
-4.700258e-04 
-4.705560e-04 
-1.128570e-02 
-9.542476e-01 
-9.542476e-01 
-9.542476e-01 
-9.542476e-01 
-9.542350e-01 
-9.542329e-01 
-9.542329e-01 
-9.542329e-01 
-9.505931e-01 
1.296004e-05 
2.328362e-06 
2.328362e-06 
2.328362e-06 
2.328380e-06 
1.762064e-05 
5.225365e-04 
5.225365e-04 
5.225365e-04 
5.239481e-04 
1.180555e-02 
9.542477e-01 
9.542477e-01 
9.542477e-01 
9.542477e-01 
9.542356e-01 
9.542331e-01 
9.542331e-01 
9.542331e-01 
9.472377e-01 
1.274459e-05 
1.564730e-05 
1.564729e-05 
1.564729e-05 
1.564743e-05 
2.099746e-05 
-4.700257e-04 
-4.700258e-04 
-4.700258e-04 
-4.723366e-04 
-1.190448e-02 
-9.542476e-01 
-9.542476e-01 
-9.542476e-01 
-9.542476e-01 
-9.542349e-01 
-9.542329e-01 
-9.542329e-01 
-9.542329e-01 
-9.430422e-01 
1.252981e-05 
2.328362e-06 
2.328362e-06 
2.328362e-06 
2.328603e-06 
1.825755e-05 
5.225365e-04 
5.225365e-04 
5.225365e-04 
5.266035e-04 
1.245606e-02 
9.542477e-01 
9.542477e-01 
9.542477e-01 
9.542477e-01 
9.542356e-01 
9.542331e-01 
9.542331e-01 
9.542331e-01 
9.381520e-01 
1.232355e-05 
1.564730e-05 
1.564729e-05 
1.564729e-05 
1.564816e-05 
2.100034e-05 
-4.700257e-04 
-4.700258e-04 
-4.700258e-04 
-4.753181e-04 
-1.256832e-02 
-9.542476e-01 
-9.542476e-01 
-9.542476e-01 
-9.542476e-01 
-9.542349e-01 
-9.542329e-01 
-9.542329e-01 
-9.542329e-01 
-9.326503e-01 
1.211898e-05 
1.564730e-05 
1.564729e-05 
1.564729e-05 
1.564895e-05 
2.099811e-05 
-4.700257e-04 
-4.700258e-04 
-4.700258e-04 
-4.772365e-04 
-1.291840e-02 
-9.542476e-01 
-9.542476e-01 
-9.542476e-01 
-9.542476e-01 
-9.542349e-01 
-9.542329e-01 
-9.542329e-01 
-9.542329e-01 
-9.266291e-01 
1.192046e-05 
1.564730e-05 
1.564729e-05 
1.564729e-05 
1.565014e-05 
2.099325e-05 
-4.700258e-04 
-4.700258e-04 
-4.700258e-04 
-4.794153e-04 
-1.328130e-02 
-9.542476e-01 
-9.542476e-01 
-9.542476e-01 
-9.542476e-01 
-9.542348e-01 
-9.542329e-01 
-9.542329e-01 
-9.542329e-01 
-9.201430e-01 
1.172633e-05 
2.328362e-06 
2.328362e-06 
2.328362e-06 
2.331391e-06 
1.963674e-05 
5.225365e-04 
5.225365e-04 
5.225365e-04 
5.356675e-04 
1.390422e-02 
9.542477e-01 
9.542477e-01 
9.542477e-01 
9.542477e-01 
9.542355e-01 
9.542331e-01 
9.542331e-01 
9.542331e-01 
9.132522e-01 
1.153736e-05 
1.564730e-05 
1.564729e-05 
1.564729e-05 
1.565405e-05 
2.097503e-05 
-4.700258e-04 
-4.700258e-04 
-4.700258e-04 
-4.845218e-04 
-1.404794e-02 
-9.542476e-01 
-9.542476e-01 
-9.542476e-01 
-9.542476e-01 
-9.542348e-01 
-9.542329e-01 
-9.542329e-01 
-9.542329e-01 
-9.059922e-01 
1.135102e-05 
2.328362e-06 
2.328362e-06 
2.328362e-06 
2.334997e-06 
2.038409e-05 
5.225365e-04 
5.225365e-04 
5.225365e-04 
5.418362e-04 
1.471103e-02 
9.542477e-01 
9.542477e-01 
9.542477e-01 
9.542476e-01 
9.542354e-01 
9.542331e-01 
9.542331e-01 
9.542331e-01 
8.984063e-01 
1.117014e-05 
1.564730e-05 
1.564729e-05 
1.564729e-05 
1.566045e-05 
2.094438e-05 
-4.700258e-04 
-4.700258e-04 
-4.700258e-04 
-4.905237e-04 
-1.487325e-02 
-9.542476e-01 
-9.542476e-01 
-9.542476e-01 
-9.542475e-01 
-9.542347e-01 
-9.542329e-01 
-9.542329e-01 
-9.542329e-01 
-8.905179e-01 
1.099215e-05 
1.564730e-05 
1.564729e-05 
1.564729e-05 
1.566469e-05 
2.092396e-05 
-4.700258e-04 
-4.700258e-04 
-4.700258e-04 
-4.938272e-04 
-1.530962e-02 
-9.542476e-01 
-9.542476e-01 
-9.542476e-01 
-9.542475e-01 
-9.542347e-01 
-9.542329e-01 
-9.542329e-01 
-9.542329e-01 
-8.823586e-01 
1.081854e-05 
1.564730e-05 
1.564729e-05 
1.564729e-05 
1.566970e-05 
2.089988e-05 
-4.700258e-04 
-4.700258e-04 
-4.700258e-04 
-4.973102e-04 
-1.576280e-02 
-9.542476e-01 
-9.542476e-01 
-9.542476e-01 
-9.542475e-01 
-9.542347e-01 
-9.542329e-01 
-9.542329e-01 
-9.542329e-01 
-8.739480e-01 
1.064869e-05 
1.564730e-05 
1.564729e-05 
1.564729e-05 
1.567545e-05 
2.087194e-05 
-4.700258e-04 
-4.700258e-04 
-4.700258e-04 
-5.009670e-04 
-1.623358e-02 
-9.542476e-01 
-9.542476e-01 
-9.542476e-01 
-9.542475e-01 
-9.542347e-01 
-9.542329e-01 
-9.542329e-01 
-9.542329e-01 
-8.653074e-01 
1.048251e-05 
1.564729e-05 
1.564729e-05 
1.564729e-05 
1.568198e-05 
2.083993e-05 
-4.700258e-04 
-4.700258e-04 
-4.700258e-04 
-5.047805e-04 
-1.672280e-02 
-9.542476e-01 
-9.542476e-01 
-9.542476e-01 
-9.542474e-01 
-9.542347e-01 
-9.542329e-01 
-9.542329e-01 
-9.542329e-01 
-8.564530e-01 
1.031979e-05 
2.309325e-06 
2.309325e-06 
2.309325e-06 
2.340225e-06 
2.277173e-05 
5.225356e-04 
5.225356e-04 
5.225356e-04 
5.653765e-04 
1.752829e-02 
9.542477e-01 
9.542477e-01 
9.542477e-01 
9.542475e-01 
9.542353e-01 
9.542331e-01 
9.542331e-01 
9.542331e-01 
8.474040e-01 
1.016093e-05 
1.564729e-05 
1.564729e-05 
1.564729e-05 
1.569728e-05 
2.076278e-05 
-4.700258e-04 
-4.700258e-04 
-4.700258e-04 
-5.128475e-04 
-1.776017e-02 
-9.542476e-01 
-9.542476e-01 
-9.542476e-01 
-9.542474e-01 
-9.542346e-01 
-9.542329e-01 
-9.542329e-01 
-9.542329e-01 
-8.381657e-01 
1.000488e-05 
2.309325e-06 
2.309325e-06 
2.309325e-06 
2.353469e-06 
2.370413e-05 
5.225356e-04 
5.225356e-04 
5.225356e-04 
5.745456e-04 
1.862176e-02 
9.542477e-01 
9.542477e-01 
9.542477e-01 
9.542475e-01 
9.542352e-01 
9.542331e-01 
9.542331e-01 
9.542331e-01 
8.287629e-01 
9.852648e-06 
1.564729e-05 
1.564729e-05 
1.564729e-05 
1.571543e-05 
2.066646e-05 
-4.700258e-04 
-4.700258e-04 
-4.700258e-04 
-5.214397e-04 
-1.888263e-02 
-9.542476e-01 
-9.542476e-01 
-9.542476e-01 
-9.542473e-01 
-9.542346e-01 
-9.542329e-01 
-9.542329e-01 
-9.542329e-01 
-8.191935e-01 
9.703148e-06 
2.328362e-06 
2.328362e-06 
2.328362e-06 
2.388781e-06 
2.482157e-05 
5.225365e-04 
5.225365e-04 
5.225365e-04 
5.842402e-04 
1.980544e-02 
9.542477e-01 
9.542477e-01 
9.542477e-01 
9.542474e-01 
9.542352e-01 
9.542331e-01 
9.542331e-01 
9.542331e-01 
8.094838e-01
#[#TRACE_DATA]
#[#TRACE]
