#[TRACE]
#data_labels=Output
#[TRACE_DATA]
2.435031e-05 
2.472352e-05 
2.495683e-05 
2.485769e-05 
2.411983e-05 
2.216642e-05 
1.788787e-05 
9.133572e-06 
-8.091371e-06 
-3.991280e-05 
-9.126958e-05 
-1.598886e-04 
-2.402138e-04 
-3.317089e-04 
-4.366201e-04 
-5.471121e-04 
-5.675594e-04 
-5.675594e-04 
-5.675594e-04 
-5.675594e-04 
-5.675594e-04 
-5.675594e-04 
-5.675594e-04 
-5.675594e-04 
-5.675594e-04 
-5.675594e-04 
-5.675594e-04 
-5.675594e-04 
-5.675594e-04 
-5.675594e-04 
-5.675594e-04 
-5.675594e-04 
-5.675594e-04 
-5.675594e-04 
-5.675594e-04 
-5.675594e-04 
-5.675594e-04 
-5.675594e-04 
-5.675594e-04 
-5.675594e-04 
-5.675594e-04 
-5.675594e-04 
-5.675594e-04 
-5.675594e-04 
-5.675594e-04 
-5.675594e-04 
-5.675594e-04 
-5.675594e-04 
-5.675594e-04 
-5.675594e-04 
-5.675594e-04 
-5.675594e-04 
-5.675594e-04 
-5.675594e-04 
-5.675594e-04 
-5.675594e-04 
-5.675594e-04 
-5.675594e-04 
-5.675594e-04 
-5.675594e-04 
-5.675594e-04 
-5.675594e-04 
-5.675594e-04 
-5.675594e-04 
-5.675594e-04 
-5.675594e-04 
-5.675594e-04 
-5.675594e-04 
-5.675594e-04 
-5.675594e-04 
-5.675594e-04 
-5.675594e-04 
-5.675594e-04 
-5.675594e-04 
-5.675594e-04 
-5.675594e-04 
-5.675594e-04 
-5.675594e-04 
-5.675594e-04 
-5.925752e-04 
-6.528241e-04 
-7.231284e-04 
-8.056850e-04 
-9.033190e-04 
-1.019630e-03 
-1.159206e-03 
-1.327965e-03 
-1.533445e-03 
-1.786069e-03 
-2.100754e-03 
-2.498285e-03 
-3.008154e-03 
-3.673184e-03 
-4.557131e-03 
-5.757569e-03 
-7.428612e-03 
-9.822657e-03 
-1.337082e-02 
-1.884637e-02 
-2.771608e-02 
-4.293411e-02 
-7.074254e-02 
-1.239454e-01 
-2.209766e-01 
-3.614857e-01 
-5.157561e-01 
-6.635002e-01 
-7.969964e-01 
-9.076489e-01 
-9.543222e-01 
-9.543222e-01 
-9.543222e-01 
-9.543222e-01 
-9.543222e-01 
-9.543222e-01 
-9.543222e-01 
-9.543222e-01 
-9.543222e-01 
-9.543222e-01 
-9.543222e-01 
-9.543222e-01 
-9.543222e-01 
-9.543222e-01 
-9.543222e-01 
-9.543222e-01 
-9.543222e-01 
-9.543222e-01 
-9.543222e-01 
-9.543222e-01 
-9.543222e-01 
-9.543222e-01 
-9.543222e-01 
-9.543222e-01 
-9.543222e-01 
-9.543222e-01 
-9.543222e-01 
-9.543222e-01 
-9.543222e-01 
-9.543222e-01 
-9.543222e-01 
-9.543222e-01 
-9.543222e-01 
-9.543222e-01 
-9.543222e-01 
-9.543222e-01 
-9.543222e-01 
-9.543222e-01 
-9.543222e-01 
-9.543222e-01 
-9.543222e-01 
-9.543222e-01 
-9.543222e-01 
-9.543222e-01 
-9.543222e-01 
-9.543222e-01 
-9.543222e-01 
-9.543222e-01 
-9.543222e-01 
-9.543222e-01 
-9.543222e-01 
-9.543222e-01 
-9.543222e-01 
-9.543222e-01 
-9.543222e-01 
-9.543222e-01 
-9.543222e-01 
-9.543222e-01 
-9.543222e-01 
-9.543222e-01 
-9.543222e-01 
-9.543222e-01 
-9.543222e-01 
-9.543222e-01 
-9.543188e-01 
-9.543142e-01 
-9.543086e-01 
-9.543018e-01 
-9.542928e-01 
-9.542807e-01 
-9.542724e-01 
-9.542684e-01 
-9.542652e-01 
-9.542624e-01 
-9.542600e-01 
-9.542579e-01 
-9.542561e-01 
-9.542545e-01 
-9.542531e-01 
-9.542518e-01 
-9.542506e-01 
-9.542496e-01 
-9.542486e-01 
-9.542477e-01 
-9.542469e-01 
-9.542462e-01 
-9.542455e-01 
-9.542449e-01 
-9.542443e-01 
-9.542438e-01 
-9.542433e-01 
-9.542428e-01 
-9.542424e-01 
-9.542420e-01 
-9.542419e-01 
-9.542419e-01 
-9.542419e-01 
-9.542419e-01 
-9.542419e-01 
-9.542419e-01 
-9.542419e-01 
-9.542419e-01 
-9.542419e-01 
-9.542419e-01 
-9.542419e-01 
-9.542419e-01 
-9.542419e-01 
-9.542419e-01 
-9.542419e-01 
-9.542419e-01 
-9.542419e-01 
-9.542419e-01 
-9.542419e-01 
-9.542419e-01 
-9.542419e-01 
-9.542419e-01 
-9.542419e-01 
-9.542419e-01 
-9.542419e-01 
-9.542419e-01 
-9.542419e-01 
-9.542419e-01 
-9.542419e-01 
-9.542419e-01 
-9.542419e-01 
-9.542419e-01 
-9.542419e-01 
-9.542419e-01 
-9.542419e-01 
-9.542419e-01 
-9.542419e-01 
-9.542419e-01 
-9.542419e-01 
-9.542419e-01 
-9.542419e-01 
-9.542419e-01 
-9.542419e-01 
-9.542419e-01 
-9.542419e-01 
-9.542419e-01 
-9.542419e-01 
-9.542419e-01 
-9.542419e-01 
-9.542419e-01 
-9.542419e-01 
-9.542419e-01 
-9.542419e-01 
-9.542419e-01 
-9.542419e-01 
-9.542419e-01 
-9.542419e-01 
-9.542419e-01 
-9.542419e-01 
-9.542419e-01 
-9.542419e-01 
-9.542419e-01 
-9.542419e-01 
-9.087804e-01 
-7.992752e-01 
-6.665333e-01 
-5.143574e-01 
-3.335783e-01 
-1.151564e-01 
-4.142086e-03 
6.231456e-04 
3.290157e-04 
1.951840e-04 
1.265494e-04 
8.718209e-05 
6.284620e-05 
4.695649e-05 
3.613653e-05 
2.852067e-05 
2.301763e-05 
1.896042e-05 
1.592800e-05 
1.364999e-05 
1.195457e-05 
1.074107e-05 
9.967875e-06 
9.639386e-06 
9.227866e-06 
4.083198e-06 
3.505421e-06 
3.048201e-06 
2.426209e-06 
1.596639e-06 
1.016695e-06 
1.016683e-06 
1.016683e-06 
1.016683e-06 
1.016683e-06 
1.016683e-06 
1.016683e-06 
1.016683e-06 
1.016683e-06 
1.016683e-06 
1.016683e-06 
1.016683e-06 
1.016683e-06 
1.016683e-06 
1.016683e-06 
1.016683e-06 
1.016683e-06 
1.016683e-06 
1.016683e-06 
1.016683e-06 
1.016683e-06 
1.016683e-06 
1.016683e-06 
1.016683e-06 
1.016683e-06 
1.016683e-06 
1.016683e-06 
1.016683e-06 
1.016683e-06 
1.016683e-06 
1.016683e-06 
1.016683e-06 
1.016683e-06 
1.016683e-06 
1.016683e-06 
1.016683e-06 
1.016683e-06 
1.016683e-06 
1.016683e-06 
1.016683e-06 
1.016683e-06 
1.016683e-06 
1.016683e-06 
1.016683e-06 
1.016683e-06 
1.016683e-06 
1.016683e-06 
1.016683e-06 
1.016683e-06 
1.016683e-06 
1.016683e-06 
1.016683e-06 
1.016683e-06 
1.016683e-06 
1.016683e-06 
1.016683e-06 
1.016683e-06 
1.016683e-06 
1.016683e-06 
1.016683e-06 
1.016683e-06 
1.016683e-06 
1.016683e-06 
1.018135e-06 
1.202086e-06 
1.430063e-06 
1.687861e-06 
1.980901e-06 
2.315874e-06 
2.701121e-06 
3.147146e-06 
3.667352e-06 
4.279020e-06 
5.004621e-06 
5.873886e-06 
6.926850e-06 
8.218394e-06 
9.825318e-06 
1.185764e-05 
1.447726e-05 
1.792985e-05 
2.260168e-05 
2.912458e-05 
3.857717e-05 
5.287242e-05 
7.543598e-05 
1.118295e-04 
1.676274e-04 
2.406429e-04 
3.212342e-04 
4.037413e-04 
4.861198e-04 
5.630708e-04 
6.222569e-04 
6.282111e-04 
6.282111e-04 
6.282111e-04 
6.282111e-04 
6.282111e-04 
6.282111e-04 
6.282111e-04 
6.282111e-04 
6.282111e-04 
6.282111e-04 
6.282111e-04 
6.282111e-04 
6.282111e-04 
6.282111e-04 
6.282111e-04 
6.282111e-04 
6.282111e-04 
6.282111e-04 
6.282111e-04 
6.282111e-04 
6.282111e-04 
6.282111e-04 
6.282111e-04 
6.282111e-04 
6.282111e-04 
6.282111e-04 
6.282111e-04 
6.282111e-04 
6.282111e-04 
6.282111e-04 
6.282111e-04 
6.282111e-04 
6.282111e-04 
6.282111e-04 
6.282111e-04 
6.282111e-04 
6.282111e-04 
6.282111e-04 
6.282111e-04 
6.282111e-04 
6.282111e-04 
6.282111e-04 
6.282111e-04 
6.282111e-04 
6.282111e-04 
6.282111e-04 
6.282111e-04 
6.282111e-04 
6.282111e-04 
6.282111e-04 
6.282111e-04 
6.282111e-04 
6.282111e-04 
6.282111e-04 
6.282111e-04 
6.282111e-04 
6.282111e-04 
6.282111e-04 
6.282111e-04 
6.282111e-04 
6.282111e-04 
6.282111e-04 
6.282111e-04 
6.597503e-04 
7.255279e-04 
8.011613e-04 
8.852045e-04 
9.345887e-04 
1.055152e-03 
1.199955e-03 
1.375137e-03 
1.588335e-03 
1.850569e-03 
2.177362e-03 
2.590345e-03 
3.120252e-03 
3.811754e-03 
4.731412e-03 
5.981199e-03 
7.722373e-03 
1.021940e-02 
1.392476e-02 
1.965151e-02 
2.894469e-02 
4.491927e-02 
7.414093e-02 
1.298785e-01 
2.301525e-01 
3.722521e-01 
5.262723e-01 
6.731725e-01 
8.054259e-01 
9.140385e-01 
9.543225e-01 
9.543225e-01 
9.543225e-01 
9.543225e-01 
9.543225e-01 
9.543225e-01 
9.543225e-01 
9.543225e-01 
9.543225e-01 
9.543225e-01 
9.543225e-01 
9.543225e-01 
9.543225e-01 
9.543225e-01 
9.543225e-01 
9.543225e-01 
9.543225e-01 
9.543225e-01 
9.543225e-01 
9.543225e-01 
9.543225e-01 
9.543225e-01 
9.543225e-01 
9.543225e-01 
9.543225e-01 
9.543225e-01 
9.543225e-01 
9.543225e-01 
9.543225e-01 
9.543225e-01 
9.543225e-01 
9.543225e-01 
9.543225e-01 
9.543225e-01 
9.543225e-01 
9.543225e-01 
9.543225e-01 
9.543225e-01 
9.543225e-01 
9.543225e-01 
9.543225e-01 
9.543225e-01 
9.543225e-01 
9.543225e-01 
9.543225e-01 
9.543225e-01 
9.543225e-01 
9.543225e-01 
9.543225e-01 
9.543225e-01 
9.543225e-01 
9.543225e-01 
9.543225e-01 
9.543225e-01 
9.543225e-01 
9.543225e-01 
9.543225e-01 
9.543225e-01 
9.543225e-01 
9.543225e-01 
9.543225e-01 
9.543225e-01 
9.543225e-01 
9.543223e-01 
9.543193e-01 
9.543153e-01 
9.543107e-01 
9.543055e-01 
9.542997e-01 
9.542936e-01 
9.542873e-01 
9.542812e-01 
9.542757e-01 
9.542710e-01 
9.542670e-01 
9.542637e-01 
9.542609e-01 
9.542585e-01 
9.542565e-01 
9.542547e-01 
9.542532e-01 
9.542518e-01 
9.542506e-01 
9.542495e-01 
9.542485e-01 
9.542476e-01 
9.542468e-01 
9.542461e-01 
9.542454e-01 
9.542448e-01 
9.542442e-01 
9.542437e-01 
9.542432e-01 
9.542427e-01 
9.542427e-01 
9.542427e-01 
9.542427e-01 
9.542427e-01 
9.542427e-01 
9.542427e-01 
9.542427e-01 
9.542427e-01 
9.542427e-01 
9.542427e-01 
9.542427e-01 
9.542427e-01 
9.542427e-01 
9.542427e-01 
9.542427e-01 
9.542427e-01 
9.542427e-01 
9.542427e-01 
9.542427e-01 
9.542427e-01 
9.542427e-01 
9.542427e-01 
9.542427e-01 
9.542427e-01 
9.542427e-01 
9.542427e-01 
9.542427e-01 
9.542427e-01 
9.542427e-01 
9.542427e-01 
9.542427e-01 
9.542427e-01 
9.542427e-01 
9.542427e-01 
9.542427e-01 
9.542427e-01 
9.542427e-01 
9.542427e-01 
9.542427e-01 
9.542427e-01 
9.542427e-01 
9.542427e-01 
9.542427e-01 
9.542427e-01 
9.542427e-01 
9.542427e-01 
9.542427e-01 
9.542427e-01 
9.542427e-01 
9.542427e-01 
9.542427e-01 
9.542427e-01 
9.542427e-01 
9.542427e-01 
9.542427e-01 
9.542427e-01 
9.542427e-01 
9.542427e-01 
9.542427e-01 
9.542427e-01 
9.542427e-01 
9.542427e-01 
9.542427e-01 
9.022828e-01 
7.908474e-01 
6.568546e-01 
5.034827e-01 
3.213541e-01 
1.067236e-01 
6.062685e-03 
6.316526e-04 
3.162927e-04 
1.890320e-04 
1.231547e-04 
8.514080e-05 
6.154106e-05 
4.608232e-05 
3.552928e-05 
2.808645e-05 
2.270001e-05 
1.872417e-05 
1.575061e-05 
1.351700e-05 
1.185702e-05 
1.067432e-05 
9.931080e-06 
9.632571e-06 
9.031359e-06 
4.017122e-06 
3.475924e-06 
3.012274e-06 
2.375634e-06 
1.534762e-06 
1.016671e-06 
1.016683e-06 
1.016683e-06 
1.016683e-06 
1.016683e-06 
1.016683e-06 
1.016683e-06 
1.016683e-06 
1.016683e-06 
1.016683e-06 
1.016683e-06 
1.016683e-06 
1.016683e-06 
1.016683e-06 
1.016683e-06 
1.016683e-06 
1.016683e-06 
1.016683e-06 
1.016683e-06 
1.016683e-06 
1.016683e-06 
1.016683e-06 
1.016683e-06 
1.016683e-06 
1.016683e-06 
1.016683e-06 
1.016683e-06 
1.016683e-06 
1.016683e-06 
1.016683e-06 
1.016683e-06 
1.016683e-06 
1.016683e-06 
1.016683e-06 
1.016683e-06 
1.016683e-06 
1.016683e-06 
1.016683e-06 
1.016683e-06 
1.016683e-06 
1.016683e-06 
1.016683e-06 
1.016683e-06 
1.016683e-06 
1.016683e-06 
1.016683e-06 
1.016683e-06 
1.016683e-06 
1.016683e-06 
1.016683e-06 
1.016683e-06 
1.016683e-06 
1.016683e-06 
1.016683e-06 
1.016683e-06 
1.016683e-06 
1.016683e-06 
1.016683e-06 
1.016683e-06 
1.016683e-06 
1.016683e-06 
1.016683e-06 
1.016683e-06 
1.022673e-06 
1.216820e-06 
1.446685e-06 
1.706707e-06 
2.002385e-06 
2.340509e-06 
2.729549e-06 
3.180181e-06 
3.706039e-06 
4.324713e-06 
5.059092e-06 
5.939504e-06 
7.006830e-06 
8.317190e-06 
9.949232e-06 
1.201582e-05 
1.468336e-05 
1.820496e-05 
2.297956e-05 
2.966165e-05 
3.937171e-05 
5.410104e-05 
7.740912e-05 
1.149878e-04 
1.721665e-04 
2.460151e-04 
3.268420e-04 
4.094058e-04 
4.916548e-04 
5.678585e-04 
6.248870e-04 
6.282111e-04 
6.282111e-04 
6.282111e-04 
6.282111e-04 
6.282111e-04 
6.282111e-04 
6.282111e-04 
6.282111e-04 
6.282111e-04 
6.282111e-04 
6.282111e-04 
6.282111e-04 
6.282111e-04 
6.282111e-04 
6.282111e-04 
6.282111e-04 
6.282111e-04 
6.282111e-04 
6.282111e-04 
6.282111e-04 
6.282111e-04 
6.282111e-04 
6.282111e-04 
6.282111e-04 
6.282111e-04 
6.282111e-04 
6.282111e-04 
6.282111e-04 
6.282111e-04 
6.282111e-04 
6.282111e-04 
6.282111e-04 
6.282111e-04 
6.282111e-04 
6.282111e-04 
6.282111e-04 
6.282111e-04 
6.282111e-04 
6.282111e-04 
6.282111e-04 
6.282111e-04 
6.282111e-04 
6.282111e-04 
6.282111e-04 
6.282111e-04 
6.282111e-04 
6.282111e-04 
6.282111e-04 
6.282111e-04 
6.282111e-04 
6.282111e-04 
6.282111e-04 
6.282111e-04 
6.282111e-04 
6.282111e-04 
6.282111e-04 
6.282111e-04 
6.282111e-04 
6.282111e-04 
6.282111e-04 
6.282111e-04 
6.282111e-04 
6.282111e-04 
6.639600e-04 
7.303721e-04 
8.067135e-04 
8.903341e-04 
9.421510e-04 
1.064220e-03 
1.210889e-03 
1.388402e-03 
1.604554e-03 
1.870651e-03 
2.202565e-03 
2.622437e-03 
3.161775e-03 
3.866447e-03 
4.804919e-03 
6.082301e-03 
7.865194e-03 
1.042757e-02 
1.423963e-02 
2.014935e-02 
2.977461e-02 
4.638993e-02 
7.690632e-02 
1.351438e-01 
2.388105e-01 
3.827334e-01 
5.366544e-01 
6.827556e-01 
8.137439e-01 
9.202458e-01 
9.543225e-01 
9.543225e-01 
9.543225e-01 
9.543225e-01 
9.543225e-01 
9.543225e-01 
9.543225e-01 
9.543225e-01 
9.543225e-01 
9.543225e-01 
9.543225e-01 
9.543225e-01 
9.543225e-01 
9.543225e-01 
9.543225e-01 
9.543225e-01 
9.543225e-01 
9.543225e-01 
9.543225e-01 
9.543225e-01 
9.543225e-01 
9.543225e-01 
9.543225e-01 
9.543225e-01 
9.543225e-01 
9.543225e-01 
9.543225e-01 
9.543225e-01 
9.543225e-01 
9.543225e-01 
9.543225e-01 
9.543225e-01 
9.543225e-01 
9.543225e-01 
9.543225e-01 
9.543225e-01 
9.543225e-01 
9.543225e-01 
9.543225e-01 
9.543225e-01 
9.543225e-01 
9.543225e-01 
9.543225e-01 
9.543225e-01 
9.543225e-01 
9.543225e-01 
9.543225e-01 
9.543225e-01 
9.543225e-01 
9.543225e-01 
9.543225e-01 
9.543225e-01 
9.543225e-01 
9.543225e-01 
9.543225e-01 
9.543225e-01 
9.543225e-01 
9.543225e-01 
9.543225e-01 
9.543225e-01 
9.543225e-01 
9.543225e-01 
9.543225e-01 
9.543221e-01 
9.543190e-01 
9.543150e-01 
9.543103e-01 
9.543051e-01 
9.542993e-01 
9.542932e-01 
9.542869e-01 
9.542808e-01 
9.542754e-01 
9.542707e-01 
9.542668e-01 
9.542635e-01 
9.542607e-01 
9.542584e-01 
9.542564e-01 
9.542546e-01 
9.542531e-01 
9.542517e-01 
9.542505e-01 
9.542494e-01 
9.542485e-01 
9.542476e-01 
9.542468e-01 
9.542460e-01 
9.542454e-01 
9.542448e-01 
9.542442e-01 
9.542437e-01 
9.542432e-01 
9.542427e-01 
9.542427e-01 
9.542427e-01 
9.542427e-01 
9.542427e-01 
9.542427e-01 
9.542427e-01 
9.542427e-01 
9.542427e-01 
9.542427e-01 
9.542427e-01 
9.542427e-01 
9.542427e-01 
9.542427e-01 
9.542427e-01 
9.542427e-01 
9.542427e-01 
9.542427e-01 
9.542427e-01 
9.542427e-01 
9.542427e-01 
9.542427e-01 
9.542427e-01 
9.542427e-01 
9.542427e-01 
9.542427e-01 
9.542427e-01 
9.542427e-01 
9.542427e-01 
9.542427e-01 
9.542427e-01 
9.542427e-01 
9.542427e-01 
9.542427e-01 
9.542427e-01 
9.542427e-01 
9.542427e-01 
9.542427e-01 
9.542427e-01 
9.542427e-01 
9.542427e-01 
9.542427e-01 
9.542427e-01 
9.542427e-01 
9.542427e-01 
9.542427e-01 
9.542427e-01 
9.542427e-01 
9.542427e-01 
9.542427e-01 
9.542427e-01 
9.542427e-01 
9.542427e-01 
9.542427e-01 
9.542427e-01 
9.542427e-01 
9.542427e-01 
9.542427e-01 
9.542427e-01 
9.542427e-01 
9.542427e-01 
9.542427e-01 
9.542427e-01 
9.542427e-01 
8.956155e-01 
7.823050e-01 
6.470174e-01 
4.921337e-01 
3.073837e-01 
9.365626e-02 
4.766335e-03 
5.936758e-04 
3.042332e-04 
1.831457e-04 
1.198838e-04 
8.316445e-05 
6.027290e-05 
4.523055e-05 
3.493630e-05 
2.766169e-05 
2.238887e-05 
1.849254e-05 
1.557665e-05 
1.338675e-05 
1.176220e-05 
1.061256e-05 
9.917940e-06 
9.885884e-06 
1.343754e-05 
1.622580e-05 
1.746206e-05 
1.823930e-05 
1.868246e-05 
1.882328e-05 
1.888037e-05 
1.888033e-05 
1.888033e-05 
1.888033e-05 
1.888033e-05 
1.888033e-05 
1.888033e-05 
1.888033e-05 
1.888033e-05 
1.888033e-05 
1.888033e-05 
1.888033e-05 
1.888033e-05 
1.888033e-05 
1.888033e-05 
1.888033e-05 
1.888033e-05 
1.888033e-05 
1.888033e-05 
1.888033e-05 
1.888033e-05 
1.888033e-05 
1.888033e-05 
1.888033e-05 
1.888033e-05 
1.888033e-05 
1.888033e-05 
1.888033e-05 
1.888033e-05 
1.888033e-05 
1.888033e-05 
1.888033e-05 
1.888033e-05 
1.888033e-05 
1.888033e-05 
1.888033e-05 
1.888033e-05 
1.888033e-05 
1.888033e-05 
1.888033e-05 
1.888033e-05 
1.888033e-05 
1.888033e-05 
1.888033e-05 
1.888033e-05 
1.888033e-05 
1.888033e-05 
1.888033e-05 
1.888033e-05 
1.888033e-05 
1.888033e-05 
1.888033e-05 
1.888033e-05 
1.888033e-05 
1.888033e-05 
1.888033e-05 
1.888033e-05 
1.888033e-05 
1.888033e-05 
1.888033e-05 
1.888033e-05 
1.888033e-05 
1.888033e-05 
1.889812e-05 
1.910962e-05 
1.934127e-05 
1.959152e-05 
1.986212e-05 
2.015493e-05 
2.047185e-05 
2.081476e-05 
2.118541e-05 
2.158516e-05 
2.201444e-05 
2.247213e-05 
2.295438e-05 
2.345253e-05 
2.394961e-05 
2.441414e-05 
2.478899e-05 
2.497098e-05 
2.477214e-05 
2.384438e-05 
2.152903e-05 
1.655488e-05 
6.464651e-06 
-1.320701e-05 
-4.880026e-05 
-1.041466e-04 
-1.755225e-04 
-2.579883e-04 
-3.521191e-04 
-4.595177e-04 
-5.638976e-04 
-5.675594e-04 
-5.675594e-04 
-5.675594e-04 
-5.675594e-04 
-5.675594e-04 
-5.675594e-04 
-5.675594e-04 
-5.675594e-04 
-5.675594e-04 
-5.675594e-04 
-5.675594e-04 
-5.675594e-04 
-5.675594e-04 
-5.675594e-04 
-5.675594e-04 
-5.675594e-04 
-5.675594e-04 
-5.675594e-04 
-5.675594e-04 
-5.675594e-04 
-5.675594e-04 
-5.675594e-04 
-5.675594e-04 
-5.675594e-04 
-5.675594e-04 
-5.675594e-04 
-5.675594e-04 
-5.675594e-04 
-5.675594e-04 
-5.675594e-04 
-5.675594e-04 
-5.675594e-04 
-5.675594e-04 
-5.675594e-04 
-5.675594e-04 
-5.675594e-04 
-5.675594e-04 
-5.675594e-04 
-5.675594e-04 
-5.675594e-04 
-5.675594e-04 
-5.675594e-04 
-5.675594e-04 
-5.675594e-04 
-5.675594e-04 
-5.675594e-04 
-5.675594e-04 
-5.675594e-04 
-5.675594e-04 
-5.675594e-04 
-5.675594e-04 
-5.675594e-04 
-5.675594e-04 
-5.675594e-04 
-5.675594e-04 
-5.675594e-04 
-5.675594e-04 
-5.675594e-04 
-5.675594e-04 
-5.675594e-04 
-5.675594e-04 
-5.675594e-04 
-5.675594e-04 
-6.042023e-04 
-6.663620e-04 
-7.389818e-04 
-8.243778e-04 
-9.255211e-04 
-1.046193e-03 
-1.191223e-03 
-1.366838e-03 
-1.581005e-03 
-1.844979e-03 
-2.174730e-03 
-2.592547e-03 
-3.130203e-03 
-3.834069e-03 
-4.773551e-03 
-6.055524e-03 
-7.849981e-03 
-1.043759e-02 
-1.430232e-02 
-2.032175e-02 
-3.018094e-02 
-4.731410e-02 
-7.900813e-02 
-1.397466e-01 
-2.470187e-01 
-3.929877e-01 
-5.469240e-01 
-6.922535e-01 
-8.219475e-01 
-9.262649e-01 
-9.543222e-01 
-9.543222e-01 
-9.543222e-01 
-9.543222e-01 
-9.543222e-01 
-9.543222e-01 
-9.543222e-01 
-9.543222e-01 
-9.543222e-01 
-9.543222e-01 
-9.543222e-01 
-9.543222e-01 
-9.543222e-01 
-9.543222e-01 
-9.543222e-01 
-9.543222e-01 
-9.543222e-01 
-9.543222e-01 
-9.543222e-01 
-9.543222e-01 
-9.543222e-01 
-9.543222e-01 
-9.543222e-01 
-9.543222e-01 
-9.543222e-01 
-9.543222e-01 
-9.543222e-01 
-9.543222e-01 
-9.543222e-01 
-9.543222e-01 
-9.543222e-01 
-9.543222e-01 
-9.543222e-01 
-9.543222e-01 
-9.543222e-01 
-9.543222e-01 
-9.543222e-01 
-9.543222e-01 
-9.543222e-01 
-9.543222e-01 
-9.543222e-01 
-9.543222e-01 
-9.543222e-01 
-9.543222e-01 
-9.543222e-01 
-9.543222e-01 
-9.543222e-01 
-9.543222e-01 
-9.543222e-01 
-9.543222e-01 
-9.543222e-01 
-9.543222e-01 
-9.543222e-01 
-9.543222e-01 
-9.543222e-01 
-9.543222e-01 
-9.543222e-01 
-9.543222e-01 
-9.543222e-01 
-9.543222e-01 
-9.543222e-01 
-9.543222e-01 
-9.543222e-01 
-9.543217e-01 
-9.543179e-01 
-9.543131e-01 
-9.543073e-01 
-9.543002e-01 
-9.542905e-01 
-9.542784e-01 
-9.542715e-01 
-9.542677e-01 
-9.542646e-01 
-9.542619e-01 
-9.542596e-01 
-9.542576e-01 
-9.542558e-01 
-9.542542e-01 
-9.542528e-01 
-9.542515e-01 
-9.542504e-01 
-9.542493e-01 
-9.542484e-01 
-9.542476e-01 
-9.542468e-01 
-9.542460e-01 
-9.542454e-01 
-9.542448e-01 
-9.542442e-01 
-9.542437e-01 
-9.542432e-01 
-9.542427e-01 
-9.542423e-01 
-9.542419e-01 
-9.542419e-01 
-9.542419e-01 
-9.542419e-01 
-9.542419e-01 
-9.542419e-01 
-9.542419e-01 
-9.542419e-01 
-9.542419e-01 
-9.542419e-01 
-9.542419e-01 
-9.542419e-01 
-9.542419e-01 
-9.542419e-01 
-9.542419e-01 
-9.542419e-01 
-9.542419e-01 
-9.542419e-01 
-9.542419e-01 
-9.542419e-01 
-9.542419e-01 
-9.542419e-01 
-9.542419e-01 
-9.542419e-01 
-9.542419e-01 
-9.542419e-01 
-9.542419e-01 
-9.542419e-01 
-9.542419e-01 
-9.542419e-01 
-9.542419e-01 
-9.542419e-01 
-9.542419e-01 
-9.542419e-01 
-9.542419e-01 
-9.542419e-01 
-9.542419e-01 
-9.542419e-01 
-9.542419e-01 
-9.542419e-01 
-9.542419e-01 
-9.542419e-01 
-9.542419e-01 
-9.542419e-01 
-9.542419e-01 
-9.542419e-01 
-9.542419e-01 
-9.542419e-01 
-9.542419e-01 
-9.542419e-01 
-9.542419e-01 
-9.542419e-01 
-9.542419e-01 
-9.542419e-01 
-9.542419e-01 
-9.542419e-01 
-9.542419e-01 
-9.542419e-01 
-9.542419e-01 
-9.542419e-01 
-9.542419e-01 
-9.542419e-01 
-9.542419e-01 
-9.542419e-01 
-8.887836e-01 
-7.736451e-01 
-6.369925e-01 
-4.801805e-01 
-2.911354e-01 
-7.556182e-02 
-9.274604e-04 
5.469975e-04 
2.928126e-04 
1.775104e-04 
1.167311e-04 
8.125045e-05 
5.904043e-05 
4.440049e-05 
3.435718e-05 
2.724615e-05 
2.208411e-05 
1.826546e-05 
1.540605e-05 
1.325904e-05 
1.166913e-05 
1.055030e-05 
9.888959e-06 
9.938723e-06 
1.381809e-05 
1.632873e-05 
1.752812e-05 
1.827916e-05 
1.870227e-05 
1.881911e-05 
1.888035e-05 
1.888033e-05 
1.888033e-05 
1.888033e-05 
1.888033e-05 
1.888033e-05 
1.888033e-05 
1.888033e-05 
1.888033e-05 
1.888033e-05 
1.888033e-05 
1.888033e-05 
1.888033e-05 
1.888033e-05 
1.888033e-05 
1.888033e-05 
1.888033e-05 
1.888033e-05 
1.888033e-05 
1.888033e-05 
1.888033e-05 
1.888033e-05 
1.888033e-05 
1.888033e-05 
1.888033e-05 
1.888033e-05 
1.888033e-05 
1.888033e-05 
1.888033e-05 
1.888033e-05 
1.888033e-05 
1.888033e-05 
1.888033e-05 
1.888033e-05 
1.888033e-05 
1.888033e-05 
1.888033e-05 
1.888033e-05 
1.888033e-05 
1.888033e-05 
1.888033e-05 
1.888033e-05 
1.888033e-05 
1.888033e-05 
1.888033e-05 
1.888033e-05 
1.888033e-05 
1.888033e-05 
1.888033e-05 
1.888033e-05 
1.888033e-05 
1.888033e-05 
1.888033e-05 
1.888033e-05 
1.888033e-05 
1.888033e-05 
1.888033e-05 
1.888033e-05 
1.888033e-05 
1.888033e-05 
1.888033e-05 
1.888033e-05 
1.888033e-05 
1.891030e-05 
1.912490e-05 
1.935776e-05 
1.960935e-05 
1.988142e-05 
2.017581e-05 
2.049445e-05 
2.083920e-05 
2.121181e-05 
2.161357e-05 
2.204485e-05 
2.250439e-05 
2.298808e-05 
2.348682e-05 
2.398289e-05 
2.444348e-05 
2.480913e-05 
2.497235e-05 
2.473722e-05 
2.374039e-05 
2.129328e-05 
1.606564e-05 
5.489740e-06 
-1.505949e-05 
-5.195495e-05 
-1.085927e-04 
-1.808330e-04 
-2.640191e-04 
-3.590559e-04 
-4.671973e-04 
-5.659905e-04 
-5.675594e-04 
-5.675594e-04 
-5.675594e-04 
-5.675594e-04 
-5.675594e-04 
-5.675594e-04 
-5.675594e-04 
-5.675594e-04 
-5.675594e-04 
-5.675594e-04 
-5.675594e-04 
-5.675594e-04 
-5.675594e-04 
-5.675594e-04 
-5.675594e-04 
-5.675594e-04 
-5.675594e-04 
-5.675594e-04 
-5.675594e-04 
-5.675594e-04 
-5.675594e-04 
-5.675594e-04 
-5.675594e-04 
-5.675594e-04 
-5.675594e-04 
-5.675594e-04 
-5.675594e-04 
-5.675594e-04 
-5.675594e-04 
-5.675594e-04 
-5.675594e-04 
-5.675594e-04 
-5.675594e-04 
-5.675594e-04 
-5.675594e-04 
-5.675594e-04 
-5.675594e-04 
-5.675594e-04 
-5.675594e-04 
-5.675594e-04 
-5.675594e-04 
-5.675594e-04 
-5.675594e-04 
-5.675594e-04 
-5.675594e-04 
-5.675594e-04 
-5.675594e-04 
-5.675594e-04 
-5.675594e-04 
-5.675594e-04 
-5.675594e-04 
-5.675594e-04 
-5.675594e-04 
-5.675594e-04 
-5.675594e-04 
-5.675594e-04 
-5.675594e-04 
-5.675594e-04 
-5.675594e-04 
-5.675594e-04 
-5.675594e-04 
-5.675594e-04 
-5.675594e-04 
-6.081585e-04 
-6.709711e-04 
-7.443841e-04 
-8.307539e-04 
-9.331018e-04 
-1.055271e-03 
-1.202177e-03 
-1.380149e-03 
-1.597314e-03 
-1.865219e-03 
-2.200194e-03 
-2.625061e-03 
-3.172400e-03 
-3.889838e-03 
-4.848792e-03 
-6.159466e-03 
-7.997560e-03 
-1.065398e-02 
-1.463193e-02 
-2.084729e-02 
-3.106590e-02 
-4.890033e-02 
-8.202064e-02 
-1.454638e-01 
-2.561003e-01 
-4.035550e-01 
-5.572296e-01 
-7.016973e-01 
-8.300389e-01 
-9.320908e-01 
-9.543222e-01 
-9.543222e-01 
-9.543222e-01 
-9.543222e-01 
-9.543222e-01 
-9.543222e-01 
-9.543222e-01 
-9.543222e-01 
-9.543222e-01 
-9.543222e-01 
-9.543222e-01 
-9.543222e-01 
-9.543222e-01 
-9.543222e-01 
-9.543222e-01 
-9.543222e-01 
-9.543222e-01 
-9.543222e-01 
-9.543222e-01 
-9.543222e-01 
-9.543222e-01 
-9.543222e-01 
-9.543222e-01 
-9.543222e-01 
-9.543222e-01 
-9.543222e-01 
-9.543222e-01 
-9.543222e-01 
-9.543222e-01 
-9.543222e-01 
-9.543222e-01 
-9.543222e-01 
-9.543222e-01 
-9.543222e-01 
-9.543222e-01 
-9.543222e-01 
-9.543222e-01 
-9.543222e-01 
-9.543222e-01 
-9.543222e-01 
-9.543222e-01 
-9.543222e-01 
-9.543222e-01 
-9.543222e-01 
-9.543222e-01 
-9.543222e-01 
-9.543222e-01 
-9.543222e-01 
-9.543222e-01 
-9.543222e-01 
-9.543222e-01 
-9.543222e-01 
-9.543222e-01 
-9.543222e-01 
-9.543222e-01 
-9.543222e-01 
-9.543222e-01 
-9.543222e-01 
-9.543222e-01 
-9.543222e-01 
-9.543222e-01 
-9.543222e-01 
-9.543222e-01 
-9.543215e-01 
-9.543176e-01 
-9.543128e-01 
-9.543069e-01 
-9.542996e-01 
-9.542897e-01 
-9.542777e-01 
-9.542712e-01 
-9.542675e-01 
-9.542644e-01 
-9.542617e-01 
-9.542594e-01 
-9.542574e-01 
-9.542557e-01 
-9.542541e-01 
-9.542527e-01 
-9.542514e-01 
-9.542503e-01 
-9.542493e-01 
-9.542483e-01 
-9.542475e-01 
-9.542467e-01 
-9.542460e-01 
-9.542453e-01 
-9.542447e-01 
-9.542442e-01 
-9.542436e-01 
-9.542431e-01 
-9.542427e-01 
-9.542423e-01 
-9.542419e-01 
-9.542419e-01 
-9.542419e-01 
-9.542419e-01 
-9.542419e-01 
-9.542419e-01 
-9.542419e-01 
-9.542419e-01 
-9.542419e-01 
-9.542419e-01 
-9.542419e-01 
-9.542419e-01 
-9.542419e-01 
-9.542419e-01 
-9.542419e-01 
-9.542419e-01 
-9.542419e-01 
-9.542419e-01 
-9.542419e-01 
-9.542419e-01 
-9.542419e-01 
-9.542419e-01 
-9.542419e-01 
-9.542419e-01 
-9.542419e-01 
-9.542419e-01 
-9.542419e-01 
-9.542419e-01 
-9.542419e-01 
-9.542419e-01 
-9.542419e-01 
-9.542419e-01 
-9.542419e-01 
-9.542419e-01 
-9.542419e-01 
-9.542419e-01 
-9.542419e-01 
-9.542419e-01 
-9.542419e-01 
-9.542419e-01 
-9.542419e-01 
-9.542419e-01 
-9.542419e-01 
-9.542419e-01 
-9.542419e-01 
-9.542419e-01 
-9.542419e-01 
-9.542419e-01 
-9.542419e-01 
-9.542419e-01 
-9.542419e-01 
-9.542419e-01 
-9.542419e-01 
-9.542419e-01 
-9.542419e-01 
-9.542419e-01 
-9.542419e-01 
-9.542419e-01 
-9.542419e-01 
-9.542419e-01 
-9.542419e-01 
-9.542419e-01 
-9.542419e-01 
-9.542419e-01 
-8.817988e-01 
-7.649062e-01 
-6.269702e-01 
-4.685133e-01 
-2.765546e-01 
-6.419021e-02 
-4.148977e-04 
5.026301e-04 
2.701863e-04 
1.640256e-04 
1.076667e-04 
7.462077e-05 
5.386373e-05 
4.013359e-05 
3.067090e-05 
2.392306e-05 
1.896633e-05 
1.522455e-05 
1.232219e-05 
1.000264e-05 
8.079456e-06 
6.405959e-06 
4.869924e-06 
3.641905e-06 
5.884836e-06 
6.063186e-06 
5.419522e-06 
4.957859e-06 
4.825014e-06 
4.988890e-06 
5.120923e-06 
5.120921e-06 
5.120921e-06 
5.120921e-06 
5.120921e-06 
5.120921e-06 
5.120921e-06 
5.120921e-06 
5.120921e-06 
5.120921e-06 
5.120921e-06 
5.120921e-06 
5.120921e-06 
5.120921e-06 
5.120921e-06 
5.120921e-06 
5.120921e-06 
5.120921e-06 
5.120921e-06 
5.120921e-06 
5.120921e-06 
5.120921e-06 
5.120921e-06 
5.120921e-06 
5.120921e-06 
5.120921e-06 
5.120921e-06 
5.120921e-06 
5.120921e-06 
5.120921e-06 
5.120921e-06 
5.120921e-06 
5.120921e-06 
5.120921e-06 
5.120921e-06 
5.120921e-06 
5.120921e-06 
5.120921e-06 
5.120921e-06 
5.120921e-06 
5.120921e-06 
5.120921e-06 
5.120921e-06 
5.120921e-06 
5.120921e-06 
5.120921e-06 
5.120921e-06 
5.120921e-06 
5.120921e-06 
5.120921e-06 
5.120921e-06 
5.120921e-06 
5.120921e-06 
5.120921e-06 
5.120921e-06 
5.120921e-06 
5.120921e-06 
5.120921e-06 
5.120921e-06 
5.120921e-06 
5.120921e-06 
5.120921e-06 
5.120921e-06 
5.155796e-06 
5.358444e-06 
5.588717e-06 
5.850481e-06 
6.149613e-06 
6.493412e-06 
6.891035e-06 
7.354047e-06 
7.897142e-06 
8.539474e-06 
9.306196e-06 
1.023080e-05 
1.135863e-05 
1.275220e-05 
1.449962e-05 
1.672799e-05 
1.962582e-05 
2.348154e-05 
2.875233e-05 
3.619159e-05 
4.709039e-05 
6.372361e-05 
9.001983e-05 
1.316277e-04 
1.921180e-04 
2.664683e-04 
3.463336e-04 
4.282975e-04 
5.103505e-04 
5.851747e-04 
6.325206e-04 
6.327909e-04 
6.327909e-04 
6.327909e-04 
6.327909e-04 
6.327909e-04 
6.327909e-04 
6.327909e-04 
6.327909e-04 
6.327909e-04 
6.327909e-04 
6.327909e-04 
6.327909e-04 
6.327909e-04 
6.327909e-04 
6.327909e-04 
6.327909e-04 
6.327909e-04 
6.327909e-04 
6.327909e-04 
6.327909e-04 
6.327909e-04 
6.327909e-04 
6.327909e-04 
6.327909e-04 
6.327909e-04 
6.327909e-04 
6.327909e-04 
6.327909e-04 
6.327909e-04 
6.327909e-04 
6.327909e-04 
6.327909e-04 
6.327909e-04 
6.327909e-04 
6.327909e-04 
6.327909e-04 
6.327909e-04 
6.327909e-04 
6.327909e-04 
6.327909e-04 
6.327909e-04 
6.327909e-04 
6.327909e-04 
6.327909e-04 
6.327909e-04 
6.327909e-04 
6.327909e-04 
6.327909e-04 
6.327909e-04 
6.327909e-04 
6.327909e-04 
6.327909e-04 
6.327909e-04 
6.327909e-04 
6.327909e-04 
6.327909e-04 
6.327909e-04 
6.327909e-04 
6.327909e-04 
6.327909e-04 
6.327909e-04 
6.327909e-04 
6.327909e-04 
6.808934e-04 
7.481808e-04 
8.239706e-04 
8.689580e-04 
9.722211e-04 
1.093040e-03 
1.244874e-03 
1.429323e-03 
1.654621e-03 
1.932753e-03 
2.280652e-03 
2.722081e-03 
3.291003e-03 
4.037108e-03 
5.034977e-03 
6.399819e-03 
8.315543e-03 
1.108709e-02 
1.524287e-02 
2.174638e-02 
3.245845e-02 
5.118782e-02 
8.598478e-02 
1.522899e-01 
2.659616e-01 
4.143668e-01 
5.675488e-01 
7.110798e-01 
8.380125e-01 
9.377171e-01 
9.543225e-01 
9.543225e-01 
9.543225e-01 
9.543225e-01 
9.543225e-01 
9.543225e-01 
9.543225e-01 
9.543225e-01 
9.543225e-01 
9.543225e-01 
9.543225e-01 
9.543225e-01 
9.543225e-01 
9.543225e-01 
9.543225e-01 
9.543225e-01 
9.543225e-01 
9.543225e-01 
9.543225e-01 
9.543225e-01 
9.543225e-01 
9.543225e-01 
9.543225e-01 
9.543225e-01 
9.543225e-01 
9.543225e-01 
9.543225e-01 
9.543225e-01 
9.543225e-01 
9.543225e-01 
9.543225e-01 
9.543225e-01 
9.543225e-01 
9.543225e-01 
9.543225e-01 
9.543225e-01 
9.543225e-01 
9.543225e-01 
9.543225e-01 
9.543225e-01 
9.543225e-01 
9.543225e-01 
9.543225e-01 
9.543225e-01 
9.543225e-01 
9.543225e-01 
9.543225e-01 
9.543225e-01 
9.543225e-01 
9.543225e-01 
9.543225e-01 
9.543225e-01 
9.543225e-01 
9.543225e-01 
9.543225e-01 
9.543225e-01 
9.543225e-01 
9.543225e-01 
9.543225e-01 
9.543225e-01 
9.543225e-01 
9.543225e-01 
9.543225e-01 
9.543216e-01 
9.543183e-01 
9.543141e-01 
9.543093e-01 
9.543039e-01 
9.542981e-01 
9.542919e-01 
9.542856e-01 
9.542796e-01 
9.542743e-01 
9.542698e-01 
9.542660e-01 
9.542629e-01 
9.542602e-01 
9.542580e-01 
9.542560e-01 
9.542543e-01 
9.542528e-01 
9.542515e-01 
9.542503e-01 
9.542492e-01 
9.542483e-01 
9.542474e-01 
9.542466e-01 
9.542459e-01 
9.542452e-01 
9.542446e-01 
9.542441e-01 
9.542435e-01 
9.542431e-01 
9.542427e-01 
9.542427e-01 
9.542427e-01 
9.542427e-01 
9.542427e-01 
9.542427e-01 
9.542427e-01 
9.542427e-01 
9.542427e-01 
9.542427e-01 
9.542427e-01 
9.542427e-01 
9.542427e-01 
9.542427e-01 
9.542427e-01 
9.542427e-01 
9.542427e-01 
9.542427e-01 
9.542427e-01 
9.542427e-01 
9.542427e-01 
9.542427e-01 
9.542427e-01 
9.542427e-01 
9.542427e-01 
9.542427e-01 
9.542427e-01 
9.542427e-01 
9.542427e-01 
9.542427e-01 
9.542427e-01 
9.542427e-01 
9.542427e-01 
9.542427e-01 
9.542427e-01 
9.542427e-01 
9.542427e-01 
9.542427e-01 
9.542427e-01 
9.542427e-01 
9.542427e-01 
9.542427e-01 
9.542427e-01 
9.542427e-01 
9.542427e-01 
9.542427e-01 
9.542427e-01 
9.542427e-01 
9.542427e-01 
9.542427e-01 
9.542427e-01 
9.542427e-01 
9.542427e-01 
9.542427e-01 
9.542427e-01 
9.542427e-01 
9.542427e-01 
9.542427e-01 
9.542427e-01 
9.542427e-01 
9.542427e-01 
9.542427e-01 
9.542427e-01 
9.542427e-01 
8.746678e-01 
7.560972e-01 
6.169799e-01 
4.572568e-01 
2.641885e-01 
5.950350e-02 
2.412751e-03 
5.038858e-04 
2.717426e-04 
1.669388e-04 
1.107585e-04 
7.759973e-05 
5.667758e-05 
4.280279e-05 
3.323896e-05 
2.644178e-05 
2.149304e-05 
1.782451e-05 
1.507467e-05 
1.301120e-05 
1.148874e-05 
1.042766e-05 
9.804954e-06 
9.617468e-06 
7.313311e-06 
3.825117e-06 
3.358069e-06 
2.859535e-06 
2.163223e-06 
1.286087e-06 
1.016682e-06 
1.016683e-06 
1.016683e-06 
1.016683e-06 
1.016683e-06 
1.016683e-06 
1.016683e-06 
1.016683e-06 
1.016683e-06 
1.016683e-06 
1.016683e-06 
1.016683e-06 
1.016683e-06 
1.016683e-06 
1.016683e-06 
1.016683e-06 
1.016683e-06 
1.016683e-06 
1.016683e-06 
1.016683e-06 
1.016683e-06 
1.016683e-06 
1.016683e-06 
1.016683e-06 
1.016683e-06 
1.016683e-06 
1.016683e-06 
1.016683e-06 
1.016683e-06 
1.016683e-06 
1.016683e-06 
1.016683e-06 
1.016683e-06 
1.016683e-06 
1.016683e-06 
1.016683e-06 
1.016683e-06 
1.016683e-06 
1.016683e-06 
1.016683e-06 
1.016683e-06 
1.016683e-06 
1.016683e-06 
1.016683e-06 
1.016683e-06 
1.016683e-06 
1.016683e-06 
1.016683e-06 
1.016683e-06 
1.016683e-06 
1.016683e-06 
1.016683e-06 
1.016683e-06 
1.016683e-06 
1.016683e-06 
1.016683e-06 
1.016683e-06 
1.016683e-06 
1.016683e-06 
1.016683e-06 
1.016683e-06 
1.016683e-06 
1.016683e-06 
1.066476e-06 
1.276966e-06 
1.514594e-06 
1.783773e-06 
2.090323e-06 
2.441449e-06 
2.846165e-06 
3.315870e-06 
3.865173e-06 
4.512951e-06 
5.283879e-06 
6.210811e-06 
7.338242e-06 
8.727587e-06 
1.046544e-05 
1.267696e-05 
1.554817e-05 
1.936463e-05 
2.458126e-05 
3.195301e-05 
4.278711e-05 
5.942235e-05 
8.598758e-05 
1.285837e-04 
1.911062e-04 
2.677732e-04 
3.493360e-04 
4.320562e-04 
5.135139e-04 
5.860846e-04 
6.281180e-04 
6.282111e-04 
6.282111e-04 
6.282111e-04 
6.282111e-04 
6.282111e-04 
6.282111e-04 
6.282111e-04 
6.282111e-04 
6.282111e-04 
6.282111e-04 
6.282111e-04 
6.282111e-04 
6.282111e-04 
6.282111e-04 
6.282111e-04 
6.282111e-04 
6.282111e-04 
6.282111e-04 
6.282111e-04 
6.282111e-04 
6.282111e-04 
6.282111e-04 
6.282111e-04 
6.282111e-04 
6.282111e-04 
6.282111e-04 
6.282111e-04 
6.282111e-04 
6.282111e-04 
6.282111e-04 
6.282111e-04 
6.282111e-04 
6.282111e-04 
6.282111e-04 
6.282111e-04 
6.282111e-04 
6.282111e-04 
6.282111e-04 
6.282111e-04 
6.282111e-04 
6.282111e-04 
6.282111e-04 
6.282111e-04 
6.282111e-04 
6.282111e-04 
6.282111e-04 
6.282111e-04 
6.282111e-04 
6.282111e-04 
6.282111e-04 
6.282111e-04 
6.282111e-04 
6.282111e-04 
6.282111e-04 
6.282111e-04 
6.282111e-04 
6.282111e-04 
6.282111e-04 
6.282111e-04 
6.282111e-04 
6.282111e-04 
6.282111e-04 
6.282111e-04 
6.812079e-04 
7.502200e-04 
8.293850e-04 
8.924112e-04 
9.733873e-04 
1.101652e-03 
1.256086e-03 
1.443281e-03 
1.671793e-03 
1.954092e-03 
2.307537e-03 
2.756459e-03 
3.335692e-03 
4.096281e-03 
5.114986e-03 
6.510625e-03 
8.473340e-03 
1.131928e-02 
1.559808e-02 
2.231567e-02 
3.342284e-02 
5.292661e-02 
8.929238e-02 
1.584705e-01 
2.753689e-01 
4.249471e-01 
5.777549e-01 
7.203725e-01 
8.458594e-01 
9.431370e-01 
9.543225e-01 
9.543225e-01 
9.543225e-01 
9.543225e-01 
9.543225e-01 
9.543225e-01 
9.543225e-01 
9.543225e-01 
9.543225e-01 
9.543225e-01 
9.543225e-01 
9.543225e-01 
9.543225e-01 
9.543225e-01 
9.543225e-01 
9.543225e-01 
9.543225e-01 
9.543225e-01 
9.543225e-01 
9.543225e-01 
9.543225e-01 
9.543225e-01 
9.543225e-01 
9.543225e-01 
9.543225e-01 
9.543225e-01 
9.543225e-01 
9.543225e-01 
9.543225e-01 
9.543225e-01 
9.543225e-01 
9.543225e-01 
9.543225e-01 
9.543225e-01 
9.543225e-01 
9.543225e-01 
9.543225e-01 
9.543225e-01 
9.543225e-01 
9.543225e-01 
9.543225e-01 
9.543225e-01 
9.543225e-01 
9.543225e-01 
9.543225e-01 
9.543225e-01 
9.543225e-01 
9.543225e-01 
9.543225e-01 
9.543225e-01 
9.543225e-01 
9.543225e-01 
9.543225e-01 
9.543225e-01 
9.543225e-01 
9.543225e-01 
9.543225e-01 
9.543225e-01 
9.543225e-01 
9.543225e-01 
9.543225e-01 
9.543225e-01 
9.543225e-01 
9.543214e-01 
9.543180e-01 
9.543138e-01 
9.543089e-01 
9.543036e-01 
9.542977e-01 
9.542915e-01 
9.542852e-01 
9.542793e-01 
9.542740e-01 
9.542695e-01 
9.542658e-01 
9.542627e-01 
9.542601e-01 
9.542578e-01 
9.542559e-01 
9.542542e-01 
9.542527e-01 
9.542514e-01 
9.542502e-01 
9.542492e-01 
9.542482e-01 
9.542474e-01 
9.542466e-01 
9.542459e-01 
9.542452e-01 
9.542446e-01 
9.542440e-01 
9.542435e-01 
9.542430e-01 
9.542427e-01 
9.542427e-01 
9.542427e-01 
9.542427e-01 
9.542427e-01 
9.542427e-01 
9.542427e-01 
9.542427e-01 
9.542427e-01 
9.542427e-01 
9.542427e-01 
9.542427e-01 
9.542427e-01 
9.542427e-01 
9.542427e-01 
9.542427e-01 
9.542427e-01 
9.542427e-01 
9.542427e-01 
9.542427e-01 
9.542427e-01 
9.542427e-01 
9.542427e-01 
9.542427e-01 
9.542427e-01 
9.542427e-01 
9.542427e-01 
9.542427e-01 
9.542427e-01 
9.542427e-01 
9.542427e-01 
9.542427e-01 
9.542427e-01 
9.542427e-01 
9.542427e-01 
9.542427e-01 
9.542427e-01 
9.542427e-01 
9.542427e-01 
9.542427e-01 
9.542427e-01 
9.542427e-01 
9.542427e-01 
9.542427e-01 
9.542427e-01 
9.542427e-01 
9.542427e-01 
9.542427e-01 
9.542427e-01 
9.542427e-01 
9.542427e-01 
9.542427e-01 
9.542427e-01 
9.542427e-01 
9.542427e-01 
9.542427e-01 
9.542427e-01 
9.542427e-01 
9.542427e-01 
9.542427e-01 
9.542427e-01 
9.542427e-01 
9.542427e-01 
9.542427e-01 
8.673883e-01 
7.471752e-01 
6.067872e-01 
4.453338e-01 
2.493936e-01 
5.007612e-02 
1.969817e-03 
4.794656e-04 
2.620024e-04 
1.619777e-04 
1.079288e-04 
7.585839e-05 
5.554483e-05 
4.203382e-05 
3.269907e-05 
2.605245e-05 
2.120641e-05 
1.761043e-05 
1.491379e-05 
1.289125e-05 
1.140288e-05 
1.037599e-05 
9.818682e-06 
1.019375e-05 
1.470215e-05 
1.661926e-05 
1.771404e-05 
1.838989e-05 
1.875353e-05 
1.879275e-05 
1.888034e-05 
1.888033e-05 
1.888033e-05 
1.888033e-05 
1.888033e-05 
1.888033e-05 
1.888033e-05 
1.888033e-05 
1.888033e-05 
1.888033e-05 
1.888033e-05 
1.888033e-05 
1.888033e-05 
1.888033e-05 
1.888033e-05 
1.888033e-05 
1.888033e-05 
1.888033e-05 
1.888033e-05 
1.888033e-05 
1.888033e-05 
1.888033e-05 
1.888033e-05 
1.888033e-05 
1.888033e-05 
1.888033e-05 
1.888033e-05 
1.888033e-05 
1.888033e-05 
1.888033e-05 
1.888033e-05 
1.888033e-05 
1.888033e-05 
1.888033e-05 
1.888033e-05 
1.888033e-05 
1.888033e-05 
1.888033e-05 
1.888033e-05 
1.888033e-05 
1.888033e-05 
1.888033e-05 
1.888033e-05 
1.888033e-05 
1.888033e-05 
1.888033e-05 
1.888033e-05 
1.888033e-05 
1.888033e-05 
1.888033e-05 
1.888033e-05 
1.888033e-05 
1.888033e-05 
1.888033e-05 
1.888033e-05 
1.888033e-05 
1.888033e-05 
1.888033e-05 
1.888033e-05 
1.888033e-05 
1.888033e-05 
1.888033e-05 
1.888033e-05 
1.895211e-05 
1.917123e-05 
1.940779e-05 
1.966343e-05 
1.993992e-05 
2.023914e-05 
2.056298e-05 
2.091331e-05 
2.129181e-05 
2.169964e-05 
2.213690e-05 
2.260185e-05 
2.308958e-05 
2.358959e-05 
2.408172e-05 
2.452885e-05 
2.486387e-05 
2.496533e-05 
2.461119e-05 
2.338795e-05 
2.050846e-05 
1.444839e-05 
2.283174e-06 
-2.108966e-05 
-6.199552e-05 
-1.223590e-04 
-1.970526e-04 
-2.824449e-04 
-3.802639e-04 
-4.902566e-04 
-5.674826e-04 
-5.675594e-04 
-5.675594e-04 
-5.675594e-04 
-5.675594e-04 
-5.675594e-04 
-5.675594e-04 
-5.675594e-04 
-5.675594e-04 
-5.675594e-04 
-5.675594e-04 
-5.675594e-04 
-5.675594e-04 
-5.675594e-04 
-5.675594e-04 
-5.675594e-04 
-5.675594e-04 
-5.675594e-04 
-5.675594e-04 
-5.675594e-04 
-5.675594e-04 
-5.675594e-04 
-5.675594e-04 
-5.675594e-04 
-5.675594e-04 
-5.675594e-04 
-5.675594e-04 
-5.675594e-04 
-5.675594e-04 
-5.675594e-04 
-5.675594e-04 
-5.675594e-04 
-5.675594e-04 
-5.675594e-04 
-5.675594e-04 
-5.675594e-04 
-5.675594e-04 
-5.675594e-04 
-5.675594e-04 
-5.675594e-04 
-5.675594e-04 
-5.675594e-04 
-5.675594e-04 
-5.675594e-04 
-5.675594e-04 
-5.675594e-04 
-5.675594e-04 
-5.675594e-04 
-5.675594e-04 
-5.675594e-04 
-5.675594e-04 
-5.675594e-04 
-5.675594e-04 
-5.675594e-04 
-5.675594e-04 
-5.675594e-04 
-5.675594e-04 
-5.675594e-04 
-5.675594e-04 
-5.675594e-04 
-5.675594e-04 
-5.675594e-04 
-5.675594e-04 
-5.678124e-04 
-6.202746e-04 
-6.850974e-04 
-7.609564e-04 
-8.503331e-04 
-9.564032e-04 
-1.083204e-03 
-1.235917e-03 
-1.421186e-03 
-1.647674e-03 
-1.927828e-03 
-2.279121e-03 
-2.726056e-03 
-3.303783e-03 
-4.063945e-03 
-5.084413e-03 
-6.486116e-03 
-8.463265e-03 
-1.134014e-02 
-1.568324e-02 
-2.253536e-02 
-3.393210e-02 
-5.408350e-02 
-9.191787e-02 
-1.640293e-01 
-2.843962e-01 
-4.353425e-01 
-5.878628e-01 
-7.295772e-01 
-8.535756e-01 
-9.483443e-01 
-9.543222e-01 
-9.543222e-01 
-9.543222e-01 
-9.543222e-01 
-9.543222e-01 
-9.543222e-01 
-9.543222e-01 
-9.543222e-01 
-9.543222e-01 
-9.543222e-01 
-9.543222e-01 
-9.543222e-01 
-9.543222e-01 
-9.543222e-01 
-9.543222e-01 
-9.543222e-01 
-9.543222e-01 
-9.543222e-01 
-9.543222e-01 
-9.543222e-01 
-9.543222e-01 
-9.543222e-01 
-9.543222e-01 
-9.543222e-01 
-9.543222e-01 
-9.543222e-01 
-9.543222e-01 
-9.543222e-01 
-9.543222e-01 
-9.543222e-01 
-9.543222e-01 
-9.543222e-01 
-9.543222e-01 
-9.543222e-01 
-9.543222e-01 
-9.543222e-01 
-9.543222e-01 
-9.543222e-01 
-9.543222e-01 
-9.543222e-01 
-9.543222e-01 
-9.543222e-01 
-9.543222e-01 
-9.543222e-01 
-9.543222e-01 
-9.543222e-01 
-9.543222e-01 
-9.543222e-01 
-9.543222e-01 
-9.543222e-01 
-9.543222e-01 
-9.543222e-01 
-9.543222e-01 
-9.543222e-01 
-9.543222e-01 
-9.543222e-01 
-9.543222e-01 
-9.543222e-01 
-9.543222e-01 
-9.543222e-01 
-9.543222e-01 
-9.543222e-01 
-9.543222e-01 
-9.543208e-01 
-9.543167e-01 
-9.543116e-01 
-9.543055e-01 
-9.542979e-01 
-9.542873e-01 
-9.542758e-01 
-9.542703e-01 
-9.542668e-01 
-9.542638e-01 
-9.542612e-01 
-9.542590e-01 
-9.542570e-01 
-9.542553e-01 
-9.542538e-01 
-9.542524e-01 
-9.542512e-01 
-9.542501e-01 
-9.542491e-01 
-9.542482e-01 
-9.542473e-01 
-9.542466e-01 
-9.542459e-01 
-9.542452e-01 
-9.542446e-01 
-9.542441e-01 
-9.542435e-01 
-9.542430e-01 
-9.542426e-01 
-9.542422e-01 
-9.542419e-01 
-9.542419e-01 
-9.542419e-01 
-9.542419e-01 
-9.542419e-01 
-9.542419e-01 
-9.542419e-01 
-9.542419e-01 
-9.542419e-01 
-9.542419e-01 
-9.542419e-01 
-9.542419e-01 
-9.542419e-01 
-9.542419e-01 
-9.542419e-01 
-9.542419e-01 
-9.542419e-01 
-9.542419e-01 
-9.542419e-01 
-9.542419e-01 
-9.542419e-01 
-9.542419e-01 
-9.542419e-01 
-9.542419e-01 
-9.542419e-01 
-9.542419e-01 
-9.542419e-01 
-9.542419e-01 
-9.542419e-01 
-9.542419e-01 
-9.542419e-01 
-9.542419e-01 
-9.542419e-01 
-9.542419e-01 
-9.542419e-01 
-9.542419e-01 
-9.542419e-01 
-9.542419e-01 
-9.542419e-01 
-9.542419e-01 
-9.542419e-01 
-9.542419e-01 
-9.542419e-01 
-9.542419e-01 
-9.542419e-01 
-9.542419e-01 
-9.542419e-01 
-9.542419e-01 
-9.542419e-01 
-9.542419e-01 
-9.542419e-01 
-9.542419e-01 
-9.542419e-01 
-9.542419e-01 
-9.542419e-01 
-9.542419e-01 
-9.542419e-01 
-9.542419e-01 
-9.542419e-01 
-9.542419e-01 
-9.542419e-01 
-9.542419e-01 
-9.542419e-01 
-9.516634e-01 
-8.599636e-01 
-7.381327e-01 
-5.963457e-01 
-4.325447e-01 
-2.314110e-01 
-3.608266e-02 
4.668639e-04 
4.551190e-04 
2.527461e-04 
1.572179e-04 
1.051973e-04 
7.417020e-05 
5.444306e-05 
4.128398e-05 
3.217154e-05 
2.567143e-05 
2.092557e-05 
1.740052e-05 
1.475602e-05 
1.277364e-05 
1.131842e-05 
1.032216e-05 
9.801724e-06 
1.032620e-05 
1.492048e-05 
1.671048e-05 
1.777206e-05 
1.842393e-05 
1.876782e-05 
1.877893e-05 
1.888033e-05 
1.888033e-05 
1.888033e-05 
1.888033e-05 
1.888033e-05 
1.888033e-05 
1.888033e-05 
1.888033e-05 
1.888033e-05 
1.888033e-05 
1.888033e-05 
1.888033e-05 
1.888033e-05 
1.888033e-05 
1.888033e-05 
1.888033e-05 
1.888033e-05 
1.888033e-05 
1.888033e-05 
1.888033e-05 
1.888033e-05 
1.888033e-05 
1.888033e-05 
1.888033e-05 
1.888033e-05 
1.888033e-05 
1.888033e-05 
1.888033e-05 
1.888033e-05 
1.888033e-05 
1.888033e-05 
1.888033e-05 
1.888033e-05 
1.888033e-05 
1.888033e-05 
1.888033e-05 
1.888033e-05 
1.888033e-05 
1.888033e-05 
1.888033e-05 
1.888033e-05 
1.888033e-05 
1.888033e-05 
1.888033e-05 
1.888033e-05 
1.888033e-05 
1.888033e-05 
1.888033e-05 
1.888033e-05 
1.888033e-05 
1.888033e-05 
1.888033e-05 
1.888033e-05 
1.888033e-05 
1.888033e-05 
1.888033e-05 
1.888033e-05 
1.888033e-05 
1.888033e-05 
1.888033e-05 
1.888033e-05 
1.888033e-05 
1.888033e-05 
1.896654e-05 
1.918683e-05 
1.942464e-05 
1.968165e-05 
1.995964e-05 
2.026047e-05 
2.058607e-05 
2.093827e-05 
2.131876e-05 
2.172861e-05 
2.216784e-05 
2.263455e-05 
2.312354e-05 
2.362380e-05 
2.411428e-05 
0.000000e+00 
0.000000e+00 
0.000000e+00 
0.000000e+00 
0.000000e+00 
0.000000e+00 
0.000000e+00 
0.000000e+00
#[#TRACE_DATA]
#[#TRACE]
