#[TRACE]
#data_labels=Output
#[TRACE_DATA]
5.193385e-03 
6.486585e-03 
8.496941e-03 
1.142188e-02 
1.583561e-02 
2.279320e-02 
3.434903e-02 
5.473624e-02 
9.287877e-02 
1.652046e-01 
2.853489e-01 
4.358848e-01 
5.881981e-01 
7.298591e-01 
8.538542e-01 
9.485808e-01 
9.542487e-01 
9.542487e-01 
9.542487e-01 
9.542487e-01 
9.542487e-01 
9.542487e-01 
9.542487e-01 
9.542487e-01 
9.542487e-01 
9.542487e-01 
9.542487e-01 
9.542487e-01 
9.542487e-01 
9.542487e-01 
9.542487e-01 
9.542487e-01 
9.542487e-01 
9.542487e-01 
9.542487e-01 
9.542487e-01 
9.542487e-01 
9.542487e-01 
9.542487e-01 
9.542487e-01 
9.542487e-01 
9.542487e-01 
9.542487e-01 
9.542487e-01 
9.542487e-01 
9.542487e-01 
9.542487e-01 
9.542487e-01 
9.542487e-01 
9.542487e-01 
9.542487e-01 
9.542487e-01 
9.542487e-01 
9.542487e-01 
9.542487e-01 
9.542487e-01 
9.542487e-01 
9.542487e-01 
9.542487e-01 
9.542487e-01 
9.542487e-01 
9.542487e-01 
9.542487e-01 
9.542487e-01 
9.542487e-01 
9.542487e-01 
9.542487e-01 
9.542487e-01 
9.542487e-01 
9.542487e-01 
9.542487e-01 
9.542487e-01 
9.542487e-01 
9.542487e-01 
9.542487e-01 
9.542487e-01 
9.542487e-01 
9.542487e-01 
9.542487e-01 
9.542486e-01 
9.542481e-01 
9.542476e-01 
9.542469e-01 
9.542461e-01 
9.542452e-01 
9.542441e-01 
9.542430e-01 
9.542418e-01 
9.542408e-01 
9.542398e-01 
9.542390e-01 
9.542383e-01 
9.542377e-01 
9.542372e-01 
9.542367e-01 
9.542363e-01 
9.542359e-01 
9.542355e-01 
9.542352e-01 
9.542350e-01 
9.542347e-01 
9.542345e-01 
9.542343e-01 
9.542341e-01 
9.542339e-01 
9.542337e-01 
9.542336e-01 
9.542334e-01 
9.542333e-01 
9.542332e-01 
9.542332e-01 
9.542332e-01 
9.542332e-01 
9.542332e-01 
9.542332e-01 
9.542332e-01 
9.542332e-01 
9.542332e-01 
9.542332e-01 
9.542332e-01 
9.542332e-01 
9.542332e-01 
9.542332e-01 
9.542332e-01 
9.542332e-01 
9.542332e-01 
9.542332e-01 
9.542332e-01 
9.542332e-01 
9.542332e-01 
9.542332e-01 
9.542332e-01 
9.542332e-01 
9.542332e-01 
9.542332e-01 
9.542332e-01 
9.542332e-01 
9.542332e-01 
9.542332e-01 
9.542332e-01 
9.542332e-01 
9.542332e-01 
9.542332e-01 
9.542332e-01 
9.542332e-01 
9.542332e-01 
9.542332e-01 
9.542332e-01 
9.542332e-01 
9.542332e-01 
9.542332e-01 
9.542332e-01 
9.542332e-01 
9.542332e-01 
9.542332e-01 
9.542332e-01 
9.542332e-01 
9.542332e-01 
9.542332e-01 
9.542332e-01 
9.542332e-01 
9.542332e-01 
9.542332e-01 
9.542332e-01 
9.542332e-01 
9.542332e-01 
9.542332e-01 
9.542332e-01 
9.542332e-01 
9.542332e-01 
9.542332e-01 
9.542332e-01 
9.513988e-01 
8.594769e-01 
7.375647e-01 
5.958283e-01 
4.325059e-01 
2.336811e-01 
4.160431e-02 
1.777169e-03 
5.275532e-04 
2.927827e-04 
1.824668e-04 
1.221696e-04 
8.607051e-05 
6.302478e-05 
4.757810e-05 
3.681526e-05 
2.907075e-05 
2.334064e-05 
1.899107e-05 
1.560271e-05 
1.288041e-05 
1.059018e-05 
8.489268e-06 
6.170819e-06 
2.644429e-06 
-2.530050e-06 
-6.279128e-06 
-8.643796e-06 
-1.038467e-05 
-1.185725e-05 
-1.309905e-05 
-1.337083e-05 
-1.337083e-05 
-1.337083e-05 
-1.337083e-05 
-1.337083e-05 
-1.337083e-05 
-1.337083e-05 
-1.337083e-05 
-1.337083e-05 
-1.337083e-05 
-1.337083e-05 
-1.337083e-05 
-1.337083e-05 
-1.337083e-05 
-1.337083e-05 
-1.337083e-05 
-1.337083e-05 
-1.337083e-05 
-1.337083e-05 
-1.337083e-05 
-1.337083e-05 
-1.337083e-05 
-1.337083e-05 
-1.337083e-05 
-1.337083e-05 
-1.337083e-05 
-1.337083e-05 
-1.337083e-05 
-1.337083e-05 
-1.337083e-05 
-1.337083e-05 
-1.337083e-05 
-1.337083e-05 
-1.337083e-05 
-1.337083e-05 
-1.337083e-05 
-1.337083e-05 
-1.337083e-05 
-1.337083e-05 
-1.337083e-05 
-1.337083e-05 
-1.337083e-05 
-1.337083e-05 
-1.337083e-05 
-1.337083e-05 
-1.337083e-05 
-1.337083e-05 
-1.337083e-05 
-1.337083e-05 
-1.337083e-05 
-1.337083e-05 
-1.337083e-05 
-1.337083e-05 
-1.337083e-05 
-1.337083e-05 
-1.337083e-05 
-1.337083e-05 
-1.337083e-05 
-1.337083e-05 
-1.337083e-05 
-1.337083e-05 
-1.337083e-05 
-1.337083e-05 
-1.329769e-05 
-1.309826e-05 
-1.287756e-05 
-1.262260e-05 
-1.231803e-05 
-1.194569e-05 
-1.148380e-05 
-1.089764e-05 
-1.015786e-05 
-9.246483e-06 
-8.125145e-06 
-6.735007e-06 
-4.994279e-06 
-2.789548e-06 
3.799456e-08 
3.713029e-06 
8.555653e-06 
1.502135e-05 
2.374682e-05 
3.557828e-05 
5.151876e-05 
7.249372e-05 
9.893418e-05 
1.305257e-04 
1.666041e-04 
2.070317e-04 
2.529029e-04 
3.067289e-04 
3.715333e-04 
4.462925e-04 
4.945137e-04 
4.945314e-04 
4.945314e-04 
4.945314e-04 
4.945314e-04 
4.945314e-04 
4.945314e-04 
4.945314e-04 
4.945314e-04 
4.945314e-04 
4.945314e-04 
4.945314e-04 
4.945314e-04 
4.945314e-04 
4.945314e-04 
4.945314e-04 
4.945314e-04 
4.945314e-04 
4.945314e-04 
4.945314e-04 
4.945314e-04 
4.945314e-04 
4.945314e-04 
4.945314e-04 
4.945314e-04 
4.945314e-04 
4.945314e-04 
4.945314e-04 
4.945314e-04 
4.945314e-04 
4.945314e-04 
4.945314e-04 
4.945314e-04 
4.945314e-04 
4.945314e-04 
4.945314e-04 
4.945314e-04 
4.945314e-04 
4.945314e-04 
4.945314e-04 
4.945314e-04 
4.945314e-04 
4.945314e-04 
4.945314e-04 
4.945314e-04 
4.945314e-04 
4.945314e-04 
4.945314e-04 
4.945314e-04 
4.945314e-04 
4.945314e-04 
4.945314e-04 
4.945314e-04 
4.945314e-04 
4.945314e-04 
4.945314e-04 
4.945314e-04 
4.945314e-04 
4.945314e-04 
4.945314e-04 
4.945314e-04 
4.945314e-04 
4.945314e-04 
4.964904e-04 
5.507775e-04 
6.156765e-04 
6.918007e-04 
7.817482e-04 
8.888823e-04 
1.017503e-03 
1.172952e-03 
1.361902e-03 
1.593501e-03 
1.880762e-03 
2.241873e-03 
2.702425e-03 
3.299169e-03 
4.086157e-03 
5.144989e-03 
6.602562e-03 
8.662987e-03 
1.166767e-02 
1.621417e-02 
2.340465e-02 
3.539393e-02 
5.663681e-02 
9.650781e-02 
1.718760e-01 
2.950617e-01 
4.464645e-01 
5.983005e-01 
7.389934e-01 
8.614379e-01 
9.528598e-01 
9.542487e-01 
9.542487e-01 
9.542487e-01 
9.542487e-01 
9.542487e-01 
9.542487e-01 
9.542487e-01 
9.542487e-01 
9.542487e-01 
9.542487e-01 
9.542487e-01 
9.542487e-01 
9.542487e-01 
9.542487e-01 
9.542487e-01 
9.542487e-01 
9.542487e-01 
9.542487e-01 
9.542487e-01 
9.542487e-01 
9.542487e-01 
9.542487e-01 
9.542487e-01 
9.542487e-01 
9.542487e-01 
9.542487e-01 
9.542487e-01 
9.542487e-01 
9.542487e-01 
9.542487e-01 
9.542487e-01 
9.542487e-01 
9.542487e-01 
9.542487e-01 
9.542487e-01 
9.542487e-01 
9.542487e-01 
9.542487e-01 
9.542487e-01 
9.542487e-01 
9.542487e-01 
9.542487e-01 
9.542487e-01 
9.542487e-01 
9.542487e-01 
9.542487e-01 
9.542487e-01 
9.542487e-01 
9.542487e-01 
9.542487e-01 
9.542487e-01 
9.542487e-01 
9.542487e-01 
9.542487e-01 
9.542487e-01 
9.542487e-01 
9.542487e-01 
9.542487e-01 
9.542487e-01 
9.542487e-01 
9.542487e-01 
9.542487e-01 
9.542487e-01 
9.542485e-01 
9.542481e-01 
9.542475e-01 
9.542469e-01 
9.542461e-01 
9.542451e-01 
9.542440e-01 
9.542429e-01 
9.542418e-01 
9.542407e-01 
9.542398e-01 
9.542390e-01 
9.542383e-01 
9.542377e-01 
9.542371e-01 
9.542367e-01 
9.542362e-01 
9.542359e-01 
9.542355e-01 
9.542352e-01 
9.542349e-01 
9.542347e-01 
9.542345e-01 
9.542342e-01 
9.542340e-01 
9.542339e-01 
9.542337e-01 
9.542335e-01 
9.542334e-01 
9.542333e-01 
9.542332e-01 
9.542332e-01 
9.542332e-01 
9.542332e-01 
9.542332e-01 
9.542332e-01 
9.542332e-01 
9.542332e-01 
9.542332e-01 
9.542332e-01 
9.542332e-01 
9.542332e-01 
9.542332e-01 
9.542332e-01 
9.542332e-01 
9.542332e-01 
9.542332e-01 
9.542332e-01 
9.542332e-01 
9.542332e-01 
9.542332e-01 
9.542332e-01 
9.542332e-01 
9.542332e-01 
9.542332e-01 
9.542332e-01 
9.542332e-01 
9.542332e-01 
9.542332e-01 
9.542332e-01 
9.542332e-01 
9.542332e-01 
9.542332e-01 
9.542332e-01 
9.542332e-01 
9.542332e-01 
9.542332e-01 
9.542332e-01 
9.542332e-01 
9.542332e-01 
9.542332e-01 
9.542332e-01 
9.542332e-01 
9.542332e-01 
9.542332e-01 
9.542332e-01 
9.542332e-01 
9.542332e-01 
9.542332e-01 
9.542332e-01 
9.542332e-01 
9.542332e-01 
9.542332e-01 
9.542332e-01 
9.542332e-01 
9.542332e-01 
9.542332e-01 
9.542332e-01 
9.542332e-01 
9.542332e-01 
9.542332e-01 
9.542332e-01 
9.542332e-01 
9.467519e-01 
8.519134e-01 
7.284566e-01 
5.854306e-01 
4.202013e-01 
2.183911e-01 
3.397842e-02 
1.391112e-03 
4.470868e-04 
2.507728e-04 
1.572149e-04 
1.057079e-04 
7.472735e-05 
5.488704e-05 
4.156245e-05 
3.227050e-05 
2.558853e-05 
2.065867e-05 
1.694164e-05 
1.408661e-05 
1.185878e-05 
1.009769e-05 
8.692737e-06 
7.568551e-06 
6.651778e-06 
5.797153e-06 
5.088371e-06 
4.511861e-06 
4.024249e-06 
3.602032e-06 
3.234794e-06 
3.218017e-06 
3.218017e-06 
3.218017e-06 
3.218017e-06 
3.218017e-06 
3.218017e-06 
3.218017e-06 
3.218017e-06 
3.218017e-06 
3.218017e-06 
3.218017e-06 
3.218017e-06 
3.218017e-06 
3.218017e-06 
3.218017e-06 
3.218017e-06 
3.218017e-06 
3.218017e-06 
3.218017e-06 
3.218017e-06 
3.218017e-06 
3.218017e-06 
3.218017e-06 
3.218017e-06 
3.218017e-06 
3.218017e-06 
3.218017e-06 
3.218017e-06 
3.218017e-06 
3.218017e-06 
3.218017e-06 
3.218017e-06 
3.218017e-06 
3.218017e-06 
3.218017e-06 
3.218017e-06 
3.218017e-06 
3.218017e-06 
3.218017e-06 
3.218017e-06 
3.218017e-06 
3.218017e-06 
3.218017e-06 
3.218017e-06 
3.218017e-06 
3.218017e-06 
3.218017e-06 
3.218017e-06 
3.218017e-06 
3.218017e-06 
3.218017e-06 
3.218017e-06 
3.218017e-06 
3.218017e-06 
3.218017e-06 
3.218017e-06 
3.218017e-06 
3.218017e-06 
3.218017e-06 
3.218017e-06 
3.218017e-06 
3.218017e-06 
3.218017e-06 
3.302972e-06 
3.506571e-06 
3.736044e-06 
3.996281e-06 
4.293211e-06 
4.634055e-06 
5.027490e-06 
5.484039e-06 
6.016984e-06 
6.644351e-06 
7.390008e-06 
8.285717e-06 
9.374509e-06 
1.071587e-05 
1.239388e-05 
1.453040e-05 
1.730721e-05 
2.100450e-05 
2.607052e-05 
3.325198e-05 
4.384285e-05 
6.013782e-05 
8.603622e-05 
1.265969e-04 
1.832407e-04 
2.493038e-04 
3.179795e-04 
3.871814e-04 
4.547087e-04 
5.130370e-04 
5.385469e-04 
5.385499e-04 
5.385499e-04 
5.385499e-04 
5.385499e-04 
5.385499e-04 
5.385499e-04 
5.385499e-04 
5.385499e-04 
5.385499e-04 
5.385499e-04 
5.385499e-04 
5.385499e-04 
5.385499e-04 
5.385499e-04 
5.385499e-04 
5.385499e-04 
5.385499e-04 
5.385499e-04 
5.385499e-04 
5.385499e-04 
5.385499e-04 
5.385499e-04 
5.385499e-04 
5.385499e-04 
5.385499e-04 
5.385499e-04 
5.385499e-04 
5.385499e-04 
5.385499e-04 
5.385499e-04 
5.385499e-04 
5.385499e-04 
5.385499e-04 
5.385499e-04 
5.385499e-04 
5.385499e-04 
5.385499e-04 
5.385499e-04 
5.385499e-04 
5.385499e-04 
5.385499e-04 
5.385499e-04 
5.385499e-04 
5.385499e-04 
5.385499e-04 
5.385499e-04 
5.385499e-04 
5.385499e-04 
5.385499e-04 
5.385499e-04 
5.385499e-04 
5.385499e-04 
5.385499e-04 
5.385499e-04 
5.385499e-04 
5.385499e-04 
5.385499e-04 
5.385499e-04 
5.385499e-04 
5.385499e-04 
5.385499e-04 
5.385499e-04 
5.435725e-04 
6.019806e-04 
6.699254e-04 
7.472791e-04 
7.943890e-04 
8.969379e-04 
1.027210e-03 
1.184718e-03 
1.376256e-03 
1.611196e-03 
1.902858e-03 
2.269851e-03 
2.738389e-03 
3.346176e-03 
4.148758e-03 
5.230155e-03 
6.721307e-03 
8.833356e-03 
1.192049e-02 
1.660471e-02 
2.403771e-02 
3.648028e-02 
5.862105e-02 
1.003022e-01 
1.787885e-01 
3.049083e-01 
4.570379e-01 
6.083495e-01 
7.480448e-01 
8.688827e-01 
9.539781e-01 
9.542487e-01 
9.542487e-01 
9.542487e-01 
9.542487e-01 
9.542487e-01 
9.542487e-01 
9.542487e-01 
9.542487e-01 
9.542487e-01 
9.542487e-01 
9.542487e-01 
9.542487e-01 
9.542487e-01 
9.542487e-01 
9.542487e-01 
9.542487e-01 
9.542487e-01 
9.542487e-01 
9.542487e-01 
9.542487e-01 
9.542487e-01 
9.542487e-01 
9.542487e-01 
9.542487e-01 
9.542487e-01 
9.542487e-01 
9.542487e-01 
9.542487e-01 
9.542487e-01 
9.542487e-01 
9.542487e-01 
9.542487e-01 
9.542487e-01 
9.542487e-01 
9.542487e-01 
9.542487e-01 
9.542487e-01 
9.542487e-01 
9.542487e-01 
9.542487e-01 
9.542487e-01 
9.542487e-01 
9.542487e-01 
9.542487e-01 
9.542487e-01 
9.542487e-01 
9.542487e-01 
9.542487e-01 
9.542487e-01 
9.542487e-01 
9.542487e-01 
9.542487e-01 
9.542487e-01 
9.542487e-01 
9.542487e-01 
9.542487e-01 
9.542487e-01 
9.542487e-01 
9.542487e-01 
9.542487e-01 
9.542487e-01 
9.542487e-01 
9.542487e-01 
9.542485e-01 
9.542481e-01 
9.542475e-01 
9.542468e-01 
9.542460e-01 
9.542450e-01 
9.542440e-01 
9.542428e-01 
9.542417e-01 
9.542407e-01 
9.542397e-01 
9.542389e-01 
9.542382e-01 
9.542376e-01 
9.542371e-01 
9.542366e-01 
9.542362e-01 
9.542358e-01 
9.542355e-01 
9.542352e-01 
9.542349e-01 
9.542347e-01 
9.542344e-01 
9.542342e-01 
9.542340e-01 
9.542339e-01 
9.542337e-01 
9.542335e-01 
9.542334e-01 
9.542332e-01 
9.542332e-01 
9.542332e-01 
9.542332e-01 
9.542332e-01 
9.542332e-01 
9.542332e-01 
9.542332e-01 
9.542332e-01 
9.542332e-01 
9.542332e-01 
9.542332e-01 
9.542332e-01 
9.542332e-01 
9.542332e-01 
9.542332e-01 
9.542332e-01 
9.542332e-01 
9.542332e-01 
9.542332e-01 
9.542332e-01 
9.542332e-01 
9.542332e-01 
9.542332e-01 
9.542332e-01 
9.542332e-01 
9.542332e-01 
9.542332e-01 
9.542332e-01 
9.542332e-01 
9.542332e-01 
9.542332e-01 
9.542332e-01 
9.542332e-01 
9.542332e-01 
9.542332e-01 
9.542332e-01 
9.542332e-01 
9.542332e-01 
9.542332e-01 
9.542332e-01 
9.542332e-01 
9.542332e-01 
9.542332e-01 
9.542332e-01 
9.542332e-01 
9.542332e-01 
9.542332e-01 
9.542332e-01 
9.542332e-01 
9.542332e-01 
9.542332e-01 
9.542332e-01 
9.542332e-01 
9.542332e-01 
9.542332e-01 
9.542332e-01 
9.542332e-01 
9.542332e-01 
9.542332e-01 
9.542332e-01 
9.542332e-01 
9.542332e-01 
9.542332e-01 
9.415767e-01 
8.442205e-01 
7.192633e-01 
5.749447e-01 
4.077675e-01 
2.032043e-01 
2.771284e-02 
1.200756e-03 
4.275390e-04 
2.422691e-04 
1.527592e-04 
1.031210e-04 
7.311613e-05 
5.383009e-05 
4.084072e-05 
3.176170e-05 
2.522052e-05 
2.038697e-05 
1.673783e-05 
1.393207e-05 
1.174115e-05 
1.000894e-05 
8.628276e-06 
7.526835e-06 
6.623708e-06 
5.759928e-06 
5.054572e-06 
4.482365e-06 
3.998413e-06 
3.578845e-06 
3.227394e-06 
3.220377e-06 
3.220377e-06 
3.220377e-06 
3.220377e-06 
3.220377e-06 
3.220377e-06 
3.220377e-06 
3.220377e-06 
3.220377e-06 
3.220377e-06 
3.220377e-06 
3.220377e-06 
3.220377e-06 
3.220377e-06 
3.220377e-06 
3.220377e-06 
3.220377e-06 
3.220377e-06 
3.220377e-06 
3.220377e-06 
3.220377e-06 
3.220377e-06 
3.220377e-06 
3.220377e-06 
3.220377e-06 
3.220377e-06 
3.220377e-06 
3.220377e-06 
3.220377e-06 
3.220377e-06 
3.220377e-06 
3.220377e-06 
3.220377e-06 
3.220377e-06 
3.220377e-06 
3.220377e-06 
3.220377e-06 
3.220377e-06 
3.220377e-06 
3.220377e-06 
3.220377e-06 
3.220377e-06 
3.220377e-06 
3.220377e-06 
3.220377e-06 
3.220377e-06 
3.220377e-06 
3.220377e-06 
3.220377e-06 
3.220377e-06 
3.220377e-06 
3.220377e-06 
3.220377e-06 
3.220377e-06 
3.220377e-06 
3.220377e-06 
3.220377e-06 
3.220377e-06 
3.220377e-06 
3.220377e-06 
3.220377e-06 
3.220377e-06 
3.220377e-06 
3.318501e-06 
3.523690e-06 
3.755026e-06 
4.017443e-06 
4.316926e-06 
4.660746e-06 
5.057702e-06 
5.518630e-06 
6.057134e-06 
6.691487e-06 
7.445954e-06 
8.352905e-06 
9.456263e-06 
1.081684e-05 
1.252070e-05 
1.469287e-05 
1.752017e-05 
2.129131e-05 
2.646941e-05 
3.382821e-05 
4.471196e-05 
6.150572e-05 
8.823267e-05 
1.299317e-04 
1.875210e-04 
2.539521e-04 
3.227233e-04 
3.919316e-04 
4.591465e-04 
5.163932e-04 
5.385551e-04 
5.385560e-04 
5.385560e-04 
5.385560e-04 
5.385560e-04 
5.385560e-04 
5.385560e-04 
5.385560e-04 
5.385560e-04 
5.385560e-04 
5.385560e-04 
5.385560e-04 
5.385560e-04 
5.385560e-04 
5.385560e-04 
5.385560e-04 
5.385560e-04 
5.385560e-04 
5.385560e-04 
5.385560e-04 
5.385560e-04 
5.385560e-04 
5.385560e-04 
5.385560e-04 
5.385560e-04 
5.385560e-04 
5.385560e-04 
5.385560e-04 
5.385560e-04 
5.385560e-04 
5.385560e-04 
5.385560e-04 
5.385560e-04 
5.385560e-04 
5.385560e-04 
5.385560e-04 
5.385560e-04 
5.385560e-04 
5.385560e-04 
5.385560e-04 
5.385560e-04 
5.385560e-04 
5.385560e-04 
5.385560e-04 
5.385560e-04 
5.385560e-04 
5.385560e-04 
5.385560e-04 
5.385560e-04 
5.385560e-04 
5.385560e-04 
5.385560e-04 
5.385560e-04 
5.385560e-04 
5.385560e-04 
5.385560e-04 
5.385560e-04 
5.385560e-04 
5.385560e-04 
5.385560e-04 
5.385560e-04 
5.385560e-04 
5.385560e-04 
5.470293e-04 
6.063322e-04 
6.749491e-04 
7.527981e-04 
7.997185e-04 
9.050948e-04 
1.037044e-03 
1.196642e-03 
1.390811e-03 
1.629153e-03 
1.925303e-03 
2.298300e-03 
2.774998e-03 
3.394083e-03 
4.212645e-03 
5.317208e-03 
6.842903e-03 
9.008185e-03 
1.218058e-02 
1.700771e-02 
2.469333e-02 
3.761007e-02 
6.069315e-02 
1.042688e-01 
1.859420e-01 
3.148761e-01 
4.675995e-01 
6.183434e-01 
7.570104e-01 
8.761833e-01 
9.541959e-01 
9.542487e-01 
9.542487e-01 
9.542487e-01 
9.542487e-01 
9.542487e-01 
9.542487e-01 
9.542487e-01 
9.542487e-01 
9.542487e-01 
9.542487e-01 
9.542487e-01 
9.542487e-01 
9.542487e-01 
9.542487e-01 
9.542487e-01 
9.542487e-01 
9.542487e-01 
9.542487e-01 
9.542487e-01 
9.542487e-01 
9.542487e-01 
9.542487e-01 
9.542487e-01 
9.542487e-01 
9.542487e-01 
9.542487e-01 
9.542487e-01 
9.542487e-01 
9.542487e-01 
9.542487e-01 
9.542487e-01 
9.542487e-01 
9.542487e-01 
9.542487e-01 
9.542487e-01 
9.542487e-01 
9.542487e-01 
9.542487e-01 
9.542487e-01 
9.542487e-01 
9.542487e-01 
9.542487e-01 
9.542487e-01 
9.542487e-01 
9.542487e-01 
9.542487e-01 
9.542487e-01 
9.542487e-01 
9.542487e-01 
9.542487e-01 
9.542487e-01 
9.542487e-01 
9.542487e-01 
9.542487e-01 
9.542487e-01 
9.542487e-01 
9.542487e-01 
9.542487e-01 
9.542487e-01 
9.542487e-01 
9.542487e-01 
9.542487e-01 
9.542487e-01 
9.542485e-01 
9.542480e-01 
9.542475e-01 
9.542468e-01 
9.542459e-01 
9.542450e-01 
9.542439e-01 
9.542428e-01 
9.542416e-01 
9.542406e-01 
9.542397e-01 
9.542389e-01 
9.542382e-01 
9.542376e-01 
9.542371e-01 
9.542366e-01 
9.542362e-01 
9.542358e-01 
9.542355e-01 
9.542352e-01 
9.542349e-01 
9.542347e-01 
9.542344e-01 
9.542342e-01 
9.542340e-01 
9.542338e-01 
9.542337e-01 
9.542335e-01 
9.542334e-01 
9.542332e-01 
9.542332e-01 
9.542332e-01 
9.542332e-01 
9.542332e-01 
9.542332e-01 
9.542332e-01 
9.542332e-01 
9.542332e-01 
9.542332e-01 
9.542332e-01 
9.542332e-01 
9.542332e-01 
9.542332e-01 
9.542332e-01 
9.542332e-01 
9.542332e-01 
9.542332e-01 
9.542332e-01 
9.542332e-01 
9.542332e-01 
9.542332e-01 
9.542332e-01 
9.542332e-01 
9.542332e-01 
9.542332e-01 
9.542332e-01 
9.542332e-01 
9.542332e-01 
9.542332e-01 
9.542332e-01 
9.542332e-01 
9.542332e-01 
9.542332e-01 
9.542332e-01 
9.542332e-01 
9.542332e-01 
9.542332e-01 
9.542332e-01 
9.542332e-01 
9.542332e-01 
9.542332e-01 
9.542332e-01 
9.542332e-01 
9.542332e-01 
9.542332e-01 
9.542332e-01 
9.542332e-01 
9.542332e-01 
9.542332e-01 
9.542332e-01 
9.542332e-01 
9.542332e-01 
9.542332e-01 
9.542332e-01 
9.542332e-01 
9.542332e-01 
9.542332e-01 
9.542332e-01 
9.542332e-01 
9.542332e-01 
9.542332e-01 
9.542332e-01 
9.542332e-01 
9.361322e-01 
8.364021e-01 
7.099812e-01 
5.643435e-01 
3.950903e-01 
1.877385e-01 
2.208152e-02 
9.437038e-04 
3.572419e-04 
2.043564e-04 
1.295835e-04 
8.784124e-05 
6.250091e-05 
4.616790e-05 
3.515092e-05 
2.744974e-05 
2.191151e-05 
1.783977e-05 
1.479945e-05 
1.251523e-05 
1.081975e-05 
9.637346e-06 
9.016791e-06 
9.297397e-06 
1.145001e-05 
1.485927e-05 
1.685413e-05 
1.791717e-05 
1.862549e-05 
1.922864e-05 
1.976326e-05 
1.979940e-05 
1.979940e-05 
1.979940e-05 
1.979940e-05 
1.979940e-05 
1.979940e-05 
1.979940e-05 
1.979940e-05 
1.979940e-05 
1.979940e-05 
1.979940e-05 
1.979940e-05 
1.979940e-05 
1.979940e-05 
1.979940e-05 
1.979940e-05 
1.979940e-05 
1.979940e-05 
1.979940e-05 
1.979940e-05 
1.979940e-05 
1.979940e-05 
1.979940e-05 
1.979940e-05 
1.979940e-05 
1.979940e-05 
1.979940e-05 
1.979940e-05 
1.979940e-05 
1.979940e-05 
1.979940e-05 
1.979940e-05 
1.979940e-05 
1.979940e-05 
1.979940e-05 
1.979940e-05 
1.979940e-05 
1.979940e-05 
1.979940e-05 
1.979940e-05 
1.979940e-05 
1.979940e-05 
1.979940e-05 
1.979940e-05 
1.979940e-05 
1.979940e-05 
1.979940e-05 
1.979940e-05 
1.979940e-05 
1.979940e-05 
1.979940e-05 
1.979940e-05 
1.979940e-05 
1.979940e-05 
1.979940e-05 
1.979940e-05 
1.979940e-05 
1.979940e-05 
1.979940e-05 
1.979940e-05 
1.979940e-05 
1.979940e-05 
1.979940e-05 
1.990839e-05 
2.011734e-05 
2.035494e-05 
2.061765e-05 
2.090135e-05 
2.120181e-05 
2.151267e-05 
2.181792e-05 
2.211926e-05 
2.243128e-05 
2.275734e-05 
2.309491e-05 
2.343694e-05 
2.376984e-05 
2.406931e-05 
2.429266e-05 
2.436501e-05 
2.415364e-05 
2.341899e-05 
2.171859e-05 
1.821527e-05 
1.130264e-05 
-2.024679e-06 
-2.662821e-05 
-6.726758e-05 
-1.231729e-04 
-1.890324e-04 
-2.629709e-04 
-3.468946e-04 
-4.380565e-04 
-4.774216e-04 
-4.774223e-04 
-4.774223e-04 
-4.774223e-04 
-4.774223e-04 
-4.774223e-04 
-4.774223e-04 
-4.774223e-04 
-4.774223e-04 
-4.774223e-04 
-4.774223e-04 
-4.774223e-04 
-4.774223e-04 
-4.774223e-04 
-4.774223e-04 
-4.774223e-04 
-4.774223e-04 
-4.774223e-04 
-4.774223e-04 
-4.774223e-04 
-4.774223e-04 
-4.774223e-04 
-4.774223e-04 
-4.774223e-04 
-4.774223e-04 
-4.774223e-04 
-4.774223e-04 
-4.774223e-04 
-4.774223e-04 
-4.774223e-04 
-4.774223e-04 
-4.774223e-04 
-4.774223e-04 
-4.774223e-04 
-4.774223e-04 
-4.774223e-04 
-4.774223e-04 
-4.774223e-04 
-4.774223e-04 
-4.774223e-04 
-4.774223e-04 
-4.774223e-04 
-4.774223e-04 
-4.774223e-04 
-4.774223e-04 
-4.774223e-04 
-4.774223e-04 
-4.774223e-04 
-4.774223e-04 
-4.774223e-04 
-4.774223e-04 
-4.774223e-04 
-4.774223e-04 
-4.774223e-04 
-4.774223e-04 
-4.774223e-04 
-4.774223e-04 
-4.774223e-04 
-4.774223e-04 
-4.774223e-04 
-4.774223e-04 
-4.774223e-04 
-4.774223e-04 
-4.884524e-04 
-5.439831e-04 
-6.089242e-04 
-6.852398e-04 
-7.755935e-04 
-8.834228e-04 
-1.013098e-03 
-1.170039e-03 
-1.361159e-03 
-1.596104e-03 
-1.888516e-03 
-2.257454e-03 
-2.729854e-03 
-3.344626e-03 
-4.159352e-03 
-5.261566e-03 
-6.788454e-03 
-8.962668e-03 
-1.216052e-02 
-1.704867e-02 
-2.487413e-02 
-3.811279e-02 
-6.195298e-02 
-1.072808e-01 
-1.922412e-01 
-3.243362e-01 
-4.779316e-01 
-6.282246e-01 
-7.658763e-01 
-8.833329e-01 
-9.542382e-01 
-9.542486e-01 
-9.542486e-01 
-9.542486e-01 
-9.542486e-01 
-9.542486e-01 
-9.542486e-01 
-9.542486e-01 
-9.542486e-01 
-9.542486e-01 
-9.542486e-01 
-9.542486e-01 
-9.542486e-01 
-9.542486e-01 
-9.542486e-01 
-9.542486e-01 
-9.542486e-01 
-9.542486e-01 
-9.542486e-01 
-9.542486e-01 
-9.542486e-01 
-9.542486e-01 
-9.542486e-01 
-9.542486e-01 
-9.542486e-01 
-9.542486e-01 
-9.542486e-01 
-9.542486e-01 
-9.542486e-01 
-9.542486e-01 
-9.542486e-01 
-9.542486e-01 
-9.542486e-01 
-9.542486e-01 
-9.542486e-01 
-9.542486e-01 
-9.542486e-01 
-9.542486e-01 
-9.542486e-01 
-9.542486e-01 
-9.542486e-01 
-9.542486e-01 
-9.542486e-01 
-9.542486e-01 
-9.542486e-01 
-9.542486e-01 
-9.542486e-01 
-9.542486e-01 
-9.542486e-01 
-9.542486e-01 
-9.542486e-01 
-9.542486e-01 
-9.542486e-01 
-9.542486e-01 
-9.542486e-01 
-9.542486e-01 
-9.542486e-01 
-9.542486e-01 
-9.542486e-01 
-9.542486e-01 
-9.542486e-01 
-9.542486e-01 
-9.542486e-01 
-9.542486e-01 
-9.542483e-01 
-9.542477e-01 
-9.542470e-01 
-9.542460e-01 
-9.542446e-01 
-9.542424e-01 
-9.542403e-01 
-9.542394e-01 
-9.542387e-01 
-9.542381e-01 
-9.542375e-01 
-9.542370e-01 
-9.542366e-01 
-9.542362e-01 
-9.542359e-01 
-9.542355e-01 
-9.542352e-01 
-9.542350e-01 
-9.542347e-01 
-9.542345e-01 
-9.542343e-01 
-9.542341e-01 
-9.542339e-01 
-9.542337e-01 
-9.542335e-01 
-9.542334e-01 
-9.542332e-01 
-9.542331e-01 
-9.542330e-01 
-9.542329e-01 
-9.542328e-01 
-9.542328e-01 
-9.542328e-01 
-9.542328e-01 
-9.542328e-01 
-9.542328e-01 
-9.542328e-01 
-9.542328e-01 
-9.542328e-01 
-9.542328e-01 
-9.542328e-01 
-9.542328e-01 
-9.542328e-01 
-9.542328e-01 
-9.542328e-01 
-9.542328e-01 
-9.542328e-01 
-9.542328e-01 
-9.542328e-01 
-9.542328e-01 
-9.542328e-01 
-9.542328e-01 
-9.542328e-01 
-9.542328e-01 
-9.542328e-01 
-9.542328e-01 
-9.542328e-01 
-9.542328e-01 
-9.542328e-01 
-9.542328e-01 
-9.542328e-01 
-9.542328e-01 
-9.542328e-01 
-9.542328e-01 
-9.542328e-01 
-9.542328e-01 
-9.542328e-01 
-9.542328e-01 
-9.542328e-01 
-9.542328e-01 
-9.542328e-01 
-9.542328e-01 
-9.542328e-01 
-9.542328e-01 
-9.542328e-01 
-9.542328e-01 
-9.542328e-01 
-9.542328e-01 
-9.542328e-01 
-9.542328e-01 
-9.542328e-01 
-9.542328e-01 
-9.542328e-01 
-9.542328e-01 
-9.542328e-01 
-9.542328e-01 
-9.542328e-01 
-9.542328e-01 
-9.542328e-01 
-9.542328e-01 
-9.542328e-01 
-9.542328e-01 
-9.542328e-01 
-9.304735e-01 
-8.284552e-01 
-7.005669e-01 
-5.534042e-01 
-3.811821e-01 
-1.681782e-01 
-1.292567e-02 
8.052062e-04 
4.414186e-04 
2.549838e-04 
1.625245e-04 
1.105184e-04 
7.876710e-05 
5.819963e-05 
4.425559e-05 
3.444848e-05 
2.733525e-05 
2.203454e-05 
1.798298e-05 
1.480248e-05 
1.222044e-05 
1.000884e-05 
7.902811e-06 
5.390736e-06 
1.292791e-06 
-3.758664e-06 
-7.020881e-06 
-9.161609e-06 
-1.080583e-05 
-1.222849e-05 
-1.335607e-05 
-1.337083e-05 
-1.337083e-05 
-1.337083e-05 
-1.337083e-05 
-1.337083e-05 
-1.337083e-05 
-1.337083e-05 
-1.337083e-05 
-1.337083e-05 
-1.337083e-05 
-1.337083e-05 
-1.337083e-05 
-1.337083e-05 
-1.337083e-05 
-1.337083e-05 
-1.337083e-05 
-1.337083e-05 
-1.337083e-05 
-1.337083e-05 
-1.337083e-05 
-1.337083e-05 
-1.337083e-05 
-1.337083e-05 
-1.337083e-05 
-1.337083e-05 
-1.337083e-05 
-1.337083e-05 
-1.337083e-05 
-1.337083e-05 
-1.337083e-05 
-1.337083e-05 
-1.337083e-05 
-1.337083e-05 
-1.337083e-05 
-1.337083e-05 
-1.337083e-05 
-1.337083e-05 
-1.337083e-05 
-1.337083e-05 
-1.337083e-05 
-1.337083e-05 
-1.337083e-05 
-1.337083e-05 
-1.337083e-05 
-1.337083e-05 
-1.337083e-05 
-1.337083e-05 
-1.337083e-05 
-1.337083e-05 
-1.337083e-05 
-1.337083e-05 
-1.337083e-05 
-1.337083e-05 
-1.337083e-05 
-1.337083e-05 
-1.337083e-05 
-1.337083e-05 
-1.337083e-05 
-1.337083e-05 
-1.337083e-05 
-1.337083e-05 
-1.337083e-05 
-1.337083e-05 
-1.324457e-05 
-1.304053e-05 
-1.281182e-05 
-1.254496e-05 
-1.222374e-05 
-1.182939e-05 
-1.133759e-05 
-1.071111e-05 
-9.926853e-06 
-8.962773e-06 
-7.774620e-06 
-6.297857e-06 
-4.443107e-06 
-2.086151e-06 
9.474610e-07 
4.905136e-06 
1.013961e-05 
1.715145e-05 
2.663366e-05 
3.948638e-05 
5.672442e-05 
7.918232e-05 
1.070911e-04 
1.399704e-04 
1.772091e-04 
2.189554e-04 
2.666995e-04 
3.232647e-04 
3.912852e-04 
4.668596e-04 
4.945312e-04 
4.945314e-04 
4.945314e-04 
4.945314e-04 
4.945314e-04 
4.945314e-04 
4.945314e-04 
4.945314e-04 
4.945314e-04 
4.945314e-04 
4.945314e-04 
4.945314e-04 
4.945314e-04 
4.945314e-04 
4.945314e-04 
4.945314e-04 
4.945314e-04 
4.945314e-04 
4.945314e-04 
4.945314e-04 
4.945314e-04 
4.945314e-04 
4.945314e-04 
4.945314e-04 
4.945314e-04 
4.945314e-04 
4.945314e-04 
4.945314e-04 
4.945314e-04 
4.945314e-04 
4.945314e-04 
4.945314e-04 
4.945314e-04 
4.945314e-04 
4.945314e-04 
4.945314e-04 
4.945314e-04 
4.945314e-04 
4.945314e-04 
4.945314e-04 
4.945314e-04 
4.945314e-04 
4.945314e-04 
4.945314e-04 
4.945314e-04 
4.945314e-04 
4.945314e-04 
4.945314e-04 
4.945314e-04 
4.945314e-04 
4.945314e-04 
4.945314e-04 
4.945314e-04 
4.945314e-04 
4.945314e-04 
4.945314e-04 
4.945314e-04 
4.945314e-04 
4.945314e-04 
4.945314e-04 
4.945314e-04 
4.945314e-04 
4.945314e-04 
5.095512e-04 
5.675354e-04 
6.352842e-04 
7.149018e-04 
8.091793e-04 
9.217199e-04 
1.057101e-03 
1.220975e-03 
1.420539e-03 
1.665879e-03 
1.971270e-03 
2.356649e-03 
2.850207e-03 
3.492683e-03 
4.344411e-03 
5.497180e-03 
7.094989e-03 
9.371814e-03 
1.272364e-02 
1.785307e-02 
2.607623e-02 
4.000837e-02 
6.511867e-02 
1.127465e-01 
2.009661e-01 
3.351265e-01 
4.886682e-01 
6.381584e-01 
7.746730e-01 
8.903304e-01 
9.542467e-01 
9.542487e-01 
9.542487e-01 
9.542487e-01 
9.542487e-01 
9.542487e-01 
9.542487e-01 
9.542487e-01 
9.542487e-01 
9.542487e-01 
9.542487e-01 
9.542487e-01 
9.542487e-01 
9.542487e-01 
9.542487e-01 
9.542487e-01 
9.542487e-01 
9.542487e-01 
9.542487e-01 
9.542487e-01 
9.542487e-01 
9.542487e-01 
9.542487e-01 
9.542487e-01 
9.542487e-01 
9.542487e-01 
9.542487e-01 
9.542487e-01 
9.542487e-01 
9.542487e-01 
9.542487e-01 
9.542487e-01 
9.542487e-01 
9.542487e-01 
9.542487e-01 
9.542487e-01 
9.542487e-01 
9.542487e-01 
9.542487e-01 
9.542487e-01 
9.542487e-01 
9.542487e-01 
9.542487e-01 
9.542487e-01 
9.542487e-01 
9.542487e-01 
9.542487e-01 
9.542487e-01 
9.542487e-01 
9.542487e-01 
9.542487e-01 
9.542487e-01 
9.542487e-01 
9.542487e-01 
9.542487e-01 
9.542487e-01 
9.542487e-01 
9.542487e-01 
9.542487e-01 
9.542487e-01 
9.542487e-01 
9.542487e-01 
9.542487e-01 
9.542487e-01 
9.542484e-01 
9.542480e-01 
9.542474e-01 
9.542467e-01 
9.542458e-01 
9.542448e-01 
9.542437e-01 
9.542426e-01 
9.542415e-01 
9.542405e-01 
9.542396e-01 
9.542388e-01 
9.542381e-01 
9.542375e-01 
9.542370e-01 
9.542365e-01 
9.542361e-01 
9.542358e-01 
9.542354e-01 
9.542351e-01 
9.542349e-01 
9.542346e-01 
9.542344e-01 
9.542342e-01 
9.542340e-01 
9.542338e-01 
9.542336e-01 
9.542335e-01 
9.542333e-01 
9.542332e-01 
9.542332e-01 
9.542332e-01 
9.542332e-01 
9.542332e-01 
9.542332e-01 
9.542332e-01 
9.542332e-01 
9.542332e-01 
9.542332e-01 
9.542332e-01 
9.542332e-01 
9.542332e-01 
9.542332e-01 
9.542332e-01 
9.542332e-01 
9.542332e-01 
9.542332e-01 
9.542332e-01 
9.542332e-01 
9.542332e-01 
9.542332e-01 
9.542332e-01 
9.542332e-01 
9.542332e-01 
9.542332e-01 
9.542332e-01 
9.542332e-01 
9.542332e-01 
9.542332e-01 
9.542332e-01 
9.542332e-01 
9.542332e-01 
9.542332e-01 
9.542332e-01 
9.542332e-01 
9.542332e-01 
9.542332e-01 
9.542332e-01 
9.542332e-01 
9.542332e-01 
9.542332e-01 
9.542332e-01 
9.542332e-01 
9.542332e-01 
9.542332e-01 
9.542332e-01 
9.542332e-01 
9.542332e-01 
9.542332e-01 
9.542332e-01 
9.542332e-01 
9.542332e-01 
9.542332e-01 
9.542332e-01 
9.542332e-01 
9.542332e-01 
9.542332e-01 
9.542332e-01 
9.542332e-01 
9.542332e-01 
9.542332e-01 
9.542332e-01 
9.542332e-01 
9.246189e-01 
8.204080e-01 
6.911699e-01 
5.428654e-01 
3.693449e-01 
1.577527e-01 
1.427317e-02 
8.516385e-04 
3.757572e-04 
2.188079e-04 
1.402110e-04 
9.572136e-05 
6.844514e-05 
5.072684e-05 
3.869427e-05 
3.022746e-05 
2.409329e-05 
1.953903e-05 
1.608673e-05 
1.342284e-05 
1.133617e-05 
9.681769e-06 
8.359916e-06 
7.301990e-06 
6.414847e-06 
5.585718e-06 
4.920080e-06 
4.370812e-06 
3.903087e-06 
3.495634e-06 
3.218304e-06 
3.218017e-06 
3.218017e-06 
3.218017e-06 
3.218017e-06 
3.218017e-06 
3.218017e-06 
3.218017e-06 
3.218017e-06 
3.218017e-06 
3.218017e-06 
3.218017e-06 
3.218017e-06 
3.218017e-06 
3.218017e-06 
3.218017e-06 
3.218017e-06 
3.218017e-06 
3.218017e-06 
3.218017e-06 
3.218017e-06 
3.218017e-06 
3.218017e-06 
3.218017e-06 
3.218017e-06 
3.218017e-06 
3.218017e-06 
3.218017e-06 
3.218017e-06 
3.218017e-06 
3.218017e-06 
3.218017e-06 
3.218017e-06 
3.218017e-06 
3.218017e-06 
3.218017e-06 
3.218017e-06 
3.218017e-06 
3.218017e-06 
3.218017e-06 
3.218017e-06 
3.218017e-06 
3.218017e-06 
3.218017e-06 
3.218017e-06 
3.218017e-06 
3.218017e-06 
3.218017e-06 
3.218017e-06 
3.218017e-06 
3.218017e-06 
3.218017e-06 
3.218017e-06 
3.218017e-06 
3.218017e-06 
3.218017e-06 
3.218017e-06 
3.218017e-06 
3.218017e-06 
3.218017e-06 
3.218017e-06 
3.218017e-06 
3.218017e-06 
3.218017e-06 
3.356334e-06 
3.566570e-06 
3.803936e-06 
4.073566e-06 
4.381734e-06 
4.736028e-06 
5.145595e-06 
5.621548e-06 
6.178302e-06 
6.835366e-06 
7.618505e-06 
8.562167e-06 
9.713272e-06 
1.113706e-05 
1.292634e-05 
1.521666e-05 
1.821192e-05 
2.222952e-05 
2.778272e-05 
3.573624e-05 
4.760221e-05 
6.605816e-05 
9.548012e-05 
1.406437e-04 
2.007547e-04 
2.679764e-04 
3.368933e-04 
4.060069e-04 
4.720599e-04 
5.257464e-04 
5.385499e-04 
5.385499e-04 
5.385499e-04 
5.385499e-04 
5.385499e-04 
5.385499e-04 
5.385499e-04 
5.385499e-04 
5.385499e-04 
5.385499e-04 
5.385499e-04 
5.385499e-04 
5.385499e-04 
5.385499e-04 
5.385499e-04 
5.385499e-04 
5.385499e-04 
5.385499e-04 
5.385499e-04 
5.385499e-04 
5.385499e-04 
5.385499e-04 
5.385499e-04 
5.385499e-04 
5.385499e-04 
5.385499e-04 
5.385499e-04 
5.385499e-04 
5.385499e-04 
5.385499e-04 
5.385499e-04 
5.385499e-04 
5.385499e-04 
5.385499e-04 
5.385499e-04 
5.385499e-04 
5.385499e-04 
5.385499e-04 
5.385499e-04 
5.385499e-04 
5.385499e-04 
5.385499e-04 
5.385499e-04 
5.385499e-04 
5.385499e-04 
5.385499e-04 
5.385499e-04 
5.385499e-04 
5.385499e-04 
5.385499e-04 
5.385499e-04 
5.385499e-04 
5.385499e-04 
5.385499e-04 
5.385499e-04 
5.385499e-04 
5.385499e-04 
5.385499e-04 
5.385499e-04 
5.385499e-04 
5.385499e-04 
5.385499e-04 
5.385499e-04 
5.583866e-04 
6.196085e-04 
6.902286e-04 
7.681570e-04 
8.171174e-04 
9.301912e-04 
1.067328e-03 
1.233388e-03 
1.435720e-03 
1.684657e-03 
1.994806e-03 
2.386570e-03 
2.888837e-03 
3.543422e-03 
4.412358e-03 
5.590210e-03 
7.225658e-03 
9.560922e-03 
1.300717e-02 
1.829648e-02 
2.680565e-02 
4.128142e-02 
6.748150e-02 
1.172712e-01 
2.088307e-01 
3.453853e-01 
4.991668e-01 
6.479759e-01 
7.833638e-01 
8.971658e-01 
9.542483e-01 
9.542487e-01 
9.542487e-01 
9.542487e-01 
9.542487e-01 
9.542487e-01 
9.542487e-01 
9.542487e-01 
9.542487e-01 
9.542487e-01 
9.542487e-01 
9.542487e-01 
9.542487e-01 
9.542487e-01 
9.542487e-01 
9.542487e-01 
9.542487e-01 
9.542487e-01 
9.542487e-01 
9.542487e-01 
9.542487e-01 
9.542487e-01 
9.542487e-01 
9.542487e-01 
9.542487e-01 
9.542487e-01 
9.542487e-01 
9.542487e-01 
9.542487e-01 
9.542487e-01 
9.542487e-01 
9.542487e-01 
9.542487e-01 
9.542487e-01 
9.542487e-01 
9.542487e-01 
9.542487e-01 
9.542487e-01 
9.542487e-01 
9.542487e-01 
9.542487e-01 
9.542487e-01 
9.542487e-01 
9.542487e-01 
9.542487e-01 
9.542487e-01 
9.542487e-01 
9.542487e-01 
9.542487e-01 
9.542487e-01 
9.542487e-01 
9.542487e-01 
9.542487e-01 
9.542487e-01 
9.542487e-01 
9.542487e-01 
9.542487e-01 
9.542487e-01 
9.542487e-01 
9.542487e-01 
9.542487e-01 
9.542487e-01 
9.542487e-01 
9.542487e-01 
9.542484e-01 
9.542479e-01 
9.542473e-01 
9.542466e-01 
9.542457e-01 
9.542448e-01 
9.542437e-01 
9.542425e-01 
9.542414e-01 
9.542404e-01 
9.542395e-01 
9.542387e-01 
9.542381e-01 
9.542375e-01 
9.542370e-01 
9.542365e-01 
9.542361e-01 
9.542357e-01 
9.542354e-01 
9.542351e-01 
9.542349e-01 
9.542346e-01 
9.542344e-01 
9.542342e-01 
9.542340e-01 
9.542338e-01 
9.542336e-01 
9.542335e-01 
9.542333e-01 
9.542332e-01 
9.542332e-01 
9.542332e-01 
9.542332e-01 
9.542332e-01 
9.542332e-01 
9.542332e-01 
9.542332e-01 
9.542332e-01 
9.542332e-01 
9.542332e-01 
9.542332e-01 
9.542332e-01 
9.542332e-01 
9.542332e-01 
9.542332e-01 
9.542332e-01 
9.542332e-01 
9.542332e-01 
9.542332e-01 
9.542332e-01 
9.542332e-01 
9.542332e-01 
9.542332e-01 
9.542332e-01 
9.542332e-01 
9.542332e-01 
9.542332e-01 
9.542332e-01 
9.542332e-01 
9.542332e-01 
9.542332e-01 
9.542332e-01 
9.542332e-01 
9.542332e-01 
9.542332e-01 
9.542332e-01 
9.542332e-01 
9.542332e-01 
9.542332e-01 
9.542332e-01 
9.542332e-01 
9.542332e-01 
9.542332e-01 
9.542332e-01 
9.542332e-01 
9.542332e-01 
9.542332e-01 
9.542332e-01 
9.542332e-01 
9.542332e-01 
9.542332e-01 
9.542332e-01 
9.542332e-01 
9.542332e-01 
9.542332e-01 
9.542332e-01 
9.542332e-01 
9.542332e-01 
9.542332e-01 
9.542332e-01 
9.542332e-01 
9.542332e-01 
9.542332e-01 
9.185741e-01 
8.122395e-01 
6.816359e-01 
5.319532e-01 
3.561402e-01 
1.429239e-01 
1.128693e-02 
7.801041e-04 
3.606759e-04 
2.117745e-04 
1.364033e-04 
9.346232e-05 
6.701595e-05 
4.977803e-05 
3.804024e-05 
2.976289e-05 
2.375521e-05 
1.928822e-05 
1.589793e-05 
1.327942e-05 
1.122709e-05 
9.599977e-06 
8.301737e-06 
7.266089e-06 
6.384306e-06 
5.548973e-06 
4.887483e-06 
4.342404e-06 
3.878083e-06 
3.472992e-06 
3.220461e-06 
3.220377e-06 
3.220377e-06 
3.220377e-06 
3.220377e-06 
3.220377e-06 
3.220377e-06 
3.220377e-06 
3.220377e-06 
3.220377e-06 
3.220377e-06 
3.220377e-06 
3.220377e-06 
3.220377e-06 
3.220377e-06 
3.220377e-06 
3.220377e-06 
3.220377e-06 
3.220377e-06 
3.220377e-06 
3.220377e-06 
3.220377e-06 
3.220377e-06 
3.220377e-06 
3.220377e-06 
3.220377e-06 
3.220377e-06 
3.220377e-06 
3.220377e-06 
3.220377e-06 
3.220377e-06 
3.220377e-06 
3.220377e-06 
3.220377e-06 
3.220377e-06 
3.220377e-06 
3.220377e-06 
3.220377e-06 
3.220377e-06 
3.220377e-06 
3.220377e-06 
3.220377e-06 
3.220377e-06 
3.220377e-06 
3.220377e-06 
3.220377e-06 
3.220377e-06 
3.220377e-06 
3.220377e-06 
3.220377e-06 
3.220377e-06 
3.220377e-06 
3.220377e-06 
3.220377e-06 
3.220377e-06 
3.220377e-06 
3.220377e-06 
3.220377e-06 
3.220377e-06 
3.220377e-06 
3.220377e-06 
3.220377e-06 
3.220377e-06 
3.220377e-06 
3.372277e-06 
3.584170e-06 
3.823480e-06 
4.095387e-06 
4.406218e-06 
4.763618e-06 
5.176904e-06 
5.657532e-06 
6.220208e-06 
6.884708e-06 
7.677253e-06 
8.632962e-06 
9.799748e-06 
1.124433e-05 
1.306177e-05 
1.539117e-05 
1.844227e-05 
2.254233e-05 
2.822206e-05 
3.637816e-05 
4.858228e-05 
6.761515e-05 
9.796816e-05 
1.442866e-04 
2.051871e-04 
2.726625e-04 
3.416504e-04 
4.107215e-04 
4.762944e-04 
5.286486e-04 
5.385560e-04 
5.385560e-04 
5.385560e-04 
5.385560e-04 
5.385560e-04 
5.385560e-04 
5.385560e-04 
5.385560e-04 
5.385560e-04 
5.385560e-04 
5.385560e-04 
5.385560e-04 
5.385560e-04 
5.385560e-04 
5.385560e-04 
5.385560e-04 
5.385560e-04 
5.385560e-04 
5.385560e-04 
5.385560e-04 
5.385560e-04 
5.385560e-04 
5.385560e-04 
5.385560e-04 
5.385560e-04 
5.385560e-04 
5.385560e-04 
5.385560e-04 
5.385560e-04 
5.385560e-04 
5.385560e-04 
5.385560e-04 
5.385560e-04 
5.385560e-04 
5.385560e-04 
5.385560e-04 
5.385560e-04 
5.385560e-04 
5.385560e-04 
5.385560e-04 
5.385560e-04 
5.385560e-04 
5.385560e-04 
5.385560e-04 
5.385560e-04 
5.385560e-04 
5.385560e-04 
5.385560e-04 
5.385560e-04 
5.385560e-04 
5.385560e-04 
5.385560e-04 
5.385560e-04 
5.385560e-04 
5.385560e-04 
5.385560e-04 
5.385560e-04 
5.385560e-04 
5.385560e-04 
5.385560e-04 
5.385560e-04 
5.385560e-04 
5.385560e-04 
5.623037e-04 
6.241358e-04 
6.954430e-04 
7.726308e-04 
8.238530e-04 
9.387706e-04 
1.077689e-03 
1.245970e-03 
1.451117e-03 
1.703719e-03 
2.018720e-03 
2.417003e-03 
2.928171e-03 
3.595151e-03 
4.481730e-03 
5.685344e-03 
7.359538e-03 
9.755108e-03 
1.329908e-02 
1.875446e-02 
2.756188e-02 
4.260694e-02 
6.995100e-02 
1.219956e-01 
2.169244e-01 
3.557178e-01 
5.096365e-01 
6.577310e-01 
7.919566e-01 
9.038348e-01 
9.542486e-01 
9.542487e-01 
9.542487e-01 
9.542487e-01 
9.542487e-01 
9.542487e-01 
9.542487e-01 
9.542487e-01 
9.542487e-01 
9.542487e-01 
9.542487e-01 
9.542487e-01 
9.542487e-01 
9.542487e-01 
9.542487e-01 
9.542487e-01 
9.542487e-01 
9.542487e-01 
9.542487e-01 
9.542487e-01 
9.542487e-01 
9.542487e-01 
9.542487e-01 
9.542487e-01 
9.542487e-01 
9.542487e-01 
9.542487e-01 
9.542487e-01 
9.542487e-01 
9.542487e-01 
9.542487e-01 
9.542487e-01 
9.542487e-01 
9.542487e-01 
9.542487e-01 
9.542487e-01 
9.542487e-01 
9.542487e-01 
9.542487e-01 
9.542487e-01 
9.542487e-01 
9.542487e-01 
9.542487e-01 
9.542487e-01 
9.542487e-01 
9.542487e-01 
9.542487e-01 
9.542487e-01 
9.542487e-01 
9.542487e-01 
9.542487e-01 
9.542487e-01 
9.542487e-01 
9.542487e-01 
9.542487e-01 
9.542487e-01 
9.542487e-01 
9.542487e-01 
9.542487e-01 
9.542487e-01 
9.542487e-01 
9.542487e-01 
9.542487e-01 
9.542487e-01 
9.542484e-01 
9.542479e-01 
9.542473e-01 
9.542465e-01 
9.542457e-01 
9.542447e-01 
9.542436e-01 
9.542424e-01 
9.542413e-01 
9.542403e-01 
9.542394e-01 
9.542387e-01 
9.542380e-01 
9.542374e-01 
9.542369e-01 
9.542365e-01 
9.542361e-01 
9.542357e-01 
9.542354e-01 
9.542351e-01 
9.542348e-01 
9.542346e-01 
9.542344e-01 
9.542342e-01 
9.542340e-01 
9.542338e-01 
9.542336e-01 
9.542335e-01 
9.542333e-01 
9.542332e-01 
9.542332e-01 
9.542332e-01 
9.542332e-01 
9.542332e-01 
9.542332e-01 
9.542332e-01 
9.542332e-01 
9.542332e-01 
9.542332e-01 
9.542332e-01 
9.542332e-01 
9.542332e-01 
9.542332e-01 
9.542332e-01 
9.542332e-01 
9.542332e-01 
9.542332e-01 
9.542332e-01 
9.542332e-01 
9.542332e-01 
9.542332e-01 
9.542332e-01 
9.542332e-01 
9.542332e-01 
9.542332e-01 
9.542332e-01 
9.542332e-01 
9.542332e-01 
9.542332e-01 
9.542332e-01 
9.542332e-01 
9.542332e-01 
9.542332e-01 
9.542332e-01 
9.542332e-01 
9.542332e-01 
9.542332e-01 
9.542332e-01 
9.542332e-01 
9.542332e-01 
9.542332e-01 
9.542332e-01 
9.542332e-01 
9.542332e-01 
9.542332e-01 
9.542332e-01 
9.542332e-01 
9.542332e-01 
9.542332e-01 
9.542332e-01 
9.542332e-01 
9.542332e-01 
9.542332e-01 
9.542332e-01 
9.542332e-01 
9.542332e-01 
9.542332e-01 
9.542332e-01 
9.542332e-01 
9.542332e-01 
9.542332e-01 
9.542332e-01 
9.542332e-01 
9.123464e-01 
8.039609e-01 
6.720129e-01 
5.209038e-01 
3.426346e-01 
1.281089e-01 
8.647585e-03 
6.341235e-04 
3.023771e-04 
1.789500e-04 
1.158528e-04 
7.969342e-05 
5.733850e-05 
4.273219e-05 
3.277494e-05 
2.575570e-05 
2.067420e-05 
1.691971e-05 
1.410835e-05 
1.199790e-05 
1.044620e-05 
9.405240e-06 
8.976947e-06 
9.646725e-06 
1.241924e-05 
1.554984e-05 
1.720518e-05 
1.813084e-05 
1.879678e-05 
1.937655e-05 
1.979938e-05 
1.979940e-05 
1.979940e-05 
1.979940e-05 
1.979940e-05 
1.979940e-05 
1.979940e-05 
1.979940e-05 
1.979940e-05 
1.979940e-05 
1.979940e-05 
1.979940e-05 
1.979940e-05 
1.979940e-05 
1.979940e-05 
1.979940e-05 
1.979940e-05 
1.979940e-05 
1.979940e-05 
1.979940e-05 
1.979940e-05 
1.979940e-05 
1.979940e-05 
1.979940e-05 
1.979940e-05 
1.979940e-05 
1.979940e-05 
1.979940e-05 
1.979940e-05 
1.979940e-05 
1.979940e-05 
1.979940e-05 
1.979940e-05 
1.979940e-05 
1.979940e-05 
1.979940e-05 
1.979940e-05 
1.979940e-05 
1.979940e-05 
1.979940e-05 
1.979940e-05 
1.979940e-05 
1.979940e-05 
1.979940e-05 
1.979940e-05 
1.979940e-05 
1.979940e-05 
1.979940e-05 
1.979940e-05 
1.979940e-05 
1.979940e-05 
1.979940e-05 
1.979940e-05 
1.979940e-05 
1.979940e-05 
1.979940e-05 
1.979940e-05 
1.979940e-05 
1.979940e-05 
1.979940e-05 
1.979940e-05 
1.979940e-05 
1.979940e-05 
1.979954e-05 
1.996248e-05 
2.017963e-05 
2.042445e-05 
2.069334e-05 
2.098203e-05 
2.128630e-05 
2.159735e-05 
2.189992e-05 
2.220324e-05 
2.251909e-05 
2.284873e-05 
2.318845e-05 
2.352968e-05 
2.385645e-05 
2.414038e-05 
2.433170e-05 
2.434299e-05 
2.401855e-05 
2.307578e-05 
2.098905e-05 
1.675839e-05 
8.466789e-06 
-7.393292e-06 
-3.603851e-05 
-8.125380e-05 
-1.403819e-04 
-2.083998e-04 
-2.848557e-04 
-3.715708e-04 
-4.618778e-04 
-4.774223e-04 
-4.774223e-04 
-4.774223e-04 
-4.774223e-04 
-4.774223e-04 
-4.774223e-04 
-4.774223e-04 
-4.774223e-04 
-4.774223e-04 
-4.774223e-04 
-4.774223e-04 
-4.774223e-04 
-4.774223e-04 
-4.774223e-04 
-4.774223e-04 
-4.774223e-04 
-4.774223e-04 
-4.774223e-04 
-4.774223e-04 
-4.774223e-04 
-4.774223e-04 
-4.774223e-04 
-4.774223e-04 
-4.774223e-04 
-4.774223e-04 
-4.774223e-04 
-4.774223e-04 
-4.774223e-04 
-4.774223e-04 
-4.774223e-04 
-4.774223e-04 
-4.774223e-04 
-4.774223e-04 
-4.774223e-04 
-4.774223e-04 
-4.774223e-04 
-4.774223e-04 
-4.774223e-04 
-4.774223e-04 
-4.774223e-04 
-4.774223e-04 
-4.774223e-04 
-4.774223e-04 
-4.774223e-04 
-4.774223e-04 
-4.774223e-04 
-4.774223e-04 
-4.774223e-04 
-4.774223e-04 
-4.774223e-04 
-4.774223e-04 
-4.774223e-04 
-4.774223e-04 
-4.774223e-04 
-4.774223e-04 
-4.774223e-04 
-4.774223e-04 
-4.774223e-04 
-4.774223e-04 
-4.774223e-04 
-4.774223e-04 
-4.774223e-04 
-4.774223e-04 
-5.027609e-04 
-5.607414e-04 
-6.285669e-04 
-7.084277e-04 
-8.031828e-04 
-9.165106e-04 
-1.053056e-03 
-1.218570e-03 
-1.420570e-03 
-1.669681e-03 
-1.980854e-03 
-2.374998e-03 
-2.881835e-03 
-3.544567e-03 
-4.427585e-03 
0.000000e+00 
0.000000e+00 
0.000000e+00 
0.000000e+00 
0.000000e+00 
0.000000e+00 
0.000000e+00 
0.000000e+00
#[#TRACE_DATA]
#[#TRACE]
