#[TRACE]
#data_labels=Output
#[TRACE_DATA]
-5.178092e-03 
-6.468127e-03 
-8.473860e-03 
-1.139244e-02 
-1.579717e-02 
-2.274167e-02 
-3.427802e-02 
-5.463637e-02 
-9.274077e-02 
-1.650410e-01 
-2.852222e-01 
-4.358266e-01 
-5.881789e-01 
-7.298543e-01 
-8.538534e-01 
-9.485807e-01 
-9.542487e-01 
-9.542487e-01 
-9.542487e-01 
-9.542487e-01 
-9.542487e-01 
-9.542487e-01 
-9.542487e-01 
-9.542487e-01 
-9.542487e-01 
-9.542487e-01 
-9.542487e-01 
-9.542487e-01 
-9.542487e-01 
-9.542487e-01 
-9.542487e-01 
-9.542487e-01 
-9.542487e-01 
-9.542487e-01 
-9.542487e-01 
-9.542487e-01 
-9.542487e-01 
-9.542487e-01 
-9.542487e-01 
-9.542487e-01 
-9.542487e-01 
-9.542487e-01 
-9.542487e-01 
-9.542487e-01 
-9.542487e-01 
-9.542487e-01 
-9.542487e-01 
-9.542487e-01 
-9.542487e-01 
-9.542487e-01 
-9.542487e-01 
-9.542487e-01 
-9.542487e-01 
-9.542487e-01 
-9.542487e-01 
-9.542487e-01 
-9.542487e-01 
-9.542487e-01 
-9.542487e-01 
-9.542487e-01 
-9.542487e-01 
-9.542487e-01 
-9.542487e-01 
-9.542487e-01 
-9.542487e-01 
-9.542487e-01 
-9.542487e-01 
-9.542487e-01 
-9.542487e-01 
-9.542487e-01 
-9.542487e-01 
-9.542487e-01 
-9.542487e-01 
-9.542487e-01 
-9.542487e-01 
-9.542487e-01 
-9.542487e-01 
-9.542487e-01 
-9.542487e-01 
-9.542485e-01 
-9.542481e-01 
-9.542475e-01 
-9.542469e-01 
-9.542461e-01 
-9.542452e-01 
-9.542441e-01 
-9.542430e-01 
-9.542418e-01 
-9.542408e-01 
-9.542398e-01 
-9.542390e-01 
-9.542383e-01 
-9.542377e-01 
-9.542372e-01 
-9.542367e-01 
-9.542363e-01 
-9.542359e-01 
-9.542355e-01 
-9.542352e-01 
-9.542350e-01 
-9.542347e-01 
-9.542345e-01 
-9.542343e-01 
-9.542341e-01 
-9.542339e-01 
-9.542337e-01 
-9.542335e-01 
-9.542334e-01 
-9.542332e-01 
-9.542331e-01 
-9.542331e-01 
-9.542331e-01 
-9.542331e-01 
-9.542331e-01 
-9.542331e-01 
-9.542331e-01 
-9.542331e-01 
-9.542331e-01 
-9.542331e-01 
-9.542331e-01 
-9.542331e-01 
-9.542331e-01 
-9.542331e-01 
-9.542331e-01 
-9.542331e-01 
-9.542331e-01 
-9.542331e-01 
-9.542331e-01 
-9.542331e-01 
-9.542331e-01 
-9.542331e-01 
-9.542331e-01 
-9.542331e-01 
-9.542331e-01 
-9.542331e-01 
-9.542331e-01 
-9.542331e-01 
-9.542331e-01 
-9.542331e-01 
-9.542331e-01 
-9.542331e-01 
-9.542331e-01 
-9.542331e-01 
-9.542331e-01 
-9.542331e-01 
-9.542331e-01 
-9.542331e-01 
-9.542331e-01 
-9.542331e-01 
-9.542331e-01 
-9.542331e-01 
-9.542331e-01 
-9.542331e-01 
-9.542331e-01 
-9.542331e-01 
-9.542331e-01 
-9.542331e-01 
-9.542331e-01 
-9.542331e-01 
-9.542331e-01 
-9.542331e-01 
-9.542331e-01 
-9.542331e-01 
-9.542331e-01 
-9.542331e-01 
-9.542331e-01 
-9.542331e-01 
-9.542331e-01 
-9.542331e-01 
-9.542331e-01 
-9.542331e-01 
-9.542331e-01 
-9.513988e-01 
-8.594762e-01 
-7.375602e-01 
-5.958052e-01 
-4.324032e-01 
-2.332516e-01 
-4.080896e-02 
-1.469389e-03 
-3.911064e-04 
-2.159925e-04 
-1.341101e-04 
-8.951541e-05 
-6.291813e-05 
-4.600866e-05 
-3.472968e-05 
-2.691904e-05 
-2.134695e-05 
-1.727827e-05 
-1.425740e-05 
-1.199694e-05 
-1.032042e-05 
-9.140323e-06 
-8.478402e-06 
-8.591810e-06 
-1.033033e-05 
-1.382379e-05 
-1.616386e-05 
-1.739302e-05 
-1.817646e-05 
-1.882067e-05 
-1.933114e-05 
-1.953221e-05 
-1.953221e-05 
-1.953221e-05 
-1.953221e-05 
-1.953221e-05 
-1.953221e-05 
-1.953221e-05 
-1.953221e-05 
-1.953221e-05 
-1.953221e-05 
-1.953221e-05 
-1.953221e-05 
-1.953221e-05 
-1.953221e-05 
-1.953221e-05 
-1.953221e-05 
-1.953221e-05 
-1.953221e-05 
-1.953221e-05 
-1.953221e-05 
-1.953221e-05 
-1.953221e-05 
-1.953221e-05 
-1.953221e-05 
-1.953221e-05 
-1.953221e-05 
-1.953221e-05 
-1.953221e-05 
-1.953221e-05 
-1.953221e-05 
-1.953221e-05 
-1.953221e-05 
-1.953221e-05 
-1.953221e-05 
-1.953221e-05 
-1.953221e-05 
-1.953221e-05 
-1.953221e-05 
-1.953221e-05 
-1.953221e-05 
-1.953221e-05 
-1.953221e-05 
-1.953221e-05 
-1.953221e-05 
-1.953221e-05 
-1.953221e-05 
-1.953221e-05 
-1.953221e-05 
-1.953221e-05 
-1.953221e-05 
-1.953221e-05 
-1.953221e-05 
-1.953221e-05 
-1.953221e-05 
-1.953221e-05 
-1.953221e-05 
-1.953221e-05 
-1.953221e-05 
-1.953221e-05 
-1.953221e-05 
-1.953221e-05 
-1.953221e-05 
-1.953221e-05 
-1.959828e-05 
-1.979081e-05 
-2.001180e-05 
-2.025764e-05 
-2.052433e-05 
-2.080751e-05 
-2.110195e-05 
-2.139326e-05 
-2.167696e-05 
-2.196792e-05 
-2.227118e-05 
-2.258482e-05 
-2.290248e-05 
-2.321181e-05 
-2.349075e-05 
-2.370073e-05 
-2.377442e-05 
-2.359321e-05 
-2.294438e-05 
-2.143767e-05 
-1.833906e-05 
-1.224340e-05 
-4.957071e-07 
2.139818e-05 
5.858025e-05 
1.117369e-04 
1.758681e-04 
2.480759e-04 
3.299601e-04 
4.208919e-04 
4.790970e-04 
4.791203e-04 
4.791203e-04 
4.791203e-04 
4.791203e-04 
4.791203e-04 
4.791203e-04 
4.791203e-04 
4.791203e-04 
4.791203e-04 
4.791203e-04 
4.791203e-04 
4.791203e-04 
4.791203e-04 
4.791203e-04 
4.791203e-04 
4.791203e-04 
4.791203e-04 
4.791203e-04 
4.791203e-04 
4.791203e-04 
4.791203e-04 
4.791203e-04 
4.791203e-04 
4.791203e-04 
4.791203e-04 
4.791203e-04 
4.791203e-04 
4.791203e-04 
4.791203e-04 
4.791203e-04 
4.791203e-04 
4.791203e-04 
4.791203e-04 
4.791203e-04 
4.791203e-04 
4.791203e-04 
4.791203e-04 
4.791203e-04 
4.791203e-04 
4.791203e-04 
4.791203e-04 
4.791203e-04 
4.791203e-04 
4.791203e-04 
4.791203e-04 
4.791203e-04 
4.791203e-04 
4.791203e-04 
4.791203e-04 
4.791203e-04 
4.791203e-04 
4.791203e-04 
4.791203e-04 
4.791203e-04 
4.791203e-04 
4.791203e-04 
4.791203e-04 
4.791203e-04 
4.791203e-04 
4.791203e-04 
4.791203e-04 
4.791203e-04 
4.810186e-04 
5.337394e-04 
5.968051e-04 
6.708078e-04 
7.582780e-04 
8.624869e-04 
9.876120e-04 
1.138855e-03 
1.322759e-03 
1.548315e-03 
1.828276e-03 
2.180463e-03 
2.629973e-03 
3.212884e-03 
3.982307e-03 
5.018513e-03 
6.446466e-03 
8.467435e-03 
1.141856e-02 
1.589100e-02 
2.297743e-02 
3.482020e-02 
5.586577e-02 
9.552502e-02 
1.708651e-01 
2.944318e-01 
4.462363e-01 
5.982397e-01 
7.389808e-01 
8.614361e-01 
9.528597e-01 
9.542486e-01 
9.542486e-01 
9.542486e-01 
9.542486e-01 
9.542486e-01 
9.542486e-01 
9.542486e-01 
9.542486e-01 
9.542486e-01 
9.542486e-01 
9.542486e-01 
9.542486e-01 
9.542486e-01 
9.542486e-01 
9.542486e-01 
9.542486e-01 
9.542486e-01 
9.542486e-01 
9.542486e-01 
9.542486e-01 
9.542486e-01 
9.542486e-01 
9.542486e-01 
9.542486e-01 
9.542486e-01 
9.542486e-01 
9.542486e-01 
9.542486e-01 
9.542486e-01 
9.542486e-01 
9.542486e-01 
9.542486e-01 
9.542486e-01 
9.542486e-01 
9.542486e-01 
9.542486e-01 
9.542486e-01 
9.542486e-01 
9.542486e-01 
9.542486e-01 
9.542486e-01 
9.542486e-01 
9.542486e-01 
9.542486e-01 
9.542486e-01 
9.542486e-01 
9.542486e-01 
9.542486e-01 
9.542486e-01 
9.542486e-01 
9.542486e-01 
9.542486e-01 
9.542486e-01 
9.542486e-01 
9.542486e-01 
9.542486e-01 
9.542486e-01 
9.542486e-01 
9.542486e-01 
9.542486e-01 
9.542486e-01 
9.542486e-01 
9.542486e-01 
9.542484e-01 
9.542479e-01 
9.542472e-01 
9.542462e-01 
9.542449e-01 
9.542429e-01 
9.542406e-01 
9.542395e-01 
9.542388e-01 
9.542382e-01 
9.542376e-01 
9.542372e-01 
9.542367e-01 
9.542363e-01 
9.542359e-01 
9.542356e-01 
9.542353e-01 
9.542350e-01 
9.542348e-01 
9.542345e-01 
9.542343e-01 
9.542341e-01 
9.542339e-01 
9.542337e-01 
9.542336e-01 
9.542334e-01 
9.542333e-01 
9.542331e-01 
9.542330e-01 
9.542329e-01 
9.542328e-01 
9.542328e-01 
9.542328e-01 
9.542328e-01 
9.542328e-01 
9.542328e-01 
9.542328e-01 
9.542328e-01 
9.542328e-01 
9.542328e-01 
9.542328e-01 
9.542328e-01 
9.542328e-01 
9.542328e-01 
9.542328e-01 
9.542328e-01 
9.542328e-01 
9.542328e-01 
9.542328e-01 
9.542328e-01 
9.542328e-01 
9.542328e-01 
9.542328e-01 
9.542328e-01 
9.542328e-01 
9.542328e-01 
9.542328e-01 
9.542328e-01 
9.542328e-01 
9.542328e-01 
9.542328e-01 
9.542328e-01 
9.542328e-01 
9.542328e-01 
9.542328e-01 
9.542328e-01 
9.542328e-01 
9.542328e-01 
9.542328e-01 
9.542328e-01 
9.542328e-01 
9.542328e-01 
9.542328e-01 
9.542328e-01 
9.542328e-01 
9.542328e-01 
9.542328e-01 
9.542328e-01 
9.542328e-01 
9.542328e-01 
9.542328e-01 
9.542328e-01 
9.542328e-01 
9.542328e-01 
9.542328e-01 
9.542328e-01 
9.542328e-01 
9.542328e-01 
9.542328e-01 
9.542328e-01 
9.542328e-01 
9.542328e-01 
9.542328e-01 
9.467515e-01 
8.519083e-01 
7.284226e-01 
5.852550e-01 
4.194069e-01 
2.150456e-01 
2.854649e-02 
-5.713881e-04 
-4.282927e-04 
-2.399485e-04 
-1.499135e-04 
-1.004759e-04 
-7.081591e-05 
-5.186837e-05 
-3.917384e-05 
-3.034174e-05 
-2.400464e-05 
-1.933929e-05 
-1.582904e-05 
-1.313833e-05 
-1.104298e-05 
-9.390113e-06 
-8.074701e-06 
-7.025747e-06 
-6.173692e-06 
-5.374466e-06 
-4.711864e-06 
-4.174553e-06 
-3.720574e-06 
-3.327404e-06 
-2.984743e-06 
-2.968925e-06 
-2.968925e-06 
-2.968925e-06 
-2.968925e-06 
-2.968925e-06 
-2.968925e-06 
-2.968925e-06 
-2.968925e-06 
-2.968925e-06 
-2.968925e-06 
-2.968925e-06 
-2.968925e-06 
-2.968925e-06 
-2.968925e-06 
-2.968925e-06 
-2.968925e-06 
-2.968925e-06 
-2.968925e-06 
-2.968925e-06 
-2.968925e-06 
-2.968925e-06 
-2.968925e-06 
-2.968925e-06 
-2.968925e-06 
-2.968925e-06 
-2.968925e-06 
-2.968925e-06 
-2.968925e-06 
-2.968925e-06 
-2.968925e-06 
-2.968925e-06 
-2.968925e-06 
-2.968925e-06 
-2.968925e-06 
-2.968925e-06 
-2.968925e-06 
-2.968925e-06 
-2.968925e-06 
-2.968925e-06 
-2.968925e-06 
-2.968925e-06 
-2.968925e-06 
-2.968925e-06 
-2.968925e-06 
-2.968925e-06 
-2.968925e-06 
-2.968925e-06 
-2.968925e-06 
-2.968925e-06 
-2.968925e-06 
-2.968925e-06 
-2.968925e-06 
-2.968925e-06 
-2.968925e-06 
-2.968925e-06 
-2.968925e-06 
-2.968925e-06 
-2.968925e-06 
-2.968925e-06 
-2.968925e-06 
-2.968925e-06 
-2.968925e-06 
-2.968925e-06 
-3.049952e-06 
-3.245197e-06 
-3.465693e-06 
-3.716242e-06 
-4.002662e-06 
-4.332040e-06 
-4.712957e-06 
-5.156008e-06 
-5.674398e-06 
-6.285868e-06 
-7.014035e-06 
-7.890392e-06 
-8.957651e-06 
-1.027490e-05 
-1.192570e-05 
-1.403126e-05 
-1.677249e-05 
-2.042841e-05 
-2.544561e-05 
-3.256838e-05 
-4.308706e-05 
-5.929057e-05 
-8.506940e-05 
-1.254725e-04 
-1.819254e-04 
-2.477950e-04 
-3.162991e-04 
-3.853544e-04 
-4.527571e-04 
-5.109852e-04 
-5.364528e-04 
-5.364558e-04 
-5.364558e-04 
-5.364558e-04 
-5.364558e-04 
-5.364558e-04 
-5.364558e-04 
-5.364558e-04 
-5.364558e-04 
-5.364558e-04 
-5.364558e-04 
-5.364558e-04 
-5.364558e-04 
-5.364558e-04 
-5.364558e-04 
-5.364558e-04 
-5.364558e-04 
-5.364558e-04 
-5.364558e-04 
-5.364558e-04 
-5.364558e-04 
-5.364558e-04 
-5.364558e-04 
-5.364558e-04 
-5.364558e-04 
-5.364558e-04 
-5.364558e-04 
-5.364558e-04 
-5.364558e-04 
-5.364558e-04 
-5.364558e-04 
-5.364558e-04 
-5.364558e-04 
-5.364558e-04 
-5.364558e-04 
-5.364558e-04 
-5.364558e-04 
-5.364558e-04 
-5.364558e-04 
-5.364558e-04 
-5.364558e-04 
-5.364558e-04 
-5.364558e-04 
-5.364558e-04 
-5.364558e-04 
-5.364558e-04 
-5.364558e-04 
-5.364558e-04 
-5.364558e-04 
-5.364558e-04 
-5.364558e-04 
-5.364558e-04 
-5.364558e-04 
-5.364558e-04 
-5.364558e-04 
-5.364558e-04 
-5.364558e-04 
-5.364558e-04 
-5.364558e-04 
-5.364558e-04 
-5.364558e-04 
-5.364558e-04 
-5.364558e-04 
-5.414595e-04 
-5.996655e-04 
-6.673810e-04 
-7.444980e-04 
-7.913066e-04 
-8.934447e-04 
-1.023290e-03 
-1.180294e-03 
-1.371234e-03 
-1.605458e-03 
-1.896253e-03 
-2.262186e-03 
-2.729411e-03 
-3.335551e-03 
-4.136037e-03 
-5.214722e-03 
-6.702297e-03 
-8.809523e-03 
-1.188999e-02 
-1.656476e-02 
-2.398396e-02 
-3.640595e-02 
-5.851639e-02 
-1.001590e-01 
-1.786254e-01 
-3.047912e-01 
-4.569871e-01 
-6.083334e-01 
-7.480409e-01 
-8.688821e-01 
-9.539780e-01 
-9.542487e-01 
-9.542487e-01 
-9.542487e-01 
-9.542487e-01 
-9.542487e-01 
-9.542487e-01 
-9.542487e-01 
-9.542487e-01 
-9.542487e-01 
-9.542487e-01 
-9.542487e-01 
-9.542487e-01 
-9.542487e-01 
-9.542487e-01 
-9.542487e-01 
-9.542487e-01 
-9.542487e-01 
-9.542487e-01 
-9.542487e-01 
-9.542487e-01 
-9.542487e-01 
-9.542487e-01 
-9.542487e-01 
-9.542487e-01 
-9.542487e-01 
-9.542487e-01 
-9.542487e-01 
-9.542487e-01 
-9.542487e-01 
-9.542487e-01 
-9.542487e-01 
-9.542487e-01 
-9.542487e-01 
-9.542487e-01 
-9.542487e-01 
-9.542487e-01 
-9.542487e-01 
-9.542487e-01 
-9.542487e-01 
-9.542487e-01 
-9.542487e-01 
-9.542487e-01 
-9.542487e-01 
-9.542487e-01 
-9.542487e-01 
-9.542487e-01 
-9.542487e-01 
-9.542487e-01 
-9.542487e-01 
-9.542487e-01 
-9.542487e-01 
-9.542487e-01 
-9.542487e-01 
-9.542487e-01 
-9.542487e-01 
-9.542487e-01 
-9.542487e-01 
-9.542487e-01 
-9.542487e-01 
-9.542487e-01 
-9.542487e-01 
-9.542487e-01 
-9.542487e-01 
-9.542485e-01 
-9.542480e-01 
-9.542475e-01 
-9.542468e-01 
-9.542460e-01 
-9.542450e-01 
-9.542439e-01 
-9.542428e-01 
-9.542417e-01 
-9.542406e-01 
-9.542397e-01 
-9.542389e-01 
-9.542382e-01 
-9.542376e-01 
-9.542371e-01 
-9.542366e-01 
-9.542362e-01 
-9.542358e-01 
-9.542355e-01 
-9.542352e-01 
-9.542349e-01 
-9.542347e-01 
-9.542344e-01 
-9.542342e-01 
-9.542340e-01 
-9.542338e-01 
-9.542337e-01 
-9.542335e-01 
-9.542334e-01 
-9.542332e-01 
-9.542332e-01 
-9.542332e-01 
-9.542332e-01 
-9.542332e-01 
-9.542332e-01 
-9.542332e-01 
-9.542332e-01 
-9.542332e-01 
-9.542332e-01 
-9.542332e-01 
-9.542332e-01 
-9.542332e-01 
-9.542332e-01 
-9.542332e-01 
-9.542332e-01 
-9.542332e-01 
-9.542332e-01 
-9.542332e-01 
-9.542332e-01 
-9.542332e-01 
-9.542332e-01 
-9.542332e-01 
-9.542332e-01 
-9.542332e-01 
-9.542332e-01 
-9.542332e-01 
-9.542332e-01 
-9.542332e-01 
-9.542332e-01 
-9.542332e-01 
-9.542332e-01 
-9.542332e-01 
-9.542332e-01 
-9.542332e-01 
-9.542332e-01 
-9.542332e-01 
-9.542332e-01 
-9.542332e-01 
-9.542332e-01 
-9.542332e-01 
-9.542332e-01 
-9.542332e-01 
-9.542332e-01 
-9.542332e-01 
-9.542332e-01 
-9.542332e-01 
-9.542332e-01 
-9.542332e-01 
-9.542332e-01 
-9.542332e-01 
-9.542332e-01 
-9.542332e-01 
-9.542332e-01 
-9.542332e-01 
-9.542332e-01 
-9.542332e-01 
-9.542332e-01 
-9.542332e-01 
-9.542332e-01 
-9.542332e-01 
-9.542332e-01 
-9.542332e-01 
-9.542332e-01 
-9.415767e-01 
-8.442204e-01 
-7.192625e-01 
-5.749410e-01 
-4.077525e-01 
-2.031464e-01 
-2.762871e-02 
-1.167174e-03 
-4.104562e-04 
-2.317184e-04 
-1.456032e-04 
-9.797344e-05 
-6.925651e-05 
-5.084422e-05 
-3.847317e-05 
-2.984640e-05 
-2.364496e-05 
-1.907231e-05 
-1.562731e-05 
-1.298383e-05 
-1.092368e-05 
-9.298056e-06 
-8.005043e-06 
-6.975926e-06 
-6.132165e-06 
-5.318512e-06 
-4.656857e-06 
-4.122632e-06 
-3.671745e-06 
-3.281087e-06 
-2.953670e-06 
-2.946804e-06 
-2.946804e-06 
-2.946804e-06 
-2.946804e-06 
-2.946804e-06 
-2.946804e-06 
-2.946804e-06 
-2.946804e-06 
-2.946804e-06 
-2.946804e-06 
-2.946804e-06 
-2.946804e-06 
-2.946804e-06 
-2.946804e-06 
-2.946804e-06 
-2.946804e-06 
-2.946804e-06 
-2.946804e-06 
-2.946804e-06 
-2.946804e-06 
-2.946804e-06 
-2.946804e-06 
-2.946804e-06 
-2.946804e-06 
-2.946804e-06 
-2.946804e-06 
-2.946804e-06 
-2.946804e-06 
-2.946804e-06 
-2.946804e-06 
-2.946804e-06 
-2.946804e-06 
-2.946804e-06 
-2.946804e-06 
-2.946804e-06 
-2.946804e-06 
-2.946804e-06 
-2.946804e-06 
-2.946804e-06 
-2.946804e-06 
-2.946804e-06 
-2.946804e-06 
-2.946804e-06 
-2.946804e-06 
-2.946804e-06 
-2.946804e-06 
-2.946804e-06 
-2.946804e-06 
-2.946804e-06 
-2.946804e-06 
-2.946804e-06 
-2.946804e-06 
-2.946804e-06 
-2.946804e-06 
-2.946804e-06 
-2.946804e-06 
-2.946804e-06 
-2.946804e-06 
-2.946804e-06 
-2.946804e-06 
-2.946804e-06 
-2.946804e-06 
-2.946804e-06 
-3.039876e-06 
-3.235535e-06 
-3.456636e-06 
-3.708048e-06 
-3.995687e-06 
-4.326745e-06 
-4.709864e-06 
-5.155517e-06 
-5.677103e-06 
-6.292790e-06 
-7.026604e-06 
-7.910592e-06 
-8.988271e-06 
-1.031994e-05 
-1.199102e-05 
-1.412566e-05 
-1.690959e-05 
-2.063000e-05 
-2.574792e-05 
-3.303413e-05 
-4.382875e-05 
-6.051133e-05 
-8.709970e-05 
-1.286340e-04 
-1.860470e-04 
-2.523077e-04 
-3.209237e-04 
-3.900001e-04 
-4.571164e-04 
-5.143033e-04 
-5.364478e-04 
-5.364487e-04 
-5.364487e-04 
-5.364487e-04 
-5.364487e-04 
-5.364487e-04 
-5.364487e-04 
-5.364487e-04 
-5.364487e-04 
-5.364487e-04 
-5.364487e-04 
-5.364487e-04 
-5.364487e-04 
-5.364487e-04 
-5.364487e-04 
-5.364487e-04 
-5.364487e-04 
-5.364487e-04 
-5.364487e-04 
-5.364487e-04 
-5.364487e-04 
-5.364487e-04 
-5.364487e-04 
-5.364487e-04 
-5.364487e-04 
-5.364487e-04 
-5.364487e-04 
-5.364487e-04 
-5.364487e-04 
-5.364487e-04 
-5.364487e-04 
-5.364487e-04 
-5.364487e-04 
-5.364487e-04 
-5.364487e-04 
-5.364487e-04 
-5.364487e-04 
-5.364487e-04 
-5.364487e-04 
-5.364487e-04 
-5.364487e-04 
-5.364487e-04 
-5.364487e-04 
-5.364487e-04 
-5.364487e-04 
-5.364487e-04 
-5.364487e-04 
-5.364487e-04 
-5.364487e-04 
-5.364487e-04 
-5.364487e-04 
-5.364487e-04 
-5.364487e-04 
-5.364487e-04 
-5.364487e-04 
-5.364487e-04 
-5.364487e-04 
-5.364487e-04 
-5.364487e-04 
-5.364487e-04 
-5.364487e-04 
-5.364487e-04 
-5.364487e-04 
-5.448905e-04 
-6.039825e-04 
-6.723513e-04 
-7.498469e-04 
-7.963765e-04 
-9.015745e-04 
-1.033092e-03 
-1.192180e-03 
-1.385744e-03 
-1.623361e-03 
-1.918632e-03 
-2.290554e-03 
-2.765919e-03 
-3.383330e-03 
-4.199761e-03 
-5.301561e-03 
-6.823607e-03 
-8.983964e-03 
-1.214954e-02 
-1.696698e-02 
-2.463842e-02 
-3.753400e-02 
-6.058602e-02 
-1.041231e-01 
-1.857797e-01 
-3.147640e-01 
-4.675521e-01 
-6.183286e-01 
-7.570070e-01 
-8.761828e-01 
-9.541958e-01 
-9.542487e-01 
-9.542487e-01 
-9.542487e-01 
-9.542487e-01 
-9.542487e-01 
-9.542487e-01 
-9.542487e-01 
-9.542487e-01 
-9.542487e-01 
-9.542487e-01 
-9.542487e-01 
-9.542487e-01 
-9.542487e-01 
-9.542487e-01 
-9.542487e-01 
-9.542487e-01 
-9.542487e-01 
-9.542487e-01 
-9.542487e-01 
-9.542487e-01 
-9.542487e-01 
-9.542487e-01 
-9.542487e-01 
-9.542487e-01 
-9.542487e-01 
-9.542487e-01 
-9.542487e-01 
-9.542487e-01 
-9.542487e-01 
-9.542487e-01 
-9.542487e-01 
-9.542487e-01 
-9.542487e-01 
-9.542487e-01 
-9.542487e-01 
-9.542487e-01 
-9.542487e-01 
-9.542487e-01 
-9.542487e-01 
-9.542487e-01 
-9.542487e-01 
-9.542487e-01 
-9.542487e-01 
-9.542487e-01 
-9.542487e-01 
-9.542487e-01 
-9.542487e-01 
-9.542487e-01 
-9.542487e-01 
-9.542487e-01 
-9.542487e-01 
-9.542487e-01 
-9.542487e-01 
-9.542487e-01 
-9.542487e-01 
-9.542487e-01 
-9.542487e-01 
-9.542487e-01 
-9.542487e-01 
-9.542487e-01 
-9.542487e-01 
-9.542487e-01 
-9.542487e-01 
-9.542484e-01 
-9.542480e-01 
-9.542474e-01 
-9.542467e-01 
-9.542459e-01 
-9.542449e-01 
-9.542439e-01 
-9.542427e-01 
-9.542416e-01 
-9.542406e-01 
-9.542397e-01 
-9.542389e-01 
-9.542382e-01 
-9.542376e-01 
-9.542371e-01 
-9.542366e-01 
-9.542362e-01 
-9.542358e-01 
-9.542355e-01 
-9.542352e-01 
-9.542349e-01 
-9.542346e-01 
-9.542344e-01 
-9.542342e-01 
-9.542340e-01 
-9.542338e-01 
-9.542337e-01 
-9.542335e-01 
-9.542334e-01 
-9.542332e-01 
-9.542332e-01 
-9.542332e-01 
-9.542332e-01 
-9.542332e-01 
-9.542332e-01 
-9.542332e-01 
-9.542332e-01 
-9.542332e-01 
-9.542332e-01 
-9.542332e-01 
-9.542332e-01 
-9.542332e-01 
-9.542332e-01 
-9.542332e-01 
-9.542332e-01 
-9.542332e-01 
-9.542332e-01 
-9.542332e-01 
-9.542332e-01 
-9.542332e-01 
-9.542332e-01 
-9.542332e-01 
-9.542332e-01 
-9.542332e-01 
-9.542332e-01 
-9.542332e-01 
-9.542332e-01 
-9.542332e-01 
-9.542332e-01 
-9.542332e-01 
-9.542332e-01 
-9.542332e-01 
-9.542332e-01 
-9.542332e-01 
-9.542332e-01 
-9.542332e-01 
-9.542332e-01 
-9.542332e-01 
-9.542332e-01 
-9.542332e-01 
-9.542332e-01 
-9.542332e-01 
-9.542332e-01 
-9.542332e-01 
-9.542332e-01 
-9.542332e-01 
-9.542332e-01 
-9.542332e-01 
-9.542332e-01 
-9.542332e-01 
-9.542332e-01 
-9.542332e-01 
-9.542332e-01 
-9.542332e-01 
-9.542332e-01 
-9.542332e-01 
-9.542332e-01 
-9.542332e-01 
-9.542332e-01 
-9.542332e-01 
-9.542332e-01 
-9.542332e-01 
-9.542332e-01 
-9.361323e-01 
-8.364028e-01 
-7.099858e-01 
-5.643669e-01 
-3.951959e-01 
-1.881679e-01 
-2.262238e-02 
-1.132660e-03 
-4.440957e-04 
-2.532357e-04 
-1.600448e-04 
-1.081086e-04 
-7.662236e-05 
-5.634392e-05 
-4.266334e-05 
-3.308294e-05 
-2.616078e-05 
-2.102022e-05 
-1.710327e-05 
-1.403706e-05 
-1.155418e-05 
-9.433023e-06 
-7.420815e-06 
-5.039748e-06 
-1.152693e-06 
3.904774e-06 
7.233006e-06 
9.384653e-06 
1.101564e-05 
1.241922e-05 
1.358532e-05 
1.362659e-05 
1.362659e-05 
1.362659e-05 
1.362659e-05 
1.362659e-05 
1.362659e-05 
1.362659e-05 
1.362659e-05 
1.362659e-05 
1.362659e-05 
1.362659e-05 
1.362659e-05 
1.362659e-05 
1.362659e-05 
1.362659e-05 
1.362659e-05 
1.362659e-05 
1.362659e-05 
1.362659e-05 
1.362659e-05 
1.362659e-05 
1.362659e-05 
1.362659e-05 
1.362659e-05 
1.362659e-05 
1.362659e-05 
1.362659e-05 
1.362659e-05 
1.362659e-05 
1.362659e-05 
1.362659e-05 
1.362659e-05 
1.362659e-05 
1.362659e-05 
1.362659e-05 
1.362659e-05 
1.362659e-05 
1.362659e-05 
1.362659e-05 
1.362659e-05 
1.362659e-05 
1.362659e-05 
1.362659e-05 
1.362659e-05 
1.362659e-05 
1.362659e-05 
1.362659e-05 
1.362659e-05 
1.362659e-05 
1.362659e-05 
1.362659e-05 
1.362659e-05 
1.362659e-05 
1.362659e-05 
1.362659e-05 
1.362659e-05 
1.362659e-05 
1.362659e-05 
1.362659e-05 
1.362659e-05 
1.362659e-05 
1.362659e-05 
1.362659e-05 
1.351846e-05 
1.332339e-05 
1.310490e-05 
1.284974e-05 
1.254205e-05 
1.216339e-05 
1.169043e-05 
1.108694e-05 
1.032850e-05 
9.394194e-06 
8.241353e-06 
6.807207e-06 
5.004760e-06 
2.713153e-06 
-2.372704e-07 
-4.087030e-06 
-9.179063e-06 
-1.600048e-05 
-2.522749e-05 
-3.774390e-05 
-5.455973e-05 
-7.653264e-05 
-1.039456e-04 
-1.363611e-04 
-1.731554e-04 
-2.144070e-04 
-2.615109e-04 
-3.172241e-04 
-3.843215e-04 
-4.597291e-04 
-4.924431e-04 
-4.924436e-04 
-4.924436e-04 
-4.924436e-04 
-4.924436e-04 
-4.924436e-04 
-4.924436e-04 
-4.924436e-04 
-4.924436e-04 
-4.924436e-04 
-4.924436e-04 
-4.924436e-04 
-4.924436e-04 
-4.924436e-04 
-4.924436e-04 
-4.924436e-04 
-4.924436e-04 
-4.924436e-04 
-4.924436e-04 
-4.924436e-04 
-4.924436e-04 
-4.924436e-04 
-4.924436e-04 
-4.924436e-04 
-4.924436e-04 
-4.924436e-04 
-4.924436e-04 
-4.924436e-04 
-4.924436e-04 
-4.924436e-04 
-4.924436e-04 
-4.924436e-04 
-4.924436e-04 
-4.924436e-04 
-4.924436e-04 
-4.924436e-04 
-4.924436e-04 
-4.924436e-04 
-4.924436e-04 
-4.924436e-04 
-4.924436e-04 
-4.924436e-04 
-4.924436e-04 
-4.924436e-04 
-4.924436e-04 
-4.924436e-04 
-4.924436e-04 
-4.924436e-04 
-4.924436e-04 
-4.924436e-04 
-4.924436e-04 
-4.924436e-04 
-4.924436e-04 
-4.924436e-04 
-4.924436e-04 
-4.924436e-04 
-4.924436e-04 
-4.924436e-04 
-4.924436e-04 
-4.924436e-04 
-4.924436e-04 
-4.924436e-04 
-4.924436e-04 
-5.038079e-04 
-5.609385e-04 
-6.277211e-04 
-7.061707e-04 
-7.990218e-04 
-9.098073e-04 
-1.043023e-03 
-1.204227e-03 
-1.400458e-03 
-1.641532e-03 
-1.941367e-03 
-2.319401e-03 
-2.803084e-03 
-3.432029e-03 
-4.264800e-03 
-5.390333e-03 
-6.947848e-03 
-9.163003e-03 
-1.241661e-02 
-1.738212e-02 
-2.531639e-02 
-3.870752e-02 
-6.274785e-02 
-1.082664e-01 
-1.931742e-01 
-3.248458e-01 
-4.781003e-01 
-6.282668e-01 
-7.658844e-01 
-8.833339e-01 
-9.542383e-01 
-9.542487e-01 
-9.542487e-01 
-9.542487e-01 
-9.542487e-01 
-9.542487e-01 
-9.542487e-01 
-9.542487e-01 
-9.542487e-01 
-9.542487e-01 
-9.542487e-01 
-9.542487e-01 
-9.542487e-01 
-9.542487e-01 
-9.542487e-01 
-9.542487e-01 
-9.542487e-01 
-9.542487e-01 
-9.542487e-01 
-9.542487e-01 
-9.542487e-01 
-9.542487e-01 
-9.542487e-01 
-9.542487e-01 
-9.542487e-01 
-9.542487e-01 
-9.542487e-01 
-9.542487e-01 
-9.542487e-01 
-9.542487e-01 
-9.542487e-01 
-9.542487e-01 
-9.542487e-01 
-9.542487e-01 
-9.542487e-01 
-9.542487e-01 
-9.542487e-01 
-9.542487e-01 
-9.542487e-01 
-9.542487e-01 
-9.542487e-01 
-9.542487e-01 
-9.542487e-01 
-9.542487e-01 
-9.542487e-01 
-9.542487e-01 
-9.542487e-01 
-9.542487e-01 
-9.542487e-01 
-9.542487e-01 
-9.542487e-01 
-9.542487e-01 
-9.542487e-01 
-9.542487e-01 
-9.542487e-01 
-9.542487e-01 
-9.542487e-01 
-9.542487e-01 
-9.542487e-01 
-9.542487e-01 
-9.542487e-01 
-9.542487e-01 
-9.542487e-01 
-9.542487e-01 
-9.542484e-01 
-9.542480e-01 
-9.542474e-01 
-9.542467e-01 
-9.542458e-01 
-9.542449e-01 
-9.542438e-01 
-9.542427e-01 
-9.542415e-01 
-9.542405e-01 
-9.542396e-01 
-9.542388e-01 
-9.542381e-01 
-9.542375e-01 
-9.542370e-01 
-9.542366e-01 
-9.542361e-01 
-9.542358e-01 
-9.542355e-01 
-9.542352e-01 
-9.542349e-01 
-9.542346e-01 
-9.542344e-01 
-9.542342e-01 
-9.542340e-01 
-9.542338e-01 
-9.542336e-01 
-9.542335e-01 
-9.542333e-01 
-9.542332e-01 
-9.542331e-01 
-9.542331e-01 
-9.542331e-01 
-9.542331e-01 
-9.542331e-01 
-9.542331e-01 
-9.542331e-01 
-9.542331e-01 
-9.542331e-01 
-9.542331e-01 
-9.542331e-01 
-9.542331e-01 
-9.542331e-01 
-9.542331e-01 
-9.542331e-01 
-9.542331e-01 
-9.542331e-01 
-9.542331e-01 
-9.542331e-01 
-9.542331e-01 
-9.542331e-01 
-9.542331e-01 
-9.542331e-01 
-9.542331e-01 
-9.542331e-01 
-9.542331e-01 
-9.542331e-01 
-9.542331e-01 
-9.542331e-01 
-9.542331e-01 
-9.542331e-01 
-9.542331e-01 
-9.542331e-01 
-9.542331e-01 
-9.542331e-01 
-9.542331e-01 
-9.542331e-01 
-9.542331e-01 
-9.542331e-01 
-9.542331e-01 
-9.542331e-01 
-9.542331e-01 
-9.542331e-01 
-9.542331e-01 
-9.542331e-01 
-9.542331e-01 
-9.542331e-01 
-9.542331e-01 
-9.542331e-01 
-9.542331e-01 
-9.542331e-01 
-9.542331e-01 
-9.542331e-01 
-9.542331e-01 
-9.542331e-01 
-9.542331e-01 
-9.542331e-01 
-9.542331e-01 
-9.542331e-01 
-9.542331e-01 
-9.542331e-01 
-9.542331e-01 
-9.542331e-01 
-9.304743e-01 
-8.284630e-01 
-7.006153e-01 
-5.536458e-01 
-3.822610e-01 
-1.724743e-01 
-1.757532e-02 
-8.079493e-04 
-3.268439e-04 
-1.879052e-04 
-1.193438e-04 
-8.092010e-05 
-5.755162e-05 
-4.247918e-05 
-3.231287e-05 
-2.521034e-05 
-2.010790e-05 
-1.636251e-05 
-1.357277e-05 
-1.148567e-05 
-9.949857e-06 
-8.903145e-06 
-8.411354e-06 
-8.850468e-06 
-1.122138e-05 
-1.463019e-05 
-1.657353e-05 
-1.763370e-05 
-1.835990e-05 
-1.898309e-05 
-1.951940e-05 
-1.953221e-05 
-1.953221e-05 
-1.953221e-05 
-1.953221e-05 
-1.953221e-05 
-1.953221e-05 
-1.953221e-05 
-1.953221e-05 
-1.953221e-05 
-1.953221e-05 
-1.953221e-05 
-1.953221e-05 
-1.953221e-05 
-1.953221e-05 
-1.953221e-05 
-1.953221e-05 
-1.953221e-05 
-1.953221e-05 
-1.953221e-05 
-1.953221e-05 
-1.953221e-05 
-1.953221e-05 
-1.953221e-05 
-1.953221e-05 
-1.953221e-05 
-1.953221e-05 
-1.953221e-05 
-1.953221e-05 
-1.953221e-05 
-1.953221e-05 
-1.953221e-05 
-1.953221e-05 
-1.953221e-05 
-1.953221e-05 
-1.953221e-05 
-1.953221e-05 
-1.953221e-05 
-1.953221e-05 
-1.953221e-05 
-1.953221e-05 
-1.953221e-05 
-1.953221e-05 
-1.953221e-05 
-1.953221e-05 
-1.953221e-05 
-1.953221e-05 
-1.953221e-05 
-1.953221e-05 
-1.953221e-05 
-1.953221e-05 
-1.953221e-05 
-1.953221e-05 
-1.953221e-05 
-1.953221e-05 
-1.953221e-05 
-1.953221e-05 
-1.953221e-05 
-1.953221e-05 
-1.953221e-05 
-1.953221e-05 
-1.953221e-05 
-1.953221e-05 
-1.953221e-05 
-1.964788e-05 
-1.984859e-05 
-2.007673e-05 
-2.032870e-05 
-2.060031e-05 
-2.088727e-05 
-2.118275e-05 
-2.147094e-05 
-2.175541e-05 
-2.204964e-05 
-2.235611e-05 
-2.267169e-05 
-2.298862e-05 
-2.329237e-05 
-2.355721e-05 
-2.373824e-05 
-2.375696e-05 
-2.347448e-05 
-2.264030e-05 
-2.079165e-05 
-1.705284e-05 
-9.745490e-06 
4.251554e-06 
2.988536e-05 
7.168907e-05 
1.284099e-04 
1.948013e-04 
2.694054e-04 
3.542118e-04 
4.456722e-04 
4.791201e-04 
4.791203e-04 
4.791203e-04 
4.791203e-04 
4.791203e-04 
4.791203e-04 
4.791203e-04 
4.791203e-04 
4.791203e-04 
4.791203e-04 
4.791203e-04 
4.791203e-04 
4.791203e-04 
4.791203e-04 
4.791203e-04 
4.791203e-04 
4.791203e-04 
4.791203e-04 
4.791203e-04 
4.791203e-04 
4.791203e-04 
4.791203e-04 
4.791203e-04 
4.791203e-04 
4.791203e-04 
4.791203e-04 
4.791203e-04 
4.791203e-04 
4.791203e-04 
4.791203e-04 
4.791203e-04 
4.791203e-04 
4.791203e-04 
4.791203e-04 
4.791203e-04 
4.791203e-04 
4.791203e-04 
4.791203e-04 
4.791203e-04 
4.791203e-04 
4.791203e-04 
4.791203e-04 
4.791203e-04 
4.791203e-04 
4.791203e-04 
4.791203e-04 
4.791203e-04 
4.791203e-04 
4.791203e-04 
4.791203e-04 
4.791203e-04 
4.791203e-04 
4.791203e-04 
4.791203e-04 
4.791203e-04 
4.791203e-04 
4.791203e-04 
4.791203e-04 
4.791203e-04 
4.791203e-04 
4.791203e-04 
4.791203e-04 
4.791203e-04 
4.936929e-04 
5.500214e-04 
6.158637e-04 
6.932702e-04 
7.849581e-04 
8.944310e-04 
1.026137e-03 
1.185586e-03 
1.379852e-03 
1.618835e-03 
1.916523e-03 
2.292454e-03 
2.774282e-03 
3.402012e-03 
4.234944e-03 
5.363397e-03 
6.929227e-03 
9.163239e-03 
1.245666e-02 
1.750491e-02 
2.561372e-02 
3.938564e-02 
6.428703e-02 
1.117236e-01 
2.000222e-01 
3.346280e-01 
4.885054e-01 
6.381178e-01 
7.746652e-01 
8.903294e-01 
9.542466e-01 
9.542486e-01 
9.542486e-01 
9.542486e-01 
9.542486e-01 
9.542486e-01 
9.542486e-01 
9.542486e-01 
9.542486e-01 
9.542486e-01 
9.542486e-01 
9.542486e-01 
9.542486e-01 
9.542486e-01 
9.542486e-01 
9.542486e-01 
9.542486e-01 
9.542486e-01 
9.542486e-01 
9.542486e-01 
9.542486e-01 
9.542486e-01 
9.542486e-01 
9.542486e-01 
9.542486e-01 
9.542486e-01 
9.542486e-01 
9.542486e-01 
9.542486e-01 
9.542486e-01 
9.542486e-01 
9.542486e-01 
9.542486e-01 
9.542486e-01 
9.542486e-01 
9.542486e-01 
9.542486e-01 
9.542486e-01 
9.542486e-01 
9.542486e-01 
9.542486e-01 
9.542486e-01 
9.542486e-01 
9.542486e-01 
9.542486e-01 
9.542486e-01 
9.542486e-01 
9.542486e-01 
9.542486e-01 
9.542486e-01 
9.542486e-01 
9.542486e-01 
9.542486e-01 
9.542486e-01 
9.542486e-01 
9.542486e-01 
9.542486e-01 
9.542486e-01 
9.542486e-01 
9.542486e-01 
9.542486e-01 
9.542486e-01 
9.542486e-01 
9.542486e-01 
9.542483e-01 
9.542477e-01 
9.542469e-01 
9.542459e-01 
9.542445e-01 
9.542422e-01 
9.542402e-01 
9.542393e-01 
9.542386e-01 
9.542380e-01 
9.542375e-01 
9.542370e-01 
9.542366e-01 
9.542362e-01 
9.542358e-01 
9.542355e-01 
9.542352e-01 
9.542349e-01 
9.542347e-01 
9.542345e-01 
9.542343e-01 
9.542341e-01 
9.542339e-01 
9.542337e-01 
9.542335e-01 
9.542334e-01 
9.542332e-01 
9.542331e-01 
9.542330e-01 
9.542329e-01 
9.542328e-01 
9.542328e-01 
9.542328e-01 
9.542328e-01 
9.542328e-01 
9.542328e-01 
9.542328e-01 
9.542328e-01 
9.542328e-01 
9.542328e-01 
9.542328e-01 
9.542328e-01 
9.542328e-01 
9.542328e-01 
9.542328e-01 
9.542328e-01 
9.542328e-01 
9.542328e-01 
9.542328e-01 
9.542328e-01 
9.542328e-01 
9.542328e-01 
9.542328e-01 
9.542328e-01 
9.542328e-01 
9.542328e-01 
9.542328e-01 
9.542328e-01 
9.542328e-01 
9.542328e-01 
9.542328e-01 
9.542328e-01 
9.542328e-01 
9.542328e-01 
9.542328e-01 
9.542328e-01 
9.542328e-01 
9.542328e-01 
9.542328e-01 
9.542328e-01 
9.542328e-01 
9.542328e-01 
9.542328e-01 
9.542328e-01 
9.542328e-01 
9.542328e-01 
9.542328e-01 
9.542328e-01 
9.542328e-01 
9.542328e-01 
9.542328e-01 
9.542328e-01 
9.542328e-01 
9.542328e-01 
9.542328e-01 
9.542328e-01 
9.542328e-01 
9.542328e-01 
9.542328e-01 
9.542328e-01 
9.542328e-01 
9.542328e-01 
9.542328e-01 
9.246180e-01 
8.203992e-01 
6.911157e-01 
5.425977e-01 
3.681547e-01 
1.531625e-01 
9.931153e-03 
-6.646786e-04 
-3.603652e-04 
-2.091619e-04 
-1.335792e-04 
-9.090716e-05 
-6.481154e-05 
-4.790177e-05 
-3.644552e-05 
-2.840271e-05 
-2.258860e-05 
-1.828119e-05 
-1.502277e-05 
-1.251360e-05 
-1.055212e-05 
-9.000338e-06 
-7.763710e-06 
-6.777786e-06 
-5.952926e-06 
-5.176460e-06 
-4.554919e-06 
-4.043207e-06 
-3.607782e-06 
-3.228233e-06 
-2.969180e-06 
-2.968925e-06 
-2.968925e-06 
-2.968925e-06 
-2.968925e-06 
-2.968925e-06 
-2.968925e-06 
-2.968925e-06 
-2.968925e-06 
-2.968925e-06 
-2.968925e-06 
-2.968925e-06 
-2.968925e-06 
-2.968925e-06 
-2.968925e-06 
-2.968925e-06 
-2.968925e-06 
-2.968925e-06 
-2.968925e-06 
-2.968925e-06 
-2.968925e-06 
-2.968925e-06 
-2.968925e-06 
-2.968925e-06 
-2.968925e-06 
-2.968925e-06 
-2.968925e-06 
-2.968925e-06 
-2.968925e-06 
-2.968925e-06 
-2.968925e-06 
-2.968925e-06 
-2.968925e-06 
-2.968925e-06 
-2.968925e-06 
-2.968925e-06 
-2.968925e-06 
-2.968925e-06 
-2.968925e-06 
-2.968925e-06 
-2.968925e-06 
-2.968925e-06 
-2.968925e-06 
-2.968925e-06 
-2.968925e-06 
-2.968925e-06 
-2.968925e-06 
-2.968925e-06 
-2.968925e-06 
-2.968925e-06 
-2.968925e-06 
-2.968925e-06 
-2.968925e-06 
-2.968925e-06 
-2.968925e-06 
-2.968925e-06 
-2.968925e-06 
-2.968925e-06 
-2.968925e-06 
-2.968925e-06 
-2.968925e-06 
-2.968925e-06 
-2.968925e-06 
-2.968925e-06 
-3.101087e-06 
-3.302807e-06 
-3.531010e-06 
-3.790740e-06 
-4.088150e-06 
-4.430694e-06 
-4.827463e-06 
-5.289653e-06 
-5.831512e-06 
-6.472268e-06 
-7.237437e-06 
-8.161185e-06 
-9.290092e-06 
-1.068897e-05 
-1.245009e-05 
-1.470828e-05 
-1.766652e-05 
-2.164090e-05 
-2.714286e-05 
-3.503444e-05 
-4.682363e-05 
-6.518145e-05 
-9.447427e-05 
-1.394695e-04 
-1.993853e-04 
-2.664182e-04 
-3.351705e-04 
-4.041437e-04 
-4.700781e-04 
-5.236731e-04 
-5.364558e-04 
-5.364558e-04 
-5.364558e-04 
-5.364558e-04 
-5.364558e-04 
-5.364558e-04 
-5.364558e-04 
-5.364558e-04 
-5.364558e-04 
-5.364558e-04 
-5.364558e-04 
-5.364558e-04 
-5.364558e-04 
-5.364558e-04 
-5.364558e-04 
-5.364558e-04 
-5.364558e-04 
-5.364558e-04 
-5.364558e-04 
-5.364558e-04 
-5.364558e-04 
-5.364558e-04 
-5.364558e-04 
-5.364558e-04 
-5.364558e-04 
-5.364558e-04 
-5.364558e-04 
-5.364558e-04 
-5.364558e-04 
-5.364558e-04 
-5.364558e-04 
-5.364558e-04 
-5.364558e-04 
-5.364558e-04 
-5.364558e-04 
-5.364558e-04 
-5.364558e-04 
-5.364558e-04 
-5.364558e-04 
-5.364558e-04 
-5.364558e-04 
-5.364558e-04 
-5.364558e-04 
-5.364558e-04 
-5.364558e-04 
-5.364558e-04 
-5.364558e-04 
-5.364558e-04 
-5.364558e-04 
-5.364558e-04 
-5.364558e-04 
-5.364558e-04 
-5.364558e-04 
-5.364558e-04 
-5.364558e-04 
-5.364558e-04 
-5.364558e-04 
-5.364558e-04 
-5.364558e-04 
-5.364558e-04 
-5.364558e-04 
-5.364558e-04 
-5.364558e-04 
-5.562215e-04 
-6.172333e-04 
-6.876175e-04 
-7.653830e-04 
-8.139069e-04 
-9.265879e-04 
-1.063278e-03 
-1.228811e-03 
-1.430515e-03 
-1.678698e-03 
-1.987932e-03 
-2.378573e-03 
-2.879445e-03 
-3.532274e-03 
-4.398965e-03 
-5.573897e-03 
-7.205473e-03 
-9.535483e-03 
-1.297442e-02 
-1.825327e-02 
-2.674707e-02 
-4.119987e-02 
-6.736671e-02 
-1.171184e-01 
-2.086731e-01 
-3.452882e-01 
-4.991287e-01 
-6.479646e-01 
-7.833614e-01 
-8.971655e-01 
-9.542483e-01 
-9.542487e-01 
-9.542487e-01 
-9.542487e-01 
-9.542487e-01 
-9.542487e-01 
-9.542487e-01 
-9.542487e-01 
-9.542487e-01 
-9.542487e-01 
-9.542487e-01 
-9.542487e-01 
-9.542487e-01 
-9.542487e-01 
-9.542487e-01 
-9.542487e-01 
-9.542487e-01 
-9.542487e-01 
-9.542487e-01 
-9.542487e-01 
-9.542487e-01 
-9.542487e-01 
-9.542487e-01 
-9.542487e-01 
-9.542487e-01 
-9.542487e-01 
-9.542487e-01 
-9.542487e-01 
-9.542487e-01 
-9.542487e-01 
-9.542487e-01 
-9.542487e-01 
-9.542487e-01 
-9.542487e-01 
-9.542487e-01 
-9.542487e-01 
-9.542487e-01 
-9.542487e-01 
-9.542487e-01 
-9.542487e-01 
-9.542487e-01 
-9.542487e-01 
-9.542487e-01 
-9.542487e-01 
-9.542487e-01 
-9.542487e-01 
-9.542487e-01 
-9.542487e-01 
-9.542487e-01 
-9.542487e-01 
-9.542487e-01 
-9.542487e-01 
-9.542487e-01 
-9.542487e-01 
-9.542487e-01 
-9.542487e-01 
-9.542487e-01 
-9.542487e-01 
-9.542487e-01 
-9.542487e-01 
-9.542487e-01 
-9.542487e-01 
-9.542487e-01 
-9.542487e-01 
-9.542484e-01 
-9.542479e-01 
-9.542473e-01 
-9.542466e-01 
-9.542457e-01 
-9.542447e-01 
-9.542436e-01 
-9.542425e-01 
-9.542414e-01 
-9.542404e-01 
-9.542395e-01 
-9.542387e-01 
-9.542380e-01 
-9.542375e-01 
-9.542370e-01 
-9.542365e-01 
-9.542361e-01 
-9.542357e-01 
-9.542354e-01 
-9.542351e-01 
-9.542348e-01 
-9.542346e-01 
-9.542344e-01 
-9.542342e-01 
-9.542340e-01 
-9.542338e-01 
-9.542336e-01 
-9.542335e-01 
-9.542333e-01 
-9.542332e-01 
-9.542332e-01 
-9.542332e-01 
-9.542332e-01 
-9.542332e-01 
-9.542332e-01 
-9.542332e-01 
-9.542332e-01 
-9.542332e-01 
-9.542332e-01 
-9.542332e-01 
-9.542332e-01 
-9.542332e-01 
-9.542332e-01 
-9.542332e-01 
-9.542332e-01 
-9.542332e-01 
-9.542332e-01 
-9.542332e-01 
-9.542332e-01 
-9.542332e-01 
-9.542332e-01 
-9.542332e-01 
-9.542332e-01 
-9.542332e-01 
-9.542332e-01 
-9.542332e-01 
-9.542332e-01 
-9.542332e-01 
-9.542332e-01 
-9.542332e-01 
-9.542332e-01 
-9.542332e-01 
-9.542332e-01 
-9.542332e-01 
-9.542332e-01 
-9.542332e-01 
-9.542332e-01 
-9.542332e-01 
-9.542332e-01 
-9.542332e-01 
-9.542332e-01 
-9.542332e-01 
-9.542332e-01 
-9.542332e-01 
-9.542332e-01 
-9.542332e-01 
-9.542332e-01 
-9.542332e-01 
-9.542332e-01 
-9.542332e-01 
-9.542332e-01 
-9.542332e-01 
-9.542332e-01 
-9.542332e-01 
-9.542332e-01 
-9.542332e-01 
-9.542332e-01 
-9.542332e-01 
-9.542332e-01 
-9.542332e-01 
-9.542332e-01 
-9.542332e-01 
-9.542332e-01 
-9.185740e-01 
-8.122393e-01 
-6.816347e-01 
-5.319478e-01 
-3.561183e-01 
-1.428470e-01 
-1.121942e-02 
-7.530631e-04 
-3.458921e-04 
-2.023559e-04 
-1.298959e-04 
-8.872172e-05 
-6.342797e-05 
-4.698199e-05 
-3.581015e-05 
-2.794999e-05 
-2.225774e-05 
-1.803430e-05 
-1.483545e-05 
-1.236972e-05 
-1.044092e-05 
-8.914770e-06 
-7.699691e-06 
-6.732612e-06 
-5.907170e-06 
-5.120124e-06 
-4.500690e-06 
-3.992171e-06 
-3.559702e-06 
-3.182525e-06 
-2.946896e-06 
-2.946804e-06 
-2.946804e-06 
-2.946804e-06 
-2.946804e-06 
-2.946804e-06 
-2.946804e-06 
-2.946804e-06 
-2.946804e-06 
-2.946804e-06 
-2.946804e-06 
-2.946804e-06 
-2.946804e-06 
-2.946804e-06 
-2.946804e-06 
-2.946804e-06 
-2.946804e-06 
-2.946804e-06 
-2.946804e-06 
-2.946804e-06 
-2.946804e-06 
-2.946804e-06 
-2.946804e-06 
-2.946804e-06 
-2.946804e-06 
-2.946804e-06 
-2.946804e-06 
-2.946804e-06 
-2.946804e-06 
-2.946804e-06 
-2.946804e-06 
-2.946804e-06 
-2.946804e-06 
-2.946804e-06 
-2.946804e-06 
-2.946804e-06 
-2.946804e-06 
-2.946804e-06 
-2.946804e-06 
-2.946804e-06 
-2.946804e-06 
-2.946804e-06 
-2.946804e-06 
-2.946804e-06 
-2.946804e-06 
-2.946804e-06 
-2.946804e-06 
-2.946804e-06 
-2.946804e-06 
-2.946804e-06 
-2.946804e-06 
-2.946804e-06 
-2.946804e-06 
-2.946804e-06 
-2.946804e-06 
-2.946804e-06 
-2.946804e-06 
-2.946804e-06 
-2.946804e-06 
-2.946804e-06 
-2.946804e-06 
-2.946804e-06 
-2.946804e-06 
-2.946804e-06 
-3.091112e-06 
-3.293288e-06 
-3.522160e-06 
-3.782839e-06 
-4.081584e-06 
-4.425952e-06 
-4.825047e-06 
-5.289957e-06 
-5.835253e-06 
-6.480573e-06 
-7.251868e-06 
-8.183916e-06 
-9.324196e-06 
-1.073888e-05 
-1.252233e-05 
-1.481274e-05 
-1.781863e-05 
-2.186561e-05 
-2.748210e-05 
-3.556156e-05 
-4.767111e-05 
-6.658574e-05 
-9.679235e-05 
-1.429409e-04 
-2.036654e-04 
-2.709737e-04 
-3.398120e-04 
-4.087594e-04 
-4.742441e-04 
-5.265483e-04 
-5.364487e-04 
-5.364487e-04 
-5.364487e-04 
-5.364487e-04 
-5.364487e-04 
-5.364487e-04 
-5.364487e-04 
-5.364487e-04 
-5.364487e-04 
-5.364487e-04 
-5.364487e-04 
-5.364487e-04 
-5.364487e-04 
-5.364487e-04 
-5.364487e-04 
-5.364487e-04 
-5.364487e-04 
-5.364487e-04 
-5.364487e-04 
-5.364487e-04 
-5.364487e-04 
-5.364487e-04 
-5.364487e-04 
-5.364487e-04 
-5.364487e-04 
-5.364487e-04 
-5.364487e-04 
-5.364487e-04 
-5.364487e-04 
-5.364487e-04 
-5.364487e-04 
-5.364487e-04 
-5.364487e-04 
-5.364487e-04 
-5.364487e-04 
-5.364487e-04 
-5.364487e-04 
-5.364487e-04 
-5.364487e-04 
-5.364487e-04 
-5.364487e-04 
-5.364487e-04 
-5.364487e-04 
-5.364487e-04 
-5.364487e-04 
-5.364487e-04 
-5.364487e-04 
-5.364487e-04 
-5.364487e-04 
-5.364487e-04 
-5.364487e-04 
-5.364487e-04 
-5.364487e-04 
-5.364487e-04 
-5.364487e-04 
-5.364487e-04 
-5.364487e-04 
-5.364487e-04 
-5.364487e-04 
-5.364487e-04 
-5.364487e-04 
-5.364487e-04 
-5.364487e-04 
-5.601105e-04 
-6.217225e-04 
-6.927677e-04 
-7.692529e-04 
-8.205684e-04 
-9.351390e-04 
-1.073606e-03 
-1.241354e-03 
-1.445865e-03 
-1.697703e-03 
-2.011777e-03 
-2.408920e-03 
-2.918672e-03 
-3.583867e-03 
-4.468161e-03 
-5.668801e-03 
-7.339043e-03 
-9.729244e-03 
-1.326573e-02 
-1.871038e-02 
-2.750201e-02 
-4.252345e-02 
-6.983358e-02 
-1.218407e-01 
-2.167692e-01 
-3.556256e-01 
-5.096012e-01 
-6.577208e-01 
-7.919544e-01 
-9.038346e-01 
-9.542486e-01 
-9.542487e-01 
-9.542487e-01 
-9.542487e-01 
-9.542487e-01 
-9.542487e-01 
-9.542487e-01 
-9.542487e-01 
-9.542487e-01 
-9.542487e-01 
-9.542487e-01 
-9.542487e-01 
-9.542487e-01 
-9.542487e-01 
-9.542487e-01 
-9.542487e-01 
-9.542487e-01 
-9.542487e-01 
-9.542487e-01 
-9.542487e-01 
-9.542487e-01 
-9.542487e-01 
-9.542487e-01 
-9.542487e-01 
-9.542487e-01 
-9.542487e-01 
-9.542487e-01 
-9.542487e-01 
-9.542487e-01 
-9.542487e-01 
-9.542487e-01 
-9.542487e-01 
-9.542487e-01 
-9.542487e-01 
-9.542487e-01 
-9.542487e-01 
-9.542487e-01 
-9.542487e-01 
-9.542487e-01 
-9.542487e-01 
-9.542487e-01 
-9.542487e-01 
-9.542487e-01 
-9.542487e-01 
-9.542487e-01 
-9.542487e-01 
-9.542487e-01 
-9.542487e-01 
-9.542487e-01 
-9.542487e-01 
-9.542487e-01 
-9.542487e-01 
-9.542487e-01 
-9.542487e-01 
-9.542487e-01 
-9.542487e-01 
-9.542487e-01 
-9.542487e-01 
-9.542487e-01 
-9.542487e-01 
-9.542487e-01 
-9.542487e-01 
-9.542487e-01 
-9.542487e-01 
-9.542483e-01 
-9.542478e-01 
-9.542472e-01 
-9.542465e-01 
-9.542457e-01 
-9.542447e-01 
-9.542436e-01 
-9.542424e-01 
-9.542413e-01 
-9.542403e-01 
-9.542394e-01 
-9.542387e-01 
-9.542380e-01 
-9.542374e-01 
-9.542369e-01 
-9.542365e-01 
-9.542361e-01 
-9.542357e-01 
-9.542354e-01 
-9.542351e-01 
-9.542348e-01 
-9.542346e-01 
-9.542344e-01 
-9.542342e-01 
-9.542340e-01 
-9.542338e-01 
-9.542336e-01 
-9.542335e-01 
-9.542333e-01 
-9.542332e-01 
-9.542332e-01 
-9.542332e-01 
-9.542332e-01 
-9.542332e-01 
-9.542332e-01 
-9.542332e-01 
-9.542332e-01 
-9.542332e-01 
-9.542332e-01 
-9.542332e-01 
-9.542332e-01 
-9.542332e-01 
-9.542332e-01 
-9.542332e-01 
-9.542332e-01 
-9.542332e-01 
-9.542332e-01 
-9.542332e-01 
-9.542332e-01 
-9.542332e-01 
-9.542332e-01 
-9.542332e-01 
-9.542332e-01 
-9.542332e-01 
-9.542332e-01 
-9.542332e-01 
-9.542332e-01 
-9.542332e-01 
-9.542332e-01 
-9.542332e-01 
-9.542332e-01 
-9.542332e-01 
-9.542332e-01 
-9.542332e-01 
-9.542332e-01 
-9.542332e-01 
-9.542332e-01 
-9.542332e-01 
-9.542332e-01 
-9.542332e-01 
-9.542332e-01 
-9.542332e-01 
-9.542332e-01 
-9.542332e-01 
-9.542332e-01 
-9.542332e-01 
-9.542332e-01 
-9.542332e-01 
-9.542332e-01 
-9.542332e-01 
-9.542332e-01 
-9.542332e-01 
-9.542332e-01 
-9.542332e-01 
-9.542332e-01 
-9.542332e-01 
-9.542332e-01 
-9.542332e-01 
-9.542332e-01 
-9.542332e-01 
-9.542332e-01 
-9.542332e-01 
-9.542332e-01 
-9.123465e-01 
-8.039622e-01 
-6.720202e-01 
-5.209394e-01 
-3.427928e-01 
-1.286699e-01 
-9.062152e-03 
-7.820085e-04 
-3.755884e-04 
-2.215532e-04 
-1.429522e-04 
-9.798086e-05 
-7.021197e-05 
-5.207861e-05 
-3.971037e-05 
-3.097023e-05 
-2.460575e-05 
-1.984566e-05 
-1.619281e-05 
-1.330972e-05 
-1.094732e-05 
-8.885236e-06 
-6.838066e-06 
-4.192245e-06 
2.792130e-07 
4.992637e-06 
7.901563e-06 
9.865027e-06 
1.141651e-05 
1.276888e-05 
1.362652e-05 
1.362659e-05 
1.362659e-05 
1.362659e-05 
1.362659e-05 
1.362659e-05 
1.362659e-05 
1.362659e-05 
1.362659e-05 
1.362659e-05 
1.362659e-05 
1.362659e-05 
1.362659e-05 
1.362659e-05 
1.362659e-05 
1.362659e-05 
1.362659e-05 
1.362659e-05 
1.362659e-05 
1.362659e-05 
1.362659e-05 
1.362659e-05 
1.362659e-05 
1.362659e-05 
1.362659e-05 
1.362659e-05 
1.362659e-05 
1.362659e-05 
1.362659e-05 
1.362659e-05 
1.362659e-05 
1.362659e-05 
1.362659e-05 
1.362659e-05 
1.362659e-05 
1.362659e-05 
1.362659e-05 
1.362659e-05 
1.362659e-05 
1.362659e-05 
1.362659e-05 
1.362659e-05 
1.362659e-05 
1.362659e-05 
1.362659e-05 
1.362659e-05 
1.362659e-05 
1.362659e-05 
1.362659e-05 
1.362659e-05 
1.362659e-05 
1.362659e-05 
1.362659e-05 
1.362659e-05 
1.362659e-05 
1.362659e-05 
1.362659e-05 
1.362659e-05 
1.362659e-05 
1.362659e-05 
1.362659e-05 
1.362659e-05 
1.362659e-05 
1.362638e-05 
1.346672e-05 
1.326649e-05 
1.303936e-05 
1.277154e-05 
1.244637e-05 
1.204469e-05 
1.153992e-05 
1.089541e-05 
1.009186e-05 
9.102872e-06 
7.880222e-06 
6.355201e-06 
4.432710e-06 
1.980286e-06 
-1.188556e-06 
-5.338767e-06 
-1.084819e-05 
-1.825149e-05 
-2.828225e-05 
-4.187364e-05 
-6.003132e-05 
-8.349677e-05 
-1.123446e-04 
-1.460058e-04 
-1.839630e-04 
-2.266142e-04 
-2.757537e-04 
-3.343845e-04 
-4.045745e-04 
-4.795819e-04 
-4.924436e-04 
-4.924436e-04 
-4.924436e-04 
-4.924436e-04 
-4.924436e-04 
-4.924436e-04 
-4.924436e-04 
-4.924436e-04 
-4.924436e-04 
-4.924436e-04 
-4.924436e-04 
-4.924436e-04 
-4.924436e-04 
-4.924436e-04 
-4.924436e-04 
-4.924436e-04 
-4.924436e-04 
-4.924436e-04 
-4.924436e-04 
-4.924436e-04 
-4.924436e-04 
-4.924436e-04 
-4.924436e-04 
-4.924436e-04 
-4.924436e-04 
-4.924436e-04 
-4.924436e-04 
-4.924436e-04 
-4.924436e-04 
-4.924436e-04 
-4.924436e-04 
-4.924436e-04 
-4.924436e-04 
-4.924436e-04 
-4.924436e-04 
-4.924436e-04 
-4.924436e-04 
-4.924436e-04 
-4.924436e-04 
-4.924436e-04 
-4.924436e-04 
-4.924436e-04 
-4.924436e-04 
-4.924436e-04 
-4.924436e-04 
-4.924436e-04 
-4.924436e-04 
-4.924436e-04 
-4.924436e-04 
-4.924436e-04 
-4.924436e-04 
-4.924436e-04 
-4.924436e-04 
-4.924436e-04 
-4.924436e-04 
-4.924436e-04 
-4.924436e-04 
-4.924436e-04 
-4.924436e-04 
-4.924436e-04 
-4.924436e-04 
-4.924436e-04 
-4.924436e-04 
-5.185320e-04 
-5.781747e-04 
-6.479157e-04 
-7.300021e-04 
-8.273693e-04 
-9.437994e-04 
-1.084070e-03 
-1.254067e-03 
-1.461435e-03 
-1.716997e-03 
-2.036007e-03 
-2.439788e-03 
-2.958618e-03 
-3.636471e-03 
-4.538815e-03 
0.000000e+00 
0.000000e+00 
0.000000e+00 
0.000000e+00 
0.000000e+00 
0.000000e+00 
0.000000e+00 
0.000000e+00
#[#TRACE_DATA]
#[#TRACE]
