#[TRACE]
#data_labels=Output
#[TRACE_DATA]
-5.333520e-03 
-9.543225e-01 
-9.543225e-01 
-9.543225e-01 
-9.543225e-01 
-9.542567e-01 
-9.542427e-01 
-9.542427e-01 
-9.542427e-01 
-9.542427e-01 
-2.687892e-05 
-2.045484e-05 
-2.045484e-05 
-2.045484e-05 
-2.045484e-05 
-2.617756e-05 
5.655554e-04 
5.655554e-04 
5.655554e-04 
5.655554e-04 
5.089446e-03 
9.543222e-01 
9.543222e-01 
9.543222e-01 
9.543222e-01 
9.542531e-01 
9.542419e-01 
9.542419e-01 
9.542419e-01 
9.542419e-01 
-3.083661e-05 
-3.066724e-06 
-3.066724e-06 
-3.066724e-06 
-3.066724e-06 
-1.376005e-05 
-6.304533e-04 
-6.304533e-04 
-6.304533e-04 
-6.304533e-04 
-5.201848e-03 
-9.543225e-01 
-9.543225e-01 
-9.543225e-01 
-9.543225e-01 
-9.542567e-01 
-9.542427e-01 
-9.542427e-01 
-9.542427e-01 
-9.542427e-01 
-3.085768e-05 
-3.087506e-06 
-3.087506e-06 
-3.087506e-06 
-3.087506e-06 
-1.383319e-05 
-6.304542e-04 
-6.304542e-04 
-6.304542e-04 
-6.304542e-04 
-5.201848e-03 
-9.543225e-01 
-9.543225e-01 
-9.543225e-01 
-9.543225e-01 
-9.542567e-01 
-9.542428e-01 
-9.542428e-01 
-9.542428e-01 
-9.542428e-01 
-3.481425e-05 
1.431092e-05 
1.431092e-05 
1.431092e-05 
1.431092e-05 
-7.839209e-07 
-5.808620e-04 
-5.808620e-04 
-5.808620e-04 
-5.808620e-04 
-5.201847e-03 
-9.543225e-01 
-9.543225e-01 
-9.543225e-01 
-9.543225e-01 
-9.542567e-01 
-9.542427e-01 
-9.542427e-01 
-9.542427e-01 
-9.542427e-01 
-2.687893e-05 
-2.045484e-05 
-2.045484e-05 
-2.045484e-05 
-2.045484e-05 
-2.617756e-05 
5.655554e-04 
5.655554e-04 
5.655554e-04 
5.655554e-04 
5.089445e-03 
9.543222e-01 
9.543222e-01 
9.543222e-01 
9.543222e-01 
9.542531e-01 
9.542419e-01 
9.542419e-01 
9.542419e-01 
9.542419e-01 
-3.083661e-05 
-3.066724e-06 
-3.066724e-06 
-3.066724e-06 
-3.066724e-06 
-1.376005e-05 
-6.304533e-04 
-6.304533e-04 
-6.304533e-04 
-6.304533e-04 
-5.201847e-03 
-9.543225e-01 
-9.543225e-01 
-9.543225e-01 
-9.543225e-01 
-9.542567e-01 
-9.542427e-01 
-9.542427e-01 
-9.542427e-01 
-9.542427e-01 
-3.085768e-05 
-3.087506e-06 
-3.087506e-06 
-3.087506e-06 
-3.087506e-06 
-1.383319e-05 
-6.304542e-04 
-6.304542e-04 
-6.304542e-04 
-6.304542e-04 
-5.201847e-03 
-9.543225e-01 
-9.543225e-01 
-9.543225e-01 
-9.543225e-01 
-9.542567e-01 
-9.542428e-01 
-9.542428e-01 
-9.542428e-01 
-9.542428e-01 
-3.481425e-05 
1.431092e-05 
1.431092e-05 
1.431092e-05 
1.431092e-05 
-7.839189e-07 
-5.808620e-04 
-5.808620e-04 
-5.808620e-04 
-5.808620e-04
#[#TRACE_DATA]
#[#TRACE]
