#[TRACE]
#data_labels=Output
#[TRACE_DATA]
2.356109e-05 
-5.799378e-04 
-5.799378e-04 
-5.799378e-04 
-5.799378e-04 
-5.136632e-03 
-9.543232e-01 
-9.543232e-01 
-9.543232e-01 
-9.543232e-01 
-9.542531e-01 
-9.542419e-01 
-9.542419e-01 
-9.542419e-01 
-9.542419e-01 
3.082527e-05 
1.168326e-06 
1.168326e-06 
1.168326e-06 
1.168326e-06 
1.279255e-05 
6.436664e-04 
6.436664e-04 
6.436664e-04 
6.436664e-04 
5.268620e-03 
9.543235e-01 
9.543235e-01 
9.543235e-01 
9.543235e-01 
9.542568e-01 
9.542427e-01 
9.542427e-01 
9.542427e-01 
9.542427e-01 
3.082527e-05 
1.168326e-06 
1.168326e-06 
1.168326e-06 
1.168326e-06 
1.279255e-05 
6.436664e-04 
6.436664e-04 
6.436664e-04 
6.436664e-04 
5.268620e-03 
9.543235e-01 
9.543235e-01 
9.543235e-01 
9.543235e-01 
9.542568e-01 
9.542427e-01 
9.542427e-01 
9.542427e-01 
9.542427e-01 
3.082526e-05 
1.852715e-05 
1.852715e-05 
1.852715e-05 
1.852715e-05 
2.355001e-05 
-5.799378e-04 
-5.799378e-04 
-5.799378e-04 
-5.799378e-04 
-5.136631e-03 
-9.543232e-01 
-9.543232e-01 
-9.543232e-01 
-9.543232e-01 
-9.542531e-01 
-9.542419e-01 
-9.542419e-01 
-9.542419e-01 
-9.542419e-01 
3.082526e-05 
1.852715e-05 
1.852715e-05 
1.852715e-05 
1.852715e-05 
2.355001e-05 
-5.799378e-04 
-5.799378e-04 
-5.799378e-04 
-5.799378e-04 
-5.136631e-03 
-9.543232e-01 
-9.543232e-01 
-9.543232e-01 
-9.543232e-01 
-9.542531e-01 
-9.542419e-01 
-9.542419e-01 
-9.542419e-01 
-9.542419e-01 
2.780443e-05 
5.262170e-06 
5.262170e-06 
5.262170e-06 
5.262170e-06 
1.692277e-05 
6.482481e-04 
6.482481e-04 
6.482481e-04 
6.482481e-04 
5.268620e-03 
9.543235e-01 
9.543235e-01 
9.543235e-01 
9.543235e-01 
9.542568e-01 
9.542427e-01 
9.542427e-01 
9.542427e-01 
9.542427e-01 
3.082527e-05 
1.168326e-06 
1.168326e-06 
1.168326e-06 
1.168326e-06 
1.279255e-05 
6.436664e-04 
6.436664e-04 
6.436664e-04 
6.436664e-04 
5.268619e-03 
9.543235e-01 
9.543235e-01 
9.543235e-01 
9.543235e-01 
9.542568e-01 
9.542427e-01 
9.542427e-01 
9.542427e-01 
9.542427e-01 
3.082526e-05 
1.852715e-05 
1.852715e-05 
1.852715e-05 
1.852715e-05 
2.355001e-05 
-5.799378e-04 
-5.799378e-04 
-5.799378e-04 
-5.799378e-04 
-5.136630e-03 
-9.543232e-01 
-9.543232e-01 
-9.543232e-01 
-9.543232e-01 
-9.542531e-01 
-9.542419e-01 
-9.542419e-01 
-9.542419e-01 
-9.542419e-01 
3.082526e-05 
1.852715e-05 
1.852715e-05 
1.852715e-05 
1.852715e-05
#[#TRACE_DATA]
#[#TRACE]
