#[TRACE]
#data_labels=Output
#[TRACE_DATA]
5.016264e-04 
9.540106e-01 
9.543225e-01 
9.543225e-01 
9.543225e-01 
9.542604e-01 
9.542427e-01 
9.542427e-01 
9.542427e-01 
9.542427e-01 
6.752961e-04 
2.456329e-06 
2.701137e-06 
2.701137e-06 
2.701137e-06 
9.461703e-06 
6.185157e-04 
6.302804e-04 
6.302804e-04 
6.302804e-04 
4.472073e-03 
9.542225e-01 
9.543225e-01 
9.543225e-01 
9.543225e-01 
9.542585e-01 
9.542427e-01 
9.542427e-01 
9.542427e-01 
9.542427e-01 
3.418695e-04 
1.623418e-05 
1.644829e-05 
1.644829e-05 
1.644829e-05 
2.168954e-05 
-5.584318e-04 
-5.700034e-04 
-5.700034e-04 
-5.700034e-04 
-5.197416e-03 
-9.542902e-01 
-9.543222e-01 
-9.543222e-01 
-9.543222e-01 
-9.542529e-01 
-9.542420e-01 
-9.542419e-01 
-9.542419e-01 
-9.542419e-01 
-1.182213e-04 
1.636249e-05 
1.644829e-05 
1.644829e-05 
1.644829e-05 
2.214895e-05 
-5.642722e-04 
-5.700034e-04 
-5.700034e-04 
-5.700034e-04 
-6.248034e-03 
-9.543120e-01 
-9.543222e-01 
-9.543222e-01 
-9.543222e-01 
-9.542519e-01 
-9.542419e-01 
-9.542419e-01 
-9.542419e-01 
-9.542419e-01 
-4.515706e-05 
1.641914e-05 
1.644829e-05 
1.644829e-05 
1.644829e-05 
2.260622e-05 
-5.672410e-04 
-5.700034e-04 
-5.700034e-04 
-5.700034e-04 
-7.604130e-03 
-9.543189e-01 
-9.543222e-01 
-9.543222e-01 
-9.543222e-01 
-9.542509e-01 
-9.542419e-01 
-9.542419e-01 
-9.542419e-01 
-9.542419e-01 
-1.199356e-05 
1.644148e-05 
1.644829e-05 
1.644829e-05 
1.644829e-05 
2.304277e-05 
-5.687023e-04 
-5.700034e-04 
-5.700034e-04 
-5.704325e-04 
-9.383069e-03 
-9.543212e-01 
-9.543222e-01 
-9.543222e-01 
-9.543222e-01 
-9.542501e-01 
-9.542419e-01 
-9.542419e-01 
-9.542419e-01 
-9.397262e-01 
2.277171e-06 
1.644889e-05 
1.644829e-05 
1.644829e-05 
1.645150e-05 
2.342864e-05 
-5.694021e-04 
-5.700034e-04 
-5.700034e-04 
-5.812639e-04 
-1.175935e-02 
-9.543219e-01 
-9.543222e-01 
-9.543222e-01 
-9.543215e-01 
-9.542493e-01 
-9.542419e-01 
-9.542419e-01 
-9.542419e-01 
-8.872418e-01 
7.864615e-06 
1.645051e-05 
1.644829e-05 
1.644829e-05 
1.647416e-05 
2.371581e-05 
-5.697299e-04 
-5.700034e-04 
-5.700034e-04 
-6.050778e-04 
-1.499888e-02 
-9.543221e-01 
-9.543222e-01 
-9.543222e-01 
-9.543197e-01 
-9.542486e-01 
-9.542420e-01 
-9.542420e-01 
-9.542420e-01 
-8.130594e-01 
7.541133e-06 
2.701862e-06 
2.701137e-06 
2.701137e-06 
2.754715e-06 
2.467736e-05 
6.302301e-04 
6.302804e-04 
6.302804e-04 
7.072987e-04 
1.986549e-02 
9.543224e-01 
9.543225e-01 
9.543225e-01 
9.543178e-01 
9.542499e-01 
9.542427e-01 
9.542427e-01 
9.542427e-01 
7.275546e-01 
1.217275e-05 
1.644965e-05 
1.644829e-05 
1.644829e-05 
1.662370e-05 
2.363928e-05 
-5.699488e-04 
-5.700034e-04 
-5.700034e-04 
-6.839530e-04 
-2.598836e-02 
-9.543222e-01 
-9.543222e-01 
-9.543222e-01 
-9.543134e-01 
-9.542473e-01 
-9.542420e-01 
-9.542420e-01 
-9.542420e-01 
-6.366535e-01 
7.054590e-06 
2.701481e-06 
2.701137e-06 
2.701137e-06 
2.929795e-06 
3.592530e-05 
6.302713e-04 
6.302804e-04 
6.302804e-04 
8.128708e-04 
3.608605e-02 
9.543225e-01 
9.543225e-01 
9.543225e-01 
9.543115e-01 
9.542484e-01 
9.542427e-01 
9.542427e-01 
9.542427e-01 
5.438884e-01 
9.111651e-06 
1.644876e-05 
1.644829e-05 
1.644829e-05 
1.690995e-05 
2.143450e-05 
-5.699929e-04 
-5.700034e-04 
-5.700034e-04 
-7.977263e-04 
-5.005000e-02 
-9.543222e-01 
-9.543222e-01 
-9.543222e-01 
-9.543053e-01 
-9.542461e-01 
-9.542419e-01 
-9.542419e-01 
-9.542419e-01 
-4.514012e-01 
8.072549e-06 
1.644854e-05 
1.644829e-05 
1.644829e-05 
1.709052e-05 
1.855275e-05 
-5.699988e-04 
-5.700034e-04 
-5.700034e-04 
-8.679701e-04 
-7.291758e-02 
-9.543222e-01 
-9.543222e-01 
-9.543222e-01 
-9.543007e-01 
-9.542456e-01 
-9.542419e-01 
-9.542419e-01 
-9.542419e-01 
-3.617538e-01 
7.581298e-06 
1.644842e-05 
1.644829e-05 
1.644829e-05 
1.729002e-05 
1.342832e-05 
-5.700014e-04 
-5.700034e-04 
-5.700034e-04 
-9.484793e-04 
-1.100107e-01 
-9.543222e-01 
-9.543222e-01 
-9.543222e-01 
-9.542958e-01 
-9.542451e-01 
-9.542419e-01 
-9.542419e-01 
-9.542419e-01 
-2.779159e-01 
7.226977e-06 
1.644836e-05 
1.644829e-05 
1.644829e-05 
1.750621e-05 
4.659187e-06 
-5.700025e-04 
-5.700034e-04 
-5.700034e-04 
-1.040879e-03 
-1.708877e-01 
-9.543222e-01 
-9.543222e-01 
-9.543222e-01 
-9.542907e-01 
-9.542447e-01 
-9.542419e-01 
-9.542419e-01 
-9.542419e-01 
-2.034373e-01 
7.030406e-06 
1.644832e-05 
1.644829e-05 
1.644829e-05 
1.773834e-05 
-9.877219e-06 
-5.700030e-04 
-5.700034e-04 
-5.700034e-04 
-1.147270e-03 
-2.672664e-01 
-9.543222e-01 
-9.543222e-01 
-9.543222e-01 
-9.542855e-01 
-9.542442e-01 
-9.542419e-01 
-9.542419e-01 
-9.542419e-01 
-1.414176e-01 
7.008291e-06 
1.644831e-05 
1.644829e-05 
1.644829e-05 
1.798653e-05 
-3.306723e-05 
-5.700032e-04 
-5.700034e-04 
-5.700034e-04 
-1.270294e-03 
-4.025955e-01 
-9.543222e-01 
-9.543222e-01 
-9.543222e-01 
-9.542803e-01 
-9.542438e-01 
-9.542419e-01 
-9.542419e-01 
-9.542419e-01 
-9.334561e-02 
7.170782e-06 
1.644830e-05 
1.644829e-05 
1.644829e-05 
1.825146e-05 
-6.816850e-05 
-5.700033e-04 
-5.700034e-04 
-5.700034e-04 
-1.413246e-03 
-5.586562e-01 
-9.543222e-01 
-9.543222e-01 
-9.543222e-01 
-9.542754e-01 
-9.542434e-01 
-9.542419e-01 
-9.542419e-01 
-9.542419e-01 
-5.865388e-02 
7.530360e-06 
1.644829e-05 
1.644829e-05 
1.644829e-05 
1.853407e-05 
-1.178752e-04 
-5.700033e-04 
-5.700034e-04 
-5.700034e-04 
-1.580255e-03 
-7.062307e-01 
-9.543222e-01 
-9.543222e-01 
-9.543222e-01 
-9.542711e-01 
-9.542431e-01 
-9.542419e-01 
-9.542419e-01 
-9.542419e-01 
-3.522125e-02 
8.206358e-06 
1.644829e-05 
1.644829e-05 
1.644829e-05 
1.883544e-05 
-1.832304e-04 
-5.700034e-04 
-5.700034e-04 
-5.700034e-04 
-1.776534e-03 
-8.273267e-01 
-9.543222e-01 
-9.543222e-01 
-9.543222e-01 
-9.542673e-01 
-9.542427e-01 
-9.542419e-01 
-9.542419e-01 
-9.542419e-01 
-2.029764e-02 
9.393876e-06 
1.644829e-05 
1.644829e-05 
1.644829e-05 
1.915663e-05 
-2.626770e-04 
-5.700034e-04 
-5.700034e-04 
-5.700034e-04 
-2.008725e-03 
-9.099194e-01 
-9.543222e-01 
-9.543222e-01 
-9.543222e-01 
-9.542641e-01 
-9.542424e-01 
-9.542419e-01 
-9.542419e-01 
-9.542419e-01 
-1.126929e-02 
1.103030e-05 
1.644829e-05 
1.644829e-05 
1.644829e-05 
1.949864e-05 
-3.472782e-04 
-5.700034e-04 
-5.700034e-04 
-5.700034e-04 
-2.285381e-03 
-9.400814e-01 
-9.543222e-01 
-9.543222e-01 
-9.543222e-01 
-9.542614e-01 
-9.542422e-01 
-9.542419e-01 
-9.542419e-01 
-9.542419e-01 
-6.046836e-03 
1.277245e-05 
1.644829e-05 
1.644829e-05 
1.644829e-05 
1.986224e-05 
-4.220946e-04 
-5.700034e-04 
-5.700034e-04 
-5.700034e-04 
-2.617636e-03 
-9.497590e-01 
-9.543222e-01 
-9.543222e-01 
-9.543222e-01 
-9.542592e-01 
-9.542421e-01 
-9.542419e-01 
-9.542419e-01 
-9.542419e-01 
-3.142545e-03 
1.421399e-05 
1.644829e-05 
1.644829e-05 
1.644829e-05 
2.024782e-05 
-4.791916e-04 
-5.700034e-04 
-5.700034e-04 
-5.700034e-04 
-3.020142e-03 
-9.528609e-01 
-9.543222e-01 
-9.543222e-01 
-9.543222e-01 
-9.542574e-01 
-9.542420e-01 
-9.542420e-01 
-9.542420e-01 
-9.542420e-01 
-1.586589e-03 
2.086674e-06 
2.701137e-06 
2.701137e-06 
2.701137e-06 
8.200248e-06 
6.017973e-04 
6.302804e-04 
6.302804e-04 
6.302804e-04 
3.598325e-03 
9.538550e-01 
9.543225e-01 
9.543225e-01 
9.543225e-01 
9.542611e-01 
9.542427e-01 
9.542427e-01 
9.542427e-01 
9.542427e-01 
8.649045e-04 
1.582497e-05 
1.644829e-05 
1.644829e-05 
1.644829e-05 
2.108281e-05 
-5.416424e-04 
-5.700034e-04 
-5.700034e-04 
-5.700034e-04 
-4.120806e-03 
-9.541722e-01 
-9.543222e-01 
-9.543222e-01 
-9.543222e-01 
-9.542545e-01 
-9.542420e-01 
-9.542420e-01 
-9.542420e-01 
-9.542420e-01 
-3.647056e-04 
2.551469e-06 
2.701137e-06 
2.701137e-06 
2.701137e-06 
1.016629e-05 
6.227633e-04 
6.302804e-04 
6.302804e-04 
6.302804e-04 
4.990988e-03 
9.542745e-01 
9.543225e-01 
9.543225e-01 
9.543225e-01 
9.542574e-01 
9.542427e-01 
9.542427e-01 
9.542427e-01 
9.542427e-01 
2.207017e-04 
2.814742e-06 
2.679772e-06 
2.679772e-06 
2.679772e-06 
1.135251e-05 
6.266243e-04 
6.302710e-04 
6.302710e-04 
6.302710e-04 
5.970152e-03 
9.543071e-01 
9.543225e-01 
9.543225e-01 
9.543225e-01 
9.542559e-01 
9.542427e-01 
9.542427e-01 
9.542427e-01 
9.542427e-01 
1.141633e-04 
2.734972e-06 
2.679772e-06 
2.679772e-06 
2.679772e-06 
1.285327e-05 
6.285548e-04 
6.302710e-04 
6.302710e-04 
6.302710e-04 
7.228767e-03 
9.543175e-01 
9.543225e-01 
9.543225e-01 
9.543225e-01 
9.542545e-01 
9.542427e-01 
9.542427e-01 
9.542427e-01 
9.542427e-01 
6.188927e-05 
2.699516e-06 
2.679772e-06 
2.679772e-06 
2.679772e-06 
1.466846e-05 
6.294834e-04 
6.302710e-04 
6.302710e-04 
6.302710e-04 
8.869220e-03 
9.543209e-01 
9.543225e-01 
9.543225e-01 
9.543225e-01 
9.542533e-01 
9.542427e-01 
9.542427e-01 
9.542427e-01 
9.500676e-01 
3.619788e-05 
2.685243e-06 
2.679772e-06 
2.679772e-06 
2.680159e-06 
1.688955e-05 
6.299171e-04 
6.302710e-04 
6.302710e-04 
6.367051e-04 
1.104455e-02 
9.543219e-01 
9.543225e-01 
9.543225e-01 
9.543221e-01 
9.542522e-01 
9.542427e-01 
9.542427e-01 
9.542427e-01 
9.091154e-01 
2.336515e-05 
1.645028e-05 
1.644829e-05 
1.644829e-05 
1.646283e-05 
2.362906e-05 
-5.696410e-04 
-5.700034e-04 
-5.700034e-04 
-5.952542e-04 
-1.372609e-02 
-9.543221e-01 
-9.543222e-01 
-9.543222e-01 
-9.543204e-01 
-9.542488e-01 
-9.542419e-01 
-9.542419e-01 
-9.542419e-01 
-8.411527e-01 
9.252583e-06 
1.645044e-05 
1.644829e-05 
1.644829e-05 
1.650586e-05 
2.381430e-05 
-5.698399e-04 
-5.700034e-04 
-5.700034e-04 
-6.263378e-04 
-1.772950e-02 
-9.543222e-01 
-9.543222e-01 
-9.543222e-01 
-9.543180e-01 
-9.542481e-01 
-9.542419e-01 
-9.542419e-01 
-9.542419e-01 
-7.588033e-01 
9.801821e-06 
1.644987e-05 
1.644829e-05 
1.644829e-05 
1.658611e-05 
2.375097e-05 
-5.699305e-04 
-5.700034e-04 
-5.700034e-04 
-6.672662e-04 
-2.340657e-02 
-9.543222e-01 
-9.543222e-01 
-9.543222e-01 
-9.543147e-01 
-9.542475e-01 
-9.542419e-01 
-9.542419e-01 
-9.542419e-01 
-6.693332e-01 
9.483568e-06 
1.644928e-05 
1.644829e-05 
1.644829e-05 
1.670298e-05 
2.327012e-05 
-5.699712e-04 
-5.700034e-04 
-5.700034e-04 
-7.169183e-04 
-3.168624e-02 
-9.543222e-01 
-9.543222e-01 
-9.543222e-01 
-9.543110e-01 
-9.542469e-01 
-9.542419e-01 
-9.542419e-01 
-9.542419e-01 
-5.768971e-01 
8.890195e-06 
1.644887e-05 
1.644829e-05 
1.644829e-05 
1.685101e-05 
2.209661e-05 
-5.699893e-04 
-5.700034e-04 
-5.700034e-04 
-7.749907e-04 
-4.414496e-02 
-9.543222e-01 
-9.543222e-01 
-9.543222e-01 
-9.543068e-01 
-9.542463e-01 
-9.542419e-01 
-9.542419e-01 
-9.542419e-01 
-4.840786e-01 
8.274583e-06 
1.644861e-05 
1.644829e-05 
1.644829e-05 
1.702398e-05 
1.977981e-05 
-5.699973e-04 
-5.700034e-04 
-5.700034e-04 
-8.418881e-04 
-6.353018e-02 
-9.543222e-01 
-9.543222e-01 
-9.543222e-01 
-9.543024e-01 
-9.542458e-01 
-9.542419e-01 
-9.542419e-01 
-9.542419e-01 
-3.931367e-01 
7.741585e-06 
1.644846e-05 
1.644829e-05 
1.644829e-05 
1.721709e-05 
1.558180e-05 
-5.700007e-04 
-5.700034e-04 
-5.700034e-04 
-9.185853e-04 
-9.467722e-02 
-9.543222e-01 
-9.543222e-01 
-9.543222e-01 
-9.542976e-01 
-9.542453e-01 
-9.542419e-01 
-9.542419e-01 
-9.542419e-01 
-3.068398e-01 
7.335849e-06 
1.644838e-05 
1.644829e-05 
1.644829e-05 
1.742750e-05 
8.310908e-06 
-5.700022e-04 
-5.700034e-04 
-5.700034e-04 
-1.006542e-03 
-1.457640e-01 
-9.543222e-01 
-9.543222e-01 
-9.543222e-01 
-9.542925e-01 
-9.542448e-01 
-9.542419e-01 
-9.542419e-01 
-9.542419e-01 
-2.286278e-01 
7.081096e-06 
1.644833e-05 
1.644829e-05 
1.644829e-05 
1.765398e-05 
-3.881079e-06 
-5.700029e-04 
-5.700034e-04 
-5.700034e-04 
-1.107685e-03 
-2.283415e-01 
-9.543222e-01 
-9.543222e-01 
-9.543222e-01 
-9.542873e-01 
-9.542444e-01 
-9.542420e-01 
-9.542420e-01 
-9.542420e-01 
-1.619127e-01 
2.485526e-06 
2.701146e-06 
2.701137e-06 
2.701137e-06 
4.066339e-06 
1.532130e-04 
6.302803e-04 
6.302804e-04 
6.302804e-04 
1.320242e-03 
3.521404e-01 
9.543225e-01 
9.543225e-01 
9.543225e-01 
9.542890e-01 
9.542451e-01 
9.542427e-01 
9.542427e-01 
9.542427e-01 
1.093285e-01 
7.094650e-06 
1.644830e-05 
1.644829e-05 
1.644829e-05 
1.815529e-05 
-5.412908e-05 
-5.700033e-04 
-5.700034e-04 
-5.700034e-04 
-1.359895e-03 
-5.027108e-01 
-9.543222e-01 
-9.543222e-01 
-9.543222e-01 
-9.542771e-01 
-9.542436e-01 
-9.542420e-01 
-9.542420e-01 
-9.542420e-01 
-6.957534e-02 
7.091376e-07 
2.701139e-06 
2.701137e-06 
2.701137e-06 
4.699429e-06 
2.646305e-04 
6.302804e-04 
6.302804e-04 
6.302804e-04 
1.603954e-03 
6.567401e-01 
9.543225e-01 
9.543225e-01 
9.543225e-01 
9.542807e-01 
9.542441e-01 
9.542427e-01 
9.542427e-01 
9.542427e-01 
4.284807e-02 
7.913901e-06 
1.644829e-05 
1.644829e-05 
1.644829e-05 
1.872607e-05 
-1.582303e-04 
-5.700034e-04 
-5.700034e-04 
-5.700034e-04 
-1.703010e-03 
-7.878205e-01 
-9.543222e-01 
-9.543222e-01 
-9.543222e-01 
-9.542686e-01 
-9.542428e-01 
-9.542419e-01 
-9.542419e-01 
-9.542419e-01 
-2.480209e-02 
8.915399e-06 
1.644829e-05 
1.644829e-05 
1.644829e-05 
1.904009e-05 
-2.330637e-04 
-5.700034e-04 
-5.700034e-04 
-5.700034e-04 
-1.921563e-03 
-8.878002e-01 
-9.543222e-01 
-9.543222e-01 
-9.543222e-01 
-9.542652e-01 
-9.542425e-01 
-9.542419e-01 
-9.542419e-01 
-9.542419e-01 
-1.394827e-02 
1.040914e-05 
1.644829e-05 
1.644829e-05 
1.644829e-05 
1.937459e-05 
-3.176607e-04 
-5.700034e-04 
-5.700034e-04 
-5.700034e-04 
-2.181284e-03 
-9.329793e-01 
-9.543222e-01 
-9.543222e-01 
-9.543222e-01 
-9.542623e-01 
-9.542422e-01 
-9.542419e-01 
-9.542419e-01 
-9.542419e-01 
-7.573356e-03 
1.217176e-05 
1.644829e-05 
1.644829e-05 
1.644829e-05 
1.973045e-05 
-3.972861e-04 
-5.700034e-04 
-5.700034e-04 
-5.700034e-04 
-2.492298e-03 
-9.474825e-01 
-9.543222e-01 
-9.543222e-01 
-9.543222e-01 
-9.542600e-01 
-9.542421e-01 
-9.542419e-01 
-9.542419e-01 
-9.542419e-01 
-3.980169e-03 
1.375012e-05 
1.644829e-05 
1.644829e-05 
1.644829e-05 
2.010821e-05 
-4.610982e-04 
-5.700034e-04 
-5.700034e-04 
-5.700034e-04 
-2.867875e-03 
-9.521317e-01 
-9.543222e-01 
-9.543222e-01 
-9.543222e-01 
-9.542580e-01 
-9.542420e-01 
-9.542419e-01 
-9.542419e-01 
-9.542419e-01 
-2.027384e-03 
1.490875e-05 
1.644829e-05 
1.644829e-05 
1.644829e-05 
2.050786e-05 
-5.060267e-04 
-5.700034e-04 
-5.700034e-04 
-5.700034e-04 
-3.325617e-03 
-9.536207e-01 
-9.543222e-01 
-9.543222e-01 
-9.543222e-01 
-9.542563e-01 
-9.542420e-01 
-9.542419e-01 
-9.542419e-01 
-9.542419e-01 
-1.000328e-03 
1.564581e-05 
1.644829e-05 
1.644829e-05 
1.644829e-05 
2.092854e-05 
-5.345798e-04 
-5.700034e-04 
-5.700034e-04 
-5.700034e-04 
-3.889168e-03 
-9.540974e-01 
-9.543222e-01 
-9.543222e-01 
-9.543222e-01 
-9.542549e-01 
-9.542420e-01 
-9.542419e-01 
-9.542419e-01 
-9.542419e-01 
-4.761965e-04 
1.606508e-05 
1.644829e-05 
1.644829e-05 
1.644829e-05 
2.136797e-05 
-5.513180e-04 
-5.700034e-04 
-5.700034e-04 
-5.700034e-04 
-4.590724e-03 
-9.542502e-01 
-9.543222e-01 
-9.543222e-01 
-9.543222e-01 
-9.542537e-01 
-9.542420e-01 
-9.542419e-01 
-9.542419e-01 
-9.542419e-01 
-2.162942e-04 
1.628178e-05 
1.644829e-05 
1.644829e-05 
1.644829e-05 
2.182171e-05 
-5.605290e-04 
-5.700034e-04 
-5.700034e-04 
-5.700034e-04 
-5.474812e-03 
-9.542992e-01 
-9.543222e-01 
-9.543222e-01 
-9.543222e-01 
-9.542526e-01 
-9.542420e-01 
-9.542419e-01 
-9.542419e-01 
-9.542419e-01 
-9.109696e-05 
1.638413e-05 
1.644829e-05 
1.644829e-05 
1.644829e-05 
2.228192e-05 
-5.653485e-04 
-5.700034e-04 
-5.700034e-04 
-5.700034e-04 
-6.604058e-03 
-9.543149e-01 
-9.543222e-01 
-9.543222e-01 
-9.543222e-01 
-9.542516e-01 
-9.542419e-01 
-9.542419e-01 
-9.542419e-01 
-9.542419e-01 
-3.268965e-05 
1.642800e-05 
1.644829e-05 
1.644829e-05 
1.644829e-05 
2.273552e-05 
-5.677760e-04 
-5.700034e-04 
-5.700034e-04 
-5.700034e-04 
-8.068205e-03 
-9.543199e-01 
-9.543222e-01 
-9.543222e-01 
-9.543222e-01 
-9.542507e-01 
-9.542419e-01 
-9.542419e-01 
-9.542419e-01 
-9.542419e-01 
-6.523956e-06 
1.644461e-05 
1.644829e-05 
1.644829e-05 
1.644834e-05 
2.316115e-05 
-5.689606e-04 
-5.700034e-04 
-5.700034e-04 
-5.721096e-04 
-9.998552e-03 
-9.543215e-01 
-9.543222e-01 
-9.543222e-01 
-9.543221e-01 
-9.542498e-01 
-9.542419e-01 
-9.542419e-01 
-9.542419e-01 
-9.276617e-01 
4.499581e-06 
1.644971e-05 
1.644829e-05 
1.644829e-05 
1.645527e-05 
2.352446e-05 
-5.695239e-04 
-5.700034e-04 
-5.700034e-04 
-5.869012e-04 
-1.259166e-02 
-9.543220e-01 
-9.543222e-01 
-9.543222e-01 
-9.543211e-01 
-9.542491e-01 
-9.542420e-01 
-9.542420e-01 
-9.542420e-01 
-8.674722e-01 
6.580083e-06 
2.701846e-06 
2.701137e-06 
2.701137e-06 
2.724532e-06 
2.189376e-05 
6.301890e-04 
6.302804e-04 
6.302804e-04 
6.789639e-04 
1.644680e-02 
9.543224e-01 
9.543225e-01 
9.543225e-01 
9.543196e-01 
9.542506e-01 
9.542427e-01 
9.542427e-01 
9.542427e-01 
7.891986e-01 
1.414045e-05 
1.645009e-05 
1.644829e-05 
1.644829e-05 
1.655321e-05 
2.381083e-05 
-5.699061e-04 
-5.700034e-04 
-5.700034e-04 
-6.516747e-04 
-2.114812e-02 
-9.543222e-01 
-9.543222e-01 
-9.543222e-01 
-9.543159e-01 
-9.542477e-01 
-9.542420e-01 
-9.542420e-01 
-9.542420e-01 
-7.016528e-01 
7.497100e-06 
2.701618e-06 
2.701137e-06 
2.701137e-06 
2.852013e-06 
3.120955e-05 
6.302636e-04 
6.302804e-04 
6.302804e-04 
7.712415e-04 
2.883239e-02 
9.543224e-01 
9.543225e-01 
9.543225e-01 
9.543139e-01 
9.542489e-01 
9.542427e-01 
9.542427e-01 
9.542427e-01 
6.099597e-01 
9.929773e-06 
2.679279e-06 
2.679772e-06 
2.679772e-06 
2.942553e-06 
3.796780e-05 
6.302639e-04 
6.302710e-04 
6.302710e-04 
8.309862e-04 
3.969821e-02 
9.543225e-01 
9.543225e-01 
9.543225e-01 
9.543105e-01 
9.542482e-01 
9.542427e-01 
9.542427e-01 
9.542427e-01 
5.170657e-01 
8.834966e-06 
2.679481e-06 
2.679772e-06 
2.679772e-06 
3.086654e-06 
4.726103e-05 
6.302680e-04 
6.302710e-04 
6.302710e-04 
8.995715e-04 
5.637820e-02 
9.543225e-01 
9.543225e-01 
9.543225e-01 
9.543068e-01 
9.542475e-01 
9.542427e-01 
9.542427e-01 
9.542427e-01 
4.252480e-01 
8.064405e-06 
2.679611e-06 
2.679772e-06 
2.679772e-06 
3.258987e-06 
6.003119e-05 
6.302697e-04 
6.302710e-04 
6.302710e-04 
9.774970e-04 
8.284032e-02 
9.543225e-01 
9.543225e-01 
9.543225e-01 
9.543029e-01 
9.542469e-01 
9.542427e-01 
9.542427e-01 
9.542427e-01 
3.370324e-01 
7.524905e-06 
2.679687e-06 
2.679772e-06 
2.679772e-06 
3.457923e-06 
7.787914e-05 
6.302705e-04 
6.302710e-04 
6.302710e-04 
1.065477e-03 
1.259284e-01 
9.543225e-01 
9.543225e-01 
9.543225e-01 
9.542989e-01 
9.542463e-01 
9.542427e-01 
9.542427e-01 
9.542427e-01 
2.556388e-01 
7.178421e-06 
1.644835e-05 
1.644829e-05 
1.644829e-05 
1.757164e-05 
1.166377e-06 
-5.700027e-04 
-5.700034e-04 
-5.700034e-04 
-1.070070e-03 
-1.946278e-01 
-9.543222e-01 
-9.543222e-01 
-9.543222e-01 
-9.542892e-01 
-9.542445e-01 
-9.542419e-01 
-9.542419e-01 
-9.542419e-01 
-1.841373e-01 
7.005475e-06 
1.644832e-05 
1.644829e-05 
1.644829e-05 
1.780836e-05 
-1.554453e-05 
-5.700031e-04 
-5.700034e-04 
-5.700034e-04 
-1.180969e-03 
-3.027094e-01 
-9.543222e-01 
-9.543222e-01 
-9.543222e-01 
-9.542839e-01 
-9.542441e-01 
-9.542419e-01 
-9.542419e-01 
-9.542419e-01 
-1.260853e-01 
7.036062e-06 
1.644830e-05 
1.644829e-05 
1.644829e-05 
1.806131e-05 
-4.184438e-05 
-5.700032e-04 
-5.700034e-04 
-5.700034e-04 
-1.309378e-03 
-4.468714e-01 
-9.543222e-01 
-9.543222e-01 
-9.543222e-01 
-9.542789e-01 
-9.542437e-01 
-9.542419e-01 
-9.542419e-01 
-9.542419e-01 
-8.202144e-02 
7.252845e-06 
1.644830e-05 
1.644829e-05 
1.644829e-05 
1.833124e-05 
-8.094202e-05 
-5.700033e-04 
-5.700034e-04 
-5.700034e-04 
-1.458814e-03 
-6.032659e-01 
-9.543222e-01 
-9.543222e-01 
-9.543222e-01 
-9.542741e-01 
-9.542433e-01 
-9.542419e-01 
-9.542419e-01 
-9.542419e-01 
-5.084564e-02 
7.682204e-06 
1.644829e-05 
1.644829e-05 
1.644829e-05 
1.861916e-05 
-1.351586e-04 
-5.700033e-04 
-5.700034e-04 
-5.700034e-04 
-1.633687e-03 
-7.443374e-01 
-9.543222e-01 
-9.543222e-01 
-9.543222e-01 
-9.542699e-01 
-9.542430e-01 
-9.542419e-01 
-9.542419e-01 
-9.542419e-01 
-3.015887e-02 
8.495982e-06 
1.644829e-05 
1.644829e-05 
1.644829e-05 
1.892614e-05 
-2.048883e-04 
-5.700034e-04 
-5.700034e-04 
-5.700034e-04 
-1.839584e-03 
-8.563964e-01 
-9.543222e-01 
-9.543222e-01 
-9.543222e-01 
-9.542663e-01 
-9.542426e-01 
-9.542419e-01 
-9.542419e-01 
-9.542419e-01 
-1.718771e-02 
9.824997e-06 
1.644829e-05 
1.644829e-05 
1.644829e-05 
1.925325e-05 
-2.873331e-04 
-5.700034e-04 
-5.700034e-04 
-5.700034e-04 
-2.083643e-03 
-9.223380e-01 
-9.543222e-01 
-9.543222e-01 
-9.543222e-01 
-9.542633e-01 
-9.542423e-01 
-9.542419e-01 
-9.542419e-01 
-9.542419e-01 
-9.446346e-03 
1.154506e-05 
1.644829e-05 
1.644829e-05 
1.644829e-05 
1.960143e-05 
-3.704026e-04 
-5.700034e-04 
-5.700034e-04 
-5.700034e-04 
-2.375082e-03 
-9.440706e-01 
-9.543222e-01 
-9.543222e-01 
-9.543222e-01 
-9.542607e-01 
-9.542421e-01 
-9.542419e-01 
-9.542419e-01 
-9.542419e-01 
-5.021252e-03 
1.323095e-05 
1.644829e-05 
1.644829e-05 
1.644829e-05 
1.997137e-05 
-4.405680e-04 
-5.700034e-04 
-5.700034e-04 
-5.700034e-04 
-2.725941e-03 
-9.510389e-01 
-9.543222e-01 
-9.543222e-01 
-9.543222e-01 
-9.542587e-01 
-9.542420e-01 
-9.542420e-01 
-9.542420e-01 
-9.542420e-01 
-2.590136e-03 
1.767051e-06 
2.701137e-06 
2.701137e-06 
2.701137e-06 
7.637594e-06 
5.866329e-04 
6.302804e-04 
6.302804e-04 
6.302804e-04 
3.232586e-03 
9.532723e-01 
9.543225e-01 
9.543225e-01 
9.543225e-01 
9.542627e-01 
9.542427e-01 
9.542427e-01 
9.542427e-01 
9.542427e-01 
1.401464e-03 
1.542645e-05 
1.644829e-05 
1.644829e-05 
1.644829e-05 
2.077666e-05 
-5.260274e-04 
-5.700034e-04 
-5.700034e-04 
-5.700034e-04 
-3.674865e-03 
-9.539852e-01 
-9.543222e-01 
-9.543222e-01 
-9.543222e-01 
-9.542554e-01 
-9.542420e-01 
-9.542420e-01 
-9.542420e-01 
-9.542420e-01 
-6.258501e-04 
2.444066e-06 
2.701137e-06 
2.701137e-06 
2.701137e-06 
9.393016e-06 
6.179700e-04 
6.302804e-04 
6.302804e-04 
6.302804e-04 
4.422647e-03 
9.542146e-01 
9.543225e-01 
9.543225e-01 
9.543225e-01 
9.542586e-01 
9.542427e-01 
9.542427e-01 
9.542427e-01 
9.542427e-01 
3.578097e-04 
1.622167e-05 
1.644829e-05 
1.644829e-05 
1.644829e-05 
2.165914e-05 
-5.578937e-04 
-5.700034e-04 
-5.700034e-04 
-5.700034e-04 
-5.136089e-03 
-9.542877e-01 
-9.543222e-01 
-9.543222e-01 
-9.543222e-01 
-9.542529e-01 
-9.542420e-01 
-9.542419e-01 
-9.542419e-01 
-9.542419e-01 
-1.253700e-04 
1.635671e-05 
1.644829e-05 
1.644829e-05 
1.644829e-05 
2.211823e-05 
-5.639901e-04 
-5.700034e-04 
-5.700034e-04 
-5.700034e-04 
-6.169529e-03 
-9.543112e-01 
-9.543222e-01 
-9.543222e-01 
-9.543222e-01 
-9.542519e-01 
-9.542419e-01 
-9.542419e-01 
-9.542419e-01 
-9.542419e-01 
-4.846453e-05 
1.641673e-05 
1.644829e-05 
1.644829e-05 
1.644829e-05 
2.257612e-05 
-5.671007e-04 
-5.700034e-04 
-5.700034e-04 
-5.700034e-04 
-7.502097e-03 
-9.543187e-01 
-9.543222e-01 
-9.543222e-01 
-9.543222e-01 
-9.542510e-01 
-9.542419e-01 
-9.542419e-01 
-9.542419e-01 
-9.542419e-01 
-1.345849e-05 
1.644061e-05 
1.644829e-05 
1.644829e-05 
1.644829e-05 
2.301483e-05 
-5.686346e-04 
-5.700034e-04 
-5.700034e-04 
-5.702292e-04 
-9.248188e-03 
-9.543211e-01 
-9.543222e-01 
-9.543222e-01 
-9.543222e-01 
-9.542501e-01 
-9.542419e-01 
-9.542419e-01 
-9.542419e-01 
-9.420866e-01 
1.671706e-06 
1.644864e-05 
1.644829e-05 
1.644829e-05 
1.645087e-05 
2.340532e-05 
-5.693702e-04 
-5.700034e-04 
-5.700034e-04 
-5.801134e-04 
-1.157762e-02 
-9.543219e-01 
-9.543222e-01 
-9.543222e-01 
-9.543216e-01 
-9.542493e-01 
-9.542419e-01 
-9.542419e-01 
-9.542419e-01 
-8.915590e-01 
7.647100e-06 
1.645048e-05 
1.644829e-05 
1.644829e-05 
1.647172e-05 
2.370107e-05 
-5.697150e-04 
-5.700034e-04 
-5.700034e-04 
-6.031228e-04 
-1.474872e-02 
-9.543221e-01 
-9.543222e-01 
-9.543222e-01 
-9.543198e-01 
-9.542486e-01 
-9.542419e-01 
-9.542419e-01 
-9.542419e-01 
-8.184439e-01 
9.558458e-06 
1.645030e-05 
1.644829e-05 
1.644829e-05 
1.652512e-05 
2.382750e-05 
-5.698737e-04 
-5.700034e-04 
-5.700034e-04 
-6.372166e-04 
-1.916526e-02 
-9.543222e-01 
-9.543222e-01 
-9.543222e-01 
-9.543171e-01 
-9.542479e-01 
-9.542419e-01 
-9.542419e-01 
-9.542419e-01 
-7.334612e-01 
9.763440e-06 
1.644969e-05 
1.644829e-05 
1.644829e-05 
1.661630e-05 
2.366462e-05 
-5.699458e-04 
-5.700034e-04 
-5.700034e-04 
-6.807428e-04 
-2.547706e-02 
-9.543222e-01 
-9.543222e-01 
-9.543222e-01 
-9.543137e-01 
-9.542473e-01 
-9.542419e-01 
-9.542419e-01 
-9.542419e-01 
-6.428034e-01 
9.325073e-06 
1.644915e-05 
1.644829e-05 
1.644829e-05 
1.674282e-05 
2.301806e-05 
-5.699780e-04 
-5.700034e-04 
-5.700034e-04 
-7.328234e-04 
-3.476304e-02 
-9.543222e-01 
-9.543222e-01 
-9.543222e-01 
-9.543098e-01 
-9.542467e-01 
-9.542419e-01 
-9.542419e-01 
-9.542419e-01 
-5.500261e-01 
8.708247e-06 
1.644878e-05 
1.644829e-05 
1.644829e-05 
1.689866e-05 
2.157069e-05 
-5.699923e-04 
-5.700034e-04 
-5.700034e-04 
-7.933760e-04 
-4.886975e-02 
-9.543222e-01 
-9.543222e-01 
-9.543222e-01 
-9.543056e-01 
-9.542462e-01 
-9.542419e-01 
-9.542419e-01 
-9.542419e-01 
-4.575065e-01 
8.109484e-06 
1.644855e-05 
1.644829e-05 
1.644829e-05 
1.707786e-05 
1.880263e-05 
-5.699986e-04 
-5.700034e-04 
-5.700034e-04 
-8.629824e-04 
-7.103293e-02 
-9.543222e-01 
-9.543222e-01 
-9.543222e-01 
-9.543010e-01 
-9.542456e-01 
-9.542419e-01 
-9.542419e-01 
-9.542419e-01 
-3.675883e-01 
7.610062e-06 
1.644843e-05 
1.644829e-05 
1.644829e-05 
1.727618e-05 
1.386444e-05 
-5.700013e-04 
-5.700034e-04 
-5.700034e-04 
-9.427616e-04 
-1.069243e-01 
-9.543222e-01 
-9.543222e-01 
-9.543222e-01 
-9.542962e-01 
-9.542451e-01 
-9.542419e-01 
-9.542419e-01 
-9.542419e-01 
-2.832546e-01 
7.245898e-06 
1.644836e-05 
1.644829e-05 
1.644829e-05 
1.749130e-05 
5.395563e-06 
-5.700025e-04 
-5.700034e-04 
-5.700034e-04 
-1.034308e-03 
-1.658454e-01 
-9.543222e-01 
-9.543222e-01 
-9.543222e-01 
-9.542910e-01 
-9.542447e-01 
-9.542420e-01 
-9.542420e-01 
-9.542420e-01 
-2.080508e-01 
3.078268e-06 
2.701152e-06 
2.701137e-06 
2.701137e-06 
3.874072e-06 
1.244747e-04 
6.302803e-04 
6.302804e-04 
6.302804e-04 
1.236188e-03 
2.611585e-01 
9.543225e-01 
9.543225e-01 
9.543225e-01 
9.542920e-01 
9.542454e-01 
9.542427e-01 
9.542427e-01 
9.542427e-01 
1.456054e-01 
7.009894e-06 
1.644831e-05 
1.644829e-05 
1.644829e-05 
1.796947e-05 
-3.118586e-05 
-5.700032e-04 
-5.700034e-04 
-5.700034e-04 
-1.261511e-03 
-3.926068e-01 
-9.543222e-01 
-9.543222e-01 
-9.543222e-01 
-9.542806e-01 
-9.542438e-01 
-9.542420e-01 
-9.542420e-01 
-9.542420e-01 
-9.612736e-02 
1.351070e-06 
2.701141e-06 
2.701137e-06 
2.701137e-06 
4.457313e-06 
2.202788e-04 
6.302804e-04 
6.302804e-04 
6.302804e-04 
1.493465e-03 
5.490923e-01 
9.543225e-01 
9.543225e-01 
9.543225e-01 
9.542836e-01 
9.542445e-01 
9.542427e-01 
9.542427e-01 
9.542427e-01 
6.104577e-02 
7.448299e-06 
2.679769e-06 
2.679772e-06 
2.679772e-06 
4.766190e-06 
2.835014e-04 
6.302710e-04 
6.302710e-04 
6.302710e-04 
1.646380e-03 
6.975207e-01 
9.543225e-01 
9.543225e-01 
9.543225e-01 
9.542795e-01 
9.542440e-01 
9.542427e-01 
9.542427e-01 
9.542427e-01 
3.688402e-02 
7.798163e-06 
2.679770e-06 
2.679772e-06 
2.679772e-06 
5.154137e-06 
3.530147e-04 
6.302710e-04 
6.302710e-04 
6.302710e-04 
1.834781e-03 
8.203922e-01 
9.543225e-01 
9.543225e-01 
9.543225e-01 
9.542757e-01 
9.542436e-01 
9.542427e-01 
9.542427e-01 
9.542427e-01 
2.140799e-02 
7.763387e-06 
2.679771e-06 
2.679772e-06 
2.679772e-06 
5.593549e-06 
4.234167e-04 
6.302710e-04 
6.302710e-04 
6.302710e-04 
2.060831e-03 
9.064535e-01 
9.543225e-01 
9.543225e-01 
9.543225e-01 
9.542722e-01 
9.542432e-01 
9.542427e-01 
9.542427e-01 
9.542427e-01 
1.199125e-02 
7.005550e-06 
2.679772e-06 
2.679772e-06 
2.679772e-06 
6.093663e-06 
4.880121e-04 
6.302710e-04 
6.302710e-04 
6.302710e-04 
2.333480e-03 
9.389760e-01 
9.543225e-01 
9.543225e-01 
9.543225e-01 
9.542690e-01 
9.542430e-01 
9.542427e-01 
9.542427e-01 
9.542427e-01 
6.510635e-03 
1.266259e-05 
1.644829e-05 
1.644829e-05 
1.644829e-05 
1.983732e-05 
-4.176252e-04 
-5.700034e-04 
-5.700034e-04 
-5.700034e-04 
-2.593480e-03 
-9.494008e-01 
-9.543222e-01 
-9.543222e-01 
-9.543222e-01 
-9.542594e-01 
-9.542421e-01 
-9.542419e-01 
-9.542419e-01 
-9.542419e-01 
-3.285911e-03 
1.413135e-05 
1.644829e-05 
1.644829e-05 
1.644829e-05 
2.022143e-05 
-4.759697e-04 
-5.700034e-04 
-5.700034e-04 
-5.700034e-04 
-2.990757e-03 
-9.527460e-01 
-9.543222e-01 
-9.543222e-01 
-9.543222e-01 
-9.542575e-01 
-9.542420e-01 
-9.542419e-01 
-9.542419e-01 
-9.542419e-01 
-1.658707e-03 
1.516134e-05 
1.644829e-05 
1.644829e-05 
1.644829e-05 
2.062730e-05 
-5.157669e-04 
-5.700034e-04 
-5.700034e-04 
-5.700034e-04 
-3.476316e-03 
-9.538171e-01 
-9.543222e-01 
-9.543222e-01 
-9.543222e-01 
-9.542559e-01 
-9.542420e-01 
-9.542419e-01 
-9.542419e-01 
-9.542419e-01 
-8.104973e-04 
1.579422e-05 
1.644829e-05 
1.644829e-05 
1.644829e-05 
2.105370e-05 
-5.404240e-04 
-5.700034e-04 
-5.700034e-04 
-5.700034e-04 
-4.075967e-03 
-9.541604e-01 
-9.543222e-01 
-9.543222e-01 
-9.543222e-01 
-9.542545e-01 
-9.542420e-01 
-9.542419e-01 
-9.542419e-01 
-9.542419e-01 
-3.812492e-04 
1.614394e-05 
1.644829e-05 
1.644829e-05 
1.644829e-05 
2.149784e-05 
-5.545925e-04 
-5.700034e-04 
-5.700034e-04 
-5.700034e-04 
-4.825011e-03 
-9.542704e-01 
-9.543222e-01 
-9.543222e-01 
-9.543222e-01 
-9.542533e-01 
-9.542420e-01 
-9.542419e-01 
-9.542419e-01 
-9.542419e-01 
-1.701459e-04 
1.632006e-05 
1.644829e-05 
1.644829e-05 
1.644829e-05 
2.195445e-05 
-5.622627e-04 
-5.700034e-04 
-5.700034e-04 
-5.700034e-04 
-5.772498e-03 
-9.543056e-01 
-9.543222e-01 
-9.543222e-01 
-9.543222e-01 
-9.542523e-01 
-9.542419e-01 
-9.542419e-01 
-9.542419e-01 
-9.542419e-01 
-6.934364e-05 
1.640106e-05 
1.644829e-05 
1.644829e-05 
1.644829e-05 
2.241439e-05 
-5.662317e-04 
-5.700034e-04 
-5.700034e-04 
-5.700034e-04 
-6.987772e-03 
-9.543169e-01 
-9.543222e-01 
-9.543222e-01 
-9.543222e-01 
-9.542513e-01 
-9.542419e-01 
-9.542419e-01 
-9.542419e-01 
-9.542419e-01 
-2.280751e-05 
1.643469e-05 
1.644829e-05 
1.644829e-05 
1.644829e-05 
2.286257e-05 
-5.682110e-04 
-5.700034e-04 
-5.700034e-04 
-5.700034e-04 
-8.570782e-03 
-9.543205e-01 
-9.543222e-01 
-9.543222e-01 
-9.543222e-01 
-9.542504e-01 
-9.542419e-01 
-9.542419e-01 
-9.542419e-01 
-9.513826e-01 
-2.264843e-06 
1.644683e-05 
1.644829e-05 
1.644829e-05 
1.644884e-05 
2.327446e-05 
-5.691690e-04 
-5.700034e-04 
-5.700034e-04 
-5.749865e-04 
-1.066870e-02 
-9.543217e-01 
-9.543222e-01 
-9.543222e-01 
-9.543219e-01 
-9.542496e-01 
-9.542420e-01 
-9.542420e-01 
-9.542420e-01 
-9.128582e-01 
4.118473e-06 
2.701453e-06 
2.701137e-06 
2.701137e-06 
2.708360e-06 
1.954554e-05 
6.301155e-04 
6.302804e-04 
6.302804e-04 
6.563401e-04 
1.375986e-02 
9.543223e-01 
9.543225e-01 
9.543225e-01 
9.543210e-01 
9.542512e-01 
9.542427e-01 
9.542427e-01 
9.542427e-01 
8.462390e-01 
1.704574e-05 
1.645047e-05 
1.644829e-05 
1.644829e-05 
1.650188e-05 
2.380825e-05 
-5.698309e-04 
-5.700034e-04 
-5.700034e-04 
-6.239436e-04 
-1.741823e-02 
-9.543222e-01 
-9.543222e-01 
-9.543222e-01 
-9.543181e-01 
-9.542482e-01 
-9.542420e-01 
-9.542420e-01 
-9.542420e-01 
-7.645765e-01 
7.705491e-06 
2.701767e-06 
2.701137e-06 
2.701137e-06 
2.791317e-06 
2.733409e-05 
6.302495e-04 
6.302804e-04 
6.302804e-04 
7.340682e-04 
2.335624e-02 
9.543224e-01 
9.543225e-01 
9.543225e-01 
9.543161e-01 
9.542495e-01 
9.542427e-01 
9.542427e-01 
9.542427e-01 
6.754462e-01 
1.101036e-05 
1.644932e-05 
1.644829e-05 
1.644829e-05 
1.669413e-05 
2.331994e-05 
-5.699694e-04 
-5.700034e-04 
-5.700034e-04 
-7.133461e-04 
-3.102632e-02 
-9.543222e-01 
-9.543222e-01 
-9.543222e-01 
-9.543112e-01 
-9.542469e-01 
-9.542419e-01 
-9.542419e-01 
-9.542419e-01 
-5.830968e-01 
8.932184e-06 
1.644889e-05 
1.644829e-05 
1.644829e-05 
1.684030e-05 
2.220421e-05 
-5.699885e-04 
-5.700034e-04 
-5.700034e-04 
-7.708510e-04 
-4.313772e-02 
-9.543222e-01 
-9.543222e-01 
-9.543222e-01 
-9.543071e-01 
-9.542463e-01 
-9.542419e-01 
-9.542419e-01 
-9.542419e-01 
-4.902356e-01 
8.313774e-06 
1.644862e-05 
1.644829e-05 
1.644829e-05 
1.701178e-05 
1.998267e-05 
-5.699969e-04 
-5.700034e-04 
-5.700034e-04 
-8.371362e-04 
-6.194012e-02 
-9.543222e-01 
-9.543222e-01 
-9.543222e-01 
-9.543027e-01 
-9.542458e-01 
-9.542419e-01 
-9.542419e-01 
-9.542419e-01 
-3.990909e-01 
7.773493e-06 
1.644846e-05 
1.644829e-05 
1.644829e-05 
1.720366e-05 
1.594110e-05 
-5.700006e-04 
-5.700034e-04 
-5.700034e-04 
-9.131396e-04 
-9.209187e-02 
-9.543222e-01 
-9.543222e-01 
-9.543222e-01 
-9.542979e-01 
-9.542453e-01 
-9.542419e-01 
-9.542419e-01 
-9.542419e-01 
-3.123828e-01 
7.358422e-06 
1.644838e-05 
1.644829e-05 
1.644829e-05 
1.741296e-05 
8.924289e-06 
-5.700022e-04 
-5.700034e-04 
-5.700034e-04 
-1.000290e-03 
-1.415148e-01 
-9.543222e-01 
-9.543222e-01 
-9.543222e-01 
-9.542929e-01 
-9.542448e-01 
-9.542419e-01 
-9.542419e-01 
-9.542419e-01 
-2.335191e-01 
7.093007e-06 
1.644834e-05 
1.644829e-05 
1.644829e-05 
1.763839e-05 
-2.866339e-06 
-5.700029e-04 
-5.700034e-04 
-5.700034e-04 
-1.100485e-03 
-2.216269e-01 
-9.543222e-01 
-9.543222e-01 
-9.543222e-01 
-9.542877e-01 
-9.542444e-01 
-9.542419e-01 
-9.542419e-01 
-9.542419e-01 
-1.659425e-01 
6.995480e-06 
1.644831e-05 
1.644829e-05 
1.644829e-05 
1.787974e-05 
-2.201062e-05 
-5.700031e-04 
-5.700034e-04 
-5.700034e-04 
-1.216125e-03 
-3.413390e-01 
-9.543222e-01 
-9.543222e-01 
-9.543222e-01 
-9.542824e-01 
-9.542440e-01 
-9.542419e-01 
-9.542419e-01 
-9.542419e-01 
-1.119339e-01 
7.079377e-06 
1.644830e-05 
1.644829e-05 
1.644829e-05 
1.813750e-05 
-5.169524e-05 
-5.700033e-04 
-5.700034e-04 
-5.700034e-04 
-1.350212e-03 
-4.921877e-01 
-9.543222e-01 
-9.543222e-01 
-9.543222e-01 
-9.542774e-01 
-9.542436e-01 
-9.542419e-01 
-9.542419e-01 
-9.542419e-01 
-7.178124e-02 
7.351613e-06 
1.644830e-05 
1.644829e-05 
1.644829e-05 
1.841252e-05 
-9.498979e-05 
-5.700033e-04 
-5.700034e-04 
-5.700034e-04 
-1.506497e-03 
-6.464821e-01 
-9.543222e-01 
-9.543222e-01 
-9.543222e-01 
-9.542728e-01 
-9.542432e-01 
-9.542419e-01 
-9.542419e-01 
-9.542419e-01 
-4.391483e-02 
7.865725e-06 
1.644829e-05 
1.644829e-05 
1.644829e-05 
1.870583e-05 
-1.537543e-04 
-5.700034e-04 
-5.700034e-04 
-5.700034e-04 
-1.689699e-03 
-7.799636e-01 
-9.543222e-01 
-9.543222e-01 
-9.543222e-01 
-9.542688e-01 
-9.542428e-01 
-9.542419e-01 
-9.542419e-01 
-9.542419e-01 
-2.573821e-02 
8.831788e-06 
1.644829e-05 
1.644829e-05 
1.644829e-05 
1.901852e-05 
-2.276608e-04 
-5.700034e-04 
-5.700034e-04 
-5.700034e-04 
-1.905806e-03 
-8.825269e-01 
-9.543222e-01 
-9.543222e-01 
-9.543222e-01 
-9.542654e-01 
-9.542425e-01 
-9.542419e-01 
-9.542419e-01 
-9.542419e-01 
-1.451035e-02 
1.029586e-05 
1.644829e-05 
1.644829e-05 
1.644829e-05 
1.935163e-05 
-3.120100e-04 
-5.700034e-04 
-5.700034e-04 
-5.700034e-04 
-2.162497e-03 
-9.312948e-01 
-9.543222e-01 
-9.543222e-01 
-9.543222e-01 
-9.542625e-01 
-9.542422e-01 
-9.542419e-01 
-9.542419e-01 
-9.542419e-01 
-7.896309e-03 
1.205574e-05 
1.644829e-05 
1.644829e-05 
1.644829e-05 
1.970605e-05 
-3.924050e-04 
-5.700034e-04 
-5.700034e-04 
-5.700034e-04 
-2.469717e-03 
-9.469456e-01 
-9.543222e-01 
-9.543222e-01 
-9.543222e-01 
-9.542601e-01 
-9.542421e-01 
-9.542420e-01 
-9.542420e-01 
-9.542420e-01 
-4.163193e-03 
1.348642e-06 
2.701137e-06 
2.701137e-06 
2.701137e-06 
7.131492e-06 
5.653709e-04 
6.302804e-04 
6.302804e-04 
6.302804e-04 
2.916984e-03 
9.519628e-01 
9.543225e-01 
9.543225e-01 
9.543225e-01 
9.542644e-01 
9.542428e-01 
9.542427e-01 
9.542427e-01 
9.542427e-01 
2.254803e-03 
1.484545e-05 
1.644829e-05 
1.644829e-05 
1.644829e-05 
2.048055e-05 
-5.035821e-04 
-5.700034e-04 
-5.700034e-04 
-5.700034e-04 
-3.292104e-03 
-9.535650e-01 
-9.543222e-01 
-9.543222e-01 
-9.543222e-01 
-9.542564e-01 
-9.542420e-01 
-9.542420e-01 
-9.542420e-01 
-9.542420e-01 
-1.052954e-03 
2.278082e-06 
2.701137e-06 
2.701137e-06 
2.701137e-06 
8.704889e-06 
6.105361e-04 
6.302804e-04 
6.302804e-04 
6.302804e-04 
3.939137e-03 
9.540802e-01 
9.543225e-01 
9.543225e-01 
9.543225e-01 
9.542600e-01 
9.542427e-01 
9.542427e-01 
9.542427e-01 
9.542427e-01 
5.824719e-04 
3.089213e-06 
2.679772e-06 
2.679772e-06 
2.679772e-06 
9.630835e-06 
6.201657e-04 
6.302710e-04 
6.302710e-04 
6.302710e-04 
4.640729e-03 
9.542449e-01 
9.543225e-01 
9.543225e-01 
9.543225e-01 
9.542581e-01 
9.542427e-01 
9.542427e-01 
9.542427e-01 
9.542427e-01 
2.937962e-04 
2.870847e-06 
2.679772e-06 
2.679772e-06 
2.679772e-06 
1.079625e-05 
6.252995e-04 
6.302710e-04 
6.302710e-04 
6.302710e-04 
5.526940e-03 
9.542976e-01 
9.543225e-01 
9.543225e-01 
9.543225e-01 
9.542565e-01 
9.542427e-01 
9.542427e-01 
9.542427e-01 
9.542427e-01 
1.501823e-04 
2.761367e-06 
2.679772e-06 
2.679772e-06 
2.679772e-06 
1.218560e-05 
6.279035e-04 
6.302710e-04 
6.302710e-04 
6.302710e-04 
6.657650e-03 
9.543145e-01 
9.543225e-01 
9.543225e-01 
9.543225e-01 
9.542551e-01 
9.542427e-01 
9.542427e-01 
9.542427e-01 
9.542427e-01 
7.954272e-05 
2.710885e-06 
2.679772e-06 
2.679772e-06 
2.679772e-06 
1.385845e-05 
6.291738e-04 
6.302710e-04 
6.302710e-04 
6.302710e-04 
8.121555e-03 
9.543199e-01 
9.543225e-01 
9.543225e-01 
9.543225e-01 
9.542538e-01 
9.542427e-01 
9.542427e-01 
9.542427e-01 
9.542427e-01 
4.489963e-05 
1.644398e-05 
1.644829e-05 
1.644829e-05 
1.644831e-05 
2.313424e-05 
-5.689061e-04 
-5.700034e-04 
-5.700034e-04 
-5.716135e-04 
-9.851842e-03 
-9.543214e-01 
-9.543222e-01 
-9.543222e-01 
-9.543221e-01 
-9.542499e-01 
-9.542419e-01 
-9.542419e-01 
-9.542419e-01 
-9.306947e-01 
4.040077e-06 
1.644955e-05 
1.644829e-05 
1.644829e-05 
1.645423e-05 
2.350313e-05 
-5.694980e-04 
-5.700034e-04 
-5.700034e-04 
-5.854996e-04 
0.000000e+00 
0.000000e+00 
0.000000e+00 
0.000000e+00 
0.000000e+00
#[#TRACE_DATA]
#[#TRACE]
