#[TRACE]
#data_labels=Output
#[TRACE_DATA]
4.831461e-04 
9.363696e-01 
9.542477e-01 
9.542477e-01 
9.542477e-01 
9.542476e-01 
9.542367e-01 
9.542331e-01 
9.542331e-01 
9.542331e-01 
9.542331e-01 
5.810330e-01 
1.859182e-05 
2.549280e-06 
2.579277e-06 
2.579277e-06 
2.579277e-06 
3.287155e-06 
2.929147e-05 
5.244586e-04 
5.246323e-04 
5.246323e-04 
5.246323e-04 
1.311350e-03 
1.150522e-01 
9.542477e-01 
9.542477e-01 
9.542477e-01 
9.542477e-01 
9.542409e-01 
9.542338e-01 
9.542331e-01 
9.542331e-01 
9.542331e-01 
9.542331e-01 
2.096607e-03 
9.266870e-06 
1.592590e-05 
1.592589e-05 
1.592589e-05 
1.592638e-05 
2.040389e-05 
-3.872478e-04 
-4.683208e-04 
-4.683208e-04 
-4.683208e-04 
-5.695115e-04 
-9.899259e-03 
-9.542083e-01 
-9.542476e-01 
-9.542476e-01 
-9.542476e-01 
-9.542454e-01 
-9.542345e-01 
-9.542329e-01 
-9.542329e-01 
-9.542329e-01 
-9.542329e-01 
-1.426120e-01 
7.924249e-06 
1.592728e-05 
1.592589e-05 
1.592589e-05 
1.592589e-05 
1.788429e-05 
-7.259175e-06 
-4.683158e-04 
-4.683208e-04 
-4.683208e-04 
-4.683208e-04 
-2.442923e-03 
-7.661376e-01 
-9.542476e-01 
-9.542476e-01 
-9.542476e-01 
-9.542476e-01 
-9.542364e-01 
-9.542329e-01 
-9.542329e-01 
-9.542329e-01 
-9.542329e-01 
-7.910255e-01 
-1.816547e-05 
1.549567e-05 
1.592589e-05 
1.592589e-05 
1.592589e-05 
1.631435e-05 
2.216046e-05 
-4.659229e-04 
-4.683208e-04 
-4.683208e-04 
-4.683208e-04 
-9.401040e-04 
-4.534343e-02 
-9.542475e-01 
-9.542476e-01 
-9.542476e-01 
-9.542476e-01 
-9.542411e-01 
-9.542337e-01 
-9.542329e-01 
-9.542329e-01 
-9.542329e-01 
-9.542329e-01 
-9.057772e-03 
7.283750e-06 
1.592594e-05 
1.592589e-05 
1.592589e-05 
1.592589e-05 
1.953546e-05 
-2.478322e-04 
-4.683207e-04 
-4.683208e-04 
-4.683208e-04 
-4.895987e-04 
-6.050501e-03 
-9.536874e-01 
-9.542476e-01 
-9.542476e-01 
-9.542476e-01 
-9.542466e-01 
-9.542350e-01 
-9.542329e-01 
-9.542329e-01 
-9.542329e-01 
-9.542329e-01 
-3.067975e-01 
9.434062e-06 
1.592746e-05 
1.592589e-05 
1.592589e-05 
1.592589e-05 
1.732019e-05 
1.474104e-05 
-4.682863e-04 
-4.683208e-04 
-4.683208e-04 
-4.683208e-04 
-1.768375e-03 
-4.218435e-01 
-9.542476e-01 
-9.542476e-01 
-9.542476e-01 
-9.542476e-01 
-9.542373e-01 
-9.542331e-01 
-9.542329e-01 
-9.542329e-01 
-9.542329e-01 
-9.420749e-01 
-1.995659e-04 
1.391232e-05 
1.592589e-05 
1.592589e-05 
1.592589e-05 
1.603872e-05 
2.155930e-05 
-4.556331e-04 
-4.683208e-04 
-4.683208e-04 
-4.683208e-04 
-7.441446e-04 
-2.155747e-02 
-9.542464e-01 
-9.542476e-01 
-9.542476e-01 
-9.542476e-01 
-9.542431e-01 
-9.542340e-01 
-9.542329e-01 
-9.542329e-01 
-9.542329e-01 
-9.542329e-01 
-3.479884e-02 
2.676666e-06 
2.579391e-06 
2.579277e-06 
2.579277e-06 
2.579277e-06 
5.996749e-06 
2.492416e-04 
5.246321e-04 
5.246323e-04 
5.246323e-04 
5.246323e-04 
4.067838e-03 
9.462888e-01 
9.542477e-01 
9.542477e-01 
9.542477e-01 
9.542475e-01 
9.542365e-01 
9.542331e-01 
9.542331e-01 
9.542331e-01 
9.542331e-01 
5.149629e-01 
1.658371e-05 
1.590180e-05 
1.592589e-05 
1.592589e-05 
1.592589e-05 
1.683436e-05 
2.101045e-05 
-4.680929e-04 
-4.683208e-04 
-4.683208e-04 
-4.683208e-04 
-1.321228e-03 
-1.553106e-01 
-9.542476e-01 
-9.542476e-01 
-9.542476e-01 
-9.542476e-01 
-9.542386e-01 
-9.542334e-01 
-9.542329e-01 
-9.542329e-01 
-9.542329e-01 
-9.542329e-01 
-1.193066e-03 
6.668152e-08 
2.579280e-06 
2.579277e-06 
2.579277e-06 
2.582771e-06 
1.027319e-05 
4.942503e-04 
5.246323e-04 
5.246323e-04 
5.246323e-04 
6.744062e-04 
1.197644e-02 
9.542302e-01 
9.542477e-01 
9.542477e-01 
9.542477e-01 
9.542455e-01 
9.542350e-01 
9.542331e-01 
9.542331e-01 
9.542331e-01 
9.542331e-01 
1.072870e-01 
7.637788e-06 
1.592689e-05 
1.592589e-05 
1.592589e-05 
1.592589e-05 
1.807336e-05 
-2.052767e-05 
-4.683180e-04 
-4.683208e-04 
-4.683208e-04 
-4.683208e-04 
-2.715371e-03 
-8.452624e-01 
-9.542476e-01 
-9.542476e-01 
-9.542476e-01 
-9.542476e-01 
-9.542361e-01 
-9.542329e-01 
-9.542329e-01 
-9.542329e-01 
-9.542329e-01 
-7.294822e-01 
-3.742436e-06 
1.568185e-05 
1.592589e-05 
1.592589e-05 
1.592589e-05 
1.642289e-05 
2.219131e-05 
-4.669165e-04 
-4.683208e-04 
-4.683208e-04 
-4.683208e-04 
-1.014112e-03 
-5.878736e-02 
-9.542476e-01 
-9.542476e-01 
-9.542476e-01 
-9.542476e-01 
-9.542404e-01 
-9.542336e-01 
-9.542329e-01 
-9.542329e-01 
-9.542329e-01 
-9.542329e-01 
-5.788058e-03 
7.626198e-06 
1.592592e-05 
1.592589e-05 
1.592589e-05 
1.592589e-05 
1.979207e-05 
-2.972591e-04 
-4.683207e-04 
-4.683208e-04 
-4.683208e-04 
-5.084316e-04 
-6.975194e-03 
-9.539983e-01 
-9.542476e-01 
-9.542476e-01 
-9.542476e-01 
-9.542463e-01 
-9.542348e-01 
-9.542329e-01 
-9.542329e-01 
-9.542329e-01 
-9.542329e-01 
-2.501391e-01 
8.949449e-06 
1.592797e-05 
1.592589e-05 
1.592589e-05 
1.592589e-05 
1.748337e-05 
1.053030e-05 
-4.683016e-04 
-4.683208e-04 
-4.683208e-04 
-4.683208e-04 
-1.944341e-03 
-5.334011e-01 
-9.542476e-01 
-9.542476e-01 
-9.542476e-01 
-9.542476e-01 
-9.542370e-01 
-9.542331e-01 
-9.542329e-01 
-9.542329e-01 
-9.542329e-01 
-9.090971e-01 
-1.080174e-04 
1.460216e-05 
1.592589e-05 
1.592589e-05 
1.592589e-05 
1.610705e-05 
2.179356e-05 
-4.605552e-04 
-4.683208e-04 
-4.683208e-04 
-4.683208e-04 
-7.971814e-04 
-2.661283e-02 
-9.542470e-01 
-9.542476e-01 
-9.542476e-01 
-9.542476e-01 
-9.542425e-01 
-9.542339e-01 
-9.542329e-01 
-9.542329e-01 
-9.542329e-01 
-9.542329e-01 
-2.358692e-02 
6.939985e-06 
1.592605e-05 
1.592589e-05 
1.592589e-05 
1.592589e-05 
1.898258e-05 
-1.399169e-04 
-4.683206e-04 
-4.683208e-04 
-4.683208e-04 
-4.686078e-04 
-4.471640e-03 
-9.506989e-01 
-9.542476e-01 
-9.542476e-01 
-9.542476e-01 
-9.542472e-01 
-9.542353e-01 
-9.542329e-01 
-9.542329e-01 
-9.542329e-01 
-9.542329e-01 
-4.493261e-01 
1.011272e-05 
1.591704e-05 
1.592589e-05 
1.592589e-05 
1.592589e-05 
1.697462e-05 
1.992236e-05 
-4.681919e-04 
-4.683208e-04 
-4.683208e-04 
-4.683208e-04 
-1.439596e-03 
-2.140801e-01 
-9.542476e-01 
-9.542476e-01 
-9.542476e-01 
-9.542476e-01 
-9.542382e-01 
-9.542333e-01 
-9.542329e-01 
-9.542329e-01 
-9.542329e-01 
-9.542329e-01 
-7.086143e-04 
1.157476e-05 
1.592589e-05 
1.592589e-05 
1.592589e-05 
1.594587e-05 
2.095559e-05 
-4.321715e-04 
-4.683208e-04 
-4.683208e-04 
-4.683208e-04 
-6.412895e-04 
-1.392460e-02 
-9.542398e-01 
-9.542476e-01 
-9.542476e-01 
-9.542476e-01 
-9.542444e-01 
-9.542343e-01 
-9.542329e-01 
-9.542329e-01 
-9.542329e-01 
-9.542329e-01 
-7.793093e-02 
7.284388e-06 
1.592658e-05 
1.592589e-05 
1.592589e-05 
1.592589e-05 
1.827098e-05 
-3.849631e-05 
-4.683193e-04 
-4.683208e-04 
-4.683208e-04 
-4.683208e-04 
-3.029636e-03 
-9.037534e-01 
-9.542476e-01 
-9.542476e-01 
-9.542476e-01 
-9.542476e-01 
-9.542359e-01 
-9.542329e-01 
-9.542329e-01 
-9.542329e-01 
-9.542329e-01 
-6.652260e-01 
3.953145e-06 
1.579444e-05 
1.592589e-05 
1.592589e-05 
1.592589e-05 
1.653992e-05 
2.208955e-05 
-4.675065e-04 
-4.683208e-04 
-4.683208e-04 
-4.683208e-04 
-1.096361e-03 
-7.756007e-02 
-9.542476e-01 
-9.542476e-01 
-9.542476e-01 
-9.542476e-01 
-9.542398e-01 
-9.542336e-01 
-9.542329e-01 
-9.542329e-01 
-9.542329e-01 
-9.542329e-01 
-3.639412e-03 
8.182967e-06 
1.592591e-05 
1.592589e-05 
1.592589e-05 
1.592589e-05 
2.005633e-05 
-3.416838e-04 
-4.683208e-04 
-4.683208e-04 
-4.683208e-04 
-5.323117e-04 
-8.094500e-03 
-9.541366e-01 
-9.542476e-01 
-9.542476e-01 
-9.542476e-01 
-9.542459e-01 
-9.542347e-01 
-9.542329e-01 
-9.542329e-01 
-9.542329e-01 
-9.542329e-01 
-1.988500e-01 
8.472010e-06 
1.592779e-05 
1.592589e-05 
1.592589e-05 
1.592589e-05 
1.765407e-05 
4.437856e-06 
-4.683102e-04 
-4.683208e-04 
-4.683208e-04 
-4.683208e-04 
-2.144435e-03 
-6.425574e-01 
-9.542476e-01 
-9.542476e-01 
-9.542476e-01 
-9.542476e-01 
-9.542367e-01 
-9.542330e-01 
-9.542329e-01 
-9.542329e-01 
-9.542329e-01 
-8.626729e-01 
-5.460771e-05 
1.509397e-05 
1.592589e-05 
1.592589e-05 
1.592589e-05 
1.619007e-05 
2.199145e-05 
-4.636419e-04 
-4.683208e-04 
-4.683208e-04 
-4.683208e-04 
-8.557907e-04 
-3.329644e-02 
-9.542474e-01 
-9.542476e-01 
-9.542476e-01 
-9.542476e-01 
-9.542419e-01 
-9.542338e-01 
-9.542329e-01 
-9.542329e-01 
-9.542329e-01 
-9.542329e-01 
-1.569145e-02 
1.427204e-06 
2.579323e-06 
2.579277e-06 
2.579277e-06 
2.579277e-06 
6.812047e-06 
3.324717e-04 
5.246322e-04 
5.246323e-04 
5.246323e-04 
5.307672e-04 
5.230763e-03 
9.526709e-01 
9.542477e-01 
9.542477e-01 
9.542477e-01 
9.542472e-01 
9.542360e-01 
9.542331e-01 
9.542331e-01 
9.542331e-01 
9.542331e-01 
3.853836e-01 
1.204294e-05 
1.592417e-05 
1.592589e-05 
1.592589e-05 
1.592589e-05 
1.712166e-05 
1.822524e-05 
-4.682483e-04 
-4.683208e-04 
-4.683208e-04 
-4.683208e-04 
-1.572663e-03 
-2.931661e-01 
-9.542476e-01 
-9.542476e-01 
-9.542476e-01 
-9.542476e-01 
-9.542378e-01 
-9.542332e-01 
-9.542329e-01 
-9.542329e-01 
-9.542329e-01 
-9.542329e-01 
-4.164401e-04 
1.042360e-06 
2.579278e-06 
2.579277e-06 
2.579277e-06 
2.615674e-06 
1.221293e-05 
5.124588e-04 
5.246323e-04 
5.246323e-04 
5.246323e-04 
7.619748e-04 
1.713626e-02 
9.542443e-01 
9.542477e-01 
9.542477e-01 
9.542477e-01 
9.542447e-01 
9.542347e-01 
9.542331e-01 
9.542331e-01 
9.542331e-01 
9.542331e-01 
5.598795e-02 
7.100054e-06 
2.580900e-06 
2.581233e-06 
2.581233e-06 
2.581233e-06 
5.550655e-06 
1.995501e-04 
5.246300e-04 
5.246303e-04 
5.246303e-04 
5.246303e-04 
3.496589e-03 
9.317946e-01 
9.542477e-01 
9.542477e-01 
9.542477e-01 
9.542477e-01 
9.542368e-01 
9.542331e-01 
9.542331e-01 
9.542331e-01 
9.542331e-01 
5.996108e-01 
2.215229e-05 
2.659740e-06 
2.581233e-06 
2.581233e-06 
2.581233e-06 
3.250854e-06 
2.818305e-05 
5.244256e-04 
5.246303e-04 
5.246303e-04 
5.246303e-04 
1.279801e-03 
1.056406e-01 
9.542477e-01 
9.542477e-01 
9.542477e-01 
9.542477e-01 
9.542410e-01 
9.542338e-01 
9.542331e-01 
9.542331e-01 
9.542331e-01 
9.542331e-01 
2.393558e-03 
7.548122e-06 
2.581224e-06 
2.581233e-06 
2.581233e-06 
2.581336e-06 
9.264465e-06 
4.731198e-04 
5.246303e-04 
5.246303e-04 
5.246303e-04 
6.274673e-04 
9.701417e-03 
9.541984e-01 
9.542477e-01 
9.542477e-01 
9.542477e-01 
9.542459e-01 
9.542352e-01 
9.542331e-01 
9.542331e-01 
9.542331e-01 
9.542331e-01 
1.544734e-01 
8.191332e-06 
2.580380e-06 
2.581233e-06 
2.581233e-06 
2.581233e-06 
4.624826e-06 
1.037805e-04 
5.246282e-04 
5.246303e-04 
5.246303e-04 
5.246303e-04 
2.455108e-03 
7.414389e-01 
9.542477e-01 
9.542477e-01 
9.542477e-01 
9.542477e-01 
9.542378e-01 
9.542332e-01 
9.542331e-01 
9.542331e-01 
9.542331e-01 
8.076034e-01 
6.770233e-05 
1.542556e-05 
1.592589e-05 
1.592589e-05 
1.592589e-05 
1.628554e-05 
2.213384e-05 
-4.655398e-04 
-4.683208e-04 
-4.683208e-04 
-4.683208e-04 
-9.206370e-04 
-4.227746e-02 
-9.542475e-01 
-9.542476e-01 
-9.542476e-01 
-9.542476e-01 
-9.542412e-01 
-9.542338e-01 
-9.542329e-01 
-9.542329e-01 
-9.542329e-01 
-9.542329e-01 
-1.024288e-02 
7.213207e-06 
1.592595e-05 
1.592589e-05 
1.592589e-05 
1.592589e-05 
1.946479e-05 
-2.336193e-04 
-4.683207e-04 
-4.683208e-04 
-4.683208e-04 
-4.852902e-04 
-5.819759e-03 
-9.535445e-01 
-9.542476e-01 
-9.542476e-01 
-9.542476e-01 
-9.542467e-01 
-9.542350e-01 
-9.542329e-01 
-9.542329e-01 
-9.542329e-01 
-9.542329e-01 
-3.235267e-01 
9.563745e-06 
1.592708e-05 
1.592589e-05 
1.592589e-05 
1.592589e-05 
1.727562e-05 
1.566342e-05 
-4.682802e-04 
-4.683208e-04 
-4.683208e-04 
-4.683208e-04 
-1.722737e-03 
-3.915725e-01 
-9.542476e-01 
-9.542476e-01 
-9.542476e-01 
-9.542476e-01 
-9.542374e-01 
-9.542331e-01 
-9.542329e-01 
-9.542329e-01 
-9.542329e-01 
-9.479950e-01 
-2.352648e-04 
1.367930e-05 
1.592589e-05 
1.592589e-05 
1.592589e-05 
1.602245e-05 
2.148885e-05 
-4.537970e-04 
-4.683208e-04 
-4.683208e-04 
-4.683208e-04 
-7.301538e-04 
-2.036270e-02 
-9.542461e-01 
-9.542476e-01 
-9.542476e-01 
-9.542476e-01 
-9.542433e-01 
-9.542341e-01 
-9.542329e-01 
-9.542329e-01 
-9.542329e-01 
-9.542329e-01 
-3.866674e-02 
6.961056e-06 
1.592619e-05 
1.592589e-05 
1.592589e-05 
1.592589e-05 
1.869297e-05 
-9.199045e-05 
-4.683203e-04 
-4.683208e-04 
-4.683208e-04 
-4.683208e-04 
-3.818586e-03 
-9.442348e-01 
-9.542476e-01 
-9.542476e-01 
-9.542476e-01 
-9.542474e-01 
-9.542355e-01 
-9.542329e-01 
-9.542329e-01 
-9.542329e-01 
-9.542329e-01 
-5.334539e-01 
9.529881e-06 
1.589523e-05 
1.592589e-05 
1.592589e-05 
1.592589e-05 
1.679612e-05 
2.123299e-05 
-4.680537e-04 
-4.683208e-04 
-4.683208e-04 
-4.683208e-04 
-1.290311e-03 
-1.420270e-01 
-9.542476e-01 
-9.542476e-01 
-9.542476e-01 
-9.542476e-01 
-9.542388e-01 
-9.542334e-01 
-9.542329e-01 
-9.542329e-01 
-9.542329e-01 
-9.542329e-01 
-1.371797e-03 
1.004148e-05 
1.592590e-05 
1.592589e-05 
1.592589e-05 
1.592899e-05 
2.060181e-05 
-4.068066e-04 
-4.683208e-04 
-4.683208e-04 
-4.683208e-04 
-5.934088e-04 
-1.114570e-02 
-9.542256e-01 
-9.542476e-01 
-9.542476e-01 
-9.542476e-01 
-9.542450e-01 
-9.542344e-01 
-9.542329e-01 
-9.542329e-01 
-9.542329e-01 
-9.542329e-01 
-1.161312e-01 
7.661108e-06 
1.592699e-05 
1.592589e-05 
1.592589e-05 
1.592589e-05 
1.801933e-05 
-1.636352e-05 
-4.683175e-04 
-4.683208e-04 
-4.683208e-04 
-4.683208e-04 
-2.634830e-03 
-8.246587e-01 
-9.542476e-01 
-9.542476e-01 
-9.542476e-01 
-9.542476e-01 
-9.542362e-01 
-9.542329e-01 
-9.542329e-01 
-9.542329e-01 
-9.542329e-01 
-7.471372e-01 
-6.953819e-06 
1.563827e-05 
1.592589e-05 
1.592589e-05 
1.592589e-05 
1.639145e-05 
2.219400e-05 
-4.666872e-04 
-4.683208e-04 
-4.683208e-04 
-4.683208e-04 
-9.925089e-04 
-5.455247e-02 
-9.542475e-01 
-9.542476e-01 
-9.542476e-01 
-9.542476e-01 
-9.542406e-01 
-9.542337e-01 
-9.542329e-01 
-9.542329e-01 
-9.542329e-01 
-9.542329e-01 
-6.581093e-03 
1.928264e-07 
2.579294e-06 
2.579277e-06 
2.579277e-06 
2.579277e-06 
7.814865e-06 
4.103590e-04 
5.246322e-04 
5.246323e-04 
5.246323e-04 
5.629455e-04 
6.877559e-03 
9.539353e-01 
9.542477e-01 
9.542477e-01 
9.542477e-01 
9.542467e-01 
9.542356e-01 
9.542331e-01 
9.542331e-01 
9.542331e-01 
9.542331e-01 
2.659401e-01 
9.713616e-06 
1.592792e-05 
1.592589e-05 
1.592589e-05 
1.592589e-05 
1.743673e-05 
1.187874e-05 
-4.682982e-04 
-4.683208e-04 
-4.683208e-04 
-4.683208e-04 
-1.892574e-03 
-5.018053e-01 
-9.542476e-01 
-9.542476e-01 
-9.542476e-01 
-9.542476e-01 
-9.542371e-01 
-9.542331e-01 
-9.542329e-01 
-9.542329e-01 
-9.542329e-01 
-9.199809e-01 
-1.315188e-04 
1.841165e-06 
2.579277e-06 
2.579277e-06 
2.579277e-06 
2.704790e-06 
1.476684e-05 
5.201588e-04 
5.246323e-04 
5.246323e-04 
5.246323e-04 
8.681028e-04 
2.558594e-02 
9.542470e-01 
9.542477e-01 
9.542477e-01 
9.542477e-01 
9.542438e-01 
9.542345e-01 
9.542331e-01 
9.542331e-01 
9.542331e-01 
9.542331e-01 
2.673334e-02 
6.937232e-06 
1.592608e-05 
1.592589e-05 
1.592589e-05 
1.592589e-05 
1.891771e-05 
-1.284841e-04 
-4.683205e-04 
-4.683208e-04 
-4.683208e-04 
-4.683208e-04 
-4.316345e-03 
-9.497905e-01 
-9.542476e-01 
-9.542476e-01 
-9.542476e-01 
-9.542473e-01 
-9.542354e-01 
-9.542329e-01 
-9.542329e-01 
-9.542329e-01 
-9.542329e-01 
-4.676615e-01 
1.008318e-05 
1.591379e-05 
1.592589e-05 
1.592589e-05 
1.592589e-05 
1.693449e-05 
2.028096e-05 
-4.681694e-04 
-4.683208e-04 
-4.683208e-04 
-4.683208e-04 
-1.404909e-03 
-1.955936e-01 
-9.542476e-01 
-9.542476e-01 
-9.542476e-01 
-9.542476e-01 
-9.542383e-01 
-9.542333e-01 
-9.542329e-01 
-9.542329e-01 
-9.542329e-01 
-9.542329e-01 
-8.213315e-04 
1.123613e-05 
1.592589e-05 
1.592589e-05 
1.592589e-05 
1.594037e-05 
2.087814e-05 
-4.275341e-04 
-4.683208e-04 
-4.683208e-04 
-4.683208e-04 
-6.301953e-04 
-1.324337e-02 
-9.542378e-01 
-9.542476e-01 
-9.542476e-01 
-9.542476e-01 
-9.542446e-01 
-9.542343e-01 
-9.542329e-01 
-9.542329e-01 
-9.542329e-01 
-9.542329e-01 
-8.536100e-02 
7.356374e-06 
1.592666e-05 
1.592589e-05 
1.592589e-05 
1.592589e-05 
1.821452e-05 
-3.291106e-05 
-4.683190e-04 
-4.683208e-04 
-4.683208e-04 
-4.683208e-04 
-2.936575e-03 
-8.908426e-01 
-9.542476e-01 
-9.542476e-01 
-9.542476e-01 
-9.542476e-01 
-9.542360e-01 
-9.542329e-01 
-9.542329e-01 
-9.542329e-01 
-9.542329e-01 
-6.834879e-01 
2.273774e-06 
1.576856e-05 
1.592589e-05 
1.592589e-05 
1.592589e-05 
1.650621e-05 
2.213455e-05 
-4.673710e-04 
-4.683208e-04 
-4.683208e-04 
-4.683208e-04 
-1.072333e-03 
-7.161560e-02 
-9.542476e-01 
-9.542476e-01 
-9.542476e-01 
-9.542476e-01 
-9.542400e-01 
-9.542336e-01 
-9.542329e-01 
-9.542329e-01 
-9.542329e-01 
-9.542329e-01 
-4.153390e-03 
7.999816e-06 
1.592591e-05 
1.592589e-05 
1.592589e-05 
1.592589e-05 
1.998130e-05 
-3.298929e-04 
-4.683208e-04 
-4.683208e-04 
-4.683208e-04 
-5.251152e-04 
-7.757241e-03 
-9.541083e-01 
-9.542476e-01 
-9.542476e-01 
-9.542476e-01 
-9.542460e-01 
-9.542347e-01 
-9.542329e-01 
-9.542329e-01 
-9.542329e-01 
-9.542329e-01 
-2.126652e-01 
8.603160e-06 
1.592787e-05 
1.592589e-05 
1.592589e-05 
1.592589e-05 
1.760528e-05 
6.379029e-06 
-4.683082e-04 
-4.683208e-04 
-4.683208e-04 
-4.683208e-04 
-2.085489e-03 
-6.126633e-01 
-9.542476e-01 
-9.542476e-01 
-9.542476e-01 
-9.542476e-01 
-9.542368e-01 
-9.542330e-01 
-9.542329e-01 
-9.542329e-01 
-9.542329e-01 
-8.767739e-01 
-6.679476e-05 
1.497367e-05 
1.592589e-05 
1.592589e-05 
1.592589e-05 
1.616537e-05 
2.194046e-05 
-4.629160e-04 
-4.683208e-04 
-4.683208e-04 
-4.683208e-04 
-8.387070e-04 
-3.121823e-02 
-9.542473e-01 
-9.542476e-01 
-9.542476e-01 
-9.542476e-01 
-9.542421e-01 
-9.542339e-01 
-9.542329e-01 
-9.542329e-01 
-9.542329e-01 
-9.542329e-01 
-1.762508e-02 
6.994678e-06 
1.592601e-05 
1.592589e-05 
1.592589e-05 
1.592589e-05 
1.915169e-05 
-1.713197e-04 
-4.683206e-04 
-4.683208e-04 
-4.683208e-04 
-4.716946e-04 
-4.903428e-03 
-9.522637e-01 
-9.542476e-01 
-9.542476e-01 
-9.542476e-01 
-9.542471e-01 
-9.542352e-01 
-9.542329e-01 
-9.542329e-01 
-9.542329e-01 
-9.542329e-01 
-4.030266e-01 
1.003101e-05 
1.592272e-05 
1.592589e-05 
1.592589e-05 
1.592589e-05 
1.707961e-05 
1.877728e-05 
-4.682355e-04 
-4.683208e-04 
-4.683208e-04 
-4.683208e-04 
-1.533626e-03 
-2.688097e-01 
-9.542476e-01 
-9.542476e-01 
-9.542476e-01 
-9.542476e-01 
-9.542379e-01 
-9.542332e-01 
-9.542329e-01 
-9.542329e-01 
-9.542329e-01 
-9.542329e-01 
-4.823285e-04 
1.240807e-05 
1.592589e-05 
1.592589e-05 
1.592589e-05 
1.596554e-05 
2.115177e-05 
-4.419990e-04 
-4.683208e-04 
-4.683208e-04 
-4.683208e-04 
-6.711675e-04 
-1.588488e-02 
-9.542432e-01 
-9.542476e-01 
-9.542476e-01 
-9.542476e-01 
-9.542440e-01 
-9.542342e-01 
-9.542329e-01 
-9.542329e-01 
-9.542329e-01 
-9.542329e-01 
-6.122053e-02 
7.129275e-06 
1.592640e-05 
1.592589e-05 
1.592589e-05 
1.592589e-05 
1.841847e-05 
-5.483891e-05 
-4.683198e-04 
-4.683208e-04 
-4.683208e-04 
-4.683208e-04 
-3.285880e-03 
-9.260027e-01 
-9.542476e-01 
-9.542476e-01 
-9.542476e-01 
-9.542476e-01 
-9.542358e-01 
-9.542329e-01 
-9.542329e-01 
-9.542329e-01 
-9.542329e-01 
-6.181203e-01 
7.000477e-06 
1.584481e-05 
1.592589e-05 
1.592589e-05 
1.592589e-05 
1.662875e-05 
2.190296e-05 
-4.677735e-04 
-4.683208e-04 
-4.683208e-04 
-4.683208e-04 
-1.161194e-03 
-9.569232e-02 
-9.542476e-01 
-9.542476e-01 
-9.542476e-01 
-9.542476e-01 
-9.542394e-01 
-9.542335e-01 
-9.542329e-01 
-9.542329e-01 
-9.542329e-01 
-9.542329e-01 
-2.586068e-03 
-3.487284e-07 
2.579283e-06 
2.579277e-06 
2.579277e-06 
2.579297e-06 
9.066553e-06 
4.672048e-04 
5.246323e-04 
5.246323e-04 
5.246323e-04 
6.181497e-04 
9.280035e-03 
9.541858e-01 
9.542477e-01 
9.542477e-01 
9.542477e-01 
9.542460e-01 
9.542353e-01 
9.542331e-01 
9.542331e-01 
9.542331e-01 
9.542331e-01 
1.663891e-01 
8.337631e-06 
1.592751e-05 
1.592589e-05 
1.592589e-05 
1.592589e-05 
1.778159e-05 
-1.489514e-06 
-4.683138e-04 
-4.683208e-04 
-4.683208e-04 
-4.683208e-04 
-2.305486e-03 
-7.147093e-01 
-9.542476e-01 
-9.542476e-01 
-9.542476e-01 
-9.542476e-01 
-9.542365e-01 
-9.542330e-01 
-9.542329e-01 
-9.542329e-01 
-9.542329e-01 
-8.237503e-01 
-3.317872e-05 
2.285737e-06 
2.579277e-06 
2.579277e-06 
2.579277e-06 
2.854514e-06 
1.821607e-05 
5.230929e-04 
5.246323e-04 
5.246323e-04 
5.246323e-04 
9.954110e-04 
4.023549e-02 
9.542476e-01 
9.542477e-01 
9.542477e-01 
9.542477e-01 
9.542428e-01 
9.542342e-01 
9.542331e-01 
9.542331e-01 
9.542331e-01 
9.542331e-01 
1.183550e-02 
7.135150e-06 
2.581175e-06 
2.581233e-06 
2.581233e-06 
2.581233e-06 
7.145727e-06 
3.619647e-04 
5.246303e-04 
5.246303e-04 
5.246303e-04 
5.393296e-04 
5.754600e-03 
9.533662e-01 
9.542477e-01 
9.542477e-01 
9.542477e-01 
9.542470e-01 
9.542359e-01 
9.542331e-01 
9.542331e-01 
9.542331e-01 
9.542331e-01 
3.408005e-01 
1.104537e-05 
2.583856e-06 
2.581233e-06 
2.581233e-06 
2.581233e-06 
3.873807e-06 
5.231256e-05 
5.246115e-04 
5.246303e-04 
5.246303e-04 
5.246303e-04 
1.757752e-03 
3.641623e-01 
9.542477e-01 
9.542477e-01 
9.542477e-01 
9.542477e-01 
9.542391e-01 
9.542335e-01 
9.542331e-01 
9.542331e-01 
9.542331e-01 
9.520773e-01 
3.484601e-04 
4.776537e-06 
2.581232e-06 
2.581233e-06 
2.581233e-06 
2.642499e-06 
1.304548e-05 
5.160598e-04 
5.246303e-04 
5.246303e-04 
5.246303e-04 
7.977354e-04 
1.968566e-02 
9.542458e-01 
9.542477e-01 
9.542477e-01 
9.542477e-01 
9.542444e-01 
9.542346e-01 
9.542331e-01 
9.542331e-01 
9.542331e-01 
9.542331e-01 
4.333760e-02 
6.998048e-06 
2.580982e-06 
2.581233e-06 
2.581233e-06 
2.581233e-06 
5.793154e-06 
2.268245e-04 
5.246301e-04 
5.246303e-04 
5.246303e-04 
5.246303e-04 
3.801845e-03 
9.416924e-01 
9.542477e-01 
9.542477e-01 
9.542477e-01 
9.542476e-01 
9.542366e-01 
9.542331e-01 
9.542331e-01 
9.542331e-01 
9.542331e-01 
5.521101e-01 
1.865288e-05 
1.588734e-05 
1.592589e-05 
1.592589e-05 
1.592589e-05 
1.675842e-05 
2.142515e-05 
-4.680079e-04 
-4.683208e-04 
-4.683208e-04 
-4.683208e-04 
-1.260363e-03 
-1.299845e-01 
-9.542476e-01 
-9.542476e-01 
-9.542476e-01 
-9.542476e-01 
-9.542389e-01 
-9.542334e-01 
-9.542329e-01 
-9.542329e-01 
-9.542329e-01 
-9.542329e-01 
-1.579732e-03 
9.725294e-06 
1.592590e-05 
1.592589e-05 
1.592589e-05 
1.592757e-05 
2.052420e-05 
-3.996505e-04 
-4.683208e-04 
-4.683208e-04 
-4.683208e-04 
-5.838024e-04 
-1.063482e-02 
-9.542200e-01 
-9.542476e-01 
-9.542476e-01 
-9.542476e-01 
-9.542452e-01 
-9.542345e-01 
-9.542329e-01 
-9.542329e-01 
-9.542329e-01 
-9.542329e-01 
-1.260530e-01 
7.759897e-06 
1.592710e-05 
1.592589e-05 
1.592589e-05 
1.592589e-05 
1.796597e-05 
-1.254925e-05 
-4.683169e-04 
-4.683208e-04 
-4.683208e-04 
-4.683208e-04 
-2.557429e-03 
-8.027506e-01 
-9.542476e-01 
-9.542476e-01 
-9.542476e-01 
-9.542476e-01 
-9.542363e-01 
-9.542329e-01 
-9.542329e-01 
-9.542329e-01 
-9.542329e-01 
-7.645429e-01 
-1.077309e-05 
1.558823e-05 
1.592589e-05 
1.592589e-05 
1.592589e-05 
1.636071e-05 
2.218732e-05 
-4.664208e-04 
-4.683208e-04 
-4.683208e-04 
-4.683208e-04 
-9.715334e-04 
-5.069194e-02 
-9.542475e-01 
-9.542476e-01 
-9.542476e-01 
-9.542476e-01 
-9.542408e-01 
-9.542337e-01 
-9.542329e-01 
-9.542329e-01 
-9.542329e-01 
-9.542329e-01 
-7.461291e-03 
7.413537e-06 
1.592593e-05 
1.592589e-05 
1.592589e-05 
1.592589e-05 
1.964672e-05 
-2.698227e-04 
-4.683207e-04 
-4.683208e-04 
-4.683208e-04 
-4.971816e-04 
-6.433905e-03 
-9.538545e-01 
-9.542476e-01 
-9.542476e-01 
-9.542476e-01 
-9.542465e-01 
-9.542349e-01 
-9.542329e-01 
-9.542329e-01 
-9.542329e-01 
-9.542329e-01 
-2.814293e-01 
9.224435e-06 
1.592781e-05 
1.592589e-05 
1.592589e-05 
1.592589e-05 
1.739067e-05 
1.309250e-05 
-4.682941e-04 
-4.683208e-04 
-4.683208e-04 
-4.683208e-04 
-1.842628e-03 
-4.702447e-01 
-9.542476e-01 
-9.542476e-01 
-9.542476e-01 
-9.542476e-01 
-9.542371e-01 
-9.542331e-01 
-9.542329e-01 
-9.542329e-01 
-9.542329e-01 
-9.296791e-01 
-1.535069e-04 
1.424034e-05 
1.592589e-05 
1.592589e-05 
1.592589e-05 
1.606668e-05 
2.166528e-05 
-4.580604e-04 
-4.683208e-04 
-4.683208e-04 
-4.683208e-04 
-7.666994e-04 
-2.360185e-02 
-9.542467e-01 
-9.542476e-01 
-9.542476e-01 
-9.542476e-01 
-9.542429e-01 
-9.542340e-01 
-9.542329e-01 
-9.542329e-01 
-9.542329e-01 
-9.542329e-01 
-2.942321e-02 
6.930647e-06 
1.592610e-05 
1.592589e-05 
1.592589e-05 
1.592589e-05 
1.885356e-05 
-1.175571e-04 
-4.683205e-04 
-4.683208e-04 
-4.683208e-04 
-4.683208e-04 
-4.168089e-03 
-9.486492e-01 
-9.542476e-01 
-9.542476e-01 
-9.542476e-01 
-9.542473e-01 
-9.542354e-01 
-9.542329e-01 
-9.542329e-01 
-9.542329e-01 
-9.542329e-01 
-4.860874e-01 
1.000717e-05 
1.590981e-05 
1.592589e-05 
1.592589e-05 
1.592589e-05 
1.689490e-05 
2.059633e-05 
-4.681432e-04 
-4.683208e-04 
-4.683208e-04 
-4.683208e-04 
-1.371336e-03 
-1.786815e-01 
-9.542476e-01 
-9.542476e-01 
-9.542476e-01 
-9.542476e-01 
-9.542384e-01 
-9.542333e-01 
-9.542329e-01 
-9.542329e-01 
-9.542329e-01 
-9.542329e-01 
-9.538167e-04 
2.657688e-07 
2.579279e-06 
2.579277e-06 
2.579277e-06 
2.586205e-06 
1.065530e-05 
4.995418e-04 
5.246323e-04 
5.246323e-04 
5.246323e-04 
6.920635e-04 
1.291088e-02 
9.542355e-01 
9.542477e-01 
9.542477e-01 
9.542477e-01 
9.542453e-01 
9.542350e-01 
9.542331e-01 
9.542331e-01 
9.542331e-01 
9.542331e-01 
9.382922e-02 
7.487664e-06 
1.592674e-05 
1.592589e-05 
1.592589e-05 
1.592589e-05 
1.815875e-05 
-2.775257e-05 
-4.683187e-04 
-4.683208e-04 
-4.683208e-04 
-4.683208e-04 
-2.847266e-03 
-8.746715e-01 
-9.542476e-01 
-9.542476e-01 
-9.542476e-01 
-9.542476e-01 
-9.542360e-01 
-9.542329e-01 
-9.542329e-01 
-9.542329e-01 
-9.542329e-01 
-7.016159e-01 
-1.851557e-06 
2.481071e-06 
2.579277e-06 
2.579277e-06 
2.579277e-06 
3.057737e-06 
2.301604e-05 
5.241286e-04 
5.246323e-04 
5.246323e-04 
5.246323e-04 
1.146622e-03 
6.733997e-02 
9.542477e-01 
9.542477e-01 
9.542477e-01 
9.542477e-01 
9.542418e-01 
9.542340e-01 
9.542331e-01 
9.542331e-01 
9.542331e-01 
9.542331e-01 
4.921501e-03 
7.838485e-06 
1.592592e-05 
1.592589e-05 
1.592589e-05 
1.592589e-05 
1.990681e-05 
-3.175304e-04 
-4.683208e-04 
-4.683208e-04 
-4.683208e-04 
-5.182925e-04 
-7.438159e-03 
-9.540726e-01 
-9.542476e-01 
-9.542476e-01 
-9.542476e-01 
-9.542461e-01 
-9.542348e-01 
-9.542329e-01 
-9.542329e-01 
-9.542329e-01 
-9.542329e-01 
-2.269702e-01 
8.737135e-06 
1.592794e-05 
1.592589e-05 
1.592589e-05 
1.592589e-05 
1.755710e-05 
8.133875e-06 
-4.683060e-04 
-4.683208e-04 
-4.683208e-04 
-4.683208e-04 
-2.028680e-03 
-5.820431e-01 
-9.542476e-01 
-9.542476e-01 
-9.542476e-01 
-9.542476e-01 
-9.542368e-01 
-9.542330e-01 
-9.542329e-01 
-9.542329e-01 
-9.542329e-01 
-8.901081e-01 
-8.103146e-05 
1.483968e-05 
1.592589e-05 
1.592589e-05 
1.592589e-05 
1.614170e-05 
2.188560e-05 
-4.620855e-04 
-4.683208e-04 
-4.683208e-04 
-4.683208e-04 
-8.221000e-04 
-2.930299e-02 
-9.542472e-01 
-9.542476e-01 
-9.542476e-01 
-9.542476e-01 
-9.542422e-01 
-9.542339e-01 
-9.542329e-01 
-9.542329e-01 
-9.542329e-01 
-9.542329e-01 
-1.977660e-02 
6.967553e-06 
1.592602e-05 
1.592589e-05 
1.592589e-05 
1.592589e-05 
1.908495e-05 
-1.586702e-04 
-4.683206e-04 
-4.683208e-04 
-4.683208e-04 
-4.700926e-04 
-4.728179e-03 
-9.517557e-01 
-9.542476e-01 
-9.542476e-01 
-9.542476e-01 
-9.542471e-01 
-9.542353e-01 
-9.542329e-01 
-9.542329e-01 
-9.542329e-01 
-9.542329e-01 
-4.210346e-01 
1.008544e-05 
1.592088e-05 
1.592589e-05 
1.592589e-05 
1.592589e-05 
1.703811e-05 
1.926790e-05 
-4.682205e-04 
-4.683208e-04 
-4.683208e-04 
-4.683208e-04 
-1.495876e-03 
-2.460963e-01 
-9.542476e-01 
-9.542476e-01 
-9.542476e-01 
-9.542476e-01 
-9.542380e-01 
-9.542333e-01 
-9.542329e-01 
-9.542329e-01 
-9.542329e-01 
-9.542329e-01 
-5.614375e-04 
1.208949e-05 
1.592589e-05 
1.592589e-05 
1.592589e-05 
1.595683e-05 
2.107539e-05 
-4.384762e-04 
-4.683208e-04 
-4.683208e-04 
-4.683208e-04 
-6.592102e-04 
-1.507758e-02 
-9.542421e-01 
-9.542476e-01 
-9.542476e-01 
-9.542476e-01 
-9.542442e-01 
-9.542342e-01 
-9.542329e-01 
-9.542329e-01 
-9.542329e-01 
-9.542329e-01 
-6.738200e-02 
7.184950e-06 
1.592647e-05 
1.592589e-05 
1.592589e-05 
1.592589e-05 
1.836021e-05 
-4.807779e-05 
-4.683196e-04 
-4.683208e-04 
-4.683208e-04 
-4.683208e-04 
-3.182311e-03 
-9.187908e-01 
-9.542476e-01 
-9.542476e-01 
-9.542476e-01 
-9.542476e-01 
-9.542358e-01 
-9.542329e-01 
-9.542329e-01 
-9.542329e-01 
-9.542329e-01 
-6.366142e-01 
5.992835e-06 
1.582752e-05 
1.592589e-05 
1.592589e-05 
1.592589e-05 
1.659354e-05 
2.198931e-05 
-4.676810e-04 
-4.683208e-04 
-4.683208e-04 
-4.683208e-04 
-1.135218e-03 
-8.804628e-02 
-9.542476e-01 
-9.542476e-01 
-9.542476e-01 
-9.542476e-01 
-9.542396e-01 
-9.542335e-01 
-9.542329e-01 
-9.542329e-01 
-9.542329e-01 
-9.542329e-01 
-2.956057e-03 
8.510183e-06 
1.592591e-05 
1.592589e-05 
1.592589e-05 
1.592589e-05 
2.017402e-05 
-3.588002e-04 
-4.683208e-04 
-4.683208e-04 
-4.683208e-04 
-5.442141e-04 
-8.658287e-03 
-9.541697e-01 
-9.542476e-01 
-9.542476e-01 
-9.542476e-01 
-9.542457e-01 
-9.542346e-01 
-9.542329e-01 
-9.542329e-01 
-9.542329e-01 
-9.542329e-01 
-1.783823e-01 
8.274964e-06 
1.592763e-05 
1.592589e-05 
1.592589e-05 
1.592589e-05 
1.773120e-05 
1.007655e-06 
-4.683126e-04 
-4.683208e-04 
-4.683208e-04 
-4.683208e-04 
-2.240609e-03 
-6.872748e-01 
-9.542476e-01 
-9.542476e-01 
-9.542476e-01 
-9.542476e-01 
-9.542366e-01 
-9.542330e-01 
-9.542329e-01 
-9.542329e-01 
-9.542329e-01 
-8.394187e-01 
-3.908127e-05 
1.525626e-05 
1.592589e-05 
1.592589e-05 
1.592589e-05 
1.623044e-05 
2.206195e-05 
-4.645870e-04 
-4.683208e-04 
-4.683208e-04 
-4.683208e-04 
-8.833491e-04 
-3.689321e-02 
-9.542474e-01 
-9.542476e-01 
-9.542476e-01 
-9.542476e-01 
-9.542416e-01 
-9.542338e-01 
-9.542329e-01 
-9.542329e-01 
-9.542329e-01 
-9.542329e-01 
-1.304538e-02 
7.097630e-06 
1.592597e-05 
1.592589e-05 
1.592589e-05 
1.592589e-05 
1.932552e-05 
-2.055187e-04 
-4.683207e-04 
-4.683208e-04 
-4.683208e-04 
-4.780814e-04 
-5.391889e-03 
-9.531384e-01 
-9.542476e-01 
-9.542476e-01 
-9.542476e-01 
-9.542469e-01 
-9.542351e-01 
-9.542329e-01 
-9.542329e-01 
-9.542329e-01 
-9.542329e-01 
-3.578376e-01 
9.801361e-06 
1.592581e-05 
1.592589e-05 
1.592589e-05 
1.592589e-05 
1.718815e-05 
1.722929e-05 
-4.682645e-04 
-4.683208e-04 
-4.683208e-04 
-4.683208e-04 
-1.636075e-03 
-3.341364e-01 
-9.542476e-01 
-9.542476e-01 
-9.542476e-01 
-9.542476e-01 
-9.542376e-01 
-9.542332e-01 
-9.542329e-01 
-9.542329e-01 
-9.542329e-01 
-9.540897e-01 
-3.270558e-04 
1.246169e-06 
2.579278e-06 
2.579277e-06 
2.579277e-06 
2.629874e-06 
1.271127e-05 
5.147884e-04 
5.246323e-04 
5.246323e-04 
5.246323e-04 
7.835263e-04 
1.863325e-02 
9.542453e-01 
9.542477e-01 
9.542477e-01 
9.542477e-01 
9.542445e-01 
9.542347e-01 
9.542331e-01 
9.542331e-01 
9.542331e-01 
9.542331e-01 
4.796976e-02 
7.032395e-06 
1.592627e-05 
1.592589e-05 
1.592589e-05 
1.592589e-05 
1.857061e-05 
-7.436652e-05 
-4.683201e-04 
-4.683208e-04 
-4.683208e-04 
-4.683208e-04 
-3.571619e-03 
-9.384589e-01 
-9.542476e-01 
-9.542476e-01 
-9.542476e-01 
-9.542475e-01 
-9.542356e-01 
-9.542329e-01 
-9.542329e-01 
-9.542329e-01 
-9.542329e-01 
-5.706564e-01 
6.701739e-06 
2.552421e-06 
2.579277e-06 
2.579277e-06 
2.579277e-06 
3.308392e-06 
2.993411e-05 
5.244738e-04 
5.246323e-04 
5.246323e-04 
5.246323e-04 
1.326697e-03 
1.206982e-01 
9.542477e-01 
9.542477e-01 
9.542477e-01 
9.542477e-01 
9.542408e-01 
9.542338e-01 
9.542331e-01 
9.542331e-01 
9.542331e-01 
9.542331e-01 
1.947292e-03 
7.384141e-06 
2.581226e-06 
2.581233e-06 
2.581233e-06 
2.581747e-06 
9.590308e-06 
4.813719e-04 
5.246303e-04 
5.246303e-04 
5.246303e-04 
6.426783e-04 
1.040905e-02 
9.542131e-01 
9.542477e-01 
9.542477e-01 
9.542477e-01 
9.542458e-01 
9.542351e-01 
9.542331e-01 
9.542331e-01 
9.542331e-01 
9.542331e-01 
1.370474e-01 
7.982254e-06 
2.580436e-06 
2.581233e-06 
2.581233e-06 
2.581233e-06 
4.733358e-06 
1.135302e-04 
5.246287e-04 
5.246303e-04 
5.246303e-04 
5.246303e-04 
2.566981e-03 
7.798769e-01 
9.542477e-01 
9.542477e-01 
9.542477e-01 
9.542477e-01 
9.542376e-01 
9.542332e-01 
9.542331e-01 
9.542331e-01 
9.542331e-01 
7.816647e-01 
5.665325e-05 
2.980847e-06 
2.581233e-06 
2.581233e-06 
2.581233e-06 
2.923473e-06 
1.975220e-05 
5.235945e-04 
5.246303e-04 
5.246303e-04 
5.246303e-04 
1.045362e-03 
4.804461e-02 
9.542476e-01 
9.542477e-01 
9.542477e-01 
9.542477e-01 
9.542424e-01 
9.542341e-01 
9.542331e-01 
9.542331e-01 
9.542331e-01 
9.542331e-01 
8.691236e-03 
7.281012e-06 
2.581192e-06 
2.581233e-06 
2.581233e-06 
2.581233e-06 
7.508248e-06 
3.900050e-04 
5.246303e-04 
5.246303e-04 
5.246303e-04 
5.513285e-04 
6.351495e-03 
9.537549e-01 
9.542477e-01 
9.542477e-01 
9.542477e-01 
9.542468e-01 
9.542357e-01 
9.542331e-01 
9.542331e-01 
9.542331e-01 
9.542331e-01 
2.979521e-01 
1.024092e-05 
1.592761e-05 
1.592589e-05 
1.592589e-05 
1.592589e-05 
1.734520e-05 
1.418371e-05 
-4.682894e-04 
-4.683208e-04 
-4.683208e-04 
-4.683208e-04 
-1.794425e-03 
-4.389819e-01 
-9.542476e-01 
-9.542476e-01 
-9.542476e-01 
-9.542476e-01 
-9.542372e-01 
-9.542331e-01 
-9.542329e-01 
-9.542329e-01 
-9.542329e-01 
-9.380496e-01 
-1.818888e-04 
1.403424e-05 
1.592589e-05 
1.592589e-05 
1.592589e-05 
1.604834e-05 
2.159769e-05 
-4.565534e-04 
-4.683208e-04 
-4.683208e-04 
-4.683208e-04 
-7.520865e-04 
-2.226032e-02 
-9.542465e-01 
-9.542476e-01 
-9.542476e-01 
-9.542476e-01 
-9.542430e-01 
-9.542340e-01 
-9.542329e-01 
-9.542329e-01 
-9.542329e-01 
-9.542329e-01 
-3.278456e-02 
6.936931e-06 
1.592613e-05 
1.592589e-05 
1.592589e-05 
1.592589e-05 
1.879015e-05 
-1.071459e-04 
-4.683204e-04 
-4.683208e-04 
-4.683208e-04 
-4.683208e-04 
-4.026483e-03 
-9.472188e-01 
-9.542476e-01 
-9.542476e-01 
-9.542476e-01 
-9.542474e-01 
-9.542355e-01 
-9.542329e-01 
-9.542329e-01 
-9.542329e-01 
-9.542329e-01 
-5.045843e-01 
9.874945e-06 
1.590494e-05 
1.592589e-05 
1.592589e-05 
1.592589e-05 
1.685583e-05 
2.087255e-05 
-4.681123e-04 
-4.683208e-04 
-4.683208e-04 
-4.683208e-04 
-1.338834e-03 
-1.632635e-01 
-9.542476e-01 
-9.542476e-01 
-9.542476e-01 
-9.542476e-01 
-9.542385e-01 
-9.542334e-01 
-9.542329e-01 
-9.542329e-01 
-9.542329e-01 
-9.542329e-01 
-1.098462e-03 
1.055605e-05 
1.592590e-05 
1.592589e-05 
1.592589e-05 
1.593256e-05 
2.072273e-05 
-4.167541e-04 
-4.683208e-04 
-4.683208e-04 
-4.683208e-04 
-6.089960e-04 
-1.200582e-02 
-9.542322e-01 
-9.542476e-01 
-9.542476e-01 
-9.542476e-01 
-9.542448e-01 
-9.542344e-01 
-9.542329e-01 
-9.542329e-01 
-9.542329e-01 
-9.542329e-01 
-1.018148e-01 
7.518646e-06 
1.592683e-05 
1.592589e-05 
1.592589e-05 
1.592589e-05 
1.810366e-05 
-2.300007e-05 
-4.683183e-04 
-4.683208e-04 
-4.683208e-04 
-4.683208e-04 
-2.761523e-03 
-8.561361e-01 
-9.542476e-01 
-9.542476e-01 
-9.542476e-01 
-9.542476e-01 
-9.542361e-01 
-9.542329e-01 
-9.542329e-01 
-9.542329e-01 
-9.542329e-01 
-7.195826e-01 
-2.188559e-06 
1.570354e-05 
1.592589e-05 
1.592589e-05 
1.592589e-05 
1.644064e-05 
2.218540e-05 
-4.670301e-04 
-4.683208e-04 
-4.683208e-04 
-4.683208e-04 
-1.026392e-03 
-6.131680e-02 
-9.542476e-01 
-9.542476e-01 
-9.542476e-01 
-9.542476e-01 
-9.542403e-01 
-9.542336e-01 
-9.542329e-01 
-9.542329e-01 
-9.542329e-01 
-9.542329e-01 
-5.389013e-03 
7.696639e-06 
1.592592e-05 
1.592589e-05 
1.592589e-05 
1.592589e-05 
1.983288e-05 
-3.046259e-04 
-4.683207e-04 
-4.683208e-04 
-4.683208e-04 
-5.118468e-04 
-7.136065e-03 
-9.540279e-01 
-9.542476e-01 
-9.542476e-01 
-9.542476e-01 
-9.542462e-01 
-9.542348e-01 
-9.542329e-01 
-9.542329e-01 
-9.542329e-01 
-9.542329e-01 
-2.417418e-01 
8.873234e-06 
1.592797e-05 
1.592589e-05 
1.592589e-05 
1.592589e-05 
1.750953e-05 
9.718314e-06 
-4.683033e-04 
-4.683208e-04 
-4.683208e-04 
-4.683208e-04 
-1.973913e-03 
-5.508751e-01 
-9.542476e-01 
-9.542476e-01 
-9.542476e-01 
-9.542476e-01 
-9.542369e-01 
-9.542330e-01 
-9.542329e-01 
-9.542329e-01 
-9.542329e-01 
-9.025787e-01 
-1.000382e-04 
1.966845e-06 
2.579277e-06 
2.579277e-06 
2.579277e-06 
2.732533e-06 
1.543239e-05 
5.210720e-04 
5.246323e-04 
5.246323e-04 
5.246323e-04 
8.940398e-04 
2.811438e-02 
9.542472e-01 
9.542477e-01 
9.542477e-01 
9.542477e-01 
9.542436e-01 
9.542344e-01 
9.542331e-01 
9.542331e-01 
9.542331e-01 
9.542331e-01 
2.250366e-02 
6.952003e-06 
1.592604e-05 
1.592589e-05 
1.592589e-05 
1.592589e-05 
1.901894e-05 
-1.464808e-04 
-4.683206e-04 
-4.683208e-04 
-4.683208e-04 
-4.689963e-04 
-4.561095e-03 
-9.511189e-01 
-9.542476e-01 
-9.542476e-01 
-9.542476e-01 
-9.542472e-01 
-9.542353e-01 
-9.542329e-01 
-9.542329e-01 
-9.542329e-01 
-9.542329e-01 
-4.391901e-01 
8.017796e-06 
2.574153e-06 
2.579277e-06 
2.579277e-06 
2.579277e-06 
3.605805e-06 
4.031147e-05 
5.245839e-04 
5.246323e-04 
5.246323e-04 
5.246323e-04 
1.548460e-03 
2.271036e-01 
9.542477e-01 
9.542477e-01 
9.542477e-01 
9.542477e-01 
9.542398e-01 
9.542336e-01 
9.542331e-01 
9.542331e-01 
9.542331e-01 
9.542331e-01 
7.447366e-04 
1.176079e-05 
1.592589e-05 
1.592589e-05 
1.592589e-05 
1.594943e-05 
2.099848e-05 
-4.345508e-04 
-4.683208e-04 
-4.683208e-04 
-4.683208e-04 
-6.475956e-04 
-1.432275e-02 
-9.542407e-01 
-9.542476e-01 
-9.542476e-01 
-9.542476e-01 
-9.542443e-01 
-9.542343e-01 
-9.542329e-01 
-9.542329e-01 
-9.542329e-01 
-9.542329e-01 
-7.402546e-02 
7.247108e-06 
1.592654e-05 
1.592589e-05 
1.592589e-05 
1.592589e-05 
1.830265e-05 
-4.179035e-05 
-4.683194e-04 
-4.683208e-04 
-4.683208e-04 
-4.683208e-04 
-3.083020e-03 
-9.097577e-01 
-9.542476e-01 
-9.542476e-01 
-9.542476e-01 
-9.542476e-01 
-9.542359e-01 
-9.542329e-01 
-9.542329e-01 
-9.542329e-01 
-9.542329e-01 
-6.550340e-01 
4.754946e-06 
1.580719e-05 
1.592589e-05 
1.592589e-05 
1.592589e-05 
1.655891e-05 
2.205820e-05 
-4.675734e-04 
-4.683208e-04 
-4.683208e-04 
-4.683208e-04 
-1.110026e-03 
-8.112179e-02 
-9.542476e-01 
-9.542476e-01 
-9.542476e-01 
-9.542476e-01 
-9.542397e-01 
-9.542335e-01 
-9.542329e-01 
-9.542329e-01 
-9.542329e-01 
-9.542329e-01 
-3.380093e-03 
8.294014e-06 
1.592591e-05 
1.592589e-05 
1.592589e-05 
1.592589e-05 
2.009823e-05 
-3.479735e-04 
-4.683208e-04 
-4.683208e-04 
-4.683208e-04 
-5.364656e-04 
-8.290158e-03 
-9.541498e-01 
-9.542476e-01 
-9.542476e-01 
-9.542476e-01 
-9.542458e-01 
-9.542347e-01 
-9.542329e-01 
-9.542329e-01 
-9.542329e-01 
-9.542329e-01 
-1.913955e-01 
8.400599e-06 
1.592773e-05 
1.592589e-05 
1.592589e-05 
1.592589e-05 
1.768144e-05 
3.272882e-06 
-4.683111e-04 
-4.683208e-04 
-4.683208e-04 
-4.683208e-04 
-2.178137e-03 
-6.587932e-01 
-9.542476e-01 
-9.542476e-01 
-9.542476e-01 
-9.542476e-01 
-9.542366e-01 
-9.542330e-01 
-9.542329e-01 
-9.542329e-01 
-9.542329e-01 
-8.545377e-01 
-4.861971e-05 
1.515525e-05 
1.592589e-05 
1.592589e-05 
1.592589e-05 
1.620422e-05 
2.201793e-05 
-4.640022e-04 
-4.683208e-04 
-4.683208e-04 
-4.683208e-04 
-8.654919e-04 
-3.452734e-02 
-9.542474e-01 
-9.542476e-01 
-9.542476e-01 
-9.542476e-01 
-9.542418e-01 
-9.542338e-01 
-9.542329e-01 
-9.542329e-01 
-9.542329e-01 
-9.542329e-01 
-1.469170e-02 
7.051540e-06 
1.592598e-05 
1.592589e-05 
1.592589e-05 
1.592589e-05 
1.925694e-05 
-1.918443e-04 
-4.683207e-04 
-4.683208e-04 
-4.683208e-04 
-4.751913e-04 
-5.193431e-03 
-9.528550e-01 
-9.542476e-01 
-9.542476e-01 
-9.542476e-01 
-9.542469e-01 
-9.542351e-01 
-9.542329e-01 
-9.542329e-01 
-9.542329e-01 
-9.542329e-01 
-3.753618e-01 
9.903816e-06 
1.592484e-05 
1.592589e-05 
1.592589e-05 
1.592589e-05 
1.714525e-05 
1.788975e-05 
-4.682545e-04 
-4.683208e-04 
-4.683208e-04 
-4.683208e-04 
-1.594924e-03 
-3.073812e-01 
-9.542476e-01 
-9.542476e-01 
-9.542476e-01 
-9.542476e-01 
-9.542377e-01 
-9.542332e-01 
-9.542329e-01 
-9.542329e-01 
-9.542329e-01 
-9.542329e-01 
-3.794161e-04 
1.287827e-05 
1.592589e-05 
1.592589e-05 
1.592589e-05 
1.598175e-05 
2.126922e-05 
-4.467573e-04 
-4.683208e-04 
-4.683208e-04 
-4.683208e-04 
-6.904608e-04 
-1.725560e-02 
-9.542445e-01 
-9.542476e-01 
-9.542476e-01 
-9.542476e-01 
-9.542438e-01 
-9.542342e-01 
-9.542329e-01 
-9.542329e-01 
-9.542329e-01 
-9.542329e-01 
-5.254627e-02 
7.055854e-06 
1.592632e-05 
1.592589e-05 
1.592589e-05 
1.592589e-05 
1.851052e-05 
-6.633186e-05 
-4.683200e-04 
-4.683208e-04 
-4.683208e-04 
-4.683208e-04 
-3.456032e-03 
-9.344339e-01 
-9.542476e-01 
-9.542476e-01 
-9.542476e-01 
-9.542475e-01 
-9.542357e-01 
-9.542329e-01 
-9.542329e-01 
-9.542329e-01 
-9.542329e-01 
-5.892520e-01 
8.190922e-06 
1.586662e-05 
1.592589e-05 
1.592589e-05 
1.592589e-05 
1.668463e-05 
2.172957e-05 
-4.678917e-04 
-4.683208e-04 
-4.683208e-04 
-4.683208e-04 
-1.203228e-03 
-1.092101e-01 
-9.542476e-01 
-9.542476e-01 
-9.542476e-01 
-9.542476e-01 
-9.542392e-01 
-9.542335e-01 
-9.542329e-01 
-9.542329e-01 
-9.542329e-01 
-9.542329e-01 
-2.086745e-03 
9.144824e-06 
1.592590e-05 
1.592589e-05 
1.592589e-05 
1.592621e-05 
2.036963e-05 
-3.834113e-04 
-4.683208e-04 
-4.683208e-04 
-4.683208e-04 
-5.655729e-04 
-9.701317e-03 
-9.542041e-01 
-9.542476e-01 
-9.542476e-01 
-9.542476e-01 
-9.542454e-01 
-9.542346e-01 
-9.542329e-01 
-9.542329e-01 
-9.542329e-01 
-9.542329e-01 
-1.475958e-01 
7.973513e-06 
1.592733e-05 
1.592589e-05 
1.592589e-05 
1.592589e-05 
1.786124e-05 
-5.881345e-06 
-4.683154e-04 
-4.683208e-04 
-4.683208e-04 
-4.683208e-04 
-2.411454e-03 
-7.551204e-01 
-9.542476e-01 
-9.542476e-01 
-9.542476e-01 
-9.542476e-01 
-9.542364e-01 
-9.542329e-01 
-9.542329e-01 
-9.542329e-01 
-9.542329e-01 
-7.984406e-01 
-2.284661e-05 
2.344782e-06 
2.579277e-06 
2.579277e-06 
2.579277e-06 
2.894669e-06 
1.913008e-05 
5.234219e-04 
5.246323e-04 
5.246323e-04 
5.246323e-04 
1.026351e-03 
4.477848e-02 
9.542476e-01 
9.542477e-01 
9.542477e-01 
9.542477e-01 
9.542426e-01 
9.542342e-01 
9.542331e-01 
9.542331e-01 
9.542331e-01 
9.542331e-01 
9.816583e-03 
7.252418e-06 
1.592595e-05 
1.592589e-05 
1.592589e-05 
1.592589e-05 
1.950396e-05 
-2.415121e-04 
-4.683207e-04 
-4.683208e-04 
-4.683208e-04 
-4.876287e-04 
-5.946471e-03 
-9.536277e-01 
-9.542476e-01 
-9.542476e-01 
-9.542476e-01 
-9.542467e-01 
-9.542350e-01 
-9.542329e-01 
-9.542329e-01 
-9.542329e-01 
-9.542329e-01 
-3.142006e-01 
7.271276e-06 
2.579324e-06 
2.579277e-06 
2.579277e-06 
2.579277e-06 
3.954610e-06 
5.653366e-05 
5.246179e-04 
5.246323e-04 
5.246323e-04 
5.246323e-04 
1.831858e-03 
4.100301e-01 
9.542477e-01 
9.542477e-01 
9.542477e-01 
9.542477e-01 
9.542390e-01 
9.542335e-01 
9.542331e-01 
9.542331e-01 
9.542331e-01 
9.449262e-01 
2.820427e-04 
4.470188e-06 
2.581233e-06 
2.581233e-06 
2.581233e-06 
2.661521e-06 
1.359684e-05 
5.177449e-04 
5.246303e-04 
5.246303e-04 
5.246303e-04 
8.207529e-04 
2.148113e-02 
9.542464e-01 
9.542477e-01 
9.542477e-01 
9.542477e-01 
9.542442e-01 
9.542346e-01 
9.542331e-01 
9.542331e-01 
9.542331e-01 
9.542331e-01 
3.688361e-02 
6.959532e-06 
2.581024e-06 
2.581233e-06 
2.581233e-06 
2.581233e-06 
5.949082e-06 
2.441952e-04 
5.246301e-04 
5.246303e-04 
5.246303e-04 
5.246303e-04 
4.005258e-03 
9.454413e-01 
9.542477e-01 
9.542477e-01 
9.542477e-01 
9.542476e-01 
9.542365e-01 
9.542331e-01 
9.542331e-01 
9.542331e-01 
9.542331e-01 
5.232091e-01 
1.700238e-05 
2.617200e-06 
2.581233e-06 
2.581233e-06 
2.581233e-06 
3.410738e-06 
3.316912e-05 
5.245265e-04 
5.246303e-04 
5.246303e-04 
5.246303e-04 
1.395217e-03 
1.510548e-01 
9.542477e-01 
9.542477e-01 
9.542477e-01 
9.542477e-01 
9.542404e-01 
9.542337e-01 
9.542331e-01 
9.542331e-01 
9.542331e-01 
9.542331e-01 
1.382564e-03 
6.987633e-06 
2.581228e-06 
2.581233e-06 
2.581233e-06 
2.584023e-06 
1.016512e-05 
4.925716e-04 
5.246303e-04 
5.246303e-04 
5.246303e-04 
6.694917e-04 
1.172524e-02 
9.542284e-01 
9.542477e-01 
9.542477e-01 
9.542477e-01 
9.542455e-01 
9.542350e-01 
9.542331e-01 
9.542331e-01 
9.542331e-01 
9.542331e-01 
1.113780e-01 
7.684173e-06 
1.592693e-05 
1.592589e-05 
1.592589e-05 
1.592589e-05 
1.804926e-05 
-1.863195e-05 
-4.683178e-04 
-4.683208e-04 
-4.683208e-04 
-4.683208e-04 
-2.679170e-03 
-8.362658e-01 
-9.542476e-01 
-9.542476e-01 
-9.542476e-01 
-9.542476e-01 
-9.542362e-01 
-9.542329e-01 
-9.542329e-01 
-9.542329e-01 
-9.542329e-01 
-7.373582e-01 
-5.100837e-06 
1.566323e-05 
1.592589e-05 
1.592589e-05 
1.592589e-05 
1.640883e-05 
2.219373e-05 
-4.668185e-04 
-4.683208e-04 
-4.683208e-04 
-4.683208e-04 
-1.004430e-03 
0.000000e+00 
0.000000e+00 
0.000000e+00 
0.000000e+00 
0.000000e+00 
0.000000e+00 
0.000000e+00 
0.000000e+00
#[#TRACE_DATA]
#[#TRACE]
