#[TRACE]
#data_labels=Output
#[TRACE_DATA]
-5.133143e-03 
-6.417183e-03 
-8.414972e-03 
-1.132345e-02 
-1.571502e-02 
-2.264188e-02 
-3.415384e-02 
-5.447771e-02 
-9.253523e-02 
-1.647895e-01 
-2.849797e-01 
-4.356591e-01 
-5.880888e-01 
-7.298166e-01 
-8.538428e-01 
-9.485794e-01 
-9.542477e-01 
-9.542477e-01 
-9.542477e-01 
-9.542477e-01 
-9.542477e-01 
-9.542477e-01 
-9.542477e-01 
-9.542477e-01 
-9.542477e-01 
-9.542477e-01 
-9.542477e-01 
-9.542477e-01 
-9.542477e-01 
-9.542477e-01 
-9.542477e-01 
-9.542477e-01 
-9.542477e-01 
-9.542477e-01 
-9.542477e-01 
-9.542477e-01 
-9.542477e-01 
-9.542477e-01 
-9.542477e-01 
-9.542477e-01 
-9.542477e-01 
-9.542477e-01 
-9.542477e-01 
-9.542477e-01 
-9.542477e-01 
-9.542477e-01 
-9.542477e-01 
-9.542477e-01 
-9.542477e-01 
-9.542477e-01 
-9.542477e-01 
-9.542477e-01 
-9.542477e-01 
-9.542477e-01 
-9.542477e-01 
-9.542477e-01 
-9.542477e-01 
-9.542477e-01 
-9.542477e-01 
-9.542477e-01 
-9.542477e-01 
-9.542477e-01 
-9.542477e-01 
-9.542477e-01 
-9.542477e-01 
-9.542477e-01 
-9.542477e-01 
-9.542477e-01 
-9.542477e-01 
-9.542477e-01 
-9.542477e-01 
-9.542477e-01 
-9.542477e-01 
-9.542477e-01 
-9.542477e-01 
-9.542477e-01 
-9.542477e-01 
-9.542477e-01 
-9.542477e-01 
-9.542476e-01 
-9.542472e-01 
-9.542466e-01 
-9.542460e-01 
-9.542453e-01 
-9.542444e-01 
-9.542435e-01 
-9.542424e-01 
-9.542414e-01 
-9.542404e-01 
-9.542395e-01 
-9.542388e-01 
-9.542381e-01 
-9.542375e-01 
-9.542370e-01 
-9.542365e-01 
-9.542361e-01 
-9.542358e-01 
-9.542354e-01 
-9.542351e-01 
-9.542349e-01 
-9.542346e-01 
-9.542344e-01 
-9.542342e-01 
-9.542340e-01 
-9.542338e-01 
-9.542336e-01 
-9.542335e-01 
-9.542333e-01 
-9.542332e-01 
-9.542331e-01 
-9.542331e-01 
-9.542331e-01 
-9.542331e-01 
-9.542331e-01 
-9.542331e-01 
-9.542331e-01 
-9.542331e-01 
-9.542331e-01 
-9.542331e-01 
-9.542331e-01 
-9.542331e-01 
-9.542331e-01 
-9.542331e-01 
-9.542331e-01 
-9.542331e-01 
-9.542331e-01 
-9.542331e-01 
-9.542331e-01 
-9.542331e-01 
-9.542331e-01 
-9.542331e-01 
-9.542331e-01 
-9.542331e-01 
-9.542331e-01 
-9.542331e-01 
-9.542331e-01 
-9.542331e-01 
-9.542331e-01 
-9.542331e-01 
-9.542331e-01 
-9.542331e-01 
-9.542331e-01 
-9.542331e-01 
-9.542331e-01 
-9.542331e-01 
-9.542331e-01 
-9.542331e-01 
-9.542331e-01 
-9.542331e-01 
-9.542331e-01 
-9.542331e-01 
-9.542331e-01 
-9.542331e-01 
-9.542331e-01 
-9.542331e-01 
-9.542331e-01 
-9.542331e-01 
-9.542331e-01 
-9.542331e-01 
-9.542331e-01 
-9.542331e-01 
-9.542331e-01 
-9.542331e-01 
-9.542331e-01 
-9.542331e-01 
-9.542331e-01 
-9.542331e-01 
-9.542331e-01 
-9.542331e-01 
-9.542331e-01 
-9.542331e-01 
-9.542331e-01 
-9.513987e-01 
-8.594757e-01 
-7.375574e-01 
-5.957929e-01 
-4.323519e-01 
-2.330423e-01 
-4.043194e-02 
-1.331301e-03 
-3.328367e-04 
-1.845191e-04 
-1.149964e-04 
-7.701220e-05 
-5.429024e-05 
-3.980522e-05 
-3.011991e-05 
-2.339895e-05 
-1.859657e-05 
-1.508682e-05 
-1.248179e-05 
-1.053767e-05 
-9.107223e-06 
-8.123631e-06 
-7.625242e-06 
-7.887145e-06 
-9.786788e-06 
-1.345987e-05 
-1.594798e-05 
-1.729205e-05 
-1.817139e-05 
-1.890075e-05 
-1.948533e-05 
-1.970058e-05 
-1.970058e-05 
-1.970058e-05 
-1.970058e-05 
-1.970058e-05 
-1.970058e-05 
-1.970058e-05 
-1.970058e-05 
-1.970058e-05 
-1.970058e-05 
-1.970058e-05 
-1.970058e-05 
-1.970058e-05 
-1.970058e-05 
-1.970058e-05 
-1.970058e-05 
-1.970058e-05 
-1.970058e-05 
-1.970058e-05 
-1.970058e-05 
-1.970058e-05 
-1.970058e-05 
-1.970058e-05 
-1.970058e-05 
-1.970058e-05 
-1.970058e-05 
-1.970058e-05 
-1.970058e-05 
-1.970058e-05 
-1.970058e-05 
-1.970058e-05 
-1.970058e-05 
-1.970058e-05 
-1.970058e-05 
-1.970058e-05 
-1.970058e-05 
-1.970058e-05 
-1.970058e-05 
-1.970058e-05 
-1.970058e-05 
-1.970058e-05 
-1.970058e-05 
-1.970058e-05 
-1.970058e-05 
-1.970058e-05 
-1.970058e-05 
-1.970058e-05 
-1.970058e-05 
-1.970058e-05 
-1.970058e-05 
-1.970058e-05 
-1.970058e-05 
-1.970058e-05 
-1.970058e-05 
-1.970058e-05 
-1.970058e-05 
-1.970058e-05 
-1.970058e-05 
-1.970058e-05 
-1.970058e-05 
-1.970058e-05 
-1.970058e-05 
-1.970058e-05 
-1.977624e-05 
-1.999153e-05 
-2.023675e-05 
-2.050889e-05 
-2.080463e-05 
-2.112037e-05 
-2.145178e-05 
-2.178605e-05 
-2.211979e-05 
-2.246813e-05 
-2.283718e-05 
-2.322675e-05 
-2.363278e-05 
-2.404599e-05 
-2.444847e-05 
-2.480736e-05 
-2.506341e-05 
-2.510965e-05 
-2.475076e-05 
-2.362310e-05 
-2.103454e-05 
-1.564607e-05 
-4.901569e-06 
1.558082e-05 
5.093646e-05 
1.021227e-04 
1.645182e-04 
2.353758e-04 
3.162397e-04 
4.063454e-04 
4.640662e-04 
4.640894e-04 
4.640894e-04 
4.640894e-04 
4.640894e-04 
4.640894e-04 
4.640894e-04 
4.640894e-04 
4.640894e-04 
4.640894e-04 
4.640894e-04 
4.640894e-04 
4.640894e-04 
4.640894e-04 
4.640894e-04 
4.640894e-04 
4.640894e-04 
4.640894e-04 
4.640894e-04 
4.640894e-04 
4.640894e-04 
4.640894e-04 
4.640894e-04 
4.640894e-04 
4.640894e-04 
4.640894e-04 
4.640894e-04 
4.640894e-04 
4.640894e-04 
4.640894e-04 
4.640894e-04 
4.640894e-04 
4.640894e-04 
4.640894e-04 
4.640894e-04 
4.640894e-04 
4.640894e-04 
4.640894e-04 
4.640894e-04 
4.640894e-04 
4.640894e-04 
4.640894e-04 
4.640894e-04 
4.640894e-04 
4.640894e-04 
4.640894e-04 
4.640894e-04 
4.640894e-04 
4.640894e-04 
4.640894e-04 
4.640894e-04 
4.640894e-04 
4.640894e-04 
4.640894e-04 
4.640894e-04 
4.640894e-04 
4.640894e-04 
4.640894e-04 
4.640894e-04 
4.640894e-04 
4.640894e-04 
4.640894e-04 
4.640894e-04 
4.659353e-04 
5.176082e-04 
5.794950e-04 
6.521793e-04 
7.381684e-04 
8.407058e-04 
9.639348e-04 
1.113015e-03 
1.294436e-03 
1.517121e-03 
1.793736e-03 
2.141991e-03 
2.586838e-03 
3.164157e-03 
3.926792e-03 
4.954639e-03 
6.372127e-03 
8.379732e-03 
1.131340e-02 
1.576236e-02 
2.281623e-02 
3.461233e-02 
5.558978e-02 
9.515603e-02 
1.704174e-01 
2.940381e-01 
4.460007e-01 
5.981289e-01 
7.389394e-01 
8.614256e-01 
9.528585e-01 
9.542476e-01 
9.542476e-01 
9.542476e-01 
9.542476e-01 
9.542476e-01 
9.542476e-01 
9.542476e-01 
9.542476e-01 
9.542476e-01 
9.542476e-01 
9.542476e-01 
9.542476e-01 
9.542476e-01 
9.542476e-01 
9.542476e-01 
9.542476e-01 
9.542476e-01 
9.542476e-01 
9.542476e-01 
9.542476e-01 
9.542476e-01 
9.542476e-01 
9.542476e-01 
9.542476e-01 
9.542476e-01 
9.542476e-01 
9.542476e-01 
9.542476e-01 
9.542476e-01 
9.542476e-01 
9.542476e-01 
9.542476e-01 
9.542476e-01 
9.542476e-01 
9.542476e-01 
9.542476e-01 
9.542476e-01 
9.542476e-01 
9.542476e-01 
9.542476e-01 
9.542476e-01 
9.542476e-01 
9.542476e-01 
9.542476e-01 
9.542476e-01 
9.542476e-01 
9.542476e-01 
9.542476e-01 
9.542476e-01 
9.542476e-01 
9.542476e-01 
9.542476e-01 
9.542476e-01 
9.542476e-01 
9.542476e-01 
9.542476e-01 
9.542476e-01 
9.542476e-01 
9.542476e-01 
9.542476e-01 
9.542476e-01 
9.542476e-01 
9.542476e-01 
9.542474e-01 
9.542469e-01 
9.542463e-01 
9.542455e-01 
9.542443e-01 
9.542426e-01 
9.542406e-01 
9.542395e-01 
9.542388e-01 
9.542382e-01 
9.542376e-01 
9.542372e-01 
9.542367e-01 
9.542363e-01 
9.542359e-01 
9.542356e-01 
9.542353e-01 
9.542350e-01 
9.542348e-01 
9.542345e-01 
9.542343e-01 
9.542341e-01 
9.542339e-01 
9.542338e-01 
9.542336e-01 
9.542334e-01 
9.542333e-01 
9.542332e-01 
9.542330e-01 
9.542329e-01 
9.542329e-01 
9.542329e-01 
9.542329e-01 
9.542329e-01 
9.542329e-01 
9.542329e-01 
9.542329e-01 
9.542329e-01 
9.542329e-01 
9.542329e-01 
9.542329e-01 
9.542329e-01 
9.542329e-01 
9.542329e-01 
9.542329e-01 
9.542329e-01 
9.542329e-01 
9.542329e-01 
9.542329e-01 
9.542329e-01 
9.542329e-01 
9.542329e-01 
9.542329e-01 
9.542329e-01 
9.542329e-01 
9.542329e-01 
9.542329e-01 
9.542329e-01 
9.542329e-01 
9.542329e-01 
9.542329e-01 
9.542329e-01 
9.542329e-01 
9.542329e-01 
9.542329e-01 
9.542329e-01 
9.542329e-01 
9.542329e-01 
9.542329e-01 
9.542329e-01 
9.542329e-01 
9.542329e-01 
9.542329e-01 
9.542329e-01 
9.542329e-01 
9.542329e-01 
9.542329e-01 
9.542329e-01 
9.542329e-01 
9.542329e-01 
9.542329e-01 
9.542329e-01 
9.542329e-01 
9.542329e-01 
9.542329e-01 
9.542329e-01 
9.542329e-01 
9.542329e-01 
9.542329e-01 
9.542329e-01 
9.542329e-01 
9.542329e-01 
9.542329e-01 
9.467515e-01 
8.519086e-01 
7.284246e-01 
5.852660e-01 
4.194594e-01 
2.152742e-01 
2.891618e-02 
-4.428412e-04 
-3.726195e-04 
-2.094972e-04 
-1.312631e-04 
-8.819191e-05 
-6.228806e-05 
-4.570261e-05 
-3.456769e-05 
-2.680620e-05 
-2.122797e-05 
-1.711533e-05 
-1.401715e-05 
-1.164005e-05 
-9.787904e-06 
-8.327026e-06 
-7.166093e-06 
-6.244296e-06 
-5.496211e-06 
-4.769102e-06 
-4.168819e-06 
-3.687349e-06 
-3.281443e-06 
-2.929308e-06 
-2.620996e-06 
-2.606439e-06 
-2.606439e-06 
-2.606439e-06 
-2.606439e-06 
-2.606439e-06 
-2.606439e-06 
-2.606439e-06 
-2.606439e-06 
-2.606439e-06 
-2.606439e-06 
-2.606439e-06 
-2.606439e-06 
-2.606439e-06 
-2.606439e-06 
-2.606439e-06 
-2.606439e-06 
-2.606439e-06 
-2.606439e-06 
-2.606439e-06 
-2.606439e-06 
-2.606439e-06 
-2.606439e-06 
-2.606439e-06 
-2.606439e-06 
-2.606439e-06 
-2.606439e-06 
-2.606439e-06 
-2.606439e-06 
-2.606439e-06 
-2.606439e-06 
-2.606439e-06 
-2.606439e-06 
-2.606439e-06 
-2.606439e-06 
-2.606439e-06 
-2.606439e-06 
-2.606439e-06 
-2.606439e-06 
-2.606439e-06 
-2.606439e-06 
-2.606439e-06 
-2.606439e-06 
-2.606439e-06 
-2.606439e-06 
-2.606439e-06 
-2.606439e-06 
-2.606439e-06 
-2.606439e-06 
-2.606439e-06 
-2.606439e-06 
-2.606439e-06 
-2.606439e-06 
-2.606439e-06 
-2.606439e-06 
-2.606439e-06 
-2.606439e-06 
-2.606439e-06 
-2.606439e-06 
-2.606439e-06 
-2.606439e-06 
-2.606439e-06 
-2.606439e-06 
-2.606439e-06 
-2.683826e-06 
-2.871385e-06 
-3.083016e-06 
-3.323297e-06 
-3.597776e-06 
-3.913204e-06 
-4.277753e-06 
-4.701545e-06 
-5.197191e-06 
-5.781582e-06 
-6.477253e-06 
-7.314264e-06 
-8.333399e-06 
-9.591107e-06 
-1.116726e-05 
-1.317776e-05 
-1.579571e-05 
-1.928828e-05 
-2.408341e-05 
-3.089514e-05 
-4.096307e-05 
-5.649132e-05 
-8.124254e-05 
-1.201546e-04 
-1.747865e-04 
-2.389428e-04 
-3.061417e-04 
-3.743225e-04 
-4.411920e-04 
-4.991173e-04 
-5.244834e-04 
-5.244864e-04 
-5.244864e-04 
-5.244864e-04 
-5.244864e-04 
-5.244864e-04 
-5.244864e-04 
-5.244864e-04 
-5.244864e-04 
-5.244864e-04 
-5.244864e-04 
-5.244864e-04 
-5.244864e-04 
-5.244864e-04 
-5.244864e-04 
-5.244864e-04 
-5.244864e-04 
-5.244864e-04 
-5.244864e-04 
-5.244864e-04 
-5.244864e-04 
-5.244864e-04 
-5.244864e-04 
-5.244864e-04 
-5.244864e-04 
-5.244864e-04 
-5.244864e-04 
-5.244864e-04 
-5.244864e-04 
-5.244864e-04 
-5.244864e-04 
-5.244864e-04 
-5.244864e-04 
-5.244864e-04 
-5.244864e-04 
-5.244864e-04 
-5.244864e-04 
-5.244864e-04 
-5.244864e-04 
-5.244864e-04 
-5.244864e-04 
-5.244864e-04 
-5.244864e-04 
-5.244864e-04 
-5.244864e-04 
-5.244864e-04 
-5.244864e-04 
-5.244864e-04 
-5.244864e-04 
-5.244864e-04 
-5.244864e-04 
-5.244864e-04 
-5.244864e-04 
-5.244864e-04 
-5.244864e-04 
-5.244864e-04 
-5.244864e-04 
-5.244864e-04 
-5.244864e-04 
-5.244864e-04 
-5.244864e-04 
-5.244864e-04 
-5.244864e-04 
-5.294034e-04 
-5.868247e-04 
-6.536642e-04 
-7.297907e-04 
-7.754068e-04 
-8.763313e-04 
-1.004812e-03 
-1.160274e-03 
-1.349462e-03 
-1.581681e-03 
-1.870168e-03 
-2.233423e-03 
-2.697514e-03 
-3.299954e-03 
-4.096019e-03 
-5.169358e-03 
-6.650370e-03 
-8.749397e-03 
-1.181941e-02 
-1.648050e-02 
-2.388129e-02 
-3.627773e-02 
-5.835204e-02 
-9.994634e-02 
-1.783704e-01 
-3.045564e-01 
-4.568311e-01 
-6.082520e-01 
-7.480083e-01 
-8.688736e-01 
-9.539771e-01 
-9.542477e-01 
-9.542477e-01 
-9.542477e-01 
-9.542477e-01 
-9.542477e-01 
-9.542477e-01 
-9.542477e-01 
-9.542477e-01 
-9.542477e-01 
-9.542477e-01 
-9.542477e-01 
-9.542477e-01 
-9.542477e-01 
-9.542477e-01 
-9.542477e-01 
-9.542477e-01 
-9.542477e-01 
-9.542477e-01 
-9.542477e-01 
-9.542477e-01 
-9.542477e-01 
-9.542477e-01 
-9.542477e-01 
-9.542477e-01 
-9.542477e-01 
-9.542477e-01 
-9.542477e-01 
-9.542477e-01 
-9.542477e-01 
-9.542477e-01 
-9.542477e-01 
-9.542477e-01 
-9.542477e-01 
-9.542477e-01 
-9.542477e-01 
-9.542477e-01 
-9.542477e-01 
-9.542477e-01 
-9.542477e-01 
-9.542477e-01 
-9.542477e-01 
-9.542477e-01 
-9.542477e-01 
-9.542477e-01 
-9.542477e-01 
-9.542477e-01 
-9.542477e-01 
-9.542477e-01 
-9.542477e-01 
-9.542477e-01 
-9.542477e-01 
-9.542477e-01 
-9.542477e-01 
-9.542477e-01 
-9.542477e-01 
-9.542477e-01 
-9.542477e-01 
-9.542477e-01 
-9.542477e-01 
-9.542477e-01 
-9.542477e-01 
-9.542477e-01 
-9.542477e-01 
-9.542475e-01 
-9.542471e-01 
-9.542466e-01 
-9.542459e-01 
-9.542452e-01 
-9.542443e-01 
-9.542433e-01 
-9.542423e-01 
-9.542413e-01 
-9.542403e-01 
-9.542394e-01 
-9.542387e-01 
-9.542380e-01 
-9.542374e-01 
-9.542369e-01 
-9.542365e-01 
-9.542361e-01 
-9.542357e-01 
-9.542354e-01 
-9.542351e-01 
-9.542348e-01 
-9.542346e-01 
-9.542344e-01 
-9.542342e-01 
-9.542340e-01 
-9.542338e-01 
-9.542336e-01 
-9.542335e-01 
-9.542333e-01 
-9.542332e-01 
-9.542331e-01 
-9.542331e-01 
-9.542331e-01 
-9.542331e-01 
-9.542331e-01 
-9.542331e-01 
-9.542331e-01 
-9.542331e-01 
-9.542331e-01 
-9.542331e-01 
-9.542331e-01 
-9.542331e-01 
-9.542331e-01 
-9.542331e-01 
-9.542331e-01 
-9.542331e-01 
-9.542331e-01 
-9.542331e-01 
-9.542331e-01 
-9.542331e-01 
-9.542331e-01 
-9.542331e-01 
-9.542331e-01 
-9.542331e-01 
-9.542331e-01 
-9.542331e-01 
-9.542331e-01 
-9.542331e-01 
-9.542331e-01 
-9.542331e-01 
-9.542331e-01 
-9.542331e-01 
-9.542331e-01 
-9.542331e-01 
-9.542331e-01 
-9.542331e-01 
-9.542331e-01 
-9.542331e-01 
-9.542331e-01 
-9.542331e-01 
-9.542331e-01 
-9.542331e-01 
-9.542331e-01 
-9.542331e-01 
-9.542331e-01 
-9.542331e-01 
-9.542331e-01 
-9.542331e-01 
-9.542331e-01 
-9.542331e-01 
-9.542331e-01 
-9.542331e-01 
-9.542331e-01 
-9.542331e-01 
-9.542331e-01 
-9.542331e-01 
-9.542331e-01 
-9.542331e-01 
-9.542331e-01 
-9.542331e-01 
-9.542331e-01 
-9.542331e-01 
-9.542331e-01 
-9.415766e-01 
-8.442197e-01 
-7.192590e-01 
-5.749258e-01 
-4.076900e-01 
-2.028987e-01 
-2.728207e-02 
-1.047235e-03 
-3.572281e-04 
-2.023076e-04 
-1.274794e-04 
-8.598400e-05 
-6.090470e-05 
-4.478866e-05 
-3.393820e-05 
-2.635768e-05 
-2.089919e-05 
-1.686834e-05 
-1.382755e-05 
-1.149161e-05 
-9.669473e-06 
-8.230681e-06 
-7.085904e-06 
-6.175025e-06 
-5.428316e-06 
-4.704945e-06 
-4.115500e-06 
-3.639553e-06 
-3.237342e-06 
-2.887726e-06 
-2.593136e-06 
-2.586771e-06 
-2.586771e-06 
-2.586771e-06 
-2.586771e-06 
-2.586771e-06 
-2.586771e-06 
-2.586771e-06 
-2.586771e-06 
-2.586771e-06 
-2.586771e-06 
-2.586771e-06 
-2.586771e-06 
-2.586771e-06 
-2.586771e-06 
-2.586771e-06 
-2.586771e-06 
-2.586771e-06 
-2.586771e-06 
-2.586771e-06 
-2.586771e-06 
-2.586771e-06 
-2.586771e-06 
-2.586771e-06 
-2.586771e-06 
-2.586771e-06 
-2.586771e-06 
-2.586771e-06 
-2.586771e-06 
-2.586771e-06 
-2.586771e-06 
-2.586771e-06 
-2.586771e-06 
-2.586771e-06 
-2.586771e-06 
-2.586771e-06 
-2.586771e-06 
-2.586771e-06 
-2.586771e-06 
-2.586771e-06 
-2.586771e-06 
-2.586771e-06 
-2.586771e-06 
-2.586771e-06 
-2.586771e-06 
-2.586771e-06 
-2.586771e-06 
-2.586771e-06 
-2.586771e-06 
-2.586771e-06 
-2.586771e-06 
-2.586771e-06 
-2.586771e-06 
-2.586771e-06 
-2.586771e-06 
-2.586771e-06 
-2.586771e-06 
-2.586771e-06 
-2.586771e-06 
-2.586771e-06 
-2.586771e-06 
-2.586771e-06 
-2.586771e-06 
-2.586771e-06 
-2.675757e-06 
-2.863742e-06 
-3.075980e-06 
-3.317109e-06 
-3.592769e-06 
-3.909823e-06 
-4.276524e-06 
-4.702845e-06 
-5.201548e-06 
-5.789974e-06 
-6.491047e-06 
-7.335352e-06 
-8.364444e-06 
-9.635924e-06 
-1.123144e-05 
-1.326972e-05 
-1.592847e-05 
-1.948270e-05 
-2.437420e-05 
-3.134246e-05 
-4.167506e-05 
-5.766377e-05 
-8.319594e-05 
-1.232073e-04 
-1.787889e-04 
-2.433556e-04 
-3.106954e-04 
-3.789230e-04 
-4.455248e-04 
-5.024206e-04 
-5.244785e-04 
-5.244794e-04 
-5.244794e-04 
-5.244794e-04 
-5.244794e-04 
-5.244794e-04 
-5.244794e-04 
-5.244794e-04 
-5.244794e-04 
-5.244794e-04 
-5.244794e-04 
-5.244794e-04 
-5.244794e-04 
-5.244794e-04 
-5.244794e-04 
-5.244794e-04 
-5.244794e-04 
-5.244794e-04 
-5.244794e-04 
-5.244794e-04 
-5.244794e-04 
-5.244794e-04 
-5.244794e-04 
-5.244794e-04 
-5.244794e-04 
-5.244794e-04 
-5.244794e-04 
-5.244794e-04 
-5.244794e-04 
-5.244794e-04 
-5.244794e-04 
-5.244794e-04 
-5.244794e-04 
-5.244794e-04 
-5.244794e-04 
-5.244794e-04 
-5.244794e-04 
-5.244794e-04 
-5.244794e-04 
-5.244794e-04 
-5.244794e-04 
-5.244794e-04 
-5.244794e-04 
-5.244794e-04 
-5.244794e-04 
-5.244794e-04 
-5.244794e-04 
-5.244794e-04 
-5.244794e-04 
-5.244794e-04 
-5.244794e-04 
-5.244794e-04 
-5.244794e-04 
-5.244794e-04 
-5.244794e-04 
-5.244794e-04 
-5.244794e-04 
-5.244794e-04 
-5.244794e-04 
-5.244794e-04 
-5.244794e-04 
-5.244794e-04 
-5.244794e-04 
-5.327846e-04 
-5.910848e-04 
-6.585708e-04 
-7.350650e-04 
-7.803981e-04 
-8.843729e-04 
-1.014515e-03 
-1.172048e-03 
-1.363843e-03 
-1.599437e-03 
-1.892377e-03 
-2.261592e-03 
-2.733789e-03 
-3.347456e-03 
-4.159410e-03 
-5.255791e-03 
-6.771178e-03 
-8.923204e-03 
-1.207814e-02 
-1.688163e-02 
-2.453426e-02 
-3.740369e-02 
-6.041873e-02 
-1.039069e-01 
-1.855234e-01 
-3.145334e-01 
-4.674019e-01 
-6.182515e-01 
-7.569767e-01 
-8.761753e-01 
-9.541949e-01 
-9.542477e-01 
-9.542477e-01 
-9.542477e-01 
-9.542477e-01 
-9.542477e-01 
-9.542477e-01 
-9.542477e-01 
-9.542477e-01 
-9.542477e-01 
-9.542477e-01 
-9.542477e-01 
-9.542477e-01 
-9.542477e-01 
-9.542477e-01 
-9.542477e-01 
-9.542477e-01 
-9.542477e-01 
-9.542477e-01 
-9.542477e-01 
-9.542477e-01 
-9.542477e-01 
-9.542477e-01 
-9.542477e-01 
-9.542477e-01 
-9.542477e-01 
-9.542477e-01 
-9.542477e-01 
-9.542477e-01 
-9.542477e-01 
-9.542477e-01 
-9.542477e-01 
-9.542477e-01 
-9.542477e-01 
-9.542477e-01 
-9.542477e-01 
-9.542477e-01 
-9.542477e-01 
-9.542477e-01 
-9.542477e-01 
-9.542477e-01 
-9.542477e-01 
-9.542477e-01 
-9.542477e-01 
-9.542477e-01 
-9.542477e-01 
-9.542477e-01 
-9.542477e-01 
-9.542477e-01 
-9.542477e-01 
-9.542477e-01 
-9.542477e-01 
-9.542477e-01 
-9.542477e-01 
-9.542477e-01 
-9.542477e-01 
-9.542477e-01 
-9.542477e-01 
-9.542477e-01 
-9.542477e-01 
-9.542477e-01 
-9.542477e-01 
-9.542477e-01 
-9.542477e-01 
-9.542475e-01 
-9.542471e-01 
-9.542465e-01 
-9.542459e-01 
-9.542451e-01 
-9.542442e-01 
-9.542433e-01 
-9.542422e-01 
-9.542412e-01 
-9.542402e-01 
-9.542394e-01 
-9.542386e-01 
-9.542380e-01 
-9.542374e-01 
-9.542369e-01 
-9.542365e-01 
-9.542361e-01 
-9.542357e-01 
-9.542354e-01 
-9.542351e-01 
-9.542348e-01 
-9.542346e-01 
-9.542343e-01 
-9.542341e-01 
-9.542339e-01 
-9.542338e-01 
-9.542336e-01 
-9.542335e-01 
-9.542333e-01 
-9.542332e-01 
-9.542331e-01 
-9.542331e-01 
-9.542331e-01 
-9.542331e-01 
-9.542331e-01 
-9.542331e-01 
-9.542331e-01 
-9.542331e-01 
-9.542331e-01 
-9.542331e-01 
-9.542331e-01 
-9.542331e-01 
-9.542331e-01 
-9.542331e-01 
-9.542331e-01 
-9.542331e-01 
-9.542331e-01 
-9.542331e-01 
-9.542331e-01 
-9.542331e-01 
-9.542331e-01 
-9.542331e-01 
-9.542331e-01 
-9.542331e-01 
-9.542331e-01 
-9.542331e-01 
-9.542331e-01 
-9.542331e-01 
-9.542331e-01 
-9.542331e-01 
-9.542331e-01 
-9.542331e-01 
-9.542331e-01 
-9.542331e-01 
-9.542331e-01 
-9.542331e-01 
-9.542331e-01 
-9.542331e-01 
-9.542331e-01 
-9.542331e-01 
-9.542331e-01 
-9.542331e-01 
-9.542331e-01 
-9.542331e-01 
-9.542331e-01 
-9.542331e-01 
-9.542331e-01 
-9.542331e-01 
-9.542331e-01 
-9.542331e-01 
-9.542331e-01 
-9.542331e-01 
-9.542331e-01 
-9.542331e-01 
-9.542331e-01 
-9.542331e-01 
-9.542331e-01 
-9.542331e-01 
-9.542331e-01 
-9.542331e-01 
-9.542331e-01 
-9.542331e-01 
-9.542331e-01 
-9.361322e-01 
-8.364019e-01 
-7.099818e-01 
-5.643501e-01 
-3.951270e-01 
-1.879007e-01 
-2.229482e-02 
-1.020541e-03 
-3.931203e-04 
-2.247384e-04 
-1.423400e-04 
-9.631794e-05 
-6.836050e-05 
-5.032087e-05 
-3.812934e-05 
-2.957743e-05 
-2.338809e-05 
-1.878344e-05 
-1.526703e-05 
-1.250555e-05 
-1.025747e-05 
-8.317868e-06 
-6.443020e-06 
-4.153996e-06 
-2.961620e-07 
4.779173e-06 
8.114492e-06 
1.026373e-05 
1.189265e-05 
1.329862e-05 
1.447290e-05 
1.451643e-05 
1.451643e-05 
1.451643e-05 
1.451643e-05 
1.451643e-05 
1.451643e-05 
1.451643e-05 
1.451643e-05 
1.451643e-05 
1.451643e-05 
1.451643e-05 
1.451643e-05 
1.451643e-05 
1.451643e-05 
1.451643e-05 
1.451643e-05 
1.451643e-05 
1.451643e-05 
1.451643e-05 
1.451643e-05 
1.451643e-05 
1.451643e-05 
1.451643e-05 
1.451643e-05 
1.451643e-05 
1.451643e-05 
1.451643e-05 
1.451643e-05 
1.451643e-05 
1.451643e-05 
1.451643e-05 
1.451643e-05 
1.451643e-05 
1.451643e-05 
1.451643e-05 
1.451643e-05 
1.451643e-05 
1.451643e-05 
1.451643e-05 
1.451643e-05 
1.451643e-05 
1.451643e-05 
1.451643e-05 
1.451643e-05 
1.451643e-05 
1.451643e-05 
1.451643e-05 
1.451643e-05 
1.451643e-05 
1.451643e-05 
1.451643e-05 
1.451643e-05 
1.451643e-05 
1.451643e-05 
1.451643e-05 
1.451643e-05 
1.451643e-05 
1.451643e-05 
1.451643e-05 
1.451643e-05 
1.451643e-05 
1.451643e-05 
1.451643e-05 
1.443154e-05 
1.427483e-05 
1.409864e-05 
1.389079e-05 
1.363666e-05 
1.331919e-05 
1.291681e-05 
1.239586e-05 
1.173383e-05 
1.091172e-05 
9.890051e-06 
8.610374e-06 
6.991352e-06 
4.919540e-06 
2.235055e-06 
-1.289738e-06 
-5.980929e-06 
-1.230423e-05 
-2.091061e-05 
-3.265903e-05 
-4.854679e-05 
-6.945139e-05 
-9.572569e-05 
-1.270411e-04 
-1.628787e-04 
-2.033803e-04 
-2.499558e-04 
-3.053423e-04 
-3.722757e-04 
-4.476325e-04 
-4.803484e-04 
-4.803489e-04 
-4.803489e-04 
-4.803489e-04 
-4.803489e-04 
-4.803489e-04 
-4.803489e-04 
-4.803489e-04 
-4.803489e-04 
-4.803489e-04 
-4.803489e-04 
-4.803489e-04 
-4.803489e-04 
-4.803489e-04 
-4.803489e-04 
-4.803489e-04 
-4.803489e-04 
-4.803489e-04 
-4.803489e-04 
-4.803489e-04 
-4.803489e-04 
-4.803489e-04 
-4.803489e-04 
-4.803489e-04 
-4.803489e-04 
-4.803489e-04 
-4.803489e-04 
-4.803489e-04 
-4.803489e-04 
-4.803489e-04 
-4.803489e-04 
-4.803489e-04 
-4.803489e-04 
-4.803489e-04 
-4.803489e-04 
-4.803489e-04 
-4.803489e-04 
-4.803489e-04 
-4.803489e-04 
-4.803489e-04 
-4.803489e-04 
-4.803489e-04 
-4.803489e-04 
-4.803489e-04 
-4.803489e-04 
-4.803489e-04 
-4.803489e-04 
-4.803489e-04 
-4.803489e-04 
-4.803489e-04 
-4.803489e-04 
-4.803489e-04 
-4.803489e-04 
-4.803489e-04 
-4.803489e-04 
-4.803489e-04 
-4.803489e-04 
-4.803489e-04 
-4.803489e-04 
-4.803489e-04 
-4.803489e-04 
-4.803489e-04 
-4.803489e-04 
-4.915235e-04 
-5.478531e-04 
-6.137485e-04 
-6.912122e-04 
-7.829635e-04 
-8.925168e-04 
-1.024346e-03 
-1.183981e-03 
-1.378428e-03 
-1.617459e-03 
-1.914939e-03 
-2.290238e-03 
-2.770718e-03 
-3.395874e-03 
-4.224112e-03 
-5.344152e-03 
-6.894908e-03 
-9.101597e-03 
-1.234437e-02 
-1.729567e-02 
-2.521071e-02 
-3.857506e-02 
-6.257756e-02 
-1.080467e-01 
-1.929170e-01 
-3.246198e-01 
-4.779557e-01 
-6.281937e-01 
-7.658564e-01 
-8.833273e-01 
-9.542374e-01 
-9.542477e-01 
-9.542477e-01 
-9.542477e-01 
-9.542477e-01 
-9.542477e-01 
-9.542477e-01 
-9.542477e-01 
-9.542477e-01 
-9.542477e-01 
-9.542477e-01 
-9.542477e-01 
-9.542477e-01 
-9.542477e-01 
-9.542477e-01 
-9.542477e-01 
-9.542477e-01 
-9.542477e-01 
-9.542477e-01 
-9.542477e-01 
-9.542477e-01 
-9.542477e-01 
-9.542477e-01 
-9.542477e-01 
-9.542477e-01 
-9.542477e-01 
-9.542477e-01 
-9.542477e-01 
-9.542477e-01 
-9.542477e-01 
-9.542477e-01 
-9.542477e-01 
-9.542477e-01 
-9.542477e-01 
-9.542477e-01 
-9.542477e-01 
-9.542477e-01 
-9.542477e-01 
-9.542477e-01 
-9.542477e-01 
-9.542477e-01 
-9.542477e-01 
-9.542477e-01 
-9.542477e-01 
-9.542477e-01 
-9.542477e-01 
-9.542477e-01 
-9.542477e-01 
-9.542477e-01 
-9.542477e-01 
-9.542477e-01 
-9.542477e-01 
-9.542477e-01 
-9.542477e-01 
-9.542477e-01 
-9.542477e-01 
-9.542477e-01 
-9.542477e-01 
-9.542477e-01 
-9.542477e-01 
-9.542477e-01 
-9.542477e-01 
-9.542477e-01 
-9.542477e-01 
-9.542475e-01 
-9.542470e-01 
-9.542465e-01 
-9.542458e-01 
-9.542451e-01 
-9.542442e-01 
-9.542432e-01 
-9.542422e-01 
-9.542411e-01 
-9.542402e-01 
-9.542393e-01 
-9.542386e-01 
-9.542379e-01 
-9.542374e-01 
-9.542369e-01 
-9.542364e-01 
-9.542360e-01 
-9.542357e-01 
-9.542354e-01 
-9.542351e-01 
-9.542348e-01 
-9.542346e-01 
-9.542343e-01 
-9.542341e-01 
-9.542339e-01 
-9.542338e-01 
-9.542336e-01 
-9.542334e-01 
-9.542333e-01 
-9.542331e-01 
-9.542331e-01 
-9.542331e-01 
-9.542331e-01 
-9.542331e-01 
-9.542331e-01 
-9.542331e-01 
-9.542331e-01 
-9.542331e-01 
-9.542331e-01 
-9.542331e-01 
-9.542331e-01 
-9.542331e-01 
-9.542331e-01 
-9.542331e-01 
-9.542331e-01 
-9.542331e-01 
-9.542331e-01 
-9.542331e-01 
-9.542331e-01 
-9.542331e-01 
-9.542331e-01 
-9.542331e-01 
-9.542331e-01 
-9.542331e-01 
-9.542331e-01 
-9.542331e-01 
-9.542331e-01 
-9.542331e-01 
-9.542331e-01 
-9.542331e-01 
-9.542331e-01 
-9.542331e-01 
-9.542331e-01 
-9.542331e-01 
-9.542331e-01 
-9.542331e-01 
-9.542331e-01 
-9.542331e-01 
-9.542331e-01 
-9.542331e-01 
-9.542331e-01 
-9.542331e-01 
-9.542331e-01 
-9.542331e-01 
-9.542331e-01 
-9.542331e-01 
-9.542331e-01 
-9.542331e-01 
-9.542331e-01 
-9.542331e-01 
-9.542331e-01 
-9.542331e-01 
-9.542331e-01 
-9.542331e-01 
-9.542331e-01 
-9.542331e-01 
-9.542331e-01 
-9.542331e-01 
-9.542331e-01 
-9.542331e-01 
-9.542331e-01 
-9.542331e-01 
-9.542331e-01 
-9.304742e-01 
-8.284621e-01 
-7.006111e-01 
-5.536275e-01 
-3.821852e-01 
-1.721843e-01 
-1.726555e-02 
-7.031272e-04 
-2.783912e-04 
-1.606957e-04 
-1.024314e-04 
-6.967608e-05 
-4.969710e-05 
-3.677675e-05 
-2.804159e-05 
-2.192695e-05 
-1.752790e-05 
-1.429683e-05 
-1.189212e-05 
-1.009970e-05 
-8.794587e-06 
-7.933786e-06 
-7.599380e-06 
-8.187186e-06 
-1.072715e-05 
-1.431093e-05 
-1.639168e-05 
-1.756039e-05 
-1.837901e-05 
-1.908485e-05 
-1.968668e-05 
-1.970058e-05 
-1.970058e-05 
-1.970058e-05 
-1.970058e-05 
-1.970058e-05 
-1.970058e-05 
-1.970058e-05 
-1.970058e-05 
-1.970058e-05 
-1.970058e-05 
-1.970058e-05 
-1.970058e-05 
-1.970058e-05 
-1.970058e-05 
-1.970058e-05 
-1.970058e-05 
-1.970058e-05 
-1.970058e-05 
-1.970058e-05 
-1.970058e-05 
-1.970058e-05 
-1.970058e-05 
-1.970058e-05 
-1.970058e-05 
-1.970058e-05 
-1.970058e-05 
-1.970058e-05 
-1.970058e-05 
-1.970058e-05 
-1.970058e-05 
-1.970058e-05 
-1.970058e-05 
-1.970058e-05 
-1.970058e-05 
-1.970058e-05 
-1.970058e-05 
-1.970058e-05 
-1.970058e-05 
-1.970058e-05 
-1.970058e-05 
-1.970058e-05 
-1.970058e-05 
-1.970058e-05 
-1.970058e-05 
-1.970058e-05 
-1.970058e-05 
-1.970058e-05 
-1.970058e-05 
-1.970058e-05 
-1.970058e-05 
-1.970058e-05 
-1.970058e-05 
-1.970058e-05 
-1.970058e-05 
-1.970058e-05 
-1.970058e-05 
-1.970058e-05 
-1.970058e-05 
-1.970058e-05 
-1.970058e-05 
-1.970058e-05 
-1.970058e-05 
-1.970058e-05 
-1.983195e-05 
-2.005576e-05 
-2.030864e-05 
-2.058759e-05 
-2.088914e-05 
-2.120976e-05 
-2.154366e-05 
-2.187672e-05 
-2.221317e-05 
-2.256694e-05 
-2.294179e-05 
-2.333644e-05 
-2.374564e-05 
-2.415818e-05 
-2.455285e-05 
-2.489101e-05 
-2.510306e-05 
-2.506309e-05 
-2.454007e-05 
-2.310131e-05 
-1.991861e-05 
-1.338820e-05 
-4.959180e-07 
2.360399e-05 
6.350293e-05 
1.182860e-04 
1.830438e-04 
2.563984e-04 
3.402526e-04 
4.309149e-04 
4.640892e-04 
4.640894e-04 
4.640894e-04 
4.640894e-04 
4.640894e-04 
4.640894e-04 
4.640894e-04 
4.640894e-04 
4.640894e-04 
4.640894e-04 
4.640894e-04 
4.640894e-04 
4.640894e-04 
4.640894e-04 
4.640894e-04 
4.640894e-04 
4.640894e-04 
4.640894e-04 
4.640894e-04 
4.640894e-04 
4.640894e-04 
4.640894e-04 
4.640894e-04 
4.640894e-04 
4.640894e-04 
4.640894e-04 
4.640894e-04 
4.640894e-04 
4.640894e-04 
4.640894e-04 
4.640894e-04 
4.640894e-04 
4.640894e-04 
4.640894e-04 
4.640894e-04 
4.640894e-04 
4.640894e-04 
4.640894e-04 
4.640894e-04 
4.640894e-04 
4.640894e-04 
4.640894e-04 
4.640894e-04 
4.640894e-04 
4.640894e-04 
4.640894e-04 
4.640894e-04 
4.640894e-04 
4.640894e-04 
4.640894e-04 
4.640894e-04 
4.640894e-04 
4.640894e-04 
4.640894e-04 
4.640894e-04 
4.640894e-04 
4.640894e-04 
4.640894e-04 
4.640894e-04 
4.640894e-04 
4.640894e-04 
4.640894e-04 
4.640894e-04 
4.783414e-04 
5.335804e-04 
5.982078e-04 
6.742538e-04 
7.644116e-04 
8.721553e-04 
1.001897e-03 
1.159102e-03 
1.350785e-03 
1.586777e-03 
1.880971e-03 
2.252787e-03 
2.729720e-03 
3.351561e-03 
4.177318e-03 
5.296898e-03 
6.851562e-03 
9.071231e-03 
1.234577e-02 
1.736844e-02 
2.544143e-02 
3.916161e-02 
6.398779e-02 
1.113277e-01 
1.995717e-01 
3.342747e-01 
4.883099e-01 
6.380309e-01 
7.746353e-01 
8.903230e-01 
9.542456e-01 
9.542476e-01 
9.542476e-01 
9.542476e-01 
9.542476e-01 
9.542476e-01 
9.542476e-01 
9.542476e-01 
9.542476e-01 
9.542476e-01 
9.542476e-01 
9.542476e-01 
9.542476e-01 
9.542476e-01 
9.542476e-01 
9.542476e-01 
9.542476e-01 
9.542476e-01 
9.542476e-01 
9.542476e-01 
9.542476e-01 
9.542476e-01 
9.542476e-01 
9.542476e-01 
9.542476e-01 
9.542476e-01 
9.542476e-01 
9.542476e-01 
9.542476e-01 
9.542476e-01 
9.542476e-01 
9.542476e-01 
9.542476e-01 
9.542476e-01 
9.542476e-01 
9.542476e-01 
9.542476e-01 
9.542476e-01 
9.542476e-01 
9.542476e-01 
9.542476e-01 
9.542476e-01 
9.542476e-01 
9.542476e-01 
9.542476e-01 
9.542476e-01 
9.542476e-01 
9.542476e-01 
9.542476e-01 
9.542476e-01 
9.542476e-01 
9.542476e-01 
9.542476e-01 
9.542476e-01 
9.542476e-01 
9.542476e-01 
9.542476e-01 
9.542476e-01 
9.542476e-01 
9.542476e-01 
9.542476e-01 
9.542476e-01 
9.542476e-01 
9.542476e-01 
9.542473e-01 
9.542468e-01 
9.542461e-01 
9.542452e-01 
9.542439e-01 
9.542420e-01 
9.542402e-01 
9.542393e-01 
9.542386e-01 
9.542380e-01 
9.542375e-01 
9.542370e-01 
9.542366e-01 
9.542362e-01 
9.542358e-01 
9.542355e-01 
9.542352e-01 
9.542350e-01 
9.542347e-01 
9.542345e-01 
9.542343e-01 
9.542341e-01 
9.542339e-01 
9.542337e-01 
9.542336e-01 
9.542334e-01 
9.542333e-01 
9.542331e-01 
9.542330e-01 
9.542329e-01 
9.542329e-01 
9.542329e-01 
9.542329e-01 
9.542329e-01 
9.542329e-01 
9.542329e-01 
9.542329e-01 
9.542329e-01 
9.542329e-01 
9.542329e-01 
9.542329e-01 
9.542329e-01 
9.542329e-01 
9.542329e-01 
9.542329e-01 
9.542329e-01 
9.542329e-01 
9.542329e-01 
9.542329e-01 
9.542329e-01 
9.542329e-01 
9.542329e-01 
9.542329e-01 
9.542329e-01 
9.542329e-01 
9.542329e-01 
9.542329e-01 
9.542329e-01 
9.542329e-01 
9.542329e-01 
9.542329e-01 
9.542329e-01 
9.542329e-01 
9.542329e-01 
9.542329e-01 
9.542329e-01 
9.542329e-01 
9.542329e-01 
9.542329e-01 
9.542329e-01 
9.542329e-01 
9.542329e-01 
9.542329e-01 
9.542329e-01 
9.542329e-01 
9.542329e-01 
9.542329e-01 
9.542329e-01 
9.542329e-01 
9.542329e-01 
9.542329e-01 
9.542329e-01 
9.542329e-01 
9.542329e-01 
9.542329e-01 
9.542329e-01 
9.542329e-01 
9.542329e-01 
9.542329e-01 
9.542329e-01 
9.542329e-01 
9.542329e-01 
9.542329e-01 
9.246180e-01 
8.203996e-01 
6.911189e-01 
5.426148e-01 
3.682342e-01 
1.534778e-01 
1.022357e-02 
-5.662357e-04 
-3.138780e-04 
-1.827686e-04 
-1.170439e-04 
-7.984139e-05 
-5.703599e-05 
-4.222562e-05 
-3.217152e-05 
-2.510028e-05 
-1.998027e-05 
-1.618179e-05 
-1.330505e-05 
-1.108789e-05 
-9.353980e-06 
-7.982746e-06 
-6.892235e-06 
-6.027277e-06 
-5.298160e-06 
-4.588456e-06 
-4.027930e-06 
-3.569900e-06 
-3.180536e-06 
-2.840250e-06 
-2.606679e-06 
-2.606439e-06 
-2.606439e-06 
-2.606439e-06 
-2.606439e-06 
-2.606439e-06 
-2.606439e-06 
-2.606439e-06 
-2.606439e-06 
-2.606439e-06 
-2.606439e-06 
-2.606439e-06 
-2.606439e-06 
-2.606439e-06 
-2.606439e-06 
-2.606439e-06 
-2.606439e-06 
-2.606439e-06 
-2.606439e-06 
-2.606439e-06 
-2.606439e-06 
-2.606439e-06 
-2.606439e-06 
-2.606439e-06 
-2.606439e-06 
-2.606439e-06 
-2.606439e-06 
-2.606439e-06 
-2.606439e-06 
-2.606439e-06 
-2.606439e-06 
-2.606439e-06 
-2.606439e-06 
-2.606439e-06 
-2.606439e-06 
-2.606439e-06 
-2.606439e-06 
-2.606439e-06 
-2.606439e-06 
-2.606439e-06 
-2.606439e-06 
-2.606439e-06 
-2.606439e-06 
-2.606439e-06 
-2.606439e-06 
-2.606439e-06 
-2.606439e-06 
-2.606439e-06 
-2.606439e-06 
-2.606439e-06 
-2.606439e-06 
-2.606439e-06 
-2.606439e-06 
-2.606439e-06 
-2.606439e-06 
-2.606439e-06 
-2.606439e-06 
-2.606439e-06 
-2.606439e-06 
-2.606439e-06 
-2.606439e-06 
-2.606439e-06 
-2.606439e-06 
-2.606439e-06 
-2.732964e-06 
-2.926696e-06 
-3.145675e-06 
-3.394708e-06 
-3.679663e-06 
-4.007641e-06 
-4.387299e-06 
-4.829348e-06 
-5.347371e-06 
-5.959686e-06 
-6.690645e-06 
-7.572862e-06 
-8.650824e-06 
-9.986455e-06 
-1.166796e-05 
-1.382428e-05 
-1.664967e-05 
-2.044687e-05 
-2.570611e-05 
-3.325461e-05 
-4.454190e-05 
-6.214231e-05 
-9.028701e-05 
-1.336708e-04 
-1.917482e-04 
-2.571638e-04 
-3.247340e-04 
-3.929367e-04 
-4.584120e-04 
-5.117489e-04 
-5.244864e-04 
-5.244864e-04 
-5.244864e-04 
-5.244864e-04 
-5.244864e-04 
-5.244864e-04 
-5.244864e-04 
-5.244864e-04 
-5.244864e-04 
-5.244864e-04 
-5.244864e-04 
-5.244864e-04 
-5.244864e-04 
-5.244864e-04 
-5.244864e-04 
-5.244864e-04 
-5.244864e-04 
-5.244864e-04 
-5.244864e-04 
-5.244864e-04 
-5.244864e-04 
-5.244864e-04 
-5.244864e-04 
-5.244864e-04 
-5.244864e-04 
-5.244864e-04 
-5.244864e-04 
-5.244864e-04 
-5.244864e-04 
-5.244864e-04 
-5.244864e-04 
-5.244864e-04 
-5.244864e-04 
-5.244864e-04 
-5.244864e-04 
-5.244864e-04 
-5.244864e-04 
-5.244864e-04 
-5.244864e-04 
-5.244864e-04 
-5.244864e-04 
-5.244864e-04 
-5.244864e-04 
-5.244864e-04 
-5.244864e-04 
-5.244864e-04 
-5.244864e-04 
-5.244864e-04 
-5.244864e-04 
-5.244864e-04 
-5.244864e-04 
-5.244864e-04 
-5.244864e-04 
-5.244864e-04 
-5.244864e-04 
-5.244864e-04 
-5.244864e-04 
-5.244864e-04 
-5.244864e-04 
-5.244864e-04 
-5.244864e-04 
-5.244864e-04 
-5.244864e-04 
-5.439601e-04 
-6.041624e-04 
-6.736429e-04 
-7.503696e-04 
-7.976883e-04 
-9.091175e-04 
-1.044398e-03 
-1.208335e-03 
-1.408222e-03 
-1.654322e-03 
-1.961154e-03 
-2.349003e-03 
-2.846598e-03 
-3.495547e-03 
-4.357588e-03 
-5.526874e-03 
-7.151488e-03 
-9.472754e-03 
-1.290046e-02 
-1.816453e-02 
-2.663824e-02 
-4.106297e-02 
-6.719023e-02 
-1.168918e-01 
-2.084152e-01 
-3.450721e-01 
-4.989953e-01 
-6.478993e-01 
-7.833375e-01 
-8.971604e-01 
-9.542473e-01 
-9.542477e-01 
-9.542477e-01 
-9.542477e-01 
-9.542477e-01 
-9.542477e-01 
-9.542477e-01 
-9.542477e-01 
-9.542477e-01 
-9.542477e-01 
-9.542477e-01 
-9.542477e-01 
-9.542477e-01 
-9.542477e-01 
-9.542477e-01 
-9.542477e-01 
-9.542477e-01 
-9.542477e-01 
-9.542477e-01 
-9.542477e-01 
-9.542477e-01 
-9.542477e-01 
-9.542477e-01 
-9.542477e-01 
-9.542477e-01 
-9.542477e-01 
-9.542477e-01 
-9.542477e-01 
-9.542477e-01 
-9.542477e-01 
-9.542477e-01 
-9.542477e-01 
-9.542477e-01 
-9.542477e-01 
-9.542477e-01 
-9.542477e-01 
-9.542477e-01 
-9.542477e-01 
-9.542477e-01 
-9.542477e-01 
-9.542477e-01 
-9.542477e-01 
-9.542477e-01 
-9.542477e-01 
-9.542477e-01 
-9.542477e-01 
-9.542477e-01 
-9.542477e-01 
-9.542477e-01 
-9.542477e-01 
-9.542477e-01 
-9.542477e-01 
-9.542477e-01 
-9.542477e-01 
-9.542477e-01 
-9.542477e-01 
-9.542477e-01 
-9.542477e-01 
-9.542477e-01 
-9.542477e-01 
-9.542477e-01 
-9.542477e-01 
-9.542477e-01 
-9.542477e-01 
-9.542474e-01 
-9.542470e-01 
-9.542464e-01 
-9.542457e-01 
-9.542449e-01 
-9.542441e-01 
-9.542431e-01 
-9.542420e-01 
-9.542410e-01 
-9.542401e-01 
-9.542392e-01 
-9.542385e-01 
-9.542379e-01 
-9.542373e-01 
-9.542368e-01 
-9.542364e-01 
-9.542360e-01 
-9.542356e-01 
-9.542353e-01 
-9.542350e-01 
-9.542348e-01 
-9.542345e-01 
-9.542343e-01 
-9.542341e-01 
-9.542339e-01 
-9.542337e-01 
-9.542336e-01 
-9.542334e-01 
-9.542333e-01 
-9.542331e-01 
-9.542331e-01 
-9.542331e-01 
-9.542331e-01 
-9.542331e-01 
-9.542331e-01 
-9.542331e-01 
-9.542331e-01 
-9.542331e-01 
-9.542331e-01 
-9.542331e-01 
-9.542331e-01 
-9.542331e-01 
-9.542331e-01 
-9.542331e-01 
-9.542331e-01 
-9.542331e-01 
-9.542331e-01 
-9.542331e-01 
-9.542331e-01 
-9.542331e-01 
-9.542331e-01 
-9.542331e-01 
-9.542331e-01 
-9.542331e-01 
-9.542331e-01 
-9.542331e-01 
-9.542331e-01 
-9.542331e-01 
-9.542331e-01 
-9.542331e-01 
-9.542331e-01 
-9.542331e-01 
-9.542331e-01 
-9.542331e-01 
-9.542331e-01 
-9.542331e-01 
-9.542331e-01 
-9.542331e-01 
-9.542331e-01 
-9.542331e-01 
-9.542331e-01 
-9.542331e-01 
-9.542331e-01 
-9.542331e-01 
-9.542331e-01 
-9.542331e-01 
-9.542331e-01 
-9.542331e-01 
-9.542331e-01 
-9.542331e-01 
-9.542331e-01 
-9.542331e-01 
-9.542331e-01 
-9.542331e-01 
-9.542331e-01 
-9.542331e-01 
-9.542331e-01 
-9.542331e-01 
-9.542331e-01 
-9.542331e-01 
-9.542331e-01 
-9.542331e-01 
-9.542331e-01 
-9.185739e-01 
-8.122381e-01 
-6.816294e-01 
-5.319254e-01 
-3.560260e-01 
-1.425175e-01 
-1.095002e-02 
-6.603590e-04 
-3.012923e-04 
-1.768152e-04 
-1.138062e-04 
-7.791039e-05 
-5.580669e-05 
-4.140338e-05 
-3.159954e-05 
-2.468936e-05 
-1.967693e-05 
-1.595251e-05 
-1.312806e-05 
-1.094861e-05 
-9.242274e-06 
-7.891350e-06 
-6.815576e-06 
-5.959775e-06 
-5.228700e-06 
-4.528199e-06 
-3.976391e-06 
-3.523256e-06 
-3.137220e-06 
-2.799244e-06 
-2.586859e-06 
-2.586771e-06 
-2.586771e-06 
-2.586771e-06 
-2.586771e-06 
-2.586771e-06 
-2.586771e-06 
-2.586771e-06 
-2.586771e-06 
-2.586771e-06 
-2.586771e-06 
-2.586771e-06 
-2.586771e-06 
-2.586771e-06 
-2.586771e-06 
-2.586771e-06 
-2.586771e-06 
-2.586771e-06 
-2.586771e-06 
-2.586771e-06 
-2.586771e-06 
-2.586771e-06 
-2.586771e-06 
-2.586771e-06 
-2.586771e-06 
-2.586771e-06 
-2.586771e-06 
-2.586771e-06 
-2.586771e-06 
-2.586771e-06 
-2.586771e-06 
-2.586771e-06 
-2.586771e-06 
-2.586771e-06 
-2.586771e-06 
-2.586771e-06 
-2.586771e-06 
-2.586771e-06 
-2.586771e-06 
-2.586771e-06 
-2.586771e-06 
-2.586771e-06 
-2.586771e-06 
-2.586771e-06 
-2.586771e-06 
-2.586771e-06 
-2.586771e-06 
-2.586771e-06 
-2.586771e-06 
-2.586771e-06 
-2.586771e-06 
-2.586771e-06 
-2.586771e-06 
-2.586771e-06 
-2.586771e-06 
-2.586771e-06 
-2.586771e-06 
-2.586771e-06 
-2.586771e-06 
-2.586771e-06 
-2.586771e-06 
-2.586771e-06 
-2.586771e-06 
-2.586771e-06 
-2.725001e-06 
-2.919198e-06 
-3.138843e-06 
-3.388806e-06 
-3.675052e-06 
-4.004797e-06 
-4.386734e-06 
-4.831409e-06 
-5.352719e-06 
-5.969401e-06 
-6.706218e-06 
-7.596369e-06 
-8.685195e-06 
-1.003592e-05 
-1.173875e-05 
-1.392585e-05 
-1.679679e-05 
-2.066340e-05 
-2.603224e-05 
-3.376076e-05 
-4.535547e-05 
-6.349148e-05 
-9.251902e-05 
-1.370273e-04 
-1.959123e-04 
-2.616273e-04 
-3.293122e-04 
-3.975130e-04 
-4.625554e-04 
-5.146114e-04 
-5.244794e-04 
-5.244794e-04 
-5.244794e-04 
-5.244794e-04 
-5.244794e-04 
-5.244794e-04 
-5.244794e-04 
-5.244794e-04 
-5.244794e-04 
-5.244794e-04 
-5.244794e-04 
-5.244794e-04 
-5.244794e-04 
-5.244794e-04 
-5.244794e-04 
-5.244794e-04 
-5.244794e-04 
-5.244794e-04 
-5.244794e-04 
-5.244794e-04 
-5.244794e-04 
-5.244794e-04 
-5.244794e-04 
-5.244794e-04 
-5.244794e-04 
-5.244794e-04 
-5.244794e-04 
-5.244794e-04 
-5.244794e-04 
-5.244794e-04 
-5.244794e-04 
-5.244794e-04 
-5.244794e-04 
-5.244794e-04 
-5.244794e-04 
-5.244794e-04 
-5.244794e-04 
-5.244794e-04 
-5.244794e-04 
-5.244794e-04 
-5.244794e-04 
-5.244794e-04 
-5.244794e-04 
-5.244794e-04 
-5.244794e-04 
-5.244794e-04 
-5.244794e-04 
-5.244794e-04 
-5.244794e-04 
-5.244794e-04 
-5.244794e-04 
-5.244794e-04 
-5.244794e-04 
-5.244794e-04 
-5.244794e-04 
-5.244794e-04 
-5.244794e-04 
-5.244794e-04 
-5.244794e-04 
-5.244794e-04 
-5.244794e-04 
-5.244794e-04 
-5.244794e-04 
-5.477966e-04 
-6.085931e-04 
-6.787273e-04 
-7.541533e-04 
-8.042689e-04 
-9.175774e-04 
-1.054623e-03 
-1.220760e-03 
-1.423438e-03 
-1.673174e-03 
-1.984822e-03 
-2.379142e-03 
-2.885581e-03 
-3.546848e-03 
-4.426433e-03 
-5.621348e-03 
-7.284524e-03 
-9.665836e-03 
-1.319089e-02 
-1.862046e-02 
-2.739156e-02 
-4.238426e-02 
-6.965392e-02 
-1.216107e-01 
-2.165115e-01 
-3.554148e-01 
-5.094731e-01 
-6.576591e-01 
-7.919325e-01 
-9.038301e-01 
-9.542476e-01 
-9.542477e-01 
-9.542477e-01 
-9.542477e-01 
-9.542477e-01 
-9.542477e-01 
-9.542477e-01 
-9.542477e-01 
-9.542477e-01 
-9.542477e-01 
-9.542477e-01 
-9.542477e-01 
-9.542477e-01 
-9.542477e-01 
-9.542477e-01 
-9.542477e-01 
-9.542477e-01 
-9.542477e-01 
-9.542477e-01 
-9.542477e-01 
-9.542477e-01 
-9.542477e-01 
-9.542477e-01 
-9.542477e-01 
-9.542477e-01 
-9.542477e-01 
-9.542477e-01 
-9.542477e-01 
-9.542477e-01 
-9.542477e-01 
-9.542477e-01 
-9.542477e-01 
-9.542477e-01 
-9.542477e-01 
-9.542477e-01 
-9.542477e-01 
-9.542477e-01 
-9.542477e-01 
-9.542477e-01 
-9.542477e-01 
-9.542477e-01 
-9.542477e-01 
-9.542477e-01 
-9.542477e-01 
-9.542477e-01 
-9.542477e-01 
-9.542477e-01 
-9.542477e-01 
-9.542477e-01 
-9.542477e-01 
-9.542477e-01 
-9.542477e-01 
-9.542477e-01 
-9.542477e-01 
-9.542477e-01 
-9.542477e-01 
-9.542477e-01 
-9.542477e-01 
-9.542477e-01 
-9.542477e-01 
-9.542477e-01 
-9.542477e-01 
-9.542477e-01 
-9.542477e-01 
-9.542474e-01 
-9.542469e-01 
-9.542464e-01 
-9.542457e-01 
-9.542449e-01 
-9.542440e-01 
-9.542430e-01 
-9.542419e-01 
-9.542409e-01 
-9.542400e-01 
-9.542392e-01 
-9.542384e-01 
-9.542378e-01 
-9.542373e-01 
-9.542368e-01 
-9.542363e-01 
-9.542360e-01 
-9.542356e-01 
-9.542353e-01 
-9.542350e-01 
-9.542347e-01 
-9.542345e-01 
-9.542343e-01 
-9.542341e-01 
-9.542339e-01 
-9.542337e-01 
-9.542336e-01 
-9.542334e-01 
-9.542333e-01 
-9.542332e-01 
-9.542331e-01 
-9.542331e-01 
-9.542331e-01 
-9.542331e-01 
-9.542331e-01 
-9.542331e-01 
-9.542331e-01 
-9.542331e-01 
-9.542331e-01 
-9.542331e-01 
-9.542331e-01 
-9.542331e-01 
-9.542331e-01 
-9.542331e-01 
-9.542331e-01 
-9.542331e-01 
-9.542331e-01 
-9.542331e-01 
-9.542331e-01 
-9.542331e-01 
-9.542331e-01 
-9.542331e-01 
-9.542331e-01 
-9.542331e-01 
-9.542331e-01 
-9.542331e-01 
-9.542331e-01 
-9.542331e-01 
-9.542331e-01 
-9.542331e-01 
-9.542331e-01 
-9.542331e-01 
-9.542331e-01 
-9.542331e-01 
-9.542331e-01 
-9.542331e-01 
-9.542331e-01 
-9.542331e-01 
-9.542331e-01 
-9.542331e-01 
-9.542331e-01 
-9.542331e-01 
-9.542331e-01 
-9.542331e-01 
-9.542331e-01 
-9.542331e-01 
-9.542331e-01 
-9.542331e-01 
-9.542331e-01 
-9.542331e-01 
-9.542331e-01 
-9.542331e-01 
-9.542331e-01 
-9.542331e-01 
-9.542331e-01 
-9.542331e-01 
-9.542331e-01 
-9.542331e-01 
-9.542331e-01 
-9.542331e-01 
-9.542331e-01 
-9.542331e-01 
-9.542331e-01 
-9.123463e-01 
-8.039608e-01 
-6.720142e-01 
-5.209147e-01 
-3.426912e-01 
-1.283238e-01 
-8.812707e-03 
-6.945780e-04 
-3.327132e-04 
-1.967450e-04 
-1.272041e-04 
-8.733101e-05 
-6.266126e-05 
-4.652197e-05 
-3.549484e-05 
-2.768946e-05 
-2.199609e-05 
-1.772989e-05 
-1.444814e-05 
-1.184853e-05 
-9.705035e-06 
-7.811852e-06 
-5.890361e-06 
-3.321718e-06 
1.139215e-06 
5.870663e-06 
8.782815e-06 
1.074323e-05 
1.229372e-05 
1.364938e-05 
1.451630e-05 
1.451643e-05 
1.451643e-05 
1.451643e-05 
1.451643e-05 
1.451643e-05 
1.451643e-05 
1.451643e-05 
1.451643e-05 
1.451643e-05 
1.451643e-05 
1.451643e-05 
1.451643e-05 
1.451643e-05 
1.451643e-05 
1.451643e-05 
1.451643e-05 
1.451643e-05 
1.451643e-05 
1.451643e-05 
1.451643e-05 
1.451643e-05 
1.451643e-05 
1.451643e-05 
1.451643e-05 
1.451643e-05 
1.451643e-05 
1.451643e-05 
1.451643e-05 
1.451643e-05 
1.451643e-05 
1.451643e-05 
1.451643e-05 
1.451643e-05 
1.451643e-05 
1.451643e-05 
1.451643e-05 
1.451643e-05 
1.451643e-05 
1.451643e-05 
1.451643e-05 
1.451643e-05 
1.451643e-05 
1.451643e-05 
1.451643e-05 
1.451643e-05 
1.451643e-05 
1.451643e-05 
1.451643e-05 
1.451643e-05 
1.451643e-05 
1.451643e-05 
1.451643e-05 
1.451643e-05 
1.451643e-05 
1.451643e-05 
1.451643e-05 
1.451643e-05 
1.451643e-05 
1.451643e-05 
1.451643e-05 
1.451643e-05 
1.451643e-05 
1.451633e-05 
1.438996e-05 
1.422906e-05 
1.404550e-05 
1.382657e-05 
1.355689e-05 
1.321877e-05 
1.278758e-05 
1.222927e-05 
1.152619e-05 
1.065423e-05 
9.568642e-06 
8.205382e-06 
6.475440e-06 
4.254345e-06 
1.366153e-06 
-2.440199e-06 
-7.524499e-06 
-1.439879e-05 
-2.377086e-05 
-3.655080e-05 
-5.373816e-05 
-7.610692e-05 
-1.038151e-04 
-1.364063e-04 
-1.734592e-04 
-2.154213e-04 
-2.640905e-04 
-3.224436e-04 
-3.925058e-04 
-4.674838e-04 
-4.803489e-04 
-4.803489e-04 
-4.803489e-04 
-4.803489e-04 
-4.803489e-04 
-4.803489e-04 
-4.803489e-04 
-4.803489e-04 
-4.803489e-04 
-4.803489e-04 
-4.803489e-04 
-4.803489e-04 
-4.803489e-04 
-4.803489e-04 
-4.803489e-04 
-4.803489e-04 
-4.803489e-04 
-4.803489e-04 
-4.803489e-04 
-4.803489e-04 
-4.803489e-04 
-4.803489e-04 
-4.803489e-04 
-4.803489e-04 
-4.803489e-04 
-4.803489e-04 
-4.803489e-04 
-4.803489e-04 
-4.803489e-04 
-4.803489e-04 
-4.803489e-04 
-4.803489e-04 
-4.803489e-04 
-4.803489e-04 
-4.803489e-04 
-4.803489e-04 
-4.803489e-04 
-4.803489e-04 
-4.803489e-04 
-4.803489e-04 
-4.803489e-04 
-4.803489e-04 
-4.803489e-04 
-4.803489e-04 
-4.803489e-04 
-4.803489e-04 
-4.803489e-04 
-4.803489e-04 
-4.803489e-04 
-4.803489e-04 
-4.803489e-04 
-4.803489e-04 
-4.803489e-04 
-4.803489e-04 
-4.803489e-04 
-4.803489e-04 
-4.803489e-04 
-4.803489e-04 
-4.803489e-04 
-4.803489e-04 
-4.803489e-04 
-4.803489e-04 
-4.803489e-04 
-5.060365e-04 
-5.648556e-04 
-6.336839e-04 
-7.147548e-04 
-8.109880e-04 
-9.261461e-04 
-1.064983e-03 
-1.233356e-03 
-1.438873e-03 
-1.692313e-03 
-2.008872e-03 
-2.409800e-03 
-2.925280e-03 
-3.599157e-03 
-4.496731e-03 
0.000000e+00 
0.000000e+00 
0.000000e+00 
0.000000e+00 
0.000000e+00 
0.000000e+00 
0.000000e+00 
0.000000e+00
#[#TRACE_DATA]
#[#TRACE]
