#[TRACE]
#data_labels=Output
#[TRACE_DATA]
2.435565e-05 
2.473065e-05 
2.496706e-05 
2.487222e-05 
2.414040e-05 
2.219551e-05 
1.792881e-05 
9.189936e-06 
-8.019060e-06 
-3.983563e-05 
-9.121299e-05 
-1.598662e-04 
-2.402144e-04 
-3.317170e-04 
-4.366260e-04 
-5.471138e-04 
-5.675605e-04 
-5.675605e-04 
-5.675605e-04 
-5.675605e-04 
-5.675605e-04 
-5.675605e-04 
-5.675605e-04 
-5.675605e-04 
-5.675605e-04 
-5.675605e-04 
-5.675605e-04 
-5.675605e-04 
-5.675605e-04 
-5.675605e-04 
-5.675605e-04 
-5.675605e-04 
-5.675605e-04 
-5.675605e-04 
-5.675605e-04 
-5.675605e-04 
-5.675605e-04 
-5.675605e-04 
-5.675605e-04 
-5.675605e-04 
-5.675605e-04 
-5.675605e-04 
-5.675605e-04 
-5.675605e-04 
-5.675605e-04 
-5.675605e-04 
-5.675605e-04 
-5.675605e-04 
-5.675605e-04 
-5.675605e-04 
-5.675605e-04 
-5.675605e-04 
-5.675605e-04 
-5.675605e-04 
-5.675605e-04 
-5.675605e-04 
-5.675605e-04 
-5.675605e-04 
-5.675605e-04 
-5.675605e-04 
-5.675605e-04 
-5.675605e-04 
-5.675605e-04 
-5.675605e-04 
-5.675605e-04 
-5.675605e-04 
-5.675605e-04 
-5.675605e-04 
-5.675605e-04 
-5.675605e-04 
-5.675605e-04 
-5.675605e-04 
-5.675605e-04 
-5.675605e-04 
-5.675605e-04 
-5.675605e-04 
-5.675605e-04 
-5.675605e-04 
-5.675605e-04 
-5.925764e-04 
-6.528259e-04 
-7.231313e-04 
-8.056894e-04 
-9.033257e-04 
-1.019640e-03 
-1.159219e-03 
-1.327981e-03 
-1.533462e-03 
-1.786085e-03 
-2.100769e-03 
-2.498301e-03 
-3.008170e-03 
-3.673201e-03 
-4.557149e-03 
-5.757589e-03 
-7.428635e-03 
-9.822684e-03 
-1.337085e-02 
-1.884641e-02 
-2.771612e-02 
-4.293418e-02 
-7.074262e-02 
-1.239455e-01 
-2.209767e-01 
-3.614857e-01 
-5.157562e-01 
-6.635002e-01 
-7.969964e-01 
-9.076489e-01 
-9.543222e-01 
-9.543222e-01 
-9.543222e-01 
-9.543222e-01 
-9.543222e-01 
-9.543222e-01 
-9.543222e-01 
-9.543222e-01 
-9.543222e-01 
-9.543222e-01 
-9.543222e-01 
-9.543222e-01 
-9.543222e-01 
-9.543222e-01 
-9.543222e-01 
-9.543222e-01 
-9.543222e-01 
-9.543222e-01 
-9.543222e-01 
-9.543222e-01 
-9.543222e-01 
-9.543222e-01 
-9.543222e-01 
-9.543222e-01 
-9.543222e-01 
-9.543222e-01 
-9.543222e-01 
-9.543222e-01 
-9.543222e-01 
-9.543222e-01 
-9.543222e-01 
-9.543222e-01 
-9.543222e-01 
-9.543222e-01 
-9.543222e-01 
-9.543222e-01 
-9.543222e-01 
-9.543222e-01 
-9.543222e-01 
-9.543222e-01 
-9.543222e-01 
-9.543222e-01 
-9.543222e-01 
-9.543222e-01 
-9.543222e-01 
-9.543222e-01 
-9.543222e-01 
-9.543222e-01 
-9.543222e-01 
-9.543222e-01 
-9.543222e-01 
-9.543222e-01 
-9.543222e-01 
-9.543222e-01 
-9.543222e-01 
-9.543222e-01 
-9.543222e-01 
-9.543222e-01 
-9.543222e-01 
-9.543222e-01 
-9.543222e-01 
-9.543222e-01 
-9.543222e-01 
-9.543222e-01 
-9.543188e-01 
-9.543142e-01 
-9.543086e-01 
-9.543018e-01 
-9.542928e-01 
-9.542807e-01 
-9.542724e-01 
-9.542684e-01 
-9.542652e-01 
-9.542624e-01 
-9.542600e-01 
-9.542579e-01 
-9.542561e-01 
-9.542545e-01 
-9.542531e-01 
-9.542518e-01 
-9.542506e-01 
-9.542496e-01 
-9.542486e-01 
-9.542477e-01 
-9.542469e-01 
-9.542462e-01 
-9.542455e-01 
-9.542449e-01 
-9.542443e-01 
-9.542438e-01 
-9.542433e-01 
-9.542428e-01 
-9.542424e-01 
-9.542420e-01 
-9.542419e-01 
-9.542419e-01 
-9.542419e-01 
-9.542419e-01 
-9.542419e-01 
-9.542419e-01 
-9.542419e-01 
-9.542419e-01 
-9.542419e-01 
-9.542419e-01 
-9.542419e-01 
-9.542419e-01 
-9.542419e-01 
-9.542419e-01 
-9.542419e-01 
-9.542419e-01 
-9.542419e-01 
-9.542419e-01 
-9.542419e-01 
-9.542419e-01 
-9.542419e-01 
-9.542419e-01 
-9.542419e-01 
-9.542419e-01 
-9.542419e-01 
-9.542419e-01 
-9.542419e-01 
-9.542419e-01 
-9.542419e-01 
-9.542419e-01 
-9.542419e-01 
-9.542419e-01 
-9.542419e-01 
-9.542419e-01 
-9.542419e-01 
-9.542419e-01 
-9.542419e-01 
-9.542419e-01 
-9.542419e-01 
-9.542419e-01 
-9.542419e-01 
-9.542419e-01 
-9.542419e-01 
-9.542419e-01 
-9.542419e-01 
-9.542419e-01 
-9.542419e-01 
-9.542419e-01 
-9.542419e-01 
-9.542419e-01 
-9.542419e-01 
-9.542419e-01 
-9.542419e-01 
-9.542419e-01 
-9.542419e-01 
-9.542419e-01 
-9.542419e-01 
-9.542419e-01 
-9.542419e-01 
-9.542419e-01 
-9.542419e-01 
-9.542419e-01 
-9.542419e-01 
-9.087804e-01 
-7.992752e-01 
-6.665333e-01 
-5.143574e-01 
-3.335780e-01 
-1.151552e-01 
-4.141268e-03 
6.234553e-04 
3.291805e-04 
1.952867e-04 
1.266194e-04 
8.723285e-05 
6.288479e-05 
4.698696e-05 
3.616134e-05 
2.854143e-05 
2.303541e-05 
1.897597e-05 
1.594185e-05 
1.366254e-05 
1.196607e-05 
1.075164e-05 
9.977298e-06 
9.645679e-06 
9.198872e-06 
4.099606e-06 
3.524046e-06 
3.066585e-06 
2.444460e-06 
1.615443e-06 
1.036554e-06 
1.036545e-06 
1.036545e-06 
1.036545e-06 
1.036545e-06 
1.036545e-06 
1.036545e-06 
1.036545e-06 
1.036545e-06 
1.036545e-06 
1.036545e-06 
1.036545e-06 
1.036545e-06 
1.036545e-06 
1.036545e-06 
1.036545e-06 
1.036545e-06 
1.036545e-06 
1.036545e-06 
1.036545e-06 
1.036545e-06 
1.036545e-06 
1.036545e-06 
1.036545e-06 
1.036545e-06 
1.036545e-06 
1.036545e-06 
1.036545e-06 
1.036545e-06 
1.036545e-06 
1.036545e-06 
1.036545e-06 
1.036545e-06 
1.036545e-06 
1.036545e-06 
1.036545e-06 
1.036545e-06 
1.036545e-06 
1.036545e-06 
1.036545e-06 
1.036545e-06 
1.036545e-06 
1.036545e-06 
1.036545e-06 
1.036545e-06 
1.036545e-06 
1.036545e-06 
1.036545e-06 
1.036545e-06 
1.036545e-06 
1.036545e-06 
1.036545e-06 
1.036545e-06 
1.036545e-06 
1.036545e-06 
1.036545e-06 
1.036545e-06 
1.036545e-06 
1.036545e-06 
1.036545e-06 
1.036545e-06 
1.036545e-06 
1.036545e-06 
1.038008e-06 
1.223133e-06 
1.452529e-06 
1.711907e-06 
2.006712e-06 
2.343666e-06 
2.731148e-06 
3.179707e-06 
3.702804e-06 
4.317804e-06 
5.047278e-06 
5.921084e-06 
6.979420e-06 
8.277389e-06 
9.892090e-06 
1.193396e-05 
1.456548e-05 
1.803317e-05 
2.272452e-05 
2.927314e-05 
3.876004e-05 
5.310070e-05 
7.571953e-05 
1.121595e-04 
1.679437e-04 
2.408696e-04 
3.213698e-04 
4.038226e-04 
4.861720e-04 
5.631013e-04 
6.222663e-04 
6.282180e-04 
6.282180e-04 
6.282180e-04 
6.282180e-04 
6.282180e-04 
6.282180e-04 
6.282180e-04 
6.282180e-04 
6.282180e-04 
6.282180e-04 
6.282180e-04 
6.282180e-04 
6.282180e-04 
6.282180e-04 
6.282180e-04 
6.282180e-04 
6.282180e-04 
6.282180e-04 
6.282180e-04 
6.282180e-04 
6.282180e-04 
6.282180e-04 
6.282180e-04 
6.282180e-04 
6.282180e-04 
6.282180e-04 
6.282180e-04 
6.282180e-04 
6.282180e-04 
6.282180e-04 
6.282180e-04 
6.282180e-04 
6.282180e-04 
6.282180e-04 
6.282180e-04 
6.282180e-04 
6.282180e-04 
6.282180e-04 
6.282180e-04 
6.282180e-04 
6.282180e-04 
6.282180e-04 
6.282180e-04 
6.282180e-04 
6.282180e-04 
6.282180e-04 
6.282180e-04 
6.282180e-04 
6.282180e-04 
6.282180e-04 
6.282180e-04 
6.282180e-04 
6.282180e-04 
6.282180e-04 
6.282180e-04 
6.282180e-04 
6.282180e-04 
6.282180e-04 
6.282180e-04 
6.282180e-04 
6.282180e-04 
6.282180e-04 
6.282180e-04 
6.597581e-04 
7.255395e-04 
8.011845e-04 
8.853735e-04 
9.346013e-04 
1.055164e-03 
1.199970e-03 
1.375155e-03 
1.588353e-03 
1.850588e-03 
2.177381e-03 
2.590364e-03 
3.120272e-03 
3.811775e-03 
4.731435e-03 
5.981225e-03 
7.722402e-03 
1.021943e-02 
1.392480e-02 
1.965156e-02 
2.894475e-02 
4.491934e-02 
7.414102e-02 
1.298786e-01 
2.301526e-01 
3.722521e-01 
5.262723e-01 
6.731725e-01 
8.054259e-01 
9.140385e-01 
9.543225e-01 
9.543225e-01 
9.543225e-01 
9.543225e-01 
9.543225e-01 
9.543225e-01 
9.543225e-01 
9.543225e-01 
9.543225e-01 
9.543225e-01 
9.543225e-01 
9.543225e-01 
9.543225e-01 
9.543225e-01 
9.543225e-01 
9.543225e-01 
9.543225e-01 
9.543225e-01 
9.543225e-01 
9.543225e-01 
9.543225e-01 
9.543225e-01 
9.543225e-01 
9.543225e-01 
9.543225e-01 
9.543225e-01 
9.543225e-01 
9.543225e-01 
9.543225e-01 
9.543225e-01 
9.543225e-01 
9.543225e-01 
9.543225e-01 
9.543225e-01 
9.543225e-01 
9.543225e-01 
9.543225e-01 
9.543225e-01 
9.543225e-01 
9.543225e-01 
9.543225e-01 
9.543225e-01 
9.543225e-01 
9.543225e-01 
9.543225e-01 
9.543225e-01 
9.543225e-01 
9.543225e-01 
9.543225e-01 
9.543225e-01 
9.543225e-01 
9.543225e-01 
9.543225e-01 
9.543225e-01 
9.543225e-01 
9.543225e-01 
9.543225e-01 
9.543225e-01 
9.543225e-01 
9.543225e-01 
9.543225e-01 
9.543225e-01 
9.543225e-01 
9.543223e-01 
9.543193e-01 
9.543153e-01 
9.543107e-01 
9.543055e-01 
9.542997e-01 
9.542936e-01 
9.542873e-01 
9.542812e-01 
9.542757e-01 
9.542710e-01 
9.542670e-01 
9.542637e-01 
9.542609e-01 
9.542585e-01 
9.542565e-01 
9.542547e-01 
9.542532e-01 
9.542518e-01 
9.542506e-01 
9.542495e-01 
9.542485e-01 
9.542476e-01 
9.542468e-01 
9.542461e-01 
9.542454e-01 
9.542448e-01 
9.542442e-01 
9.542437e-01 
9.542432e-01 
9.542427e-01 
9.542427e-01 
9.542427e-01 
9.542427e-01 
9.542427e-01 
9.542427e-01 
9.542427e-01 
9.542427e-01 
9.542427e-01 
9.542427e-01 
9.542427e-01 
9.542427e-01 
9.542427e-01 
9.542427e-01 
9.542427e-01 
9.542427e-01 
9.542427e-01 
9.542427e-01 
9.542427e-01 
9.542427e-01 
9.542427e-01 
9.542427e-01 
9.542427e-01 
9.542427e-01 
9.542427e-01 
9.542427e-01 
9.542427e-01 
9.542427e-01 
9.542427e-01 
9.542427e-01 
9.542427e-01 
9.542427e-01 
9.542427e-01 
9.542427e-01 
9.542427e-01 
9.542427e-01 
9.542427e-01 
9.542427e-01 
9.542427e-01 
9.542427e-01 
9.542427e-01 
9.542427e-01 
9.542427e-01 
9.542427e-01 
9.542427e-01 
9.542427e-01 
9.542427e-01 
9.542427e-01 
9.542427e-01 
9.542427e-01 
9.542427e-01 
9.542427e-01 
9.542427e-01 
9.542427e-01 
9.542427e-01 
9.542427e-01 
9.542427e-01 
9.542427e-01 
9.542427e-01 
9.542427e-01 
9.542427e-01 
9.542427e-01 
9.542427e-01 
9.542427e-01 
9.022828e-01 
7.908474e-01 
6.568546e-01 
5.034827e-01 
3.213544e-01 
1.067248e-01 
6.063434e-03 
6.319468e-04 
3.164516e-04 
1.891317e-04 
1.232230e-04 
8.519056e-05 
6.157899e-05 
4.611233e-05 
3.555378e-05 
2.810698e-05 
2.271762e-05 
1.873959e-05 
1.576437e-05 
1.352947e-05 
1.186846e-05 
1.068483e-05 
9.940393e-06 
9.638386e-06 
8.993458e-06 
4.034471e-06 
3.494544e-06 
3.030638e-06 
2.393896e-06 
1.553635e-06 
1.036532e-06 
1.036545e-06 
1.036545e-06 
1.036545e-06 
1.036545e-06 
1.036545e-06 
1.036545e-06 
1.036545e-06 
1.036545e-06 
1.036545e-06 
1.036545e-06 
1.036545e-06 
1.036545e-06 
1.036545e-06 
1.036545e-06 
1.036545e-06 
1.036545e-06 
1.036545e-06 
1.036545e-06 
1.036545e-06 
1.036545e-06 
1.036545e-06 
1.036545e-06 
1.036545e-06 
1.036545e-06 
1.036545e-06 
1.036545e-06 
1.036545e-06 
1.036545e-06 
1.036545e-06 
1.036545e-06 
1.036545e-06 
1.036545e-06 
1.036545e-06 
1.036545e-06 
1.036545e-06 
1.036545e-06 
1.036545e-06 
1.036545e-06 
1.036545e-06 
1.036545e-06 
1.036545e-06 
1.036545e-06 
1.036545e-06 
1.036545e-06 
1.036545e-06 
1.036545e-06 
1.036545e-06 
1.036545e-06 
1.036545e-06 
1.036545e-06 
1.036545e-06 
1.036545e-06 
1.036545e-06 
1.036545e-06 
1.036545e-06 
1.036545e-06 
1.036545e-06 
1.036545e-06 
1.036545e-06 
1.036545e-06 
1.036545e-06 
1.036545e-06 
1.042578e-06 
1.237959e-06 
1.469254e-06 
1.730867e-06 
2.028324e-06 
2.368445e-06 
2.759739e-06 
3.212927e-06 
3.741705e-06 
4.363743e-06 
5.102037e-06 
5.987041e-06 
7.059803e-06 
8.376669e-06 
1.001660e-05 
1.209287e-05 
1.477250e-05 
1.830945e-05 
2.310394e-05 
2.981225e-05 
3.955732e-05 
5.433285e-05 
7.769653e-05 
1.153195e-04 
1.724786e-04 
2.462347e-04 
3.269728e-04 
4.094844e-04 
4.917055e-04 
5.678874e-04 
6.248955e-04 
6.282180e-04 
6.282180e-04 
6.282180e-04 
6.282180e-04 
6.282180e-04 
6.282180e-04 
6.282180e-04 
6.282180e-04 
6.282180e-04 
6.282180e-04 
6.282180e-04 
6.282180e-04 
6.282180e-04 
6.282180e-04 
6.282180e-04 
6.282180e-04 
6.282180e-04 
6.282180e-04 
6.282180e-04 
6.282180e-04 
6.282180e-04 
6.282180e-04 
6.282180e-04 
6.282180e-04 
6.282180e-04 
6.282180e-04 
6.282180e-04 
6.282180e-04 
6.282180e-04 
6.282180e-04 
6.282180e-04 
6.282180e-04 
6.282180e-04 
6.282180e-04 
6.282180e-04 
6.282180e-04 
6.282180e-04 
6.282180e-04 
6.282180e-04 
6.282180e-04 
6.282180e-04 
6.282180e-04 
6.282180e-04 
6.282180e-04 
6.282180e-04 
6.282180e-04 
6.282180e-04 
6.282180e-04 
6.282180e-04 
6.282180e-04 
6.282180e-04 
6.282180e-04 
6.282180e-04 
6.282180e-04 
6.282180e-04 
6.282180e-04 
6.282180e-04 
6.282180e-04 
6.282180e-04 
6.282180e-04 
6.282180e-04 
6.282180e-04 
6.282180e-04 
6.639680e-04 
7.303841e-04 
8.067384e-04 
8.905879e-04 
9.421615e-04 
1.064232e-03 
1.210904e-03 
1.388420e-03 
1.604573e-03 
1.870670e-03 
2.202584e-03 
2.622456e-03 
3.161795e-03 
3.866468e-03 
4.804942e-03 
6.082327e-03 
7.865223e-03 
1.042760e-02 
1.423967e-02 
2.014939e-02 
2.977467e-02 
4.639001e-02 
7.690641e-02 
1.351439e-01 
2.388106e-01 
3.827335e-01 
5.366544e-01 
6.827556e-01 
8.137439e-01 
9.202458e-01 
9.543225e-01 
9.543225e-01 
9.543225e-01 
9.543225e-01 
9.543225e-01 
9.543225e-01 
9.543225e-01 
9.543225e-01 
9.543225e-01 
9.543225e-01 
9.543225e-01 
9.543225e-01 
9.543225e-01 
9.543225e-01 
9.543225e-01 
9.543225e-01 
9.543225e-01 
9.543225e-01 
9.543225e-01 
9.543225e-01 
9.543225e-01 
9.543225e-01 
9.543225e-01 
9.543225e-01 
9.543225e-01 
9.543225e-01 
9.543225e-01 
9.543225e-01 
9.543225e-01 
9.543225e-01 
9.543225e-01 
9.543225e-01 
9.543225e-01 
9.543225e-01 
9.543225e-01 
9.543225e-01 
9.543225e-01 
9.543225e-01 
9.543225e-01 
9.543225e-01 
9.543225e-01 
9.543225e-01 
9.543225e-01 
9.543225e-01 
9.543225e-01 
9.543225e-01 
9.543225e-01 
9.543225e-01 
9.543225e-01 
9.543225e-01 
9.543225e-01 
9.543225e-01 
9.543225e-01 
9.543225e-01 
9.543225e-01 
9.543225e-01 
9.543225e-01 
9.543225e-01 
9.543225e-01 
9.543225e-01 
9.543225e-01 
9.543225e-01 
9.543225e-01 
9.543221e-01 
9.543190e-01 
9.543150e-01 
9.543103e-01 
9.543051e-01 
9.542993e-01 
9.542932e-01 
9.542869e-01 
9.542808e-01 
9.542754e-01 
9.542707e-01 
9.542668e-01 
9.542635e-01 
9.542607e-01 
9.542584e-01 
9.542564e-01 
9.542546e-01 
9.542531e-01 
9.542517e-01 
9.542505e-01 
9.542494e-01 
9.542485e-01 
9.542476e-01 
9.542468e-01 
9.542460e-01 
9.542454e-01 
9.542448e-01 
9.542442e-01 
9.542437e-01 
9.542432e-01 
9.542427e-01 
9.542427e-01 
9.542427e-01 
9.542427e-01 
9.542427e-01 
9.542427e-01 
9.542427e-01 
9.542427e-01 
9.542427e-01 
9.542427e-01 
9.542427e-01 
9.542427e-01 
9.542427e-01 
9.542427e-01 
9.542427e-01 
9.542427e-01 
9.542427e-01 
9.542427e-01 
9.542427e-01 
9.542427e-01 
9.542427e-01 
9.542427e-01 
9.542427e-01 
9.542427e-01 
9.542427e-01 
9.542427e-01 
9.542427e-01 
9.542427e-01 
9.542427e-01 
9.542427e-01 
9.542427e-01 
9.542427e-01 
9.542427e-01 
9.542427e-01 
9.542427e-01 
9.542427e-01 
9.542427e-01 
9.542427e-01 
9.542427e-01 
9.542427e-01 
9.542427e-01 
9.542427e-01 
9.542427e-01 
9.542427e-01 
9.542427e-01 
9.542427e-01 
9.542427e-01 
9.542427e-01 
9.542427e-01 
9.542427e-01 
9.542427e-01 
9.542427e-01 
9.542427e-01 
9.542427e-01 
9.542427e-01 
9.542427e-01 
9.542427e-01 
9.542427e-01 
9.542427e-01 
9.542427e-01 
9.542427e-01 
9.542427e-01 
9.542427e-01 
9.542427e-01 
8.956155e-01 
7.823050e-01 
6.470174e-01 
4.921338e-01 
3.073841e-01 
9.365747e-02 
4.767031e-03 
5.939557e-04 
3.043866e-04 
1.832427e-04 
1.199506e-04 
8.321322e-05 
6.031019e-05 
4.526012e-05 
3.496048e-05 
2.768199e-05 
2.240631e-05 
1.850783e-05 
1.559031e-05 
1.339915e-05 
1.177358e-05 
1.062299e-05 
9.926987e-06 
9.889578e-06 
1.342457e-05 
1.622443e-05 
1.745981e-05 
1.823657e-05 
1.867967e-05 
1.882097e-05 
1.887836e-05 
1.887832e-05 
1.887832e-05 
1.887832e-05 
1.887832e-05 
1.887832e-05 
1.887832e-05 
1.887832e-05 
1.887832e-05 
1.887832e-05 
1.887832e-05 
1.887832e-05 
1.887832e-05 
1.887832e-05 
1.887832e-05 
1.887832e-05 
1.887832e-05 
1.887832e-05 
1.887832e-05 
1.887832e-05 
1.887832e-05 
1.887832e-05 
1.887832e-05 
1.887832e-05 
1.887832e-05 
1.887832e-05 
1.887832e-05 
1.887832e-05 
1.887832e-05 
1.887832e-05 
1.887832e-05 
1.887832e-05 
1.887832e-05 
1.887832e-05 
1.887832e-05 
1.887832e-05 
1.887832e-05 
1.887832e-05 
1.887832e-05 
1.887832e-05 
1.887832e-05 
1.887832e-05 
1.887832e-05 
1.887832e-05 
1.887832e-05 
1.887832e-05 
1.887832e-05 
1.887832e-05 
1.887832e-05 
1.887832e-05 
1.887832e-05 
1.887832e-05 
1.887832e-05 
1.887832e-05 
1.887832e-05 
1.887832e-05 
1.887832e-05 
1.887832e-05 
1.887832e-05 
1.887832e-05 
1.887832e-05 
1.887832e-05 
1.887832e-05 
1.889611e-05 
1.910767e-05 
1.933938e-05 
1.958972e-05 
1.986044e-05 
2.015339e-05 
2.047047e-05 
2.081359e-05 
2.118450e-05 
2.158458e-05 
2.201430e-05 
2.247257e-05 
2.295558e-05 
2.345472e-05 
2.395312e-05 
2.441942e-05 
2.479668e-05 
2.498198e-05 
2.478775e-05 
2.386647e-05 
2.156026e-05 
1.659871e-05 
6.524464e-06 
-1.313222e-05 
-4.872508e-05 
-1.040968e-04 
-1.755061e-04 
-2.579916e-04 
-3.521273e-04 
-4.595227e-04 
-5.638988e-04 
-5.675605e-04 
-5.675605e-04 
-5.675605e-04 
-5.675605e-04 
-5.675605e-04 
-5.675605e-04 
-5.675605e-04 
-5.675605e-04 
-5.675605e-04 
-5.675605e-04 
-5.675605e-04 
-5.675605e-04 
-5.675605e-04 
-5.675605e-04 
-5.675605e-04 
-5.675605e-04 
-5.675605e-04 
-5.675605e-04 
-5.675605e-04 
-5.675605e-04 
-5.675605e-04 
-5.675605e-04 
-5.675605e-04 
-5.675605e-04 
-5.675605e-04 
-5.675605e-04 
-5.675605e-04 
-5.675605e-04 
-5.675605e-04 
-5.675605e-04 
-5.675605e-04 
-5.675605e-04 
-5.675605e-04 
-5.675605e-04 
-5.675605e-04 
-5.675605e-04 
-5.675605e-04 
-5.675605e-04 
-5.675605e-04 
-5.675605e-04 
-5.675605e-04 
-5.675605e-04 
-5.675605e-04 
-5.675605e-04 
-5.675605e-04 
-5.675605e-04 
-5.675605e-04 
-5.675605e-04 
-5.675605e-04 
-5.675605e-04 
-5.675605e-04 
-5.675605e-04 
-5.675605e-04 
-5.675605e-04 
-5.675605e-04 
-5.675605e-04 
-5.675605e-04 
-5.675605e-04 
-5.675605e-04 
-5.675605e-04 
-5.675605e-04 
-5.675605e-04 
-5.675605e-04 
-6.042036e-04 
-6.663640e-04 
-7.389849e-04 
-8.243826e-04 
-9.255285e-04 
-1.046203e-03 
-1.191237e-03 
-1.366854e-03 
-1.581021e-03 
-1.844995e-03 
-2.174746e-03 
-2.592563e-03 
-3.130220e-03 
-3.834087e-03 
-4.773570e-03 
-6.055545e-03 
-7.850005e-03 
-1.043762e-02 
-1.430236e-02 
-2.032179e-02 
-3.018099e-02 
-4.731417e-02 
-7.900822e-02 
-1.397467e-01 
-2.470188e-01 
-3.929877e-01 
-5.469240e-01 
-6.922535e-01 
-8.219475e-01 
-9.262649e-01 
-9.543222e-01 
-9.543222e-01 
-9.543222e-01 
-9.543222e-01 
-9.543222e-01 
-9.543222e-01 
-9.543222e-01 
-9.543222e-01 
-9.543222e-01 
-9.543222e-01 
-9.543222e-01 
-9.543222e-01 
-9.543222e-01 
-9.543222e-01 
-9.543222e-01 
-9.543222e-01 
-9.543222e-01 
-9.543222e-01 
-9.543222e-01 
-9.543222e-01 
-9.543222e-01 
-9.543222e-01 
-9.543222e-01 
-9.543222e-01 
-9.543222e-01 
-9.543222e-01 
-9.543222e-01 
-9.543222e-01 
-9.543222e-01 
-9.543222e-01 
-9.543222e-01 
-9.543222e-01 
-9.543222e-01 
-9.543222e-01 
-9.543222e-01 
-9.543222e-01 
-9.543222e-01 
-9.543222e-01 
-9.543222e-01 
-9.543222e-01 
-9.543222e-01 
-9.543222e-01 
-9.543222e-01 
-9.543222e-01 
-9.543222e-01 
-9.543222e-01 
-9.543222e-01 
-9.543222e-01 
-9.543222e-01 
-9.543222e-01 
-9.543222e-01 
-9.543222e-01 
-9.543222e-01 
-9.543222e-01 
-9.543222e-01 
-9.543222e-01 
-9.543222e-01 
-9.543222e-01 
-9.543222e-01 
-9.543222e-01 
-9.543222e-01 
-9.543222e-01 
-9.543222e-01 
-9.543217e-01 
-9.543179e-01 
-9.543131e-01 
-9.543073e-01 
-9.543002e-01 
-9.542905e-01 
-9.542784e-01 
-9.542715e-01 
-9.542677e-01 
-9.542646e-01 
-9.542619e-01 
-9.542596e-01 
-9.542575e-01 
-9.542558e-01 
-9.542542e-01 
-9.542528e-01 
-9.542515e-01 
-9.542504e-01 
-9.542493e-01 
-9.542484e-01 
-9.542476e-01 
-9.542468e-01 
-9.542460e-01 
-9.542454e-01 
-9.542448e-01 
-9.542442e-01 
-9.542437e-01 
-9.542432e-01 
-9.542427e-01 
-9.542423e-01 
-9.542419e-01 
-9.542419e-01 
-9.542419e-01 
-9.542419e-01 
-9.542419e-01 
-9.542419e-01 
-9.542419e-01 
-9.542419e-01 
-9.542419e-01 
-9.542419e-01 
-9.542419e-01 
-9.542419e-01 
-9.542419e-01 
-9.542419e-01 
-9.542419e-01 
-9.542419e-01 
-9.542419e-01 
-9.542419e-01 
-9.542419e-01 
-9.542419e-01 
-9.542419e-01 
-9.542419e-01 
-9.542419e-01 
-9.542419e-01 
-9.542419e-01 
-9.542419e-01 
-9.542419e-01 
-9.542419e-01 
-9.542419e-01 
-9.542419e-01 
-9.542419e-01 
-9.542419e-01 
-9.542419e-01 
-9.542419e-01 
-9.542419e-01 
-9.542419e-01 
-9.542419e-01 
-9.542419e-01 
-9.542419e-01 
-9.542419e-01 
-9.542419e-01 
-9.542419e-01 
-9.542419e-01 
-9.542419e-01 
-9.542419e-01 
-9.542419e-01 
-9.542419e-01 
-9.542419e-01 
-9.542419e-01 
-9.542419e-01 
-9.542419e-01 
-9.542419e-01 
-9.542419e-01 
-9.542419e-01 
-9.542419e-01 
-9.542419e-01 
-9.542419e-01 
-9.542419e-01 
-9.542419e-01 
-9.542419e-01 
-9.542419e-01 
-9.542419e-01 
-9.542419e-01 
-9.542419e-01 
-8.887836e-01 
-7.736451e-01 
-6.369925e-01 
-4.801804e-01 
-2.911350e-01 
-7.556051e-02 
-9.268083e-04 
5.472643e-04 
2.929607e-04 
1.776047e-04 
1.167963e-04 
8.129827e-05 
5.907709e-05 
4.442964e-05 
3.438106e-05 
2.726623e-05 
2.210138e-05 
1.828062e-05 
1.541962e-05 
1.327136e-05 
1.168043e-05 
1.056064e-05 
9.897766e-06 
9.940800e-06 
1.380627e-05 
1.632729e-05 
1.752584e-05 
1.827642e-05 
1.869950e-05 
1.881685e-05 
1.887834e-05 
1.887832e-05 
1.887832e-05 
1.887832e-05 
1.887832e-05 
1.887832e-05 
1.887832e-05 
1.887832e-05 
1.887832e-05 
1.887832e-05 
1.887832e-05 
1.887832e-05 
1.887832e-05 
1.887832e-05 
1.887832e-05 
1.887832e-05 
1.887832e-05 
1.887832e-05 
1.887832e-05 
1.887832e-05 
1.887832e-05 
1.887832e-05 
1.887832e-05 
1.887832e-05 
1.887832e-05 
1.887832e-05 
1.887832e-05 
1.887832e-05 
1.887832e-05 
1.887832e-05 
1.887832e-05 
1.887832e-05 
1.887832e-05 
1.887832e-05 
1.887832e-05 
1.887832e-05 
1.887832e-05 
1.887832e-05 
1.887832e-05 
1.887832e-05 
1.887832e-05 
1.887832e-05 
1.887832e-05 
1.887832e-05 
1.887832e-05 
1.887832e-05 
1.887832e-05 
1.887832e-05 
1.887832e-05 
1.887832e-05 
1.887832e-05 
1.887832e-05 
1.887832e-05 
1.887832e-05 
1.887832e-05 
1.887832e-05 
1.887832e-05 
1.887832e-05 
1.887832e-05 
1.887832e-05 
1.887832e-05 
1.887832e-05 
1.887832e-05 
1.890829e-05 
1.912295e-05 
1.935589e-05 
1.960756e-05 
1.987974e-05 
2.017428e-05 
2.049308e-05 
2.083804e-05 
2.121091e-05 
2.161302e-05 
2.204475e-05 
2.250488e-05 
2.298933e-05 
2.348908e-05 
2.398650e-05 
2.444891e-05 
2.481701e-05 
2.498362e-05 
2.475321e-05 
2.376301e-05 
2.132525e-05 
1.611048e-05 
5.550704e-06 
-1.498400e-05 
-5.188071e-05 
-1.085454e-04 
-1.808185e-04 
-2.640231e-04 
-3.590640e-04 
-4.672019e-04 
-5.659915e-04 
-5.675605e-04 
-5.675605e-04 
-5.675605e-04 
-5.675605e-04 
-5.675605e-04 
-5.675605e-04 
-5.675605e-04 
-5.675605e-04 
-5.675605e-04 
-5.675605e-04 
-5.675605e-04 
-5.675605e-04 
-5.675605e-04 
-5.675605e-04 
-5.675605e-04 
-5.675605e-04 
-5.675605e-04 
-5.675605e-04 
-5.675605e-04 
-5.675605e-04 
-5.675605e-04 
-5.675605e-04 
-5.675605e-04 
-5.675605e-04 
-5.675605e-04 
-5.675605e-04 
-5.675605e-04 
-5.675605e-04 
-5.675605e-04 
-5.675605e-04 
-5.675605e-04 
-5.675605e-04 
-5.675605e-04 
-5.675605e-04 
-5.675605e-04 
-5.675605e-04 
-5.675605e-04 
-5.675605e-04 
-5.675605e-04 
-5.675605e-04 
-5.675605e-04 
-5.675605e-04 
-5.675605e-04 
-5.675605e-04 
-5.675605e-04 
-5.675605e-04 
-5.675605e-04 
-5.675605e-04 
-5.675605e-04 
-5.675605e-04 
-5.675605e-04 
-5.675605e-04 
-5.675605e-04 
-5.675605e-04 
-5.675605e-04 
-5.675605e-04 
-5.675605e-04 
-5.675605e-04 
-5.675605e-04 
-5.675605e-04 
-5.675605e-04 
-5.675605e-04 
-5.675605e-04 
-6.081598e-04 
-6.709732e-04 
-7.443873e-04 
-8.307589e-04 
-9.331094e-04 
-1.055282e-03 
-1.202191e-03 
-1.380165e-03 
-1.597331e-03 
-1.865235e-03 
-2.200210e-03 
-2.625077e-03 
-3.172417e-03 
-3.889856e-03 
-4.848811e-03 
-6.159487e-03 
-7.997584e-03 
-1.065400e-02 
-1.463196e-02 
-2.084733e-02 
-3.106595e-02 
-4.890040e-02 
-8.202073e-02 
-1.454639e-01 
-2.561003e-01 
-4.035550e-01 
-5.572296e-01 
-7.016973e-01 
-8.300389e-01 
-9.320908e-01 
-9.543222e-01 
-9.543222e-01 
-9.543222e-01 
-9.543222e-01 
-9.543222e-01 
-9.543222e-01 
-9.543222e-01 
-9.543222e-01 
-9.543222e-01 
-9.543222e-01 
-9.543222e-01 
-9.543222e-01 
-9.543222e-01 
-9.543222e-01 
-9.543222e-01 
-9.543222e-01 
-9.543222e-01 
-9.543222e-01 
-9.543222e-01 
-9.543222e-01 
-9.543222e-01 
-9.543222e-01 
-9.543222e-01 
-9.543222e-01 
-9.543222e-01 
-9.543222e-01 
-9.543222e-01 
-9.543222e-01 
-9.543222e-01 
-9.543222e-01 
-9.543222e-01 
-9.543222e-01 
-9.543222e-01 
-9.543222e-01 
-9.543222e-01 
-9.543222e-01 
-9.543222e-01 
-9.543222e-01 
-9.543222e-01 
-9.543222e-01 
-9.543222e-01 
-9.543222e-01 
-9.543222e-01 
-9.543222e-01 
-9.543222e-01 
-9.543222e-01 
-9.543222e-01 
-9.543222e-01 
-9.543222e-01 
-9.543222e-01 
-9.543222e-01 
-9.543222e-01 
-9.543222e-01 
-9.543222e-01 
-9.543222e-01 
-9.543222e-01 
-9.543222e-01 
-9.543222e-01 
-9.543222e-01 
-9.543222e-01 
-9.543222e-01 
-9.543222e-01 
-9.543222e-01 
-9.543215e-01 
-9.543176e-01 
-9.543128e-01 
-9.543069e-01 
-9.542996e-01 
-9.542897e-01 
-9.542777e-01 
-9.542712e-01 
-9.542675e-01 
-9.542644e-01 
-9.542617e-01 
-9.542594e-01 
-9.542574e-01 
-9.542557e-01 
-9.542541e-01 
-9.542527e-01 
-9.542514e-01 
-9.542503e-01 
-9.542493e-01 
-9.542483e-01 
-9.542475e-01 
-9.542467e-01 
-9.542460e-01 
-9.542453e-01 
-9.542447e-01 
-9.542442e-01 
-9.542436e-01 
-9.542431e-01 
-9.542427e-01 
-9.542423e-01 
-9.542419e-01 
-9.542419e-01 
-9.542419e-01 
-9.542419e-01 
-9.542419e-01 
-9.542419e-01 
-9.542419e-01 
-9.542419e-01 
-9.542419e-01 
-9.542419e-01 
-9.542419e-01 
-9.542419e-01 
-9.542419e-01 
-9.542419e-01 
-9.542419e-01 
-9.542419e-01 
-9.542419e-01 
-9.542419e-01 
-9.542419e-01 
-9.542419e-01 
-9.542419e-01 
-9.542419e-01 
-9.542419e-01 
-9.542419e-01 
-9.542419e-01 
-9.542419e-01 
-9.542419e-01 
-9.542419e-01 
-9.542419e-01 
-9.542419e-01 
-9.542419e-01 
-9.542419e-01 
-9.542419e-01 
-9.542419e-01 
-9.542419e-01 
-9.542419e-01 
-9.542419e-01 
-9.542419e-01 
-9.542419e-01 
-9.542419e-01 
-9.542419e-01 
-9.542419e-01 
-9.542419e-01 
-9.542419e-01 
-9.542419e-01 
-9.542419e-01 
-9.542419e-01 
-9.542419e-01 
-9.542419e-01 
-9.542419e-01 
-9.542419e-01 
-9.542419e-01 
-9.542419e-01 
-9.542419e-01 
-9.542419e-01 
-9.542419e-01 
-9.542419e-01 
-9.542419e-01 
-9.542419e-01 
-9.542419e-01 
-9.542419e-01 
-9.542419e-01 
-9.542419e-01 
-9.542419e-01 
-8.817988e-01 
-7.649063e-01 
-6.269703e-01 
-4.685134e-01 
-2.765551e-01 
-6.419154e-02 
-4.155063e-04 
5.023740e-04 
2.700423e-04 
1.639333e-04 
1.076025e-04 
7.457351e-05 
5.382738e-05 
4.010462e-05 
3.064710e-05 
2.390299e-05 
1.894902e-05 
1.520930e-05 
1.230850e-05 
9.990144e-06 
8.067874e-06 
6.395096e-06 
4.859568e-06 
3.630098e-06 
5.865018e-06 
6.044362e-06 
5.400614e-06 
4.939270e-06 
4.806462e-06 
4.969636e-06 
5.100952e-06 
5.100950e-06 
5.100950e-06 
5.100950e-06 
5.100950e-06 
5.100950e-06 
5.100950e-06 
5.100950e-06 
5.100950e-06 
5.100950e-06 
5.100950e-06 
5.100950e-06 
5.100950e-06 
5.100950e-06 
5.100950e-06 
5.100950e-06 
5.100950e-06 
5.100950e-06 
5.100950e-06 
5.100950e-06 
5.100950e-06 
5.100950e-06 
5.100950e-06 
5.100950e-06 
5.100950e-06 
5.100950e-06 
5.100950e-06 
5.100950e-06 
5.100950e-06 
5.100950e-06 
5.100950e-06 
5.100950e-06 
5.100950e-06 
5.100950e-06 
5.100950e-06 
5.100950e-06 
5.100950e-06 
5.100950e-06 
5.100950e-06 
5.100950e-06 
5.100950e-06 
5.100950e-06 
5.100950e-06 
5.100950e-06 
5.100950e-06 
5.100950e-06 
5.100950e-06 
5.100950e-06 
5.100950e-06 
5.100950e-06 
5.100950e-06 
5.100950e-06 
5.100950e-06 
5.100950e-06 
5.100950e-06 
5.100950e-06 
5.100950e-06 
5.100950e-06 
5.100950e-06 
5.100950e-06 
5.100950e-06 
5.100950e-06 
5.100950e-06 
5.135581e-06 
5.336916e-06 
5.565729e-06 
5.825867e-06 
6.123180e-06 
6.464936e-06 
6.860251e-06 
7.320646e-06 
7.860745e-06 
8.499616e-06 
9.262308e-06 
1.018218e-05 
1.130439e-05 
1.269124e-05 
1.443048e-05 
1.664879e-05 
1.953402e-05 
2.337368e-05 
2.862360e-05 
3.603523e-05 
4.689707e-05 
6.348176e-05 
8.972148e-05 
1.312911e-04 
1.918155e-04 
2.662705e-04 
3.462414e-04 
4.282789e-04 
5.103687e-04 
5.851948e-04 
6.325276e-04 
6.327976e-04 
6.327976e-04 
6.327976e-04 
6.327976e-04 
6.327976e-04 
6.327976e-04 
6.327976e-04 
6.327976e-04 
6.327976e-04 
6.327976e-04 
6.327976e-04 
6.327976e-04 
6.327976e-04 
6.327976e-04 
6.327976e-04 
6.327976e-04 
6.327976e-04 
6.327976e-04 
6.327976e-04 
6.327976e-04 
6.327976e-04 
6.327976e-04 
6.327976e-04 
6.327976e-04 
6.327976e-04 
6.327976e-04 
6.327976e-04 
6.327976e-04 
6.327976e-04 
6.327976e-04 
6.327976e-04 
6.327976e-04 
6.327976e-04 
6.327976e-04 
6.327976e-04 
6.327976e-04 
6.327976e-04 
6.327976e-04 
6.327976e-04 
6.327976e-04 
6.327976e-04 
6.327976e-04 
6.327976e-04 
6.327976e-04 
6.327976e-04 
6.327976e-04 
6.327976e-04 
6.327976e-04 
6.327976e-04 
6.327976e-04 
6.327976e-04 
6.327976e-04 
6.327976e-04 
6.327976e-04 
6.327976e-04 
6.327976e-04 
6.327976e-04 
6.327976e-04 
6.327976e-04 
6.327976e-04 
6.327976e-04 
6.327976e-04 
6.327976e-04 
6.809033e-04 
7.482019e-04 
8.240718e-04 
8.689933e-04 
9.722435e-04 
1.093057e-03 
1.244889e-03 
1.429341e-03 
1.654640e-03 
1.932772e-03 
2.280671e-03 
2.722100e-03 
3.291023e-03 
4.037130e-03 
5.035001e-03 
6.399845e-03 
8.315572e-03 
1.108713e-02 
1.524291e-02 
2.174643e-02 
3.245852e-02 
5.118790e-02 
8.598488e-02 
1.522900e-01 
2.659617e-01 
4.143669e-01 
5.675488e-01 
7.110798e-01 
8.380125e-01 
9.377171e-01 
9.543225e-01 
9.543225e-01 
9.543225e-01 
9.543225e-01 
9.543225e-01 
9.543225e-01 
9.543225e-01 
9.543225e-01 
9.543225e-01 
9.543225e-01 
9.543225e-01 
9.543225e-01 
9.543225e-01 
9.543225e-01 
9.543225e-01 
9.543225e-01 
9.543225e-01 
9.543225e-01 
9.543225e-01 
9.543225e-01 
9.543225e-01 
9.543225e-01 
9.543225e-01 
9.543225e-01 
9.543225e-01 
9.543225e-01 
9.543225e-01 
9.543225e-01 
9.543225e-01 
9.543225e-01 
9.543225e-01 
9.543225e-01 
9.543225e-01 
9.543225e-01 
9.543225e-01 
9.543225e-01 
9.543225e-01 
9.543225e-01 
9.543225e-01 
9.543225e-01 
9.543225e-01 
9.543225e-01 
9.543225e-01 
9.543225e-01 
9.543225e-01 
9.543225e-01 
9.543225e-01 
9.543225e-01 
9.543225e-01 
9.543225e-01 
9.543225e-01 
9.543225e-01 
9.543225e-01 
9.543225e-01 
9.543225e-01 
9.543225e-01 
9.543225e-01 
9.543225e-01 
9.543225e-01 
9.543225e-01 
9.543225e-01 
9.543225e-01 
9.543225e-01 
9.543216e-01 
9.543183e-01 
9.543141e-01 
9.543093e-01 
9.543039e-01 
9.542981e-01 
9.542919e-01 
9.542856e-01 
9.542796e-01 
9.542743e-01 
9.542698e-01 
9.542660e-01 
9.542629e-01 
9.542602e-01 
9.542580e-01 
9.542560e-01 
9.542543e-01 
9.542528e-01 
9.542515e-01 
9.542503e-01 
9.542492e-01 
9.542483e-01 
9.542474e-01 
9.542466e-01 
9.542459e-01 
9.542452e-01 
9.542446e-01 
9.542441e-01 
9.542435e-01 
9.542431e-01 
9.542427e-01 
9.542427e-01 
9.542427e-01 
9.542427e-01 
9.542427e-01 
9.542427e-01 
9.542427e-01 
9.542427e-01 
9.542427e-01 
9.542427e-01 
9.542427e-01 
9.542427e-01 
9.542427e-01 
9.542427e-01 
9.542427e-01 
9.542427e-01 
9.542427e-01 
9.542427e-01 
9.542427e-01 
9.542427e-01 
9.542427e-01 
9.542427e-01 
9.542427e-01 
9.542427e-01 
9.542427e-01 
9.542427e-01 
9.542427e-01 
9.542427e-01 
9.542427e-01 
9.542427e-01 
9.542427e-01 
9.542427e-01 
9.542427e-01 
9.542427e-01 
9.542427e-01 
9.542427e-01 
9.542427e-01 
9.542427e-01 
9.542427e-01 
9.542427e-01 
9.542427e-01 
9.542427e-01 
9.542427e-01 
9.542427e-01 
9.542427e-01 
9.542427e-01 
9.542427e-01 
9.542427e-01 
9.542427e-01 
9.542427e-01 
9.542427e-01 
9.542427e-01 
9.542427e-01 
9.542427e-01 
9.542427e-01 
9.542427e-01 
9.542427e-01 
9.542427e-01 
9.542427e-01 
9.542427e-01 
9.542427e-01 
9.542427e-01 
9.542427e-01 
9.542427e-01 
8.746678e-01 
7.560972e-01 
6.169800e-01 
4.572569e-01 
2.641890e-01 
5.950475e-02 
2.413310e-03 
5.041289e-04 
2.718810e-04 
1.670281e-04 
1.108208e-04 
7.764573e-05 
5.671304e-05 
4.283110e-05 
3.326224e-05 
2.646142e-05 
2.150998e-05 
1.783943e-05 
1.508805e-05 
1.302337e-05 
1.149993e-05 
1.043790e-05 
9.813747e-06 
9.620396e-06 
7.246172e-06 
3.843552e-06 
3.376642e-06 
2.877828e-06 
2.181565e-06 
1.305268e-06 
1.036545e-06 
1.036545e-06 
1.036545e-06 
1.036545e-06 
1.036545e-06 
1.036545e-06 
1.036545e-06 
1.036545e-06 
1.036545e-06 
1.036545e-06 
1.036545e-06 
1.036545e-06 
1.036545e-06 
1.036545e-06 
1.036545e-06 
1.036545e-06 
1.036545e-06 
1.036545e-06 
1.036545e-06 
1.036545e-06 
1.036545e-06 
1.036545e-06 
1.036545e-06 
1.036545e-06 
1.036545e-06 
1.036545e-06 
1.036545e-06 
1.036545e-06 
1.036545e-06 
1.036545e-06 
1.036545e-06 
1.036545e-06 
1.036545e-06 
1.036545e-06 
1.036545e-06 
1.036545e-06 
1.036545e-06 
1.036545e-06 
1.036545e-06 
1.036545e-06 
1.036545e-06 
1.036545e-06 
1.036545e-06 
1.036545e-06 
1.036545e-06 
1.036545e-06 
1.036545e-06 
1.036545e-06 
1.036545e-06 
1.036545e-06 
1.036545e-06 
1.036545e-06 
1.036545e-06 
1.036545e-06 
1.036545e-06 
1.036545e-06 
1.036545e-06 
1.036545e-06 
1.036545e-06 
1.036545e-06 
1.036545e-06 
1.036545e-06 
1.036545e-06 
1.086665e-06 
1.298481e-06 
1.537582e-06 
1.808401e-06 
2.116785e-06 
2.469975e-06 
2.877022e-06 
3.349376e-06 
3.901710e-06 
4.552993e-06 
5.328007e-06 
6.259742e-06 
7.392877e-06 
8.789070e-06 
1.053526e-05 
1.275705e-05 
1.564113e-05 
1.947405e-05 
2.471209e-05 
3.211219e-05 
4.298418e-05 
5.966877e-05 
8.628994e-05 
1.289188e-04 
1.913976e-04 
2.679653e-04 
3.494490e-04 
4.321256e-04 
5.135585e-04 
5.861075e-04 
6.281250e-04 
6.282180e-04 
6.282180e-04 
6.282180e-04 
6.282180e-04 
6.282180e-04 
6.282180e-04 
6.282180e-04 
6.282180e-04 
6.282180e-04 
6.282180e-04 
6.282180e-04 
6.282180e-04 
6.282180e-04 
6.282180e-04 
6.282180e-04 
6.282180e-04 
6.282180e-04 
6.282180e-04 
6.282180e-04 
6.282180e-04 
6.282180e-04 
6.282180e-04 
6.282180e-04 
6.282180e-04 
6.282180e-04 
6.282180e-04 
6.282180e-04 
6.282180e-04 
6.282180e-04 
6.282180e-04 
6.282180e-04 
6.282180e-04 
6.282180e-04 
6.282180e-04 
6.282180e-04 
6.282180e-04 
6.282180e-04 
6.282180e-04 
6.282180e-04 
6.282180e-04 
6.282180e-04 
6.282180e-04 
6.282180e-04 
6.282180e-04 
6.282180e-04 
6.282180e-04 
6.282180e-04 
6.282180e-04 
6.282180e-04 
6.282180e-04 
6.282180e-04 
6.282180e-04 
6.282180e-04 
6.282180e-04 
6.282180e-04 
6.282180e-04 
6.282180e-04 
6.282180e-04 
6.282180e-04 
6.282180e-04 
6.282180e-04 
6.282180e-04 
6.282180e-04 
6.812167e-04 
7.502340e-04 
8.294190e-04 
8.938384e-04 
9.733969e-04 
1.101665e-03 
1.256102e-03 
1.443299e-03 
1.671812e-03 
1.954111e-03 
2.307556e-03 
2.756479e-03 
3.335712e-03 
4.096303e-03 
5.115009e-03 
6.510652e-03 
8.473370e-03 
1.131932e-02 
1.559812e-02 
2.231573e-02 
3.342291e-02 
5.292669e-02 
8.929248e-02 
1.584706e-01 
2.753690e-01 
4.249472e-01 
5.777549e-01 
7.203725e-01 
8.458594e-01 
9.431370e-01 
9.543225e-01 
9.543225e-01 
9.543225e-01 
9.543225e-01 
9.543225e-01 
9.543225e-01 
9.543225e-01 
9.543225e-01 
9.543225e-01 
9.543225e-01 
9.543225e-01 
9.543225e-01 
9.543225e-01 
9.543225e-01 
9.543225e-01 
9.543225e-01 
9.543225e-01 
9.543225e-01 
9.543225e-01 
9.543225e-01 
9.543225e-01 
9.543225e-01 
9.543225e-01 
9.543225e-01 
9.543225e-01 
9.543225e-01 
9.543225e-01 
9.543225e-01 
9.543225e-01 
9.543225e-01 
9.543225e-01 
9.543225e-01 
9.543225e-01 
9.543225e-01 
9.543225e-01 
9.543225e-01 
9.543225e-01 
9.543225e-01 
9.543225e-01 
9.543225e-01 
9.543225e-01 
9.543225e-01 
9.543225e-01 
9.543225e-01 
9.543225e-01 
9.543225e-01 
9.543225e-01 
9.543225e-01 
9.543225e-01 
9.543225e-01 
9.543225e-01 
9.543225e-01 
9.543225e-01 
9.543225e-01 
9.543225e-01 
9.543225e-01 
9.543225e-01 
9.543225e-01 
9.543225e-01 
9.543225e-01 
9.543225e-01 
9.543225e-01 
9.543225e-01 
9.543214e-01 
9.543180e-01 
9.543138e-01 
9.543089e-01 
9.543036e-01 
9.542977e-01 
9.542915e-01 
9.542852e-01 
9.542793e-01 
9.542740e-01 
9.542695e-01 
9.542658e-01 
9.542627e-01 
9.542601e-01 
9.542578e-01 
9.542559e-01 
9.542542e-01 
9.542527e-01 
9.542514e-01 
9.542502e-01 
9.542492e-01 
9.542482e-01 
9.542474e-01 
9.542466e-01 
9.542459e-01 
9.542452e-01 
9.542446e-01 
9.542440e-01 
9.542435e-01 
9.542430e-01 
9.542427e-01 
9.542427e-01 
9.542427e-01 
9.542427e-01 
9.542427e-01 
9.542427e-01 
9.542427e-01 
9.542427e-01 
9.542427e-01 
9.542427e-01 
9.542427e-01 
9.542427e-01 
9.542427e-01 
9.542427e-01 
9.542427e-01 
9.542427e-01 
9.542427e-01 
9.542427e-01 
9.542427e-01 
9.542427e-01 
9.542427e-01 
9.542427e-01 
9.542427e-01 
9.542427e-01 
9.542427e-01 
9.542427e-01 
9.542427e-01 
9.542427e-01 
9.542427e-01 
9.542427e-01 
9.542427e-01 
9.542427e-01 
9.542427e-01 
9.542427e-01 
9.542427e-01 
9.542427e-01 
9.542427e-01 
9.542427e-01 
9.542427e-01 
9.542427e-01 
9.542427e-01 
9.542427e-01 
9.542427e-01 
9.542427e-01 
9.542427e-01 
9.542427e-01 
9.542427e-01 
9.542427e-01 
9.542427e-01 
9.542427e-01 
9.542427e-01 
9.542427e-01 
9.542427e-01 
9.542427e-01 
9.542427e-01 
9.542427e-01 
9.542427e-01 
9.542427e-01 
9.542427e-01 
9.542427e-01 
9.542427e-01 
9.542427e-01 
9.542427e-01 
9.542427e-01 
8.673883e-01 
7.471752e-01 
6.067872e-01 
4.453339e-01 
2.493942e-01 
5.007736e-02 
1.970339e-03 
4.796982e-04 
2.621362e-04 
1.620646e-04 
1.079897e-04 
7.590352e-05 
5.557971e-05 
4.206173e-05 
3.272206e-05 
2.607188e-05 
2.122320e-05 
1.762523e-05 
1.492708e-05 
1.290335e-05 
1.141400e-05 
1.038613e-05 
9.827040e-06 
1.019260e-05 
1.469767e-05 
1.661762e-05 
1.771163e-05 
1.838710e-05 
1.875082e-05 
1.879065e-05 
1.887832e-05 
1.887832e-05 
1.887832e-05 
1.887832e-05 
1.887832e-05 
1.887832e-05 
1.887832e-05 
1.887832e-05 
1.887832e-05 
1.887832e-05 
1.887832e-05 
1.887832e-05 
1.887832e-05 
1.887832e-05 
1.887832e-05 
1.887832e-05 
1.887832e-05 
1.887832e-05 
1.887832e-05 
1.887832e-05 
1.887832e-05 
1.887832e-05 
1.887832e-05 
1.887832e-05 
1.887832e-05 
1.887832e-05 
1.887832e-05 
1.887832e-05 
1.887832e-05 
1.887832e-05 
1.887832e-05 
1.887832e-05 
1.887832e-05 
1.887832e-05 
1.887832e-05 
1.887832e-05 
1.887832e-05 
1.887832e-05 
1.887832e-05 
1.887832e-05 
1.887832e-05 
1.887832e-05 
1.887832e-05 
1.887832e-05 
1.887832e-05 
1.887832e-05 
1.887832e-05 
1.887832e-05 
1.887832e-05 
1.887832e-05 
1.887832e-05 
1.887832e-05 
1.887832e-05 
1.887832e-05 
1.887832e-05 
1.887832e-05 
1.887832e-05 
1.887832e-05 
1.887832e-05 
1.887832e-05 
1.887832e-05 
1.887832e-05 
1.887832e-05 
1.895011e-05 
1.916929e-05 
1.940593e-05 
1.966166e-05 
1.993827e-05 
2.023763e-05 
2.056165e-05 
2.091220e-05 
2.129098e-05 
2.169918e-05 
2.213690e-05 
2.260247e-05 
2.309101e-05 
2.359210e-05 
2.408566e-05 
2.453472e-05 
2.487236e-05 
2.497744e-05 
2.462836e-05 
2.341224e-05 
2.054276e-05 
1.449632e-05 
2.347561e-06 
-2.101254e-05 
-6.192489e-05 
-1.223189e-04 
-1.970433e-04 
-2.824508e-04 
-3.802716e-04 
-4.902603e-04 
-5.674837e-04 
-5.675605e-04 
-5.675605e-04 
-5.675605e-04 
-5.675605e-04 
-5.675605e-04 
-5.675605e-04 
-5.675605e-04 
-5.675605e-04 
-5.675605e-04 
-5.675605e-04 
-5.675605e-04 
-5.675605e-04 
-5.675605e-04 
-5.675605e-04 
-5.675605e-04 
-5.675605e-04 
-5.675605e-04 
-5.675605e-04 
-5.675605e-04 
-5.675605e-04 
-5.675605e-04 
-5.675605e-04 
-5.675605e-04 
-5.675605e-04 
-5.675605e-04 
-5.675605e-04 
-5.675605e-04 
-5.675605e-04 
-5.675605e-04 
-5.675605e-04 
-5.675605e-04 
-5.675605e-04 
-5.675605e-04 
-5.675605e-04 
-5.675605e-04 
-5.675605e-04 
-5.675605e-04 
-5.675605e-04 
-5.675605e-04 
-5.675605e-04 
-5.675605e-04 
-5.675605e-04 
-5.675605e-04 
-5.675605e-04 
-5.675605e-04 
-5.675605e-04 
-5.675605e-04 
-5.675605e-04 
-5.675605e-04 
-5.675605e-04 
-5.675605e-04 
-5.675605e-04 
-5.675605e-04 
-5.675605e-04 
-5.675605e-04 
-5.675605e-04 
-5.675605e-04 
-5.675605e-04 
-5.675605e-04 
-5.675605e-04 
-5.675605e-04 
-5.675605e-04 
-5.678134e-04 
-6.202760e-04 
-6.850997e-04 
-7.609599e-04 
-8.503385e-04 
-9.564114e-04 
-1.083216e-03 
-1.235931e-03 
-1.421203e-03 
-1.647690e-03 
-1.927844e-03 
-2.279137e-03 
-2.726072e-03 
-3.303800e-03 
-4.063963e-03 
-5.084433e-03 
-6.486138e-03 
-8.463290e-03 
-1.134017e-02 
-1.568327e-02 
-2.253541e-02 
-3.393215e-02 
-5.408357e-02 
-9.191795e-02 
-1.640294e-01 
-2.843963e-01 
-4.353425e-01 
-5.878628e-01 
-7.295772e-01 
-8.535756e-01 
-9.483443e-01 
-9.543222e-01 
-9.543222e-01 
-9.543222e-01 
-9.543222e-01 
-9.543222e-01 
-9.543222e-01 
-9.543222e-01 
-9.543222e-01 
-9.543222e-01 
-9.543222e-01 
-9.543222e-01 
-9.543222e-01 
-9.543222e-01 
-9.543222e-01 
-9.543222e-01 
-9.543222e-01 
-9.543222e-01 
-9.543222e-01 
-9.543222e-01 
-9.543222e-01 
-9.543222e-01 
-9.543222e-01 
-9.543222e-01 
-9.543222e-01 
-9.543222e-01 
-9.543222e-01 
-9.543222e-01 
-9.543222e-01 
-9.543222e-01 
-9.543222e-01 
-9.543222e-01 
-9.543222e-01 
-9.543222e-01 
-9.543222e-01 
-9.543222e-01 
-9.543222e-01 
-9.543222e-01 
-9.543222e-01 
-9.543222e-01 
-9.543222e-01 
-9.543222e-01 
-9.543222e-01 
-9.543222e-01 
-9.543222e-01 
-9.543222e-01 
-9.543222e-01 
-9.543222e-01 
-9.543222e-01 
-9.543222e-01 
-9.543222e-01 
-9.543222e-01 
-9.543222e-01 
-9.543222e-01 
-9.543222e-01 
-9.543222e-01 
-9.543222e-01 
-9.543222e-01 
-9.543222e-01 
-9.543222e-01 
-9.543222e-01 
-9.543222e-01 
-9.543222e-01 
-9.543222e-01 
-9.543208e-01 
-9.543167e-01 
-9.543116e-01 
-9.543055e-01 
-9.542979e-01 
-9.542873e-01 
-9.542758e-01 
-9.542703e-01 
-9.542668e-01 
-9.542638e-01 
-9.542612e-01 
-9.542590e-01 
-9.542570e-01 
-9.542553e-01 
-9.542538e-01 
-9.542524e-01 
-9.542512e-01 
-9.542501e-01 
-9.542491e-01 
-9.542482e-01 
-9.542473e-01 
-9.542466e-01 
-9.542459e-01 
-9.542452e-01 
-9.542446e-01 
-9.542441e-01 
-9.542435e-01 
-9.542430e-01 
-9.542426e-01 
-9.542422e-01 
-9.542419e-01 
-9.542419e-01 
-9.542419e-01 
-9.542419e-01 
-9.542419e-01 
-9.542419e-01 
-9.542419e-01 
-9.542419e-01 
-9.542419e-01 
-9.542419e-01 
-9.542419e-01 
-9.542419e-01 
-9.542419e-01 
-9.542419e-01 
-9.542419e-01 
-9.542419e-01 
-9.542419e-01 
-9.542419e-01 
-9.542419e-01 
-9.542419e-01 
-9.542419e-01 
-9.542419e-01 
-9.542419e-01 
-9.542419e-01 
-9.542419e-01 
-9.542419e-01 
-9.542419e-01 
-9.542419e-01 
-9.542419e-01 
-9.542419e-01 
-9.542419e-01 
-9.542419e-01 
-9.542419e-01 
-9.542419e-01 
-9.542419e-01 
-9.542419e-01 
-9.542419e-01 
-9.542419e-01 
-9.542419e-01 
-9.542419e-01 
-9.542419e-01 
-9.542419e-01 
-9.542419e-01 
-9.542419e-01 
-9.542419e-01 
-9.542419e-01 
-9.542419e-01 
-9.542419e-01 
-9.542419e-01 
-9.542419e-01 
-9.542419e-01 
-9.542419e-01 
-9.542419e-01 
-9.542419e-01 
-9.542419e-01 
-9.542419e-01 
-9.542419e-01 
-9.542419e-01 
-9.542419e-01 
-9.542419e-01 
-9.542419e-01 
-9.542419e-01 
-9.542419e-01 
-9.516634e-01 
-8.599636e-01 
-7.381327e-01 
-5.963457e-01 
-4.325445e-01 
-2.314104e-01 
-3.608139e-02 
4.673526e-04 
4.553417e-04 
2.528757e-04 
1.573026e-04 
1.052569e-04 
7.421449e-05 
5.447738e-05 
4.131150e-05 
3.219426e-05 
2.569066e-05 
2.094221e-05 
1.741521e-05 
1.476921e-05 
1.278567e-05 
1.132947e-05 
1.033219e-05 
9.809712e-06 
1.032207e-05 
1.491700e-05 
1.670877e-05 
1.776961e-05 
1.842113e-05 
1.876513e-05 
1.877688e-05 
1.887832e-05 
1.887832e-05 
1.887832e-05 
1.887832e-05 
1.887832e-05 
1.887832e-05 
1.887832e-05 
1.887832e-05 
1.887832e-05 
1.887832e-05 
1.887832e-05 
1.887832e-05 
1.887832e-05 
1.887832e-05 
1.887832e-05 
1.887832e-05 
1.887832e-05 
1.887832e-05 
1.887832e-05 
1.887832e-05 
1.887832e-05 
1.887832e-05 
1.887832e-05 
1.887832e-05 
1.887832e-05 
1.887832e-05 
1.887832e-05 
1.887832e-05 
1.887832e-05 
1.887832e-05 
1.887832e-05 
1.887832e-05 
1.887832e-05 
1.887832e-05 
1.887832e-05 
1.887832e-05 
1.887832e-05 
1.887832e-05 
1.887832e-05 
1.887832e-05 
1.887832e-05 
1.887832e-05 
1.887832e-05 
1.887832e-05 
1.887832e-05 
1.887832e-05 
1.887832e-05 
1.887832e-05 
1.887832e-05 
1.887832e-05 
1.887832e-05 
1.887832e-05 
1.887832e-05 
1.887832e-05 
1.887832e-05 
1.887832e-05 
1.887832e-05 
1.887832e-05 
1.887832e-05 
1.887832e-05 
1.887832e-05 
1.887832e-05 
1.887832e-05 
1.896455e-05 
1.918490e-05 
1.942279e-05 
1.967989e-05 
1.995800e-05 
2.025898e-05 
2.058475e-05 
2.093719e-05 
2.131795e-05 
2.172817e-05 
2.216788e-05 
2.263523e-05 
2.312504e-05 
2.362639e-05 
2.411834e-05 
0.000000e+00 
0.000000e+00 
0.000000e+00 
0.000000e+00 
0.000000e+00 
0.000000e+00 
0.000000e+00 
0.000000e+00
#[#TRACE_DATA]
#[#TRACE]
