#[TRACE]
#data_labels=Output
#[TRACE_DATA]
5.385681e-03 
9.543234e-01 
9.543234e-01 
9.543234e-01 
9.543234e-01 
9.542568e-01 
9.542428e-01 
9.542428e-01 
9.542428e-01 
9.542428e-01 
3.143159e-05 
-1.388429e-05 
-1.388429e-05 
-1.388429e-05 
-1.388429e-05 
3.128443e-06 
5.943091e-04 
5.943091e-04 
5.943091e-04 
5.943091e-04 
5.253549e-03 
9.543234e-01 
9.543234e-01 
9.543234e-01 
9.543234e-01 
9.542568e-01 
9.542427e-01 
9.542427e-01 
9.542427e-01 
9.542427e-01 
2.732603e-05 
2.962291e-06 
2.962291e-06 
2.962291e-06 
2.962291e-06 
1.434105e-05 
6.438100e-04 
6.438100e-04 
6.438100e-04 
6.438100e-04 
5.253549e-03 
9.543234e-01 
9.543234e-01 
9.543234e-01 
9.543234e-01 
9.542568e-01 
9.542427e-01 
9.542427e-01 
9.542427e-01 
9.542427e-01 
2.731756e-05 
2.961126e-06 
2.961126e-06 
2.961126e-06 
2.961126e-06 
1.434108e-05 
6.438100e-04 
6.438100e-04 
6.438100e-04 
6.438100e-04 
5.253549e-03 
9.543234e-01 
9.543234e-01 
9.543234e-01 
9.543234e-01 
9.542568e-01 
9.542427e-01 
9.542427e-01 
9.542427e-01 
9.542427e-01 
2.321105e-05 
1.979629e-05 
1.979629e-05 
1.979629e-05 
1.979629e-05 
2.486356e-05 
-5.796377e-04 
-5.796377e-04 
-5.796377e-04 
-5.796377e-04 
-5.148641e-03 
-9.543232e-01 
-9.543232e-01 
-9.543232e-01 
-9.543232e-01 
-9.542531e-01 
-9.542419e-01 
-9.542419e-01 
-9.542419e-01 
-9.542419e-01 
3.143159e-05 
-1.388429e-05 
-1.388429e-05 
-1.388429e-05 
-1.388429e-05 
3.128440e-06 
5.943091e-04 
5.943091e-04 
5.943091e-04 
5.943091e-04 
5.253549e-03 
9.543234e-01 
9.543234e-01 
9.543234e-01 
9.543234e-01 
9.542568e-01 
9.542427e-01 
9.542427e-01 
9.542427e-01 
9.542427e-01 
2.732604e-05 
2.962291e-06 
2.962291e-06 
2.962291e-06 
2.962291e-06 
1.434105e-05 
6.438100e-04 
6.438100e-04 
6.438100e-04 
6.438100e-04 
5.253549e-03 
9.543234e-01 
9.543234e-01 
9.543234e-01 
9.543234e-01 
9.542568e-01 
9.542427e-01 
9.542427e-01 
9.542427e-01 
9.542427e-01 
2.731756e-05 
2.961126e-06 
2.961126e-06 
2.961126e-06 
2.961126e-06 
1.434108e-05 
6.438100e-04 
6.438100e-04 
6.438100e-04 
6.438100e-04 
5.253548e-03 
9.543234e-01 
9.543234e-01 
9.543234e-01 
9.543234e-01 
9.542568e-01 
9.542427e-01 
9.542427e-01 
9.542427e-01 
9.542427e-01 
2.321105e-05 
1.979629e-05 
1.979629e-05 
1.979629e-05 
1.979629e-05 
2.486356e-05 
-5.796377e-04 
-5.796377e-04 
-5.796377e-04 
-5.796377e-04
#[#TRACE_DATA]
#[#TRACE]
