#[TRACE]
#data_labels=Output
#[TRACE_DATA]
-5.274717e-03 
-9.543232e-01 
-9.543232e-01 
-9.543232e-01 
-9.543232e-01 
-9.542531e-01 
-9.542419e-01 
-9.542419e-01 
-9.542419e-01 
-9.542419e-01 
3.405551e-05 
2.070389e-05 
2.070389e-05 
2.070389e-05 
2.070389e-05 
2.539638e-05 
-5.792339e-04 
-5.792339e-04 
-5.792339e-04 
-5.792339e-04 
-5.144628e-03 
-9.543232e-01 
-9.543232e-01 
-9.543232e-01 
-9.543232e-01 
-9.542531e-01 
-9.542419e-01 
-9.542419e-01 
-9.542419e-01 
-9.542419e-01 
3.191272e-05 
3.321265e-06 
3.321265e-06 
3.321265e-06 
3.321265e-06 
1.468680e-05 
6.441639e-04 
6.441639e-04 
6.441639e-04 
6.441639e-04 
5.257503e-03 
9.543234e-01 
9.543234e-01 
9.543234e-01 
9.543234e-01 
9.542568e-01 
9.542428e-01 
9.542428e-01 
9.542428e-01 
9.542428e-01 
3.191180e-05 
3.342460e-06 
3.342460e-06 
3.342460e-06 
3.342460e-06 
1.476964e-05 
6.441577e-04 
6.441577e-04 
6.441577e-04 
6.441577e-04 
5.257502e-03 
9.543234e-01 
9.543234e-01 
9.543234e-01 
9.543234e-01 
9.542568e-01 
9.542427e-01 
9.542427e-01 
9.542427e-01 
9.542427e-01 
2.976900e-05 
-1.404997e-05 
-1.404997e-05 
-1.404997e-05 
-1.404997e-05 
3.380505e-06 
5.946620e-04 
5.946620e-04 
5.946620e-04 
5.946620e-04 
5.257502e-03 
9.543234e-01 
9.543234e-01 
9.543234e-01 
9.543234e-01 
9.542568e-01 
9.542428e-01 
9.542428e-01 
9.542428e-01 
9.542428e-01 
3.405552e-05 
2.070389e-05 
2.070389e-05 
2.070389e-05 
2.070389e-05 
2.539638e-05 
-5.792339e-04 
-5.792339e-04 
-5.792339e-04 
-5.792339e-04 
-5.144628e-03 
-9.543232e-01 
-9.543232e-01 
-9.543232e-01 
-9.543232e-01 
-9.542531e-01 
-9.542419e-01 
-9.542419e-01 
-9.542419e-01 
-9.542419e-01 
3.191273e-05 
3.321265e-06 
3.321265e-06 
3.321265e-06 
3.321265e-06 
1.468680e-05 
6.441639e-04 
6.441639e-04 
6.441639e-04 
6.441639e-04 
5.257502e-03 
9.543234e-01 
9.543234e-01 
9.543234e-01 
9.543234e-01 
9.542568e-01 
9.542428e-01 
9.542428e-01 
9.542428e-01 
9.542428e-01 
3.191180e-05 
3.342460e-06 
3.342460e-06 
3.342460e-06 
3.342460e-06 
1.476964e-05 
6.441577e-04 
6.441577e-04 
6.441577e-04 
6.441577e-04 
5.257502e-03 
9.543234e-01 
9.543234e-01 
9.543234e-01 
9.543234e-01 
9.542568e-01 
9.542427e-01 
9.542427e-01 
9.542427e-01 
9.542427e-01 
2.976900e-05 
-1.404997e-05 
-1.404997e-05 
-1.404997e-05 
-1.404997e-05 
3.380503e-06 
5.946620e-04 
5.946620e-04 
5.946620e-04 
5.946620e-04
#[#TRACE_DATA]
#[#TRACE]
