#[TRACE]
#data_labels=Output
#[TRACE_DATA]
5.193378e-03 
9.542487e-01 
9.542487e-01 
9.542487e-01 
9.542487e-01 
9.542369e-01 
9.542332e-01 
9.542332e-01 
9.542332e-01 
9.542332e-01 
3.712635e-05 
-1.336317e-05 
-1.336317e-05 
-1.336317e-05 
-1.336317e-05 
1.597060e-06 
4.945314e-04 
4.945314e-04 
4.945314e-04 
4.945314e-04 
5.061649e-03 
9.542487e-01 
9.542487e-01 
9.542487e-01 
9.542487e-01 
9.542369e-01 
9.542332e-01 
9.542332e-01 
9.542332e-01 
9.542332e-01 
3.308598e-05 
3.209295e-06 
3.209295e-06 
3.209295e-06 
3.209295e-06 
1.310667e-05 
5.385553e-04 
5.385553e-04 
5.385553e-04 
5.385553e-04 
5.061649e-03 
9.542487e-01 
9.542487e-01 
9.542487e-01 
9.542487e-01 
9.542369e-01 
9.542332e-01 
9.542332e-01 
9.542332e-01 
9.542332e-01 
3.310345e-05 
3.229245e-06 
3.229245e-06 
3.229245e-06 
3.229245e-06 
1.317840e-05 
5.385502e-04 
5.385502e-04 
5.385502e-04 
5.385502e-04 
5.061649e-03 
9.542487e-01 
9.542487e-01 
9.542487e-01 
9.542487e-01 
9.542369e-01 
9.542332e-01 
9.542332e-01 
9.542332e-01 
9.542332e-01 
2.906206e-05 
1.979157e-05 
1.979157e-05 
1.979157e-05 
1.979157e-05 
2.409939e-05 
-4.774238e-04 
-4.774238e-04 
-4.774238e-04 
-4.774238e-04 
-4.924869e-03 
-9.542486e-01 
-9.542486e-01 
-9.542486e-01 
-9.542486e-01 
-9.542358e-01 
-9.542328e-01 
-9.542328e-01 
-9.542328e-01 
-9.542328e-01 
3.712636e-05 
-1.336317e-05 
-1.336317e-05 
-1.336317e-05 
-1.336317e-05 
1.597058e-06 
4.945314e-04 
4.945314e-04 
4.945314e-04 
4.945314e-04 
5.061648e-03 
9.542487e-01 
9.542487e-01 
9.542487e-01 
9.542487e-01 
9.542369e-01 
9.542332e-01 
9.542332e-01 
9.542332e-01 
9.542332e-01 
3.308598e-05 
3.209295e-06 
3.209295e-06 
3.209295e-06 
3.209295e-06 
1.310667e-05 
5.385553e-04 
5.385553e-04 
5.385553e-04 
5.385553e-04 
5.061648e-03 
9.542487e-01 
9.542487e-01 
9.542487e-01 
9.542487e-01 
9.542369e-01 
9.542332e-01 
9.542332e-01 
9.542332e-01 
9.542332e-01 
3.310345e-05 
3.229245e-06 
3.229245e-06 
3.229245e-06 
3.229245e-06 
1.317839e-05 
5.385502e-04 
5.385502e-04 
5.385502e-04 
5.385502e-04 
5.061648e-03 
9.542487e-01 
9.542487e-01 
9.542487e-01 
9.542487e-01 
9.542369e-01 
9.542332e-01 
9.542332e-01 
9.542332e-01 
9.542332e-01 
2.906206e-05 
1.979157e-05 
1.979157e-05 
1.979157e-05 
1.979157e-05 
2.409939e-05 
-4.774238e-04 
-4.774238e-04 
-4.774238e-04 
-4.774238e-04
#[#TRACE_DATA]
#[#TRACE]
