#[TRACE]
#data_labels=Output
#[TRACE_DATA]
5.084829e-06 
1.682313e-05 
1.682221e-05 
1.682221e-05 
1.682221e-05 
2.154618e-05 
-5.810964e-04 
-5.816265e-04 
-5.816265e-04 
-5.816265e-04 
-4.420874e-03 
-9.543227e-01 
-9.543232e-01 
-9.543232e-01 
-9.543232e-01 
-9.542540e-01 
-9.542419e-01 
-9.542419e-01 
-9.542419e-01 
-9.542419e-01 
3.911229e-05 
3.589460e-06 
3.589359e-06 
3.589359e-06 
3.589359e-06 
1.262242e-05 
6.462399e-04 
6.464370e-04 
6.464370e-04 
6.464370e-04 
4.632722e-03 
9.543231e-01 
9.543235e-01 
9.543235e-01 
9.543235e-01 
9.542582e-01 
9.542428e-01 
9.542428e-01 
9.542428e-01 
9.542428e-01 
4.173132e-05 
1.682332e-05 
1.682221e-05 
1.682221e-05 
1.682221e-05 
2.162666e-05 
-5.812506e-04 
-5.816265e-04 
-5.816265e-04 
-5.816265e-04 
-4.590129e-03 
-9.543229e-01 
-9.543232e-01 
-9.543232e-01 
-9.543232e-01 
-9.542537e-01 
-9.542419e-01 
-9.542419e-01 
-9.542419e-01 
-9.542419e-01 
3.780421e-05 
3.564564e-06 
3.564493e-06 
3.564493e-06 
3.564493e-06 
1.285654e-05 
6.463040e-04 
6.464419e-04 
6.464419e-04 
6.464419e-04 
4.810690e-03 
9.543232e-01 
9.543235e-01 
9.543235e-01 
9.543235e-01 
9.542578e-01 
9.542428e-01 
9.542428e-01 
9.542428e-01 
9.542428e-01 
3.952430e-05 
-9.679013e-06 
-9.678017e-06 
-9.678017e-06 
-9.678017e-06 
3.959839e-06 
6.008956e-04 
6.010838e-04 
6.010838e-04 
6.010838e-04 
4.903129e-03 
9.543233e-01 
9.543235e-01 
9.543235e-01 
9.543235e-01 
9.542577e-01 
9.542428e-01 
9.542428e-01 
9.542428e-01 
9.542428e-01 
3.850802e-05 
1.682331e-05 
1.682221e-05 
1.682221e-05 
1.682221e-05 
2.174618e-05 
-5.814033e-04 
-5.816265e-04 
-5.816265e-04 
-5.816265e-04 
-4.860925e-03 
-9.543230e-01 
-9.543232e-01 
-9.543232e-01 
-9.543232e-01 
-9.542534e-01 
-9.542419e-01 
-9.542419e-01 
-9.542419e-01 
-9.542419e-01 
3.580559e-05 
1.682327e-05 
1.682221e-05 
1.682221e-05 
1.682221e-05 
2.178562e-05 
-5.814392e-04 
-5.816265e-04 
-5.816265e-04 
-5.816265e-04 
-4.955999e-03 
-9.543231e-01 
-9.543232e-01 
-9.543232e-01 
-9.543232e-01 
-9.542532e-01 
-9.542419e-01 
-9.542419e-01 
-9.542419e-01 
-9.542419e-01 
3.514242e-05 
1.682321e-05 
1.682221e-05 
1.682221e-05 
1.682221e-05 
2.182481e-05 
-5.814695e-04 
-5.816265e-04 
-5.816265e-04 
-5.816265e-04 
-5.053611e-03 
-9.543231e-01 
-9.543232e-01 
-9.543232e-01 
-9.543232e-01 
-9.542531e-01 
-9.542419e-01 
-9.542419e-01 
-9.542419e-01 
-9.542419e-01 
3.448461e-05 
1.682314e-05 
1.682221e-05 
1.682221e-05 
1.682221e-05 
2.186374e-05 
-5.814949e-04 
-5.816265e-04 
-5.816265e-04 
-5.816265e-04 
-5.153844e-03 
-9.543231e-01 
-9.543232e-01 
-9.543232e-01 
-9.543232e-01 
-9.542530e-01 
-9.542419e-01 
-9.542419e-01 
-9.542419e-01 
-9.542419e-01 
3.383385e-05 
1.682307e-05 
1.682221e-05 
1.682221e-05 
1.682221e-05 
2.190238e-05 
-5.815163e-04 
-5.816265e-04 
-5.816265e-04 
-5.816265e-04 
-5.256788e-03 
-9.543231e-01 
-9.543232e-01 
-9.543232e-01 
-9.543232e-01 
-9.542529e-01 
-9.542419e-01 
-9.542419e-01 
-9.542419e-01 
-9.542419e-01 
3.319150e-05 
3.589355e-06 
3.589359e-06 
3.589359e-06 
3.589359e-06 
1.413823e-05 
6.463985e-04 
6.464370e-04 
6.464370e-04 
6.464370e-04 
5.511939e-03 
9.543234e-01 
9.543235e-01 
9.543235e-01 
9.543235e-01 
9.542566e-01 
9.542428e-01 
9.542428e-01 
9.542428e-01 
9.542428e-01 
3.333823e-05 
1.682294e-05 
1.682221e-05 
1.682221e-05 
1.682221e-05 
2.197866e-05 
-5.815494e-04 
-5.816265e-04 
-5.816265e-04 
-5.816265e-04 
-5.471174e-03 
-9.543231e-01 
-9.543232e-01 
-9.543232e-01 
-9.543232e-01 
-9.542527e-01 
-9.542419e-01 
-9.542419e-01 
-9.542419e-01 
-9.542419e-01 
3.193631e-05 
1.682287e-05 
1.682221e-05 
1.682221e-05 
1.682221e-05 
2.201625e-05 
-5.815620e-04 
-5.816265e-04 
-5.816265e-04 
-5.816265e-04 
-5.582811e-03 
-9.543231e-01 
-9.543232e-01 
-9.543232e-01 
-9.543232e-01 
-9.542526e-01 
-9.542419e-01 
-9.542419e-01 
-9.542419e-01 
-9.542419e-01 
3.132498e-05 
1.682280e-05 
1.682221e-05 
1.682221e-05 
1.682221e-05 
2.205343e-05 
-5.815726e-04 
-5.816265e-04 
-5.816265e-04 
-5.816265e-04 
-5.697547e-03 
-9.543231e-01 
-9.543232e-01 
-9.543232e-01 
-9.543232e-01 
-9.542524e-01 
-9.542419e-01 
-9.542419e-01 
-9.542419e-01 
-9.542419e-01 
3.072524e-05 
1.682274e-05 
1.682221e-05 
1.682221e-05 
1.682221e-05 
2.209017e-05 
-5.815815e-04 
-5.816265e-04 
-5.816265e-04 
-5.816265e-04 
-5.815488e-03 
-9.543232e-01 
-9.543232e-01 
-9.543232e-01 
-9.543232e-01 
-9.542523e-01 
-9.542419e-01 
-9.542419e-01 
-9.542419e-01 
-9.542419e-01 
3.013743e-05 
3.589351e-06 
3.589359e-06 
3.589359e-06 
3.589359e-06 
1.510689e-05 
6.464219e-04 
6.464370e-04 
6.464370e-04 
6.464370e-04 
6.099937e-03 
9.543235e-01 
9.543235e-01 
9.543235e-01 
9.543235e-01 
9.542558e-01 
9.542428e-01 
9.542428e-01 
9.542428e-01 
9.542428e-01 
2.990746e-05 
3.589352e-06 
3.589359e-06 
3.589359e-06 
3.589359e-06 
1.531300e-05 
6.464245e-04 
6.464370e-04 
6.464370e-04 
6.464370e-04 
6.227589e-03 
9.543235e-01 
9.543235e-01 
9.543235e-01 
9.543235e-01 
9.542557e-01 
9.542428e-01 
9.542428e-01 
9.542428e-01 
9.542428e-01 
2.929192e-05 
1.682259e-05 
1.682221e-05 
1.682221e-05 
1.682221e-05 
2.219735e-05 
-5.816004e-04 
-5.816265e-04 
-5.816265e-04 
-5.816265e-04 
-6.189686e-03 
-9.543232e-01 
-9.543232e-01 
-9.543232e-01 
-9.543232e-01 
-9.542520e-01 
-9.542419e-01 
-9.542419e-01 
-9.542419e-01 
-9.542419e-01 
2.844772e-05 
1.682254e-05 
1.682221e-05 
1.682221e-05 
1.682221e-05 
2.223194e-05 
-5.816048e-04 
-5.816265e-04 
-5.816265e-04 
-5.816265e-04 
-6.321614e-03 
-9.543232e-01 
-9.543232e-01 
-9.543232e-01 
-9.543232e-01 
-9.542519e-01 
-9.542419e-01 
-9.542419e-01 
-9.542419e-01 
-9.542419e-01 
2.790924e-05 
3.564489e-06 
3.564493e-06 
3.564493e-06 
3.564493e-06 
1.586181e-05 
6.464347e-04 
6.464419e-04 
6.464419e-04 
6.464419e-04 
6.632830e-03 
9.543235e-01 
9.543235e-01 
9.543235e-01 
9.543235e-01 
9.542552e-01 
9.542428e-01 
9.542428e-01 
9.542428e-01 
9.542428e-01 
2.756194e-05 
3.589353e-06 
3.589359e-06 
3.589359e-06 
3.589359e-06 
1.618260e-05 
6.464311e-04 
6.464370e-04 
6.464370e-04 
6.464370e-04 
6.775785e-03 
9.543235e-01 
9.543235e-01 
9.543235e-01 
9.543235e-01 
9.542551e-01 
9.542428e-01 
9.542428e-01 
9.542428e-01 
9.542428e-01 
2.702071e-05 
1.682244e-05 
1.682221e-05 
1.682221e-05 
1.682221e-05 
2.233172e-05 
-5.816140e-04 
-5.816265e-04 
-5.816265e-04 
-5.816265e-04 
-6.740829e-03 
-9.543232e-01 
-9.543232e-01 
-9.543232e-01 
-9.543232e-01 
-9.542516e-01 
-9.542419e-01 
-9.542419e-01 
-9.542419e-01 
-9.542419e-01 
2.636735e-05 
3.564490e-06 
3.564493e-06 
3.564493e-06 
3.564493e-06 
1.654633e-05 
6.464378e-04 
6.464419e-04 
6.464419e-04 
6.464419e-04 
7.074370e-03 
9.543235e-01 
9.543235e-01 
9.543235e-01 
9.543235e-01 
9.542548e-01 
9.542428e-01 
9.542428e-01 
9.542428e-01 
9.542428e-01 
2.598602e-05 
1.682238e-05 
1.682221e-05 
1.682221e-05 
1.682221e-05 
2.239442e-05 
-5.816178e-04 
-5.816265e-04 
-5.816265e-04 
-5.816265e-04 
-7.041279e-03 
-9.543232e-01 
-9.543232e-01 
-9.543232e-01 
-9.543232e-01 
-9.542514e-01 
-9.542419e-01 
-9.542419e-01 
-9.542419e-01 
-9.542419e-01 
2.539917e-05 
1.682236e-05 
1.682221e-05 
1.682221e-05 
1.682221e-05 
2.242448e-05 
-5.816193e-04 
-5.816265e-04 
-5.816265e-04 
-5.816265e-04 
-7.198264e-03 
-9.543232e-01 
-9.543232e-01 
-9.543232e-01 
-9.543232e-01 
-9.542513e-01 
-9.542419e-01 
-9.542419e-01 
-9.542419e-01 
-9.542419e-01 
2.493237e-05 
3.589356e-06 
3.589359e-06 
3.589359e-06 
3.589359e-06 
1.738141e-05 
6.464348e-04 
6.464370e-04 
6.464370e-04 
6.464370e-04 
7.556317e-03 
9.543235e-01 
9.543235e-01 
9.543235e-01 
9.543235e-01 
9.542544e-01 
9.542428e-01 
9.542428e-01 
9.542428e-01 
9.542428e-01 
2.454253e-05 
1.682232e-05 
1.682221e-05 
1.682221e-05 
1.682221e-05 
2.248171e-05 
-5.816215e-04 
-5.816265e-04 
-5.816265e-04 
-5.816265e-04 
-7.526601e-03 
-9.543232e-01 
-9.543232e-01 
-9.543232e-01 
-9.543232e-01 
-9.542511e-01 
-9.542419e-01 
-9.542419e-01 
-9.542419e-01 
-9.542419e-01 
2.403226e-05 
3.564491e-06 
3.564493e-06 
3.564493e-06 
3.564493e-06 
1.779290e-05 
6.464403e-04 
6.464419e-04 
6.464419e-04 
6.464419e-04 
7.902343e-03 
9.543235e-01 
9.543235e-01 
9.543235e-01 
9.543235e-01 
9.542541e-01 
9.542428e-01 
9.542428e-01 
9.542428e-01 
9.542428e-01 
2.364535e-05 
1.682229e-05 
1.682221e-05 
1.682221e-05 
1.682221e-05 
2.253469e-05 
-5.816231e-04 
-5.816265e-04 
-5.816265e-04 
-5.816265e-04 
-7.875318e-03 
-9.543232e-01 
-9.543232e-01 
-9.543232e-01 
-9.543232e-01 
-9.542509e-01 
-9.542419e-01 
-9.542419e-01 
-9.542419e-01 
-9.542419e-01 
2.317512e-05 
1.682228e-05 
1.682221e-05 
1.682221e-05 
1.682221e-05 
2.255942e-05 
-5.816237e-04 
-5.816265e-04 
-5.816265e-04 
-5.816265e-04 
-8.057809e-03 
-9.543232e-01 
-9.543232e-01 
-9.543232e-01 
-9.543232e-01 
-9.542508e-01 
-9.542419e-01 
-9.542419e-01 
-9.542419e-01 
-9.542419e-01 
2.276196e-05 
3.564492e-06 
3.564493e-06 
3.564493e-06 
3.564493e-06 
1.861144e-05 
6.464410e-04 
6.464419e-04 
6.464419e-04 
6.464419e-04 
8.462329e-03 
9.543235e-01 
9.543235e-01 
9.543235e-01 
9.543235e-01 
9.542537e-01 
9.542428e-01 
9.542428e-01 
9.542428e-01 
9.542428e-01 
2.238700e-05 
1.682226e-05 
1.682221e-05 
1.682221e-05 
1.682221e-05 
2.260499e-05 
-5.816246e-04 
-5.816265e-04 
-5.816265e-04 
-5.816265e-04 
-8.440111e-03 
-9.543232e-01 
-9.543232e-01 
-9.543232e-01 
-9.543232e-01 
-9.542506e-01 
-9.542419e-01 
-9.542419e-01 
-9.542419e-01 
-9.542419e-01 
2.196534e-05 
1.682226e-05 
1.682221e-05 
1.682221e-05 
1.682221e-05 
2.262568e-05 
-5.816249e-04 
-5.816265e-04 
-5.816265e-04 
-5.816265e-04 
-8.640375e-03 
-9.543232e-01 
-9.543232e-01 
-9.543232e-01 
-9.543232e-01 
-9.542505e-01 
-9.542419e-01 
-9.542419e-01 
-9.542419e-01 
-9.542419e-01 
2.158129e-05 
1.682225e-05 
1.682221e-05 
1.682221e-05 
1.682221e-05 
2.264486e-05 
-5.816252e-04 
-5.816265e-04 
-5.816265e-04 
-5.816265e-04 
-8.847034e-03 
-9.543232e-01 
-9.543232e-01 
-9.543232e-01 
-9.543232e-01 
-9.542504e-01 
-9.542419e-01 
-9.542419e-01 
-9.542419e-01 
-9.542419e-01 
2.120640e-05 
3.564492e-06 
3.564493e-06 
3.564493e-06 
3.564493e-06 
1.979568e-05 
6.464415e-04 
6.464419e-04 
6.464419e-04 
6.464419e-04 
9.294661e-03 
9.543235e-01 
9.543235e-01 
9.543235e-01 
9.543235e-01 
9.542532e-01 
9.542428e-01 
9.542428e-01 
9.542428e-01 
9.542428e-01 
2.085473e-05 
1.682224e-05 
1.682221e-05 
1.682221e-05 
1.682221e-05 
2.267833e-05 
-5.816256e-04 
-5.816265e-04 
-5.816265e-04 
-5.816265e-04 
-9.280563e-03 
-9.543232e-01 
-9.543232e-01 
-9.543232e-01 
-9.543232e-01 
-9.542502e-01 
-9.542419e-01 
-9.542419e-01 
-9.542419e-01 
-9.542419e-01 
2.048326e-05 
1.682223e-05 
1.682221e-05 
1.682221e-05 
1.682221e-05 
2.269243e-05 
-5.816258e-04 
-5.816265e-04 
-5.816265e-04 
-5.816265e-04 
-9.507977e-03 
-9.543232e-01 
-9.543232e-01 
-9.543232e-01 
-9.543232e-01 
-9.542501e-01 
-9.542419e-01 
-9.542419e-01 
-9.542419e-01 
-9.542419e-01 
2.013443e-05 
3.589358e-06 
3.589359e-06 
3.589359e-06 
3.589359e-06 
2.088324e-05 
6.464368e-04 
6.464370e-04 
6.464370e-04 
6.464370e-04 
9.992008e-03 
9.543235e-01 
9.543235e-01 
9.543235e-01 
9.543235e-01 
9.542528e-01 
9.542428e-01 
9.542428e-01 
9.542428e-01 
9.542428e-01 
1.980235e-05 
1.682223e-05 
1.682221e-05 
1.682221e-05 
1.682221e-05 
2.271486e-05 
-5.816260e-04 
-5.816265e-04 
-5.816265e-04 
-5.816265e-04 
-9.985559e-03 
-9.543232e-01 
-9.543232e-01 
-9.543232e-01 
-9.543232e-01 
-9.542500e-01 
-9.542419e-01 
-9.542419e-01 
-9.542419e-01 
-9.542419e-01 
1.946122e-05 
3.589358e-06 
3.589359e-06 
3.589359e-06 
3.589359e-06 
2.157070e-05 
6.464369e-04 
6.464370e-04 
6.464370e-04 
6.464370e-04 
1.049606e-02 
9.543235e-01 
9.543235e-01 
9.543235e-01 
9.543235e-01 
9.542526e-01 
9.542428e-01 
9.542428e-01 
9.542428e-01 
9.542428e-01 
1.914239e-05 
1.682222e-05 
1.682221e-05 
1.682221e-05 
1.682221e-05 
2.272884e-05 
-5.816262e-04 
-5.816265e-04 
-5.816265e-04 
-5.816265e-04 
-1.049559e-02 
-9.543232e-01 
-9.543232e-01 
-9.543232e-01 
-9.543232e-01 
-9.542498e-01 
-9.542419e-01 
-9.542419e-01 
-9.542419e-01 
-9.542419e-01 
1.881907e-05 
1.682222e-05 
1.682221e-05 
1.682221e-05 
1.682221e-05 
2.273236e-05 
-5.816262e-04 
-5.816265e-04 
-5.816265e-04 
-5.816265e-04 
-1.076363e-02 
-9.543232e-01 
-9.543232e-01 
-9.543232e-01 
-9.543232e-01 
-9.542497e-01 
-9.542419e-01 
-9.542419e-01 
-9.542419e-01 
-9.542419e-01 
1.850903e-05 
3.589359e-06 
3.589359e-06 
3.589359e-06 
3.589359e-06 
2.266813e-05 
6.464369e-04 
6.464370e-04 
6.464370e-04 
6.464370e-04 
1.131754e-02 
9.543235e-01 
9.543235e-01 
9.543235e-01 
9.543235e-01 
9.542522e-01 
9.542428e-01 
9.542428e-01 
9.542428e-01 
9.541590e-01 
1.820974e-05 
1.682222e-05 
1.682221e-05 
1.682221e-05 
1.682221e-05 
2.273181e-05 
-5.816263e-04 
-5.816265e-04 
-5.816265e-04 
-5.817635e-04 
-1.132760e-02 
-9.543232e-01 
-9.543232e-01 
-9.543232e-01 
-9.543232e-01 
-9.542495e-01 
-9.542419e-01 
-9.542419e-01 
-9.542419e-01 
-9.529843e-01 
1.791021e-05 
1.682221e-05 
1.682221e-05 
1.682221e-05 
1.682226e-05 
2.272746e-05 
-5.816264e-04 
-5.816265e-04 
-5.816265e-04 
-5.822717e-04 
-1.162432e-02 
-9.543232e-01 
-9.543232e-01 
-9.543232e-01 
-9.543232e-01 
-9.542494e-01 
-9.542419e-01 
-9.542419e-01 
-9.542419e-01 
-9.506029e-01 
1.762097e-05 
1.682221e-05 
1.682221e-05 
1.682221e-05 
1.682249e-05 
2.272018e-05 
-5.816264e-04 
-5.816265e-04 
-5.816265e-04 
-5.831538e-04 
-1.193144e-02 
-9.543232e-01 
-9.543232e-01 
-9.543232e-01 
-9.543231e-01 
-9.542494e-01 
-9.542419e-01 
-9.542419e-01 
-9.542419e-01 
-9.472477e-01 
1.733826e-05 
1.682221e-05 
1.682221e-05 
1.682221e-05 
1.682300e-05 
2.270983e-05 
-5.816264e-04 
-5.816265e-04 
-5.816265e-04 
-5.843781e-04 
-1.224940e-02 
-9.543232e-01 
-9.543232e-01 
-9.543232e-01 
-9.543231e-01 
-9.542493e-01 
-9.542419e-01 
-9.542419e-01 
-9.542419e-01 
-9.430533e-01 
1.706185e-05 
3.589359e-06 
3.589359e-06 
3.589359e-06 
3.590390e-06 
2.469445e-05 
6.464370e-04 
6.464370e-04 
6.464370e-04 
6.512412e-04 
1.288712e-02 
9.543235e-01 
9.543235e-01 
9.543235e-01 
9.543233e-01 
9.542517e-01 
9.542428e-01 
9.542428e-01 
9.542428e-01 
9.381647e-01 
1.679314e-05 
3.589359e-06 
3.589359e-06 
3.589359e-06 
3.591337e-06 
2.513241e-05 
6.464370e-04 
6.464370e-04 
6.464370e-04 
6.533305e-04 
1.323512e-02 
9.543235e-01 
9.543235e-01 
9.543235e-01 
9.543232e-01 
9.542515e-01 
9.542428e-01 
9.542428e-01 
9.542428e-01 
9.326645e-01 
1.652877e-05 
1.682221e-05 
1.682221e-05 
1.682221e-05 
1.682718e-05 
2.265854e-05 
-5.816265e-04 
-5.816265e-04 
-5.816265e-04 
-5.900086e-04 
-1.327319e-02 
-9.543232e-01 
-9.543232e-01 
-9.543232e-01 
-9.543228e-01 
-9.542490e-01 
-9.542419e-01 
-9.542419e-01 
-9.542419e-01 
-9.266429e-01 
1.626919e-05 
1.682221e-05 
1.682221e-05 
1.682221e-05 
1.682975e-05 
2.263408e-05 
-5.816265e-04 
-5.816265e-04 
-5.816265e-04 
-5.924732e-04 
-1.363951e-02 
-9.543232e-01 
-9.543232e-01 
-9.543232e-01 
-9.543226e-01 
-9.542489e-01 
-9.542419e-01 
-9.542419e-01 
-9.542419e-01 
-9.201579e-01 
1.601646e-05 
3.564493e-06 
3.564493e-06 
3.564493e-06 
3.572289e-06 
2.636796e-05 
6.464418e-04 
6.464419e-04 
6.464419e-04 
6.615504e-04 
1.435666e-02 
9.543235e-01 
9.543235e-01 
9.543235e-01 
9.543228e-01 
9.542512e-01 
9.542428e-01 
9.542428e-01 
9.542428e-01 
9.132693e-01 
1.577005e-05 
3.589359e-06 
3.589359e-06 
3.589359e-06 
3.600472e-06 
2.700642e-05 
6.464370e-04 
6.464370e-04 
6.464370e-04 
6.648593e-04 
1.475831e-02 
9.543235e-01 
9.543235e-01 
9.543235e-01 
9.543227e-01 
9.542511e-01 
9.542428e-01 
9.542428e-01 
9.542428e-01 
9.060113e-01 
1.552822e-05 
1.682221e-05 
1.682221e-05 
1.682221e-05 
1.684178e-05 
2.253572e-05 
-5.816265e-04 
-5.816265e-04 
-5.816265e-04 
-6.014177e-04 
-1.482178e-02 
-9.543232e-01 
-9.543232e-01 
-9.543232e-01 
-9.543220e-01 
-9.542487e-01 
-9.542419e-01 
-9.542419e-01 
-9.542419e-01 
-8.984234e-01 
1.529099e-05 
3.564493e-06 
3.564493e-06 
3.564493e-06 
3.584234e-06 
2.786476e-05 
6.464418e-04 
6.464419e-04 
6.464419e-04 
6.722540e-04 
1.560720e-02 
9.543235e-01 
9.543235e-01 
9.543235e-01 
9.543223e-01 
9.542509e-01 
9.542428e-01 
9.542428e-01 
9.542428e-01 
8.905398e-01 
1.506003e-05 
1.682221e-05 
1.682221e-05 
1.682221e-05 
1.685388e-05 
2.244700e-05 
-5.816265e-04 
-5.816265e-04 
-5.816265e-04 
-6.084998e-04 
-1.568592e-02 
-9.543232e-01 
-9.543232e-01 
-9.543232e-01 
-9.543216e-01 
-9.542485e-01 
-9.542419e-01 
-9.542419e-01 
-9.542419e-01 
-8.823790e-01 
1.483309e-05 
1.682221e-05 
1.682221e-05 
1.682221e-05 
1.686123e-05 
2.239494e-05 
-5.816265e-04 
-5.816265e-04 
-5.816265e-04 
-6.123310e-04 
-1.614294e-02 
-9.543232e-01 
-9.543232e-01 
-9.543232e-01 
-9.543213e-01 
-9.542485e-01 
-9.542419e-01 
-9.542419e-01 
-9.542419e-01 
-8.739695e-01 
1.461131e-05 
3.589359e-06 
3.589359e-06 
3.589359e-06 
3.628646e-06 
2.965842e-05 
6.464370e-04 
6.464370e-04 
6.464370e-04 
6.849679e-04 
1.700536e-02 
9.543235e-01 
9.543235e-01 
9.543235e-01 
9.543216e-01 
9.542506e-01 
9.542428e-01 
9.542428e-01 
9.542428e-01 
8.653339e-01 
1.439463e-05 
1.682221e-05 
1.682221e-05 
1.682221e-05 
1.687846e-05 
2.227398e-05 
-5.816265e-04 
-5.816265e-04 
-5.816265e-04 
-6.205147e-04 
-1.711085e-02 
-9.543232e-01 
-9.543232e-01 
-9.543232e-01 
-9.543207e-01 
-9.542483e-01 
-9.542419e-01 
-9.542419e-01 
-9.542419e-01 
-8.564766e-01 
1.418184e-05 
3.564493e-06 
3.564493e-06 
3.564493e-06 
3.620640e-06 
3.065711e-05 
6.464419e-04 
6.464419e-04 
6.464419e-04 
6.943655e-04 
1.803014e-02 
9.543235e-01 
9.543235e-01 
9.543235e-01 
9.543211e-01 
9.542504e-01 
9.542428e-01 
9.542428e-01 
9.542428e-01 
8.474310e-01 
1.397411e-05 
1.682221e-05 
1.682221e-05 
1.682221e-05 
1.689900e-05 
2.212854e-05 
-5.816265e-04 
-5.816265e-04 
-5.816265e-04 
-6.293145e-04 
-1.815646e-02 
-9.543232e-01 
-9.543232e-01 
-9.543232e-01 
-9.543201e-01 
-9.542482e-01 
-9.542419e-01 
-9.542419e-01 
-9.542419e-01 
-8.381913e-01 
1.377026e-05 
1.682221e-05 
1.682221e-05 
1.682221e-05 
1.691042e-05 
2.204580e-05 
-5.816265e-04 
-5.816265e-04 
-5.816265e-04 
-6.339223e-04 
-1.871078e-02 
-9.543232e-01 
-9.543232e-01 
-9.543232e-01 
-9.543198e-01 
-9.542481e-01 
-9.542419e-01 
-9.542419e-01 
-9.542419e-01 
-8.287860e-01 
1.357069e-05 
3.564493e-06 
3.564493e-06 
3.564493e-06 
3.652679e-06 
3.253685e-05 
6.464419e-04 
6.464419e-04 
6.464419e-04 
7.095873e-04 
1.972487e-02 
9.543235e-01 
9.543235e-01 
9.543235e-01 
9.543202e-01 
9.542501e-01 
9.542428e-01 
9.542428e-01 
9.542428e-01 
8.192282e-01 
1.337555e-05 
1.682221e-05 
1.682221e-05 
1.682221e-05 
1.693546e-05 
2.185845e-05 
-5.816265e-04 
-5.816265e-04 
-5.816265e-04 
-6.435110e-04 
-1.988773e-02 
-9.543232e-01 
-9.543232e-01 
-9.543232e-01 
-9.543191e-01 
-9.542479e-01 
-9.542419e-01 
-9.542419e-01 
-9.542419e-01 
-8.095074e-01
#[#TRACE_DATA]
#[#TRACE]
