#[TRACE]
#data_labels=Output
#[TRACE_DATA]
-4.927646e-03 
-5.510653e-03 
-5.930388e-03 
-6.532979e-03 
-7.220399e-03 
-8.006827e-03 
-8.910493e-03 
-9.953763e-03 
-1.116426e-02 
-1.286741e-02 
-1.457836e-02 
-1.659956e-02 
-1.900456e-02 
-2.188673e-02 
-2.560822e-02 
-2.991394e-02 
-3.534585e-02 
-4.203313e-02 
-5.039461e-02 
-6.097560e-02 
-7.443388e-02 
-9.164800e-02 
-1.136314e-01 
-1.414108e-01 
-1.757456e-01 
-2.167591e-01 
-2.637186e-01 
-3.152125e-01 
-3.696642e-01 
-4.255688e-01 
-4.819210e-01 
-5.377562e-01 
-5.927134e-01 
-6.462608e-01 
-6.982277e-01 
-7.481683e-01 
-7.956771e-01 
-8.402185e-01 
-8.810985e-01 
-9.174859e-01 
-9.484045e-01 
-9.542463e-01 
-9.542483e-01 
-9.542483e-01 
-9.542483e-01 
-9.542483e-01 
-9.542483e-01 
-9.542483e-01 
-9.542483e-01 
-9.542483e-01 
-9.542483e-01 
-9.542483e-01 
-9.542483e-01 
-9.542483e-01 
-9.542483e-01 
-9.542483e-01 
-9.542483e-01 
-9.542483e-01 
-9.542483e-01 
-9.542483e-01 
-9.542483e-01 
-9.542483e-01 
-9.542483e-01 
-9.542483e-01 
-9.542483e-01 
-9.542483e-01 
-9.542483e-01 
-9.542483e-01 
-9.542483e-01 
-9.542483e-01 
-9.542483e-01 
-9.542483e-01 
-9.542483e-01 
-9.542483e-01 
-9.542483e-01 
-9.542483e-01 
-9.542483e-01 
-9.542483e-01 
-9.542483e-01 
-9.542483e-01 
-9.542483e-01 
-9.542483e-01 
-9.542483e-01 
-9.542483e-01 
-9.542483e-01 
-9.542483e-01 
-9.542483e-01 
-9.542483e-01 
-9.542483e-01 
-9.542483e-01 
-9.542483e-01 
-9.542483e-01 
-9.542483e-01 
-9.542483e-01 
-9.542483e-01 
-9.542483e-01 
-9.542483e-01 
-9.542483e-01 
-9.542483e-01 
-9.542483e-01 
-9.542483e-01 
-9.542483e-01 
-9.542483e-01 
-9.542483e-01 
-9.542483e-01 
-9.542483e-01 
-9.542483e-01 
-9.542483e-01 
-9.542483e-01 
-9.542483e-01 
-9.542483e-01 
-9.542483e-01 
-9.542483e-01 
-9.542483e-01 
-9.542483e-01 
-9.542483e-01 
-9.542483e-01 
-9.542483e-01 
-9.542483e-01 
-9.542483e-01 
-9.542483e-01 
-9.542483e-01 
-9.542483e-01 
-9.542483e-01 
-9.542483e-01 
-9.542483e-01 
-9.542483e-01 
-9.542483e-01 
-9.542483e-01 
-9.542483e-01 
-9.542483e-01 
-9.542483e-01 
-9.542483e-01 
-9.542483e-01 
-9.542483e-01 
-9.542483e-01 
-9.542483e-01 
-9.542483e-01 
-9.542483e-01 
-9.542483e-01 
-9.542483e-01 
-9.542483e-01 
-9.542483e-01 
-9.542483e-01 
-9.542483e-01 
-9.542483e-01 
-9.542483e-01 
-9.542483e-01 
-9.542483e-01 
-9.542483e-01 
-9.542483e-01 
-9.542483e-01 
-9.542483e-01 
-9.542483e-01 
-9.542483e-01 
-9.542483e-01 
-9.542483e-01 
-9.542483e-01 
-9.542483e-01 
-9.542483e-01 
-9.542483e-01 
-9.542483e-01 
-9.542483e-01 
-9.542483e-01 
-9.542483e-01 
-9.542483e-01 
-9.542483e-01 
-9.542483e-01 
-9.542483e-01 
-9.542483e-01 
-9.542483e-01 
-9.542483e-01 
-9.542483e-01 
-9.542483e-01 
-9.542483e-01 
-9.542483e-01 
-9.542483e-01 
-9.542483e-01 
-9.542483e-01 
-9.542483e-01 
-9.542483e-01 
-9.542483e-01 
-9.542483e-01 
-9.542483e-01 
-9.542483e-01 
-9.542483e-01 
-9.542483e-01 
-9.542483e-01 
-9.542483e-01 
-9.542483e-01 
-9.542483e-01 
-9.542483e-01 
-9.542483e-01 
-9.542483e-01 
-9.542483e-01 
-9.542483e-01 
-9.542483e-01 
-9.542483e-01 
-9.542483e-01 
-9.542483e-01 
-9.542483e-01 
-9.542483e-01 
-9.542483e-01 
-9.542483e-01 
-9.542483e-01 
-9.542483e-01 
-9.542483e-01 
-9.542483e-01 
-9.542483e-01 
-9.542483e-01 
-9.542483e-01 
-9.542481e-01 
-9.542480e-01 
-9.542478e-01 
-9.542476e-01 
-9.542473e-01 
-9.542471e-01 
-9.542468e-01 
-9.542465e-01 
-9.542462e-01 
-9.542458e-01 
-9.542453e-01 
-9.542448e-01 
-9.542441e-01 
-9.542430e-01 
-9.542419e-01 
-9.542414e-01 
-9.542410e-01 
-9.542407e-01 
-9.542404e-01 
-9.542401e-01 
-9.542399e-01 
-9.542396e-01 
-9.542394e-01 
-9.542391e-01 
-9.542389e-01 
-9.542387e-01 
-9.542385e-01 
-9.542383e-01 
-9.542381e-01 
-9.542379e-01 
-9.542377e-01 
-9.542376e-01 
-9.542374e-01 
-9.542373e-01 
-9.542371e-01 
-9.542370e-01 
-9.542368e-01 
-9.542367e-01 
-9.542366e-01 
-9.542364e-01 
-9.542363e-01 
-9.542362e-01 
-9.542361e-01 
-9.542360e-01 
-9.542359e-01 
-9.542358e-01 
-9.542357e-01 
-9.542356e-01 
-9.542355e-01 
-9.542354e-01 
-9.542353e-01 
-9.542352e-01 
-9.542351e-01 
-9.542350e-01 
-9.542350e-01 
-9.542349e-01 
-9.542348e-01 
-9.542347e-01 
-9.542347e-01 
-9.542346e-01 
-9.542345e-01 
-9.542345e-01 
-9.542344e-01 
-9.542343e-01 
-9.542343e-01 
-9.542342e-01 
-9.542342e-01 
-9.542341e-01 
-9.542340e-01 
-9.542340e-01 
-9.542339e-01 
-9.542339e-01 
-9.542338e-01 
-9.542338e-01 
-9.542337e-01 
-9.542337e-01 
-9.542337e-01 
-9.542336e-01 
-9.542336e-01 
-9.542335e-01 
-9.542335e-01 
-9.542335e-01 
-9.542335e-01 
-9.542335e-01 
-9.542335e-01 
-9.542335e-01 
-9.542335e-01 
-9.542335e-01 
-9.542335e-01 
-9.542335e-01 
-9.542335e-01 
-9.542335e-01 
-9.542335e-01 
-9.542335e-01 
-9.542335e-01 
-9.542335e-01 
-9.542335e-01 
-9.542335e-01 
-9.542335e-01 
-9.542335e-01 
-9.542335e-01 
-9.542335e-01 
-9.542335e-01 
-9.542335e-01 
-9.542335e-01 
-9.542335e-01 
-9.542335e-01 
-9.542335e-01 
-9.542335e-01 
-9.542335e-01 
-9.542335e-01 
-9.542335e-01 
-9.542335e-01 
-9.542335e-01 
-9.542335e-01 
-9.542335e-01 
-9.542335e-01 
-9.542335e-01 
-9.542335e-01 
-9.542335e-01 
-9.542335e-01 
-9.542335e-01 
-9.542335e-01 
-9.542335e-01 
-9.542335e-01 
-9.542335e-01 
-9.542335e-01 
-9.542335e-01 
-9.542335e-01 
-9.542335e-01 
-9.542335e-01 
-9.542335e-01 
-9.542335e-01 
-9.542335e-01 
-9.542335e-01 
-9.542335e-01 
-9.542335e-01 
-9.542335e-01 
-9.542335e-01 
-9.542335e-01 
-9.542335e-01 
-9.542335e-01 
-9.542335e-01 
-9.542335e-01 
-9.542335e-01 
-9.542335e-01 
-9.542335e-01 
-9.542335e-01 
-9.542335e-01 
-9.542335e-01 
-9.542335e-01 
-9.542335e-01 
-9.542335e-01 
-9.542335e-01 
-9.542335e-01 
-9.542335e-01 
-9.542335e-01 
-9.542335e-01 
-9.542335e-01 
-9.542335e-01 
-9.542335e-01 
-9.542335e-01 
-9.542335e-01 
-9.542335e-01 
-9.542335e-01 
-9.542335e-01 
-9.542335e-01 
-9.542335e-01 
-9.542335e-01 
-9.542335e-01 
-9.542335e-01 
-9.542335e-01 
-9.542335e-01 
-9.542335e-01 
-9.542335e-01 
-9.542335e-01 
-9.542335e-01 
-9.542335e-01 
-9.542335e-01 
-9.542335e-01 
-9.542335e-01 
-9.542335e-01 
-9.542335e-01 
-9.542335e-01 
-9.542335e-01 
-9.542335e-01 
-9.542335e-01 
-9.542335e-01 
-9.542335e-01 
-9.542335e-01 
-9.542335e-01 
-9.542335e-01 
-9.542335e-01 
-9.542335e-01 
-9.542335e-01 
-9.542335e-01 
-9.542335e-01 
-9.542335e-01 
-9.542335e-01 
-9.542335e-01 
-9.542335e-01 
-9.542335e-01 
-9.542335e-01 
-9.542335e-01 
-9.542335e-01 
-9.542335e-01 
-9.542335e-01 
-9.542335e-01 
-9.542335e-01 
-9.542335e-01 
-9.542335e-01 
-9.542335e-01 
-9.542335e-01 
-9.542335e-01 
-9.542335e-01 
-9.542335e-01 
-9.542335e-01 
-9.542335e-01 
-9.542335e-01 
-9.542335e-01 
-9.542335e-01 
-9.542335e-01 
-9.542335e-01 
-9.542335e-01 
-9.542335e-01 
-9.542335e-01 
-9.542335e-01 
-9.542335e-01 
-9.542335e-01 
-9.542335e-01 
-9.542335e-01 
-9.542335e-01 
-9.542335e-01 
-9.542335e-01 
-9.542335e-01 
-9.542335e-01 
-9.542335e-01 
-9.542335e-01 
-9.542335e-01 
-9.542335e-01 
-9.542335e-01 
-9.542335e-01 
-9.542335e-01 
-9.542335e-01 
-9.542335e-01 
-9.542335e-01 
-9.542335e-01 
-9.542335e-01 
-9.542335e-01 
-9.483856e-01 
-9.174337e-01 
-8.809765e-01 
-8.399157e-01 
-7.950515e-01 
-7.469207e-01 
-6.958656e-01 
-6.419200e-01 
-5.848399e-01 
-5.239773e-01 
-4.580333e-01 
-3.844866e-01 
-2.975122e-01 
-1.813624e-01 
3.403066e-03 
4.028974e-03 
2.063027e-03 
1.248736e-03 
8.507965e-04 
6.159451e-04 
4.645734e-04 
3.611352e-04 
2.874428e-04 
2.332084e-04 
1.921372e-04 
1.601795e-04 
1.352884e-04 
1.156223e-04 
1.002871e-04 
8.665785e-05 
7.541399e-05 
6.605554e-05 
5.819837e-05 
5.279750e-05 
4.695733e-05 
4.193945e-05 
3.761656e-05 
3.387188e-05 
3.061146e-05 
2.775920e-05 
2.525302e-05 
2.304189e-05 
2.108357e-05 
1.934293e-05 
1.752226e-05 
1.616292e-05 
1.494241e-05 
1.384331e-05 
1.285093e-05 
1.195265e-05 
1.113762e-05 
1.039646e-05 
9.721017e-06 
9.104221e-06 
8.531283e-06 
8.015253e-06 
7.541757e-06 
7.105824e-06 
6.704288e-06 
6.331112e-06 
5.978372e-06 
5.620609e-06 
5.174550e-06 
4.355173e-06 
3.124096e-06 
2.070370e-06 
1.120803e-06 
2.892560e-07 
-4.447339e-07 
-1.031524e-06 
-1.635709e-06 
-2.000231e-06 
-2.452438e-06 
-2.618301e-06 
-2.954063e-06 
-3.226952e-06 
-3.447271e-06 
-3.618367e-06 
-3.732452e-06 
-3.805136e-06 
-3.851155e-06 
-3.947392e-06 
-3.955623e-06 
-3.963563e-06 
-3.967665e-06 
-3.969127e-06 
-3.967537e-06 
-3.967336e-06 
-3.967321e-06 
-3.967320e-06 
-3.967320e-06 
-3.967320e-06 
-3.967320e-06 
-3.967320e-06 
-3.967320e-06 
-3.967320e-06 
-3.967320e-06 
-3.967320e-06 
-3.967320e-06 
-3.967320e-06 
-3.967320e-06 
-3.967320e-06 
-3.967320e-06 
-3.967320e-06 
-3.967320e-06 
-3.967320e-06 
-3.967320e-06 
-3.967320e-06 
-3.967320e-06 
-3.967320e-06 
-3.967320e-06 
-3.967320e-06 
-3.967320e-06 
-3.967320e-06 
-3.967320e-06 
-3.967320e-06 
-3.967320e-06 
-3.967320e-06 
-3.967320e-06 
-3.967320e-06 
-3.967320e-06 
-3.967320e-06 
-3.967320e-06 
-3.967320e-06 
-3.967320e-06 
-3.967320e-06 
-3.967320e-06 
-3.967320e-06 
-3.967320e-06 
-3.967320e-06 
-3.967320e-06 
-3.967320e-06 
-3.967320e-06 
-3.967320e-06 
-3.967320e-06 
-3.967320e-06 
-3.967320e-06 
-3.967320e-06 
-3.967320e-06 
-3.967320e-06 
-3.967320e-06 
-3.967320e-06 
-3.967320e-06 
-3.967320e-06 
-3.967320e-06 
-3.967320e-06 
-3.967320e-06 
-3.967320e-06 
-3.967320e-06 
-3.967320e-06 
-3.967320e-06 
-3.967320e-06 
-3.967320e-06 
-3.967320e-06 
-3.967320e-06 
-3.967320e-06 
-3.967320e-06 
-3.967320e-06 
-3.967320e-06 
-3.967320e-06 
-3.967320e-06 
-3.967320e-06 
-3.967320e-06 
-3.967320e-06 
-3.967320e-06 
-3.967320e-06 
-3.967320e-06 
-3.967320e-06 
-3.967320e-06 
-3.967320e-06 
-3.967320e-06 
-3.967320e-06 
-3.967320e-06 
-3.967320e-06 
-3.967320e-06 
-3.967320e-06 
-3.967320e-06 
-3.967320e-06 
-3.967320e-06 
-3.967320e-06 
-3.967320e-06 
-3.967320e-06 
-3.967320e-06 
-3.967320e-06 
-3.967320e-06 
-3.967320e-06 
-3.967320e-06 
-3.967320e-06 
-3.967320e-06 
-3.967320e-06 
-3.967320e-06 
-3.967320e-06 
-3.967320e-06 
-3.967320e-06 
-3.967320e-06 
-3.967320e-06 
-3.967320e-06 
-3.967320e-06 
-3.967320e-06 
-3.967320e-06 
-3.967320e-06 
-3.967320e-06 
-3.967320e-06 
-3.967320e-06 
-3.967320e-06 
-3.967320e-06 
-3.967320e-06 
-3.967320e-06 
-3.967320e-06 
-3.967320e-06 
-3.967320e-06 
-3.967320e-06 
-3.967320e-06 
-3.967320e-06 
-3.967320e-06 
-3.967320e-06 
-3.967320e-06 
-3.967320e-06 
-3.967320e-06 
-3.967320e-06 
-3.967320e-06 
-3.967320e-06 
-3.967320e-06 
-3.967320e-06 
-3.967320e-06 
-3.967320e-06 
-3.967320e-06 
-3.967320e-06 
-3.967320e-06 
-3.967320e-06 
-3.967320e-06 
-3.967320e-06 
-3.967320e-06 
-3.967320e-06 
-3.967320e-06 
-3.967320e-06 
-3.967320e-06 
-3.967320e-06 
-3.967320e-06 
-3.967320e-06 
-3.967320e-06 
-3.967320e-06 
-3.967320e-06 
-3.967320e-06 
-3.967320e-06 
-3.967320e-06 
-3.967320e-06 
-3.967320e-06 
-3.967320e-06 
-3.967320e-06 
-3.966887e-06 
-3.955267e-06 
-3.904656e-06 
-3.814609e-06 
-3.745162e-06 
-3.672255e-06 
-3.550637e-06 
-3.448703e-06 
-3.398714e-06 
-3.276027e-06 
-3.152492e-06 
-3.039982e-06 
-2.919661e-06 
-2.790879e-06 
-2.652932e-06 
-2.505044e-06 
-2.346364e-06 
-2.175954e-06 
-1.992777e-06 
-1.795690e-06 
-1.583429e-06 
-1.354968e-06 
-1.112522e-06 
-8.878981e-07 
-6.030609e-07 
-3.782279e-07 
-5.090667e-08 
1.962452e-07 
5.716571e-07 
9.805855e-07 
1.425856e-06 
1.911384e-06 
2.441587e-06 
3.021453e-06 
3.505210e-06 
4.084479e-06 
4.823788e-06 
5.637362e-06 
6.533953e-06 
7.523782e-06 
8.618520e-06 
9.831508e-06 
1.117800e-05 
1.267544e-05 
1.496061e-05 
1.695352e-05 
1.912455e-05 
2.155690e-05 
2.428559e-05 
2.734979e-05 
3.079297e-05 
3.466258e-05 
4.045162e-05 
4.551688e-05 
5.117728e-05 
5.749238e-05 
6.627500e-05 
7.523250e-05 
8.429267e-05 
9.373996e-05 
1.038974e-04 
1.147429e-04 
1.262464e-04 
1.383800e-04 
1.511241e-04 
1.644736e-04 
1.784431e-04 
1.930697e-04 
2.083161e-04 
2.238872e-04 
2.410954e-04 
2.577735e-04 
2.774419e-04 
2.900346e-04 
3.119641e-04 
3.355604e-04 
3.608802e-04 
3.878210e-04 
4.160027e-04 
4.357515e-04 
4.639097e-04 
4.857502e-04 
4.874828e-04 
4.897653e-04 
4.899018e-04 
4.899101e-04 
4.899106e-04 
4.899106e-04 
4.899106e-04 
4.899106e-04 
4.899106e-04 
4.899106e-04 
4.899106e-04 
4.899106e-04 
4.899106e-04 
4.899106e-04 
4.899106e-04 
4.899106e-04 
4.899106e-04 
4.899106e-04 
4.899106e-04 
4.899106e-04 
4.899106e-04 
4.899106e-04 
4.899106e-04 
4.899106e-04 
4.899106e-04 
4.899106e-04 
4.899106e-04 
4.899106e-04 
4.899106e-04 
4.899106e-04 
4.899106e-04 
4.899106e-04 
4.899106e-04 
4.899106e-04 
4.899106e-04 
4.899106e-04 
4.899106e-04 
4.899106e-04 
4.899106e-04 
4.899106e-04 
4.899106e-04 
4.899106e-04 
4.899106e-04 
4.899106e-04 
4.899106e-04 
4.899106e-04 
4.899106e-04 
4.899106e-04 
4.899106e-04 
4.899106e-04 
4.899106e-04 
4.899106e-04 
4.899106e-04 
4.899106e-04 
4.899106e-04 
4.899106e-04 
4.899106e-04 
4.899106e-04 
4.899106e-04 
4.899106e-04 
4.899106e-04 
4.899106e-04 
4.899106e-04 
4.899106e-04 
4.899106e-04 
4.899106e-04 
4.899106e-04 
4.899106e-04 
4.899106e-04 
4.899106e-04 
4.899106e-04 
4.899106e-04 
4.899106e-04 
4.899106e-04 
4.899106e-04 
4.899106e-04 
4.899106e-04 
4.899106e-04 
4.899106e-04 
4.899106e-04 
4.899106e-04 
4.899106e-04 
4.899106e-04 
4.899106e-04 
4.899106e-04 
4.899106e-04 
4.899106e-04 
4.899106e-04 
4.899106e-04 
4.899106e-04 
4.899106e-04 
4.899106e-04 
4.899106e-04 
4.899106e-04 
4.899106e-04 
4.899106e-04 
4.899106e-04 
4.899106e-04 
4.899106e-04 
4.899106e-04 
4.899106e-04 
4.899106e-04 
4.899106e-04 
4.899106e-04 
4.899106e-04 
4.899106e-04 
4.899106e-04 
4.899106e-04 
4.899106e-04 
4.899106e-04 
4.899106e-04 
4.899106e-04 
4.899106e-04 
4.899106e-04 
4.899106e-04 
4.899106e-04 
4.899106e-04 
4.899106e-04 
4.899106e-04 
4.899106e-04 
4.899106e-04 
4.899106e-04 
4.899106e-04 
4.899106e-04 
4.899106e-04 
4.899106e-04 
4.899106e-04 
4.899106e-04 
4.899106e-04 
4.899106e-04 
4.899106e-04 
4.899106e-04 
4.899106e-04 
4.899106e-04 
4.899106e-04 
4.899106e-04 
4.899106e-04 
4.899106e-04 
4.899106e-04 
4.899106e-04 
4.899106e-04 
4.899106e-04 
4.899106e-04 
4.899106e-04 
4.899106e-04 
4.899106e-04 
4.899106e-04 
4.899106e-04 
4.899106e-04 
4.899106e-04 
4.899106e-04 
4.899106e-04 
4.899106e-04 
4.899106e-04 
4.899106e-04 
4.899106e-04 
4.899106e-04 
4.899106e-04 
4.899106e-04 
4.899106e-04 
4.899106e-04 
4.899106e-04 
4.899106e-04 
4.899106e-04 
4.899106e-04 
4.899106e-04 
4.899106e-04 
4.899106e-04 
4.933796e-04 
5.105952e-04 
5.311228e-04 
5.559898e-04 
5.792359e-04 
6.042343e-04 
6.305005e-04 
6.583764e-04 
6.880114e-04 
7.195607e-04 
7.531816e-04 
7.890465e-04 
8.273457e-04 
8.682891e-04 
9.121089e-04 
9.590590e-04 
1.009433e-03 
1.063545e-03 
1.121736e-03 
1.184307e-03 
1.251659e-03 
1.324261e-03 
1.402646e-03 
1.487414e-03 
1.579280e-03 
1.678859e-03 
1.787211e-03 
1.905200e-03 
2.033467e-03 
2.174118e-03 
2.328164e-03 
2.493026e-03 
2.678405e-03 
2.882736e-03 
3.108477e-03 
3.358486e-03 
3.585588e-03 
3.888262e-03 
4.226261e-03 
4.604536e-03 
5.029203e-03 
5.621028e-03 
6.048961e-03 
6.661450e-03 
7.359889e-03 
8.158601e-03 
9.260488e-03 
1.034963e-02 
1.161370e-02 
1.308921e-02 
1.482152e-02 
1.686794e-02 
1.930148e-02 
2.240341e-02 
2.597187e-02 
3.031783e-02 
3.579265e-02 
4.252792e-02 
5.094129e-02 
6.157517e-02 
7.508439e-02 
9.233972e-02 
1.143439e-01 
1.421114e-01 
1.763929e-01 
2.173143e-01 
2.641597e-01 
3.155392e-01 
3.698910e-01 
4.257187e-01 
4.820149e-01 
5.378136e-01 
5.927467e-01 
6.462801e-01 
6.982380e-01 
7.481736e-01 
7.956798e-01 
8.402197e-01 
8.810991e-01 
9.174861e-01 
9.484046e-01 
9.542463e-01 
9.542483e-01 
9.542484e-01 
9.542484e-01 
9.542484e-01 
9.542484e-01 
9.542484e-01 
9.542484e-01 
9.542484e-01 
9.542484e-01 
9.542484e-01 
9.542484e-01 
9.542484e-01 
9.542484e-01 
9.542484e-01 
9.542484e-01 
9.542484e-01 
9.542484e-01 
9.542484e-01 
9.542484e-01 
9.542484e-01 
9.542484e-01 
9.542484e-01 
9.542484e-01 
9.542484e-01 
9.542484e-01 
9.542484e-01 
9.542484e-01 
9.542484e-01 
9.542484e-01 
9.542484e-01 
9.542484e-01 
9.542484e-01 
9.542484e-01 
9.542484e-01 
9.542484e-01 
9.542484e-01 
9.542484e-01 
9.542484e-01 
9.542484e-01 
9.542484e-01 
9.542484e-01 
9.542484e-01 
9.542484e-01 
9.542484e-01 
9.542484e-01 
9.542484e-01 
9.542484e-01 
9.542484e-01 
9.542484e-01 
9.542484e-01 
9.542484e-01 
9.542484e-01 
9.542484e-01 
9.542484e-01 
9.542484e-01 
9.542484e-01 
9.542484e-01 
9.542484e-01 
9.542484e-01 
9.542484e-01 
9.542484e-01 
9.542484e-01 
9.542484e-01 
9.542484e-01 
9.542484e-01 
9.542484e-01 
9.542484e-01 
9.542484e-01 
9.542484e-01 
9.542484e-01 
9.542484e-01 
9.542484e-01 
9.542484e-01 
9.542484e-01 
9.542484e-01 
9.542484e-01 
9.542484e-01 
9.542484e-01 
9.542484e-01 
9.542484e-01 
9.542484e-01 
9.542484e-01 
9.542484e-01 
9.542484e-01 
9.542484e-01 
9.542484e-01 
9.542484e-01 
9.542484e-01 
9.542484e-01 
9.542484e-01 
9.542484e-01 
9.542484e-01 
9.542484e-01 
9.542484e-01 
9.542484e-01 
9.542484e-01 
9.542484e-01 
9.542484e-01 
9.542484e-01 
9.542484e-01 
9.542484e-01 
9.542484e-01 
9.542484e-01 
9.542484e-01 
9.542484e-01 
9.542484e-01 
9.542484e-01 
9.542484e-01 
9.542484e-01 
9.542484e-01 
9.542484e-01 
9.542484e-01 
9.542484e-01 
9.542484e-01 
9.542484e-01 
9.542484e-01 
9.542484e-01 
9.542484e-01 
9.542484e-01 
9.542484e-01 
9.542484e-01 
9.542484e-01 
9.542484e-01 
9.542484e-01 
9.542484e-01 
9.542484e-01 
9.542484e-01 
9.542484e-01 
9.542484e-01 
9.542484e-01 
9.542484e-01 
9.542484e-01 
9.542484e-01 
9.542484e-01 
9.542484e-01 
9.542484e-01 
9.542484e-01 
9.542484e-01 
9.542484e-01 
9.542484e-01 
9.542484e-01 
9.542484e-01 
9.542484e-01 
9.542484e-01 
9.542484e-01 
9.542484e-01 
9.542484e-01 
9.542484e-01 
9.542484e-01 
9.542484e-01 
9.542484e-01 
9.542484e-01 
9.542484e-01 
9.542484e-01 
9.542484e-01 
9.542484e-01 
9.542484e-01 
9.542484e-01 
9.542484e-01 
9.542484e-01 
9.542484e-01 
9.542484e-01 
9.542484e-01 
9.542484e-01 
9.542484e-01 
9.542484e-01 
9.542484e-01 
9.542484e-01 
9.542483e-01 
9.542482e-01 
9.542481e-01 
9.542479e-01 
9.542477e-01 
9.542475e-01 
9.542473e-01 
9.542471e-01 
9.542469e-01 
9.542466e-01 
9.542464e-01 
9.542461e-01 
9.542458e-01 
9.542455e-01 
9.542452e-01 
9.542448e-01 
9.542445e-01 
9.542441e-01 
9.542437e-01 
9.542433e-01 
9.542429e-01 
9.542425e-01 
9.542421e-01 
9.542418e-01 
9.542414e-01 
9.542410e-01 
9.542407e-01 
9.542404e-01 
9.542401e-01 
9.542398e-01 
9.542395e-01 
9.542393e-01 
9.542390e-01 
9.542388e-01 
9.542386e-01 
9.542384e-01 
9.542382e-01 
9.542380e-01 
9.542378e-01 
9.542376e-01 
9.542374e-01 
9.542372e-01 
9.542371e-01 
9.542369e-01 
9.542368e-01 
9.542366e-01 
9.542365e-01 
9.542363e-01 
9.542362e-01 
9.542361e-01 
9.542360e-01 
9.542359e-01 
9.542358e-01 
9.542357e-01 
9.542356e-01 
9.542355e-01 
9.542354e-01 
9.542353e-01 
9.542352e-01 
9.542351e-01 
9.542350e-01 
9.542349e-01 
9.542349e-01 
9.542348e-01 
9.542347e-01 
9.542346e-01 
9.542346e-01 
9.542345e-01 
9.542344e-01 
9.542344e-01 
9.542343e-01 
9.542343e-01 
9.542342e-01 
9.542341e-01 
9.542341e-01 
9.542340e-01 
9.542340e-01 
9.542339e-01 
9.542339e-01 
9.542338e-01 
9.542338e-01 
9.542338e-01 
9.542338e-01 
9.542338e-01 
9.542338e-01 
9.542338e-01 
9.542338e-01 
9.542338e-01 
9.542338e-01 
9.542338e-01 
9.542338e-01 
9.542338e-01 
9.542338e-01 
9.542338e-01 
9.542338e-01 
9.542338e-01 
9.542338e-01 
9.542338e-01 
9.542338e-01 
9.542338e-01 
9.542338e-01 
9.542338e-01 
9.542338e-01 
9.542338e-01 
9.542338e-01 
9.542338e-01 
9.542338e-01 
9.542338e-01 
9.542338e-01 
9.542338e-01 
9.542338e-01 
9.542338e-01 
9.542338e-01 
9.542338e-01 
9.542338e-01 
9.542338e-01 
9.542338e-01 
9.542338e-01 
9.542338e-01 
9.542338e-01 
9.542338e-01 
9.542338e-01 
9.542338e-01 
9.542338e-01 
9.542338e-01 
9.542338e-01 
9.542338e-01 
9.542338e-01 
9.542338e-01 
9.542338e-01 
9.542338e-01 
9.542338e-01 
9.542338e-01 
9.542338e-01 
9.542338e-01 
9.542338e-01 
9.542338e-01 
9.542338e-01 
9.542338e-01 
9.542338e-01 
9.542338e-01 
9.542338e-01 
9.542338e-01 
9.542338e-01 
9.542338e-01 
9.542338e-01 
9.542338e-01 
9.542338e-01 
9.542338e-01 
9.542338e-01 
9.542338e-01 
9.542338e-01 
9.542338e-01 
9.542338e-01 
9.542338e-01 
9.542338e-01 
9.542338e-01 
9.542338e-01 
9.542338e-01 
9.542338e-01 
9.542338e-01 
9.542338e-01 
9.542338e-01 
9.542338e-01 
9.542338e-01 
9.542338e-01 
9.542338e-01 
9.542338e-01 
9.542338e-01 
9.542338e-01 
9.542338e-01 
9.542338e-01 
9.542338e-01 
9.542338e-01 
9.542338e-01 
9.542338e-01 
9.542338e-01 
9.542338e-01 
9.542338e-01 
9.542338e-01 
9.542338e-01 
9.542338e-01 
9.542338e-01 
9.542338e-01 
9.542338e-01 
9.542338e-01 
9.542338e-01 
9.542338e-01 
9.542338e-01 
9.542338e-01 
9.542338e-01 
9.542338e-01 
9.542338e-01 
9.542338e-01 
9.542338e-01 
9.542338e-01 
9.542338e-01 
9.542338e-01 
9.542338e-01 
9.542338e-01 
9.542338e-01 
9.542338e-01 
9.542338e-01 
9.542338e-01 
9.542338e-01 
9.542338e-01 
9.542338e-01 
9.542338e-01 
9.542338e-01 
9.542338e-01 
9.542338e-01 
9.542338e-01 
9.542338e-01 
9.542338e-01 
9.542338e-01 
9.542338e-01 
9.542338e-01 
9.542338e-01 
9.542338e-01 
9.542338e-01 
9.542338e-01 
9.542338e-01 
9.542338e-01 
9.542338e-01 
9.542338e-01 
9.542338e-01 
9.542338e-01 
9.542338e-01 
9.542338e-01 
9.542338e-01 
9.542338e-01 
9.542338e-01 
9.542338e-01 
9.542338e-01 
9.542338e-01 
9.542338e-01 
9.542338e-01 
9.542338e-01 
9.542338e-01 
9.542338e-01 
9.542338e-01 
9.542338e-01 
9.542338e-01 
9.542338e-01 
9.542338e-01 
9.542338e-01 
9.542338e-01 
9.542338e-01 
9.542338e-01 
9.542338e-01 
9.483859e-01 
9.174347e-01 
8.809787e-01 
8.399211e-01 
7.950629e-01 
7.469442e-01 
6.959118e-01 
6.420087e-01 
5.850068e-01 
5.242888e-01 
4.588416e-01 
3.857875e-01 
3.001366e-01 
1.876484e-01 
2.900344e-02 
4.935596e-03 
2.019427e-03 
1.247737e-03 
8.507913e-04 
6.159430e-04 
4.645725e-04 
3.611348e-04 
2.874426e-04 
2.332082e-04 
1.921372e-04 
1.601794e-04 
1.352884e-04 
1.156223e-04 
1.002871e-04 
8.665786e-05 
7.541400e-05 
6.605554e-05 
5.819838e-05 
5.279751e-05 
4.695734e-05 
4.193946e-05 
3.761657e-05 
3.387189e-05 
3.061146e-05 
2.775921e-05 
2.525303e-05 
2.304189e-05 
2.108358e-05 
1.934294e-05 
1.752227e-05 
1.616293e-05 
1.494242e-05 
1.384333e-05 
1.285095e-05 
1.195267e-05 
1.113765e-05 
1.039650e-05 
9.721076e-06 
9.104310e-06 
8.531440e-06 
8.015531e-06 
7.542312e-06 
7.106873e-06 
6.706501e-06 
6.336792e-06 
5.995289e-06 
5.681678e-06 
5.394269e-06 
5.124706e-06 
4.877605e-06 
4.609807e-06 
4.368651e-06 
4.146733e-06 
3.943410e-06 
3.732816e-06 
3.572250e-06 
3.403153e-06 
3.258487e-06 
3.147062e-06 
3.017502e-06 
2.888689e-06 
2.766843e-06 
2.651671e-06 
2.567132e-06 
2.453108e-06 
2.356337e-06 
2.322852e-06 
2.326397e-06 
2.317376e-06 
2.316363e-06 
2.317386e-06 
2.315784e-06 
2.315583e-06 
2.315568e-06 
2.315567e-06 
2.315567e-06 
2.315567e-06 
2.315567e-06 
2.315567e-06 
2.315567e-06 
2.315567e-06 
2.315567e-06 
2.315567e-06 
2.315567e-06 
2.315567e-06 
2.315567e-06 
2.315567e-06 
2.315567e-06 
2.315567e-06 
2.315567e-06 
2.315567e-06 
2.315567e-06 
2.315567e-06 
2.315567e-06 
2.315567e-06 
2.315567e-06 
2.315567e-06 
2.315567e-06 
2.315567e-06 
2.315567e-06 
2.315567e-06 
2.315567e-06 
2.315567e-06 
2.315567e-06 
2.315567e-06 
2.315567e-06 
2.315567e-06 
2.315567e-06 
2.315567e-06 
2.315567e-06 
2.315567e-06 
2.315567e-06 
2.315567e-06 
2.315567e-06 
2.315567e-06 
2.315567e-06 
2.315567e-06 
2.315567e-06 
2.315567e-06 
2.315567e-06 
2.315567e-06 
2.315567e-06 
2.315567e-06 
2.315567e-06 
2.315567e-06 
2.315567e-06 
2.315567e-06 
2.315567e-06 
2.315567e-06 
2.315567e-06 
2.315567e-06 
2.315567e-06 
2.315567e-06 
2.315567e-06 
2.315567e-06 
2.315567e-06 
2.315567e-06 
2.315567e-06 
2.315567e-06 
2.315567e-06 
2.315567e-06 
2.315567e-06 
2.315567e-06 
2.315567e-06 
2.315567e-06 
2.315567e-06 
2.315567e-06 
2.315567e-06 
2.315567e-06 
2.315567e-06 
2.315567e-06 
2.315567e-06 
2.315567e-06 
2.315567e-06 
2.315567e-06 
2.315567e-06 
2.315567e-06 
2.315567e-06 
2.315567e-06 
2.315567e-06 
2.315567e-06 
2.315567e-06 
2.315567e-06 
2.315567e-06 
2.315567e-06 
2.315567e-06 
2.315567e-06 
2.315567e-06 
2.315567e-06 
2.315567e-06 
2.315567e-06 
2.315567e-06 
2.315567e-06 
2.315567e-06 
2.315567e-06 
2.315567e-06 
2.315567e-06 
2.315567e-06 
2.315567e-06 
2.315567e-06 
2.315567e-06 
2.315567e-06 
2.315567e-06 
2.315567e-06 
2.315567e-06 
2.315567e-06 
2.315567e-06 
2.315567e-06 
2.315567e-06 
2.315567e-06 
2.315567e-06 
2.315567e-06 
2.315567e-06 
2.315567e-06 
2.315567e-06 
2.315567e-06 
2.315567e-06 
2.315567e-06 
2.315567e-06 
2.315567e-06 
2.315567e-06 
2.315567e-06 
2.315567e-06 
2.315567e-06 
2.315567e-06 
2.315567e-06 
2.315567e-06 
2.315567e-06 
2.315567e-06 
2.315567e-06 
2.315567e-06 
2.315567e-06 
2.315567e-06 
2.315567e-06 
2.315567e-06 
2.315567e-06 
2.315567e-06 
2.315567e-06 
2.315567e-06 
2.315567e-06 
2.315567e-06 
2.315567e-06 
2.315567e-06 
2.315567e-06 
2.315567e-06 
2.315567e-06 
2.315567e-06 
2.315567e-06 
2.315567e-06 
2.315567e-06 
2.315567e-06 
2.315567e-06 
2.315567e-06 
2.315567e-06 
2.315567e-06 
2.316986e-06 
2.353531e-06 
2.416948e-06 
2.483228e-06 
2.578284e-06 
2.668402e-06 
2.748348e-06 
2.830282e-06 
2.914122e-06 
3.006616e-06 
3.101371e-06 
3.201107e-06 
3.306074e-06 
3.416638e-06 
3.533202e-06 
3.656201e-06 
3.786113e-06 
3.923459e-06 
4.068810e-06 
4.222794e-06 
4.386098e-06 
4.559527e-06 
4.743873e-06 
4.933204e-06 
5.092143e-06 
5.310904e-06 
5.544501e-06 
5.704301e-06 
5.965550e-06 
6.245535e-06 
6.546132e-06 
6.869380e-06 
7.217580e-06 
7.593326e-06 
7.885561e-06 
8.296463e-06 
8.761592e-06 
9.267162e-06 
9.817931e-06 
1.041935e-05 
1.107772e-05 
1.180032e-05 
1.259562e-05 
1.347352e-05 
1.477450e-05 
1.590165e-05 
1.715183e-05 
1.855316e-05 
2.013043e-05 
2.191358e-05 
2.393896e-05 
2.625100e-05 
2.986044e-05 
3.307314e-05 
3.680392e-05 
4.116809e-05 
4.773010e-05 
5.483347e-05 
6.309362e-05 
7.252818e-05 
8.373327e-05 
9.699484e-05 
1.124781e-04 
1.301938e-04 
1.499621e-04 
1.714372e-04 
1.941731e-04 
2.178228e-04 
2.416364e-04 
2.651196e-04 
2.904916e-04 
3.120271e-04 
3.379940e-04 
3.540366e-04 
3.797318e-04 
4.051473e-04 
4.299661e-04 
4.537365e-04 
4.758775e-04 
4.900784e-04 
5.078655e-04 
5.203291e-04 
5.212222e-04 
5.224038e-04 
5.225350e-04 
5.225411e-04 
5.225413e-04 
5.225413e-04 
5.225413e-04 
5.225413e-04 
5.225413e-04 
5.225413e-04 
5.225413e-04 
5.225413e-04 
5.225413e-04 
5.225413e-04 
5.225413e-04 
5.225413e-04 
5.225413e-04 
5.225413e-04 
5.225413e-04 
5.225413e-04 
5.225413e-04 
5.225413e-04 
5.225413e-04 
5.225413e-04 
5.225413e-04 
5.225413e-04 
5.225413e-04 
5.225413e-04 
5.225413e-04 
5.225413e-04 
5.225413e-04 
5.225413e-04 
5.225413e-04 
5.225413e-04 
5.225413e-04 
5.225413e-04 
5.225413e-04 
5.225413e-04 
5.225413e-04 
5.225413e-04 
5.225413e-04 
5.225413e-04 
5.225413e-04 
5.225413e-04 
5.225413e-04 
5.225413e-04 
5.225413e-04 
5.225413e-04 
5.225413e-04 
5.225413e-04 
5.225413e-04 
5.225413e-04 
5.225413e-04 
5.225413e-04 
5.225413e-04 
5.225413e-04 
5.225413e-04 
5.225413e-04 
5.225413e-04 
5.225413e-04 
5.225413e-04 
5.225413e-04 
5.225413e-04 
5.225413e-04 
5.225413e-04 
5.225413e-04 
5.225413e-04 
5.225413e-04 
5.225413e-04 
5.225413e-04 
5.225413e-04 
5.225413e-04 
5.225413e-04 
5.225413e-04 
5.225413e-04 
5.225413e-04 
5.225413e-04 
5.225413e-04 
5.225413e-04 
5.225413e-04 
5.225413e-04 
5.225413e-04 
5.225413e-04 
5.225413e-04 
5.225413e-04 
5.225413e-04 
5.225413e-04 
5.225413e-04 
5.225413e-04 
5.225413e-04 
5.225413e-04 
5.225413e-04 
5.225413e-04 
5.225413e-04 
5.225413e-04 
5.225413e-04 
5.225413e-04 
5.225413e-04 
5.225413e-04 
5.225413e-04 
5.225413e-04 
5.225413e-04 
5.225413e-04 
5.225413e-04 
5.225413e-04 
5.225413e-04 
5.225413e-04 
5.225413e-04 
5.225413e-04 
5.225413e-04 
5.225413e-04 
5.225413e-04 
5.225413e-04 
5.225413e-04 
5.225413e-04 
5.225413e-04 
5.225413e-04 
5.225413e-04 
5.225413e-04 
5.225413e-04 
5.225413e-04 
5.225413e-04 
5.225413e-04 
5.225413e-04 
5.225413e-04 
5.225413e-04 
5.225413e-04 
5.225413e-04 
5.225413e-04 
5.225413e-04 
5.225413e-04 
5.225413e-04 
5.225413e-04 
5.225413e-04 
5.225413e-04 
5.225413e-04 
5.225413e-04 
5.225413e-04 
5.225413e-04 
5.225413e-04 
5.225413e-04 
5.225413e-04 
5.225413e-04 
5.225413e-04 
5.225413e-04 
5.225413e-04 
5.225413e-04 
5.225413e-04 
5.225413e-04 
5.225413e-04 
5.225413e-04 
5.225413e-04 
5.225413e-04 
5.225413e-04 
5.225413e-04 
5.225413e-04 
5.225413e-04 
5.225413e-04 
5.225413e-04 
5.225413e-04 
5.225413e-04 
5.225413e-04 
5.225413e-04 
5.225413e-04 
5.225413e-04 
5.225413e-04 
5.225413e-04 
5.225413e-04 
5.262348e-04 
5.445291e-04 
5.661911e-04 
5.923019e-04 
6.166636e-04 
6.426035e-04 
6.697292e-04 
6.981770e-04 
7.280955e-04 
7.196958e-04 
7.532239e-04 
7.890736e-04 
8.273639e-04 
8.682969e-04 
9.121100e-04 
9.590627e-04 
1.009436e-03 
1.063545e-03 
1.121736e-03 
1.184307e-03 
1.251659e-03 
1.324261e-03 
1.402646e-03 
1.487414e-03 
1.579280e-03 
1.678859e-03 
1.787211e-03 
1.905200e-03 
2.033467e-03 
2.174118e-03 
2.328164e-03 
2.493026e-03 
2.678405e-03 
2.882736e-03 
3.108477e-03 
3.358486e-03 
3.585588e-03 
3.888262e-03 
4.226261e-03 
4.604536e-03 
5.029203e-03 
5.621028e-03 
6.048961e-03 
6.661450e-03 
7.359889e-03 
8.158601e-03 
9.260488e-03 
1.034963e-02 
1.161370e-02 
1.308921e-02 
1.482152e-02 
1.686794e-02 
1.930148e-02 
2.240341e-02 
2.597187e-02 
3.031783e-02 
3.579265e-02 
4.252792e-02 
5.094129e-02 
6.157517e-02 
7.508439e-02 
9.233972e-02 
1.143439e-01 
1.421114e-01 
1.763929e-01 
2.173143e-01 
2.641597e-01 
3.155392e-01 
3.698911e-01 
4.257187e-01 
4.820149e-01 
5.378136e-01 
5.927467e-01 
6.462801e-01 
6.982380e-01 
7.481736e-01 
7.956798e-01 
8.402197e-01 
8.810991e-01 
9.174861e-01 
9.484046e-01 
9.542463e-01 
9.542483e-01 
9.542484e-01 
9.542484e-01 
9.542484e-01 
9.542484e-01 
9.542484e-01 
9.542484e-01 
9.542484e-01 
9.542484e-01 
9.542484e-01 
9.542484e-01 
9.542484e-01 
9.542484e-01 
9.542484e-01 
9.542484e-01 
9.542484e-01 
9.542484e-01 
9.542484e-01 
9.542484e-01 
9.542484e-01 
9.542484e-01 
9.542484e-01 
9.542484e-01 
9.542484e-01 
9.542484e-01 
9.542484e-01 
9.542484e-01 
9.542484e-01 
9.542484e-01 
9.542484e-01 
9.542484e-01 
9.542484e-01 
9.542484e-01 
9.542484e-01 
9.542484e-01 
9.542484e-01 
9.542484e-01 
9.542484e-01 
9.542484e-01 
9.542484e-01 
9.542484e-01 
9.542484e-01 
9.542484e-01 
9.542484e-01 
9.542484e-01 
9.542484e-01 
9.542484e-01 
9.542484e-01 
9.542484e-01 
9.542484e-01 
9.542484e-01 
9.542484e-01 
9.542484e-01 
9.542484e-01 
9.542484e-01 
9.542484e-01 
9.542484e-01 
9.542484e-01 
9.542484e-01 
9.542484e-01 
9.542484e-01 
9.542484e-01 
9.542484e-01 
9.542484e-01 
9.542484e-01 
9.542484e-01 
9.542484e-01 
9.542484e-01 
9.542484e-01 
9.542484e-01 
9.542484e-01 
9.542484e-01 
9.542484e-01 
9.542484e-01 
9.542484e-01 
9.542484e-01 
9.542484e-01 
9.542484e-01 
9.542484e-01 
9.542484e-01 
9.542484e-01 
9.542484e-01 
9.542484e-01 
9.542484e-01 
9.542484e-01 
9.542484e-01 
9.542484e-01 
9.542484e-01 
9.542484e-01 
9.542484e-01 
9.542484e-01 
9.542484e-01 
9.542484e-01 
9.542484e-01 
9.542484e-01 
9.542484e-01 
9.542484e-01 
9.542484e-01 
9.542484e-01 
9.542484e-01 
9.542484e-01 
9.542484e-01 
9.542484e-01 
9.542484e-01 
9.542484e-01 
9.542484e-01 
9.542484e-01 
9.542484e-01 
9.542484e-01 
9.542484e-01 
9.542484e-01 
9.542484e-01 
9.542484e-01 
9.542484e-01 
9.542484e-01 
9.542484e-01 
9.542484e-01 
9.542484e-01 
9.542484e-01 
9.542484e-01 
9.542484e-01 
9.542484e-01 
9.542484e-01 
9.542484e-01 
9.542484e-01 
9.542484e-01 
9.542484e-01 
9.542484e-01 
9.542484e-01 
9.542484e-01 
9.542484e-01 
9.542484e-01 
9.542484e-01 
9.542484e-01 
9.542484e-01 
9.542484e-01 
9.542484e-01 
9.542484e-01 
9.542484e-01 
9.542484e-01 
9.542484e-01 
9.542484e-01 
9.542484e-01 
9.542484e-01 
9.542484e-01 
9.542484e-01 
9.542484e-01 
9.542484e-01 
9.542484e-01 
9.542484e-01 
9.542484e-01 
9.542484e-01 
9.542484e-01 
9.542484e-01 
9.542484e-01 
9.542484e-01 
9.542484e-01 
9.542484e-01 
9.542484e-01 
9.542484e-01 
9.542484e-01 
9.542484e-01 
9.542484e-01 
9.542484e-01 
9.542484e-01 
9.542484e-01 
9.542484e-01 
9.542484e-01 
9.542483e-01 
9.542482e-01 
9.542481e-01 
9.542479e-01 
9.542477e-01 
9.542475e-01 
9.542473e-01 
9.542471e-01 
9.542469e-01 
9.542466e-01 
9.542464e-01 
9.542461e-01 
9.542458e-01 
9.542455e-01 
9.542452e-01 
9.542448e-01 
9.542445e-01 
9.542441e-01 
9.542437e-01 
9.542433e-01 
9.542429e-01 
9.542425e-01 
9.542421e-01 
9.542418e-01 
9.542414e-01 
9.542410e-01 
9.542407e-01 
9.542404e-01 
9.542401e-01 
9.542398e-01 
9.542395e-01 
9.542393e-01 
9.542390e-01 
9.542388e-01 
9.542386e-01 
9.542384e-01 
9.542382e-01 
9.542380e-01 
9.542378e-01 
9.542376e-01 
9.542374e-01 
9.542372e-01 
9.542371e-01 
9.542369e-01 
9.542368e-01 
9.542366e-01 
9.542365e-01 
9.542364e-01 
9.542363e-01 
9.542361e-01 
9.542360e-01 
9.542359e-01 
9.542358e-01 
9.542357e-01 
9.542356e-01 
9.542355e-01 
9.542354e-01 
9.542353e-01 
9.542352e-01 
9.542351e-01 
9.542350e-01 
9.542349e-01 
9.542349e-01 
9.542348e-01 
9.542347e-01 
9.542346e-01 
9.542346e-01 
9.542345e-01 
9.542344e-01 
9.542344e-01 
9.542343e-01 
9.542343e-01 
9.542342e-01 
9.542341e-01 
9.542341e-01 
9.542340e-01 
9.542340e-01 
9.542339e-01 
9.542339e-01 
9.542338e-01 
9.542338e-01 
9.542338e-01 
9.542338e-01 
9.542338e-01 
9.542338e-01 
9.542338e-01 
9.542338e-01 
9.542338e-01 
9.542338e-01 
9.542338e-01 
9.542338e-01 
9.542338e-01 
9.542338e-01 
9.542338e-01 
9.542338e-01 
9.542338e-01 
9.542338e-01 
9.542338e-01 
9.542338e-01 
9.542338e-01 
9.542338e-01 
9.542338e-01 
9.542338e-01 
9.542338e-01 
9.542338e-01 
9.542338e-01 
9.542338e-01 
9.542338e-01 
9.542338e-01 
9.542338e-01 
9.542338e-01 
9.542338e-01 
9.542338e-01 
9.542338e-01 
9.542338e-01 
9.542338e-01 
9.542338e-01 
9.542338e-01 
9.542338e-01 
9.542338e-01 
9.542338e-01 
9.542338e-01 
9.542338e-01 
9.542338e-01 
9.542338e-01 
9.542338e-01 
9.542338e-01 
9.542338e-01 
9.542338e-01 
9.542338e-01 
9.542338e-01 
9.542338e-01 
9.542338e-01 
9.542338e-01 
9.542338e-01 
9.542338e-01 
9.542338e-01 
9.542338e-01 
9.542338e-01 
9.542338e-01 
9.542338e-01 
9.542338e-01 
9.542338e-01 
9.542338e-01 
9.542338e-01 
9.542338e-01 
9.542338e-01 
9.542338e-01 
9.542338e-01 
9.542338e-01 
9.542338e-01 
9.542338e-01 
9.542338e-01 
9.542338e-01 
9.542338e-01 
9.542338e-01 
9.542338e-01 
9.542338e-01 
9.542338e-01 
9.542338e-01 
9.542338e-01 
9.542338e-01 
9.542338e-01 
9.542338e-01 
9.542338e-01 
9.542338e-01 
9.542338e-01 
9.542338e-01 
9.542338e-01 
9.542338e-01 
9.542338e-01 
9.542338e-01 
9.542338e-01 
9.542338e-01 
9.542338e-01 
9.542338e-01 
9.542338e-01 
9.542338e-01 
9.542338e-01 
9.542338e-01 
9.542338e-01 
9.542338e-01 
9.542338e-01 
9.542338e-01 
9.542338e-01 
9.542338e-01 
9.542338e-01 
9.542338e-01 
9.542338e-01 
9.542338e-01 
9.542338e-01 
9.542338e-01 
9.542338e-01 
9.542338e-01 
9.542338e-01 
9.542338e-01 
9.542338e-01 
9.542338e-01 
9.542338e-01 
9.542338e-01 
9.542338e-01 
9.542338e-01 
9.542338e-01 
9.542338e-01 
9.542338e-01 
9.542338e-01 
9.542338e-01 
9.542338e-01 
9.542338e-01 
9.542338e-01 
9.542338e-01 
9.542338e-01 
9.542338e-01 
9.542338e-01 
9.542338e-01 
9.542338e-01 
9.542338e-01 
9.542338e-01 
9.542338e-01 
9.542338e-01 
9.542338e-01 
9.542338e-01 
9.542338e-01 
9.542338e-01 
9.542338e-01 
9.542338e-01 
9.542338e-01 
9.542338e-01 
9.542338e-01 
9.542338e-01 
9.542338e-01 
9.542338e-01 
9.542338e-01 
9.542338e-01 
9.542338e-01 
9.542338e-01 
9.542338e-01 
9.542338e-01 
9.542338e-01 
9.542338e-01 
9.542338e-01 
9.542338e-01 
9.542338e-01 
9.542338e-01 
9.542338e-01 
9.542338e-01 
9.542338e-01 
9.542338e-01 
9.542338e-01 
9.542338e-01 
9.483859e-01 
9.174347e-01 
8.809787e-01 
8.399211e-01 
7.950629e-01 
7.469442e-01 
6.959118e-01 
6.420087e-01 
5.850068e-01 
5.242888e-01 
4.588416e-01 
3.857875e-01 
3.001366e-01 
1.876484e-01 
2.900364e-02 
5.741384e-03 
2.092956e-03 
1.248761e-03 
8.507965e-04 
6.159451e-04 
4.645734e-04 
3.611352e-04 
2.874428e-04 
2.332084e-04 
1.921372e-04 
1.601795e-04 
1.352884e-04 
1.156223e-04 
1.002871e-04 
8.665785e-05 
7.541399e-05 
6.605554e-05 
5.819837e-05 
5.279750e-05 
4.695733e-05 
4.193945e-05 
3.761656e-05 
3.387188e-05 
3.061146e-05 
2.775920e-05 
2.525302e-05 
2.304189e-05 
2.108357e-05 
1.934293e-05 
1.752226e-05 
1.616292e-05 
1.494241e-05 
1.384331e-05 
1.285093e-05 
1.195265e-05 
1.113762e-05 
1.039646e-05 
9.721017e-06 
9.104221e-06 
8.531283e-06 
8.015253e-06 
7.541757e-06 
7.105824e-06 
6.704288e-06 
6.331112e-06 
5.978372e-06 
5.620609e-06 
5.174550e-06 
4.355173e-06 
3.124096e-06 
2.070370e-06 
1.120803e-06 
2.892560e-07 
-4.447339e-07 
-1.031524e-06 
-1.635709e-06 
-2.000231e-06 
-2.452438e-06 
-2.618301e-06 
-2.954063e-06 
-3.226952e-06 
-3.447271e-06 
-3.618367e-06 
-3.732452e-06 
-3.805136e-06 
-3.851155e-06 
-3.947392e-06 
-3.955623e-06 
-3.963563e-06 
-3.967665e-06 
-3.969127e-06 
-3.967537e-06 
-3.967336e-06 
-3.967321e-06 
-3.967320e-06 
-3.967320e-06 
-3.967320e-06 
-3.967320e-06 
-3.967320e-06 
-3.967320e-06 
-3.967320e-06 
-3.967320e-06 
-3.967320e-06 
-3.967320e-06 
-3.967320e-06 
-3.967320e-06 
-3.967320e-06 
-3.967320e-06 
-3.967320e-06 
-3.967320e-06 
-3.967320e-06 
-3.967320e-06 
-3.967320e-06 
-3.967320e-06 
-3.967320e-06 
-3.967320e-06 
-3.967320e-06 
-3.967320e-06 
-3.967320e-06 
-3.967320e-06 
-3.967320e-06 
-3.967320e-06 
-3.967320e-06 
-3.967320e-06 
-3.967320e-06 
-3.967320e-06 
-3.967320e-06 
-3.967320e-06 
-3.967320e-06 
-3.967320e-06 
-3.967320e-06 
-3.967320e-06 
-3.967320e-06 
-3.967320e-06 
-3.967320e-06 
-3.967320e-06 
-3.967320e-06 
-3.967320e-06 
-3.967320e-06 
-3.967320e-06 
-3.967320e-06 
-3.967320e-06 
-3.967320e-06 
-3.967320e-06 
-3.967320e-06 
-3.967320e-06 
-3.967320e-06 
-3.967320e-06 
-3.967320e-06 
-3.967320e-06 
-3.967320e-06 
-3.967320e-06 
-3.967320e-06 
-3.967320e-06 
-3.967320e-06 
-3.967320e-06 
-3.967320e-06 
-3.967320e-06 
-3.967320e-06 
-3.967320e-06 
-3.967320e-06 
-3.967320e-06 
-3.967320e-06 
-3.967320e-06 
-3.967320e-06 
-3.967320e-06 
-3.967320e-06 
-3.967320e-06 
-3.967320e-06 
-3.967320e-06 
-3.967320e-06 
-3.967320e-06 
-3.967320e-06 
-3.967320e-06 
-3.967320e-06 
-3.967320e-06 
-3.967320e-06 
-3.967320e-06 
-3.967320e-06 
-3.967320e-06 
-3.967320e-06 
-3.967320e-06 
-3.967320e-06 
-3.967320e-06 
-3.967320e-06 
-3.967320e-06 
-3.967320e-06 
-3.967320e-06 
-3.967320e-06 
-3.967320e-06 
-3.967320e-06 
-3.967320e-06 
-3.967320e-06 
-3.967320e-06 
-3.967320e-06 
-3.967320e-06 
-3.967320e-06 
-3.967320e-06 
-3.967320e-06 
-3.967320e-06 
-3.967320e-06 
-3.967320e-06 
-3.967320e-06 
-3.967320e-06 
-3.967320e-06 
-3.967320e-06 
-3.967320e-06 
-3.967320e-06 
-3.967320e-06 
-3.967320e-06 
-3.967320e-06 
-3.967320e-06 
-3.967320e-06 
-3.967320e-06 
-3.967320e-06 
-3.967320e-06 
-3.967320e-06 
-3.967320e-06 
-3.967320e-06 
-3.967320e-06 
-3.967320e-06 
-3.967320e-06 
-3.967320e-06 
-3.967320e-06 
-3.967320e-06 
-3.967320e-06 
-3.967320e-06 
-3.967320e-06 
-3.967320e-06 
-3.967320e-06 
-3.967320e-06 
-3.967320e-06 
-3.967320e-06 
-3.967320e-06 
-3.967320e-06 
-3.967320e-06 
-3.967320e-06 
-3.967320e-06 
-3.967320e-06 
-3.967320e-06 
-3.967320e-06 
-3.967320e-06 
-3.967320e-06 
-3.967320e-06 
-3.967320e-06 
-3.967320e-06 
-3.967320e-06 
-3.967320e-06 
-3.967320e-06 
-3.967320e-06 
-3.967320e-06 
-3.967320e-06 
-3.967320e-06 
-3.967320e-06 
-3.967320e-06 
-3.966887e-06 
-3.955267e-06 
-3.904656e-06 
-3.814609e-06 
-3.745162e-06 
-3.672255e-06 
-3.550637e-06 
-3.448703e-06 
-3.398714e-06 
-3.276027e-06 
-3.152492e-06 
-3.039982e-06 
-2.919661e-06 
-2.790879e-06 
-2.652932e-06 
-2.505044e-06 
-2.346364e-06 
-2.175954e-06 
-1.992777e-06 
-1.795690e-06 
-1.583429e-06 
-1.354968e-06 
-1.112522e-06 
-8.878981e-07 
-6.030609e-07 
-3.782279e-07 
-5.090667e-08 
1.962452e-07 
5.716571e-07 
9.805855e-07 
1.425856e-06 
1.911384e-06 
2.441587e-06 
3.021453e-06 
3.505210e-06 
4.084479e-06 
4.823788e-06 
5.637362e-06 
6.533953e-06 
7.523782e-06 
8.618520e-06 
9.831508e-06 
1.117800e-05 
1.267544e-05 
1.496061e-05 
1.695352e-05 
1.912455e-05 
2.155690e-05 
2.428559e-05 
2.734979e-05 
3.079297e-05 
3.466258e-05 
4.045162e-05 
4.551688e-05 
5.117728e-05 
5.749238e-05 
6.627500e-05 
7.523250e-05 
8.429267e-05 
9.373996e-05 
1.038974e-04 
1.147429e-04 
1.262464e-04 
1.383800e-04 
1.511241e-04 
1.644736e-04 
1.784431e-04 
1.930558e-04 
2.083161e-04 
2.238872e-04 
2.410954e-04 
2.577735e-04 
2.774419e-04 
2.900346e-04 
3.119641e-04 
3.355604e-04 
3.608802e-04 
3.878210e-04 
4.160027e-04 
4.357515e-04 
4.639097e-04 
4.857502e-04 
4.874828e-04 
4.897653e-04 
4.899018e-04 
4.899101e-04 
4.899106e-04 
4.899106e-04 
4.899106e-04 
4.899106e-04 
4.899106e-04 
4.899106e-04 
4.899106e-04 
4.899106e-04 
4.899106e-04 
4.899106e-04 
4.899106e-04 
4.899106e-04 
4.899106e-04 
4.899106e-04 
4.899106e-04 
4.899106e-04 
4.899106e-04 
4.899106e-04 
4.899106e-04 
4.899106e-04 
4.899106e-04 
4.899106e-04 
4.899106e-04 
4.899106e-04 
4.899106e-04 
4.899106e-04 
4.899106e-04 
4.899106e-04 
4.899106e-04 
4.899106e-04 
4.899106e-04 
4.899106e-04 
4.899106e-04 
4.899106e-04 
4.899106e-04 
4.899106e-04 
4.899106e-04 
4.899106e-04 
4.899106e-04 
4.899106e-04 
4.899106e-04 
4.899106e-04 
4.899106e-04 
4.899106e-04 
4.899106e-04 
4.899106e-04 
4.899106e-04 
4.899106e-04 
4.899106e-04 
4.899106e-04 
4.899106e-04 
4.899106e-04 
4.899106e-04 
4.899106e-04 
4.899106e-04 
4.899106e-04 
4.899106e-04 
4.899106e-04 
4.899106e-04 
4.899106e-04 
4.899106e-04 
4.899106e-04 
4.899106e-04 
4.899106e-04 
4.899106e-04 
4.899106e-04 
4.899106e-04 
4.899106e-04 
4.899106e-04 
4.899106e-04 
4.899106e-04 
4.899106e-04 
4.899106e-04 
4.899106e-04 
4.899106e-04 
4.899106e-04 
4.899106e-04 
4.899106e-04 
4.899106e-04 
4.899106e-04 
4.899106e-04 
4.899106e-04 
4.899106e-04 
4.899106e-04 
4.899106e-04 
4.899106e-04 
4.899106e-04 
4.899106e-04 
4.899106e-04 
4.899106e-04 
4.899106e-04 
4.899106e-04 
4.899106e-04 
4.899106e-04 
4.899106e-04 
4.899106e-04 
4.899106e-04 
4.899106e-04 
4.899106e-04 
4.899106e-04 
4.899106e-04 
4.899106e-04 
4.899106e-04 
4.899106e-04 
4.899106e-04 
4.899106e-04 
4.899106e-04 
4.899106e-04 
4.899106e-04 
4.899106e-04 
4.899106e-04 
4.899106e-04 
4.899106e-04 
4.899106e-04 
4.899106e-04 
4.899106e-04 
4.899106e-04 
4.899106e-04 
4.899106e-04 
4.899106e-04 
4.899106e-04 
4.899106e-04 
4.899106e-04 
4.899106e-04 
4.899106e-04 
4.899106e-04 
4.899106e-04 
4.899106e-04 
4.899106e-04 
4.899106e-04 
4.899106e-04 
4.899106e-04 
4.899106e-04 
4.899106e-04 
4.899106e-04 
4.899106e-04 
4.899106e-04 
4.899106e-04 
4.899106e-04 
4.899106e-04 
4.899106e-04 
4.899106e-04 
4.899106e-04 
4.899106e-04 
4.899106e-04 
4.899106e-04 
4.899106e-04 
4.899106e-04 
4.899106e-04 
4.899106e-04 
4.899106e-04 
4.899106e-04 
4.899106e-04 
4.899106e-04 
4.899106e-04 
4.899106e-04 
4.899106e-04 
4.899106e-04 
4.899106e-04 
4.899106e-04 
4.899106e-04 
4.899106e-04 
4.899106e-04 
4.899106e-04 
4.933796e-04 
5.105952e-04 
5.311228e-04 
5.559898e-04 
5.792359e-04 
6.042343e-04 
6.305005e-04 
6.583764e-04 
6.880114e-04 
7.195607e-04 
7.531816e-04 
7.890465e-04 
8.273457e-04 
8.682891e-04 
9.121089e-04 
9.590590e-04 
1.009433e-03 
1.063545e-03 
1.121736e-03 
1.184307e-03 
1.251659e-03 
1.324261e-03 
1.402646e-03 
1.487414e-03 
1.579280e-03 
1.678859e-03 
1.787211e-03 
1.905200e-03 
2.033467e-03 
2.174118e-03 
2.328164e-03 
2.493026e-03 
2.678405e-03 
2.882736e-03 
3.108477e-03 
3.358486e-03 
3.585588e-03 
3.888262e-03 
4.226261e-03 
4.604536e-03 
5.029203e-03 
5.621028e-03 
6.048961e-03 
6.661450e-03 
7.359889e-03 
8.158601e-03 
9.260488e-03 
1.034963e-02 
1.161370e-02 
1.308921e-02 
1.482152e-02 
1.686794e-02 
1.930148e-02 
2.240341e-02 
2.597187e-02 
3.031783e-02 
3.579265e-02 
4.252792e-02 
5.094129e-02 
6.157517e-02 
7.508439e-02 
9.233972e-02 
1.143439e-01 
1.421114e-01 
1.763929e-01 
2.173143e-01 
2.641597e-01 
3.155392e-01 
3.698911e-01 
4.257187e-01 
4.820149e-01 
5.378136e-01 
5.927467e-01 
6.462801e-01 
6.982380e-01 
7.481736e-01 
7.956798e-01 
8.402197e-01 
8.810991e-01 
9.174861e-01 
9.484046e-01 
9.542463e-01 
9.542483e-01 
9.542484e-01 
9.542484e-01 
9.542484e-01 
9.542484e-01 
9.542484e-01 
9.542484e-01 
9.542484e-01 
9.542484e-01 
9.542484e-01 
9.542484e-01 
9.542484e-01 
9.542484e-01 
9.542484e-01 
9.542484e-01 
9.542484e-01 
9.542484e-01 
9.542484e-01 
9.542484e-01 
9.542484e-01 
9.542484e-01 
9.542484e-01 
9.542484e-01 
9.542484e-01 
9.542484e-01 
9.542484e-01 
9.542484e-01 
9.542484e-01 
9.542484e-01 
9.542484e-01 
9.542484e-01 
9.542484e-01 
9.542484e-01 
9.542484e-01 
9.542484e-01 
9.542484e-01 
9.542484e-01 
9.542484e-01 
9.542484e-01 
9.542484e-01 
9.542484e-01 
9.542484e-01 
9.542484e-01 
9.542484e-01 
9.542484e-01 
9.542484e-01 
9.542484e-01 
9.542484e-01 
9.542484e-01 
9.542484e-01 
9.542484e-01 
9.542484e-01 
9.542484e-01 
9.542484e-01 
9.542484e-01 
9.542484e-01 
9.542484e-01 
9.542484e-01 
9.542484e-01 
9.542484e-01 
9.542484e-01 
9.542484e-01 
9.542484e-01 
9.542484e-01 
9.542484e-01 
9.542484e-01 
9.542484e-01 
9.542484e-01 
9.542484e-01 
9.542484e-01 
9.542484e-01 
9.542484e-01 
9.542484e-01 
9.542484e-01 
9.542484e-01 
9.542484e-01 
9.542484e-01 
9.542484e-01 
9.542484e-01 
9.542484e-01 
9.542484e-01 
9.542484e-01 
9.542484e-01 
9.542484e-01 
9.542484e-01 
9.542484e-01 
9.542484e-01 
9.542484e-01 
9.542484e-01 
9.542484e-01 
9.542484e-01 
9.542484e-01 
9.542484e-01 
9.542484e-01 
9.542484e-01 
9.542484e-01 
9.542484e-01 
9.542484e-01 
9.542484e-01 
9.542484e-01 
9.542484e-01 
9.542484e-01 
9.542484e-01 
9.542484e-01 
9.542484e-01 
9.542484e-01 
9.542484e-01 
9.542484e-01 
9.542484e-01 
9.542484e-01 
9.542484e-01 
9.542484e-01 
9.542484e-01 
9.542484e-01 
9.542484e-01 
9.542484e-01 
9.542484e-01 
9.542484e-01 
9.542484e-01 
9.542484e-01 
9.542484e-01 
9.542484e-01 
9.542484e-01 
9.542484e-01 
9.542484e-01 
9.542484e-01 
9.542484e-01 
9.542484e-01 
9.542484e-01 
9.542484e-01 
9.542484e-01 
9.542484e-01 
9.542484e-01 
9.542484e-01 
9.542484e-01 
9.542484e-01 
9.542484e-01 
9.542484e-01 
9.542484e-01 
9.542484e-01 
9.542484e-01 
9.542484e-01 
9.542484e-01 
9.542484e-01 
9.542484e-01 
9.542484e-01 
9.542484e-01 
9.542484e-01 
9.542484e-01 
9.542484e-01 
9.542484e-01 
9.542484e-01 
9.542484e-01 
9.542484e-01 
9.542484e-01 
9.542484e-01 
9.542484e-01 
9.542484e-01 
9.542484e-01 
9.542484e-01 
9.542484e-01 
9.542484e-01 
9.542484e-01 
9.542484e-01 
9.542484e-01 
9.542484e-01 
9.542484e-01 
9.542484e-01 
9.542483e-01 
9.542482e-01 
9.542481e-01 
9.542479e-01 
9.542477e-01 
9.542475e-01 
9.542473e-01 
9.542471e-01 
9.542469e-01 
9.542466e-01 
9.542464e-01 
9.542461e-01 
9.542458e-01 
9.542455e-01 
9.542452e-01 
9.542448e-01 
9.542445e-01 
9.542441e-01 
9.542437e-01 
9.542433e-01 
9.542429e-01 
9.542425e-01 
9.542421e-01 
9.542418e-01 
9.542414e-01 
9.542410e-01 
9.542407e-01 
9.542404e-01 
9.542401e-01 
9.542398e-01 
9.542395e-01 
9.542393e-01 
9.542390e-01 
9.542388e-01 
9.542386e-01 
9.542384e-01 
9.542382e-01 
9.542380e-01 
9.542378e-01 
9.542376e-01 
9.542374e-01 
9.542372e-01 
9.542371e-01 
9.542369e-01 
9.542368e-01 
9.542366e-01 
9.542365e-01 
9.542363e-01 
9.542362e-01 
9.542361e-01 
9.542360e-01 
9.542359e-01 
9.542358e-01 
9.542357e-01 
9.542356e-01 
9.542355e-01 
9.542354e-01 
9.542353e-01 
9.542352e-01 
9.542351e-01 
9.542350e-01 
9.542349e-01 
9.542349e-01 
9.542348e-01 
9.542347e-01 
9.542346e-01 
9.542346e-01 
9.542345e-01 
9.542344e-01 
9.542344e-01 
9.542343e-01 
9.542343e-01 
9.542342e-01 
9.542341e-01 
9.542341e-01 
9.542340e-01 
9.542340e-01 
9.542339e-01 
9.542339e-01 
9.542338e-01 
9.542338e-01 
9.542338e-01 
9.542338e-01 
9.542338e-01 
9.542338e-01 
9.542338e-01 
9.542338e-01 
9.542338e-01 
9.542338e-01 
9.542338e-01 
9.542338e-01 
9.542338e-01 
9.542338e-01 
9.542338e-01 
9.542338e-01 
9.542338e-01 
9.542338e-01 
9.542338e-01 
9.542338e-01 
9.542338e-01 
9.542338e-01 
9.542338e-01 
9.542338e-01 
9.542338e-01 
9.542338e-01 
9.542338e-01 
9.542338e-01 
9.542338e-01 
9.542338e-01 
9.542338e-01 
9.542338e-01 
9.542338e-01 
9.542338e-01 
9.542338e-01 
9.542338e-01 
9.542338e-01 
9.542338e-01 
9.542338e-01 
9.542338e-01 
9.542338e-01 
9.542338e-01 
9.542338e-01 
9.542338e-01 
9.542338e-01 
9.542338e-01 
9.542338e-01 
9.542338e-01 
9.542338e-01 
9.542338e-01 
9.542338e-01 
9.542338e-01 
9.542338e-01 
9.542338e-01 
9.542338e-01 
9.542338e-01 
9.542338e-01 
9.542338e-01 
9.542338e-01 
9.542338e-01 
9.542338e-01 
9.542338e-01 
9.542338e-01 
9.542338e-01 
9.542338e-01 
9.542338e-01 
9.542338e-01 
9.542338e-01 
9.542338e-01 
9.542338e-01 
9.542338e-01 
9.542338e-01 
9.542338e-01 
9.542338e-01 
9.542338e-01 
9.542338e-01 
9.542338e-01 
9.542338e-01 
9.542338e-01 
9.542338e-01 
9.542338e-01 
9.542338e-01 
9.542338e-01 
9.542338e-01 
9.542338e-01 
9.542338e-01 
9.542338e-01 
9.542338e-01 
9.542338e-01 
9.542338e-01 
9.542338e-01 
9.542338e-01 
9.542338e-01 
9.542338e-01 
9.542338e-01 
9.542338e-01 
9.542338e-01 
9.542338e-01 
9.542338e-01 
9.542338e-01 
9.542338e-01 
9.542338e-01 
9.542338e-01 
9.542338e-01 
9.542338e-01 
9.542338e-01 
9.542338e-01 
9.542338e-01 
9.542338e-01 
9.542338e-01 
9.542338e-01 
9.542338e-01 
9.542338e-01 
9.542338e-01 
9.542338e-01 
9.542338e-01 
9.542338e-01 
9.542338e-01 
9.542338e-01 
9.542338e-01 
9.542338e-01 
9.542338e-01 
9.542338e-01 
9.542338e-01 
9.542338e-01 
9.542338e-01 
9.542338e-01 
9.542338e-01 
9.542338e-01 
9.542338e-01 
9.542338e-01 
9.542338e-01 
9.542338e-01 
9.542338e-01 
9.542338e-01 
9.542338e-01 
9.542338e-01 
9.542338e-01 
9.542338e-01 
9.542338e-01 
9.542338e-01 
9.542338e-01 
9.542338e-01 
9.542338e-01 
9.542338e-01 
9.542338e-01 
9.542338e-01 
9.542338e-01 
9.542338e-01 
9.542338e-01 
9.542338e-01 
9.542338e-01 
9.542338e-01 
9.542338e-01 
9.542338e-01 
9.542338e-01 
9.542338e-01 
9.542338e-01 
9.542338e-01 
9.542338e-01 
9.542338e-01 
9.542338e-01 
9.542338e-01 
9.542338e-01 
9.542338e-01 
9.542338e-01 
9.542338e-01 
9.542338e-01 
9.542338e-01 
9.542338e-01 
9.542338e-01 
9.483859e-01 
9.174347e-01 
8.809787e-01 
8.399211e-01 
7.950629e-01 
7.469442e-01 
6.959118e-01 
6.420087e-01 
5.850068e-01 
5.242888e-01 
4.588416e-01 
3.857875e-01 
3.001366e-01 
1.876484e-01 
2.900364e-02 
4.935662e-03 
2.019452e-03 
1.247749e-03 
8.507966e-04 
6.159451e-04 
4.645734e-04 
3.611353e-04 
2.874428e-04 
2.332084e-04 
1.921372e-04 
1.601795e-04 
1.352884e-04 
1.156223e-04 
1.002871e-04 
8.665786e-05 
7.541399e-05 
6.605554e-05 
5.819837e-05 
5.279751e-05 
4.695734e-05 
4.193946e-05 
3.761657e-05 
3.387189e-05 
3.061146e-05 
2.775920e-05 
2.525303e-05 
2.304189e-05 
2.108358e-05 
1.934294e-05 
1.752227e-05 
1.616293e-05 
1.494243e-05 
1.384333e-05 
1.285095e-05 
1.195269e-05 
1.113767e-05 
1.039653e-05 
9.721125e-06 
9.104389e-06 
8.531607e-06 
8.015800e-06 
7.542855e-06 
7.107812e-06 
6.708508e-06 
6.341176e-06 
6.004131e-06 
5.695017e-06 
5.416450e-06 
5.167147e-06 
4.877597e-06 
4.653026e-06 
4.429465e-06 
4.217754e-06 
4.015479e-06 
3.847809e-06 
3.651883e-06 
3.491131e-06 
3.323340e-06 
3.147239e-06 
3.001438e-06 
2.871381e-06 
2.749617e-06 
2.635385e-06 
2.533867e-06 
2.442699e-06 
2.345685e-06 
2.314735e-06 
2.305413e-06 
2.313885e-06 
2.314764e-06 
2.313697e-06 
2.315342e-06 
2.315550e-06 
2.315566e-06 
2.315567e-06 
2.315567e-06 
2.315567e-06 
2.315567e-06 
2.315567e-06 
2.315567e-06 
2.315567e-06 
2.315567e-06 
2.315567e-06 
2.315567e-06 
2.315567e-06 
2.315567e-06 
2.315567e-06 
2.315567e-06 
2.315567e-06 
2.315567e-06 
2.315567e-06 
2.315567e-06 
2.315567e-06 
2.315567e-06 
2.315567e-06 
2.315567e-06 
2.315567e-06 
2.315567e-06 
2.315567e-06 
2.315567e-06 
2.315567e-06 
2.315567e-06 
2.315567e-06 
2.315567e-06 
2.315567e-06 
2.315567e-06 
2.315567e-06 
2.315567e-06 
2.315567e-06 
2.315567e-06 
2.315567e-06 
2.315567e-06 
2.315567e-06 
2.315567e-06 
2.315567e-06 
2.315567e-06 
2.315567e-06 
2.315567e-06 
2.315567e-06 
2.315567e-06 
2.315567e-06 
2.315567e-06 
2.315567e-06 
2.315567e-06 
2.315567e-06 
2.315567e-06 
2.315567e-06 
2.315567e-06 
2.315567e-06 
2.315567e-06 
2.315567e-06 
2.315567e-06 
2.315567e-06 
2.315567e-06 
2.315567e-06 
2.315567e-06 
2.315567e-06 
2.315567e-06 
2.315567e-06 
2.315567e-06 
2.315567e-06 
2.315567e-06 
2.315567e-06 
2.315567e-06 
2.315567e-06 
2.315567e-06 
2.315567e-06 
2.315567e-06 
2.315567e-06 
2.315567e-06 
2.315567e-06 
2.315567e-06 
2.315567e-06 
2.315567e-06 
2.315567e-06 
2.315567e-06 
2.315567e-06 
2.315567e-06 
2.315567e-06 
2.315567e-06 
2.315567e-06 
2.315567e-06 
2.315567e-06 
2.315567e-06 
2.315567e-06 
2.315567e-06 
2.315567e-06 
2.315567e-06 
2.315567e-06 
2.315567e-06 
2.315567e-06 
2.315567e-06 
2.315567e-06 
2.315567e-06 
2.315567e-06 
2.315567e-06 
2.315567e-06 
2.315567e-06 
2.315567e-06 
2.315567e-06 
2.315567e-06 
2.315567e-06 
2.315567e-06 
2.315567e-06 
2.315567e-06 
2.315567e-06 
2.315567e-06 
2.315567e-06 
2.315567e-06 
2.315567e-06 
2.315567e-06 
2.315567e-06 
2.315567e-06 
2.315567e-06 
2.315567e-06 
2.315567e-06 
2.315567e-06 
2.315567e-06 
2.315567e-06 
2.315567e-06 
2.315567e-06 
2.315567e-06 
2.315567e-06 
2.315567e-06 
2.315567e-06 
2.315567e-06 
2.315567e-06 
2.315567e-06 
2.315567e-06 
2.315567e-06 
2.315567e-06 
2.315567e-06 
2.315567e-06 
2.315567e-06 
2.315567e-06 
2.315567e-06 
2.315567e-06 
2.315567e-06 
2.315567e-06 
2.315567e-06 
2.315567e-06 
2.315567e-06 
2.315567e-06 
2.315567e-06 
2.315567e-06 
2.315567e-06 
2.315567e-06 
2.315567e-06 
2.315567e-06 
2.315567e-06 
2.315567e-06 
2.315567e-06 
2.315567e-06 
2.315567e-06 
2.315567e-06 
2.316728e-06 
2.331806e-06 
2.385479e-06 
2.472469e-06 
2.542216e-06 
2.614265e-06 
2.689703e-06 
2.768744e-06 
2.881212e-06 
2.969591e-06 
3.083173e-06 
3.199346e-06 
3.306065e-06 
3.416638e-06 
3.533202e-06 
3.656201e-06 
3.786113e-06 
3.923459e-06 
4.068810e-06 
4.222794e-06 
4.386095e-06 
4.559139e-06 
4.739395e-06 
4.898347e-06 
5.057809e-06 
5.274243e-06 
5.505314e-06 
5.669215e-06 
5.927413e-06 
6.204764e-06 
6.502486e-06 
6.822594e-06 
7.167355e-06 
7.539329e-06 
7.866879e-06 
8.211263e-06 
8.668837e-06 
9.166239e-06 
9.707911e-06 
1.029918e-05 
1.094618e-05 
1.165603e-05 
1.243698e-05 
1.329868e-05 
1.460266e-05 
1.575272e-05 
1.698734e-05 
1.837086e-05 
1.992776e-05 
2.168751e-05 
2.368592e-05 
2.596675e-05 
2.944433e-05 
3.261422e-05 
3.628446e-05 
4.057893e-05 
4.687670e-05 
5.439739e-05 
6.305864e-05 
7.252759e-05 
8.373325e-05 
9.699484e-05 
1.124781e-04 
1.301938e-04 
1.499621e-04 
1.714254e-04 
1.941494e-04 
2.175276e-04 
2.413188e-04 
2.642909e-04 
2.898699e-04 
3.116545e-04 
3.377396e-04 
3.538640e-04 
3.796183e-04 
4.050734e-04 
4.299184e-04 
4.537049e-04 
4.758549e-04 
4.900794e-04 
5.078696e-04 
5.203317e-04 
5.212202e-04 
5.224035e-04 
5.225352e-04 
5.225412e-04 
5.225413e-04 
5.225413e-04 
5.225413e-04 
5.225413e-04 
5.225413e-04 
5.225413e-04 
5.225413e-04 
5.225413e-04 
5.225413e-04 
5.225413e-04 
5.225413e-04 
5.225413e-04 
5.225413e-04 
5.225413e-04 
5.225413e-04 
5.225413e-04 
5.225413e-04 
5.225413e-04 
5.225413e-04 
5.225413e-04 
5.225413e-04 
5.225413e-04 
5.225413e-04 
5.225413e-04 
5.225413e-04 
5.225413e-04 
5.225413e-04 
5.225413e-04 
5.225413e-04 
5.225413e-04 
5.225413e-04 
5.225413e-04 
5.225413e-04 
5.225413e-04 
5.225413e-04 
5.225413e-04 
5.225413e-04 
5.225413e-04 
5.225413e-04 
5.225413e-04 
5.225413e-04 
5.225413e-04 
5.225413e-04 
5.225413e-04 
5.225413e-04 
5.225413e-04 
5.225413e-04 
5.225413e-04 
5.225413e-04 
5.225413e-04 
5.225413e-04 
5.225413e-04 
5.225413e-04 
5.225413e-04 
5.225413e-04 
5.225413e-04 
5.225413e-04 
5.225413e-04 
5.225413e-04 
5.225413e-04 
5.225413e-04 
5.225413e-04 
5.225413e-04 
5.225413e-04 
5.225413e-04 
5.225413e-04 
5.225413e-04 
5.225413e-04 
5.225413e-04 
5.225413e-04 
5.225413e-04 
5.225413e-04 
5.225413e-04 
5.225413e-04 
5.225413e-04 
5.225413e-04 
5.225413e-04 
5.225413e-04 
5.225413e-04 
5.225413e-04 
5.225413e-04 
5.225413e-04 
5.225413e-04 
5.225413e-04 
5.225413e-04 
5.225413e-04 
5.225413e-04 
5.225413e-04 
5.225413e-04 
5.225413e-04 
5.225413e-04 
5.225413e-04 
5.225413e-04 
5.225413e-04 
5.225413e-04 
5.225413e-04 
5.225413e-04 
5.225413e-04 
5.225413e-04 
5.225413e-04 
5.225413e-04 
5.225413e-04 
5.225413e-04 
5.225413e-04 
5.225413e-04 
5.225413e-04 
5.225413e-04 
5.225413e-04 
5.225413e-04 
5.225413e-04 
5.225413e-04 
5.225413e-04 
5.225413e-04 
5.225413e-04 
5.225413e-04 
5.225413e-04 
5.225413e-04 
5.225413e-04 
5.225413e-04 
5.225413e-04 
5.225413e-04 
5.225413e-04 
5.225413e-04 
5.225413e-04 
5.225413e-04 
5.225413e-04 
5.225413e-04 
5.225413e-04 
5.225413e-04 
5.225413e-04 
5.225413e-04 
5.225413e-04 
5.225413e-04 
5.225413e-04 
5.225413e-04 
5.225413e-04 
5.225413e-04 
5.225413e-04 
5.225413e-04 
5.225413e-04 
5.225413e-04 
5.225413e-04 
5.225413e-04 
5.225413e-04 
5.225413e-04 
5.225413e-04 
5.225413e-04 
5.225413e-04 
5.225413e-04 
5.225413e-04 
5.225413e-04 
5.225413e-04 
5.225413e-04 
5.225413e-04 
5.225413e-04 
5.225413e-04 
5.225413e-04 
5.225413e-04 
5.225413e-04 
5.225413e-04 
5.225413e-04 
5.225413e-04 
5.225413e-04 
5.225413e-04 
5.262346e-04 
5.445236e-04 
5.661615e-04 
5.922788e-04 
6.166375e-04 
6.424942e-04 
6.695682e-04 
6.981454e-04 
7.280970e-04 
7.196960e-04 
7.531854e-04 
7.890475e-04 
8.273462e-04 
8.682897e-04 
9.121093e-04 
9.590622e-04 
1.009430e-03 
1.063538e-03 
1.121721e-03 
1.184291e-03 
1.251647e-03 
1.324252e-03 
1.402639e-03 
1.487409e-03 
1.579277e-03 
1.678858e-03 
1.787211e-03 
1.905201e-03 
2.033469e-03 
2.174120e-03 
2.328167e-03 
2.493029e-03 
2.678409e-03 
2.882740e-03 
3.108481e-03 
3.358490e-03 
3.585593e-03 
3.888267e-03 
4.226267e-03 
4.604542e-03 
5.029210e-03 
5.621035e-03 
6.048968e-03 
6.661457e-03 
7.359896e-03 
8.158609e-03 
9.260497e-03 
1.034964e-02 
1.161371e-02 
1.308922e-02 
1.482153e-02 
1.686795e-02 
1.930150e-02 
2.240342e-02 
2.597188e-02 
3.031784e-02 
3.579267e-02 
4.252793e-02 
5.094131e-02 
6.157519e-02 
7.508441e-02 
9.233975e-02 
1.143440e-01 
1.421114e-01 
1.763929e-01 
2.173143e-01 
2.641597e-01 
3.155392e-01 
3.698911e-01 
4.257188e-01 
4.820149e-01 
5.378136e-01 
5.927467e-01 
6.462801e-01 
6.982380e-01 
7.481736e-01 
7.956798e-01 
8.402197e-01 
8.810991e-01 
9.174861e-01 
9.484046e-01 
9.542463e-01 
9.542483e-01 
9.542484e-01 
9.542484e-01 
9.542484e-01 
9.542484e-01 
9.542484e-01 
9.542484e-01 
9.542484e-01 
9.542484e-01 
9.542484e-01 
9.542484e-01 
9.542484e-01 
9.542484e-01 
9.542484e-01 
9.542484e-01 
9.542484e-01 
9.542484e-01 
9.542484e-01 
9.542484e-01 
9.542484e-01 
9.542484e-01 
9.542484e-01 
9.542484e-01 
9.542484e-01 
9.542484e-01 
9.542484e-01 
9.542484e-01 
9.542484e-01 
9.542484e-01 
9.542484e-01 
9.542484e-01 
9.542484e-01 
9.542484e-01 
9.542484e-01 
9.542484e-01 
9.542484e-01 
9.542484e-01 
9.542484e-01 
9.542484e-01 
9.542484e-01 
9.542484e-01 
9.542484e-01 
9.542484e-01 
9.542484e-01 
9.542484e-01 
9.542484e-01 
9.542484e-01 
9.542484e-01 
9.542484e-01 
9.542484e-01 
9.542484e-01 
9.542484e-01 
9.542484e-01 
9.542484e-01 
9.542484e-01 
9.542484e-01 
9.542484e-01 
9.542484e-01 
9.542484e-01 
9.542484e-01 
9.542484e-01 
9.542484e-01 
9.542484e-01 
9.542484e-01 
9.542484e-01 
9.542484e-01 
9.542484e-01 
9.542484e-01 
9.542484e-01 
9.542484e-01 
9.542484e-01 
9.542484e-01 
9.542484e-01 
9.542484e-01 
9.542484e-01 
9.542484e-01 
9.542484e-01 
9.542484e-01 
9.542484e-01 
9.542484e-01 
9.542484e-01 
9.542484e-01 
9.542484e-01 
9.542484e-01 
9.542484e-01 
9.542484e-01 
9.542484e-01 
9.542484e-01 
9.542484e-01 
9.542484e-01 
9.542484e-01 
9.542484e-01 
9.542484e-01 
9.542484e-01 
9.542484e-01 
9.542484e-01 
9.542484e-01 
9.542484e-01 
9.542484e-01 
9.542484e-01 
9.542484e-01 
9.542484e-01 
9.542484e-01 
9.542484e-01 
9.542484e-01 
9.542484e-01 
9.542484e-01 
9.542484e-01 
9.542484e-01 
9.542484e-01 
9.542484e-01 
9.542484e-01 
9.542484e-01 
9.542484e-01 
9.542484e-01 
9.542484e-01 
9.542484e-01 
9.542484e-01 
9.542484e-01 
9.542484e-01 
9.542484e-01 
9.542484e-01 
9.542484e-01 
9.542484e-01 
9.542484e-01 
9.542484e-01 
9.542484e-01 
9.542484e-01 
9.542484e-01 
9.542484e-01 
9.542484e-01 
9.542484e-01 
9.542484e-01 
9.542484e-01 
9.542484e-01 
9.542484e-01 
9.542484e-01 
9.542484e-01 
9.542484e-01 
9.542484e-01 
9.542484e-01 
9.542484e-01 
9.542484e-01 
9.542484e-01 
9.542484e-01 
9.542484e-01 
9.542484e-01 
9.542484e-01 
9.542484e-01 
9.542484e-01 
9.542484e-01 
9.542484e-01 
9.542484e-01 
9.542484e-01 
9.542484e-01 
9.542484e-01 
9.542484e-01 
9.542484e-01 
9.542484e-01 
9.542484e-01 
9.542484e-01 
9.542484e-01 
9.542484e-01 
9.542484e-01 
9.542484e-01 
9.542484e-01 
9.542484e-01 
9.542484e-01 
9.542483e-01 
9.542482e-01 
9.542481e-01 
9.542479e-01 
9.542477e-01 
9.542475e-01 
9.542473e-01 
9.542471e-01 
9.542469e-01 
9.542466e-01 
9.542464e-01 
9.542461e-01 
9.542458e-01 
9.542455e-01 
9.542452e-01 
9.542448e-01 
9.542445e-01 
9.542441e-01 
9.542437e-01 
9.542433e-01 
9.542429e-01 
9.542425e-01 
9.542421e-01 
9.542418e-01 
9.542414e-01 
9.542410e-01 
9.542407e-01 
9.542404e-01 
9.542401e-01 
9.542398e-01 
9.542395e-01 
9.542393e-01 
9.542390e-01 
9.542388e-01 
9.542386e-01 
9.542384e-01 
9.542382e-01 
9.542380e-01 
9.542378e-01 
9.542376e-01 
9.542374e-01 
9.542372e-01 
9.542371e-01 
9.542369e-01 
9.542368e-01 
9.542366e-01 
9.542365e-01 
9.542363e-01 
9.542362e-01 
9.542361e-01 
9.542360e-01 
9.542359e-01 
9.542358e-01 
9.542357e-01 
9.542356e-01 
9.542355e-01 
9.542354e-01 
9.542353e-01 
9.542352e-01 
9.542351e-01 
9.542350e-01 
9.542349e-01 
9.542349e-01 
9.542348e-01 
9.542347e-01 
9.542346e-01 
9.542346e-01 
9.542345e-01 
9.542344e-01 
9.542344e-01 
9.542343e-01 
9.542343e-01 
9.542342e-01 
9.542341e-01 
9.542341e-01 
9.542340e-01 
9.542340e-01 
9.542339e-01 
9.542339e-01 
9.542338e-01 
9.542338e-01 
9.542338e-01 
9.542338e-01 
9.542338e-01 
9.542338e-01 
9.542338e-01 
9.542338e-01 
9.542338e-01 
9.542338e-01 
9.542338e-01 
9.542338e-01 
9.542338e-01 
9.542338e-01 
9.542338e-01 
9.542338e-01 
9.542338e-01 
9.542338e-01 
9.542338e-01 
9.542338e-01 
9.542338e-01 
9.542338e-01 
9.542338e-01 
9.542338e-01 
9.542338e-01 
9.542338e-01 
9.542338e-01 
9.542338e-01 
9.542338e-01 
9.542338e-01 
9.542338e-01 
9.542338e-01 
9.542338e-01 
9.542338e-01 
9.542338e-01 
9.542338e-01 
9.542338e-01 
9.542338e-01 
9.542338e-01 
9.542338e-01 
9.542338e-01 
9.542338e-01 
9.542338e-01 
9.542338e-01 
9.542338e-01 
9.542338e-01 
9.542338e-01 
9.542338e-01 
9.542338e-01 
9.542338e-01 
9.542338e-01 
9.542338e-01 
9.542338e-01 
9.542338e-01 
9.542338e-01 
9.542338e-01 
9.542338e-01 
9.542338e-01 
9.542338e-01 
9.542338e-01 
9.542338e-01 
9.542338e-01 
9.542338e-01 
9.542338e-01 
9.542338e-01 
9.542338e-01 
9.542338e-01 
9.542338e-01 
9.542338e-01 
9.542338e-01 
9.542338e-01 
9.542338e-01 
9.542338e-01 
9.542338e-01 
9.542338e-01 
9.542338e-01 
9.542338e-01 
9.542338e-01 
9.542338e-01 
9.542338e-01 
9.542338e-01 
9.542338e-01 
9.542338e-01 
9.542338e-01 
9.542338e-01 
9.542338e-01 
9.542338e-01 
9.542338e-01 
9.542338e-01 
9.542338e-01 
9.542338e-01 
9.542338e-01 
9.542338e-01 
9.542338e-01 
9.542338e-01 
9.542338e-01 
9.542338e-01 
9.542338e-01 
9.542338e-01 
9.542338e-01 
9.542338e-01 
9.542338e-01 
9.542338e-01 
9.542338e-01 
9.542338e-01 
9.542338e-01 
9.542338e-01 
9.542338e-01 
9.542338e-01 
9.542338e-01 
9.542338e-01 
9.542338e-01 
9.542338e-01 
9.542338e-01 
9.542338e-01 
9.542338e-01 
9.542338e-01 
9.542338e-01 
9.542338e-01 
9.542338e-01 
9.542338e-01 
9.542338e-01 
9.542338e-01 
9.542338e-01 
9.542338e-01 
9.542338e-01 
9.542338e-01 
9.542338e-01 
9.542338e-01 
9.542338e-01 
9.542338e-01 
9.542338e-01 
9.542338e-01 
9.542338e-01 
9.542338e-01 
9.542338e-01 
9.542338e-01 
9.542338e-01 
9.542338e-01 
9.542338e-01 
9.542338e-01 
9.542338e-01 
9.542338e-01 
9.542338e-01 
9.542338e-01 
9.542338e-01 
9.542338e-01 
9.542338e-01 
9.542338e-01 
9.542338e-01 
9.542338e-01 
9.542338e-01 
9.542338e-01 
9.542338e-01 
9.542338e-01 
9.542338e-01 
9.542338e-01 
9.542338e-01 
9.542338e-01 
9.542338e-01 
9.542338e-01 
9.542338e-01 
9.542338e-01 
9.542338e-01 
9.542338e-01 
9.542338e-01 
9.542338e-01 
9.542338e-01 
9.542338e-01 
9.542338e-01 
9.542338e-01 
9.483859e-01 
9.174347e-01 
8.809787e-01 
8.399211e-01 
7.950629e-01 
7.469442e-01 
6.959118e-01 
6.420087e-01 
5.850068e-01 
5.242888e-01 
4.586211e-01 
3.856471e-01 
3.001366e-01 
1.876484e-01 
2.900364e-02 
5.741384e-03 
2.092956e-03 
1.248761e-03 
8.507965e-04 
6.159451e-04 
4.645734e-04 
3.611352e-04 
2.874428e-04 
2.332084e-04 
1.921372e-04 
1.601795e-04 
1.352884e-04 
1.156223e-04 
1.002871e-04 
8.665785e-05 
7.541399e-05 
6.605554e-05 
5.819837e-05 
5.279750e-05 
4.695733e-05 
4.193945e-05 
3.761656e-05 
3.387188e-05 
3.061146e-05 
2.775920e-05 
2.525302e-05 
2.304189e-05 
2.108357e-05 
1.934293e-05 
1.752226e-05 
1.616292e-05 
1.494241e-05 
1.384331e-05 
1.285093e-05 
1.195265e-05 
1.113762e-05 
1.039646e-05 
9.721017e-06 
9.104221e-06 
8.531283e-06 
8.015253e-06 
7.541757e-06 
7.105824e-06 
6.704288e-06 
6.331112e-06 
5.978372e-06 
5.620609e-06 
5.174550e-06 
4.355173e-06 
3.124096e-06 
2.070370e-06 
1.120803e-06 
2.892560e-07 
-4.447339e-07 
-1.031524e-06 
-1.635709e-06 
-2.000231e-06 
-2.452438e-06 
-2.618301e-06 
-2.954063e-06 
-3.226952e-06 
-3.447271e-06 
-3.600602e-06 
-3.715024e-06 
-3.805511e-06 
-3.851155e-06 
-3.947392e-06 
-3.955623e-06 
-3.963563e-06 
-3.967665e-06 
-3.969127e-06 
-3.967537e-06 
-3.967336e-06 
-3.967321e-06 
-3.967320e-06 
-3.967320e-06 
-3.967320e-06 
-3.967320e-06 
-3.967320e-06 
-3.967320e-06 
-3.967320e-06 
-3.967320e-06 
-3.967320e-06 
-3.967320e-06 
-3.967320e-06 
-3.967320e-06 
-3.967320e-06 
-3.967320e-06 
-3.967320e-06 
-3.967320e-06 
-3.967320e-06 
-3.967320e-06 
-3.967320e-06 
-3.967320e-06 
-3.967320e-06 
-3.967320e-06 
-3.967320e-06 
-3.967320e-06 
-3.967320e-06 
-3.967320e-06 
-3.967320e-06 
-3.967320e-06 
-3.967320e-06 
-3.967320e-06 
-3.967320e-06 
-3.967320e-06 
-3.967320e-06 
-3.967320e-06 
-3.967320e-06 
-3.967320e-06 
-3.967320e-06 
-3.967320e-06 
-3.967320e-06 
-3.967320e-06 
-3.967320e-06 
-3.967320e-06 
-3.967320e-06 
-3.967320e-06 
-3.967320e-06 
-3.967320e-06 
-3.967320e-06 
-3.967320e-06 
-3.967320e-06 
-3.967320e-06 
-3.967320e-06 
-3.967320e-06 
-3.967320e-06 
-3.967320e-06 
-3.967320e-06 
-3.967320e-06 
-3.967320e-06 
-3.967320e-06 
-3.967320e-06 
-3.967320e-06 
-3.967320e-06 
-3.967320e-06 
-3.967320e-06 
-3.967320e-06 
-3.967320e-06 
-3.967320e-06 
-3.967320e-06 
-3.967320e-06 
-3.967320e-06 
-3.967320e-06 
-3.967320e-06 
-3.967320e-06 
-3.967320e-06 
-3.967320e-06 
-3.967320e-06 
-3.967320e-06 
-3.967320e-06 
-3.967320e-06 
-3.967320e-06 
-3.967320e-06 
-3.967320e-06 
-3.967320e-06 
-3.967320e-06 
-3.967320e-06 
-3.967320e-06 
-3.967320e-06 
-3.967320e-06 
-3.967320e-06 
-3.967320e-06 
-3.967320e-06 
-3.967320e-06 
-3.967320e-06 
-3.967320e-06 
-3.967320e-06 
-3.967320e-06 
-3.967320e-06 
-3.967320e-06 
-3.967320e-06 
-3.967320e-06 
-3.967320e-06 
-3.967320e-06 
-3.967320e-06 
-3.967320e-06 
-3.967320e-06 
-3.967320e-06 
-3.967320e-06 
-3.967320e-06 
-3.967320e-06 
-3.967320e-06 
-3.967320e-06 
-3.967320e-06 
-3.967320e-06 
-3.967320e-06 
-3.967320e-06 
-3.967320e-06 
-3.967320e-06 
-3.967320e-06 
-3.967320e-06 
-3.967320e-06 
-3.967320e-06 
-3.967320e-06 
-3.967320e-06 
-3.967320e-06 
-3.967320e-06 
-3.967320e-06 
-3.967320e-06 
-3.967320e-06 
-3.967320e-06 
-3.967320e-06 
-3.967320e-06 
-3.967320e-06 
-3.967320e-06 
-3.967320e-06 
-3.967320e-06 
-3.967320e-06 
-3.967320e-06 
-3.967320e-06 
-3.967320e-06 
-3.967320e-06 
-3.967320e-06 
-3.967320e-06 
-3.967320e-06 
-3.967320e-06 
-3.967320e-06 
-3.967320e-06 
-3.967320e-06 
-3.967320e-06 
-3.967320e-06 
-3.967320e-06 
-3.967320e-06 
-3.967320e-06 
-3.967320e-06 
-3.967320e-06 
-3.967320e-06 
-3.967320e-06 
-3.967320e-06 
-3.967320e-06 
-3.967320e-06 
-3.967320e-06 
-3.967320e-06 
-3.967320e-06 
-3.966887e-06 
-3.955267e-06 
-3.904656e-06 
-3.814609e-06 
-3.745162e-06 
-3.672255e-06 
-3.594635e-06 
-3.511950e-06 
-3.398719e-06 
-3.302848e-06 
-3.171894e-06 
-3.041867e-06 
-2.919670e-06 
-2.790879e-06 
-2.652932e-06 
-2.505044e-06 
-2.346364e-06 
-2.175954e-06 
-1.992777e-06 
-1.795690e-06 
-1.583429e-06 
-1.354968e-06 
-1.112522e-06 
-8.878981e-07 
-6.802856e-07 
-3.782316e-07 
-5.090667e-08 
1.962452e-07 
5.716571e-07 
9.805855e-07 
1.425856e-06 
1.911384e-06 
2.441587e-06 
3.021453e-06 
3.505210e-06 
4.084479e-06 
4.823788e-06 
5.637362e-06 
6.533953e-06 
7.523782e-06 
8.618520e-06 
9.831508e-06 
1.117800e-05 
1.267544e-05 
1.496061e-05 
1.695352e-05 
1.912455e-05 
2.155690e-05 
2.428559e-05 
2.734979e-05 
3.079297e-05 
3.466258e-05 
3.900956e-05 
4.388716e-05 
5.116650e-05 
5.749237e-05 
6.627500e-05 
7.523250e-05 
8.429267e-05 
9.373996e-05 
1.038974e-04 
1.147429e-04 
1.262464e-04 
1.383800e-04 
1.511241e-04 
1.644736e-04 
1.784431e-04 
1.930697e-04 
2.083161e-04 
2.238872e-04 
2.410954e-04 
2.577735e-04 
2.774419e-04 
2.900346e-04 
3.119641e-04 
3.355604e-04 
3.608802e-04 
3.878210e-04 
4.160027e-04 
4.357515e-04 
4.639097e-04 
4.857502e-04 
4.874828e-04 
4.897653e-04 
4.899018e-04 
4.899101e-04 
4.899106e-04 
4.899106e-04 
4.899106e-04 
4.899106e-04 
4.899106e-04 
4.899106e-04 
4.899106e-04 
4.899106e-04 
4.899106e-04 
4.899106e-04 
4.899106e-04 
4.899106e-04 
4.899106e-04 
4.899106e-04 
4.899106e-04 
4.899106e-04 
4.899106e-04 
4.899106e-04 
4.899106e-04 
4.899106e-04 
4.899106e-04 
4.899106e-04 
4.899106e-04 
4.899106e-04 
4.899106e-04 
4.899106e-04 
4.899106e-04 
4.899106e-04 
4.899106e-04 
4.899106e-04 
4.899106e-04 
4.899106e-04 
4.899106e-04 
4.899106e-04 
4.899106e-04 
4.899106e-04 
4.899106e-04 
4.899106e-04 
4.899106e-04 
4.899106e-04 
4.899106e-04 
4.899106e-04 
4.899106e-04 
4.899106e-04 
4.899106e-04 
4.899106e-04 
4.899106e-04 
4.899106e-04 
4.899106e-04 
4.899106e-04 
4.899106e-04 
4.899106e-04 
4.899106e-04 
4.899106e-04 
4.899106e-04 
4.899106e-04 
4.899106e-04 
4.899106e-04 
4.899106e-04 
4.899106e-04 
4.899106e-04 
4.899106e-04 
4.899106e-04 
4.899106e-04 
4.899106e-04 
4.899106e-04 
4.899106e-04 
4.899106e-04 
4.899106e-04 
4.899106e-04 
4.899106e-04 
4.899106e-04 
4.899106e-04 
4.899106e-04 
4.899106e-04 
4.899106e-04 
4.899106e-04 
4.899106e-04 
4.899106e-04 
4.899106e-04 
4.899106e-04 
4.899106e-04 
4.899106e-04 
4.899106e-04 
4.899106e-04 
4.899106e-04 
4.899106e-04 
4.899106e-04 
4.899106e-04 
4.899106e-04 
4.899106e-04 
4.899106e-04 
4.899106e-04 
4.899106e-04 
4.899106e-04 
4.899106e-04 
4.899106e-04 
4.899106e-04 
4.899106e-04 
4.899106e-04 
4.899106e-04 
4.899106e-04 
4.899106e-04 
4.899106e-04 
4.899106e-04 
4.899106e-04 
4.899106e-04 
4.899106e-04 
4.899106e-04 
4.899106e-04 
4.899106e-04 
4.899106e-04 
4.899106e-04 
4.899106e-04 
4.899106e-04 
4.899106e-04 
4.899106e-04 
4.899106e-04 
4.899106e-04 
4.899106e-04 
4.899106e-04 
4.899106e-04 
4.899106e-04 
4.899106e-04 
4.899106e-04 
4.899106e-04 
4.899106e-04 
4.899106e-04 
4.899106e-04 
4.899106e-04 
4.899106e-04 
4.899106e-04 
4.899106e-04 
4.899106e-04 
4.899106e-04 
4.899106e-04 
4.899106e-04 
4.899106e-04 
4.899106e-04 
4.899106e-04 
4.899106e-04 
4.899106e-04 
4.899106e-04 
4.899106e-04 
4.899106e-04 
4.899106e-04 
4.899106e-04 
4.899106e-04 
4.899106e-04 
4.899106e-04 
4.899106e-04 
4.899106e-04 
4.899106e-04 
4.899106e-04 
4.899106e-04 
4.899106e-04 
4.899106e-04 
4.899106e-04 
4.899106e-04 
4.899106e-04 
4.899106e-04 
4.899106e-04 
4.899106e-04 
4.899106e-04 
4.933796e-04 
5.105952e-04 
5.311228e-04 
5.559898e-04 
5.792359e-04 
6.042343e-04 
6.305005e-04 
6.583764e-04 
6.880114e-04 
7.195607e-04 
7.531816e-04 
7.890465e-04 
8.273457e-04 
8.682891e-04 
9.121089e-04 
9.590590e-04 
1.009433e-03 
1.063545e-03 
1.121736e-03 
1.184307e-03 
1.251659e-03 
1.324261e-03 
1.402646e-03 
1.487414e-03 
1.579280e-03 
1.678859e-03 
1.787211e-03 
1.905200e-03 
2.033467e-03 
2.174118e-03 
2.328164e-03 
2.493026e-03 
2.678405e-03 
2.882736e-03 
3.108477e-03 
3.358486e-03 
3.585588e-03 
3.888262e-03 
4.226261e-03 
4.604536e-03 
5.029203e-03 
5.621028e-03 
6.048961e-03 
6.661450e-03 
7.359889e-03 
8.158601e-03 
9.260488e-03 
1.034963e-02 
1.161370e-02 
1.308921e-02 
1.482152e-02 
1.686794e-02 
1.930148e-02 
2.240341e-02 
2.597187e-02 
3.031783e-02 
3.579265e-02 
4.252792e-02 
5.094129e-02 
6.157517e-02 
7.508439e-02 
9.233972e-02 
1.143439e-01 
1.421114e-01 
1.763929e-01 
2.173143e-01 
2.641597e-01 
3.155392e-01 
3.698910e-01 
4.257187e-01 
4.820149e-01 
5.378136e-01 
5.927467e-01 
6.462801e-01 
6.982380e-01 
7.481736e-01 
7.956798e-01 
8.402197e-01 
8.810991e-01 
9.174861e-01 
9.484046e-01 
9.542463e-01 
9.542483e-01 
9.542484e-01 
9.542484e-01 
9.542484e-01 
9.542484e-01 
9.542484e-01 
9.542484e-01 
9.542484e-01 
9.542484e-01 
9.542484e-01 
9.542484e-01 
9.542484e-01 
9.542484e-01 
9.542484e-01 
9.542484e-01 
9.542484e-01 
9.542484e-01 
9.542484e-01 
9.542484e-01 
9.542484e-01 
9.542484e-01 
9.542484e-01 
9.542484e-01 
9.542484e-01 
9.542484e-01 
9.542484e-01 
9.542484e-01 
9.542484e-01 
9.542484e-01 
9.542484e-01 
9.542484e-01 
9.542484e-01 
9.542484e-01 
9.542484e-01 
9.542484e-01 
9.542484e-01 
9.542484e-01 
9.542484e-01 
9.542484e-01 
9.542484e-01 
9.542484e-01 
9.542484e-01 
9.542484e-01 
9.542484e-01 
9.542484e-01 
9.542484e-01 
9.542484e-01 
9.542484e-01 
9.542484e-01 
9.542484e-01 
9.542484e-01 
9.542484e-01 
9.542484e-01 
9.542484e-01 
9.542484e-01 
9.542484e-01 
9.542484e-01 
9.542484e-01 
9.542484e-01 
9.542484e-01 
9.542484e-01 
9.542484e-01 
9.542484e-01 
9.542484e-01 
9.542484e-01 
9.542484e-01 
9.542484e-01 
9.542484e-01 
9.542484e-01 
9.542484e-01 
9.542484e-01 
9.542484e-01 
9.542484e-01 
9.542484e-01 
9.542484e-01 
9.542484e-01 
9.542484e-01 
9.542484e-01 
9.542484e-01 
9.542484e-01 
9.542484e-01 
9.542484e-01 
9.542484e-01 
9.542484e-01 
9.542484e-01 
9.542484e-01 
9.542484e-01 
9.542484e-01 
9.542484e-01 
9.542484e-01 
9.542484e-01 
9.542484e-01 
9.542484e-01 
9.542484e-01 
9.542484e-01 
9.542484e-01 
9.542484e-01 
9.542484e-01 
9.542484e-01 
9.542484e-01 
9.542484e-01 
9.542484e-01 
9.542484e-01 
9.542484e-01 
9.542484e-01 
9.542484e-01 
9.542484e-01 
9.542484e-01 
9.542484e-01 
9.542484e-01 
9.542484e-01 
9.542484e-01 
9.542484e-01 
9.542484e-01 
9.542484e-01 
9.542484e-01 
9.542484e-01 
9.542484e-01 
9.542484e-01 
9.542484e-01 
9.542484e-01 
9.542484e-01 
9.542484e-01 
9.542484e-01 
9.542484e-01 
9.542484e-01 
9.542484e-01 
9.542484e-01 
9.542484e-01 
9.542484e-01 
9.542484e-01 
9.542484e-01 
9.542484e-01 
9.542484e-01 
9.542484e-01 
9.542484e-01 
9.542484e-01 
9.542484e-01 
9.542484e-01 
9.542484e-01 
9.542484e-01 
9.542484e-01 
9.542484e-01 
9.542484e-01 
9.542484e-01 
9.542484e-01 
9.542484e-01 
9.542484e-01 
9.542484e-01 
9.542484e-01 
9.542484e-01 
9.542484e-01 
9.542484e-01 
9.542484e-01 
9.542484e-01 
9.542484e-01 
9.542484e-01 
9.542484e-01 
9.542484e-01 
9.542484e-01 
9.542484e-01 
9.542484e-01 
9.542484e-01 
9.542484e-01 
9.542484e-01 
9.542484e-01 
9.542484e-01 
9.542484e-01 
9.542483e-01 
9.542482e-01 
9.542481e-01 
9.542479e-01 
9.542477e-01 
9.542475e-01 
9.542473e-01 
9.542471e-01 
9.542469e-01 
9.542466e-01 
9.542464e-01 
9.542461e-01 
9.542458e-01 
9.542455e-01 
9.542452e-01 
9.542448e-01 
9.542445e-01 
9.542441e-01 
9.542437e-01 
9.542433e-01 
9.542429e-01 
9.542425e-01 
9.542421e-01 
9.542418e-01 
9.542414e-01 
9.542410e-01 
9.542407e-01 
9.542404e-01 
9.542401e-01 
9.542398e-01 
9.542395e-01 
9.542393e-01 
9.542390e-01 
9.542388e-01 
9.542386e-01 
9.542384e-01 
9.542382e-01 
9.542380e-01 
9.542378e-01 
9.542376e-01 
9.542374e-01 
9.542372e-01 
9.542371e-01 
9.542369e-01 
9.542368e-01 
9.542366e-01 
9.542365e-01 
9.542364e-01 
9.542363e-01 
9.542361e-01 
9.542360e-01 
9.542359e-01 
9.542358e-01 
9.542357e-01 
9.542356e-01 
9.542355e-01 
9.542354e-01 
9.542353e-01 
9.542352e-01 
9.542351e-01 
9.542350e-01 
9.542349e-01 
9.542349e-01 
9.542348e-01 
9.542347e-01 
9.542346e-01 
9.542346e-01 
9.542345e-01 
9.542344e-01 
9.542344e-01 
9.542343e-01 
9.542343e-01 
9.542342e-01 
9.542341e-01 
9.542341e-01 
9.542340e-01 
9.542340e-01 
9.542339e-01 
9.542339e-01 
9.542338e-01 
9.542338e-01 
9.542338e-01 
9.542338e-01 
9.542338e-01 
9.542338e-01 
9.542338e-01 
9.542338e-01 
9.542338e-01 
9.542338e-01 
9.542338e-01 
9.542338e-01 
9.542338e-01 
9.542338e-01 
9.542338e-01 
9.542338e-01 
9.542338e-01 
9.542338e-01 
9.542338e-01 
9.542338e-01 
9.542338e-01 
9.542338e-01 
9.542338e-01 
9.542338e-01 
9.542338e-01 
9.542338e-01 
9.542338e-01 
9.542338e-01 
9.542338e-01 
9.542338e-01 
9.542338e-01 
9.542338e-01 
9.542338e-01 
9.542338e-01 
9.542338e-01 
9.542338e-01 
9.542338e-01 
9.542338e-01 
9.542338e-01 
9.542338e-01 
9.542338e-01 
9.542338e-01 
9.542338e-01 
9.542338e-01 
9.542338e-01 
9.542338e-01 
9.542338e-01 
9.542338e-01 
9.542338e-01 
9.542338e-01 
9.542338e-01 
9.542338e-01 
9.542338e-01 
9.542338e-01 
9.542338e-01 
9.542338e-01 
9.542338e-01 
9.542338e-01 
9.542338e-01 
9.542338e-01 
9.542338e-01 
9.542338e-01 
9.542338e-01 
9.542338e-01 
9.542338e-01 
9.542338e-01 
9.542338e-01 
9.542338e-01 
9.542338e-01 
9.542338e-01 
9.542338e-01 
9.542338e-01 
9.542338e-01 
9.542338e-01 
9.542338e-01 
9.542338e-01 
9.542338e-01 
9.542338e-01 
9.542338e-01 
9.542338e-01 
9.542338e-01 
9.542338e-01 
9.542338e-01 
9.542338e-01 
9.542338e-01 
9.542338e-01 
9.542338e-01 
9.542338e-01 
9.542338e-01 
9.542338e-01 
9.542338e-01 
9.542338e-01 
9.542338e-01 
9.542338e-01 
9.542338e-01 
9.542338e-01 
9.542338e-01 
9.542338e-01 
9.542338e-01 
9.542338e-01 
9.542338e-01 
9.542338e-01 
9.542338e-01 
9.542338e-01 
9.542338e-01 
9.542338e-01 
9.542338e-01 
9.542338e-01 
9.542338e-01 
9.542338e-01 
9.542338e-01 
9.542338e-01 
9.542338e-01 
9.542338e-01 
9.542338e-01 
9.542338e-01 
9.542338e-01 
9.542338e-01 
9.542338e-01 
9.542338e-01 
9.542338e-01 
9.542338e-01 
9.542338e-01 
9.542338e-01 
9.542338e-01 
9.542338e-01 
9.542338e-01 
9.542338e-01 
9.542338e-01 
9.542338e-01 
9.542338e-01 
9.542338e-01 
9.542338e-01 
9.542338e-01 
9.542338e-01 
9.542338e-01 
9.542338e-01 
9.542338e-01 
9.542338e-01 
9.542338e-01 
9.542338e-01 
9.542338e-01 
9.542338e-01 
9.542338e-01 
9.542338e-01 
9.542338e-01 
9.542338e-01 
9.542338e-01 
9.542338e-01 
9.542338e-01 
9.542338e-01 
9.542338e-01 
9.542338e-01 
9.542338e-01 
9.542338e-01 
9.542338e-01 
9.542338e-01 
9.542338e-01 
9.542338e-01 
9.542338e-01 
9.542338e-01 
9.542338e-01 
9.542338e-01 
9.542338e-01 
9.542338e-01 
9.542338e-01 
9.542338e-01 
9.542338e-01 
9.542338e-01 
9.542338e-01 
9.542338e-01 
9.483859e-01 
9.174347e-01 
8.809787e-01 
8.399211e-01 
7.950629e-01 
7.469442e-01 
6.959118e-01 
6.420087e-01 
5.850068e-01 
5.242888e-01 
4.588416e-01 
3.857875e-01 
3.001366e-01 
1.876484e-01 
2.900344e-02 
5.741314e-03 
2.092930e-03 
1.248749e-03 
8.507913e-04 
6.159430e-04 
4.645725e-04 
3.611348e-04 
2.874426e-04 
2.332082e-04 
1.921372e-04 
1.601794e-04 
1.352884e-04 
1.156223e-04 
1.002871e-04 
8.665786e-05 
7.541400e-05 
6.605554e-05 
5.819838e-05 
5.279751e-05 
4.695734e-05 
4.193946e-05 
3.761657e-05 
3.387189e-05 
3.061146e-05 
2.775921e-05 
2.525303e-05 
2.304189e-05 
2.108358e-05 
1.934294e-05 
1.752227e-05 
1.616293e-05 
1.494242e-05 
1.384333e-05 
1.285095e-05 
1.195267e-05 
1.113765e-05 
1.039650e-05 
9.721076e-06 
9.104310e-06 
8.531440e-06 
8.015531e-06 
7.542312e-06 
7.106873e-06 
6.706501e-06 
6.336792e-06 
5.995289e-06 
5.681678e-06 
5.394269e-06 
5.124706e-06 
4.877605e-06 
4.609807e-06 
4.368651e-06 
4.146733e-06 
3.943410e-06 
3.732816e-06 
3.572250e-06 
3.403153e-06 
3.258487e-06 
3.147062e-06 
3.017502e-06 
2.888689e-06 
2.766843e-06 
2.651671e-06 
2.567132e-06 
2.453108e-06 
2.356337e-06 
2.322852e-06 
2.326397e-06 
2.317376e-06 
2.316363e-06 
2.317386e-06 
2.315784e-06 
2.315583e-06 
2.315568e-06 
2.315567e-06 
2.315567e-06 
2.315567e-06 
2.315567e-06 
2.315567e-06 
2.315567e-06 
2.315567e-06 
2.315567e-06 
2.315567e-06 
2.315567e-06 
2.315567e-06 
2.315567e-06 
2.315567e-06 
2.315567e-06 
2.315567e-06 
2.315567e-06 
2.315567e-06 
2.315567e-06 
2.315567e-06 
2.315567e-06 
2.315567e-06 
2.315567e-06 
2.315567e-06 
2.315567e-06 
2.315567e-06 
2.315567e-06 
2.315567e-06 
2.315567e-06 
2.315567e-06 
2.315567e-06 
2.315567e-06 
2.315567e-06 
2.315567e-06 
2.315567e-06 
2.315567e-06 
2.315567e-06 
2.315567e-06 
2.315567e-06 
2.315567e-06 
2.315567e-06 
2.315567e-06 
2.315567e-06 
2.315567e-06 
2.315567e-06 
2.315567e-06 
2.315567e-06 
2.315567e-06 
2.315567e-06 
2.315567e-06 
2.315567e-06 
2.315567e-06 
2.315567e-06 
2.315567e-06 
2.315567e-06 
2.315567e-06 
2.315567e-06 
2.315567e-06 
2.315567e-06 
2.315567e-06 
2.315567e-06 
2.315567e-06 
2.315567e-06 
2.315567e-06 
2.315567e-06 
2.315567e-06 
2.315567e-06 
2.315567e-06 
2.315567e-06 
2.315567e-06 
2.315567e-06 
2.315567e-06 
2.315567e-06 
2.315567e-06 
2.315567e-06 
2.315567e-06 
2.315567e-06 
2.315567e-06 
2.315567e-06 
2.315567e-06 
2.315567e-06 
2.315567e-06 
2.315567e-06 
2.315567e-06 
2.315567e-06 
2.315567e-06 
2.315567e-06 
2.315567e-06 
2.315567e-06 
2.315567e-06 
2.315567e-06 
2.315567e-06 
2.315567e-06 
2.315567e-06 
2.315567e-06 
2.315567e-06 
2.315567e-06 
2.315567e-06 
2.315567e-06 
2.315567e-06 
2.315567e-06 
2.315567e-06 
2.315567e-06 
2.315567e-06 
2.315567e-06 
2.315567e-06 
2.315567e-06 
2.315567e-06 
2.315567e-06 
2.315567e-06 
2.315567e-06 
2.315567e-06 
2.315567e-06 
2.315567e-06 
2.315567e-06 
2.315567e-06 
2.315567e-06 
2.315567e-06 
2.315567e-06 
2.315567e-06 
2.315567e-06 
2.315567e-06 
2.315567e-06 
2.315567e-06 
2.315567e-06 
2.315567e-06 
2.315567e-06 
2.315567e-06 
2.315567e-06 
2.315567e-06 
2.315567e-06 
2.315567e-06 
2.315567e-06 
2.315567e-06 
2.315567e-06 
2.315567e-06 
2.315567e-06 
2.315567e-06 
2.315567e-06 
2.315567e-06 
2.315567e-06 
2.315567e-06 
2.315567e-06 
2.315567e-06 
2.315567e-06 
2.315567e-06 
2.315567e-06 
2.315567e-06 
2.315567e-06 
2.315567e-06 
2.315567e-06 
2.315567e-06 
2.315567e-06 
2.315567e-06 
2.315567e-06 
2.315567e-06 
2.315567e-06 
2.315567e-06 
2.315567e-06 
2.315567e-06 
2.315567e-06 
2.315567e-06 
2.316986e-06 
2.353531e-06 
2.416948e-06 
2.483228e-06 
2.578284e-06 
2.668402e-06 
2.748348e-06 
2.830282e-06 
2.914122e-06 
3.006616e-06 
3.101371e-06 
3.201107e-06 
3.306074e-06 
3.416638e-06 
3.533202e-06 
3.656201e-06 
3.786113e-06 
3.923459e-06 
4.068810e-06 
4.222794e-06 
4.386098e-06 
4.559527e-06 
4.743873e-06 
4.933204e-06 
5.092143e-06 
5.310904e-06 
5.544501e-06 
5.704301e-06 
5.965550e-06 
6.245535e-06 
6.546132e-06 
6.869380e-06 
7.217580e-06 
7.593326e-06 
7.885561e-06 
8.296463e-06 
8.761592e-06 
9.267162e-06 
9.817931e-06 
1.041935e-05 
1.107772e-05 
1.180032e-05 
1.259562e-05 
1.347352e-05 
1.477450e-05 
1.590165e-05 
1.715183e-05 
1.855316e-05 
2.013043e-05 
2.191358e-05 
2.393896e-05 
2.625100e-05 
2.986044e-05 
3.307314e-05 
3.680392e-05 
4.116809e-05 
4.773010e-05 
5.483347e-05 
6.309362e-05 
7.252818e-05 
8.373327e-05 
9.699484e-05 
1.124781e-04 
1.301938e-04 
1.499621e-04 
1.714372e-04 
1.941731e-04 
2.178228e-04 
2.416364e-04 
2.651196e-04 
2.904916e-04 
3.120271e-04 
3.379940e-04 
3.540366e-04 
3.797318e-04 
4.051473e-04 
4.299661e-04 
4.537365e-04 
4.758775e-04 
4.900784e-04 
5.078655e-04 
5.203291e-04 
5.212222e-04 
5.224038e-04 
5.225350e-04 
5.225411e-04 
5.225413e-04 
5.225413e-04 
5.225413e-04 
5.225413e-04 
5.225413e-04 
5.225413e-04 
5.225413e-04 
5.225413e-04 
5.225413e-04 
5.225413e-04 
5.225413e-04 
5.225413e-04 
5.225413e-04 
5.225413e-04 
5.225413e-04 
5.225413e-04 
5.225413e-04 
5.225413e-04 
5.225413e-04 
5.225413e-04 
5.225413e-04 
5.225413e-04 
5.225413e-04 
5.225413e-04 
5.225413e-04 
5.225413e-04 
5.225413e-04 
5.225413e-04 
5.225413e-04 
5.225413e-04 
5.225413e-04 
5.225413e-04 
5.225413e-04 
5.225413e-04 
5.225413e-04 
5.225413e-04 
5.225413e-04 
5.225413e-04 
5.225413e-04 
5.225413e-04 
5.225413e-04 
5.225413e-04 
5.225413e-04 
5.225413e-04 
5.225413e-04 
5.225413e-04 
5.225413e-04 
5.225413e-04 
5.225413e-04 
5.225413e-04 
5.225413e-04 
5.225413e-04 
5.225413e-04 
5.225413e-04 
5.225413e-04 
5.225413e-04 
5.225413e-04 
5.225413e-04 
5.225413e-04 
5.225413e-04 
5.225413e-04 
5.225413e-04 
5.225413e-04 
5.225413e-04 
5.225413e-04 
5.225413e-04 
5.225413e-04 
5.225413e-04 
5.225413e-04 
5.225413e-04 
5.225413e-04 
5.225413e-04 
5.225413e-04 
5.225413e-04 
5.225413e-04 
5.225413e-04 
5.225413e-04 
5.225413e-04 
5.225413e-04 
5.225413e-04 
5.225413e-04 
5.225413e-04 
5.225413e-04 
5.225413e-04 
5.225413e-04 
5.225413e-04 
5.225413e-04 
5.225413e-04 
5.225413e-04 
5.225413e-04 
5.225413e-04 
5.225413e-04 
5.225413e-04 
5.225413e-04 
5.225413e-04 
5.225413e-04 
5.225413e-04 
5.225413e-04 
5.225413e-04 
5.225413e-04 
5.225413e-04 
5.225413e-04 
5.225413e-04 
5.225413e-04 
5.225413e-04 
5.225413e-04 
5.225413e-04 
5.225413e-04 
5.225413e-04 
5.225413e-04 
5.225413e-04 
5.225413e-04 
5.225413e-04 
5.225413e-04 
5.225413e-04 
5.225413e-04 
5.225413e-04 
5.225413e-04 
5.225413e-04 
5.225413e-04 
5.225413e-04 
5.225413e-04 
5.225413e-04 
5.225413e-04 
5.225413e-04 
5.225413e-04 
5.225413e-04 
5.225413e-04 
5.225413e-04 
5.225413e-04 
5.225413e-04 
5.225413e-04 
5.225413e-04 
5.225413e-04 
5.225413e-04 
5.225413e-04 
5.225413e-04 
5.225413e-04 
5.225413e-04 
5.225413e-04 
5.225413e-04 
5.225413e-04 
5.225413e-04 
5.225413e-04 
5.225413e-04 
5.225413e-04 
5.225413e-04 
5.225413e-04 
5.225413e-04 
5.225413e-04 
5.225413e-04 
5.225413e-04 
5.225413e-04 
5.225413e-04 
5.225413e-04 
5.225413e-04 
5.225413e-04 
5.225413e-04 
5.225413e-04 
5.225413e-04 
5.225413e-04 
5.225413e-04 
5.225413e-04 
5.225413e-04 
5.262348e-04 
5.445291e-04 
5.661911e-04 
5.923019e-04 
6.166636e-04 
6.426035e-04 
6.697292e-04 
6.981770e-04 
7.280955e-04 
7.196958e-04 
7.532239e-04 
7.890736e-04 
8.273639e-04 
8.682969e-04 
9.121102e-04 
9.590590e-04 
1.009433e-03 
1.063545e-03 
1.121736e-03 
1.184307e-03 
1.251659e-03 
1.324261e-03 
1.402646e-03 
1.487414e-03 
1.579280e-03 
1.678859e-03 
1.787211e-03 
1.905200e-03 
2.033467e-03 
2.174118e-03 
2.328164e-03 
2.493026e-03 
2.678405e-03 
2.882736e-03 
3.108477e-03 
3.358486e-03 
3.585588e-03 
3.888262e-03 
4.226261e-03 
4.604536e-03 
5.029203e-03 
5.621028e-03 
6.048961e-03 
6.661450e-03 
7.359889e-03 
8.158601e-03 
9.260488e-03 
1.034963e-02 
1.161370e-02 
1.308921e-02 
1.482152e-02 
1.686794e-02 
1.930148e-02 
2.240341e-02 
2.597187e-02 
3.031783e-02 
3.579265e-02 
4.252792e-02 
5.094129e-02 
6.157517e-02 
7.508439e-02 
9.233972e-02 
1.143439e-01 
1.421114e-01 
1.763929e-01 
2.173143e-01 
2.641597e-01 
3.155392e-01 
3.698911e-01 
4.257187e-01 
4.820149e-01 
5.378136e-01 
5.927467e-01 
6.462801e-01 
6.982380e-01 
7.481736e-01 
7.956798e-01 
8.402197e-01 
8.810991e-01 
9.174861e-01 
9.484046e-01 
9.542463e-01 
9.542483e-01 
9.542484e-01 
9.542484e-01 
9.542484e-01 
9.542484e-01 
9.542484e-01 
9.542484e-01 
9.542484e-01 
9.542484e-01 
9.542484e-01 
9.542484e-01 
9.542484e-01 
9.542484e-01 
9.542484e-01 
9.542484e-01 
9.542484e-01 
9.542484e-01 
9.542484e-01 
9.542484e-01 
9.542484e-01 
9.542484e-01 
9.542484e-01 
9.542484e-01 
9.542484e-01 
9.542484e-01 
9.542484e-01 
9.542484e-01 
9.542484e-01 
9.542484e-01 
9.542484e-01 
9.542484e-01 
9.542484e-01 
9.542484e-01 
9.542484e-01 
9.542484e-01 
9.542484e-01 
9.542484e-01 
9.542484e-01 
9.542484e-01 
9.542484e-01 
9.542484e-01 
9.542484e-01 
9.542484e-01 
9.542484e-01 
9.542484e-01 
9.542484e-01 
9.542484e-01 
9.542484e-01 
9.542484e-01 
9.542484e-01 
9.542484e-01 
9.542484e-01 
9.542484e-01 
9.542484e-01 
9.542484e-01 
9.542484e-01 
9.542484e-01 
9.542484e-01 
9.542484e-01 
9.542484e-01 
9.542484e-01 
9.542484e-01 
9.542484e-01 
9.542484e-01 
9.542484e-01 
9.542484e-01 
9.542484e-01 
9.542484e-01 
9.542484e-01 
9.542484e-01 
9.542484e-01 
9.542484e-01 
9.542484e-01 
9.542484e-01 
9.542484e-01 
9.542484e-01 
9.542484e-01 
9.542484e-01 
9.542484e-01 
9.542484e-01 
9.542484e-01 
9.542484e-01 
9.542484e-01 
9.542484e-01 
9.542484e-01 
9.542484e-01 
9.542484e-01 
9.542484e-01 
9.542484e-01 
9.542484e-01 
9.542484e-01 
9.542484e-01 
9.542484e-01 
9.542484e-01 
9.542484e-01 
9.542484e-01 
9.542484e-01 
9.542484e-01 
9.542484e-01 
9.542484e-01 
9.542484e-01 
9.542484e-01 
9.542484e-01 
9.542484e-01 
9.542484e-01 
9.542484e-01 
9.542484e-01 
9.542484e-01 
9.542484e-01 
9.542484e-01 
9.542484e-01 
9.542484e-01 
9.542484e-01 
9.542484e-01 
9.542484e-01 
9.542484e-01 
9.542484e-01 
9.542484e-01 
9.542484e-01 
9.542484e-01 
9.542484e-01 
9.542484e-01 
9.542484e-01 
9.542484e-01 
9.542484e-01 
9.542484e-01 
9.542484e-01 
9.542484e-01 
9.542484e-01 
9.542484e-01 
9.542484e-01 
9.542484e-01 
9.542484e-01 
9.542484e-01 
9.542484e-01 
9.542484e-01 
9.542484e-01 
9.542484e-01 
9.542484e-01 
9.542484e-01 
9.542484e-01 
9.542484e-01 
9.542484e-01 
9.542484e-01 
9.542484e-01 
9.542484e-01 
9.542484e-01 
9.542484e-01 
9.542484e-01 
9.542484e-01 
9.542484e-01 
9.542484e-01 
9.542484e-01 
9.542484e-01 
9.542484e-01 
9.542484e-01 
9.542484e-01 
9.542484e-01 
9.542484e-01 
9.542484e-01 
9.542484e-01 
9.542484e-01 
9.542484e-01 
9.542484e-01 
9.542484e-01 
9.542484e-01 
9.542484e-01 
9.542484e-01 
9.542483e-01 
9.542482e-01 
9.542481e-01 
9.542479e-01 
9.542477e-01 
9.542475e-01 
9.542473e-01 
9.542471e-01 
9.542469e-01 
9.542466e-01 
9.542464e-01 
9.542461e-01 
9.542458e-01 
9.542455e-01 
9.542452e-01 
9.542448e-01 
9.542445e-01 
9.542441e-01 
9.542437e-01 
9.542433e-01 
9.542429e-01 
9.542425e-01 
9.542421e-01 
9.542418e-01 
9.542414e-01 
9.542410e-01 
9.542407e-01 
9.542404e-01 
9.542401e-01 
9.542398e-01 
9.542395e-01 
9.542393e-01 
9.542390e-01 
9.542388e-01 
9.542386e-01 
9.542384e-01 
9.542382e-01 
9.542380e-01 
9.542378e-01 
9.542376e-01 
9.542374e-01 
9.542372e-01 
9.542371e-01 
9.542369e-01 
9.542368e-01 
9.542366e-01 
9.542365e-01 
9.542364e-01 
9.542363e-01 
9.542361e-01 
9.542360e-01 
9.542359e-01 
9.542358e-01 
9.542357e-01 
9.542356e-01 
9.542355e-01 
9.542354e-01 
9.542353e-01 
9.542352e-01 
9.542351e-01 
9.542350e-01 
9.542349e-01 
9.542349e-01 
9.542348e-01 
9.542347e-01 
9.542346e-01 
9.542346e-01 
9.542345e-01 
9.542344e-01 
9.542344e-01 
9.542343e-01 
9.542343e-01 
9.542342e-01 
9.542341e-01 
9.542341e-01 
9.542340e-01 
9.542340e-01 
9.542339e-01 
9.542339e-01 
9.542338e-01 
9.542338e-01 
9.542338e-01 
9.542338e-01 
9.542338e-01 
9.542338e-01 
9.542338e-01 
9.542338e-01 
9.542338e-01 
9.542338e-01 
9.542338e-01 
9.542338e-01 
9.542338e-01 
9.542338e-01 
9.542338e-01 
9.542338e-01 
9.542338e-01 
9.542338e-01 
9.542338e-01 
9.542338e-01 
9.542338e-01 
9.542338e-01 
9.542338e-01 
9.542338e-01 
9.542338e-01 
9.542338e-01 
9.542338e-01 
9.542338e-01 
9.542338e-01 
9.542338e-01 
9.542338e-01 
9.542338e-01 
9.542338e-01 
9.542338e-01 
9.542338e-01 
9.542338e-01 
9.542338e-01 
9.542338e-01 
9.542338e-01 
9.542338e-01 
9.542338e-01 
9.542338e-01 
9.542338e-01 
9.542338e-01 
9.542338e-01 
9.542338e-01 
9.542338e-01 
9.542338e-01 
9.542338e-01 
9.542338e-01 
9.542338e-01 
9.542338e-01 
9.542338e-01 
9.542338e-01 
9.542338e-01 
9.542338e-01 
9.542338e-01 
9.542338e-01 
9.542338e-01 
9.542338e-01 
9.542338e-01 
9.542338e-01 
9.542338e-01 
9.542338e-01 
9.542338e-01 
9.542338e-01 
9.542338e-01 
9.542338e-01 
9.542338e-01 
9.542338e-01 
9.542338e-01 
9.542338e-01 
9.542338e-01 
9.542338e-01 
9.542338e-01 
9.542338e-01 
9.542338e-01 
9.542338e-01 
9.542338e-01 
9.542338e-01 
9.542338e-01 
9.542338e-01 
9.542338e-01 
9.542338e-01 
9.542338e-01 
9.542338e-01 
9.542338e-01 
9.542338e-01 
9.542338e-01 
9.542338e-01 
9.542338e-01 
9.542338e-01 
9.542338e-01 
9.542338e-01 
9.542338e-01 
9.542338e-01 
9.542338e-01 
9.542338e-01 
9.542338e-01 
9.542338e-01 
9.542338e-01 
9.542338e-01 
9.542338e-01 
9.542338e-01 
9.542338e-01 
9.542338e-01 
9.542338e-01 
9.542338e-01 
9.542338e-01 
9.542338e-01 
9.542338e-01 
9.542338e-01 
9.542338e-01 
9.542338e-01 
9.542338e-01 
9.542338e-01 
9.542338e-01 
9.542338e-01 
9.542338e-01 
9.542338e-01 
9.542338e-01 
9.542338e-01 
9.542338e-01 
9.542338e-01 
9.542338e-01 
9.542338e-01 
9.542338e-01 
9.542338e-01 
9.542338e-01 
9.542338e-01 
9.542338e-01 
9.542338e-01 
9.542338e-01 
9.542338e-01 
9.542338e-01 
9.542338e-01 
9.542338e-01 
9.542338e-01 
9.542338e-01 
9.542338e-01 
9.542338e-01 
9.542338e-01 
9.542338e-01 
9.542338e-01 
9.542338e-01 
9.542338e-01 
9.542338e-01 
9.542338e-01 
9.542338e-01 
9.542338e-01 
9.542338e-01 
9.542338e-01 
9.542338e-01 
9.542338e-01 
9.542338e-01 
9.542338e-01 
9.542338e-01 
9.542338e-01 
9.542338e-01 
9.542338e-01 
9.542338e-01 
9.542338e-01 
9.542338e-01 
9.542338e-01 
9.542338e-01 
9.542338e-01 
9.542338e-01 
9.542338e-01 
9.542338e-01 
9.542338e-01 
9.542338e-01 
9.483859e-01 
9.174347e-01 
8.809787e-01 
8.399211e-01 
7.950629e-01 
7.469442e-01 
6.959118e-01 
6.420087e-01 
5.850068e-01 
5.242888e-01 
4.588416e-01 
3.857875e-01 
3.001366e-01 
1.876484e-01 
2.900364e-02 
5.741384e-03 
2.092956e-03 
1.248761e-03 
8.507965e-04 
6.159451e-04 
4.645734e-04 
3.611352e-04 
2.874428e-04 
2.332084e-04 
1.921372e-04 
1.601795e-04 
1.352884e-04 
1.156223e-04 
1.002871e-04 
8.665785e-05 
7.541399e-05 
6.605554e-05 
5.819837e-05 
5.279750e-05 
4.695733e-05 
4.193945e-05 
3.761656e-05 
3.387188e-05 
3.061146e-05 
2.775920e-05 
2.525302e-05 
2.304189e-05 
2.108357e-05 
1.934293e-05 
1.752226e-05 
1.616292e-05 
1.494241e-05 
1.384331e-05 
1.285093e-05 
1.195265e-05 
1.113762e-05 
1.039646e-05 
9.721017e-06 
9.104221e-06 
8.531283e-06 
8.015253e-06 
7.541757e-06 
7.105824e-06 
6.704288e-06 
6.331112e-06 
5.978372e-06 
5.620609e-06 
5.174550e-06 
4.355173e-06 
3.124096e-06 
2.070370e-06 
1.120803e-06 
2.892560e-07 
-4.447339e-07 
-1.031524e-06 
-1.635709e-06 
-2.000231e-06 
-2.452438e-06 
-2.618301e-06 
-2.954063e-06 
-3.226952e-06 
-3.447271e-06 
-3.618367e-06 
-3.732452e-06 
-3.805136e-06 
-3.851155e-06 
-3.947392e-06 
-3.955623e-06 
-3.963563e-06 
-3.967665e-06 
-3.969127e-06 
-3.967537e-06 
-3.967336e-06 
-3.967321e-06 
-3.967320e-06 
-3.967320e-06 
-3.967320e-06 
-3.967320e-06 
-3.967320e-06 
-3.967320e-06 
-3.967320e-06 
-3.967320e-06 
-3.967320e-06 
-3.967320e-06 
-3.967320e-06 
-3.967320e-06 
-3.967320e-06 
-3.967320e-06 
-3.967320e-06 
-3.967320e-06 
-3.967320e-06 
-3.967320e-06 
-3.967320e-06 
-3.967320e-06 
-3.967320e-06 
-3.967320e-06 
-3.967320e-06 
-3.967320e-06 
-3.967320e-06 
-3.967320e-06 
-3.967320e-06 
-3.967320e-06 
-3.967320e-06 
-3.967320e-06 
-3.967320e-06 
-3.967320e-06 
-3.967320e-06 
-3.967320e-06 
-3.967320e-06 
-3.967320e-06 
-3.967320e-06 
-3.967320e-06 
-3.967320e-06 
-3.967320e-06 
-3.967320e-06 
-3.967320e-06 
-3.967320e-06 
-3.967320e-06 
-3.967320e-06 
-3.967320e-06 
-3.967320e-06 
-3.967320e-06 
-3.967320e-06 
-3.967320e-06 
-3.967320e-06 
-3.967320e-06 
-3.967320e-06 
-3.967320e-06 
-3.967320e-06 
-3.967320e-06 
-3.967320e-06 
-3.967320e-06 
-3.967320e-06 
-3.967320e-06 
-3.967320e-06 
-3.967320e-06 
-3.967320e-06 
-3.967320e-06 
-3.967320e-06 
-3.967320e-06 
-3.967320e-06 
-3.967320e-06 
-3.967320e-06 
-3.967320e-06 
-3.967320e-06 
-3.967320e-06 
-3.967320e-06 
-3.967320e-06 
-3.967320e-06 
-3.967320e-06 
-3.967320e-06 
-3.967320e-06 
-3.967320e-06 
-3.967320e-06 
-3.967320e-06 
-3.967320e-06 
-3.967320e-06 
-3.967320e-06 
-3.967320e-06 
-3.967320e-06 
-3.967320e-06 
-3.967320e-06 
-3.967320e-06 
-3.967320e-06 
-3.967320e-06 
-3.967320e-06 
-3.967320e-06 
-3.967320e-06 
-3.967320e-06 
-3.967320e-06 
-3.967320e-06 
-3.967320e-06 
-3.967320e-06 
-3.967320e-06 
-3.967320e-06 
-3.967320e-06 
-3.967320e-06 
-3.967320e-06 
-3.967320e-06 
-3.967320e-06 
-3.967320e-06 
-3.967320e-06 
-3.967320e-06 
-3.967320e-06 
-3.967320e-06 
-3.967320e-06 
-3.967320e-06 
-3.967320e-06 
-3.967320e-06 
-3.967320e-06 
-3.967320e-06 
-3.967320e-06 
-3.967320e-06 
-3.967320e-06 
-3.967320e-06 
-3.967320e-06 
-3.967320e-06 
-3.967320e-06 
-3.967320e-06 
-3.967320e-06 
-3.967320e-06 
-3.967320e-06 
-3.967320e-06 
-3.967320e-06 
-3.967320e-06 
-3.967320e-06 
-3.967320e-06 
-3.967320e-06 
-3.967320e-06 
-3.967320e-06 
-3.967320e-06 
-3.967320e-06 
-3.967320e-06 
-3.967320e-06 
-3.967320e-06 
-3.967320e-06 
-3.967320e-06 
-3.967320e-06 
-3.967320e-06 
-3.967320e-06 
-3.967320e-06 
-3.967320e-06 
-3.967320e-06 
-3.967320e-06 
-3.967320e-06 
-3.967320e-06 
-3.967320e-06 
-3.967320e-06 
-3.967320e-06 
-3.967320e-06 
-3.967320e-06 
-3.967320e-06 
-3.967320e-06 
-3.967320e-06 
-3.967320e-06 
-3.966887e-06 
-3.955267e-06 
-3.904656e-06 
-3.814609e-06 
-3.745162e-06 
-3.672255e-06 
-3.550637e-06 
-3.448703e-06 
-3.398714e-06 
-3.276027e-06 
-3.152492e-06 
-3.039982e-06 
-2.919661e-06 
-2.790879e-06 
-2.652932e-06 
-2.505044e-06 
-2.346364e-06 
-2.175954e-06 
-1.992777e-06 
-1.795690e-06 
-1.583429e-06 
-1.354968e-06 
-1.112522e-06 
-8.878981e-07 
-6.030609e-07 
-3.782279e-07 
-5.090667e-08 
1.962452e-07 
5.716571e-07 
9.805855e-07 
1.425856e-06 
1.911384e-06 
2.441587e-06 
3.021453e-06 
3.505210e-06 
4.084479e-06 
4.823788e-06 
5.637362e-06 
6.533953e-06 
7.523782e-06 
8.618520e-06 
9.831508e-06 
1.117800e-05 
1.267544e-05 
1.496061e-05 
1.695352e-05 
1.912455e-05 
2.155690e-05 
2.428559e-05 
2.734979e-05 
3.079297e-05 
3.466258e-05 
4.045162e-05 
4.551688e-05 
5.117728e-05 
5.749238e-05 
6.627500e-05 
7.523250e-05 
8.429267e-05 
9.373996e-05 
1.038974e-04 
1.147429e-04 
1.262464e-04 
1.383800e-04 
1.511241e-04 
1.644736e-04 
1.784431e-04 
1.930558e-04 
2.083161e-04 
2.238872e-04 
2.410954e-04 
2.577735e-04 
2.774419e-04 
2.900346e-04 
3.119641e-04 
3.355604e-04 
3.608802e-04 
3.878210e-04 
4.160027e-04 
4.357515e-04 
4.639097e-04 
4.857502e-04 
4.874828e-04 
4.897653e-04 
4.899018e-04 
4.899101e-04 
4.899106e-04 
4.899106e-04 
4.899106e-04 
4.899106e-04 
4.899106e-04 
4.899106e-04 
4.899106e-04 
4.899106e-04 
4.899106e-04 
4.899106e-04 
4.899106e-04 
4.899106e-04 
4.899106e-04 
4.899106e-04 
4.899106e-04 
4.899106e-04 
4.899106e-04 
4.899106e-04 
4.899106e-04 
4.899106e-04 
4.899106e-04 
4.899106e-04 
4.899106e-04 
4.899106e-04 
4.899106e-04 
4.899106e-04 
4.899106e-04 
4.899106e-04 
4.899106e-04 
4.899106e-04 
4.899106e-04 
4.899106e-04 
4.899106e-04 
4.899106e-04 
4.899106e-04 
4.899106e-04 
4.899106e-04 
4.899106e-04 
4.899106e-04 
4.899106e-04 
4.899106e-04 
4.899106e-04 
4.899106e-04 
4.899106e-04 
4.899106e-04 
4.899106e-04 
4.899106e-04 
4.899106e-04 
4.899106e-04 
4.899106e-04 
4.899106e-04 
4.899106e-04 
4.899106e-04 
4.899106e-04 
4.899106e-04 
4.899106e-04 
4.899106e-04 
4.899106e-04 
4.899106e-04 
4.899106e-04 
4.899106e-04 
4.899106e-04 
4.899106e-04 
4.899106e-04 
4.899106e-04 
4.899106e-04 
4.899106e-04 
4.899106e-04 
4.899106e-04 
4.899106e-04 
4.899106e-04 
4.899106e-04 
4.899106e-04 
4.899106e-04 
4.899106e-04 
4.899106e-04 
4.899106e-04 
4.899106e-04 
4.899106e-04 
4.899106e-04 
4.899106e-04 
4.899106e-04 
4.899106e-04 
4.899106e-04 
4.899106e-04 
4.899106e-04 
4.899106e-04 
4.899106e-04 
4.899106e-04 
4.899106e-04 
4.899106e-04 
4.899106e-04 
4.899106e-04 
4.899106e-04 
4.899106e-04 
4.899106e-04 
4.899106e-04 
4.899106e-04 
4.899106e-04 
4.899106e-04 
4.899106e-04 
4.899106e-04 
4.899106e-04 
4.899106e-04 
4.899106e-04 
4.899106e-04 
4.899106e-04 
4.899106e-04 
4.899106e-04 
4.899106e-04 
4.899106e-04 
4.899106e-04 
4.899106e-04 
4.899106e-04 
4.899106e-04 
4.899106e-04 
4.899106e-04 
4.899106e-04 
4.899106e-04 
4.899106e-04 
4.899106e-04 
4.899106e-04 
4.899106e-04 
4.899106e-04 
4.899106e-04 
4.899106e-04 
4.899106e-04 
4.899106e-04 
4.899106e-04 
4.899106e-04 
4.899106e-04 
4.899106e-04 
4.899106e-04 
4.899106e-04 
4.899106e-04 
4.899106e-04 
4.899106e-04 
4.899106e-04 
4.899106e-04 
4.899106e-04 
4.899106e-04 
4.899106e-04 
4.899106e-04 
4.899106e-04 
4.899106e-04 
4.899106e-04 
4.899106e-04 
4.899106e-04 
4.899106e-04 
4.899106e-04 
4.899106e-04 
4.899106e-04 
4.899106e-04 
4.899106e-04 
4.899106e-04 
4.899106e-04 
4.899106e-04 
4.899106e-04 
4.899106e-04 
4.899106e-04 
4.899106e-04 
4.899106e-04 
4.899106e-04 
4.899106e-04 
4.933796e-04 
5.105952e-04 
5.311228e-04 
5.559898e-04 
5.792359e-04 
6.042343e-04 
6.305005e-04 
6.583764e-04 
6.880114e-04 
7.195607e-04 
7.531816e-04 
7.890465e-04 
8.273457e-04 
8.682891e-04 
9.121089e-04 
9.590590e-04 
1.009433e-03 
1.063545e-03 
1.121736e-03 
1.184307e-03 
1.251659e-03 
1.324261e-03 
1.402646e-03 
1.487414e-03 
1.579280e-03 
1.678859e-03 
1.787211e-03 
1.905200e-03 
2.033467e-03 
2.174118e-03 
2.328164e-03 
2.493026e-03 
2.678405e-03 
2.882736e-03 
3.108477e-03 
3.358486e-03 
3.585588e-03 
3.888262e-03 
4.226261e-03 
4.604536e-03
#[#TRACE_DATA]
#[#TRACE]
