#[TRACE]
#data_labels=Output
#[TRACE_DATA]
-5.058052e-03 
-6.323084e-03 
-8.292608e-03 
-1.116222e-02 
-1.549950e-02 
-2.234965e-02 
-3.375363e-02 
-5.393372e-02 
-9.184338e-02 
-1.641022e-01 
-2.846179e-01 
-4.356033e-01 
-5.881191e-01 
-7.298418e-01 
-8.538515e-01 
-9.485806e-01 
-9.542486e-01 
-9.542486e-01 
-9.542486e-01 
-9.542486e-01 
-9.542486e-01 
-9.542486e-01 
-9.542486e-01 
-9.542486e-01 
-9.542486e-01 
-9.542486e-01 
-9.542486e-01 
-9.542486e-01 
-9.542486e-01 
-9.542486e-01 
-9.542486e-01 
-9.542486e-01 
-9.542486e-01 
-9.542486e-01 
-9.542486e-01 
-9.542486e-01 
-9.542486e-01 
-9.542486e-01 
-9.542486e-01 
-9.542486e-01 
-9.542486e-01 
-9.542486e-01 
-9.542486e-01 
-9.542486e-01 
-9.542486e-01 
-9.542486e-01 
-9.542486e-01 
-9.542486e-01 
-9.542486e-01 
-9.542486e-01 
-9.542486e-01 
-9.542486e-01 
-9.542486e-01 
-9.542486e-01 
-9.542486e-01 
-9.542486e-01 
-9.542486e-01 
-9.542486e-01 
-9.542486e-01 
-9.542486e-01 
-9.542486e-01 
-9.542486e-01 
-9.542486e-01 
-9.542486e-01 
-9.542486e-01 
-9.542486e-01 
-9.542486e-01 
-9.542486e-01 
-9.542486e-01 
-9.542486e-01 
-9.542486e-01 
-9.542486e-01 
-9.542486e-01 
-9.542486e-01 
-9.542486e-01 
-9.542486e-01 
-9.542486e-01 
-9.542486e-01 
-9.542486e-01 
-9.542484e-01 
-9.542479e-01 
-9.542472e-01 
-9.542463e-01 
-9.542450e-01 
-9.542431e-01 
-9.542407e-01 
-9.542396e-01 
-9.542389e-01 
-9.542382e-01 
-9.542377e-01 
-9.542372e-01 
-9.542367e-01 
-9.542363e-01 
-9.542360e-01 
-9.542356e-01 
-9.542353e-01 
-9.542350e-01 
-9.542348e-01 
-9.542346e-01 
-9.542343e-01 
-9.542341e-01 
-9.542339e-01 
-9.542338e-01 
-9.542336e-01 
-9.542335e-01 
-9.542333e-01 
-9.542332e-01 
-9.542330e-01 
-9.542329e-01 
-9.542329e-01 
-9.542329e-01 
-9.542329e-01 
-9.542329e-01 
-9.542329e-01 
-9.542329e-01 
-9.542329e-01 
-9.542329e-01 
-9.542329e-01 
-9.542329e-01 
-9.542329e-01 
-9.542329e-01 
-9.542329e-01 
-9.542329e-01 
-9.542329e-01 
-9.542329e-01 
-9.542329e-01 
-9.542329e-01 
-9.542329e-01 
-9.542329e-01 
-9.542329e-01 
-9.542329e-01 
-9.542329e-01 
-9.542329e-01 
-9.542329e-01 
-9.542329e-01 
-9.542329e-01 
-9.542329e-01 
-9.542329e-01 
-9.542329e-01 
-9.542329e-01 
-9.542329e-01 
-9.542329e-01 
-9.542329e-01 
-9.542329e-01 
-9.542329e-01 
-9.542329e-01 
-9.542329e-01 
-9.542329e-01 
-9.542329e-01 
-9.542329e-01 
-9.542329e-01 
-9.542329e-01 
-9.542329e-01 
-9.542329e-01 
-9.542329e-01 
-9.542329e-01 
-9.542329e-01 
-9.542329e-01 
-9.542329e-01 
-9.542329e-01 
-9.542329e-01 
-9.542329e-01 
-9.542329e-01 
-9.542329e-01 
-9.542329e-01 
-9.542329e-01 
-9.542329e-01 
-9.542329e-01 
-9.542329e-01 
-9.542329e-01 
-9.542329e-01 
-9.542329e-01 
-9.513984e-01 
-8.594724e-01 
-7.375341e-01 
-5.956685e-01 
-4.317825e-01 
-2.306074e-01 
-3.593721e-02 
3.558028e-04 
4.055393e-04 
2.273513e-04 
1.426443e-04 
9.623870e-05 
6.840741e-05 
5.062537e-05 
3.871691e-05 
3.045077e-05 
2.455595e-05 
2.027398e-05 
1.713925e-05 
1.486666e-05 
1.329602e-05 
1.237196e-05 
1.214824e-05 
1.276546e-05 
1.418982e-05 
1.581132e-05 
1.705178e-05 
1.790966e-05 
1.858270e-05 
1.920566e-05 
1.969308e-05 
1.988950e-05 
1.988950e-05 
1.988950e-05 
1.988950e-05 
1.988950e-05 
1.988950e-05 
1.988950e-05 
1.988950e-05 
1.988950e-05 
1.988950e-05 
1.988950e-05 
1.988950e-05 
1.988950e-05 
1.988950e-05 
1.988950e-05 
1.988950e-05 
1.988950e-05 
1.988950e-05 
1.988950e-05 
1.988950e-05 
1.988950e-05 
1.988950e-05 
1.988950e-05 
1.988950e-05 
1.988950e-05 
1.988950e-05 
1.988950e-05 
1.988950e-05 
1.988950e-05 
1.988950e-05 
1.988950e-05 
1.988950e-05 
1.988950e-05 
1.988950e-05 
1.988950e-05 
1.988950e-05 
1.988950e-05 
1.988950e-05 
1.988950e-05 
1.988950e-05 
1.988950e-05 
1.988950e-05 
1.988950e-05 
1.988950e-05 
1.988950e-05 
1.988950e-05 
1.988950e-05 
1.988950e-05 
1.988950e-05 
1.988950e-05 
1.988950e-05 
1.988950e-05 
1.988950e-05 
1.988950e-05 
1.988950e-05 
1.988950e-05 
1.988950e-05 
1.988950e-05 
1.988950e-05 
1.988950e-05 
1.988950e-05 
1.988950e-05 
1.988950e-05 
1.995459e-05 
2.012716e-05 
2.031256e-05 
2.051177e-05 
2.072580e-05 
2.095563e-05 
2.120225e-05 
2.146668e-05 
2.174987e-05 
2.205202e-05 
2.237182e-05 
2.270595e-05 
2.304776e-05 
2.338508e-05 
2.369626e-05 
2.394334e-05 
2.405987e-05 
2.392830e-05 
2.333729e-05 
2.189813e-05 
1.887811e-05 
1.287146e-05 
1.215476e-06 
-2.061114e-05 
-5.779908e-05 
-1.110362e-04 
-1.752336e-04 
-2.474229e-04 
-3.291731e-04 
-4.198199e-04 
-4.777487e-04 
-4.777720e-04 
-4.777720e-04 
-4.777720e-04 
-4.777720e-04 
-4.777720e-04 
-4.777720e-04 
-4.777720e-04 
-4.777720e-04 
-4.777720e-04 
-4.777720e-04 
-4.777720e-04 
-4.777720e-04 
-4.777720e-04 
-4.777720e-04 
-4.777720e-04 
-4.777720e-04 
-4.777720e-04 
-4.777720e-04 
-4.777720e-04 
-4.777720e-04 
-4.777720e-04 
-4.777720e-04 
-4.777720e-04 
-4.777720e-04 
-4.777720e-04 
-4.777720e-04 
-4.777720e-04 
-4.777720e-04 
-4.777720e-04 
-4.777720e-04 
-4.777720e-04 
-4.777720e-04 
-4.777720e-04 
-4.777720e-04 
-4.777720e-04 
-4.777720e-04 
-4.777720e-04 
-4.777720e-04 
-4.777720e-04 
-4.777720e-04 
-4.777720e-04 
-4.777720e-04 
-4.777720e-04 
-4.777720e-04 
-4.777720e-04 
-4.777720e-04 
-4.777720e-04 
-4.777720e-04 
-4.777720e-04 
-4.777720e-04 
-4.777720e-04 
-4.777720e-04 
-4.777720e-04 
-4.777720e-04 
-4.777720e-04 
-4.777720e-04 
-4.777720e-04 
-4.777720e-04 
-4.777720e-04 
-4.777720e-04 
-4.777720e-04 
-4.777720e-04 
-4.796650e-04 
-5.322608e-04 
-5.951900e-04 
-6.690367e-04 
-7.563219e-04 
-8.603119e-04 
-9.851864e-04 
-1.136158e-03 
-1.319762e-03 
-1.544957e-03 
-1.824472e-03 
-2.176115e-03 
-2.624959e-03 
-3.207049e-03 
-3.975447e-03 
-5.010354e-03 
-6.436632e-03 
-8.455394e-03 
-1.140354e-02 
-1.587183e-02 
-2.295229e-02 
-3.478617e-02 
-5.581829e-02 
-9.545884e-02 
-1.707843e-01 
-2.943665e-01 
-4.462044e-01 
-5.982287e-01 
-7.389780e-01 
-8.614357e-01 
-9.528596e-01 
-9.542486e-01 
-9.542486e-01 
-9.542486e-01 
-9.542486e-01 
-9.542486e-01 
-9.542486e-01 
-9.542486e-01 
-9.542486e-01 
-9.542486e-01 
-9.542486e-01 
-9.542486e-01 
-9.542486e-01 
-9.542486e-01 
-9.542486e-01 
-9.542486e-01 
-9.542486e-01 
-9.542486e-01 
-9.542486e-01 
-9.542486e-01 
-9.542486e-01 
-9.542486e-01 
-9.542486e-01 
-9.542486e-01 
-9.542486e-01 
-9.542486e-01 
-9.542486e-01 
-9.542486e-01 
-9.542486e-01 
-9.542486e-01 
-9.542486e-01 
-9.542486e-01 
-9.542486e-01 
-9.542486e-01 
-9.542486e-01 
-9.542486e-01 
-9.542486e-01 
-9.542486e-01 
-9.542486e-01 
-9.542486e-01 
-9.542486e-01 
-9.542486e-01 
-9.542486e-01 
-9.542486e-01 
-9.542486e-01 
-9.542486e-01 
-9.542486e-01 
-9.542486e-01 
-9.542486e-01 
-9.542486e-01 
-9.542486e-01 
-9.542486e-01 
-9.542486e-01 
-9.542486e-01 
-9.542486e-01 
-9.542486e-01 
-9.542486e-01 
-9.542486e-01 
-9.542486e-01 
-9.542486e-01 
-9.542486e-01 
-9.542486e-01 
-9.542486e-01 
-9.542486e-01 
-9.542484e-01 
-9.542478e-01 
-9.542471e-01 
-9.542462e-01 
-9.542449e-01 
-9.542429e-01 
-9.542406e-01 
-9.542395e-01 
-9.542388e-01 
-9.542382e-01 
-9.542377e-01 
-9.542372e-01 
-9.542367e-01 
-9.542363e-01 
-9.542359e-01 
-9.542356e-01 
-9.542353e-01 
-9.542350e-01 
-9.542348e-01 
-9.542345e-01 
-9.542343e-01 
-9.542341e-01 
-9.542339e-01 
-9.542338e-01 
-9.542336e-01 
-9.542334e-01 
-9.542333e-01 
-9.542332e-01 
-9.542330e-01 
-9.542329e-01 
-9.542329e-01 
-9.542329e-01 
-9.542329e-01 
-9.542329e-01 
-9.542329e-01 
-9.542329e-01 
-9.542329e-01 
-9.542329e-01 
-9.542329e-01 
-9.542329e-01 
-9.542329e-01 
-9.542329e-01 
-9.542329e-01 
-9.542329e-01 
-9.542329e-01 
-9.542329e-01 
-9.542329e-01 
-9.542329e-01 
-9.542329e-01 
-9.542329e-01 
-9.542329e-01 
-9.542329e-01 
-9.542329e-01 
-9.542329e-01 
-9.542329e-01 
-9.542329e-01 
-9.542329e-01 
-9.542329e-01 
-9.542329e-01 
-9.542329e-01 
-9.542329e-01 
-9.542329e-01 
-9.542329e-01 
-9.542329e-01 
-9.542329e-01 
-9.542329e-01 
-9.542329e-01 
-9.542329e-01 
-9.542329e-01 
-9.542329e-01 
-9.542329e-01 
-9.542329e-01 
-9.542329e-01 
-9.542329e-01 
-9.542329e-01 
-9.542329e-01 
-9.542329e-01 
-9.542329e-01 
-9.542329e-01 
-9.542329e-01 
-9.542329e-01 
-9.542329e-01 
-9.542329e-01 
-9.542329e-01 
-9.542329e-01 
-9.542329e-01 
-9.542329e-01 
-9.542329e-01 
-9.542329e-01 
-9.542329e-01 
-9.542329e-01 
-9.542329e-01 
-9.542329e-01 
-9.467515e-01 
-8.519086e-01 
-7.284245e-01 
-5.852656e-01 
-4.194578e-01 
-2.152677e-01 
-2.890143e-02 
4.513752e-04 
3.777139e-04 
2.130584e-04 
1.339489e-04 
9.031203e-05 
6.401467e-05 
4.714144e-05 
3.578821e-05 
2.785637e-05 
2.214218e-05 
1.791893e-05 
1.472924e-05 
1.227514e-05 
1.035674e-05 
8.836479e-06 
7.616473e-06 
6.621197e-06 
5.786494e-06 
5.077122e-06 
4.482044e-06 
3.981674e-06 
3.554399e-06 
3.181751e-06 
2.855824e-06 
2.840625e-06 
2.840625e-06 
2.840625e-06 
2.840625e-06 
2.840625e-06 
2.840625e-06 
2.840625e-06 
2.840625e-06 
2.840625e-06 
2.840625e-06 
2.840625e-06 
2.840625e-06 
2.840625e-06 
2.840625e-06 
2.840625e-06 
2.840625e-06 
2.840625e-06 
2.840625e-06 
2.840625e-06 
2.840625e-06 
2.840625e-06 
2.840625e-06 
2.840625e-06 
2.840625e-06 
2.840625e-06 
2.840625e-06 
2.840625e-06 
2.840625e-06 
2.840625e-06 
2.840625e-06 
2.840625e-06 
2.840625e-06 
2.840625e-06 
2.840625e-06 
2.840625e-06 
2.840625e-06 
2.840625e-06 
2.840625e-06 
2.840625e-06 
2.840625e-06 
2.840625e-06 
2.840625e-06 
2.840625e-06 
2.840625e-06 
2.840625e-06 
2.840625e-06 
2.840625e-06 
2.840625e-06 
2.840625e-06 
2.840625e-06 
2.840625e-06 
2.840625e-06 
2.840625e-06 
2.840625e-06 
2.840625e-06 
2.840625e-06 
2.840625e-06 
2.840625e-06 
2.840625e-06 
2.840625e-06 
2.840625e-06 
2.840625e-06 
2.840625e-06 
2.926106e-06 
3.131333e-06 
3.362369e-06 
3.623732e-06 
3.920990e-06 
4.261043e-06 
4.652531e-06 
5.106383e-06 
5.636577e-06 
6.261202e-06 
7.003991e-06 
7.896580e-06 
8.981882e-06 
1.031925e-05 
1.199258e-05 
1.412352e-05 
1.689354e-05 
2.058244e-05 
2.563790e-05 
3.280594e-05 
4.337993e-05 
5.965507e-05 
8.553576e-05 
1.260953e-04 
1.827626e-04 
2.488478e-04 
3.175293e-04 
3.867358e-04 
4.542841e-04 
5.126506e-04 
5.381817e-04 
5.381847e-04 
5.381847e-04 
5.381847e-04 
5.381847e-04 
5.381847e-04 
5.381847e-04 
5.381847e-04 
5.381847e-04 
5.381847e-04 
5.381847e-04 
5.381847e-04 
5.381847e-04 
5.381847e-04 
5.381847e-04 
5.381847e-04 
5.381847e-04 
5.381847e-04 
5.381847e-04 
5.381847e-04 
5.381847e-04 
5.381847e-04 
5.381847e-04 
5.381847e-04 
5.381847e-04 
5.381847e-04 
5.381847e-04 
5.381847e-04 
5.381847e-04 
5.381847e-04 
5.381847e-04 
5.381847e-04 
5.381847e-04 
5.381847e-04 
5.381847e-04 
5.381847e-04 
5.381847e-04 
5.381847e-04 
5.381847e-04 
5.381847e-04 
5.381847e-04 
5.381847e-04 
5.381847e-04 
5.381847e-04 
5.381847e-04 
5.381847e-04 
5.381847e-04 
5.381847e-04 
5.381847e-04 
5.381847e-04 
5.381847e-04 
5.381847e-04 
5.381847e-04 
5.381847e-04 
5.381847e-04 
5.381847e-04 
5.381847e-04 
5.381847e-04 
5.381847e-04 
5.381847e-04 
5.381847e-04 
5.381847e-04 
5.381847e-04 
5.432037e-04 
6.015581e-04 
6.694215e-04 
7.465342e-04 
7.941249e-04 
8.962101e-04 
1.026361e-03 
1.183746e-03 
1.375158e-03 
1.609935e-03 
1.901381e-03 
2.268092e-03 
2.736264e-03 
3.343576e-03 
4.145532e-03 
5.226093e-03 
6.716107e-03 
8.826572e-03 
1.191145e-02 
1.659242e-02 
2.402057e-02 
3.645593e-02 
5.858638e-02 
1.002557e-01 
1.787393e-01 
3.048780e-01 
4.570273e-01 
6.083469e-01 
7.480443e-01 
8.688826e-01 
9.539781e-01 
9.542487e-01 
9.542487e-01 
9.542487e-01 
9.542487e-01 
9.542487e-01 
9.542487e-01 
9.542487e-01 
9.542487e-01 
9.542487e-01 
9.542487e-01 
9.542487e-01 
9.542487e-01 
9.542487e-01 
9.542487e-01 
9.542487e-01 
9.542487e-01 
9.542487e-01 
9.542487e-01 
9.542487e-01 
9.542487e-01 
9.542487e-01 
9.542487e-01 
9.542487e-01 
9.542487e-01 
9.542487e-01 
9.542487e-01 
9.542487e-01 
9.542487e-01 
9.542487e-01 
9.542487e-01 
9.542487e-01 
9.542487e-01 
9.542487e-01 
9.542487e-01 
9.542487e-01 
9.542487e-01 
9.542487e-01 
9.542487e-01 
9.542487e-01 
9.542487e-01 
9.542487e-01 
9.542487e-01 
9.542487e-01 
9.542487e-01 
9.542487e-01 
9.542487e-01 
9.542487e-01 
9.542487e-01 
9.542487e-01 
9.542487e-01 
9.542487e-01 
9.542487e-01 
9.542487e-01 
9.542487e-01 
9.542487e-01 
9.542487e-01 
9.542487e-01 
9.542487e-01 
9.542487e-01 
9.542487e-01 
9.542487e-01 
9.542487e-01 
9.542487e-01 
9.542485e-01 
9.542481e-01 
9.542475e-01 
9.542468e-01 
9.542460e-01 
9.542450e-01 
9.542440e-01 
9.542428e-01 
9.542417e-01 
9.542406e-01 
9.542397e-01 
9.542389e-01 
9.542382e-01 
9.542376e-01 
9.542371e-01 
9.542366e-01 
9.542362e-01 
9.542358e-01 
9.542355e-01 
9.542352e-01 
9.542349e-01 
9.542347e-01 
9.542344e-01 
9.542342e-01 
9.542340e-01 
9.542338e-01 
9.542337e-01 
9.542335e-01 
9.542334e-01 
9.542332e-01 
9.542332e-01 
9.542332e-01 
9.542332e-01 
9.542332e-01 
9.542332e-01 
9.542332e-01 
9.542332e-01 
9.542332e-01 
9.542332e-01 
9.542332e-01 
9.542332e-01 
9.542332e-01 
9.542332e-01 
9.542332e-01 
9.542332e-01 
9.542332e-01 
9.542332e-01 
9.542332e-01 
9.542332e-01 
9.542332e-01 
9.542332e-01 
9.542332e-01 
9.542332e-01 
9.542332e-01 
9.542332e-01 
9.542332e-01 
9.542332e-01 
9.542332e-01 
9.542332e-01 
9.542332e-01 
9.542332e-01 
9.542332e-01 
9.542332e-01 
9.542332e-01 
9.542332e-01 
9.542332e-01 
9.542332e-01 
9.542332e-01 
9.542332e-01 
9.542332e-01 
9.542332e-01 
9.542332e-01 
9.542332e-01 
9.542332e-01 
9.542332e-01 
9.542332e-01 
9.542332e-01 
9.542332e-01 
9.542332e-01 
9.542332e-01 
9.542332e-01 
9.542332e-01 
9.542332e-01 
9.542332e-01 
9.542332e-01 
9.542332e-01 
9.542332e-01 
9.542332e-01 
9.542332e-01 
9.542332e-01 
9.542332e-01 
9.542332e-01 
9.542332e-01 
9.415767e-01 
8.442201e-01 
7.192605e-01 
5.749297e-01 
4.076986e-01 
2.029184e-01 
2.730242e-02 
1.055449e-03 
3.621387e-04 
2.057706e-04 
1.301045e-04 
8.806336e-05 
6.260230e-05 
4.620593e-05 
3.514217e-05 
2.739482e-05 
2.180292e-05 
1.766340e-05 
1.453261e-05 
1.212091e-05 
1.023369e-05 
8.736828e-06 
7.534960e-06 
6.554849e-06 
5.735090e-06 
5.040840e-06 
4.457831e-06 
3.966096e-06 
3.545076e-06 
3.177157e-06 
2.867726e-06 
2.861658e-06 
2.861658e-06 
2.861658e-06 
2.861658e-06 
2.861658e-06 
2.861658e-06 
2.861658e-06 
2.861658e-06 
2.861658e-06 
2.861658e-06 
2.861658e-06 
2.861658e-06 
2.861658e-06 
2.861658e-06 
2.861658e-06 
2.861658e-06 
2.861658e-06 
2.861658e-06 
2.861658e-06 
2.861658e-06 
2.861658e-06 
2.861658e-06 
2.861658e-06 
2.861658e-06 
2.861658e-06 
2.861658e-06 
2.861658e-06 
2.861658e-06 
2.861658e-06 
2.861658e-06 
2.861658e-06 
2.861658e-06 
2.861658e-06 
2.861658e-06 
2.861658e-06 
2.861658e-06 
2.861658e-06 
2.861658e-06 
2.861658e-06 
2.861658e-06 
2.861658e-06 
2.861658e-06 
2.861658e-06 
2.861658e-06 
2.861658e-06 
2.861658e-06 
2.861658e-06 
2.861658e-06 
2.861658e-06 
2.861658e-06 
2.861658e-06 
2.861658e-06 
2.861658e-06 
2.861658e-06 
2.861658e-06 
2.861658e-06 
2.861658e-06 
2.861658e-06 
2.861658e-06 
2.861658e-06 
2.861658e-06 
2.861658e-06 
2.861658e-06 
2.961012e-06 
3.169075e-06 
3.403343e-06 
3.668422e-06 
3.969984e-06 
4.315059e-06 
4.712456e-06 
5.173322e-06 
5.711927e-06 
6.346747e-06 
7.102046e-06 
8.010203e-06 
9.115192e-06 
1.047790e-05 
1.218454e-05 
1.436032e-05 
1.719236e-05 
2.096984e-05 
2.615657e-05 
3.352737e-05 
4.442806e-05 
6.124521e-05 
8.799975e-05 
1.297128e-04 
1.872710e-04 
2.536354e-04 
3.223443e-04 
3.915179e-04 
4.587352e-04 
5.160122e-04 
5.381909e-04 
5.381919e-04 
5.381919e-04 
5.381919e-04 
5.381919e-04 
5.381919e-04 
5.381919e-04 
5.381919e-04 
5.381919e-04 
5.381919e-04 
5.381919e-04 
5.381919e-04 
5.381919e-04 
5.381919e-04 
5.381919e-04 
5.381919e-04 
5.381919e-04 
5.381919e-04 
5.381919e-04 
5.381919e-04 
5.381919e-04 
5.381919e-04 
5.381919e-04 
5.381919e-04 
5.381919e-04 
5.381919e-04 
5.381919e-04 
5.381919e-04 
5.381919e-04 
5.381919e-04 
5.381919e-04 
5.381919e-04 
5.381919e-04 
5.381919e-04 
5.381919e-04 
5.381919e-04 
5.381919e-04 
5.381919e-04 
5.381919e-04 
5.381919e-04 
5.381919e-04 
5.381919e-04 
5.381919e-04 
5.381919e-04 
5.381919e-04 
5.381919e-04 
5.381919e-04 
5.381919e-04 
5.381919e-04 
5.381919e-04 
5.381919e-04 
5.381919e-04 
5.381919e-04 
5.381919e-04 
5.381919e-04 
5.381919e-04 
5.381919e-04 
5.381919e-04 
5.381919e-04 
5.381919e-04 
5.381919e-04 
5.381919e-04 
5.381919e-04 
5.466589e-04 
6.059062e-04 
6.744393e-04 
7.520048e-04 
7.996225e-04 
9.043591e-04 
1.036187e-03 
1.195662e-03 
1.389703e-03 
1.627880e-03 
1.923809e-03 
2.296518e-03 
2.772844e-03 
3.391445e-03 
4.209370e-03 
5.313079e-03 
6.837610e-03 
9.001272e-03 
1.217136e-02 
1.699514e-02 
2.467578e-02 
3.758511e-02 
6.065766e-02 
1.042216e-01 
1.858934e-01 
3.148475e-01 
4.675898e-01 
6.183410e-01 
7.570100e-01 
8.761832e-01 
9.541959e-01 
9.542487e-01 
9.542487e-01 
9.542487e-01 
9.542487e-01 
9.542487e-01 
9.542487e-01 
9.542487e-01 
9.542487e-01 
9.542487e-01 
9.542487e-01 
9.542487e-01 
9.542487e-01 
9.542487e-01 
9.542487e-01 
9.542487e-01 
9.542487e-01 
9.542487e-01 
9.542487e-01 
9.542487e-01 
9.542487e-01 
9.542487e-01 
9.542487e-01 
9.542487e-01 
9.542487e-01 
9.542487e-01 
9.542487e-01 
9.542487e-01 
9.542487e-01 
9.542487e-01 
9.542487e-01 
9.542487e-01 
9.542487e-01 
9.542487e-01 
9.542487e-01 
9.542487e-01 
9.542487e-01 
9.542487e-01 
9.542487e-01 
9.542487e-01 
9.542487e-01 
9.542487e-01 
9.542487e-01 
9.542487e-01 
9.542487e-01 
9.542487e-01 
9.542487e-01 
9.542487e-01 
9.542487e-01 
9.542487e-01 
9.542487e-01 
9.542487e-01 
9.542487e-01 
9.542487e-01 
9.542487e-01 
9.542487e-01 
9.542487e-01 
9.542487e-01 
9.542487e-01 
9.542487e-01 
9.542487e-01 
9.542487e-01 
9.542487e-01 
9.542487e-01 
9.542485e-01 
9.542480e-01 
9.542474e-01 
9.542468e-01 
9.542459e-01 
9.542450e-01 
9.542439e-01 
9.542427e-01 
9.542416e-01 
9.542406e-01 
9.542397e-01 
9.542389e-01 
9.542382e-01 
9.542376e-01 
9.542370e-01 
9.542366e-01 
9.542362e-01 
9.542358e-01 
9.542355e-01 
9.542352e-01 
9.542349e-01 
9.542346e-01 
9.542344e-01 
9.542342e-01 
9.542340e-01 
9.542338e-01 
9.542336e-01 
9.542335e-01 
9.542333e-01 
9.542332e-01 
9.542331e-01 
9.542331e-01 
9.542331e-01 
9.542331e-01 
9.542331e-01 
9.542331e-01 
9.542331e-01 
9.542331e-01 
9.542331e-01 
9.542331e-01 
9.542331e-01 
9.542331e-01 
9.542331e-01 
9.542331e-01 
9.542331e-01 
9.542331e-01 
9.542331e-01 
9.542331e-01 
9.542331e-01 
9.542331e-01 
9.542331e-01 
9.542331e-01 
9.542331e-01 
9.542331e-01 
9.542331e-01 
9.542331e-01 
9.542331e-01 
9.542331e-01 
9.542331e-01 
9.542331e-01 
9.542331e-01 
9.542331e-01 
9.542331e-01 
9.542331e-01 
9.542331e-01 
9.542331e-01 
9.542331e-01 
9.542331e-01 
9.542331e-01 
9.542331e-01 
9.542331e-01 
9.542331e-01 
9.542331e-01 
9.542331e-01 
9.542331e-01 
9.542331e-01 
9.542331e-01 
9.542331e-01 
9.542331e-01 
9.542331e-01 
9.542331e-01 
9.542331e-01 
9.542331e-01 
9.542331e-01 
9.542331e-01 
9.542331e-01 
9.542331e-01 
9.542331e-01 
9.542331e-01 
9.542331e-01 
9.542331e-01 
9.542331e-01 
9.542331e-01 
9.361322e-01 
8.364020e-01 
7.099805e-01 
5.643389e-01 
3.950673e-01 
1.876414e-01 
2.195788e-02 
9.004100e-04 
3.370685e-04 
1.926928e-04 
1.219905e-04 
8.245330e-05 
5.839568e-05 
4.283565e-05 
3.228253e-05 
2.483900e-05 
1.940409e-05 
1.530193e-05 
1.209330e-05 
9.471149e-06 
7.194337e-06 
5.034745e-06 
2.728532e-06 
-1.008239e-08 
-3.168740e-06 
-6.118898e-06 
-8.426067e-06 
-1.020655e-05 
-1.170008e-05 
-1.304592e-05 
-1.415501e-05 
-1.419571e-05 
-1.419571e-05 
-1.419571e-05 
-1.419571e-05 
-1.419571e-05 
-1.419571e-05 
-1.419571e-05 
-1.419571e-05 
-1.419571e-05 
-1.419571e-05 
-1.419571e-05 
-1.419571e-05 
-1.419571e-05 
-1.419571e-05 
-1.419571e-05 
-1.419571e-05 
-1.419571e-05 
-1.419571e-05 
-1.419571e-05 
-1.419571e-05 
-1.419571e-05 
-1.419571e-05 
-1.419571e-05 
-1.419571e-05 
-1.419571e-05 
-1.419571e-05 
-1.419571e-05 
-1.419571e-05 
-1.419571e-05 
-1.419571e-05 
-1.419571e-05 
-1.419571e-05 
-1.419571e-05 
-1.419571e-05 
-1.419571e-05 
-1.419571e-05 
-1.419571e-05 
-1.419571e-05 
-1.419571e-05 
-1.419571e-05 
-1.419571e-05 
-1.419571e-05 
-1.419571e-05 
-1.419571e-05 
-1.419571e-05 
-1.419571e-05 
-1.419571e-05 
-1.419571e-05 
-1.419571e-05 
-1.419571e-05 
-1.419571e-05 
-1.419571e-05 
-1.419571e-05 
-1.419571e-05 
-1.419571e-05 
-1.419571e-05 
-1.419571e-05 
-1.419571e-05 
-1.419571e-05 
-1.419571e-05 
-1.419571e-05 
-1.419571e-05 
-1.419571e-05 
-1.407112e-05 
-1.382990e-05 
-1.354939e-05 
-1.322145e-05 
-1.283588e-05 
-1.237981e-05 
-1.183694e-05 
-1.118655e-05 
-1.040185e-05 
-9.447248e-06 
-8.275050e-06 
-6.820900e-06 
-4.996937e-06 
-2.681554e-06 
2.957310e-07 
4.176498e-06 
9.305162e-06 
1.617098e-05 
2.545335e-05 
3.804055e-05 
5.494807e-05 
7.703785e-05 
1.045919e-04 
1.371645e-04 
1.741206e-04 
2.155302e-04 
2.627839e-04 
3.186372e-04 
3.858645e-04 
4.613903e-04 
4.941506e-04 
4.941511e-04 
4.941511e-04 
4.941511e-04 
4.941511e-04 
4.941511e-04 
4.941511e-04 
4.941511e-04 
4.941511e-04 
4.941511e-04 
4.941511e-04 
4.941511e-04 
4.941511e-04 
4.941511e-04 
4.941511e-04 
4.941511e-04 
4.941511e-04 
4.941511e-04 
4.941511e-04 
4.941511e-04 
4.941511e-04 
4.941511e-04 
4.941511e-04 
4.941511e-04 
4.941511e-04 
4.941511e-04 
4.941511e-04 
4.941511e-04 
4.941511e-04 
4.941511e-04 
4.941511e-04 
4.941511e-04 
4.941511e-04 
4.941511e-04 
4.941511e-04 
4.941511e-04 
4.941511e-04 
4.941511e-04 
4.941511e-04 
4.941511e-04 
4.941511e-04 
4.941511e-04 
4.941511e-04 
4.941511e-04 
4.941511e-04 
4.941511e-04 
4.941511e-04 
4.941511e-04 
4.941511e-04 
4.941511e-04 
4.941511e-04 
4.941511e-04 
4.941511e-04 
4.941511e-04 
4.941511e-04 
4.941511e-04 
4.941511e-04 
4.941511e-04 
4.941511e-04 
4.941511e-04 
4.941511e-04 
4.941511e-04 
4.941511e-04 
5.055497e-04 
5.628404e-04 
6.298110e-04 
7.084726e-04 
8.015597e-04 
9.126112e-04 
1.046141e-03 
1.207738e-03 
1.404453e-03 
1.646093e-03 
1.946593e-03 
2.325425e-03 
2.810083e-03 
3.440235e-03 
4.274525e-03 
5.402001e-03 
6.962047e-03 
9.180576e-03 
1.243880e-02 
1.741081e-02 
2.535453e-02 
3.875979e-02 
6.282118e-02 
1.083668e-01 
1.932875e-01 
3.249259e-01 
4.781356e-01 
6.282782e-01 
7.658871e-01 
8.833343e-01 
9.542384e-01 
9.542487e-01 
9.542487e-01 
9.542487e-01 
9.542487e-01 
9.542487e-01 
9.542487e-01 
9.542487e-01 
9.542487e-01 
9.542487e-01 
9.542487e-01 
9.542487e-01 
9.542487e-01 
9.542487e-01 
9.542487e-01 
9.542487e-01 
9.542487e-01 
9.542487e-01 
9.542487e-01 
9.542487e-01 
9.542487e-01 
9.542487e-01 
9.542487e-01 
9.542487e-01 
9.542487e-01 
9.542487e-01 
9.542487e-01 
9.542487e-01 
9.542487e-01 
9.542487e-01 
9.542487e-01 
9.542487e-01 
9.542487e-01 
9.542487e-01 
9.542487e-01 
9.542487e-01 
9.542487e-01 
9.542487e-01 
9.542487e-01 
9.542487e-01 
9.542487e-01 
9.542487e-01 
9.542487e-01 
9.542487e-01 
9.542487e-01 
9.542487e-01 
9.542487e-01 
9.542487e-01 
9.542487e-01 
9.542487e-01 
9.542487e-01 
9.542487e-01 
9.542487e-01 
9.542487e-01 
9.542487e-01 
9.542487e-01 
9.542487e-01 
9.542487e-01 
9.542487e-01 
9.542487e-01 
9.542487e-01 
9.542487e-01 
9.542487e-01 
9.542487e-01 
9.542485e-01 
9.542480e-01 
9.542474e-01 
9.542467e-01 
9.542459e-01 
9.542449e-01 
9.542438e-01 
9.542427e-01 
9.542415e-01 
9.542405e-01 
9.542396e-01 
9.542388e-01 
9.542381e-01 
9.542375e-01 
9.542370e-01 
9.542366e-01 
9.542361e-01 
9.542358e-01 
9.542354e-01 
9.542351e-01 
9.542349e-01 
9.542346e-01 
9.542344e-01 
9.542342e-01 
9.542340e-01 
9.542338e-01 
9.542336e-01 
9.542335e-01 
9.542333e-01 
9.542332e-01 
9.542332e-01 
9.542332e-01 
9.542332e-01 
9.542332e-01 
9.542332e-01 
9.542332e-01 
9.542332e-01 
9.542332e-01 
9.542332e-01 
9.542332e-01 
9.542332e-01 
9.542332e-01 
9.542332e-01 
9.542332e-01 
9.542332e-01 
9.542332e-01 
9.542332e-01 
9.542332e-01 
9.542332e-01 
9.542332e-01 
9.542332e-01 
9.542332e-01 
9.542332e-01 
9.542332e-01 
9.542332e-01 
9.542332e-01 
9.542332e-01 
9.542332e-01 
9.542332e-01 
9.542332e-01 
9.542332e-01 
9.542332e-01 
9.542332e-01 
9.542332e-01 
9.542332e-01 
9.542332e-01 
9.542332e-01 
9.542332e-01 
9.542332e-01 
9.542332e-01 
9.542332e-01 
9.542332e-01 
9.542332e-01 
9.542332e-01 
9.542332e-01 
9.542332e-01 
9.542332e-01 
9.542332e-01 
9.542332e-01 
9.542332e-01 
9.542332e-01 
9.542332e-01 
9.542332e-01 
9.542332e-01 
9.542332e-01 
9.542332e-01 
9.542332e-01 
9.542332e-01 
9.542332e-01 
9.542332e-01 
9.542332e-01 
9.542332e-01 
9.542332e-01 
9.304743e-01 
8.284631e-01 
7.006162e-01 
5.536488e-01 
3.822713e-01 
1.725096e-01 
1.762067e-02 
8.310382e-04 
3.414463e-04 
1.983494e-04 
1.273067e-04 
8.726020e-05 
6.277255e-05 
4.690315e-05 
3.616037e-05 
2.864186e-05 
2.324834e-05 
1.931733e-05 
1.644078e-05 
1.437156e-05 
1.297886e-05 
1.223618e-05 
1.222757e-05 
1.308944e-05 
1.464873e-05 
1.619676e-05 
1.731648e-05 
1.810413e-05 
1.875602e-05 
1.936488e-05 
1.987673e-05 
1.988950e-05 
1.988950e-05 
1.988950e-05 
1.988950e-05 
1.988950e-05 
1.988950e-05 
1.988950e-05 
1.988950e-05 
1.988950e-05 
1.988950e-05 
1.988950e-05 
1.988950e-05 
1.988950e-05 
1.988950e-05 
1.988950e-05 
1.988950e-05 
1.988950e-05 
1.988950e-05 
1.988950e-05 
1.988950e-05 
1.988950e-05 
1.988950e-05 
1.988950e-05 
1.988950e-05 
1.988950e-05 
1.988950e-05 
1.988950e-05 
1.988950e-05 
1.988950e-05 
1.988950e-05 
1.988950e-05 
1.988950e-05 
1.988950e-05 
1.988950e-05 
1.988950e-05 
1.988950e-05 
1.988950e-05 
1.988950e-05 
1.988950e-05 
1.988950e-05 
1.988950e-05 
1.988950e-05 
1.988950e-05 
1.988950e-05 
1.988950e-05 
1.988950e-05 
1.988950e-05 
1.988950e-05 
1.988950e-05 
1.988950e-05 
1.988950e-05 
1.988950e-05 
1.988950e-05 
1.988950e-05 
1.988950e-05 
1.988950e-05 
1.988950e-05 
1.988950e-05 
1.988950e-05 
1.988950e-05 
1.988950e-05 
1.988950e-05 
1.988950e-05 
2.000056e-05 
2.017655e-05 
2.036563e-05 
2.056879e-05 
2.078705e-05 
2.102138e-05 
2.127276e-05 
2.154224e-05 
2.183065e-05 
2.213783e-05 
2.246199e-05 
2.279906e-05 
2.314116e-05 
2.347402e-05 
2.377235e-05 
2.399196e-05 
2.405525e-05 
2.382450e-05 
2.305065e-05 
2.127248e-05 
1.761532e-05 
1.039903e-05 
-3.509115e-06 
-2.909075e-05 
-7.092524e-05 
-1.277329e-04 
-1.941717e-04 
-2.687284e-04 
-3.533637e-04 
-4.444912e-04 
-4.777718e-04 
-4.777720e-04 
-4.777720e-04 
-4.777720e-04 
-4.777720e-04 
-4.777720e-04 
-4.777720e-04 
-4.777720e-04 
-4.777720e-04 
-4.777720e-04 
-4.777720e-04 
-4.777720e-04 
-4.777720e-04 
-4.777720e-04 
-4.777720e-04 
-4.777720e-04 
-4.777720e-04 
-4.777720e-04 
-4.777720e-04 
-4.777720e-04 
-4.777720e-04 
-4.777720e-04 
-4.777720e-04 
-4.777720e-04 
-4.777720e-04 
-4.777720e-04 
-4.777720e-04 
-4.777720e-04 
-4.777720e-04 
-4.777720e-04 
-4.777720e-04 
-4.777720e-04 
-4.777720e-04 
-4.777720e-04 
-4.777720e-04 
-4.777720e-04 
-4.777720e-04 
-4.777720e-04 
-4.777720e-04 
-4.777720e-04 
-4.777720e-04 
-4.777720e-04 
-4.777720e-04 
-4.777720e-04 
-4.777720e-04 
-4.777720e-04 
-4.777720e-04 
-4.777720e-04 
-4.777720e-04 
-4.777720e-04 
-4.777720e-04 
-4.777720e-04 
-4.777720e-04 
-4.777720e-04 
-4.777720e-04 
-4.777720e-04 
-4.777720e-04 
-4.777720e-04 
-4.777720e-04 
-4.777720e-04 
-4.777720e-04 
-4.777720e-04 
-4.777720e-04 
-4.923074e-04 
-5.485067e-04 
-6.142084e-04 
-6.914516e-04 
-7.829456e-04 
-8.921903e-04 
-1.023639e-03 
-1.182811e-03 
-1.376763e-03 
-1.615363e-03 
-1.912581e-03 
-2.287937e-03 
-2.769061e-03 
-3.395920e-03 
-4.227760e-03 
-5.354823e-03 
-6.918850e-03 
-9.150473e-03 
-1.244064e-02 
-1.748432e-02 
-2.558650e-02 
-3.934846e-02 
-6.423488e-02 
-1.116521e-01 
-1.999418e-01 
-3.345719e-01 
-4.884809e-01 
-6.381099e-01 
-7.746634e-01 
-8.903292e-01 
-9.542465e-01 
-9.542486e-01 
-9.542486e-01 
-9.542486e-01 
-9.542486e-01 
-9.542486e-01 
-9.542486e-01 
-9.542486e-01 
-9.542486e-01 
-9.542486e-01 
-9.542486e-01 
-9.542486e-01 
-9.542486e-01 
-9.542486e-01 
-9.542486e-01 
-9.542486e-01 
-9.542486e-01 
-9.542486e-01 
-9.542486e-01 
-9.542486e-01 
-9.542486e-01 
-9.542486e-01 
-9.542486e-01 
-9.542486e-01 
-9.542486e-01 
-9.542486e-01 
-9.542486e-01 
-9.542486e-01 
-9.542486e-01 
-9.542486e-01 
-9.542486e-01 
-9.542486e-01 
-9.542486e-01 
-9.542486e-01 
-9.542486e-01 
-9.542486e-01 
-9.542486e-01 
-9.542486e-01 
-9.542486e-01 
-9.542486e-01 
-9.542486e-01 
-9.542486e-01 
-9.542486e-01 
-9.542486e-01 
-9.542486e-01 
-9.542486e-01 
-9.542486e-01 
-9.542486e-01 
-9.542486e-01 
-9.542486e-01 
-9.542486e-01 
-9.542486e-01 
-9.542486e-01 
-9.542486e-01 
-9.542486e-01 
-9.542486e-01 
-9.542486e-01 
-9.542486e-01 
-9.542486e-01 
-9.542486e-01 
-9.542486e-01 
-9.542486e-01 
-9.542486e-01 
-9.542486e-01 
-9.542482e-01 
-9.542477e-01 
-9.542469e-01 
-9.542459e-01 
-9.542445e-01 
-9.542422e-01 
-9.542402e-01 
-9.542393e-01 
-9.542386e-01 
-9.542380e-01 
-9.542375e-01 
-9.542370e-01 
-9.542366e-01 
-9.542362e-01 
-9.542358e-01 
-9.542355e-01 
-9.542352e-01 
-9.542350e-01 
-9.542347e-01 
-9.542345e-01 
-9.542343e-01 
-9.542341e-01 
-9.542339e-01 
-9.542337e-01 
-9.542336e-01 
-9.542334e-01 
-9.542333e-01 
-9.542331e-01 
-9.542330e-01 
-9.542329e-01 
-9.542329e-01 
-9.542329e-01 
-9.542329e-01 
-9.542329e-01 
-9.542329e-01 
-9.542329e-01 
-9.542329e-01 
-9.542329e-01 
-9.542329e-01 
-9.542329e-01 
-9.542329e-01 
-9.542329e-01 
-9.542329e-01 
-9.542329e-01 
-9.542329e-01 
-9.542329e-01 
-9.542329e-01 
-9.542329e-01 
-9.542329e-01 
-9.542329e-01 
-9.542329e-01 
-9.542329e-01 
-9.542329e-01 
-9.542329e-01 
-9.542329e-01 
-9.542329e-01 
-9.542329e-01 
-9.542329e-01 
-9.542329e-01 
-9.542329e-01 
-9.542329e-01 
-9.542329e-01 
-9.542329e-01 
-9.542329e-01 
-9.542329e-01 
-9.542329e-01 
-9.542329e-01 
-9.542329e-01 
-9.542329e-01 
-9.542329e-01 
-9.542329e-01 
-9.542329e-01 
-9.542329e-01 
-9.542329e-01 
-9.542329e-01 
-9.542329e-01 
-9.542329e-01 
-9.542329e-01 
-9.542329e-01 
-9.542329e-01 
-9.542329e-01 
-9.542329e-01 
-9.542329e-01 
-9.542329e-01 
-9.542329e-01 
-9.542329e-01 
-9.542329e-01 
-9.542329e-01 
-9.542329e-01 
-9.542329e-01 
-9.542329e-01 
-9.542329e-01 
-9.542329e-01 
-9.246180e-01 
-8.203996e-01 
-6.911188e-01 
-5.426142e-01 
-3.682319e-01 
-1.534684e-01 
-1.021002e-02 
5.734731e-04 
3.184484e-04 
1.860463e-04 
1.195520e-04 
8.184038e-05 
5.867529e-05 
4.359894e-05 
3.334136e-05 
2.611029e-05 
2.086202e-05 
1.695869e-05 
1.399481e-05 
1.170394e-05 
9.906090e-06 
8.476426e-06 
7.324843e-06 
6.379243e-06 
5.580499e-06 
4.903669e-06 
4.336739e-06 
3.858394e-06 
3.447737e-06 
3.087432e-06 
2.840908e-06 
2.840625e-06 
2.840625e-06 
2.840625e-06 
2.840625e-06 
2.840625e-06 
2.840625e-06 
2.840625e-06 
2.840625e-06 
2.840625e-06 
2.840625e-06 
2.840625e-06 
2.840625e-06 
2.840625e-06 
2.840625e-06 
2.840625e-06 
2.840625e-06 
2.840625e-06 
2.840625e-06 
2.840625e-06 
2.840625e-06 
2.840625e-06 
2.840625e-06 
2.840625e-06 
2.840625e-06 
2.840625e-06 
2.840625e-06 
2.840625e-06 
2.840625e-06 
2.840625e-06 
2.840625e-06 
2.840625e-06 
2.840625e-06 
2.840625e-06 
2.840625e-06 
2.840625e-06 
2.840625e-06 
2.840625e-06 
2.840625e-06 
2.840625e-06 
2.840625e-06 
2.840625e-06 
2.840625e-06 
2.840625e-06 
2.840625e-06 
2.840625e-06 
2.840625e-06 
2.840625e-06 
2.840625e-06 
2.840625e-06 
2.840625e-06 
2.840625e-06 
2.840625e-06 
2.840625e-06 
2.840625e-06 
2.840625e-06 
2.840625e-06 
2.840625e-06 
2.840625e-06 
2.840625e-06 
2.840625e-06 
2.840625e-06 
2.840625e-06 
2.840625e-06 
2.979889e-06 
3.191785e-06 
3.430626e-06 
3.701203e-06 
4.009415e-06 
4.362593e-06 
4.769939e-06 
5.243131e-06 
5.797150e-06 
6.451451e-06 
7.231665e-06 
8.172118e-06 
9.319607e-06 
1.073923e-05 
1.252361e-05 
1.480805e-05 
1.779614e-05 
2.180481e-05 
2.734675e-05 
3.528595e-05 
4.713407e-05 
6.556993e-05 
9.497691e-05 
1.401466e-04 
2.002842e-04 
2.675233e-04 
3.364437e-04 
4.055649e-04 
4.716448e-04 
5.253703e-04 
5.381847e-04 
5.381847e-04 
5.381847e-04 
5.381847e-04 
5.381847e-04 
5.381847e-04 
5.381847e-04 
5.381847e-04 
5.381847e-04 
5.381847e-04 
5.381847e-04 
5.381847e-04 
5.381847e-04 
5.381847e-04 
5.381847e-04 
5.381847e-04 
5.381847e-04 
5.381847e-04 
5.381847e-04 
5.381847e-04 
5.381847e-04 
5.381847e-04 
5.381847e-04 
5.381847e-04 
5.381847e-04 
5.381847e-04 
5.381847e-04 
5.381847e-04 
5.381847e-04 
5.381847e-04 
5.381847e-04 
5.381847e-04 
5.381847e-04 
5.381847e-04 
5.381847e-04 
5.381847e-04 
5.381847e-04 
5.381847e-04 
5.381847e-04 
5.381847e-04 
5.381847e-04 
5.381847e-04 
5.381847e-04 
5.381847e-04 
5.381847e-04 
5.381847e-04 
5.381847e-04 
5.381847e-04 
5.381847e-04 
5.381847e-04 
5.381847e-04 
5.381847e-04 
5.381847e-04 
5.381847e-04 
5.381847e-04 
5.381847e-04 
5.381847e-04 
5.381847e-04 
5.381847e-04 
5.381847e-04 
5.381847e-04 
5.381847e-04 
5.381847e-04 
5.580055e-04 
6.191672e-04 
6.896922e-04 
7.668243e-04 
8.167472e-04 
9.294314e-04 
1.066445e-03 
1.232383e-03 
1.434582e-03 
1.683343e-03 
1.993258e-03 
2.384719e-03 
2.886594e-03 
3.540668e-03 
4.408928e-03 
5.585871e-03 
7.220077e-03 
9.553602e-03 
1.299736e-02 
1.828305e-02 
2.678681e-02 
4.125456e-02 
6.744352e-02 
1.172223e-01 
2.087848e-01 
3.453615e-01 
4.991595e-01 
6.479742e-01 
7.833635e-01 
8.971658e-01 
9.542483e-01 
9.542487e-01 
9.542487e-01 
9.542487e-01 
9.542487e-01 
9.542487e-01 
9.542487e-01 
9.542487e-01 
9.542487e-01 
9.542487e-01 
9.542487e-01 
9.542487e-01 
9.542487e-01 
9.542487e-01 
9.542487e-01 
9.542487e-01 
9.542487e-01 
9.542487e-01 
9.542487e-01 
9.542487e-01 
9.542487e-01 
9.542487e-01 
9.542487e-01 
9.542487e-01 
9.542487e-01 
9.542487e-01 
9.542487e-01 
9.542487e-01 
9.542487e-01 
9.542487e-01 
9.542487e-01 
9.542487e-01 
9.542487e-01 
9.542487e-01 
9.542487e-01 
9.542487e-01 
9.542487e-01 
9.542487e-01 
9.542487e-01 
9.542487e-01 
9.542487e-01 
9.542487e-01 
9.542487e-01 
9.542487e-01 
9.542487e-01 
9.542487e-01 
9.542487e-01 
9.542487e-01 
9.542487e-01 
9.542487e-01 
9.542487e-01 
9.542487e-01 
9.542487e-01 
9.542487e-01 
9.542487e-01 
9.542487e-01 
9.542487e-01 
9.542487e-01 
9.542487e-01 
9.542487e-01 
9.542487e-01 
9.542487e-01 
9.542487e-01 
9.542487e-01 
9.542484e-01 
9.542479e-01 
9.542473e-01 
9.542466e-01 
9.542457e-01 
9.542448e-01 
9.542437e-01 
9.542425e-01 
9.542414e-01 
9.542404e-01 
9.542395e-01 
9.542387e-01 
9.542380e-01 
9.542375e-01 
9.542369e-01 
9.542365e-01 
9.542361e-01 
9.542357e-01 
9.542354e-01 
9.542351e-01 
9.542348e-01 
9.542346e-01 
9.542344e-01 
9.542342e-01 
9.542340e-01 
9.542338e-01 
9.542336e-01 
9.542335e-01 
9.542333e-01 
9.542332e-01 
9.542332e-01 
9.542332e-01 
9.542332e-01 
9.542332e-01 
9.542332e-01 
9.542332e-01 
9.542332e-01 
9.542332e-01 
9.542332e-01 
9.542332e-01 
9.542332e-01 
9.542332e-01 
9.542332e-01 
9.542332e-01 
9.542332e-01 
9.542332e-01 
9.542332e-01 
9.542332e-01 
9.542332e-01 
9.542332e-01 
9.542332e-01 
9.542332e-01 
9.542332e-01 
9.542332e-01 
9.542332e-01 
9.542332e-01 
9.542332e-01 
9.542332e-01 
9.542332e-01 
9.542332e-01 
9.542332e-01 
9.542332e-01 
9.542332e-01 
9.542332e-01 
9.542332e-01 
9.542332e-01 
9.542332e-01 
9.542332e-01 
9.542332e-01 
9.542332e-01 
9.542332e-01 
9.542332e-01 
9.542332e-01 
9.542332e-01 
9.542332e-01 
9.542332e-01 
9.542332e-01 
9.542332e-01 
9.542332e-01 
9.542332e-01 
9.542332e-01 
9.542332e-01 
9.542332e-01 
9.542332e-01 
9.542332e-01 
9.542332e-01 
9.542332e-01 
9.542332e-01 
9.542332e-01 
9.542332e-01 
9.542332e-01 
9.542332e-01 
9.542332e-01 
9.185740e-01 
8.122388e-01 
6.816314e-01 
5.319302e-01 
3.560369e-01 
1.425408e-01 
1.096576e-02 
6.672814e-04 
3.057109e-04 
1.800077e-04 
1.162603e-04 
7.987242e-05 
5.741933e-05 
4.275670e-05 
3.275392e-05 
2.568713e-05 
2.054878e-05 
1.672130e-05 
1.381114e-05 
1.155918e-05 
9.790091e-06 
8.382165e-06 
7.247666e-06 
6.316888e-06 
5.533349e-06 
4.871071e-06 
4.315185e-06 
3.844722e-06 
3.439826e-06 
3.083975e-06 
2.861723e-06 
2.861658e-06 
2.861658e-06 
2.861658e-06 
2.861658e-06 
2.861658e-06 
2.861658e-06 
2.861658e-06 
2.861658e-06 
2.861658e-06 
2.861658e-06 
2.861658e-06 
2.861658e-06 
2.861658e-06 
2.861658e-06 
2.861658e-06 
2.861658e-06 
2.861658e-06 
2.861658e-06 
2.861658e-06 
2.861658e-06 
2.861658e-06 
2.861658e-06 
2.861658e-06 
2.861658e-06 
2.861658e-06 
2.861658e-06 
2.861658e-06 
2.861658e-06 
2.861658e-06 
2.861658e-06 
2.861658e-06 
2.861658e-06 
2.861658e-06 
2.861658e-06 
2.861658e-06 
2.861658e-06 
2.861658e-06 
2.861658e-06 
2.861658e-06 
2.861658e-06 
2.861658e-06 
2.861658e-06 
2.861658e-06 
2.861658e-06 
2.861658e-06 
2.861658e-06 
2.861658e-06 
2.861658e-06 
2.861658e-06 
2.861658e-06 
2.861658e-06 
2.861658e-06 
2.861658e-06 
2.861658e-06 
2.861658e-06 
2.861658e-06 
2.861658e-06 
2.861658e-06 
2.861658e-06 
2.861658e-06 
2.861658e-06 
2.861658e-06 
2.861658e-06 
3.015541e-06 
3.230367e-06 
3.472564e-06 
3.747007e-06 
4.059705e-06 
4.418129e-06 
4.831661e-06 
5.312217e-06 
5.875091e-06 
6.540160e-06 
7.333636e-06 
8.290662e-06 
9.459206e-06 
1.090608e-05 
1.272650e-05 
1.505979e-05 
1.811602e-05 
2.222295e-05 
2.791210e-05 
3.608139e-05 
4.830411e-05 
6.736211e-05 
9.774178e-05 
1.440645e-04 
2.049206e-04 
2.723269e-04 
3.412586e-04 
4.103048e-04 
4.758897e-04 
5.282765e-04 
5.381919e-04 
5.381919e-04 
5.381919e-04 
5.381919e-04 
5.381919e-04 
5.381919e-04 
5.381919e-04 
5.381919e-04 
5.381919e-04 
5.381919e-04 
5.381919e-04 
5.381919e-04 
5.381919e-04 
5.381919e-04 
5.381919e-04 
5.381919e-04 
5.381919e-04 
5.381919e-04 
5.381919e-04 
5.381919e-04 
5.381919e-04 
5.381919e-04 
5.381919e-04 
5.381919e-04 
5.381919e-04 
5.381919e-04 
5.381919e-04 
5.381919e-04 
5.381919e-04 
5.381919e-04 
5.381919e-04 
5.381919e-04 
5.381919e-04 
5.381919e-04 
5.381919e-04 
5.381919e-04 
5.381919e-04 
5.381919e-04 
5.381919e-04 
5.381919e-04 
5.381919e-04 
5.381919e-04 
5.381919e-04 
5.381919e-04 
5.381919e-04 
5.381919e-04 
5.381919e-04 
5.381919e-04 
5.381919e-04 
5.381919e-04 
5.381919e-04 
5.381919e-04 
5.381919e-04 
5.381919e-04 
5.381919e-04 
5.381919e-04 
5.381919e-04 
5.381919e-04 
5.381919e-04 
5.381919e-04 
5.381919e-04 
5.381919e-04 
5.381919e-04 
5.619203e-04 
6.236907e-04 
6.948988e-04 
7.708102e-04 
8.233665e-04 
9.380026e-04 
1.076797e-03 
1.244957e-03 
1.449969e-03 
1.702391e-03 
2.017154e-03 
2.415128e-03 
2.925898e-03 
3.592356e-03 
4.478245e-03 
5.680933e-03 
7.353855e-03 
9.747645e-03 
1.328907e-02 
1.874072e-02 
2.754259e-02 
4.257942e-02 
6.991218e-02 
1.219462e-01 
2.168796e-01 
3.556956e-01 
5.096298e-01 
6.577295e-01 
7.919563e-01 
9.038348e-01 
9.542486e-01 
9.542487e-01 
9.542487e-01 
9.542487e-01 
9.542487e-01 
9.542487e-01 
9.542487e-01 
9.542487e-01 
9.542487e-01 
9.542487e-01 
9.542487e-01 
9.542487e-01 
9.542487e-01 
9.542487e-01 
9.542487e-01 
9.542487e-01 
9.542487e-01 
9.542487e-01 
9.542487e-01 
9.542487e-01 
9.542487e-01 
9.542487e-01 
9.542487e-01 
9.542487e-01 
9.542487e-01 
9.542487e-01 
9.542487e-01 
9.542487e-01 
9.542487e-01 
9.542487e-01 
9.542487e-01 
9.542487e-01 
9.542487e-01 
9.542487e-01 
9.542487e-01 
9.542487e-01 
9.542487e-01 
9.542487e-01 
9.542487e-01 
9.542487e-01 
9.542487e-01 
9.542487e-01 
9.542487e-01 
9.542487e-01 
9.542487e-01 
9.542487e-01 
9.542487e-01 
9.542487e-01 
9.542487e-01 
9.542487e-01 
9.542487e-01 
9.542487e-01 
9.542487e-01 
9.542487e-01 
9.542487e-01 
9.542487e-01 
9.542487e-01 
9.542487e-01 
9.542487e-01 
9.542487e-01 
9.542487e-01 
9.542487e-01 
9.542487e-01 
9.542487e-01 
9.542484e-01 
9.542479e-01 
9.542473e-01 
9.542465e-01 
9.542457e-01 
9.542447e-01 
9.542436e-01 
9.542424e-01 
9.542413e-01 
9.542403e-01 
9.542394e-01 
9.542387e-01 
9.542380e-01 
9.542374e-01 
9.542369e-01 
9.542365e-01 
9.542361e-01 
9.542357e-01 
9.542354e-01 
9.542351e-01 
9.542348e-01 
9.542346e-01 
9.542343e-01 
9.542341e-01 
9.542339e-01 
9.542338e-01 
9.542336e-01 
9.542335e-01 
9.542333e-01 
9.542332e-01 
9.542331e-01 
9.542331e-01 
9.542331e-01 
9.542331e-01 
9.542331e-01 
9.542331e-01 
9.542331e-01 
9.542331e-01 
9.542331e-01 
9.542331e-01 
9.542331e-01 
9.542331e-01 
9.542331e-01 
9.542331e-01 
9.542331e-01 
9.542331e-01 
9.542331e-01 
9.542331e-01 
9.542331e-01 
9.542331e-01 
9.542331e-01 
9.542331e-01 
9.542331e-01 
9.542331e-01 
9.542331e-01 
9.542331e-01 
9.542331e-01 
9.542331e-01 
9.542331e-01 
9.542331e-01 
9.542331e-01 
9.542331e-01 
9.542331e-01 
9.542331e-01 
9.542331e-01 
9.542331e-01 
9.542331e-01 
9.542331e-01 
9.542331e-01 
9.542331e-01 
9.542331e-01 
9.542331e-01 
9.542331e-01 
9.542331e-01 
9.542331e-01 
9.542331e-01 
9.542331e-01 
9.542331e-01 
9.542331e-01 
9.542331e-01 
9.542331e-01 
9.542331e-01 
9.542331e-01 
9.542331e-01 
9.542331e-01 
9.542331e-01 
9.542331e-01 
9.542331e-01 
9.542331e-01 
9.542331e-01 
9.542331e-01 
9.542331e-01 
9.542331e-01 
9.123464e-01 
8.039608e-01 
6.720116e-01 
5.208965e-01 
3.425997e-01 
1.279813e-01 
8.552821e-03 
6.001541e-04 
2.852712e-04 
1.686806e-04 
1.089930e-04 
7.472480e-05 
5.348434e-05 
3.955194e-05 
2.999462e-05 
2.318721e-05 
1.817149e-05 
1.435030e-05 
1.132878e-05 
8.823557e-06 
6.602154e-06 
4.431079e-06 
2.032282e-06 
-8.496385e-07 
-4.027532e-06 
-6.815146e-06 
-8.954797e-06 
-1.063475e-05 
-1.208159e-05 
-1.338113e-05 
-1.419564e-05 
-1.419571e-05 
-1.419571e-05 
-1.419571e-05 
-1.419571e-05 
-1.419571e-05 
-1.419571e-05 
-1.419571e-05 
-1.419571e-05 
-1.419571e-05 
-1.419571e-05 
-1.419571e-05 
-1.419571e-05 
-1.419571e-05 
-1.419571e-05 
-1.419571e-05 
-1.419571e-05 
-1.419571e-05 
-1.419571e-05 
-1.419571e-05 
-1.419571e-05 
-1.419571e-05 
-1.419571e-05 
-1.419571e-05 
-1.419571e-05 
-1.419571e-05 
-1.419571e-05 
-1.419571e-05 
-1.419571e-05 
-1.419571e-05 
-1.419571e-05 
-1.419571e-05 
-1.419571e-05 
-1.419571e-05 
-1.419571e-05 
-1.419571e-05 
-1.419571e-05 
-1.419571e-05 
-1.419571e-05 
-1.419571e-05 
-1.419571e-05 
-1.419571e-05 
-1.419571e-05 
-1.419571e-05 
-1.419571e-05 
-1.419571e-05 
-1.419571e-05 
-1.419571e-05 
-1.419571e-05 
-1.419571e-05 
-1.419571e-05 
-1.419571e-05 
-1.419571e-05 
-1.419571e-05 
-1.419571e-05 
-1.419571e-05 
-1.419571e-05 
-1.419571e-05 
-1.419571e-05 
-1.419571e-05 
-1.419571e-05 
-1.419571e-05 
-1.419571e-05 
-1.419550e-05 
-1.400865e-05 
-1.375739e-05 
-1.346480e-05 
-1.312221e-05 
-1.271877e-05 
-1.224075e-05 
-1.167074e-05 
-1.098659e-05 
-1.015940e-05 
-9.150631e-06 
-7.908554e-06 
-6.363191e-06 
-4.418641e-06 
-1.941686e-06 
1.255032e-06 
5.437619e-06 
1.098555e-05 
1.843588e-05 
2.852572e-05 
4.219307e-05 
6.044903e-05 
8.403839e-05 
1.130328e-04 
1.468535e-04 
1.849721e-04 
2.277793e-04 
2.770660e-04 
3.358341e-04 
4.061511e-04 
4.812720e-04 
4.941511e-04 
4.941511e-04 
4.941511e-04 
4.941511e-04 
4.941511e-04 
4.941511e-04 
4.941511e-04 
4.941511e-04 
4.941511e-04 
4.941511e-04 
4.941511e-04 
4.941511e-04 
4.941511e-04 
4.941511e-04 
4.941511e-04 
4.941511e-04 
4.941511e-04 
4.941511e-04 
4.941511e-04 
4.941511e-04 
4.941511e-04 
4.941511e-04 
4.941511e-04 
4.941511e-04 
4.941511e-04 
4.941511e-04 
4.941511e-04 
4.941511e-04 
4.941511e-04 
4.941511e-04 
4.941511e-04 
4.941511e-04 
4.941511e-04 
4.941511e-04 
4.941511e-04 
4.941511e-04 
4.941511e-04 
4.941511e-04 
4.941511e-04 
4.941511e-04 
4.941511e-04 
4.941511e-04 
4.941511e-04 
4.941511e-04 
4.941511e-04 
4.941511e-04 
4.941511e-04 
4.941511e-04 
4.941511e-04 
4.941511e-04 
4.941511e-04 
4.941511e-04 
4.941511e-04 
4.941511e-04 
4.941511e-04 
4.941511e-04 
4.941511e-04 
4.941511e-04 
4.941511e-04 
4.941511e-04 
4.941511e-04 
4.941511e-04 
4.941511e-04 
5.203147e-04 
5.801254e-04 
6.500613e-04 
7.323660e-04 
8.299765e-04 
9.466833e-04 
1.087287e-03 
1.257702e-03 
1.465576e-03 
1.721728e-03 
2.041436e-03 
2.446059e-03 
2.965921e-03 
3.645057e-03 
4.549023e-03 
0.000000e+00 
0.000000e+00 
0.000000e+00 
0.000000e+00 
0.000000e+00 
0.000000e+00 
0.000000e+00 
0.000000e+00
#[#TRACE_DATA]
#[#TRACE]
