#[TRACE]
#data_labels=Output
#[TRACE_DATA]
-5.010478e-03 
-6.268934e-03 
-8.229647e-03 
-1.108795e-02 
-1.541034e-02 
-2.224031e-02 
-3.361607e-02 
-5.375590e-02 
-9.161080e-02 
-1.638181e-01 
-2.843503e-01 
-4.354249e-01 
-5.880257e-01 
-7.298033e-01 
-8.538409e-01 
-9.485793e-01 
-9.542476e-01 
-9.542476e-01 
-9.542476e-01 
-9.542476e-01 
-9.542476e-01 
-9.542476e-01 
-9.542476e-01 
-9.542476e-01 
-9.542476e-01 
-9.542476e-01 
-9.542476e-01 
-9.542476e-01 
-9.542476e-01 
-9.542476e-01 
-9.542476e-01 
-9.542476e-01 
-9.542476e-01 
-9.542476e-01 
-9.542476e-01 
-9.542476e-01 
-9.542476e-01 
-9.542476e-01 
-9.542476e-01 
-9.542476e-01 
-9.542476e-01 
-9.542476e-01 
-9.542476e-01 
-9.542476e-01 
-9.542476e-01 
-9.542476e-01 
-9.542476e-01 
-9.542476e-01 
-9.542476e-01 
-9.542476e-01 
-9.542476e-01 
-9.542476e-01 
-9.542476e-01 
-9.542476e-01 
-9.542476e-01 
-9.542476e-01 
-9.542476e-01 
-9.542476e-01 
-9.542476e-01 
-9.542476e-01 
-9.542476e-01 
-9.542476e-01 
-9.542476e-01 
-9.542476e-01 
-9.542476e-01 
-9.542476e-01 
-9.542476e-01 
-9.542476e-01 
-9.542476e-01 
-9.542476e-01 
-9.542476e-01 
-9.542476e-01 
-9.542476e-01 
-9.542476e-01 
-9.542476e-01 
-9.542476e-01 
-9.542476e-01 
-9.542476e-01 
-9.542476e-01 
-9.542475e-01 
-9.542470e-01 
-9.542463e-01 
-9.542455e-01 
-9.542444e-01 
-9.542427e-01 
-9.542407e-01 
-9.542396e-01 
-9.542389e-01 
-9.542382e-01 
-9.542377e-01 
-9.542372e-01 
-9.542367e-01 
-9.542363e-01 
-9.542360e-01 
-9.542356e-01 
-9.542353e-01 
-9.542350e-01 
-9.542348e-01 
-9.542345e-01 
-9.542343e-01 
-9.542341e-01 
-9.542339e-01 
-9.542338e-01 
-9.542336e-01 
-9.542334e-01 
-9.542333e-01 
-9.542332e-01 
-9.542330e-01 
-9.542329e-01 
-9.542328e-01 
-9.542328e-01 
-9.542328e-01 
-9.542328e-01 
-9.542328e-01 
-9.542328e-01 
-9.542328e-01 
-9.542328e-01 
-9.542328e-01 
-9.542328e-01 
-9.542328e-01 
-9.542328e-01 
-9.542328e-01 
-9.542328e-01 
-9.542328e-01 
-9.542328e-01 
-9.542328e-01 
-9.542328e-01 
-9.542328e-01 
-9.542328e-01 
-9.542328e-01 
-9.542328e-01 
-9.542328e-01 
-9.542328e-01 
-9.542328e-01 
-9.542328e-01 
-9.542328e-01 
-9.542328e-01 
-9.542328e-01 
-9.542328e-01 
-9.542328e-01 
-9.542328e-01 
-9.542328e-01 
-9.542328e-01 
-9.542328e-01 
-9.542328e-01 
-9.542328e-01 
-9.542328e-01 
-9.542328e-01 
-9.542328e-01 
-9.542328e-01 
-9.542328e-01 
-9.542328e-01 
-9.542328e-01 
-9.542328e-01 
-9.542328e-01 
-9.542328e-01 
-9.542328e-01 
-9.542328e-01 
-9.542328e-01 
-9.542328e-01 
-9.542328e-01 
-9.542328e-01 
-9.542328e-01 
-9.542328e-01 
-9.542328e-01 
-9.542328e-01 
-9.542328e-01 
-9.542328e-01 
-9.542328e-01 
-9.542328e-01 
-9.542328e-01 
-9.542328e-01 
-9.513984e-01 
-8.594722e-01 
-7.375325e-01 
-5.956594e-01 
-4.317377e-01 
-2.304088e-01 
-3.557952e-02 
4.772447e-04 
4.538583e-04 
2.518887e-04 
1.565345e-04 
1.046236e-04 
7.368556e-05 
5.404137e-05 
4.096623e-05 
3.194420e-05 
2.554699e-05 
2.092478e-05 
1.755688e-05 
1.512414e-05 
1.344513e-05 
1.245188e-05 
1.219224e-05 
1.280653e-05 
1.426013e-05 
1.592816e-05 
1.721459e-05 
1.811441e-05 
1.882836e-05 
1.949322e-05 
2.001888e-05 
2.022515e-05 
2.022515e-05 
2.022515e-05 
2.022515e-05 
2.022515e-05 
2.022515e-05 
2.022515e-05 
2.022515e-05 
2.022515e-05 
2.022515e-05 
2.022515e-05 
2.022515e-05 
2.022515e-05 
2.022515e-05 
2.022515e-05 
2.022515e-05 
2.022515e-05 
2.022515e-05 
2.022515e-05 
2.022515e-05 
2.022515e-05 
2.022515e-05 
2.022515e-05 
2.022515e-05 
2.022515e-05 
2.022515e-05 
2.022515e-05 
2.022515e-05 
2.022515e-05 
2.022515e-05 
2.022515e-05 
2.022515e-05 
2.022515e-05 
2.022515e-05 
2.022515e-05 
2.022515e-05 
2.022515e-05 
2.022515e-05 
2.022515e-05 
2.022515e-05 
2.022515e-05 
2.022515e-05 
2.022515e-05 
2.022515e-05 
2.022515e-05 
2.022515e-05 
2.022515e-05 
2.022515e-05 
2.022515e-05 
2.022515e-05 
2.022515e-05 
2.022515e-05 
2.022515e-05 
2.022515e-05 
2.022515e-05 
2.022515e-05 
2.022515e-05 
2.022515e-05 
2.022515e-05 
2.022515e-05 
2.022515e-05 
2.022515e-05 
2.022515e-05 
2.029293e-05 
2.047229e-05 
2.066576e-05 
2.087453e-05 
2.109990e-05 
2.134320e-05 
2.160579e-05 
2.188906e-05 
2.219443e-05 
2.252277e-05 
2.287390e-05 
2.324594e-05 
2.363420e-05 
2.402910e-05 
2.441257e-05 
2.475179e-05 
2.498768e-05 
2.501374e-05 
2.463556e-05 
2.349108e-05 
2.089080e-05 
1.549923e-05 
4.762385e-06 
-1.571009e-05 
-5.108443e-05 
-1.023402e-04 
-1.648355e-04 
-2.358223e-04 
-3.168869e-04 
-4.073321e-04 
-4.653686e-04 
-4.653919e-04 
-4.653919e-04 
-4.653919e-04 
-4.653919e-04 
-4.653919e-04 
-4.653919e-04 
-4.653919e-04 
-4.653919e-04 
-4.653919e-04 
-4.653919e-04 
-4.653919e-04 
-4.653919e-04 
-4.653919e-04 
-4.653919e-04 
-4.653919e-04 
-4.653919e-04 
-4.653919e-04 
-4.653919e-04 
-4.653919e-04 
-4.653919e-04 
-4.653919e-04 
-4.653919e-04 
-4.653919e-04 
-4.653919e-04 
-4.653919e-04 
-4.653919e-04 
-4.653919e-04 
-4.653919e-04 
-4.653919e-04 
-4.653919e-04 
-4.653919e-04 
-4.653919e-04 
-4.653919e-04 
-4.653919e-04 
-4.653919e-04 
-4.653919e-04 
-4.653919e-04 
-4.653919e-04 
-4.653919e-04 
-4.653919e-04 
-4.653919e-04 
-4.653919e-04 
-4.653919e-04 
-4.653919e-04 
-4.653919e-04 
-4.653919e-04 
-4.653919e-04 
-4.653919e-04 
-4.653919e-04 
-4.653919e-04 
-4.653919e-04 
-4.653919e-04 
-4.653919e-04 
-4.653919e-04 
-4.653919e-04 
-4.653919e-04 
-4.653919e-04 
-4.653919e-04 
-4.653919e-04 
-4.653919e-04 
-4.653919e-04 
-4.653919e-04 
-4.672427e-04 
-5.190295e-04 
-5.810543e-04 
-6.538945e-04 
-7.400551e-04 
-8.427828e-04 
-9.662337e-04 
-1.115591e-03 
-1.297357e-03 
-1.520442e-03 
-1.797522e-03 
-2.146329e-03 
-2.591844e-03 
-3.169984e-03 
-3.933642e-03 
-4.962785e-03 
-6.381943e-03 
-8.391749e-03 
-1.132839e-02 
-1.578149e-02 
-2.284132e-02 
-3.464629e-02 
-5.563718e-02 
-9.522217e-02 
-1.704983e-01 
-2.941036e-01 
-4.460326e-01 
-5.981400e-01 
-7.389423e-01 
-8.614261e-01 
-9.528586e-01 
-9.542476e-01 
-9.542476e-01 
-9.542476e-01 
-9.542476e-01 
-9.542476e-01 
-9.542476e-01 
-9.542476e-01 
-9.542476e-01 
-9.542476e-01 
-9.542476e-01 
-9.542476e-01 
-9.542476e-01 
-9.542476e-01 
-9.542476e-01 
-9.542476e-01 
-9.542476e-01 
-9.542476e-01 
-9.542476e-01 
-9.542476e-01 
-9.542476e-01 
-9.542476e-01 
-9.542476e-01 
-9.542476e-01 
-9.542476e-01 
-9.542476e-01 
-9.542476e-01 
-9.542476e-01 
-9.542476e-01 
-9.542476e-01 
-9.542476e-01 
-9.542476e-01 
-9.542476e-01 
-9.542476e-01 
-9.542476e-01 
-9.542476e-01 
-9.542476e-01 
-9.542476e-01 
-9.542476e-01 
-9.542476e-01 
-9.542476e-01 
-9.542476e-01 
-9.542476e-01 
-9.542476e-01 
-9.542476e-01 
-9.542476e-01 
-9.542476e-01 
-9.542476e-01 
-9.542476e-01 
-9.542476e-01 
-9.542476e-01 
-9.542476e-01 
-9.542476e-01 
-9.542476e-01 
-9.542476e-01 
-9.542476e-01 
-9.542476e-01 
-9.542476e-01 
-9.542476e-01 
-9.542476e-01 
-9.542476e-01 
-9.542476e-01 
-9.542476e-01 
-9.542476e-01 
-9.542474e-01 
-9.542469e-01 
-9.542463e-01 
-9.542455e-01 
-9.542443e-01 
-9.542426e-01 
-9.542406e-01 
-9.542395e-01 
-9.542388e-01 
-9.542382e-01 
-9.542376e-01 
-9.542371e-01 
-9.542367e-01 
-9.542363e-01 
-9.542359e-01 
-9.542356e-01 
-9.542353e-01 
-9.542350e-01 
-9.542348e-01 
-9.542345e-01 
-9.542343e-01 
-9.542341e-01 
-9.542339e-01 
-9.542337e-01 
-9.542336e-01 
-9.542334e-01 
-9.542333e-01 
-9.542331e-01 
-9.542330e-01 
-9.542329e-01 
-9.542328e-01 
-9.542328e-01 
-9.542328e-01 
-9.542328e-01 
-9.542328e-01 
-9.542328e-01 
-9.542328e-01 
-9.542328e-01 
-9.542328e-01 
-9.542328e-01 
-9.542328e-01 
-9.542328e-01 
-9.542328e-01 
-9.542328e-01 
-9.542328e-01 
-9.542328e-01 
-9.542328e-01 
-9.542328e-01 
-9.542328e-01 
-9.542328e-01 
-9.542328e-01 
-9.542328e-01 
-9.542328e-01 
-9.542328e-01 
-9.542328e-01 
-9.542328e-01 
-9.542328e-01 
-9.542328e-01 
-9.542328e-01 
-9.542328e-01 
-9.542328e-01 
-9.542328e-01 
-9.542328e-01 
-9.542328e-01 
-9.542328e-01 
-9.542328e-01 
-9.542328e-01 
-9.542328e-01 
-9.542328e-01 
-9.542328e-01 
-9.542328e-01 
-9.542328e-01 
-9.542328e-01 
-9.542328e-01 
-9.542328e-01 
-9.542328e-01 
-9.542328e-01 
-9.542328e-01 
-9.542328e-01 
-9.542328e-01 
-9.542328e-01 
-9.542328e-01 
-9.542328e-01 
-9.542328e-01 
-9.542328e-01 
-9.542328e-01 
-9.542328e-01 
-9.542328e-01 
-9.542328e-01 
-9.542328e-01 
-9.542328e-01 
-9.542328e-01 
-9.542328e-01 
-9.467515e-01 
-8.519083e-01 
-7.284227e-01 
-5.852553e-01 
-4.194080e-01 
-2.150501e-01 
-2.855810e-02 
5.639581e-04 
4.236823e-04 
2.366537e-04 
1.473911e-04 
9.846293e-05 
6.916294e-05 
5.048185e-05 
3.799133e-05 
2.931954e-05 
2.311101e-05 
1.855052e-05 
1.512690e-05 
1.250841e-05 
1.047339e-05 
8.869907e-06 
7.590754e-06 
6.555026e-06 
5.695764e-06 
4.972316e-06 
4.367677e-06 
3.860541e-06 
3.428892e-06 
3.053853e-06 
2.726967e-06 
2.711352e-06 
2.711352e-06 
2.711352e-06 
2.711352e-06 
2.711352e-06 
2.711352e-06 
2.711352e-06 
2.711352e-06 
2.711352e-06 
2.711352e-06 
2.711352e-06 
2.711352e-06 
2.711352e-06 
2.711352e-06 
2.711352e-06 
2.711352e-06 
2.711352e-06 
2.711352e-06 
2.711352e-06 
2.711352e-06 
2.711352e-06 
2.711352e-06 
2.711352e-06 
2.711352e-06 
2.711352e-06 
2.711352e-06 
2.711352e-06 
2.711352e-06 
2.711352e-06 
2.711352e-06 
2.711352e-06 
2.711352e-06 
2.711352e-06 
2.711352e-06 
2.711352e-06 
2.711352e-06 
2.711352e-06 
2.711352e-06 
2.711352e-06 
2.711352e-06 
2.711352e-06 
2.711352e-06 
2.711352e-06 
2.711352e-06 
2.711352e-06 
2.711352e-06 
2.711352e-06 
2.711352e-06 
2.711352e-06 
2.711352e-06 
2.711352e-06 
2.711352e-06 
2.711352e-06 
2.711352e-06 
2.711352e-06 
2.711352e-06 
2.711352e-06 
2.711352e-06 
2.711352e-06 
2.711352e-06 
2.711352e-06 
2.711352e-06 
2.711352e-06 
2.785540e-06 
2.966847e-06 
3.171636e-06 
3.404089e-06 
3.669368e-06 
3.973888e-06 
4.325688e-06 
4.734952e-06 
5.214736e-06 
5.781981e-06 
6.458968e-06 
7.275453e-06 
8.271870e-06 
9.504248e-06 
1.105195e-05 
1.303022e-05 
1.561135e-05 
1.906141e-05 
2.380691e-05 
3.055990e-05 
4.055726e-05 
5.599908e-05 
8.064141e-05 
1.194096e-04 
1.738480e-04 
2.377781e-04 
3.047593e-04 
3.727598e-04 
4.395064e-04 
4.973726e-04 
5.227251e-04 
5.227281e-04 
5.227281e-04 
5.227281e-04 
5.227281e-04 
5.227281e-04 
5.227281e-04 
5.227281e-04 
5.227281e-04 
5.227281e-04 
5.227281e-04 
5.227281e-04 
5.227281e-04 
5.227281e-04 
5.227281e-04 
5.227281e-04 
5.227281e-04 
5.227281e-04 
5.227281e-04 
5.227281e-04 
5.227281e-04 
5.227281e-04 
5.227281e-04 
5.227281e-04 
5.227281e-04 
5.227281e-04 
5.227281e-04 
5.227281e-04 
5.227281e-04 
5.227281e-04 
5.227281e-04 
5.227281e-04 
5.227281e-04 
5.227281e-04 
5.227281e-04 
5.227281e-04 
5.227281e-04 
5.227281e-04 
5.227281e-04 
5.227281e-04 
5.227281e-04 
5.227281e-04 
5.227281e-04 
5.227281e-04 
5.227281e-04 
5.227281e-04 
5.227281e-04 
5.227281e-04 
5.227281e-04 
5.227281e-04 
5.227281e-04 
5.227281e-04 
5.227281e-04 
5.227281e-04 
5.227281e-04 
5.227281e-04 
5.227281e-04 
5.227281e-04 
5.227281e-04 
5.227281e-04 
5.227281e-04 
5.227281e-04 
5.227281e-04 
5.276293e-04 
5.848738e-04 
6.514901e-04 
7.271905e-04 
7.731506e-04 
8.734740e-04 
1.001610e-03 
1.156692e-03 
1.345454e-03 
1.577163e-03 
1.865025e-03 
2.227514e-03 
2.690665e-03 
3.291937e-03 
4.086535e-03 
5.158001e-03 
6.636576e-03 
8.732367e-03 
1.179797e-02 
1.645288e-02 
2.384470e-02 
3.622778e-02 
5.828206e-02 
9.984958e-02 
1.782563e-01 
3.044693e-01 
4.567907e-01 
6.082385e-01 
7.480049e-01 
8.688731e-01 
9.539770e-01 
9.542477e-01 
9.542477e-01 
9.542477e-01 
9.542477e-01 
9.542477e-01 
9.542477e-01 
9.542477e-01 
9.542477e-01 
9.542477e-01 
9.542477e-01 
9.542477e-01 
9.542477e-01 
9.542477e-01 
9.542477e-01 
9.542477e-01 
9.542477e-01 
9.542477e-01 
9.542477e-01 
9.542477e-01 
9.542477e-01 
9.542477e-01 
9.542477e-01 
9.542477e-01 
9.542477e-01 
9.542477e-01 
9.542477e-01 
9.542477e-01 
9.542477e-01 
9.542477e-01 
9.542477e-01 
9.542477e-01 
9.542477e-01 
9.542477e-01 
9.542477e-01 
9.542477e-01 
9.542477e-01 
9.542477e-01 
9.542477e-01 
9.542477e-01 
9.542477e-01 
9.542477e-01 
9.542477e-01 
9.542477e-01 
9.542477e-01 
9.542477e-01 
9.542477e-01 
9.542477e-01 
9.542477e-01 
9.542477e-01 
9.542477e-01 
9.542477e-01 
9.542477e-01 
9.542477e-01 
9.542477e-01 
9.542477e-01 
9.542477e-01 
9.542477e-01 
9.542477e-01 
9.542477e-01 
9.542477e-01 
9.542477e-01 
9.542477e-01 
9.542477e-01 
9.542475e-01 
9.542471e-01 
9.542465e-01 
9.542459e-01 
9.542452e-01 
9.542443e-01 
9.542433e-01 
9.542423e-01 
9.542413e-01 
9.542403e-01 
9.542394e-01 
9.542387e-01 
9.542380e-01 
9.542374e-01 
9.542369e-01 
9.542365e-01 
9.542361e-01 
9.542357e-01 
9.542354e-01 
9.542351e-01 
9.542348e-01 
9.542346e-01 
9.542344e-01 
9.542342e-01 
9.542340e-01 
9.542338e-01 
9.542336e-01 
9.542335e-01 
9.542333e-01 
9.542332e-01 
9.542331e-01 
9.542331e-01 
9.542331e-01 
9.542331e-01 
9.542331e-01 
9.542331e-01 
9.542331e-01 
9.542331e-01 
9.542331e-01 
9.542331e-01 
9.542331e-01 
9.542331e-01 
9.542331e-01 
9.542331e-01 
9.542331e-01 
9.542331e-01 
9.542331e-01 
9.542331e-01 
9.542331e-01 
9.542331e-01 
9.542331e-01 
9.542331e-01 
9.542331e-01 
9.542331e-01 
9.542331e-01 
9.542331e-01 
9.542331e-01 
9.542331e-01 
9.542331e-01 
9.542331e-01 
9.542331e-01 
9.542331e-01 
9.542331e-01 
9.542331e-01 
9.542331e-01 
9.542331e-01 
9.542331e-01 
9.542331e-01 
9.542331e-01 
9.542331e-01 
9.542331e-01 
9.542331e-01 
9.542331e-01 
9.542331e-01 
9.542331e-01 
9.542331e-01 
9.542331e-01 
9.542331e-01 
9.542331e-01 
9.542331e-01 
9.542331e-01 
9.542331e-01 
9.542331e-01 
9.542331e-01 
9.542331e-01 
9.542331e-01 
9.542331e-01 
9.542331e-01 
9.542331e-01 
9.542331e-01 
9.542331e-01 
9.542331e-01 
9.542331e-01 
9.415767e-01 
8.442200e-01 
7.192610e-01 
5.749372e-01 
4.077443e-01 
2.031288e-01 
2.761124e-02 
1.160000e-03 
4.060303e-04 
2.285345e-04 
1.431565e-04 
9.601617e-05 
6.764653e-05 
4.949212e-05 
3.731903e-05 
2.884814e-05 
2.277196e-05 
1.830163e-05 
1.494130e-05 
1.236846e-05 
1.036723e-05 
8.789335e-06 
7.529434e-06 
6.506071e-06 
5.650761e-06 
4.927782e-06 
4.324720e-06 
3.819871e-06 
3.390303e-06 
3.016601e-06 
2.702435e-06 
2.695522e-06 
2.695522e-06 
2.695522e-06 
2.695522e-06 
2.695522e-06 
2.695522e-06 
2.695522e-06 
2.695522e-06 
2.695522e-06 
2.695522e-06 
2.695522e-06 
2.695522e-06 
2.695522e-06 
2.695522e-06 
2.695522e-06 
2.695522e-06 
2.695522e-06 
2.695522e-06 
2.695522e-06 
2.695522e-06 
2.695522e-06 
2.695522e-06 
2.695522e-06 
2.695522e-06 
2.695522e-06 
2.695522e-06 
2.695522e-06 
2.695522e-06 
2.695522e-06 
2.695522e-06 
2.695522e-06 
2.695522e-06 
2.695522e-06 
2.695522e-06 
2.695522e-06 
2.695522e-06 
2.695522e-06 
2.695522e-06 
2.695522e-06 
2.695522e-06 
2.695522e-06 
2.695522e-06 
2.695522e-06 
2.695522e-06 
2.695522e-06 
2.695522e-06 
2.695522e-06 
2.695522e-06 
2.695522e-06 
2.695522e-06 
2.695522e-06 
2.695522e-06 
2.695522e-06 
2.695522e-06 
2.695522e-06 
2.695522e-06 
2.695522e-06 
2.695522e-06 
2.695522e-06 
2.695522e-06 
2.695522e-06 
2.695522e-06 
2.695522e-06 
2.780881e-06 
2.962551e-06 
3.167810e-06 
3.400888e-06 
3.666996e-06 
3.972619e-06 
4.325896e-06 
4.737165e-06 
5.219684e-06 
5.790639e-06 
6.472643e-06 
7.295937e-06 
8.301681e-06 
9.546997e-06 
1.111294e-05 
1.311745e-05 
1.573723e-05 
1.924592e-05 
2.408343e-05 
3.098660e-05 
4.123937e-05 
5.712872e-05 
8.253699e-05 
1.223971e-04 
1.778005e-04 
2.421713e-04 
3.093201e-04 
3.773832e-04 
4.438639e-04 
5.006888e-04 
5.227264e-04 
5.227274e-04 
5.227274e-04 
5.227274e-04 
5.227274e-04 
5.227274e-04 
5.227274e-04 
5.227274e-04 
5.227274e-04 
5.227274e-04 
5.227274e-04 
5.227274e-04 
5.227274e-04 
5.227274e-04 
5.227274e-04 
5.227274e-04 
5.227274e-04 
5.227274e-04 
5.227274e-04 
5.227274e-04 
5.227274e-04 
5.227274e-04 
5.227274e-04 
5.227274e-04 
5.227274e-04 
5.227274e-04 
5.227274e-04 
5.227274e-04 
5.227274e-04 
5.227274e-04 
5.227274e-04 
5.227274e-04 
5.227274e-04 
5.227274e-04 
5.227274e-04 
5.227274e-04 
5.227274e-04 
5.227274e-04 
5.227274e-04 
5.227274e-04 
5.227274e-04 
5.227274e-04 
5.227274e-04 
5.227274e-04 
5.227274e-04 
5.227274e-04 
5.227274e-04 
5.227274e-04 
5.227274e-04 
5.227274e-04 
5.227274e-04 
5.227274e-04 
5.227274e-04 
5.227274e-04 
5.227274e-04 
5.227274e-04 
5.227274e-04 
5.227274e-04 
5.227274e-04 
5.227274e-04 
5.227274e-04 
5.227274e-04 
5.227274e-04 
5.310066e-04 
5.891300e-04 
6.563969e-04 
7.324642e-04 
7.783998e-04 
8.814935e-04 
1.011289e-03 
1.168439e-03 
1.359804e-03 
1.594881e-03 
1.887186e-03 
2.255625e-03 
2.726868e-03 
3.339349e-03 
4.149812e-03 
5.244287e-03 
6.757192e-03 
8.905914e-03 
1.205634e-02 
1.685350e-02 
2.449692e-02 
3.735260e-02 
6.034710e-02 
1.038083e-01 
1.854094e-01 
3.144497e-01 
4.673641e-01 
6.182390e-01 
7.569737e-01 
8.761748e-01 
9.541949e-01 
9.542477e-01 
9.542477e-01 
9.542477e-01 
9.542477e-01 
9.542477e-01 
9.542477e-01 
9.542477e-01 
9.542477e-01 
9.542477e-01 
9.542477e-01 
9.542477e-01 
9.542477e-01 
9.542477e-01 
9.542477e-01 
9.542477e-01 
9.542477e-01 
9.542477e-01 
9.542477e-01 
9.542477e-01 
9.542477e-01 
9.542477e-01 
9.542477e-01 
9.542477e-01 
9.542477e-01 
9.542477e-01 
9.542477e-01 
9.542477e-01 
9.542477e-01 
9.542477e-01 
9.542477e-01 
9.542477e-01 
9.542477e-01 
9.542477e-01 
9.542477e-01 
9.542477e-01 
9.542477e-01 
9.542477e-01 
9.542477e-01 
9.542477e-01 
9.542477e-01 
9.542477e-01 
9.542477e-01 
9.542477e-01 
9.542477e-01 
9.542477e-01 
9.542477e-01 
9.542477e-01 
9.542477e-01 
9.542477e-01 
9.542477e-01 
9.542477e-01 
9.542477e-01 
9.542477e-01 
9.542477e-01 
9.542477e-01 
9.542477e-01 
9.542477e-01 
9.542477e-01 
9.542477e-01 
9.542477e-01 
9.542477e-01 
9.542477e-01 
9.542477e-01 
9.542475e-01 
9.542470e-01 
9.542465e-01 
9.542459e-01 
9.542451e-01 
9.542442e-01 
9.542433e-01 
9.542422e-01 
9.542412e-01 
9.542402e-01 
9.542394e-01 
9.542386e-01 
9.542380e-01 
9.542374e-01 
9.542369e-01 
9.542365e-01 
9.542361e-01 
9.542357e-01 
9.542354e-01 
9.542351e-01 
9.542348e-01 
9.542346e-01 
9.542344e-01 
9.542342e-01 
9.542340e-01 
9.542338e-01 
9.542336e-01 
9.542335e-01 
9.542333e-01 
9.542332e-01 
9.542331e-01 
9.542331e-01 
9.542331e-01 
9.542331e-01 
9.542331e-01 
9.542331e-01 
9.542331e-01 
9.542331e-01 
9.542331e-01 
9.542331e-01 
9.542331e-01 
9.542331e-01 
9.542331e-01 
9.542331e-01 
9.542331e-01 
9.542331e-01 
9.542331e-01 
9.542331e-01 
9.542331e-01 
9.542331e-01 
9.542331e-01 
9.542331e-01 
9.542331e-01 
9.542331e-01 
9.542331e-01 
9.542331e-01 
9.542331e-01 
9.542331e-01 
9.542331e-01 
9.542331e-01 
9.542331e-01 
9.542331e-01 
9.542331e-01 
9.542331e-01 
9.542331e-01 
9.542331e-01 
9.542331e-01 
9.542331e-01 
9.542331e-01 
9.542331e-01 
9.542331e-01 
9.542331e-01 
9.542331e-01 
9.542331e-01 
9.542331e-01 
9.542331e-01 
9.542331e-01 
9.542331e-01 
9.542331e-01 
9.542331e-01 
9.542331e-01 
9.542331e-01 
9.542331e-01 
9.542331e-01 
9.542331e-01 
9.542331e-01 
9.542331e-01 
9.542331e-01 
9.542331e-01 
9.542331e-01 
9.542331e-01 
9.542331e-01 
9.542331e-01 
9.361322e-01 
8.364018e-01 
7.099812e-01 
5.643476e-01 
3.951185e-01 
1.878708e-01 
2.225104e-02 
9.978931e-04 
3.789111e-04 
2.146078e-04 
1.346318e-04 
9.018923e-05 
6.331843e-05 
4.605050e-05 
3.441528e-05 
2.626292e-05 
2.035104e-05 
1.592052e-05 
1.248106e-05 
9.692932e-06 
7.292957e-06 
5.036816e-06 
2.646754e-06 
-1.765306e-07 
-3.427546e-06 
-6.466415e-06 
-8.847175e-06 
-1.068814e-05 
-1.223499e-05 
-1.363030e-05 
-1.478254e-05 
-1.482585e-05 
-1.482585e-05 
-1.482585e-05 
-1.482585e-05 
-1.482585e-05 
-1.482585e-05 
-1.482585e-05 
-1.482585e-05 
-1.482585e-05 
-1.482585e-05 
-1.482585e-05 
-1.482585e-05 
-1.482585e-05 
-1.482585e-05 
-1.482585e-05 
-1.482585e-05 
-1.482585e-05 
-1.482585e-05 
-1.482585e-05 
-1.482585e-05 
-1.482585e-05 
-1.482585e-05 
-1.482585e-05 
-1.482585e-05 
-1.482585e-05 
-1.482585e-05 
-1.482585e-05 
-1.482585e-05 
-1.482585e-05 
-1.482585e-05 
-1.482585e-05 
-1.482585e-05 
-1.482585e-05 
-1.482585e-05 
-1.482585e-05 
-1.482585e-05 
-1.482585e-05 
-1.482585e-05 
-1.482585e-05 
-1.482585e-05 
-1.482585e-05 
-1.482585e-05 
-1.482585e-05 
-1.482585e-05 
-1.482585e-05 
-1.482585e-05 
-1.482585e-05 
-1.482585e-05 
-1.482585e-05 
-1.482585e-05 
-1.482585e-05 
-1.482585e-05 
-1.482585e-05 
-1.482585e-05 
-1.482585e-05 
-1.482585e-05 
-1.482585e-05 
-1.482585e-05 
-1.482585e-05 
-1.482585e-05 
-1.482585e-05 
-1.482585e-05 
-1.482585e-05 
-1.473529e-05 
-1.455167e-05 
-1.433501e-05 
-1.407814e-05 
-1.377198e-05 
-1.340503e-05 
-1.296261e-05 
-1.242589e-05 
-1.177039e-05 
-1.096362e-05 
-9.961909e-06 
-8.706082e-06 
-7.114926e-06 
-5.075489e-06 
-2.428652e-06 
1.052201e-06 
5.691897e-06 
1.195469e-05 
2.049011e-05 
3.215612e-05 
4.795010e-05 
6.875095e-05 
9.491336e-05 
1.261095e-04 
1.618205e-04 
2.021887e-04 
2.486262e-04 
3.038746e-04 
3.706787e-04 
4.459307e-04 
4.786128e-04 
4.786133e-04 
4.786133e-04 
4.786133e-04 
4.786133e-04 
4.786133e-04 
4.786133e-04 
4.786133e-04 
4.786133e-04 
4.786133e-04 
4.786133e-04 
4.786133e-04 
4.786133e-04 
4.786133e-04 
4.786133e-04 
4.786133e-04 
4.786133e-04 
4.786133e-04 
4.786133e-04 
4.786133e-04 
4.786133e-04 
4.786133e-04 
4.786133e-04 
4.786133e-04 
4.786133e-04 
4.786133e-04 
4.786133e-04 
4.786133e-04 
4.786133e-04 
4.786133e-04 
4.786133e-04 
4.786133e-04 
4.786133e-04 
4.786133e-04 
4.786133e-04 
4.786133e-04 
4.786133e-04 
4.786133e-04 
4.786133e-04 
4.786133e-04 
4.786133e-04 
4.786133e-04 
4.786133e-04 
4.786133e-04 
4.786133e-04 
4.786133e-04 
4.786133e-04 
4.786133e-04 
4.786133e-04 
4.786133e-04 
4.786133e-04 
4.786133e-04 
4.786133e-04 
4.786133e-04 
4.786133e-04 
4.786133e-04 
4.786133e-04 
4.786133e-04 
4.786133e-04 
4.786133e-04 
4.786133e-04 
4.786133e-04 
4.786133e-04 
4.897513e-04 
5.459130e-04 
6.116228e-04 
6.888707e-04 
7.803656e-04 
8.896149e-04 
1.021094e-03 
1.180344e-03 
1.374357e-03 
1.612863e-03 
1.909701e-03 
2.284213e-03 
2.763724e-03 
3.387676e-03 
4.214399e-03 
5.332499e-03 
6.880725e-03 
9.084044e-03 
1.232221e-02 
1.726701e-02 
2.517260e-02 
3.852281e-02 
6.250423e-02 
1.079463e-01 
1.928034e-01 
3.245394e-01 
4.779204e-01 
6.281823e-01 
7.658537e-01 
8.833269e-01 
9.542374e-01 
9.542477e-01 
9.542477e-01 
9.542477e-01 
9.542477e-01 
9.542477e-01 
9.542477e-01 
9.542477e-01 
9.542477e-01 
9.542477e-01 
9.542477e-01 
9.542477e-01 
9.542477e-01 
9.542477e-01 
9.542477e-01 
9.542477e-01 
9.542477e-01 
9.542477e-01 
9.542477e-01 
9.542477e-01 
9.542477e-01 
9.542477e-01 
9.542477e-01 
9.542477e-01 
9.542477e-01 
9.542477e-01 
9.542477e-01 
9.542477e-01 
9.542477e-01 
9.542477e-01 
9.542477e-01 
9.542477e-01 
9.542477e-01 
9.542477e-01 
9.542477e-01 
9.542477e-01 
9.542477e-01 
9.542477e-01 
9.542477e-01 
9.542477e-01 
9.542477e-01 
9.542477e-01 
9.542477e-01 
9.542477e-01 
9.542477e-01 
9.542477e-01 
9.542477e-01 
9.542477e-01 
9.542477e-01 
9.542477e-01 
9.542477e-01 
9.542477e-01 
9.542477e-01 
9.542477e-01 
9.542477e-01 
9.542477e-01 
9.542477e-01 
9.542477e-01 
9.542477e-01 
9.542477e-01 
9.542477e-01 
9.542477e-01 
9.542477e-01 
9.542477e-01 
9.542475e-01 
9.542470e-01 
9.542465e-01 
9.542458e-01 
9.542450e-01 
9.542442e-01 
9.542432e-01 
9.542421e-01 
9.542411e-01 
9.542402e-01 
9.542393e-01 
9.542386e-01 
9.542379e-01 
9.542374e-01 
9.542369e-01 
9.542364e-01 
9.542360e-01 
9.542357e-01 
9.542354e-01 
9.542351e-01 
9.542348e-01 
9.542346e-01 
9.542343e-01 
9.542341e-01 
9.542339e-01 
9.542338e-01 
9.542336e-01 
9.542335e-01 
9.542333e-01 
9.542332e-01 
9.542331e-01 
9.542331e-01 
9.542331e-01 
9.542331e-01 
9.542331e-01 
9.542331e-01 
9.542331e-01 
9.542331e-01 
9.542331e-01 
9.542331e-01 
9.542331e-01 
9.542331e-01 
9.542331e-01 
9.542331e-01 
9.542331e-01 
9.542331e-01 
9.542331e-01 
9.542331e-01 
9.542331e-01 
9.542331e-01 
9.542331e-01 
9.542331e-01 
9.542331e-01 
9.542331e-01 
9.542331e-01 
9.542331e-01 
9.542331e-01 
9.542331e-01 
9.542331e-01 
9.542331e-01 
9.542331e-01 
9.542331e-01 
9.542331e-01 
9.542331e-01 
9.542331e-01 
9.542331e-01 
9.542331e-01 
9.542331e-01 
9.542331e-01 
9.542331e-01 
9.542331e-01 
9.542331e-01 
9.542331e-01 
9.542331e-01 
9.542331e-01 
9.542331e-01 
9.542331e-01 
9.542331e-01 
9.542331e-01 
9.542331e-01 
9.542331e-01 
9.542331e-01 
9.542331e-01 
9.542331e-01 
9.542331e-01 
9.542331e-01 
9.542331e-01 
9.542331e-01 
9.542331e-01 
9.542331e-01 
9.542331e-01 
9.542331e-01 
9.542331e-01 
9.304743e-01 
8.284630e-01 
7.006170e-01 
5.536587e-01 
3.823281e-01 
1.727569e-01 
1.789543e-02 
9.215121e-04 
3.809814e-04 
2.191779e-04 
1.393428e-04 
9.462248e-05 
6.744789e-05 
4.994622e-05 
3.817041e-05 
2.997744e-05 
2.413303e-05 
1.989545e-05 
1.680845e-05 
1.459492e-05 
1.310552e-05 
1.230306e-05 
1.226740e-05 
1.313561e-05 
1.473101e-05 
1.632660e-05 
1.749107e-05 
1.832002e-05 
1.901307e-05 
1.966373e-05 
2.021142e-05 
2.022515e-05 
2.022515e-05 
2.022515e-05 
2.022515e-05 
2.022515e-05 
2.022515e-05 
2.022515e-05 
2.022515e-05 
2.022515e-05 
2.022515e-05 
2.022515e-05 
2.022515e-05 
2.022515e-05 
2.022515e-05 
2.022515e-05 
2.022515e-05 
2.022515e-05 
2.022515e-05 
2.022515e-05 
2.022515e-05 
2.022515e-05 
2.022515e-05 
2.022515e-05 
2.022515e-05 
2.022515e-05 
2.022515e-05 
2.022515e-05 
2.022515e-05 
2.022515e-05 
2.022515e-05 
2.022515e-05 
2.022515e-05 
2.022515e-05 
2.022515e-05 
2.022515e-05 
2.022515e-05 
2.022515e-05 
2.022515e-05 
2.022515e-05 
2.022515e-05 
2.022515e-05 
2.022515e-05 
2.022515e-05 
2.022515e-05 
2.022515e-05 
2.022515e-05 
2.022515e-05 
2.022515e-05 
2.022515e-05 
2.022515e-05 
2.022515e-05 
2.022515e-05 
2.022515e-05 
2.022515e-05 
2.022515e-05 
2.022515e-05 
2.022515e-05 
2.022515e-05 
2.022515e-05 
2.022515e-05 
2.022515e-05 
2.022515e-05 
2.022515e-05 
2.034065e-05 
2.052376e-05 
2.072128e-05 
2.093447e-05 
2.116461e-05 
2.141305e-05 
2.168115e-05 
2.197034e-05 
2.228193e-05 
2.261659e-05 
2.297371e-05 
2.335082e-05 
2.374211e-05 
2.413616e-05 
2.451163e-05 
2.482996e-05 
2.502179e-05 
2.496177e-05 
2.441993e-05 
2.296544e-05 
1.977301e-05 
1.324242e-05 
3.600904e-07 
-2.373384e-05 
-6.366525e-05 
-1.185288e-04 
-1.833923e-04 
-2.568902e-04 
-3.409757e-04 
-4.320264e-04 
-4.653917e-04 
-4.653919e-04 
-4.653919e-04 
-4.653919e-04 
-4.653919e-04 
-4.653919e-04 
-4.653919e-04 
-4.653919e-04 
-4.653919e-04 
-4.653919e-04 
-4.653919e-04 
-4.653919e-04 
-4.653919e-04 
-4.653919e-04 
-4.653919e-04 
-4.653919e-04 
-4.653919e-04 
-4.653919e-04 
-4.653919e-04 
-4.653919e-04 
-4.653919e-04 
-4.653919e-04 
-4.653919e-04 
-4.653919e-04 
-4.653919e-04 
-4.653919e-04 
-4.653919e-04 
-4.653919e-04 
-4.653919e-04 
-4.653919e-04 
-4.653919e-04 
-4.653919e-04 
-4.653919e-04 
-4.653919e-04 
-4.653919e-04 
-4.653919e-04 
-4.653919e-04 
-4.653919e-04 
-4.653919e-04 
-4.653919e-04 
-4.653919e-04 
-4.653919e-04 
-4.653919e-04 
-4.653919e-04 
-4.653919e-04 
-4.653919e-04 
-4.653919e-04 
-4.653919e-04 
-4.653919e-04 
-4.653919e-04 
-4.653919e-04 
-4.653919e-04 
-4.653919e-04 
-4.653919e-04 
-4.653919e-04 
-4.653919e-04 
-4.653919e-04 
-4.653919e-04 
-4.653919e-04 
-4.653919e-04 
-4.653919e-04 
-4.653919e-04 
-4.653919e-04 
-4.796769e-04 
-5.350374e-04 
-5.998082e-04 
-6.760143e-04 
-7.663481e-04 
-8.742890e-04 
-1.004265e-03 
-1.161766e-03 
-1.353809e-03 
-1.590217e-03 
-1.884898e-03 
-2.257295e-03 
-2.734933e-03 
-3.357645e-03 
-4.184492e-03 
-5.305458e-03 
-6.861919e-03 
-9.083972e-03 
-1.236175e-02 
-1.738898e-02 
-2.546859e-02 
-3.919871e-02 
-6.403986e-02 
-1.113992e-01 
-1.996522e-01 
-3.343309e-01 
-4.883344e-01 
-6.380388e-01 
-7.746372e-01 
-8.903233e-01 
-9.542456e-01 
-9.542476e-01 
-9.542476e-01 
-9.542476e-01 
-9.542476e-01 
-9.542476e-01 
-9.542476e-01 
-9.542476e-01 
-9.542476e-01 
-9.542476e-01 
-9.542476e-01 
-9.542476e-01 
-9.542476e-01 
-9.542476e-01 
-9.542476e-01 
-9.542476e-01 
-9.542476e-01 
-9.542476e-01 
-9.542476e-01 
-9.542476e-01 
-9.542476e-01 
-9.542476e-01 
-9.542476e-01 
-9.542476e-01 
-9.542476e-01 
-9.542476e-01 
-9.542476e-01 
-9.542476e-01 
-9.542476e-01 
-9.542476e-01 
-9.542476e-01 
-9.542476e-01 
-9.542476e-01 
-9.542476e-01 
-9.542476e-01 
-9.542476e-01 
-9.542476e-01 
-9.542476e-01 
-9.542476e-01 
-9.542476e-01 
-9.542476e-01 
-9.542476e-01 
-9.542476e-01 
-9.542476e-01 
-9.542476e-01 
-9.542476e-01 
-9.542476e-01 
-9.542476e-01 
-9.542476e-01 
-9.542476e-01 
-9.542476e-01 
-9.542476e-01 
-9.542476e-01 
-9.542476e-01 
-9.542476e-01 
-9.542476e-01 
-9.542476e-01 
-9.542476e-01 
-9.542476e-01 
-9.542476e-01 
-9.542476e-01 
-9.542476e-01 
-9.542476e-01 
-9.542476e-01 
-9.542473e-01 
-9.542468e-01 
-9.542461e-01 
-9.542452e-01 
-9.542439e-01 
-9.542420e-01 
-9.542402e-01 
-9.542393e-01 
-9.542386e-01 
-9.542380e-01 
-9.542375e-01 
-9.542370e-01 
-9.542366e-01 
-9.542362e-01 
-9.542358e-01 
-9.542355e-01 
-9.542352e-01 
-9.542349e-01 
-9.542347e-01 
-9.542345e-01 
-9.542342e-01 
-9.542341e-01 
-9.542339e-01 
-9.542337e-01 
-9.542335e-01 
-9.542334e-01 
-9.542332e-01 
-9.542331e-01 
-9.542330e-01 
-9.542329e-01 
-9.542328e-01 
-9.542328e-01 
-9.542328e-01 
-9.542328e-01 
-9.542328e-01 
-9.542328e-01 
-9.542328e-01 
-9.542328e-01 
-9.542328e-01 
-9.542328e-01 
-9.542328e-01 
-9.542328e-01 
-9.542328e-01 
-9.542328e-01 
-9.542328e-01 
-9.542328e-01 
-9.542328e-01 
-9.542328e-01 
-9.542328e-01 
-9.542328e-01 
-9.542328e-01 
-9.542328e-01 
-9.542328e-01 
-9.542328e-01 
-9.542328e-01 
-9.542328e-01 
-9.542328e-01 
-9.542328e-01 
-9.542328e-01 
-9.542328e-01 
-9.542328e-01 
-9.542328e-01 
-9.542328e-01 
-9.542328e-01 
-9.542328e-01 
-9.542328e-01 
-9.542328e-01 
-9.542328e-01 
-9.542328e-01 
-9.542328e-01 
-9.542328e-01 
-9.542328e-01 
-9.542328e-01 
-9.542328e-01 
-9.542328e-01 
-9.542328e-01 
-9.542328e-01 
-9.542328e-01 
-9.542328e-01 
-9.542328e-01 
-9.542328e-01 
-9.542328e-01 
-9.542328e-01 
-9.542328e-01 
-9.542328e-01 
-9.542328e-01 
-9.542328e-01 
-9.542328e-01 
-9.542328e-01 
-9.542328e-01 
-9.542328e-01 
-9.542328e-01 
-9.542328e-01 
-9.246179e-01 
-8.203992e-01 
-6.911158e-01 
-5.425981e-01 
-3.681563e-01 
-1.531692e-01 
-9.942220e-03 
6.582901e-04 
3.561998e-04 
2.061153e-04 
1.312159e-04 
8.900450e-05 
6.323912e-05 
4.657630e-05 
3.531060e-05 
2.741843e-05 
2.172574e-05 
1.751773e-05 
1.434168e-05 
1.190128e-05 
9.997126e-06 
8.491582e-06 
7.286339e-06 
6.304909e-06 
5.485205e-06 
4.795929e-06 
4.220264e-06 
3.735843e-06 
3.321397e-06 
2.959173e-06 
2.711617e-06 
2.711352e-06 
2.711352e-06 
2.711352e-06 
2.711352e-06 
2.711352e-06 
2.711352e-06 
2.711352e-06 
2.711352e-06 
2.711352e-06 
2.711352e-06 
2.711352e-06 
2.711352e-06 
2.711352e-06 
2.711352e-06 
2.711352e-06 
2.711352e-06 
2.711352e-06 
2.711352e-06 
2.711352e-06 
2.711352e-06 
2.711352e-06 
2.711352e-06 
2.711352e-06 
2.711352e-06 
2.711352e-06 
2.711352e-06 
2.711352e-06 
2.711352e-06 
2.711352e-06 
2.711352e-06 
2.711352e-06 
2.711352e-06 
2.711352e-06 
2.711352e-06 
2.711352e-06 
2.711352e-06 
2.711352e-06 
2.711352e-06 
2.711352e-06 
2.711352e-06 
2.711352e-06 
2.711352e-06 
2.711352e-06 
2.711352e-06 
2.711352e-06 
2.711352e-06 
2.711352e-06 
2.711352e-06 
2.711352e-06 
2.711352e-06 
2.711352e-06 
2.711352e-06 
2.711352e-06 
2.711352e-06 
2.711352e-06 
2.711352e-06 
2.711352e-06 
2.711352e-06 
2.711352e-06 
2.711352e-06 
2.711352e-06 
2.711352e-06 
2.711352e-06 
2.832995e-06 
3.020365e-06 
3.232267e-06 
3.473137e-06 
3.748451e-06 
4.065024e-06 
4.431423e-06 
4.858534e-06 
5.360362e-06 
5.955140e-06 
6.666943e-06 
7.528072e-06 
8.582646e-06 
9.892149e-06 
1.154424e-05 
1.366717e-05 
1.645431e-05 
2.020720e-05 
2.541454e-05 
3.290139e-05 
4.411423e-05 
6.162291e-05 
8.965074e-05 
1.328779e-04 
1.907494e-04 
2.559371e-04 
3.232976e-04 
3.913339e-04 
4.567042e-04 
5.099963e-04 
5.227281e-04 
5.227281e-04 
5.227281e-04 
5.227281e-04 
5.227281e-04 
5.227281e-04 
5.227281e-04 
5.227281e-04 
5.227281e-04 
5.227281e-04 
5.227281e-04 
5.227281e-04 
5.227281e-04 
5.227281e-04 
5.227281e-04 
5.227281e-04 
5.227281e-04 
5.227281e-04 
5.227281e-04 
5.227281e-04 
5.227281e-04 
5.227281e-04 
5.227281e-04 
5.227281e-04 
5.227281e-04 
5.227281e-04 
5.227281e-04 
5.227281e-04 
5.227281e-04 
5.227281e-04 
5.227281e-04 
5.227281e-04 
5.227281e-04 
5.227281e-04 
5.227281e-04 
5.227281e-04 
5.227281e-04 
5.227281e-04 
5.227281e-04 
5.227281e-04 
5.227281e-04 
5.227281e-04 
5.227281e-04 
5.227281e-04 
5.227281e-04 
5.227281e-04 
5.227281e-04 
5.227281e-04 
5.227281e-04 
5.227281e-04 
5.227281e-04 
5.227281e-04 
5.227281e-04 
5.227281e-04 
5.227281e-04 
5.227281e-04 
5.227281e-04 
5.227281e-04 
5.227281e-04 
5.227281e-04 
5.227281e-04 
5.227281e-04 
5.227281e-04 
5.421420e-04 
6.021561e-04 
6.713929e-04 
7.470515e-04 
7.953118e-04 
9.061703e-04 
1.041095e-03 
1.204642e-03 
1.404085e-03 
1.649646e-03 
1.955818e-03 
2.342856e-03 
2.839455e-03 
3.487163e-03 
4.347637e-03 
5.514914e-03 
7.136901e-03 
9.454654e-03 
1.287754e-02 
1.813478e-02 
2.659853e-02 
4.100830e-02 
6.711342e-02 
1.167879e-01 
2.083033e-01 
3.449985e-01 
4.989645e-01 
6.478897e-01 
7.833354e-01 
8.971601e-01 
9.542473e-01 
9.542477e-01 
9.542477e-01 
9.542477e-01 
9.542477e-01 
9.542477e-01 
9.542477e-01 
9.542477e-01 
9.542477e-01 
9.542477e-01 
9.542477e-01 
9.542477e-01 
9.542477e-01 
9.542477e-01 
9.542477e-01 
9.542477e-01 
9.542477e-01 
9.542477e-01 
9.542477e-01 
9.542477e-01 
9.542477e-01 
9.542477e-01 
9.542477e-01 
9.542477e-01 
9.542477e-01 
9.542477e-01 
9.542477e-01 
9.542477e-01 
9.542477e-01 
9.542477e-01 
9.542477e-01 
9.542477e-01 
9.542477e-01 
9.542477e-01 
9.542477e-01 
9.542477e-01 
9.542477e-01 
9.542477e-01 
9.542477e-01 
9.542477e-01 
9.542477e-01 
9.542477e-01 
9.542477e-01 
9.542477e-01 
9.542477e-01 
9.542477e-01 
9.542477e-01 
9.542477e-01 
9.542477e-01 
9.542477e-01 
9.542477e-01 
9.542477e-01 
9.542477e-01 
9.542477e-01 
9.542477e-01 
9.542477e-01 
9.542477e-01 
9.542477e-01 
9.542477e-01 
9.542477e-01 
9.542477e-01 
9.542477e-01 
9.542477e-01 
9.542477e-01 
9.542474e-01 
9.542469e-01 
9.542464e-01 
9.542457e-01 
9.542449e-01 
9.542440e-01 
9.542430e-01 
9.542420e-01 
9.542410e-01 
9.542400e-01 
9.542392e-01 
9.542385e-01 
9.542379e-01 
9.542373e-01 
9.542368e-01 
9.542364e-01 
9.542360e-01 
9.542356e-01 
9.542353e-01 
9.542350e-01 
9.542348e-01 
9.542345e-01 
9.542343e-01 
9.542341e-01 
9.542339e-01 
9.542337e-01 
9.542336e-01 
9.542334e-01 
9.542333e-01 
9.542332e-01 
9.542331e-01 
9.542331e-01 
9.542331e-01 
9.542331e-01 
9.542331e-01 
9.542331e-01 
9.542331e-01 
9.542331e-01 
9.542331e-01 
9.542331e-01 
9.542331e-01 
9.542331e-01 
9.542331e-01 
9.542331e-01 
9.542331e-01 
9.542331e-01 
9.542331e-01 
9.542331e-01 
9.542331e-01 
9.542331e-01 
9.542331e-01 
9.542331e-01 
9.542331e-01 
9.542331e-01 
9.542331e-01 
9.542331e-01 
9.542331e-01 
9.542331e-01 
9.542331e-01 
9.542331e-01 
9.542331e-01 
9.542331e-01 
9.542331e-01 
9.542331e-01 
9.542331e-01 
9.542331e-01 
9.542331e-01 
9.542331e-01 
9.542331e-01 
9.542331e-01 
9.542331e-01 
9.542331e-01 
9.542331e-01 
9.542331e-01 
9.542331e-01 
9.542331e-01 
9.542331e-01 
9.542331e-01 
9.542331e-01 
9.542331e-01 
9.542331e-01 
9.542331e-01 
9.542331e-01 
9.542331e-01 
9.542331e-01 
9.542331e-01 
9.542331e-01 
9.542331e-01 
9.542331e-01 
9.542331e-01 
9.542331e-01 
9.542331e-01 
9.542331e-01 
9.185739e-01 
8.122386e-01 
6.816327e-01 
5.319431e-01 
3.561081e-01 
1.428264e-01 
1.120594e-02 
7.469569e-04 
3.418844e-04 
1.994082e-04 
1.276018e-04 
8.687073e-05 
6.189587e-05 
4.568908e-05 
3.470224e-05 
2.698865e-05 
2.141475e-05 
1.728836e-05 
1.417003e-05 
1.177157e-05 
9.898670e-06 
8.416874e-06 
7.229181e-06 
6.257823e-06 
5.440346e-06 
4.751694e-06 
4.177907e-06 
3.695792e-06 
3.283259e-06 
2.922146e-06 
2.695618e-06 
2.695522e-06 
2.695522e-06 
2.695522e-06 
2.695522e-06 
2.695522e-06 
2.695522e-06 
2.695522e-06 
2.695522e-06 
2.695522e-06 
2.695522e-06 
2.695522e-06 
2.695522e-06 
2.695522e-06 
2.695522e-06 
2.695522e-06 
2.695522e-06 
2.695522e-06 
2.695522e-06 
2.695522e-06 
2.695522e-06 
2.695522e-06 
2.695522e-06 
2.695522e-06 
2.695522e-06 
2.695522e-06 
2.695522e-06 
2.695522e-06 
2.695522e-06 
2.695522e-06 
2.695522e-06 
2.695522e-06 
2.695522e-06 
2.695522e-06 
2.695522e-06 
2.695522e-06 
2.695522e-06 
2.695522e-06 
2.695522e-06 
2.695522e-06 
2.695522e-06 
2.695522e-06 
2.695522e-06 
2.695522e-06 
2.695522e-06 
2.695522e-06 
2.695522e-06 
2.695522e-06 
2.695522e-06 
2.695522e-06 
2.695522e-06 
2.695522e-06 
2.695522e-06 
2.695522e-06 
2.695522e-06 
2.695522e-06 
2.695522e-06 
2.695522e-06 
2.695522e-06 
2.695522e-06 
2.695522e-06 
2.695522e-06 
2.695522e-06 
2.695522e-06 
2.828432e-06 
3.016184e-06 
3.228594e-06 
3.470140e-06 
3.746350e-06 
4.064116e-06 
4.432120e-06 
4.861414e-06 
5.366217e-06 
5.965023e-06 
6.682277e-06 
7.550819e-06 
8.615579e-06 
9.939269e-06 
1.161146e-05 
1.376349e-05 
1.659381e-05 
2.041279e-05 
2.572490e-05 
3.338471e-05 
4.489476e-05 
6.292516e-05 
9.182146e-05 
1.361709e-04 
1.948712e-04 
2.603893e-04 
3.278885e-04 
3.959351e-04 
4.608702e-04 
5.128675e-04 
5.227274e-04 
5.227274e-04 
5.227274e-04 
5.227274e-04 
5.227274e-04 
5.227274e-04 
5.227274e-04 
5.227274e-04 
5.227274e-04 
5.227274e-04 
5.227274e-04 
5.227274e-04 
5.227274e-04 
5.227274e-04 
5.227274e-04 
5.227274e-04 
5.227274e-04 
5.227274e-04 
5.227274e-04 
5.227274e-04 
5.227274e-04 
5.227274e-04 
5.227274e-04 
5.227274e-04 
5.227274e-04 
5.227274e-04 
5.227274e-04 
5.227274e-04 
5.227274e-04 
5.227274e-04 
5.227274e-04 
5.227274e-04 
5.227274e-04 
5.227274e-04 
5.227274e-04 
5.227274e-04 
5.227274e-04 
5.227274e-04 
5.227274e-04 
5.227274e-04 
5.227274e-04 
5.227274e-04 
5.227274e-04 
5.227274e-04 
5.227274e-04 
5.227274e-04 
5.227274e-04 
5.227274e-04 
5.227274e-04 
5.227274e-04 
5.227274e-04 
5.227274e-04 
5.227274e-04 
5.227274e-04 
5.227274e-04 
5.227274e-04 
5.227274e-04 
5.227274e-04 
5.227274e-04 
5.227274e-04 
5.227274e-04 
5.227274e-04 
5.227274e-04 
5.459737e-04 
6.065835e-04 
6.764798e-04 
7.504658e-04 
8.017799e-04 
9.146073e-04 
1.051295e-03 
1.217040e-03 
1.419268e-03 
1.668457e-03 
1.979435e-03 
2.372934e-03 
2.878362e-03 
3.538368e-03 
4.416360e-03 
5.609231e-03 
7.269729e-03 
9.647454e-03 
1.316758e-02 
1.859015e-02 
2.735100e-02 
4.232832e-02 
6.957531e-02 
1.215052e-01 
2.164008e-01 
3.553447e-01 
5.094444e-01 
6.576504e-01 
7.919306e-01 
9.038299e-01 
9.542476e-01 
9.542477e-01 
9.542477e-01 
9.542477e-01 
9.542477e-01 
9.542477e-01 
9.542477e-01 
9.542477e-01 
9.542477e-01 
9.542477e-01 
9.542477e-01 
9.542477e-01 
9.542477e-01 
9.542477e-01 
9.542477e-01 
9.542477e-01 
9.542477e-01 
9.542477e-01 
9.542477e-01 
9.542477e-01 
9.542477e-01 
9.542477e-01 
9.542477e-01 
9.542477e-01 
9.542477e-01 
9.542477e-01 
9.542477e-01 
9.542477e-01 
9.542477e-01 
9.542477e-01 
9.542477e-01 
9.542477e-01 
9.542477e-01 
9.542477e-01 
9.542477e-01 
9.542477e-01 
9.542477e-01 
9.542477e-01 
9.542477e-01 
9.542477e-01 
9.542477e-01 
9.542477e-01 
9.542477e-01 
9.542477e-01 
9.542477e-01 
9.542477e-01 
9.542477e-01 
9.542477e-01 
9.542477e-01 
9.542477e-01 
9.542477e-01 
9.542477e-01 
9.542477e-01 
9.542477e-01 
9.542477e-01 
9.542477e-01 
9.542477e-01 
9.542477e-01 
9.542477e-01 
9.542477e-01 
9.542477e-01 
9.542477e-01 
9.542477e-01 
9.542477e-01 
9.542474e-01 
9.542469e-01 
9.542463e-01 
9.542457e-01 
9.542449e-01 
9.542440e-01 
9.542430e-01 
9.542419e-01 
9.542409e-01 
9.542400e-01 
9.542392e-01 
9.542384e-01 
9.542378e-01 
9.542373e-01 
9.542368e-01 
9.542364e-01 
9.542360e-01 
9.542356e-01 
9.542353e-01 
9.542350e-01 
9.542348e-01 
9.542345e-01 
9.542343e-01 
9.542341e-01 
9.542339e-01 
9.542337e-01 
9.542336e-01 
9.542334e-01 
9.542333e-01 
9.542332e-01 
9.542331e-01 
9.542331e-01 
9.542331e-01 
9.542331e-01 
9.542331e-01 
9.542331e-01 
9.542331e-01 
9.542331e-01 
9.542331e-01 
9.542331e-01 
9.542331e-01 
9.542331e-01 
9.542331e-01 
9.542331e-01 
9.542331e-01 
9.542331e-01 
9.542331e-01 
9.542331e-01 
9.542331e-01 
9.542331e-01 
9.542331e-01 
9.542331e-01 
9.542331e-01 
9.542331e-01 
9.542331e-01 
9.542331e-01 
9.542331e-01 
9.542331e-01 
9.542331e-01 
9.542331e-01 
9.542331e-01 
9.542331e-01 
9.542331e-01 
9.542331e-01 
9.542331e-01 
9.542331e-01 
9.542331e-01 
9.542331e-01 
9.542331e-01 
9.542331e-01 
9.542331e-01 
9.542331e-01 
9.542331e-01 
9.542331e-01 
9.542331e-01 
9.542331e-01 
9.542331e-01 
9.542331e-01 
9.542331e-01 
9.542331e-01 
9.542331e-01 
9.542331e-01 
9.542331e-01 
9.542331e-01 
9.542331e-01 
9.542331e-01 
9.542331e-01 
9.542331e-01 
9.542331e-01 
9.542331e-01 
9.542331e-01 
9.542331e-01 
9.542331e-01 
9.123463e-01 
8.039606e-01 
6.720133e-01 
5.209112e-01 
3.426792e-01 
1.282844e-01 
8.775674e-03 
6.750509e-04 
3.198707e-04 
1.873931e-04 
1.199921e-04 
8.153896e-05 
5.785634e-05 
4.242212e-05 
3.190382e-05 
2.446193e-05 
1.901645e-05 
1.489770e-05 
1.166578e-05 
9.008157e-06 
6.672325e-06 
4.409534e-06 
1.927960e-06 
-1.040721e-06 
-4.311719e-06 
-7.184384e-06 
-9.393497e-06 
-1.113140e-05 
-1.263042e-05 
-1.397799e-05 
-1.482572e-05 
-1.482585e-05 
-1.482585e-05 
-1.482585e-05 
-1.482585e-05 
-1.482585e-05 
-1.482585e-05 
-1.482585e-05 
-1.482585e-05 
-1.482585e-05 
-1.482585e-05 
-1.482585e-05 
-1.482585e-05 
-1.482585e-05 
-1.482585e-05 
-1.482585e-05 
-1.482585e-05 
-1.482585e-05 
-1.482585e-05 
-1.482585e-05 
-1.482585e-05 
-1.482585e-05 
-1.482585e-05 
-1.482585e-05 
-1.482585e-05 
-1.482585e-05 
-1.482585e-05 
-1.482585e-05 
-1.482585e-05 
-1.482585e-05 
-1.482585e-05 
-1.482585e-05 
-1.482585e-05 
-1.482585e-05 
-1.482585e-05 
-1.482585e-05 
-1.482585e-05 
-1.482585e-05 
-1.482585e-05 
-1.482585e-05 
-1.482585e-05 
-1.482585e-05 
-1.482585e-05 
-1.482585e-05 
-1.482585e-05 
-1.482585e-05 
-1.482585e-05 
-1.482585e-05 
-1.482585e-05 
-1.482585e-05 
-1.482585e-05 
-1.482585e-05 
-1.482585e-05 
-1.482585e-05 
-1.482585e-05 
-1.482585e-05 
-1.482585e-05 
-1.482585e-05 
-1.482585e-05 
-1.482585e-05 
-1.482585e-05 
-1.482585e-05 
-1.482585e-05 
-1.482577e-05 
-1.468800e-05 
-1.449597e-05 
-1.426910e-05 
-1.399973e-05 
-1.367821e-05 
-1.329223e-05 
-1.282610e-05 
-1.225961e-05 
-1.156637e-05 
-1.071118e-05 
-9.646640e-06 
-8.308298e-06 
-6.607393e-06 
-4.420029e-06 
-1.571094e-06 
2.189388e-06 
7.219877e-06 
1.403094e-05 
2.332898e-05 
3.602333e-05 
5.311400e-05 
7.537663e-05 
1.029709e-04 
1.354408e-04 
1.723652e-04 
2.141923e-04 
2.627229e-04 
3.209391e-04 
3.908769e-04 
4.657602e-04 
4.786133e-04 
4.786133e-04 
4.786133e-04 
4.786133e-04 
4.786133e-04 
4.786133e-04 
4.786133e-04 
4.786133e-04 
4.786133e-04 
4.786133e-04 
4.786133e-04 
4.786133e-04 
4.786133e-04 
4.786133e-04 
4.786133e-04 
4.786133e-04 
4.786133e-04 
4.786133e-04 
4.786133e-04 
4.786133e-04 
4.786133e-04 
4.786133e-04 
4.786133e-04 
4.786133e-04 
4.786133e-04 
4.786133e-04 
4.786133e-04 
4.786133e-04 
4.786133e-04 
4.786133e-04 
4.786133e-04 
4.786133e-04 
4.786133e-04 
4.786133e-04 
4.786133e-04 
4.786133e-04 
4.786133e-04 
4.786133e-04 
4.786133e-04 
4.786133e-04 
4.786133e-04 
4.786133e-04 
4.786133e-04 
4.786133e-04 
4.786133e-04 
4.786133e-04 
4.786133e-04 
4.786133e-04 
4.786133e-04 
4.786133e-04 
4.786133e-04 
4.786133e-04 
4.786133e-04 
4.786133e-04 
4.786133e-04 
4.786133e-04 
4.786133e-04 
4.786133e-04 
4.786133e-04 
4.786133e-04 
4.786133e-04 
4.786133e-04 
4.786133e-04 
5.042197e-04 
5.628671e-04 
6.315027e-04 
7.123476e-04 
8.083119e-04 
9.231527e-04 
1.061629e-03 
1.229607e-03 
1.434669e-03 
1.687554e-03 
2.003434e-03 
2.403530e-03 
2.917983e-03 
3.590580e-03 
4.486535e-03 
0.000000e+00 
0.000000e+00 
0.000000e+00 
0.000000e+00 
0.000000e+00 
0.000000e+00 
0.000000e+00 
0.000000e+00
#[#TRACE_DATA]
#[#TRACE]
