#[TRACE]
#data_labels=Output
#[TRACE_DATA]
-5.002313e-03 
-6.259241e-03 
-8.217793e-03 
-1.107318e-02 
-1.539153e-02 
-2.221569e-02 
-3.358281e-02 
-5.370956e-02 
-9.154599e-02 
-1.637376e-01 
-2.842827e-01 
-4.353910e-01 
-5.880137e-01 
-7.298002e-01 
-8.538403e-01 
-9.485793e-01 
-9.542476e-01 
-9.542476e-01 
-9.542476e-01 
-9.542476e-01 
-9.542476e-01 
-9.542476e-01 
-9.542476e-01 
-9.542476e-01 
-9.542476e-01 
-9.542476e-01 
-9.542476e-01 
-9.542476e-01 
-9.542476e-01 
-9.542476e-01 
-9.542476e-01 
-9.542476e-01 
-9.542476e-01 
-9.542476e-01 
-9.542476e-01 
-9.542476e-01 
-9.542476e-01 
-9.542476e-01 
-9.542476e-01 
-9.542476e-01 
-9.542476e-01 
-9.542476e-01 
-9.542476e-01 
-9.542476e-01 
-9.542476e-01 
-9.542476e-01 
-9.542476e-01 
-9.542476e-01 
-9.542476e-01 
-9.542476e-01 
-9.542476e-01 
-9.542476e-01 
-9.542476e-01 
-9.542476e-01 
-9.542476e-01 
-9.542476e-01 
-9.542476e-01 
-9.542476e-01 
-9.542476e-01 
-9.542476e-01 
-9.542476e-01 
-9.542476e-01 
-9.542476e-01 
-9.542476e-01 
-9.542476e-01 
-9.542476e-01 
-9.542476e-01 
-9.542476e-01 
-9.542476e-01 
-9.542476e-01 
-9.542476e-01 
-9.542476e-01 
-9.542476e-01 
-9.542476e-01 
-9.542476e-01 
-9.542476e-01 
-9.542476e-01 
-9.542476e-01 
-9.542476e-01 
-9.542474e-01 
-9.542470e-01 
-9.542463e-01 
-9.542455e-01 
-9.542444e-01 
-9.542427e-01 
-9.542407e-01 
-9.542396e-01 
-9.542389e-01 
-9.542382e-01 
-9.542377e-01 
-9.542372e-01 
-9.542367e-01 
-9.542363e-01 
-9.542360e-01 
-9.542356e-01 
-9.542353e-01 
-9.542350e-01 
-9.542348e-01 
-9.542346e-01 
-9.542343e-01 
-9.542341e-01 
-9.542339e-01 
-9.542338e-01 
-9.542336e-01 
-9.542334e-01 
-9.542333e-01 
-9.542332e-01 
-9.542330e-01 
-9.542329e-01 
-9.542329e-01 
-9.542329e-01 
-9.542329e-01 
-9.542329e-01 
-9.542329e-01 
-9.542329e-01 
-9.542329e-01 
-9.542329e-01 
-9.542329e-01 
-9.542329e-01 
-9.542329e-01 
-9.542329e-01 
-9.542329e-01 
-9.542329e-01 
-9.542329e-01 
-9.542329e-01 
-9.542329e-01 
-9.542329e-01 
-9.542329e-01 
-9.542329e-01 
-9.542329e-01 
-9.542329e-01 
-9.542329e-01 
-9.542329e-01 
-9.542329e-01 
-9.542329e-01 
-9.542329e-01 
-9.542329e-01 
-9.542329e-01 
-9.542329e-01 
-9.542329e-01 
-9.542329e-01 
-9.542329e-01 
-9.542329e-01 
-9.542329e-01 
-9.542329e-01 
-9.542329e-01 
-9.542329e-01 
-9.542329e-01 
-9.542329e-01 
-9.542329e-01 
-9.542329e-01 
-9.542329e-01 
-9.542329e-01 
-9.542329e-01 
-9.542329e-01 
-9.542329e-01 
-9.542329e-01 
-9.542329e-01 
-9.542329e-01 
-9.542329e-01 
-9.542329e-01 
-9.542329e-01 
-9.542329e-01 
-9.542329e-01 
-9.542329e-01 
-9.542329e-01 
-9.542329e-01 
-9.542329e-01 
-9.542329e-01 
-9.542329e-01 
-9.542329e-01 
-9.542329e-01 
-9.513984e-01 
-8.594724e-01 
-7.375342e-01 
-5.956689e-01 
-4.317838e-01 
-2.306125e-01 
-3.595064e-02 
3.473152e-04 
4.004420e-04 
2.237711e-04 
1.399337e-04 
9.409328e-05 
6.665734e-05 
4.916601e-05 
3.747934e-05 
2.938736e-05 
2.363270e-05 
1.946607e-05 
1.642840e-05 
1.423968e-05 
1.274409e-05 
1.189086e-05 
1.173952e-05 
1.243810e-05 
1.395689e-05 
1.567598e-05 
1.700402e-05 
1.793825e-05 
1.868075e-05 
1.936941e-05 
1.991493e-05 
2.012349e-05 
2.012349e-05 
2.012349e-05 
2.012349e-05 
2.012349e-05 
2.012349e-05 
2.012349e-05 
2.012349e-05 
2.012349e-05 
2.012349e-05 
2.012349e-05 
2.012349e-05 
2.012349e-05 
2.012349e-05 
2.012349e-05 
2.012349e-05 
2.012349e-05 
2.012349e-05 
2.012349e-05 
2.012349e-05 
2.012349e-05 
2.012349e-05 
2.012349e-05 
2.012349e-05 
2.012349e-05 
2.012349e-05 
2.012349e-05 
2.012349e-05 
2.012349e-05 
2.012349e-05 
2.012349e-05 
2.012349e-05 
2.012349e-05 
2.012349e-05 
2.012349e-05 
2.012349e-05 
2.012349e-05 
2.012349e-05 
2.012349e-05 
2.012349e-05 
2.012349e-05 
2.012349e-05 
2.012349e-05 
2.012349e-05 
2.012349e-05 
2.012349e-05 
2.012349e-05 
2.012349e-05 
2.012349e-05 
2.012349e-05 
2.012349e-05 
2.012349e-05 
2.012349e-05 
2.012349e-05 
2.012349e-05 
2.012349e-05 
2.012349e-05 
2.012349e-05 
2.012349e-05 
2.012349e-05 
2.012349e-05 
2.012349e-05 
2.012349e-05 
2.019481e-05 
2.038286e-05 
2.058562e-05 
2.080437e-05 
2.104046e-05 
2.129530e-05 
2.157036e-05 
2.186714e-05 
2.218721e-05 
2.253158e-05 
2.290023e-05 
2.329148e-05 
2.370085e-05 
2.411902e-05 
2.452823e-05 
2.489597e-05 
2.516354e-05 
2.522480e-05 
2.488561e-05 
2.378403e-05 
2.123003e-05 
1.588626e-05 
5.193814e-06 
-1.524775e-05 
-5.061574e-05 
-1.018802e-04 
-1.643618e-04 
-2.352756e-04 
-3.161720e-04 
-4.063036e-04 
-4.640434e-04 
-4.640667e-04 
-4.640667e-04 
-4.640667e-04 
-4.640667e-04 
-4.640667e-04 
-4.640667e-04 
-4.640667e-04 
-4.640667e-04 
-4.640667e-04 
-4.640667e-04 
-4.640667e-04 
-4.640667e-04 
-4.640667e-04 
-4.640667e-04 
-4.640667e-04 
-4.640667e-04 
-4.640667e-04 
-4.640667e-04 
-4.640667e-04 
-4.640667e-04 
-4.640667e-04 
-4.640667e-04 
-4.640667e-04 
-4.640667e-04 
-4.640667e-04 
-4.640667e-04 
-4.640667e-04 
-4.640667e-04 
-4.640667e-04 
-4.640667e-04 
-4.640667e-04 
-4.640667e-04 
-4.640667e-04 
-4.640667e-04 
-4.640667e-04 
-4.640667e-04 
-4.640667e-04 
-4.640667e-04 
-4.640667e-04 
-4.640667e-04 
-4.640667e-04 
-4.640667e-04 
-4.640667e-04 
-4.640667e-04 
-4.640667e-04 
-4.640667e-04 
-4.640667e-04 
-4.640667e-04 
-4.640667e-04 
-4.640667e-04 
-4.640667e-04 
-4.640667e-04 
-4.640667e-04 
-4.640667e-04 
-4.640667e-04 
-4.640667e-04 
-4.640667e-04 
-4.640667e-04 
-4.640667e-04 
-4.640667e-04 
-4.640667e-04 
-4.640667e-04 
-4.659124e-04 
-5.175798e-04 
-5.794676e-04 
-6.521519e-04 
-7.381344e-04 
-8.406578e-04 
-9.638731e-04 
-1.112957e-03 
-1.294401e-03 
-1.517105e-03 
-1.793730e-03 
-2.141989e-03 
-2.586837e-03 
-3.164156e-03 
-3.926790e-03 
-4.954635e-03 
-6.372121e-03 
-8.379724e-03 
-1.131338e-02 
-1.576235e-02 
-2.281621e-02 
-3.461230e-02 
-5.558974e-02 
-9.515599e-02 
-1.704174e-01 
-2.940381e-01 
-4.460007e-01 
-5.981289e-01 
-7.389394e-01 
-8.614256e-01 
-9.528585e-01 
-9.542476e-01 
-9.542476e-01 
-9.542476e-01 
-9.542476e-01 
-9.542476e-01 
-9.542476e-01 
-9.542476e-01 
-9.542476e-01 
-9.542476e-01 
-9.542476e-01 
-9.542476e-01 
-9.542476e-01 
-9.542476e-01 
-9.542476e-01 
-9.542476e-01 
-9.542476e-01 
-9.542476e-01 
-9.542476e-01 
-9.542476e-01 
-9.542476e-01 
-9.542476e-01 
-9.542476e-01 
-9.542476e-01 
-9.542476e-01 
-9.542476e-01 
-9.542476e-01 
-9.542476e-01 
-9.542476e-01 
-9.542476e-01 
-9.542476e-01 
-9.542476e-01 
-9.542476e-01 
-9.542476e-01 
-9.542476e-01 
-9.542476e-01 
-9.542476e-01 
-9.542476e-01 
-9.542476e-01 
-9.542476e-01 
-9.542476e-01 
-9.542476e-01 
-9.542476e-01 
-9.542476e-01 
-9.542476e-01 
-9.542476e-01 
-9.542476e-01 
-9.542476e-01 
-9.542476e-01 
-9.542476e-01 
-9.542476e-01 
-9.542476e-01 
-9.542476e-01 
-9.542476e-01 
-9.542476e-01 
-9.542476e-01 
-9.542476e-01 
-9.542476e-01 
-9.542476e-01 
-9.542476e-01 
-9.542476e-01 
-9.542476e-01 
-9.542476e-01 
-9.542476e-01 
-9.542474e-01 
-9.542469e-01 
-9.542463e-01 
-9.542455e-01 
-9.542443e-01 
-9.542426e-01 
-9.542406e-01 
-9.542395e-01 
-9.542388e-01 
-9.542382e-01 
-9.542376e-01 
-9.542372e-01 
-9.542367e-01 
-9.542363e-01 
-9.542359e-01 
-9.542356e-01 
-9.542353e-01 
-9.542350e-01 
-9.542348e-01 
-9.542345e-01 
-9.542343e-01 
-9.542341e-01 
-9.542339e-01 
-9.542338e-01 
-9.542336e-01 
-9.542334e-01 
-9.542333e-01 
-9.542332e-01 
-9.542330e-01 
-9.542329e-01 
-9.542329e-01 
-9.542329e-01 
-9.542329e-01 
-9.542329e-01 
-9.542329e-01 
-9.542329e-01 
-9.542329e-01 
-9.542329e-01 
-9.542329e-01 
-9.542329e-01 
-9.542329e-01 
-9.542329e-01 
-9.542329e-01 
-9.542329e-01 
-9.542329e-01 
-9.542329e-01 
-9.542329e-01 
-9.542329e-01 
-9.542329e-01 
-9.542329e-01 
-9.542329e-01 
-9.542329e-01 
-9.542329e-01 
-9.542329e-01 
-9.542329e-01 
-9.542329e-01 
-9.542329e-01 
-9.542329e-01 
-9.542329e-01 
-9.542329e-01 
-9.542329e-01 
-9.542329e-01 
-9.542329e-01 
-9.542329e-01 
-9.542329e-01 
-9.542329e-01 
-9.542329e-01 
-9.542329e-01 
-9.542329e-01 
-9.542329e-01 
-9.542329e-01 
-9.542329e-01 
-9.542329e-01 
-9.542329e-01 
-9.542329e-01 
-9.542329e-01 
-9.542329e-01 
-9.542329e-01 
-9.542329e-01 
-9.542329e-01 
-9.542329e-01 
-9.542329e-01 
-9.542329e-01 
-9.542329e-01 
-9.542329e-01 
-9.542329e-01 
-9.542329e-01 
-9.542329e-01 
-9.542329e-01 
-9.542329e-01 
-9.542329e-01 
-9.542329e-01 
-9.542329e-01 
-9.467515e-01 
-8.519086e-01 
-7.284246e-01 
-5.852659e-01 
-4.194591e-01 
-2.152732e-01 
-2.891471e-02 
4.433505e-04 
3.728387e-04 
2.096157e-04 
1.313343e-04 
8.823756e-05 
6.231859e-05 
4.572359e-05 
3.458232e-05 
2.681639e-05 
2.123491e-05 
1.711972e-05 
1.401933e-05 
1.163999e-05 
9.784948e-06 
8.318996e-06 
7.146274e-06 
6.193290e-06 
5.397739e-06 
4.723929e-06 
4.159522e-06 
3.685449e-06 
3.281013e-06 
2.928396e-06 
2.619837e-06 
2.605304e-06 
2.605304e-06 
2.605304e-06 
2.605304e-06 
2.605304e-06 
2.605304e-06 
2.605304e-06 
2.605304e-06 
2.605304e-06 
2.605304e-06 
2.605304e-06 
2.605304e-06 
2.605304e-06 
2.605304e-06 
2.605304e-06 
2.605304e-06 
2.605304e-06 
2.605304e-06 
2.605304e-06 
2.605304e-06 
2.605304e-06 
2.605304e-06 
2.605304e-06 
2.605304e-06 
2.605304e-06 
2.605304e-06 
2.605304e-06 
2.605304e-06 
2.605304e-06 
2.605304e-06 
2.605304e-06 
2.605304e-06 
2.605304e-06 
2.605304e-06 
2.605304e-06 
2.605304e-06 
2.605304e-06 
2.605304e-06 
2.605304e-06 
2.605304e-06 
2.605304e-06 
2.605304e-06 
2.605304e-06 
2.605304e-06 
2.605304e-06 
2.605304e-06 
2.605304e-06 
2.605304e-06 
2.605304e-06 
2.605304e-06 
2.605304e-06 
2.605304e-06 
2.605304e-06 
2.605304e-06 
2.605304e-06 
2.605304e-06 
2.605304e-06 
2.605304e-06 
2.605304e-06 
2.605304e-06 
2.605304e-06 
2.605304e-06 
2.605304e-06 
2.683560e-06 
2.873543e-06 
3.087651e-06 
3.330133e-06 
3.606238e-06 
3.922471e-06 
4.286986e-06 
4.710096e-06 
5.205011e-06 
5.788856e-06 
6.484132e-06 
7.320865e-06 
8.339818e-06 
9.597430e-06 
1.117357e-05 
1.318417e-05 
1.580235e-05 
1.929533e-05 
2.409120e-05 
3.090421e-05 
4.097453e-05 
5.650724e-05 
8.126629e-05 
1.201875e-04 
1.748171e-04 
2.389503e-04 
3.061180e-04 
3.742773e-04 
4.411477e-04 
4.990948e-04 
5.244752e-04 
5.244782e-04 
5.244782e-04 
5.244782e-04 
5.244782e-04 
5.244782e-04 
5.244782e-04 
5.244782e-04 
5.244782e-04 
5.244782e-04 
5.244782e-04 
5.244782e-04 
5.244782e-04 
5.244782e-04 
5.244782e-04 
5.244782e-04 
5.244782e-04 
5.244782e-04 
5.244782e-04 
5.244782e-04 
5.244782e-04 
5.244782e-04 
5.244782e-04 
5.244782e-04 
5.244782e-04 
5.244782e-04 
5.244782e-04 
5.244782e-04 
5.244782e-04 
5.244782e-04 
5.244782e-04 
5.244782e-04 
5.244782e-04 
5.244782e-04 
5.244782e-04 
5.244782e-04 
5.244782e-04 
5.244782e-04 
5.244782e-04 
5.244782e-04 
5.244782e-04 
5.244782e-04 
5.244782e-04 
5.244782e-04 
5.244782e-04 
5.244782e-04 
5.244782e-04 
5.244782e-04 
5.244782e-04 
5.244782e-04 
5.244782e-04 
5.244782e-04 
5.244782e-04 
5.244782e-04 
5.244782e-04 
5.244782e-04 
5.244782e-04 
5.244782e-04 
5.244782e-04 
5.244782e-04 
5.244782e-04 
5.244782e-04 
5.244782e-04 
5.293950e-04 
5.868050e-04 
6.536150e-04 
7.295805e-04 
7.757939e-04 
8.762867e-04 
1.004749e-03 
1.160212e-03 
1.349423e-03 
1.581664e-03 
1.870163e-03 
2.233425e-03 
2.697520e-03 
3.299961e-03 
4.096029e-03 
5.169370e-03 
6.650383e-03 
8.749412e-03 
1.181943e-02 
1.648052e-02 
2.388131e-02 
3.627776e-02 
5.835208e-02 
9.994639e-02 
1.783705e-01 
3.045564e-01 
4.568311e-01 
6.082520e-01 
7.480083e-01 
8.688736e-01 
9.539771e-01 
9.542477e-01 
9.542477e-01 
9.542477e-01 
9.542477e-01 
9.542477e-01 
9.542477e-01 
9.542477e-01 
9.542477e-01 
9.542477e-01 
9.542477e-01 
9.542477e-01 
9.542477e-01 
9.542477e-01 
9.542477e-01 
9.542477e-01 
9.542477e-01 
9.542477e-01 
9.542477e-01 
9.542477e-01 
9.542477e-01 
9.542477e-01 
9.542477e-01 
9.542477e-01 
9.542477e-01 
9.542477e-01 
9.542477e-01 
9.542477e-01 
9.542477e-01 
9.542477e-01 
9.542477e-01 
9.542477e-01 
9.542477e-01 
9.542477e-01 
9.542477e-01 
9.542477e-01 
9.542477e-01 
9.542477e-01 
9.542477e-01 
9.542477e-01 
9.542477e-01 
9.542477e-01 
9.542477e-01 
9.542477e-01 
9.542477e-01 
9.542477e-01 
9.542477e-01 
9.542477e-01 
9.542477e-01 
9.542477e-01 
9.542477e-01 
9.542477e-01 
9.542477e-01 
9.542477e-01 
9.542477e-01 
9.542477e-01 
9.542477e-01 
9.542477e-01 
9.542477e-01 
9.542477e-01 
9.542477e-01 
9.542477e-01 
9.542477e-01 
9.542477e-01 
9.542475e-01 
9.542471e-01 
9.542466e-01 
9.542459e-01 
9.542452e-01 
9.542443e-01 
9.542433e-01 
9.542423e-01 
9.542413e-01 
9.542403e-01 
9.542394e-01 
9.542387e-01 
9.542380e-01 
9.542374e-01 
9.542369e-01 
9.542365e-01 
9.542361e-01 
9.542357e-01 
9.542354e-01 
9.542351e-01 
9.542348e-01 
9.542346e-01 
9.542344e-01 
9.542342e-01 
9.542340e-01 
9.542338e-01 
9.542336e-01 
9.542335e-01 
9.542333e-01 
9.542332e-01 
9.542331e-01 
9.542331e-01 
9.542331e-01 
9.542331e-01 
9.542331e-01 
9.542331e-01 
9.542331e-01 
9.542331e-01 
9.542331e-01 
9.542331e-01 
9.542331e-01 
9.542331e-01 
9.542331e-01 
9.542331e-01 
9.542331e-01 
9.542331e-01 
9.542331e-01 
9.542331e-01 
9.542331e-01 
9.542331e-01 
9.542331e-01 
9.542331e-01 
9.542331e-01 
9.542331e-01 
9.542331e-01 
9.542331e-01 
9.542331e-01 
9.542331e-01 
9.542331e-01 
9.542331e-01 
9.542331e-01 
9.542331e-01 
9.542331e-01 
9.542331e-01 
9.542331e-01 
9.542331e-01 
9.542331e-01 
9.542331e-01 
9.542331e-01 
9.542331e-01 
9.542331e-01 
9.542331e-01 
9.542331e-01 
9.542331e-01 
9.542331e-01 
9.542331e-01 
9.542331e-01 
9.542331e-01 
9.542331e-01 
9.542331e-01 
9.542331e-01 
9.542331e-01 
9.542331e-01 
9.542331e-01 
9.542331e-01 
9.542331e-01 
9.542331e-01 
9.542331e-01 
9.542331e-01 
9.542331e-01 
9.542331e-01 
9.542331e-01 
9.542331e-01 
9.415766e-01 
8.442197e-01 
7.192590e-01 
5.749259e-01 
4.076902e-01 
2.028998e-01 
2.728361e-02 
1.047801e-03 
3.574939e-04 
2.024621e-04 
1.275791e-04 
8.605288e-05 
6.095467e-05 
4.482626e-05 
3.396732e-05 
2.638074e-05 
2.091775e-05 
1.688340e-05 
1.383971e-05 
1.150105e-05 
9.675732e-06 
8.231774e-06 
7.075177e-06 
6.133036e-06 
5.343606e-06 
4.674286e-06 
4.113993e-06 
3.643336e-06 
3.241455e-06 
2.890445e-06 
2.594341e-06 
2.587936e-06 
2.587936e-06 
2.587936e-06 
2.587936e-06 
2.587936e-06 
2.587936e-06 
2.587936e-06 
2.587936e-06 
2.587936e-06 
2.587936e-06 
2.587936e-06 
2.587936e-06 
2.587936e-06 
2.587936e-06 
2.587936e-06 
2.587936e-06 
2.587936e-06 
2.587936e-06 
2.587936e-06 
2.587936e-06 
2.587936e-06 
2.587936e-06 
2.587936e-06 
2.587936e-06 
2.587936e-06 
2.587936e-06 
2.587936e-06 
2.587936e-06 
2.587936e-06 
2.587936e-06 
2.587936e-06 
2.587936e-06 
2.587936e-06 
2.587936e-06 
2.587936e-06 
2.587936e-06 
2.587936e-06 
2.587936e-06 
2.587936e-06 
2.587936e-06 
2.587936e-06 
2.587936e-06 
2.587936e-06 
2.587936e-06 
2.587936e-06 
2.587936e-06 
2.587936e-06 
2.587936e-06 
2.587936e-06 
2.587936e-06 
2.587936e-06 
2.587936e-06 
2.587936e-06 
2.587936e-06 
2.587936e-06 
2.587936e-06 
2.587936e-06 
2.587936e-06 
2.587936e-06 
2.587936e-06 
2.587936e-06 
2.587936e-06 
2.587936e-06 
2.677922e-06 
2.868293e-06 
3.082906e-06 
3.326063e-06 
3.603064e-06 
3.920490e-06 
4.286601e-06 
4.711871e-06 
5.209724e-06 
5.797548e-06 
6.498195e-06 
7.342206e-06 
8.371110e-06 
9.642496e-06 
1.123802e-05 
1.327641e-05 
1.593541e-05 
1.949010e-05 
2.438240e-05 
3.135206e-05 
4.168723e-05 
5.768070e-05 
8.322106e-05 
1.232414e-04 
1.788193e-04 
2.433614e-04 
3.106699e-04 
3.788770e-04 
4.454814e-04 
5.023998e-04 
5.244703e-04 
5.244712e-04 
5.244712e-04 
5.244712e-04 
5.244712e-04 
5.244712e-04 
5.244712e-04 
5.244712e-04 
5.244712e-04 
5.244712e-04 
5.244712e-04 
5.244712e-04 
5.244712e-04 
5.244712e-04 
5.244712e-04 
5.244712e-04 
5.244712e-04 
5.244712e-04 
5.244712e-04 
5.244712e-04 
5.244712e-04 
5.244712e-04 
5.244712e-04 
5.244712e-04 
5.244712e-04 
5.244712e-04 
5.244712e-04 
5.244712e-04 
5.244712e-04 
5.244712e-04 
5.244712e-04 
5.244712e-04 
5.244712e-04 
5.244712e-04 
5.244712e-04 
5.244712e-04 
5.244712e-04 
5.244712e-04 
5.244712e-04 
5.244712e-04 
5.244712e-04 
5.244712e-04 
5.244712e-04 
5.244712e-04 
5.244712e-04 
5.244712e-04 
5.244712e-04 
5.244712e-04 
5.244712e-04 
5.244712e-04 
5.244712e-04 
5.244712e-04 
5.244712e-04 
5.244712e-04 
5.244712e-04 
5.244712e-04 
5.244712e-04 
5.244712e-04 
5.244712e-04 
5.244712e-04 
5.244712e-04 
5.244712e-04 
5.244712e-04 
5.327760e-04 
5.910638e-04 
6.585177e-04 
7.347983e-04 
7.809883e-04 
8.843268e-04 
1.014451e-03 
1.171987e-03 
1.363807e-03 
1.599422e-03 
1.892373e-03 
2.261594e-03 
2.733795e-03 
3.347463e-03 
4.159419e-03 
5.255802e-03 
6.771191e-03 
8.923219e-03 
1.207815e-02 
1.688166e-02 
2.453429e-02 
3.740372e-02 
6.041877e-02 
1.039069e-01 
1.855235e-01 
3.145335e-01 
4.674019e-01 
6.182515e-01 
7.569767e-01 
8.761753e-01 
9.541949e-01 
9.542477e-01 
9.542477e-01 
9.542477e-01 
9.542477e-01 
9.542477e-01 
9.542477e-01 
9.542477e-01 
9.542477e-01 
9.542477e-01 
9.542477e-01 
9.542477e-01 
9.542477e-01 
9.542477e-01 
9.542477e-01 
9.542477e-01 
9.542477e-01 
9.542477e-01 
9.542477e-01 
9.542477e-01 
9.542477e-01 
9.542477e-01 
9.542477e-01 
9.542477e-01 
9.542477e-01 
9.542477e-01 
9.542477e-01 
9.542477e-01 
9.542477e-01 
9.542477e-01 
9.542477e-01 
9.542477e-01 
9.542477e-01 
9.542477e-01 
9.542477e-01 
9.542477e-01 
9.542477e-01 
9.542477e-01 
9.542477e-01 
9.542477e-01 
9.542477e-01 
9.542477e-01 
9.542477e-01 
9.542477e-01 
9.542477e-01 
9.542477e-01 
9.542477e-01 
9.542477e-01 
9.542477e-01 
9.542477e-01 
9.542477e-01 
9.542477e-01 
9.542477e-01 
9.542477e-01 
9.542477e-01 
9.542477e-01 
9.542477e-01 
9.542477e-01 
9.542477e-01 
9.542477e-01 
9.542477e-01 
9.542477e-01 
9.542477e-01 
9.542477e-01 
9.542475e-01 
9.542471e-01 
9.542465e-01 
9.542459e-01 
9.542451e-01 
9.542442e-01 
9.542433e-01 
9.542422e-01 
9.542412e-01 
9.542402e-01 
9.542394e-01 
9.542386e-01 
9.542380e-01 
9.542374e-01 
9.542369e-01 
9.542365e-01 
9.542361e-01 
9.542357e-01 
9.542354e-01 
9.542351e-01 
9.542348e-01 
9.542346e-01 
9.542343e-01 
9.542341e-01 
9.542339e-01 
9.542338e-01 
9.542336e-01 
9.542334e-01 
9.542333e-01 
9.542332e-01 
9.542331e-01 
9.542331e-01 
9.542331e-01 
9.542331e-01 
9.542331e-01 
9.542331e-01 
9.542331e-01 
9.542331e-01 
9.542331e-01 
9.542331e-01 
9.542331e-01 
9.542331e-01 
9.542331e-01 
9.542331e-01 
9.542331e-01 
9.542331e-01 
9.542331e-01 
9.542331e-01 
9.542331e-01 
9.542331e-01 
9.542331e-01 
9.542331e-01 
9.542331e-01 
9.542331e-01 
9.542331e-01 
9.542331e-01 
9.542331e-01 
9.542331e-01 
9.542331e-01 
9.542331e-01 
9.542331e-01 
9.542331e-01 
9.542331e-01 
9.542331e-01 
9.542331e-01 
9.542331e-01 
9.542331e-01 
9.542331e-01 
9.542331e-01 
9.542331e-01 
9.542331e-01 
9.542331e-01 
9.542331e-01 
9.542331e-01 
9.542331e-01 
9.542331e-01 
9.542331e-01 
9.542331e-01 
9.542331e-01 
9.542331e-01 
9.542331e-01 
9.542331e-01 
9.542331e-01 
9.542331e-01 
9.542331e-01 
9.542331e-01 
9.542331e-01 
9.542331e-01 
9.542331e-01 
9.542331e-01 
9.542331e-01 
9.542331e-01 
9.542331e-01 
9.361322e-01 
8.364015e-01 
7.099789e-01 
5.643349e-01 
3.950585e-01 
1.876220e-01 
2.194031e-02 
8.932040e-04 
3.326244e-04 
1.895118e-04 
1.195551e-04 
8.050989e-05 
5.679923e-05 
4.149533e-05 
3.113759e-05 
2.384678e-05 
1.853341e-05 
1.452910e-05 
1.139961e-05 
8.840992e-06 
6.613602e-06 
4.488980e-06 
2.200440e-06 
-5.429696e-07 
-3.729355e-06 
-6.716058e-06 
-9.055559e-06 
-1.086374e-05 
-1.238428e-05 
-1.375831e-05 
-1.489467e-05 
-1.493782e-05 
-1.493782e-05 
-1.493782e-05 
-1.493782e-05 
-1.493782e-05 
-1.493782e-05 
-1.493782e-05 
-1.493782e-05 
-1.493782e-05 
-1.493782e-05 
-1.493782e-05 
-1.493782e-05 
-1.493782e-05 
-1.493782e-05 
-1.493782e-05 
-1.493782e-05 
-1.493782e-05 
-1.493782e-05 
-1.493782e-05 
-1.493782e-05 
-1.493782e-05 
-1.493782e-05 
-1.493782e-05 
-1.493782e-05 
-1.493782e-05 
-1.493782e-05 
-1.493782e-05 
-1.493782e-05 
-1.493782e-05 
-1.493782e-05 
-1.493782e-05 
-1.493782e-05 
-1.493782e-05 
-1.493782e-05 
-1.493782e-05 
-1.493782e-05 
-1.493782e-05 
-1.493782e-05 
-1.493782e-05 
-1.493782e-05 
-1.493782e-05 
-1.493782e-05 
-1.493782e-05 
-1.493782e-05 
-1.493782e-05 
-1.493782e-05 
-1.493782e-05 
-1.493782e-05 
-1.493782e-05 
-1.493782e-05 
-1.493782e-05 
-1.493782e-05 
-1.493782e-05 
-1.493782e-05 
-1.493782e-05 
-1.493782e-05 
-1.493782e-05 
-1.493782e-05 
-1.493782e-05 
-1.493782e-05 
-1.493782e-05 
-1.493782e-05 
-1.493782e-05 
-1.484211e-05 
-1.464979e-05 
-1.442377e-05 
-1.415675e-05 
-1.383959e-05 
-1.346066e-05 
-1.300516e-05 
-1.245410e-05 
-1.178284e-05 
-1.095863e-05 
-9.937515e-06 
-8.659947e-06 
-7.044246e-06 
-4.976863e-06 
-2.297903e-06 
1.220269e-06 
5.903827e-06 
1.221881e-05 
2.081704e-05 
3.255927e-05 
4.844564e-05 
6.935670e-05 
9.564591e-05 
1.269809e-04 
1.628369e-04 
2.033512e-04 
2.499325e-04 
3.053191e-04 
3.722512e-04 
4.476130e-04 
4.803346e-04 
4.803351e-04 
4.803351e-04 
4.803351e-04 
4.803351e-04 
4.803351e-04 
4.803351e-04 
4.803351e-04 
4.803351e-04 
4.803351e-04 
4.803351e-04 
4.803351e-04 
4.803351e-04 
4.803351e-04 
4.803351e-04 
4.803351e-04 
4.803351e-04 
4.803351e-04 
4.803351e-04 
4.803351e-04 
4.803351e-04 
4.803351e-04 
4.803351e-04 
4.803351e-04 
4.803351e-04 
4.803351e-04 
4.803351e-04 
4.803351e-04 
4.803351e-04 
4.803351e-04 
4.803351e-04 
4.803351e-04 
4.803351e-04 
4.803351e-04 
4.803351e-04 
4.803351e-04 
4.803351e-04 
4.803351e-04 
4.803351e-04 
4.803351e-04 
4.803351e-04 
4.803351e-04 
4.803351e-04 
4.803351e-04 
4.803351e-04 
4.803351e-04 
4.803351e-04 
4.803351e-04 
4.803351e-04 
4.803351e-04 
4.803351e-04 
4.803351e-04 
4.803351e-04 
4.803351e-04 
4.803351e-04 
4.803351e-04 
4.803351e-04 
4.803351e-04 
4.803351e-04 
4.803351e-04 
4.803351e-04 
4.803351e-04 
4.803351e-04 
4.915086e-04 
5.478344e-04 
6.137311e-04 
6.911930e-04 
7.829344e-04 
8.924691e-04 
1.024281e-03 
1.183921e-03 
1.378393e-03 
1.617445e-03 
1.914936e-03 
2.290241e-03 
2.770724e-03 
3.395882e-03 
4.224122e-03 
5.344163e-03 
6.894921e-03 
9.101613e-03 
1.234439e-02 
1.729569e-02 
2.521074e-02 
3.857510e-02 
6.257760e-02 
1.080468e-01 
1.929171e-01 
3.246198e-01 
4.779557e-01 
6.281937e-01 
7.658564e-01 
8.833273e-01 
9.542374e-01 
9.542477e-01 
9.542477e-01 
9.542477e-01 
9.542477e-01 
9.542477e-01 
9.542477e-01 
9.542477e-01 
9.542477e-01 
9.542477e-01 
9.542477e-01 
9.542477e-01 
9.542477e-01 
9.542477e-01 
9.542477e-01 
9.542477e-01 
9.542477e-01 
9.542477e-01 
9.542477e-01 
9.542477e-01 
9.542477e-01 
9.542477e-01 
9.542477e-01 
9.542477e-01 
9.542477e-01 
9.542477e-01 
9.542477e-01 
9.542477e-01 
9.542477e-01 
9.542477e-01 
9.542477e-01 
9.542477e-01 
9.542477e-01 
9.542477e-01 
9.542477e-01 
9.542477e-01 
9.542477e-01 
9.542477e-01 
9.542477e-01 
9.542477e-01 
9.542477e-01 
9.542477e-01 
9.542477e-01 
9.542477e-01 
9.542477e-01 
9.542477e-01 
9.542477e-01 
9.542477e-01 
9.542477e-01 
9.542477e-01 
9.542477e-01 
9.542477e-01 
9.542477e-01 
9.542477e-01 
9.542477e-01 
9.542477e-01 
9.542477e-01 
9.542477e-01 
9.542477e-01 
9.542477e-01 
9.542477e-01 
9.542477e-01 
9.542477e-01 
9.542477e-01 
9.542475e-01 
9.542470e-01 
9.542465e-01 
9.542458e-01 
9.542451e-01 
9.542442e-01 
9.542432e-01 
9.542422e-01 
9.542411e-01 
9.542402e-01 
9.542393e-01 
9.542386e-01 
9.542379e-01 
9.542374e-01 
9.542369e-01 
9.542364e-01 
9.542360e-01 
9.542357e-01 
9.542354e-01 
9.542351e-01 
9.542348e-01 
9.542346e-01 
9.542343e-01 
9.542341e-01 
9.542339e-01 
9.542338e-01 
9.542336e-01 
9.542334e-01 
9.542333e-01 
9.542332e-01 
9.542331e-01 
9.542331e-01 
9.542331e-01 
9.542331e-01 
9.542331e-01 
9.542331e-01 
9.542331e-01 
9.542331e-01 
9.542331e-01 
9.542331e-01 
9.542331e-01 
9.542331e-01 
9.542331e-01 
9.542331e-01 
9.542331e-01 
9.542331e-01 
9.542331e-01 
9.542331e-01 
9.542331e-01 
9.542331e-01 
9.542331e-01 
9.542331e-01 
9.542331e-01 
9.542331e-01 
9.542331e-01 
9.542331e-01 
9.542331e-01 
9.542331e-01 
9.542331e-01 
9.542331e-01 
9.542331e-01 
9.542331e-01 
9.542331e-01 
9.542331e-01 
9.542331e-01 
9.542331e-01 
9.542331e-01 
9.542331e-01 
9.542331e-01 
9.542331e-01 
9.542331e-01 
9.542331e-01 
9.542331e-01 
9.542331e-01 
9.542331e-01 
9.542331e-01 
9.542331e-01 
9.542331e-01 
9.542331e-01 
9.542331e-01 
9.542331e-01 
9.542331e-01 
9.542331e-01 
9.542331e-01 
9.542331e-01 
9.542331e-01 
9.542331e-01 
9.542331e-01 
9.542331e-01 
9.542331e-01 
9.542331e-01 
9.542331e-01 
9.542331e-01 
9.304742e-01 
8.284626e-01 
7.006144e-01 
5.536445e-01 
3.822617e-01 
1.724888e-01 
1.760346e-02 
8.237527e-04 
3.368673e-04 
1.950504e-04 
1.247733e-04 
8.523624e-05 
6.111051e-05 
4.551021e-05 
3.497448e-05 
2.761972e-05 
2.235879e-05 
1.853755e-05 
1.575399e-05 
1.376580e-05 
1.244651e-05 
1.177443e-05 
1.183988e-05 
1.278672e-05 
1.444290e-05 
1.608662e-05 
1.729056e-05 
1.815220e-05 
1.887239e-05 
1.954572e-05 
2.010968e-05 
2.012349e-05 
2.012349e-05 
2.012349e-05 
2.012349e-05 
2.012349e-05 
2.012349e-05 
2.012349e-05 
2.012349e-05 
2.012349e-05 
2.012349e-05 
2.012349e-05 
2.012349e-05 
2.012349e-05 
2.012349e-05 
2.012349e-05 
2.012349e-05 
2.012349e-05 
2.012349e-05 
2.012349e-05 
2.012349e-05 
2.012349e-05 
2.012349e-05 
2.012349e-05 
2.012349e-05 
2.012349e-05 
2.012349e-05 
2.012349e-05 
2.012349e-05 
2.012349e-05 
2.012349e-05 
2.012349e-05 
2.012349e-05 
2.012349e-05 
2.012349e-05 
2.012349e-05 
2.012349e-05 
2.012349e-05 
2.012349e-05 
2.012349e-05 
2.012349e-05 
2.012349e-05 
2.012349e-05 
2.012349e-05 
2.012349e-05 
2.012349e-05 
2.012349e-05 
2.012349e-05 
2.012349e-05 
2.012349e-05 
2.012349e-05 
2.012349e-05 
2.012349e-05 
2.012349e-05 
2.012349e-05 
2.012349e-05 
2.012349e-05 
2.012349e-05 
2.012349e-05 
2.012349e-05 
2.012349e-05 
2.012349e-05 
2.012349e-05 
2.012349e-05 
2.024484e-05 
2.043680e-05 
2.064380e-05 
2.086716e-05 
2.110824e-05 
2.136846e-05 
2.164930e-05 
2.195231e-05 
2.227896e-05 
2.263003e-05 
2.300512e-05 
2.340192e-05 
2.381490e-05 
2.423286e-05 
2.463480e-05 
2.498248e-05 
2.520691e-05 
2.518310e-05 
2.468134e-05 
2.327076e-05 
2.012530e-05 
1.364226e-05 
8.018681e-07 
-2.326711e-05 
-6.319872e-05 
-1.180690e-04 
-1.829059e-04 
-2.563088e-04 
-3.401920e-04 
-4.308807e-04 
-4.640665e-04 
-4.640667e-04 
-4.640667e-04 
-4.640667e-04 
-4.640667e-04 
-4.640667e-04 
-4.640667e-04 
-4.640667e-04 
-4.640667e-04 
-4.640667e-04 
-4.640667e-04 
-4.640667e-04 
-4.640667e-04 
-4.640667e-04 
-4.640667e-04 
-4.640667e-04 
-4.640667e-04 
-4.640667e-04 
-4.640667e-04 
-4.640667e-04 
-4.640667e-04 
-4.640667e-04 
-4.640667e-04 
-4.640667e-04 
-4.640667e-04 
-4.640667e-04 
-4.640667e-04 
-4.640667e-04 
-4.640667e-04 
-4.640667e-04 
-4.640667e-04 
-4.640667e-04 
-4.640667e-04 
-4.640667e-04 
-4.640667e-04 
-4.640667e-04 
-4.640667e-04 
-4.640667e-04 
-4.640667e-04 
-4.640667e-04 
-4.640667e-04 
-4.640667e-04 
-4.640667e-04 
-4.640667e-04 
-4.640667e-04 
-4.640667e-04 
-4.640667e-04 
-4.640667e-04 
-4.640667e-04 
-4.640667e-04 
-4.640667e-04 
-4.640667e-04 
-4.640667e-04 
-4.640667e-04 
-4.640667e-04 
-4.640667e-04 
-4.640667e-04 
-4.640667e-04 
-4.640667e-04 
-4.640667e-04 
-4.640667e-04 
-4.640667e-04 
-4.640667e-04 
-4.783166e-04 
-5.335519e-04 
-5.981809e-04 
-6.742254e-04 
-7.643744e-04 
-8.721029e-04 
-1.001834e-03 
-1.159049e-03 
-1.350756e-03 
-1.586764e-03 
-1.880966e-03 
-2.252785e-03 
-2.729719e-03 
-3.351560e-03 
-4.177316e-03 
-5.296894e-03 
-6.851556e-03 
-9.071222e-03 
-1.234575e-02 
-1.736842e-02 
-2.544141e-02 
-3.916157e-02 
-6.398775e-02 
-1.113277e-01 
-1.995716e-01 
-3.342747e-01 
-4.883099e-01 
-6.380309e-01 
-7.746353e-01 
-8.903230e-01 
-9.542456e-01 
-9.542476e-01 
-9.542476e-01 
-9.542476e-01 
-9.542476e-01 
-9.542476e-01 
-9.542476e-01 
-9.542476e-01 
-9.542476e-01 
-9.542476e-01 
-9.542476e-01 
-9.542476e-01 
-9.542476e-01 
-9.542476e-01 
-9.542476e-01 
-9.542476e-01 
-9.542476e-01 
-9.542476e-01 
-9.542476e-01 
-9.542476e-01 
-9.542476e-01 
-9.542476e-01 
-9.542476e-01 
-9.542476e-01 
-9.542476e-01 
-9.542476e-01 
-9.542476e-01 
-9.542476e-01 
-9.542476e-01 
-9.542476e-01 
-9.542476e-01 
-9.542476e-01 
-9.542476e-01 
-9.542476e-01 
-9.542476e-01 
-9.542476e-01 
-9.542476e-01 
-9.542476e-01 
-9.542476e-01 
-9.542476e-01 
-9.542476e-01 
-9.542476e-01 
-9.542476e-01 
-9.542476e-01 
-9.542476e-01 
-9.542476e-01 
-9.542476e-01 
-9.542476e-01 
-9.542476e-01 
-9.542476e-01 
-9.542476e-01 
-9.542476e-01 
-9.542476e-01 
-9.542476e-01 
-9.542476e-01 
-9.542476e-01 
-9.542476e-01 
-9.542476e-01 
-9.542476e-01 
-9.542476e-01 
-9.542476e-01 
-9.542476e-01 
-9.542476e-01 
-9.542476e-01 
-9.542473e-01 
-9.542468e-01 
-9.542461e-01 
-9.542452e-01 
-9.542439e-01 
-9.542420e-01 
-9.542402e-01 
-9.542393e-01 
-9.542386e-01 
-9.542380e-01 
-9.542375e-01 
-9.542370e-01 
-9.542366e-01 
-9.542362e-01 
-9.542358e-01 
-9.542355e-01 
-9.542352e-01 
-9.542350e-01 
-9.542347e-01 
-9.542345e-01 
-9.542343e-01 
-9.542341e-01 
-9.542339e-01 
-9.542337e-01 
-9.542335e-01 
-9.542334e-01 
-9.542333e-01 
-9.542331e-01 
-9.542330e-01 
-9.542329e-01 
-9.542329e-01 
-9.542329e-01 
-9.542329e-01 
-9.542329e-01 
-9.542329e-01 
-9.542329e-01 
-9.542329e-01 
-9.542329e-01 
-9.542329e-01 
-9.542329e-01 
-9.542329e-01 
-9.542329e-01 
-9.542329e-01 
-9.542329e-01 
-9.542329e-01 
-9.542329e-01 
-9.542329e-01 
-9.542329e-01 
-9.542329e-01 
-9.542329e-01 
-9.542329e-01 
-9.542329e-01 
-9.542329e-01 
-9.542329e-01 
-9.542329e-01 
-9.542329e-01 
-9.542329e-01 
-9.542329e-01 
-9.542329e-01 
-9.542329e-01 
-9.542329e-01 
-9.542329e-01 
-9.542329e-01 
-9.542329e-01 
-9.542329e-01 
-9.542329e-01 
-9.542329e-01 
-9.542329e-01 
-9.542329e-01 
-9.542329e-01 
-9.542329e-01 
-9.542329e-01 
-9.542329e-01 
-9.542329e-01 
-9.542329e-01 
-9.542329e-01 
-9.542329e-01 
-9.542329e-01 
-9.542329e-01 
-9.542329e-01 
-9.542329e-01 
-9.542329e-01 
-9.542329e-01 
-9.542329e-01 
-9.542329e-01 
-9.542329e-01 
-9.542329e-01 
-9.542329e-01 
-9.542329e-01 
-9.542329e-01 
-9.542329e-01 
-9.542329e-01 
-9.542329e-01 
-9.246180e-01 
-8.203996e-01 
-6.911189e-01 
-5.426147e-01 
-3.682338e-01 
-1.534765e-01 
-1.022241e-02 
5.666252e-04 
3.140606e-04 
1.828708e-04 
1.171066e-04 
7.988214e-05 
5.706348e-05 
4.224462e-05 
3.218479e-05 
2.510949e-05 
1.998646e-05 
1.618556e-05 
1.330664e-05 
1.108715e-05 
9.349959e-06 
7.972492e-06 
6.866614e-06 
5.962314e-06 
5.201912e-06 
4.559352e-06 
4.021802e-06 
3.568726e-06 
3.180087e-06 
2.839132e-06 
2.605547e-06 
2.605304e-06 
2.605304e-06 
2.605304e-06 
2.605304e-06 
2.605304e-06 
2.605304e-06 
2.605304e-06 
2.605304e-06 
2.605304e-06 
2.605304e-06 
2.605304e-06 
2.605304e-06 
2.605304e-06 
2.605304e-06 
2.605304e-06 
2.605304e-06 
2.605304e-06 
2.605304e-06 
2.605304e-06 
2.605304e-06 
2.605304e-06 
2.605304e-06 
2.605304e-06 
2.605304e-06 
2.605304e-06 
2.605304e-06 
2.605304e-06 
2.605304e-06 
2.605304e-06 
2.605304e-06 
2.605304e-06 
2.605304e-06 
2.605304e-06 
2.605304e-06 
2.605304e-06 
2.605304e-06 
2.605304e-06 
2.605304e-06 
2.605304e-06 
2.605304e-06 
2.605304e-06 
2.605304e-06 
2.605304e-06 
2.605304e-06 
2.605304e-06 
2.605304e-06 
2.605304e-06 
2.605304e-06 
2.605304e-06 
2.605304e-06 
2.605304e-06 
2.605304e-06 
2.605304e-06 
2.605304e-06 
2.605304e-06 
2.605304e-06 
2.605304e-06 
2.605304e-06 
2.605304e-06 
2.605304e-06 
2.605304e-06 
2.605304e-06 
2.605304e-06 
2.733328e-06 
2.929543e-06 
3.150950e-06 
3.402060e-06 
3.688432e-06 
4.016980e-06 
4.396389e-06 
4.837682e-06 
5.355023e-06 
5.966838e-06 
6.697437e-06 
7.579405e-06 
8.657209e-06 
9.992767e-06 
1.167429e-05 
1.383074e-05 
1.665640e-05 
2.045408e-05 
2.571417e-05 
3.326421e-05 
4.455432e-05 
6.216001e-05 
9.031344e-05 
1.337050e-04 
1.917744e-04 
2.571627e-04 
3.247028e-04 
3.928892e-04 
4.583721e-04 
5.117332e-04 
5.244782e-04 
5.244782e-04 
5.244782e-04 
5.244782e-04 
5.244782e-04 
5.244782e-04 
5.244782e-04 
5.244782e-04 
5.244782e-04 
5.244782e-04 
5.244782e-04 
5.244782e-04 
5.244782e-04 
5.244782e-04 
5.244782e-04 
5.244782e-04 
5.244782e-04 
5.244782e-04 
5.244782e-04 
5.244782e-04 
5.244782e-04 
5.244782e-04 
5.244782e-04 
5.244782e-04 
5.244782e-04 
5.244782e-04 
5.244782e-04 
5.244782e-04 
5.244782e-04 
5.244782e-04 
5.244782e-04 
5.244782e-04 
5.244782e-04 
5.244782e-04 
5.244782e-04 
5.244782e-04 
5.244782e-04 
5.244782e-04 
5.244782e-04 
5.244782e-04 
5.244782e-04 
5.244782e-04 
5.244782e-04 
5.244782e-04 
5.244782e-04 
5.244782e-04 
5.244782e-04 
5.244782e-04 
5.244782e-04 
5.244782e-04 
5.244782e-04 
5.244782e-04 
5.244782e-04 
5.244782e-04 
5.244782e-04 
5.244782e-04 
5.244782e-04 
5.244782e-04 
5.244782e-04 
5.244782e-04 
5.244782e-04 
5.244782e-04 
5.244782e-04 
5.439501e-04 
6.041372e-04 
6.735779e-04 
7.496817e-04 
7.979757e-04 
9.090670e-04 
1.044332e-03 
1.208278e-03 
1.408190e-03 
1.654310e-03 
1.961153e-03 
2.349006e-03 
2.846605e-03 
3.495555e-03 
4.357598e-03 
5.526886e-03 
7.151501e-03 
9.472770e-03 
1.290048e-02 
1.816455e-02 
2.663827e-02 
4.106301e-02 
6.719027e-02 
1.168919e-01 
2.084153e-01 
3.450721e-01 
4.989953e-01 
6.478993e-01 
7.833375e-01 
8.971604e-01 
9.542473e-01 
9.542477e-01 
9.542477e-01 
9.542477e-01 
9.542477e-01 
9.542477e-01 
9.542477e-01 
9.542477e-01 
9.542477e-01 
9.542477e-01 
9.542477e-01 
9.542477e-01 
9.542477e-01 
9.542477e-01 
9.542477e-01 
9.542477e-01 
9.542477e-01 
9.542477e-01 
9.542477e-01 
9.542477e-01 
9.542477e-01 
9.542477e-01 
9.542477e-01 
9.542477e-01 
9.542477e-01 
9.542477e-01 
9.542477e-01 
9.542477e-01 
9.542477e-01 
9.542477e-01 
9.542477e-01 
9.542477e-01 
9.542477e-01 
9.542477e-01 
9.542477e-01 
9.542477e-01 
9.542477e-01 
9.542477e-01 
9.542477e-01 
9.542477e-01 
9.542477e-01 
9.542477e-01 
9.542477e-01 
9.542477e-01 
9.542477e-01 
9.542477e-01 
9.542477e-01 
9.542477e-01 
9.542477e-01 
9.542477e-01 
9.542477e-01 
9.542477e-01 
9.542477e-01 
9.542477e-01 
9.542477e-01 
9.542477e-01 
9.542477e-01 
9.542477e-01 
9.542477e-01 
9.542477e-01 
9.542477e-01 
9.542477e-01 
9.542477e-01 
9.542477e-01 
9.542474e-01 
9.542470e-01 
9.542464e-01 
9.542457e-01 
9.542449e-01 
9.542441e-01 
9.542431e-01 
9.542420e-01 
9.542410e-01 
9.542401e-01 
9.542392e-01 
9.542385e-01 
9.542379e-01 
9.542373e-01 
9.542368e-01 
9.542364e-01 
9.542360e-01 
9.542356e-01 
9.542353e-01 
9.542350e-01 
9.542348e-01 
9.542345e-01 
9.542343e-01 
9.542341e-01 
9.542339e-01 
9.542337e-01 
9.542336e-01 
9.542334e-01 
9.542333e-01 
9.542331e-01 
9.542331e-01 
9.542331e-01 
9.542331e-01 
9.542331e-01 
9.542331e-01 
9.542331e-01 
9.542331e-01 
9.542331e-01 
9.542331e-01 
9.542331e-01 
9.542331e-01 
9.542331e-01 
9.542331e-01 
9.542331e-01 
9.542331e-01 
9.542331e-01 
9.542331e-01 
9.542331e-01 
9.542331e-01 
9.542331e-01 
9.542331e-01 
9.542331e-01 
9.542331e-01 
9.542331e-01 
9.542331e-01 
9.542331e-01 
9.542331e-01 
9.542331e-01 
9.542331e-01 
9.542331e-01 
9.542331e-01 
9.542331e-01 
9.542331e-01 
9.542331e-01 
9.542331e-01 
9.542331e-01 
9.542331e-01 
9.542331e-01 
9.542331e-01 
9.542331e-01 
9.542331e-01 
9.542331e-01 
9.542331e-01 
9.542331e-01 
9.542331e-01 
9.542331e-01 
9.542331e-01 
9.542331e-01 
9.542331e-01 
9.542331e-01 
9.542331e-01 
9.542331e-01 
9.542331e-01 
9.542331e-01 
9.542331e-01 
9.542331e-01 
9.542331e-01 
9.542331e-01 
9.542331e-01 
9.542331e-01 
9.542331e-01 
9.542331e-01 
9.542331e-01 
9.185739e-01 
8.122381e-01 
6.816294e-01 
5.319255e-01 
3.560264e-01 
1.425189e-01 
1.095123e-02 
6.608037e-04 
3.015182e-04 
1.769510e-04 
1.138958e-04 
7.797321e-05 
5.585276e-05 
4.143835e-05 
3.162681e-05 
2.471107e-05 
1.969445e-05 
1.596673e-05 
1.313947e-05 
1.095726e-05 
9.247426e-06 
7.890215e-06 
6.799011e-06 
5.904113e-06 
5.149043e-06 
4.510889e-06 
3.977285e-06 
3.527404e-06 
3.141061e-06 
2.801480e-06 
2.588024e-06 
2.587936e-06 
2.587936e-06 
2.587936e-06 
2.587936e-06 
2.587936e-06 
2.587936e-06 
2.587936e-06 
2.587936e-06 
2.587936e-06 
2.587936e-06 
2.587936e-06 
2.587936e-06 
2.587936e-06 
2.587936e-06 
2.587936e-06 
2.587936e-06 
2.587936e-06 
2.587936e-06 
2.587936e-06 
2.587936e-06 
2.587936e-06 
2.587936e-06 
2.587936e-06 
2.587936e-06 
2.587936e-06 
2.587936e-06 
2.587936e-06 
2.587936e-06 
2.587936e-06 
2.587936e-06 
2.587936e-06 
2.587936e-06 
2.587936e-06 
2.587936e-06 
2.587936e-06 
2.587936e-06 
2.587936e-06 
2.587936e-06 
2.587936e-06 
2.587936e-06 
2.587936e-06 
2.587936e-06 
2.587936e-06 
2.587936e-06 
2.587936e-06 
2.587936e-06 
2.587936e-06 
2.587936e-06 
2.587936e-06 
2.587936e-06 
2.587936e-06 
2.587936e-06 
2.587936e-06 
2.587936e-06 
2.587936e-06 
2.587936e-06 
2.587936e-06 
2.587936e-06 
2.587936e-06 
2.587936e-06 
2.587936e-06 
2.587936e-06 
2.587936e-06 
2.727792e-06 
2.924416e-06 
3.146371e-06 
3.398210e-06 
3.685551e-06 
4.015390e-06 
4.396531e-06 
4.840173e-06 
5.360709e-06 
5.976843e-06 
6.713275e-06 
7.603162e-06 
8.691827e-06 
1.004248e-05 
1.174534e-05 
1.393259e-05 
1.680383e-05 
2.067098e-05 
2.604075e-05 
3.377092e-05 
4.536866e-05 
6.351028e-05 
9.254688e-05 
1.370624e-04 
1.959377e-04 
2.616243e-04 
3.292794e-04 
3.974652e-04 
4.625168e-04 
5.145973e-04 
5.244712e-04 
5.244712e-04 
5.244712e-04 
5.244712e-04 
5.244712e-04 
5.244712e-04 
5.244712e-04 
5.244712e-04 
5.244712e-04 
5.244712e-04 
5.244712e-04 
5.244712e-04 
5.244712e-04 
5.244712e-04 
5.244712e-04 
5.244712e-04 
5.244712e-04 
5.244712e-04 
5.244712e-04 
5.244712e-04 
5.244712e-04 
5.244712e-04 
5.244712e-04 
5.244712e-04 
5.244712e-04 
5.244712e-04 
5.244712e-04 
5.244712e-04 
5.244712e-04 
5.244712e-04 
5.244712e-04 
5.244712e-04 
5.244712e-04 
5.244712e-04 
5.244712e-04 
5.244712e-04 
5.244712e-04 
5.244712e-04 
5.244712e-04 
5.244712e-04 
5.244712e-04 
5.244712e-04 
5.244712e-04 
5.244712e-04 
5.244712e-04 
5.244712e-04 
5.244712e-04 
5.244712e-04 
5.244712e-04 
5.244712e-04 
5.244712e-04 
5.244712e-04 
5.244712e-04 
5.244712e-04 
5.244712e-04 
5.244712e-04 
5.244712e-04 
5.244712e-04 
5.244712e-04 
5.244712e-04 
5.244712e-04 
5.244712e-04 
5.244712e-04 
5.477859e-04 
6.085661e-04 
6.786562e-04 
7.528687e-04 
8.044159e-04 
9.175256e-04 
1.054557e-03 
1.220705e-03 
1.423409e-03 
1.673163e-03 
1.984820e-03 
2.379145e-03 
2.885588e-03 
3.546856e-03 
4.426443e-03 
5.621360e-03 
7.284537e-03 
9.665852e-03 
1.319091e-02 
1.862048e-02 
2.739159e-02 
4.238429e-02 
6.965396e-02 
1.216108e-01 
2.165115e-01 
3.554148e-01 
5.094731e-01 
6.576591e-01 
7.919325e-01 
9.038301e-01 
9.542476e-01 
9.542477e-01 
9.542477e-01 
9.542477e-01 
9.542477e-01 
9.542477e-01 
9.542477e-01 
9.542477e-01 
9.542477e-01 
9.542477e-01 
9.542477e-01 
9.542477e-01 
9.542477e-01 
9.542477e-01 
9.542477e-01 
9.542477e-01 
9.542477e-01 
9.542477e-01 
9.542477e-01 
9.542477e-01 
9.542477e-01 
9.542477e-01 
9.542477e-01 
9.542477e-01 
9.542477e-01 
9.542477e-01 
9.542477e-01 
9.542477e-01 
9.542477e-01 
9.542477e-01 
9.542477e-01 
9.542477e-01 
9.542477e-01 
9.542477e-01 
9.542477e-01 
9.542477e-01 
9.542477e-01 
9.542477e-01 
9.542477e-01 
9.542477e-01 
9.542477e-01 
9.542477e-01 
9.542477e-01 
9.542477e-01 
9.542477e-01 
9.542477e-01 
9.542477e-01 
9.542477e-01 
9.542477e-01 
9.542477e-01 
9.542477e-01 
9.542477e-01 
9.542477e-01 
9.542477e-01 
9.542477e-01 
9.542477e-01 
9.542477e-01 
9.542477e-01 
9.542477e-01 
9.542477e-01 
9.542477e-01 
9.542477e-01 
9.542477e-01 
9.542477e-01 
9.542474e-01 
9.542469e-01 
9.542464e-01 
9.542457e-01 
9.542449e-01 
9.542440e-01 
9.542430e-01 
9.542419e-01 
9.542409e-01 
9.542400e-01 
9.542392e-01 
9.542384e-01 
9.542378e-01 
9.542373e-01 
9.542368e-01 
9.542363e-01 
9.542360e-01 
9.542356e-01 
9.542353e-01 
9.542350e-01 
9.542347e-01 
9.542345e-01 
9.542343e-01 
9.542341e-01 
9.542339e-01 
9.542337e-01 
9.542336e-01 
9.542334e-01 
9.542333e-01 
9.542331e-01 
9.542331e-01 
9.542331e-01 
9.542331e-01 
9.542331e-01 
9.542331e-01 
9.542331e-01 
9.542331e-01 
9.542331e-01 
9.542331e-01 
9.542331e-01 
9.542331e-01 
9.542331e-01 
9.542331e-01 
9.542331e-01 
9.542331e-01 
9.542331e-01 
9.542331e-01 
9.542331e-01 
9.542331e-01 
9.542331e-01 
9.542331e-01 
9.542331e-01 
9.542331e-01 
9.542331e-01 
9.542331e-01 
9.542331e-01 
9.542331e-01 
9.542331e-01 
9.542331e-01 
9.542331e-01 
9.542331e-01 
9.542331e-01 
9.542331e-01 
9.542331e-01 
9.542331e-01 
9.542331e-01 
9.542331e-01 
9.542331e-01 
9.542331e-01 
9.542331e-01 
9.542331e-01 
9.542331e-01 
9.542331e-01 
9.542331e-01 
9.542331e-01 
9.542331e-01 
9.542331e-01 
9.542331e-01 
9.542331e-01 
9.542331e-01 
9.542331e-01 
9.542331e-01 
9.542331e-01 
9.542331e-01 
9.542331e-01 
9.542331e-01 
9.542331e-01 
9.542331e-01 
9.542331e-01 
9.542331e-01 
9.542331e-01 
9.542331e-01 
9.542331e-01 
9.123462e-01 
8.039601e-01 
6.720095e-01 
5.208916e-01 
3.425887e-01 
1.279590e-01 
8.539416e-03 
5.940091e-04 
2.812529e-04 
1.657391e-04 
1.067114e-04 
7.288777e-05 
5.196540e-05 
3.827016e-05 
2.889511e-05 
2.223095e-05 
1.732967e-05 
1.360082e-05 
1.065392e-05 
8.208296e-06 
6.032486e-06 
3.892058e-06 
1.505331e-06 
-1.388164e-06 
-4.598064e-06 
-7.421759e-06 
-9.592169e-06 
-1.129923e-05 
-1.277344e-05 
-1.410090e-05 
-1.493769e-05 
-1.493782e-05 
-1.493782e-05 
-1.493782e-05 
-1.493782e-05 
-1.493782e-05 
-1.493782e-05 
-1.493782e-05 
-1.493782e-05 
-1.493782e-05 
-1.493782e-05 
-1.493782e-05 
-1.493782e-05 
-1.493782e-05 
-1.493782e-05 
-1.493782e-05 
-1.493782e-05 
-1.493782e-05 
-1.493782e-05 
-1.493782e-05 
-1.493782e-05 
-1.493782e-05 
-1.493782e-05 
-1.493782e-05 
-1.493782e-05 
-1.493782e-05 
-1.493782e-05 
-1.493782e-05 
-1.493782e-05 
-1.493782e-05 
-1.493782e-05 
-1.493782e-05 
-1.493782e-05 
-1.493782e-05 
-1.493782e-05 
-1.493782e-05 
-1.493782e-05 
-1.493782e-05 
-1.493782e-05 
-1.493782e-05 
-1.493782e-05 
-1.493782e-05 
-1.493782e-05 
-1.493782e-05 
-1.493782e-05 
-1.493782e-05 
-1.493782e-05 
-1.493782e-05 
-1.493782e-05 
-1.493782e-05 
-1.493782e-05 
-1.493782e-05 
-1.493782e-05 
-1.493782e-05 
-1.493782e-05 
-1.493782e-05 
-1.493782e-05 
-1.493782e-05 
-1.493782e-05 
-1.493782e-05 
-1.493782e-05 
-1.493782e-05 
-1.493782e-05 
-1.493773e-05 
-1.479250e-05 
-1.459160e-05 
-1.435516e-05 
-1.407543e-05 
-1.374265e-05 
-1.334440e-05 
-1.286486e-05 
-1.228366e-05 
-1.157423e-05 
-1.070110e-05 
-9.616549e-06 
-8.255750e-06 
-6.529436e-06 
-4.313069e-06 
-1.430704e-06 
2.368735e-06 
7.445167e-06 
1.431107e-05 
2.367531e-05 
3.645003e-05 
5.363789e-05 
7.601554e-05 
1.037404e-04 
1.363515e-04 
1.734216e-04 
2.153945e-04 
2.640677e-04 
3.224199e-04 
3.924817e-04 
4.674675e-04 
4.803351e-04 
4.803351e-04 
4.803351e-04 
4.803351e-04 
4.803351e-04 
4.803351e-04 
4.803351e-04 
4.803351e-04 
4.803351e-04 
4.803351e-04 
4.803351e-04 
4.803351e-04 
4.803351e-04 
4.803351e-04 
4.803351e-04 
4.803351e-04 
4.803351e-04 
4.803351e-04 
4.803351e-04 
4.803351e-04 
4.803351e-04 
4.803351e-04 
4.803351e-04 
4.803351e-04 
4.803351e-04 
4.803351e-04 
4.803351e-04 
4.803351e-04 
4.803351e-04 
4.803351e-04 
4.803351e-04 
4.803351e-04 
4.803351e-04 
4.803351e-04 
4.803351e-04 
4.803351e-04 
4.803351e-04 
4.803351e-04 
4.803351e-04 
4.803351e-04 
4.803351e-04 
4.803351e-04 
4.803351e-04 
4.803351e-04 
4.803351e-04 
4.803351e-04 
4.803351e-04 
4.803351e-04 
4.803351e-04 
4.803351e-04 
4.803351e-04 
4.803351e-04 
4.803351e-04 
4.803351e-04 
4.803351e-04 
4.803351e-04 
4.803351e-04 
4.803351e-04 
4.803351e-04 
4.803351e-04 
4.803351e-04 
4.803351e-04 
4.803351e-04 
5.060198e-04 
5.648371e-04 
6.336666e-04 
7.147339e-04 
8.109545e-04 
9.260928e-04 
1.064917e-03 
1.233302e-03 
1.438845e-03 
1.692303e-03 
2.008871e-03 
2.409804e-03 
2.925286e-03 
3.599166e-03 
4.496741e-03 
0.000000e+00 
0.000000e+00 
0.000000e+00 
0.000000e+00 
0.000000e+00 
0.000000e+00 
0.000000e+00 
0.000000e+00
#[#TRACE_DATA]
#[#TRACE]
