#[TRACE]
#data_labels=Output
#[TRACE_DATA]
2.256816e-05 
2.285317e-05 
2.302150e-05 
2.290869e-05 
2.226012e-05 
2.059777e-05 
1.700463e-05 
9.707321e-06 
-4.584961e-06 
-3.092713e-05 
-7.342873e-05 
-1.302187e-04 
-1.965911e-04 
-2.719860e-04 
-3.582648e-04 
-4.492568e-04 
-4.675073e-04 
-4.675073e-04 
-4.675073e-04 
-4.675073e-04 
-4.675073e-04 
-4.675073e-04 
-4.675073e-04 
-4.675073e-04 
-4.675073e-04 
-4.675073e-04 
-4.675073e-04 
-4.675073e-04 
-4.675073e-04 
-4.675073e-04 
-4.675073e-04 
-4.675073e-04 
-4.675073e-04 
-4.675073e-04 
-4.675073e-04 
-4.675073e-04 
-4.675073e-04 
-4.675073e-04 
-4.675073e-04 
-4.675073e-04 
-4.675073e-04 
-4.675073e-04 
-4.675073e-04 
-4.675073e-04 
-4.675073e-04 
-4.675073e-04 
-4.675073e-04 
-4.675073e-04 
-4.675073e-04 
-4.675073e-04 
-4.675073e-04 
-4.675073e-04 
-4.675073e-04 
-4.675073e-04 
-4.675073e-04 
-4.675073e-04 
-4.675073e-04 
-4.675073e-04 
-4.675073e-04 
-4.675073e-04 
-4.675073e-04 
-4.675073e-04 
-4.675073e-04 
-4.675073e-04 
-4.675073e-04 
-4.675073e-04 
-4.675073e-04 
-4.675073e-04 
-4.675073e-04 
-4.675073e-04 
-4.675073e-04 
-4.675073e-04 
-4.675073e-04 
-4.675073e-04 
-4.675073e-04 
-4.675073e-04 
-4.675073e-04 
-4.675073e-04 
-4.675073e-04 
-4.907809e-04 
-5.474179e-04 
-6.138147e-04 
-6.921351e-04 
-7.851656e-04 
-8.964608e-04 
-1.030556e-03 
-1.193309e-03 
-1.392186e-03 
-1.637522e-03 
-1.944116e-03 
-2.332607e-03 
-2.832302e-03 
-3.485790e-03 
-4.356518e-03 
-5.541654e-03 
-7.194750e-03 
-9.567413e-03 
-1.308961e-02 
-1.853284e-02 
-2.736112e-02 
-4.252425e-02 
-7.025829e-02 
-1.233671e-01 
-2.203262e-01 
-3.608624e-01 
-5.152303e-01 
-6.630918e-01 
-7.967176e-01 
-9.075059e-01 
-9.542476e-01 
-9.542476e-01 
-9.542476e-01 
-9.542476e-01 
-9.542476e-01 
-9.542476e-01 
-9.542476e-01 
-9.542476e-01 
-9.542476e-01 
-9.542476e-01 
-9.542476e-01 
-9.542476e-01 
-9.542476e-01 
-9.542476e-01 
-9.542476e-01 
-9.542476e-01 
-9.542476e-01 
-9.542476e-01 
-9.542476e-01 
-9.542476e-01 
-9.542476e-01 
-9.542476e-01 
-9.542476e-01 
-9.542476e-01 
-9.542476e-01 
-9.542476e-01 
-9.542476e-01 
-9.542476e-01 
-9.542476e-01 
-9.542476e-01 
-9.542476e-01 
-9.542476e-01 
-9.542476e-01 
-9.542476e-01 
-9.542476e-01 
-9.542476e-01 
-9.542476e-01 
-9.542476e-01 
-9.542476e-01 
-9.542476e-01 
-9.542476e-01 
-9.542476e-01 
-9.542476e-01 
-9.542476e-01 
-9.542476e-01 
-9.542476e-01 
-9.542476e-01 
-9.542476e-01 
-9.542476e-01 
-9.542476e-01 
-9.542476e-01 
-9.542476e-01 
-9.542476e-01 
-9.542476e-01 
-9.542476e-01 
-9.542476e-01 
-9.542476e-01 
-9.542476e-01 
-9.542476e-01 
-9.542476e-01 
-9.542476e-01 
-9.542476e-01 
-9.542476e-01 
-9.542476e-01 
-9.542472e-01 
-9.542467e-01 
-9.542459e-01 
-9.542450e-01 
-9.542437e-01 
-9.542416e-01 
-9.542400e-01 
-9.542392e-01 
-9.542385e-01 
-9.542379e-01 
-9.542374e-01 
-9.542369e-01 
-9.542365e-01 
-9.542361e-01 
-9.542358e-01 
-9.542355e-01 
-9.542352e-01 
-9.542349e-01 
-9.542347e-01 
-9.542344e-01 
-9.542342e-01 
-9.542340e-01 
-9.542338e-01 
-9.542337e-01 
-9.542335e-01 
-9.542334e-01 
-9.542332e-01 
-9.542331e-01 
-9.542330e-01 
-9.542328e-01 
-9.542328e-01 
-9.542328e-01 
-9.542328e-01 
-9.542328e-01 
-9.542328e-01 
-9.542328e-01 
-9.542328e-01 
-9.542328e-01 
-9.542328e-01 
-9.542328e-01 
-9.542328e-01 
-9.542328e-01 
-9.542328e-01 
-9.542328e-01 
-9.542328e-01 
-9.542328e-01 
-9.542328e-01 
-9.542328e-01 
-9.542328e-01 
-9.542328e-01 
-9.542328e-01 
-9.542328e-01 
-9.542328e-01 
-9.542328e-01 
-9.542328e-01 
-9.542328e-01 
-9.542328e-01 
-9.542328e-01 
-9.542328e-01 
-9.542328e-01 
-9.542328e-01 
-9.542328e-01 
-9.542328e-01 
-9.542328e-01 
-9.542328e-01 
-9.542328e-01 
-9.542328e-01 
-9.542328e-01 
-9.542328e-01 
-9.542328e-01 
-9.542328e-01 
-9.542328e-01 
-9.542328e-01 
-9.542328e-01 
-9.542328e-01 
-9.542328e-01 
-9.542328e-01 
-9.542328e-01 
-9.542328e-01 
-9.542328e-01 
-9.542328e-01 
-9.542328e-01 
-9.542328e-01 
-9.542328e-01 
-9.542328e-01 
-9.542328e-01 
-9.542328e-01 
-9.542328e-01 
-9.542328e-01 
-9.542328e-01 
-9.542328e-01 
-9.542328e-01 
-9.542328e-01 
-9.087638e-01 
-7.992461e-01 
-6.664964e-01 
-5.143174e-01 
-3.335377e-01 
-1.151231e-01 
-4.140594e-03 
6.211952e-04 
3.274448e-04 
1.938521e-04 
1.253826e-04 
8.613916e-05 
6.190060e-05 
4.608987e-05 
3.533544e-05 
2.777484e-05 
2.231894e-05 
1.830218e-05 
1.530455e-05 
1.305624e-05 
1.138562e-05 
1.019175e-05 
9.431997e-06 
9.108349e-06 
8.681002e-06 
3.622538e-06 
3.053162e-06 
2.603224e-06 
1.993734e-06 
1.183360e-06 
6.160436e-07 
6.160312e-07 
6.160312e-07 
6.160312e-07 
6.160312e-07 
6.160312e-07 
6.160312e-07 
6.160312e-07 
6.160312e-07 
6.160312e-07 
6.160312e-07 
6.160312e-07 
6.160312e-07 
6.160312e-07 
6.160312e-07 
6.160312e-07 
6.160312e-07 
6.160312e-07 
6.160312e-07 
6.160312e-07 
6.160312e-07 
6.160312e-07 
6.160312e-07 
6.160312e-07 
6.160312e-07 
6.160312e-07 
6.160312e-07 
6.160312e-07 
6.160312e-07 
6.160312e-07 
6.160312e-07 
6.160312e-07 
6.160312e-07 
6.160312e-07 
6.160312e-07 
6.160312e-07 
6.160312e-07 
6.160312e-07 
6.160312e-07 
6.160312e-07 
6.160312e-07 
6.160312e-07 
6.160312e-07 
6.160312e-07 
6.160312e-07 
6.160312e-07 
6.160312e-07 
6.160312e-07 
6.160312e-07 
6.160312e-07 
6.160312e-07 
6.160312e-07 
6.160312e-07 
6.160312e-07 
6.160312e-07 
6.160312e-07 
6.160312e-07 
6.160312e-07 
6.160312e-07 
6.160312e-07 
6.160312e-07 
6.160312e-07 
6.160312e-07 
6.167679e-07 
7.712662e-07 
9.649131e-07 
1.183743e-06 
1.432313e-06 
1.716242e-06 
2.042531e-06 
2.419991e-06 
2.859855e-06 
3.376605e-06 
3.989060e-06 
4.722095e-06 
5.609174e-06 
6.696138e-06 
8.047071e-06 
9.753693e-06 
1.195083e-05 
1.484283e-05 
1.875056e-05 
2.419808e-05 
3.207840e-05 
4.397203e-05 
6.270283e-05 
9.284861e-05 
1.390116e-04 
1.994282e-04 
2.661014e-04 
3.342716e-04 
4.022610e-04 
4.658178e-04 
5.149297e-04 
5.204514e-04 
5.204514e-04 
5.204514e-04 
5.204514e-04 
5.204514e-04 
5.204514e-04 
5.204514e-04 
5.204514e-04 
5.204514e-04 
5.204514e-04 
5.204514e-04 
5.204514e-04 
5.204514e-04 
5.204514e-04 
5.204514e-04 
5.204514e-04 
5.204514e-04 
5.204514e-04 
5.204514e-04 
5.204514e-04 
5.204514e-04 
5.204514e-04 
5.204514e-04 
5.204514e-04 
5.204514e-04 
5.204514e-04 
5.204514e-04 
5.204514e-04 
5.204514e-04 
5.204514e-04 
5.204514e-04 
5.204514e-04 
5.204514e-04 
5.204514e-04 
5.204514e-04 
5.204514e-04 
5.204514e-04 
5.204514e-04 
5.204514e-04 
5.204514e-04 
5.204514e-04 
5.204514e-04 
5.204514e-04 
5.204514e-04 
5.204514e-04 
5.204514e-04 
5.204514e-04 
5.204514e-04 
5.204514e-04 
5.204514e-04 
5.204514e-04 
5.204514e-04 
5.204514e-04 
5.204514e-04 
5.204514e-04 
5.204514e-04 
5.204514e-04 
5.204514e-04 
5.204514e-04 
5.204514e-04 
5.204514e-04 
5.204514e-04 
5.204514e-04 
5.499248e-04 
6.119797e-04 
6.836858e-04 
7.640731e-04 
8.137565e-04 
9.292136e-04 
1.068434e-03 
1.237495e-03 
1.443968e-03 
1.698784e-03 
2.017346e-03 
2.421136e-03 
2.940703e-03 
3.620478e-03 
4.526710e-03 
5.760957e-03 
7.483903e-03 
9.959209e-03 
1.363817e-02 
1.933204e-02 
2.858304e-02 
4.450165e-02 
7.364770e-02 
1.292914e-01 
2.294988e-01 
3.716326e-01 
5.257527e-01 
6.727717e-01 
8.051558e-01 
9.139041e-01 
9.542477e-01 
9.542477e-01 
9.542477e-01 
9.542477e-01 
9.542477e-01 
9.542477e-01 
9.542477e-01 
9.542477e-01 
9.542477e-01 
9.542477e-01 
9.542477e-01 
9.542477e-01 
9.542477e-01 
9.542477e-01 
9.542477e-01 
9.542477e-01 
9.542477e-01 
9.542477e-01 
9.542477e-01 
9.542477e-01 
9.542477e-01 
9.542477e-01 
9.542477e-01 
9.542477e-01 
9.542477e-01 
9.542477e-01 
9.542477e-01 
9.542477e-01 
9.542477e-01 
9.542477e-01 
9.542477e-01 
9.542477e-01 
9.542477e-01 
9.542477e-01 
9.542477e-01 
9.542477e-01 
9.542477e-01 
9.542477e-01 
9.542477e-01 
9.542477e-01 
9.542477e-01 
9.542477e-01 
9.542477e-01 
9.542477e-01 
9.542477e-01 
9.542477e-01 
9.542477e-01 
9.542477e-01 
9.542477e-01 
9.542477e-01 
9.542477e-01 
9.542477e-01 
9.542477e-01 
9.542477e-01 
9.542477e-01 
9.542477e-01 
9.542477e-01 
9.542477e-01 
9.542477e-01 
9.542477e-01 
9.542477e-01 
9.542477e-01 
9.542477e-01 
9.542477e-01 
9.542473e-01 
9.542468e-01 
9.542463e-01 
9.542456e-01 
9.542448e-01 
9.542439e-01 
9.542429e-01 
9.542418e-01 
9.542408e-01 
9.542399e-01 
9.542391e-01 
9.542384e-01 
9.542378e-01 
9.542372e-01 
9.542367e-01 
9.542363e-01 
9.542359e-01 
9.542356e-01 
9.542353e-01 
9.542350e-01 
9.542347e-01 
9.542345e-01 
9.542343e-01 
9.542341e-01 
9.542339e-01 
9.542337e-01 
9.542336e-01 
9.542334e-01 
9.542333e-01 
9.542331e-01 
9.542331e-01 
9.542331e-01 
9.542331e-01 
9.542331e-01 
9.542331e-01 
9.542331e-01 
9.542331e-01 
9.542331e-01 
9.542331e-01 
9.542331e-01 
9.542331e-01 
9.542331e-01 
9.542331e-01 
9.542331e-01 
9.542331e-01 
9.542331e-01 
9.542331e-01 
9.542331e-01 
9.542331e-01 
9.542331e-01 
9.542331e-01 
9.542331e-01 
9.542331e-01 
9.542331e-01 
9.542331e-01 
9.542331e-01 
9.542331e-01 
9.542331e-01 
9.542331e-01 
9.542331e-01 
9.542331e-01 
9.542331e-01 
9.542331e-01 
9.542331e-01 
9.542331e-01 
9.542331e-01 
9.542331e-01 
9.542331e-01 
9.542331e-01 
9.542331e-01 
9.542331e-01 
9.542331e-01 
9.542331e-01 
9.542331e-01 
9.542331e-01 
9.542331e-01 
9.542331e-01 
9.542331e-01 
9.542331e-01 
9.542331e-01 
9.542331e-01 
9.542331e-01 
9.542331e-01 
9.542331e-01 
9.542331e-01 
9.542331e-01 
9.542331e-01 
9.542331e-01 
9.542331e-01 
9.542331e-01 
9.542331e-01 
9.542331e-01 
9.542331e-01 
9.022642e-01 
7.908156e-01 
6.568145e-01 
5.034387e-01 
3.213086e-01 
1.066857e-01 
6.056269e-03 
6.296864e-04 
3.147417e-04 
1.877131e-04 
1.219975e-04 
8.410525e-05 
6.060138e-05 
4.522056e-05 
3.473227e-05 
2.734409e-05 
2.200428e-05 
1.806849e-05 
1.512935e-05 
1.292510e-05 
1.128959e-05 
1.012614e-05 
9.395847e-06 
9.101418e-06 
8.481626e-06 
3.557723e-06 
3.024080e-06 
2.567948e-06 
1.944267e-06 
1.122981e-06 
6.160192e-07 
6.160312e-07 
6.160312e-07 
6.160312e-07 
6.160312e-07 
6.160312e-07 
6.160312e-07 
6.160312e-07 
6.160312e-07 
6.160312e-07 
6.160312e-07 
6.160312e-07 
6.160312e-07 
6.160312e-07 
6.160312e-07 
6.160312e-07 
6.160312e-07 
6.160312e-07 
6.160312e-07 
6.160312e-07 
6.160312e-07 
6.160312e-07 
6.160312e-07 
6.160312e-07 
6.160312e-07 
6.160312e-07 
6.160312e-07 
6.160312e-07 
6.160312e-07 
6.160312e-07 
6.160312e-07 
6.160312e-07 
6.160312e-07 
6.160312e-07 
6.160312e-07 
6.160312e-07 
6.160312e-07 
6.160312e-07 
6.160312e-07 
6.160312e-07 
6.160312e-07 
6.160312e-07 
6.160312e-07 
6.160312e-07 
6.160312e-07 
6.160312e-07 
6.160312e-07 
6.160312e-07 
6.160312e-07 
6.160312e-07 
6.160312e-07 
6.160312e-07 
6.160312e-07 
6.160312e-07 
6.160312e-07 
6.160312e-07 
6.160312e-07 
6.160312e-07 
6.160312e-07 
6.160312e-07 
6.160312e-07 
6.160312e-07 
6.160312e-07 
6.199406e-07 
7.837852e-07 
9.790271e-07 
1.199735e-06 
1.450530e-06 
1.737115e-06 
2.066598e-06 
2.447935e-06 
2.892553e-06 
3.415190e-06 
4.035016e-06 
4.777402e-06 
5.676520e-06 
6.779239e-06 
8.151186e-06 
9.886442e-06 
1.212358e-05 
1.507310e-05 
1.906639e-05 
2.464622e-05 
3.274015e-05 
4.499313e-05 
6.433894e-05 
9.546248e-05 
1.427667e-04 
2.038740e-04 
2.707380e-04 
3.389482e-04 
4.068290e-04 
4.697786e-04 
5.172678e-04 
5.204514e-04 
5.204514e-04 
5.204514e-04 
5.204514e-04 
5.204514e-04 
5.204514e-04 
5.204514e-04 
5.204514e-04 
5.204514e-04 
5.204514e-04 
5.204514e-04 
5.204514e-04 
5.204514e-04 
5.204514e-04 
5.204514e-04 
5.204514e-04 
5.204514e-04 
5.204514e-04 
5.204514e-04 
5.204514e-04 
5.204514e-04 
5.204514e-04 
5.204514e-04 
5.204514e-04 
5.204514e-04 
5.204514e-04 
5.204514e-04 
5.204514e-04 
5.204514e-04 
5.204514e-04 
5.204514e-04 
5.204514e-04 
5.204514e-04 
5.204514e-04 
5.204514e-04 
5.204514e-04 
5.204514e-04 
5.204514e-04 
5.204514e-04 
5.204514e-04 
5.204514e-04 
5.204514e-04 
5.204514e-04 
5.204514e-04 
5.204514e-04 
5.204514e-04 
5.204514e-04 
5.204514e-04 
5.204514e-04 
5.204514e-04 
5.204514e-04 
5.204514e-04 
5.204514e-04 
5.204514e-04 
5.204514e-04 
5.204514e-04 
5.204514e-04 
5.204514e-04 
5.204514e-04 
5.204514e-04 
5.204514e-04 
5.204514e-04 
5.204514e-04 
5.538872e-04 
6.165612e-04 
6.889650e-04 
7.691401e-04 
8.209838e-04 
9.379155e-04 
1.078967e-03 
1.250320e-03 
1.459704e-03 
1.718331e-03 
2.041952e-03 
2.452561e-03 
2.981472e-03 
3.674311e-03 
4.599228e-03 
5.860906e-03 
7.625361e-03 
1.016574e-02 
1.395102e-02 
1.982733e-02 
2.940963e-02 
4.596784e-02 
7.640711e-02 
1.345503e-01 
2.381557e-01 
3.821196e-01 
5.361426e-01 
6.823632e-01 
8.134831e-01 
9.201202e-01 
9.542477e-01 
9.542477e-01 
9.542477e-01 
9.542477e-01 
9.542477e-01 
9.542477e-01 
9.542477e-01 
9.542477e-01 
9.542477e-01 
9.542477e-01 
9.542477e-01 
9.542477e-01 
9.542477e-01 
9.542477e-01 
9.542477e-01 
9.542477e-01 
9.542477e-01 
9.542477e-01 
9.542477e-01 
9.542477e-01 
9.542477e-01 
9.542477e-01 
9.542477e-01 
9.542477e-01 
9.542477e-01 
9.542477e-01 
9.542477e-01 
9.542477e-01 
9.542477e-01 
9.542477e-01 
9.542477e-01 
9.542477e-01 
9.542477e-01 
9.542477e-01 
9.542477e-01 
9.542477e-01 
9.542477e-01 
9.542477e-01 
9.542477e-01 
9.542477e-01 
9.542477e-01 
9.542477e-01 
9.542477e-01 
9.542477e-01 
9.542477e-01 
9.542477e-01 
9.542477e-01 
9.542477e-01 
9.542477e-01 
9.542477e-01 
9.542477e-01 
9.542477e-01 
9.542477e-01 
9.542477e-01 
9.542477e-01 
9.542477e-01 
9.542477e-01 
9.542477e-01 
9.542477e-01 
9.542477e-01 
9.542477e-01 
9.542477e-01 
9.542477e-01 
9.542477e-01 
9.542473e-01 
9.542468e-01 
9.542462e-01 
9.542455e-01 
9.542447e-01 
9.542438e-01 
9.542428e-01 
9.542418e-01 
9.542407e-01 
9.542398e-01 
9.542390e-01 
9.542383e-01 
9.542377e-01 
9.542372e-01 
9.542367e-01 
9.542363e-01 
9.542359e-01 
9.542356e-01 
9.542353e-01 
9.542350e-01 
9.542347e-01 
9.542345e-01 
9.542343e-01 
9.542341e-01 
9.542339e-01 
9.542337e-01 
9.542336e-01 
9.542334e-01 
9.542333e-01 
9.542331e-01 
9.542331e-01 
9.542331e-01 
9.542331e-01 
9.542331e-01 
9.542331e-01 
9.542331e-01 
9.542331e-01 
9.542331e-01 
9.542331e-01 
9.542331e-01 
9.542331e-01 
9.542331e-01 
9.542331e-01 
9.542331e-01 
9.542331e-01 
9.542331e-01 
9.542331e-01 
9.542331e-01 
9.542331e-01 
9.542331e-01 
9.542331e-01 
9.542331e-01 
9.542331e-01 
9.542331e-01 
9.542331e-01 
9.542331e-01 
9.542331e-01 
9.542331e-01 
9.542331e-01 
9.542331e-01 
9.542331e-01 
9.542331e-01 
9.542331e-01 
9.542331e-01 
9.542331e-01 
9.542331e-01 
9.542331e-01 
9.542331e-01 
9.542331e-01 
9.542331e-01 
9.542331e-01 
9.542331e-01 
9.542331e-01 
9.542331e-01 
9.542331e-01 
9.542331e-01 
9.542331e-01 
9.542331e-01 
9.542331e-01 
9.542331e-01 
9.542331e-01 
9.542331e-01 
9.542331e-01 
9.542331e-01 
9.542331e-01 
9.542331e-01 
9.542331e-01 
9.542331e-01 
9.542331e-01 
9.542331e-01 
9.542331e-01 
9.542331e-01 
9.542331e-01 
8.955960e-01 
7.822725e-01 
6.469769e-01 
4.920896e-01 
3.073381e-01 
9.362035e-02 
4.760838e-03 
5.917541e-04 
3.027015e-04 
1.818396e-04 
1.187360e-04 
8.213616e-05 
5.933905e-05 
4.437360e-05 
3.414332e-05 
2.692275e-05 
2.169608e-05 
1.783938e-05 
1.495756e-05 
1.279668e-05 
1.119625e-05 
1.006543e-05 
9.382953e-06 
9.350401e-06 
1.284548e-05 
1.559407e-05 
1.679484e-05 
1.753953e-05 
1.795410e-05 
1.807330e-05 
1.812280e-05 
1.812276e-05 
1.812276e-05 
1.812276e-05 
1.812276e-05 
1.812276e-05 
1.812276e-05 
1.812276e-05 
1.812276e-05 
1.812276e-05 
1.812276e-05 
1.812276e-05 
1.812276e-05 
1.812276e-05 
1.812276e-05 
1.812276e-05 
1.812276e-05 
1.812276e-05 
1.812276e-05 
1.812276e-05 
1.812276e-05 
1.812276e-05 
1.812276e-05 
1.812276e-05 
1.812276e-05 
1.812276e-05 
1.812276e-05 
1.812276e-05 
1.812276e-05 
1.812276e-05 
1.812276e-05 
1.812276e-05 
1.812276e-05 
1.812276e-05 
1.812276e-05 
1.812276e-05 
1.812276e-05 
1.812276e-05 
1.812276e-05 
1.812276e-05 
1.812276e-05 
1.812276e-05 
1.812276e-05 
1.812276e-05 
1.812276e-05 
1.812276e-05 
1.812276e-05 
1.812276e-05 
1.812276e-05 
1.812276e-05 
1.812276e-05 
1.812276e-05 
1.812276e-05 
1.812276e-05 
1.812276e-05 
1.812276e-05 
1.812276e-05 
1.812276e-05 
1.812276e-05 
1.812276e-05 
1.812276e-05 
1.812276e-05 
1.812276e-05 
1.813503e-05 
1.830857e-05 
1.849906e-05 
1.870467e-05 
1.892680e-05 
1.916689e-05 
1.942645e-05 
1.970693e-05 
2.000964e-05 
2.033556e-05 
2.068485e-05 
2.105633e-05 
2.144650e-05 
2.184779e-05 
2.224563e-05 
2.261330e-05 
2.290271e-05 
2.302743e-05 
2.283073e-05 
2.202342e-05 
2.005997e-05 
1.589037e-05 
7.489034e-06 
-8.822572e-06 
-3.828124e-05 
-8.408761e-05 
-1.431492e-04 
-2.112547e-04 
-2.887796e-04 
-3.770953e-04 
-4.639444e-04 
-4.675073e-04 
-4.675073e-04 
-4.675073e-04 
-4.675073e-04 
-4.675073e-04 
-4.675073e-04 
-4.675073e-04 
-4.675073e-04 
-4.675073e-04 
-4.675073e-04 
-4.675073e-04 
-4.675073e-04 
-4.675073e-04 
-4.675073e-04 
-4.675073e-04 
-4.675073e-04 
-4.675073e-04 
-4.675073e-04 
-4.675073e-04 
-4.675073e-04 
-4.675073e-04 
-4.675073e-04 
-4.675073e-04 
-4.675073e-04 
-4.675073e-04 
-4.675073e-04 
-4.675073e-04 
-4.675073e-04 
-4.675073e-04 
-4.675073e-04 
-4.675073e-04 
-4.675073e-04 
-4.675073e-04 
-4.675073e-04 
-4.675073e-04 
-4.675073e-04 
-4.675073e-04 
-4.675073e-04 
-4.675073e-04 
-4.675073e-04 
-4.675073e-04 
-4.675073e-04 
-4.675073e-04 
-4.675073e-04 
-4.675073e-04 
-4.675073e-04 
-4.675073e-04 
-4.675073e-04 
-4.675073e-04 
-4.675073e-04 
-4.675073e-04 
-4.675073e-04 
-4.675073e-04 
-4.675073e-04 
-4.675073e-04 
-4.675073e-04 
-4.675073e-04 
-4.675073e-04 
-4.675073e-04 
-4.675073e-04 
-4.675073e-04 
-4.675073e-04 
-4.675073e-04 
-5.016898e-04 
-5.601794e-04 
-6.288270e-04 
-7.099149e-04 
-8.063741e-04 
-9.219387e-04 
-1.061386e-03 
-1.230878e-03 
-1.438310e-03 
-1.694842e-03 
-2.016320e-03 
-2.424881e-03 
-2.952104e-03 
-3.644112e-03 
-4.569985e-03 
-5.836165e-03 
-7.612045e-03 
-1.017744e-02 
-1.401507e-02 
-2.000058e-02 
-2.981600e-02 
-4.689076e-02 
-7.850583e-02 
-1.391491e-01 
-2.463646e-01 
-3.923811e-01 
-5.464212e-01 
-6.918707e-01 
-8.216967e-01 
-9.261483e-01 
-9.542476e-01 
-9.542476e-01 
-9.542476e-01 
-9.542476e-01 
-9.542476e-01 
-9.542476e-01 
-9.542476e-01 
-9.542476e-01 
-9.542476e-01 
-9.542476e-01 
-9.542476e-01 
-9.542476e-01 
-9.542476e-01 
-9.542476e-01 
-9.542476e-01 
-9.542476e-01 
-9.542476e-01 
-9.542476e-01 
-9.542476e-01 
-9.542476e-01 
-9.542476e-01 
-9.542476e-01 
-9.542476e-01 
-9.542476e-01 
-9.542476e-01 
-9.542476e-01 
-9.542476e-01 
-9.542476e-01 
-9.542476e-01 
-9.542476e-01 
-9.542476e-01 
-9.542476e-01 
-9.542476e-01 
-9.542476e-01 
-9.542476e-01 
-9.542476e-01 
-9.542476e-01 
-9.542476e-01 
-9.542476e-01 
-9.542476e-01 
-9.542476e-01 
-9.542476e-01 
-9.542476e-01 
-9.542476e-01 
-9.542476e-01 
-9.542476e-01 
-9.542476e-01 
-9.542476e-01 
-9.542476e-01 
-9.542476e-01 
-9.542476e-01 
-9.542476e-01 
-9.542476e-01 
-9.542476e-01 
-9.542476e-01 
-9.542476e-01 
-9.542476e-01 
-9.542476e-01 
-9.542476e-01 
-9.542476e-01 
-9.542476e-01 
-9.542476e-01 
-9.542476e-01 
-9.542476e-01 
-9.542471e-01 
-9.542465e-01 
-9.542458e-01 
-9.542448e-01 
-9.542433e-01 
-9.542412e-01 
-9.542398e-01 
-9.542390e-01 
-9.542384e-01 
-9.542378e-01 
-9.542373e-01 
-9.542368e-01 
-9.542364e-01 
-9.542361e-01 
-9.542357e-01 
-9.542354e-01 
-9.542351e-01 
-9.542348e-01 
-9.542346e-01 
-9.542344e-01 
-9.542342e-01 
-9.542340e-01 
-9.542338e-01 
-9.542336e-01 
-9.542335e-01 
-9.542333e-01 
-9.542332e-01 
-9.542331e-01 
-9.542329e-01 
-9.542328e-01 
-9.542328e-01 
-9.542328e-01 
-9.542328e-01 
-9.542328e-01 
-9.542328e-01 
-9.542328e-01 
-9.542328e-01 
-9.542328e-01 
-9.542328e-01 
-9.542328e-01 
-9.542328e-01 
-9.542328e-01 
-9.542328e-01 
-9.542328e-01 
-9.542328e-01 
-9.542328e-01 
-9.542328e-01 
-9.542328e-01 
-9.542328e-01 
-9.542328e-01 
-9.542328e-01 
-9.542328e-01 
-9.542328e-01 
-9.542328e-01 
-9.542328e-01 
-9.542328e-01 
-9.542328e-01 
-9.542328e-01 
-9.542328e-01 
-9.542328e-01 
-9.542328e-01 
-9.542328e-01 
-9.542328e-01 
-9.542328e-01 
-9.542328e-01 
-9.542328e-01 
-9.542328e-01 
-9.542328e-01 
-9.542328e-01 
-9.542328e-01 
-9.542328e-01 
-9.542328e-01 
-9.542328e-01 
-9.542328e-01 
-9.542328e-01 
-9.542328e-01 
-9.542328e-01 
-9.542328e-01 
-9.542328e-01 
-9.542328e-01 
-9.542328e-01 
-9.542328e-01 
-9.542328e-01 
-9.542328e-01 
-9.542328e-01 
-9.542328e-01 
-9.542328e-01 
-9.542328e-01 
-9.542328e-01 
-9.542328e-01 
-9.542328e-01 
-9.542328e-01 
-9.542328e-01 
-8.887642e-01 
-7.736139e-01 
-6.369546e-01 
-4.801402e-01 
-2.910948e-01 
-7.553498e-02 
-9.281613e-04 
5.451340e-04 
2.912995e-04 
1.762169e-04 
1.155925e-04 
8.022931e-05 
5.811233e-05 
4.354829e-05 
3.356818e-05 
2.651060e-05 
2.139422e-05 
1.761480e-05 
1.478910e-05 
1.267078e-05 
1.110464e-05 
1.000423e-05 
9.354446e-06 
9.401825e-06 
1.322184e-05 
1.569450e-05 
1.685858e-05 
1.757730e-05 
1.797215e-05 
1.806807e-05 
1.812278e-05 
1.812276e-05 
1.812276e-05 
1.812276e-05 
1.812276e-05 
1.812276e-05 
1.812276e-05 
1.812276e-05 
1.812276e-05 
1.812276e-05 
1.812276e-05 
1.812276e-05 
1.812276e-05 
1.812276e-05 
1.812276e-05 
1.812276e-05 
1.812276e-05 
1.812276e-05 
1.812276e-05 
1.812276e-05 
1.812276e-05 
1.812276e-05 
1.812276e-05 
1.812276e-05 
1.812276e-05 
1.812276e-05 
1.812276e-05 
1.812276e-05 
1.812276e-05 
1.812276e-05 
1.812276e-05 
1.812276e-05 
1.812276e-05 
1.812276e-05 
1.812276e-05 
1.812276e-05 
1.812276e-05 
1.812276e-05 
1.812276e-05 
1.812276e-05 
1.812276e-05 
1.812276e-05 
1.812276e-05 
1.812276e-05 
1.812276e-05 
1.812276e-05 
1.812276e-05 
1.812276e-05 
1.812276e-05 
1.812276e-05 
1.812276e-05 
1.812276e-05 
1.812276e-05 
1.812276e-05 
1.812276e-05 
1.812276e-05 
1.812276e-05 
1.812276e-05 
1.812276e-05 
1.812276e-05 
1.812276e-05 
1.812276e-05 
1.812276e-05 
1.814473e-05 
1.832114e-05 
1.851262e-05 
1.871932e-05 
1.894263e-05 
1.918400e-05 
1.944495e-05 
1.972690e-05 
2.003118e-05 
2.035870e-05 
2.070956e-05 
2.108247e-05 
2.147370e-05 
2.187532e-05 
2.227213e-05 
2.263630e-05 
2.291778e-05 
2.302658e-05 
2.279938e-05 
2.193437e-05 
1.986138e-05 
1.548180e-05 
6.679206e-06 
-1.035666e-05 
-4.089167e-05 
-8.776792e-05 
-1.475402e-04 
-2.162280e-04 
-2.944857e-04 
-3.834124e-04 
-4.659666e-04 
-4.675073e-04 
-4.675073e-04 
-4.675073e-04 
-4.675073e-04 
-4.675073e-04 
-4.675073e-04 
-4.675073e-04 
-4.675073e-04 
-4.675073e-04 
-4.675073e-04 
-4.675073e-04 
-4.675073e-04 
-4.675073e-04 
-4.675073e-04 
-4.675073e-04 
-4.675073e-04 
-4.675073e-04 
-4.675073e-04 
-4.675073e-04 
-4.675073e-04 
-4.675073e-04 
-4.675073e-04 
-4.675073e-04 
-4.675073e-04 
-4.675073e-04 
-4.675073e-04 
-4.675073e-04 
-4.675073e-04 
-4.675073e-04 
-4.675073e-04 
-4.675073e-04 
-4.675073e-04 
-4.675073e-04 
-4.675073e-04 
-4.675073e-04 
-4.675073e-04 
-4.675073e-04 
-4.675073e-04 
-4.675073e-04 
-4.675073e-04 
-4.675073e-04 
-4.675073e-04 
-4.675073e-04 
-4.675073e-04 
-4.675073e-04 
-4.675073e-04 
-4.675073e-04 
-4.675073e-04 
-4.675073e-04 
-4.675073e-04 
-4.675073e-04 
-4.675073e-04 
-4.675073e-04 
-4.675073e-04 
-4.675073e-04 
-4.675073e-04 
-4.675073e-04 
-4.675073e-04 
-4.675073e-04 
-4.675073e-04 
-4.675073e-04 
-4.675073e-04 
-4.675073e-04 
-5.054040e-04 
-5.645269e-04 
-6.339459e-04 
-7.159833e-04 
-8.136197e-04 
-9.306512e-04 
-1.071939e-03 
-1.243749e-03 
-1.454134e-03 
-1.714544e-03 
-2.041185e-03 
-2.456722e-03 
-2.993539e-03 
-3.699010e-03 
-4.644222e-03 
-5.938933e-03 
-7.758232e-03 
-1.039215e-02 
-1.434260e-02 
-2.052348e-02 
-3.069749e-02 
-4.847230e-02 
-8.151212e-02 
-1.448600e-01 
-2.554461e-01 
-4.029545e-01 
-5.567347e-01 
-7.013231e-01 
-8.297973e-01 
-9.319827e-01 
-9.542476e-01 
-9.542476e-01 
-9.542476e-01 
-9.542476e-01 
-9.542476e-01 
-9.542476e-01 
-9.542476e-01 
-9.542476e-01 
-9.542476e-01 
-9.542476e-01 
-9.542476e-01 
-9.542476e-01 
-9.542476e-01 
-9.542476e-01 
-9.542476e-01 
-9.542476e-01 
-9.542476e-01 
-9.542476e-01 
-9.542476e-01 
-9.542476e-01 
-9.542476e-01 
-9.542476e-01 
-9.542476e-01 
-9.542476e-01 
-9.542476e-01 
-9.542476e-01 
-9.542476e-01 
-9.542476e-01 
-9.542476e-01 
-9.542476e-01 
-9.542476e-01 
-9.542476e-01 
-9.542476e-01 
-9.542476e-01 
-9.542476e-01 
-9.542476e-01 
-9.542476e-01 
-9.542476e-01 
-9.542476e-01 
-9.542476e-01 
-9.542476e-01 
-9.542476e-01 
-9.542476e-01 
-9.542476e-01 
-9.542476e-01 
-9.542476e-01 
-9.542476e-01 
-9.542476e-01 
-9.542476e-01 
-9.542476e-01 
-9.542476e-01 
-9.542476e-01 
-9.542476e-01 
-9.542476e-01 
-9.542476e-01 
-9.542476e-01 
-9.542476e-01 
-9.542476e-01 
-9.542476e-01 
-9.542476e-01 
-9.542476e-01 
-9.542476e-01 
-9.542476e-01 
-9.542475e-01 
-9.542471e-01 
-9.542465e-01 
-9.542457e-01 
-9.542447e-01 
-9.542432e-01 
-9.542410e-01 
-9.542398e-01 
-9.542390e-01 
-9.542384e-01 
-9.542378e-01 
-9.542373e-01 
-9.542368e-01 
-9.542364e-01 
-9.542360e-01 
-9.542357e-01 
-9.542354e-01 
-9.542351e-01 
-9.542348e-01 
-9.542346e-01 
-9.542344e-01 
-9.542342e-01 
-9.542340e-01 
-9.542338e-01 
-9.542336e-01 
-9.542335e-01 
-9.542333e-01 
-9.542332e-01 
-9.542331e-01 
-9.542329e-01 
-9.542328e-01 
-9.542328e-01 
-9.542328e-01 
-9.542328e-01 
-9.542328e-01 
-9.542328e-01 
-9.542328e-01 
-9.542328e-01 
-9.542328e-01 
-9.542328e-01 
-9.542328e-01 
-9.542328e-01 
-9.542328e-01 
-9.542328e-01 
-9.542328e-01 
-9.542328e-01 
-9.542328e-01 
-9.542328e-01 
-9.542328e-01 
-9.542328e-01 
-9.542328e-01 
-9.542328e-01 
-9.542328e-01 
-9.542328e-01 
-9.542328e-01 
-9.542328e-01 
-9.542328e-01 
-9.542328e-01 
-9.542328e-01 
-9.542328e-01 
-9.542328e-01 
-9.542328e-01 
-9.542328e-01 
-9.542328e-01 
-9.542328e-01 
-9.542328e-01 
-9.542328e-01 
-9.542328e-01 
-9.542328e-01 
-9.542328e-01 
-9.542328e-01 
-9.542328e-01 
-9.542328e-01 
-9.542328e-01 
-9.542328e-01 
-9.542328e-01 
-9.542328e-01 
-9.542328e-01 
-9.542328e-01 
-9.542328e-01 
-9.542328e-01 
-9.542328e-01 
-9.542328e-01 
-9.542328e-01 
-9.542328e-01 
-9.542328e-01 
-9.542328e-01 
-9.542328e-01 
-9.542328e-01 
-9.542328e-01 
-9.542328e-01 
-9.542328e-01 
-9.542328e-01 
-9.542328e-01 
-8.817785e-01 
-7.648744e-01 
-6.269321e-01 
-4.684730e-01 
-2.765142e-01 
-6.416643e-02 
-4.162722e-04 
5.006799e-04 
2.686228e-04 
1.626998e-04 
1.065070e-04 
7.358612e-05 
5.292771e-05 
3.927795e-05 
2.988240e-05 
2.319178e-05 
1.828469e-05 
1.458666e-05 
1.172358e-05 
9.440022e-06 
7.550742e-06 
5.910418e-06 
4.408214e-06 
3.210954e-06 
5.442595e-06 
5.644230e-06 
5.027935e-06 
4.589301e-06 
4.471418e-06 
4.642235e-06 
4.774577e-06 
4.774575e-06 
4.774575e-06 
4.774575e-06 
4.774575e-06 
4.774575e-06 
4.774575e-06 
4.774575e-06 
4.774575e-06 
4.774575e-06 
4.774575e-06 
4.774575e-06 
4.774575e-06 
4.774575e-06 
4.774575e-06 
4.774575e-06 
4.774575e-06 
4.774575e-06 
4.774575e-06 
4.774575e-06 
4.774575e-06 
4.774575e-06 
4.774575e-06 
4.774575e-06 
4.774575e-06 
4.774575e-06 
4.774575e-06 
4.774575e-06 
4.774575e-06 
4.774575e-06 
4.774575e-06 
4.774575e-06 
4.774575e-06 
4.774575e-06 
4.774575e-06 
4.774575e-06 
4.774575e-06 
4.774575e-06 
4.774575e-06 
4.774575e-06 
4.774575e-06 
4.774575e-06 
4.774575e-06 
4.774575e-06 
4.774575e-06 
4.774575e-06 
4.774575e-06 
4.774575e-06 
4.774575e-06 
4.774575e-06 
4.774575e-06 
4.774575e-06 
4.774575e-06 
4.774575e-06 
4.774575e-06 
4.774575e-06 
4.774575e-06 
4.774575e-06 
4.774575e-06 
4.774575e-06 
4.774575e-06 
4.774575e-06 
4.774575e-06 
4.802080e-06 
4.973454e-06 
5.168127e-06 
5.389198e-06 
5.641570e-06 
5.931329e-06 
6.266104e-06 
6.655529e-06 
7.111825e-06 
7.650911e-06 
8.293682e-06 
9.067940e-06 
1.001129e-05 
1.117557e-05 
1.263373e-05 
1.449096e-05 
1.690314e-05 
2.010855e-05 
2.448452e-05 
3.065241e-05 
3.967628e-05 
5.343102e-05 
7.516022e-05 
1.095588e-04 
1.596721e-04 
2.213631e-04 
2.875586e-04 
3.553351e-04 
4.230885e-04 
4.849484e-04 
5.248348e-04 
5.251020e-04 
5.251020e-04 
5.251020e-04 
5.251020e-04 
5.251020e-04 
5.251020e-04 
5.251020e-04 
5.251020e-04 
5.251020e-04 
5.251020e-04 
5.251020e-04 
5.251020e-04 
5.251020e-04 
5.251020e-04 
5.251020e-04 
5.251020e-04 
5.251020e-04 
5.251020e-04 
5.251020e-04 
5.251020e-04 
5.251020e-04 
5.251020e-04 
5.251020e-04 
5.251020e-04 
5.251020e-04 
5.251020e-04 
5.251020e-04 
5.251020e-04 
5.251020e-04 
5.251020e-04 
5.251020e-04 
5.251020e-04 
5.251020e-04 
5.251020e-04 
5.251020e-04 
5.251020e-04 
5.251020e-04 
5.251020e-04 
5.251020e-04 
5.251020e-04 
5.251020e-04 
5.251020e-04 
5.251020e-04 
5.251020e-04 
5.251020e-04 
5.251020e-04 
5.251020e-04 
5.251020e-04 
5.251020e-04 
5.251020e-04 
5.251020e-04 
5.251020e-04 
5.251020e-04 
5.251020e-04 
5.251020e-04 
5.251020e-04 
5.251020e-04 
5.251020e-04 
5.251020e-04 
5.251020e-04 
5.251020e-04 
5.251020e-04 
5.251020e-04 
5.701638e-04 
6.337341e-04 
7.058723e-04 
7.514147e-04 
8.499333e-04 
9.656063e-04 
1.111730e-03 
1.289904e-03 
1.508299e-03 
1.778803e-03 
2.118225e-03 
2.550167e-03 
3.108396e-03 
3.842344e-03 
4.826256e-03 
6.174887e-03 
8.071521e-03 
1.082021e-02 
1.494803e-02 
2.141645e-02 
3.208310e-02 
5.075171e-02 
8.546704e-02 
1.516781e-01 
2.653065e-01 
4.137713e-01 
5.670605e-01 
7.107135e-01 
8.377799e-01 
9.376171e-01 
9.542477e-01 
9.542477e-01 
9.542477e-01 
9.542477e-01 
9.542477e-01 
9.542477e-01 
9.542477e-01 
9.542477e-01 
9.542477e-01 
9.542477e-01 
9.542477e-01 
9.542477e-01 
9.542477e-01 
9.542477e-01 
9.542477e-01 
9.542477e-01 
9.542477e-01 
9.542477e-01 
9.542477e-01 
9.542477e-01 
9.542477e-01 
9.542477e-01 
9.542477e-01 
9.542477e-01 
9.542477e-01 
9.542477e-01 
9.542477e-01 
9.542477e-01 
9.542477e-01 
9.542477e-01 
9.542477e-01 
9.542477e-01 
9.542477e-01 
9.542477e-01 
9.542477e-01 
9.542477e-01 
9.542477e-01 
9.542477e-01 
9.542477e-01 
9.542477e-01 
9.542477e-01 
9.542477e-01 
9.542477e-01 
9.542477e-01 
9.542477e-01 
9.542477e-01 
9.542477e-01 
9.542477e-01 
9.542477e-01 
9.542477e-01 
9.542477e-01 
9.542477e-01 
9.542477e-01 
9.542477e-01 
9.542477e-01 
9.542477e-01 
9.542477e-01 
9.542477e-01 
9.542477e-01 
9.542477e-01 
9.542477e-01 
9.542477e-01 
9.542477e-01 
9.542476e-01 
9.542472e-01 
9.542467e-01 
9.542461e-01 
9.542454e-01 
9.542445e-01 
9.542436e-01 
9.542426e-01 
9.542415e-01 
9.542406e-01 
9.542397e-01 
9.542389e-01 
9.542382e-01 
9.542376e-01 
9.542371e-01 
9.542366e-01 
9.542362e-01 
9.542358e-01 
9.542355e-01 
9.542352e-01 
9.542349e-01 
9.542347e-01 
9.542344e-01 
9.542342e-01 
9.542340e-01 
9.542338e-01 
9.542337e-01 
9.542335e-01 
9.542334e-01 
9.542332e-01 
9.542331e-01 
9.542331e-01 
9.542331e-01 
9.542331e-01 
9.542331e-01 
9.542331e-01 
9.542331e-01 
9.542331e-01 
9.542331e-01 
9.542331e-01 
9.542331e-01 
9.542331e-01 
9.542331e-01 
9.542331e-01 
9.542331e-01 
9.542331e-01 
9.542331e-01 
9.542331e-01 
9.542331e-01 
9.542331e-01 
9.542331e-01 
9.542331e-01 
9.542331e-01 
9.542331e-01 
9.542331e-01 
9.542331e-01 
9.542331e-01 
9.542331e-01 
9.542331e-01 
9.542331e-01 
9.542331e-01 
9.542331e-01 
9.542331e-01 
9.542331e-01 
9.542331e-01 
9.542331e-01 
9.542331e-01 
9.542331e-01 
9.542331e-01 
9.542331e-01 
9.542331e-01 
9.542331e-01 
9.542331e-01 
9.542331e-01 
9.542331e-01 
9.542331e-01 
9.542331e-01 
9.542331e-01 
9.542331e-01 
9.542331e-01 
9.542331e-01 
9.542331e-01 
9.542331e-01 
9.542331e-01 
9.542331e-01 
9.542331e-01 
9.542331e-01 
9.542331e-01 
9.542331e-01 
9.542331e-01 
9.542331e-01 
9.542331e-01 
9.542331e-01 
9.542331e-01 
8.746453e-01 
7.560626e-01 
6.169384e-01 
4.572123e-01 
2.641429e-01 
5.947488e-02 
2.409088e-03 
5.020734e-04 
2.702652e-04 
1.656694e-04 
1.096378e-04 
7.659255e-05 
5.576075e-05 
4.195990e-05 
3.245779e-05 
2.571290e-05 
2.080887e-05 
1.717877e-05 
1.446193e-05 
1.242648e-05 
1.092712e-05 
9.883717e-06 
9.271896e-06 
9.084984e-06 
6.767685e-06 
3.368592e-06 
2.907950e-06 
2.418091e-06 
1.736613e-06 
8.803977e-07 
6.160303e-07 
6.160312e-07 
6.160312e-07 
6.160312e-07 
6.160312e-07 
6.160312e-07 
6.160312e-07 
6.160312e-07 
6.160312e-07 
6.160312e-07 
6.160312e-07 
6.160312e-07 
6.160312e-07 
6.160312e-07 
6.160312e-07 
6.160312e-07 
6.160312e-07 
6.160312e-07 
6.160312e-07 
6.160312e-07 
6.160312e-07 
6.160312e-07 
6.160312e-07 
6.160312e-07 
6.160312e-07 
6.160312e-07 
6.160312e-07 
6.160312e-07 
6.160312e-07 
6.160312e-07 
6.160312e-07 
6.160312e-07 
6.160312e-07 
6.160312e-07 
6.160312e-07 
6.160312e-07 
6.160312e-07 
6.160312e-07 
6.160312e-07 
6.160312e-07 
6.160312e-07 
6.160312e-07 
6.160312e-07 
6.160312e-07 
6.160312e-07 
6.160312e-07 
6.160312e-07 
6.160312e-07 
6.160312e-07 
6.160312e-07 
6.160312e-07 
6.160312e-07 
6.160312e-07 
6.160312e-07 
6.160312e-07 
6.160312e-07 
6.160312e-07 
6.160312e-07 
6.160312e-07 
6.160312e-07 
6.160312e-07 
6.160312e-07 
6.160312e-07 
6.560617e-07 
8.348838e-07 
1.036684e-06 
1.265121e-06 
1.525085e-06 
1.822628e-06 
2.165313e-06 
2.562699e-06 
3.027029e-06 
3.574120e-06 
4.224630e-06 
5.006037e-06 
5.955527e-06 
7.124377e-06 
8.584828e-06 
1.044118e-05 
1.284827e-05 
1.604357e-05 
2.040474e-05 
2.655761e-05 
3.558373e-05 
4.941392e-05 
7.144937e-05 
1.067125e-04 
1.584362e-04 
2.218790e-04 
2.893316e-04 
3.576451e-04 
4.248721e-04 
4.848700e-04 
5.203591e-04 
5.204514e-04 
5.204514e-04 
5.204514e-04 
5.204514e-04 
5.204514e-04 
5.204514e-04 
5.204514e-04 
5.204514e-04 
5.204514e-04 
5.204514e-04 
5.204514e-04 
5.204514e-04 
5.204514e-04 
5.204514e-04 
5.204514e-04 
5.204514e-04 
5.204514e-04 
5.204514e-04 
5.204514e-04 
5.204514e-04 
5.204514e-04 
5.204514e-04 
5.204514e-04 
5.204514e-04 
5.204514e-04 
5.204514e-04 
5.204514e-04 
5.204514e-04 
5.204514e-04 
5.204514e-04 
5.204514e-04 
5.204514e-04 
5.204514e-04 
5.204514e-04 
5.204514e-04 
5.204514e-04 
5.204514e-04 
5.204514e-04 
5.204514e-04 
5.204514e-04 
5.204514e-04 
5.204514e-04 
5.204514e-04 
5.204514e-04 
5.204514e-04 
5.204514e-04 
5.204514e-04 
5.204514e-04 
5.204514e-04 
5.204514e-04 
5.204514e-04 
5.204514e-04 
5.204514e-04 
5.204514e-04 
5.204514e-04 
5.204514e-04 
5.204514e-04 
5.204514e-04 
5.204514e-04 
5.204514e-04 
5.204514e-04 
5.204514e-04 
5.204514e-04 
5.701352e-04 
6.353485e-04 
7.105474e-04 
7.735642e-04 
8.508596e-04 
9.738616e-04 
1.122536e-03 
1.303412e-03 
1.524974e-03 
1.799592e-03 
2.144495e-03 
2.583855e-03 
3.152304e-03 
3.900625e-03 
4.905234e-03 
6.284488e-03 
8.227887e-03 
1.105067e-02 
1.530109e-02 
2.198302e-02 
3.304389e-02 
5.248563e-02 
8.876829e-02 
1.578530e-01 
2.747148e-01 
4.243581e-01 
5.772746e-01 
7.200150e-01 
8.456361e-01 
9.430450e-01 
9.542477e-01 
9.542477e-01 
9.542477e-01 
9.542477e-01 
9.542477e-01 
9.542477e-01 
9.542477e-01 
9.542477e-01 
9.542477e-01 
9.542477e-01 
9.542477e-01 
9.542477e-01 
9.542477e-01 
9.542477e-01 
9.542477e-01 
9.542477e-01 
9.542477e-01 
9.542477e-01 
9.542477e-01 
9.542477e-01 
9.542477e-01 
9.542477e-01 
9.542477e-01 
9.542477e-01 
9.542477e-01 
9.542477e-01 
9.542477e-01 
9.542477e-01 
9.542477e-01 
9.542477e-01 
9.542477e-01 
9.542477e-01 
9.542477e-01 
9.542477e-01 
9.542477e-01 
9.542477e-01 
9.542477e-01 
9.542477e-01 
9.542477e-01 
9.542477e-01 
9.542477e-01 
9.542477e-01 
9.542477e-01 
9.542477e-01 
9.542477e-01 
9.542477e-01 
9.542477e-01 
9.542477e-01 
9.542477e-01 
9.542477e-01 
9.542477e-01 
9.542477e-01 
9.542477e-01 
9.542477e-01 
9.542477e-01 
9.542477e-01 
9.542477e-01 
9.542477e-01 
9.542477e-01 
9.542477e-01 
9.542477e-01 
9.542477e-01 
9.542477e-01 
9.542476e-01 
9.542472e-01 
9.542467e-01 
9.542460e-01 
9.542453e-01 
9.542445e-01 
9.542435e-01 
9.542425e-01 
9.542415e-01 
9.542405e-01 
9.542396e-01 
9.542388e-01 
9.542382e-01 
9.542376e-01 
9.542370e-01 
9.542366e-01 
9.542362e-01 
9.542358e-01 
9.542355e-01 
9.542352e-01 
9.542349e-01 
9.542346e-01 
9.542344e-01 
9.542342e-01 
9.542340e-01 
9.542338e-01 
9.542337e-01 
9.542335e-01 
9.542334e-01 
9.542332e-01 
9.542331e-01 
9.542331e-01 
9.542331e-01 
9.542331e-01 
9.542331e-01 
9.542331e-01 
9.542331e-01 
9.542331e-01 
9.542331e-01 
9.542331e-01 
9.542331e-01 
9.542331e-01 
9.542331e-01 
9.542331e-01 
9.542331e-01 
9.542331e-01 
9.542331e-01 
9.542331e-01 
9.542331e-01 
9.542331e-01 
9.542331e-01 
9.542331e-01 
9.542331e-01 
9.542331e-01 
9.542331e-01 
9.542331e-01 
9.542331e-01 
9.542331e-01 
9.542331e-01 
9.542331e-01 
9.542331e-01 
9.542331e-01 
9.542331e-01 
9.542331e-01 
9.542331e-01 
9.542331e-01 
9.542331e-01 
9.542331e-01 
9.542331e-01 
9.542331e-01 
9.542331e-01 
9.542331e-01 
9.542331e-01 
9.542331e-01 
9.542331e-01 
9.542331e-01 
9.542331e-01 
9.542331e-01 
9.542331e-01 
9.542331e-01 
9.542331e-01 
9.542331e-01 
9.542331e-01 
9.542331e-01 
9.542331e-01 
9.542331e-01 
9.542331e-01 
9.542331e-01 
9.542331e-01 
9.542331e-01 
9.542331e-01 
9.542331e-01 
9.542331e-01 
9.542331e-01 
8.673648e-01 
7.471399e-01 
6.067453e-01 
4.452892e-01 
2.493481e-01 
5.005019e-02 
1.966537e-03 
4.776843e-04 
2.605419e-04 
1.607200e-04 
1.068168e-04 
7.485803e-05 
5.463352e-05 
4.119550e-05 
3.192176e-05 
2.532685e-05 
2.052506e-05 
1.696711e-05 
1.430312e-05 
1.230826e-05 
1.084263e-05 
9.832943e-06 
9.285398e-06 
9.651642e-06 
1.409743e-05 
1.597760e-05 
1.703759e-05 
1.768184e-05 
1.801833e-05 
1.803900e-05 
1.812276e-05 
1.812276e-05 
1.812276e-05 
1.812276e-05 
1.812276e-05 
1.812276e-05 
1.812276e-05 
1.812276e-05 
1.812276e-05 
1.812276e-05 
1.812276e-05 
1.812276e-05 
1.812276e-05 
1.812276e-05 
1.812276e-05 
1.812276e-05 
1.812276e-05 
1.812276e-05 
1.812276e-05 
1.812276e-05 
1.812276e-05 
1.812276e-05 
1.812276e-05 
1.812276e-05 
1.812276e-05 
1.812276e-05 
1.812276e-05 
1.812276e-05 
1.812276e-05 
1.812276e-05 
1.812276e-05 
1.812276e-05 
1.812276e-05 
1.812276e-05 
1.812276e-05 
1.812276e-05 
1.812276e-05 
1.812276e-05 
1.812276e-05 
1.812276e-05 
1.812276e-05 
1.812276e-05 
1.812276e-05 
1.812276e-05 
1.812276e-05 
1.812276e-05 
1.812276e-05 
1.812276e-05 
1.812276e-05 
1.812276e-05 
1.812276e-05 
1.812276e-05 
1.812276e-05 
1.812276e-05 
1.812276e-05 
1.812276e-05 
1.812276e-05 
1.812276e-05 
1.812276e-05 
1.812276e-05 
1.812276e-05 
1.812276e-05 
1.812276e-05 
1.817895e-05 
1.835925e-05 
1.855374e-05 
1.876373e-05 
1.899062e-05 
1.923589e-05 
1.950103e-05 
1.978746e-05 
2.009645e-05 
2.042878e-05 
2.078434e-05 
2.116142e-05 
2.155560e-05 
2.195779e-05 
2.235072e-05 
2.270299e-05 
2.295815e-05 
2.301464e-05 
2.268750e-05 
2.163350e-05 
1.920124e-05 
1.413240e-05 
4.017089e-06 
-1.534924e-05 
-4.920033e-05 
-9.916276e-05 
-1.609475e-04 
-2.314169e-04 
-3.119277e-04 
-4.023878e-04 
-4.674312e-04 
-4.675073e-04 
-4.675073e-04 
-4.675073e-04 
-4.675073e-04 
-4.675073e-04 
-4.675073e-04 
-4.675073e-04 
-4.675073e-04 
-4.675073e-04 
-4.675073e-04 
-4.675073e-04 
-4.675073e-04 
-4.675073e-04 
-4.675073e-04 
-4.675073e-04 
-4.675073e-04 
-4.675073e-04 
-4.675073e-04 
-4.675073e-04 
-4.675073e-04 
-4.675073e-04 
-4.675073e-04 
-4.675073e-04 
-4.675073e-04 
-4.675073e-04 
-4.675073e-04 
-4.675073e-04 
-4.675073e-04 
-4.675073e-04 
-4.675073e-04 
-4.675073e-04 
-4.675073e-04 
-4.675073e-04 
-4.675073e-04 
-4.675073e-04 
-4.675073e-04 
-4.675073e-04 
-4.675073e-04 
-4.675073e-04 
-4.675073e-04 
-4.675073e-04 
-4.675073e-04 
-4.675073e-04 
-4.675073e-04 
-4.675073e-04 
-4.675073e-04 
-4.675073e-04 
-4.675073e-04 
-4.675073e-04 
-4.675073e-04 
-4.675073e-04 
-4.675073e-04 
-4.675073e-04 
-4.675073e-04 
-4.675073e-04 
-4.675073e-04 
-4.675073e-04 
-4.675073e-04 
-4.675073e-04 
-4.675073e-04 
-4.675073e-04 
-4.675073e-04 
-4.677229e-04 
-5.167865e-04 
-5.778598e-04 
-6.496583e-04 
-7.346283e-04 
-8.359036e-04 
-9.574730e-04 
-1.104461e-03 
-1.283449e-03 
-1.503018e-03 
-1.775517e-03 
-2.118285e-03 
-2.555663e-03 
-3.122594e-03 
-3.870455e-03 
-4.876767e-03 
-6.261983e-03 
-8.219658e-03 
-1.107313e-02 
-1.538749e-02 
-2.220337e-02 
-3.355289e-02 
-5.364082e-02 
-9.139017e-02 
-1.634083e-01 
-2.837451e-01 
-4.347616e-01 
-5.873917e-01 
-7.292293e-01 
-8.533622e-01 
-9.482604e-01 
-9.542476e-01 
-9.542476e-01 
-9.542476e-01 
-9.542476e-01 
-9.542476e-01 
-9.542476e-01 
-9.542476e-01 
-9.542476e-01 
-9.542476e-01 
-9.542476e-01 
-9.542476e-01 
-9.542476e-01 
-9.542476e-01 
-9.542476e-01 
-9.542476e-01 
-9.542476e-01 
-9.542476e-01 
-9.542476e-01 
-9.542476e-01 
-9.542476e-01 
-9.542476e-01 
-9.542476e-01 
-9.542476e-01 
-9.542476e-01 
-9.542476e-01 
-9.542476e-01 
-9.542476e-01 
-9.542476e-01 
-9.542476e-01 
-9.542476e-01 
-9.542476e-01 
-9.542476e-01 
-9.542476e-01 
-9.542476e-01 
-9.542476e-01 
-9.542476e-01 
-9.542476e-01 
-9.542476e-01 
-9.542476e-01 
-9.542476e-01 
-9.542476e-01 
-9.542476e-01 
-9.542476e-01 
-9.542476e-01 
-9.542476e-01 
-9.542476e-01 
-9.542476e-01 
-9.542476e-01 
-9.542476e-01 
-9.542476e-01 
-9.542476e-01 
-9.542476e-01 
-9.542476e-01 
-9.542476e-01 
-9.542476e-01 
-9.542476e-01 
-9.542476e-01 
-9.542476e-01 
-9.542476e-01 
-9.542476e-01 
-9.542476e-01 
-9.542476e-01 
-9.542476e-01 
-9.542475e-01 
-9.542470e-01 
-9.542463e-01 
-9.542455e-01 
-9.542444e-01 
-9.542428e-01 
-9.542407e-01 
-9.542396e-01 
-9.542389e-01 
-9.542382e-01 
-9.542377e-01 
-9.542372e-01 
-9.542367e-01 
-9.542363e-01 
-9.542360e-01 
-9.542356e-01 
-9.542353e-01 
-9.542350e-01 
-9.542348e-01 
-9.542345e-01 
-9.542343e-01 
-9.542341e-01 
-9.542339e-01 
-9.542338e-01 
-9.542336e-01 
-9.542334e-01 
-9.542333e-01 
-9.542332e-01 
-9.542330e-01 
-9.542329e-01 
-9.542328e-01 
-9.542328e-01 
-9.542328e-01 
-9.542328e-01 
-9.542328e-01 
-9.542328e-01 
-9.542328e-01 
-9.542328e-01 
-9.542328e-01 
-9.542328e-01 
-9.542328e-01 
-9.542328e-01 
-9.542328e-01 
-9.542328e-01 
-9.542328e-01 
-9.542328e-01 
-9.542328e-01 
-9.542328e-01 
-9.542328e-01 
-9.542328e-01 
-9.542328e-01 
-9.542328e-01 
-9.542328e-01 
-9.542328e-01 
-9.542328e-01 
-9.542328e-01 
-9.542328e-01 
-9.542328e-01 
-9.542328e-01 
-9.542328e-01 
-9.542328e-01 
-9.542328e-01 
-9.542328e-01 
-9.542328e-01 
-9.542328e-01 
-9.542328e-01 
-9.542328e-01 
-9.542328e-01 
-9.542328e-01 
-9.542328e-01 
-9.542328e-01 
-9.542328e-01 
-9.542328e-01 
-9.542328e-01 
-9.542328e-01 
-9.542328e-01 
-9.542328e-01 
-9.542328e-01 
-9.542328e-01 
-9.542328e-01 
-9.542328e-01 
-9.542328e-01 
-9.542328e-01 
-9.542328e-01 
-9.542328e-01 
-9.542328e-01 
-9.542328e-01 
-9.542328e-01 
-9.542328e-01 
-9.542328e-01 
-9.542328e-01 
-9.542328e-01 
-9.542328e-01 
-9.516539e-01 
-8.599406e-01 
-7.380992e-01 
-5.963069e-01 
-4.325042e-01 
-2.313711e-01 
-3.606653e-02 
4.650524e-04 
4.533696e-04 
2.513022e-04 
1.559716e-04 
1.040938e-04 
7.317656e-05 
5.353720e-05 
4.045017e-05 
3.139804e-05 
2.494908e-05 
2.024700e-05 
1.675960e-05 
1.414740e-05 
1.219237e-05 
1.075953e-05 
9.780038e-06 
9.268659e-06 
9.780919e-06 
1.431306e-05 
1.606635e-05 
1.709334e-05 
1.771386e-05 
1.803100e-05 
1.802444e-05 
1.812276e-05 
1.812276e-05 
1.812276e-05 
1.812276e-05 
1.812276e-05 
1.812276e-05 
1.812276e-05 
1.812276e-05 
1.812276e-05 
1.812276e-05 
1.812276e-05 
1.812276e-05 
1.812276e-05 
1.812276e-05 
1.812276e-05 
1.812276e-05 
1.812276e-05 
1.812276e-05 
1.812276e-05 
1.812276e-05 
1.812276e-05 
1.812276e-05 
1.812276e-05 
1.812276e-05 
1.812276e-05 
1.812276e-05 
1.812276e-05 
1.812276e-05 
1.812276e-05 
1.812276e-05 
1.812276e-05 
1.812276e-05 
1.812276e-05 
1.812276e-05 
1.812276e-05 
1.812276e-05 
1.812276e-05 
1.812276e-05 
1.812276e-05 
1.812276e-05 
1.812276e-05 
1.812276e-05 
1.812276e-05 
1.812276e-05 
1.812276e-05 
1.812276e-05 
1.812276e-05 
1.812276e-05 
1.812276e-05 
1.812276e-05 
1.812276e-05 
1.812276e-05 
1.812276e-05 
1.812276e-05 
1.812276e-05 
1.812276e-05 
1.812276e-05 
1.812276e-05 
1.812276e-05 
1.812276e-05 
1.812276e-05 
1.812276e-05 
1.812276e-05 
1.819083e-05 
1.837208e-05 
1.856759e-05 
1.877868e-05 
1.900679e-05 
1.925337e-05 
1.951992e-05 
1.980786e-05 
2.011842e-05 
2.045237e-05 
2.080947e-05 
2.118790e-05 
2.158299e-05 
2.198521e-05 
2.237657e-05 
0.000000e+00 
0.000000e+00 
0.000000e+00 
0.000000e+00 
0.000000e+00 
0.000000e+00 
0.000000e+00 
0.000000e+00
#[#TRACE_DATA]
#[#TRACE]
