Running 1 simulations with a radial tolerance of 0.001000
Running simulation 0
design_bus_layout_inputs_icUsed = 2
Number of samples:8000
Number of colors:8
Colors:
1 2 3 4 1 5 1 2 3 6 7 2 8 3 4 2 4 1 5 5 1 6 7 7 1 1 2 2 3 3 4 4 1 1 
0.000000e+00
0.000000e+00
0.000000e+00
0.000000e+00
0.000000e+00
0.000000e+00
0.000000e+00
0.000000e+00
0.000000e+00
0.000000e+00
0.000000e+00
0.000000e+00
0.000000e+00
0.000000e+00
0.000000e+00
0.000000e+00
0.000000e+00
0.000000e+00
0.000000e+00
0.000000e+00
9.999997e-01
0.000000e+00
0.000000e+00
0.000000e+00
0.000000e+00
0.000000e+00
0.000000e+00
0.000000e+00
0.000000e+00
0.000000e+00
0.000000e+00
0.000000e+00
-1.000000e+00
-1.000000e+00
[0, 32]: tmp: -0.000000e+00, [0, 32]: input: -1.000000e+00, sin(0)=0.000000e+00, __sinf(0)=0.000000e+00, cos(pi/4)=7.071068e-01, __cosf(pi/4)=7.071068e-01, sin(pi/5)=5.877853e-01, __sinf(pi/5)=5.877852e-01
[0, 33]: tmp: -0.000000e+00, [0, 33]: input: -1.000000e+00, sin(0)=0.000000e+00, __sinf(0)=0.000000e+00, cos(pi/4)=7.071068e-01, __cosf(pi/4)=7.071068e-01, sin(pi/5)=5.877853e-01, __sinf(pi/5)=5.877852e-01
[0, 32]: tmp: -1.570796e-03, [0, 32]: input: -1.000000e+00, sin(0)=0.000000e+00, __sinf(0)=0.000000e+00, cos(pi/4)=7.071068e-01, __cosf(pi/4)=7.071068e-01, sin(pi/5)=5.877853e-01, __sinf(pi/5)=5.877852e-01
[0, 33]: tmp: -3.141587e-03, [0, 33]: input: -1.000000e+00, sin(0)=0.000000e+00, __sinf(0)=0.000000e+00, cos(pi/4)=7.071068e-01, __cosf(pi/4)=7.071068e-01, sin(pi/5)=5.877853e-01, __sinf(pi/5)=5.877852e-01
[0, 32]: tmp: -3.141587e-03, [0, 32]: input: -1.000000e+00, sin(0)=0.000000e+00, __sinf(0)=0.000000e+00, cos(pi/4)=7.071068e-01, __cosf(pi/4)=7.071068e-01, sin(pi/5)=5.877853e-01, __sinf(pi/5)=5.877852e-01
[0, 33]: tmp: -6.283144e-03, [0, 33]: input: -1.000000e+00, sin(0)=0.000000e+00, __sinf(0)=0.000000e+00, cos(pi/4)=7.071068e-01, __cosf(pi/4)=7.071068e-01, sin(pi/5)=5.877853e-01, __sinf(pi/5)=5.877852e-01
[0, 32]: tmp: -4.712372e-03, [0, 32]: input: -1.000000e+00, sin(0)=0.000000e+00, __sinf(0)=0.000000e+00, cos(pi/4)=7.071068e-01, __cosf(pi/4)=7.071068e-01, sin(pi/5)=5.877853e-01, __sinf(pi/5)=5.877852e-01
[0, 33]: tmp: -9.424638e-03, [0, 33]: input: -1.000000e+00, sin(0)=0.000000e+00, __sinf(0)=0.000000e+00, cos(pi/4)=7.071068e-01, __cosf(pi/4)=7.071068e-01, sin(pi/5)=5.877853e-01, __sinf(pi/5)=5.877852e-01
[0, 32]: tmp: -6.283144e-03, [0, 32]: input: -1.000000e+00, sin(0)=0.000000e+00, __sinf(0)=0.000000e+00, cos(pi/4)=7.071068e-01, __cosf(pi/4)=7.071068e-01, sin(pi/5)=5.877853e-01, __sinf(pi/5)=5.877852e-01
[0, 33]: tmp: -1.256604e-02, [0, 33]: input: -1.000000e+00, sin(0)=0.000000e+00, __sinf(0)=0.000000e+00, cos(pi/4)=7.071068e-01, __cosf(pi/4)=7.071068e-01, sin(pi/5)=5.877853e-01, __sinf(pi/5)=5.877852e-01
	Processing time1: 0.000000 (s)
	Processing time2: 9255862.000000 (ns)

Launch conclusa

Simulation Time: 0 seconds
