#[TRACE]
#data_labels=Output
#[TRACE_DATA]
9.542374e-01 
9.542372e-01 
9.542371e-01 
9.542369e-01 
9.542368e-01 
9.542366e-01 
9.542365e-01 
9.542363e-01 
9.542362e-01 
9.542361e-01 
9.542360e-01 
9.542359e-01 
9.542358e-01 
9.542357e-01 
9.542356e-01 
9.542355e-01 
9.542354e-01 
9.542353e-01 
9.542352e-01 
9.542351e-01 
9.542350e-01 
9.542349e-01 
9.542349e-01 
9.542348e-01 
9.542347e-01 
9.542346e-01 
9.542346e-01 
9.542345e-01 
9.542344e-01 
9.542344e-01 
9.542343e-01 
9.542343e-01 
9.542342e-01 
9.542341e-01 
9.542341e-01 
9.542340e-01 
9.542340e-01 
9.542339e-01 
9.542339e-01 
9.542338e-01 
9.542338e-01 
9.542338e-01 
9.542338e-01 
9.542338e-01 
9.542338e-01 
9.542338e-01 
9.542338e-01 
9.542338e-01 
9.542338e-01 
9.542338e-01 
9.542338e-01 
9.542338e-01 
9.542338e-01 
9.542338e-01 
9.542338e-01 
9.542338e-01 
9.542338e-01 
9.542338e-01 
9.542338e-01 
9.542338e-01 
9.542338e-01 
9.542338e-01 
9.542338e-01 
9.542338e-01 
9.542338e-01 
9.542338e-01 
9.542338e-01 
9.542338e-01 
9.542338e-01 
9.542338e-01 
9.542338e-01 
9.542338e-01 
9.542338e-01 
9.542338e-01 
9.542338e-01 
9.542338e-01 
9.542338e-01 
9.542338e-01 
9.542338e-01 
9.542338e-01 
9.542338e-01 
9.542338e-01 
9.542338e-01 
9.542338e-01 
9.542338e-01 
9.542338e-01 
9.542338e-01 
9.542338e-01 
9.542338e-01 
9.542338e-01 
9.542338e-01 
9.542338e-01 
9.542338e-01 
9.542338e-01 
9.542338e-01 
9.542338e-01 
9.542338e-01 
9.542338e-01 
9.542338e-01 
9.542338e-01 
9.542338e-01 
9.542338e-01 
9.542338e-01 
9.542338e-01 
9.542338e-01 
9.542338e-01 
9.542338e-01 
9.542338e-01 
9.542338e-01 
9.542338e-01 
9.542338e-01 
9.542338e-01 
9.542338e-01 
9.542338e-01 
9.542338e-01 
9.542338e-01 
9.542338e-01 
9.542338e-01 
9.542338e-01 
9.542338e-01 
9.542338e-01 
9.542338e-01 
9.542338e-01 
9.542338e-01 
9.542338e-01 
9.542338e-01 
9.542338e-01 
9.542338e-01 
9.542338e-01 
9.542338e-01 
9.542338e-01 
9.542338e-01 
9.542338e-01 
9.542338e-01 
9.542338e-01 
9.542338e-01 
9.542338e-01 
9.542338e-01 
9.542338e-01 
9.542338e-01 
9.542338e-01 
9.542338e-01 
9.542338e-01 
9.542338e-01 
9.542338e-01 
9.542338e-01 
9.542338e-01 
9.542338e-01 
9.542338e-01 
9.542338e-01 
9.542338e-01 
9.542338e-01 
9.542338e-01 
9.542338e-01 
9.542338e-01 
9.542338e-01 
9.542338e-01 
9.542338e-01 
9.542338e-01 
9.542338e-01 
9.542338e-01 
9.542338e-01 
9.542338e-01 
9.542338e-01 
9.542338e-01 
9.542338e-01 
9.542338e-01 
9.542338e-01 
9.542338e-01 
9.542338e-01 
9.542338e-01 
9.542338e-01 
9.542338e-01 
9.542338e-01 
9.542338e-01 
9.542338e-01 
9.542338e-01 
9.542338e-01 
9.542338e-01 
9.542338e-01 
9.542338e-01 
9.542338e-01 
9.542338e-01 
9.542338e-01 
9.542338e-01 
9.542338e-01 
9.542338e-01 
9.542338e-01 
9.542338e-01 
9.542338e-01 
9.542338e-01 
9.542338e-01 
9.542338e-01 
9.542338e-01 
9.542338e-01 
9.542338e-01 
9.542338e-01 
9.542338e-01 
9.542338e-01 
9.542338e-01 
9.542338e-01 
9.542338e-01 
9.542338e-01 
9.542338e-01 
9.542338e-01 
9.542338e-01 
9.542338e-01 
9.542338e-01 
9.542338e-01 
9.542338e-01 
9.483859e-01 
9.174322e-01 
8.809687e-01 
8.399211e-01 
7.950567e-01 
7.469442e-01 
6.959026e-01 
6.420025e-01 
5.850067e-01 
5.243286e-01 
4.586327e-01 
3.856233e-01 
3.001448e-01 
1.873325e-01 
2.898465e-02 
5.486306e-03 
2.107143e-03 
1.251071e-03 
8.509955e-04 
6.156631e-04 
4.643311e-04 
3.610472e-04 
2.874237e-04 
2.330904e-04 
1.925812e-04 
1.604484e-04 
1.358735e-04 
1.155790e-04 
1.002502e-04 
8.662763e-05 
7.538912e-05 
6.603483e-05 
5.818092e-05 
5.278207e-05 
4.694387e-05 
4.192779e-05 
3.760637e-05 
3.386288e-05 
3.060344e-05 
2.775199e-05 
2.524648e-05 
2.303589e-05 
2.107803e-05 
1.933775e-05 
1.751745e-05 
1.615836e-05 
1.493800e-05 
1.383901e-05 
1.284669e-05 
1.194842e-05 
1.113334e-05 
1.039208e-05 
9.704460e-06 
9.089029e-06 
8.525734e-06 
8.009141e-06 
7.534480e-06 
7.097482e-06 
6.692818e-06 
6.315566e-06 
5.953659e-06 
5.574820e-06 
5.059954e-06 
4.217502e-06 
3.141343e-06 
2.074078e-06 
1.116314e-06 
2.448434e-07 
-5.024472e-07 
-1.135125e-06 
-1.720466e-06 
-2.149012e-06 
-2.451797e-06 
-2.833116e-06 
-2.948134e-06 
-3.227091e-06 
-3.447383e-06 
-3.600691e-06 
-3.715094e-06 
-3.805567e-06 
-3.851201e-06 
-3.947431e-06 
-3.955663e-06 
-3.963602e-06 
-3.967703e-06 
-3.969165e-06 
-3.967576e-06 
-3.967374e-06 
-3.967359e-06 
-3.967358e-06 
-3.967358e-06 
-3.967358e-06 
-3.967358e-06 
-3.967358e-06 
-3.967358e-06 
-3.967358e-06 
-3.967358e-06 
-3.967358e-06 
-3.967358e-06 
-3.967358e-06 
-3.967358e-06 
-3.967358e-06 
-3.967358e-06 
-3.967358e-06 
-3.967358e-06 
-3.967358e-06 
-3.967358e-06 
-3.967358e-06 
-3.967358e-06 
-3.967358e-06 
-3.967358e-06 
-3.967358e-06 
-3.967358e-06 
-3.967358e-06 
-3.967358e-06 
-3.967358e-06 
-3.967358e-06 
-3.967358e-06 
-3.967358e-06 
-3.967358e-06 
-3.967358e-06 
-3.967358e-06 
-3.967358e-06 
-3.967358e-06 
-3.967358e-06 
-3.967358e-06 
-3.967358e-06 
-3.967358e-06 
-3.967358e-06 
-3.967358e-06 
-3.967358e-06 
-3.967358e-06 
-3.967358e-06 
-3.967358e-06 
-3.967358e-06 
-3.967358e-06 
-3.967358e-06 
-3.967358e-06 
-3.967358e-06 
-3.967358e-06 
-3.967358e-06 
-3.967358e-06 
-3.967358e-06 
-3.967358e-06 
-3.967358e-06 
-3.967358e-06 
-3.967358e-06 
-3.967358e-06 
-3.967358e-06 
-3.967358e-06 
-3.967358e-06 
-3.967358e-06 
-3.967358e-06 
-3.967358e-06 
-3.967358e-06 
-3.967358e-06 
-3.967358e-06 
-3.967358e-06 
-3.967358e-06 
-3.967358e-06 
-3.967358e-06 
-3.967358e-06 
-3.967358e-06 
-3.967358e-06 
-3.967358e-06 
-3.967358e-06 
-3.967358e-06 
-3.967358e-06 
-3.967358e-06 
-3.967358e-06 
-3.967358e-06 
-3.967358e-06 
-3.967358e-06 
-3.967358e-06 
-3.967358e-06 
-3.967358e-06 
-3.967358e-06 
-3.967358e-06 
-3.967358e-06 
-3.967358e-06 
-3.967358e-06 
-3.967358e-06 
-3.967358e-06 
-3.967358e-06 
-3.967358e-06 
-3.967358e-06 
-3.967358e-06 
-3.967358e-06 
-3.967358e-06 
-3.967358e-06 
-3.967358e-06 
-3.967358e-06 
-3.967358e-06 
-3.967358e-06 
-3.967358e-06 
-3.967358e-06 
-3.967358e-06 
-3.967358e-06 
-3.967358e-06 
-3.967358e-06 
-3.967358e-06 
-3.967358e-06 
-3.967358e-06 
-3.967358e-06 
-3.967358e-06 
-3.967358e-06 
-3.967358e-06 
-3.967358e-06 
-3.967358e-06 
-3.967358e-06 
-3.967358e-06 
-3.967358e-06 
-3.967358e-06 
-3.967358e-06 
-3.967358e-06 
-3.967358e-06 
-3.967358e-06 
-3.967358e-06 
-3.967358e-06 
-3.967358e-06 
-3.967358e-06 
-3.967358e-06 
-3.967358e-06 
-3.967358e-06 
-3.967358e-06 
-3.967358e-06 
-3.967358e-06 
-3.967358e-06 
-3.967358e-06 
-3.967358e-06 
-3.967358e-06 
-3.967358e-06 
-3.967358e-06 
-3.967358e-06 
-3.967358e-06 
-3.967358e-06 
-3.967358e-06 
-3.967358e-06 
-3.967358e-06 
-3.967358e-06 
-3.967358e-06 
-3.967358e-06 
-3.967358e-06 
-3.967358e-06 
-3.967358e-06 
-3.967358e-06 
-3.967358e-06 
-3.967358e-06 
-3.967358e-06 
-3.967358e-06 
-3.966925e-06 
-3.955306e-06 
-3.904694e-06 
-3.841753e-06 
-3.746187e-06 
-3.672289e-06 
-3.594668e-06 
-3.511981e-06 
-3.423840e-06 
-3.329826e-06 
-3.200529e-06 
-3.091171e-06 
-2.941647e-06 
-2.814302e-06 
-2.655341e-06 
-2.505243e-06 
-2.346366e-06 
-2.175953e-06 
-1.992774e-06 
-1.795685e-06 
-1.583420e-06 
-1.354579e-06 
-1.107605e-06 
-8.412486e-07 
-5.581146e-07 
-2.461877e-07 
3.961807e-08 
3.042594e-07 
5.724188e-07 
9.805999e-07 
1.425871e-06 
1.911400e-06 
2.441603e-06 
3.021469e-06 
3.505227e-06 
4.084496e-06 
4.823806e-06 
5.637380e-06 
6.533971e-06 
7.523801e-06 
8.618539e-06 
9.831527e-06 
1.117802e-05 
1.267546e-05 
1.496063e-05 
1.695354e-05 
1.912458e-05 
2.155692e-05 
2.428561e-05 
2.734982e-05 
3.079299e-05 
3.466261e-05 
4.045165e-05 
4.551691e-05 
5.117732e-05 
5.749242e-05 
6.450795e-05 
7.417527e-05 
8.282844e-05 
9.338660e-05 
1.038842e-04 
1.147429e-04 
1.262465e-04 
1.383801e-04 
1.511242e-04 
1.644737e-04 
1.784432e-04 
1.930560e-04 
2.083162e-04 
2.238873e-04 
2.410955e-04 
2.577736e-04 
2.774420e-04 
2.900347e-04 
3.119642e-04 
3.355605e-04 
3.608803e-04 
3.793044e-04 
4.070206e-04 
4.356574e-04 
4.639096e-04 
4.857502e-04 
4.874828e-04 
4.897653e-04 
4.899018e-04 
4.899101e-04 
4.899106e-04 
4.899106e-04 
4.899106e-04 
4.899106e-04 
4.899106e-04 
4.899106e-04 
4.899106e-04 
4.899106e-04 
4.899106e-04 
4.899106e-04 
4.899106e-04 
4.899106e-04 
4.899106e-04 
4.899106e-04 
4.899106e-04 
4.899106e-04 
4.899106e-04 
4.899106e-04 
4.899106e-04 
4.899106e-04 
4.899106e-04 
4.899106e-04 
4.899106e-04 
4.899106e-04 
4.899106e-04 
4.899106e-04 
4.899106e-04 
4.899106e-04 
4.899106e-04 
4.899106e-04 
4.899106e-04 
4.899106e-04 
4.899106e-04 
4.899106e-04 
4.899106e-04 
4.899106e-04 
4.899106e-04 
4.899106e-04 
4.899106e-04 
4.899106e-04 
4.899106e-04 
4.899106e-04 
4.899106e-04 
4.899106e-04 
4.899106e-04 
4.899106e-04 
4.899106e-04 
4.899106e-04 
4.899106e-04 
4.899106e-04 
4.899106e-04 
4.899106e-04 
4.899106e-04 
4.899106e-04 
4.899106e-04 
4.899106e-04 
4.899106e-04 
4.899106e-04 
4.899106e-04 
4.899106e-04 
4.899106e-04 
4.899106e-04 
4.899106e-04 
4.899106e-04 
4.899106e-04 
4.899106e-04 
4.899106e-04 
4.899106e-04 
4.899106e-04 
4.899106e-04 
4.899106e-04 
4.899106e-04 
4.899106e-04 
4.899106e-04 
4.899106e-04 
4.899106e-04 
4.899106e-04 
4.899106e-04 
4.899106e-04 
4.899106e-04 
4.899106e-04 
4.899106e-04 
4.899106e-04 
4.899106e-04 
4.899106e-04 
4.899106e-04 
4.899106e-04 
4.899106e-04 
4.899106e-04 
4.899106e-04 
4.899106e-04 
4.899106e-04 
4.899106e-04 
4.899106e-04 
4.899106e-04 
4.899106e-04 
4.899106e-04 
4.899106e-04 
4.899106e-04 
4.899106e-04 
4.899106e-04 
4.899106e-04 
4.899106e-04 
4.899106e-04 
4.899106e-04 
4.899106e-04 
4.899106e-04 
4.899106e-04 
4.899106e-04 
4.899106e-04 
4.899106e-04 
4.899106e-04 
4.899106e-04 
4.899106e-04 
4.899106e-04 
4.899106e-04 
4.899106e-04 
4.899106e-04 
4.899106e-04 
4.899106e-04 
4.899106e-04 
4.899106e-04 
4.899106e-04 
4.899106e-04 
4.899106e-04 
4.899106e-04 
4.899106e-04 
4.899106e-04 
4.899106e-04 
4.899106e-04 
4.899106e-04 
4.899106e-04 
4.899106e-04 
4.899106e-04 
4.899106e-04 
4.899106e-04 
4.899106e-04 
4.899106e-04 
4.899106e-04 
4.899106e-04 
4.899106e-04 
4.899106e-04 
4.899106e-04 
4.899106e-04 
4.899106e-04 
4.899106e-04 
4.899106e-04 
4.899106e-04 
4.899106e-04 
4.899106e-04 
4.899106e-04 
4.899106e-04 
4.899106e-04 
4.899106e-04 
4.899106e-04 
4.899106e-04 
4.899106e-04 
4.899106e-04 
4.899106e-04 
4.899106e-04 
4.899106e-04 
4.899106e-04 
4.899106e-04 
4.899106e-04 
4.933796e-04 
5.105952e-04 
5.311228e-04 
5.528587e-04 
5.792352e-04 
6.038921e-04 
6.300672e-04 
6.578796e-04 
6.874588e-04 
7.194495e-04 
7.530516e-04 
7.890054e-04 
8.272938e-04 
8.682817e-04 
9.121069e-04 
9.590625e-04 
1.009433e-03 
1.063533e-03 
1.121700e-03 
1.184279e-03 
1.251641e-03 
1.324259e-03 
1.402664e-03 
1.487446e-03 
1.579278e-03 
1.678858e-03 
1.786832e-03 
1.904786e-03 
2.030528e-03 
2.170811e-03 
2.324438e-03 
2.493019e-03 
2.678407e-03 
2.846365e-03 
3.067816e-03 
3.313124e-03 
3.585352e-03 
3.888263e-03 
4.226264e-03 
4.604539e-03 
5.029207e-03 
5.507527e-03 
6.048152e-03 
6.661447e-03 
7.359893e-03 
8.158606e-03 
9.260493e-03 
1.034964e-02 
1.161371e-02 
1.308922e-02 
1.482153e-02 
1.686794e-02 
1.930149e-02 
2.221600e-02 
2.597136e-02 
3.031784e-02 
3.579266e-02 
4.246046e-02 
5.090386e-02 
6.156227e-02 
7.508371e-02 
9.233971e-02 
1.143439e-01 
1.421113e-01 
1.763928e-01 
2.173158e-01 
2.641596e-01 
3.155805e-01 
3.698910e-01 
4.257187e-01 
4.820148e-01 
5.378136e-01 
5.927467e-01 
6.462801e-01 
6.982380e-01 
7.481736e-01 
7.956798e-01 
8.402197e-01 
8.810991e-01 
9.174861e-01 
9.484046e-01 
9.542483e-01 
9.542484e-01 
9.542484e-01 
9.542484e-01 
9.542484e-01 
9.542484e-01 
9.542484e-01 
9.542484e-01 
9.542484e-01 
9.542484e-01 
9.542484e-01 
9.542484e-01 
9.542484e-01 
9.542484e-01 
9.542484e-01 
9.542484e-01 
9.542484e-01 
9.542484e-01 
9.542484e-01 
9.542484e-01 
9.542484e-01 
9.542484e-01 
9.542484e-01 
9.542484e-01 
9.542484e-01 
9.542484e-01 
9.542484e-01 
9.542484e-01 
9.542484e-01 
9.542484e-01 
9.542484e-01 
9.542484e-01 
9.542484e-01 
9.542484e-01 
9.542484e-01 
9.542484e-01 
9.542484e-01 
9.542484e-01 
9.542484e-01 
9.542484e-01 
9.542484e-01 
9.542484e-01 
9.542484e-01 
9.542484e-01 
9.542484e-01 
9.542484e-01 
9.542484e-01 
9.542484e-01 
9.542484e-01 
9.542484e-01 
9.542484e-01 
9.542484e-01 
9.542484e-01 
9.542484e-01 
9.542484e-01 
9.542484e-01 
9.542484e-01 
9.542484e-01 
9.542484e-01 
9.542484e-01 
9.542484e-01 
9.542484e-01 
9.542484e-01 
9.542484e-01 
9.542484e-01 
9.542484e-01 
9.542484e-01 
9.542484e-01 
9.542484e-01 
9.542484e-01 
9.542484e-01 
9.542484e-01 
9.542484e-01 
9.542484e-01 
9.542484e-01 
9.542484e-01 
9.542484e-01 
9.542484e-01 
9.542484e-01 
9.542484e-01 
9.542484e-01 
9.542484e-01 
9.542484e-01 
9.542484e-01 
9.542484e-01 
9.542484e-01 
9.542484e-01 
9.542484e-01 
9.542484e-01 
9.542484e-01 
9.542484e-01 
9.542484e-01 
9.542484e-01 
9.542484e-01 
9.542484e-01 
9.542484e-01 
9.542484e-01 
9.542484e-01 
9.542484e-01 
9.542484e-01 
9.542484e-01 
9.542484e-01 
9.542484e-01 
9.542484e-01 
9.542484e-01 
9.542484e-01 
9.542484e-01 
9.542484e-01 
9.542484e-01 
9.542484e-01 
9.542484e-01 
9.542484e-01 
9.542484e-01 
9.542484e-01 
9.542484e-01 
9.542484e-01 
9.542484e-01 
9.542484e-01 
9.542484e-01 
9.542484e-01 
9.542484e-01 
9.542484e-01 
9.542484e-01 
9.542484e-01 
9.542484e-01 
9.542484e-01 
9.542484e-01 
9.542484e-01 
9.542484e-01 
9.542484e-01 
9.542484e-01 
9.542484e-01 
9.542484e-01 
9.542484e-01 
9.542484e-01 
9.542484e-01 
9.542484e-01 
9.542484e-01 
9.542484e-01 
9.542484e-01 
9.542484e-01 
9.542484e-01 
9.542484e-01 
9.542484e-01 
9.542484e-01 
9.542484e-01 
9.542484e-01 
9.542484e-01 
9.542484e-01 
9.542484e-01 
9.542484e-01 
9.542484e-01 
9.542484e-01 
9.542484e-01 
9.542484e-01 
9.542484e-01 
9.542484e-01 
9.542484e-01 
9.542484e-01 
9.542484e-01 
9.542484e-01 
9.542484e-01 
9.542484e-01 
9.542484e-01 
9.542484e-01 
9.542484e-01 
9.542484e-01 
9.542484e-01 
9.542484e-01 
9.542483e-01 
9.542482e-01 
9.542481e-01 
9.542479e-01 
9.542477e-01 
9.542475e-01 
9.542473e-01 
9.542471e-01 
9.542469e-01 
9.542466e-01 
9.542464e-01 
9.542461e-01 
9.542458e-01 
9.542455e-01 
9.542452e-01 
9.542448e-01 
9.542445e-01 
9.542441e-01 
9.542437e-01 
9.542433e-01 
9.542429e-01 
9.542425e-01 
9.542421e-01 
9.542418e-01 
9.542414e-01 
9.542411e-01 
9.542407e-01 
9.542404e-01 
9.542401e-01 
9.542398e-01 
9.542395e-01 
9.542393e-01 
9.542390e-01 
9.542388e-01 
9.542386e-01 
9.542384e-01 
9.542382e-01 
9.542380e-01 
9.542378e-01 
9.542376e-01 
9.542374e-01 
9.542372e-01 
9.542371e-01 
9.542369e-01 
9.542368e-01 
9.542366e-01 
9.542365e-01 
9.542364e-01 
9.542363e-01 
9.542361e-01 
9.542360e-01 
9.542359e-01 
9.542358e-01 
9.542357e-01 
9.542356e-01 
9.542355e-01 
9.542354e-01 
9.542353e-01 
9.542352e-01 
9.542351e-01 
9.542350e-01 
9.542349e-01 
9.542349e-01 
9.542348e-01 
9.542347e-01 
9.542346e-01 
9.542346e-01 
9.542345e-01 
9.542344e-01 
9.542344e-01 
9.542343e-01 
9.542343e-01 
9.542342e-01 
9.542341e-01 
9.542341e-01 
9.542340e-01 
9.542340e-01 
9.542339e-01 
9.542339e-01 
9.542338e-01 
9.542338e-01 
9.542338e-01 
9.542338e-01 
9.542338e-01 
9.542338e-01 
9.542338e-01 
9.542338e-01 
9.542338e-01 
9.542338e-01 
9.542338e-01 
9.542338e-01 
9.542338e-01 
9.542338e-01 
9.542338e-01 
9.542338e-01 
9.542338e-01 
9.542338e-01 
9.542338e-01 
9.542338e-01 
9.542338e-01 
9.542338e-01 
9.542338e-01 
9.542338e-01 
9.542338e-01 
9.542338e-01 
9.542338e-01 
9.542338e-01 
9.542338e-01 
9.542338e-01 
9.542338e-01 
9.542338e-01 
9.542338e-01 
9.542338e-01 
9.542338e-01 
9.542338e-01 
9.542338e-01 
9.542338e-01 
9.542338e-01 
9.542338e-01 
9.542338e-01 
9.542338e-01 
9.542338e-01 
9.542338e-01 
9.542338e-01 
9.542338e-01 
9.542338e-01 
9.542338e-01 
9.542338e-01 
9.542338e-01 
9.542338e-01 
9.542338e-01 
9.542338e-01 
9.542338e-01 
9.542338e-01 
9.542338e-01 
9.542338e-01 
9.542338e-01 
9.542338e-01 
9.542338e-01 
9.542338e-01 
9.542338e-01 
9.542338e-01 
9.542338e-01 
9.542338e-01 
9.542338e-01 
9.542338e-01 
9.542338e-01 
9.542338e-01 
9.542338e-01 
9.542338e-01 
9.542338e-01 
9.542338e-01 
9.542338e-01 
9.542338e-01 
9.542338e-01 
9.542338e-01 
9.542338e-01 
9.542338e-01 
9.542338e-01 
9.542338e-01 
9.542338e-01 
9.542338e-01 
9.542338e-01 
9.542338e-01 
9.542338e-01 
9.542338e-01 
9.542338e-01 
9.542338e-01 
9.542338e-01 
9.542338e-01 
9.542338e-01 
9.542338e-01 
9.542338e-01 
9.542338e-01 
9.542338e-01 
9.542338e-01 
9.542338e-01 
9.542338e-01 
9.542338e-01 
9.542338e-01 
9.542338e-01 
9.542338e-01 
9.542338e-01 
9.542338e-01 
9.542338e-01 
9.542338e-01 
9.542338e-01 
9.542338e-01 
9.542338e-01 
9.542338e-01 
9.542338e-01 
9.542338e-01 
9.542338e-01 
9.542338e-01 
9.542338e-01 
9.542338e-01 
9.542338e-01 
9.542338e-01 
9.542338e-01 
9.542338e-01 
9.542338e-01 
9.542338e-01 
9.542338e-01 
9.542338e-01 
9.542338e-01 
9.542338e-01 
9.542338e-01 
9.542338e-01 
9.542338e-01 
9.542338e-01 
9.542338e-01 
9.542338e-01 
9.542338e-01 
9.542338e-01 
9.542338e-01 
9.542338e-01 
9.542338e-01 
9.542338e-01 
9.542338e-01 
9.542338e-01 
9.542338e-01 
9.542338e-01 
9.542338e-01 
9.542338e-01 
9.542338e-01 
9.542338e-01 
9.542338e-01 
9.542338e-01 
9.542338e-01 
9.542338e-01 
9.542338e-01 
9.542338e-01 
9.542338e-01 
9.542338e-01 
9.542338e-01 
9.542338e-01 
9.542338e-01 
9.542338e-01 
9.542338e-01 
9.542338e-01 
9.542338e-01 
9.542338e-01 
9.542338e-01 
9.542338e-01 
9.542338e-01 
9.542338e-01 
9.542338e-01 
9.542338e-01 
9.542338e-01 
9.542338e-01 
9.483859e-01 
9.174322e-01 
8.809687e-01 
8.399211e-01 
7.950629e-01 
7.469653e-01 
6.959752e-01 
6.422109e-01 
5.851363e-01 
5.247252e-01 
4.591779e-01 
3.862279e-01 
3.018322e-01 
1.900416e-01 
2.907118e-02 
7.796552e-03 
2.259446e-03 
1.253792e-03 
8.517279e-04 
6.164570e-04 
4.649673e-04 
3.614981e-04 
2.877539e-04 
2.337125e-04 
1.927809e-04 
1.615332e-04 
1.359999e-04 
1.156757e-04 
1.003286e-04 
8.669182e-05 
7.544201e-05 
6.607892e-05 
5.821809e-05 
5.281497e-05 
4.697256e-05 
4.195265e-05 
3.762809e-05 
3.388205e-05 
3.062051e-05 
2.776732e-05 
2.526038e-05 
2.304861e-05 
2.108976e-05 
1.934869e-05 
1.779594e-05 
1.640675e-05 
1.516015e-05 
1.403835e-05 
1.302614e-05 
1.195732e-05 
1.114222e-05 
1.040115e-05 
9.725882e-06 
9.109361e-06 
8.545438e-06 
8.021904e-06 
7.549094e-06 
7.116022e-06 
6.718707e-06 
6.355295e-06 
6.028764e-06 
5.758355e-06 
5.702475e-06 
6.035291e-06 
6.613272e-06 
7.187875e-06 
7.679882e-06 
8.114051e-06 
8.454944e-06 
8.709147e-06 
8.937931e-06 
9.035485e-06 
9.029000e-06 
9.116709e-06 
8.961747e-06 
8.981356e-06 
8.957686e-06 
8.913586e-06 
8.810130e-06 
8.694711e-06 
8.546474e-06 
8.578056e-06 
8.580453e-06 
8.587787e-06 
8.591729e-06 
8.593135e-06 
8.591579e-06 
8.591382e-06 
8.591368e-06 
8.591367e-06 
8.591367e-06 
8.591367e-06 
8.591367e-06 
8.591367e-06 
8.591367e-06 
8.591367e-06 
8.591367e-06 
8.591367e-06 
8.591367e-06 
8.591367e-06 
8.591367e-06 
8.591367e-06 
8.591367e-06 
8.591367e-06 
8.591367e-06 
8.591367e-06 
8.591367e-06 
8.591367e-06 
8.591367e-06 
8.591367e-06 
8.591367e-06 
8.591367e-06 
8.591367e-06 
8.591367e-06 
8.591367e-06 
8.591367e-06 
8.591367e-06 
8.591367e-06 
8.591367e-06 
8.591367e-06 
8.591367e-06 
8.591367e-06 
8.591367e-06 
8.591367e-06 
8.591367e-06 
8.591367e-06 
8.591367e-06 
8.591367e-06 
8.591367e-06 
8.591367e-06 
8.591367e-06 
8.591367e-06 
8.591367e-06 
8.591367e-06 
8.591367e-06 
8.591367e-06 
8.591367e-06 
8.591367e-06 
8.591367e-06 
8.591367e-06 
8.591367e-06 
8.591367e-06 
8.591367e-06 
8.591367e-06 
8.591367e-06 
8.591367e-06 
8.591367e-06 
8.591367e-06 
8.591367e-06 
8.591367e-06 
8.591367e-06 
8.591367e-06 
8.591367e-06 
8.591367e-06 
8.591367e-06 
8.591367e-06 
8.591367e-06 
8.591367e-06 
8.591367e-06 
8.591367e-06 
8.591367e-06 
8.591367e-06 
8.591367e-06 
8.591367e-06 
8.591367e-06 
8.591367e-06 
8.591367e-06 
8.591367e-06 
8.591367e-06 
8.591367e-06 
8.591367e-06 
8.591367e-06 
8.591367e-06 
8.591367e-06 
8.591367e-06 
8.591367e-06 
8.591367e-06 
8.591367e-06 
8.591367e-06 
8.591367e-06 
8.591367e-06 
8.591367e-06 
8.591367e-06 
8.591367e-06 
8.591367e-06 
8.591367e-06 
8.591367e-06 
8.591367e-06 
8.591367e-06 
8.591367e-06 
8.591367e-06 
8.591367e-06 
8.591367e-06 
8.591367e-06 
8.591367e-06 
8.591367e-06 
8.591367e-06 
8.591367e-06 
8.591367e-06 
8.591367e-06 
8.591367e-06 
8.591367e-06 
8.591367e-06 
8.591367e-06 
8.591367e-06 
8.591367e-06 
8.591367e-06 
8.591367e-06 
8.591367e-06 
8.591367e-06 
8.591367e-06 
8.591367e-06 
8.591367e-06 
8.591367e-06 
8.591367e-06 
8.591367e-06 
8.591367e-06 
8.591367e-06 
8.591367e-06 
8.591367e-06 
8.591367e-06 
8.591367e-06 
8.591367e-06 
8.591367e-06 
8.591367e-06 
8.591367e-06 
8.591367e-06 
8.591367e-06 
8.591367e-06 
8.591367e-06 
8.591367e-06 
8.591367e-06 
8.591367e-06 
8.591367e-06 
8.591367e-06 
8.591367e-06 
8.591367e-06 
8.591367e-06 
8.591367e-06 
8.591367e-06 
8.591367e-06 
8.591367e-06 
8.591367e-06 
8.591367e-06 
8.591367e-06 
8.591367e-06 
8.591367e-06 
8.591367e-06 
8.591367e-06 
8.591367e-06 
8.593509e-06 
8.614937e-06 
8.679032e-06 
8.745674e-06 
8.830810e-06 
8.901626e-06 
8.974571e-06 
9.049605e-06 
9.161907e-06 
9.242363e-06 
9.338175e-06 
9.424726e-06 
9.512705e-06 
9.603232e-06 
9.696378e-06 
9.792213e-06 
9.890804e-06 
9.992216e-06 
1.009651e-05 
1.020374e-05 
1.031395e-05 
1.042719e-05 
1.054349e-05 
1.066367e-05 
1.078526e-05 
1.089431e-05 
1.102303e-05 
1.109284e-05 
1.122591e-05 
1.136158e-05 
1.149979e-05 
1.164031e-05 
1.178277e-05 
1.189631e-05 
1.204373e-05 
1.219002e-05 
1.233602e-05 
1.248076e-05 
1.262297e-05 
1.276107e-05 
1.289312e-05 
1.301669e-05 
1.312878e-05 
1.322566e-05 
1.330274e-05 
1.335427e-05 
1.337312e-05 
1.335039e-05 
1.327495e-05 
1.303399e-05 
1.273487e-05 
1.234995e-05 
1.181718e-05 
1.109701e-05 
1.013918e-05 
8.537191e-06 
6.749953e-06 
3.614830e-06 
4.344489e-07 
-4.447044e-06 
-1.057740e-05 
-1.781116e-05 
-2.666634e-05 
-3.749928e-05 
-5.048759e-05 
-6.563848e-05 
-8.277976e-05 
-1.013198e-04 
-1.212577e-04 
-1.415874e-04 
-1.655172e-04 
-1.856699e-04 
-2.122034e-04 
-2.300134e-04 
-2.584569e-04 
-2.885111e-04 
-3.201748e-04 
-3.533734e-04 
-3.877346e-04 
-4.118241e-04 
-4.458422e-04 
-4.722400e-04 
-4.742953e-04 
-4.770177e-04 
-4.772460e-04 
-4.772496e-04 
-4.772496e-04 
-4.772496e-04 
-4.772496e-04 
-4.772496e-04 
-4.772496e-04 
-4.772496e-04 
-4.772496e-04 
-4.772496e-04 
-4.772496e-04 
-4.772496e-04 
-4.772496e-04 
-4.772496e-04 
-4.772496e-04 
-4.772496e-04 
-4.772496e-04 
-4.772496e-04 
-4.772496e-04 
-4.772496e-04 
-4.772496e-04 
-4.772496e-04 
-4.772496e-04 
-4.772496e-04 
-4.772496e-04 
-4.772496e-04 
-4.772496e-04 
-4.772496e-04 
-4.772496e-04 
-4.772496e-04 
-4.772496e-04 
-4.772496e-04 
-4.772496e-04 
-4.772496e-04 
-4.772496e-04 
-4.772496e-04 
-4.772496e-04 
-4.772496e-04 
-4.772496e-04 
-4.772496e-04 
-4.772496e-04 
-4.772496e-04 
-4.772496e-04 
-4.772496e-04 
-4.772496e-04 
-4.772496e-04 
-4.772496e-04 
-4.772496e-04 
-4.772496e-04 
-4.772496e-04 
-4.772496e-04 
-4.772496e-04 
-4.772496e-04 
-4.772496e-04 
-4.772496e-04 
-4.772496e-04 
-4.772496e-04 
-4.772496e-04 
-4.772496e-04 
-4.772496e-04 
-4.772496e-04 
-4.772496e-04 
-4.772496e-04 
-4.772496e-04 
-4.772496e-04 
-4.772496e-04 
-4.772496e-04 
-4.772496e-04 
-4.772496e-04 
-4.772496e-04 
-4.772496e-04 
-4.772496e-04 
-4.772496e-04 
-4.772496e-04 
-4.772496e-04 
-4.772496e-04 
-4.772496e-04 
-4.772496e-04 
-4.772496e-04 
-4.772496e-04 
-4.772496e-04 
-4.772496e-04 
-4.772496e-04 
-4.772496e-04 
-4.772496e-04 
-4.772496e-04 
-4.772496e-04 
-4.772496e-04 
-4.772496e-04 
-4.772496e-04 
-4.772496e-04 
-4.772496e-04 
-4.772496e-04 
-4.772496e-04 
-4.772496e-04 
-4.772496e-04 
-4.772496e-04 
-4.772496e-04 
-4.772496e-04 
-4.772496e-04 
-4.772496e-04 
-4.772496e-04 
-4.772496e-04 
-4.772496e-04 
-4.772496e-04 
-4.772496e-04 
-4.772496e-04 
-4.772496e-04 
-4.772496e-04 
-4.772496e-04 
-4.772496e-04 
-4.772496e-04 
-4.772496e-04 
-4.772496e-04 
-4.772496e-04 
-4.772496e-04 
-4.772496e-04 
-4.772496e-04 
-4.772496e-04 
-4.772496e-04 
-4.772496e-04 
-4.772496e-04 
-4.772496e-04 
-4.772496e-04 
-4.772496e-04 
-4.772496e-04 
-4.772496e-04 
-4.772496e-04 
-4.772496e-04 
-4.772496e-04 
-4.772496e-04 
-4.772496e-04 
-4.772496e-04 
-4.772496e-04 
-4.772496e-04 
-4.772496e-04 
-4.772496e-04 
-4.772496e-04 
-4.772496e-04 
-4.772496e-04 
-4.772496e-04 
-4.772496e-04 
-4.772496e-04 
-4.772496e-04 
-4.772496e-04 
-4.772496e-04 
-4.772496e-04 
-4.772496e-04 
-4.772496e-04 
-4.772496e-04 
-4.772496e-04 
-4.772496e-04 
-4.772496e-04 
-4.772496e-04 
-4.772496e-04 
-4.772496e-04 
-4.772496e-04 
-4.772496e-04 
-4.772496e-04 
-4.772496e-04 
-4.772496e-04 
-4.772496e-04 
-4.772496e-04 
-4.772496e-04 
-4.772496e-04 
-4.772496e-04 
-4.806310e-04 
-4.974205e-04 
-5.203423e-04 
-5.417694e-04 
-5.648103e-04 
-5.889359e-04 
-6.146208e-04 
-6.418548e-04 
-6.708222e-04 
-7.016599e-04 
-7.345331e-04 
-7.695989e-04 
-8.070467e-04 
-8.470817e-04 
-8.899303e-04 
-9.358597e-04 
-9.851713e-04 
-1.038069e-03 
-1.094923e-03 
-1.156089e-03 
-1.221948e-03 
-1.292967e-03 
-1.369675e-03 
-1.452642e-03 
-1.542487e-03 
-1.639736e-03 
-1.745814e-03 
-1.858605e-03 
-1.984346e-03 
-2.121805e-03 
-2.272367e-03 
-2.437625e-03 
-2.619406e-03 
-2.784078e-03 
-3.001343e-03 
-3.242057e-03 
-3.509263e-03 
-3.806675e-03 
-4.138643e-03 
-4.510284e-03 
-4.927642e-03 
-5.397891e-03 
-5.929584e-03 
-6.532969e-03 
-7.356845e-03 
-8.164399e-03 
-9.092993e-03 
-1.016613e-02 
-1.141263e-02 
-1.286836e-02 
-1.457836e-02 
-1.659955e-02 
-1.915508e-02 
-2.207679e-02 
-2.560876e-02 
-2.991393e-02 
-3.534584e-02 
-4.196383e-02 
-5.035590e-02 
-6.096202e-02 
-7.443311e-02 
-9.164794e-02 
-1.136313e-01 
-1.414106e-01 
-1.757454e-01 
-2.167605e-01 
-2.637184e-01 
-3.152551e-01 
-3.696641e-01 
-4.255686e-01 
-4.819209e-01 
-5.377562e-01 
-5.927134e-01 
-6.462608e-01 
-6.982277e-01 
-7.481683e-01 
-7.956771e-01 
-8.402185e-01 
-8.810985e-01 
-9.174859e-01 
-9.484045e-01 
-9.542483e-01 
-9.542483e-01 
-9.542483e-01 
-9.542483e-01 
-9.542483e-01 
-9.542483e-01 
-9.542483e-01 
-9.542483e-01 
-9.542483e-01 
-9.542483e-01 
-9.542483e-01 
-9.542483e-01 
-9.542483e-01 
-9.542483e-01 
-9.542483e-01 
-9.542483e-01 
-9.542483e-01 
-9.542483e-01 
-9.542483e-01 
-9.542483e-01 
-9.542483e-01 
-9.542483e-01 
-9.542483e-01 
-9.542483e-01 
-9.542483e-01 
-9.542483e-01 
-9.542483e-01 
-9.542483e-01 
-9.542483e-01 
-9.542483e-01 
-9.542483e-01 
-9.542483e-01 
-9.542483e-01 
-9.542483e-01 
-9.542483e-01 
-9.542483e-01 
-9.542483e-01 
-9.542483e-01 
-9.542483e-01 
-9.542483e-01 
-9.542483e-01 
-9.542483e-01 
-9.542483e-01 
-9.542483e-01 
-9.542483e-01 
-9.542483e-01 
-9.542483e-01 
-9.542483e-01 
-9.542483e-01 
-9.542483e-01 
-9.542483e-01 
-9.542483e-01 
-9.542483e-01 
-9.542483e-01 
-9.542483e-01 
-9.542483e-01 
-9.542483e-01 
-9.542483e-01 
-9.542483e-01 
-9.542483e-01 
-9.542483e-01 
-9.542483e-01 
-9.542483e-01 
-9.542483e-01 
-9.542483e-01 
-9.542483e-01 
-9.542483e-01 
-9.542483e-01 
-9.542483e-01 
-9.542483e-01 
-9.542483e-01 
-9.542483e-01 
-9.542483e-01 
-9.542483e-01 
-9.542483e-01 
-9.542483e-01 
-9.542483e-01 
-9.542483e-01 
-9.542483e-01 
-9.542483e-01 
-9.542483e-01 
-9.542483e-01 
-9.542483e-01 
-9.542483e-01 
-9.542483e-01 
-9.542483e-01 
-9.542483e-01 
-9.542483e-01 
-9.542483e-01 
-9.542483e-01 
-9.542483e-01 
-9.542483e-01 
-9.542483e-01 
-9.542483e-01 
-9.542483e-01 
-9.542483e-01 
-9.542483e-01 
-9.542483e-01 
-9.542483e-01 
-9.542483e-01 
-9.542483e-01 
-9.542483e-01 
-9.542483e-01 
-9.542483e-01 
-9.542483e-01 
-9.542483e-01 
-9.542483e-01 
-9.542483e-01 
-9.542483e-01 
-9.542483e-01 
-9.542483e-01 
-9.542483e-01 
-9.542483e-01 
-9.542483e-01 
-9.542483e-01 
-9.542483e-01 
-9.542483e-01 
-9.542483e-01 
-9.542483e-01 
-9.542483e-01 
-9.542483e-01 
-9.542483e-01 
-9.542483e-01 
-9.542483e-01 
-9.542483e-01 
-9.542483e-01 
-9.542483e-01 
-9.542483e-01 
-9.542483e-01 
-9.542483e-01 
-9.542483e-01 
-9.542483e-01 
-9.542483e-01 
-9.542483e-01 
-9.542483e-01 
-9.542483e-01 
-9.542483e-01 
-9.542483e-01 
-9.542483e-01 
-9.542483e-01 
-9.542483e-01 
-9.542483e-01 
-9.542483e-01 
-9.542483e-01 
-9.542483e-01 
-9.542483e-01 
-9.542483e-01 
-9.542483e-01 
-9.542483e-01 
-9.542483e-01 
-9.542483e-01 
-9.542483e-01 
-9.542483e-01 
-9.542483e-01 
-9.542483e-01 
-9.542483e-01 
-9.542483e-01 
-9.542483e-01 
-9.542483e-01 
-9.542483e-01 
-9.542483e-01 
-9.542483e-01 
-9.542483e-01 
-9.542483e-01 
-9.542483e-01 
-9.542483e-01 
-9.542483e-01 
-9.542483e-01 
-9.542483e-01 
-9.542483e-01 
-9.542481e-01 
-9.542480e-01 
-9.542478e-01 
-9.542476e-01 
-9.542473e-01 
-9.542471e-01 
-9.542468e-01 
-9.542465e-01 
-9.542462e-01 
-9.542458e-01 
-9.542453e-01 
-9.542448e-01 
-9.542441e-01 
-9.542429e-01 
-9.542418e-01 
-9.542414e-01 
-9.542410e-01 
-9.542407e-01 
-9.542404e-01 
-9.542401e-01 
-9.542398e-01 
-9.542396e-01 
-9.542393e-01 
-9.542391e-01 
-9.542389e-01 
-9.542387e-01 
-9.542385e-01 
-9.542383e-01 
-9.542381e-01 
-9.542379e-01 
-9.542377e-01 
-9.542376e-01 
-9.542374e-01 
-9.542373e-01 
-9.542371e-01 
-9.542370e-01 
-9.542368e-01 
-9.542367e-01 
-9.542366e-01 
-9.542364e-01 
-9.542363e-01 
-9.542362e-01 
-9.542361e-01 
-9.542360e-01 
-9.542359e-01 
-9.542358e-01 
-9.542357e-01 
-9.542356e-01 
-9.542355e-01 
-9.542354e-01 
-9.542353e-01 
-9.542352e-01 
-9.542351e-01 
-9.542350e-01 
-9.542350e-01 
-9.542349e-01 
-9.542348e-01 
-9.542347e-01 
-9.542347e-01 
-9.542346e-01 
-9.542345e-01 
-9.542345e-01 
-9.542344e-01 
-9.542343e-01 
-9.542343e-01 
-9.542342e-01 
-9.542342e-01 
-9.542341e-01 
-9.542340e-01 
-9.542340e-01 
-9.542339e-01 
-9.542339e-01 
-9.542338e-01 
-9.542338e-01 
-9.542337e-01 
-9.542337e-01 
-9.542337e-01 
-9.542336e-01 
-9.542336e-01 
-9.542335e-01 
-9.542335e-01 
-9.542335e-01 
-9.542335e-01 
-9.542335e-01 
-9.542335e-01 
-9.542335e-01 
-9.542335e-01 
-9.542335e-01 
-9.542335e-01 
-9.542335e-01 
-9.542335e-01 
-9.542335e-01 
-9.542335e-01 
-9.542335e-01 
-9.542335e-01 
-9.542335e-01 
-9.542335e-01 
-9.542335e-01 
-9.542335e-01 
-9.542335e-01 
-9.542335e-01 
-9.542335e-01 
-9.542335e-01 
-9.542335e-01 
-9.542335e-01 
-9.542335e-01 
-9.542335e-01 
-9.542335e-01 
-9.542335e-01 
-9.542335e-01 
-9.542335e-01 
-9.542335e-01 
-9.542335e-01 
-9.542335e-01 
-9.542335e-01 
-9.542335e-01 
-9.542335e-01 
-9.542335e-01 
-9.542335e-01 
-9.542335e-01 
-9.542335e-01 
-9.542335e-01 
-9.542335e-01 
-9.542335e-01 
-9.542335e-01 
-9.542335e-01 
-9.542335e-01 
-9.542335e-01 
-9.542335e-01 
-9.542335e-01 
-9.542335e-01 
-9.542335e-01 
-9.542335e-01 
-9.542335e-01 
-9.542335e-01 
-9.542335e-01 
-9.542335e-01 
-9.542335e-01 
-9.542335e-01 
-9.542335e-01 
-9.542335e-01 
-9.542335e-01 
-9.542335e-01 
-9.542335e-01 
-9.542335e-01 
-9.542335e-01 
-9.542335e-01 
-9.542335e-01 
-9.542335e-01 
-9.542335e-01 
-9.542335e-01 
-9.542335e-01 
-9.542335e-01 
-9.542335e-01 
-9.542335e-01 
-9.542335e-01 
-9.542335e-01 
-9.542335e-01 
-9.542335e-01 
-9.542335e-01 
-9.542335e-01 
-9.542335e-01 
-9.542335e-01 
-9.542335e-01 
-9.542335e-01 
-9.542335e-01 
-9.542335e-01 
-9.542335e-01 
-9.542335e-01 
-9.542335e-01 
-9.542335e-01 
-9.542335e-01 
-9.542335e-01 
-9.542335e-01 
-9.542335e-01 
-9.542335e-01 
-9.542335e-01 
-9.542335e-01 
-9.542335e-01 
-9.542335e-01 
-9.542335e-01 
-9.542335e-01 
-9.542335e-01 
-9.542335e-01 
-9.542335e-01 
-9.542335e-01 
-9.542335e-01 
-9.542335e-01 
-9.542335e-01 
-9.542335e-01 
-9.542335e-01 
-9.542335e-01 
-9.542335e-01 
-9.542335e-01 
-9.542335e-01 
-9.542335e-01 
-9.542335e-01 
-9.542335e-01 
-9.542335e-01 
-9.542335e-01 
-9.542335e-01 
-9.542335e-01 
-9.542335e-01 
-9.542335e-01 
-9.542335e-01 
-9.542335e-01 
-9.542335e-01 
-9.542335e-01 
-9.542335e-01 
-9.542335e-01 
-9.542335e-01 
-9.542335e-01 
-9.542335e-01 
-9.542335e-01 
-9.542335e-01 
-9.542335e-01 
-9.542335e-01 
-9.542335e-01 
-9.542335e-01 
-9.542335e-01 
-9.542335e-01 
-9.542335e-01 
-9.542335e-01 
-9.542335e-01 
-9.542335e-01 
-9.542335e-01 
-9.542335e-01 
-9.542335e-01 
-9.542335e-01 
-9.542335e-01 
-9.542335e-01 
-9.542335e-01 
-9.542335e-01 
-9.542335e-01 
-9.542335e-01 
-9.542335e-01 
-9.542335e-01 
-9.542335e-01 
-9.542335e-01 
-9.542335e-01 
-9.542335e-01 
-9.542335e-01 
-9.542335e-01 
-9.542335e-01 
-9.542335e-01 
-9.542335e-01 
-9.542335e-01 
-9.542335e-01 
-9.542335e-01 
-9.483856e-01 
-9.174312e-01 
-8.809663e-01 
-8.399157e-01 
-7.950515e-01 
-7.469423e-01 
-6.959305e-01 
-6.421271e-01 
-5.849740e-01 
-5.241165e-01 
-4.586208e-01 
-3.848085e-01 
-2.975106e-01 
-1.790078e-01 
2.876339e-03 
3.978026e-03 
2.076659e-03 
1.253140e-03 
8.517277e-04 
6.164570e-04 
4.649673e-04 
3.614981e-04 
2.877539e-04 
2.337125e-04 
1.927809e-04 
1.615332e-04 
1.359999e-04 
1.156757e-04 
1.003286e-04 
8.669182e-05 
7.544200e-05 
6.607891e-05 
5.821809e-05 
5.281496e-05 
4.697256e-05 
4.195265e-05 
3.762809e-05 
3.388205e-05 
3.062050e-05 
2.776732e-05 
2.526037e-05 
2.304860e-05 
2.108976e-05 
1.934868e-05 
1.779594e-05 
1.640674e-05 
1.516015e-05 
1.403834e-05 
1.302613e-05 
1.195731e-05 
1.114220e-05 
1.040112e-05 
9.725837e-06 
9.109291e-06 
8.545324e-06 
8.021671e-06 
7.548661e-06 
7.115067e-06 
6.716498e-06 
6.349459e-06 
6.011397e-06 
5.700185e-06 
5.422748e-06 
5.166657e-06 
4.891229e-06 
4.622804e-06 
4.378887e-06 
4.168450e-06 
3.968995e-06 
3.775762e-06 
3.611642e-06 
3.419664e-06 
3.257978e-06 
3.121141e-06 
3.011381e-06 
2.888898e-06 
2.767017e-06 
2.677475e-06 
2.555519e-06 
2.453576e-06 
2.356418e-06 
2.322923e-06 
2.326467e-06 
2.317445e-06 
2.316431e-06 
2.317454e-06 
2.315852e-06 
2.315651e-06 
2.315636e-06 
2.315635e-06 
2.315635e-06 
2.315635e-06 
2.315635e-06 
2.315635e-06 
2.315635e-06 
2.315635e-06 
2.315635e-06 
2.315635e-06 
2.315635e-06 
2.315635e-06 
2.315635e-06 
2.315635e-06 
2.315635e-06 
2.315635e-06 
2.315635e-06 
2.315635e-06 
2.315635e-06 
2.315635e-06 
2.315635e-06 
2.315635e-06 
2.315635e-06 
2.315635e-06 
2.315635e-06 
2.315635e-06 
2.315635e-06 
2.315635e-06 
2.315635e-06 
2.315635e-06 
2.315635e-06 
2.315635e-06 
2.315635e-06 
2.315635e-06 
2.315635e-06 
2.315635e-06 
2.315635e-06 
2.315635e-06 
2.315635e-06 
2.315635e-06 
2.315635e-06 
2.315635e-06 
2.315635e-06 
2.315635e-06 
2.315635e-06 
2.315635e-06 
2.315635e-06 
2.315635e-06 
2.315635e-06 
2.315635e-06 
2.315635e-06 
2.315635e-06 
2.315635e-06 
2.315635e-06 
2.315635e-06 
2.315635e-06 
2.315635e-06 
2.315635e-06 
2.315635e-06 
2.315635e-06 
2.315635e-06 
2.315635e-06 
2.315635e-06 
2.315635e-06 
2.315635e-06 
2.315635e-06 
2.315635e-06 
2.315635e-06 
2.315635e-06 
2.315635e-06 
2.315635e-06 
2.315635e-06 
2.315635e-06 
2.315635e-06 
2.315635e-06 
2.315635e-06 
2.315635e-06 
2.315635e-06 
2.315635e-06 
2.315635e-06 
2.315635e-06 
2.315635e-06 
2.315635e-06 
2.315635e-06 
2.315635e-06 
2.315635e-06 
2.315635e-06 
2.315635e-06 
2.315635e-06 
2.315635e-06 
2.315635e-06 
2.315635e-06 
2.315635e-06 
2.315635e-06 
2.315635e-06 
2.315635e-06 
2.315635e-06 
2.315635e-06 
2.315635e-06 
2.315635e-06 
2.315635e-06 
2.315635e-06 
2.315635e-06 
2.315635e-06 
2.315635e-06 
2.315635e-06 
2.315635e-06 
2.315635e-06 
2.315635e-06 
2.315635e-06 
2.315635e-06 
2.315635e-06 
2.315635e-06 
2.315635e-06 
2.315635e-06 
2.315635e-06 
2.315635e-06 
2.315635e-06 
2.315635e-06 
2.315635e-06 
2.315635e-06 
2.315635e-06 
2.315635e-06 
2.315635e-06 
2.315635e-06 
2.315635e-06 
2.315635e-06 
2.315635e-06 
2.315635e-06 
2.315635e-06 
2.315635e-06 
2.315635e-06 
2.315635e-06 
2.315635e-06 
2.315635e-06 
2.315635e-06 
2.315635e-06 
2.315635e-06 
2.315635e-06 
2.315635e-06 
2.315635e-06 
2.315635e-06 
2.315635e-06 
2.315635e-06 
2.315635e-06 
2.315635e-06 
2.315635e-06 
2.315635e-06 
2.315635e-06 
2.315635e-06 
2.315635e-06 
2.315635e-06 
2.315635e-06 
2.315635e-06 
2.315635e-06 
2.315635e-06 
2.315635e-06 
2.315635e-06 
2.315635e-06 
2.315635e-06 
2.315635e-06 
2.315635e-06 
2.317054e-06 
2.335146e-06 
2.396681e-06 
2.483352e-06 
2.552606e-06 
2.652067e-06 
2.729273e-06 
2.828344e-06 
2.916316e-06 
3.006550e-06 
3.098907e-06 
3.201187e-06 
3.306061e-06 
3.416628e-06 
3.533194e-06 
3.656196e-06 
3.786111e-06 
3.923459e-06 
4.068813e-06 
4.222799e-06 
4.386103e-06 
4.559488e-06 
4.743789e-06 
4.939979e-06 
5.148988e-06 
5.371957e-06 
5.601297e-06 
5.794301e-06 
5.965507e-06 
6.245549e-06 
6.546146e-06 
6.869395e-06 
7.217596e-06 
7.487613e-06 
7.867669e-06 
8.296491e-06 
8.761608e-06 
9.267178e-06 
9.817947e-06 
1.041937e-05 
1.107773e-05 
1.180033e-05 
1.259563e-05 
1.347353e-05 
1.444563e-05 
1.552563e-05 
1.713973e-05 
1.855315e-05 
2.013044e-05 
2.191359e-05 
2.393897e-05 
2.625100e-05 
2.890425e-05 
3.196612e-05 
3.679495e-05 
4.116803e-05 
4.773007e-05 
5.407280e-05 
6.255358e-05 
7.176967e-05 
8.355490e-05 
9.697596e-05 
1.124779e-04 
1.301938e-04 
1.499610e-04 
1.714310e-04 
1.941731e-04 
2.176634e-04 
2.416364e-04 
2.651197e-04 
2.904917e-04 
3.120272e-04 
3.379941e-04 
3.540367e-04 
3.797319e-04 
4.051474e-04 
4.299661e-04 
4.537366e-04 
4.694703e-04 
4.899863e-04 
5.078655e-04 
5.203291e-04 
5.212222e-04 
5.224038e-04 
5.225350e-04 
5.225411e-04 
5.225413e-04 
5.225413e-04 
5.225413e-04 
5.225413e-04 
5.225413e-04 
5.225413e-04 
5.225413e-04 
5.225413e-04 
5.225413e-04 
5.225413e-04 
5.225413e-04 
5.225413e-04 
5.225413e-04 
5.225413e-04 
5.225413e-04 
5.225413e-04 
5.225413e-04 
5.225413e-04 
5.225413e-04 
5.225413e-04 
5.225413e-04 
5.225413e-04 
5.225413e-04 
5.225413e-04 
5.225413e-04 
5.225413e-04 
5.225413e-04 
5.225413e-04 
5.225413e-04 
5.225413e-04 
5.225413e-04 
5.225413e-04 
5.225413e-04 
5.225413e-04 
5.225413e-04 
5.225413e-04 
5.225413e-04 
5.225413e-04 
5.225413e-04 
5.225413e-04 
5.225413e-04 
5.225413e-04 
5.225413e-04 
5.225413e-04 
5.225413e-04 
5.225413e-04 
5.225413e-04 
5.225413e-04 
5.225413e-04 
5.225413e-04 
5.225413e-04 
5.225413e-04 
5.225413e-04 
5.225413e-04 
5.225413e-04 
5.225413e-04 
5.225413e-04 
5.225413e-04 
5.225413e-04 
5.225413e-04 
5.225413e-04 
5.225413e-04 
5.225413e-04 
5.225413e-04 
5.225413e-04 
5.225413e-04 
5.225413e-04 
5.225413e-04 
5.225413e-04 
5.225413e-04 
5.225413e-04 
5.225413e-04 
5.225413e-04 
5.225413e-04 
5.225413e-04 
5.225413e-04 
5.225413e-04 
5.225413e-04 
5.225413e-04 
5.225413e-04 
5.225413e-04 
5.225413e-04 
5.225413e-04 
5.225413e-04 
5.225413e-04 
5.225413e-04 
5.225413e-04 
5.225413e-04 
5.225413e-04 
5.225413e-04 
5.225413e-04 
5.225413e-04 
5.225413e-04 
5.225413e-04 
5.225413e-04 
5.225413e-04 
5.225413e-04 
5.225413e-04 
5.225413e-04 
5.225413e-04 
5.225413e-04 
5.225413e-04 
5.225413e-04 
5.225413e-04 
5.225413e-04 
5.225413e-04 
5.225413e-04 
5.225413e-04 
5.225413e-04 
5.225413e-04 
5.225413e-04 
5.225413e-04 
5.225413e-04 
5.225413e-04 
5.225413e-04 
5.225413e-04 
5.225413e-04 
5.225413e-04 
5.225413e-04 
5.225413e-04 
5.225413e-04 
5.225413e-04 
5.225413e-04 
5.225413e-04 
5.225413e-04 
5.225413e-04 
5.225413e-04 
5.225413e-04 
5.225413e-04 
5.225413e-04 
5.225413e-04 
5.225413e-04 
5.225413e-04 
5.225413e-04 
5.225413e-04 
5.225413e-04 
5.225413e-04 
5.225413e-04 
5.225413e-04 
5.225413e-04 
5.225413e-04 
5.225413e-04 
5.225413e-04 
5.225413e-04 
5.225413e-04 
5.225413e-04 
5.225413e-04 
5.225413e-04 
5.225413e-04 
5.225413e-04 
5.225413e-04 
5.225413e-04 
5.225413e-04 
5.225413e-04 
5.225413e-04 
5.225413e-04 
5.225413e-04 
5.225413e-04 
5.225413e-04 
5.225413e-04 
5.225413e-04 
5.225413e-04 
5.225413e-04 
5.225413e-04 
5.262348e-04 
5.445291e-04 
5.661911e-04 
5.923019e-04 
6.166636e-04 
6.424260e-04 
6.698542e-04 
6.981373e-04 
7.280959e-04 
7.196812e-04 
7.531834e-04 
7.890504e-04 
8.273551e-04 
8.683114e-04 
9.121473e-04 
9.591330e-04 
1.009437e-03 
1.063533e-03 
1.121700e-03 
1.184279e-03 
1.251641e-03 
1.324259e-03 
1.402664e-03 
1.487446e-03 
1.579278e-03 
1.678858e-03 
1.786832e-03 
1.904786e-03 
2.030528e-03 
2.170811e-03 
2.324438e-03 
2.493019e-03 
2.678407e-03 
2.846365e-03 
3.067816e-03 
3.313124e-03 
3.585352e-03 
3.888263e-03 
4.226264e-03 
4.604539e-03 
5.029207e-03 
5.507527e-03 
6.048152e-03 
6.661447e-03 
7.498245e-03 
8.318296e-03 
9.260854e-03 
1.034964e-02 
1.161371e-02 
1.308922e-02 
1.482153e-02 
1.686794e-02 
1.945003e-02 
2.240372e-02 
2.597187e-02 
3.031784e-02 
3.579266e-02 
4.246046e-02 
5.090386e-02 
6.156227e-02 
7.508419e-02 
9.233972e-02 
1.143439e-01 
1.421113e-01 
1.763928e-01 
2.173142e-01 
2.641596e-01 
3.155391e-01 
3.698910e-01 
4.257187e-01 
4.820148e-01 
5.378136e-01 
5.927467e-01 
6.462801e-01 
6.982380e-01 
7.481736e-01 
7.956798e-01 
8.402197e-01 
8.810991e-01 
9.174861e-01 
9.484046e-01 
9.542483e-01 
9.542484e-01 
9.542484e-01 
9.542484e-01 
9.542484e-01 
9.542484e-01 
9.542484e-01 
9.542484e-01 
9.542484e-01 
9.542484e-01 
9.542484e-01 
9.542484e-01 
9.542484e-01 
9.542484e-01 
9.542484e-01 
9.542484e-01 
9.542484e-01 
9.542484e-01 
9.542484e-01 
9.542484e-01 
9.542484e-01 
9.542484e-01 
9.542484e-01 
9.542484e-01 
9.542484e-01 
9.542484e-01 
9.542484e-01 
9.542484e-01 
9.542484e-01 
9.542484e-01 
9.542484e-01 
9.542484e-01 
9.542484e-01 
9.542484e-01 
9.542484e-01 
9.542484e-01 
9.542484e-01 
9.542484e-01 
9.542484e-01 
9.542484e-01 
9.542484e-01 
9.542484e-01 
9.542484e-01 
9.542484e-01 
9.542484e-01 
9.542484e-01 
9.542484e-01 
9.542484e-01 
9.542484e-01 
9.542484e-01 
9.542484e-01 
9.542484e-01 
9.542484e-01 
9.542484e-01 
9.542484e-01 
9.542484e-01 
9.542484e-01 
9.542484e-01 
9.542484e-01 
9.542484e-01 
9.542484e-01 
9.542484e-01 
9.542484e-01 
9.542484e-01 
9.542484e-01 
9.542484e-01 
9.542484e-01 
9.542484e-01 
9.542484e-01 
9.542484e-01 
9.542484e-01 
9.542484e-01 
9.542484e-01 
9.542484e-01 
9.542484e-01 
9.542484e-01 
9.542484e-01 
9.542484e-01 
9.542484e-01 
9.542484e-01 
9.542484e-01 
9.542484e-01 
9.542484e-01 
9.542484e-01 
9.542484e-01 
9.542484e-01 
9.542484e-01 
9.542484e-01 
9.542484e-01 
9.542484e-01 
9.542484e-01 
9.542484e-01 
9.542484e-01 
9.542484e-01 
9.542484e-01 
9.542484e-01 
9.542484e-01 
9.542484e-01 
9.542484e-01 
9.542484e-01 
9.542484e-01 
9.542484e-01 
9.542484e-01 
9.542484e-01 
9.542484e-01 
9.542484e-01 
9.542484e-01 
9.542484e-01 
9.542484e-01 
9.542484e-01 
9.542484e-01 
9.542484e-01 
9.542484e-01 
9.542484e-01 
9.542484e-01 
9.542484e-01 
9.542484e-01 
9.542484e-01 
9.542484e-01 
9.542484e-01 
9.542484e-01 
9.542484e-01 
9.542484e-01 
9.542484e-01 
9.542484e-01 
9.542484e-01 
9.542484e-01 
9.542484e-01 
9.542484e-01 
9.542484e-01 
9.542484e-01 
9.542484e-01 
9.542484e-01 
9.542484e-01 
9.542484e-01 
9.542484e-01 
9.542484e-01 
9.542484e-01 
9.542484e-01 
9.542484e-01 
9.542484e-01 
9.542484e-01 
9.542484e-01 
9.542484e-01 
9.542484e-01 
9.542484e-01 
9.542484e-01 
9.542484e-01 
9.542484e-01 
9.542484e-01 
9.542484e-01 
9.542484e-01 
9.542484e-01 
9.542484e-01 
9.542484e-01 
9.542484e-01 
9.542484e-01 
9.542484e-01 
9.542484e-01 
9.542484e-01 
9.542484e-01 
9.542484e-01 
9.542484e-01 
9.542484e-01 
9.542484e-01 
9.542484e-01 
9.542484e-01 
9.542484e-01 
9.542484e-01 
9.542483e-01 
9.542482e-01 
9.542481e-01 
9.542479e-01 
9.542477e-01 
9.542475e-01 
9.542473e-01 
9.542471e-01 
9.542469e-01 
9.542466e-01 
9.542464e-01 
9.542461e-01 
9.542458e-01 
9.542455e-01 
9.542452e-01 
9.542448e-01 
9.542445e-01 
9.542441e-01 
9.542437e-01 
9.542433e-01 
9.542429e-01 
9.542425e-01 
9.542421e-01 
9.542418e-01 
9.542414e-01 
9.542411e-01 
9.542407e-01 
9.542404e-01 
9.542401e-01 
9.542398e-01 
9.542395e-01 
9.542393e-01 
9.542390e-01 
9.542388e-01 
9.542386e-01 
9.542384e-01 
9.542382e-01 
9.542380e-01 
9.542378e-01 
9.542376e-01 
9.542374e-01 
9.542372e-01 
9.542371e-01 
9.542369e-01 
9.542368e-01 
9.542366e-01 
9.542365e-01 
9.542363e-01 
9.542362e-01 
9.542361e-01 
9.542360e-01 
9.542359e-01 
9.542358e-01 
9.542357e-01 
9.542356e-01 
9.542355e-01 
9.542354e-01 
9.542353e-01 
9.542352e-01 
9.542351e-01 
9.542350e-01 
9.542349e-01 
9.542349e-01 
9.542348e-01 
9.542347e-01 
9.542346e-01 
9.542346e-01 
9.542345e-01 
9.542344e-01 
9.542344e-01 
9.542343e-01 
9.542343e-01 
9.542342e-01 
9.542341e-01 
9.542341e-01 
9.542340e-01 
9.542340e-01 
9.542339e-01 
9.542339e-01 
9.542338e-01 
9.542338e-01 
9.542338e-01 
9.542338e-01 
9.542338e-01 
9.542338e-01 
9.542338e-01 
9.542338e-01 
9.542338e-01 
9.542338e-01 
9.542338e-01 
9.542338e-01 
9.542338e-01 
9.542338e-01 
9.542338e-01 
9.542338e-01 
9.542338e-01 
9.542338e-01 
9.542338e-01 
9.542338e-01 
9.542338e-01 
9.542338e-01 
9.542338e-01 
9.542338e-01 
9.542338e-01 
9.542338e-01 
9.542338e-01 
9.542338e-01 
9.542338e-01 
9.542338e-01 
9.542338e-01 
9.542338e-01 
9.542338e-01 
9.542338e-01 
9.542338e-01 
9.542338e-01 
9.542338e-01 
9.542338e-01 
9.542338e-01 
9.542338e-01 
9.542338e-01 
9.542338e-01 
9.542338e-01 
9.542338e-01 
9.542338e-01 
9.542338e-01 
9.542338e-01 
9.542338e-01 
9.542338e-01 
9.542338e-01 
9.542338e-01 
9.542338e-01 
9.542338e-01 
9.542338e-01 
9.542338e-01 
9.542338e-01 
9.542338e-01 
9.542338e-01 
9.542338e-01 
9.542338e-01 
9.542338e-01 
9.542338e-01 
9.542338e-01 
9.542338e-01 
9.542338e-01 
9.542338e-01 
9.542338e-01 
9.542338e-01 
9.542338e-01 
9.542338e-01 
9.542338e-01 
9.542338e-01 
9.542338e-01 
9.542338e-01 
9.542338e-01 
9.542338e-01 
9.542338e-01 
9.542338e-01 
9.542338e-01 
9.542338e-01 
9.542338e-01 
9.542338e-01 
9.542338e-01 
9.542338e-01 
9.542338e-01 
9.542338e-01 
9.542338e-01 
9.542338e-01 
9.542338e-01 
9.542338e-01 
9.542338e-01 
9.542338e-01 
9.542338e-01 
9.542338e-01 
9.542338e-01 
9.542338e-01 
9.542338e-01 
9.542338e-01 
9.542338e-01 
9.542338e-01 
9.542338e-01 
9.542338e-01 
9.542338e-01 
9.542338e-01 
9.542338e-01 
9.542338e-01 
9.542338e-01 
9.542338e-01 
9.542338e-01 
9.542338e-01 
9.542338e-01 
9.542338e-01 
9.542338e-01 
9.542338e-01 
9.542338e-01 
9.542338e-01 
9.542338e-01 
9.542338e-01 
9.542338e-01 
9.542338e-01 
9.542338e-01 
9.542338e-01 
9.542338e-01 
9.542338e-01 
9.542338e-01 
9.542338e-01 
9.542338e-01 
9.542338e-01 
9.542338e-01 
9.542338e-01 
9.542338e-01 
9.542338e-01 
9.542338e-01 
9.542338e-01 
9.542338e-01 
9.542338e-01 
9.542338e-01 
9.542338e-01 
9.542338e-01 
9.542338e-01 
9.542338e-01 
9.542338e-01 
9.542338e-01 
9.542338e-01 
9.542338e-01 
9.542338e-01 
9.542338e-01 
9.542338e-01 
9.542338e-01 
9.542338e-01 
9.542338e-01 
9.542338e-01 
9.542338e-01 
9.542338e-01 
9.542338e-01 
9.542338e-01 
9.542338e-01 
9.542338e-01 
9.542338e-01 
9.542338e-01 
9.542338e-01 
9.542338e-01 
9.542338e-01 
9.542338e-01 
9.542338e-01 
9.542338e-01 
9.542338e-01 
9.542338e-01 
9.542338e-01 
9.542338e-01 
9.542338e-01 
9.483859e-01 
9.174322e-01 
8.809687e-01 
8.399211e-01 
7.950629e-01 
7.469653e-01 
6.959752e-01 
6.422109e-01 
5.851363e-01 
5.247252e-01 
4.591779e-01 
3.859389e-01 
3.001380e-01 
1.874843e-01 
2.901193e-02 
5.495273e-03 
2.111027e-03 
1.253263e-03 
8.523846e-04 
6.165880e-04 
4.649673e-04 
3.614981e-04 
2.877539e-04 
2.333386e-04 
1.927795e-04 
1.606007e-04 
1.359952e-04 
1.156757e-04 
1.003286e-04 
8.669182e-05 
7.544201e-05 
6.607892e-05 
5.821809e-05 
5.281497e-05 
4.697256e-05 
4.195265e-05 
3.762810e-05 
3.388205e-05 
3.062051e-05 
2.776732e-05 
2.526038e-05 
2.304861e-05 
2.108977e-05 
1.934869e-05 
1.779594e-05 
1.640675e-05 
1.516015e-05 
1.403835e-05 
1.302614e-05 
1.195731e-05 
1.114220e-05 
1.040112e-05 
9.725837e-06 
9.109289e-06 
8.545321e-06 
8.021680e-06 
7.548666e-06 
7.115097e-06 
6.716554e-06 
6.349387e-06 
6.010174e-06 
5.692040e-06 
5.377163e-06 
5.159913e-06 
4.929039e-06 
4.675162e-06 
4.437639e-06 
4.202612e-06 
3.992012e-06 
3.805077e-06 
3.611822e-06 
3.472575e-06 
3.324954e-06 
3.168324e-06 
3.008256e-06 
2.871607e-06 
2.749779e-06 
2.642032e-06 
2.546220e-06 
2.442402e-06 
2.345763e-06 
2.314804e-06 
2.305481e-06 
2.313953e-06 
2.314831e-06 
2.313764e-06 
2.315409e-06 
2.315617e-06 
2.315633e-06 
2.315634e-06 
2.315634e-06 
2.315634e-06 
2.315634e-06 
2.315634e-06 
2.315634e-06 
2.315634e-06 
2.315634e-06 
2.315634e-06 
2.315634e-06 
2.315634e-06 
2.315634e-06 
2.315634e-06 
2.315634e-06 
2.315634e-06 
2.315634e-06 
2.315634e-06 
2.315634e-06 
2.315634e-06 
2.315634e-06 
2.315634e-06 
2.315634e-06 
2.315634e-06 
2.315634e-06 
2.315634e-06 
2.315634e-06 
2.315634e-06 
2.315634e-06 
2.315634e-06 
2.315634e-06 
2.315634e-06 
2.315634e-06 
2.315634e-06 
2.315634e-06 
2.315634e-06 
2.315634e-06 
2.315634e-06 
2.315634e-06 
2.315634e-06 
2.315634e-06 
2.315634e-06 
2.315634e-06 
2.315634e-06 
2.315634e-06 
2.315634e-06 
2.315634e-06 
2.315634e-06 
2.315634e-06 
2.315634e-06 
2.315634e-06 
2.315634e-06 
2.315634e-06 
2.315634e-06 
2.315634e-06 
2.315634e-06 
2.315634e-06 
2.315634e-06 
2.315634e-06 
2.315634e-06 
2.315634e-06 
2.315634e-06 
2.315634e-06 
2.315634e-06 
2.315634e-06 
2.315634e-06 
2.315634e-06 
2.315634e-06 
2.315634e-06 
2.315634e-06 
2.315634e-06 
2.315634e-06 
2.315634e-06 
2.315634e-06 
2.315634e-06 
2.315634e-06 
2.315634e-06 
2.315634e-06 
2.315634e-06 
2.315634e-06 
2.315634e-06 
2.315634e-06 
2.315634e-06 
2.315634e-06 
2.315634e-06 
2.315634e-06 
2.315634e-06 
2.315634e-06 
2.315634e-06 
2.315634e-06 
2.315634e-06 
2.315634e-06 
2.315634e-06 
2.315634e-06 
2.315634e-06 
2.315634e-06 
2.315634e-06 
2.315634e-06 
2.315634e-06 
2.315634e-06 
2.315634e-06 
2.315634e-06 
2.315634e-06 
2.315634e-06 
2.315634e-06 
2.315634e-06 
2.315634e-06 
2.315634e-06 
2.315634e-06 
2.315634e-06 
2.315634e-06 
2.315634e-06 
2.315634e-06 
2.315634e-06 
2.315634e-06 
2.315634e-06 
2.315634e-06 
2.315634e-06 
2.315634e-06 
2.315634e-06 
2.315634e-06 
2.315634e-06 
2.315634e-06 
2.315634e-06 
2.315634e-06 
2.315634e-06 
2.315634e-06 
2.315634e-06 
2.315634e-06 
2.315634e-06 
2.315634e-06 
2.315634e-06 
2.315634e-06 
2.315634e-06 
2.315634e-06 
2.315634e-06 
2.315634e-06 
2.315634e-06 
2.315634e-06 
2.315634e-06 
2.315634e-06 
2.315634e-06 
2.315634e-06 
2.315634e-06 
2.315634e-06 
2.315634e-06 
2.315634e-06 
2.315634e-06 
2.315634e-06 
2.315634e-06 
2.315634e-06 
2.315634e-06 
2.315634e-06 
2.315634e-06 
2.315634e-06 
2.315634e-06 
2.315634e-06 
2.315634e-06 
2.315634e-06 
2.315634e-06 
2.315634e-06 
2.315634e-06 
2.316795e-06 
2.331873e-06 
2.385547e-06 
2.450364e-06 
2.541336e-06 
2.614332e-06 
2.689769e-06 
2.768809e-06 
2.881276e-06 
2.969653e-06 
3.083233e-06 
3.201162e-06 
3.306127e-06 
3.414642e-06 
3.533251e-06 
3.656249e-06 
3.786159e-06 
3.923504e-06 
4.068855e-06 
4.222838e-06 
4.386141e-06 
4.559525e-06 
4.743793e-06 
4.935149e-06 
5.104296e-06 
5.274295e-06 
5.505363e-06 
5.669266e-06 
5.927465e-06 
6.204818e-06 
6.502542e-06 
6.822653e-06 
7.167417e-06 
7.539394e-06 
7.866947e-06 
8.211334e-06 
8.668912e-06 
9.166318e-06 
9.707995e-06 
1.029927e-05 
1.094628e-05 
1.165613e-05 
1.243709e-05 
1.329880e-05 
1.425259e-05 
1.531179e-05 
1.692756e-05 
1.837089e-05 
1.992794e-05 
2.168770e-05 
2.368613e-05 
2.596698e-05 
2.858402e-05 
3.160373e-05 
3.510859e-05 
4.054496e-05 
4.563510e-05 
5.309494e-05 
6.051601e-05 
7.116818e-05 
8.342523e-05 
9.696411e-05 
1.124784e-04 
1.301943e-04 
1.499619e-04 
1.714410e-04 
1.942069e-04 
2.178582e-04 
2.419570e-04 
2.663007e-04 
2.898701e-04 
3.116547e-04 
3.377397e-04 
3.538641e-04 
3.796183e-04 
4.050734e-04 
4.299184e-04 
4.537049e-04 
4.694747e-04 
4.899922e-04 
5.078696e-04 
5.203317e-04 
5.212202e-04 
5.224035e-04 
5.225352e-04 
5.225412e-04 
5.225413e-04 
5.225413e-04 
5.225413e-04 
5.225413e-04 
5.225413e-04 
5.225413e-04 
5.225413e-04 
5.225413e-04 
5.225413e-04 
5.225413e-04 
5.225413e-04 
5.225413e-04 
5.225413e-04 
5.225413e-04 
5.225413e-04 
5.225413e-04 
5.225413e-04 
5.225413e-04 
5.225413e-04 
5.225413e-04 
5.225413e-04 
5.225413e-04 
5.225413e-04 
5.225413e-04 
5.225413e-04 
5.225413e-04 
5.225413e-04 
5.225413e-04 
5.225413e-04 
5.225413e-04 
5.225413e-04 
5.225413e-04 
5.225413e-04 
5.225413e-04 
5.225413e-04 
5.225413e-04 
5.225413e-04 
5.225413e-04 
5.225413e-04 
5.225413e-04 
5.225413e-04 
5.225413e-04 
5.225413e-04 
5.225413e-04 
5.225413e-04 
5.225413e-04 
5.225413e-04 
5.225413e-04 
5.225413e-04 
5.225413e-04 
5.225413e-04 
5.225413e-04 
5.225413e-04 
5.225413e-04 
5.225413e-04 
5.225413e-04 
5.225413e-04 
5.225413e-04 
5.225413e-04 
5.225413e-04 
5.225413e-04 
5.225413e-04 
5.225413e-04 
5.225413e-04 
5.225413e-04 
5.225413e-04 
5.225413e-04 
5.225413e-04 
5.225413e-04 
5.225413e-04 
5.225413e-04 
5.225413e-04 
5.225413e-04 
5.225413e-04 
5.225413e-04 
5.225413e-04 
5.225413e-04 
5.225413e-04 
5.225413e-04 
5.225413e-04 
5.225413e-04 
5.225413e-04 
5.225413e-04 
5.225413e-04 
5.225413e-04 
5.225413e-04 
5.225413e-04 
5.225413e-04 
5.225413e-04 
5.225413e-04 
5.225413e-04 
5.225413e-04 
5.225413e-04 
5.225413e-04 
5.225413e-04 
5.225413e-04 
5.225413e-04 
5.225413e-04 
5.225413e-04 
5.225413e-04 
5.225413e-04 
5.225413e-04 
5.225413e-04 
5.225413e-04 
5.225413e-04 
5.225413e-04 
5.225413e-04 
5.225413e-04 
5.225413e-04 
5.225413e-04 
5.225413e-04 
5.225413e-04 
5.225413e-04 
5.225413e-04 
5.225413e-04 
5.225413e-04 
5.225413e-04 
5.225413e-04 
5.225413e-04 
5.225413e-04 
5.225413e-04 
5.225413e-04 
5.225413e-04 
5.225413e-04 
5.225413e-04 
5.225413e-04 
5.225413e-04 
5.225413e-04 
5.225413e-04 
5.225413e-04 
5.225413e-04 
5.225413e-04 
5.225413e-04 
5.225413e-04 
5.225413e-04 
5.225413e-04 
5.225413e-04 
5.225413e-04 
5.225413e-04 
5.225413e-04 
5.225413e-04 
5.225413e-04 
5.225413e-04 
5.225413e-04 
5.225413e-04 
5.225413e-04 
5.225413e-04 
5.225413e-04 
5.225413e-04 
5.225413e-04 
5.225413e-04 
5.225413e-04 
5.225413e-04 
5.225413e-04 
5.225413e-04 
5.225413e-04 
5.225413e-04 
5.225413e-04 
5.225413e-04 
5.225413e-04 
5.225413e-04 
5.225413e-04 
5.225413e-04 
5.225413e-04 
5.252072e-04 
5.445268e-04 
5.661615e-04 
5.890147e-04 
6.166379e-04 
6.423904e-04 
6.696197e-04 
6.983964e-04 
7.283795e-04 
7.196803e-04 
7.531833e-04 
7.890504e-04 
8.273466e-04 
8.682818e-04 
9.121069e-04 
9.590625e-04 
1.009433e-03 
1.063533e-03 
1.121700e-03 
1.184279e-03 
1.251641e-03 
1.324259e-03 
1.402664e-03 
1.487446e-03 
1.579278e-03 
1.678858e-03 
1.786832e-03 
1.904786e-03 
2.030528e-03 
2.170811e-03 
2.324438e-03 
2.493019e-03 
2.678407e-03 
2.846365e-03 
3.067816e-03 
3.313124e-03 
3.585352e-03 
3.888263e-03 
4.226264e-03 
4.604539e-03 
5.029207e-03 
5.507527e-03 
6.048152e-03 
6.661447e-03 
7.359893e-03 
8.158606e-03 
9.260493e-03 
1.034964e-02 
1.161371e-02 
1.308922e-02 
1.482153e-02 
1.686794e-02 
1.930149e-02 
2.221600e-02 
2.597136e-02 
3.031784e-02 
3.579266e-02 
4.246046e-02 
5.090386e-02 
6.156227e-02 
7.508420e-02 
9.233975e-02 
1.143440e-01 
1.421115e-01 
1.763931e-01 
2.173144e-01 
2.641599e-01 
3.155393e-01 
3.698911e-01 
4.257188e-01 
4.820149e-01 
5.378136e-01 
5.927467e-01 
6.462801e-01 
6.982380e-01 
7.481736e-01 
7.956798e-01 
8.402197e-01 
8.810991e-01 
9.174861e-01 
9.484046e-01 
9.542483e-01 
9.542484e-01 
9.542484e-01 
9.542484e-01 
9.542484e-01 
9.542484e-01 
9.542484e-01 
9.542484e-01 
9.542484e-01 
9.542484e-01 
9.542484e-01 
9.542484e-01 
9.542484e-01 
9.542484e-01 
9.542484e-01 
9.542484e-01 
9.542484e-01 
9.542484e-01 
9.542484e-01 
9.542484e-01 
9.542484e-01 
9.542484e-01 
9.542484e-01 
9.542484e-01 
9.542484e-01 
9.542484e-01 
9.542484e-01 
9.542484e-01 
9.542484e-01 
9.542484e-01 
9.542484e-01 
9.542484e-01 
9.542484e-01 
9.542484e-01 
9.542484e-01 
9.542484e-01 
9.542484e-01 
9.542484e-01 
9.542484e-01 
9.542484e-01 
9.542484e-01 
9.542484e-01 
9.542484e-01 
9.542484e-01 
9.542484e-01 
9.542484e-01 
9.542484e-01 
9.542484e-01 
9.542484e-01 
9.542484e-01 
9.542484e-01 
9.542484e-01 
9.542484e-01 
9.542484e-01 
9.542484e-01 
9.542484e-01 
9.542484e-01 
9.542484e-01 
9.542484e-01 
9.542484e-01 
9.542484e-01 
9.542484e-01 
9.542484e-01 
9.542484e-01 
9.542484e-01 
9.542484e-01 
9.542484e-01 
9.542484e-01 
9.542484e-01 
9.542484e-01 
9.542484e-01 
9.542484e-01 
9.542484e-01 
9.542484e-01 
9.542484e-01 
9.542484e-01 
9.542484e-01 
9.542484e-01 
9.542484e-01 
9.542484e-01 
9.542484e-01 
9.542484e-01 
9.542484e-01 
9.542484e-01 
9.542484e-01 
9.542484e-01 
9.542484e-01 
9.542484e-01 
9.542484e-01 
9.542484e-01 
9.542484e-01 
9.542484e-01 
9.542484e-01 
9.542484e-01 
9.542484e-01 
9.542484e-01 
9.542484e-01 
9.542484e-01 
9.542484e-01 
9.542484e-01 
9.542484e-01 
9.542484e-01 
9.542484e-01 
9.542484e-01 
9.542484e-01 
9.542484e-01 
9.542484e-01 
9.542484e-01 
9.542484e-01 
9.542484e-01 
9.542484e-01 
9.542484e-01 
9.542484e-01 
9.542484e-01 
9.542484e-01 
9.542484e-01 
9.542484e-01 
9.542484e-01 
9.542484e-01 
9.542484e-01 
9.542484e-01 
9.542484e-01 
9.542484e-01 
9.542484e-01 
9.542484e-01 
9.542484e-01 
9.542484e-01 
9.542484e-01 
9.542484e-01 
9.542484e-01 
9.542484e-01 
9.542484e-01 
9.542484e-01 
9.542484e-01 
9.542484e-01 
9.542484e-01 
9.542484e-01 
9.542484e-01 
9.542484e-01 
9.542484e-01 
9.542484e-01 
9.542484e-01 
9.542484e-01 
9.542484e-01 
9.542484e-01 
9.542484e-01 
9.542484e-01 
9.542484e-01 
9.542484e-01 
9.542484e-01 
9.542484e-01 
9.542484e-01 
9.542484e-01 
9.542484e-01 
9.542484e-01 
9.542484e-01 
9.542484e-01 
9.542484e-01 
9.542484e-01 
9.542484e-01 
9.542484e-01 
9.542484e-01 
9.542484e-01 
9.542484e-01 
9.542484e-01 
9.542484e-01 
9.542484e-01 
9.542484e-01 
9.542484e-01 
9.542483e-01 
9.542482e-01 
9.542481e-01 
9.542479e-01 
9.542477e-01 
9.542475e-01 
9.542473e-01 
9.542471e-01 
9.542469e-01 
9.542466e-01 
9.542464e-01 
9.542461e-01 
9.542458e-01 
9.542455e-01 
9.542452e-01 
9.542448e-01 
9.542445e-01 
9.542441e-01 
9.542437e-01 
9.542433e-01 
9.542429e-01 
9.542425e-01 
9.542421e-01 
9.542418e-01 
9.542414e-01 
9.542411e-01 
9.542407e-01 
9.542404e-01 
9.542401e-01 
9.542398e-01 
9.542395e-01 
9.542393e-01 
9.542390e-01 
9.542388e-01 
9.542386e-01 
9.542384e-01 
9.542382e-01 
9.542380e-01 
9.542378e-01 
9.542376e-01 
9.542374e-01 
9.542372e-01 
9.542371e-01 
9.542369e-01 
9.542368e-01 
9.542366e-01 
9.542365e-01 
9.542363e-01 
9.542362e-01 
9.542361e-01 
9.542360e-01 
9.542359e-01 
9.542358e-01 
9.542357e-01 
9.542356e-01 
9.542355e-01 
9.542354e-01 
9.542353e-01 
9.542352e-01 
9.542351e-01 
9.542350e-01 
9.542349e-01 
9.542349e-01 
9.542348e-01 
9.542347e-01 
9.542346e-01 
9.542346e-01 
9.542345e-01 
9.542344e-01 
9.542344e-01 
9.542343e-01 
9.542343e-01 
9.542342e-01 
9.542341e-01 
9.542341e-01 
9.542340e-01 
9.542340e-01 
9.542339e-01 
9.542339e-01 
9.542338e-01 
9.542338e-01 
9.542338e-01 
9.542338e-01 
9.542338e-01 
9.542338e-01 
9.542338e-01 
9.542338e-01 
9.542338e-01 
9.542338e-01 
9.542338e-01 
9.542338e-01 
9.542338e-01 
9.542338e-01 
9.542338e-01 
9.542338e-01 
9.542338e-01 
9.542338e-01 
9.542338e-01 
9.542338e-01 
9.542338e-01 
9.542338e-01 
9.542338e-01 
9.542338e-01 
9.542338e-01 
9.542338e-01 
9.542338e-01 
9.542338e-01 
9.542338e-01 
9.542338e-01 
9.542338e-01 
9.542338e-01 
9.542338e-01 
9.542338e-01 
9.542338e-01 
9.542338e-01 
9.542338e-01 
9.542338e-01 
9.542338e-01 
9.542338e-01 
9.542338e-01 
9.542338e-01 
9.542338e-01 
9.542338e-01 
9.542338e-01 
9.542338e-01 
9.542338e-01 
9.542338e-01 
9.542338e-01 
9.542338e-01 
9.542338e-01 
9.542338e-01 
9.542338e-01 
9.542338e-01 
9.542338e-01 
9.542338e-01 
9.542338e-01 
9.542338e-01 
9.542338e-01 
9.542338e-01 
9.542338e-01 
9.542338e-01 
9.542338e-01 
9.542338e-01 
9.542338e-01 
9.542338e-01 
9.542338e-01 
9.542338e-01 
9.542338e-01 
9.542338e-01 
9.542338e-01 
9.542338e-01 
9.542338e-01 
9.542338e-01 
9.542338e-01 
9.542338e-01 
9.542338e-01 
9.542338e-01 
9.542338e-01 
9.542338e-01 
9.542338e-01 
9.542338e-01 
9.542338e-01 
9.542338e-01 
9.542338e-01 
9.542338e-01 
9.542338e-01 
9.542338e-01 
9.542338e-01 
9.542338e-01 
9.542338e-01 
9.542338e-01 
9.542338e-01 
9.542338e-01 
9.542338e-01 
9.542338e-01 
9.542338e-01 
9.542338e-01 
9.542338e-01 
9.542338e-01 
9.542338e-01 
9.542338e-01 
9.542338e-01 
9.542338e-01 
9.542338e-01 
9.542338e-01 
9.542338e-01 
9.542338e-01 
9.542338e-01 
9.542338e-01 
9.542338e-01 
9.542338e-01 
9.542338e-01 
9.542338e-01 
9.542338e-01 
9.542338e-01 
9.542338e-01 
9.542338e-01 
9.542338e-01 
9.542338e-01 
9.542338e-01 
9.542338e-01 
9.542338e-01 
9.542338e-01 
9.542338e-01 
9.542338e-01 
9.542338e-01 
9.542338e-01 
9.542338e-01 
9.542338e-01 
9.542338e-01 
9.542338e-01 
9.542338e-01 
9.542338e-01 
9.542338e-01 
9.542338e-01 
9.542338e-01 
9.542338e-01 
9.542338e-01 
9.542338e-01 
9.542338e-01 
9.542338e-01 
9.542338e-01 
9.542338e-01 
9.542338e-01 
9.542338e-01 
9.542338e-01 
9.542338e-01 
9.542338e-01 
9.542338e-01 
9.542338e-01 
9.542338e-01 
9.542338e-01 
9.542338e-01 
9.542338e-01 
9.542338e-01 
9.542338e-01 
9.542338e-01 
9.542338e-01 
9.542338e-01 
9.542338e-01 
9.542338e-01 
9.542338e-01 
9.542338e-01 
9.542338e-01 
9.542338e-01 
9.542338e-01 
9.542338e-01 
9.542338e-01 
9.542338e-01 
9.542338e-01 
9.483859e-01 
9.174322e-01 
8.809687e-01 
8.399211e-01 
7.950567e-01 
7.469442e-01 
6.959026e-01 
6.420025e-01 
5.850067e-01 
5.243286e-01 
4.586327e-01 
3.856233e-01 
3.001448e-01 
1.873325e-01 
2.898465e-02 
5.486306e-03 
2.107143e-03 
1.251071e-03 
8.509955e-04 
6.156631e-04 
4.643311e-04 
3.610472e-04 
2.874237e-04 
2.330904e-04 
1.925812e-04 
1.604484e-04 
1.358735e-04 
1.155790e-04 
1.002502e-04 
8.662763e-05 
7.538912e-05 
6.603483e-05 
5.818092e-05 
5.278207e-05 
4.694387e-05 
4.192779e-05 
3.760637e-05 
3.386288e-05 
3.060344e-05 
2.775199e-05 
2.524648e-05 
2.303589e-05 
2.107803e-05 
1.933775e-05 
1.751745e-05 
1.615836e-05 
1.493800e-05 
1.383901e-05 
1.284669e-05 
1.194842e-05 
1.113334e-05 
1.039208e-05 
9.704460e-06 
9.089029e-06 
8.525734e-06 
8.009141e-06 
7.534480e-06 
7.097482e-06 
6.692818e-06 
6.315566e-06 
5.953659e-06 
5.574820e-06 
5.059954e-06 
4.217502e-06 
3.141343e-06 
2.074078e-06 
1.116314e-06 
2.448434e-07 
-5.024472e-07 
-1.135125e-06 
-1.720466e-06 
-2.149012e-06 
-2.451797e-06 
-2.833116e-06 
-2.948134e-06 
-3.227091e-06 
-3.447383e-06 
-3.600691e-06 
-3.715094e-06 
-3.805567e-06 
-3.851201e-06 
-3.947431e-06 
-3.955663e-06 
-3.963602e-06 
-3.967703e-06 
-3.969165e-06 
-3.967576e-06 
-3.967374e-06 
-3.967359e-06 
-3.967358e-06 
-3.967358e-06 
-3.967358e-06 
-3.967358e-06 
-3.967358e-06 
-3.967358e-06 
-3.967358e-06 
-3.967358e-06 
-3.967358e-06 
-3.967358e-06 
-3.967358e-06 
-3.967358e-06 
-3.967358e-06 
-3.967358e-06 
-3.967358e-06 
-3.967358e-06 
-3.967358e-06 
-3.967358e-06 
-3.967358e-06 
-3.967358e-06 
-3.967358e-06 
-3.967358e-06 
-3.967358e-06 
-3.967358e-06 
-3.967358e-06 
-3.967358e-06 
-3.967358e-06 
-3.967358e-06 
-3.967358e-06 
-3.967358e-06 
-3.967358e-06 
-3.967358e-06 
-3.967358e-06 
-3.967358e-06 
-3.967358e-06 
-3.967358e-06 
-3.967358e-06 
-3.967358e-06 
-3.967358e-06 
-3.967358e-06 
-3.967358e-06 
-3.967358e-06 
-3.967358e-06 
-3.967358e-06 
-3.967358e-06 
-3.967358e-06 
-3.967358e-06 
-3.967358e-06 
-3.967358e-06 
-3.967358e-06 
-3.967358e-06 
-3.967358e-06 
-3.967358e-06 
-3.967358e-06 
-3.967358e-06 
-3.967358e-06 
-3.967358e-06 
-3.967358e-06 
-3.967358e-06 
-3.967358e-06 
-3.967358e-06 
-3.967358e-06 
-3.967358e-06 
-3.967358e-06 
-3.967358e-06 
-3.967358e-06 
-3.967358e-06 
-3.967358e-06 
-3.967358e-06 
-3.967358e-06 
-3.967358e-06 
-3.967358e-06 
-3.967358e-06 
-3.967358e-06 
-3.967358e-06 
-3.967358e-06 
-3.967358e-06 
-3.967358e-06 
-3.967358e-06 
-3.967358e-06 
-3.967358e-06 
-3.967358e-06 
-3.967358e-06 
-3.967358e-06 
-3.967358e-06 
-3.967358e-06 
-3.967358e-06 
-3.967358e-06 
-3.967358e-06 
-3.967358e-06 
-3.967358e-06 
-3.967358e-06 
-3.967358e-06 
-3.967358e-06 
-3.967358e-06 
-3.967358e-06 
-3.967358e-06 
-3.967358e-06 
-3.967358e-06 
-3.967358e-06 
-3.967358e-06 
-3.967358e-06 
-3.967358e-06 
-3.967358e-06 
-3.967358e-06 
-3.967358e-06 
-3.967358e-06 
-3.967358e-06 
-3.967358e-06 
-3.967358e-06 
-3.967358e-06 
-3.967358e-06 
-3.967358e-06 
-3.967358e-06 
-3.967358e-06 
-3.967358e-06 
-3.967358e-06 
-3.967358e-06 
-3.967358e-06 
-3.967358e-06 
-3.967358e-06 
-3.967358e-06 
-3.967358e-06 
-3.967358e-06 
-3.967358e-06 
-3.967358e-06 
-3.967358e-06 
-3.967358e-06 
-3.967358e-06 
-3.967358e-06 
-3.967358e-06 
-3.967358e-06 
-3.967358e-06 
-3.967358e-06 
-3.967358e-06 
-3.967358e-06 
-3.967358e-06 
-3.967358e-06 
-3.967358e-06 
-3.967358e-06 
-3.967358e-06 
-3.967358e-06 
-3.967358e-06 
-3.967358e-06 
-3.967358e-06 
-3.967358e-06 
-3.967358e-06 
-3.967358e-06 
-3.967358e-06 
-3.967358e-06 
-3.967358e-06 
-3.967358e-06 
-3.967358e-06 
-3.967358e-06 
-3.967358e-06 
-3.967358e-06 
-3.967358e-06 
-3.967358e-06 
-3.967358e-06 
-3.967358e-06 
-3.967358e-06 
-3.966925e-06 
-3.955306e-06 
-3.904694e-06 
-3.841753e-06 
-3.746187e-06 
-3.672289e-06 
-3.594668e-06 
-3.511981e-06 
-3.423840e-06 
-3.329826e-06 
-3.200529e-06 
-3.091171e-06 
-2.941647e-06 
-2.814302e-06 
-2.655341e-06 
-2.505243e-06 
-2.346366e-06 
-2.175953e-06 
-1.992774e-06 
-1.795685e-06 
-1.583420e-06 
-1.354579e-06 
-1.107605e-06 
-8.412486e-07 
-5.581146e-07 
-2.461877e-07 
3.961807e-08 
3.042594e-07 
5.724188e-07 
9.805999e-07 
1.425871e-06 
1.911400e-06 
2.441603e-06 
3.021469e-06 
3.505227e-06 
4.084496e-06 
4.823806e-06 
5.637380e-06 
6.533971e-06 
7.523801e-06 
8.618539e-06 
9.831527e-06 
1.117802e-05 
1.267546e-05 
1.496063e-05 
1.695354e-05 
1.912458e-05 
2.155692e-05 
2.428561e-05 
2.734982e-05 
3.079299e-05 
3.466261e-05 
4.045165e-05 
4.551691e-05 
5.117732e-05 
5.749242e-05 
6.450795e-05 
7.417527e-05 
8.282844e-05 
9.338660e-05 
1.038842e-04 
1.147429e-04 
1.262465e-04 
1.383801e-04 
1.511242e-04 
1.644737e-04 
1.784432e-04 
1.930560e-04 
2.083162e-04 
2.238873e-04 
2.410955e-04 
2.577736e-04 
2.774420e-04 
2.900347e-04 
3.119642e-04 
3.355605e-04 
3.608803e-04 
3.793044e-04 
4.070206e-04 
4.356574e-04 
4.639096e-04 
4.857502e-04 
4.874828e-04 
4.897653e-04 
4.899018e-04 
4.899101e-04 
4.899106e-04 
4.899106e-04 
4.899106e-04 
4.899106e-04 
4.899106e-04 
4.899106e-04 
4.899106e-04 
4.899106e-04 
4.899106e-04 
4.899106e-04 
4.899106e-04 
4.899106e-04 
4.899106e-04 
4.899106e-04 
4.899106e-04 
4.899106e-04 
4.899106e-04 
4.899106e-04 
4.899106e-04 
4.899106e-04 
4.899106e-04 
4.899106e-04 
4.899106e-04 
4.899106e-04 
4.899106e-04 
4.899106e-04 
4.899106e-04 
4.899106e-04 
4.899106e-04 
4.899106e-04 
4.899106e-04 
4.899106e-04 
4.899106e-04 
4.899106e-04 
4.899106e-04 
4.899106e-04 
4.899106e-04 
4.899106e-04 
4.899106e-04 
4.899106e-04 
4.899106e-04 
4.899106e-04 
4.899106e-04 
4.899106e-04 
4.899106e-04 
4.899106e-04 
4.899106e-04 
4.899106e-04 
4.899106e-04 
4.899106e-04 
4.899106e-04 
4.899106e-04 
4.899106e-04 
4.899106e-04 
4.899106e-04 
4.899106e-04 
4.899106e-04 
4.899106e-04 
4.899106e-04 
4.899106e-04 
4.899106e-04 
4.899106e-04 
4.899106e-04 
4.899106e-04 
4.899106e-04 
4.899106e-04 
4.899106e-04 
4.899106e-04 
4.899106e-04 
4.899106e-04 
4.899106e-04 
4.899106e-04 
4.899106e-04 
4.899106e-04 
4.899106e-04 
4.899106e-04 
4.899106e-04 
4.899106e-04 
4.899106e-04 
4.899106e-04 
4.899106e-04 
4.899106e-04 
4.899106e-04 
4.899106e-04 
4.899106e-04 
4.899106e-04 
4.899106e-04 
4.899106e-04 
4.899106e-04 
4.899106e-04 
4.899106e-04 
4.899106e-04 
4.899106e-04 
4.899106e-04 
4.899106e-04 
4.899106e-04 
4.899106e-04 
4.899106e-04 
4.899106e-04 
4.899106e-04 
4.899106e-04 
4.899106e-04 
4.899106e-04 
4.899106e-04 
4.899106e-04 
4.899106e-04 
4.899106e-04 
4.899106e-04 
4.899106e-04 
4.899106e-04 
4.899106e-04 
4.899106e-04 
4.899106e-04 
4.899106e-04 
4.899106e-04 
4.899106e-04 
4.899106e-04 
4.899106e-04 
4.899106e-04 
4.899106e-04 
4.899106e-04 
4.899106e-04 
4.899106e-04 
4.899106e-04 
4.899106e-04 
4.899106e-04 
4.899106e-04 
4.899106e-04 
4.899106e-04 
4.899106e-04 
4.899106e-04 
4.899106e-04 
4.899106e-04 
4.899106e-04 
4.899106e-04 
4.899106e-04 
4.899106e-04 
4.899106e-04 
4.899106e-04 
4.899106e-04 
4.899106e-04 
4.899106e-04 
4.899106e-04 
4.899106e-04 
4.899106e-04 
4.899106e-04 
4.899106e-04 
4.899106e-04 
4.899106e-04 
4.899106e-04 
4.899106e-04 
4.899106e-04 
4.899106e-04 
4.899106e-04 
4.899106e-04 
4.899106e-04 
4.899106e-04 
4.899106e-04 
4.899106e-04 
4.899106e-04 
4.899106e-04 
4.899106e-04 
4.899106e-04 
4.899106e-04 
4.933796e-04 
5.105952e-04 
5.311228e-04 
5.528587e-04 
5.792352e-04 
6.038921e-04 
6.300672e-04 
6.578796e-04 
6.874588e-04 
7.194495e-04 
7.530516e-04 
7.890054e-04 
8.272938e-04 
8.682817e-04 
9.121069e-04 
9.590625e-04 
1.009433e-03 
1.063533e-03 
1.121700e-03 
1.184279e-03 
1.251641e-03 
1.324259e-03 
1.402664e-03 
1.487446e-03 
1.579278e-03 
1.678858e-03 
1.786832e-03 
1.904786e-03 
2.030528e-03 
2.170811e-03 
2.324438e-03 
2.493019e-03 
2.678407e-03 
2.846365e-03 
3.067816e-03 
3.313124e-03 
3.585352e-03 
3.888263e-03 
4.226264e-03 
4.604539e-03 
5.029207e-03 
5.507527e-03 
6.048152e-03 
6.661447e-03 
7.359893e-03 
8.158606e-03 
9.260493e-03 
1.034964e-02 
1.161371e-02 
1.308922e-02 
1.482153e-02 
1.686794e-02 
1.930149e-02 
2.221600e-02 
2.597136e-02 
3.031784e-02 
3.579266e-02 
4.246046e-02 
5.090386e-02 
6.156227e-02 
7.508371e-02 
9.233971e-02 
1.143439e-01 
1.421113e-01 
1.763928e-01 
2.173158e-01 
2.641596e-01 
3.155805e-01 
3.698910e-01 
4.257187e-01 
4.820148e-01 
5.378136e-01 
5.927467e-01 
6.462801e-01 
6.982380e-01 
7.481736e-01 
7.956798e-01 
8.402197e-01 
8.810991e-01 
9.174861e-01 
9.484046e-01 
9.542483e-01 
9.542484e-01 
9.542484e-01 
9.542484e-01 
9.542484e-01 
9.542484e-01 
9.542484e-01 
9.542484e-01 
9.542484e-01 
9.542484e-01 
9.542484e-01 
9.542484e-01 
9.542484e-01 
9.542484e-01 
9.542484e-01 
9.542484e-01 
9.542484e-01 
9.542484e-01 
9.542484e-01 
9.542484e-01 
9.542484e-01 
9.542484e-01 
9.542484e-01 
9.542484e-01 
9.542484e-01 
9.542484e-01 
9.542484e-01 
9.542484e-01 
9.542484e-01 
9.542484e-01 
9.542484e-01 
9.542484e-01 
9.542484e-01 
9.542484e-01 
9.542484e-01 
9.542484e-01 
9.542484e-01 
9.542484e-01 
9.542484e-01 
9.542484e-01 
9.542484e-01 
9.542484e-01 
9.542484e-01 
9.542484e-01 
9.542484e-01 
9.542484e-01 
9.542484e-01 
9.542484e-01 
9.542484e-01 
9.542484e-01 
9.542484e-01 
9.542484e-01 
9.542484e-01 
9.542484e-01 
9.542484e-01 
9.542484e-01 
9.542484e-01 
9.542484e-01 
9.542484e-01 
9.542484e-01 
9.542484e-01 
9.542484e-01 
9.542484e-01 
9.542484e-01 
9.542484e-01 
9.542484e-01 
9.542484e-01 
9.542484e-01 
9.542484e-01 
9.542484e-01 
9.542484e-01 
9.542484e-01 
9.542484e-01 
9.542484e-01 
9.542484e-01 
9.542484e-01 
9.542484e-01 
9.542484e-01 
9.542484e-01 
9.542484e-01 
9.542484e-01 
9.542484e-01 
9.542484e-01 
9.542484e-01 
9.542484e-01 
9.542484e-01 
9.542484e-01 
9.542484e-01 
9.542484e-01 
9.542484e-01 
9.542484e-01 
9.542484e-01 
9.542484e-01 
9.542484e-01 
9.542484e-01 
9.542484e-01 
9.542484e-01 
9.542484e-01 
9.542484e-01 
9.542484e-01 
9.542484e-01 
9.542484e-01 
9.542484e-01 
9.542484e-01 
9.542484e-01 
9.542484e-01 
9.542484e-01 
9.542484e-01 
9.542484e-01 
9.542484e-01 
9.542484e-01 
9.542484e-01 
9.542484e-01 
9.542484e-01 
9.542484e-01 
9.542484e-01 
9.542484e-01 
9.542484e-01 
9.542484e-01 
9.542484e-01 
9.542484e-01 
9.542484e-01 
9.542484e-01 
9.542484e-01 
9.542484e-01 
9.542484e-01 
9.542484e-01 
9.542484e-01 
9.542484e-01 
9.542484e-01 
9.542484e-01 
9.542484e-01 
9.542484e-01 
9.542484e-01 
9.542484e-01 
9.542484e-01 
9.542484e-01 
9.542484e-01 
9.542484e-01 
9.542484e-01 
9.542484e-01 
9.542484e-01 
9.542484e-01 
9.542484e-01 
9.542484e-01 
9.542484e-01 
9.542484e-01 
9.542484e-01 
9.542484e-01 
9.542484e-01 
9.542484e-01 
9.542484e-01 
9.542484e-01 
9.542484e-01 
9.542484e-01 
9.542484e-01 
9.542484e-01 
9.542484e-01 
9.542484e-01 
9.542484e-01 
9.542484e-01 
9.542484e-01 
9.542484e-01 
9.542484e-01 
9.542484e-01 
9.542484e-01 
9.542484e-01 
9.542484e-01 
9.542484e-01 
9.542483e-01 
9.542482e-01 
9.542481e-01 
9.542479e-01 
9.542477e-01 
9.542475e-01 
9.542473e-01 
9.542471e-01 
9.542469e-01 
9.542466e-01 
9.542464e-01 
9.542461e-01 
9.542458e-01 
9.542455e-01 
9.542452e-01 
9.542448e-01 
9.542445e-01 
9.542441e-01 
9.542437e-01 
9.542433e-01 
9.542429e-01 
9.542425e-01 
9.542421e-01 
9.542418e-01 
9.542414e-01 
9.542411e-01 
9.542407e-01 
9.542404e-01 
9.542401e-01 
9.542398e-01 
9.542395e-01 
9.542393e-01 
9.542390e-01 
9.542388e-01 
9.542386e-01 
9.542384e-01 
9.542382e-01 
9.542380e-01 
9.542378e-01 
9.542376e-01 
9.542374e-01 
9.542372e-01 
9.542371e-01 
9.542369e-01 
9.542368e-01 
9.542366e-01 
9.542365e-01 
9.542364e-01 
9.542363e-01 
9.542361e-01 
9.542360e-01 
9.542359e-01 
9.542358e-01 
9.542357e-01 
9.542356e-01 
9.542355e-01 
9.542354e-01 
9.542353e-01 
9.542352e-01 
9.542351e-01 
9.542350e-01 
9.542349e-01 
9.542349e-01 
9.542348e-01 
9.542347e-01 
9.542346e-01 
9.542346e-01 
9.542345e-01 
9.542344e-01 
9.542344e-01 
9.542343e-01 
9.542343e-01 
9.542342e-01 
9.542341e-01 
9.542341e-01 
9.542340e-01 
9.542340e-01 
9.542339e-01 
9.542339e-01 
9.542338e-01 
9.542338e-01 
9.542338e-01 
9.542338e-01 
9.542338e-01 
9.542338e-01 
9.542338e-01 
9.542338e-01 
9.542338e-01 
9.542338e-01 
9.542338e-01 
9.542338e-01 
9.542338e-01 
9.542338e-01 
9.542338e-01 
9.542338e-01 
9.542338e-01 
9.542338e-01 
9.542338e-01 
9.542338e-01 
9.542338e-01 
9.542338e-01 
9.542338e-01 
9.542338e-01 
9.542338e-01 
9.542338e-01 
9.542338e-01 
9.542338e-01 
9.542338e-01 
9.542338e-01 
9.542338e-01 
9.542338e-01 
9.542338e-01 
9.542338e-01 
9.542338e-01 
9.542338e-01 
9.542338e-01 
9.542338e-01 
9.542338e-01 
9.542338e-01 
9.542338e-01 
9.542338e-01 
9.542338e-01 
9.542338e-01 
9.542338e-01 
9.542338e-01 
9.542338e-01 
9.542338e-01 
9.542338e-01 
9.542338e-01 
9.542338e-01 
9.542338e-01 
9.542338e-01 
9.542338e-01 
9.542338e-01 
9.542338e-01 
9.542338e-01 
9.542338e-01 
9.542338e-01 
9.542338e-01 
9.542338e-01 
9.542338e-01 
9.542338e-01 
9.542338e-01 
9.542338e-01 
9.542338e-01 
9.542338e-01 
9.542338e-01 
9.542338e-01 
9.542338e-01 
9.542338e-01 
9.542338e-01 
9.542338e-01 
9.542338e-01 
9.542338e-01 
9.542338e-01 
9.542338e-01 
9.542338e-01 
9.542338e-01 
9.542338e-01 
9.542338e-01 
9.542338e-01 
9.542338e-01 
9.542338e-01 
9.542338e-01 
9.542338e-01 
9.542338e-01 
9.542338e-01 
9.542338e-01 
9.542338e-01 
9.542338e-01 
9.542338e-01 
9.542338e-01 
9.542338e-01 
9.542338e-01 
9.542338e-01 
9.542338e-01 
9.542338e-01 
9.542338e-01 
9.542338e-01 
9.542338e-01 
9.542338e-01 
9.542338e-01 
9.542338e-01 
9.542338e-01 
9.542338e-01 
9.542338e-01 
9.542338e-01 
9.542338e-01 
9.542338e-01 
9.542338e-01 
9.542338e-01 
9.542338e-01 
9.542338e-01 
9.542338e-01 
9.542338e-01 
9.542338e-01 
9.542338e-01 
9.542338e-01 
9.542338e-01 
9.542338e-01 
9.542338e-01 
9.542338e-01 
9.542338e-01 
9.542338e-01 
9.542338e-01 
9.542338e-01 
9.542338e-01 
9.542338e-01 
9.542338e-01 
9.542338e-01 
9.542338e-01 
9.542338e-01 
9.542338e-01 
9.542338e-01 
9.542338e-01 
9.542338e-01 
9.542338e-01 
9.542338e-01 
9.542338e-01 
9.542338e-01 
9.542338e-01 
9.542338e-01 
9.542338e-01 
9.542338e-01 
9.542338e-01 
9.542338e-01 
9.542338e-01 
9.542338e-01 
9.542338e-01 
9.542338e-01 
9.542338e-01 
9.542338e-01 
9.542338e-01 
9.542338e-01 
9.542338e-01 
9.542338e-01 
9.542338e-01 
9.542338e-01 
9.542338e-01 
9.542338e-01 
9.542338e-01 
9.542338e-01 
9.542338e-01 
9.542338e-01 
9.542338e-01 
9.542338e-01 
9.542338e-01 
9.542338e-01 
9.542338e-01 
9.542338e-01 
9.483859e-01 
9.174322e-01 
8.809687e-01 
8.399211e-01 
7.950629e-01 
7.469653e-01 
6.959752e-01 
6.422109e-01 
5.851363e-01 
5.247252e-01 
4.591779e-01 
3.862279e-01 
3.018322e-01 
1.900416e-01 
2.907118e-02 
7.796552e-03 
2.259446e-03 
1.253792e-03 
8.517279e-04 
6.164570e-04 
4.649673e-04 
3.614981e-04 
2.877539e-04 
2.337125e-04 
1.927809e-04 
1.615332e-04 
1.359999e-04 
1.156757e-04 
1.003286e-04 
8.669182e-05 
7.544201e-05 
6.607892e-05 
5.821809e-05 
5.281497e-05 
4.697256e-05 
4.195265e-05 
3.762809e-05 
3.388205e-05 
3.062051e-05 
2.776732e-05 
2.526038e-05 
2.304861e-05 
2.108976e-05 
1.934869e-05 
1.779594e-05 
1.640675e-05 
1.516015e-05 
1.403835e-05 
1.302614e-05 
1.195732e-05 
1.114222e-05 
1.040115e-05 
9.725882e-06 
9.109361e-06 
8.545438e-06 
8.021904e-06 
7.549094e-06 
7.116022e-06 
6.718707e-06 
6.355295e-06 
6.028764e-06 
5.758355e-06 
5.702475e-06 
6.035291e-06 
6.613272e-06 
7.187875e-06 
7.679882e-06 
8.114051e-06 
8.454944e-06 
8.709147e-06 
8.937931e-06 
9.035485e-06 
9.029000e-06 
9.116709e-06 
8.961747e-06 
8.981356e-06 
8.957686e-06 
8.913586e-06 
8.810130e-06 
8.694711e-06 
8.546474e-06 
8.578056e-06 
8.580453e-06 
8.587787e-06 
8.591729e-06 
8.593135e-06 
8.591579e-06 
8.591382e-06 
8.591368e-06 
8.591367e-06 
8.591367e-06 
8.591367e-06 
8.591367e-06 
8.591367e-06 
8.591367e-06 
8.591367e-06 
8.591367e-06 
8.591367e-06 
8.591367e-06 
8.591367e-06 
8.591367e-06 
8.591367e-06 
8.591367e-06 
8.591367e-06 
8.591367e-06 
8.591367e-06 
8.591367e-06 
8.591367e-06 
8.591367e-06 
8.591367e-06 
8.591367e-06 
8.591367e-06 
8.591367e-06 
8.591367e-06 
8.591367e-06 
8.591367e-06 
8.591367e-06 
8.591367e-06 
8.591367e-06 
8.591367e-06 
8.591367e-06 
8.591367e-06 
8.591367e-06 
8.591367e-06 
8.591367e-06 
8.591367e-06 
8.591367e-06 
8.591367e-06 
8.591367e-06 
8.591367e-06 
8.591367e-06 
8.591367e-06 
8.591367e-06 
8.591367e-06 
8.591367e-06 
8.591367e-06 
8.591367e-06 
8.591367e-06 
8.591367e-06 
8.591367e-06 
8.591367e-06 
8.591367e-06 
8.591367e-06 
8.591367e-06 
8.591367e-06 
8.591367e-06 
8.591367e-06 
8.591367e-06 
8.591367e-06 
8.591367e-06 
8.591367e-06 
8.591367e-06 
8.591367e-06 
8.591367e-06 
8.591367e-06 
8.591367e-06 
8.591367e-06 
8.591367e-06 
8.591367e-06 
8.591367e-06 
8.591367e-06 
8.591367e-06 
8.591367e-06 
8.591367e-06 
8.591367e-06 
8.591367e-06 
8.591367e-06 
8.591367e-06 
8.591367e-06 
8.591367e-06 
8.591367e-06 
8.591367e-06 
8.591367e-06 
8.591367e-06 
8.591367e-06 
8.591367e-06 
8.591367e-06 
8.591367e-06 
8.591367e-06 
8.591367e-06 
8.591367e-06 
8.591367e-06 
8.591367e-06 
8.591367e-06 
8.591367e-06 
8.591367e-06 
8.591367e-06 
8.591367e-06 
8.591367e-06 
8.591367e-06 
8.591367e-06 
8.591367e-06 
8.591367e-06 
8.591367e-06 
8.591367e-06 
8.591367e-06 
8.591367e-06 
8.591367e-06 
8.591367e-06 
8.591367e-06 
8.591367e-06 
8.591367e-06 
8.591367e-06 
8.591367e-06 
8.591367e-06 
8.591367e-06 
8.591367e-06 
8.591367e-06 
8.591367e-06 
8.591367e-06 
8.591367e-06 
8.591367e-06 
8.591367e-06 
8.591367e-06 
8.591367e-06 
8.591367e-06 
8.591367e-06 
8.591367e-06 
8.591367e-06 
8.591367e-06 
8.591367e-06 
8.591367e-06 
8.591367e-06 
8.591367e-06 
8.591367e-06 
8.591367e-06 
8.591367e-06 
8.591367e-06 
8.591367e-06 
8.591367e-06 
8.591367e-06 
8.591367e-06 
8.591367e-06 
8.591367e-06 
8.591367e-06 
8.591367e-06 
8.591367e-06 
8.591367e-06 
8.591367e-06 
8.591367e-06 
8.591367e-06 
8.591367e-06 
8.591367e-06 
8.591367e-06 
8.591367e-06 
8.591367e-06 
8.591367e-06 
8.591367e-06 
8.591367e-06 
8.591367e-06 
8.593509e-06 
8.614937e-06 
8.679032e-06 
8.745674e-06 
8.830810e-06 
8.901626e-06 
8.974571e-06 
9.049605e-06 
9.161907e-06 
9.242363e-06 
9.338175e-06 
9.424726e-06 
9.512705e-06 
9.603232e-06 
9.696378e-06 
9.792213e-06 
9.890804e-06 
9.992216e-06 
1.009651e-05 
1.020374e-05 
1.031395e-05 
1.042719e-05 
1.054349e-05 
1.066367e-05 
1.078526e-05 
1.089431e-05 
1.102303e-05 
1.109284e-05 
1.122591e-05 
1.136158e-05 
1.149979e-05 
1.164031e-05 
1.178277e-05 
1.189631e-05 
1.204373e-05 
1.219002e-05 
1.233602e-05 
1.248076e-05 
1.262297e-05 
1.276107e-05 
1.289312e-05 
1.301669e-05 
1.312878e-05 
1.322566e-05 
1.330274e-05 
1.335427e-05 
1.337312e-05 
1.335039e-05 
1.327495e-05 
1.303399e-05 
1.273487e-05 
1.234995e-05 
1.181718e-05 
1.109701e-05 
1.013918e-05 
8.537191e-06 
6.749953e-06 
3.614830e-06 
4.344489e-07 
-4.447044e-06 
-1.057740e-05 
-1.781116e-05 
-2.666634e-05 
-3.749928e-05 
-5.048759e-05 
-6.563848e-05 
-8.277976e-05 
-1.013198e-04 
-1.212577e-04 
-1.415874e-04 
-1.655172e-04 
-1.856699e-04 
-2.122034e-04 
-2.300134e-04 
-2.584569e-04 
-2.885111e-04 
-3.201748e-04 
-3.533734e-04 
-3.877346e-04 
-4.118241e-04 
-4.458422e-04 
-4.722400e-04 
-4.742953e-04 
-4.770177e-04 
-4.772460e-04 
-4.772496e-04 
-4.772496e-04 
-4.772496e-04 
-4.772496e-04 
-4.772496e-04 
-4.772496e-04 
-4.772496e-04 
-4.772496e-04 
-4.772496e-04 
-4.772496e-04 
-4.772496e-04 
-4.772496e-04 
-4.772496e-04 
-4.772496e-04 
-4.772496e-04 
-4.772496e-04 
-4.772496e-04 
-4.772496e-04 
-4.772496e-04 
-4.772496e-04 
-4.772496e-04 
-4.772496e-04 
-4.772496e-04 
-4.772496e-04 
-4.772496e-04 
-4.772496e-04 
-4.772496e-04 
-4.772496e-04 
-4.772496e-04 
-4.772496e-04 
-4.772496e-04 
-4.772496e-04 
-4.772496e-04 
-4.772496e-04 
-4.772496e-04 
-4.772496e-04 
-4.772496e-04 
-4.772496e-04 
-4.772496e-04 
-4.772496e-04 
-4.772496e-04 
-4.772496e-04 
-4.772496e-04 
-4.772496e-04 
-4.772496e-04 
-4.772496e-04 
-4.772496e-04 
-4.772496e-04 
-4.772496e-04 
-4.772496e-04 
-4.772496e-04 
-4.772496e-04 
-4.772496e-04 
-4.772496e-04 
-4.772496e-04 
-4.772496e-04 
-4.772496e-04 
-4.772496e-04 
-4.772496e-04 
-4.772496e-04 
-4.772496e-04 
-4.772496e-04 
-4.772496e-04 
-4.772496e-04 
-4.772496e-04 
-4.772496e-04 
-4.772496e-04 
-4.772496e-04 
-4.772496e-04 
-4.772496e-04 
-4.772496e-04 
-4.772496e-04 
-4.772496e-04 
-4.772496e-04 
-4.772496e-04 
-4.772496e-04 
-4.772496e-04 
-4.772496e-04 
-4.772496e-04 
-4.772496e-04 
-4.772496e-04 
-4.772496e-04 
-4.772496e-04 
-4.772496e-04 
-4.772496e-04 
-4.772496e-04 
-4.772496e-04 
-4.772496e-04 
-4.772496e-04 
-4.772496e-04 
-4.772496e-04 
-4.772496e-04 
-4.772496e-04 
-4.772496e-04 
-4.772496e-04 
-4.772496e-04 
-4.772496e-04 
-4.772496e-04 
-4.772496e-04 
-4.772496e-04 
-4.772496e-04 
-4.772496e-04 
-4.772496e-04 
-4.772496e-04 
-4.772496e-04 
-4.772496e-04 
-4.772496e-04 
-4.772496e-04 
-4.772496e-04 
-4.772496e-04 
-4.772496e-04 
-4.772496e-04 
-4.772496e-04 
-4.772496e-04 
-4.772496e-04 
-4.772496e-04 
-4.772496e-04 
-4.772496e-04 
-4.772496e-04 
-4.772496e-04 
-4.772496e-04 
-4.772496e-04 
-4.772496e-04 
-4.772496e-04 
-4.772496e-04 
-4.772496e-04 
-4.772496e-04 
-4.772496e-04 
-4.772496e-04 
-4.772496e-04 
-4.772496e-04 
-4.772496e-04 
-4.772496e-04 
-4.772496e-04 
-4.772496e-04 
-4.772496e-04 
-4.772496e-04 
-4.772496e-04 
-4.772496e-04 
-4.772496e-04 
-4.772496e-04 
-4.772496e-04 
-4.772496e-04 
-4.772496e-04 
-4.772496e-04 
-4.772496e-04 
-4.772496e-04 
-4.772496e-04 
-4.772496e-04 
-4.772496e-04 
-4.772496e-04 
-4.772496e-04 
-4.772496e-04 
-4.772496e-04 
-4.772496e-04 
-4.772496e-04 
-4.772496e-04 
-4.772496e-04 
-4.772496e-04 
-4.772496e-04 
-4.772496e-04 
-4.772496e-04 
-4.772496e-04 
-4.772496e-04 
-4.772496e-04 
-4.806310e-04 
-4.974205e-04 
-5.203423e-04 
-5.417694e-04 
-5.648103e-04 
-5.889359e-04 
-6.146208e-04 
-6.418548e-04 
-6.708222e-04 
-7.016599e-04 
-7.345331e-04 
-7.695989e-04 
-8.070467e-04 
-8.470817e-04 
-8.899303e-04 
-9.358597e-04 
-9.851713e-04 
-1.038069e-03 
-1.094923e-03 
-1.156089e-03 
-1.221948e-03 
-1.292967e-03 
-1.369675e-03 
-1.452642e-03 
-1.542487e-03 
-1.639736e-03 
-1.745814e-03 
-1.858605e-03 
-1.984346e-03 
-2.121805e-03 
-2.272367e-03 
-2.437625e-03 
-2.619406e-03 
-2.784078e-03 
-3.001343e-03 
-3.242057e-03 
-3.509263e-03 
-3.806675e-03 
-4.138643e-03 
-4.510284e-03 
-4.927642e-03 
-5.397891e-03 
-5.929584e-03 
-6.532969e-03 
-7.356845e-03 
-8.164399e-03 
-9.092993e-03 
-1.016613e-02 
-1.141263e-02 
-1.286836e-02 
-1.457836e-02 
-1.659955e-02 
-1.915508e-02 
-2.207679e-02 
-2.560876e-02 
-2.991393e-02 
-3.534584e-02 
-4.196383e-02 
-5.035590e-02 
-6.096202e-02 
-7.443311e-02 
-9.164794e-02 
-1.136313e-01 
-1.414106e-01 
-1.757454e-01 
-2.167605e-01 
-2.637184e-01 
-3.152551e-01 
-3.696641e-01 
-4.255686e-01 
-4.819209e-01 
-5.377562e-01 
-5.927134e-01 
-6.462608e-01 
-6.982277e-01 
-7.481683e-01 
-7.956771e-01 
-8.402185e-01 
-8.810985e-01 
-9.174859e-01 
-9.484045e-01 
-9.542483e-01 
-9.542483e-01 
-9.542483e-01 
-9.542483e-01 
-9.542483e-01 
-9.542483e-01 
-9.542483e-01 
-9.542483e-01 
-9.542483e-01 
-9.542483e-01 
-9.542483e-01 
-9.542483e-01 
-9.542483e-01 
-9.542483e-01 
-9.542483e-01 
-9.542483e-01 
-9.542483e-01 
-9.542483e-01 
-9.542483e-01 
-9.542483e-01 
-9.542483e-01 
-9.542483e-01 
-9.542483e-01 
-9.542483e-01 
-9.542483e-01 
-9.542483e-01 
-9.542483e-01 
-9.542483e-01 
-9.542483e-01 
-9.542483e-01 
-9.542483e-01 
-9.542483e-01 
-9.542483e-01 
-9.542483e-01 
-9.542483e-01 
-9.542483e-01 
-9.542483e-01 
-9.542483e-01 
-9.542483e-01 
-9.542483e-01 
-9.542483e-01 
-9.542483e-01 
-9.542483e-01 
-9.542483e-01 
-9.542483e-01 
-9.542483e-01 
-9.542483e-01 
-9.542483e-01 
-9.542483e-01 
-9.542483e-01 
-9.542483e-01 
-9.542483e-01 
-9.542483e-01 
-9.542483e-01 
-9.542483e-01 
-9.542483e-01 
-9.542483e-01 
-9.542483e-01 
-9.542483e-01 
-9.542483e-01 
-9.542483e-01 
-9.542483e-01 
-9.542483e-01 
-9.542483e-01 
-9.542483e-01 
-9.542483e-01 
-9.542483e-01 
-9.542483e-01 
-9.542483e-01 
-9.542483e-01 
-9.542483e-01 
-9.542483e-01 
-9.542483e-01 
-9.542483e-01 
-9.542483e-01 
-9.542483e-01 
-9.542483e-01 
-9.542483e-01 
-9.542483e-01 
-9.542483e-01 
-9.542483e-01 
-9.542483e-01 
-9.542483e-01 
-9.542483e-01 
-9.542483e-01 
-9.542483e-01 
-9.542483e-01 
-9.542483e-01 
-9.542483e-01 
-9.542483e-01 
-9.542483e-01 
-9.542483e-01 
-9.542483e-01 
-9.542483e-01 
-9.542483e-01 
-9.542483e-01 
-9.542483e-01 
-9.542483e-01 
-9.542483e-01 
-9.542483e-01 
-9.542483e-01 
-9.542483e-01 
-9.542483e-01 
-9.542483e-01 
-9.542483e-01 
-9.542483e-01 
-9.542483e-01 
-9.542483e-01 
-9.542483e-01 
-9.542483e-01 
-9.542483e-01 
-9.542483e-01 
-9.542483e-01 
-9.542483e-01 
-9.542483e-01 
-9.542483e-01 
-9.542483e-01 
-9.542483e-01 
-9.542483e-01 
-9.542483e-01 
-9.542483e-01 
-9.542483e-01 
-9.542483e-01 
-9.542483e-01 
-9.542483e-01 
-9.542483e-01 
-9.542483e-01 
-9.542483e-01 
-9.542483e-01 
-9.542483e-01 
-9.542483e-01 
-9.542483e-01 
-9.542483e-01 
-9.542483e-01 
-9.542483e-01 
-9.542483e-01 
-9.542483e-01 
-9.542483e-01 
-9.542483e-01 
-9.542483e-01 
-9.542483e-01 
-9.542483e-01 
-9.542483e-01 
-9.542483e-01 
-9.542483e-01 
-9.542483e-01 
-9.542483e-01 
-9.542483e-01 
-9.542483e-01 
-9.542483e-01 
-9.542483e-01 
-9.542483e-01 
-9.542483e-01 
-9.542483e-01 
-9.542483e-01 
-9.542483e-01 
-9.542483e-01 
-9.542483e-01 
-9.542483e-01 
-9.542483e-01 
-9.542483e-01 
-9.542483e-01 
-9.542483e-01 
-9.542483e-01 
-9.542483e-01 
-9.542483e-01 
-9.542483e-01 
-9.542483e-01 
-9.542483e-01 
-9.542483e-01 
-9.542481e-01 
-9.542480e-01 
-9.542478e-01 
-9.542476e-01 
-9.542473e-01 
-9.542471e-01 
-9.542468e-01 
-9.542465e-01 
-9.542462e-01 
-9.542458e-01 
-9.542453e-01 
-9.542448e-01 
-9.542441e-01 
-9.542429e-01 
-9.542418e-01 
-9.542414e-01 
-9.542410e-01 
-9.542407e-01 
-9.542404e-01 
-9.542401e-01 
-9.542398e-01 
-9.542396e-01 
-9.542393e-01 
-9.542391e-01 
-9.542389e-01 
-9.542387e-01 
-9.542385e-01 
-9.542383e-01 
-9.542381e-01 
-9.542379e-01 
-9.542377e-01 
-9.542376e-01 
-9.542374e-01 
-9.542373e-01 
-9.542371e-01 
-9.542370e-01 
-9.542368e-01 
-9.542367e-01 
-9.542366e-01 
-9.542364e-01 
-9.542363e-01 
-9.542362e-01 
-9.542361e-01 
-9.542360e-01 
-9.542359e-01 
-9.542358e-01 
-9.542357e-01 
-9.542356e-01 
-9.542355e-01 
-9.542354e-01 
-9.542353e-01 
-9.542352e-01 
-9.542351e-01 
-9.542350e-01 
-9.542350e-01 
-9.542349e-01 
-9.542348e-01 
-9.542347e-01 
-9.542347e-01 
-9.542346e-01 
-9.542345e-01 
-9.542345e-01 
-9.542344e-01 
-9.542343e-01 
-9.542343e-01 
-9.542342e-01 
-9.542342e-01 
-9.542341e-01 
-9.542340e-01 
-9.542340e-01 
-9.542339e-01 
-9.542339e-01 
-9.542338e-01 
-9.542338e-01 
-9.542337e-01 
-9.542337e-01 
-9.542337e-01 
-9.542336e-01 
-9.542336e-01 
-9.542335e-01 
-9.542335e-01 
-9.542335e-01 
-9.542335e-01 
-9.542335e-01 
-9.542335e-01 
-9.542335e-01 
-9.542335e-01 
-9.542335e-01 
-9.542335e-01 
-9.542335e-01 
-9.542335e-01 
-9.542335e-01 
-9.542335e-01 
-9.542335e-01 
-9.542335e-01 
-9.542335e-01 
-9.542335e-01 
-9.542335e-01 
-9.542335e-01 
-9.542335e-01 
-9.542335e-01 
-9.542335e-01 
-9.542335e-01 
-9.542335e-01 
-9.542335e-01 
-9.542335e-01 
-9.542335e-01 
-9.542335e-01 
-9.542335e-01 
-9.542335e-01 
-9.542335e-01 
-9.542335e-01 
-9.542335e-01 
-9.542335e-01 
-9.542335e-01 
-9.542335e-01 
-9.542335e-01 
-9.542335e-01 
-9.542335e-01 
-9.542335e-01 
-9.542335e-01 
-9.542335e-01 
-9.542335e-01 
-9.542335e-01 
-9.542335e-01 
-9.542335e-01 
-9.542335e-01 
-9.542335e-01 
-9.542335e-01 
-9.542335e-01 
-9.542335e-01 
-9.542335e-01 
-9.542335e-01 
-9.542335e-01 
-9.542335e-01 
-9.542335e-01 
-9.542335e-01 
-9.542335e-01 
-9.542335e-01 
-9.542335e-01 
-9.542335e-01 
-9.542335e-01 
-9.542335e-01 
-9.542335e-01 
-9.542335e-01 
-9.542335e-01 
-9.542335e-01 
-9.542335e-01 
-9.542335e-01 
-9.542335e-01 
-9.542335e-01 
-9.542335e-01 
-9.542335e-01 
-9.542335e-01 
-9.542335e-01 
-9.542335e-01 
-9.542335e-01 
-9.542335e-01 
-9.542335e-01 
-9.542335e-01 
-9.542335e-01 
-9.542335e-01 
-9.542335e-01 
-9.542335e-01 
-9.542335e-01 
-9.542335e-01 
-9.542335e-01 
-9.542335e-01 
-9.542335e-01 
-9.542335e-01 
-9.542335e-01 
-9.542335e-01 
-9.542335e-01 
-9.542335e-01 
-9.542335e-01 
-9.542335e-01 
-9.542335e-01 
-9.542335e-01 
-9.542335e-01 
-9.542335e-01 
-9.542335e-01 
-9.542335e-01 
-9.542335e-01 
-9.542335e-01 
-9.542335e-01 
-9.542335e-01 
-9.542335e-01 
-9.542335e-01 
-9.542335e-01 
-9.542335e-01 
-9.542335e-01 
-9.542335e-01 
-9.542335e-01 
-9.542335e-01 
-9.542335e-01 
-9.542335e-01 
-9.542335e-01 
-9.542335e-01 
-9.542335e-01 
-9.542335e-01 
-9.542335e-01 
-9.542335e-01 
-9.542335e-01 
-9.542335e-01 
-9.542335e-01 
-9.542335e-01 
-9.542335e-01 
-9.542335e-01 
-9.542335e-01 
-9.542335e-01 
-9.542335e-01 
-9.542335e-01 
-9.542335e-01 
-9.542335e-01 
-9.542335e-01 
-9.542335e-01 
-9.542335e-01 
-9.542335e-01 
-9.542335e-01 
-9.542335e-01 
-9.542335e-01 
-9.542335e-01 
-9.542335e-01 
-9.542335e-01 
-9.542335e-01 
-9.542335e-01 
-9.542335e-01 
-9.542335e-01 
-9.542335e-01 
-9.542335e-01 
-9.542335e-01 
-9.542335e-01 
-9.542335e-01 
-9.542335e-01 
-9.542335e-01 
-9.542335e-01 
-9.542335e-01 
-9.542335e-01 
-9.542335e-01 
-9.542335e-01 
-9.542335e-01 
-9.542335e-01 
-9.542335e-01 
-9.542335e-01 
-9.542335e-01 
-9.542335e-01 
-9.542335e-01 
-9.542335e-01 
-9.542335e-01 
-9.483856e-01 
-9.174312e-01 
-8.809663e-01 
-8.399157e-01 
-7.950515e-01 
-7.469423e-01 
-6.959305e-01 
-6.421271e-01 
-5.849740e-01 
-5.241165e-01 
-4.586208e-01 
-3.848085e-01 
-2.975106e-01 
-1.790078e-01 
2.876339e-03 
3.978026e-03 
2.076659e-03 
1.253140e-03 
8.517277e-04 
6.164570e-04 
4.649673e-04 
3.614981e-04 
2.877539e-04 
2.337125e-04 
1.927809e-04 
1.615332e-04 
1.359999e-04 
1.156757e-04 
1.003286e-04 
8.669182e-05 
7.544200e-05 
6.607891e-05 
5.821809e-05 
5.281496e-05 
4.697256e-05 
4.195265e-05 
3.762809e-05 
3.388205e-05 
3.062050e-05 
2.776732e-05 
2.526037e-05 
2.304860e-05 
2.108976e-05 
1.934868e-05 
1.779594e-05 
1.640674e-05 
1.516015e-05 
1.403834e-05 
1.302613e-05 
1.195731e-05 
1.114220e-05 
1.040112e-05 
9.725837e-06 
9.109291e-06 
8.545324e-06 
8.021671e-06 
7.548661e-06 
7.115067e-06 
6.716498e-06 
6.349459e-06 
6.011397e-06 
5.700185e-06 
5.422748e-06 
5.166657e-06 
4.891229e-06 
4.622804e-06 
4.378887e-06 
4.168450e-06 
3.968995e-06 
3.775762e-06 
3.611642e-06 
3.419664e-06 
3.257978e-06 
3.121141e-06 
3.011381e-06 
2.888898e-06 
2.767017e-06 
2.677475e-06 
2.555519e-06 
2.453576e-06 
2.356418e-06 
2.322923e-06 
2.326467e-06 
2.317445e-06 
2.316431e-06 
2.317454e-06 
2.315852e-06 
2.315651e-06 
2.315636e-06 
2.315635e-06 
2.315635e-06 
2.315635e-06 
2.315635e-06 
2.315635e-06 
2.315635e-06 
2.315635e-06 
2.315635e-06 
2.315635e-06 
2.315635e-06 
2.315635e-06 
2.315635e-06 
2.315635e-06 
2.315635e-06 
2.315635e-06 
2.315635e-06 
2.315635e-06 
2.315635e-06 
2.315635e-06 
2.315635e-06 
2.315635e-06 
2.315635e-06 
2.315635e-06 
2.315635e-06 
2.315635e-06 
2.315635e-06 
2.315635e-06 
2.315635e-06 
2.315635e-06 
2.315635e-06 
2.315635e-06 
2.315635e-06 
2.315635e-06 
2.315635e-06 
2.315635e-06 
2.315635e-06 
2.315635e-06 
2.315635e-06 
2.315635e-06 
2.315635e-06 
2.315635e-06 
2.315635e-06 
2.315635e-06 
2.315635e-06 
2.315635e-06 
2.315635e-06 
2.315635e-06 
2.315635e-06 
2.315635e-06 
2.315635e-06 
2.315635e-06 
2.315635e-06 
2.315635e-06 
2.315635e-06 
2.315635e-06 
2.315635e-06 
2.315635e-06 
2.315635e-06 
2.315635e-06 
2.315635e-06 
2.315635e-06 
2.315635e-06 
2.315635e-06 
2.315635e-06 
2.315635e-06 
2.315635e-06 
2.315635e-06 
2.315635e-06 
2.315635e-06 
2.315635e-06 
2.315635e-06 
2.315635e-06 
2.315635e-06 
2.315635e-06 
2.315635e-06 
2.315635e-06 
2.315635e-06 
2.315635e-06 
2.315635e-06 
2.315635e-06 
2.315635e-06 
2.315635e-06 
2.315635e-06 
2.315635e-06 
2.315635e-06 
2.315635e-06 
2.315635e-06 
2.315635e-06 
2.315635e-06 
2.315635e-06 
2.315635e-06 
2.315635e-06 
2.315635e-06 
2.315635e-06 
2.315635e-06 
2.315635e-06 
2.315635e-06 
2.315635e-06 
2.315635e-06 
2.315635e-06 
2.315635e-06 
2.315635e-06 
2.315635e-06 
2.315635e-06 
2.315635e-06 
2.315635e-06 
2.315635e-06 
2.315635e-06 
2.315635e-06 
2.315635e-06 
2.315635e-06 
2.315635e-06 
2.315635e-06 
2.315635e-06 
2.315635e-06 
2.315635e-06 
2.315635e-06 
2.315635e-06 
2.315635e-06 
2.315635e-06 
2.315635e-06 
2.315635e-06 
2.315635e-06 
2.315635e-06 
2.315635e-06 
2.315635e-06 
2.315635e-06 
2.315635e-06 
2.315635e-06 
2.315635e-06 
2.315635e-06 
2.315635e-06 
2.315635e-06 
2.315635e-06 
2.315635e-06 
2.315635e-06 
2.315635e-06 
2.315635e-06 
2.315635e-06 
2.315635e-06 
2.315635e-06 
2.315635e-06 
2.315635e-06 
2.315635e-06 
2.315635e-06 
2.315635e-06 
2.315635e-06 
2.315635e-06 
2.315635e-06 
2.315635e-06 
2.315635e-06 
2.315635e-06 
2.315635e-06 
2.315635e-06 
2.315635e-06 
2.315635e-06 
2.315635e-06 
2.315635e-06 
2.315635e-06 
2.315635e-06 
2.315635e-06 
2.317054e-06 
2.335146e-06 
2.396681e-06 
2.483352e-06 
2.552606e-06 
2.652067e-06 
2.729273e-06 
2.828344e-06 
2.916316e-06 
3.006550e-06 
3.098907e-06 
3.201187e-06 
3.306061e-06 
3.416628e-06 
3.533194e-06 
3.656196e-06 
3.786111e-06 
3.923459e-06 
4.068813e-06 
4.222799e-06 
4.386103e-06 
4.559488e-06 
4.743789e-06 
4.939979e-06 
5.148988e-06 
5.371957e-06 
5.601297e-06 
5.794301e-06 
5.965507e-06 
6.245549e-06 
6.546146e-06 
6.869395e-06 
7.217596e-06 
7.487613e-06 
7.867669e-06 
8.296491e-06 
8.761608e-06 
9.267178e-06 
9.817947e-06 
1.041937e-05 
1.107773e-05 
1.180033e-05 
1.259563e-05 
1.347353e-05 
1.444563e-05 
1.552563e-05 
1.713973e-05 
1.855315e-05 
2.013044e-05 
2.191359e-05 
2.393897e-05 
2.625100e-05 
2.890425e-05 
3.196612e-05 
3.679495e-05 
4.116803e-05 
4.773007e-05 
5.407280e-05 
6.255358e-05 
7.176967e-05 
8.355490e-05 
9.697596e-05 
1.124779e-04 
1.301938e-04 
1.499610e-04 
1.714310e-04 
1.941731e-04 
2.176634e-04 
2.416364e-04 
2.651197e-04 
2.904917e-04 
3.120272e-04 
3.379941e-04 
3.540367e-04 
3.797319e-04 
4.051474e-04 
4.299661e-04 
4.537366e-04 
4.694703e-04 
4.899863e-04 
5.078655e-04 
5.203291e-04 
5.212222e-04 
5.224038e-04 
5.225350e-04 
5.225411e-04 
5.225413e-04 
5.225413e-04 
5.225413e-04 
5.225413e-04 
5.225413e-04 
5.225413e-04 
5.225413e-04 
5.225413e-04 
5.225413e-04 
5.225413e-04 
5.225413e-04 
5.225413e-04 
5.225413e-04 
5.225413e-04 
5.225413e-04 
5.225413e-04 
5.225413e-04 
5.225413e-04 
5.225413e-04 
5.225413e-04 
5.225413e-04 
5.225413e-04 
5.225413e-04 
5.225413e-04 
5.225413e-04 
5.225413e-04 
5.225413e-04 
5.225413e-04 
5.225413e-04 
5.225413e-04 
5.225413e-04 
5.225413e-04 
5.225413e-04 
5.225413e-04 
5.225413e-04 
5.225413e-04 
5.225413e-04 
5.225413e-04 
5.225413e-04 
5.225413e-04 
5.225413e-04 
5.225413e-04 
5.225413e-04 
5.225413e-04 
5.225413e-04 
5.225413e-04 
5.225413e-04 
5.225413e-04 
5.225413e-04 
5.225413e-04 
5.225413e-04 
5.225413e-04 
5.225413e-04 
5.225413e-04 
5.225413e-04 
5.225413e-04 
5.225413e-04 
5.225413e-04 
5.225413e-04 
5.225413e-04 
5.225413e-04 
5.225413e-04 
5.225413e-04 
5.225413e-04 
5.225413e-04 
5.225413e-04 
5.225413e-04 
5.225413e-04 
5.225413e-04 
5.225413e-04 
5.225413e-04 
5.225413e-04 
5.225413e-04 
5.225413e-04 
5.225413e-04 
5.225413e-04 
5.225413e-04 
5.225413e-04 
5.225413e-04 
5.225413e-04 
5.225413e-04 
5.225413e-04 
5.225413e-04 
5.225413e-04 
5.225413e-04 
5.225413e-04 
5.225413e-04 
5.225413e-04 
5.225413e-04 
5.225413e-04 
5.225413e-04 
5.225413e-04 
5.225413e-04 
5.225413e-04 
5.225413e-04 
5.225413e-04 
5.225413e-04 
5.225413e-04 
5.225413e-04 
5.225413e-04 
5.225413e-04 
5.225413e-04 
5.225413e-04 
5.225413e-04 
5.225413e-04 
5.225413e-04 
5.225413e-04 
5.225413e-04 
5.225413e-04 
5.225413e-04 
5.225413e-04 
5.225413e-04 
5.225413e-04 
5.225413e-04 
5.225413e-04 
5.225413e-04 
5.225413e-04 
5.225413e-04 
5.225413e-04 
5.225413e-04 
5.225413e-04 
5.225413e-04 
5.225413e-04 
5.225413e-04 
5.225413e-04 
5.225413e-04 
5.225413e-04 
5.225413e-04 
5.225413e-04 
5.225413e-04 
5.225413e-04 
5.225413e-04 
5.225413e-04 
5.225413e-04 
5.225413e-04 
5.225413e-04 
5.225413e-04 
5.225413e-04 
5.225413e-04 
5.225413e-04 
5.225413e-04 
5.225413e-04 
5.225413e-04 
5.225413e-04 
5.225413e-04 
5.225413e-04 
5.225413e-04 
5.225413e-04 
5.225413e-04 
5.225413e-04 
5.225413e-04 
5.225413e-04 
5.225413e-04 
5.225413e-04 
5.225413e-04 
5.225413e-04 
5.225413e-04 
5.225413e-04 
5.225413e-04 
5.225413e-04 
5.225413e-04 
5.225413e-04 
5.225413e-04 
5.225413e-04 
5.262348e-04 
5.445291e-04 
5.661911e-04 
5.923019e-04 
6.166636e-04 
6.424260e-04 
6.698542e-04 
6.981373e-04 
7.280959e-04 
7.196812e-04 
7.531834e-04 
7.890504e-04 
8.273551e-04 
8.683114e-04 
9.121473e-04 
9.591330e-04 
1.009437e-03 
1.063533e-03 
1.121700e-03 
1.184279e-03 
1.251641e-03 
1.324259e-03 
1.402664e-03 
1.487446e-03 
1.579278e-03 
1.678858e-03 
1.786832e-03 
1.904786e-03 
2.030528e-03 
2.170811e-03 
2.324438e-03 
2.493019e-03 
2.678407e-03 
2.846365e-03 
3.067816e-03 
3.313124e-03 
3.585352e-03 
3.888263e-03 
4.226264e-03 
4.604539e-03 
5.029207e-03 
5.507527e-03 
6.048152e-03 
6.661447e-03 
7.498245e-03 
8.318296e-03 
9.260854e-03 
1.034964e-02 
1.161371e-02 
1.308922e-02 
1.482153e-02 
1.686794e-02 
1.945003e-02 
2.240372e-02 
2.597187e-02 
3.031784e-02 
3.579266e-02 
4.246046e-02 
5.090386e-02 
6.156227e-02 
7.508419e-02 
9.233972e-02 
1.143439e-01 
1.421113e-01 
1.763928e-01 
2.173142e-01 
2.641596e-01 
3.155391e-01 
3.698910e-01 
4.257187e-01 
4.820148e-01 
5.378136e-01 
5.927467e-01 
6.462801e-01 
6.982380e-01 
7.481736e-01 
7.956798e-01 
8.402197e-01 
8.810991e-01 
9.174861e-01 
9.484046e-01 
9.542483e-01 
9.542484e-01 
9.542484e-01 
9.542484e-01 
9.542484e-01 
9.542484e-01 
9.542484e-01 
9.542484e-01 
9.542484e-01 
9.542484e-01 
9.542484e-01 
9.542484e-01 
9.542484e-01 
9.542484e-01 
9.542484e-01 
9.542484e-01 
9.542484e-01 
9.542484e-01 
9.542484e-01 
9.542484e-01 
9.542484e-01 
9.542484e-01 
9.542484e-01 
9.542484e-01 
9.542484e-01 
9.542484e-01 
9.542484e-01 
9.542484e-01 
9.542484e-01 
9.542484e-01 
9.542484e-01 
9.542484e-01 
9.542484e-01 
9.542484e-01 
9.542484e-01 
9.542484e-01 
9.542484e-01 
9.542484e-01 
9.542484e-01 
9.542484e-01 
9.542484e-01 
9.542484e-01 
9.542484e-01 
9.542484e-01 
9.542484e-01 
9.542484e-01 
9.542484e-01 
9.542484e-01 
9.542484e-01 
9.542484e-01 
9.542484e-01 
9.542484e-01 
9.542484e-01 
9.542484e-01 
9.542484e-01 
9.542484e-01 
9.542484e-01 
9.542484e-01 
9.542484e-01 
9.542484e-01 
9.542484e-01 
9.542484e-01 
9.542484e-01 
9.542484e-01 
9.542484e-01 
9.542484e-01 
9.542484e-01 
9.542484e-01 
9.542484e-01 
9.542484e-01 
9.542484e-01 
9.542484e-01 
9.542484e-01 
9.542484e-01 
9.542484e-01 
9.542484e-01 
9.542484e-01 
9.542484e-01 
9.542484e-01 
9.542484e-01 
9.542484e-01 
9.542484e-01 
9.542484e-01 
9.542484e-01 
9.542484e-01 
9.542484e-01 
9.542484e-01 
9.542484e-01 
9.542484e-01 
9.542484e-01 
9.542484e-01 
9.542484e-01 
9.542484e-01 
9.542484e-01 
9.542484e-01 
9.542484e-01 
9.542484e-01 
9.542484e-01 
9.542484e-01 
9.542484e-01 
9.542484e-01 
9.542484e-01 
9.542484e-01 
9.542484e-01 
9.542484e-01 
9.542484e-01 
9.542484e-01 
9.542484e-01 
9.542484e-01 
9.542484e-01 
9.542484e-01 
9.542484e-01 
9.542484e-01 
9.542484e-01 
9.542484e-01 
9.542484e-01 
9.542484e-01 
9.542484e-01 
9.542484e-01 
9.542484e-01 
9.542484e-01 
9.542484e-01 
9.542484e-01 
9.542484e-01 
9.542484e-01 
9.542484e-01 
9.542484e-01 
9.542484e-01 
9.542484e-01 
9.542484e-01 
9.542484e-01 
9.542484e-01 
9.542484e-01 
9.542484e-01 
9.542484e-01 
9.542484e-01 
9.542484e-01 
9.542484e-01 
9.542484e-01 
9.542484e-01 
9.542484e-01 
9.542484e-01 
9.542484e-01 
9.542484e-01 
9.542484e-01 
9.542484e-01 
9.542484e-01 
9.542484e-01 
9.542484e-01 
9.542484e-01 
9.542484e-01 
9.542484e-01 
9.542484e-01 
9.542484e-01 
9.542484e-01 
9.542484e-01 
9.542484e-01 
9.542484e-01 
9.542484e-01 
9.542484e-01 
9.542484e-01 
9.542484e-01 
9.542484e-01 
9.542484e-01 
9.542484e-01 
9.542484e-01 
9.542484e-01 
9.542484e-01 
9.542484e-01 
9.542483e-01 
9.542482e-01 
9.542481e-01 
9.542479e-01 
9.542477e-01 
9.542475e-01 
9.542473e-01 
9.542471e-01 
9.542469e-01 
9.542466e-01 
9.542464e-01 
9.542461e-01 
9.542458e-01 
9.542455e-01 
9.542452e-01 
9.542448e-01 
9.542445e-01 
9.542441e-01 
9.542437e-01 
9.542433e-01 
9.542429e-01 
9.542425e-01 
9.542421e-01 
9.542418e-01 
9.542414e-01 
9.542411e-01 
9.542407e-01 
9.542404e-01 
9.542401e-01 
9.542398e-01 
9.542395e-01 
9.542393e-01 
9.542390e-01 
9.542388e-01 
9.542386e-01 
9.542384e-01 
9.542382e-01 
9.542380e-01 
9.542378e-01 
9.542376e-01
#[#TRACE_DATA]
#[#TRACE]
