#[TRACE]
#data_labels=Output
#[TRACE_DATA]
5.128622e-03 
5.621136e-03 
6.178541e-03 
6.811736e-03 
7.534974e-03 
8.362415e-03 
9.314508e-03 
1.041584e-02 
1.169544e-02 
1.319111e-02 
1.494930e-02 
1.702946e-02 
1.950772e-02 
2.248177e-02 
2.607878e-02 
3.046588e-02 
3.586396e-02 
4.256584e-02 
5.096395e-02 
6.157749e-02 
7.508475e-02 
9.234048e-02 
1.143448e-01 
1.421101e-01 
1.763926e-01 
2.173176e-01 
2.641729e-01 
3.155414e-01 
3.698891e-01 
4.257137e-01 
4.820102e-01 
5.378116e-01 
5.927458e-01 
6.462798e-01 
6.982380e-01 
7.481709e-01 
7.956783e-01 
8.402186e-01 
8.811027e-01 
9.174865e-01 
9.484056e-01 
9.542484e-01 
9.542484e-01 
9.542484e-01 
9.542484e-01 
9.542484e-01 
9.542484e-01 
9.542484e-01 
9.542484e-01 
9.542484e-01 
9.542484e-01 
9.542484e-01 
9.542484e-01 
9.542484e-01 
9.542484e-01 
9.542484e-01 
9.542484e-01 
9.542484e-01 
9.542484e-01 
9.542484e-01 
9.542484e-01 
9.542484e-01 
9.542484e-01 
9.542484e-01 
9.542484e-01 
9.542484e-01 
9.542484e-01 
9.542484e-01 
9.542484e-01 
9.542484e-01 
9.542484e-01 
9.542484e-01 
9.542484e-01 
9.542484e-01 
9.542484e-01 
9.542484e-01 
9.542484e-01 
9.542484e-01 
9.542484e-01 
9.542484e-01 
9.542484e-01 
9.542484e-01 
9.542484e-01 
9.542484e-01 
9.542484e-01 
9.542484e-01 
9.542484e-01 
9.542484e-01 
9.542484e-01 
9.542484e-01 
9.542484e-01 
9.542484e-01 
9.542484e-01 
9.542484e-01 
9.542484e-01 
9.542484e-01 
9.542484e-01 
9.542484e-01 
9.542484e-01 
9.542484e-01 
9.542484e-01 
9.542484e-01 
9.542484e-01 
9.542484e-01 
9.542484e-01 
9.542484e-01 
9.542484e-01 
9.542484e-01 
9.542484e-01 
9.542484e-01 
9.542484e-01 
9.542484e-01 
9.542484e-01 
9.542484e-01 
9.542484e-01 
9.542484e-01 
9.542484e-01 
9.542484e-01 
9.542484e-01 
9.542484e-01 
9.542484e-01 
9.542484e-01 
9.542484e-01 
9.542484e-01 
9.542484e-01 
9.542484e-01 
9.542484e-01 
9.542484e-01 
9.542484e-01 
9.542484e-01 
9.542484e-01 
9.542484e-01 
9.542484e-01 
9.542484e-01 
9.542484e-01 
9.542484e-01 
9.542484e-01 
9.542484e-01 
9.542484e-01 
9.542484e-01 
9.542484e-01 
9.542484e-01 
9.542484e-01 
9.542484e-01 
9.542484e-01 
9.542484e-01 
9.542484e-01 
9.542484e-01 
9.542484e-01 
9.542484e-01 
9.542484e-01 
9.542484e-01 
9.542484e-01 
9.542484e-01 
9.542484e-01 
9.542484e-01 
9.542484e-01 
9.542484e-01 
9.542484e-01 
9.542484e-01 
9.542484e-01 
9.542484e-01 
9.542484e-01 
9.542484e-01 
9.542484e-01 
9.542484e-01 
9.542484e-01 
9.542484e-01 
9.542484e-01 
9.542484e-01 
9.542484e-01 
9.542484e-01 
9.542484e-01 
9.542484e-01 
9.542484e-01 
9.542484e-01 
9.542484e-01 
9.542484e-01 
9.542484e-01 
9.542484e-01 
9.542484e-01 
9.542484e-01 
9.542484e-01 
9.542484e-01 
9.542484e-01 
9.542484e-01 
9.542484e-01 
9.542484e-01 
9.542484e-01 
9.542484e-01 
9.542484e-01 
9.542484e-01 
9.542484e-01 
9.542484e-01 
9.542484e-01 
9.542484e-01 
9.542484e-01 
9.542484e-01 
9.542484e-01 
9.542484e-01 
9.542484e-01 
9.542484e-01 
9.542484e-01 
9.542484e-01 
9.542484e-01 
9.542484e-01 
9.542484e-01 
9.542484e-01 
9.542484e-01 
9.542484e-01 
9.542484e-01 
9.542482e-01 
9.542481e-01 
9.542480e-01 
9.542477e-01 
9.542475e-01 
9.542474e-01 
9.542471e-01 
9.542468e-01 
9.542467e-01 
9.542465e-01 
9.542462e-01 
9.542459e-01 
9.542455e-01 
9.542452e-01 
9.542448e-01 
9.542445e-01 
9.542441e-01 
9.542436e-01 
9.542434e-01 
9.542429e-01 
9.542425e-01 
9.542421e-01 
9.542418e-01 
9.542414e-01 
9.542410e-01 
9.542407e-01 
9.542404e-01 
9.542401e-01 
9.542397e-01 
9.542395e-01 
9.542392e-01 
9.542390e-01 
9.542388e-01 
9.542385e-01 
9.542383e-01 
9.542381e-01 
9.542379e-01 
9.542377e-01 
9.542375e-01 
9.542374e-01 
9.542372e-01 
9.542371e-01 
9.542369e-01 
9.542368e-01 
9.542366e-01 
9.542364e-01 
9.542364e-01 
9.542362e-01 
9.542361e-01 
9.542360e-01 
9.542359e-01 
9.542358e-01 
9.542357e-01 
9.542356e-01 
9.542355e-01 
9.542354e-01 
9.542353e-01 
9.542351e-01 
9.542351e-01 
9.542350e-01 
9.542350e-01 
9.542348e-01 
9.542348e-01 
9.542347e-01 
9.542346e-01 
9.542345e-01 
9.542345e-01 
9.542345e-01 
9.542344e-01 
9.542343e-01 
9.542342e-01 
9.542342e-01 
9.542341e-01 
9.542341e-01 
9.542340e-01 
9.542339e-01 
9.542339e-01 
9.542339e-01 
9.542339e-01 
9.542338e-01 
9.542337e-01 
9.542338e-01 
9.542338e-01 
9.542338e-01 
9.542338e-01 
9.542338e-01 
9.542338e-01 
9.542338e-01 
9.542338e-01 
9.542338e-01 
9.542338e-01 
9.542338e-01 
9.542338e-01 
9.542338e-01 
9.542338e-01 
9.542338e-01 
9.542338e-01 
9.542338e-01 
9.542338e-01 
9.542338e-01 
9.542338e-01 
9.542338e-01 
9.542338e-01 
9.542338e-01 
9.542338e-01 
9.542338e-01 
9.542338e-01 
9.542338e-01 
9.542338e-01 
9.542338e-01 
9.542338e-01 
9.542338e-01 
9.542338e-01 
9.542338e-01 
9.542338e-01 
9.542338e-01 
9.542338e-01 
9.542338e-01 
9.542338e-01 
9.542338e-01 
9.542338e-01 
9.542338e-01 
9.542338e-01 
9.542338e-01 
9.542338e-01 
9.542338e-01 
9.542338e-01 
9.542338e-01 
9.542338e-01 
9.542338e-01 
9.542338e-01 
9.542338e-01 
9.542338e-01 
9.542338e-01 
9.542338e-01 
9.542338e-01 
9.542338e-01 
9.542338e-01 
9.542338e-01 
9.542338e-01 
9.542338e-01 
9.542338e-01 
9.542338e-01 
9.542338e-01 
9.542338e-01 
9.542338e-01 
9.542338e-01 
9.542338e-01 
9.542338e-01 
9.542338e-01 
9.542338e-01 
9.542338e-01 
9.542338e-01 
9.542338e-01 
9.542338e-01 
9.542338e-01 
9.542338e-01 
9.542338e-01 
9.542338e-01 
9.542338e-01 
9.542338e-01 
9.542338e-01 
9.542338e-01 
9.542338e-01 
9.542338e-01 
9.542338e-01 
9.542338e-01 
9.542338e-01 
9.542338e-01 
9.542338e-01 
9.542338e-01 
9.542338e-01 
9.542338e-01 
9.542338e-01 
9.542338e-01 
9.542338e-01 
9.542338e-01 
9.542338e-01 
9.542338e-01 
9.542338e-01 
9.542338e-01 
9.542338e-01 
9.542338e-01 
9.542338e-01 
9.542338e-01 
9.542338e-01 
9.542338e-01 
9.542338e-01 
9.542338e-01 
9.542338e-01 
9.542338e-01 
9.542338e-01 
9.542338e-01 
9.542338e-01 
9.542338e-01 
9.542338e-01 
9.542338e-01 
9.542338e-01 
9.542338e-01 
9.542338e-01 
9.542338e-01 
9.542338e-01 
9.542338e-01 
9.542338e-01 
9.542338e-01 
9.542338e-01 
9.542338e-01 
9.542338e-01 
9.542338e-01 
9.542338e-01 
9.542338e-01 
9.542338e-01 
9.542338e-01 
9.542338e-01 
9.542338e-01 
9.542338e-01 
9.542338e-01 
9.542338e-01 
9.542338e-01 
9.542338e-01 
9.542338e-01 
9.542338e-01 
9.542338e-01 
9.542338e-01 
9.542338e-01 
9.542338e-01 
9.542338e-01 
9.542338e-01 
9.542338e-01 
9.542338e-01 
9.542338e-01 
9.542338e-01 
9.542338e-01 
9.542338e-01 
9.542338e-01 
9.542338e-01 
9.542338e-01 
9.542338e-01 
9.542338e-01 
9.542338e-01 
9.542338e-01 
9.542338e-01 
9.542338e-01 
9.542338e-01 
9.542338e-01 
9.542338e-01 
9.542338e-01 
9.542338e-01 
9.542338e-01 
9.483868e-01 
9.174381e-01 
8.809677e-01 
8.399240e-01 
7.950701e-01 
7.469459e-01 
6.959166e-01 
6.420085e-01 
5.850111e-01 
5.242959e-01 
4.586337e-01 
3.857139e-01 
3.001361e-01 
1.880841e-01 
2.424611e-02 
4.654549e-03 
2.019539e-03 
1.247734e-03 
8.508064e-04 
6.159405e-04 
4.645776e-04 
3.611414e-04 
2.874400e-04 
2.332109e-04 
1.921377e-04 
1.605244e-04 
1.352948e-04 
1.151741e-04 
9.891134e-05 
8.560482e-05 
7.460666e-05 
6.542820e-05 
5.770687e-05 
5.116127e-05 
4.557367e-05 
4.077568e-05 
3.663048e-05 
3.303191e-05 
2.989183e-05 
2.713918e-05 
2.471644e-05 
2.257526e-05 
2.068562e-05 
1.899346e-05 
1.748282e-05 
1.612972e-05 
1.491416e-05 
1.384585e-05 
1.285344e-05 
1.195514e-05 
1.114009e-05 
1.039882e-05 
9.723361e-06 
9.095446e-06 
8.532683e-06 
8.016787e-06 
7.542525e-06 
7.107272e-06 
6.706605e-06 
6.337498e-06 
5.997404e-06 
5.685658e-06 
5.406968e-06 
5.141014e-06 
4.876311e-06 
4.627562e-06 
4.395290e-06 
4.178413e-06 
3.975893e-06 
3.786617e-06 
3.609509e-06 
3.443647e-06 
3.288098e-06 
3.142102e-06 
3.004908e-06 
2.875853e-06 
2.754405e-06 
2.640013e-06 
2.529447e-06 
2.414922e-06 
2.319358e-06 
2.313389e-06 
2.312617e-06 
2.315279e-06 
2.315548e-06 
2.315566e-06 
2.315566e-06 
2.315567e-06 
2.315567e-06 
2.315567e-06 
2.315567e-06 
2.315567e-06 
2.315567e-06 
2.315567e-06 
2.315567e-06 
2.315567e-06 
2.315567e-06 
2.315567e-06 
2.315567e-06 
2.315567e-06 
2.315567e-06 
2.315567e-06 
2.315567e-06 
2.315567e-06 
2.315567e-06 
2.315567e-06 
2.315567e-06 
2.315567e-06 
2.315567e-06 
2.315567e-06 
2.315567e-06 
2.315567e-06 
2.315567e-06 
2.315567e-06 
2.315567e-06 
2.315567e-06 
2.315567e-06 
2.315567e-06 
2.315567e-06 
2.315567e-06 
2.315567e-06 
2.315567e-06 
2.315567e-06 
2.315567e-06 
2.315567e-06 
2.315567e-06 
2.315567e-06 
2.315567e-06 
2.315567e-06 
2.315567e-06 
2.315567e-06 
2.315567e-06 
2.315567e-06 
2.315567e-06 
2.315567e-06 
2.315567e-06 
2.315567e-06 
2.315567e-06 
2.315567e-06 
2.315567e-06 
2.315567e-06 
2.315567e-06 
2.315567e-06 
2.315567e-06 
2.315567e-06 
2.315567e-06 
2.315567e-06 
2.315567e-06 
2.315567e-06 
2.315567e-06 
2.315567e-06 
2.315567e-06 
2.315567e-06 
2.315567e-06 
2.315567e-06 
2.315567e-06 
2.315567e-06 
2.315567e-06 
2.315567e-06 
2.315567e-06 
2.315567e-06 
2.315567e-06 
2.315567e-06 
2.315567e-06 
2.315567e-06 
2.315567e-06 
2.315567e-06 
2.315567e-06 
2.315567e-06 
2.315567e-06 
2.315567e-06 
2.315567e-06 
2.315567e-06 
2.315567e-06 
2.315567e-06 
2.315567e-06 
2.315567e-06 
2.315567e-06 
2.315567e-06 
2.315567e-06 
2.315567e-06 
2.315567e-06 
2.315567e-06 
2.315567e-06 
2.315567e-06 
2.315567e-06 
2.315567e-06 
2.315567e-06 
2.315567e-06 
2.315567e-06 
2.315567e-06 
2.315567e-06 
2.315567e-06 
2.315567e-06 
2.315567e-06 
2.315567e-06 
2.315567e-06 
2.315567e-06 
2.315567e-06 
2.315567e-06 
2.315567e-06 
2.315567e-06 
2.315567e-06 
2.315567e-06 
2.315567e-06 
2.315567e-06 
2.315567e-06 
2.315567e-06 
2.315567e-06 
2.315567e-06 
2.315567e-06 
2.315567e-06 
2.315567e-06 
2.315567e-06 
2.315567e-06 
2.315567e-06 
2.315567e-06 
2.315567e-06 
2.315567e-06 
2.315567e-06 
2.315567e-06 
2.315567e-06 
2.315567e-06 
2.315567e-06 
2.315567e-06 
2.315567e-06 
2.315567e-06 
2.315567e-06 
2.315567e-06 
2.315567e-06 
2.315567e-06 
2.315567e-06 
2.315567e-06 
2.315567e-06 
2.315567e-06 
2.315567e-06 
2.315567e-06 
2.315567e-06 
2.315567e-06 
2.315567e-06 
2.315567e-06 
2.315567e-06 
2.315567e-06 
2.315567e-06 
2.315567e-06 
2.315567e-06 
2.315567e-06 
2.315567e-06 
2.315567e-06 
2.315567e-06 
2.325028e-06 
2.389626e-06 
2.437865e-06 
2.522727e-06 
2.593892e-06 
2.668402e-06 
2.748321e-06 
2.830284e-06 
2.916113e-06 
3.006505e-06 
3.101372e-06 
3.201103e-06 
3.306076e-06 
3.416636e-06 
3.533193e-06 
3.656203e-06 
3.786107e-06 
3.923443e-06 
4.068788e-06 
4.222778e-06 
4.386075e-06 
4.559443e-06 
4.743719e-06 
4.939243e-06 
5.148172e-06 
5.363350e-06 
5.600707e-06 
5.854650e-06 
6.049690e-06 
6.335704e-06 
6.642900e-06 
6.973431e-06 
7.329640e-06 
7.714218e-06 
8.130282e-06 
8.581224e-06 
8.864010e-06 
9.376066e-06 
9.937405e-06 
1.055084e-05 
1.122292e-05 
1.228653e-05 
1.313398e-05 
1.407030e-05 
1.510948e-05 
1.626691e-05 
1.756097e-05 
1.901340e-05 
2.065064e-05 
2.250448e-05 
2.461358e-05 
2.774670e-05 
3.062783e-05 
3.396273e-05 
3.784666e-05 
4.286715e-05 
4.854715e-05 
5.519819e-05 
6.312453e-05 
7.252773e-05 
8.373311e-05 
9.699411e-05 
1.124757e-04 
1.301930e-04 
1.499600e-04 
1.714411e-04 
1.942123e-04 
2.178909e-04 
2.421631e-04 
2.668311e-04 
2.917809e-04 
3.169350e-04 
3.422385e-04 
3.676039e-04 
3.928790e-04 
4.178125e-04 
4.420130e-04 
4.649182e-04 
4.851400e-04 
5.038295e-04 
5.192587e-04 
5.209739e-04 
5.224567e-04 
5.225377e-04 
5.225412e-04 
5.225413e-04 
5.225413e-04 
5.225413e-04 
5.225413e-04 
5.225413e-04 
5.225413e-04 
5.225413e-04 
5.225413e-04 
5.225413e-04 
5.225413e-04 
5.225413e-04 
5.225413e-04 
5.225413e-04 
5.225413e-04 
5.225413e-04 
5.225413e-04 
5.225413e-04 
5.225413e-04 
5.225413e-04 
5.225413e-04 
5.225413e-04 
5.225413e-04 
5.225413e-04 
5.225413e-04 
5.225413e-04 
5.225413e-04 
5.225413e-04 
5.225413e-04 
5.225413e-04 
5.225413e-04 
5.225413e-04 
5.225413e-04 
5.225413e-04 
5.225413e-04 
5.225413e-04 
5.225413e-04 
5.225413e-04 
5.225413e-04 
5.225413e-04 
5.225413e-04 
5.225413e-04 
5.225413e-04 
5.225413e-04 
5.225413e-04 
5.225413e-04 
5.225413e-04 
5.225413e-04 
5.225413e-04 
5.225413e-04 
5.225413e-04 
5.225413e-04 
5.225413e-04 
5.225413e-04 
5.225413e-04 
5.225413e-04 
5.225413e-04 
5.225413e-04 
5.225413e-04 
5.225413e-04 
5.225413e-04 
5.225413e-04 
5.225413e-04 
5.225413e-04 
5.225413e-04 
5.225413e-04 
5.225413e-04 
5.225413e-04 
5.225413e-04 
5.225413e-04 
5.225413e-04 
5.225413e-04 
5.225413e-04 
5.225413e-04 
5.225413e-04 
5.225413e-04 
5.225413e-04 
5.225413e-04 
5.225413e-04 
5.225413e-04 
5.225413e-04 
5.225413e-04 
5.225413e-04 
5.225413e-04 
5.225413e-04 
5.225413e-04 
5.225413e-04 
5.225413e-04 
5.225413e-04 
5.225413e-04 
5.225413e-04 
5.225413e-04 
5.225413e-04 
5.225413e-04 
5.225413e-04 
5.225413e-04 
5.225413e-04 
5.225413e-04 
5.225413e-04 
5.225413e-04 
5.225413e-04 
5.225413e-04 
5.225413e-04 
5.225413e-04 
5.225413e-04 
5.225413e-04 
5.225413e-04 
5.225413e-04 
5.225413e-04 
5.225413e-04 
5.225413e-04 
5.225413e-04 
5.225413e-04 
5.225413e-04 
5.225413e-04 
5.225413e-04 
5.225413e-04 
5.225413e-04 
5.225413e-04 
5.225413e-04 
5.225413e-04 
5.225413e-04 
5.225413e-04 
5.225413e-04 
5.225413e-04 
5.225413e-04 
5.225413e-04 
5.225413e-04 
5.225413e-04 
5.225413e-04 
5.225413e-04 
5.225413e-04 
5.225413e-04 
5.225413e-04 
5.225413e-04 
5.225413e-04 
5.225413e-04 
5.225413e-04 
5.225413e-04 
5.225413e-04 
5.225413e-04 
5.225413e-04 
5.225413e-04 
5.225413e-04 
5.225413e-04 
5.225413e-04 
5.225413e-04 
5.225413e-04 
5.225413e-04 
5.225413e-04 
5.225413e-04 
5.225413e-04 
5.225413e-04 
5.225413e-04 
5.225413e-04 
5.225413e-04 
5.225413e-04 
5.225413e-04 
5.225413e-04 
5.225413e-04 
5.225413e-04 
5.225413e-04 
5.225413e-04 
5.225413e-04 
5.225413e-04 
5.225413e-04 
5.262318e-04 
5.473890e-04 
5.692032e-04 
5.922470e-04 
6.165968e-04 
6.423900e-04 
6.695434e-04 
6.981419e-04 
7.280928e-04 
7.196889e-04 
7.532834e-04 
7.891565e-04 
8.274606e-04 
8.683918e-04 
9.121833e-04 
9.590828e-04 
1.009434e-03 
1.063551e-03 
1.121740e-03 
1.184315e-03 
1.251662e-03 
1.324267e-03 
1.402681e-03 
1.487469e-03 
1.579332e-03 
1.678969e-03 
1.787310e-03 
1.904988e-03 
2.033660e-03 
2.174331e-03 
2.328366e-03 
2.497449e-03 
2.683395e-03 
2.888377e-03 
3.114919e-03 
3.365825e-03 
3.644548e-03 
3.954885e-03 
4.301487e-03 
4.691863e-03 
5.128622e-03 
5.621136e-03 
6.178488e-03 
6.811633e-03 
7.534903e-03 
8.362335e-03 
9.314478e-03 
1.041574e-02 
1.169539e-02 
1.319072e-02 
1.494893e-02 
1.702936e-02 
1.950739e-02 
2.248163e-02 
2.607842e-02 
3.046502e-02 
3.586343e-02 
4.256517e-02 
5.096395e-02 
6.157645e-02 
7.508426e-02 
9.233876e-02 
1.143404e-01 
1.421101e-01 
1.763892e-01 
2.173176e-01 
2.641685e-01 
3.155336e-01 
3.698890e-01 
4.257120e-01 
4.820137e-01 
5.378100e-01 
5.927490e-01 
6.462782e-01 
6.982335e-01 
7.481739e-01 
7.956783e-01 
8.402212e-01 
8.810970e-01 
9.174834e-01 
9.484047e-01 
9.542484e-01 
9.542484e-01 
9.542484e-01 
9.542484e-01 
9.542484e-01 
9.542484e-01 
9.542484e-01 
9.542484e-01 
9.542484e-01 
9.542484e-01 
9.542484e-01 
9.542484e-01 
9.542484e-01 
9.542484e-01 
9.542484e-01 
9.542484e-01 
9.542484e-01 
9.542484e-01 
9.542484e-01 
9.542484e-01 
9.542484e-01 
9.542484e-01 
9.542484e-01 
9.542484e-01 
9.542484e-01 
9.542484e-01 
9.542484e-01 
9.542484e-01 
9.542484e-01 
9.542484e-01 
9.542484e-01 
9.542484e-01 
9.542484e-01 
9.542484e-01 
9.542484e-01 
9.542484e-01 
9.542484e-01 
9.542484e-01 
9.542484e-01 
9.542484e-01 
9.542484e-01 
9.542484e-01 
9.542484e-01 
9.542484e-01 
9.542484e-01 
9.542484e-01 
9.542484e-01 
9.542484e-01 
9.542484e-01 
9.542484e-01 
9.542484e-01 
9.542484e-01 
9.542484e-01 
9.542484e-01 
9.542484e-01 
9.542484e-01 
9.542484e-01 
9.542484e-01 
9.542484e-01 
9.542484e-01 
9.542484e-01 
9.542484e-01 
9.542484e-01 
9.542484e-01 
9.542484e-01 
9.542484e-01 
9.542484e-01 
9.542484e-01 
9.542484e-01 
9.542484e-01 
9.542484e-01 
9.542484e-01 
9.542484e-01 
9.542484e-01 
9.542484e-01 
9.542484e-01 
9.542484e-01 
9.542484e-01 
9.542484e-01 
9.542484e-01 
9.542484e-01 
9.542484e-01 
9.542484e-01 
9.542484e-01 
9.542484e-01 
9.542484e-01 
9.542484e-01 
9.542484e-01 
9.542484e-01 
9.542484e-01 
9.542484e-01 
9.542484e-01 
9.542484e-01 
9.542484e-01 
9.542484e-01 
9.542484e-01 
9.542484e-01 
9.542484e-01 
9.542484e-01 
9.542484e-01 
9.542484e-01 
9.542484e-01 
9.542484e-01 
9.542484e-01 
9.542484e-01 
9.542484e-01 
9.542484e-01 
9.542484e-01 
9.542484e-01 
9.542484e-01 
9.542484e-01 
9.542484e-01 
9.542484e-01 
9.542484e-01 
9.542484e-01 
9.542484e-01 
9.542484e-01 
9.542484e-01 
9.542484e-01 
9.542484e-01 
9.542484e-01 
9.542484e-01 
9.542484e-01 
9.542484e-01 
9.542484e-01 
9.542484e-01 
9.542484e-01 
9.542484e-01 
9.542484e-01 
9.542484e-01 
9.542484e-01 
9.542484e-01 
9.542484e-01 
9.542484e-01 
9.542484e-01 
9.542484e-01 
9.542484e-01 
9.542484e-01 
9.542484e-01 
9.542484e-01 
9.542484e-01 
9.542484e-01 
9.542484e-01 
9.542484e-01 
9.542484e-01 
9.542484e-01 
9.542484e-01 
9.542484e-01 
9.542484e-01 
9.542484e-01 
9.542484e-01 
9.542484e-01 
9.542484e-01 
9.542484e-01 
9.542484e-01 
9.542484e-01 
9.542484e-01 
9.542484e-01 
9.542484e-01 
9.542484e-01 
9.542484e-01 
9.542484e-01 
9.542484e-01 
9.542484e-01 
9.542484e-01 
9.542484e-01 
9.542484e-01 
9.542484e-01 
9.542484e-01 
9.542484e-01 
9.542482e-01 
9.542481e-01 
9.542480e-01 
9.542477e-01 
9.542475e-01 
9.542474e-01 
9.542471e-01 
9.542468e-01 
9.542467e-01 
9.542465e-01 
9.542462e-01 
9.542459e-01 
9.542455e-01 
9.542452e-01 
9.542448e-01 
9.542445e-01 
9.542441e-01 
9.542436e-01 
9.542434e-01 
9.542429e-01 
9.542425e-01 
9.542421e-01 
9.542418e-01 
9.542414e-01 
9.542410e-01 
9.542407e-01 
9.542404e-01 
9.542401e-01 
9.542397e-01 
9.542395e-01 
9.542392e-01 
9.542390e-01 
9.542388e-01 
9.542385e-01 
9.542383e-01 
9.542381e-01 
9.542379e-01 
9.542377e-01 
9.542375e-01 
9.542374e-01 
9.542372e-01 
9.542371e-01 
9.542369e-01 
9.542368e-01 
9.542366e-01 
9.542364e-01 
9.542364e-01 
9.542362e-01 
9.542361e-01 
9.542360e-01 
9.542359e-01 
9.542358e-01 
9.542357e-01 
9.542356e-01 
9.542355e-01 
9.542354e-01 
9.542353e-01 
9.542351e-01 
9.542351e-01 
9.542350e-01 
9.542350e-01 
9.542348e-01 
9.542348e-01 
9.542347e-01 
9.542346e-01 
9.542345e-01 
9.542345e-01 
9.542345e-01 
9.542344e-01 
9.542343e-01 
9.542342e-01 
9.542342e-01 
9.542341e-01 
9.542341e-01 
9.542340e-01 
9.542339e-01 
9.542339e-01 
9.542339e-01 
9.542339e-01 
9.542338e-01 
9.542337e-01 
9.542338e-01 
9.542338e-01 
9.542338e-01 
9.542338e-01 
9.542338e-01 
9.542338e-01 
9.542338e-01 
9.542338e-01 
9.542338e-01 
9.542338e-01 
9.542338e-01 
9.542338e-01 
9.542338e-01 
9.542338e-01 
9.542338e-01 
9.542338e-01 
9.542338e-01 
9.542338e-01 
9.542338e-01 
9.542338e-01 
9.542338e-01 
9.542338e-01 
9.542338e-01 
9.542338e-01 
9.542338e-01 
9.542338e-01 
9.542338e-01 
9.542338e-01 
9.542338e-01 
9.542338e-01 
9.542338e-01 
9.542338e-01 
9.542338e-01 
9.542338e-01 
9.542338e-01 
9.542338e-01 
9.542338e-01 
9.542338e-01 
9.542338e-01 
9.542338e-01 
9.542338e-01 
9.542338e-01 
9.542338e-01 
9.542338e-01 
9.542338e-01 
9.542338e-01 
9.542338e-01 
9.542338e-01 
9.542338e-01 
9.542338e-01 
9.542338e-01 
9.542338e-01 
9.542338e-01 
9.542338e-01 
9.542338e-01 
9.542338e-01 
9.542338e-01 
9.542338e-01 
9.542338e-01 
9.542338e-01 
9.542338e-01 
9.542338e-01 
9.542338e-01 
9.542338e-01 
9.542338e-01 
9.542338e-01 
9.542338e-01 
9.542338e-01 
9.542338e-01 
9.542338e-01 
9.542338e-01 
9.542338e-01 
9.542338e-01 
9.542338e-01 
9.542338e-01 
9.542338e-01 
9.542338e-01 
9.542338e-01 
9.542338e-01 
9.542338e-01 
9.542338e-01 
9.542338e-01 
9.542338e-01 
9.542338e-01 
9.542338e-01 
9.542338e-01 
9.542338e-01 
9.542338e-01 
9.542338e-01 
9.542338e-01 
9.542338e-01 
9.542338e-01 
9.542338e-01 
9.542338e-01 
9.542338e-01 
9.542338e-01 
9.542338e-01 
9.542338e-01 
9.542338e-01 
9.542338e-01 
9.542338e-01 
9.542338e-01 
9.542338e-01 
9.542338e-01 
9.542338e-01 
9.542338e-01 
9.542338e-01 
9.542338e-01 
9.542338e-01 
9.542338e-01 
9.542338e-01 
9.542338e-01 
9.542338e-01 
9.542338e-01 
9.542338e-01 
9.542338e-01 
9.542338e-01 
9.542338e-01 
9.542338e-01 
9.542338e-01 
9.542338e-01 
9.542338e-01 
9.542338e-01 
9.542338e-01 
9.542338e-01 
9.542338e-01 
9.542338e-01 
9.542338e-01 
9.542338e-01 
9.542338e-01 
9.542338e-01 
9.542338e-01 
9.542338e-01 
9.542338e-01 
9.542338e-01 
9.542338e-01 
9.542338e-01 
9.542338e-01 
9.542338e-01 
9.542338e-01 
9.542338e-01 
9.542338e-01 
9.542338e-01 
9.542338e-01 
9.542338e-01 
9.542338e-01 
9.542338e-01 
9.542338e-01 
9.542338e-01 
9.542338e-01 
9.542338e-01 
9.542338e-01 
9.542338e-01 
9.542338e-01 
9.542338e-01 
9.542338e-01 
9.542338e-01 
9.542338e-01 
9.542338e-01 
9.542338e-01 
9.542338e-01 
9.542338e-01 
9.542338e-01 
9.542338e-01 
9.542338e-01 
9.542338e-01 
9.542338e-01 
9.542338e-01 
9.483852e-01 
9.174361e-01 
8.809713e-01 
8.399214e-01 
7.950659e-01 
7.469429e-01 
6.959120e-01 
6.420134e-01 
5.850075e-01 
5.242922e-01 
4.586210e-01 
3.857093e-01 
3.001303e-01 
1.880763e-01 
2.462054e-02 
4.908500e-03 
2.019448e-03 
1.247691e-03 
8.507837e-04 
6.159553e-04 
4.645694e-04 
3.611358e-04 
2.874361e-04 
2.332081e-04 
1.921344e-04 
1.605227e-04 
1.359420e-04 
1.151738e-04 
9.891046e-05 
8.560412e-05 
7.460604e-05 
6.542894e-05 
5.770644e-05 
5.116074e-05 
4.557412e-05 
4.077607e-05 
3.663084e-05 
3.303221e-05 
2.989210e-05 
2.713941e-05 
2.471665e-05 
2.258683e-05 
2.068579e-05 
1.899385e-05 
1.748295e-05 
1.612983e-05 
1.491426e-05 
1.384595e-05 
1.285340e-05 
1.195507e-05 
1.114005e-05 
1.039877e-05 
9.723341e-06 
9.095446e-06 
8.532708e-06 
8.016926e-06 
7.542657e-06 
7.107528e-06 
6.707161e-06 
6.338742e-06 
6.000187e-06 
5.690558e-06 
5.408150e-06 
5.141779e-06 
4.874678e-06 
4.625468e-06 
4.393642e-06 
4.177317e-06 
3.975189e-06 
3.786193e-06 
3.609267e-06 
3.443512e-06 
3.288021e-06 
3.142059e-06 
3.004883e-06 
2.875837e-06 
2.754394e-06 
2.640027e-06 
2.555694e-06 
2.430898e-06 
2.335383e-06 
2.315847e-06 
2.315585e-06 
2.315567e-06 
2.315566e-06 
2.315566e-06 
2.315566e-06 
2.315566e-06 
2.315566e-06 
2.315566e-06 
2.315566e-06 
2.315566e-06 
2.315566e-06 
2.315566e-06 
2.315566e-06 
2.315566e-06 
2.315566e-06 
2.315566e-06 
2.315566e-06 
2.315566e-06 
2.315566e-06 
2.315566e-06 
2.315566e-06 
2.315566e-06 
2.315566e-06 
2.315566e-06 
2.315566e-06 
2.315566e-06 
2.315566e-06 
2.315566e-06 
2.315566e-06 
2.315566e-06 
2.315566e-06 
2.315566e-06 
2.315566e-06 
2.315566e-06 
2.315566e-06 
2.315566e-06 
2.315566e-06 
2.315566e-06 
2.315566e-06 
2.315566e-06 
2.315566e-06 
2.315566e-06 
2.315566e-06 
2.315566e-06 
2.315566e-06 
2.315566e-06 
2.315566e-06 
2.315566e-06 
2.315566e-06 
2.315566e-06 
2.315566e-06 
2.315566e-06 
2.315566e-06 
2.315566e-06 
2.315566e-06 
2.315566e-06 
2.315566e-06 
2.315566e-06 
2.315566e-06 
2.315566e-06 
2.315566e-06 
2.315566e-06 
2.315566e-06 
2.315566e-06 
2.315566e-06 
2.315566e-06 
2.315566e-06 
2.315566e-06 
2.315566e-06 
2.315566e-06 
2.315566e-06 
2.315566e-06 
2.315566e-06 
2.315566e-06 
2.315566e-06 
2.315566e-06 
2.315566e-06 
2.315566e-06 
2.315566e-06 
2.315566e-06 
2.315566e-06 
2.315566e-06 
2.315566e-06 
2.315566e-06 
2.315566e-06 
2.315566e-06 
2.315566e-06 
2.315566e-06 
2.315566e-06 
2.315566e-06 
2.315566e-06 
2.315566e-06 
2.315566e-06 
2.315566e-06 
2.315566e-06 
2.315566e-06 
2.315566e-06 
2.315566e-06 
2.315566e-06 
2.315566e-06 
2.315566e-06 
2.315566e-06 
2.315566e-06 
2.315566e-06 
2.315566e-06 
2.315566e-06 
2.315566e-06 
2.315566e-06 
2.315566e-06 
2.315566e-06 
2.315566e-06 
2.315566e-06 
2.315566e-06 
2.315566e-06 
2.315566e-06 
2.315566e-06 
2.315566e-06 
2.315566e-06 
2.315566e-06 
2.315566e-06 
2.315566e-06 
2.315566e-06 
2.315566e-06 
2.315566e-06 
2.315566e-06 
2.315566e-06 
2.315566e-06 
2.315566e-06 
2.315566e-06 
2.315566e-06 
2.315566e-06 
2.315566e-06 
2.315566e-06 
2.315566e-06 
2.315566e-06 
2.315566e-06 
2.315566e-06 
2.315566e-06 
2.315566e-06 
2.315566e-06 
2.315566e-06 
2.315566e-06 
2.315566e-06 
2.315566e-06 
2.315566e-06 
2.315566e-06 
2.315566e-06 
2.315566e-06 
2.315566e-06 
2.315566e-06 
2.315566e-06 
2.315566e-06 
2.315566e-06 
2.315566e-06 
2.315566e-06 
2.315566e-06 
2.315566e-06 
2.315566e-06 
2.315566e-06 
2.315566e-06 
2.315566e-06 
2.315566e-06 
2.315566e-06 
2.315566e-06 
2.315566e-06 
2.315566e-06 
2.315566e-06 
2.315566e-06 
2.327993e-06 
2.391015e-06 
2.452907e-06 
2.524307e-06 
2.595575e-06 
2.670163e-06 
2.748309e-06 
2.830252e-06 
2.916265e-06 
3.006508e-06 
3.101348e-06 
3.201078e-06 
3.306067e-06 
3.416626e-06 
3.533182e-06 
3.656168e-06 
3.786074e-06 
3.923452e-06 
4.068796e-06 
4.222764e-06 
4.386058e-06 
4.559431e-06 
4.743783e-06 
4.939946e-06 
5.148927e-06 
5.371550e-06 
5.609690e-06 
5.864557e-06 
6.117647e-06 
6.408701e-06 
6.721415e-06 
7.057986e-06 
7.420956e-06 
7.812913e-06 
8.237047e-06 
8.696938e-06 
8.950977e-06 
9.473562e-06 
1.004355e-05 
1.066650e-05 
1.134917e-05 
1.209942e-05 
1.292619e-05 
1.430629e-05 
1.537015e-05 
1.655537e-05 
1.788118e-05 
1.936952e-05 
2.104763e-05 
2.294833e-05 
2.511129e-05 
2.758604e-05 
3.085856e-05 
3.423528e-05 
3.816898e-05 
4.300429e-05 
4.861119e-05 
5.523060e-05 
6.312662e-05 
7.252684e-05 
8.373021e-05 
9.699497e-05 
1.124767e-04 
1.301914e-04 
1.499582e-04 
1.714425e-04 
1.942138e-04 
2.178888e-04 
2.421609e-04 
2.668289e-04 
2.917823e-04 
3.169364e-04 
3.422401e-04 
3.676053e-04 
3.928806e-04 
4.178176e-04 
4.420182e-04 
4.649048e-04 
4.851336e-04 
5.038227e-04 
5.192577e-04 
5.209779e-04 
5.224566e-04 
5.225375e-04 
5.225411e-04 
5.225413e-04 
5.225413e-04 
5.225413e-04 
5.225413e-04 
5.225413e-04 
5.225413e-04 
5.225413e-04 
5.225413e-04 
5.225413e-04 
5.225413e-04 
5.225413e-04 
5.225413e-04 
5.225413e-04 
5.225413e-04 
5.225413e-04 
5.225413e-04 
5.225413e-04 
5.225413e-04 
5.225413e-04 
5.225413e-04 
5.225413e-04 
5.225413e-04 
5.225413e-04 
5.225413e-04 
5.225413e-04 
5.225413e-04 
5.225413e-04 
5.225413e-04 
5.225413e-04 
5.225413e-04 
5.225413e-04 
5.225413e-04 
5.225413e-04 
5.225413e-04 
5.225413e-04 
5.225413e-04 
5.225413e-04 
5.225413e-04 
5.225413e-04 
5.225413e-04 
5.225413e-04 
5.225413e-04 
5.225413e-04 
5.225413e-04 
5.225413e-04 
5.225413e-04 
5.225413e-04 
5.225413e-04 
5.225413e-04 
5.225413e-04 
5.225413e-04 
5.225413e-04 
5.225413e-04 
5.225413e-04 
5.225413e-04 
5.225413e-04 
5.225413e-04 
5.225413e-04 
5.225413e-04 
5.225413e-04 
5.225413e-04 
5.225413e-04 
5.225413e-04 
5.225413e-04 
5.225413e-04 
5.225413e-04 
5.225413e-04 
5.225413e-04 
5.225413e-04 
5.225413e-04 
5.225413e-04 
5.225413e-04 
5.225413e-04 
5.225413e-04 
5.225413e-04 
5.225413e-04 
5.225413e-04 
5.225413e-04 
5.225413e-04 
5.225413e-04 
5.225413e-04 
5.225413e-04 
5.225413e-04 
5.225413e-04 
5.225413e-04 
5.225413e-04 
5.225413e-04 
5.225413e-04 
5.225413e-04 
5.225413e-04 
5.225413e-04 
5.225413e-04 
5.225413e-04 
5.225413e-04 
5.225413e-04 
5.225413e-04 
5.225413e-04 
5.225413e-04 
5.225413e-04 
5.225413e-04 
5.225413e-04 
5.225413e-04 
5.225413e-04 
5.225413e-04 
5.225413e-04 
5.225413e-04 
5.225413e-04 
5.225413e-04 
5.225413e-04 
5.225413e-04 
5.225413e-04 
5.225413e-04 
5.225413e-04 
5.225413e-04 
5.225413e-04 
5.225413e-04 
5.225413e-04 
5.225413e-04 
5.225413e-04 
5.225413e-04 
5.225413e-04 
5.225413e-04 
5.225413e-04 
5.225413e-04 
5.225413e-04 
5.225413e-04 
5.225413e-04 
5.225413e-04 
5.225413e-04 
5.225413e-04 
5.225413e-04 
5.225413e-04 
5.225413e-04 
5.225413e-04 
5.225413e-04 
5.225413e-04 
5.225413e-04 
5.225413e-04 
5.225413e-04 
5.225413e-04 
5.225413e-04 
5.225413e-04 
5.225413e-04 
5.225413e-04 
5.225413e-04 
5.225413e-04 
5.225413e-04 
5.225413e-04 
5.225413e-04 
5.225413e-04 
5.225413e-04 
5.225413e-04 
5.225413e-04 
5.225413e-04 
5.225413e-04 
5.225413e-04 
5.225413e-04 
5.225413e-04 
5.225413e-04 
5.225413e-04 
5.225413e-04 
5.225413e-04 
5.225413e-04 
5.225413e-04 
5.225413e-04 
5.268452e-04 
5.475057e-04 
5.693139e-04 
5.923497e-04 
6.166782e-04 
6.423955e-04 
6.695233e-04 
6.981309e-04 
7.280969e-04 
7.196810e-04 
7.532096e-04 
7.890640e-04 
8.273589e-04 
8.683089e-04 
9.121131e-04 
9.590590e-04 
1.009428e-03 
1.063555e-03 
1.121744e-03 
1.184311e-03 
1.251656e-03 
1.324260e-03 
1.402686e-03 
1.487474e-03 
1.579323e-03 
1.678959e-03 
1.787300e-03 
1.904995e-03 
2.033668e-03 
2.174317e-03 
2.328351e-03 
2.497407e-03 
2.683406e-03 
2.888395e-03 
3.114898e-03 
3.365800e-03 
3.644477e-03 
3.954904e-03 
4.301508e-03 
4.691825e-03 
5.128593e-03 
5.621244e-03 
6.178630e-03 
6.811773e-03 
7.534951e-03 
8.362388e-03 
9.314688e-03 
1.041599e-02 
1.169548e-02 
1.319106e-02 
1.494914e-02 
1.702994e-02 
1.950804e-02 
2.248187e-02 
2.607867e-02 
3.046387e-02 
3.586289e-02 
4.256449e-02 
5.096167e-02 
6.157360e-02 
7.507839e-02 
9.233703e-02 
1.143382e-01 
1.421028e-01 
1.763803e-01 
2.173138e-01 
2.641641e-01 
3.155288e-01 
3.698759e-01 
4.256988e-01 
4.820086e-01 
5.378050e-01 
5.927361e-01 
6.462657e-01 
6.982212e-01 
7.481694e-01 
7.956741e-01 
8.402110e-01 
8.810877e-01 
9.174754e-01 
9.484022e-01 
9.542484e-01 
9.542484e-01 
9.542484e-01 
9.542484e-01 
9.542484e-01 
9.542484e-01 
9.542484e-01 
9.542484e-01 
9.542484e-01 
9.542484e-01 
9.542484e-01 
9.542484e-01 
9.542484e-01 
9.542484e-01 
9.542484e-01 
9.542484e-01 
9.542484e-01 
9.542484e-01 
9.542484e-01 
9.542484e-01 
9.542484e-01 
9.542484e-01 
9.542484e-01 
9.542484e-01 
9.542484e-01 
9.542484e-01 
9.542484e-01 
9.542484e-01 
9.542484e-01 
9.542484e-01 
9.542484e-01 
9.542484e-01 
9.542484e-01 
9.542484e-01 
9.542484e-01 
9.542484e-01 
9.542484e-01 
9.542484e-01 
9.542484e-01 
9.542484e-01 
9.542484e-01 
9.542484e-01 
9.542484e-01 
9.542484e-01 
9.542484e-01 
9.542484e-01 
9.542484e-01 
9.542484e-01 
9.542484e-01 
9.542484e-01 
9.542484e-01 
9.542484e-01 
9.542484e-01 
9.542484e-01 
9.542484e-01 
9.542484e-01 
9.542484e-01 
9.542484e-01 
9.542484e-01 
9.542484e-01 
9.542484e-01 
9.542484e-01 
9.542484e-01 
9.542484e-01 
9.542484e-01 
9.542484e-01 
9.542484e-01 
9.542484e-01 
9.542484e-01 
9.542484e-01 
9.542484e-01 
9.542484e-01 
9.542484e-01 
9.542484e-01 
9.542484e-01 
9.542484e-01 
9.542484e-01 
9.542484e-01 
9.542484e-01 
9.542484e-01 
9.542484e-01 
9.542484e-01 
9.542484e-01 
9.542484e-01 
9.542484e-01 
9.542484e-01 
9.542484e-01 
9.542484e-01 
9.542484e-01 
9.542484e-01 
9.542484e-01 
9.542484e-01 
9.542484e-01 
9.542484e-01 
9.542484e-01 
9.542484e-01 
9.542484e-01 
9.542484e-01 
9.542484e-01 
9.542484e-01 
9.542484e-01 
9.542484e-01 
9.542484e-01 
9.542484e-01 
9.542484e-01 
9.542484e-01 
9.542484e-01 
9.542484e-01 
9.542484e-01 
9.542484e-01 
9.542484e-01 
9.542484e-01 
9.542484e-01 
9.542484e-01 
9.542484e-01 
9.542484e-01 
9.542484e-01 
9.542484e-01 
9.542484e-01 
9.542484e-01 
9.542484e-01 
9.542484e-01 
9.542484e-01 
9.542484e-01 
9.542484e-01 
9.542484e-01 
9.542484e-01 
9.542484e-01 
9.542484e-01 
9.542484e-01 
9.542484e-01 
9.542484e-01 
9.542484e-01 
9.542484e-01 
9.542484e-01 
9.542484e-01 
9.542484e-01 
9.542484e-01 
9.542484e-01 
9.542484e-01 
9.542484e-01 
9.542484e-01 
9.542484e-01 
9.542484e-01 
9.542484e-01 
9.542484e-01 
9.542484e-01 
9.542484e-01 
9.542484e-01 
9.542484e-01 
9.542484e-01 
9.542484e-01 
9.542484e-01 
9.542484e-01 
9.542484e-01 
9.542484e-01 
9.542484e-01 
9.542484e-01 
9.542484e-01 
9.542484e-01 
9.542484e-01 
9.542484e-01 
9.542484e-01 
9.542484e-01 
9.542484e-01 
9.542484e-01 
9.542484e-01 
9.542484e-01 
9.542484e-01 
9.542484e-01 
9.542482e-01 
9.542481e-01 
9.542480e-01 
9.542477e-01 
9.542475e-01 
9.542474e-01 
9.542471e-01 
9.542468e-01 
9.542467e-01 
9.542465e-01 
9.542462e-01 
9.542459e-01 
9.542455e-01 
9.542452e-01 
9.542448e-01 
9.542445e-01 
9.542441e-01 
9.542436e-01 
9.542434e-01 
9.542429e-01 
9.542425e-01 
9.542421e-01 
9.542418e-01 
9.542414e-01 
9.542410e-01 
9.542407e-01 
9.542404e-01 
9.542401e-01 
9.542397e-01 
9.542395e-01 
9.542392e-01 
9.542390e-01 
9.542388e-01 
9.542385e-01 
9.542383e-01 
9.542381e-01 
9.542379e-01 
9.542377e-01 
9.542375e-01 
9.542374e-01 
9.542372e-01 
9.542371e-01 
9.542369e-01 
9.542368e-01 
9.542366e-01 
9.542364e-01 
9.542364e-01 
9.542363e-01 
9.542361e-01 
9.542360e-01 
9.542359e-01 
9.542358e-01 
9.542357e-01 
9.542356e-01 
9.542355e-01 
9.542354e-01 
9.542353e-01 
9.542351e-01 
9.542351e-01 
9.542350e-01 
9.542350e-01 
9.542348e-01 
9.542348e-01 
9.542347e-01 
9.542346e-01 
9.542345e-01 
9.542345e-01 
9.542345e-01 
9.542344e-01 
9.542343e-01 
9.542342e-01 
9.542342e-01 
9.542341e-01 
9.542341e-01 
9.542340e-01 
9.542339e-01 
9.542339e-01 
9.542339e-01 
9.542339e-01 
9.542338e-01 
9.542337e-01 
9.542338e-01 
9.542338e-01 
9.542338e-01 
9.542338e-01 
9.542338e-01 
9.542338e-01 
9.542338e-01 
9.542338e-01 
9.542338e-01 
9.542338e-01 
9.542338e-01 
9.542338e-01 
9.542338e-01 
9.542338e-01 
9.542338e-01 
9.542338e-01 
9.542338e-01 
9.542338e-01 
9.542338e-01 
9.542338e-01 
9.542338e-01 
9.542338e-01 
9.542338e-01 
9.542338e-01 
9.542338e-01 
9.542338e-01 
9.542338e-01 
9.542338e-01 
9.542338e-01 
9.542338e-01 
9.542338e-01 
9.542338e-01 
9.542338e-01 
9.542338e-01 
9.542338e-01 
9.542338e-01 
9.542338e-01 
9.542338e-01 
9.542338e-01 
9.542338e-01 
9.542338e-01 
9.542338e-01 
9.542338e-01 
9.542338e-01 
9.542338e-01 
9.542338e-01 
9.542338e-01 
9.542338e-01 
9.542338e-01 
9.542338e-01 
9.542338e-01 
9.542338e-01 
9.542338e-01 
9.542338e-01 
9.542338e-01 
9.542338e-01 
9.542338e-01 
9.542338e-01 
9.542338e-01 
9.542338e-01 
9.542338e-01 
9.542338e-01 
9.542338e-01 
9.542338e-01 
9.542338e-01 
9.542338e-01 
9.542338e-01 
9.542338e-01 
9.542338e-01 
9.542338e-01 
9.542338e-01 
9.542338e-01 
9.542338e-01 
9.542338e-01 
9.542338e-01 
9.542338e-01 
9.542338e-01 
9.542338e-01 
9.542338e-01 
9.542338e-01 
9.542338e-01 
9.542338e-01 
9.542338e-01 
9.542338e-01 
9.542338e-01 
9.542338e-01 
9.542338e-01 
9.542338e-01 
9.542338e-01 
9.542338e-01 
9.542338e-01 
9.542338e-01 
9.542338e-01 
9.542338e-01 
9.542338e-01 
9.542338e-01 
9.542338e-01 
9.542338e-01 
9.542338e-01 
9.542338e-01 
9.542338e-01 
9.542338e-01 
9.542338e-01 
9.542338e-01 
9.542338e-01 
9.542338e-01 
9.542338e-01 
9.542338e-01 
9.542338e-01 
9.542338e-01 
9.542338e-01 
9.542338e-01 
9.542338e-01 
9.542338e-01 
9.542338e-01 
9.542338e-01 
9.542338e-01 
9.542338e-01 
9.542338e-01 
9.542338e-01 
9.542338e-01 
9.542338e-01 
9.542338e-01 
9.542338e-01 
9.542338e-01 
9.542338e-01 
9.542338e-01 
9.542338e-01 
9.542338e-01 
9.542338e-01 
9.542338e-01 
9.542338e-01 
9.542338e-01 
9.542338e-01 
9.542338e-01 
9.542338e-01 
9.542338e-01 
9.542338e-01 
9.542338e-01 
9.542338e-01 
9.542338e-01 
9.542338e-01 
9.542338e-01 
9.542338e-01 
9.542338e-01 
9.542338e-01 
9.542338e-01 
9.542338e-01 
9.542338e-01 
9.542338e-01 
9.542338e-01 
9.542338e-01 
9.542338e-01 
9.542338e-01 
9.542338e-01 
9.542338e-01 
9.542338e-01 
9.542338e-01 
9.542338e-01 
9.542338e-01 
9.542338e-01 
9.542338e-01 
9.542338e-01 
9.542338e-01 
9.542338e-01 
9.542338e-01 
9.542338e-01 
9.542338e-01 
9.483919e-01 
9.174442e-01 
8.809806e-01 
8.399252e-01 
7.950701e-01 
7.469549e-01 
6.959261e-01 
6.420268e-01 
5.850129e-01 
5.242978e-01 
4.586339e-01 
3.856870e-01 
3.001672e-01 
1.880885e-01 
2.843469e-02 
5.070222e-03 
2.019718e-03 
1.247897e-03 
8.508121e-04 
6.159730e-04 
4.645998e-04 
3.611574e-04 
2.874424e-04 
2.332129e-04 
1.921436e-04 
1.605301e-04 
1.352993e-04 
1.151752e-04 
9.891220e-05 
8.560733e-05 
7.460883e-05 
6.543131e-05 
5.770744e-05 
5.116162e-05 
4.557491e-05 
4.077681e-05 
3.663207e-05 
3.303235e-05 
2.989226e-05 
2.713999e-05 
2.471720e-05 
2.257629e-05 
2.068599e-05 
1.899413e-05 
1.748348e-05 
1.613037e-05 
1.491465e-05 
1.384635e-05 
1.285398e-05 
1.195569e-05 
1.114071e-05 
1.039938e-05 
9.724032e-06 
9.096368e-06 
8.533740e-06 
8.018089e-06 
7.543983e-06 
7.109106e-06 
6.709045e-06 
6.340816e-06 
6.002145e-06 
5.690886e-06 
5.403908e-06 
5.141943e-06 
4.879171e-06 
4.628555e-06 
4.395242e-06 
4.178111e-06 
3.975597e-06 
3.786394e-06 
3.609342e-06 
3.443536e-06 
3.288053e-06 
3.142080e-06 
3.004898e-06 
2.875832e-06 
2.754389e-06 
2.640038e-06 
2.532338e-06 
2.433027e-06 
2.351163e-06 
2.318183e-06 
2.318470e-06 
2.315847e-06 
2.315585e-06 
2.315567e-06 
2.315566e-06 
2.315566e-06 
2.315566e-06 
2.315566e-06 
2.315566e-06 
2.315566e-06 
2.315566e-06 
2.315566e-06 
2.315566e-06 
2.315566e-06 
2.315566e-06 
2.315566e-06 
2.315566e-06 
2.315566e-06 
2.315566e-06 
2.315566e-06 
2.315566e-06 
2.315566e-06 
2.315566e-06 
2.315566e-06 
2.315566e-06 
2.315566e-06 
2.315566e-06 
2.315566e-06 
2.315566e-06 
2.315566e-06 
2.315566e-06 
2.315566e-06 
2.315566e-06 
2.315566e-06 
2.315566e-06 
2.315566e-06 
2.315566e-06 
2.315566e-06 
2.315566e-06 
2.315566e-06 
2.315566e-06 
2.315566e-06 
2.315566e-06 
2.315566e-06 
2.315566e-06 
2.315566e-06 
2.315566e-06 
2.315566e-06 
2.315566e-06 
2.315566e-06 
2.315566e-06 
2.315566e-06 
2.315566e-06 
2.315566e-06 
2.315566e-06 
2.315566e-06 
2.315566e-06 
2.315566e-06 
2.315566e-06 
2.315566e-06 
2.315566e-06 
2.315566e-06 
2.315566e-06 
2.315566e-06 
2.315566e-06 
2.315566e-06 
2.315566e-06 
2.315566e-06 
2.315566e-06 
2.315566e-06 
2.315566e-06 
2.315566e-06 
2.315566e-06 
2.315566e-06 
2.315566e-06 
2.315566e-06 
2.315566e-06 
2.315566e-06 
2.315566e-06 
2.315566e-06 
2.315566e-06 
2.315566e-06 
2.315566e-06 
2.315566e-06 
2.315566e-06 
2.315566e-06 
2.315566e-06 
2.315566e-06 
2.315566e-06 
2.315566e-06 
2.315566e-06 
2.315566e-06 
2.315566e-06 
2.315566e-06 
2.315566e-06 
2.315566e-06 
2.315566e-06 
2.315566e-06 
2.315566e-06 
2.315566e-06 
2.315566e-06 
2.315566e-06 
2.315566e-06 
2.315566e-06 
2.315566e-06 
2.315566e-06 
2.315566e-06 
2.315566e-06 
2.315566e-06 
2.315566e-06 
2.315566e-06 
2.315566e-06 
2.315566e-06 
2.315566e-06 
2.315566e-06 
2.315566e-06 
2.315566e-06 
2.315566e-06 
2.315566e-06 
2.315566e-06 
2.315566e-06 
2.315566e-06 
2.315566e-06 
2.315566e-06 
2.315566e-06 
2.315566e-06 
2.315566e-06 
2.315566e-06 
2.315566e-06 
2.315566e-06 
2.315566e-06 
2.315566e-06 
2.315566e-06 
2.315566e-06 
2.315566e-06 
2.315566e-06 
2.315566e-06 
2.315566e-06 
2.315566e-06 
2.315566e-06 
2.315566e-06 
2.315566e-06 
2.315566e-06 
2.315566e-06 
2.315566e-06 
2.315566e-06 
2.315566e-06 
2.315566e-06 
2.315566e-06 
2.315566e-06 
2.315566e-06 
2.315566e-06 
2.315566e-06 
2.315566e-06 
2.315566e-06 
2.315566e-06 
2.315566e-06 
2.315566e-06 
2.315566e-06 
2.315566e-06 
2.315566e-06 
2.315566e-06 
2.315566e-06 
2.315566e-06 
2.315566e-06 
2.315566e-06 
2.315566e-06 
2.315566e-06 
2.328005e-06 
2.391028e-06 
2.452921e-06 
2.524322e-06 
2.595590e-06 
2.670179e-06 
2.748328e-06 
2.830269e-06 
2.916286e-06 
3.006528e-06 
3.101368e-06 
3.201100e-06 
3.306058e-06 
3.416650e-06 
3.533208e-06 
3.656200e-06 
3.786103e-06 
3.923439e-06 
4.068826e-06 
4.222797e-06 
4.386095e-06 
4.559468e-06 
4.743822e-06 
4.939988e-06 
5.148980e-06 
5.371597e-06 
5.609749e-06 
5.864612e-06 
6.117714e-06 
6.408764e-06 
6.721483e-06 
7.058058e-06 
7.421032e-06 
7.813000e-06 
8.237138e-06 
8.697051e-06 
8.951088e-06 
9.473684e-06 
1.004369e-05 
1.066663e-05 
1.134932e-05 
1.248283e-05 
1.334873e-05 
1.430672e-05 
1.537042e-05 
1.655563e-05 
1.788150e-05 
1.936986e-05 
2.104800e-05 
2.294875e-05 
2.511177e-05 
2.794455e-05 
3.085974e-05 
3.423613e-05 
3.816987e-05 
4.300534e-05 
4.861244e-05 
5.523210e-05 
6.312841e-05 
7.252899e-05 
8.373311e-05 
9.699800e-05 
1.124807e-04 
1.301953e-04 
1.499625e-04 
1.714405e-04 
1.942187e-04 
2.178938e-04 
2.421660e-04 
2.668348e-04 
2.917876e-04 
3.169425e-04 
3.422379e-04 
3.676031e-04 
3.928783e-04 
4.178153e-04 
4.420161e-04 
4.649028e-04 
4.851317e-04 
5.038212e-04 
5.192565e-04 
5.209773e-04 
5.224566e-04 
5.225375e-04 
5.225411e-04 
5.225413e-04 
5.225413e-04 
5.225413e-04 
5.225413e-04 
5.225413e-04 
5.225413e-04 
5.225413e-04 
5.225413e-04 
5.225413e-04 
5.225413e-04 
5.225413e-04 
5.225413e-04 
5.225413e-04 
5.225413e-04 
5.225413e-04 
5.225413e-04 
5.225413e-04 
5.225413e-04 
5.225413e-04 
5.225413e-04 
5.225413e-04 
5.225413e-04 
5.225413e-04 
5.225413e-04 
5.225413e-04 
5.225413e-04 
5.225413e-04 
5.225413e-04 
5.225413e-04 
5.225413e-04 
5.225413e-04 
5.225413e-04 
5.225413e-04 
5.225413e-04 
5.225413e-04 
5.225413e-04 
5.225413e-04 
5.225413e-04 
5.225413e-04 
5.225413e-04 
5.225413e-04 
5.225413e-04 
5.225413e-04 
5.225413e-04 
5.225413e-04 
5.225413e-04 
5.225413e-04 
5.225413e-04 
5.225413e-04 
5.225413e-04 
5.225413e-04 
5.225413e-04 
5.225413e-04 
5.225413e-04 
5.225413e-04 
5.225413e-04 
5.225413e-04 
5.225413e-04 
5.225413e-04 
5.225413e-04 
5.225413e-04 
5.225413e-04 
5.225413e-04 
5.225413e-04 
5.225413e-04 
5.225413e-04 
5.225413e-04 
5.225413e-04 
5.225413e-04 
5.225413e-04 
5.225413e-04 
5.225413e-04 
5.225413e-04 
5.225413e-04 
5.225413e-04 
5.225413e-04 
5.225413e-04 
5.225413e-04 
5.225413e-04 
5.225413e-04 
5.225413e-04 
5.225413e-04 
5.225413e-04 
5.225413e-04 
5.225413e-04 
5.225413e-04 
5.225413e-04 
5.225413e-04 
5.225413e-04 
5.225413e-04 
5.225413e-04 
5.225413e-04 
5.225413e-04 
5.225413e-04 
5.225413e-04 
5.225413e-04 
5.225413e-04 
5.225413e-04 
5.225413e-04 
5.225413e-04 
5.225413e-04 
5.225413e-04 
5.225413e-04 
5.225413e-04 
5.225413e-04 
5.225413e-04 
5.225413e-04 
5.225413e-04 
5.225413e-04 
5.225413e-04 
5.225413e-04 
5.225413e-04 
5.225413e-04 
5.225413e-04 
5.225413e-04 
5.225413e-04 
5.225413e-04 
5.225413e-04 
5.225413e-04 
5.225413e-04 
5.225413e-04 
5.225413e-04 
5.225413e-04 
5.225413e-04 
5.225413e-04 
5.225413e-04 
5.225413e-04 
5.225413e-04 
5.225413e-04 
5.225413e-04 
5.225413e-04 
5.225413e-04 
5.225413e-04 
5.225413e-04 
5.225413e-04 
5.225413e-04 
5.225413e-04 
5.225413e-04 
5.225413e-04 
5.225413e-04 
5.225413e-04 
5.225413e-04 
5.225413e-04 
5.225413e-04 
5.225413e-04 
5.225413e-04 
5.225413e-04 
5.225413e-04 
5.225413e-04 
5.225413e-04 
5.225413e-04 
5.225413e-04 
5.225413e-04 
5.225413e-04 
5.225413e-04 
5.225413e-04 
5.225413e-04 
5.225413e-04 
5.225413e-04 
5.225413e-04 
5.225413e-04 
5.225413e-04 
5.225413e-04 
5.225413e-04 
5.225413e-04 
5.262311e-04 
5.475009e-04 
5.691977e-04 
5.922423e-04 
6.166798e-04 
6.423824e-04 
6.695252e-04 
6.981328e-04 
7.280986e-04 
7.196828e-04 
7.532119e-04 
7.890663e-04 
8.273614e-04 
8.683113e-04 
9.121159e-04 
9.590621e-04 
1.009432e-03 
1.063540e-03 
1.121747e-03 
1.184315e-03 
1.251660e-03 
1.324265e-03 
1.402691e-03 
1.487479e-03 
1.579329e-03 
1.678966e-03 
1.787310e-03 
1.905003e-03 
2.033680e-03 
2.174327e-03 
2.328360e-03 
2.497417e-03 
2.683418e-03 
2.888409e-03 
3.114911e-03 
3.365824e-03 
3.644496e-03 
3.954932e-03 
4.301531e-03 
4.691850e-03 
5.128622e-03 
5.620965e-03 
6.178488e-03 
6.811612e-03 
7.534767e-03 
8.362176e-03 
9.314141e-03 
1.041570e-02 
1.169514e-02 
1.319067e-02 
1.494868e-02 
1.702939e-02 
1.950739e-02 
2.248109e-02 
2.607772e-02 
3.046416e-02 
3.586326e-02 
4.256496e-02 
5.096225e-02 
6.157428e-02 
7.507930e-02 
9.233817e-02 
1.143397e-01 
1.421047e-01 
1.763825e-01 
2.173032e-01 
2.641672e-01 
3.155320e-01 
3.698791e-01 
4.257036e-01 
4.819952e-01 
5.378100e-01 
5.927394e-01 
6.462687e-01 
6.982242e-01 
7.481724e-01 
7.956771e-01 
8.402135e-01 
8.810958e-01 
9.174774e-01 
9.484047e-01 
9.542484e-01 
9.542484e-01 
9.542484e-01 
9.542484e-01 
9.542484e-01 
9.542484e-01 
9.542484e-01 
9.542484e-01 
9.542484e-01 
9.542484e-01 
9.542484e-01 
9.542484e-01 
9.542484e-01 
9.542484e-01 
9.542484e-01 
9.542484e-01 
9.542484e-01 
9.542484e-01 
9.542484e-01 
9.542484e-01 
9.542484e-01 
9.542484e-01 
9.542484e-01 
9.542484e-01 
9.542484e-01 
9.542484e-01 
9.542484e-01 
9.542484e-01 
9.542484e-01 
9.542484e-01 
9.542484e-01 
9.542484e-01 
9.542484e-01 
9.542484e-01 
9.542484e-01 
9.542484e-01 
9.542484e-01 
9.542484e-01 
9.542484e-01 
9.542484e-01 
9.542484e-01 
9.542484e-01 
9.542484e-01 
9.542484e-01 
9.542484e-01 
9.542484e-01 
9.542484e-01 
9.542484e-01 
9.542484e-01 
9.542484e-01 
9.542484e-01 
9.542484e-01 
9.542484e-01 
9.542484e-01 
9.542484e-01 
9.542484e-01 
9.542484e-01 
9.542484e-01 
9.542484e-01 
9.542484e-01 
9.542484e-01 
9.542484e-01 
9.542484e-01 
9.542484e-01 
9.542484e-01 
9.542484e-01 
9.542484e-01 
9.542484e-01 
9.542484e-01 
9.542484e-01 
9.542484e-01 
9.542484e-01 
9.542484e-01 
9.542484e-01 
9.542484e-01 
9.542484e-01 
9.542484e-01 
9.542484e-01 
9.542484e-01 
9.542484e-01 
9.542484e-01 
9.542484e-01 
9.542484e-01 
9.542484e-01 
9.542484e-01 
9.542484e-01 
9.542484e-01 
9.542484e-01 
9.542484e-01 
9.542484e-01 
9.542484e-01 
9.542484e-01 
9.542484e-01 
9.542484e-01 
9.542484e-01 
9.542484e-01 
9.542484e-01 
9.542484e-01 
9.542484e-01 
9.542484e-01 
9.542484e-01 
9.542484e-01 
9.542484e-01 
9.542484e-01 
9.542484e-01 
9.542484e-01 
9.542484e-01 
9.542484e-01 
9.542484e-01 
9.542484e-01 
9.542484e-01 
9.542484e-01 
9.542484e-01 
9.542484e-01 
9.542484e-01 
9.542484e-01 
9.542484e-01 
9.542484e-01 
9.542484e-01 
9.542484e-01 
9.542484e-01 
9.542484e-01 
9.542484e-01 
9.542484e-01 
9.542484e-01 
9.542484e-01 
9.542484e-01 
9.542484e-01 
9.542484e-01 
9.542484e-01 
9.542484e-01 
9.542484e-01 
9.542484e-01 
9.542484e-01 
9.542484e-01 
9.542484e-01 
9.542484e-01 
9.542484e-01 
9.542484e-01 
9.542484e-01 
9.542484e-01 
9.542484e-01 
9.542484e-01 
9.542484e-01 
9.542484e-01 
9.542484e-01 
9.542484e-01 
9.542484e-01 
9.542484e-01 
9.542484e-01 
9.542484e-01 
9.542484e-01 
9.542484e-01 
9.542484e-01 
9.542484e-01 
9.542484e-01 
9.542484e-01 
9.542484e-01 
9.542484e-01 
9.542484e-01 
9.542484e-01 
9.542484e-01 
9.542484e-01 
9.542484e-01 
9.542484e-01 
9.542484e-01 
9.542484e-01 
9.542484e-01 
9.542484e-01 
9.542484e-01 
9.542482e-01 
9.542481e-01 
9.542480e-01 
9.542477e-01 
9.542475e-01 
9.542474e-01 
9.542471e-01 
9.542468e-01 
9.542467e-01 
9.542465e-01 
9.542462e-01 
9.542459e-01 
9.542455e-01 
9.542452e-01 
9.542448e-01 
9.542445e-01 
9.542441e-01 
9.542436e-01 
9.542434e-01 
9.542429e-01 
9.542425e-01 
9.542421e-01 
9.542418e-01 
9.542414e-01 
9.542410e-01 
9.542407e-01 
9.542404e-01 
9.542401e-01 
9.542397e-01 
9.542395e-01 
9.542392e-01 
9.542390e-01 
9.542388e-01 
9.542385e-01 
9.542383e-01 
9.542381e-01 
9.542379e-01 
9.542377e-01 
9.542375e-01 
9.542374e-01 
9.542372e-01 
9.542371e-01 
9.542369e-01 
9.542368e-01 
9.542366e-01 
9.542364e-01 
9.542364e-01 
9.542362e-01 
9.542361e-01 
9.542360e-01 
9.542359e-01 
9.542358e-01 
9.542357e-01 
9.542356e-01 
9.542355e-01 
9.542354e-01 
9.542353e-01 
9.542351e-01 
9.542351e-01 
9.542350e-01 
9.542350e-01 
9.542348e-01 
9.542348e-01 
9.542347e-01 
9.542346e-01 
9.542345e-01 
9.542345e-01 
9.542345e-01 
9.542344e-01 
9.542343e-01 
9.542342e-01 
9.542342e-01 
9.542341e-01 
9.542341e-01 
9.542340e-01 
9.542339e-01 
9.542339e-01 
9.542339e-01 
9.542339e-01 
9.542338e-01 
9.542337e-01 
9.542338e-01 
9.542338e-01 
9.542338e-01 
9.542338e-01 
9.542338e-01 
9.542338e-01 
9.542338e-01 
9.542338e-01 
9.542338e-01 
9.542338e-01 
9.542338e-01 
9.542338e-01 
9.542338e-01 
9.542338e-01 
9.542338e-01 
9.542338e-01 
9.542338e-01 
9.542338e-01 
9.542338e-01 
9.542338e-01 
9.542338e-01 
9.542338e-01 
9.542338e-01 
9.542338e-01 
9.542338e-01 
9.542338e-01 
9.542338e-01 
9.542338e-01 
9.542338e-01 
9.542338e-01 
9.542338e-01 
9.542338e-01 
9.542338e-01 
9.542338e-01 
9.542338e-01 
9.542338e-01 
9.542338e-01 
9.542338e-01 
9.542338e-01 
9.542338e-01 
9.542338e-01 
9.542338e-01 
9.542338e-01 
9.542338e-01 
9.542338e-01 
9.542338e-01 
9.542338e-01 
9.542338e-01 
9.542338e-01 
9.542338e-01 
9.542338e-01 
9.542338e-01 
9.542338e-01 
9.542338e-01 
9.542338e-01 
9.542338e-01 
9.542338e-01 
9.542338e-01 
9.542338e-01 
9.542338e-01 
9.542338e-01 
9.542338e-01 
9.542338e-01 
9.542338e-01 
9.542338e-01 
9.542338e-01 
9.542338e-01 
9.542338e-01 
9.542338e-01 
9.542338e-01 
9.542338e-01 
9.542338e-01 
9.542338e-01 
9.542338e-01 
9.542338e-01 
9.542338e-01 
9.542338e-01 
9.542338e-01 
9.542338e-01 
9.542338e-01 
9.542338e-01 
9.542338e-01 
9.542338e-01 
9.542338e-01 
9.542338e-01 
9.542338e-01 
9.542338e-01 
9.542338e-01 
9.542338e-01 
9.542338e-01 
9.542338e-01 
9.542338e-01 
9.542338e-01 
9.542338e-01 
9.542338e-01 
9.542338e-01 
9.542338e-01 
9.542338e-01 
9.542338e-01 
9.542338e-01 
9.542338e-01 
9.542338e-01 
9.542338e-01 
9.542338e-01 
9.542338e-01 
9.542338e-01 
9.542338e-01 
9.542338e-01 
9.542338e-01 
9.542338e-01 
9.542338e-01 
9.542338e-01 
9.542338e-01 
9.542338e-01 
9.542338e-01 
9.542338e-01 
9.542338e-01 
9.542338e-01 
9.542338e-01 
9.542338e-01 
9.542338e-01 
9.542338e-01 
9.542338e-01 
9.542338e-01 
9.542338e-01 
9.542338e-01 
9.542338e-01 
9.542338e-01 
9.542338e-01 
9.542338e-01 
9.542338e-01 
9.542338e-01 
9.542338e-01 
9.542338e-01 
9.542338e-01 
9.542338e-01 
9.542338e-01 
9.542338e-01 
9.542338e-01 
9.542338e-01 
9.542338e-01 
9.542338e-01 
9.542338e-01 
9.542338e-01 
9.542338e-01 
9.542338e-01 
9.542338e-01 
9.542338e-01 
9.542338e-01 
9.542338e-01 
9.542338e-01 
9.542338e-01 
9.542338e-01 
9.542338e-01 
9.542338e-01 
9.542338e-01 
9.542338e-01 
9.542338e-01 
9.542338e-01 
9.542338e-01 
9.542338e-01 
9.542338e-01 
9.542338e-01 
9.542338e-01 
9.542338e-01 
9.542338e-01 
9.542338e-01 
9.542338e-01 
9.483901e-01 
9.174421e-01 
8.809783e-01 
8.399227e-01 
7.950674e-01 
7.469518e-01 
6.959212e-01 
6.420234e-01 
5.850075e-01 
5.242941e-01 
4.586334e-01 
3.857233e-01 
3.001617e-01 
1.883536e-01 
2.843581e-02 
4.916095e-03 
2.019675e-03 
1.247878e-03 
8.507998e-04 
6.159644e-04 
4.645937e-04 
3.611527e-04 
2.874575e-04 
2.332103e-04 
1.921414e-04 
1.605284e-04 
1.359466e-04 
1.151748e-04 
9.891135e-05 
8.560663e-05 
7.460820e-05 
6.543082e-05 
5.770699e-05 
5.116126e-05 
4.557463e-05 
4.077641e-05 
3.663185e-05 
3.303204e-05 
2.989208e-05 
2.713983e-05 
2.471706e-05 
2.258754e-05 
2.068588e-05 
1.899403e-05 
1.748335e-05 
1.613030e-05 
1.491492e-05 
1.384629e-05 
1.285392e-05 
1.195563e-05 
1.114066e-05 
1.039933e-05 
9.723971e-06 
9.096277e-06 
8.533650e-06 
8.017961e-06 
7.543796e-06 
7.108801e-06 
6.708447e-06 
6.339529e-06 
5.999315e-06 
5.685959e-06 
5.402882e-06 
5.141440e-06 
4.880480e-06 
4.630424e-06 
4.396784e-06 
4.179167e-06 
3.976259e-06 
3.786783e-06 
3.609612e-06 
3.443652e-06 
3.288109e-06 
3.142105e-06 
3.004906e-06 
2.875832e-06 
2.754385e-06 
2.640033e-06 
2.532332e-06 
2.430902e-06 
2.335369e-06 
2.315279e-06 
2.315548e-06 
2.315566e-06 
2.315566e-06 
2.315567e-06 
2.315567e-06 
2.315567e-06 
2.315567e-06 
2.315567e-06 
2.315567e-06 
2.315567e-06 
2.315567e-06 
2.315567e-06 
2.315567e-06 
2.315567e-06 
2.315567e-06 
2.315567e-06 
2.315567e-06 
2.315567e-06 
2.315567e-06 
2.315567e-06 
2.315567e-06 
2.315567e-06 
2.315567e-06 
2.315567e-06 
2.315567e-06 
2.315567e-06 
2.315567e-06 
2.315567e-06 
2.315567e-06 
2.315567e-06 
2.315567e-06 
2.315567e-06 
2.315567e-06 
2.315567e-06 
2.315567e-06 
2.315567e-06 
2.315567e-06 
2.315567e-06 
2.315567e-06 
2.315567e-06 
2.315567e-06 
2.315567e-06 
2.315567e-06 
2.315567e-06 
2.315567e-06 
2.315567e-06 
2.315567e-06 
2.315567e-06 
2.315567e-06 
2.315567e-06 
2.315567e-06 
2.315567e-06 
2.315567e-06 
2.315567e-06 
2.315567e-06 
2.315567e-06 
2.315567e-06 
2.315567e-06 
2.315567e-06 
2.315567e-06 
2.315567e-06 
2.315567e-06 
2.315567e-06 
2.315567e-06 
2.315567e-06 
2.315567e-06 
2.315567e-06 
2.315567e-06 
2.315567e-06 
2.315567e-06 
2.315567e-06 
2.315567e-06 
2.315567e-06 
2.315567e-06 
2.315567e-06 
2.315567e-06 
2.315567e-06 
2.315567e-06 
2.315567e-06 
2.315567e-06 
2.315567e-06 
2.315567e-06 
2.315567e-06 
2.315567e-06 
2.315567e-06 
2.315567e-06 
2.315567e-06 
2.315567e-06 
2.315567e-06 
2.315567e-06 
2.315567e-06 
2.315567e-06 
2.315567e-06 
2.315567e-06 
2.315567e-06 
2.315567e-06 
2.315567e-06 
2.315567e-06 
2.315567e-06 
2.315567e-06 
2.315567e-06 
2.315567e-06 
2.315567e-06 
2.315567e-06 
2.315567e-06 
2.315567e-06 
2.315567e-06 
2.315567e-06 
2.315567e-06 
2.315567e-06 
2.315567e-06 
2.315567e-06 
2.315567e-06 
2.315567e-06 
2.315567e-06 
2.315567e-06 
2.315567e-06 
2.315567e-06 
2.315567e-06 
2.315567e-06 
2.315567e-06 
2.315567e-06 
2.315567e-06 
2.315567e-06 
2.315567e-06 
2.315567e-06 
2.315567e-06 
2.315567e-06 
2.315567e-06 
2.315567e-06 
2.315567e-06 
2.315567e-06 
2.315567e-06 
2.315567e-06 
2.315567e-06 
2.315567e-06 
2.315567e-06 
2.315567e-06 
2.315567e-06 
2.315567e-06 
2.315567e-06 
2.315567e-06 
2.315567e-06 
2.315567e-06 
2.315567e-06 
2.315567e-06 
2.315567e-06 
2.315567e-06 
2.315567e-06 
2.315567e-06 
2.315567e-06 
2.315567e-06 
2.315567e-06 
2.315567e-06 
2.315567e-06 
2.315567e-06 
2.315567e-06 
2.315567e-06 
2.315567e-06 
2.315567e-06 
2.315567e-06 
2.315567e-06 
2.315567e-06 
2.315567e-06 
2.315567e-06 
2.315567e-06 
2.315567e-06 
2.315567e-06 
2.325029e-06 
2.389630e-06 
2.437867e-06 
2.522740e-06 
2.593905e-06 
2.670058e-06 
2.748332e-06 
2.830275e-06 
2.916132e-06 
3.006522e-06 
3.101378e-06 
3.201106e-06 
3.306064e-06 
3.416656e-06 
3.533214e-06 
3.656207e-06 
3.786111e-06 
3.923451e-06 
4.068836e-06 
4.222811e-06 
4.386106e-06 
4.559475e-06 
4.743725e-06 
4.939309e-06 
5.148218e-06 
5.363393e-06 
5.600757e-06 
5.854735e-06 
6.049786e-06 
6.335774e-06 
6.642958e-06 
6.973456e-06 
7.329725e-06 
7.714358e-06 
8.130384e-06 
8.581316e-06 
8.864089e-06 
9.376129e-06 
9.937608e-06 
1.055103e-05 
1.122304e-05 
1.196125e-05 
1.277453e-05 
1.406872e-05 
1.510969e-05 
1.626714e-05 
1.756111e-05 
1.901375e-05 
2.065108e-05 
2.250485e-05 
2.461398e-05 
2.702659e-05 
3.062720e-05 
3.396353e-05 
3.784743e-05 
4.286749e-05 
4.854909e-05 
5.520075e-05 
6.312609e-05 
7.252649e-05 
8.373021e-05 
9.699452e-05 
1.124767e-04 
1.301909e-04 
1.499576e-04 
1.714352e-04 
1.942131e-04 
2.178881e-04 
2.421602e-04 
2.668289e-04 
2.917741e-04 
3.169365e-04 
3.422393e-04 
3.676046e-04 
3.928799e-04 
4.178096e-04 
4.420179e-04 
4.649188e-04 
4.851412e-04 
5.038301e-04 
5.192615e-04 
5.209754e-04 
5.224567e-04 
5.225376e-04 
5.225412e-04 
5.225413e-04 
5.225413e-04 
5.225413e-04 
5.225413e-04 
5.225413e-04 
5.225413e-04 
5.225413e-04 
5.225413e-04 
5.225413e-04 
5.225413e-04 
5.225413e-04 
5.225413e-04 
5.225413e-04 
5.225413e-04 
5.225413e-04 
5.225413e-04 
5.225413e-04 
5.225413e-04 
5.225413e-04 
5.225413e-04 
5.225413e-04 
5.225413e-04 
5.225413e-04 
5.225413e-04 
5.225413e-04 
5.225413e-04 
5.225413e-04 
5.225413e-04 
5.225413e-04 
5.225413e-04 
5.225413e-04 
5.225413e-04 
5.225413e-04 
5.225413e-04 
5.225413e-04 
5.225413e-04 
5.225413e-04 
5.225413e-04 
5.225413e-04 
5.225413e-04 
5.225413e-04 
5.225413e-04 
5.225413e-04 
5.225413e-04 
5.225413e-04 
5.225413e-04 
5.225413e-04 
5.225413e-04 
5.225413e-04 
5.225413e-04 
5.225413e-04 
5.225413e-04 
5.225413e-04 
5.225413e-04 
5.225413e-04 
5.225413e-04 
5.225413e-04 
5.225413e-04 
5.225413e-04 
5.225413e-04 
5.225413e-04 
5.225413e-04 
5.225413e-04 
5.225413e-04 
5.225413e-04 
5.225413e-04 
5.225413e-04 
5.225413e-04 
5.225413e-04 
5.225413e-04 
5.225413e-04 
5.225413e-04 
5.225413e-04 
5.225413e-04 
5.225413e-04 
5.225413e-04 
5.225413e-04 
5.225413e-04 
5.225413e-04 
5.225413e-04 
5.225413e-04 
5.225413e-04 
5.225413e-04 
5.225413e-04 
5.225413e-04 
5.225413e-04 
5.225413e-04 
5.225413e-04 
5.225413e-04 
5.225413e-04 
5.225413e-04 
5.225413e-04 
5.225413e-04 
5.225413e-04 
5.225413e-04 
5.225413e-04 
5.225413e-04 
5.225413e-04 
5.225413e-04 
5.225413e-04 
5.225413e-04 
5.225413e-04 
5.225413e-04 
5.225413e-04 
5.225413e-04 
5.225413e-04 
5.225413e-04 
5.225413e-04 
5.225413e-04 
5.225413e-04 
5.225413e-04 
5.225413e-04 
5.225413e-04 
5.225413e-04 
5.225413e-04 
5.225413e-04 
5.225413e-04 
5.225413e-04 
5.225413e-04 
5.225413e-04 
5.225413e-04 
5.225413e-04 
5.225413e-04 
5.225413e-04 
5.225413e-04 
5.225413e-04 
5.225413e-04 
5.225413e-04 
5.225413e-04 
5.225413e-04 
5.225413e-04 
5.225413e-04 
5.225413e-04 
5.225413e-04 
5.225413e-04 
5.225413e-04 
5.225413e-04 
5.225413e-04 
5.225413e-04 
5.225413e-04 
5.225413e-04 
5.225413e-04 
5.225413e-04 
5.225413e-04 
5.225413e-04 
5.225413e-04 
5.225413e-04 
5.225413e-04 
5.225413e-04 
5.225413e-04 
5.225413e-04 
5.225413e-04 
5.225413e-04 
5.225413e-04 
5.225413e-04 
5.225413e-04 
5.225413e-04 
5.225413e-04 
5.225413e-04 
5.225413e-04 
5.225413e-04 
5.225413e-04 
5.225413e-04 
5.225413e-04 
5.225413e-04 
5.268474e-04 
5.475088e-04 
5.693164e-04 
5.923529e-04 
6.166810e-04 
6.423840e-04 
6.695267e-04 
6.981341e-04 
7.280994e-04 
7.196947e-04 
7.532854e-04 
7.891575e-04 
8.274558e-04 
8.683990e-04 
9.121867e-04 
9.590833e-04 
1.009435e-03 
1.063545e-03 
1.121751e-03 
1.184321e-03 
1.251665e-03 
1.324269e-03 
1.402672e-03 
1.487484e-03 
1.579335e-03 
1.678973e-03 
1.787317e-03 
1.904974e-03 
2.033644e-03 
2.174291e-03 
2.328322e-03 
2.497375e-03 
2.683371e-03 
2.888357e-03 
3.114855e-03 
3.365753e-03 
3.644425e-03 
3.954845e-03 
4.301443e-03 
4.691754e-03 
5.128510e-03 
5.620995e-03 
6.178522e-03 
6.811653e-03 
7.534834e-03 
8.362229e-03 
9.314205e-03 
1.041577e-02 
1.169523e-02 
1.319077e-02 
1.494879e-02 
1.702885e-02 
1.950755e-02 
2.248139e-02 
2.607796e-02 
3.046445e-02 
3.586361e-02 
4.256539e-02 
5.096282e-02 
6.157500e-02 
7.508066e-02 
9.233929e-02 
1.143419e-01 
1.421066e-01 
1.763848e-01 
2.173059e-01 
2.641700e-01 
3.155352e-01 
3.698825e-01 
4.257071e-01 
4.819987e-01 
5.378132e-01 
5.927425e-01 
6.462719e-01 
6.982274e-01 
7.481608e-01 
7.956796e-01 
8.402160e-01 
8.810981e-01 
9.174795e-01 
9.484064e-01 
9.542484e-01 
9.542484e-01 
9.542484e-01 
9.542484e-01 
9.542484e-01 
9.542484e-01 
9.542484e-01 
9.542484e-01 
9.542484e-01 
9.542484e-01 
9.542484e-01 
9.542484e-01 
9.542484e-01 
9.542484e-01 
9.542484e-01 
9.542484e-01 
9.542484e-01 
9.542484e-01 
9.542484e-01 
9.542484e-01 
9.542484e-01 
9.542484e-01 
9.542484e-01 
9.542484e-01 
9.542484e-01 
9.542484e-01 
9.542484e-01 
9.542484e-01 
9.542484e-01 
9.542484e-01 
9.542484e-01 
9.542484e-01 
9.542484e-01 
9.542484e-01 
9.542484e-01 
9.542484e-01 
9.542484e-01 
9.542484e-01 
9.542484e-01 
9.542484e-01 
9.542484e-01 
9.542484e-01 
9.542484e-01 
9.542484e-01 
9.542484e-01 
9.542484e-01 
9.542484e-01 
9.542484e-01 
9.542484e-01 
9.542484e-01 
9.542484e-01 
9.542484e-01 
9.542484e-01 
9.542484e-01 
9.542484e-01 
9.542484e-01 
9.542484e-01 
9.542484e-01 
9.542484e-01 
9.542484e-01 
9.542484e-01 
9.542484e-01 
9.542484e-01 
9.542484e-01 
9.542484e-01 
9.542484e-01 
9.542484e-01 
9.542484e-01 
9.542484e-01 
9.542484e-01 
9.542484e-01 
9.542484e-01 
9.542484e-01 
9.542484e-01 
9.542484e-01 
9.542484e-01 
9.542484e-01 
9.542484e-01 
9.542484e-01 
9.542484e-01 
9.542484e-01 
9.542484e-01 
9.542484e-01 
9.542484e-01 
9.542484e-01 
9.542484e-01 
9.542484e-01 
9.542484e-01 
9.542484e-01 
9.542484e-01 
9.542484e-01 
9.542484e-01 
9.542484e-01 
9.542484e-01 
9.542484e-01 
9.542484e-01 
9.542484e-01 
9.542484e-01 
9.542484e-01 
9.542484e-01 
9.542484e-01 
9.542484e-01 
9.542484e-01 
9.542484e-01 
9.542484e-01 
9.542484e-01 
9.542484e-01 
9.542484e-01 
9.542484e-01 
9.542484e-01 
9.542484e-01 
9.542484e-01 
9.542484e-01 
9.542484e-01 
9.542484e-01 
9.542484e-01 
9.542484e-01 
9.542484e-01 
9.542484e-01 
9.542484e-01 
9.542484e-01 
9.542484e-01 
9.542484e-01 
9.542484e-01 
9.542484e-01 
9.542484e-01 
9.542484e-01 
9.542484e-01 
9.542484e-01 
9.542484e-01 
9.542484e-01 
9.542484e-01 
9.542484e-01 
9.542484e-01 
9.542484e-01 
9.542484e-01 
9.542484e-01 
9.542484e-01 
9.542484e-01 
9.542484e-01 
9.542484e-01 
9.542484e-01 
9.542484e-01 
9.542484e-01 
9.542484e-01 
9.542484e-01 
9.542484e-01 
9.542484e-01 
9.542484e-01 
9.542484e-01 
9.542484e-01 
9.542484e-01 
9.542484e-01 
9.542484e-01 
9.542484e-01 
9.542484e-01 
9.542484e-01 
9.542484e-01 
9.542484e-01 
9.542484e-01 
9.542484e-01 
9.542484e-01 
9.542484e-01 
9.542484e-01 
9.542484e-01 
9.542484e-01 
9.542484e-01 
9.542484e-01 
9.542484e-01 
9.542484e-01 
9.542482e-01 
9.542481e-01 
9.542480e-01 
9.542477e-01 
9.542475e-01 
9.542474e-01 
9.542471e-01 
9.542468e-01 
9.542467e-01 
9.542465e-01 
9.542461e-01 
9.542459e-01 
9.542455e-01 
9.542452e-01 
9.542449e-01 
9.542445e-01 
9.542441e-01 
9.542436e-01 
9.542434e-01 
9.542429e-01 
9.542425e-01 
9.542421e-01 
9.542418e-01 
9.542414e-01 
9.542410e-01 
9.542407e-01 
9.542404e-01 
9.542401e-01 
9.542397e-01 
9.542395e-01 
9.542392e-01 
9.542390e-01 
9.542388e-01 
9.542385e-01 
9.542383e-01 
9.542381e-01 
9.542379e-01 
9.542377e-01 
9.542375e-01 
9.542374e-01 
9.542372e-01 
9.542371e-01 
9.542369e-01 
9.542368e-01 
9.542366e-01 
9.542364e-01 
9.542364e-01 
9.542363e-01 
9.542361e-01 
9.542360e-01 
9.542359e-01 
9.542358e-01 
9.542357e-01 
9.542356e-01 
9.542355e-01 
9.542354e-01 
9.542353e-01 
9.542351e-01 
9.542351e-01 
9.542350e-01 
9.542350e-01 
9.542348e-01 
9.542348e-01 
9.542347e-01 
9.542346e-01 
9.542345e-01 
9.542345e-01 
9.542345e-01 
9.542344e-01 
9.542343e-01 
9.542342e-01 
9.542342e-01 
9.542341e-01 
9.542341e-01 
9.542340e-01 
9.542339e-01 
9.542339e-01 
9.542339e-01 
9.542339e-01 
9.542338e-01 
9.542337e-01 
9.542338e-01 
9.542338e-01 
9.542338e-01 
9.542338e-01 
9.542338e-01 
9.542338e-01 
9.542338e-01 
9.542338e-01 
9.542338e-01 
9.542338e-01 
9.542338e-01 
9.542338e-01 
9.542338e-01 
9.542338e-01 
9.542338e-01 
9.542338e-01 
9.542338e-01 
9.542338e-01 
9.542338e-01 
9.542338e-01 
9.542338e-01 
9.542338e-01 
9.542338e-01 
9.542338e-01 
9.542338e-01 
9.542338e-01 
9.542338e-01 
9.542338e-01 
9.542338e-01 
9.542338e-01 
9.542338e-01 
9.542338e-01 
9.542338e-01 
9.542338e-01 
9.542338e-01 
9.542338e-01 
9.542338e-01 
9.542338e-01 
9.542338e-01 
9.542338e-01 
9.542338e-01 
9.542338e-01 
9.542338e-01 
9.542338e-01 
9.542338e-01 
9.542338e-01 
9.542338e-01 
9.542338e-01 
9.542338e-01 
9.542338e-01 
9.542338e-01 
9.542338e-01 
9.542338e-01 
9.542338e-01 
9.542338e-01 
9.542338e-01 
9.542338e-01 
9.542338e-01 
9.542338e-01 
9.542338e-01 
9.542338e-01 
9.542338e-01 
9.542338e-01 
9.542338e-01 
9.542338e-01 
9.542338e-01 
9.542338e-01 
9.542338e-01 
9.542338e-01 
9.542338e-01 
9.542338e-01 
9.542338e-01 
9.542338e-01 
9.542338e-01 
9.542338e-01 
9.542338e-01 
9.542338e-01 
9.542338e-01 
9.542338e-01 
9.542338e-01 
9.542338e-01 
9.542338e-01 
9.542338e-01 
9.542338e-01 
9.542338e-01 
9.542338e-01 
9.542338e-01 
9.542338e-01 
9.542338e-01 
9.542338e-01 
9.542338e-01 
9.542338e-01 
9.542338e-01 
9.542338e-01 
9.542338e-01 
9.542338e-01 
9.542338e-01 
9.542338e-01 
9.542338e-01 
9.542338e-01 
9.542338e-01 
9.542338e-01 
9.542338e-01 
9.542338e-01 
9.542338e-01 
9.542338e-01 
9.542338e-01 
9.542338e-01 
9.542338e-01 
9.542338e-01 
9.542338e-01 
9.542338e-01 
9.542338e-01 
9.542338e-01 
9.542338e-01 
9.542338e-01 
9.542338e-01 
9.542338e-01 
9.542338e-01 
9.542338e-01 
9.542338e-01 
9.542338e-01 
9.542338e-01 
9.542338e-01 
9.542338e-01 
9.542338e-01 
9.542338e-01 
9.542338e-01 
9.542338e-01 
9.542338e-01 
9.542338e-01 
9.542338e-01 
9.542338e-01 
9.542338e-01 
9.542338e-01 
9.542338e-01 
9.542338e-01 
9.542338e-01 
9.542338e-01 
9.542338e-01 
9.542338e-01 
9.542338e-01 
9.542338e-01 
9.542338e-01 
9.542338e-01 
9.542338e-01 
9.542338e-01 
9.542338e-01 
9.542338e-01 
9.542338e-01 
9.542338e-01 
9.542338e-01 
9.542338e-01 
9.542338e-01 
9.542338e-01 
9.542338e-01 
9.542338e-01 
9.542338e-01 
9.542338e-01 
9.542338e-01 
9.542338e-01 
9.542338e-01 
9.542338e-01 
9.542338e-01 
9.542338e-01 
9.542338e-01 
9.542338e-01 
9.542338e-01 
9.483969e-01 
9.174290e-01 
8.809876e-01 
8.399189e-01 
7.950646e-01 
7.469490e-01 
6.959183e-01 
6.420202e-01 
5.850216e-01 
5.242716e-01 
4.586463e-01 
3.856545e-01 
3.001844e-01 
1.880727e-01 
2.842448e-02 
4.783608e-03 
2.019606e-03 
1.247828e-03 
8.508679e-04 
6.158912e-04 
4.646216e-04 
3.611723e-04 
2.874720e-04 
2.332349e-04 
1.921389e-04 
1.605426e-04 
1.352957e-04 
1.151884e-04 
9.891450e-05 
8.560914e-05 
7.461022e-05 
6.543244e-05 
5.771043e-05 
5.116432e-05 
4.557400e-05 
4.077859e-05 
3.663130e-05 
3.303261e-05 
2.989244e-05 
2.714009e-05 
2.471725e-05 
2.257627e-05 
2.068541e-05 
1.899450e-05 
1.748286e-05 
1.613056e-05 
1.491440e-05 
1.384607e-05 
1.285364e-05 
1.195529e-05 
1.114025e-05 
1.039905e-05 
9.723211e-06 
9.095741e-06 
8.532636e-06 
8.017106e-06 
7.542551e-06 
7.107297e-06 
6.706684e-06 
6.337571e-06 
5.997510e-06 
5.685764e-06 
5.406870e-06 
5.141152e-06 
4.876282e-06 
4.627722e-06 
4.395320e-06 
4.178456e-06 
3.975935e-06 
3.786650e-06 
3.609571e-06 
3.443705e-06 
3.288084e-06 
3.142174e-06 
3.004896e-06 
2.875936e-06 
2.754413e-06 
2.640060e-06 
2.532358e-06 
2.428754e-06 
2.319391e-06 
2.313384e-06 
2.312609e-06 
2.315278e-06 
2.315548e-06 
2.315566e-06 
2.315566e-06 
2.315567e-06 
2.315567e-06 
2.315567e-06 
2.315567e-06 
2.315567e-06 
2.315567e-06 
2.315567e-06 
2.315567e-06 
2.315567e-06 
2.315567e-06 
2.315567e-06 
2.315567e-06 
2.315567e-06 
2.315567e-06 
2.315567e-06 
2.315567e-06 
2.315567e-06 
2.315567e-06 
2.315567e-06 
2.315567e-06 
2.315567e-06 
2.315567e-06 
2.315567e-06 
2.315567e-06 
2.315567e-06 
2.315567e-06 
2.315567e-06 
2.315567e-06 
2.315567e-06 
2.315567e-06 
2.315567e-06 
2.315567e-06 
2.315567e-06 
2.315567e-06 
2.315567e-06 
2.315567e-06 
2.315567e-06 
2.315567e-06 
2.315567e-06 
2.315567e-06 
2.315567e-06 
2.315567e-06 
2.315567e-06 
2.315567e-06 
2.315567e-06 
2.315567e-06 
2.315567e-06 
2.315567e-06 
2.315567e-06 
2.315567e-06 
2.315567e-06 
2.315567e-06 
2.315567e-06 
2.315567e-06 
2.315567e-06 
2.315567e-06 
2.315567e-06 
2.315567e-06 
2.315567e-06 
2.315567e-06 
2.315567e-06 
2.315567e-06 
2.315567e-06 
2.315567e-06 
2.315567e-06 
2.315567e-06 
2.315567e-06 
2.315567e-06 
2.315567e-06 
2.315567e-06 
2.315567e-06 
2.315567e-06 
2.315567e-06 
2.315567e-06 
2.315567e-06 
2.315567e-06 
2.315567e-06 
2.315567e-06 
2.315567e-06 
2.315567e-06 
2.315567e-06 
2.315567e-06 
2.315567e-06 
2.315567e-06 
2.315567e-06 
2.315567e-06 
2.315567e-06 
2.315567e-06 
2.315567e-06 
2.315567e-06 
2.315567e-06 
2.315567e-06 
2.315567e-06 
2.315567e-06 
2.315567e-06 
2.315567e-06 
2.315567e-06 
2.315567e-06 
2.315567e-06 
2.315567e-06 
2.315567e-06 
2.315567e-06 
2.315567e-06 
2.315567e-06 
2.315567e-06 
2.315567e-06 
2.315567e-06 
2.315567e-06 
2.315567e-06 
2.315567e-06 
2.315567e-06 
2.315567e-06 
2.315567e-06 
2.315567e-06 
2.315567e-06 
2.315567e-06 
2.315567e-06 
2.315567e-06 
2.315567e-06 
2.315567e-06 
2.315567e-06 
2.315567e-06 
2.315567e-06 
2.315567e-06 
2.315567e-06 
2.315567e-06 
2.315567e-06 
2.315567e-06 
2.315567e-06 
2.315567e-06 
2.315567e-06 
2.315567e-06 
2.315567e-06 
2.315567e-06 
2.315567e-06 
2.315567e-06 
2.315567e-06 
2.315567e-06 
2.315567e-06 
2.315567e-06 
2.315567e-06 
2.315567e-06 
2.315567e-06 
2.315567e-06 
2.315567e-06 
2.315567e-06 
2.315567e-06 
2.315567e-06 
2.315567e-06 
2.315567e-06 
2.315567e-06 
2.315567e-06 
2.315567e-06 
2.315567e-06 
2.315567e-06 
2.315567e-06 
2.315567e-06 
2.315567e-06 
2.315567e-06 
2.315567e-06 
2.315567e-06 
2.315567e-06 
2.315567e-06 
2.325006e-06 
2.389594e-06 
2.437832e-06 
2.522681e-06 
2.593887e-06 
2.668342e-06 
2.748195e-06 
2.830204e-06 
2.916084e-06 
3.006473e-06 
3.101322e-06 
3.201051e-06 
3.306006e-06 
3.416562e-06 
3.533186e-06 
3.656098e-06 
3.786078e-06 
3.923330e-06 
4.068756e-06 
4.222721e-06 
4.386014e-06 
4.559378e-06 
4.743622e-06 
4.939141e-06 
5.148167e-06 
5.363206e-06 
5.600693e-06 
5.854447e-06 
6.049582e-06 
6.335612e-06 
6.642788e-06 
6.973274e-06 
7.329452e-06 
7.714015e-06 
8.130193e-06 
8.581008e-06 
8.863743e-06 
9.375951e-06 
9.937280e-06 
1.055068e-05 
1.122267e-05 
1.228617e-05 
1.313389e-05 
1.406992e-05 
1.510921e-05 
1.626638e-05 
1.756047e-05 
1.901307e-05 
2.065012e-05 
2.250377e-05 
2.461277e-05 
2.774546e-05 
3.062789e-05 
3.396070e-05 
3.784608e-05 
4.286330e-05 
4.854581e-05 
5.519669e-05 
6.312147e-05 
7.252405e-05 
8.372731e-05 
9.698683e-05 
1.124777e-04 
1.301808e-04 
1.499595e-04 
1.714233e-04 
1.942075e-04 
2.178823e-04 
2.421544e-04 
2.668230e-04 
2.917682e-04 
3.169221e-04 
3.422408e-04 
3.675910e-04 
3.928813e-04 
4.177963e-04 
4.420122e-04 
4.649136e-04 
4.851364e-04 
5.038260e-04 
5.192540e-04 
5.209712e-04 
5.224565e-04 
5.225376e-04 
5.225412e-04 
5.225413e-04 
5.225413e-04 
5.225413e-04 
5.225413e-04 
5.225413e-04 
5.225413e-04 
5.225413e-04 
5.225413e-04 
5.225413e-04 
5.225413e-04 
5.225413e-04 
5.225413e-04 
5.225413e-04 
5.225413e-04 
5.225413e-04 
5.225413e-04 
5.225413e-04 
5.225413e-04 
5.225413e-04 
5.225413e-04 
5.225413e-04 
5.225413e-04 
5.225413e-04 
5.225413e-04 
5.225413e-04 
5.225413e-04 
5.225413e-04 
5.225413e-04 
5.225413e-04 
5.225413e-04 
5.225413e-04 
5.225413e-04 
5.225413e-04 
5.225413e-04 
5.225413e-04 
5.225413e-04 
5.225413e-04 
5.225413e-04 
5.225413e-04 
5.225413e-04 
5.225413e-04 
5.225413e-04 
5.225413e-04 
5.225413e-04 
5.225413e-04 
5.225413e-04 
5.225413e-04 
5.225413e-04 
5.225413e-04 
5.225413e-04 
5.225413e-04 
5.225413e-04 
5.225413e-04 
5.225413e-04 
5.225413e-04 
5.225413e-04 
5.225413e-04 
5.225413e-04 
5.225413e-04 
5.225413e-04 
5.225413e-04 
5.225413e-04 
5.225413e-04 
5.225413e-04 
5.225413e-04 
5.225413e-04 
5.225413e-04 
5.225413e-04 
5.225413e-04 
5.225413e-04 
5.225413e-04 
5.225413e-04 
5.225413e-04 
5.225413e-04 
5.225413e-04 
5.225413e-04 
5.225413e-04 
5.225413e-04 
5.225413e-04 
5.225413e-04 
5.225413e-04 
5.225413e-04 
5.225413e-04 
5.225413e-04 
5.225413e-04 
5.225413e-04 
5.225413e-04 
5.225413e-04 
5.225413e-04 
5.225413e-04 
5.225413e-04 
5.225413e-04 
5.225413e-04 
5.225413e-04 
5.225413e-04 
5.225413e-04 
5.225413e-04 
5.225413e-04 
5.225413e-04 
5.225413e-04 
5.225413e-04 
5.225413e-04 
5.225413e-04 
5.225413e-04 
5.225413e-04 
5.225413e-04 
5.225413e-04 
5.225413e-04 
5.225413e-04 
5.225413e-04 
5.225413e-04 
5.225413e-04 
5.225413e-04 
5.225413e-04 
5.225413e-04 
5.225413e-04 
5.225413e-04 
5.225413e-04 
5.225413e-04 
5.225413e-04 
5.225413e-04 
5.225413e-04 
5.225413e-04 
5.225413e-04 
5.225413e-04 
5.225413e-04 
5.225413e-04 
5.225413e-04 
5.225413e-04 
5.225413e-04 
5.225413e-04 
5.225413e-04 
5.225413e-04 
5.225413e-04 
5.225413e-04 
5.225413e-04 
5.225413e-04 
5.225413e-04 
5.225413e-04 
5.225413e-04 
5.225413e-04 
5.225413e-04 
5.225413e-04 
5.225413e-04 
5.225413e-04 
5.225413e-04 
5.225413e-04 
5.225413e-04 
5.225413e-04 
5.225413e-04 
5.225413e-04 
5.225413e-04 
5.225413e-04 
5.225413e-04 
5.225413e-04 
5.225413e-04 
5.225413e-04 
5.225413e-04 
5.225413e-04 
5.225413e-04 
5.225413e-04 
5.225413e-04 
5.225413e-04 
5.225413e-04 
5.225413e-04 
5.262333e-04 
5.474940e-04 
5.692050e-04 
5.922315e-04 
6.166751e-04 
6.423617e-04 
6.695200e-04 
6.981094e-04 
7.280823e-04 
7.196970e-04 
7.532657e-04 
7.891596e-04 
8.274344e-04 
8.683892e-04 
9.122040e-04 
9.590717e-04 
1.009455e-03 
1.063532e-03 
1.121754e-03 
1.184284e-03 
1.251668e-03 
1.324229e-03 
1.402676e-03 
1.487411e-03 
1.579312e-03 
1.678886e-03 
1.787290e-03 
1.904871e-03 
2.033612e-03 
2.174343e-03 
2.328285e-03 
2.497438e-03 
2.683267e-03 
2.888370e-03 
3.115018e-03 
3.365777e-03 
3.644617e-03 
3.954767e-03 
4.301573e-03 
4.691657e-03 
5.128663e-03 
5.620872e-03 
6.178558e-03 
6.811290e-03 
7.534882e-03 
8.361752e-03 
9.314266e-03 
1.041619e-02 
1.169490e-02 
1.319135e-02 
1.494834e-02 
1.702966e-02 
1.950940e-02 
2.248158e-02 
2.608057e-02 
3.046489e-02 
3.586575e-02 
4.256362e-02 
5.096619e-02 
6.157215e-02 
7.508610e-02 
9.232886e-02 
1.143434e-01 
1.420899e-01 
1.763881e-01 
2.172823e-01 
2.641583e-01 
3.155542e-01 
3.698694e-01 
4.257270e-01 
4.819852e-01 
5.378165e-01 
5.927134e-01 
6.462766e-01 
6.982001e-01 
7.481636e-01 
7.956399e-01 
8.402059e-01 
8.810600e-01 
9.174714e-01 
9.483740e-01 
9.542484e-01 
9.542484e-01 
9.542484e-01 
9.542484e-01 
9.542484e-01 
9.542484e-01 
9.542484e-01 
9.542484e-01 
9.542484e-01 
9.542484e-01 
9.542484e-01 
9.542484e-01 
9.542484e-01 
9.542484e-01 
9.542484e-01 
9.542484e-01 
9.542484e-01 
9.542484e-01 
9.542484e-01 
9.542484e-01 
9.542484e-01 
9.542484e-01 
9.542484e-01 
9.542484e-01 
9.542484e-01 
9.542484e-01 
9.542484e-01 
9.542484e-01 
9.542484e-01 
9.542484e-01 
9.542484e-01 
9.542484e-01 
9.542484e-01 
9.542484e-01 
9.542484e-01 
9.542484e-01 
9.542484e-01 
9.542484e-01 
9.542484e-01 
9.542484e-01 
9.542484e-01 
9.542484e-01 
9.542484e-01 
9.542484e-01 
9.542484e-01 
9.542484e-01 
9.542484e-01 
9.542484e-01 
9.542484e-01 
9.542484e-01 
9.542484e-01 
9.542484e-01 
9.542484e-01 
9.542484e-01 
9.542484e-01 
9.542484e-01 
9.542484e-01 
9.542484e-01 
9.542484e-01 
9.542484e-01 
9.542484e-01 
9.542484e-01 
9.542484e-01 
9.542484e-01 
9.542484e-01 
9.542484e-01 
9.542484e-01 
9.542484e-01 
9.542484e-01 
9.542484e-01 
9.542484e-01 
9.542484e-01 
9.542484e-01 
9.542484e-01 
9.542484e-01 
9.542484e-01 
9.542484e-01 
9.542484e-01 
9.542484e-01 
9.542484e-01 
9.542484e-01 
9.542484e-01 
9.542484e-01 
9.542484e-01 
9.542484e-01 
9.542484e-01 
9.542484e-01 
9.542484e-01 
9.542484e-01 
9.542484e-01 
9.542484e-01 
9.542484e-01 
9.542484e-01 
9.542484e-01 
9.542484e-01 
9.542484e-01 
9.542484e-01 
9.542484e-01 
9.542484e-01 
9.542484e-01 
9.542484e-01 
9.542484e-01 
9.542484e-01 
9.542484e-01 
9.542484e-01 
9.542484e-01 
9.542484e-01 
9.542484e-01 
9.542484e-01 
9.542484e-01 
9.542484e-01 
9.542484e-01 
9.542484e-01 
9.542484e-01 
9.542484e-01 
9.542484e-01 
9.542484e-01 
9.542484e-01 
9.542484e-01 
9.542484e-01 
9.542484e-01 
9.542484e-01 
9.542484e-01 
9.542484e-01 
9.542484e-01 
9.542484e-01 
9.542484e-01 
9.542484e-01 
9.542484e-01 
9.542484e-01 
9.542484e-01 
9.542484e-01 
9.542484e-01 
9.542484e-01 
9.542484e-01 
9.542484e-01 
9.542484e-01 
9.542484e-01 
9.542484e-01 
9.542484e-01 
9.542484e-01 
9.542484e-01 
9.542484e-01 
9.542484e-01 
9.542484e-01 
9.542484e-01 
9.542484e-01 
9.542484e-01 
9.542484e-01 
9.542484e-01 
9.542484e-01 
9.542484e-01 
9.542484e-01 
9.542484e-01 
9.542484e-01 
9.542484e-01 
9.542484e-01 
9.542484e-01 
9.542484e-01 
9.542484e-01 
9.542484e-01 
9.542484e-01 
9.542484e-01 
9.542484e-01 
9.542484e-01 
9.542484e-01 
9.542484e-01 
9.542484e-01 
9.542484e-01 
9.542484e-01 
9.542482e-01 
9.542481e-01 
9.542480e-01 
9.542477e-01 
9.542475e-01 
9.542474e-01 
9.542471e-01 
9.542468e-01 
9.542467e-01 
9.542465e-01 
9.542462e-01 
9.542459e-01 
9.542455e-01 
9.542452e-01 
9.542448e-01 
9.542445e-01 
9.542441e-01 
9.542436e-01 
9.542434e-01 
9.542429e-01 
9.542425e-01 
9.542421e-01 
9.542418e-01 
9.542414e-01 
9.542410e-01 
9.542407e-01 
9.542404e-01 
9.542401e-01 
9.542397e-01 
9.542395e-01 
9.542392e-01 
9.542390e-01 
9.542388e-01 
9.542385e-01 
9.542383e-01 
9.542381e-01 
9.542379e-01 
9.542377e-01 
9.542375e-01 
9.542374e-01 
9.542372e-01 
9.542371e-01 
9.542369e-01 
9.542368e-01 
9.542366e-01 
9.542364e-01 
9.542364e-01 
9.542362e-01 
9.542361e-01 
9.542360e-01 
9.542359e-01 
9.542358e-01 
9.542357e-01 
9.542356e-01 
9.542355e-01 
9.542354e-01 
9.542353e-01 
9.542351e-01 
9.542351e-01 
9.542350e-01 
9.542350e-01 
9.542348e-01 
9.542348e-01 
9.542347e-01 
9.542346e-01 
9.542345e-01 
9.542345e-01 
9.542345e-01 
9.542344e-01 
9.542343e-01 
9.542342e-01 
9.542342e-01 
9.542341e-01 
9.542341e-01 
9.542340e-01 
9.542340e-01 
9.542339e-01 
9.542339e-01 
9.542339e-01 
9.542338e-01 
9.542337e-01 
9.542338e-01 
9.542338e-01 
9.542338e-01 
9.542338e-01 
9.542338e-01 
9.542338e-01 
9.542338e-01 
9.542338e-01 
9.542338e-01 
9.542338e-01 
9.542338e-01 
9.542338e-01 
9.542338e-01 
9.542338e-01 
9.542338e-01 
9.542338e-01 
9.542338e-01 
9.542338e-01 
9.542338e-01 
9.542338e-01 
9.542338e-01 
9.542338e-01 
9.542338e-01 
9.542338e-01 
9.542338e-01 
9.542338e-01 
9.542338e-01 
9.542338e-01 
9.542338e-01 
9.542338e-01 
9.542338e-01 
9.542338e-01 
9.542338e-01 
9.542338e-01 
9.542338e-01 
9.542338e-01 
9.542338e-01 
9.542338e-01 
9.542338e-01 
9.542338e-01 
9.542338e-01 
9.542338e-01 
9.542338e-01 
9.542338e-01 
9.542338e-01 
9.542338e-01 
9.542338e-01 
9.542338e-01 
9.542338e-01 
9.542338e-01 
9.542338e-01 
9.542338e-01 
9.542338e-01 
9.542338e-01 
9.542338e-01 
9.542338e-01 
9.542338e-01 
9.542338e-01 
9.542338e-01 
9.542338e-01 
9.542338e-01 
9.542338e-01 
9.542338e-01 
9.542338e-01 
9.542338e-01 
9.542338e-01 
9.542338e-01 
9.542338e-01 
9.542338e-01 
9.542338e-01 
9.542338e-01 
9.542338e-01 
9.542338e-01 
9.542338e-01 
9.542338e-01 
9.542338e-01 
9.542338e-01 
9.542338e-01 
9.542338e-01 
9.542338e-01 
9.542338e-01 
9.542338e-01 
9.542338e-01 
9.542338e-01 
9.542338e-01 
9.542338e-01 
9.542338e-01 
9.542338e-01 
9.542338e-01 
9.542338e-01 
9.542338e-01 
9.542338e-01 
9.542338e-01 
9.542338e-01 
9.542338e-01 
9.542338e-01 
9.542338e-01 
9.542338e-01 
9.542338e-01 
9.542338e-01 
9.542338e-01 
9.542338e-01 
9.542338e-01 
9.542338e-01 
9.542338e-01 
9.542338e-01 
9.542338e-01 
9.542338e-01 
9.542338e-01 
9.542338e-01 
9.542338e-01 
9.542338e-01 
9.542338e-01 
9.542338e-01 
9.542338e-01 
9.542338e-01 
9.542338e-01 
9.542338e-01 
9.542338e-01 
9.542338e-01 
9.542338e-01 
9.542338e-01 
9.542338e-01 
9.542338e-01 
9.542338e-01 
9.542338e-01 
9.542338e-01 
9.542338e-01 
9.542338e-01 
9.542338e-01 
9.542338e-01 
9.542338e-01 
9.542338e-01 
9.542338e-01 
9.542338e-01 
9.542338e-01 
9.542338e-01 
9.542338e-01 
9.542338e-01 
9.542338e-01 
9.542338e-01 
9.542338e-01 
9.542338e-01 
9.542338e-01 
9.542338e-01 
9.542338e-01 
9.542338e-01 
9.542338e-01 
9.542338e-01 
9.542338e-01 
9.542338e-01 
9.542338e-01 
9.542338e-01 
9.542338e-01 
9.542338e-01 
9.542338e-01 
9.542338e-01 
9.542338e-01 
9.542338e-01 
9.542338e-01 
9.542338e-01 
9.542338e-01 
9.542338e-01 
9.542338e-01 
9.542338e-01 
9.542338e-01 
9.542338e-01 
9.542338e-01 
9.483786e-01 
9.174482e-01 
8.809620e-01 
8.399432e-01 
7.950617e-01 
7.469756e-01 
6.959151e-01 
6.420498e-01 
5.850181e-01 
5.242678e-01 
4.586456e-01 
3.856908e-01 
3.001785e-01 
1.880648e-01 
2.846841e-02 
5.070690e-03 
2.020181e-03 
1.247784e-03 
8.510217e-04 
6.159880e-04 
4.646869e-04 
3.611667e-04 
2.875071e-04 
2.332322e-04 
1.921368e-04 
1.605410e-04 
1.359434e-04 
1.151881e-04 
9.891317e-05 
8.560127e-05 
7.460956e-05 
6.542697e-05 
5.771001e-05 
5.116020e-05 
4.557673e-05 
4.077556e-05 
3.663334e-05 
3.303232e-05 
2.989401e-05 
2.713995e-05 
2.471854e-05 
2.258756e-05 
2.068748e-05 
1.899442e-05 
1.748278e-05 
1.613048e-05 
1.491430e-05 
1.384540e-05 
1.285357e-05 
1.195475e-05 
1.114020e-05 
1.039860e-05 
9.723564e-06 
9.095376e-06 
8.532981e-06 
8.016866e-06 
7.542956e-06 
7.107553e-06 
6.707470e-06 
6.338819e-06 
6.000508e-06 
5.690666e-06 
5.408118e-06 
5.141917e-06 
4.874651e-06 
4.625626e-06 
4.393651e-06 
4.177208e-06 
3.975233e-06 
3.786125e-06 
3.609330e-06 
3.443471e-06 
3.288097e-06 
3.142044e-06 
3.004949e-06 
2.875843e-06 
2.754471e-06 
2.640050e-06 
2.532416e-06 
2.430918e-06 
2.335471e-06 
2.315848e-06 
2.315585e-06 
2.315567e-06 
2.315566e-06 
2.315566e-06 
2.315566e-06 
2.315566e-06 
2.315566e-06 
2.315566e-06 
2.315566e-06 
2.315566e-06 
2.315566e-06 
2.315566e-06 
2.315566e-06 
2.315566e-06 
2.315566e-06 
2.315566e-06 
2.315566e-06 
2.315566e-06 
2.315566e-06 
2.315566e-06 
2.315566e-06 
2.315566e-06 
2.315566e-06 
2.315566e-06 
2.315566e-06 
2.315566e-06 
2.315566e-06 
2.315566e-06 
2.315566e-06 
2.315566e-06 
2.315566e-06 
2.315566e-06 
2.315566e-06 
2.315566e-06 
2.315566e-06 
2.315566e-06 
2.315566e-06 
2.315566e-06 
2.315566e-06 
2.315566e-06 
2.315566e-06 
2.315566e-06 
2.315566e-06 
2.315566e-06 
2.315566e-06 
2.315566e-06 
2.315566e-06 
2.315566e-06 
2.315566e-06 
2.315566e-06 
2.315566e-06 
2.315566e-06 
2.315566e-06 
2.315566e-06 
2.315566e-06 
2.315566e-06 
2.315566e-06 
2.315566e-06 
2.315566e-06 
2.315566e-06 
2.315566e-06 
2.315566e-06 
2.315566e-06 
2.315566e-06 
2.315566e-06 
2.315566e-06 
2.315566e-06 
2.315566e-06 
2.315566e-06 
2.315566e-06 
2.315566e-06 
2.315566e-06 
2.315566e-06 
2.315566e-06 
2.315566e-06 
2.315566e-06 
2.315566e-06 
2.315566e-06 
2.315566e-06 
2.315566e-06 
2.315566e-06 
2.315566e-06 
2.315566e-06 
2.315566e-06 
2.315566e-06 
2.315566e-06 
2.315566e-06 
2.315566e-06 
2.315566e-06 
2.315566e-06 
2.315566e-06 
2.315566e-06 
2.315566e-06 
2.315566e-06 
2.315566e-06 
2.315566e-06 
2.315566e-06 
2.315566e-06 
2.315566e-06 
2.315566e-06 
2.315566e-06 
2.315566e-06 
2.315566e-06 
2.315566e-06 
2.315566e-06 
2.315566e-06 
2.315566e-06 
2.315566e-06 
2.315566e-06 
2.315566e-06 
2.315566e-06 
2.315566e-06 
2.315566e-06 
2.315566e-06 
2.315566e-06 
2.315566e-06 
2.315566e-06 
2.315566e-06 
2.315566e-06 
2.315566e-06 
2.315566e-06 
2.315566e-06 
2.315566e-06 
2.315566e-06 
2.315566e-06 
2.315566e-06 
2.315566e-06 
2.315566e-06 
2.315566e-06 
2.315566e-06 
2.315566e-06 
2.315566e-06 
2.315566e-06 
2.315566e-06 
2.315566e-06 
2.315566e-06 
2.315566e-06 
2.315566e-06 
2.315566e-06 
2.315566e-06 
2.315566e-06 
2.315566e-06 
2.315566e-06 
2.315566e-06 
2.315566e-06 
2.315566e-06 
2.315566e-06 
2.315566e-06 
2.315566e-06 
2.315566e-06 
2.315566e-06 
2.315566e-06 
2.315566e-06 
2.315566e-06 
2.315566e-06 
2.315566e-06 
2.315566e-06 
2.315566e-06 
2.315566e-06 
2.315566e-06 
2.315566e-06 
2.315566e-06 
2.315566e-06 
2.315566e-06 
2.315566e-06 
2.315566e-06 
2.315566e-06 
2.315566e-06 
2.327963e-06 
2.391023e-06 
2.452875e-06 
2.524293e-06 
2.595559e-06 
2.670147e-06 
2.748295e-06 
2.830234e-06 
2.916221e-06 
3.006516e-06 
3.101300e-06 
3.201088e-06 
3.305980e-06 
3.416603e-06 
3.533158e-06 
3.656146e-06 
3.786046e-06 
3.923381e-06 
4.068720e-06 
4.222783e-06 
4.385974e-06 
4.559447e-06 
4.743630e-06 
4.939904e-06 
5.148888e-06 
5.371500e-06 
5.609647e-06 
5.864423e-06 
6.117506e-06 
6.408714e-06 
6.721265e-06 
7.058001e-06 
7.420677e-06 
7.812809e-06 
8.236953e-06 
8.696851e-06 
8.950879e-06 
9.473377e-06 
1.004325e-05 
1.066634e-05 
1.134906e-05 
1.209912e-05 
1.292578e-05 
1.430601e-05 
1.536995e-05 
1.655511e-05 
1.788052e-05 
1.936954e-05 
2.104688e-05 
2.294834e-05 
2.511034e-05 
2.758535e-05 
3.085790e-05 
3.423461e-05 
3.816810e-05 
4.300323e-05 
4.860817e-05 
5.523143e-05 
6.312226e-05 
7.252777e-05 
8.372408e-05 
9.699198e-05 
1.124738e-04 
1.301874e-04 
1.499539e-04 
1.714312e-04 
1.942020e-04 
2.178909e-04 
2.421486e-04 
2.668319e-04 
2.917622e-04 
3.169320e-04 
3.422347e-04 
3.676009e-04 
3.928753e-04 
4.178051e-04 
4.420062e-04 
4.649074e-04 
4.851240e-04 
5.038239e-04 
5.192468e-04 
5.209718e-04 
5.224562e-04 
5.225375e-04 
5.225411e-04 
5.225413e-04 
5.225413e-04 
5.225413e-04 
5.225413e-04 
5.225413e-04 
5.225413e-04 
5.225413e-04 
5.225413e-04 
5.225413e-04 
5.225413e-04 
5.225413e-04 
5.225413e-04 
5.225413e-04 
5.225413e-04 
5.225413e-04 
5.225413e-04 
5.225413e-04 
5.225413e-04 
5.225413e-04 
5.225413e-04 
5.225413e-04 
5.225413e-04 
5.225413e-04 
5.225413e-04 
5.225413e-04 
5.225413e-04 
5.225413e-04 
5.225413e-04 
5.225413e-04 
5.225413e-04 
5.225413e-04 
5.225413e-04 
5.225413e-04 
5.225413e-04 
5.225413e-04 
5.225413e-04 
5.225413e-04 
5.225413e-04 
5.225413e-04 
5.225413e-04 
5.225413e-04 
5.225413e-04 
5.225413e-04 
5.225413e-04 
5.225413e-04 
5.225413e-04 
5.225413e-04 
5.225413e-04 
5.225413e-04 
5.225413e-04 
5.225413e-04 
5.225413e-04 
5.225413e-04 
5.225413e-04 
5.225413e-04 
5.225413e-04 
5.225413e-04 
5.225413e-04 
5.225413e-04 
5.225413e-04 
5.225413e-04 
5.225413e-04 
5.225413e-04 
5.225413e-04 
5.225413e-04 
5.225413e-04 
5.225413e-04 
5.225413e-04 
5.225413e-04 
5.225413e-04 
5.225413e-04 
5.225413e-04 
5.225413e-04 
5.225413e-04 
5.225413e-04 
5.225413e-04 
5.225413e-04 
5.225413e-04 
5.225413e-04 
5.225413e-04 
5.225413e-04 
5.225413e-04 
5.225413e-04 
5.225413e-04 
5.225413e-04 
5.225413e-04 
5.225413e-04 
5.225413e-04 
5.225413e-04 
5.225413e-04 
5.225413e-04 
5.225413e-04 
5.225413e-04 
5.225413e-04 
5.225413e-04 
5.225413e-04 
5.225413e-04 
5.225413e-04 
5.225413e-04 
5.225413e-04 
5.225413e-04 
5.225413e-04 
5.225413e-04 
5.225413e-04 
5.225413e-04 
5.225413e-04 
5.225413e-04 
5.225413e-04 
5.225413e-04 
5.225413e-04 
5.225413e-04 
5.225413e-04 
5.225413e-04 
5.225413e-04 
5.225413e-04 
5.225413e-04 
5.225413e-04 
5.225413e-04 
5.225413e-04 
5.225413e-04 
5.225413e-04 
5.225413e-04 
5.225413e-04 
5.225413e-04 
5.225413e-04 
5.225413e-04 
5.225413e-04 
5.225413e-04 
5.225413e-04 
5.225413e-04 
5.225413e-04 
5.225413e-04 
5.225413e-04 
5.225413e-04 
5.225413e-04 
5.225413e-04 
5.225413e-04 
5.225413e-04 
5.225413e-04 
5.225413e-04 
5.225413e-04 
5.225413e-04 
5.225413e-04 
5.225413e-04 
5.225413e-04 
5.225413e-04 
5.225413e-04 
5.225413e-04 
5.225413e-04 
5.225413e-04 
5.225413e-04 
5.225413e-04 
5.225413e-04 
5.225413e-04 
5.225413e-04 
5.225413e-04 
5.225413e-04 
5.225413e-04 
5.225413e-04 
5.225413e-04 
5.225413e-04 
5.225413e-04 
5.225413e-04 
5.225413e-04 
5.225413e-04 
5.268318e-04 
5.475052e-04 
5.692990e-04 
5.923410e-04 
6.166842e-04 
6.423712e-04 
6.695305e-04 
6.981202e-04 
7.280958e-04 
7.196987e-04 
7.532087e-04 
7.890839e-04 
8.273565e-04 
8.683190e-04 
9.120972e-04 
9.590706e-04 
1.009410e-03 
1.063552e-03 
1.121704e-03 
1.184309e-03 
1.251610e-03 
1.324256e-03 
1.402608e-03 
1.487443e-03 
1.579346e-03 
1.678923e-03 
1.787330e-03 
1.904915e-03 
2.033664e-03 
2.174396e-03 
2.328346e-03 
2.497501e-03 
2.683337e-03 
2.888447e-03 
3.114813e-03 
3.365870e-03 
3.644374e-03 
3.954892e-03 
4.301270e-03 
4.691813e-03 
5.128291e-03 
5.621058e-03 
6.178046e-03 
6.811533e-03 
7.535153e-03 
8.362071e-03 
9.314662e-03 
1.041665e-02 
1.169544e-02 
1.319193e-02 
1.494902e-02 
1.703048e-02 
1.950707e-02 
2.248275e-02 
2.607726e-02 
3.046662e-02 
3.586075e-02 
4.256650e-02 
5.095834e-02 
6.157645e-02 
7.507298e-02 
9.233586e-02 
1.143522e-01 
1.421009e-01 
1.764016e-01 
2.172979e-01 
2.641773e-01 
3.155099e-01 
3.698889e-01 
4.256803e-01 
4.820052e-01 
5.377687e-01 
5.927327e-01 
6.462310e-01 
6.982182e-01 
7.481230e-01 
7.956577e-01 
8.402224e-01 
8.810751e-01 
9.174836e-01 
9.483839e-01 
9.542484e-01 
9.542484e-01 
9.542484e-01 
9.542484e-01 
9.542484e-01 
9.542484e-01 
9.542484e-01 
9.542484e-01 
9.542484e-01 
9.542484e-01 
9.542484e-01 
9.542484e-01 
9.542484e-01 
9.542484e-01 
9.542484e-01 
9.542484e-01 
9.542484e-01 
9.542484e-01 
9.542484e-01 
9.542484e-01 
9.542484e-01 
9.542484e-01 
9.542484e-01 
9.542484e-01 
9.542484e-01 
9.542484e-01 
9.542484e-01 
9.542484e-01 
9.542484e-01 
9.542484e-01 
9.542484e-01 
9.542484e-01 
9.542484e-01 
9.542484e-01 
9.542484e-01 
9.542484e-01 
9.542484e-01 
9.542484e-01 
9.542484e-01 
9.542484e-01 
9.542484e-01 
9.542484e-01 
9.542484e-01 
9.542484e-01 
9.542484e-01 
9.542484e-01 
9.542484e-01 
9.542484e-01 
9.542484e-01 
9.542484e-01 
9.542484e-01 
9.542484e-01 
9.542484e-01 
9.542484e-01 
9.542484e-01 
9.542484e-01 
9.542484e-01 
9.542484e-01 
9.542484e-01 
9.542484e-01 
9.542484e-01 
9.542484e-01 
9.542484e-01 
9.542484e-01 
9.542484e-01 
9.542484e-01 
9.542484e-01 
9.542484e-01 
9.542484e-01 
9.542484e-01 
9.542484e-01 
9.542484e-01 
9.542484e-01 
9.542484e-01 
9.542484e-01 
9.542484e-01 
9.542484e-01 
9.542484e-01 
9.542484e-01 
9.542484e-01 
9.542484e-01 
9.542484e-01 
9.542484e-01 
9.542484e-01 
9.542484e-01 
9.542484e-01 
9.542484e-01 
9.542484e-01 
9.542484e-01 
9.542484e-01 
9.542484e-01 
9.542484e-01 
9.542484e-01 
9.542484e-01 
9.542484e-01 
9.542484e-01 
9.542484e-01 
9.542484e-01 
9.542484e-01 
9.542484e-01 
9.542484e-01 
9.542484e-01 
9.542484e-01 
9.542484e-01 
9.542484e-01 
9.542484e-01 
9.542484e-01 
9.542484e-01 
9.542484e-01 
9.542484e-01 
9.542484e-01 
9.542484e-01 
9.542484e-01 
9.542484e-01 
9.542484e-01 
9.542484e-01 
9.542484e-01 
9.542484e-01 
9.542484e-01 
9.542484e-01 
9.542484e-01 
9.542484e-01 
9.542484e-01 
9.542484e-01 
9.542484e-01 
9.542484e-01 
9.542484e-01 
9.542484e-01 
9.542484e-01 
9.542484e-01 
9.542484e-01 
9.542484e-01 
9.542484e-01 
9.542484e-01 
9.542484e-01 
9.542484e-01 
9.542484e-01 
9.542484e-01 
9.542484e-01 
9.542484e-01 
9.542484e-01 
9.542484e-01 
9.542484e-01 
9.542484e-01 
9.542484e-01 
9.542484e-01 
9.542484e-01 
9.542484e-01 
9.542484e-01 
9.542484e-01 
9.542484e-01 
9.542484e-01 
9.542484e-01 
9.542484e-01 
9.542484e-01 
9.542484e-01 
9.542484e-01 
9.542484e-01 
9.542484e-01 
9.542484e-01 
9.542484e-01 
9.542484e-01 
9.542484e-01 
9.542484e-01 
9.542484e-01 
9.542484e-01 
9.542484e-01 
9.542484e-01 
9.542484e-01 
9.542484e-01 
9.542482e-01 
9.542481e-01 
9.542480e-01 
9.542477e-01 
9.542475e-01 
9.542474e-01 
9.542471e-01 
9.542468e-01 
9.542467e-01 
9.542464e-01 
9.542462e-01 
9.542459e-01 
9.542455e-01 
9.542452e-01 
9.542449e-01 
9.542445e-01 
9.542441e-01 
9.542436e-01 
9.542434e-01 
9.542429e-01 
9.542425e-01 
9.542421e-01 
9.542418e-01 
9.542414e-01 
9.542410e-01 
9.542407e-01 
9.542404e-01 
9.542401e-01 
9.542397e-01 
9.542395e-01 
9.542392e-01 
9.542390e-01 
9.542388e-01 
9.542385e-01 
9.542383e-01 
9.542381e-01 
9.542379e-01 
9.542377e-01 
9.542375e-01 
9.542374e-01 
9.542372e-01 
9.542371e-01 
9.542369e-01 
9.542368e-01 
9.542366e-01 
9.542364e-01 
9.542364e-01 
9.542363e-01 
9.542361e-01 
9.542360e-01 
9.542359e-01 
9.542358e-01 
9.542357e-01 
9.542356e-01 
9.542355e-01 
9.542354e-01 
9.542353e-01 
9.542351e-01 
9.542351e-01 
9.542350e-01 
9.542350e-01 
9.542348e-01 
9.542348e-01 
9.542347e-01 
9.542346e-01 
9.542345e-01 
9.542345e-01 
9.542345e-01 
9.542344e-01 
9.542343e-01 
9.542342e-01 
9.542342e-01 
9.542341e-01 
9.542341e-01 
9.542340e-01 
9.542340e-01 
9.542339e-01 
9.542339e-01 
9.542339e-01 
9.542338e-01 
9.542337e-01 
9.542338e-01 
9.542338e-01 
9.542338e-01 
9.542338e-01 
9.542338e-01 
9.542338e-01 
9.542338e-01 
9.542338e-01 
9.542338e-01 
9.542338e-01 
9.542338e-01 
9.542338e-01 
9.542338e-01 
9.542338e-01 
9.542338e-01 
9.542338e-01 
9.542338e-01 
9.542338e-01 
9.542338e-01 
9.542338e-01 
9.542338e-01 
9.542338e-01 
9.542338e-01 
9.542338e-01 
9.542338e-01 
9.542338e-01 
9.542338e-01 
9.542338e-01 
9.542338e-01 
9.542338e-01 
9.542338e-01 
9.542338e-01 
9.542338e-01 
9.542338e-01 
9.542338e-01 
9.542338e-01 
9.542338e-01 
9.542338e-01 
9.542338e-01 
9.542338e-01 
9.542338e-01 
9.542338e-01 
9.542338e-01 
9.542338e-01 
9.542338e-01 
9.542338e-01 
9.542338e-01 
9.542338e-01 
9.542338e-01 
9.542338e-01 
9.542338e-01 
9.542338e-01 
9.542338e-01 
9.542338e-01 
9.542338e-01 
9.542338e-01 
9.542338e-01 
9.542338e-01 
9.542338e-01 
9.542338e-01 
9.542338e-01 
9.542338e-01 
9.542338e-01 
9.542338e-01 
9.542338e-01 
9.542338e-01 
9.542338e-01 
9.542338e-01 
9.542338e-01 
9.542338e-01 
9.542338e-01 
9.542338e-01 
9.542338e-01 
9.542338e-01 
9.542338e-01 
9.542338e-01 
9.542338e-01 
9.542338e-01 
9.542338e-01 
9.542338e-01 
9.542338e-01 
9.542338e-01 
9.542338e-01 
9.542338e-01 
9.542338e-01 
9.542338e-01 
9.542338e-01 
9.542338e-01 
9.542338e-01 
9.542338e-01 
9.542338e-01 
9.542338e-01 
9.542338e-01 
9.542338e-01 
9.542338e-01 
9.542338e-01 
9.542338e-01 
9.542338e-01 
9.542338e-01 
9.542338e-01 
9.542338e-01 
9.542338e-01 
9.542338e-01 
9.542338e-01 
9.542338e-01 
9.542338e-01 
9.542338e-01 
9.542338e-01 
9.542338e-01 
9.542338e-01 
9.542338e-01 
9.542338e-01 
9.542338e-01 
9.542338e-01 
9.542338e-01 
9.542338e-01 
9.542338e-01 
9.542338e-01 
9.542338e-01 
9.542338e-01 
9.542338e-01 
9.542338e-01 
9.542338e-01 
9.542338e-01 
9.542338e-01 
9.542338e-01 
9.542338e-01 
9.542338e-01 
9.542338e-01 
9.542338e-01 
9.542338e-01 
9.542338e-01 
9.542338e-01 
9.542338e-01 
9.542338e-01 
9.542338e-01 
9.542338e-01 
9.542338e-01 
9.542338e-01 
9.542338e-01 
9.542338e-01 
9.542338e-01 
9.542338e-01 
9.542338e-01 
9.542338e-01 
9.542338e-01 
9.542338e-01 
9.542338e-01 
9.542338e-01 
9.542338e-01 
9.542338e-01 
9.542338e-01 
9.542338e-01 
9.542338e-01 
9.542338e-01 
9.542338e-01 
9.542338e-01 
9.542338e-01 
9.542338e-01 
9.542338e-01 
9.542338e-01 
9.542338e-01 
9.542338e-01 
9.542338e-01 
9.542338e-01 
9.542338e-01 
9.542338e-01 
9.542338e-01 
9.484018e-01 
9.174352e-01 
8.809945e-01 
8.399265e-01 
7.950451e-01 
7.469579e-01 
6.958963e-01 
6.420299e-01 
5.849971e-01 
5.243203e-01 
4.586155e-01 
3.857150e-01 
3.001417e-01 
1.881758e-01 
2.844204e-02 
5.074385e-03 
2.019785e-03 
1.248244e-03 
8.509181e-04 
6.159234e-04 
4.646438e-04 
3.611340e-04 
2.874834e-04 
2.332159e-04 
1.921245e-04 
1.605313e-04 
1.352869e-04 
1.151814e-04 
9.890833e-05 
8.561162e-05 
7.460616e-05 
6.543427e-05 
5.770786e-05 
5.116555e-05 
4.557526e-05 
4.077973e-05 
3.663231e-05 
3.303554e-05 
2.989331e-05 
2.713929e-05 
2.471801e-05 
2.257574e-05 
2.068716e-05 
1.899423e-05 
1.748267e-05 
1.613045e-05 
1.491434e-05 
1.384670e-05 
1.285374e-05 
1.195598e-05 
1.114052e-05 
1.039983e-05 
9.724081e-06 
9.096753e-06 
8.533773e-06 
8.018412e-06 
7.544145e-06 
7.108993e-06 
6.709185e-06 
6.340720e-06 
6.002263e-06 
5.690898e-06 
5.403757e-06 
5.141957e-06 
4.879028e-06 
4.628571e-06 
4.395183e-06 
4.178184e-06 
3.975546e-06 
3.786458e-06 
3.609355e-06 
3.443645e-06 
3.288060e-06 
3.142172e-06 
3.004904e-06 
2.875949e-06 
2.754429e-06 
2.640010e-06 
2.532375e-06 
2.433005e-06 
2.351220e-06 
2.318188e-06 
2.318475e-06 
2.315847e-06 
2.315585e-06 
2.315567e-06 
2.315566e-06 
2.315566e-06 
2.315566e-06 
2.315566e-06 
2.315566e-06 
2.315566e-06 
2.315566e-06 
2.315566e-06 
2.315566e-06 
2.315566e-06 
2.315566e-06 
2.315566e-06 
2.315566e-06 
2.315566e-06 
2.315566e-06 
2.315566e-06 
2.315566e-06 
2.315566e-06 
2.315566e-06 
2.315566e-06 
2.315566e-06 
2.315566e-06 
2.315566e-06 
2.315566e-06 
2.315566e-06 
2.315566e-06 
2.315566e-06 
2.315566e-06 
2.315566e-06 
2.315566e-06 
2.315566e-06 
2.315566e-06 
2.315566e-06 
2.315566e-06 
2.315566e-06 
2.315566e-06 
2.315566e-06 
2.315566e-06 
2.315566e-06 
2.315566e-06 
2.315566e-06 
2.315566e-06 
2.315566e-06 
2.315566e-06 
2.315566e-06 
2.315566e-06 
2.315566e-06 
2.315566e-06 
2.315566e-06 
2.315566e-06 
2.315566e-06 
2.315566e-06 
2.315566e-06 
2.315566e-06 
2.315566e-06 
2.315566e-06 
2.315566e-06 
2.315566e-06 
2.315566e-06 
2.315566e-06 
2.315566e-06 
2.315566e-06 
2.315566e-06 
2.315566e-06 
2.315566e-06 
2.315566e-06 
2.315566e-06 
2.315566e-06 
2.315566e-06 
2.315566e-06 
2.315566e-06 
2.315566e-06 
2.315566e-06 
2.315566e-06 
2.315566e-06 
2.315566e-06 
2.315566e-06 
2.315566e-06 
2.315566e-06 
2.315566e-06 
2.315566e-06 
2.315566e-06 
2.315566e-06 
2.315566e-06 
2.315566e-06 
2.315566e-06 
2.315566e-06 
2.315566e-06 
2.315566e-06 
2.315566e-06 
2.315566e-06 
2.315566e-06 
2.315566e-06 
2.315566e-06 
2.315566e-06 
2.315566e-06 
2.315566e-06 
2.315566e-06 
2.315566e-06 
2.315566e-06 
2.315566e-06 
2.315566e-06 
2.315566e-06 
2.315566e-06 
2.315566e-06 
2.315566e-06 
2.315566e-06 
2.315566e-06 
2.315566e-06 
2.315566e-06 
2.315566e-06 
2.315566e-06 
2.315566e-06 
2.315566e-06 
2.315566e-06 
2.315566e-06 
2.315566e-06 
2.315566e-06 
2.315566e-06 
2.315566e-06 
2.315566e-06 
2.315566e-06 
2.315566e-06 
2.315566e-06 
2.315566e-06 
2.315566e-06 
2.315566e-06 
2.315566e-06 
2.315566e-06 
2.315566e-06 
2.315566e-06 
2.315566e-06 
2.315566e-06 
2.315566e-06 
2.315566e-06 
2.315566e-06 
2.315566e-06 
2.315566e-06 
2.315566e-06 
2.315566e-06 
2.315566e-06 
2.315566e-06 
2.315566e-06 
2.315566e-06 
2.315566e-06 
2.315566e-06 
2.315566e-06 
2.315566e-06 
2.315566e-06 
2.315566e-06 
2.315566e-06 
2.315566e-06 
2.315566e-06 
2.315566e-06 
2.315566e-06 
2.315566e-06 
2.315566e-06 
2.315566e-06 
2.315566e-06 
2.315566e-06 
2.315566e-06 
2.315566e-06 
2.315566e-06 
2.315566e-06 
2.327984e-06 
2.391008e-06 
2.452897e-06 
2.524276e-06 
2.595586e-06 
2.670129e-06 
2.748323e-06 
2.830214e-06 
2.916255e-06 
3.006495e-06 
3.101337e-06 
3.201063e-06 
3.306020e-06 
3.416576e-06 
3.533203e-06 
3.656117e-06 
3.786094e-06 
3.923346e-06 
4.068774e-06 
4.222744e-06 
4.386035e-06 
4.559404e-06 
4.743697e-06 
4.939855e-06 
5.148966e-06 
5.371446e-06 
5.609735e-06 
5.864361e-06 
6.117601e-06 
6.408656e-06 
6.721368e-06 
7.057936e-06 
7.420796e-06 
7.812732e-06 
8.237091e-06 
8.696746e-06 
8.950883e-06 
9.473431e-06 
1.004326e-05 
1.066640e-05 
1.134907e-05 
1.248253e-05 
1.334817e-05 
1.430606e-05 
1.537027e-05 
1.655490e-05 
1.788096e-05 
1.936848e-05 
2.104726e-05 
2.294803e-05 
2.511095e-05 
2.794281e-05 
3.085957e-05 
3.423385e-05 
3.816949e-05 
4.300209e-05 
4.861027e-05 
5.522974e-05 
6.312531e-05 
7.252535e-05 
8.372878e-05 
9.698856e-05 
1.124797e-04 
1.301830e-04 
1.499619e-04 
1.714260e-04 
1.942110e-04 
2.178852e-04 
2.421574e-04 
2.668260e-04 
2.917711e-04 
3.169260e-04 
3.422438e-04 
3.675940e-04 
3.928693e-04 
4.177992e-04 
4.420006e-04 
4.649015e-04 
4.851186e-04 
5.038197e-04 
5.192436e-04 
5.209700e-04 
5.224561e-04 
5.225375e-04 
5.225411e-04 
5.225413e-04 
5.225413e-04 
5.225413e-04 
5.225413e-04 
5.225413e-04 
5.225413e-04 
5.225413e-04 
5.225413e-04 
5.225413e-04 
5.225413e-04 
5.225413e-04 
5.225413e-04 
5.225413e-04 
5.225413e-04 
5.225413e-04 
5.225413e-04 
5.225413e-04 
5.225413e-04 
5.225413e-04 
5.225413e-04 
5.225413e-04 
5.225413e-04 
5.225413e-04 
5.225413e-04 
5.225413e-04 
5.225413e-04 
5.225413e-04 
5.225413e-04 
5.225413e-04 
5.225413e-04 
5.225413e-04 
5.225413e-04 
5.225413e-04 
5.225413e-04 
5.225413e-04 
5.225413e-04 
5.225413e-04 
5.225413e-04 
5.225413e-04 
5.225413e-04 
5.225413e-04 
5.225413e-04 
5.225413e-04 
5.225413e-04 
5.225413e-04 
5.225413e-04 
5.225413e-04 
5.225413e-04 
5.225413e-04 
5.225413e-04 
5.225413e-04 
5.225413e-04 
5.225413e-04 
5.225413e-04 
5.225413e-04 
5.225413e-04 
5.225413e-04 
5.225413e-04 
5.225413e-04 
5.225413e-04 
5.225413e-04 
5.225413e-04 
5.225413e-04 
5.225413e-04 
5.225413e-04 
5.225413e-04 
5.225413e-04 
5.225413e-04 
5.225413e-04 
5.225413e-04 
5.225413e-04 
5.225413e-04 
5.225413e-04 
5.225413e-04 
5.225413e-04 
5.225413e-04 
5.225413e-04 
5.225413e-04 
5.225413e-04 
5.225413e-04 
5.225413e-04 
5.225413e-04 
5.225413e-04 
5.225413e-04 
5.225413e-04 
5.225413e-04 
5.225413e-04 
5.225413e-04 
5.225413e-04 
5.225413e-04 
5.225413e-04 
5.225413e-04 
5.225413e-04 
5.225413e-04 
5.225413e-04 
5.225413e-04 
5.225413e-04 
5.225413e-04 
5.225413e-04 
5.225413e-04 
5.225413e-04 
5.225413e-04 
5.225413e-04 
5.225413e-04 
5.225413e-04 
5.225413e-04 
5.225413e-04 
5.225413e-04 
5.225413e-04 
5.225413e-04 
5.225413e-04 
5.225413e-04 
5.225413e-04 
5.225413e-04 
5.225413e-04 
5.225413e-04 
5.225413e-04 
5.225413e-04 
5.225413e-04 
5.225413e-04 
5.225413e-04 
5.225413e-04 
5.225413e-04 
5.225413e-04 
5.225413e-04 
5.225413e-04 
5.225413e-04 
5.225413e-04 
5.225413e-04 
5.225413e-04 
5.225413e-04 
5.225413e-04 
5.225413e-04 
5.225413e-04 
5.225413e-04 
5.225413e-04 
5.225413e-04 
5.225413e-04 
5.225413e-04 
5.225413e-04 
5.225413e-04 
5.225413e-04 
5.225413e-04 
5.225413e-04 
5.225413e-04 
5.225413e-04 
5.225413e-04 
5.225413e-04 
5.225413e-04 
5.225413e-04 
5.225413e-04 
5.225413e-04 
5.225413e-04 
5.225413e-04 
5.225413e-04 
5.225413e-04 
5.225413e-04 
5.225413e-04 
5.225413e-04 
5.225413e-04 
5.225413e-04 
5.225413e-04 
5.225413e-04 
5.225413e-04 
5.225413e-04 
5.262250e-04 
5.475065e-04 
5.691898e-04 
5.922416e-04 
6.166941e-04 
6.423816e-04 
6.695403e-04 
6.981312e-04 
7.281066e-04 
7.196714e-04 
7.532210e-04 
7.890532e-04 
8.273716e-04 
8.682839e-04 
9.121147e-04 
9.590304e-04 
1.009429e-03 
1.063504e-03 
1.121726e-03 
1.184332e-03 
1.251635e-03 
1.324285e-03 
1.402638e-03 
1.487476e-03 
1.579380e-03 
1.678959e-03 
1.787371e-03 
1.904959e-03 
2.033712e-03 
2.174274e-03 
2.328404e-03 
2.497355e-03 
2.683411e-03 
2.888268e-03 
3.114897e-03 
3.365644e-03 
3.644477e-03 
3.954611e-03 
4.301398e-03 
4.691961e-03
#[#TRACE_DATA]
#[#TRACE]
