Running 1 simulations with a radial tolerance of 0.001000
Running simulation 0
design_bus_layout_inputs_icUsed = 2
0	0.000000e+00
1	0.000000e+00
2	0.000000e+00
3	0.000000e+00
4	0.000000e+00
5	0.000000e+00
6	0.000000e+00
7	0.000000e+00
8	0.000000e+00
9	0.000000e+00
10	0.000000e+00
11	0.000000e+00
12	0.000000e+00
13	0.000000e+00
14	0.000000e+00
15	0.000000e+00
16	0.000000e+00
17	0.000000e+00
18	0.000000e+00
19	0.000000e+00
20	9.999997e-01
21	0.000000e+00
22	0.000000e+00
23	0.000000e+00
24	0.000000e+00
25	0.000000e+00
26	0.000000e+00
27	0.000000e+00
28	0.000000e+00
29	0.000000e+00
30	0.000000e+00
31	0.000000e+00
32	-1.000000e+00
33	-1.000000e+00
0	0.000000e+00
1	0.000000e+00
2	0.000000e+00
3	0.000000e+00
4	0.000000e+00
5	1.207257e-02
6	0.000000e+00
7	0.000000e+00
8	0.000000e+00
9	-1.450986e-03
10	-2.152019e-02
11	9.264855e-02
12	-2.152019e-02
13	-1.450986e-03
14	0.000000e+00
15	0.000000e+00
16	1.461276e-04
17	9.524987e-01
18	1.461276e-04
19	4.681541e-04
20	9.999997e-01
21	4.681541e-04
22	7.589688e-05
23	7.589688e-05
24	0.000000e+00
25	0.000000e+00
26	-4.681542e-04
27	-4.681542e-04
28	-3.607991e-03
29	-3.607991e-03
30	-1.203936e-01
31	-1.203936e-01
32	-1.000000e+00
33	-1.000000e+00
0	0.000000e+00
1	1.088170e-05
2	1.610842e-04
3	4.394389e-03
4	1.341040e-04
5	3.870793e-01
6	1.341040e-04
7	-3.763678e-05
8	-2.263942e-04
9	-7.409709e-03
10	-3.667822e-01
11	9.478836e-01
12	-3.667822e-01
13	-7.409709e-03
14	-2.263942e-04
15	-3.763678e-05
16	1.236294e-03
17	9.604203e-01
18	1.236294e-03
19	5.845820e-04
20	9.999997e-01
21	5.845820e-04
22	1.297115e-04
23	1.297115e-04
24	-1.151942e-04
25	-1.151942e-04
26	-1.339604e-03
27	-1.339604e-03
28	-1.826253e-02
29	-1.826253e-02
30	-1.208233e-01
31	-1.208233e-01
32	-1.000000e+00
33	-1.000000e+00
0	7.620766e-06
1	4.170360e-04
2	4.464674e-03
3	9.858778e-02
4	1.411806e-03
5	9.631120e-01
6	1.411806e-03
7	-5.054305e-04
8	-2.911387e-03
9	-8.284929e-02
10	8.916229e-01
11	8.955146e-01
12	8.916229e-01
13	-8.284929e-02
14	-2.911387e-03
15	-5.054305e-04
16	2.203185e-03
17	9.888075e-01
18	2.203185e-03
19	9.875458e-04
20	9.999997e-01
21	9.875458e-04
22	1.232286e-04
23	1.232286e-04
24	-2.664980e-04
25	-2.664980e-04
26	-3.132102e-03
27	-3.132102e-03
28	-1.842064e-02
29	-1.842064e-02
30	-1.225644e-01
31	-1.225644e-01
32	-1.000000e+00
33	-1.000000e+00
0	2.172543e-04
1	2.597226e-03
2	3.086090e-02
3	2.245336e-01
4	3.148699e-03
5	8.948399e-01
6	3.148699e-03
7	-6.367527e-04
8	-1.132511e-02
9	2.051583e-01
10	7.862212e-01
11	9.964096e-01
12	7.862212e-01
13	2.051583e-01
14	-1.132511e-02
15	-6.367527e-04
16	3.528392e-03
17	9.790671e-01
18	3.528392e-03
19	2.106903e-04
20	9.999997e-01
21	2.106903e-04
22	1.436779e-04
23	1.436779e-04
24	-4.841498e-04
25	-4.841498e-04
26	-3.175742e-03
27	-3.175742e-03
28	-1.884950e-02
29	-1.884950e-02
30	-1.225895e-01
31	-1.225895e-01
32	-1.000000e+00
33	-1.000000e+00
0	1.023211e-03
1	9.622558e-03
2	6.027027e-02
3	2.156533e-01
4	-1.328018e-02
5	9.434779e-01
6	-1.328018e-02
7	-8.498548e-04
8	5.586215e-02
9	1.804245e-01
10	9.300836e-01
11	9.958417e-01
12	9.300836e-01
13	1.804245e-01
14	5.586215e-02
15	-8.498548e-04
16	-1.304408e-02
17	9.823512e-01
18	-1.304408e-02
19	1.819546e-04
20	9.999997e-01
21	1.819546e-04
22	4.540141e-05
23	4.540141e-05
24	-4.907039e-04
25	-4.907039e-04
26	-3.254527e-03
27	-3.254527e-03
28	-1.885861e-02
29	-1.885861e-02
30	-1.226406e-01
31	-1.226406e-01
32	-1.000000e+00
33	-1.000000e+00
0	2.859890e-03
1	1.665805e-02
2	6.022242e-02
3	2.322020e-01
4	3.369325e-03
5	9.345097e-01
6	3.369325e-03
7	1.646928e-02
8	4.338400e-02
9	2.282546e-01
10	9.251818e-01
11	9.965400e-01
12	9.251818e-01
13	2.282546e-01
14	4.338400e-02
15	1.646928e-02
16	3.559530e-03
17	9.810243e-01
18	3.559530e-03
19	-1.692486e-03
20	9.999997e-01
21	-1.692486e-03
22	1.060000e-05
23	1.060000e-05
24	-5.200961e-04
25	-5.200961e-04
26	-3.256980e-03
27	-3.256980e-03
28	-1.887442e-02
29	-1.887442e-02
30	-1.226419e-01
31	-1.226419e-01
32	-1.000000e+00
33	-1.000000e+00
0	4.517209e-03
1	1.718238e-02
2	6.564651e-02
3	2.302043e-01
4	-2.735813e-03
5	9.370879e-01
6	-2.735813e-03
7	1.219963e-02
8	6.620803e-02
9	2.230490e-01
10	9.330977e-01
11	9.965096e-01
12	9.330977e-01
13	2.230490e-01
14	6.620803e-02
15	1.219963e-02
16	-2.977070e-03
17	9.810716e-01
18	-2.977070e-03
19	2.287880e-04
20	9.999997e-01
21	2.287880e-04
22	-1.612961e-04
23	-1.612961e-04
24	-5.236618e-04
25	-5.236618e-04
26	-3.263470e-03
27	-3.263470e-03
28	-1.887501e-02
29	-1.887501e-02
30	-1.226438e-01
31	-1.226438e-01
32	-1.000000e+00
33	-1.000000e+00
0	4.675514e-03
1	1.882352e-02
2	6.533622e-02
3	2.319187e-01
4	3.020188e-03
5	9.363834e-01
6	3.020188e-03
7	1.813657e-02
8	6.114329e-02
9	2.302486e-01
10	9.323887e-01
11	9.965426e-01
12	9.323887e-01
13	2.302486e-01
14	6.114329e-02
15	1.813657e-02
16	3.225617e-03
17	9.809953e-01
18	3.225617e-03
19	-5.033680e-04
20	9.999997e-01
21	-5.033680e-04
22	5.763369e-05
23	5.763369e-05
24	-5.414268e-04
25	-5.414268e-04
26	-3.263701e-03
27	-3.263701e-03
28	-1.887612e-02
29	-1.887612e-02
30	-1.226439e-01
31	-1.226439e-01
32	-1.000000e+00
33	-1.000000e+00
0	5.058092e-03
1	1.879932e-02
2	6.611069e-02
3	2.316957e-01
4	1.213865e-03
5	9.366516e-01
6	1.213865e-03
7	1.639821e-02
8	6.695708e-02
9	2.284832e-01
10	9.334390e-01
11	9.965394e-01
12	9.334390e-01
13	2.284832e-01
14	6.695708e-02
15	1.639821e-02
16	1.247718e-03
17	9.810014e-01
18	1.247718e-03
19	2.493393e-04
20	9.999997e-01
21	2.493393e-04
22	-1.230957e-05
23	-1.230957e-05
24	-5.146458e-04
25	-5.146458e-04
26	-3.265543e-03
27	-3.265543e-03
28	-1.887612e-02
29	-1.887612e-02
30	-1.226441e-01
31	-1.226441e-01
32	-1.000000e+00
33	-1.000000e+00
[0, 32]: tmp: 0.000000e+00, [0, 32]: tmp: -0.000000e+00, [0, 33]: tmp: 0.000000e+00, [0, 33]: tmp: -0.000000e+00, 	Processing time1: 0.000000 (s)
	Processing time2: 4348529.000000 (ns)

Launch conclusa

Simulation Time: 0 seconds
