Running 1 simulations with a radial tolerance of 0.001000
Running simulation 0
Number of cells = 69
Number of samples = 16000
#Simulating on CPU: 0%
#Simulating on CPU: 1%
#Simulating on CPU: 2%
#Simulating on CPU: 3%
#Simulating on CPU: 4%
#Simulating on CPU: 5%
#Simulating on CPU: 6%
#Simulating on CPU: 7%
#Simulating on CPU: 8%
#Simulating on CPU: 9%
#Simulating on CPU: 10%
#Simulating on CPU: 11%
#Simulating on CPU: 12%
#Simulating on CPU: 13%
#Simulating on CPU: 14%
#Simulating on CPU: 15%
#Simulating on CPU: 16%
#Simulating on CPU: 17%
#Simulating on CPU: 18%
#Simulating on CPU: 19%
#Simulating on CPU: 20%
#Simulating on CPU: 21%
#Simulating on CPU: 22%
#Simulating on CPU: 23%
#Simulating on CPU: 24%
#Simulating on CPU: 25%
#Simulating on CPU: 26%
#Simulating on CPU: 27%
#Simulating on CPU: 28%
#Simulating on CPU: 29%
#Simulating on CPU: 30%
#Simulating on CPU: 31%
#Simulating on CPU: 32%
#Simulating on CPU: 33%
#Simulating on CPU: 34%
#Simulating on CPU: 35%
#Simulating on CPU: 36%
#Simulating on CPU: 37%
#Simulating on CPU: 38%
#Simulating on CPU: 39%
#Simulating on CPU: 40%
#Simulating on CPU: 41%
#Simulating on CPU: 42%
#Simulating on CPU: 43%
#Simulating on CPU: 44%
#Simulating on CPU: 45%
#Simulating on CPU: 46%
#Simulating on CPU: 47%
#Simulating on CPU: 48%
#Simulating on CPU: 49%
#Simulating on CPU: 50%
#Simulating on CPU: 51%
#Simulating on CPU: 52%
#Simulating on CPU: 53%
#Simulating on CPU: 54%
#Simulating on CPU: 55%
#Simulating on CPU: 56%
#Simulating on CPU: 57%
#Simulating on CPU: 58%
#Simulating on CPU: 59%
#Simulating on CPU: 60%
#Simulating on CPU: 61%
#Simulating on CPU: 62%
#Simulating on CPU: 63%
#Simulating on CPU: 64%
#Simulating on CPU: 65%
#Simulating on CPU: 66%
#Simulating on CPU: 67%
#Simulating on CPU: 68%
#Simulating on CPU: 69%
#Simulating on CPU: 70%
#Simulating on CPU: 71%
#Simulating on CPU: 72%
#Simulating on CPU: 73%
#Simulating on CPU: 74%
#Simulating on CPU: 75%
#Simulating on CPU: 76%
#Simulating on CPU: 77%
#Simulating on CPU: 78%
#Simulating on CPU: 79%
#Simulating on CPU: 80%
#Simulating on CPU: 81%
#Simulating on CPU: 82%
#Simulating on CPU: 83%
#Simulating on CPU: 84%
#Simulating on CPU: 85%
#Simulating on CPU: 86%
#Simulating on CPU: 87%
#Simulating on CPU: 88%
#Simulating on CPU: 89%
#Simulating on CPU: 90%
#Simulating on CPU: 91%
#Simulating on CPU: 92%
#Simulating on CPU: 93%
#Simulating on CPU: 94%
#Simulating on CPU: 95%
#Simulating on CPU: 96%
#Simulating on CPU: 97%
#Simulating on CPU: 98%
#Simulating on CPU: 99%
#Simulating on CPU: 100%!
Iterations per sample = 2.420000
Core simulation time = 0.257332 seconds
Total simulation time = 0.272207 seconds
