#[TRACE]
#data_labels=Output
#[TRACE_DATA]
4.971023e-03 
5.481245e-03 
6.004836e-03 
6.627885e-03 
7.338379e-03 
8.151780e-03 
9.087097e-03 
1.016765e-02 
1.142224e-02 
1.298199e-02 
1.472421e-02 
1.678412e-02 
1.923621e-02 
2.217601e-02 
2.581870e-02 
3.017644e-02 
3.559162e-02 
4.226345e-02 
5.068340e-02 
6.128828e-02 
7.478031e-02 
9.201655e-02 
1.140019e-01 
1.417528e-01 
1.760214e-01 
2.169354e-01 
2.637920e-01 
3.151992e-01 
3.695747e-01 
4.254367e-01 
4.817257e-01 
5.375643e-01 
5.925010e-01 
6.460855e-01 
6.980472e-01 
7.480015e-01 
7.955327e-01 
8.400981e-01 
8.810114e-01 
9.174217e-01 
9.483629e-01 
9.542108e-01 
9.542111e-01 
9.542111e-01 
9.542111e-01 
9.542111e-01 
9.542111e-01 
9.542111e-01 
9.542111e-01 
9.542111e-01 
9.542111e-01 
9.542111e-01 
9.542111e-01 
9.542111e-01 
9.542111e-01 
9.542111e-01 
9.542111e-01 
9.542111e-01 
9.542111e-01 
9.542111e-01 
9.542111e-01 
9.542111e-01 
9.542111e-01 
9.542111e-01 
9.542111e-01 
9.542111e-01 
9.542111e-01 
9.542111e-01 
9.542111e-01 
9.542111e-01 
9.542111e-01 
9.542111e-01 
9.542111e-01 
9.542111e-01 
9.542111e-01 
9.542111e-01 
9.542111e-01 
9.542111e-01 
9.542111e-01 
9.542111e-01 
9.542111e-01 
9.542111e-01 
9.542111e-01 
9.542111e-01 
9.542111e-01 
9.542111e-01 
9.542111e-01 
9.542111e-01 
9.542111e-01 
9.542111e-01 
9.542111e-01 
9.542111e-01 
9.542111e-01 
9.542111e-01 
9.542111e-01 
9.542111e-01 
9.542111e-01 
9.542111e-01 
9.542111e-01 
9.542111e-01 
9.542111e-01 
9.542111e-01 
9.542111e-01 
9.542111e-01 
9.542111e-01 
9.542111e-01 
9.542111e-01 
9.542111e-01 
9.542111e-01 
9.542111e-01 
9.542111e-01 
9.542111e-01 
9.542111e-01 
9.542111e-01 
9.542111e-01 
9.542111e-01 
9.542111e-01 
9.542111e-01 
9.542111e-01 
9.542111e-01 
9.542111e-01 
9.542111e-01 
9.542111e-01 
9.542111e-01 
9.542111e-01 
9.542111e-01 
9.542111e-01 
9.542111e-01 
9.542111e-01 
9.542111e-01 
9.542111e-01 
9.542111e-01 
9.542111e-01 
9.542111e-01 
9.542111e-01 
9.542111e-01 
9.542111e-01 
9.542111e-01 
9.542111e-01 
9.542111e-01 
9.542111e-01 
9.542111e-01 
9.542111e-01 
9.542111e-01 
9.542111e-01 
9.542111e-01 
9.542111e-01 
9.542111e-01 
9.542111e-01 
9.542111e-01 
9.542111e-01 
9.542111e-01 
9.542111e-01 
9.542111e-01 
9.542111e-01 
9.542111e-01 
9.542111e-01 
9.542111e-01 
9.542111e-01 
9.542111e-01 
9.542111e-01 
9.542111e-01 
9.542111e-01 
9.542111e-01 
9.542111e-01 
9.542111e-01 
9.542111e-01 
9.542111e-01 
9.542111e-01 
9.542111e-01 
9.542111e-01 
9.542111e-01 
9.542111e-01 
9.542111e-01 
9.542111e-01 
9.542111e-01 
9.542111e-01 
9.542111e-01 
9.542111e-01 
9.542111e-01 
9.542111e-01 
9.542111e-01 
9.542111e-01 
9.542111e-01 
9.542111e-01 
9.542111e-01 
9.542111e-01 
9.542111e-01 
9.542111e-01 
9.542111e-01 
9.542111e-01 
9.542111e-01 
9.542111e-01 
9.542111e-01 
9.542111e-01 
9.542111e-01 
9.542111e-01 
9.542111e-01 
9.542111e-01 
9.542111e-01 
9.542111e-01 
9.542111e-01 
9.542111e-01 
9.542111e-01 
9.542111e-01 
9.542111e-01 
9.542111e-01 
9.542111e-01 
9.542111e-01 
9.542111e-01 
9.542121e-01 
9.542164e-01 
9.542198e-01 
9.542224e-01 
9.542246e-01 
9.542263e-01 
9.542278e-01 
9.542290e-01 
9.542301e-01 
9.542311e-01 
9.542319e-01 
9.542327e-01 
9.542334e-01 
9.542340e-01 
9.542346e-01 
9.542351e-01 
9.542356e-01 
9.542361e-01 
9.542366e-01 
9.542370e-01 
9.542374e-01 
9.542378e-01 
9.542381e-01 
9.542383e-01 
9.542384e-01 
9.542385e-01 
9.542386e-01 
9.542386e-01 
9.542386e-01 
9.542386e-01 
9.542386e-01 
9.542385e-01 
9.542384e-01 
9.542384e-01 
9.542383e-01 
9.542382e-01 
9.542381e-01 
9.542380e-01 
9.542379e-01 
9.542378e-01 
9.542377e-01 
9.542376e-01 
9.542375e-01 
9.542374e-01 
9.542373e-01 
9.542372e-01 
9.542371e-01 
9.542370e-01 
9.542369e-01 
9.542368e-01 
9.542368e-01 
9.542367e-01 
9.542366e-01 
9.542365e-01 
9.542364e-01 
9.542363e-01 
9.542362e-01 
9.542362e-01 
9.542361e-01 
9.542360e-01 
9.542359e-01 
9.542359e-01 
9.542358e-01 
9.542357e-01 
9.542357e-01 
9.542356e-01 
9.542355e-01 
9.542355e-01 
9.542354e-01 
9.542353e-01 
9.542353e-01 
9.542352e-01 
9.542352e-01 
9.542351e-01 
9.542350e-01 
9.542350e-01 
9.542349e-01 
9.542349e-01 
9.542348e-01 
9.542348e-01 
9.542347e-01 
9.542347e-01 
9.542347e-01 
9.542347e-01 
9.542347e-01 
9.542347e-01 
9.542347e-01 
9.542347e-01 
9.542347e-01 
9.542347e-01 
9.542347e-01 
9.542347e-01 
9.542347e-01 
9.542347e-01 
9.542347e-01 
9.542347e-01 
9.542347e-01 
9.542347e-01 
9.542347e-01 
9.542347e-01 
9.542347e-01 
9.542347e-01 
9.542347e-01 
9.542347e-01 
9.542347e-01 
9.542347e-01 
9.542347e-01 
9.542347e-01 
9.542347e-01 
9.542347e-01 
9.542347e-01 
9.542347e-01 
9.542347e-01 
9.542347e-01 
9.542347e-01 
9.542347e-01 
9.542347e-01 
9.542347e-01 
9.542347e-01 
9.542347e-01 
9.542347e-01 
9.542347e-01 
9.542347e-01 
9.542347e-01 
9.542347e-01 
9.542347e-01 
9.542347e-01 
9.542347e-01 
9.542347e-01 
9.542347e-01 
9.542347e-01 
9.542347e-01 
9.542347e-01 
9.542347e-01 
9.542347e-01 
9.542347e-01 
9.542347e-01 
9.542347e-01 
9.542347e-01 
9.542347e-01 
9.542347e-01 
9.542347e-01 
9.542347e-01 
9.542347e-01 
9.542347e-01 
9.542347e-01 
9.542347e-01 
9.542347e-01 
9.542347e-01 
9.542347e-01 
9.542347e-01 
9.542347e-01 
9.542347e-01 
9.542347e-01 
9.542347e-01 
9.542347e-01 
9.542347e-01 
9.542347e-01 
9.542347e-01 
9.542347e-01 
9.542347e-01 
9.542347e-01 
9.542347e-01 
9.542347e-01 
9.542347e-01 
9.542347e-01 
9.542347e-01 
9.542347e-01 
9.542347e-01 
9.542347e-01 
9.542347e-01 
9.542347e-01 
9.542347e-01 
9.542347e-01 
9.542347e-01 
9.542347e-01 
9.542347e-01 
9.542347e-01 
9.542347e-01 
9.542347e-01 
9.542347e-01 
9.542347e-01 
9.542347e-01 
9.542347e-01 
9.542347e-01 
9.542347e-01 
9.542347e-01 
9.542347e-01 
9.542347e-01 
9.542347e-01 
9.542347e-01 
9.542347e-01 
9.542347e-01 
9.542347e-01 
9.542347e-01 
9.542347e-01 
9.542347e-01 
9.542347e-01 
9.542347e-01 
9.542347e-01 
9.542347e-01 
9.542347e-01 
9.542347e-01 
9.542347e-01 
9.542347e-01 
9.542347e-01 
9.542347e-01 
9.542347e-01 
9.542347e-01 
9.542347e-01 
9.542347e-01 
9.542347e-01 
9.542347e-01 
9.542347e-01 
9.542347e-01 
9.542347e-01 
9.542347e-01 
9.542347e-01 
9.542347e-01 
9.542347e-01 
9.542347e-01 
9.542347e-01 
9.542347e-01 
9.542347e-01 
9.542347e-01 
9.542347e-01 
9.542347e-01 
9.542347e-01 
9.542347e-01 
9.542347e-01 
9.542347e-01 
9.542347e-01 
9.542347e-01 
9.542347e-01 
9.542347e-01 
9.542347e-01 
9.542347e-01 
9.542347e-01 
9.542347e-01 
9.542347e-01 
9.542347e-01 
9.542347e-01 
9.542347e-01 
9.542347e-01 
9.542347e-01 
9.542347e-01 
9.542347e-01 
9.542347e-01 
9.542347e-01 
9.542347e-01 
9.483869e-01 
9.174339e-01 
8.809714e-01 
8.399262e-01 
7.950600e-01 
7.469496e-01 
6.959080e-01 
6.420172e-01 
5.850109e-01 
5.242924e-01 
4.586308e-01 
3.857414e-01 
3.001407e-01 
1.882094e-01 
2.815023e-02 
7.423189e-03 
2.225603e-03 
1.249491e-03 
8.510255e-04 
6.159936e-04 
4.645870e-04 
3.611320e-04 
2.873919e-04 
2.332649e-04 
1.922117e-04 
1.602218e-04 
1.353623e-04 
1.152192e-04 
9.933514e-05 
8.591441e-05 
7.483200e-05 
6.559563e-05 
5.783180e-05 
5.164396e-05 
4.596380e-05 
4.108912e-05 
3.688504e-05 
3.323949e-05 
3.006227e-05 
2.728025e-05 
2.483369e-05 
2.267340e-05 
2.075865e-05 
1.905549e-05 
1.753549e-05 
1.617468e-05 
1.495276e-05 
1.385248e-05 
1.283108e-05 
1.193576e-05 
1.112327e-05 
1.038430e-05 
9.710776e-06 
9.095680e-06 
8.531977e-06 
8.016374e-06 
7.543023e-06 
7.108046e-06 
6.707764e-06 
6.339151e-06 
6.000011e-06 
5.688688e-06 
5.405962e-06 
5.147254e-06 
4.895151e-06 
4.648559e-06 
4.418753e-06 
4.203224e-06 
4.001625e-06 
3.811328e-06 
3.634716e-06 
3.471000e-06 
3.317722e-06 
3.172967e-06 
3.040855e-06 
2.909077e-06 
2.794187e-06 
2.685652e-06 
2.583047e-06 
2.474902e-06 
2.385170e-06 
2.374191e-06 
2.375919e-06 
2.376098e-06 
2.376114e-06 
2.376115e-06 
2.376115e-06 
2.376115e-06 
2.376115e-06 
2.376115e-06 
2.376115e-06 
2.376115e-06 
2.376115e-06 
2.376115e-06 
2.376115e-06 
2.376115e-06 
2.376115e-06 
2.376115e-06 
2.376115e-06 
2.376115e-06 
2.376115e-06 
2.376115e-06 
2.376115e-06 
2.376115e-06 
2.376115e-06 
2.376115e-06 
2.376115e-06 
2.376115e-06 
2.376115e-06 
2.376115e-06 
2.376115e-06 
2.376115e-06 
2.376115e-06 
2.376115e-06 
2.376115e-06 
2.376115e-06 
2.376115e-06 
2.376115e-06 
2.376115e-06 
2.376115e-06 
2.376115e-06 
2.376115e-06 
2.376115e-06 
2.376115e-06 
2.376115e-06 
2.376115e-06 
2.376115e-06 
2.376115e-06 
2.376115e-06 
2.376115e-06 
2.376115e-06 
2.376115e-06 
2.376115e-06 
2.376115e-06 
2.376115e-06 
2.376115e-06 
2.376115e-06 
2.376115e-06 
2.376115e-06 
2.376115e-06 
2.376115e-06 
2.376115e-06 
2.376115e-06 
2.376115e-06 
2.376115e-06 
2.376115e-06 
2.376115e-06 
2.376115e-06 
2.376115e-06 
2.376115e-06 
2.376115e-06 
2.376115e-06 
2.376115e-06 
2.376115e-06 
2.376115e-06 
2.376115e-06 
2.376115e-06 
2.376115e-06 
2.376115e-06 
2.376115e-06 
2.376115e-06 
2.376115e-06 
2.376115e-06 
2.376115e-06 
2.376115e-06 
2.376115e-06 
2.376115e-06 
2.376115e-06 
2.376115e-06 
2.376115e-06 
2.376115e-06 
2.376115e-06 
2.376115e-06 
2.376115e-06 
2.376115e-06 
2.376115e-06 
2.376115e-06 
2.376115e-06 
2.376115e-06 
2.376115e-06 
2.376115e-06 
2.376115e-06 
2.376115e-06 
2.376115e-06 
2.376115e-06 
2.376115e-06 
2.376115e-06 
2.376115e-06 
2.376115e-06 
2.376115e-06 
2.376115e-06 
2.376115e-06 
2.376115e-06 
2.376115e-06 
2.376115e-06 
2.376115e-06 
2.376115e-06 
2.376115e-06 
2.376115e-06 
2.376115e-06 
2.376115e-06 
2.376115e-06 
2.376115e-06 
2.376115e-06 
2.376115e-06 
2.376115e-06 
2.376115e-06 
2.376115e-06 
2.376115e-06 
2.376115e-06 
2.376115e-06 
2.376115e-06 
2.376115e-06 
2.376115e-06 
2.376115e-06 
2.376115e-06 
2.376115e-06 
2.376115e-06 
2.376115e-06 
2.376115e-06 
2.376115e-06 
2.376115e-06 
2.376115e-06 
2.376115e-06 
2.376115e-06 
2.376115e-06 
2.376115e-06 
2.376115e-06 
2.376115e-06 
2.376115e-06 
2.376115e-06 
2.376115e-06 
2.376115e-06 
2.376115e-06 
2.376115e-06 
2.376115e-06 
2.376115e-06 
2.376115e-06 
2.376115e-06 
2.376115e-06 
2.376115e-06 
2.376115e-06 
2.376115e-06 
2.376115e-06 
2.376115e-06 
2.376115e-06 
2.376115e-06 
2.376115e-06 
2.376115e-06 
2.376115e-06 
2.385670e-06 
2.434663e-06 
2.515643e-06 
2.583709e-06 
2.656230e-06 
2.730714e-06 
2.808759e-06 
2.890408e-06 
2.975876e-06 
3.065727e-06 
3.159935e-06 
3.258888e-06 
3.362913e-06 
3.472362e-06 
3.587615e-06 
3.709087e-06 
3.837230e-06 
3.972538e-06 
4.115552e-06 
4.266863e-06 
4.427119e-06 
4.597037e-06 
4.777400e-06 
4.969052e-06 
5.172996e-06 
5.389772e-06 
5.621493e-06 
5.869022e-06 
6.125894e-06 
6.408782e-06 
6.712283e-06 
7.038426e-06 
7.389497e-06 
7.768073e-06 
8.177072e-06 
8.619804e-06 
8.974675e-06 
9.485220e-06 
1.004136e-05 
1.064835e-05 
1.131248e-05 
1.204107e-05 
1.284260e-05 
1.372701e-05 
1.497533e-05 
1.609406e-05 
1.734197e-05 
1.873967e-05 
2.031157e-05 
2.208706e-05 
2.410179e-05 
2.639915e-05 
2.903226e-05 
3.231749e-05 
3.588854e-05 
4.005330e-05 
4.509452e-05 
5.096742e-05 
5.790744e-05 
6.609947e-05 
7.581716e-05 
8.730531e-05 
1.007716e-04 
1.163574e-04 
1.340158e-04 
1.533945e-04 
1.740555e-04 
1.955817e-04 
2.176548e-04 
2.400378e-04 
2.625542e-04 
2.852181e-04 
3.075560e-04 
3.300501e-04 
3.521519e-04 
3.735788e-04 
3.939195e-04 
4.108740e-04 
4.275394e-04 
4.414135e-04 
4.520691e-04 
4.547396e-04 
4.549383e-04 
4.549503e-04 
4.549509e-04 
4.549510e-04 
4.549510e-04 
4.549510e-04 
4.549510e-04 
4.549510e-04 
4.549510e-04 
4.549510e-04 
4.549510e-04 
4.549510e-04 
4.549510e-04 
4.549510e-04 
4.549510e-04 
4.549510e-04 
4.549510e-04 
4.549510e-04 
4.549510e-04 
4.549510e-04 
4.549510e-04 
4.549510e-04 
4.549510e-04 
4.549510e-04 
4.549510e-04 
4.549510e-04 
4.549510e-04 
4.549510e-04 
4.549510e-04 
4.549510e-04 
4.549510e-04 
4.549510e-04 
4.549510e-04 
4.549510e-04 
4.549510e-04 
4.549510e-04 
4.549510e-04 
4.549510e-04 
4.549510e-04 
4.549510e-04 
4.549510e-04 
4.549510e-04 
4.549510e-04 
4.549510e-04 
4.549510e-04 
4.549510e-04 
4.549510e-04 
4.549510e-04 
4.549510e-04 
4.549510e-04 
4.549510e-04 
4.549510e-04 
4.549510e-04 
4.549510e-04 
4.549510e-04 
4.549510e-04 
4.549510e-04 
4.549510e-04 
4.549510e-04 
4.549510e-04 
4.549510e-04 
4.549510e-04 
4.549510e-04 
4.549510e-04 
4.549510e-04 
4.549510e-04 
4.549510e-04 
4.549510e-04 
4.549510e-04 
4.549510e-04 
4.549510e-04 
4.549510e-04 
4.549510e-04 
4.549510e-04 
4.549510e-04 
4.549510e-04 
4.549510e-04 
4.549510e-04 
4.549510e-04 
4.549510e-04 
4.549510e-04 
4.549510e-04 
4.549510e-04 
4.549510e-04 
4.549510e-04 
4.549510e-04 
4.549510e-04 
4.549510e-04 
4.549510e-04 
4.549510e-04 
4.549510e-04 
4.549510e-04 
4.549510e-04 
4.549510e-04 
4.549510e-04 
4.549510e-04 
4.549510e-04 
4.549510e-04 
4.549510e-04 
4.549510e-04 
4.549510e-04 
4.549510e-04 
4.549510e-04 
4.549510e-04 
4.549510e-04 
4.549510e-04 
4.549510e-04 
4.549510e-04 
4.549510e-04 
4.549510e-04 
4.549510e-04 
4.549510e-04 
4.549510e-04 
4.549510e-04 
4.549510e-04 
4.549510e-04 
4.549510e-04 
4.549510e-04 
4.549510e-04 
4.549510e-04 
4.549510e-04 
4.549510e-04 
4.549510e-04 
4.549510e-04 
4.549510e-04 
4.549510e-04 
4.549510e-04 
4.549510e-04 
4.549510e-04 
4.549510e-04 
4.549510e-04 
4.549510e-04 
4.549510e-04 
4.549510e-04 
4.549510e-04 
4.549510e-04 
4.549510e-04 
4.549510e-04 
4.549510e-04 
4.549510e-04 
4.549510e-04 
4.549510e-04 
4.549510e-04 
4.549510e-04 
4.549510e-04 
4.549510e-04 
4.549510e-04 
4.549510e-04 
4.549510e-04 
4.549510e-04 
4.549510e-04 
4.549510e-04 
4.549510e-04 
4.549510e-04 
4.549510e-04 
4.549510e-04 
4.549510e-04 
4.549510e-04 
4.549510e-04 
4.549510e-04 
4.549510e-04 
4.549510e-04 
4.549510e-04 
4.549510e-04 
4.549510e-04 
4.549510e-04 
4.549510e-04 
4.549510e-04 
4.590507e-04 
4.787725e-04 
4.998887e-04 
5.220557e-04 
5.455015e-04 
5.702683e-04 
5.964736e-04 
6.240807e-04 
6.530120e-04 
6.436304e-04 
6.760745e-04 
7.108136e-04 
7.479687e-04 
7.877320e-04 
8.303412e-04 
8.760492e-04 
9.251369e-04 
9.779196e-04 
1.034735e-03 
1.095886e-03 
1.161766e-03 
1.232848e-03 
1.309670e-03 
1.392824e-03 
1.482977e-03 
1.580878e-03 
1.687393e-03 
1.803422e-03 
1.930152e-03 
2.068781e-03 
2.220164e-03 
2.386962e-03 
2.570545e-03 
2.773057e-03 
2.996973e-03 
3.245165e-03 
3.510944e-03 
3.816680e-03 
4.158236e-03 
4.540911e-03 
4.970992e-03 
5.481213e-03 
6.004802e-03 
6.627850e-03 
7.338343e-03 
8.151742e-03 
9.087058e-03 
1.016761e-02 
1.149971e-02 
1.298219e-02 
1.472417e-02 
1.678406e-02 
1.923616e-02 
2.217595e-02 
2.581863e-02 
3.017638e-02 
3.559155e-02 
4.226338e-02 
5.068333e-02 
6.128820e-02 
7.478025e-02 
9.201652e-02 
1.140019e-01 
1.417527e-01 
1.760212e-01 
2.169353e-01 
2.637918e-01 
3.151990e-01 
3.695745e-01 
4.254366e-01 
4.817256e-01 
5.375642e-01 
5.925009e-01 
6.460854e-01 
6.980471e-01 
7.480014e-01 
7.955327e-01 
8.401002e-01 
8.810114e-01 
9.174217e-01 
9.483629e-01 
9.542108e-01 
9.542111e-01 
9.542111e-01 
9.542111e-01 
9.542111e-01 
9.542111e-01 
9.542111e-01 
9.542111e-01 
9.542111e-01 
9.542111e-01 
9.542111e-01 
9.542111e-01 
9.542111e-01 
9.542111e-01 
9.542111e-01 
9.542111e-01 
9.542111e-01 
9.542111e-01 
9.542111e-01 
9.542111e-01 
9.542111e-01 
9.542111e-01 
9.542111e-01 
9.542111e-01 
9.542111e-01 
9.542111e-01 
9.542111e-01 
9.542111e-01 
9.542111e-01 
9.542111e-01 
9.542111e-01 
9.542111e-01 
9.542111e-01 
9.542111e-01 
9.542111e-01 
9.542111e-01 
9.542111e-01 
9.542111e-01 
9.542111e-01 
9.542111e-01 
9.542111e-01 
9.542111e-01 
9.542111e-01 
9.542111e-01 
9.542111e-01 
9.542111e-01 
9.542111e-01 
9.542111e-01 
9.542111e-01 
9.542111e-01 
9.542111e-01 
9.542111e-01 
9.542111e-01 
9.542111e-01 
9.542111e-01 
9.542111e-01 
9.542111e-01 
9.542111e-01 
9.542111e-01 
9.542111e-01 
9.542111e-01 
9.542111e-01 
9.542111e-01 
9.542111e-01 
9.542111e-01 
9.542111e-01 
9.542111e-01 
9.542111e-01 
9.542111e-01 
9.542111e-01 
9.542111e-01 
9.542111e-01 
9.542111e-01 
9.542111e-01 
9.542111e-01 
9.542111e-01 
9.542111e-01 
9.542111e-01 
9.542111e-01 
9.542111e-01 
9.542111e-01 
9.542111e-01 
9.542111e-01 
9.542111e-01 
9.542111e-01 
9.542111e-01 
9.542111e-01 
9.542111e-01 
9.542111e-01 
9.542111e-01 
9.542111e-01 
9.542111e-01 
9.542111e-01 
9.542111e-01 
9.542111e-01 
9.542111e-01 
9.542111e-01 
9.542111e-01 
9.542111e-01 
9.542111e-01 
9.542111e-01 
9.542111e-01 
9.542111e-01 
9.542111e-01 
9.542111e-01 
9.542111e-01 
9.542111e-01 
9.542111e-01 
9.542111e-01 
9.542111e-01 
9.542111e-01 
9.542111e-01 
9.542111e-01 
9.542111e-01 
9.542111e-01 
9.542111e-01 
9.542111e-01 
9.542111e-01 
9.542111e-01 
9.542111e-01 
9.542111e-01 
9.542111e-01 
9.542111e-01 
9.542111e-01 
9.542111e-01 
9.542111e-01 
9.542111e-01 
9.542111e-01 
9.542111e-01 
9.542111e-01 
9.542111e-01 
9.542111e-01 
9.542111e-01 
9.542111e-01 
9.542111e-01 
9.542111e-01 
9.542111e-01 
9.542111e-01 
9.542111e-01 
9.542111e-01 
9.542111e-01 
9.542111e-01 
9.542111e-01 
9.542111e-01 
9.542111e-01 
9.542111e-01 
9.542111e-01 
9.542111e-01 
9.542111e-01 
9.542111e-01 
9.542111e-01 
9.542111e-01 
9.542111e-01 
9.542111e-01 
9.542111e-01 
9.542111e-01 
9.542111e-01 
9.542111e-01 
9.542111e-01 
9.542111e-01 
9.542111e-01 
9.542111e-01 
9.542111e-01 
9.542111e-01 
9.542111e-01 
9.542111e-01 
9.542111e-01 
9.542111e-01 
9.542111e-01 
9.542122e-01 
9.542164e-01 
9.542198e-01 
9.542225e-01 
9.542246e-01 
9.542264e-01 
9.542278e-01 
9.542291e-01 
9.542302e-01 
9.542311e-01 
9.542320e-01 
9.542327e-01 
9.542334e-01 
9.542340e-01 
9.542346e-01 
9.542351e-01 
9.542356e-01 
9.542361e-01 
9.542366e-01 
9.542370e-01 
9.542374e-01 
9.542378e-01 
9.542381e-01 
9.542383e-01 
9.542384e-01 
9.542385e-01 
9.542386e-01 
9.542386e-01 
9.542386e-01 
9.542386e-01 
9.542386e-01 
9.542385e-01 
9.542384e-01 
9.542384e-01 
9.542383e-01 
9.542382e-01 
9.542381e-01 
9.542380e-01 
9.542379e-01 
9.542378e-01 
9.542377e-01 
9.542376e-01 
9.542375e-01 
9.542374e-01 
9.542373e-01 
9.542372e-01 
9.542371e-01 
9.542370e-01 
9.542369e-01 
9.542368e-01 
9.542368e-01 
9.542367e-01 
9.542366e-01 
9.542365e-01 
9.542364e-01 
9.542363e-01 
9.542362e-01 
9.542362e-01 
9.542361e-01 
9.542360e-01 
9.542359e-01 
9.542359e-01 
9.542358e-01 
9.542357e-01 
9.542357e-01 
9.542356e-01 
9.542355e-01 
9.542355e-01 
9.542354e-01 
9.542353e-01 
9.542353e-01 
9.542352e-01 
9.542352e-01 
9.542351e-01 
9.542350e-01 
9.542350e-01 
9.542349e-01 
9.542349e-01 
9.542348e-01 
9.542348e-01 
9.542347e-01 
9.542347e-01 
9.542347e-01 
9.542347e-01 
9.542347e-01 
9.542347e-01 
9.542347e-01 
9.542347e-01 
9.542347e-01 
9.542347e-01 
9.542347e-01 
9.542347e-01 
9.542347e-01 
9.542347e-01 
9.542347e-01 
9.542347e-01 
9.542347e-01 
9.542347e-01 
9.542347e-01 
9.542347e-01 
9.542347e-01 
9.542347e-01 
9.542347e-01 
9.542347e-01 
9.542347e-01 
9.542347e-01 
9.542347e-01 
9.542347e-01 
9.542347e-01 
9.542347e-01 
9.542347e-01 
9.542347e-01 
9.542347e-01 
9.542347e-01 
9.542347e-01 
9.542347e-01 
9.542347e-01 
9.542347e-01 
9.542347e-01 
9.542347e-01 
9.542347e-01 
9.542347e-01 
9.542347e-01 
9.542347e-01 
9.542347e-01 
9.542347e-01 
9.542347e-01 
9.542347e-01 
9.542347e-01 
9.542347e-01 
9.542347e-01 
9.542347e-01 
9.542347e-01 
9.542347e-01 
9.542347e-01 
9.542347e-01 
9.542347e-01 
9.542347e-01 
9.542347e-01 
9.542347e-01 
9.542347e-01 
9.542347e-01 
9.542347e-01 
9.542347e-01 
9.542347e-01 
9.542347e-01 
9.542347e-01 
9.542347e-01 
9.542347e-01 
9.542347e-01 
9.542347e-01 
9.542347e-01 
9.542347e-01 
9.542347e-01 
9.542347e-01 
9.542347e-01 
9.542347e-01 
9.542347e-01 
9.542347e-01 
9.542347e-01 
9.542347e-01 
9.542347e-01 
9.542347e-01 
9.542347e-01 
9.542347e-01 
9.542347e-01 
9.542347e-01 
9.542347e-01 
9.542347e-01 
9.542347e-01 
9.542347e-01 
9.542347e-01 
9.542347e-01 
9.542347e-01 
9.542347e-01 
9.542347e-01 
9.542347e-01 
9.542347e-01 
9.542347e-01 
9.542347e-01 
9.542347e-01 
9.542347e-01 
9.542347e-01 
9.542347e-01 
9.542347e-01 
9.542347e-01 
9.542347e-01 
9.542347e-01 
9.542347e-01 
9.542347e-01 
9.542347e-01 
9.542347e-01 
9.542347e-01 
9.542347e-01 
9.542347e-01 
9.542347e-01 
9.542347e-01 
9.542347e-01 
9.542347e-01 
9.542347e-01 
9.542347e-01 
9.542347e-01 
9.542347e-01 
9.542347e-01 
9.542347e-01 
9.542347e-01 
9.542347e-01 
9.542347e-01 
9.542347e-01 
9.542347e-01 
9.542347e-01 
9.542347e-01 
9.542347e-01 
9.542347e-01 
9.542347e-01 
9.542347e-01 
9.542347e-01 
9.542347e-01 
9.542347e-01 
9.542347e-01 
9.542347e-01 
9.542347e-01 
9.542347e-01 
9.542347e-01 
9.542347e-01 
9.542347e-01 
9.542347e-01 
9.542347e-01 
9.542347e-01 
9.542347e-01 
9.542347e-01 
9.542347e-01 
9.542347e-01 
9.542347e-01 
9.542347e-01 
9.542347e-01 
9.542347e-01 
9.542347e-01 
9.542347e-01 
9.542347e-01 
9.542347e-01 
9.542347e-01 
9.542347e-01 
9.542347e-01 
9.542347e-01 
9.542347e-01 
9.542347e-01 
9.542347e-01 
9.542347e-01 
9.542347e-01 
9.483869e-01 
9.174339e-01 
8.809714e-01 
8.399221e-01 
7.950600e-01 
7.469496e-01 
6.959080e-01 
6.420079e-01 
5.850103e-01 
5.242924e-01 
4.589509e-01 
3.857417e-01 
3.001407e-01 
1.882094e-01 
2.815023e-02 
4.849076e-03 
2.021256e-03 
1.248542e-03 
8.510252e-04 
6.159936e-04 
4.645870e-04 
3.611320e-04 
2.873919e-04 
2.332649e-04 
1.922117e-04 
1.602218e-04 
1.353623e-04 
1.152192e-04 
9.933514e-05 
8.591441e-05 
7.483200e-05 
6.559563e-05 
5.783180e-05 
5.164396e-05 
4.596380e-05 
4.108912e-05 
3.688504e-05 
3.323949e-05 
3.006227e-05 
2.728025e-05 
2.483369e-05 
2.267340e-05 
2.075865e-05 
1.905549e-05 
1.753549e-05 
1.617468e-05 
1.495276e-05 
1.385248e-05 
1.285912e-05 
1.193576e-05 
1.112327e-05 
1.038430e-05 
9.710776e-06 
9.095680e-06 
8.531977e-06 
8.016374e-06 
7.543023e-06 
7.108046e-06 
6.707764e-06 
6.339151e-06 
6.000011e-06 
5.688688e-06 
5.405962e-06 
5.147253e-06 
4.895102e-06 
4.648559e-06 
4.418753e-06 
4.203224e-06 
4.001625e-06 
3.811328e-06 
3.634716e-06 
3.471000e-06 
3.317722e-06 
3.172967e-06 
3.040855e-06 
2.909077e-06 
2.794187e-06 
2.685652e-06 
2.583047e-06 
2.474902e-06 
2.385170e-06 
2.374191e-06 
2.375919e-06 
2.376098e-06 
2.376114e-06 
2.376115e-06 
2.376115e-06 
2.376115e-06 
2.376115e-06 
2.376115e-06 
2.376115e-06 
2.376115e-06 
2.376115e-06 
2.376115e-06 
2.376115e-06 
2.376115e-06 
2.376115e-06 
2.376115e-06 
2.376115e-06 
2.376115e-06 
2.376115e-06 
2.376115e-06 
2.376115e-06 
2.376115e-06 
2.376115e-06 
2.376115e-06 
2.376115e-06 
2.376115e-06 
2.376115e-06 
2.376115e-06 
2.376115e-06 
2.376115e-06 
2.376115e-06 
2.376115e-06 
2.376115e-06 
2.376115e-06 
2.376115e-06 
2.376115e-06 
2.376115e-06 
2.376115e-06 
2.376115e-06 
2.376115e-06 
2.376115e-06 
2.376115e-06 
2.376115e-06 
2.376115e-06 
2.376115e-06 
2.376115e-06 
2.376115e-06 
2.376115e-06 
2.376115e-06 
2.376115e-06 
2.376115e-06 
2.376115e-06 
2.376115e-06 
2.376115e-06 
2.376115e-06 
2.376115e-06 
2.376115e-06 
2.376115e-06 
2.376115e-06 
2.376115e-06 
2.376115e-06 
2.376115e-06 
2.376115e-06 
2.376115e-06 
2.376115e-06 
2.376115e-06 
2.376115e-06 
2.376115e-06 
2.376115e-06 
2.376115e-06 
2.376115e-06 
2.376115e-06 
2.376115e-06 
2.376115e-06 
2.376115e-06 
2.376115e-06 
2.376115e-06 
2.376115e-06 
2.376115e-06 
2.376115e-06 
2.376115e-06 
2.376115e-06 
2.376115e-06 
2.376115e-06 
2.376115e-06 
2.376115e-06 
2.376115e-06 
2.376115e-06 
2.376115e-06 
2.376115e-06 
2.376115e-06 
2.376115e-06 
2.376115e-06 
2.376115e-06 
2.376115e-06 
2.376115e-06 
2.376115e-06 
2.376115e-06 
2.376115e-06 
2.376115e-06 
2.376115e-06 
2.376115e-06 
2.376115e-06 
2.376115e-06 
2.376115e-06 
2.376115e-06 
2.376115e-06 
2.376115e-06 
2.376115e-06 
2.376115e-06 
2.376115e-06 
2.376115e-06 
2.376115e-06 
2.376115e-06 
2.376115e-06 
2.376115e-06 
2.376115e-06 
2.376115e-06 
2.376115e-06 
2.376115e-06 
2.376115e-06 
2.376115e-06 
2.376115e-06 
2.376115e-06 
2.376115e-06 
2.376115e-06 
2.376115e-06 
2.376115e-06 
2.376115e-06 
2.376115e-06 
2.376115e-06 
2.376115e-06 
2.376115e-06 
2.376115e-06 
2.376115e-06 
2.376115e-06 
2.376115e-06 
2.376115e-06 
2.376115e-06 
2.376115e-06 
2.376115e-06 
2.376115e-06 
2.376115e-06 
2.376115e-06 
2.376115e-06 
2.376115e-06 
2.376115e-06 
2.376115e-06 
2.376115e-06 
2.376115e-06 
2.376115e-06 
2.376115e-06 
2.376115e-06 
2.376115e-06 
2.376115e-06 
2.376115e-06 
2.376115e-06 
2.376115e-06 
2.376115e-06 
2.376115e-06 
2.376115e-06 
2.376115e-06 
2.376115e-06 
2.376115e-06 
2.376115e-06 
2.376115e-06 
2.376115e-06 
2.376115e-06 
2.385670e-06 
2.434663e-06 
2.499131e-06 
2.566462e-06 
2.654850e-06 
2.729254e-06 
2.808755e-06 
2.890408e-06 
2.975876e-06 
3.065727e-06 
3.159935e-06 
3.258888e-06 
3.362913e-06 
3.472362e-06 
3.587615e-06 
3.709087e-06 
3.837230e-06 
3.972538e-06 
4.115552e-06 
4.266863e-06 
4.427119e-06 
4.597037e-06 
4.777400e-06 
4.969052e-06 
5.172996e-06 
5.389772e-06 
5.621493e-06 
5.869022e-06 
6.125894e-06 
6.408782e-06 
6.712283e-06 
7.038426e-06 
7.389497e-06 
7.768073e-06 
8.177072e-06 
8.619804e-06 
8.974675e-06 
9.485220e-06 
1.004136e-05 
1.064835e-05 
1.131248e-05 
1.204107e-05 
1.284260e-05 
1.372701e-05 
1.470594e-05 
1.579313e-05 
1.700483e-05 
1.873901e-05 
2.031157e-05 
2.208706e-05 
2.410179e-05 
2.639915e-05 
2.903226e-05 
3.231749e-05 
3.588854e-05 
4.005330e-05 
4.509452e-05 
5.096742e-05 
5.790744e-05 
6.609947e-05 
7.581716e-05 
8.730531e-05 
1.007716e-04 
1.163574e-04 
1.340158e-04 
1.533945e-04 
1.740555e-04 
1.955817e-04 
2.176548e-04 
2.400378e-04 
2.625542e-04 
2.852181e-04 
3.075560e-04 
3.300501e-04 
3.521519e-04 
3.735788e-04 
3.939195e-04 
4.126368e-04 
4.291109e-04 
4.414140e-04 
4.520691e-04 
4.547396e-04 
4.549383e-04 
4.549503e-04 
4.549509e-04 
4.549510e-04 
4.549510e-04 
4.549510e-04 
4.549510e-04 
4.549510e-04 
4.549510e-04 
4.549510e-04 
4.549510e-04 
4.549510e-04 
4.549510e-04 
4.549510e-04 
4.549510e-04 
4.549510e-04 
4.549510e-04 
4.549510e-04 
4.549510e-04 
4.549510e-04 
4.549510e-04 
4.549510e-04 
4.549510e-04 
4.549510e-04 
4.549510e-04 
4.549510e-04 
4.549510e-04 
4.549510e-04 
4.549510e-04 
4.549510e-04 
4.549510e-04 
4.549510e-04 
4.549510e-04 
4.549510e-04 
4.549510e-04 
4.549510e-04 
4.549510e-04 
4.549510e-04 
4.549510e-04 
4.549510e-04 
4.549510e-04 
4.549510e-04 
4.549510e-04 
4.549510e-04 
4.549510e-04 
4.549510e-04 
4.549510e-04 
4.549510e-04 
4.549510e-04 
4.549510e-04 
4.549510e-04 
4.549510e-04 
4.549510e-04 
4.549510e-04 
4.549510e-04 
4.549510e-04 
4.549510e-04 
4.549510e-04 
4.549510e-04 
4.549510e-04 
4.549510e-04 
4.549510e-04 
4.549510e-04 
4.549510e-04 
4.549510e-04 
4.549510e-04 
4.549510e-04 
4.549510e-04 
4.549510e-04 
4.549510e-04 
4.549510e-04 
4.549510e-04 
4.549510e-04 
4.549510e-04 
4.549510e-04 
4.549510e-04 
4.549510e-04 
4.549510e-04 
4.549510e-04 
4.549510e-04 
4.549510e-04 
4.549510e-04 
4.549510e-04 
4.549510e-04 
4.549510e-04 
4.549510e-04 
4.549510e-04 
4.549510e-04 
4.549510e-04 
4.549510e-04 
4.549510e-04 
4.549510e-04 
4.549510e-04 
4.549510e-04 
4.549510e-04 
4.549510e-04 
4.549510e-04 
4.549510e-04 
4.549510e-04 
4.549510e-04 
4.549510e-04 
4.549510e-04 
4.549510e-04 
4.549510e-04 
4.549510e-04 
4.549510e-04 
4.549510e-04 
4.549510e-04 
4.549510e-04 
4.549510e-04 
4.549510e-04 
4.549510e-04 
4.549510e-04 
4.549510e-04 
4.549510e-04 
4.549510e-04 
4.549510e-04 
4.549510e-04 
4.549510e-04 
4.549510e-04 
4.549510e-04 
4.549510e-04 
4.549510e-04 
4.549510e-04 
4.549510e-04 
4.549510e-04 
4.549510e-04 
4.549510e-04 
4.549510e-04 
4.549510e-04 
4.549510e-04 
4.549510e-04 
4.549510e-04 
4.549510e-04 
4.549510e-04 
4.549510e-04 
4.549510e-04 
4.549510e-04 
4.549510e-04 
4.549510e-04 
4.549510e-04 
4.549510e-04 
4.549510e-04 
4.549510e-04 
4.549510e-04 
4.549510e-04 
4.549510e-04 
4.549510e-04 
4.549510e-04 
4.549510e-04 
4.549510e-04 
4.549510e-04 
4.549510e-04 
4.549510e-04 
4.549510e-04 
4.549510e-04 
4.549510e-04 
4.549510e-04 
4.549510e-04 
4.549510e-04 
4.549510e-04 
4.549510e-04 
4.549510e-04 
4.549510e-04 
4.549510e-04 
4.549510e-04 
4.549510e-04 
4.549510e-04 
4.590507e-04 
4.787725e-04 
4.998887e-04 
5.220557e-04 
5.455015e-04 
5.702683e-04 
5.964736e-04 
6.240807e-04 
6.530120e-04 
6.436304e-04 
6.760745e-04 
7.108136e-04 
7.479687e-04 
7.877320e-04 
8.303409e-04 
8.760493e-04 
9.251369e-04 
9.779196e-04 
1.034735e-03 
1.095886e-03 
1.161766e-03 
1.232848e-03 
1.309670e-03 
1.392824e-03 
1.482977e-03 
1.580878e-03 
1.687393e-03 
1.803422e-03 
1.930152e-03 
2.068781e-03 
2.220164e-03 
2.386962e-03 
2.570545e-03 
2.773057e-03 
2.996973e-03 
3.245165e-03 
3.510944e-03 
3.816680e-03 
4.158236e-03 
4.540911e-03 
4.970992e-03 
5.481213e-03 
6.004802e-03 
6.627850e-03 
7.338343e-03 
8.151742e-03 
9.139352e-03 
1.023119e-02 
1.149988e-02 
1.298219e-02 
1.472417e-02 
1.678406e-02 
1.923616e-02 
2.224385e-02 
2.581881e-02 
3.017638e-02 
3.559155e-02 
4.226338e-02 
5.068333e-02 
6.128820e-02 
7.478025e-02 
9.201652e-02 
1.140019e-01 
1.417527e-01 
1.760212e-01 
2.169353e-01 
2.637918e-01 
3.151990e-01 
3.695745e-01 
4.254366e-01 
4.817256e-01 
5.375642e-01 
5.925009e-01 
6.460854e-01 
6.980471e-01 
7.480014e-01 
7.955327e-01 
8.401002e-01 
8.810114e-01 
9.174217e-01 
9.483629e-01 
9.542108e-01 
9.542111e-01 
9.542111e-01 
9.542111e-01 
9.542111e-01 
9.542111e-01 
9.542111e-01 
9.542111e-01 
9.542111e-01 
9.542111e-01 
9.542111e-01 
9.542111e-01 
9.542111e-01 
9.542111e-01 
9.542111e-01 
9.542111e-01 
9.542111e-01 
9.542111e-01 
9.542111e-01 
9.542111e-01 
9.542111e-01 
9.542111e-01 
9.542111e-01 
9.542111e-01 
9.542111e-01 
9.542111e-01 
9.542111e-01 
9.542111e-01 
9.542111e-01 
9.542111e-01 
9.542111e-01 
9.542111e-01 
9.542111e-01 
9.542111e-01 
9.542111e-01 
9.542111e-01 
9.542111e-01 
9.542111e-01 
9.542111e-01 
9.542111e-01 
9.542111e-01 
9.542111e-01 
9.542111e-01 
9.542111e-01 
9.542111e-01 
9.542111e-01 
9.542111e-01 
9.542111e-01 
9.542111e-01 
9.542111e-01 
9.542111e-01 
9.542111e-01 
9.542111e-01 
9.542111e-01 
9.542111e-01 
9.542111e-01 
9.542111e-01 
9.542111e-01 
9.542111e-01 
9.542111e-01 
9.542111e-01 
9.542111e-01 
9.542111e-01 
9.542111e-01 
9.542111e-01 
9.542111e-01 
9.542111e-01 
9.542111e-01 
9.542111e-01 
9.542111e-01 
9.542111e-01 
9.542111e-01 
9.542111e-01 
9.542111e-01 
9.542111e-01 
9.542111e-01 
9.542111e-01 
9.542111e-01 
9.542111e-01 
9.542111e-01 
9.542111e-01 
9.542111e-01 
9.542111e-01 
9.542111e-01 
9.542111e-01 
9.542111e-01 
9.542111e-01 
9.542111e-01 
9.542111e-01 
9.542111e-01 
9.542111e-01 
9.542111e-01 
9.542111e-01 
9.542111e-01 
9.542111e-01 
9.542111e-01 
9.542111e-01 
9.542111e-01 
9.542111e-01 
9.542111e-01 
9.542111e-01 
9.542111e-01 
9.542111e-01 
9.542111e-01 
9.542111e-01 
9.542111e-01 
9.542111e-01 
9.542111e-01 
9.542111e-01 
9.542111e-01 
9.542111e-01 
9.542111e-01 
9.542111e-01 
9.542111e-01 
9.542111e-01 
9.542111e-01 
9.542111e-01 
9.542111e-01 
9.542111e-01 
9.542111e-01 
9.542111e-01 
9.542111e-01 
9.542111e-01 
9.542111e-01 
9.542111e-01 
9.542111e-01 
9.542111e-01 
9.542111e-01 
9.542111e-01 
9.542111e-01 
9.542111e-01 
9.542111e-01 
9.542111e-01 
9.542111e-01 
9.542111e-01 
9.542111e-01 
9.542111e-01 
9.542111e-01 
9.542111e-01 
9.542111e-01 
9.542111e-01 
9.542111e-01 
9.542111e-01 
9.542111e-01 
9.542111e-01 
9.542111e-01 
9.542111e-01 
9.542111e-01 
9.542111e-01 
9.542111e-01 
9.542111e-01 
9.542111e-01 
9.542111e-01 
9.542111e-01 
9.542111e-01 
9.542111e-01 
9.542111e-01 
9.542111e-01 
9.542111e-01 
9.542111e-01 
9.542111e-01 
9.542111e-01 
9.542111e-01 
9.542111e-01 
9.542111e-01 
9.542111e-01 
9.542111e-01 
9.542111e-01 
9.542111e-01 
9.542122e-01 
9.542164e-01 
9.542198e-01 
9.542225e-01 
9.542246e-01 
9.542264e-01 
9.542278e-01 
9.542291e-01 
9.542302e-01 
9.542311e-01 
9.542320e-01 
9.542327e-01 
9.542334e-01 
9.542340e-01 
9.542346e-01 
9.542351e-01 
9.542356e-01 
9.542361e-01 
9.542366e-01 
9.542370e-01 
9.542374e-01 
9.542378e-01 
9.542381e-01 
9.542383e-01 
9.542384e-01 
9.542385e-01 
9.542386e-01 
9.542386e-01 
9.542386e-01 
9.542386e-01 
9.542386e-01 
9.542385e-01 
9.542384e-01 
9.542384e-01 
9.542383e-01 
9.542382e-01 
9.542381e-01 
9.542380e-01 
9.542379e-01 
9.542378e-01 
9.542377e-01 
9.542376e-01 
9.542375e-01 
9.542374e-01 
9.542373e-01 
9.542372e-01 
9.542371e-01 
9.542370e-01 
9.542369e-01 
9.542368e-01 
9.542368e-01 
9.542367e-01 
9.542366e-01 
9.542365e-01 
9.542364e-01 
9.542363e-01 
9.542362e-01 
9.542362e-01 
9.542361e-01 
9.542360e-01 
9.542359e-01 
9.542359e-01 
9.542358e-01 
9.542357e-01 
9.542357e-01 
9.542356e-01 
9.542355e-01 
9.542355e-01 
9.542354e-01 
9.542353e-01 
9.542353e-01 
9.542352e-01 
9.542352e-01 
9.542351e-01 
9.542350e-01 
9.542350e-01 
9.542349e-01 
9.542349e-01 
9.542348e-01 
9.542348e-01 
9.542347e-01 
9.542347e-01 
9.542347e-01 
9.542347e-01 
9.542347e-01 
9.542347e-01 
9.542347e-01 
9.542347e-01 
9.542347e-01 
9.542347e-01 
9.542347e-01 
9.542347e-01 
9.542347e-01 
9.542347e-01 
9.542347e-01 
9.542347e-01 
9.542347e-01 
9.542347e-01 
9.542347e-01 
9.542347e-01 
9.542347e-01 
9.542347e-01 
9.542347e-01 
9.542347e-01 
9.542347e-01 
9.542347e-01 
9.542347e-01 
9.542347e-01 
9.542347e-01 
9.542347e-01 
9.542347e-01 
9.542347e-01 
9.542347e-01 
9.542347e-01 
9.542347e-01 
9.542347e-01 
9.542347e-01 
9.542347e-01 
9.542347e-01 
9.542347e-01 
9.542347e-01 
9.542347e-01 
9.542347e-01 
9.542347e-01 
9.542347e-01 
9.542347e-01 
9.542347e-01 
9.542347e-01 
9.542347e-01 
9.542347e-01 
9.542347e-01 
9.542347e-01 
9.542347e-01 
9.542347e-01 
9.542347e-01 
9.542347e-01 
9.542347e-01 
9.542347e-01 
9.542347e-01 
9.542347e-01 
9.542347e-01 
9.542347e-01 
9.542347e-01 
9.542347e-01 
9.542347e-01 
9.542347e-01 
9.542347e-01 
9.542347e-01 
9.542347e-01 
9.542347e-01 
9.542347e-01 
9.542347e-01 
9.542347e-01 
9.542347e-01 
9.542347e-01 
9.542347e-01 
9.542347e-01 
9.542347e-01 
9.542347e-01 
9.542347e-01 
9.542347e-01 
9.542347e-01 
9.542347e-01 
9.542347e-01 
9.542347e-01 
9.542347e-01 
9.542347e-01 
9.542347e-01 
9.542347e-01 
9.542347e-01 
9.542347e-01 
9.542347e-01 
9.542347e-01 
9.542347e-01 
9.542347e-01 
9.542347e-01 
9.542347e-01 
9.542347e-01 
9.542347e-01 
9.542347e-01 
9.542347e-01 
9.542347e-01 
9.542347e-01 
9.542347e-01 
9.542347e-01 
9.542347e-01 
9.542347e-01 
9.542347e-01 
9.542347e-01 
9.542347e-01 
9.542347e-01 
9.542347e-01 
9.542347e-01 
9.542347e-01 
9.542347e-01 
9.542347e-01 
9.542347e-01 
9.542347e-01 
9.542347e-01 
9.542347e-01 
9.542347e-01 
9.542347e-01 
9.542347e-01 
9.542347e-01 
9.542347e-01 
9.542347e-01 
9.542347e-01 
9.542347e-01 
9.542347e-01 
9.542347e-01 
9.542347e-01 
9.542347e-01 
9.542347e-01 
9.542347e-01 
9.542347e-01 
9.542347e-01 
9.542347e-01 
9.542347e-01 
9.542347e-01 
9.542347e-01 
9.542347e-01 
9.542347e-01 
9.542347e-01 
9.542347e-01 
9.542347e-01 
9.542347e-01 
9.542347e-01 
9.542347e-01 
9.542347e-01 
9.542347e-01 
9.542347e-01 
9.542347e-01 
9.542347e-01 
9.542347e-01 
9.542347e-01 
9.542347e-01 
9.542347e-01 
9.542347e-01 
9.542347e-01 
9.542347e-01 
9.542347e-01 
9.542347e-01 
9.542347e-01 
9.542347e-01 
9.542347e-01 
9.542347e-01 
9.542347e-01 
9.542347e-01 
9.542347e-01 
9.542347e-01 
9.483869e-01 
9.174339e-01 
8.809714e-01 
8.399221e-01 
7.950600e-01 
7.469496e-01 
6.959080e-01 
6.420079e-01 
5.850103e-01 
5.242924e-01 
4.587535e-01 
3.857415e-01 
3.001407e-01 
1.885044e-01 
2.815731e-02 
7.424216e-03 
2.225665e-03 
1.249503e-03 
8.510307e-04 
6.159957e-04 
4.645879e-04 
3.611324e-04 
2.873920e-04 
2.332650e-04 
1.922117e-04 
1.602218e-04 
1.353623e-04 
1.152192e-04 
9.933513e-05 
8.591440e-05 
7.483199e-05 
6.559562e-05 
5.783179e-05 
5.164395e-05 
4.596379e-05 
4.108911e-05 
3.688504e-05 
3.323948e-05 
3.006226e-05 
2.728025e-05 
2.483369e-05 
2.267339e-05 
2.075864e-05 
1.905549e-05 
1.753548e-05 
1.617467e-05 
1.495275e-05 
1.385247e-05 
1.285910e-05 
1.193573e-05 
1.112323e-05 
1.038424e-05 
9.710684e-06 
9.095539e-06 
8.531722e-06 
8.015926e-06 
7.542256e-06 
7.106513e-06 
6.704436e-06 
6.331656e-06 
5.978963e-06 
5.617824e-06 
5.170089e-06 
4.353000e-06 
3.160849e-06 
2.072303e-06 
1.121143e-06 
2.737541e-07 
-4.627779e-07 
-1.099194e-06 
-1.650245e-06 
-2.124642e-06 
-2.527839e-06 
-2.865418e-06 
-3.155036e-06 
-3.371040e-06 
-3.560495e-06 
-3.700647e-06 
-3.793794e-06 
-3.813255e-06 
-3.825929e-06 
-3.840912e-06 
-3.844422e-06 
-3.845062e-06 
-3.845124e-06 
-3.845129e-06 
-3.845129e-06 
-3.845129e-06 
-3.845129e-06 
-3.845129e-06 
-3.845129e-06 
-3.845129e-06 
-3.845129e-06 
-3.845129e-06 
-3.845129e-06 
-3.845129e-06 
-3.845129e-06 
-3.845129e-06 
-3.845129e-06 
-3.845129e-06 
-3.845129e-06 
-3.845129e-06 
-3.845129e-06 
-3.845129e-06 
-3.845129e-06 
-3.845129e-06 
-3.845129e-06 
-3.845129e-06 
-3.845129e-06 
-3.845129e-06 
-3.845129e-06 
-3.845129e-06 
-3.845129e-06 
-3.845129e-06 
-3.845129e-06 
-3.845129e-06 
-3.845129e-06 
-3.845129e-06 
-3.845129e-06 
-3.845129e-06 
-3.845129e-06 
-3.845129e-06 
-3.845129e-06 
-3.845129e-06 
-3.845129e-06 
-3.845129e-06 
-3.845129e-06 
-3.845129e-06 
-3.845129e-06 
-3.845129e-06 
-3.845129e-06 
-3.845129e-06 
-3.845129e-06 
-3.845129e-06 
-3.845129e-06 
-3.845129e-06 
-3.845129e-06 
-3.845129e-06 
-3.845129e-06 
-3.845129e-06 
-3.845129e-06 
-3.845129e-06 
-3.845129e-06 
-3.845129e-06 
-3.845129e-06 
-3.845129e-06 
-3.845129e-06 
-3.845129e-06 
-3.845129e-06 
-3.845129e-06 
-3.845129e-06 
-3.845129e-06 
-3.845129e-06 
-3.845129e-06 
-3.845129e-06 
-3.845129e-06 
-3.845129e-06 
-3.845129e-06 
-3.845129e-06 
-3.845129e-06 
-3.845129e-06 
-3.845129e-06 
-3.845129e-06 
-3.845129e-06 
-3.845129e-06 
-3.845129e-06 
-3.845129e-06 
-3.845129e-06 
-3.845129e-06 
-3.845129e-06 
-3.845129e-06 
-3.845129e-06 
-3.845129e-06 
-3.845129e-06 
-3.845129e-06 
-3.845129e-06 
-3.845129e-06 
-3.845129e-06 
-3.845129e-06 
-3.845129e-06 
-3.845129e-06 
-3.845129e-06 
-3.845129e-06 
-3.845129e-06 
-3.845129e-06 
-3.845129e-06 
-3.845129e-06 
-3.845129e-06 
-3.845129e-06 
-3.845129e-06 
-3.845129e-06 
-3.845129e-06 
-3.845129e-06 
-3.845129e-06 
-3.845129e-06 
-3.845129e-06 
-3.845129e-06 
-3.845129e-06 
-3.845129e-06 
-3.845129e-06 
-3.845129e-06 
-3.845129e-06 
-3.845129e-06 
-3.845129e-06 
-3.845129e-06 
-3.845129e-06 
-3.845129e-06 
-3.845129e-06 
-3.845129e-06 
-3.845129e-06 
-3.845129e-06 
-3.845129e-06 
-3.845129e-06 
-3.845129e-06 
-3.845129e-06 
-3.845129e-06 
-3.845129e-06 
-3.845129e-06 
-3.845129e-06 
-3.845129e-06 
-3.845129e-06 
-3.845129e-06 
-3.845129e-06 
-3.845129e-06 
-3.845129e-06 
-3.845129e-06 
-3.845129e-06 
-3.845129e-06 
-3.845129e-06 
-3.845129e-06 
-3.845129e-06 
-3.845129e-06 
-3.845129e-06 
-3.845129e-06 
-3.845129e-06 
-3.845129e-06 
-3.845129e-06 
-3.845129e-06 
-3.845129e-06 
-3.845129e-06 
-3.845129e-06 
-3.845129e-06 
-3.845129e-06 
-3.845129e-06 
-3.845129e-06 
-3.845129e-06 
-3.845129e-06 
-3.845129e-06 
-3.845129e-06 
-3.845129e-06 
-3.833266e-06 
-3.775765e-06 
-3.707156e-06 
-3.638932e-06 
-3.566875e-06 
-3.489800e-06 
-3.407918e-06 
-3.320653e-06 
-3.227691e-06 
-3.128628e-06 
-3.022955e-06 
-2.910155e-06 
-2.789659e-06 
-2.660840e-06 
-2.523011e-06 
-2.375416e-06 
-2.217227e-06 
-2.047530e-06 
-1.865319e-06 
-1.669481e-06 
-1.458787e-06 
-1.231878e-06 
-9.872389e-07 
-7.231840e-07 
-4.378765e-07 
-1.293404e-07 
2.049222e-07 
5.674341e-07 
9.550228e-07 
1.382046e-06 
1.846973e-06 
2.353900e-06 
2.907442e-06 
3.512816e-06 
4.175922e-06 
4.903448e-06 
5.544716e-06 
6.406304e-06 
7.356160e-06 
8.404950e-06 
9.565052e-06 
1.085058e-05 
1.227765e-05 
1.386463e-05 
1.563242e-05 
1.804804e-05 
2.030795e-05 
2.283618e-05 
2.566736e-05 
2.883917e-05 
3.239224e-05 
3.636933e-05 
4.081395e-05 
4.601739e-05 
5.153995e-05 
5.763327e-05 
6.436030e-05 
7.159693e-05 
7.935943e-05 
8.760962e-05 
9.630246e-05 
1.054034e-04 
1.149181e-04 
1.249267e-04 
1.355656e-04 
1.468175e-04 
1.586772e-04 
1.711611e-04 
1.843126e-04 
1.982006e-04 
2.129266e-04 
2.285836e-04 
2.453681e-04 
2.633121e-04 
2.825942e-04 
3.032899e-04 
3.253669e-04 
3.479149e-04 
3.716777e-04 
3.952242e-04 
4.172503e-04 
4.223138e-04 
4.224822e-04 
4.224912e-04 
4.224917e-04 
4.224918e-04 
4.224918e-04 
4.224918e-04 
4.224918e-04 
4.224918e-04 
4.224918e-04 
4.224918e-04 
4.224918e-04 
4.224918e-04 
4.224918e-04 
4.224918e-04 
4.224918e-04 
4.224918e-04 
4.224918e-04 
4.224918e-04 
4.224918e-04 
4.224918e-04 
4.224918e-04 
4.224918e-04 
4.224918e-04 
4.224918e-04 
4.224918e-04 
4.224918e-04 
4.224918e-04 
4.224918e-04 
4.224918e-04 
4.224918e-04 
4.224918e-04 
4.224918e-04 
4.224918e-04 
4.224918e-04 
4.224918e-04 
4.224918e-04 
4.224918e-04 
4.224918e-04 
4.224918e-04 
4.224918e-04 
4.224918e-04 
4.224918e-04 
4.224918e-04 
4.224918e-04 
4.224918e-04 
4.224918e-04 
4.224918e-04 
4.224918e-04 
4.224918e-04 
4.224918e-04 
4.224918e-04 
4.224918e-04 
4.224918e-04 
4.224918e-04 
4.224918e-04 
4.224918e-04 
4.224918e-04 
4.224918e-04 
4.224918e-04 
4.224918e-04 
4.224918e-04 
4.224918e-04 
4.224918e-04 
4.224918e-04 
4.224918e-04 
4.224918e-04 
4.224918e-04 
4.224918e-04 
4.224918e-04 
4.224918e-04 
4.224918e-04 
4.224918e-04 
4.224918e-04 
4.224918e-04 
4.224918e-04 
4.224918e-04 
4.224918e-04 
4.224918e-04 
4.224918e-04 
4.224918e-04 
4.224918e-04 
4.224918e-04 
4.224918e-04 
4.224918e-04 
4.224918e-04 
4.224918e-04 
4.224918e-04 
4.224918e-04 
4.224918e-04 
4.224918e-04 
4.224918e-04 
4.224918e-04 
4.224918e-04 
4.224918e-04 
4.224918e-04 
4.224918e-04 
4.224918e-04 
4.224918e-04 
4.224918e-04 
4.224918e-04 
4.224918e-04 
4.224918e-04 
4.224918e-04 
4.224918e-04 
4.224918e-04 
4.224918e-04 
4.224918e-04 
4.224918e-04 
4.224918e-04 
4.224918e-04 
4.224918e-04 
4.224918e-04 
4.224918e-04 
4.224918e-04 
4.224918e-04 
4.224918e-04 
4.224918e-04 
4.224918e-04 
4.224918e-04 
4.224918e-04 
4.224918e-04 
4.224918e-04 
4.224918e-04 
4.224918e-04 
4.224918e-04 
4.224918e-04 
4.224918e-04 
4.224918e-04 
4.224918e-04 
4.224918e-04 
4.224918e-04 
4.224918e-04 
4.224918e-04 
4.224918e-04 
4.224918e-04 
4.224918e-04 
4.224918e-04 
4.224918e-04 
4.224918e-04 
4.224918e-04 
4.224918e-04 
4.224918e-04 
4.224918e-04 
4.224918e-04 
4.224918e-04 
4.224918e-04 
4.224918e-04 
4.224918e-04 
4.224918e-04 
4.224918e-04 
4.224918e-04 
4.224918e-04 
4.224918e-04 
4.224918e-04 
4.224918e-04 
4.224918e-04 
4.224918e-04 
4.224918e-04 
4.224918e-04 
4.224918e-04 
4.224918e-04 
4.224918e-04 
4.224918e-04 
4.224918e-04 
4.224918e-04 
4.224918e-04 
4.224918e-04 
4.224918e-04 
4.263400e-04 
4.448932e-04 
4.650628e-04 
4.861578e-04 
5.085409e-04 
5.323380e-04 
5.576064e-04 
5.844906e-04 
6.131150e-04 
6.436233e-04 
6.761711e-04 
7.109294e-04 
7.480870e-04 
7.878527e-04 
8.304572e-04 
8.761556e-04 
9.252323e-04 
9.780026e-04 
1.034805e-03 
1.095943e-03 
1.161815e-03 
1.232892e-03 
1.309709e-03 
1.392859e-03 
1.483010e-03 
1.580909e-03 
1.687422e-03 
1.803450e-03 
1.930179e-03 
2.068807e-03 
2.220190e-03 
2.386987e-03 
2.570570e-03 
2.773081e-03 
2.996997e-03 
3.245189e-03 
3.510968e-03 
3.816704e-03 
4.158261e-03 
4.540936e-03 
4.971017e-03 
5.481239e-03 
6.004829e-03 
6.627878e-03 
7.338372e-03 
8.151772e-03 
9.139383e-03 
1.023122e-02 
1.149991e-02 
1.298222e-02 
1.472420e-02 
1.678410e-02 
1.923620e-02 
2.224390e-02 
2.581886e-02 
3.017643e-02 
3.559160e-02 
4.226343e-02 
5.068338e-02 
6.128825e-02 
7.478029e-02 
9.201652e-02 
1.140019e-01 
1.417527e-01 
1.760213e-01 
2.169354e-01 
2.637919e-01 
3.151992e-01 
3.695746e-01 
4.254367e-01 
4.817257e-01 
5.375643e-01 
5.925010e-01 
6.460855e-01 
6.980472e-01 
7.480015e-01 
7.955327e-01 
8.401002e-01 
8.810114e-01 
9.174217e-01 
9.483629e-01 
9.542108e-01 
9.542111e-01 
9.542111e-01 
9.542111e-01 
9.542111e-01 
9.542111e-01 
9.542111e-01 
9.542111e-01 
9.542111e-01 
9.542111e-01 
9.542111e-01 
9.542111e-01 
9.542111e-01 
9.542111e-01 
9.542111e-01 
9.542111e-01 
9.542111e-01 
9.542111e-01 
9.542111e-01 
9.542111e-01 
9.542111e-01 
9.542111e-01 
9.542111e-01 
9.542111e-01 
9.542111e-01 
9.542111e-01 
9.542111e-01 
9.542111e-01 
9.542111e-01 
9.542111e-01 
9.542111e-01 
9.542111e-01 
9.542111e-01 
9.542111e-01 
9.542111e-01 
9.542111e-01 
9.542111e-01 
9.542111e-01 
9.542111e-01 
9.542111e-01 
9.542111e-01 
9.542111e-01 
9.542111e-01 
9.542111e-01 
9.542111e-01 
9.542111e-01 
9.542111e-01 
9.542111e-01 
9.542111e-01 
9.542111e-01 
9.542111e-01 
9.542111e-01 
9.542111e-01 
9.542111e-01 
9.542111e-01 
9.542111e-01 
9.542111e-01 
9.542111e-01 
9.542111e-01 
9.542111e-01 
9.542111e-01 
9.542111e-01 
9.542111e-01 
9.542111e-01 
9.542111e-01 
9.542111e-01 
9.542111e-01 
9.542111e-01 
9.542111e-01 
9.542111e-01 
9.542111e-01 
9.542111e-01 
9.542111e-01 
9.542111e-01 
9.542111e-01 
9.542111e-01 
9.542111e-01 
9.542111e-01 
9.542111e-01 
9.542111e-01 
9.542111e-01 
9.542111e-01 
9.542111e-01 
9.542111e-01 
9.542111e-01 
9.542111e-01 
9.542111e-01 
9.542111e-01 
9.542111e-01 
9.542111e-01 
9.542111e-01 
9.542111e-01 
9.542111e-01 
9.542111e-01 
9.542111e-01 
9.542111e-01 
9.542111e-01 
9.542111e-01 
9.542111e-01 
9.542111e-01 
9.542111e-01 
9.542111e-01 
9.542111e-01 
9.542111e-01 
9.542111e-01 
9.542111e-01 
9.542111e-01 
9.542111e-01 
9.542111e-01 
9.542111e-01 
9.542111e-01 
9.542111e-01 
9.542111e-01 
9.542111e-01 
9.542111e-01 
9.542111e-01 
9.542111e-01 
9.542111e-01 
9.542111e-01 
9.542111e-01 
9.542111e-01 
9.542111e-01 
9.542111e-01 
9.542111e-01 
9.542111e-01 
9.542111e-01 
9.542111e-01 
9.542111e-01 
9.542111e-01 
9.542111e-01 
9.542111e-01 
9.542111e-01 
9.542111e-01 
9.542111e-01 
9.542111e-01 
9.542111e-01 
9.542111e-01 
9.542111e-01 
9.542111e-01 
9.542111e-01 
9.542111e-01 
9.542111e-01 
9.542111e-01 
9.542111e-01 
9.542111e-01 
9.542111e-01 
9.542111e-01 
9.542111e-01 
9.542111e-01 
9.542111e-01 
9.542111e-01 
9.542111e-01 
9.542111e-01 
9.542111e-01 
9.542111e-01 
9.542111e-01 
9.542111e-01 
9.542111e-01 
9.542111e-01 
9.542111e-01 
9.542111e-01 
9.542111e-01 
9.542111e-01 
9.542111e-01 
9.542111e-01 
9.542111e-01 
9.542111e-01 
9.542111e-01 
9.542111e-01 
9.542121e-01 
9.542164e-01 
9.542198e-01 
9.542224e-01 
9.542246e-01 
9.542263e-01 
9.542278e-01 
9.542290e-01 
9.542301e-01 
9.542311e-01 
9.542319e-01 
9.542327e-01 
9.542334e-01 
9.542340e-01 
9.542346e-01 
9.542351e-01 
9.542356e-01 
9.542361e-01 
9.542366e-01 
9.542370e-01 
9.542374e-01 
9.542378e-01 
9.542381e-01 
9.542383e-01 
9.542384e-01 
9.542385e-01 
9.542386e-01 
9.542386e-01 
9.542386e-01 
9.542386e-01 
9.542386e-01 
9.542385e-01 
9.542384e-01 
9.542384e-01 
9.542383e-01 
9.542382e-01 
9.542381e-01 
9.542380e-01 
9.542379e-01 
9.542378e-01 
9.542377e-01 
9.542376e-01 
9.542375e-01 
9.542374e-01 
9.542373e-01 
9.542372e-01 
9.542371e-01 
9.542370e-01 
9.542369e-01 
9.542368e-01 
9.542368e-01 
9.542367e-01 
9.542366e-01 
9.542365e-01 
9.542364e-01 
9.542363e-01 
9.542362e-01 
9.542362e-01 
9.542361e-01 
9.542360e-01 
9.542359e-01 
9.542359e-01 
9.542358e-01 
9.542357e-01 
9.542357e-01 
9.542356e-01 
9.542355e-01 
9.542355e-01 
9.542354e-01 
9.542353e-01 
9.542353e-01 
9.542352e-01 
9.542352e-01 
9.542351e-01 
9.542350e-01 
9.542350e-01 
9.542349e-01 
9.542349e-01 
9.542348e-01 
9.542348e-01 
9.542347e-01 
9.542347e-01 
9.542347e-01 
9.542347e-01 
9.542347e-01 
9.542347e-01 
9.542347e-01 
9.542347e-01 
9.542347e-01 
9.542347e-01 
9.542347e-01 
9.542347e-01 
9.542347e-01 
9.542347e-01 
9.542347e-01 
9.542347e-01 
9.542347e-01 
9.542347e-01 
9.542347e-01 
9.542347e-01 
9.542347e-01 
9.542347e-01 
9.542347e-01 
9.542347e-01 
9.542347e-01 
9.542347e-01 
9.542347e-01 
9.542347e-01 
9.542347e-01 
9.542347e-01 
9.542347e-01 
9.542347e-01 
9.542347e-01 
9.542347e-01 
9.542347e-01 
9.542347e-01 
9.542347e-01 
9.542347e-01 
9.542347e-01 
9.542347e-01 
9.542347e-01 
9.542347e-01 
9.542347e-01 
9.542347e-01 
9.542347e-01 
9.542347e-01 
9.542347e-01 
9.542347e-01 
9.542347e-01 
9.542347e-01 
9.542347e-01 
9.542347e-01 
9.542347e-01 
9.542347e-01 
9.542347e-01 
9.542347e-01 
9.542347e-01 
9.542347e-01 
9.542347e-01 
9.542347e-01 
9.542347e-01 
9.542347e-01 
9.542347e-01 
9.542347e-01 
9.542347e-01 
9.542347e-01 
9.542347e-01 
9.542347e-01 
9.542347e-01 
9.542347e-01 
9.542347e-01 
9.542347e-01 
9.542347e-01 
9.542347e-01 
9.542347e-01 
9.542347e-01 
9.542347e-01 
9.542347e-01 
9.542347e-01 
9.542347e-01 
9.542347e-01 
9.542347e-01 
9.542347e-01 
9.542347e-01 
9.542347e-01 
9.542347e-01 
9.542347e-01 
9.542347e-01 
9.542347e-01 
9.542347e-01 
9.542347e-01 
9.542347e-01 
9.542347e-01 
9.542347e-01 
9.542347e-01 
9.542347e-01 
9.542347e-01 
9.542347e-01 
9.542347e-01 
9.542347e-01 
9.542347e-01 
9.542347e-01 
9.542347e-01 
9.542347e-01 
9.542347e-01 
9.542347e-01 
9.542347e-01 
9.542347e-01 
9.542347e-01 
9.542347e-01 
9.542347e-01 
9.542347e-01 
9.542347e-01 
9.542347e-01 
9.542347e-01 
9.542347e-01 
9.542347e-01 
9.542347e-01 
9.542347e-01 
9.542347e-01 
9.542347e-01 
9.542347e-01 
9.542347e-01 
9.542347e-01 
9.542347e-01 
9.542347e-01 
9.542347e-01 
9.542347e-01 
9.542347e-01 
9.542347e-01 
9.542347e-01 
9.542347e-01 
9.542347e-01 
9.542347e-01 
9.542347e-01 
9.542347e-01 
9.542347e-01 
9.542347e-01 
9.542347e-01 
9.542347e-01 
9.542347e-01 
9.542347e-01 
9.542347e-01 
9.542347e-01 
9.542347e-01 
9.542347e-01 
9.542347e-01 
9.542347e-01 
9.542347e-01 
9.542347e-01 
9.542347e-01 
9.542347e-01 
9.542347e-01 
9.542347e-01 
9.542347e-01 
9.542347e-01 
9.542347e-01 
9.542347e-01 
9.542347e-01 
9.542347e-01 
9.542347e-01 
9.542347e-01 
9.542347e-01 
9.542347e-01 
9.542347e-01 
9.542347e-01 
9.542347e-01 
9.542347e-01 
9.542347e-01 
9.542347e-01 
9.483869e-01 
9.174339e-01 
8.809714e-01 
8.399262e-01 
7.950600e-01 
7.469496e-01 
6.959242e-01 
6.420172e-01 
5.850109e-01 
5.242924e-01 
4.587535e-01 
3.857415e-01 
3.001407e-01 
1.885044e-01 
2.815731e-02 
4.849376e-03 
2.021281e-03 
1.248554e-03 
8.510402e-04 
6.159958e-04 
4.645879e-04 
3.611324e-04 
2.873921e-04 
2.332650e-04 
1.922117e-04 
1.602219e-04 
1.353624e-04 
1.152192e-04 
9.933514e-05 
8.591440e-05 
7.483200e-05 
6.559563e-05 
5.783180e-05 
5.164396e-05 
4.596380e-05 
4.108912e-05 
3.688504e-05 
3.323949e-05 
3.006227e-05 
2.728025e-05 
2.483369e-05 
2.267340e-05 
2.075865e-05 
1.905549e-05 
1.753549e-05 
1.617467e-05 
1.495276e-05 
1.385248e-05 
1.285912e-05 
1.193575e-05 
1.112326e-05 
1.038430e-05 
9.710774e-06 
9.095677e-06 
8.531970e-06 
8.016365e-06 
7.543009e-06 
7.108000e-06 
6.707647e-06 
6.338897e-06 
5.999469e-06 
5.688111e-06 
5.404880e-06 
5.144641e-06 
4.914482e-06 
4.674933e-06 
4.451756e-06 
4.242069e-06 
4.046739e-06 
3.865407e-06 
3.695397e-06 
3.535608e-06 
3.386215e-06 
3.247149e-06 
3.112464e-06 
2.993181e-06 
2.872118e-06 
2.758579e-06 
2.652049e-06 
2.556993e-06 
2.460845e-06 
2.438350e-06 
2.437913e-06 
2.437790e-06 
2.437775e-06 
2.437774e-06 
2.437774e-06 
2.437774e-06 
2.437774e-06 
2.437774e-06 
2.437774e-06 
2.437774e-06 
2.437774e-06 
2.437774e-06 
2.437774e-06 
2.437774e-06 
2.437774e-06 
2.437774e-06 
2.437774e-06 
2.437774e-06 
2.437774e-06 
2.437774e-06 
2.437774e-06 
2.437774e-06 
2.437774e-06 
2.437774e-06 
2.437774e-06 
2.437774e-06 
2.437774e-06 
2.437774e-06 
2.437774e-06 
2.437774e-06 
2.437774e-06 
2.437774e-06 
2.437774e-06 
2.437774e-06 
2.437774e-06 
2.437774e-06 
2.437774e-06 
2.437774e-06 
2.437774e-06 
2.437774e-06 
2.437774e-06 
2.437774e-06 
2.437774e-06 
2.437774e-06 
2.437774e-06 
2.437774e-06 
2.437774e-06 
2.437774e-06 
2.437774e-06 
2.437774e-06 
2.437774e-06 
2.437774e-06 
2.437774e-06 
2.437774e-06 
2.437774e-06 
2.437774e-06 
2.437774e-06 
2.437774e-06 
2.437774e-06 
2.437774e-06 
2.437774e-06 
2.437774e-06 
2.437774e-06 
2.437774e-06 
2.437774e-06 
2.437774e-06 
2.437774e-06 
2.437774e-06 
2.437774e-06 
2.437774e-06 
2.437774e-06 
2.437774e-06 
2.437774e-06 
2.437774e-06 
2.437774e-06 
2.437774e-06 
2.437774e-06 
2.437774e-06 
2.437774e-06 
2.437774e-06 
2.437774e-06 
2.437774e-06 
2.437774e-06 
2.437774e-06 
2.437774e-06 
2.437774e-06 
2.437774e-06 
2.437774e-06 
2.437774e-06 
2.437774e-06 
2.437774e-06 
2.437774e-06 
2.437774e-06 
2.437774e-06 
2.437774e-06 
2.437774e-06 
2.437774e-06 
2.437774e-06 
2.437774e-06 
2.437774e-06 
2.437774e-06 
2.437774e-06 
2.437774e-06 
2.437774e-06 
2.437774e-06 
2.437774e-06 
2.437774e-06 
2.437774e-06 
2.437774e-06 
2.437774e-06 
2.437774e-06 
2.437774e-06 
2.437774e-06 
2.437774e-06 
2.437774e-06 
2.437774e-06 
2.437774e-06 
2.437774e-06 
2.437774e-06 
2.437774e-06 
2.437774e-06 
2.437774e-06 
2.437774e-06 
2.437774e-06 
2.437774e-06 
2.437774e-06 
2.437774e-06 
2.437774e-06 
2.437774e-06 
2.437774e-06 
2.437774e-06 
2.437774e-06 
2.437774e-06 
2.437774e-06 
2.437774e-06 
2.437774e-06 
2.437774e-06 
2.437774e-06 
2.437774e-06 
2.437774e-06 
2.437774e-06 
2.437774e-06 
2.437774e-06 
2.437774e-06 
2.437774e-06 
2.437774e-06 
2.437774e-06 
2.437774e-06 
2.437774e-06 
2.437774e-06 
2.437774e-06 
2.437774e-06 
2.437774e-06 
2.437774e-06 
2.437774e-06 
2.437774e-06 
2.437774e-06 
2.437774e-06 
2.437774e-06 
2.437774e-06 
2.437774e-06 
2.437774e-06 
2.437774e-06 
2.437774e-06 
2.437774e-06 
2.437774e-06 
2.437774e-06 
2.437774e-06 
2.448628e-06 
2.502620e-06 
2.579499e-06 
2.648424e-06 
2.721426e-06 
2.796809e-06 
2.875748e-06 
2.958350e-06 
3.044835e-06 
3.135667e-06 
3.230919e-06 
3.330952e-06 
3.436094e-06 
3.546696e-06 
3.663142e-06 
3.785848e-06 
3.915269e-06 
4.051902e-06 
4.196288e-06 
4.349022e-06 
4.510755e-06 
4.682208e-06 
4.864166e-06 
5.057481e-06 
5.263152e-06 
5.481790e-06 
5.715389e-06 
5.958495e-06 
6.224656e-06 
6.509714e-06 
6.815485e-06 
7.144006e-06 
7.497570e-06 
7.878763e-06 
8.197663e-06 
8.634645e-06 
9.108419e-06 
9.623009e-06 
1.018319e-05 
1.079445e-05 
1.146312e-05 
1.237647e-05 
1.320314e-05 
1.411581e-05 
1.512679e-05 
1.625050e-05 
1.750401e-05 
1.890774e-05 
2.048612e-05 
2.226861e-05 
2.429091e-05 
2.676649e-05 
2.944430e-05 
3.253242e-05 
3.611369e-05 
4.028995e-05 
4.534455e-05 
5.125707e-05 
5.818657e-05 
6.639558e-05 
7.613531e-05 
8.765225e-05 
1.011468e-04 
1.167383e-04 
1.344013e-04 
1.537820e-04 
1.744377e-04 
1.959675e-04 
2.180384e-04 
2.404193e-04 
2.629346e-04 
2.855985e-04 
3.079480e-04 
3.304436e-04 
3.525444e-04 
3.739660e-04 
3.942947e-04 
4.113509e-04 
4.279974e-04 
4.418371e-04 
4.524391e-04 
4.549509e-04 
4.551128e-04 
4.551220e-04 
4.551224e-04 
4.551225e-04 
4.551225e-04 
4.551225e-04 
4.551225e-04 
4.551225e-04 
4.551225e-04 
4.551225e-04 
4.551225e-04 
4.551225e-04 
4.551225e-04 
4.551225e-04 
4.551225e-04 
4.551225e-04 
4.551225e-04 
4.551225e-04 
4.551225e-04 
4.551225e-04 
4.551225e-04 
4.551225e-04 
4.551225e-04 
4.551225e-04 
4.551225e-04 
4.551225e-04 
4.551225e-04 
4.551225e-04 
4.551225e-04 
4.551225e-04 
4.551225e-04 
4.551225e-04 
4.551225e-04 
4.551225e-04 
4.551225e-04 
4.551225e-04 
4.551225e-04 
4.551225e-04 
4.551225e-04 
4.551225e-04 
4.551225e-04 
4.551225e-04 
4.551225e-04 
4.551225e-04 
4.551225e-04 
4.551225e-04 
4.551225e-04 
4.551225e-04 
4.551225e-04 
4.551225e-04 
4.551225e-04 
4.551225e-04 
4.551225e-04 
4.551225e-04 
4.551225e-04 
4.551225e-04 
4.551225e-04 
4.551225e-04 
4.551225e-04 
4.551225e-04 
4.551225e-04 
4.551225e-04 
4.551225e-04 
4.551225e-04 
4.551225e-04 
4.551225e-04 
4.551225e-04 
4.551225e-04 
4.551225e-04 
4.551225e-04 
4.551225e-04 
4.551225e-04 
4.551225e-04 
4.551225e-04 
4.551225e-04 
4.551225e-04 
4.551225e-04 
4.551225e-04 
4.551225e-04 
4.551225e-04 
4.551225e-04 
4.551225e-04 
4.551225e-04 
4.551225e-04 
4.551225e-04 
4.551225e-04 
4.551225e-04 
4.551225e-04 
4.551225e-04 
4.551225e-04 
4.551225e-04 
4.551225e-04 
4.551225e-04 
4.551225e-04 
4.551225e-04 
4.551225e-04 
4.551225e-04 
4.551225e-04 
4.551225e-04 
4.551225e-04 
4.551225e-04 
4.551225e-04 
4.551225e-04 
4.551225e-04 
4.551225e-04 
4.551225e-04 
4.551225e-04 
4.551225e-04 
4.551225e-04 
4.551225e-04 
4.551225e-04 
4.551225e-04 
4.551225e-04 
4.551225e-04 
4.551225e-04 
4.551225e-04 
4.551225e-04 
4.551225e-04 
4.551225e-04 
4.551225e-04 
4.551225e-04 
4.551225e-04 
4.551225e-04 
4.551225e-04 
4.551225e-04 
4.551225e-04 
4.551225e-04 
4.551225e-04 
4.551225e-04 
4.551225e-04 
4.551225e-04 
4.551225e-04 
4.551225e-04 
4.551225e-04 
4.551225e-04 
4.551225e-04 
4.551225e-04 
4.551225e-04 
4.551225e-04 
4.551225e-04 
4.551225e-04 
4.551225e-04 
4.551225e-04 
4.551225e-04 
4.551225e-04 
4.551225e-04 
4.551225e-04 
4.551225e-04 
4.551225e-04 
4.551225e-04 
4.551225e-04 
4.551225e-04 
4.551225e-04 
4.551225e-04 
4.551225e-04 
4.551225e-04 
4.551225e-04 
4.551225e-04 
4.551225e-04 
4.551225e-04 
4.551225e-04 
4.551225e-04 
4.551225e-04 
4.551225e-04 
4.551225e-04 
4.551225e-04 
4.551225e-04 
4.551225e-04 
4.592194e-04 
4.789268e-04 
5.000533e-04 
5.222153e-04 
5.456535e-04 
5.704460e-04 
5.966657e-04 
6.242521e-04 
6.531950e-04 
6.437667e-04 
6.761779e-04 
7.109311e-04 
7.480875e-04 
7.878533e-04 
8.304575e-04 
8.761552e-04 
9.252297e-04 
9.779937e-04 
1.034790e-03 
1.095927e-03 
1.161802e-03 
1.232882e-03 
1.309702e-03 
1.392855e-03 
1.483007e-03 
1.580907e-03 
1.687422e-03 
1.803450e-03 
1.930180e-03 
2.068809e-03 
2.220192e-03 
2.386989e-03 
2.570573e-03 
2.773085e-03 
2.997001e-03 
3.245194e-03 
3.510973e-03 
3.816709e-03 
4.158267e-03 
4.540942e-03 
4.971023e-03 
5.481245e-03 
6.004836e-03 
6.627885e-03 
7.338379e-03 
8.151780e-03 
9.087097e-03 
1.016765e-02 
1.149976e-02 
1.298223e-02 
1.472421e-02 
1.678412e-02 
1.923621e-02 
2.217601e-02 
2.581870e-02 
3.017644e-02 
3.559162e-02 
4.226345e-02 
5.068340e-02 
6.128828e-02 
7.478031e-02 
9.201655e-02 
1.140019e-01 
1.417528e-01 
1.760214e-01 
2.169354e-01 
2.637920e-01 
3.151992e-01 
3.695747e-01 
4.254367e-01 
4.817257e-01 
5.375643e-01 
5.925010e-01 
6.460855e-01 
6.980472e-01 
7.480015e-01 
7.955327e-01 
8.400981e-01 
8.810114e-01 
9.174217e-01 
9.483629e-01 
9.542108e-01 
9.542111e-01 
9.542111e-01 
9.542111e-01 
9.542111e-01 
9.542111e-01 
9.542111e-01 
9.542111e-01 
9.542111e-01 
9.542111e-01 
9.542111e-01 
9.542111e-01 
9.542111e-01 
9.542111e-01 
9.542111e-01 
9.542111e-01 
9.542111e-01 
9.542111e-01 
9.542111e-01 
9.542111e-01 
9.542111e-01 
9.542111e-01 
9.542111e-01 
9.542111e-01 
9.542111e-01 
9.542111e-01 
9.542111e-01 
9.542111e-01 
9.542111e-01 
9.542111e-01 
9.542111e-01 
9.542111e-01 
9.542111e-01 
9.542111e-01 
9.542111e-01 
9.542111e-01 
9.542111e-01 
9.542111e-01 
9.542111e-01 
9.542111e-01 
9.542111e-01 
9.542111e-01 
9.542111e-01 
9.542111e-01 
9.542111e-01 
9.542111e-01 
9.542111e-01 
9.542111e-01 
9.542111e-01 
9.542111e-01 
9.542111e-01 
9.542111e-01 
9.542111e-01 
9.542111e-01 
9.542111e-01 
9.542111e-01 
9.542111e-01 
9.542111e-01 
9.542111e-01 
9.542111e-01 
9.542111e-01 
9.542111e-01 
9.542111e-01 
9.542111e-01 
9.542111e-01 
9.542111e-01 
9.542111e-01 
9.542111e-01 
9.542111e-01 
9.542111e-01 
9.542111e-01 
9.542111e-01 
9.542111e-01 
9.542111e-01 
9.542111e-01 
9.542111e-01 
9.542111e-01 
9.542111e-01 
9.542111e-01 
9.542111e-01 
9.542111e-01 
9.542111e-01 
9.542111e-01 
9.542111e-01 
9.542111e-01 
9.542111e-01 
9.542111e-01 
9.542111e-01 
9.542111e-01 
9.542111e-01 
9.542111e-01 
9.542111e-01 
9.542111e-01 
9.542111e-01 
9.542111e-01 
9.542111e-01 
9.542111e-01 
9.542111e-01 
9.542111e-01 
9.542111e-01 
9.542111e-01 
9.542111e-01 
9.542111e-01 
9.542111e-01 
9.542111e-01 
9.542111e-01 
9.542111e-01 
9.542111e-01 
9.542111e-01 
9.542111e-01 
9.542111e-01 
9.542111e-01 
9.542111e-01 
9.542111e-01 
9.542111e-01 
9.542111e-01 
9.542111e-01 
9.542111e-01 
9.542111e-01 
9.542111e-01 
9.542111e-01 
9.542111e-01 
9.542111e-01 
9.542111e-01 
9.542111e-01 
9.542111e-01 
9.542111e-01 
9.542111e-01 
9.542111e-01 
9.542111e-01 
9.542111e-01 
9.542111e-01 
9.542111e-01 
9.542111e-01 
9.542111e-01 
9.542111e-01 
9.542111e-01 
9.542111e-01 
9.542111e-01 
9.542111e-01 
9.542111e-01 
9.542111e-01 
9.542111e-01 
9.542111e-01 
9.542111e-01 
9.542111e-01 
9.542111e-01 
9.542111e-01 
9.542111e-01 
9.542111e-01 
9.542111e-01 
9.542111e-01 
9.542111e-01 
9.542111e-01 
9.542111e-01 
9.542111e-01 
9.542111e-01 
9.542111e-01 
9.542111e-01 
9.542111e-01 
9.542111e-01 
9.542111e-01 
9.542111e-01 
9.542111e-01 
9.542111e-01 
9.542111e-01 
9.542111e-01 
9.542111e-01 
9.542111e-01 
9.542121e-01 
9.542164e-01 
9.542198e-01 
9.542224e-01 
9.542246e-01 
9.542263e-01 
9.542278e-01 
9.542290e-01 
9.542301e-01 
9.542311e-01 
9.542319e-01 
9.542327e-01 
9.542334e-01 
9.542340e-01 
9.542346e-01 
9.542351e-01 
9.542356e-01 
9.542361e-01 
9.542366e-01 
9.542370e-01 
9.542374e-01 
9.542378e-01 
9.542381e-01 
9.542383e-01 
9.542384e-01 
9.542385e-01 
9.542386e-01 
9.542386e-01 
9.542386e-01 
9.542386e-01 
9.542386e-01 
9.542385e-01 
9.542384e-01 
9.542384e-01 
9.542383e-01 
9.542382e-01 
9.542381e-01 
9.542380e-01 
9.542379e-01 
9.542378e-01 
9.542377e-01 
9.542376e-01 
9.542375e-01 
9.542374e-01 
9.542373e-01 
9.542372e-01 
9.542371e-01 
9.542370e-01 
9.542369e-01 
9.542368e-01 
9.542368e-01 
9.542367e-01 
9.542366e-01 
9.542365e-01 
9.542364e-01 
9.542363e-01 
9.542362e-01 
9.542362e-01 
9.542361e-01 
9.542360e-01 
9.542359e-01 
9.542359e-01 
9.542358e-01 
9.542357e-01 
9.542357e-01 
9.542356e-01 
9.542355e-01 
9.542355e-01 
9.542354e-01 
9.542353e-01 
9.542353e-01 
9.542352e-01 
9.542352e-01 
9.542351e-01 
9.542350e-01 
9.542350e-01 
9.542349e-01 
9.542349e-01 
9.542348e-01 
9.542348e-01 
9.542347e-01 
9.542347e-01 
9.542347e-01 
9.542347e-01 
9.542347e-01 
9.542347e-01 
9.542347e-01 
9.542347e-01 
9.542347e-01 
9.542347e-01 
9.542347e-01 
9.542347e-01 
9.542347e-01 
9.542347e-01 
9.542347e-01 
9.542347e-01 
9.542347e-01 
9.542347e-01 
9.542347e-01 
9.542347e-01 
9.542347e-01 
9.542347e-01 
9.542347e-01 
9.542347e-01 
9.542347e-01 
9.542347e-01 
9.542347e-01 
9.542347e-01 
9.542347e-01 
9.542347e-01 
9.542347e-01 
9.542347e-01 
9.542347e-01 
9.542347e-01 
9.542347e-01 
9.542347e-01 
9.542347e-01 
9.542347e-01 
9.542347e-01 
9.542347e-01 
9.542347e-01 
9.542347e-01 
9.542347e-01 
9.542347e-01 
9.542347e-01 
9.542347e-01 
9.542347e-01 
9.542347e-01 
9.542347e-01 
9.542347e-01 
9.542347e-01 
9.542347e-01 
9.542347e-01 
9.542347e-01 
9.542347e-01 
9.542347e-01 
9.542347e-01 
9.542347e-01 
9.542347e-01 
9.542347e-01 
9.542347e-01 
9.542347e-01 
9.542347e-01 
9.542347e-01 
9.542347e-01 
9.542347e-01 
9.542347e-01 
9.542347e-01 
9.542347e-01 
9.542347e-01 
9.542347e-01 
9.542347e-01 
9.542347e-01 
9.542347e-01 
9.542347e-01 
9.542347e-01 
9.542347e-01 
9.542347e-01 
9.542347e-01 
9.542347e-01 
9.542347e-01 
9.542347e-01 
9.542347e-01 
9.542347e-01 
9.542347e-01 
9.542347e-01 
9.542347e-01 
9.542347e-01 
9.542347e-01 
9.542347e-01 
9.542347e-01 
9.542347e-01 
9.542347e-01 
9.542347e-01 
9.542347e-01 
9.542347e-01 
9.542347e-01 
9.542347e-01 
9.542347e-01 
9.542347e-01 
9.542347e-01 
9.542347e-01 
9.542347e-01 
9.542347e-01 
9.542347e-01 
9.542347e-01 
9.542347e-01 
9.542347e-01 
9.542347e-01 
9.542347e-01 
9.542347e-01 
9.542347e-01 
9.542347e-01 
9.542347e-01 
9.542347e-01 
9.542347e-01 
9.542347e-01 
9.542347e-01 
9.542347e-01 
9.542347e-01 
9.542347e-01 
9.542347e-01 
9.542347e-01 
9.542347e-01 
9.542347e-01 
9.542347e-01 
9.542347e-01 
9.542347e-01 
9.542347e-01 
9.542347e-01 
9.542347e-01 
9.542347e-01 
9.542347e-01 
9.542347e-01 
9.542347e-01 
9.542347e-01 
9.542347e-01 
9.542347e-01 
9.542347e-01 
9.542347e-01 
9.542347e-01 
9.542347e-01 
9.542347e-01 
9.542347e-01 
9.542347e-01 
9.542347e-01 
9.542347e-01 
9.542347e-01 
9.542347e-01 
9.542347e-01 
9.542347e-01 
9.542347e-01 
9.542347e-01 
9.542347e-01 
9.542347e-01 
9.542347e-01 
9.542347e-01 
9.542347e-01 
9.542347e-01 
9.542347e-01 
9.542347e-01 
9.542347e-01 
9.542347e-01 
9.542347e-01 
9.542347e-01 
9.542347e-01 
9.542347e-01 
9.542347e-01 
9.542347e-01 
9.542347e-01 
9.483869e-01 
9.174339e-01 
8.809714e-01 
8.399262e-01 
7.950600e-01 
7.469496e-01 
6.959242e-01 
6.420172e-01 
5.850218e-01 
5.242924e-01 
4.586433e-01 
3.857414e-01 
3.001407e-01 
1.897419e-01 
2.818596e-02 
4.850351e-03 
2.021281e-03 
1.248554e-03 
8.510401e-04 
6.159957e-04 
4.645879e-04 
3.611324e-04 
2.873920e-04 
2.332650e-04 
1.922117e-04 
1.602218e-04 
1.353623e-04 
1.152192e-04 
9.933513e-05 
8.591440e-05 
7.483199e-05 
6.559562e-05 
5.783179e-05 
5.164395e-05 
4.596379e-05 
4.108911e-05 
3.688504e-05 
3.323948e-05 
3.006226e-05 
2.728025e-05 
2.483369e-05 
2.267339e-05 
2.075864e-05 
1.905549e-05 
1.753548e-05 
1.617467e-05 
1.495275e-05 
1.385247e-05 
1.283106e-05 
1.193573e-05 
1.112322e-05 
1.038424e-05 
9.710684e-06 
9.095539e-06 
8.531722e-06 
8.015926e-06 
7.542256e-06 
7.106513e-06 
6.704436e-06 
6.331656e-06 
5.978963e-06 
5.617824e-06 
5.170089e-06 
4.353001e-06 
3.160809e-06 
2.072303e-06 
1.121143e-06 
2.737541e-07 
-4.627779e-07 
-1.099194e-06 
-1.650245e-06 
-2.124642e-06 
-2.527839e-06 
-2.865418e-06 
-3.155036e-06 
-3.371040e-06 
-3.560495e-06 
-3.700647e-06 
-3.793794e-06 
-3.813255e-06 
-3.825929e-06 
-3.840912e-06 
-3.844422e-06 
-3.845062e-06 
-3.845124e-06 
-3.845129e-06 
-3.845129e-06 
-3.845129e-06 
-3.845129e-06 
-3.845129e-06 
-3.845129e-06 
-3.845129e-06 
-3.845129e-06 
-3.845129e-06 
-3.845129e-06 
-3.845129e-06 
-3.845129e-06 
-3.845129e-06 
-3.845129e-06 
-3.845129e-06 
-3.845129e-06 
-3.845129e-06 
-3.845129e-06 
-3.845129e-06 
-3.845129e-06 
-3.845129e-06 
-3.845129e-06 
-3.845129e-06 
-3.845129e-06 
-3.845129e-06 
-3.845129e-06 
-3.845129e-06 
-3.845129e-06 
-3.845129e-06 
-3.845129e-06 
-3.845129e-06 
-3.845129e-06 
-3.845129e-06 
-3.845129e-06 
-3.845129e-06 
-3.845129e-06 
-3.845129e-06 
-3.845129e-06 
-3.845129e-06 
-3.845129e-06 
-3.845129e-06 
-3.845129e-06 
-3.845129e-06 
-3.845129e-06 
-3.845129e-06 
-3.845129e-06 
-3.845129e-06 
-3.845129e-06 
-3.845129e-06 
-3.845129e-06 
-3.845129e-06 
-3.845129e-06 
-3.845129e-06 
-3.845129e-06 
-3.845129e-06 
-3.845129e-06 
-3.845129e-06 
-3.845129e-06 
-3.845129e-06 
-3.845129e-06 
-3.845129e-06 
-3.845129e-06 
-3.845129e-06 
-3.845129e-06 
-3.845129e-06 
-3.845129e-06 
-3.845129e-06 
-3.845129e-06 
-3.845129e-06 
-3.845129e-06 
-3.845129e-06 
-3.845129e-06 
-3.845129e-06 
-3.845129e-06 
-3.845129e-06 
-3.845129e-06 
-3.845129e-06 
-3.845129e-06 
-3.845129e-06 
-3.845129e-06 
-3.845129e-06 
-3.845129e-06 
-3.845129e-06 
-3.845129e-06 
-3.845129e-06 
-3.845129e-06 
-3.845129e-06 
-3.845129e-06 
-3.845129e-06 
-3.845129e-06 
-3.845129e-06 
-3.845129e-06 
-3.845129e-06 
-3.845129e-06 
-3.845129e-06 
-3.845129e-06 
-3.845129e-06 
-3.845129e-06 
-3.845129e-06 
-3.845129e-06 
-3.845129e-06 
-3.845129e-06 
-3.845129e-06 
-3.845129e-06 
-3.845129e-06 
-3.845129e-06 
-3.845129e-06 
-3.845129e-06 
-3.845129e-06 
-3.845129e-06 
-3.845129e-06 
-3.845129e-06 
-3.845129e-06 
-3.845129e-06 
-3.845129e-06 
-3.845129e-06 
-3.845129e-06 
-3.845129e-06 
-3.845129e-06 
-3.845129e-06 
-3.845129e-06 
-3.845129e-06 
-3.845129e-06 
-3.845129e-06 
-3.845129e-06 
-3.845129e-06 
-3.845129e-06 
-3.845129e-06 
-3.845129e-06 
-3.845129e-06 
-3.845129e-06 
-3.845129e-06 
-3.845129e-06 
-3.845129e-06 
-3.845129e-06 
-3.845129e-06 
-3.845129e-06 
-3.845129e-06 
-3.845129e-06 
-3.845129e-06 
-3.845129e-06 
-3.845129e-06 
-3.845129e-06 
-3.845129e-06 
-3.845129e-06 
-3.845129e-06 
-3.845129e-06 
-3.845129e-06 
-3.845129e-06 
-3.845129e-06 
-3.845129e-06 
-3.845129e-06 
-3.845129e-06 
-3.845129e-06 
-3.845129e-06 
-3.845129e-06 
-3.845129e-06 
-3.845129e-06 
-3.845129e-06 
-3.845129e-06 
-3.845129e-06 
-3.845129e-06 
-3.845129e-06 
-3.845129e-06 
-3.845129e-06 
-3.833266e-06 
-3.775765e-06 
-3.707156e-06 
-3.638932e-06 
-3.566875e-06 
-3.489800e-06 
-3.407918e-06 
-3.320653e-06 
-3.227590e-06 
-3.128617e-06 
-3.022955e-06 
-2.910155e-06 
-2.789659e-06 
-2.660840e-06 
-2.523011e-06 
-2.375416e-06 
-2.217227e-06 
-2.047530e-06 
-1.865319e-06 
-1.669481e-06 
-1.458787e-06 
-1.231878e-06 
-9.872389e-07 
-7.231840e-07 
-4.378765e-07 
-1.293404e-07 
2.049222e-07 
5.674341e-07 
9.550228e-07 
1.382046e-06 
1.846973e-06 
2.353900e-06 
2.907442e-06 
3.512816e-06 
4.175922e-06 
4.903448e-06 
5.544716e-06 
6.406304e-06 
7.356160e-06 
8.404950e-06 
9.565052e-06 
1.085058e-05 
1.227765e-05 
1.386463e-05 
1.602634e-05 
1.804837e-05 
2.030795e-05 
2.283618e-05 
2.566736e-05 
2.883917e-05 
3.239224e-05 
3.636933e-05 
4.081395e-05 
4.601739e-05 
5.153995e-05 
5.763327e-05 
6.436030e-05 
7.160274e-05 
7.935946e-05 
8.760962e-05 
9.630246e-05 
1.054034e-04 
1.149192e-04 
1.249267e-04 
1.355656e-04 
1.468172e-04 
1.586767e-04 
1.711611e-04 
1.843126e-04 
1.982006e-04 
2.129266e-04 
2.285836e-04 
2.453681e-04 
2.633121e-04 
2.825942e-04 
3.032899e-04 
3.253669e-04 
3.479149e-04 
3.716777e-04 
3.952242e-04 
4.172503e-04 
4.223138e-04 
4.224822e-04 
4.224912e-04 
4.224917e-04 
4.224918e-04 
4.224918e-04 
4.224918e-04 
4.224918e-04 
4.224918e-04 
4.224918e-04 
4.224918e-04 
4.224918e-04 
4.224918e-04 
4.224918e-04 
4.224918e-04 
4.224918e-04 
4.224918e-04 
4.224918e-04 
4.224918e-04 
4.224918e-04 
4.224918e-04 
4.224918e-04 
4.224918e-04 
4.224918e-04 
4.224918e-04 
4.224918e-04 
4.224918e-04 
4.224918e-04 
4.224918e-04 
4.224918e-04 
4.224918e-04 
4.224918e-04 
4.224918e-04 
4.224918e-04 
4.224918e-04 
4.224918e-04 
4.224918e-04 
4.224918e-04 
4.224918e-04 
4.224918e-04 
4.224918e-04 
4.224918e-04 
4.224918e-04 
4.224918e-04 
4.224918e-04 
4.224918e-04 
4.224918e-04 
4.224918e-04 
4.224918e-04 
4.224918e-04 
4.224918e-04 
4.224918e-04 
4.224918e-04 
4.224918e-04 
4.224918e-04 
4.224918e-04 
4.224918e-04 
4.224918e-04 
4.224918e-04 
4.224918e-04 
4.224918e-04 
4.224918e-04 
4.224918e-04 
4.224918e-04 
4.224918e-04 
4.224918e-04 
4.224918e-04 
4.224918e-04 
4.224918e-04 
4.224918e-04 
4.224918e-04 
4.224918e-04 
4.224918e-04 
4.224918e-04 
4.224918e-04 
4.224918e-04 
4.224918e-04 
4.224918e-04 
4.224918e-04 
4.224918e-04 
4.224918e-04 
4.224918e-04 
4.224918e-04 
4.224918e-04 
4.224918e-04 
4.224918e-04 
4.224918e-04 
4.224918e-04 
4.224918e-04 
4.224918e-04 
4.224918e-04 
4.224918e-04 
4.224918e-04 
4.224918e-04 
4.224918e-04 
4.224918e-04 
4.224918e-04 
4.224918e-04 
4.224918e-04 
4.224918e-04 
4.224918e-04 
4.224918e-04 
4.224918e-04 
4.224918e-04 
4.224918e-04 
4.224918e-04 
4.224918e-04 
4.224918e-04 
4.224918e-04 
4.224918e-04 
4.224918e-04 
4.224918e-04 
4.224918e-04 
4.224918e-04 
4.224918e-04 
4.224918e-04 
4.224918e-04 
4.224918e-04 
4.224918e-04 
4.224918e-04 
4.224918e-04 
4.224918e-04 
4.224918e-04 
4.224918e-04 
4.224918e-04 
4.224918e-04 
4.224918e-04 
4.224918e-04 
4.224918e-04 
4.224918e-04 
4.224918e-04 
4.224918e-04 
4.224918e-04 
4.224918e-04 
4.224918e-04 
4.224918e-04 
4.224918e-04 
4.224918e-04 
4.224918e-04 
4.224918e-04 
4.224918e-04 
4.224918e-04 
4.224918e-04 
4.224918e-04 
4.224918e-04 
4.224918e-04 
4.224918e-04 
4.224918e-04 
4.224918e-04 
4.224918e-04 
4.224918e-04 
4.224918e-04 
4.224918e-04 
4.224918e-04 
4.224918e-04 
4.224918e-04 
4.224918e-04 
4.224918e-04 
4.224918e-04 
4.224918e-04 
4.224918e-04 
4.224918e-04 
4.224918e-04 
4.224918e-04 
4.224918e-04 
4.224918e-04 
4.224918e-04 
4.224918e-04 
4.224918e-04 
4.263400e-04 
4.448932e-04 
4.650628e-04 
4.861578e-04 
5.085409e-04 
5.323380e-04 
5.576064e-04 
5.844906e-04 
6.131150e-04 
6.436233e-04 
6.761711e-04 
7.109294e-04 
7.480870e-04 
7.878527e-04 
8.304572e-04 
8.761557e-04 
9.252323e-04 
9.780026e-04 
1.034805e-03 
1.095943e-03 
1.161815e-03 
1.232892e-03 
1.309709e-03 
1.392859e-03 
1.483010e-03 
1.580909e-03 
1.687422e-03 
1.803450e-03 
1.930179e-03 
2.068807e-03 
2.220190e-03 
2.386987e-03 
2.570570e-03 
2.773081e-03 
2.996997e-03 
3.245189e-03 
3.510968e-03 
3.816704e-03 
4.158261e-03 
4.540936e-03 
4.971017e-03 
5.481239e-03 
6.004829e-03 
6.627878e-03 
7.338372e-03 
8.151772e-03 
9.087089e-03 
1.016764e-02 
1.149975e-02 
1.298222e-02 
1.472420e-02 
1.678410e-02 
1.923620e-02 
2.217600e-02 
2.581868e-02 
3.017643e-02 
3.559160e-02 
4.226343e-02 
5.068338e-02 
6.128825e-02 
7.478029e-02 
9.201652e-02 
1.140019e-01 
1.417527e-01 
1.760213e-01 
2.169354e-01 
2.637919e-01 
3.151992e-01 
3.695746e-01 
4.254367e-01 
4.817257e-01 
5.375643e-01 
5.925010e-01 
6.460855e-01 
6.980472e-01 
7.480015e-01 
7.955327e-01 
8.401002e-01 
8.810114e-01 
9.174217e-01 
9.483629e-01 
9.542108e-01 
9.542111e-01 
9.542111e-01 
9.542111e-01 
9.542111e-01 
9.542111e-01 
9.542111e-01 
9.542111e-01 
9.542111e-01 
9.542111e-01 
9.542111e-01 
9.542111e-01 
9.542111e-01 
9.542111e-01 
9.542111e-01 
9.542111e-01 
9.542111e-01 
9.542111e-01 
9.542111e-01 
9.542111e-01 
9.542111e-01 
9.542111e-01 
9.542111e-01 
9.542111e-01 
9.542111e-01 
9.542111e-01 
9.542111e-01 
9.542111e-01 
9.542111e-01 
9.542111e-01 
9.542111e-01 
9.542111e-01 
9.542111e-01 
9.542111e-01 
9.542111e-01 
9.542111e-01 
9.542111e-01 
9.542111e-01 
9.542111e-01 
9.542111e-01 
9.542111e-01 
9.542111e-01 
9.542111e-01 
9.542111e-01 
9.542111e-01 
9.542111e-01 
9.542111e-01 
9.542111e-01 
9.542111e-01 
9.542111e-01 
9.542111e-01 
9.542111e-01 
9.542111e-01 
9.542111e-01 
9.542111e-01 
9.542111e-01 
9.542111e-01 
9.542111e-01 
9.542111e-01 
9.542111e-01 
9.542111e-01 
9.542111e-01 
9.542111e-01 
9.542111e-01 
9.542111e-01 
9.542111e-01 
9.542111e-01 
9.542111e-01 
9.542111e-01 
9.542111e-01 
9.542111e-01 
9.542111e-01 
9.542111e-01 
9.542111e-01 
9.542111e-01 
9.542111e-01 
9.542111e-01 
9.542111e-01 
9.542111e-01 
9.542111e-01 
9.542111e-01 
9.542111e-01 
9.542111e-01 
9.542111e-01 
9.542111e-01 
9.542111e-01 
9.542111e-01 
9.542111e-01 
9.542111e-01 
9.542111e-01 
9.542111e-01 
9.542111e-01 
9.542111e-01 
9.542111e-01 
9.542111e-01 
9.542111e-01 
9.542111e-01 
9.542111e-01 
9.542111e-01 
9.542111e-01 
9.542111e-01 
9.542111e-01 
9.542111e-01 
9.542111e-01 
9.542111e-01 
9.542111e-01 
9.542111e-01 
9.542111e-01 
9.542111e-01 
9.542111e-01 
9.542111e-01 
9.542111e-01 
9.542111e-01 
9.542111e-01 
9.542111e-01 
9.542111e-01 
9.542111e-01 
9.542111e-01 
9.542111e-01 
9.542111e-01 
9.542111e-01 
9.542111e-01 
9.542111e-01 
9.542111e-01 
9.542111e-01 
9.542111e-01 
9.542111e-01 
9.542111e-01 
9.542111e-01 
9.542111e-01 
9.542111e-01 
9.542111e-01 
9.542111e-01 
9.542111e-01 
9.542111e-01 
9.542111e-01 
9.542111e-01 
9.542111e-01 
9.542111e-01 
9.542111e-01 
9.542111e-01 
9.542111e-01 
9.542111e-01 
9.542111e-01 
9.542111e-01 
9.542111e-01 
9.542111e-01 
9.542111e-01 
9.542111e-01 
9.542111e-01 
9.542111e-01 
9.542111e-01 
9.542111e-01 
9.542111e-01 
9.542111e-01 
9.542111e-01 
9.542111e-01 
9.542111e-01 
9.542111e-01 
9.542111e-01 
9.542111e-01 
9.542111e-01 
9.542111e-01 
9.542111e-01 
9.542111e-01 
9.542111e-01 
9.542111e-01 
9.542111e-01 
9.542111e-01 
9.542121e-01 
9.542164e-01 
9.542198e-01 
9.542224e-01 
9.542246e-01 
9.542263e-01 
9.542278e-01 
9.542290e-01 
9.542301e-01 
9.542311e-01 
9.542319e-01 
9.542327e-01 
9.542334e-01 
9.542340e-01 
9.542346e-01 
9.542351e-01 
9.542356e-01 
9.542361e-01 
9.542366e-01 
9.542370e-01 
9.542374e-01 
9.542378e-01 
9.542381e-01 
9.542383e-01 
9.542384e-01 
9.542385e-01 
9.542386e-01 
9.542386e-01 
9.542386e-01 
9.542386e-01 
9.542386e-01 
9.542385e-01 
9.542384e-01 
9.542384e-01 
9.542383e-01 
9.542382e-01 
9.542381e-01 
9.542380e-01 
9.542379e-01 
9.542378e-01 
9.542377e-01 
9.542376e-01 
9.542375e-01 
9.542374e-01 
9.542373e-01 
9.542372e-01 
9.542371e-01 
9.542370e-01 
9.542369e-01 
9.542368e-01 
9.542368e-01 
9.542367e-01 
9.542366e-01 
9.542365e-01 
9.542364e-01 
9.542363e-01 
9.542362e-01 
9.542362e-01 
9.542361e-01 
9.542360e-01 
9.542359e-01 
9.542359e-01 
9.542358e-01 
9.542357e-01 
9.542357e-01 
9.542356e-01 
9.542355e-01 
9.542355e-01 
9.542354e-01 
9.542353e-01 
9.542353e-01 
9.542352e-01 
9.542352e-01 
9.542351e-01 
9.542350e-01 
9.542350e-01 
9.542349e-01 
9.542349e-01 
9.542348e-01 
9.542348e-01 
9.542347e-01 
9.542347e-01 
9.542347e-01 
9.542347e-01 
9.542347e-01 
9.542347e-01 
9.542347e-01 
9.542347e-01 
9.542347e-01 
9.542347e-01 
9.542347e-01 
9.542347e-01 
9.542347e-01 
9.542347e-01 
9.542347e-01 
9.542347e-01 
9.542347e-01 
9.542347e-01 
9.542347e-01 
9.542347e-01 
9.542347e-01 
9.542347e-01 
9.542347e-01 
9.542347e-01 
9.542347e-01 
9.542347e-01 
9.542347e-01 
9.542347e-01 
9.542347e-01 
9.542347e-01 
9.542347e-01 
9.542347e-01 
9.542347e-01 
9.542347e-01 
9.542347e-01 
9.542347e-01 
9.542347e-01 
9.542347e-01 
9.542347e-01 
9.542347e-01 
9.542347e-01 
9.542347e-01 
9.542347e-01 
9.542347e-01 
9.542347e-01 
9.542347e-01 
9.542347e-01 
9.542347e-01 
9.542347e-01 
9.542347e-01 
9.542347e-01 
9.542347e-01 
9.542347e-01 
9.542347e-01 
9.542347e-01 
9.542347e-01 
9.542347e-01 
9.542347e-01 
9.542347e-01 
9.542347e-01 
9.542347e-01 
9.542347e-01 
9.542347e-01 
9.542347e-01 
9.542347e-01 
9.542347e-01 
9.542347e-01 
9.542347e-01 
9.542347e-01 
9.542347e-01 
9.542347e-01 
9.542347e-01 
9.542347e-01 
9.542347e-01 
9.542347e-01 
9.542347e-01 
9.542347e-01 
9.542347e-01 
9.542347e-01 
9.542347e-01 
9.542347e-01 
9.542347e-01 
9.542347e-01 
9.542347e-01 
9.542347e-01 
9.542347e-01 
9.542347e-01 
9.542347e-01 
9.542347e-01 
9.542347e-01 
9.542347e-01 
9.542347e-01 
9.542347e-01 
9.542347e-01 
9.542347e-01 
9.542347e-01 
9.542347e-01 
9.542347e-01 
9.542347e-01 
9.542347e-01 
9.542347e-01 
9.542347e-01 
9.542347e-01 
9.542347e-01 
9.542347e-01 
9.542347e-01 
9.542347e-01 
9.542347e-01 
9.542347e-01 
9.542347e-01 
9.542347e-01 
9.542347e-01 
9.542347e-01 
9.542347e-01 
9.542347e-01 
9.542347e-01 
9.542347e-01 
9.542347e-01 
9.542347e-01 
9.542347e-01 
9.542347e-01 
9.542347e-01 
9.542347e-01 
9.542347e-01 
9.542347e-01 
9.542347e-01 
9.542347e-01 
9.542347e-01 
9.542347e-01 
9.542347e-01 
9.542347e-01 
9.542347e-01 
9.542347e-01 
9.542347e-01 
9.542347e-01 
9.542347e-01 
9.542347e-01 
9.542347e-01 
9.542347e-01 
9.542347e-01 
9.542347e-01 
9.542347e-01 
9.542347e-01 
9.542347e-01 
9.542347e-01 
9.542347e-01 
9.542347e-01 
9.542347e-01 
9.542347e-01 
9.542347e-01 
9.542347e-01 
9.542347e-01 
9.542347e-01 
9.542347e-01 
9.542347e-01 
9.542347e-01 
9.542347e-01 
9.542347e-01 
9.542347e-01 
9.542347e-01 
9.542347e-01 
9.542347e-01 
9.542347e-01 
9.542347e-01 
9.542347e-01 
9.542347e-01 
9.542347e-01 
9.542347e-01 
9.542347e-01 
9.542347e-01 
9.483869e-01 
9.174339e-01 
8.809714e-01 
8.399221e-01 
7.950600e-01 
7.469496e-01 
6.959080e-01 
6.420079e-01 
5.850103e-01 
5.242924e-01 
4.589509e-01 
3.857417e-01 
3.001407e-01 
1.882094e-01 
2.815023e-02 
4.849076e-03 
2.021256e-03 
1.248542e-03 
8.510252e-04 
6.159936e-04 
4.645870e-04 
3.611320e-04 
2.873919e-04 
2.332649e-04 
1.922117e-04 
1.602218e-04 
1.353623e-04 
1.152192e-04 
9.933514e-05 
8.591441e-05 
7.483200e-05 
6.559563e-05 
5.783180e-05 
5.164396e-05 
4.596380e-05 
4.108912e-05 
3.688504e-05 
3.323949e-05 
3.006227e-05 
2.728025e-05 
2.483369e-05 
2.267340e-05 
2.075865e-05 
1.905549e-05 
1.753549e-05 
1.617468e-05 
1.495276e-05 
1.385248e-05 
1.285912e-05 
1.193576e-05 
1.112327e-05 
1.038430e-05 
9.710776e-06 
9.095680e-06 
8.531977e-06 
8.016374e-06 
7.543023e-06 
7.108046e-06 
6.707764e-06 
6.339151e-06 
6.000011e-06 
5.688688e-06 
5.405962e-06 
5.147254e-06 
4.895151e-06 
4.648559e-06 
4.418753e-06 
4.203224e-06 
4.001625e-06 
3.811328e-06 
3.634716e-06 
3.471000e-06 
3.317722e-06 
3.172967e-06 
3.040855e-06 
2.909077e-06 
2.794187e-06 
2.685652e-06 
2.583047e-06 
2.474902e-06 
2.385170e-06 
2.374191e-06 
2.375919e-06 
2.376098e-06 
2.376114e-06 
2.376115e-06 
2.376115e-06 
2.376115e-06 
2.376115e-06 
2.376115e-06 
2.376115e-06 
2.376115e-06 
2.376115e-06 
2.376115e-06 
2.376115e-06 
2.376115e-06 
2.376115e-06 
2.376115e-06 
2.376115e-06 
2.376115e-06 
2.376115e-06 
2.376115e-06 
2.376115e-06 
2.376115e-06 
2.376115e-06 
2.376115e-06 
2.376115e-06 
2.376115e-06 
2.376115e-06 
2.376115e-06 
2.376115e-06 
2.376115e-06 
2.376115e-06 
2.376115e-06 
2.376115e-06 
2.376115e-06 
2.376115e-06 
2.376115e-06 
2.376115e-06 
2.376115e-06 
2.376115e-06 
2.376115e-06 
2.376115e-06 
2.376115e-06 
2.376115e-06 
2.376115e-06 
2.376115e-06 
2.376115e-06 
2.376115e-06 
2.376115e-06 
2.376115e-06 
2.376115e-06 
2.376115e-06 
2.376115e-06 
2.376115e-06 
2.376115e-06 
2.376115e-06 
2.376115e-06 
2.376115e-06 
2.376115e-06 
2.376115e-06 
2.376115e-06 
2.376115e-06 
2.376115e-06 
2.376115e-06 
2.376115e-06 
2.376115e-06 
2.376115e-06 
2.376115e-06 
2.376115e-06 
2.376115e-06 
2.376115e-06 
2.376115e-06 
2.376115e-06 
2.376115e-06 
2.376115e-06 
2.376115e-06 
2.376115e-06 
2.376115e-06 
2.376115e-06 
2.376115e-06 
2.376115e-06 
2.376115e-06 
2.376115e-06 
2.376115e-06 
2.376115e-06 
2.376115e-06 
2.376115e-06 
2.376115e-06 
2.376115e-06 
2.376115e-06 
2.376115e-06 
2.376115e-06 
2.376115e-06 
2.376115e-06 
2.376115e-06 
2.376115e-06 
2.376115e-06 
2.376115e-06 
2.376115e-06 
2.376115e-06 
2.376115e-06 
2.376115e-06 
2.376115e-06 
2.376115e-06 
2.376115e-06 
2.376115e-06 
2.376115e-06 
2.376115e-06 
2.376115e-06 
2.376115e-06 
2.376115e-06 
2.376115e-06 
2.376115e-06 
2.376115e-06 
2.376115e-06 
2.376115e-06 
2.376115e-06 
2.376115e-06 
2.376115e-06 
2.376115e-06 
2.376115e-06 
2.376115e-06 
2.376115e-06 
2.376115e-06 
2.376115e-06 
2.376115e-06 
2.376115e-06 
2.376115e-06 
2.376115e-06 
2.376115e-06 
2.376115e-06 
2.376115e-06 
2.376115e-06 
2.376115e-06 
2.376115e-06 
2.376115e-06 
2.376115e-06 
2.376115e-06 
2.376115e-06 
2.376115e-06 
2.376115e-06 
2.376115e-06 
2.376115e-06 
2.376115e-06 
2.376115e-06 
2.376115e-06 
2.376115e-06 
2.376115e-06 
2.376115e-06 
2.376115e-06 
2.376115e-06 
2.376115e-06 
2.376115e-06 
2.376115e-06 
2.376115e-06 
2.376115e-06 
2.376115e-06 
2.376115e-06 
2.376115e-06 
2.376115e-06 
2.376115e-06 
2.376115e-06 
2.376115e-06 
2.376115e-06 
2.376115e-06 
2.376115e-06 
2.376115e-06 
2.376115e-06 
2.376115e-06 
2.385670e-06 
2.434663e-06 
2.515643e-06 
2.583709e-06 
2.656230e-06 
2.730714e-06 
2.808759e-06 
2.890408e-06 
2.975876e-06 
3.065727e-06 
3.159935e-06 
3.258888e-06 
3.362913e-06 
3.472362e-06 
3.587615e-06 
3.709087e-06 
3.837230e-06 
3.972538e-06 
4.115552e-06 
4.266863e-06 
4.427119e-06 
4.597037e-06 
4.777400e-06 
4.969052e-06 
5.172996e-06 
5.389772e-06 
5.621493e-06 
5.869022e-06 
6.125894e-06 
6.408782e-06 
6.712283e-06 
7.038426e-06 
7.389497e-06 
7.768073e-06 
8.177072e-06 
8.619804e-06 
8.974675e-06 
9.485220e-06 
1.004136e-05 
1.064835e-05 
1.131248e-05 
1.204107e-05 
1.284260e-05 
1.372701e-05 
1.497533e-05 
1.609406e-05 
1.734197e-05 
1.873967e-05 
2.031157e-05 
2.208706e-05 
2.410179e-05 
2.639915e-05 
2.903226e-05 
3.231749e-05 
3.588854e-05 
4.005330e-05 
4.509452e-05 
5.096742e-05 
5.790744e-05 
6.609947e-05 
7.581716e-05 
8.730531e-05 
1.007716e-04 
1.163576e-04 
1.340158e-04 
1.533945e-04 
1.740555e-04 
1.955817e-04 
2.176548e-04 
2.400378e-04 
2.625542e-04 
2.852181e-04 
3.075560e-04 
3.300501e-04 
3.521519e-04 
3.735788e-04 
3.939195e-04 
4.126368e-04 
4.291109e-04 
4.414140e-04 
4.520691e-04 
4.547396e-04 
4.549383e-04 
4.549503e-04 
4.549509e-04 
4.549510e-04 
4.549510e-04 
4.549510e-04 
4.549510e-04 
4.549510e-04 
4.549510e-04 
4.549510e-04 
4.549510e-04 
4.549510e-04 
4.549510e-04 
4.549510e-04 
4.549510e-04 
4.549510e-04 
4.549510e-04 
4.549510e-04 
4.549510e-04 
4.549510e-04 
4.549510e-04 
4.549510e-04 
4.549510e-04 
4.549510e-04 
4.549510e-04 
4.549510e-04 
4.549510e-04 
4.549510e-04 
4.549510e-04 
4.549510e-04 
4.549510e-04 
4.549510e-04 
4.549510e-04 
4.549510e-04 
4.549510e-04 
4.549510e-04 
4.549510e-04 
4.549510e-04 
4.549510e-04 
4.549510e-04 
4.549510e-04 
4.549510e-04 
4.549510e-04 
4.549510e-04 
4.549510e-04 
4.549510e-04 
4.549510e-04 
4.549510e-04 
4.549510e-04 
4.549510e-04 
4.549510e-04 
4.549510e-04 
4.549510e-04 
4.549510e-04 
4.549510e-04 
4.549510e-04 
4.549510e-04 
4.549510e-04 
4.549510e-04 
4.549510e-04 
4.549510e-04 
4.549510e-04 
4.549510e-04 
4.549510e-04 
4.549510e-04 
4.549510e-04 
4.549510e-04 
4.549510e-04 
4.549510e-04 
4.549510e-04 
4.549510e-04 
4.549510e-04 
4.549510e-04 
4.549510e-04 
4.549510e-04 
4.549510e-04 
4.549510e-04 
4.549510e-04 
4.549510e-04 
4.549510e-04 
4.549510e-04 
4.549510e-04 
4.549510e-04 
4.549510e-04 
4.549510e-04 
4.549510e-04 
4.549510e-04 
4.549510e-04 
4.549510e-04 
4.549510e-04 
4.549510e-04 
4.549510e-04 
4.549510e-04 
4.549510e-04 
4.549510e-04 
4.549510e-04 
4.549510e-04 
4.549510e-04 
4.549510e-04 
4.549510e-04 
4.549510e-04 
4.549510e-04 
4.549510e-04 
4.549510e-04 
4.549510e-04 
4.549510e-04 
4.549510e-04 
4.549510e-04 
4.549510e-04 
4.549510e-04 
4.549510e-04 
4.549510e-04 
4.549510e-04 
4.549510e-04 
4.549510e-04 
4.549510e-04 
4.549510e-04 
4.549510e-04 
4.549510e-04 
4.549510e-04 
4.549510e-04 
4.549510e-04 
4.549510e-04 
4.549510e-04 
4.549510e-04 
4.549510e-04 
4.549510e-04 
4.549510e-04 
4.549510e-04 
4.549510e-04 
4.549510e-04 
4.549510e-04 
4.549510e-04 
4.549510e-04 
4.549510e-04 
4.549510e-04 
4.549510e-04 
4.549510e-04 
4.549510e-04 
4.549510e-04 
4.549510e-04 
4.549510e-04 
4.549510e-04 
4.549510e-04 
4.549510e-04 
4.549510e-04 
4.549510e-04 
4.549510e-04 
4.549510e-04 
4.549510e-04 
4.549510e-04 
4.549510e-04 
4.549510e-04 
4.549510e-04 
4.549510e-04 
4.549510e-04 
4.549510e-04 
4.549510e-04 
4.549510e-04 
4.549510e-04 
4.549510e-04 
4.549510e-04 
4.549510e-04 
4.549510e-04 
4.549510e-04 
4.549510e-04 
4.549510e-04 
4.549510e-04 
4.590507e-04 
4.787725e-04 
4.998887e-04 
5.220557e-04 
5.455015e-04 
5.702683e-04 
5.964736e-04 
6.240807e-04 
6.530120e-04 
6.436304e-04 
6.760745e-04 
7.108136e-04 
7.479687e-04 
7.877320e-04 
8.303409e-04 
8.760493e-04 
9.251369e-04 
9.779196e-04 
1.034735e-03 
1.095886e-03 
1.161766e-03 
1.232848e-03 
1.309670e-03 
1.392824e-03 
1.482977e-03 
1.580878e-03 
1.687393e-03 
1.803422e-03 
1.930152e-03 
2.068781e-03 
2.220164e-03 
2.386962e-03 
2.570545e-03 
2.773057e-03 
2.996973e-03 
3.245165e-03 
3.510944e-03 
3.816680e-03 
4.158236e-03 
4.540911e-03 
4.970992e-03 
5.481213e-03 
6.004802e-03 
6.627850e-03 
7.338343e-03 
8.151742e-03 
9.087058e-03 
1.016761e-02 
1.149971e-02 
1.298219e-02 
1.472417e-02 
1.678406e-02 
1.923616e-02 
2.217595e-02 
2.581863e-02 
3.017638e-02 
3.559155e-02 
4.226338e-02 
5.068333e-02 
6.128820e-02 
7.478025e-02 
9.201652e-02 
1.140019e-01 
1.417527e-01 
1.760212e-01 
2.169353e-01 
2.637918e-01 
3.151990e-01 
3.695745e-01 
4.254366e-01 
4.817256e-01 
5.375642e-01 
5.925009e-01 
6.460854e-01 
6.980471e-01 
7.480014e-01 
7.955327e-01 
8.400981e-01 
8.810114e-01 
9.174217e-01 
9.483629e-01 
9.542108e-01 
9.542111e-01 
9.542111e-01 
9.542111e-01 
9.542111e-01 
9.542111e-01 
9.542111e-01 
9.542111e-01 
9.542111e-01 
9.542111e-01 
9.542111e-01 
9.542111e-01 
9.542111e-01 
9.542111e-01 
9.542111e-01 
9.542111e-01 
9.542111e-01 
9.542111e-01 
9.542111e-01 
9.542111e-01 
9.542111e-01 
9.542111e-01 
9.542111e-01 
9.542111e-01 
9.542111e-01 
9.542111e-01 
9.542111e-01 
9.542111e-01 
9.542111e-01 
9.542111e-01 
9.542111e-01 
9.542111e-01 
9.542111e-01 
9.542111e-01 
9.542111e-01 
9.542111e-01 
9.542111e-01 
9.542111e-01 
9.542111e-01 
9.542111e-01 
9.542111e-01 
9.542111e-01 
9.542111e-01 
9.542111e-01 
9.542111e-01 
9.542111e-01 
9.542111e-01 
9.542111e-01 
9.542111e-01 
9.542111e-01 
9.542111e-01 
9.542111e-01 
9.542111e-01 
9.542111e-01 
9.542111e-01 
9.542111e-01 
9.542111e-01 
9.542111e-01 
9.542111e-01 
9.542111e-01 
9.542111e-01 
9.542111e-01 
9.542111e-01 
9.542111e-01 
9.542111e-01 
9.542111e-01 
9.542111e-01 
9.542111e-01 
9.542111e-01 
9.542111e-01 
9.542111e-01 
9.542111e-01 
9.542111e-01 
9.542111e-01 
9.542111e-01 
9.542111e-01 
9.542111e-01 
9.542111e-01 
9.542111e-01 
9.542111e-01 
9.542111e-01 
9.542111e-01 
9.542111e-01 
9.542111e-01 
9.542111e-01 
9.542111e-01 
9.542111e-01 
9.542111e-01 
9.542111e-01 
9.542111e-01 
9.542111e-01 
9.542111e-01 
9.542111e-01 
9.542111e-01 
9.542111e-01 
9.542111e-01 
9.542111e-01 
9.542111e-01 
9.542111e-01 
9.542111e-01 
9.542111e-01 
9.542111e-01 
9.542111e-01 
9.542111e-01 
9.542111e-01 
9.542111e-01 
9.542111e-01 
9.542111e-01 
9.542111e-01 
9.542111e-01 
9.542111e-01 
9.542111e-01 
9.542111e-01 
9.542111e-01 
9.542111e-01 
9.542111e-01 
9.542111e-01 
9.542111e-01 
9.542111e-01 
9.542111e-01 
9.542111e-01 
9.542111e-01 
9.542111e-01 
9.542111e-01 
9.542111e-01 
9.542111e-01 
9.542111e-01 
9.542111e-01 
9.542111e-01 
9.542111e-01 
9.542111e-01 
9.542111e-01 
9.542111e-01 
9.542111e-01 
9.542111e-01 
9.542111e-01 
9.542111e-01 
9.542111e-01 
9.542111e-01 
9.542111e-01 
9.542111e-01 
9.542111e-01 
9.542111e-01 
9.542111e-01 
9.542111e-01 
9.542111e-01 
9.542111e-01 
9.542111e-01 
9.542111e-01 
9.542111e-01 
9.542111e-01 
9.542111e-01 
9.542111e-01 
9.542111e-01 
9.542111e-01 
9.542111e-01 
9.542111e-01 
9.542111e-01 
9.542111e-01 
9.542111e-01 
9.542111e-01 
9.542111e-01 
9.542111e-01 
9.542111e-01 
9.542111e-01 
9.542111e-01 
9.542111e-01 
9.542111e-01 
9.542111e-01 
9.542122e-01 
9.542164e-01 
9.542198e-01 
9.542225e-01 
9.542246e-01 
9.542264e-01 
9.542278e-01 
9.542291e-01 
9.542302e-01 
9.542311e-01 
9.542320e-01 
9.542327e-01 
9.542334e-01 
9.542340e-01 
9.542346e-01 
9.542351e-01 
9.542356e-01 
9.542361e-01 
9.542366e-01 
9.542370e-01 
9.542374e-01 
9.542378e-01 
9.542381e-01 
9.542383e-01 
9.542384e-01 
9.542385e-01 
9.542386e-01 
9.542386e-01 
9.542386e-01 
9.542386e-01 
9.542386e-01 
9.542385e-01 
9.542384e-01 
9.542384e-01 
9.542383e-01 
9.542382e-01 
9.542381e-01 
9.542380e-01 
9.542379e-01 
9.542378e-01 
9.542377e-01 
9.542376e-01 
9.542375e-01 
9.542374e-01 
9.542373e-01 
9.542372e-01 
9.542371e-01 
9.542370e-01 
9.542369e-01 
9.542368e-01 
9.542368e-01 
9.542367e-01 
9.542366e-01 
9.542365e-01 
9.542364e-01 
9.542363e-01 
9.542362e-01 
9.542362e-01 
9.542361e-01 
9.542360e-01 
9.542359e-01 
9.542359e-01 
9.542358e-01 
9.542357e-01 
9.542357e-01 
9.542356e-01 
9.542355e-01 
9.542355e-01 
9.542354e-01 
9.542353e-01 
9.542353e-01 
9.542352e-01 
9.542352e-01 
9.542351e-01 
9.542350e-01 
9.542350e-01 
9.542349e-01 
9.542349e-01 
9.542348e-01 
9.542348e-01 
9.542347e-01 
9.542347e-01 
9.542347e-01 
9.542347e-01 
9.542347e-01 
9.542347e-01 
9.542347e-01 
9.542347e-01 
9.542347e-01 
9.542347e-01 
9.542347e-01 
9.542347e-01 
9.542347e-01 
9.542347e-01 
9.542347e-01 
9.542347e-01 
9.542347e-01 
9.542347e-01 
9.542347e-01 
9.542347e-01 
9.542347e-01 
9.542347e-01 
9.542347e-01 
9.542347e-01 
9.542347e-01 
9.542347e-01 
9.542347e-01 
9.542347e-01 
9.542347e-01 
9.542347e-01 
9.542347e-01 
9.542347e-01 
9.542347e-01 
9.542347e-01 
9.542347e-01 
9.542347e-01 
9.542347e-01 
9.542347e-01 
9.542347e-01 
9.542347e-01 
9.542347e-01 
9.542347e-01 
9.542347e-01 
9.542347e-01 
9.542347e-01 
9.542347e-01 
9.542347e-01 
9.542347e-01 
9.542347e-01 
9.542347e-01 
9.542347e-01 
9.542347e-01 
9.542347e-01 
9.542347e-01 
9.542347e-01 
9.542347e-01 
9.542347e-01 
9.542347e-01 
9.542347e-01 
9.542347e-01 
9.542347e-01 
9.542347e-01 
9.542347e-01 
9.542347e-01 
9.542347e-01 
9.542347e-01 
9.542347e-01 
9.542347e-01 
9.542347e-01 
9.542347e-01 
9.542347e-01 
9.542347e-01 
9.542347e-01 
9.542347e-01 
9.542347e-01 
9.542347e-01 
9.542347e-01 
9.542347e-01 
9.542347e-01 
9.542347e-01 
9.542347e-01 
9.542347e-01 
9.542347e-01 
9.542347e-01 
9.542347e-01 
9.542347e-01 
9.542347e-01 
9.542347e-01 
9.542347e-01 
9.542347e-01 
9.542347e-01 
9.542347e-01 
9.542347e-01 
9.542347e-01 
9.542347e-01 
9.542347e-01 
9.542347e-01 
9.542347e-01 
9.542347e-01 
9.542347e-01 
9.542347e-01 
9.542347e-01 
9.542347e-01 
9.542347e-01 
9.542347e-01 
9.542347e-01 
9.542347e-01 
9.542347e-01 
9.542347e-01 
9.542347e-01 
9.542347e-01 
9.542347e-01 
9.542347e-01 
9.542347e-01 
9.542347e-01 
9.542347e-01 
9.542347e-01 
9.542347e-01 
9.542347e-01 
9.542347e-01 
9.542347e-01 
9.542347e-01 
9.542347e-01 
9.542347e-01 
9.542347e-01 
9.542347e-01 
9.542347e-01 
9.542347e-01 
9.542347e-01 
9.542347e-01 
9.542347e-01 
9.542347e-01 
9.542347e-01 
9.542347e-01 
9.542347e-01 
9.542347e-01 
9.542347e-01 
9.542347e-01 
9.542347e-01 
9.542347e-01 
9.542347e-01 
9.542347e-01 
9.542347e-01 
9.542347e-01 
9.542347e-01 
9.542347e-01 
9.542347e-01 
9.542347e-01 
9.542347e-01 
9.542347e-01 
9.542347e-01 
9.542347e-01 
9.542347e-01 
9.542347e-01 
9.542347e-01 
9.542347e-01 
9.542347e-01 
9.542347e-01 
9.542347e-01 
9.542347e-01 
9.542347e-01 
9.542347e-01 
9.542347e-01 
9.542347e-01 
9.542347e-01 
9.542347e-01 
9.542347e-01 
9.542347e-01 
9.542347e-01 
9.542347e-01 
9.483869e-01 
9.174339e-01 
8.809714e-01 
8.399221e-01 
7.950600e-01 
7.469496e-01 
6.959080e-01 
6.420079e-01 
5.850103e-01 
5.242924e-01 
4.589509e-01 
3.857417e-01 
3.001408e-01 
1.897419e-01 
2.818596e-02 
4.850351e-03 
2.021281e-03 
1.248554e-03 
8.510304e-04 
6.159957e-04 
4.645879e-04 
3.611324e-04 
2.873920e-04 
2.332650e-04 
1.922117e-04 
1.602218e-04 
1.353623e-04 
1.152192e-04 
9.933513e-05 
8.591440e-05 
7.483199e-05 
6.559562e-05 
5.783179e-05 
5.164395e-05 
4.596379e-05 
4.108911e-05 
3.688504e-05 
3.323948e-05 
3.006226e-05 
2.728025e-05 
2.483369e-05 
2.267339e-05 
2.075864e-05 
1.905549e-05 
1.753548e-05 
1.617467e-05 
1.495275e-05 
1.385247e-05 
1.285910e-05 
1.193573e-05 
1.112323e-05 
1.038424e-05 
9.710684e-06 
9.095539e-06 
8.531722e-06 
8.015926e-06 
7.542256e-06 
7.106513e-06 
6.704436e-06 
6.331656e-06 
5.978963e-06 
5.617824e-06 
5.170089e-06 
4.353000e-06 
3.160849e-06 
2.072303e-06 
1.121143e-06 
2.737541e-07 
-4.627779e-07 
-1.099194e-06 
-1.650245e-06 
-2.124642e-06 
-2.527839e-06 
-2.865418e-06 
-3.155036e-06 
-3.371040e-06 
-3.560495e-06 
-3.700647e-06 
-3.793794e-06 
-3.813255e-06 
-3.825929e-06 
-3.840912e-06 
-3.844422e-06 
-3.845062e-06 
-3.845124e-06 
-3.845129e-06 
-3.845129e-06 
-3.845129e-06 
-3.845129e-06 
-3.845129e-06 
-3.845129e-06 
-3.845129e-06 
-3.845129e-06 
-3.845129e-06 
-3.845129e-06 
-3.845129e-06 
-3.845129e-06 
-3.845129e-06 
-3.845129e-06 
-3.845129e-06 
-3.845129e-06 
-3.845129e-06 
-3.845129e-06 
-3.845129e-06 
-3.845129e-06 
-3.845129e-06 
-3.845129e-06 
-3.845129e-06 
-3.845129e-06 
-3.845129e-06 
-3.845129e-06 
-3.845129e-06 
-3.845129e-06 
-3.845129e-06 
-3.845129e-06 
-3.845129e-06 
-3.845129e-06 
-3.845129e-06 
-3.845129e-06 
-3.845129e-06 
-3.845129e-06 
-3.845129e-06 
-3.845129e-06 
-3.845129e-06 
-3.845129e-06 
-3.845129e-06 
-3.845129e-06 
-3.845129e-06 
-3.845129e-06 
-3.845129e-06 
-3.845129e-06 
-3.845129e-06 
-3.845129e-06 
-3.845129e-06 
-3.845129e-06 
-3.845129e-06 
-3.845129e-06 
-3.845129e-06 
-3.845129e-06 
-3.845129e-06 
-3.845129e-06 
-3.845129e-06 
-3.845129e-06 
-3.845129e-06 
-3.845129e-06 
-3.845129e-06 
-3.845129e-06 
-3.845129e-06 
-3.845129e-06 
-3.845129e-06 
-3.845129e-06 
-3.845129e-06 
-3.845129e-06 
-3.845129e-06 
-3.845129e-06 
-3.845129e-06 
-3.845129e-06 
-3.845129e-06 
-3.845129e-06 
-3.845129e-06 
-3.845129e-06 
-3.845129e-06 
-3.845129e-06 
-3.845129e-06 
-3.845129e-06 
-3.845129e-06 
-3.845129e-06 
-3.845129e-06 
-3.845129e-06 
-3.845129e-06 
-3.845129e-06 
-3.845129e-06 
-3.845129e-06 
-3.845129e-06 
-3.845129e-06 
-3.845129e-06 
-3.845129e-06 
-3.845129e-06 
-3.845129e-06 
-3.845129e-06 
-3.845129e-06 
-3.845129e-06 
-3.845129e-06 
-3.845129e-06 
-3.845129e-06 
-3.845129e-06 
-3.845129e-06 
-3.845129e-06 
-3.845129e-06 
-3.845129e-06 
-3.845129e-06 
-3.845129e-06 
-3.845129e-06 
-3.845129e-06 
-3.845129e-06 
-3.845129e-06 
-3.845129e-06 
-3.845129e-06 
-3.845129e-06 
-3.845129e-06 
-3.845129e-06 
-3.845129e-06 
-3.845129e-06 
-3.845129e-06 
-3.845129e-06 
-3.845129e-06 
-3.845129e-06 
-3.845129e-06 
-3.845129e-06 
-3.845129e-06 
-3.845129e-06 
-3.845129e-06 
-3.845129e-06 
-3.845129e-06 
-3.845129e-06 
-3.845129e-06 
-3.845129e-06 
-3.845129e-06 
-3.845129e-06 
-3.845129e-06 
-3.845129e-06 
-3.845129e-06 
-3.845129e-06 
-3.845129e-06 
-3.845129e-06 
-3.845129e-06 
-3.845129e-06 
-3.845129e-06 
-3.845129e-06 
-3.845129e-06 
-3.845129e-06 
-3.845129e-06 
-3.845129e-06 
-3.845129e-06 
-3.845129e-06 
-3.845129e-06 
-3.845129e-06 
-3.845129e-06 
-3.845129e-06 
-3.845129e-06 
-3.845129e-06 
-3.845129e-06 
-3.845129e-06 
-3.845129e-06 
-3.845129e-06 
-3.845129e-06 
-3.845129e-06 
-3.845129e-06 
-3.845129e-06 
-3.845129e-06 
-3.833266e-06 
-3.775765e-06 
-3.707156e-06 
-3.638932e-06 
-3.566875e-06 
-3.489800e-06 
-3.407918e-06 
-3.320653e-06 
-3.227691e-06 
-3.128628e-06 
-3.022955e-06 
-2.910155e-06 
-2.789659e-06 
-2.660840e-06 
-2.523011e-06 
-2.375416e-06 
-2.217227e-06 
-2.047530e-06 
-1.865319e-06 
-1.669481e-06 
-1.458787e-06 
-1.231878e-06 
-9.872389e-07 
-7.231840e-07 
-4.378765e-07 
-1.293404e-07 
2.049222e-07 
5.674341e-07 
9.550228e-07 
1.382046e-06 
1.846973e-06 
2.353900e-06 
2.907442e-06 
3.512816e-06 
4.175922e-06 
4.903448e-06 
5.544716e-06 
6.406304e-06 
7.356160e-06 
8.404950e-06 
9.565052e-06 
1.085058e-05 
1.227765e-05 
1.386463e-05 
1.563242e-05 
1.804804e-05 
2.030795e-05 
2.283618e-05 
2.566736e-05 
2.883917e-05 
3.239224e-05 
3.636933e-05 
4.081395e-05 
4.601739e-05 
5.153995e-05 
5.763327e-05 
6.436030e-05 
7.159693e-05 
7.935943e-05 
8.760962e-05 
9.630246e-05 
1.054034e-04 
1.149181e-04 
1.249267e-04 
1.355656e-04 
1.468175e-04 
1.586772e-04 
1.711611e-04 
1.843126e-04 
1.982006e-04 
2.129266e-04 
2.285836e-04 
2.453681e-04 
2.633121e-04 
2.825942e-04 
3.032899e-04 
3.253669e-04 
3.479149e-04 
3.716777e-04 
3.952242e-04 
4.172503e-04 
4.223138e-04 
4.224822e-04 
4.224912e-04 
4.224917e-04 
4.224918e-04 
4.224918e-04 
4.224918e-04 
4.224918e-04 
4.224918e-04 
4.224918e-04 
4.224918e-04 
4.224918e-04 
4.224918e-04 
4.224918e-04 
4.224918e-04 
4.224918e-04 
4.224918e-04 
4.224918e-04 
4.224918e-04 
4.224918e-04 
4.224918e-04 
4.224918e-04 
4.224918e-04 
4.224918e-04 
4.224918e-04 
4.224918e-04 
4.224918e-04 
4.224918e-04 
4.224918e-04 
4.224918e-04 
4.224918e-04 
4.224918e-04 
4.224918e-04 
4.224918e-04 
4.224918e-04 
4.224918e-04 
4.224918e-04 
4.224918e-04 
4.224918e-04 
4.224918e-04 
4.224918e-04 
4.224918e-04 
4.224918e-04 
4.224918e-04 
4.224918e-04 
4.224918e-04 
4.224918e-04 
4.224918e-04 
4.224918e-04 
4.224918e-04 
4.224918e-04 
4.224918e-04 
4.224918e-04 
4.224918e-04 
4.224918e-04 
4.224918e-04 
4.224918e-04 
4.224918e-04 
4.224918e-04 
4.224918e-04 
4.224918e-04 
4.224918e-04 
4.224918e-04 
4.224918e-04 
4.224918e-04 
4.224918e-04 
4.224918e-04 
4.224918e-04 
4.224918e-04 
4.224918e-04 
4.224918e-04 
4.224918e-04 
4.224918e-04 
4.224918e-04 
4.224918e-04 
4.224918e-04 
4.224918e-04 
4.224918e-04 
4.224918e-04 
4.224918e-04 
4.224918e-04 
4.224918e-04 
4.224918e-04 
4.224918e-04 
4.224918e-04 
4.224918e-04 
4.224918e-04 
4.224918e-04 
4.224918e-04 
4.224918e-04 
4.224918e-04 
4.224918e-04 
4.224918e-04 
4.224918e-04 
4.224918e-04 
4.224918e-04 
4.224918e-04 
4.224918e-04 
4.224918e-04 
4.224918e-04 
4.224918e-04 
4.224918e-04 
4.224918e-04 
4.224918e-04 
4.224918e-04 
4.224918e-04 
4.224918e-04 
4.224918e-04 
4.224918e-04 
4.224918e-04 
4.224918e-04 
4.224918e-04 
4.224918e-04 
4.224918e-04 
4.224918e-04 
4.224918e-04 
4.224918e-04 
4.224918e-04 
4.224918e-04 
4.224918e-04 
4.224918e-04 
4.224918e-04 
4.224918e-04 
4.224918e-04 
4.224918e-04 
4.224918e-04 
4.224918e-04 
4.224918e-04 
4.224918e-04 
4.224918e-04 
4.224918e-04 
4.224918e-04 
4.224918e-04 
4.224918e-04 
4.224918e-04 
4.224918e-04 
4.224918e-04 
4.224918e-04 
4.224918e-04 
4.224918e-04 
4.224918e-04 
4.224918e-04 
4.224918e-04 
4.224918e-04 
4.224918e-04 
4.224918e-04 
4.224918e-04 
4.224918e-04 
4.224918e-04 
4.224918e-04 
4.224918e-04 
4.224918e-04 
4.224918e-04 
4.224918e-04 
4.224918e-04 
4.224918e-04 
4.224918e-04 
4.224918e-04 
4.224918e-04 
4.224918e-04 
4.224918e-04 
4.224918e-04 
4.224918e-04 
4.224918e-04 
4.224918e-04 
4.224918e-04 
4.224918e-04 
4.224918e-04 
4.224918e-04 
4.263400e-04 
4.448932e-04 
4.650628e-04 
4.861578e-04 
5.085409e-04 
5.323380e-04 
5.576064e-04 
5.844906e-04 
6.131150e-04 
6.436233e-04 
6.761711e-04 
7.109294e-04 
7.480870e-04 
7.878527e-04 
8.304572e-04 
8.761557e-04 
9.252323e-04 
9.780026e-04 
1.034805e-03 
1.095943e-03 
1.161815e-03 
1.232892e-03 
1.309709e-03 
1.392859e-03 
1.483010e-03 
1.580909e-03 
1.687422e-03 
1.803450e-03 
1.930179e-03 
2.068807e-03 
2.220190e-03 
2.386987e-03 
2.570570e-03 
2.773081e-03 
2.996997e-03 
3.245189e-03 
3.510968e-03 
3.816704e-03 
4.158261e-03 
4.540936e-03
#[#TRACE_DATA]
#[#TRACE]
