Running 1 simulations with a radial tolerance of 0.001000
Running simulation 0
design_bus_layout_inputs_icUsed = 5

Io host mando questi al device:
10187 10188 10189 10190 10191 

[7, 4]: Prima: 1796, nel blocco sono 4: array[4]=0
[37, 4]: Prima: 9476, nel blocco sono 4: array[4]=0
[17, 4]: Prima: 4356, nel blocco sono 4: array[4]=0
[27, 4]: Prima: 6916, nel blocco sono 4: array[4]=0
[20, 4]: Prima: 5124, nel blocco sono 4: array[4]=0
[0, 4]: Prima: 4, nel blocco sono 4: array[4]=0
[30, 4]: Prima: 7684, nel blocco sono 4: array[4]=0
[10, 4]: Prima: 2564, nel blocco sono 4: array[4]=0
[12, 4]: Prima: 3076, nel blocco sono 4: array[4]=0
[22, 4]: Prima: 5636, nel blocco sono 4: array[4]=0
[29, 4]: Prima: 7428, nel blocco sono 4: array[4]=0
[9, 4]: Prima: 2308, nel blocco sono 4: array[4]=0
[2, 4]: Prima: 516, nel blocco sono 4: array[4]=0
[28, 4]: Prima: 7172, nel blocco sono 4: array[4]=0
[39, 4]: Prima: 9988, nel blocco sono 4: array[4]=0
[8, 4]: Prima: 2052, nel blocco sono 4: array[4]=0
[32, 4]: Prima: 8196, nel blocco sono 4: array[4]=0
[19, 4]: Prima: 4868, nel blocco sono 4: array[4]=0
[38, 4]: Prima: 9732, nel blocco sono 4: array[4]=0
[18, 4]: Prima: 4612, nel blocco sono 4: array[4]=0
[23, 4]: Prima: 5892, nel blocco sono 4: array[4]=0
[3, 4]: Prima: 772, nel blocco sono 4: array[4]=0
[33, 4]: Prima: 8452, nel blocco sono 4: array[4]=0
[13, 4]: Prima: 3332, nel blocco sono 4: array[4]=0
[24, 4]: Prima: 6148, nel blocco sono 4: array[4]=0
[4, 4]: Prima: 1028, nel blocco sono 4: array[4]=0
[34, 4]: Prima: 8708, nel blocco sono 4: array[4]=0
[14, 4]: Prima: 3588, nel blocco sono 4: array[4]=0
[15, 4]: Prima: 3844, nel blocco sono 4: array[4]=0
[25, 4]: Prima: 6404, nel blocco sono 4: array[4]=0
[5, 4]: Prima: 1284, nel blocco sono 4: array[4]=0
[1, 4]: Prima: 260, nel blocco sono 4: array[4]=0
[31, 4]: Prima: 7940, nel blocco sono 4: array[4]=0
[35, 4]: Prima: 8964, nel blocco sono 4: array[4]=0
[26, 4]: Prima: 6660, nel blocco sono 4: array[4]=0
[21, 4]: Prima: 5380, nel blocco sono 4: array[4]=0
[6, 4]: Prima: 1540, nel blocco sono 4: array[4]=0
[11, 4]: Prima: 2820, nel blocco sono 4: array[4]=0
[36, 4]: Prima: 9220, nel blocco sono 4: array[4]=0
[16, 4]: Prima: 4100, nel blocco sono 4: array[4]=0
[27, 4]: Dopo: 6916, nel blocco sono 4: array[4]=0
[17, 4]: Dopo: 4356, nel blocco sono 4: array[4]=0
[10, 4]: Dopo: 2564, nel blocco sono 4: array[4]=0
[20, 4]: Dopo: 5124, nel blocco sono 4: array[4]=0
[30, 4]: Dopo: 7684, nel blocco sono 4: array[4]=0
[37, 4]: Dopo: 9476, nel blocco sono 4: array[4]=0
[0, 4]: Dopo: 4, nel blocco sono 4: array[4]=0
[7, 4]: Dopo: 1796, nel blocco sono 4: array[4]=0
[22, 4]: Dopo: 5636, nel blocco sono 4: array[4]=0
[12, 4]: Dopo: 3076, nel blocco sono 4: array[4]=0
[29, 4]: Dopo: 7428, nel blocco sono 4: array[4]=0
[9, 4]: Dopo: 2308, nel blocco sono 4: array[4]=0
[2, 4]: Dopo: 516, nel blocco sono 4: array[4]=0
[39, 4]: Dopo: 9988, nel blocco sono 4: array[4]=0
[28, 4]: Dopo: 7172, nel blocco sono 4: array[4]=0
[8, 4]: Dopo: 2052, nel blocco sono 4: array[4]=0
[32, 4]: Dopo: 8196, nel blocco sono 4: array[4]=0
[19, 4]: Dopo: 4868, nel blocco sono 4: array[4]=0
[18, 4]: Dopo: 4612, nel blocco sono 4: array[4]=0
[38, 4]: Dopo: 9732, nel blocco sono 4: array[4]=0
[23, 4]: Dopo: 5892, nel blocco sono 4: array[4]=0
[3, 4]: Dopo: 772, nel blocco sono 4: array[4]=0
[33, 4]: Dopo: 8452, nel blocco sono 4: array[4]=0
[13, 4]: Dopo: 3332, nel blocco sono 4: array[4]=0
[14, 4]: Dopo: 3588, nel blocco sono 4: array[4]=0
[4, 4]: Dopo: 1028, nel blocco sono 4: array[4]=0
[34, 4]: Dopo: 8708, nel blocco sono 4: array[4]=0
[24, 4]: Dopo: 6148, nel blocco sono 4: array[4]=0
[25, 4]: Dopo: 6404, nel blocco sono 4: array[4]=0
[15, 4]: Dopo: 3844, nel blocco sono 4: array[4]=0
[5, 4]: Dopo: 1284, nel blocco sono 4: array[4]=0
[35, 4]: Dopo: 8964, nel blocco sono 4: array[4]=0
[1, 4]: Dopo: 260, nel blocco sono 4: array[4]=0
[31, 4]: Dopo: 7940, nel blocco sono 4: array[4]=0
[21, 4]: Dopo: 5380, nel blocco sono 4: array[4]=0
[11, 4]: Dopo: 2820, nel blocco sono 4: array[4]=0
[16, 4]: Dopo: 4100, nel blocco sono 4: array[4]=0
[6, 4]: Dopo: 1540, nel blocco sono 4: array[4]=0
[36, 4]: Dopo: 9220, nel blocco sono 4: array[4]=0
[26, 4]: Dopo: 6660, nel blocco sono 4: array[4]=0
[17, 0]: Dopo sync: 4352, nel blocco sono 0: array[4]=0
[17, 1]: Dopo sync: 4353, nel blocco sono 1: array[4]=0
[10, 0]: Dopo sync: 2560, nel blocco sono 0: array[4]=0
[17, 2]: Dopo sync: 4354, nel blocco sono 2: array[4]=0
[10, 1]: Dopo sync: 2561, nel blocco sono 1: array[4]=0
[10, 2]: Dopo sync: 2562, nel blocco sono 2: array[4]=0
[17, 3]: Dopo sync: 4355, nel blocco sono 3: array[4]=0
[10, 3]: Dopo sync: 2563, nel blocco sono 3: array[4]=0
[17, 4]: Dopo sync: 4356, nel blocco sono 4: array[4]=0
[17, 5]: Dopo sync: 4357, nel blocco sono 5: array[4]=0
[10, 4]: Dopo sync: 2564, nel blocco sono 4: array[4]=0
[10, 5]: Dopo sync: 2565, nel blocco sono 5: array[4]=0
[27, 0]: Dopo sync: 6912, nel blocco sono 0: array[4]=0
[27, 1]: Dopo sync: 6913, nel blocco sono 1: array[4]=0
[27, 2]: Dopo sync: 6914, nel blocco sono 2: array[4]=0
[27, 3]: Dopo sync: 6915, nel blocco sono 3: array[4]=0
[27, 4]: Dopo sync: 6916, nel blocco sono 4: array[4]=0
[27, 5]: Dopo sync: 6917, nel blocco sono 5: array[4]=0
[20, 0]: Dopo sync: 5120, nel blocco sono 0: array[4]=0
[20, 1]: Dopo sync: 5121, nel blocco sono 1: array[4]=0
[20, 2]: Dopo sync: 5122, nel blocco sono 2: array[4]=0
[20, 3]: Dopo sync: 5123, nel blocco sono 3: array[4]=0
[20, 4]: Dopo sync: 5124, nel blocco sono 4: array[4]=0
[20, 5]: Dopo sync: 5125, nel blocco sono 5: array[4]=0
[30, 0]: Dopo sync: 7680, nel blocco sono 0: array[4]=0
[30, 1]: Dopo sync: 7681, nel blocco sono 1: array[4]=0
[30, 2]: Dopo sync: 7682, nel blocco sono 2: array[4]=0
[30, 3]: Dopo sync: 7683, nel blocco sono 3: array[4]=0
[30, 4]: Dopo sync: 7684, nel blocco sono 4: array[4]=0
[30, 5]: Dopo sync: 7685, nel blocco sono 5: array[4]=0
[0, 0]: Dopo sync: 0, nel blocco sono 0: array[4]=0
[0, 1]: Dopo sync: 1, nel blocco sono 1: array[4]=0
[0, 2]: Dopo sync: 2, nel blocco sono 2: array[4]=0
[0, 3]: Dopo sync: 3, nel blocco sono 3: array[4]=0
[0, 4]: Dopo sync: 4, nel blocco sono 4: array[4]=0
[0, 5]: Dopo sync: 5, nel blocco sono 5: array[4]=0
[12, 0]: Dopo sync: 3072, nel blocco sono 0: array[4]=0
[12, 1]: Dopo sync: 3073, nel blocco sono 1: array[4]=0
[12, 2]: Dopo sync: 3074, nel blocco sono 2: array[4]=0
[12, 3]: Dopo sync: 3075, nel blocco sono 3: array[4]=0
[12, 4]: Dopo sync: 3076, nel blocco sono 4: array[4]=0
[12, 5]: Dopo sync: 3077, nel blocco sono 5: array[4]=0
[22, 0]: Dopo sync: 5632, nel blocco sono 0: array[4]=0
[22, 1]: Dopo sync: 5633, nel blocco sono 1: array[4]=0
[22, 2]: Dopo sync: 5634, nel blocco sono 2: array[4]=0
[22, 3]: Dopo sync: 5635, nel blocco sono 3: array[4]=0
[22, 4]: Dopo sync: 5636, nel blocco sono 4: array[4]=0
[22, 5]: Dopo sync: 5637, nel blocco sono 5: array[4]=0
[37, 0]: Dopo sync: 9472, nel blocco sono 0: array[4]=0
[37, 1]: Dopo sync: 9473, nel blocco sono 1: array[4]=0
[37, 2]: Dopo sync: 9474, nel blocco sono 2: array[4]=0
[37, 3]: Dopo sync: 9475, nel blocco sono 3: array[4]=0
[37, 4]: Dopo sync: 9476, nel blocco sono 4: array[4]=0
[37, 5]: Dopo sync: 9477, nel blocco sono 5: array[4]=0
[7, 0]: Dopo sync: 1792, nel blocco sono 0: array[4]=0
[7, 1]: Dopo sync: 1793, nel blocco sono 1: array[4]=0
[7, 2]: Dopo sync: 1794, nel blocco sono 2: array[4]=0
[7, 3]: Dopo sync: 1795, nel blocco sono 3: array[4]=0
[7, 4]: Dopo sync: 1796, nel blocco sono 4: array[4]=0
[7, 5]: Dopo sync: 1797, nel blocco sono 5: array[4]=0
[29, 0]: Dopo sync: 7424, nel blocco sono 0: array[4]=0
[29, 1]: Dopo sync: 7425, nel blocco sono 1: array[4]=0
[29, 2]: Dopo sync: 7426, nel blocco sono 2: array[4]=0
[29, 3]: Dopo sync: 7427, nel blocco sono 3: array[4]=0
[29, 4]: Dopo sync: 7428, nel blocco sono 4: array[4]=0
[29, 5]: Dopo sync: 7429, nel blocco sono 5: array[4]=0
[9, 0]: Dopo sync: 2304, nel blocco sono 0: array[4]=0
[2, 0]: Dopo sync: 512, nel blocco sono 0: array[4]=0
[9, 1]: Dopo sync: 2305, nel blocco sono 1: array[4]=0
[2, 1]: Dopo sync: 513, nel blocco sono 1: array[4]=0
[9, 2]: Dopo sync: 2306, nel blocco sono 2: array[4]=0
[2, 2]: Dopo sync: 514, nel blocco sono 2: array[4]=0
[9, 3]: Dopo sync: 2307, nel blocco sono 3: array[4]=0
[9, 4]: Dopo sync: 2308, nel blocco sono 4: array[4]=0
[2, 3]: Dopo sync: 515, nel blocco sono 3: array[4]=0
[9, 5]: Dopo sync: 2309, nel blocco sono 5: array[4]=0
[2, 4]: Dopo sync: 516, nel blocco sono 4: array[4]=0
[2, 5]: Dopo sync: 517, nel blocco sono 5: array[4]=0
[28, 0]: Dopo sync: 7168, nel blocco sono 0: array[4]=0
[39, 0]: Dopo sync: 9984, nel blocco sono 0: array[4]=0
[28, 1]: Dopo sync: 7169, nel blocco sono 1: array[4]=0
[39, 1]: Dopo sync: 9985, nel blocco sono 1: array[4]=0
[28, 2]: Dopo sync: 7170, nel blocco sono 2: array[4]=0
[28, 3]: Dopo sync: 7171, nel blocco sono 3: array[4]=0
[39, 2]: Dopo sync: 9986, nel blocco sono 2: array[4]=0
[28, 4]: Dopo sync: 7172, nel blocco sono 4: array[4]=0
[28, 5]: Dopo sync: 7173, nel blocco sono 5: array[4]=0
[39, 3]: Dopo sync: 9987, nel blocco sono 3: array[4]=0
[39, 4]: Dopo sync: 9988, nel blocco sono 4: array[4]=0
[39, 5]: Dopo sync: 9989, nel blocco sono 5: array[4]=0
[23, 0]: Dopo sync: 5888, nel blocco sono 0: array[4]=0
[14, 0]: Dopo sync: 3584, nel blocco sono 0: array[4]=0
[15, 0]: Dopo sync: 3840, nel blocco sono 0: array[4]=0
[18, 0]: Dopo sync: 4608, nel blocco sono 0: array[4]=0
[19, 0]: Dopo sync: 4864, nel blocco sono 0: array[4]=0
[21, 0]: Dopo sync: 5376, nel blocco sono 0: array[4]=0
[23, 1]: Dopo sync: 5889, nel blocco sono 1: array[4]=0
[14, 1]: Dopo sync: 3585, nel blocco sono 1: array[4]=0
[15, 1]: Dopo sync: 3841, nel blocco sono 1: array[4]=0
[18, 1]: Dopo sync: 4609, nel blocco sono 1: array[4]=0
[19, 1]: Dopo sync: 4865, nel blocco sono 1: array[4]=0
[21, 1]: Dopo sync: 5377, nel blocco sono 1: array[4]=0
[23, 2]: Dopo sync: 5890, nel blocco sono 2: array[4]=0
[14, 2]: Dopo sync: 3586, nel blocco sono 2: array[4]=0
[15, 2]: Dopo sync: 3842, nel blocco sono 2: array[4]=0
[16, 0]: Dopo sync: 4096, nel blocco sono 0: array[4]=0
[18, 2]: Dopo sync: 4610, nel blocco sono 2: array[4]=0
[19, 2]: Dopo sync: 4866, nel blocco sono 2: array[4]=0
[21, 2]: Dopo sync: 5378, nel blocco sono 2: array[4]=0
[23, 3]: Dopo sync: 5891, nel blocco sono 3: array[4]=0
[14, 3]: Dopo sync: 3587, nel blocco sono 3: array[4]=0
[15, 3]: Dopo sync: 3843, nel blocco sono 3: array[4]=0
[16, 1]: Dopo sync: 4097, nel blocco sono 1: array[4]=0
[18, 3]: Dopo sync: 4611, nel blocco sono 3: array[4]=0
[19, 3]: Dopo sync: 4867, nel blocco sono 3: array[4]=0
[21, 3]: Dopo sync: 5379, nel blocco sono 3: array[4]=0
[23, 4]: Dopo sync: 5892, nel blocco sono 4: array[4]=0
[14, 4]: Dopo sync: 3588, nel blocco sono 4: array[4]=0
[15, 4]: Dopo sync: 3844, nel blocco sono 4: array[4]=0
[16, 2]: Dopo sync: 4098, nel blocco sono 2: array[4]=0
[18, 4]: Dopo sync: 4612, nel blocco sono 4: array[4]=0
[19, 4]: Dopo sync: 4868, nel blocco sono 4: array[4]=0
[21, 4]: Dopo sync: 5380, nel blocco sono 4: array[4]=0
[32, 0]: Dopo sync: 8192, nel blocco sono 0: array[4]=0
[23, 5]: Dopo sync: 5893, nel blocco sono 5: array[4]=0
[14, 5]: Dopo sync: 3589, nel blocco sono 5: array[4]=0
[15, 5]: Dopo sync: 3845, nel blocco sono 5: array[4]=0
[16, 3]: Dopo sync: 4099, nel blocco sono 3: array[4]=0
[18, 5]: Dopo sync: 4613, nel blocco sono 5: array[4]=0
[19, 5]: Dopo sync: 4869, nel blocco sono 5: array[4]=0
[21, 5]: Dopo sync: 5381, nel blocco sono 5: array[4]=0
[32, 1]: Dopo sync: 8193, nel blocco sono 1: array[4]=0
[13, 0]: Dopo sync: 3328, nel blocco sono 0: array[4]=0
[24, 0]: Dopo sync: 6144, nel blocco sono 0: array[4]=0
[25, 0]: Dopo sync: 6400, nel blocco sono 0: array[4]=0
[16, 4]: Dopo sync: 4100, nel blocco sono 4: array[4]=0
[38, 0]: Dopo sync: 9728, nel blocco sono 0: array[4]=0
[39, 207]: is 10189?
[32, 2]: Dopo sync: 8194, nel blocco sono 2: array[4]=0
[13, 1]: Dopo sync: 3329, nel blocco sono 1: array[4]=0
[24, 1]: Dopo sync: 6145, nel blocco sono 1: array[4]=0
[25, 1]: Dopo sync: 6401, nel blocco sono 1: array[4]=0
[16, 5]: Dopo sync: 4101, nel blocco sono 5: array[4]=0
[38, 1]: Dopo sync: 9729, nel blocco sono 1: array[4]=0
[32, 3]: Dopo sync: 8195, nel blocco sono 3: array[4]=0
[13, 2]: Dopo sync: 3330, nel blocco sono 2: array[4]=0
[24, 2]: Dopo sync: 6146, nel blocco sono 2: array[4]=0
[25, 2]: Dopo sync: 6402, nel blocco sono 2: array[4]=0
[6, 0]: Dopo sync: 1536, nel blocco sono 0: array[4]=0
[38, 2]: Dopo sync: 9730, nel blocco sono 2: array[4]=0
[32, 4]: Dopo sync: 8196, nel blocco sono 4: array[4]=0
[13, 3]: Dopo sync: 3331, nel blocco sono 3: array[4]=0
[24, 3]: Dopo sync: 6147, nel blocco sono 3: array[4]=0
[25, 3]: Dopo sync: 6403, nel blocco sono 3: array[4]=0
[6, 1]: Dopo sync: 1537, nel blocco sono 1: array[4]=0
[38, 3]: Dopo sync: 9731, nel blocco sono 3: array[4]=0
[32, 5]: Dopo sync: 8197, nel blocco sono 5: array[4]=0
[13, 4]: Dopo sync: 3332, nel blocco sono 4: array[4]=0
[24, 4]: Dopo sync: 6148, nel blocco sono 4: array[4]=0
[25, 4]: Dopo sync: 6404, nel blocco sono 4: array[4]=0
[6, 2]: Dopo sync: 1538, nel blocco sono 2: array[4]=0
[38, 4]: Dopo sync: 9732, nel blocco sono 4: array[4]=0
[13, 5]: Dopo sync: 3333, nel blocco sono 5: array[4]=0
[24, 5]: Dopo sync: 6149, nel blocco sono 5: array[4]=0
[25, 5]: Dopo sync: 6405, nel blocco sono 5: array[4]=0
[6, 3]: Dopo sync: 1539, nel blocco sono 3: array[4]=0
[38, 5]: Dopo sync: 9733, nel blocco sono 5: array[4]=0
[33, 0]: Dopo sync: 8448, nel blocco sono 0: array[4]=0
[34, 0]: Dopo sync: 8704, nel blocco sono 0: array[4]=0
[5, 0]: Dopo sync: 1280, nel blocco sono 0: array[4]=0
[6, 4]: Dopo sync: 1540, nel blocco sono 4: array[4]=0
[8, 0]: Dopo sync: 2048, nel blocco sono 0: array[4]=0
[33, 1]: Dopo sync: 8449, nel blocco sono 1: array[4]=0
[33, 2]: Dopo sync: 8450, nel blocco sono 2: array[4]=0
[34, 1]: Dopo sync: 8705, nel blocco sono 1: array[4]=0
[5, 1]: Dopo sync: 1281, nel blocco sono 1: array[4]=0
[6, 5]: Dopo sync: 1541, nel blocco sono 5: array[4]=0
[8, 1]: Dopo sync: 2049, nel blocco sono 1: array[4]=0
[33, 3]: Dopo sync: 8451, nel blocco sono 3: array[4]=0
[34, 2]: Dopo sync: 8706, nel blocco sono 2: array[4]=0
[5, 2]: Dopo sync: 1282, nel blocco sono 2: array[4]=0
[8, 2]: Dopo sync: 2050, nel blocco sono 2: array[4]=0
[1, 0]: Dopo sync: 256, nel blocco sono 0: array[4]=0
[33, 4]: Dopo sync: 8452, nel blocco sono 4: array[4]=0
[34, 3]: Dopo sync: 8707, nel blocco sono 3: array[4]=0
[5, 3]: Dopo sync: 1283, nel blocco sono 3: array[4]=0
[26, 0]: Dopo sync: 6656, nel blocco sono 0: array[4]=0
[8, 3]: Dopo sync: 2051, nel blocco sono 3: array[4]=0
[1, 1]: Dopo sync: 257, nel blocco sono 1: array[4]=0
[33, 5]: Dopo sync: 8453, nel blocco sono 5: array[4]=0
[34, 4]: Dopo sync: 8708, nel blocco sono 4: array[4]=0
[5, 4]: Dopo sync: 1284, nel blocco sono 4: array[4]=0
[26, 1]: Dopo sync: 6657, nel blocco sono 1: array[4]=0
[8, 4]: Dopo sync: 2052, nel blocco sono 4: array[4]=0
[1, 2]: Dopo sync: 258, nel blocco sono 2: array[4]=0
[3, 0]: Dopo sync: 768, nel blocco sono 0: array[4]=0
[34, 5]: Dopo sync: 8709, nel blocco sono 5: array[4]=0
[5, 5]: Dopo sync: 1285, nel blocco sono 5: array[4]=0
[26, 2]: Dopo sync: 6658, nel blocco sono 2: array[4]=0
[8, 5]: Dopo sync: 2053, nel blocco sono 5: array[4]=0
[1, 3]: Dopo sync: 259, nel blocco sono 3: array[4]=0
[3, 1]: Dopo sync: 769, nel blocco sono 1: array[4]=0
[4, 0]: Dopo sync: 1024, nel blocco sono 0: array[4]=0
[35, 0]: Dopo sync: 8960, nel blocco sono 0: array[4]=0
[26, 3]: Dopo sync: 6659, nel blocco sono 3: array[4]=0
[1, 4]: Dopo sync: 260, nel blocco sono 4: array[4]=0
[3, 2]: Dopo sync: 770, nel blocco sono 2: array[4]=0
[4, 1]: Dopo sync: 1025, nel blocco sono 1: array[4]=0
[35, 1]: Dopo sync: 8961, nel blocco sono 1: array[4]=0
[26, 4]: Dopo sync: 6660, nel blocco sono 4: array[4]=0
[1, 5]: Dopo sync: 261, nel blocco sono 5: array[4]=0
[3, 3]: Dopo sync: 771, nel blocco sono 3: array[4]=0
[4, 2]: Dopo sync: 1026, nel blocco sono 2: array[4]=0
[35, 2]: Dopo sync: 8962, nel blocco sono 2: array[4]=0
[26, 5]: Dopo sync: 6661, nel blocco sono 5: array[4]=0
[11, 0]: Dopo sync: 2816, nel blocco sono 0: array[4]=0
[3, 4]: Dopo sync: 772, nel blocco sono 4: array[4]=0
[4, 3]: Dopo sync: 1027, nel blocco sono 3: array[4]=0
[35, 3]: Dopo sync: 8963, nel blocco sono 3: array[4]=0
[36, 0]: Dopo sync: 9216, nel blocco sono 0: array[4]=0
[11, 1]: Dopo sync: 2817, nel blocco sono 1: array[4]=0
[3, 5]: Dopo sync: 773, nel blocco sono 5: array[4]=0
[4, 4]: Dopo sync: 1028, nel blocco sono 4: array[4]=0
[35, 4]: Dopo sync: 8964, nel blocco sono 4: array[4]=0
[36, 1]: Dopo sync: 9217, nel blocco sono 1: array[4]=0
[11, 2]: Dopo sync: 2818, nel blocco sono 2: array[4]=0
[4, 5]: Dopo sync: 1029, nel blocco sono 5: array[4]=0
[35, 5]: Dopo sync: 8965, nel blocco sono 5: array[4]=0
[36, 2]: Dopo sync: 9218, nel blocco sono 2: array[4]=0
[11, 3]: Dopo sync: 2819, nel blocco sono 3: array[4]=0
[36, 3]: Dopo sync: 9219, nel blocco sono 3: array[4]=0
[11, 4]: Dopo sync: 2820, nel blocco sono 4: array[4]=0
[36, 4]: Dopo sync: 9220, nel blocco sono 4: array[4]=0
[11, 5]: Dopo sync: 2821, nel blocco sono 5: array[4]=0
[36, 5]: Dopo sync: 9221, nel blocco sono 5: array[4]=0
[31, 0]: Dopo sync: 7936, nel blocco sono 0: array[4]=0
[31, 1]: Dopo sync: 7937, nel blocco sono 1: array[4]=0
[31, 2]: Dopo sync: 7938, nel blocco sono 2: array[4]=0
[31, 3]: Dopo sync: 7939, nel blocco sono 3: array[4]=0
[31, 4]: Dopo sync: 7940, nel blocco sono 4: array[4]=0
[31, 5]: Dopo sync: 7941, nel blocco sono 5: array[4]=0
[16, 0]: Dopo find: 4096, nel blocco sono 0: array[4]=0
[16, 1]: Dopo find: 4097, nel blocco sono 1: array[4]=0
[16, 2]: Dopo find: 4098, nel blocco sono 2: array[4]=0
[16, 3]: Dopo find: 4099, nel blocco sono 3: array[4]=0
[16, 4]: Dopo find: 4100, nel blocco sono 4: array[4]=0
[16, 5]: Dopo find: 4101, nel blocco sono 5: array[4]=0
[15, 0]: Dopo find: 3840, nel blocco sono 0: array[4]=0
[15, 1]: Dopo find: 3841, nel blocco sono 1: array[4]=0
[15, 2]: Dopo find: 3842, nel blocco sono 2: array[4]=0
[17, 0]: Dopo find: 4352, nel blocco sono 0: array[4]=0
[15, 3]: Dopo find: 3843, nel blocco sono 3: array[4]=0
[17, 1]: Dopo find: 4353, nel blocco sono 1: array[4]=0
[23, 0]: Dopo find: 5888, nel blocco sono 0: array[4]=0
[15, 4]: Dopo find: 3844, nel blocco sono 4: array[4]=0
[23, 1]: Dopo find: 5889, nel blocco sono 1: array[4]=0
[15, 5]: Dopo find: 3845, nel blocco sono 5: array[4]=0
[23, 2]: Dopo find: 5890, nel blocco sono 2: array[4]=0
[23, 3]: Dopo find: 5891, nel blocco sono 3: array[4]=0
[17, 2]: Dopo find: 4354, nel blocco sono 2: array[4]=0
[17, 3]: Dopo find: 4355, nel blocco sono 3: array[4]=0
[17, 4]: Dopo find: 4356, nel blocco sono 4: array[4]=0
[17, 5]: Dopo find: 4357, nel blocco sono 5: array[4]=0
[23, 4]: Dopo find: 5892, nel blocco sono 4: array[4]=0
[23, 5]: Dopo find: 5893, nel blocco sono 5: array[4]=0
[27, 0]: Dopo find: 6912, nel blocco sono 0: array[4]=0
[27, 1]: Dopo find: 6913, nel blocco sono 1: array[4]=0
[27, 2]: Dopo find: 6914, nel blocco sono 2: array[4]=0
[27, 3]: Dopo find: 6915, nel blocco sono 3: array[4]=0
[27, 4]: Dopo find: 6916, nel blocco sono 4: array[4]=0
[27, 5]: Dopo find: 6917, nel blocco sono 5: array[4]=0
[6, 0]: Dopo find: 1536, nel blocco sono 0: array[4]=0
[6, 1]: Dopo find: 1537, nel blocco sono 1: array[4]=0
[6, 2]: Dopo find: 1538, nel blocco sono 2: array[4]=0
[6, 3]: Dopo find: 1539, nel blocco sono 3: array[4]=0
[6, 4]: Dopo find: 1540, nel blocco sono 4: array[4]=0
[6, 5]: Dopo find: 1541, nel blocco sono 5: array[4]=0
[12, 0]: Dopo find: 3072, nel blocco sono 0: array[4]=0
[12, 1]: Dopo find: 3073, nel blocco sono 1: array[4]=0
[12, 2]: Dopo find: 3074, nel blocco sono 2: array[4]=0
[12, 3]: Dopo find: 3075, nel blocco sono 3: array[4]=0
[12, 4]: Dopo find: 3076, nel blocco sono 4: array[4]=0
[12, 5]: Dopo find: 3077, nel blocco sono 5: array[4]=0
[22, 0]: Dopo find: 5632, nel blocco sono 0: array[4]=0
[22, 1]: Dopo find: 5633, nel blocco sono 1: array[4]=0
[29, 0]: Dopo find: 7424, nel blocco sono 0: array[4]=0
[22, 2]: Dopo find: 5634, nel blocco sono 2: array[4]=0
[29, 1]: Dopo find: 7425, nel blocco sono 1: array[4]=0
[22, 3]: Dopo find: 5635, nel blocco sono 3: array[4]=0
[29, 2]: Dopo find: 7426, nel blocco sono 2: array[4]=0
[22, 4]: Dopo find: 5636, nel blocco sono 4: array[4]=0
[29, 3]: Dopo find: 7427, nel blocco sono 3: array[4]=0
[22, 5]: Dopo find: 5637, nel blocco sono 5: array[4]=0
[29, 4]: Dopo find: 7428, nel blocco sono 4: array[4]=0
[29, 5]: Dopo find: 7429, nel blocco sono 5: array[4]=0
[10, 0]: Dopo find: 2560, nel blocco sono 0: array[4]=0
[10, 1]: Dopo find: 2561, nel blocco sono 1: array[4]=0
[10, 2]: Dopo find: 2562, nel blocco sono 2: array[4]=0
[10, 3]: Dopo find: 2563, nel blocco sono 3: array[4]=0
[10, 4]: Dopo find: 2564, nel blocco sono 4: array[4]=0
[10, 5]: Dopo find: 2565, nel blocco sono 5: array[4]=0
[21, 0]: Dopo find: 5376, nel blocco sono 0: array[4]=0
[21, 1]: Dopo find: 5377, nel blocco sono 1: array[4]=0
[21, 2]: Dopo find: 5378, nel blocco sono 2: array[4]=0
[21, 3]: Dopo find: 5379, nel blocco sono 3: array[4]=0
[21, 4]: Dopo find: 5380, nel blocco sono 4: array[4]=0
[21, 5]: Dopo find: 5381, nel blocco sono 5: array[4]=0
[39, 207]: is 10190?
[20, 0]: Dopo find: 5120, nel blocco sono 0: array[4]=0
[20, 1]: Dopo find: 5121, nel blocco sono 1: array[4]=0
[20, 2]: Dopo find: 5122, nel blocco sono 2: array[4]=0
[20, 3]: Dopo find: 5123, nel blocco sono 3: array[4]=0
[14, 0]: Dopo find: 3584, nel blocco sono 0: array[4]=0
[20, 4]: Dopo find: 5124, nel blocco sono 4: array[4]=0
[20, 5]: Dopo find: 5125, nel blocco sono 5: array[4]=0
[14, 1]: Dopo find: 3585, nel blocco sono 1: array[4]=0
[14, 2]: Dopo find: 3586, nel blocco sono 2: array[4]=0
[37, 0]: Dopo find: 9472, nel blocco sono 0: array[4]=0
[28, 0]: Dopo find: 7168, nel blocco sono 0: array[4]=0
[14, 3]: Dopo find: 3587, nel blocco sono 3: array[4]=0
[14, 4]: Dopo find: 3588, nel blocco sono 4: array[4]=0
[14, 5]: Dopo find: 3589, nel blocco sono 5: array[4]=0
[37, 1]: Dopo find: 9473, nel blocco sono 1: array[4]=0
[37, 2]: Dopo find: 9474, nel blocco sono 2: array[4]=0
[37, 3]: Dopo find: 9475, nel blocco sono 3: array[4]=0
[37, 4]: Dopo find: 9476, nel blocco sono 4: array[4]=0
[37, 5]: Dopo find: 9477, nel blocco sono 5: array[4]=0
[28, 1]: Dopo find: 7169, nel blocco sono 1: array[4]=0
[28, 2]: Dopo find: 7170, nel blocco sono 2: array[4]=0
[28, 3]: Dopo find: 7171, nel blocco sono 3: array[4]=0
[28, 4]: Dopo find: 7172, nel blocco sono 4: array[4]=0
[28, 5]: Dopo find: 7173, nel blocco sono 5: array[4]=0
[30, 0]: Dopo find: 7680, nel blocco sono 0: array[4]=0
[13, 0]: Dopo find: 3328, nel blocco sono 0: array[4]=0
[25, 0]: Dopo find: 6400, nel blocco sono 0: array[4]=0
[7, 0]: Dopo find: 1792, nel blocco sono 0: array[4]=0
[9, 0]: Dopo find: 2304, nel blocco sono 0: array[4]=0
[30, 1]: Dopo find: 7681, nel blocco sono 1: array[4]=0
[13, 1]: Dopo find: 3329, nel blocco sono 1: array[4]=0
[25, 1]: Dopo find: 6401, nel blocco sono 1: array[4]=0
[7, 1]: Dopo find: 1793, nel blocco sono 1: array[4]=0
[9, 1]: Dopo find: 2305, nel blocco sono 1: array[4]=0
[30, 2]: Dopo find: 7682, nel blocco sono 2: array[4]=0
[13, 2]: Dopo find: 3330, nel blocco sono 2: array[4]=0
[25, 2]: Dopo find: 6402, nel blocco sono 2: array[4]=0
[7, 2]: Dopo find: 1794, nel blocco sono 2: array[4]=0
[9, 2]: Dopo find: 2306, nel blocco sono 2: array[4]=0
[30, 3]: Dopo find: 7683, nel blocco sono 3: array[4]=0
[13, 3]: Dopo find: 3331, nel blocco sono 3: array[4]=0
[25, 3]: Dopo find: 6403, nel blocco sono 3: array[4]=0
[26, 0]: Dopo find: 6656, nel blocco sono 0: array[4]=0
[7, 3]: Dopo find: 1795, nel blocco sono 3: array[4]=0
[9, 3]: Dopo find: 2307, nel blocco sono 3: array[4]=0
[30, 4]: Dopo find: 7684, nel blocco sono 4: array[4]=0
[13, 4]: Dopo find: 3332, nel blocco sono 4: array[4]=0
[25, 4]: Dopo find: 6404, nel blocco sono 4: array[4]=0
[26, 1]: Dopo find: 6657, nel blocco sono 1: array[4]=0
[7, 4]: Dopo find: 1796, nel blocco sono 4: array[4]=0
[9, 4]: Dopo find: 2308, nel blocco sono 4: array[4]=0
[30, 5]: Dopo find: 7685, nel blocco sono 5: array[4]=0
[13, 5]: Dopo find: 3333, nel blocco sono 5: array[4]=0
[25, 5]: Dopo find: 6405, nel blocco sono 5: array[4]=0
[26, 2]: Dopo find: 6658, nel blocco sono 2: array[4]=0
[7, 5]: Dopo find: 1797, nel blocco sono 5: array[4]=0
[9, 5]: Dopo find: 2309, nel blocco sono 5: array[4]=0
[26, 3]: Dopo find: 6659, nel blocco sono 3: array[4]=0
[26, 4]: Dopo find: 6660, nel blocco sono 4: array[4]=0
[26, 5]: Dopo find: 6661, nel blocco sono 5: array[4]=0
[0, 0]: Dopo find: 0, nel blocco sono 0: array[4]=0
[0, 1]: Dopo find: 1, nel blocco sono 1: array[4]=0
[0, 2]: Dopo find: 2, nel blocco sono 2: array[4]=0
[0, 3]: Dopo find: 3, nel blocco sono 3: array[4]=0
[0, 4]: Dopo find: 4, nel blocco sono 4: array[4]=0
[0, 5]: Dopo find: 5, nel blocco sono 5: array[4]=0
[2, 0]: Dopo find: 512, nel blocco sono 0: array[4]=0
[2, 1]: Dopo find: 513, nel blocco sono 1: array[4]=0
[2, 2]: Dopo find: 514, nel blocco sono 2: array[4]=0
[2, 3]: Dopo find: 515, nel blocco sono 3: array[4]=0
[2, 4]: Dopo find: 516, nel blocco sono 4: array[4]=0
[2, 5]: Dopo find: 517, nel blocco sono 5: array[4]=0
[11, 0]: Dopo find: 2816, nel blocco sono 0: array[4]=0
[11, 1]: Dopo find: 2817, nel blocco sono 1: array[4]=0
[11, 2]: Dopo find: 2818, nel blocco sono 2: array[4]=0
[11, 3]: Dopo find: 2819, nel blocco sono 3: array[4]=0
[11, 4]: Dopo find: 2820, nel blocco sono 4: array[4]=0
[11, 5]: Dopo find: 2821, nel blocco sono 5: array[4]=0
[1, 0]: Dopo find: 256, nel blocco sono 0: array[4]=0
[1, 1]: Dopo find: 257, nel blocco sono 1: array[4]=0
[1, 2]: Dopo find: 258, nel blocco sono 2: array[4]=0
[1, 3]: Dopo find: 259, nel blocco sono 3: array[4]=0
[1, 4]: Dopo find: 260, nel blocco sono 4: array[4]=0
[1, 5]: Dopo find: 261, nel blocco sono 5: array[4]=0
[19, 0]: Dopo find: 4864, nel blocco sono 0: array[4]=0
[19, 1]: Dopo find: 4865, nel blocco sono 1: array[4]=0
[19, 2]: Dopo find: 4866, nel blocco sono 2: array[4]=0
[19, 3]: Dopo find: 4867, nel blocco sono 3: array[4]=0
[19, 4]: Dopo find: 4868, nel blocco sono 4: array[4]=0
[19, 5]: Dopo find: 4869, nel blocco sono 5: array[4]=0
[39, 0]: Dopo find: 9984, nel blocco sono 0: array[4]=0
[39, 1]: Dopo find: 9985, nel blocco sono 1: array[4]=0
[31, 0]: Dopo find: 7936, nel blocco sono 0: array[4]=0
[39, 2]: Dopo find: 9986, nel blocco sono 2: array[4]=0
[31, 1]: Dopo find: 7937, nel blocco sono 1: array[4]=0
[31, 2]: Dopo find: 7938, nel blocco sono 2: array[4]=0
[39, 3]: Dopo find: 9987, nel blocco sono 3: array[4]=0
[39, 4]: Dopo find: 9988, nel blocco sono 4: array[4]=0
[31, 3]: Dopo find: 7939, nel blocco sono 3: array[4]=0
[39, 5]: Dopo find: 9989, nel blocco sono 5: array[4]=0
[31, 4]: Dopo find: 7940, nel blocco sono 4: array[4]=0
[31, 5]: Dopo find: 7941, nel blocco sono 5: array[4]=0
[24, 0]: Dopo find: 6144, nel blocco sono 0: array[4]=0
[24, 1]: Dopo find: 6145, nel blocco sono 1: array[4]=0
[24, 2]: Dopo find: 6146, nel blocco sono 2: array[4]=0
[24, 3]: Dopo find: 6147, nel blocco sono 3: array[4]=0
[24, 4]: Dopo find: 6148, nel blocco sono 4: array[4]=0
[24, 5]: Dopo find: 6149, nel blocco sono 5: array[4]=0
[32, 0]: Dopo find: 8192, nel blocco sono 0: array[4]=0
[32, 1]: Dopo find: 8193, nel blocco sono 1: array[4]=0
[32, 2]: Dopo find: 8194, nel blocco sono 2: array[4]=0
[34, 0]: Dopo find: 8704, nel blocco sono 0: array[4]=0
[32, 3]: Dopo find: 8195, nel blocco sono 3: array[4]=0
[3, 0]: Dopo find: 768, nel blocco sono 0: array[4]=0
[32, 4]: Dopo find: 8196, nel blocco sono 4: array[4]=0
[3, 1]: Dopo find: 769, nel blocco sono 1: array[4]=0
[34, 1]: Dopo find: 8705, nel blocco sono 1: array[4]=0
[34, 2]: Dopo find: 8706, nel blocco sono 2: array[4]=0
[32, 5]: Dopo find: 8197, nel blocco sono 5: array[4]=0
[3, 2]: Dopo find: 770, nel blocco sono 2: array[4]=0
[3, 3]: Dopo find: 771, nel blocco sono 3: array[4]=0
[3, 4]: Dopo find: 772, nel blocco sono 4: array[4]=0
[34, 3]: Dopo find: 8707, nel blocco sono 3: array[4]=0
[3, 5]: Dopo find: 773, nel blocco sono 5: array[4]=0
[34, 4]: Dopo find: 8708, nel blocco sono 4: array[4]=0
[33, 0]: Dopo find: 8448, nel blocco sono 0: array[4]=0
[34, 5]: Dopo find: 8709, nel blocco sono 5: array[4]=0
[4, 0]: Dopo find: 1024, nel blocco sono 0: array[4]=0
[5, 0]: Dopo find: 1280, nel blocco sono 0: array[4]=0
[36, 0]: Dopo find: 9216, nel blocco sono 0: array[4]=0
[18, 0]: Dopo find: 4608, nel blocco sono 0: array[4]=0
[33, 1]: Dopo find: 8449, nel blocco sono 1: array[4]=0
[4, 1]: Dopo find: 1025, nel blocco sono 1: array[4]=0
[5, 1]: Dopo find: 1281, nel blocco sono 1: array[4]=0
[36, 1]: Dopo find: 9217, nel blocco sono 1: array[4]=0
[18, 1]: Dopo find: 4609, nel blocco sono 1: array[4]=0
[33, 2]: Dopo find: 8450, nel blocco sono 2: array[4]=0
[4, 2]: Dopo find: 1026, nel blocco sono 2: array[4]=0
[5, 2]: Dopo find: 1282, nel blocco sono 2: array[4]=0
[36, 2]: Dopo find: 9218, nel blocco sono 2: array[4]=0
[18, 2]: Dopo find: 4610, nel blocco sono 2: array[4]=0
[39, 207]: is 0?
[33, 3]: Dopo find: 8451, nel blocco sono 3: array[4]=0
[4, 3]: Dopo find: 1027, nel blocco sono 3: array[4]=0
[5, 3]: Dopo find: 1283, nel blocco sono 3: array[4]=0
[36, 3]: Dopo find: 9219, nel blocco sono 3: array[4]=0
[18, 3]: Dopo find: 4611, nel blocco sono 3: array[4]=0
[33, 4]: Dopo find: 8452, nel blocco sono 4: array[4]=0
[4, 4]: Dopo find: 1028, nel blocco sono 4: array[4]=0
[5, 4]: Dopo find: 1284, nel blocco sono 4: array[4]=0
[36, 4]: Dopo find: 9220, nel blocco sono 4: array[4]=0
[18, 4]: Dopo find: 4612, nel blocco sono 4: array[4]=0
[33, 5]: Dopo find: 8453, nel blocco sono 5: array[4]=0
[4, 5]: Dopo find: 1029, nel blocco sono 5: array[4]=0
[5, 5]: Dopo find: 1285, nel blocco sono 5: array[4]=0
[36, 5]: Dopo find: 9221, nel blocco sono 5: array[4]=0
[18, 5]: Dopo find: 4613, nel blocco sono 5: array[4]=0
[35, 0]: Dopo find: 8960, nel blocco sono 0: array[4]=0
[35, 1]: Dopo find: 8961, nel blocco sono 1: array[4]=0
[35, 2]: Dopo find: 8962, nel blocco sono 2: array[4]=0
[35, 3]: Dopo find: 8963, nel blocco sono 3: array[4]=0
[35, 4]: Dopo find: 8964, nel blocco sono 4: array[4]=0
[35, 5]: Dopo find: 8965, nel blocco sono 5: array[4]=0
[8, 0]: Dopo find: 2048, nel blocco sono 0: array[4]=0
[8, 1]: Dopo find: 2049, nel blocco sono 1: array[4]=0
[8, 2]: Dopo find: 2050, nel blocco sono 2: array[4]=0
[8, 3]: Dopo find: 2051, nel blocco sono 3: array[4]=0
[8, 4]: Dopo find: 2052, nel blocco sono 4: array[4]=0
[8, 5]: Dopo find: 2053, nel blocco sono 5: array[4]=0
[38, 0]: Dopo find: 9728, nel blocco sono 0: array[4]=0
[38, 1]: Dopo find: 9729, nel blocco sono 1: array[4]=0
[38, 2]: Dopo find: 9730, nel blocco sono 2: array[4]=0
[38, 3]: Dopo find: 9731, nel blocco sono 3: array[4]=0
[38, 4]: Dopo find: 9732, nel blocco sono 4: array[4]=0
[38, 5]: Dopo find: 9733, nel blocco sono 5: array[4]=0
	Processing time1: 0.000000 (s)
	Processing time2: 15209911.000000 (ns)

Launch conclusa

Simulation Time: 38 seconds
