#[TRACE]
#data_labels=Output
#[TRACE_DATA]
5.126076e-03 
5.508200e-03 
6.048300e-03 
6.661599e-03 
7.360057e-03 
8.158769e-03 
9.076166e-03 
1.013483e-02 
1.161329e-02 
1.308946e-02 
1.482173e-02 
1.686806e-02 
1.930167e-02 
2.221630e-02 
2.597173e-02 
3.031825e-02 
3.579311e-02 
4.246043e-02 
5.094093e-02 
6.157134e-02 
7.508467e-02 
9.234049e-02 
1.143448e-01 
1.421102e-01 
1.763925e-01 
2.173148e-01 
2.641605e-01 
3.155414e-01 
3.698891e-01 
4.257138e-01 
4.820103e-01 
5.378116e-01 
5.927458e-01 
6.462799e-01 
6.982381e-01 
7.481709e-01 
7.956783e-01 
8.402186e-01 
8.810982e-01 
9.174865e-01 
9.484056e-01 
9.542484e-01 
9.542484e-01 
9.542484e-01 
9.542484e-01 
9.542484e-01 
9.542484e-01 
9.542484e-01 
9.542484e-01 
9.542484e-01 
9.542484e-01 
9.542484e-01 
9.542484e-01 
9.542484e-01 
9.542484e-01 
9.542484e-01 
9.542484e-01 
9.542484e-01 
9.542484e-01 
9.542484e-01 
9.542484e-01 
9.542484e-01 
9.542484e-01 
9.542484e-01 
9.542484e-01 
9.542484e-01 
9.542484e-01 
9.542484e-01 
9.542484e-01 
9.542484e-01 
9.542484e-01 
9.542484e-01 
9.542484e-01 
9.542484e-01 
9.542484e-01 
9.542484e-01 
9.542484e-01 
9.542484e-01 
9.542484e-01 
9.542484e-01 
9.542484e-01 
9.542484e-01 
9.542484e-01 
9.542484e-01 
9.542484e-01 
9.542484e-01 
9.542484e-01 
9.542484e-01 
9.542484e-01 
9.542484e-01 
9.542484e-01 
9.542484e-01 
9.542484e-01 
9.542484e-01 
9.542484e-01 
9.542484e-01 
9.542484e-01 
9.542484e-01 
9.542484e-01 
9.542484e-01 
9.542484e-01 
9.542484e-01 
9.542484e-01 
9.542484e-01 
9.542484e-01 
9.542484e-01 
9.542484e-01 
9.542484e-01 
9.542484e-01 
9.542484e-01 
9.542484e-01 
9.542484e-01 
9.542484e-01 
9.542484e-01 
9.542484e-01 
9.542484e-01 
9.542484e-01 
9.542484e-01 
9.542484e-01 
9.542484e-01 
9.542484e-01 
9.542484e-01 
9.542484e-01 
9.542484e-01 
9.542484e-01 
9.542484e-01 
9.542484e-01 
9.542484e-01 
9.542484e-01 
9.542484e-01 
9.542484e-01 
9.542484e-01 
9.542484e-01 
9.542484e-01 
9.542484e-01 
9.542484e-01 
9.542484e-01 
9.542484e-01 
9.542484e-01 
9.542484e-01 
9.542484e-01 
9.542484e-01 
9.542484e-01 
9.542484e-01 
9.542484e-01 
9.542484e-01 
9.542484e-01 
9.542484e-01 
9.542484e-01 
9.542484e-01 
9.542484e-01 
9.542484e-01 
9.542484e-01 
9.542484e-01 
9.542484e-01 
9.542484e-01 
9.542484e-01 
9.542484e-01 
9.542484e-01 
9.542484e-01 
9.542484e-01 
9.542484e-01 
9.542484e-01 
9.542484e-01 
9.542484e-01 
9.542484e-01 
9.542484e-01 
9.542484e-01 
9.542484e-01 
9.542484e-01 
9.542484e-01 
9.542484e-01 
9.542484e-01 
9.542484e-01 
9.542484e-01 
9.542484e-01 
9.542484e-01 
9.542484e-01 
9.542484e-01 
9.542484e-01 
9.542484e-01 
9.542484e-01 
9.542484e-01 
9.542484e-01 
9.542484e-01 
9.542484e-01 
9.542484e-01 
9.542484e-01 
9.542484e-01 
9.542484e-01 
9.542484e-01 
9.542484e-01 
9.542484e-01 
9.542484e-01 
9.542484e-01 
9.542484e-01 
9.542484e-01 
9.542484e-01 
9.542484e-01 
9.542484e-01 
9.542484e-01 
9.542484e-01 
9.542484e-01 
9.542484e-01 
9.542484e-01 
9.542484e-01 
9.542484e-01 
9.542484e-01 
9.542484e-01 
9.542484e-01 
9.542484e-01 
9.542482e-01 
9.542481e-01 
9.542479e-01 
9.542477e-01 
9.542475e-01 
9.542474e-01 
9.542471e-01 
9.542468e-01 
9.542467e-01 
9.542465e-01 
9.542462e-01 
9.542459e-01 
9.542455e-01 
9.542452e-01 
9.542449e-01 
9.542445e-01 
9.542441e-01 
9.542436e-01 
9.542434e-01 
9.542429e-01 
9.542425e-01 
9.542421e-01 
9.542418e-01 
9.542414e-01 
9.542410e-01 
9.542407e-01 
9.542404e-01 
9.542400e-01 
9.542397e-01 
9.542395e-01 
9.542393e-01 
9.542390e-01 
9.542388e-01 
9.542386e-01 
9.542384e-01 
9.542381e-01 
9.542379e-01 
9.542378e-01 
9.542375e-01 
9.542373e-01 
9.542372e-01 
9.542371e-01 
9.542369e-01 
9.542368e-01 
9.542366e-01 
9.542364e-01 
9.542364e-01 
9.542363e-01 
9.542361e-01 
9.542359e-01 
9.542359e-01 
9.542358e-01 
9.542357e-01 
9.542356e-01 
9.542355e-01 
9.542354e-01 
9.542353e-01 
9.542351e-01 
9.542351e-01 
9.542350e-01 
9.542350e-01 
9.542348e-01 
9.542348e-01 
9.542347e-01 
9.542346e-01 
9.542346e-01 
9.542345e-01 
9.542345e-01 
9.542344e-01 
9.542343e-01 
9.542342e-01 
9.542342e-01 
9.542341e-01 
9.542341e-01 
9.542340e-01 
9.542340e-01 
9.542339e-01 
9.542339e-01 
9.542338e-01 
9.542338e-01 
9.542337e-01 
9.542338e-01 
9.542338e-01 
9.542338e-01 
9.542338e-01 
9.542338e-01 
9.542338e-01 
9.542338e-01 
9.542338e-01 
9.542338e-01 
9.542338e-01 
9.542338e-01 
9.542338e-01 
9.542338e-01 
9.542338e-01 
9.542338e-01 
9.542338e-01 
9.542338e-01 
9.542338e-01 
9.542338e-01 
9.542338e-01 
9.542338e-01 
9.542338e-01 
9.542338e-01 
9.542338e-01 
9.542338e-01 
9.542338e-01 
9.542338e-01 
9.542338e-01 
9.542338e-01 
9.542338e-01 
9.542338e-01 
9.542338e-01 
9.542338e-01 
9.542338e-01 
9.542338e-01 
9.542338e-01 
9.542338e-01 
9.542338e-01 
9.542338e-01 
9.542338e-01 
9.542338e-01 
9.542338e-01 
9.542338e-01 
9.542338e-01 
9.542338e-01 
9.542338e-01 
9.542338e-01 
9.542338e-01 
9.542338e-01 
9.542338e-01 
9.542338e-01 
9.542338e-01 
9.542338e-01 
9.542338e-01 
9.542338e-01 
9.542338e-01 
9.542338e-01 
9.542338e-01 
9.542338e-01 
9.542338e-01 
9.542338e-01 
9.542338e-01 
9.542338e-01 
9.542338e-01 
9.542338e-01 
9.542338e-01 
9.542338e-01 
9.542338e-01 
9.542338e-01 
9.542338e-01 
9.542338e-01 
9.542338e-01 
9.542338e-01 
9.542338e-01 
9.542338e-01 
9.542338e-01 
9.542338e-01 
9.542338e-01 
9.542338e-01 
9.542338e-01 
9.542338e-01 
9.542338e-01 
9.542338e-01 
9.542338e-01 
9.542338e-01 
9.542338e-01 
9.542338e-01 
9.542338e-01 
9.542338e-01 
9.542338e-01 
9.542338e-01 
9.542338e-01 
9.542338e-01 
9.542338e-01 
9.542338e-01 
9.542338e-01 
9.542338e-01 
9.542338e-01 
9.542338e-01 
9.542338e-01 
9.542338e-01 
9.542338e-01 
9.542338e-01 
9.542338e-01 
9.542338e-01 
9.542338e-01 
9.542338e-01 
9.542338e-01 
9.542338e-01 
9.542338e-01 
9.542338e-01 
9.542338e-01 
9.542338e-01 
9.542338e-01 
9.542338e-01 
9.542338e-01 
9.542338e-01 
9.542338e-01 
9.542338e-01 
9.542338e-01 
9.542338e-01 
9.542338e-01 
9.542338e-01 
9.542338e-01 
9.542338e-01 
9.542338e-01 
9.542338e-01 
9.542338e-01 
9.542338e-01 
9.542338e-01 
9.542338e-01 
9.542338e-01 
9.542338e-01 
9.542338e-01 
9.542338e-01 
9.542338e-01 
9.542338e-01 
9.542338e-01 
9.542338e-01 
9.542338e-01 
9.542338e-01 
9.542338e-01 
9.542338e-01 
9.542338e-01 
9.542338e-01 
9.542338e-01 
9.542338e-01 
9.542338e-01 
9.542338e-01 
9.542338e-01 
9.542338e-01 
9.542338e-01 
9.542338e-01 
9.542338e-01 
9.542338e-01 
9.542338e-01 
9.542338e-01 
9.542338e-01 
9.542338e-01 
9.542338e-01 
9.542338e-01 
9.542338e-01 
9.542338e-01 
9.542338e-01 
9.542338e-01 
9.542338e-01 
9.542338e-01 
9.542338e-01 
9.483868e-01 
9.174381e-01 
8.809778e-01 
8.399239e-01 
7.950699e-01 
7.469670e-01 
6.959798e-01 
6.420383e-01 
5.850114e-01 
5.242959e-01 
4.586337e-01 
3.857920e-01 
3.001360e-01 
1.900253e-01 
2.847438e-02 
7.706983e-03 
2.159312e-03 
1.248812e-03 
8.508071e-04 
6.159412e-04 
4.645781e-04 
3.611418e-04 
2.874400e-04 
2.332102e-04 
1.921362e-04 
1.605213e-04 
1.352926e-04 
1.156256e-04 
1.002906e-04 
8.665959e-05 
7.541625e-05 
6.605697e-05 
5.820018e-05 
5.279794e-05 
4.695822e-05 
4.194046e-05 
3.761718e-05 
3.387255e-05 
3.061227e-05 
2.775989e-05 
2.525371e-05 
2.304247e-05 
2.108425e-05 
1.934350e-05 
1.779116e-05 
1.616420e-05 
1.494350e-05 
1.384446e-05 
1.285213e-05 
1.195391e-05 
1.113892e-05 
1.039771e-05 
9.722299e-06 
9.105467e-06 
8.532449e-06 
8.016428e-06 
7.542189e-06 
7.106240e-06 
6.703775e-06 
6.330251e-06 
5.977234e-06 
5.616173e-06 
5.167293e-06 
4.346747e-06 
3.170672e-06 
2.025179e-06 
1.055655e-06 
2.405909e-07 
-5.031936e-07 
-1.138478e-06 
-1.715566e-06 
-2.164973e-06 
-2.594408e-06 
-2.954726e-06 
-3.093694e-06 
-3.352945e-06 
-3.559715e-06 
-3.717121e-06 
-3.827496e-06 
-3.892550e-06 
-3.882426e-06 
-3.952396e-06 
-3.956734e-06 
-3.967672e-06 
-3.967399e-06 
-3.967326e-06 
-3.967320e-06 
-3.967320e-06 
-3.967320e-06 
-3.967320e-06 
-3.967320e-06 
-3.967320e-06 
-3.967320e-06 
-3.967320e-06 
-3.967320e-06 
-3.967320e-06 
-3.967320e-06 
-3.967320e-06 
-3.967320e-06 
-3.967320e-06 
-3.967320e-06 
-3.967320e-06 
-3.967320e-06 
-3.967320e-06 
-3.967320e-06 
-3.967320e-06 
-3.967320e-06 
-3.967320e-06 
-3.967320e-06 
-3.967320e-06 
-3.967320e-06 
-3.967320e-06 
-3.967320e-06 
-3.967320e-06 
-3.967320e-06 
-3.967320e-06 
-3.967320e-06 
-3.967320e-06 
-3.967320e-06 
-3.967320e-06 
-3.967320e-06 
-3.967320e-06 
-3.967320e-06 
-3.967320e-06 
-3.967320e-06 
-3.967320e-06 
-3.967320e-06 
-3.967320e-06 
-3.967320e-06 
-3.967320e-06 
-3.967320e-06 
-3.967320e-06 
-3.967320e-06 
-3.967320e-06 
-3.967320e-06 
-3.967320e-06 
-3.967320e-06 
-3.967320e-06 
-3.967320e-06 
-3.967320e-06 
-3.967320e-06 
-3.967320e-06 
-3.967320e-06 
-3.967320e-06 
-3.967320e-06 
-3.967320e-06 
-3.967320e-06 
-3.967320e-06 
-3.967320e-06 
-3.967320e-06 
-3.967320e-06 
-3.967320e-06 
-3.967320e-06 
-3.967320e-06 
-3.967320e-06 
-3.967320e-06 
-3.967320e-06 
-3.967320e-06 
-3.967320e-06 
-3.967320e-06 
-3.967320e-06 
-3.967320e-06 
-3.967320e-06 
-3.967320e-06 
-3.967320e-06 
-3.967320e-06 
-3.967320e-06 
-3.967320e-06 
-3.967320e-06 
-3.967320e-06 
-3.967320e-06 
-3.967320e-06 
-3.967320e-06 
-3.967320e-06 
-3.967320e-06 
-3.967320e-06 
-3.967320e-06 
-3.967320e-06 
-3.967320e-06 
-3.967320e-06 
-3.967320e-06 
-3.967320e-06 
-3.967320e-06 
-3.967320e-06 
-3.967320e-06 
-3.967320e-06 
-3.967320e-06 
-3.967320e-06 
-3.967320e-06 
-3.967320e-06 
-3.967320e-06 
-3.967320e-06 
-3.967320e-06 
-3.967320e-06 
-3.967320e-06 
-3.967320e-06 
-3.967320e-06 
-3.967320e-06 
-3.967320e-06 
-3.967320e-06 
-3.967320e-06 
-3.967320e-06 
-3.967320e-06 
-3.967320e-06 
-3.967320e-06 
-3.967320e-06 
-3.967320e-06 
-3.967320e-06 
-3.967320e-06 
-3.967320e-06 
-3.967320e-06 
-3.967320e-06 
-3.967320e-06 
-3.967320e-06 
-3.967320e-06 
-3.967320e-06 
-3.967320e-06 
-3.967320e-06 
-3.967320e-06 
-3.967320e-06 
-3.967320e-06 
-3.967320e-06 
-3.967320e-06 
-3.967320e-06 
-3.967320e-06 
-3.967320e-06 
-3.967320e-06 
-3.967320e-06 
-3.967320e-06 
-3.967320e-06 
-3.967320e-06 
-3.967320e-06 
-3.967320e-06 
-3.967320e-06 
-3.967320e-06 
-3.967320e-06 
-3.967320e-06 
-3.967320e-06 
-3.967320e-06 
-3.967320e-06 
-3.967320e-06 
-3.967320e-06 
-3.967320e-06 
-3.967320e-06 
-3.967320e-06 
-3.967320e-06 
-3.967320e-06 
-3.967320e-06 
-3.967320e-06 
-3.967320e-06 
-3.966246e-06 
-3.949976e-06 
-3.890715e-06 
-3.826771e-06 
-3.735967e-06 
-3.662009e-06 
-3.583335e-06 
-3.499505e-06 
-3.377719e-06 
-3.280400e-06 
-3.154732e-06 
-3.040158e-06 
-2.919656e-06 
-2.790880e-06 
-2.652942e-06 
-2.505042e-06 
-2.346373e-06 
-2.175973e-06 
-1.992805e-06 
-1.795710e-06 
-1.583456e-06 
-1.354673e-06 
-1.108178e-06 
-8.474731e-07 
-6.126631e-07 
-3.048835e-07 
2.872312e-08 
3.908436e-07 
6.591367e-07 
1.076879e-06 
1.532051e-06 
2.028608e-06 
2.571125e-06 
3.164711e-06 
3.815306e-06 
4.529476e-06 
5.062488e-06 
5.877920e-06 
6.800357e-06 
7.819420e-06 
8.947258e-06 
1.019765e-05 
1.158658e-05 
1.313210e-05 
1.547906e-05 
1.749029e-05 
1.972978e-05 
2.224022e-05 
2.505800e-05 
2.822370e-05 
3.178195e-05 
3.578218e-05 
4.027664e-05 
4.675186e-05 
5.255005e-05 
5.900771e-05 
6.723608e-05 
7.556197e-05 
8.429499e-05 
9.373896e-05 
1.038972e-04 
1.147423e-04 
1.262447e-04 
1.383795e-04 
1.511228e-04 
1.644737e-04 
1.784423e-04 
1.930702e-04 
2.084094e-04 
2.244957e-04 
2.410605e-04 
2.593527e-04 
2.788931e-04 
2.984459e-04 
3.211305e-04 
3.455254e-04 
3.716365e-04 
3.992814e-04 
4.279309e-04 
4.445775e-04 
4.723436e-04 
4.874743e-04 
4.897633e-04 
4.899015e-04 
4.899100e-04 
4.899106e-04 
4.899106e-04 
4.899106e-04 
4.899106e-04 
4.899106e-04 
4.899106e-04 
4.899106e-04 
4.899106e-04 
4.899106e-04 
4.899106e-04 
4.899106e-04 
4.899106e-04 
4.899106e-04 
4.899106e-04 
4.899106e-04 
4.899106e-04 
4.899106e-04 
4.899106e-04 
4.899106e-04 
4.899106e-04 
4.899106e-04 
4.899106e-04 
4.899106e-04 
4.899106e-04 
4.899106e-04 
4.899106e-04 
4.899106e-04 
4.899106e-04 
4.899106e-04 
4.899106e-04 
4.899106e-04 
4.899106e-04 
4.899106e-04 
4.899106e-04 
4.899106e-04 
4.899106e-04 
4.899106e-04 
4.899106e-04 
4.899106e-04 
4.899106e-04 
4.899106e-04 
4.899106e-04 
4.899106e-04 
4.899106e-04 
4.899106e-04 
4.899106e-04 
4.899106e-04 
4.899106e-04 
4.899106e-04 
4.899106e-04 
4.899106e-04 
4.899106e-04 
4.899106e-04 
4.899106e-04 
4.899106e-04 
4.899106e-04 
4.899106e-04 
4.899106e-04 
4.899106e-04 
4.899106e-04 
4.899106e-04 
4.899106e-04 
4.899106e-04 
4.899106e-04 
4.899106e-04 
4.899106e-04 
4.899106e-04 
4.899106e-04 
4.899106e-04 
4.899106e-04 
4.899106e-04 
4.899106e-04 
4.899106e-04 
4.899106e-04 
4.899106e-04 
4.899106e-04 
4.899106e-04 
4.899106e-04 
4.899106e-04 
4.899106e-04 
4.899106e-04 
4.899106e-04 
4.899106e-04 
4.899106e-04 
4.899106e-04 
4.899106e-04 
4.899106e-04 
4.899106e-04 
4.899106e-04 
4.899106e-04 
4.899106e-04 
4.899106e-04 
4.899106e-04 
4.899106e-04 
4.899106e-04 
4.899106e-04 
4.899106e-04 
4.899106e-04 
4.899106e-04 
4.899106e-04 
4.899106e-04 
4.899106e-04 
4.899106e-04 
4.899106e-04 
4.899106e-04 
4.899106e-04 
4.899106e-04 
4.899106e-04 
4.899106e-04 
4.899106e-04 
4.899106e-04 
4.899106e-04 
4.899106e-04 
4.899106e-04 
4.899106e-04 
4.899106e-04 
4.899106e-04 
4.899106e-04 
4.899106e-04 
4.899106e-04 
4.899106e-04 
4.899106e-04 
4.899106e-04 
4.899106e-04 
4.899106e-04 
4.899106e-04 
4.899106e-04 
4.899106e-04 
4.899106e-04 
4.899106e-04 
4.899106e-04 
4.899106e-04 
4.899106e-04 
4.899106e-04 
4.899106e-04 
4.899106e-04 
4.899106e-04 
4.899106e-04 
4.899106e-04 
4.899106e-04 
4.899106e-04 
4.899106e-04 
4.899106e-04 
4.899106e-04 
4.899106e-04 
4.899106e-04 
4.899106e-04 
4.899106e-04 
4.899106e-04 
4.899106e-04 
4.899106e-04 
4.899106e-04 
4.899106e-04 
4.899106e-04 
4.899106e-04 
4.899106e-04 
4.899106e-04 
4.899106e-04 
4.899106e-04 
4.899106e-04 
4.899106e-04 
4.899106e-04 
4.899106e-04 
4.899106e-04 
4.899106e-04 
4.933815e-04 
5.133615e-04 
5.340804e-04 
5.560225e-04 
5.792736e-04 
6.042634e-04 
6.305100e-04 
6.583779e-04 
6.880101e-04 
7.195578e-04 
7.531827e-04 
7.890452e-04 
8.273470e-04 
8.682885e-04 
9.121057e-04 
9.590634e-04 
1.009432e-03 
1.063548e-03 
1.121736e-03 
1.184312e-03 
1.251663e-03 
1.324267e-03 
1.402681e-03 
1.487454e-03 
1.579328e-03 
1.678956e-03 
1.786977e-03 
1.904940e-03 
2.033612e-03 
2.174283e-03 
2.324588e-03 
2.493181e-03 
2.678558e-03 
2.882876e-03 
3.108638e-03 
3.358629e-03 
3.585689e-03 
3.888434e-03 
4.226420e-03 
4.604714e-03 
5.128605e-03 
5.508206e-03 
6.048253e-03 
6.661504e-03 
7.359974e-03 
8.158686e-03 
9.076116e-03 
1.013473e-02 
1.161323e-02 
1.308931e-02 
1.482145e-02 
1.686796e-02 
1.930143e-02 
2.221617e-02 
2.597138e-02 
3.031739e-02 
3.579257e-02 
4.245976e-02 
5.094090e-02 
6.157026e-02 
7.508419e-02 
9.233876e-02 
1.143404e-01 
1.421101e-01 
1.763890e-01 
2.173148e-01 
2.641561e-01 
3.155336e-01 
3.698891e-01 
4.257122e-01 
4.820138e-01 
5.378100e-01 
5.927491e-01 
6.462784e-01 
6.982335e-01 
7.481739e-01 
7.956783e-01 
8.402212e-01 
8.810970e-01 
9.174836e-01 
9.484047e-01 
9.542484e-01 
9.542484e-01 
9.542484e-01 
9.542484e-01 
9.542484e-01 
9.542484e-01 
9.542484e-01 
9.542484e-01 
9.542484e-01 
9.542484e-01 
9.542484e-01 
9.542484e-01 
9.542484e-01 
9.542484e-01 
9.542484e-01 
9.542484e-01 
9.542484e-01 
9.542484e-01 
9.542484e-01 
9.542484e-01 
9.542484e-01 
9.542484e-01 
9.542484e-01 
9.542484e-01 
9.542484e-01 
9.542484e-01 
9.542484e-01 
9.542484e-01 
9.542484e-01 
9.542484e-01 
9.542484e-01 
9.542484e-01 
9.542484e-01 
9.542484e-01 
9.542484e-01 
9.542484e-01 
9.542484e-01 
9.542484e-01 
9.542484e-01 
9.542484e-01 
9.542484e-01 
9.542484e-01 
9.542484e-01 
9.542484e-01 
9.542484e-01 
9.542484e-01 
9.542484e-01 
9.542484e-01 
9.542484e-01 
9.542484e-01 
9.542484e-01 
9.542484e-01 
9.542484e-01 
9.542484e-01 
9.542484e-01 
9.542484e-01 
9.542484e-01 
9.542484e-01 
9.542484e-01 
9.542484e-01 
9.542484e-01 
9.542484e-01 
9.542484e-01 
9.542484e-01 
9.542484e-01 
9.542484e-01 
9.542484e-01 
9.542484e-01 
9.542484e-01 
9.542484e-01 
9.542484e-01 
9.542484e-01 
9.542484e-01 
9.542484e-01 
9.542484e-01 
9.542484e-01 
9.542484e-01 
9.542484e-01 
9.542484e-01 
9.542484e-01 
9.542484e-01 
9.542484e-01 
9.542484e-01 
9.542484e-01 
9.542484e-01 
9.542484e-01 
9.542484e-01 
9.542484e-01 
9.542484e-01 
9.542484e-01 
9.542484e-01 
9.542484e-01 
9.542484e-01 
9.542484e-01 
9.542484e-01 
9.542484e-01 
9.542484e-01 
9.542484e-01 
9.542484e-01 
9.542484e-01 
9.542484e-01 
9.542484e-01 
9.542484e-01 
9.542484e-01 
9.542484e-01 
9.542484e-01 
9.542484e-01 
9.542484e-01 
9.542484e-01 
9.542484e-01 
9.542484e-01 
9.542484e-01 
9.542484e-01 
9.542484e-01 
9.542484e-01 
9.542484e-01 
9.542484e-01 
9.542484e-01 
9.542484e-01 
9.542484e-01 
9.542484e-01 
9.542484e-01 
9.542484e-01 
9.542484e-01 
9.542484e-01 
9.542484e-01 
9.542484e-01 
9.542484e-01 
9.542484e-01 
9.542484e-01 
9.542484e-01 
9.542484e-01 
9.542484e-01 
9.542484e-01 
9.542484e-01 
9.542484e-01 
9.542484e-01 
9.542484e-01 
9.542484e-01 
9.542484e-01 
9.542484e-01 
9.542484e-01 
9.542484e-01 
9.542484e-01 
9.542484e-01 
9.542484e-01 
9.542484e-01 
9.542484e-01 
9.542484e-01 
9.542484e-01 
9.542484e-01 
9.542484e-01 
9.542484e-01 
9.542484e-01 
9.542484e-01 
9.542484e-01 
9.542484e-01 
9.542484e-01 
9.542484e-01 
9.542484e-01 
9.542484e-01 
9.542484e-01 
9.542484e-01 
9.542484e-01 
9.542484e-01 
9.542484e-01 
9.542484e-01 
9.542484e-01 
9.542484e-01 
9.542484e-01 
9.542482e-01 
9.542481e-01 
9.542479e-01 
9.542477e-01 
9.542475e-01 
9.542474e-01 
9.542471e-01 
9.542468e-01 
9.542467e-01 
9.542465e-01 
9.542462e-01 
9.542459e-01 
9.542455e-01 
9.542452e-01 
9.542448e-01 
9.542445e-01 
9.542441e-01 
9.542436e-01 
9.542434e-01 
9.542429e-01 
9.542425e-01 
9.542421e-01 
9.542418e-01 
9.542414e-01 
9.542410e-01 
9.542407e-01 
9.542404e-01 
9.542400e-01 
9.542397e-01 
9.542395e-01 
9.542393e-01 
9.542390e-01 
9.542388e-01 
9.542386e-01 
9.542384e-01 
9.542381e-01 
9.542379e-01 
9.542378e-01 
9.542375e-01 
9.542373e-01 
9.542372e-01 
9.542371e-01 
9.542369e-01 
9.542368e-01 
9.542367e-01 
9.542365e-01 
9.542363e-01 
9.542362e-01 
9.542361e-01 
9.542359e-01 
9.542359e-01 
9.542358e-01 
9.542357e-01 
9.542356e-01 
9.542355e-01 
9.542354e-01 
9.542353e-01 
9.542351e-01 
9.542351e-01 
9.542350e-01 
9.542350e-01 
9.542348e-01 
9.542348e-01 
9.542347e-01 
9.542346e-01 
9.542345e-01 
9.542345e-01 
9.542345e-01 
9.542344e-01 
9.542343e-01 
9.542342e-01 
9.542342e-01 
9.542341e-01 
9.542341e-01 
9.542340e-01 
9.542340e-01 
9.542339e-01 
9.542339e-01 
9.542338e-01 
9.542338e-01 
9.542337e-01 
9.542338e-01 
9.542338e-01 
9.542338e-01 
9.542338e-01 
9.542338e-01 
9.542338e-01 
9.542338e-01 
9.542338e-01 
9.542338e-01 
9.542338e-01 
9.542338e-01 
9.542338e-01 
9.542338e-01 
9.542338e-01 
9.542338e-01 
9.542338e-01 
9.542338e-01 
9.542338e-01 
9.542338e-01 
9.542338e-01 
9.542338e-01 
9.542338e-01 
9.542338e-01 
9.542338e-01 
9.542338e-01 
9.542338e-01 
9.542338e-01 
9.542338e-01 
9.542338e-01 
9.542338e-01 
9.542338e-01 
9.542338e-01 
9.542338e-01 
9.542338e-01 
9.542338e-01 
9.542338e-01 
9.542338e-01 
9.542338e-01 
9.542338e-01 
9.542338e-01 
9.542338e-01 
9.542338e-01 
9.542338e-01 
9.542338e-01 
9.542338e-01 
9.542338e-01 
9.542338e-01 
9.542338e-01 
9.542338e-01 
9.542338e-01 
9.542338e-01 
9.542338e-01 
9.542338e-01 
9.542338e-01 
9.542338e-01 
9.542338e-01 
9.542338e-01 
9.542338e-01 
9.542338e-01 
9.542338e-01 
9.542338e-01 
9.542338e-01 
9.542338e-01 
9.542338e-01 
9.542338e-01 
9.542338e-01 
9.542338e-01 
9.542338e-01 
9.542338e-01 
9.542338e-01 
9.542338e-01 
9.542338e-01 
9.542338e-01 
9.542338e-01 
9.542338e-01 
9.542338e-01 
9.542338e-01 
9.542338e-01 
9.542338e-01 
9.542338e-01 
9.542338e-01 
9.542338e-01 
9.542338e-01 
9.542338e-01 
9.542338e-01 
9.542338e-01 
9.542338e-01 
9.542338e-01 
9.542338e-01 
9.542338e-01 
9.542338e-01 
9.542338e-01 
9.542338e-01 
9.542338e-01 
9.542338e-01 
9.542338e-01 
9.542338e-01 
9.542338e-01 
9.542338e-01 
9.542338e-01 
9.542338e-01 
9.542338e-01 
9.542338e-01 
9.542338e-01 
9.542338e-01 
9.542338e-01 
9.542338e-01 
9.542338e-01 
9.542338e-01 
9.542338e-01 
9.542338e-01 
9.542338e-01 
9.542338e-01 
9.542338e-01 
9.542338e-01 
9.542338e-01 
9.542338e-01 
9.542338e-01 
9.542338e-01 
9.542338e-01 
9.542338e-01 
9.542338e-01 
9.542338e-01 
9.542338e-01 
9.542338e-01 
9.542338e-01 
9.542338e-01 
9.542338e-01 
9.542338e-01 
9.542338e-01 
9.542338e-01 
9.542338e-01 
9.542338e-01 
9.542338e-01 
9.542338e-01 
9.542338e-01 
9.542338e-01 
9.542338e-01 
9.542338e-01 
9.542338e-01 
9.542338e-01 
9.542338e-01 
9.542338e-01 
9.542338e-01 
9.542338e-01 
9.542338e-01 
9.542338e-01 
9.542338e-01 
9.542338e-01 
9.542338e-01 
9.542338e-01 
9.542338e-01 
9.542338e-01 
9.542338e-01 
9.542338e-01 
9.542338e-01 
9.542338e-01 
9.542338e-01 
9.542338e-01 
9.542338e-01 
9.542338e-01 
9.542338e-01 
9.542338e-01 
9.542338e-01 
9.542338e-01 
9.542338e-01 
9.542338e-01 
9.542338e-01 
9.483852e-01 
9.174361e-01 
8.809813e-01 
8.399212e-01 
7.950656e-01 
7.469640e-01 
6.959118e-01 
6.420433e-01 
5.850079e-01 
5.242922e-01 
4.588381e-01 
3.857876e-01 
3.001303e-01 
1.886700e-01 
2.843953e-02 
7.701136e-03 
2.159077e-03 
1.248769e-03 
8.507847e-04 
6.159560e-04 
4.645700e-04 
3.611362e-04 
2.874361e-04 
2.332074e-04 
1.921329e-04 
1.605196e-04 
1.352913e-04 
1.156246e-04 
1.002897e-04 
8.665888e-05 
7.541562e-05 
6.605763e-05 
5.819982e-05 
5.279744e-05 
4.695845e-05 
4.194085e-05 
3.761754e-05 
3.387286e-05 
3.061255e-05 
2.776013e-05 
2.525392e-05 
2.304266e-05 
2.108442e-05 
1.934385e-05 
1.779135e-05 
1.616432e-05 
1.494362e-05 
1.384457e-05 
1.285211e-05 
1.195387e-05 
1.113893e-05 
1.039772e-05 
9.722366e-06 
9.105598e-06 
8.532731e-06 
8.017008e-06 
7.543203e-06 
7.108315e-06 
6.708131e-06 
6.339855e-06 
6.001203e-06 
5.689877e-06 
5.408296e-06 
5.153065e-06 
4.893065e-06 
4.627941e-06 
4.395226e-06 
4.202285e-06 
4.004683e-06 
3.835813e-06 
3.645826e-06 
3.539057e-06 
3.371943e-06 
3.215514e-06 
3.130696e-06 
2.990381e-06 
2.857073e-06 
2.730533e-06 
2.610295e-06 
2.496008e-06 
2.378980e-06 
2.326034e-06 
2.325327e-06 
2.319613e-06 
2.315949e-06 
2.315591e-06 
2.315568e-06 
2.315566e-06 
2.315566e-06 
2.315566e-06 
2.315566e-06 
2.315566e-06 
2.315566e-06 
2.315566e-06 
2.315566e-06 
2.315566e-06 
2.315566e-06 
2.315566e-06 
2.315566e-06 
2.315566e-06 
2.315566e-06 
2.315566e-06 
2.315566e-06 
2.315566e-06 
2.315566e-06 
2.315566e-06 
2.315566e-06 
2.315566e-06 
2.315566e-06 
2.315566e-06 
2.315566e-06 
2.315566e-06 
2.315566e-06 
2.315566e-06 
2.315566e-06 
2.315566e-06 
2.315566e-06 
2.315566e-06 
2.315566e-06 
2.315566e-06 
2.315566e-06 
2.315566e-06 
2.315566e-06 
2.315566e-06 
2.315566e-06 
2.315566e-06 
2.315566e-06 
2.315566e-06 
2.315566e-06 
2.315566e-06 
2.315566e-06 
2.315566e-06 
2.315566e-06 
2.315566e-06 
2.315566e-06 
2.315566e-06 
2.315566e-06 
2.315566e-06 
2.315566e-06 
2.315566e-06 
2.315566e-06 
2.315566e-06 
2.315566e-06 
2.315566e-06 
2.315566e-06 
2.315566e-06 
2.315566e-06 
2.315566e-06 
2.315566e-06 
2.315566e-06 
2.315566e-06 
2.315566e-06 
2.315566e-06 
2.315566e-06 
2.315566e-06 
2.315566e-06 
2.315566e-06 
2.315566e-06 
2.315566e-06 
2.315566e-06 
2.315566e-06 
2.315566e-06 
2.315566e-06 
2.315566e-06 
2.315566e-06 
2.315566e-06 
2.315566e-06 
2.315566e-06 
2.315566e-06 
2.315566e-06 
2.315566e-06 
2.315566e-06 
2.315566e-06 
2.315566e-06 
2.315566e-06 
2.315566e-06 
2.315566e-06 
2.315566e-06 
2.315566e-06 
2.315566e-06 
2.315566e-06 
2.315566e-06 
2.315566e-06 
2.315566e-06 
2.315566e-06 
2.315566e-06 
2.315566e-06 
2.315566e-06 
2.315566e-06 
2.315566e-06 
2.315566e-06 
2.315566e-06 
2.315566e-06 
2.315566e-06 
2.315566e-06 
2.315566e-06 
2.315566e-06 
2.315566e-06 
2.315566e-06 
2.315566e-06 
2.315566e-06 
2.315566e-06 
2.315566e-06 
2.315566e-06 
2.315566e-06 
2.315566e-06 
2.315566e-06 
2.315566e-06 
2.315566e-06 
2.315566e-06 
2.315566e-06 
2.315566e-06 
2.315566e-06 
2.315566e-06 
2.315566e-06 
2.315566e-06 
2.315566e-06 
2.315566e-06 
2.315566e-06 
2.315566e-06 
2.315566e-06 
2.315566e-06 
2.315566e-06 
2.315566e-06 
2.315566e-06 
2.315566e-06 
2.315566e-06 
2.315566e-06 
2.315566e-06 
2.315566e-06 
2.315566e-06 
2.315566e-06 
2.315566e-06 
2.315566e-06 
2.315566e-06 
2.315566e-06 
2.315566e-06 
2.315566e-06 
2.315566e-06 
2.315566e-06 
2.315566e-06 
2.315566e-06 
2.315566e-06 
2.315566e-06 
2.315566e-06 
2.315566e-06 
2.315566e-06 
2.315566e-06 
2.315566e-06 
2.315566e-06 
2.319888e-06 
2.349210e-06 
2.412515e-06 
2.478630e-06 
2.571262e-06 
2.667703e-06 
2.748327e-06 
2.830252e-06 
2.916328e-06 
3.006529e-06 
3.101349e-06 
3.201078e-06 
3.306067e-06 
3.416626e-06 
3.533182e-06 
3.656168e-06 
3.786074e-06 
3.923451e-06 
4.068796e-06 
4.222764e-06 
4.386058e-06 
4.559436e-06 
4.743832e-06 
4.939928e-06 
5.139656e-06 
5.361794e-06 
5.599069e-06 
5.852966e-06 
6.043530e-06 
6.329455e-06 
6.636561e-06 
6.966972e-06 
7.323151e-06 
7.707693e-06 
8.123621e-06 
8.574437e-06 
8.893584e-06 
9.409752e-06 
9.974092e-06 
1.059068e-05 
1.126619e-05 
1.200831e-05 
1.282592e-05 
1.372914e-05 
1.473030e-05 
1.584381e-05 
1.754585e-05 
1.899852e-05 
2.063268e-05 
2.248242e-05 
2.458607e-05 
2.699119e-05 
2.975508e-05 
3.391641e-05 
3.778866e-05 
4.232112e-05 
4.832606e-05 
5.519683e-05 
6.311384e-05 
7.252660e-05 
8.373023e-05 
9.699497e-05 
1.124767e-04 
1.301914e-04 
1.499582e-04 
1.714385e-04 
1.941990e-04 
2.178175e-04 
2.420250e-04 
2.664771e-04 
2.904086e-04 
3.159224e-04 
3.415012e-04 
3.637132e-04 
3.895310e-04 
4.149475e-04 
4.395828e-04 
4.629340e-04 
4.843755e-04 
4.956428e-04 
5.125378e-04 
5.212142e-04 
5.223673e-04 
5.225332e-04 
5.225409e-04 
5.225413e-04 
5.225412e-04 
5.225412e-04 
5.225412e-04 
5.225412e-04 
5.225412e-04 
5.225412e-04 
5.225412e-04 
5.225412e-04 
5.225412e-04 
5.225412e-04 
5.225412e-04 
5.225412e-04 
5.225412e-04 
5.225412e-04 
5.225412e-04 
5.225412e-04 
5.225412e-04 
5.225412e-04 
5.225412e-04 
5.225412e-04 
5.225412e-04 
5.225412e-04 
5.225412e-04 
5.225412e-04 
5.225412e-04 
5.225412e-04 
5.225412e-04 
5.225412e-04 
5.225412e-04 
5.225412e-04 
5.225412e-04 
5.225412e-04 
5.225412e-04 
5.225412e-04 
5.225412e-04 
5.225412e-04 
5.225412e-04 
5.225412e-04 
5.225412e-04 
5.225412e-04 
5.225412e-04 
5.225412e-04 
5.225412e-04 
5.225412e-04 
5.225412e-04 
5.225412e-04 
5.225412e-04 
5.225412e-04 
5.225412e-04 
5.225412e-04 
5.225412e-04 
5.225412e-04 
5.225412e-04 
5.225412e-04 
5.225412e-04 
5.225412e-04 
5.225412e-04 
5.225412e-04 
5.225412e-04 
5.225412e-04 
5.225412e-04 
5.225412e-04 
5.225412e-04 
5.225412e-04 
5.225412e-04 
5.225412e-04 
5.225412e-04 
5.225412e-04 
5.225412e-04 
5.225412e-04 
5.225412e-04 
5.225412e-04 
5.225412e-04 
5.225412e-04 
5.225412e-04 
5.225412e-04 
5.225412e-04 
5.225412e-04 
5.225412e-04 
5.225412e-04 
5.225412e-04 
5.225412e-04 
5.225412e-04 
5.225412e-04 
5.225412e-04 
5.225412e-04 
5.225412e-04 
5.225412e-04 
5.225412e-04 
5.225412e-04 
5.225412e-04 
5.225412e-04 
5.225412e-04 
5.225412e-04 
5.225412e-04 
5.225412e-04 
5.225412e-04 
5.225412e-04 
5.225412e-04 
5.225412e-04 
5.225412e-04 
5.225412e-04 
5.225412e-04 
5.225412e-04 
5.225412e-04 
5.225412e-04 
5.225412e-04 
5.225412e-04 
5.225412e-04 
5.225412e-04 
5.225412e-04 
5.225412e-04 
5.225412e-04 
5.225412e-04 
5.225412e-04 
5.225412e-04 
5.225412e-04 
5.225412e-04 
5.225412e-04 
5.225412e-04 
5.225412e-04 
5.225412e-04 
5.225412e-04 
5.225412e-04 
5.225412e-04 
5.225412e-04 
5.225412e-04 
5.225412e-04 
5.225412e-04 
5.225412e-04 
5.225412e-04 
5.225412e-04 
5.225412e-04 
5.225412e-04 
5.225412e-04 
5.225412e-04 
5.225412e-04 
5.225412e-04 
5.225412e-04 
5.225412e-04 
5.225412e-04 
5.225412e-04 
5.225412e-04 
5.225412e-04 
5.225412e-04 
5.225412e-04 
5.225412e-04 
5.225412e-04 
5.225412e-04 
5.225412e-04 
5.225412e-04 
5.225412e-04 
5.225412e-04 
5.225412e-04 
5.225412e-04 
5.225412e-04 
5.225412e-04 
5.225412e-04 
5.225412e-04 
5.225412e-04 
5.225412e-04 
5.225412e-04 
5.225412e-04 
5.225412e-04 
5.262290e-04 
5.473705e-04 
5.691770e-04 
5.922150e-04 
6.165535e-04 
6.423893e-04 
6.695323e-04 
6.981335e-04 
7.280970e-04 
7.196903e-04 
7.532191e-04 
7.890654e-04 
8.273512e-04 
8.682939e-04 
9.121082e-04 
9.590591e-04 
1.009427e-03 
1.063553e-03 
1.121740e-03 
1.184306e-03 
1.251657e-03 
1.324260e-03 
1.402685e-03 
1.487460e-03 
1.579319e-03 
1.678946e-03 
1.786967e-03 
1.904947e-03 
2.033620e-03 
2.174269e-03 
2.324574e-03 
2.493139e-03 
2.678568e-03 
2.882895e-03 
3.108618e-03 
3.358605e-03 
3.585629e-03 
3.888434e-03 
4.226441e-03 
4.604690e-03 
5.126041e-03 
5.508269e-03 
6.048385e-03 
6.661644e-03 
7.360043e-03 
8.158738e-03 
9.076285e-03 
1.013497e-02 
1.161332e-02 
1.308941e-02 
1.482156e-02 
1.686846e-02 
1.930200e-02 
2.221640e-02 
2.597162e-02 
3.031628e-02 
3.579203e-02 
4.245909e-02 
5.093866e-02 
6.156743e-02 
7.507829e-02 
9.233703e-02 
1.143382e-01 
1.421028e-01 
1.763801e-01 
2.173108e-01 
2.641517e-01 
3.155288e-01 
3.698759e-01 
4.256987e-01 
4.820086e-01 
5.378051e-01 
5.927361e-01 
6.462658e-01 
6.982213e-01 
7.481695e-01 
7.956741e-01 
8.402110e-01 
8.810877e-01 
9.174754e-01 
9.484022e-01 
9.542484e-01 
9.542484e-01 
9.542484e-01 
9.542484e-01 
9.542484e-01 
9.542484e-01 
9.542484e-01 
9.542484e-01 
9.542484e-01 
9.542484e-01 
9.542484e-01 
9.542484e-01 
9.542484e-01 
9.542484e-01 
9.542484e-01 
9.542484e-01 
9.542484e-01 
9.542484e-01 
9.542484e-01 
9.542484e-01 
9.542484e-01 
9.542484e-01 
9.542484e-01 
9.542484e-01 
9.542484e-01 
9.542484e-01 
9.542484e-01 
9.542484e-01 
9.542484e-01 
9.542484e-01 
9.542484e-01 
9.542484e-01 
9.542484e-01 
9.542484e-01 
9.542484e-01 
9.542484e-01 
9.542484e-01 
9.542484e-01 
9.542484e-01 
9.542484e-01 
9.542484e-01 
9.542484e-01 
9.542484e-01 
9.542484e-01 
9.542484e-01 
9.542484e-01 
9.542484e-01 
9.542484e-01 
9.542484e-01 
9.542484e-01 
9.542484e-01 
9.542484e-01 
9.542484e-01 
9.542484e-01 
9.542484e-01 
9.542484e-01 
9.542484e-01 
9.542484e-01 
9.542484e-01 
9.542484e-01 
9.542484e-01 
9.542484e-01 
9.542484e-01 
9.542484e-01 
9.542484e-01 
9.542484e-01 
9.542484e-01 
9.542484e-01 
9.542484e-01 
9.542484e-01 
9.542484e-01 
9.542484e-01 
9.542484e-01 
9.542484e-01 
9.542484e-01 
9.542484e-01 
9.542484e-01 
9.542484e-01 
9.542484e-01 
9.542484e-01 
9.542484e-01 
9.542484e-01 
9.542484e-01 
9.542484e-01 
9.542484e-01 
9.542484e-01 
9.542484e-01 
9.542484e-01 
9.542484e-01 
9.542484e-01 
9.542484e-01 
9.542484e-01 
9.542484e-01 
9.542484e-01 
9.542484e-01 
9.542484e-01 
9.542484e-01 
9.542484e-01 
9.542484e-01 
9.542484e-01 
9.542484e-01 
9.542484e-01 
9.542484e-01 
9.542484e-01 
9.542484e-01 
9.542484e-01 
9.542484e-01 
9.542484e-01 
9.542484e-01 
9.542484e-01 
9.542484e-01 
9.542484e-01 
9.542484e-01 
9.542484e-01 
9.542484e-01 
9.542484e-01 
9.542484e-01 
9.542484e-01 
9.542484e-01 
9.542484e-01 
9.542484e-01 
9.542484e-01 
9.542484e-01 
9.542484e-01 
9.542484e-01 
9.542484e-01 
9.542484e-01 
9.542484e-01 
9.542484e-01 
9.542484e-01 
9.542484e-01 
9.542484e-01 
9.542484e-01 
9.542484e-01 
9.542484e-01 
9.542484e-01 
9.542484e-01 
9.542484e-01 
9.542484e-01 
9.542484e-01 
9.542484e-01 
9.542484e-01 
9.542484e-01 
9.542484e-01 
9.542484e-01 
9.542484e-01 
9.542484e-01 
9.542484e-01 
9.542484e-01 
9.542484e-01 
9.542484e-01 
9.542484e-01 
9.542484e-01 
9.542484e-01 
9.542484e-01 
9.542484e-01 
9.542484e-01 
9.542484e-01 
9.542484e-01 
9.542484e-01 
9.542484e-01 
9.542484e-01 
9.542484e-01 
9.542484e-01 
9.542484e-01 
9.542484e-01 
9.542484e-01 
9.542484e-01 
9.542484e-01 
9.542484e-01 
9.542482e-01 
9.542481e-01 
9.542479e-01 
9.542477e-01 
9.542475e-01 
9.542474e-01 
9.542471e-01 
9.542468e-01 
9.542467e-01 
9.542465e-01 
9.542462e-01 
9.542459e-01 
9.542455e-01 
9.542452e-01 
9.542448e-01 
9.542445e-01 
9.542441e-01 
9.542436e-01 
9.542434e-01 
9.542429e-01 
9.542425e-01 
9.542421e-01 
9.542418e-01 
9.542414e-01 
9.542410e-01 
9.542407e-01 
9.542404e-01 
9.542400e-01 
9.542397e-01 
9.542395e-01 
9.542393e-01 
9.542390e-01 
9.542388e-01 
9.542386e-01 
9.542384e-01 
9.542381e-01 
9.542379e-01 
9.542378e-01 
9.542375e-01 
9.542373e-01 
9.542372e-01 
9.542371e-01 
9.542369e-01 
9.542368e-01 
9.542367e-01 
9.542365e-01 
9.542364e-01 
9.542363e-01 
9.542361e-01 
9.542359e-01 
9.542359e-01 
9.542358e-01 
9.542357e-01 
9.542356e-01 
9.542355e-01 
9.542354e-01 
9.542353e-01 
9.542351e-01 
9.542351e-01 
9.542350e-01 
9.542350e-01 
9.542348e-01 
9.542348e-01 
9.542347e-01 
9.542346e-01 
9.542346e-01 
9.542345e-01 
9.542345e-01 
9.542344e-01 
9.542343e-01 
9.542342e-01 
9.542342e-01 
9.542341e-01 
9.542341e-01 
9.542340e-01 
9.542340e-01 
9.542339e-01 
9.542339e-01 
9.542338e-01 
9.542338e-01 
9.542337e-01 
9.542338e-01 
9.542338e-01 
9.542338e-01 
9.542338e-01 
9.542338e-01 
9.542338e-01 
9.542338e-01 
9.542338e-01 
9.542338e-01 
9.542338e-01 
9.542338e-01 
9.542338e-01 
9.542338e-01 
9.542338e-01 
9.542338e-01 
9.542338e-01 
9.542338e-01 
9.542338e-01 
9.542338e-01 
9.542338e-01 
9.542338e-01 
9.542338e-01 
9.542338e-01 
9.542338e-01 
9.542338e-01 
9.542338e-01 
9.542338e-01 
9.542338e-01 
9.542338e-01 
9.542338e-01 
9.542338e-01 
9.542338e-01 
9.542338e-01 
9.542338e-01 
9.542338e-01 
9.542338e-01 
9.542338e-01 
9.542338e-01 
9.542338e-01 
9.542338e-01 
9.542338e-01 
9.542338e-01 
9.542338e-01 
9.542338e-01 
9.542338e-01 
9.542338e-01 
9.542338e-01 
9.542338e-01 
9.542338e-01 
9.542338e-01 
9.542338e-01 
9.542338e-01 
9.542338e-01 
9.542338e-01 
9.542338e-01 
9.542338e-01 
9.542338e-01 
9.542338e-01 
9.542338e-01 
9.542338e-01 
9.542338e-01 
9.542338e-01 
9.542338e-01 
9.542338e-01 
9.542338e-01 
9.542338e-01 
9.542338e-01 
9.542338e-01 
9.542338e-01 
9.542338e-01 
9.542338e-01 
9.542338e-01 
9.542338e-01 
9.542338e-01 
9.542338e-01 
9.542338e-01 
9.542338e-01 
9.542338e-01 
9.542338e-01 
9.542338e-01 
9.542338e-01 
9.542338e-01 
9.542338e-01 
9.542338e-01 
9.542338e-01 
9.542338e-01 
9.542338e-01 
9.542338e-01 
9.542338e-01 
9.542338e-01 
9.542338e-01 
9.542338e-01 
9.542338e-01 
9.542338e-01 
9.542338e-01 
9.542338e-01 
9.542338e-01 
9.542338e-01 
9.542338e-01 
9.542338e-01 
9.542338e-01 
9.542338e-01 
9.542338e-01 
9.542338e-01 
9.542338e-01 
9.542338e-01 
9.542338e-01 
9.542338e-01 
9.542338e-01 
9.542338e-01 
9.542338e-01 
9.542338e-01 
9.542338e-01 
9.542338e-01 
9.542338e-01 
9.542338e-01 
9.542338e-01 
9.542338e-01 
9.542338e-01 
9.542338e-01 
9.542338e-01 
9.542338e-01 
9.542338e-01 
9.542338e-01 
9.542338e-01 
9.542338e-01 
9.542338e-01 
9.542338e-01 
9.542338e-01 
9.542338e-01 
9.542338e-01 
9.542338e-01 
9.542338e-01 
9.542338e-01 
9.542338e-01 
9.542338e-01 
9.542338e-01 
9.542338e-01 
9.542338e-01 
9.542338e-01 
9.542338e-01 
9.542338e-01 
9.542338e-01 
9.542338e-01 
9.542338e-01 
9.542338e-01 
9.542338e-01 
9.542338e-01 
9.542338e-01 
9.542338e-01 
9.542338e-01 
9.542338e-01 
9.542338e-01 
9.542338e-01 
9.542338e-01 
9.542338e-01 
9.542338e-01 
9.542338e-01 
9.542338e-01 
9.542338e-01 
9.542338e-01 
9.542338e-01 
9.542338e-01 
9.542338e-01 
9.542338e-01 
9.542338e-01 
9.542338e-01 
9.542338e-01 
9.483919e-01 
9.174442e-01 
8.809905e-01 
8.399251e-01 
7.950699e-01 
7.469758e-01 
6.959259e-01 
6.420567e-01 
5.850131e-01 
5.242978e-01 
4.588543e-01 
3.858060e-01 
3.001672e-01 
1.886822e-01 
2.844760e-02 
7.704235e-03 
2.159484e-03 
1.248985e-03 
8.508164e-04 
6.159745e-04 
4.646001e-04 
3.611572e-04 
2.874418e-04 
2.332115e-04 
1.921416e-04 
1.605264e-04 
1.352966e-04 
1.156263e-04 
1.002911e-04 
8.666161e-05 
7.541807e-05 
6.605968e-05 
5.820054e-05 
5.279800e-05 
4.695892e-05 
4.194127e-05 
3.761832e-05 
3.387291e-05 
3.061236e-05 
2.776026e-05 
2.525412e-05 
2.304308e-05 
2.108439e-05 
1.934373e-05 
1.779142e-05 
1.616443e-05 
1.494354e-05 
1.384449e-05 
1.285216e-05 
1.195391e-05 
1.113895e-05 
1.039761e-05 
9.722219e-06 
9.105482e-06 
8.532467e-06 
8.016515e-06 
7.542133e-06 
7.106190e-06 
6.703783e-06 
6.330261e-06 
5.977286e-06 
5.616135e-06 
5.167243e-06 
4.346826e-06 
3.170865e-06 
2.025506e-06 
1.055674e-06 
2.407307e-07 
-5.030603e-07 
-1.138373e-06 
-1.715533e-06 
-2.164955e-06 
-2.594325e-06 
-2.954645e-06 
-3.093619e-06 
-3.352890e-06 
-3.559687e-06 
-3.717091e-06 
-3.827455e-06 
-3.892525e-06 
-3.882368e-06 
-3.952392e-06 
-3.956734e-06 
-3.967672e-06 
-3.967399e-06 
-3.967326e-06 
-3.967320e-06 
-3.967320e-06 
-3.967320e-06 
-3.967320e-06 
-3.967320e-06 
-3.967320e-06 
-3.967320e-06 
-3.967320e-06 
-3.967320e-06 
-3.967320e-06 
-3.967320e-06 
-3.967320e-06 
-3.967320e-06 
-3.967320e-06 
-3.967320e-06 
-3.967320e-06 
-3.967320e-06 
-3.967320e-06 
-3.967320e-06 
-3.967320e-06 
-3.967320e-06 
-3.967320e-06 
-3.967320e-06 
-3.967320e-06 
-3.967320e-06 
-3.967320e-06 
-3.967320e-06 
-3.967320e-06 
-3.967320e-06 
-3.967320e-06 
-3.967320e-06 
-3.967320e-06 
-3.967320e-06 
-3.967320e-06 
-3.967320e-06 
-3.967320e-06 
-3.967320e-06 
-3.967320e-06 
-3.967320e-06 
-3.967320e-06 
-3.967320e-06 
-3.967320e-06 
-3.967320e-06 
-3.967320e-06 
-3.967320e-06 
-3.967320e-06 
-3.967320e-06 
-3.967320e-06 
-3.967320e-06 
-3.967320e-06 
-3.967320e-06 
-3.967320e-06 
-3.967320e-06 
-3.967320e-06 
-3.967320e-06 
-3.967320e-06 
-3.967320e-06 
-3.967320e-06 
-3.967320e-06 
-3.967320e-06 
-3.967320e-06 
-3.967320e-06 
-3.967320e-06 
-3.967320e-06 
-3.967320e-06 
-3.967320e-06 
-3.967320e-06 
-3.967320e-06 
-3.967320e-06 
-3.967320e-06 
-3.967320e-06 
-3.967320e-06 
-3.967320e-06 
-3.967320e-06 
-3.967320e-06 
-3.967320e-06 
-3.967320e-06 
-3.967320e-06 
-3.967320e-06 
-3.967320e-06 
-3.967320e-06 
-3.967320e-06 
-3.967320e-06 
-3.967320e-06 
-3.967320e-06 
-3.967320e-06 
-3.967320e-06 
-3.967320e-06 
-3.967320e-06 
-3.967320e-06 
-3.967320e-06 
-3.967320e-06 
-3.967320e-06 
-3.967320e-06 
-3.967320e-06 
-3.967320e-06 
-3.967320e-06 
-3.967320e-06 
-3.967320e-06 
-3.967320e-06 
-3.967320e-06 
-3.967320e-06 
-3.967320e-06 
-3.967320e-06 
-3.967320e-06 
-3.967320e-06 
-3.967320e-06 
-3.967320e-06 
-3.967320e-06 
-3.967320e-06 
-3.967320e-06 
-3.967320e-06 
-3.967320e-06 
-3.967320e-06 
-3.967320e-06 
-3.967320e-06 
-3.967320e-06 
-3.967320e-06 
-3.967320e-06 
-3.967320e-06 
-3.967320e-06 
-3.967320e-06 
-3.967320e-06 
-3.967320e-06 
-3.967320e-06 
-3.967320e-06 
-3.967320e-06 
-3.967320e-06 
-3.967320e-06 
-3.967320e-06 
-3.967320e-06 
-3.967320e-06 
-3.967320e-06 
-3.967320e-06 
-3.967320e-06 
-3.967320e-06 
-3.967320e-06 
-3.967320e-06 
-3.967320e-06 
-3.967320e-06 
-3.967320e-06 
-3.967320e-06 
-3.967320e-06 
-3.967320e-06 
-3.967320e-06 
-3.967320e-06 
-3.967320e-06 
-3.967320e-06 
-3.967320e-06 
-3.967320e-06 
-3.967320e-06 
-3.967320e-06 
-3.967320e-06 
-3.967320e-06 
-3.967320e-06 
-3.967320e-06 
-3.967320e-06 
-3.967320e-06 
-3.967320e-06 
-3.967320e-06 
-3.967320e-06 
-3.967320e-06 
-3.967320e-06 
-3.967320e-06 
-3.966246e-06 
-3.949979e-06 
-3.890716e-06 
-3.826772e-06 
-3.735959e-06 
-3.662004e-06 
-3.537016e-06 
-3.448716e-06 
-3.377712e-06 
-3.257897e-06 
-3.152487e-06 
-3.039989e-06 
-2.919678e-06 
-2.790864e-06 
-2.652925e-06 
-2.505046e-06 
-2.346378e-06 
-2.175978e-06 
-1.992756e-06 
-1.795685e-06 
-1.583430e-06 
-1.354644e-06 
-1.108110e-06 
-8.473990e-07 
-6.126111e-07 
-3.048423e-07 
2.877091e-08 
3.909370e-07 
6.592510e-07 
1.076970e-06 
1.532107e-06 
2.028630e-06 
2.571192e-06 
3.164888e-06 
3.815446e-06 
4.529577e-06 
5.062579e-06 
5.877958e-06 
6.800626e-06 
7.819674e-06 
8.947405e-06 
1.019776e-05 
1.158665e-05 
1.313250e-05 
1.547931e-05 
1.749058e-05 
1.973029e-05 
2.224096e-05 
2.505856e-05 
2.822411e-05 
3.178240e-05 
3.578310e-05 
4.027798e-05 
4.675280e-05 
5.255083e-05 
5.900767e-05 
6.723799e-05 
7.556422e-05 
8.429607e-05 
9.374010e-05 
1.038972e-04 
1.147453e-04 
1.262483e-04 
1.383810e-04 
1.511243e-04 
1.644733e-04 
1.784459e-04 
1.930720e-04 
2.084112e-04 
2.244982e-04 
2.410651e-04 
2.593583e-04 
2.788926e-04 
2.984453e-04 
3.211298e-04 
3.455282e-04 
3.716405e-04 
3.992807e-04 
4.279308e-04 
4.445771e-04 
4.723452e-04 
4.874760e-04 
4.897634e-04 
4.899015e-04 
4.899100e-04 
4.899106e-04 
4.899106e-04 
4.899106e-04 
4.899106e-04 
4.899106e-04 
4.899106e-04 
4.899106e-04 
4.899106e-04 
4.899106e-04 
4.899106e-04 
4.899106e-04 
4.899106e-04 
4.899106e-04 
4.899106e-04 
4.899106e-04 
4.899106e-04 
4.899106e-04 
4.899106e-04 
4.899106e-04 
4.899106e-04 
4.899106e-04 
4.899106e-04 
4.899106e-04 
4.899106e-04 
4.899106e-04 
4.899106e-04 
4.899106e-04 
4.899106e-04 
4.899106e-04 
4.899106e-04 
4.899106e-04 
4.899106e-04 
4.899106e-04 
4.899106e-04 
4.899106e-04 
4.899106e-04 
4.899106e-04 
4.899106e-04 
4.899106e-04 
4.899106e-04 
4.899106e-04 
4.899106e-04 
4.899106e-04 
4.899106e-04 
4.899106e-04 
4.899106e-04 
4.899106e-04 
4.899106e-04 
4.899106e-04 
4.899106e-04 
4.899106e-04 
4.899106e-04 
4.899106e-04 
4.899106e-04 
4.899106e-04 
4.899106e-04 
4.899106e-04 
4.899106e-04 
4.899106e-04 
4.899106e-04 
4.899106e-04 
4.899106e-04 
4.899106e-04 
4.899106e-04 
4.899106e-04 
4.899106e-04 
4.899106e-04 
4.899106e-04 
4.899106e-04 
4.899106e-04 
4.899106e-04 
4.899106e-04 
4.899106e-04 
4.899106e-04 
4.899106e-04 
4.899106e-04 
4.899106e-04 
4.899106e-04 
4.899106e-04 
4.899106e-04 
4.899106e-04 
4.899106e-04 
4.899106e-04 
4.899106e-04 
4.899106e-04 
4.899106e-04 
4.899106e-04 
4.899106e-04 
4.899106e-04 
4.899106e-04 
4.899106e-04 
4.899106e-04 
4.899106e-04 
4.899106e-04 
4.899106e-04 
4.899106e-04 
4.899106e-04 
4.899106e-04 
4.899106e-04 
4.899106e-04 
4.899106e-04 
4.899106e-04 
4.899106e-04 
4.899106e-04 
4.899106e-04 
4.899106e-04 
4.899106e-04 
4.899106e-04 
4.899106e-04 
4.899106e-04 
4.899106e-04 
4.899106e-04 
4.899106e-04 
4.899106e-04 
4.899106e-04 
4.899106e-04 
4.899106e-04 
4.899106e-04 
4.899106e-04 
4.899106e-04 
4.899106e-04 
4.899106e-04 
4.899106e-04 
4.899106e-04 
4.899106e-04 
4.899106e-04 
4.899106e-04 
4.899106e-04 
4.899106e-04 
4.899106e-04 
4.899106e-04 
4.899106e-04 
4.899106e-04 
4.899106e-04 
4.899106e-04 
4.899106e-04 
4.899106e-04 
4.899106e-04 
4.899106e-04 
4.899106e-04 
4.899106e-04 
4.899106e-04 
4.899106e-04 
4.899106e-04 
4.899106e-04 
4.899106e-04 
4.899106e-04 
4.899106e-04 
4.899106e-04 
4.899106e-04 
4.899106e-04 
4.899106e-04 
4.899106e-04 
4.899106e-04 
4.899106e-04 
4.899106e-04 
4.899106e-04 
4.899106e-04 
4.899106e-04 
4.899106e-04 
4.899106e-04 
4.899106e-04 
4.899106e-04 
4.899106e-04 
4.899106e-04 
4.933810e-04 
5.133609e-04 
5.340799e-04 
5.560250e-04 
5.792765e-04 
6.042626e-04 
6.305100e-04 
6.583726e-04 
6.880147e-04 
7.195618e-04 
7.531813e-04 
7.890443e-04 
8.273400e-04 
8.682934e-04 
9.121111e-04 
9.590623e-04 
1.009430e-03 
1.063538e-03 
1.121743e-03 
1.184310e-03 
1.251661e-03 
1.324265e-03 
1.402684e-03 
1.487477e-03 
1.579325e-03 
1.678953e-03 
1.786976e-03 
1.904955e-03 
2.033632e-03 
2.174278e-03 
2.324583e-03 
2.493149e-03 
2.678580e-03 
2.882908e-03 
3.108632e-03 
3.358629e-03 
3.585649e-03 
3.888460e-03 
4.226466e-03 
4.604714e-03 
5.128605e-03 
5.508076e-03 
6.048211e-03 
6.661487e-03 
7.359865e-03 
8.158532e-03 
9.075828e-03 
1.013462e-02 
1.161300e-02 
1.308903e-02 
1.482111e-02 
1.686793e-02 
1.930136e-02 
2.221565e-02 
2.597068e-02 
3.031653e-02 
3.579238e-02 
4.245954e-02 
5.093923e-02 
6.156812e-02 
7.507921e-02 
9.233817e-02 
1.143397e-01 
1.421047e-01 
1.763823e-01 
2.173003e-01 
2.641548e-01 
3.155320e-01 
3.698792e-01 
4.257037e-01 
4.819952e-01 
5.378100e-01 
5.927394e-01 
6.462688e-01 
6.982243e-01 
7.481724e-01 
7.956770e-01 
8.402135e-01 
8.810913e-01 
9.174774e-01 
9.484047e-01 
9.542484e-01 
9.542484e-01 
9.542484e-01 
9.542484e-01 
9.542484e-01 
9.542484e-01 
9.542484e-01 
9.542484e-01 
9.542484e-01 
9.542484e-01 
9.542484e-01 
9.542484e-01 
9.542484e-01 
9.542484e-01 
9.542484e-01 
9.542484e-01 
9.542484e-01 
9.542484e-01 
9.542484e-01 
9.542484e-01 
9.542484e-01 
9.542484e-01 
9.542484e-01 
9.542484e-01 
9.542484e-01 
9.542484e-01 
9.542484e-01 
9.542484e-01 
9.542484e-01 
9.542484e-01 
9.542484e-01 
9.542484e-01 
9.542484e-01 
9.542484e-01 
9.542484e-01 
9.542484e-01 
9.542484e-01 
9.542484e-01 
9.542484e-01 
9.542484e-01 
9.542484e-01 
9.542484e-01 
9.542484e-01 
9.542484e-01 
9.542484e-01 
9.542484e-01 
9.542484e-01 
9.542484e-01 
9.542484e-01 
9.542484e-01 
9.542484e-01 
9.542484e-01 
9.542484e-01 
9.542484e-01 
9.542484e-01 
9.542484e-01 
9.542484e-01 
9.542484e-01 
9.542484e-01 
9.542484e-01 
9.542484e-01 
9.542484e-01 
9.542484e-01 
9.542484e-01 
9.542484e-01 
9.542484e-01 
9.542484e-01 
9.542484e-01 
9.542484e-01 
9.542484e-01 
9.542484e-01 
9.542484e-01 
9.542484e-01 
9.542484e-01 
9.542484e-01 
9.542484e-01 
9.542484e-01 
9.542484e-01 
9.542484e-01 
9.542484e-01 
9.542484e-01 
9.542484e-01 
9.542484e-01 
9.542484e-01 
9.542484e-01 
9.542484e-01 
9.542484e-01 
9.542484e-01 
9.542484e-01 
9.542484e-01 
9.542484e-01 
9.542484e-01 
9.542484e-01 
9.542484e-01 
9.542484e-01 
9.542484e-01 
9.542484e-01 
9.542484e-01 
9.542484e-01 
9.542484e-01 
9.542484e-01 
9.542484e-01 
9.542484e-01 
9.542484e-01 
9.542484e-01 
9.542484e-01 
9.542484e-01 
9.542484e-01 
9.542484e-01 
9.542484e-01 
9.542484e-01 
9.542484e-01 
9.542484e-01 
9.542484e-01 
9.542484e-01 
9.542484e-01 
9.542484e-01 
9.542484e-01 
9.542484e-01 
9.542484e-01 
9.542484e-01 
9.542484e-01 
9.542484e-01 
9.542484e-01 
9.542484e-01 
9.542484e-01 
9.542484e-01 
9.542484e-01 
9.542484e-01 
9.542484e-01 
9.542484e-01 
9.542484e-01 
9.542484e-01 
9.542484e-01 
9.542484e-01 
9.542484e-01 
9.542484e-01 
9.542484e-01 
9.542484e-01 
9.542484e-01 
9.542484e-01 
9.542484e-01 
9.542484e-01 
9.542484e-01 
9.542484e-01 
9.542484e-01 
9.542484e-01 
9.542484e-01 
9.542484e-01 
9.542484e-01 
9.542484e-01 
9.542484e-01 
9.542484e-01 
9.542484e-01 
9.542484e-01 
9.542484e-01 
9.542484e-01 
9.542484e-01 
9.542484e-01 
9.542484e-01 
9.542484e-01 
9.542484e-01 
9.542484e-01 
9.542484e-01 
9.542484e-01 
9.542484e-01 
9.542484e-01 
9.542484e-01 
9.542484e-01 
9.542484e-01 
9.542482e-01 
9.542481e-01 
9.542479e-01 
9.542477e-01 
9.542475e-01 
9.542474e-01 
9.542471e-01 
9.542468e-01 
9.542467e-01 
9.542465e-01 
9.542462e-01 
9.542459e-01 
9.542455e-01 
9.542452e-01 
9.542448e-01 
9.542445e-01 
9.542441e-01 
9.542436e-01 
9.542434e-01 
9.542429e-01 
9.542425e-01 
9.542421e-01 
9.542418e-01 
9.542414e-01 
9.542410e-01 
9.542407e-01 
9.542404e-01 
9.542400e-01 
9.542397e-01 
9.542395e-01 
9.542393e-01 
9.542390e-01 
9.542388e-01 
9.542386e-01 
9.542384e-01 
9.542381e-01 
9.542379e-01 
9.542378e-01 
9.542376e-01 
9.542373e-01 
9.542372e-01 
9.542371e-01 
9.542369e-01 
9.542368e-01 
9.542366e-01 
9.542364e-01 
9.542364e-01 
9.542363e-01 
9.542361e-01 
9.542359e-01 
9.542359e-01 
9.542358e-01 
9.542357e-01 
9.542356e-01 
9.542355e-01 
9.542354e-01 
9.542353e-01 
9.542351e-01 
9.542351e-01 
9.542350e-01 
9.542350e-01 
9.542348e-01 
9.542348e-01 
9.542347e-01 
9.542346e-01 
9.542345e-01 
9.542345e-01 
9.542345e-01 
9.542344e-01 
9.542343e-01 
9.542342e-01 
9.542342e-01 
9.542341e-01 
9.542341e-01 
9.542340e-01 
9.542340e-01 
9.542339e-01 
9.542339e-01 
9.542338e-01 
9.542338e-01 
9.542337e-01 
9.542338e-01 
9.542338e-01 
9.542338e-01 
9.542338e-01 
9.542338e-01 
9.542338e-01 
9.542338e-01 
9.542338e-01 
9.542338e-01 
9.542338e-01 
9.542338e-01 
9.542338e-01 
9.542338e-01 
9.542338e-01 
9.542338e-01 
9.542338e-01 
9.542338e-01 
9.542338e-01 
9.542338e-01 
9.542338e-01 
9.542338e-01 
9.542338e-01 
9.542338e-01 
9.542338e-01 
9.542338e-01 
9.542338e-01 
9.542338e-01 
9.542338e-01 
9.542338e-01 
9.542338e-01 
9.542338e-01 
9.542338e-01 
9.542338e-01 
9.542338e-01 
9.542338e-01 
9.542338e-01 
9.542338e-01 
9.542338e-01 
9.542338e-01 
9.542338e-01 
9.542338e-01 
9.542338e-01 
9.542338e-01 
9.542338e-01 
9.542338e-01 
9.542338e-01 
9.542338e-01 
9.542338e-01 
9.542338e-01 
9.542338e-01 
9.542338e-01 
9.542338e-01 
9.542338e-01 
9.542338e-01 
9.542338e-01 
9.542338e-01 
9.542338e-01 
9.542338e-01 
9.542338e-01 
9.542338e-01 
9.542338e-01 
9.542338e-01 
9.542338e-01 
9.542338e-01 
9.542338e-01 
9.542338e-01 
9.542338e-01 
9.542338e-01 
9.542338e-01 
9.542338e-01 
9.542338e-01 
9.542338e-01 
9.542338e-01 
9.542338e-01 
9.542338e-01 
9.542338e-01 
9.542338e-01 
9.542338e-01 
9.542338e-01 
9.542338e-01 
9.542338e-01 
9.542338e-01 
9.542338e-01 
9.542338e-01 
9.542338e-01 
9.542338e-01 
9.542338e-01 
9.542338e-01 
9.542338e-01 
9.542338e-01 
9.542338e-01 
9.542338e-01 
9.542338e-01 
9.542338e-01 
9.542338e-01 
9.542338e-01 
9.542338e-01 
9.542338e-01 
9.542338e-01 
9.542338e-01 
9.542338e-01 
9.542338e-01 
9.542338e-01 
9.542338e-01 
9.542338e-01 
9.542338e-01 
9.542338e-01 
9.542338e-01 
9.542338e-01 
9.542338e-01 
9.542338e-01 
9.542338e-01 
9.542338e-01 
9.542338e-01 
9.542338e-01 
9.542338e-01 
9.542338e-01 
9.542338e-01 
9.542338e-01 
9.542338e-01 
9.542338e-01 
9.542338e-01 
9.542338e-01 
9.542338e-01 
9.542338e-01 
9.542338e-01 
9.542338e-01 
9.542338e-01 
9.542338e-01 
9.542338e-01 
9.542338e-01 
9.542338e-01 
9.542338e-01 
9.542338e-01 
9.542338e-01 
9.542338e-01 
9.542338e-01 
9.542338e-01 
9.542338e-01 
9.542338e-01 
9.542338e-01 
9.542338e-01 
9.542338e-01 
9.542338e-01 
9.542338e-01 
9.542338e-01 
9.542338e-01 
9.542338e-01 
9.542338e-01 
9.542338e-01 
9.542338e-01 
9.542338e-01 
9.542338e-01 
9.542338e-01 
9.542338e-01 
9.542338e-01 
9.542338e-01 
9.542338e-01 
9.542338e-01 
9.542338e-01 
9.542338e-01 
9.542338e-01 
9.542338e-01 
9.542338e-01 
9.542338e-01 
9.542338e-01 
9.542338e-01 
9.542338e-01 
9.483901e-01 
9.174421e-01 
8.809882e-01 
8.399226e-01 
7.950670e-01 
7.469729e-01 
6.959211e-01 
6.420532e-01 
5.850079e-01 
5.242941e-01 
4.588504e-01 
3.858015e-01 
3.001617e-01 
1.886743e-01 
2.844248e-02 
4.916246e-03 
2.019674e-03 
1.247885e-03 
8.507988e-04 
6.159637e-04 
4.645931e-04 
3.611522e-04 
2.874568e-04 
2.332089e-04 
1.921394e-04 
1.605247e-04 
1.352953e-04 
1.156252e-04 
1.002902e-04 
8.666089e-05 
7.541744e-05 
6.605918e-05 
5.820011e-05 
5.279761e-05 
4.695862e-05 
4.194089e-05 
3.761806e-05 
3.387262e-05 
3.061217e-05 
2.776011e-05 
2.525398e-05 
2.304296e-05 
2.108428e-05 
1.934364e-05 
1.779130e-05 
1.616436e-05 
1.494382e-05 
1.384445e-05 
1.285212e-05 
1.195388e-05 
1.113894e-05 
1.039762e-05 
9.722265e-06 
9.105561e-06 
8.532680e-06 
8.016913e-06 
7.542939e-06 
7.107883e-06 
6.707398e-06 
6.338350e-06 
5.998248e-06 
5.686881e-06 
5.402460e-06 
5.137845e-06 
4.872040e-06 
4.627982e-06 
4.395200e-06 
4.157785e-06 
3.949649e-06 
3.740277e-06 
3.574755e-06 
3.351270e-06 
3.206400e-06 
3.070161e-06 
2.885717e-06 
2.767202e-06 
2.657034e-06 
2.554320e-06 
2.458625e-06 
2.369537e-06 
2.322133e-06 
2.311389e-06 
2.306444e-06 
2.311531e-06 
2.315182e-06 
2.315542e-06 
2.315565e-06 
2.315566e-06 
2.315566e-06 
2.315566e-06 
2.315566e-06 
2.315566e-06 
2.315566e-06 
2.315566e-06 
2.315566e-06 
2.315566e-06 
2.315566e-06 
2.315566e-06 
2.315566e-06 
2.315566e-06 
2.315566e-06 
2.315566e-06 
2.315566e-06 
2.315566e-06 
2.315566e-06 
2.315566e-06 
2.315566e-06 
2.315566e-06 
2.315566e-06 
2.315566e-06 
2.315566e-06 
2.315566e-06 
2.315566e-06 
2.315566e-06 
2.315566e-06 
2.315566e-06 
2.315566e-06 
2.315566e-06 
2.315566e-06 
2.315566e-06 
2.315566e-06 
2.315566e-06 
2.315566e-06 
2.315566e-06 
2.315566e-06 
2.315566e-06 
2.315566e-06 
2.315566e-06 
2.315566e-06 
2.315566e-06 
2.315566e-06 
2.315566e-06 
2.315566e-06 
2.315566e-06 
2.315566e-06 
2.315566e-06 
2.315566e-06 
2.315566e-06 
2.315566e-06 
2.315566e-06 
2.315566e-06 
2.315566e-06 
2.315566e-06 
2.315566e-06 
2.315566e-06 
2.315566e-06 
2.315566e-06 
2.315566e-06 
2.315566e-06 
2.315566e-06 
2.315566e-06 
2.315566e-06 
2.315566e-06 
2.315566e-06 
2.315566e-06 
2.315566e-06 
2.315566e-06 
2.315566e-06 
2.315566e-06 
2.315566e-06 
2.315566e-06 
2.315566e-06 
2.315566e-06 
2.315566e-06 
2.315566e-06 
2.315566e-06 
2.315566e-06 
2.315566e-06 
2.315566e-06 
2.315566e-06 
2.315566e-06 
2.315566e-06 
2.315566e-06 
2.315566e-06 
2.315566e-06 
2.315566e-06 
2.315566e-06 
2.315566e-06 
2.315566e-06 
2.315566e-06 
2.315566e-06 
2.315566e-06 
2.315566e-06 
2.315566e-06 
2.315566e-06 
2.315566e-06 
2.315566e-06 
2.315566e-06 
2.315566e-06 
2.315566e-06 
2.315566e-06 
2.315566e-06 
2.315566e-06 
2.315566e-06 
2.315566e-06 
2.315566e-06 
2.315566e-06 
2.315566e-06 
2.315566e-06 
2.315566e-06 
2.315566e-06 
2.315566e-06 
2.315566e-06 
2.315566e-06 
2.315566e-06 
2.315566e-06 
2.315566e-06 
2.315566e-06 
2.315566e-06 
2.315566e-06 
2.315566e-06 
2.315566e-06 
2.315566e-06 
2.315566e-06 
2.315566e-06 
2.315566e-06 
2.315566e-06 
2.315566e-06 
2.315566e-06 
2.315566e-06 
2.315566e-06 
2.315566e-06 
2.315566e-06 
2.315566e-06 
2.315566e-06 
2.315566e-06 
2.315566e-06 
2.315566e-06 
2.315566e-06 
2.315566e-06 
2.315566e-06 
2.315566e-06 
2.315566e-06 
2.315566e-06 
2.315566e-06 
2.315566e-06 
2.315566e-06 
2.315566e-06 
2.315566e-06 
2.315566e-06 
2.315566e-06 
2.315566e-06 
2.315566e-06 
2.315566e-06 
2.315566e-06 
2.315566e-06 
2.315566e-06 
2.315566e-06 
2.315566e-06 
2.315566e-06 
2.318348e-06 
2.341559e-06 
2.403574e-06 
2.469264e-06 
2.563450e-06 
2.636532e-06 
2.712987e-06 
2.793108e-06 
2.896646e-06 
2.985832e-06 
3.099314e-06 
3.200948e-06 
3.306064e-06 
3.416656e-06 
3.533214e-06 
3.656207e-06 
3.786110e-06 
3.923451e-06 
4.068836e-06 
4.222811e-06 
4.386105e-06 
4.559443e-06 
4.743287e-06 
4.934113e-06 
5.096978e-06 
5.316143e-06 
5.550192e-06 
5.800539e-06 
6.005451e-06 
6.288214e-06 
6.591947e-06 
6.918652e-06 
7.270732e-06 
7.650782e-06 
8.061731e-06 
8.507033e-06 
8.836334e-06 
9.329526e-06 
9.886375e-06 
1.049458e-05 
1.116066e-05 
1.189207e-05 
1.269753e-05 
1.358729e-05 
1.493193e-05 
1.608052e-05 
1.735300e-05 
1.878067e-05 
2.038905e-05 
2.220890e-05 
2.427810e-05 
2.664329e-05 
3.005106e-05 
3.330852e-05 
3.709592e-05 
4.153308e-05 
4.793386e-05 
5.512691e-05 
6.310103e-05 
7.252604e-05 
8.373021e-05 
9.699452e-05 
1.124767e-04 
1.301909e-04 
1.499576e-04 
1.714290e-04 
1.941894e-04 
2.177724e-04 
2.419348e-04 
2.662481e-04 
2.897308e-04 
3.154406e-04 
3.411761e-04 
3.636062e-04 
3.895021e-04 
4.149686e-04 
4.396496e-04 
4.630288e-04 
4.844891e-04 
4.956037e-04 
5.124981e-04 
5.212057e-04 
5.223969e-04 
5.225345e-04 
5.225411e-04 
5.225412e-04 
5.225412e-04 
5.225412e-04 
5.225412e-04 
5.225412e-04 
5.225412e-04 
5.225412e-04 
5.225412e-04 
5.225412e-04 
5.225412e-04 
5.225412e-04 
5.225412e-04 
5.225412e-04 
5.225412e-04 
5.225412e-04 
5.225412e-04 
5.225412e-04 
5.225412e-04 
5.225412e-04 
5.225412e-04 
5.225412e-04 
5.225412e-04 
5.225412e-04 
5.225412e-04 
5.225412e-04 
5.225412e-04 
5.225412e-04 
5.225412e-04 
5.225412e-04 
5.225412e-04 
5.225412e-04 
5.225412e-04 
5.225412e-04 
5.225412e-04 
5.225412e-04 
5.225412e-04 
5.225412e-04 
5.225412e-04 
5.225412e-04 
5.225412e-04 
5.225412e-04 
5.225412e-04 
5.225412e-04 
5.225412e-04 
5.225412e-04 
5.225412e-04 
5.225412e-04 
5.225412e-04 
5.225412e-04 
5.225412e-04 
5.225412e-04 
5.225412e-04 
5.225412e-04 
5.225412e-04 
5.225412e-04 
5.225412e-04 
5.225412e-04 
5.225412e-04 
5.225412e-04 
5.225412e-04 
5.225412e-04 
5.225412e-04 
5.225412e-04 
5.225412e-04 
5.225412e-04 
5.225412e-04 
5.225412e-04 
5.225412e-04 
5.225412e-04 
5.225412e-04 
5.225412e-04 
5.225412e-04 
5.225412e-04 
5.225412e-04 
5.225412e-04 
5.225412e-04 
5.225412e-04 
5.225412e-04 
5.225412e-04 
5.225412e-04 
5.225412e-04 
5.225412e-04 
5.225412e-04 
5.225412e-04 
5.225412e-04 
5.225412e-04 
5.225412e-04 
5.225412e-04 
5.225412e-04 
5.225412e-04 
5.225412e-04 
5.225412e-04 
5.225412e-04 
5.225412e-04 
5.225412e-04 
5.225412e-04 
5.225412e-04 
5.225412e-04 
5.225412e-04 
5.225412e-04 
5.225412e-04 
5.225412e-04 
5.225412e-04 
5.225412e-04 
5.225412e-04 
5.225412e-04 
5.225412e-04 
5.225412e-04 
5.225412e-04 
5.225412e-04 
5.225412e-04 
5.225412e-04 
5.225412e-04 
5.225412e-04 
5.225412e-04 
5.225412e-04 
5.225412e-04 
5.225412e-04 
5.225412e-04 
5.225412e-04 
5.225412e-04 
5.225412e-04 
5.225412e-04 
5.225412e-04 
5.225412e-04 
5.225412e-04 
5.225412e-04 
5.225412e-04 
5.225412e-04 
5.225412e-04 
5.225412e-04 
5.225412e-04 
5.225412e-04 
5.225412e-04 
5.225412e-04 
5.225412e-04 
5.225412e-04 
5.225412e-04 
5.225412e-04 
5.225412e-04 
5.225412e-04 
5.225412e-04 
5.225412e-04 
5.225412e-04 
5.225412e-04 
5.225412e-04 
5.225412e-04 
5.225412e-04 
5.225412e-04 
5.225412e-04 
5.225412e-04 
5.225412e-04 
5.225412e-04 
5.225412e-04 
5.225412e-04 
5.225412e-04 
5.225412e-04 
5.225412e-04 
5.225412e-04 
5.225412e-04 
5.225412e-04 
5.225412e-04 
5.225412e-04 
5.225412e-04 
5.225412e-04 
5.262360e-04 
5.474229e-04 
5.692454e-04 
5.923038e-04 
6.166650e-04 
6.425013e-04 
6.695719e-04 
6.981433e-04 
7.281022e-04 
7.196987e-04 
7.531888e-04 
7.890475e-04 
8.273429e-04 
8.682964e-04 
9.121140e-04 
9.590643e-04 
1.009431e-03 
1.063536e-03 
1.121732e-03 
1.184300e-03 
1.251653e-03 
1.324259e-03 
1.402657e-03 
1.487478e-03 
1.579328e-03 
1.678957e-03 
1.786982e-03 
1.904925e-03 
2.033597e-03 
2.174244e-03 
2.324546e-03 
2.493110e-03 
2.678536e-03 
2.882860e-03 
3.108580e-03 
3.358562e-03 
3.585582e-03 
3.888381e-03 
4.226383e-03 
4.604625e-03 
5.029268e-03 
5.617902e-03 
6.048916e-03 
6.661538e-03 
7.359934e-03 
8.158597e-03 
9.075896e-03 
1.013470e-02 
1.161309e-02 
1.308913e-02 
1.482123e-02 
1.686746e-02 
1.930147e-02 
2.221594e-02 
2.597093e-02 
3.031684e-02 
3.579275e-02 
4.245999e-02 
5.093982e-02 
6.156886e-02 
7.508058e-02 
9.233933e-02 
1.143419e-01 
1.421066e-01 
1.763846e-01 
2.173030e-01 
2.641575e-01 
3.155352e-01 
3.698825e-01 
4.257072e-01 
4.819987e-01 
5.378133e-01 
5.927426e-01 
6.462721e-01 
6.982275e-01 
7.481608e-01 
7.956796e-01 
8.402162e-01 
8.810935e-01 
9.174795e-01 
9.484064e-01 
9.542484e-01 
9.542484e-01 
9.542484e-01 
9.542484e-01 
9.542484e-01 
9.542484e-01 
9.542484e-01 
9.542484e-01 
9.542484e-01 
9.542484e-01 
9.542484e-01 
9.542484e-01 
9.542484e-01 
9.542484e-01 
9.542484e-01 
9.542484e-01 
9.542484e-01 
9.542484e-01 
9.542484e-01 
9.542484e-01 
9.542484e-01 
9.542484e-01 
9.542484e-01 
9.542484e-01 
9.542484e-01 
9.542484e-01 
9.542484e-01 
9.542484e-01 
9.542484e-01 
9.542484e-01 
9.542484e-01 
9.542484e-01 
9.542484e-01 
9.542484e-01 
9.542484e-01 
9.542484e-01 
9.542484e-01 
9.542484e-01 
9.542484e-01 
9.542484e-01 
9.542484e-01 
9.542484e-01 
9.542484e-01 
9.542484e-01 
9.542484e-01 
9.542484e-01 
9.542484e-01 
9.542484e-01 
9.542484e-01 
9.542484e-01 
9.542484e-01 
9.542484e-01 
9.542484e-01 
9.542484e-01 
9.542484e-01 
9.542484e-01 
9.542484e-01 
9.542484e-01 
9.542484e-01 
9.542484e-01 
9.542484e-01 
9.542484e-01 
9.542484e-01 
9.542484e-01 
9.542484e-01 
9.542484e-01 
9.542484e-01 
9.542484e-01 
9.542484e-01 
9.542484e-01 
9.542484e-01 
9.542484e-01 
9.542484e-01 
9.542484e-01 
9.542484e-01 
9.542484e-01 
9.542484e-01 
9.542484e-01 
9.542484e-01 
9.542484e-01 
9.542484e-01 
9.542484e-01 
9.542484e-01 
9.542484e-01 
9.542484e-01 
9.542484e-01 
9.542484e-01 
9.542484e-01 
9.542484e-01 
9.542484e-01 
9.542484e-01 
9.542484e-01 
9.542484e-01 
9.542484e-01 
9.542484e-01 
9.542484e-01 
9.542484e-01 
9.542484e-01 
9.542484e-01 
9.542484e-01 
9.542484e-01 
9.542484e-01 
9.542484e-01 
9.542484e-01 
9.542484e-01 
9.542484e-01 
9.542484e-01 
9.542484e-01 
9.542484e-01 
9.542484e-01 
9.542484e-01 
9.542484e-01 
9.542484e-01 
9.542484e-01 
9.542484e-01 
9.542484e-01 
9.542484e-01 
9.542484e-01 
9.542484e-01 
9.542484e-01 
9.542484e-01 
9.542484e-01 
9.542484e-01 
9.542484e-01 
9.542484e-01 
9.542484e-01 
9.542484e-01 
9.542484e-01 
9.542484e-01 
9.542484e-01 
9.542484e-01 
9.542484e-01 
9.542484e-01 
9.542484e-01 
9.542484e-01 
9.542484e-01 
9.542484e-01 
9.542484e-01 
9.542484e-01 
9.542484e-01 
9.542484e-01 
9.542484e-01 
9.542484e-01 
9.542484e-01 
9.542484e-01 
9.542484e-01 
9.542484e-01 
9.542484e-01 
9.542484e-01 
9.542484e-01 
9.542484e-01 
9.542484e-01 
9.542484e-01 
9.542484e-01 
9.542484e-01 
9.542484e-01 
9.542484e-01 
9.542484e-01 
9.542484e-01 
9.542484e-01 
9.542484e-01 
9.542484e-01 
9.542484e-01 
9.542484e-01 
9.542484e-01 
9.542484e-01 
9.542484e-01 
9.542484e-01 
9.542484e-01 
9.542484e-01 
9.542482e-01 
9.542481e-01 
9.542479e-01 
9.542477e-01 
9.542475e-01 
9.542474e-01 
9.542471e-01 
9.542468e-01 
9.542467e-01 
9.542465e-01 
9.542462e-01 
9.542459e-01 
9.542455e-01 
9.542452e-01 
9.542449e-01 
9.542445e-01 
9.542441e-01 
9.542436e-01 
9.542434e-01 
9.542429e-01 
9.542425e-01 
9.542421e-01 
9.542418e-01 
9.542414e-01 
9.542410e-01 
9.542407e-01 
9.542404e-01 
9.542400e-01 
9.542397e-01 
9.542395e-01 
9.542393e-01 
9.542390e-01 
9.542388e-01 
9.542386e-01 
9.542384e-01 
9.542381e-01 
9.542379e-01 
9.542378e-01 
9.542375e-01 
9.542373e-01 
9.542372e-01 
9.542371e-01 
9.542369e-01 
9.542368e-01 
9.542367e-01 
9.542365e-01 
9.542363e-01 
9.542363e-01 
9.542361e-01 
9.542359e-01 
9.542359e-01 
9.542358e-01 
9.542357e-01 
9.542356e-01 
9.542355e-01 
9.542354e-01 
9.542353e-01 
9.542351e-01 
9.542351e-01 
9.542350e-01 
9.542350e-01 
9.542348e-01 
9.542348e-01 
9.542347e-01 
9.542346e-01 
9.542345e-01 
9.542345e-01 
9.542345e-01 
9.542344e-01 
9.542343e-01 
9.542342e-01 
9.542342e-01 
9.542341e-01 
9.542341e-01 
9.542340e-01 
9.542340e-01 
9.542339e-01 
9.542339e-01 
9.542338e-01 
9.542338e-01 
9.542337e-01 
9.542338e-01 
9.542338e-01 
9.542338e-01 
9.542338e-01 
9.542338e-01 
9.542338e-01 
9.542338e-01 
9.542338e-01 
9.542338e-01 
9.542338e-01 
9.542338e-01 
9.542338e-01 
9.542338e-01 
9.542338e-01 
9.542338e-01 
9.542338e-01 
9.542338e-01 
9.542338e-01 
9.542338e-01 
9.542338e-01 
9.542338e-01 
9.542338e-01 
9.542338e-01 
9.542338e-01 
9.542338e-01 
9.542338e-01 
9.542338e-01 
9.542338e-01 
9.542338e-01 
9.542338e-01 
9.542338e-01 
9.542338e-01 
9.542338e-01 
9.542338e-01 
9.542338e-01 
9.542338e-01 
9.542338e-01 
9.542338e-01 
9.542338e-01 
9.542338e-01 
9.542338e-01 
9.542338e-01 
9.542338e-01 
9.542338e-01 
9.542338e-01 
9.542338e-01 
9.542338e-01 
9.542338e-01 
9.542338e-01 
9.542338e-01 
9.542338e-01 
9.542338e-01 
9.542338e-01 
9.542338e-01 
9.542338e-01 
9.542338e-01 
9.542338e-01 
9.542338e-01 
9.542338e-01 
9.542338e-01 
9.542338e-01 
9.542338e-01 
9.542338e-01 
9.542338e-01 
9.542338e-01 
9.542338e-01 
9.542338e-01 
9.542338e-01 
9.542338e-01 
9.542338e-01 
9.542338e-01 
9.542338e-01 
9.542338e-01 
9.542338e-01 
9.542338e-01 
9.542338e-01 
9.542338e-01 
9.542338e-01 
9.542338e-01 
9.542338e-01 
9.542338e-01 
9.542338e-01 
9.542338e-01 
9.542338e-01 
9.542338e-01 
9.542338e-01 
9.542338e-01 
9.542338e-01 
9.542338e-01 
9.542338e-01 
9.542338e-01 
9.542338e-01 
9.542338e-01 
9.542338e-01 
9.542338e-01 
9.542338e-01 
9.542338e-01 
9.542338e-01 
9.542338e-01 
9.542338e-01 
9.542338e-01 
9.542338e-01 
9.542338e-01 
9.542338e-01 
9.542338e-01 
9.542338e-01 
9.542338e-01 
9.542338e-01 
9.542338e-01 
9.542338e-01 
9.542338e-01 
9.542338e-01 
9.542338e-01 
9.542338e-01 
9.542338e-01 
9.542338e-01 
9.542338e-01 
9.542338e-01 
9.542338e-01 
9.542338e-01 
9.542338e-01 
9.542338e-01 
9.542338e-01 
9.542338e-01 
9.542338e-01 
9.542338e-01 
9.542338e-01 
9.542338e-01 
9.542338e-01 
9.542338e-01 
9.542338e-01 
9.542338e-01 
9.542338e-01 
9.542338e-01 
9.542338e-01 
9.542338e-01 
9.542338e-01 
9.542338e-01 
9.542338e-01 
9.542338e-01 
9.542338e-01 
9.542338e-01 
9.542338e-01 
9.542338e-01 
9.542338e-01 
9.542338e-01 
9.542338e-01 
9.542338e-01 
9.542338e-01 
9.542338e-01 
9.542338e-01 
9.542338e-01 
9.542338e-01 
9.542338e-01 
9.542338e-01 
9.542338e-01 
9.542338e-01 
9.542338e-01 
9.542338e-01 
9.542338e-01 
9.542338e-01 
9.542338e-01 
9.542338e-01 
9.542338e-01 
9.542338e-01 
9.542338e-01 
9.542338e-01 
9.542338e-01 
9.483969e-01 
9.174290e-01 
8.809975e-01 
8.399188e-01 
7.950643e-01 
7.469699e-01 
6.959181e-01 
6.420500e-01 
5.850219e-01 
5.242716e-01 
4.586582e-01 
3.857735e-01 
3.001843e-01 
1.886666e-01 
2.843720e-02 
7.701758e-03 
2.159272e-03 
1.248906e-03 
8.508688e-04 
6.158919e-04 
4.646220e-04 
3.611726e-04 
2.874720e-04 
2.332342e-04 
1.921375e-04 
1.605396e-04 
1.352934e-04 
1.156397e-04 
1.002947e-04 
8.666384e-05 
7.541988e-05 
6.606119e-05 
5.820380e-05 
5.280113e-05 
4.695919e-05 
4.194278e-05 
3.761847e-05 
3.387328e-05 
3.061291e-05 
2.776074e-05 
2.525454e-05 
2.304345e-05 
2.108430e-05 
1.934429e-05 
1.779140e-05 
1.616502e-05 
1.494376e-05 
1.384467e-05 
1.285233e-05 
1.195406e-05 
1.113909e-05 
1.039794e-05 
9.722148e-06 
9.105755e-06 
8.532403e-06 
8.016748e-06 
7.542216e-06 
7.106265e-06 
6.703853e-06 
6.330326e-06 
5.977347e-06 
5.616309e-06 
5.167175e-06 
4.347326e-06 
3.170727e-06 
2.025996e-06 
1.055837e-06 
2.408775e-07 
-5.029337e-07 
-1.138262e-06 
-1.715286e-06 
-2.164719e-06 
-2.594348e-06 
-2.954503e-06 
-3.093550e-06 
-3.352849e-06 
-3.559573e-06 
-3.717066e-06 
-3.827439e-06 
-3.892515e-06 
-3.882394e-06 
-3.952354e-06 
-3.956708e-06 
-3.967672e-06 
-3.967399e-06 
-3.967326e-06 
-3.967320e-06 
-3.967320e-06 
-3.967320e-06 
-3.967320e-06 
-3.967320e-06 
-3.967320e-06 
-3.967320e-06 
-3.967320e-06 
-3.967320e-06 
-3.967320e-06 
-3.967320e-06 
-3.967320e-06 
-3.967320e-06 
-3.967320e-06 
-3.967320e-06 
-3.967320e-06 
-3.967320e-06 
-3.967320e-06 
-3.967320e-06 
-3.967320e-06 
-3.967320e-06 
-3.967320e-06 
-3.967320e-06 
-3.967320e-06 
-3.967320e-06 
-3.967320e-06 
-3.967320e-06 
-3.967320e-06 
-3.967320e-06 
-3.967320e-06 
-3.967320e-06 
-3.967320e-06 
-3.967320e-06 
-3.967320e-06 
-3.967320e-06 
-3.967320e-06 
-3.967320e-06 
-3.967320e-06 
-3.967320e-06 
-3.967320e-06 
-3.967320e-06 
-3.967320e-06 
-3.967320e-06 
-3.967320e-06 
-3.967320e-06 
-3.967320e-06 
-3.967320e-06 
-3.967320e-06 
-3.967320e-06 
-3.967320e-06 
-3.967320e-06 
-3.967320e-06 
-3.967320e-06 
-3.967320e-06 
-3.967320e-06 
-3.967320e-06 
-3.967320e-06 
-3.967320e-06 
-3.967320e-06 
-3.967320e-06 
-3.967320e-06 
-3.967320e-06 
-3.967320e-06 
-3.967320e-06 
-3.967320e-06 
-3.967320e-06 
-3.967320e-06 
-3.967320e-06 
-3.967320e-06 
-3.967320e-06 
-3.967320e-06 
-3.967320e-06 
-3.967320e-06 
-3.967320e-06 
-3.967320e-06 
-3.967320e-06 
-3.967320e-06 
-3.967320e-06 
-3.967320e-06 
-3.967320e-06 
-3.967320e-06 
-3.967320e-06 
-3.967320e-06 
-3.967320e-06 
-3.967320e-06 
-3.967320e-06 
-3.967320e-06 
-3.967320e-06 
-3.967320e-06 
-3.967320e-06 
-3.967320e-06 
-3.967320e-06 
-3.967320e-06 
-3.967320e-06 
-3.967320e-06 
-3.967320e-06 
-3.967320e-06 
-3.967320e-06 
-3.967320e-06 
-3.967320e-06 
-3.967320e-06 
-3.967320e-06 
-3.967320e-06 
-3.967320e-06 
-3.967320e-06 
-3.967320e-06 
-3.967320e-06 
-3.967320e-06 
-3.967320e-06 
-3.967320e-06 
-3.967320e-06 
-3.967320e-06 
-3.967320e-06 
-3.967320e-06 
-3.967320e-06 
-3.967320e-06 
-3.967320e-06 
-3.967320e-06 
-3.967320e-06 
-3.967320e-06 
-3.967320e-06 
-3.967320e-06 
-3.967320e-06 
-3.967320e-06 
-3.967320e-06 
-3.967320e-06 
-3.967320e-06 
-3.967320e-06 
-3.967320e-06 
-3.967320e-06 
-3.967320e-06 
-3.967320e-06 
-3.967320e-06 
-3.967320e-06 
-3.967320e-06 
-3.967320e-06 
-3.967320e-06 
-3.967320e-06 
-3.967320e-06 
-3.967320e-06 
-3.967320e-06 
-3.967320e-06 
-3.967320e-06 
-3.967320e-06 
-3.967320e-06 
-3.967320e-06 
-3.967320e-06 
-3.967320e-06 
-3.967320e-06 
-3.967320e-06 
-3.967320e-06 
-3.967320e-06 
-3.967320e-06 
-3.967320e-06 
-3.967320e-06 
-3.967320e-06 
-3.967320e-06 
-3.967320e-06 
-3.967320e-06 
-3.967320e-06 
-3.967320e-06 
-3.967320e-06 
-3.967320e-06 
-3.967320e-06 
-3.966248e-06 
-3.950006e-06 
-3.890746e-06 
-3.826804e-06 
-3.735996e-06 
-3.662036e-06 
-3.583378e-06 
-3.499548e-06 
-3.377764e-06 
-3.280434e-06 
-3.154787e-06 
-3.040217e-06 
-2.919738e-06 
-2.790967e-06 
-2.652951e-06 
-2.505170e-06 
-2.346407e-06 
-2.176115e-06 
-1.992844e-06 
-1.795784e-06 
-1.583537e-06 
-1.354758e-06 
-1.108308e-06 
-8.476136e-07 
-6.127000e-07 
-3.050529e-07 
2.866885e-08 
3.905988e-07 
6.589337e-07 
1.076754e-06 
1.531881e-06 
2.028384e-06 
2.570837e-06 
3.164397e-06 
3.815116e-06 
4.529205e-06 
5.062037e-06 
5.877723e-06 
6.800151e-06 
7.819160e-06 
8.946842e-06 
1.019714e-05 
1.158605e-05 
1.313198e-05 
1.547844e-05 
1.748954e-05 
1.972879e-05 
2.223966e-05 
2.505714e-05 
2.822250e-05 
3.178059e-05 
3.578041e-05 
4.027583e-05 
4.674907e-05 
5.254897e-05 
5.900320e-05 
6.723426e-05 
7.556023e-05 
8.429174e-05 
9.373546e-05 
1.038922e-04 
1.147366e-04 
1.262462e-04 
1.383713e-04 
1.511224e-04 
1.644628e-04 
1.784393e-04 
1.930649e-04 
2.084037e-04 
2.244903e-04 
2.410515e-04 
2.593431e-04 
2.788946e-04 
2.984360e-04 
3.211316e-04 
3.455100e-04 
3.716348e-04 
3.992756e-04 
4.279256e-04 
4.445719e-04 
4.723358e-04 
4.874702e-04 
4.897631e-04 
4.899015e-04 
4.899100e-04 
4.899106e-04 
4.899106e-04 
4.899106e-04 
4.899106e-04 
4.899106e-04 
4.899106e-04 
4.899106e-04 
4.899106e-04 
4.899106e-04 
4.899106e-04 
4.899106e-04 
4.899106e-04 
4.899106e-04 
4.899106e-04 
4.899106e-04 
4.899106e-04 
4.899106e-04 
4.899106e-04 
4.899106e-04 
4.899106e-04 
4.899106e-04 
4.899106e-04 
4.899106e-04 
4.899106e-04 
4.899106e-04 
4.899106e-04 
4.899106e-04 
4.899106e-04 
4.899106e-04 
4.899106e-04 
4.899106e-04 
4.899106e-04 
4.899106e-04 
4.899106e-04 
4.899106e-04 
4.899106e-04 
4.899106e-04 
4.899106e-04 
4.899106e-04 
4.899106e-04 
4.899106e-04 
4.899106e-04 
4.899106e-04 
4.899106e-04 
4.899106e-04 
4.899106e-04 
4.899106e-04 
4.899106e-04 
4.899106e-04 
4.899106e-04 
4.899106e-04 
4.899106e-04 
4.899106e-04 
4.899106e-04 
4.899106e-04 
4.899106e-04 
4.899106e-04 
4.899106e-04 
4.899106e-04 
4.899106e-04 
4.899106e-04 
4.899106e-04 
4.899106e-04 
4.899106e-04 
4.899106e-04 
4.899106e-04 
4.899106e-04 
4.899106e-04 
4.899106e-04 
4.899106e-04 
4.899106e-04 
4.899106e-04 
4.899106e-04 
4.899106e-04 
4.899106e-04 
4.899106e-04 
4.899106e-04 
4.899106e-04 
4.899106e-04 
4.899106e-04 
4.899106e-04 
4.899106e-04 
4.899106e-04 
4.899106e-04 
4.899106e-04 
4.899106e-04 
4.899106e-04 
4.899106e-04 
4.899106e-04 
4.899106e-04 
4.899106e-04 
4.899106e-04 
4.899106e-04 
4.899106e-04 
4.899106e-04 
4.899106e-04 
4.899106e-04 
4.899106e-04 
4.899106e-04 
4.899106e-04 
4.899106e-04 
4.899106e-04 
4.899106e-04 
4.899106e-04 
4.899106e-04 
4.899106e-04 
4.899106e-04 
4.899106e-04 
4.899106e-04 
4.899106e-04 
4.899106e-04 
4.899106e-04 
4.899106e-04 
4.899106e-04 
4.899106e-04 
4.899106e-04 
4.899106e-04 
4.899106e-04 
4.899106e-04 
4.899106e-04 
4.899106e-04 
4.899106e-04 
4.899106e-04 
4.899106e-04 
4.899106e-04 
4.899106e-04 
4.899106e-04 
4.899106e-04 
4.899106e-04 
4.899106e-04 
4.899106e-04 
4.899106e-04 
4.899106e-04 
4.899106e-04 
4.899106e-04 
4.899106e-04 
4.899106e-04 
4.899106e-04 
4.899106e-04 
4.899106e-04 
4.899106e-04 
4.899106e-04 
4.899106e-04 
4.899106e-04 
4.899106e-04 
4.899106e-04 
4.899106e-04 
4.899106e-04 
4.899106e-04 
4.899106e-04 
4.899106e-04 
4.899106e-04 
4.899106e-04 
4.899106e-04 
4.899106e-04 
4.899106e-04 
4.899106e-04 
4.899106e-04 
4.899106e-04 
4.899106e-04 
4.899106e-04 
4.899106e-04 
4.899106e-04 
4.899106e-04 
4.899106e-04 
4.933829e-04 
5.133515e-04 
5.340823e-04 
5.560078e-04 
5.792721e-04 
6.042428e-04 
6.305053e-04 
6.583504e-04 
6.880000e-04 
7.195657e-04 
7.531649e-04 
7.890486e-04 
8.273210e-04 
8.682858e-04 
9.121309e-04 
9.590533e-04 
1.009453e-03 
1.063529e-03 
1.121750e-03 
1.184279e-03 
1.251669e-03 
1.324228e-03 
1.402676e-03 
1.487397e-03 
1.579308e-03 
1.678872e-03 
1.786956e-03 
1.904823e-03 
2.033564e-03 
2.174295e-03 
2.324509e-03 
2.493168e-03 
2.678433e-03 
2.882866e-03 
3.108734e-03 
3.358586e-03 
3.585733e-03 
3.888359e-03 
4.226461e-03 
4.604574e-03 
5.128646e-03 
5.508014e-03 
6.048242e-03 
6.661262e-03 
7.359872e-03 
8.158246e-03 
9.075812e-03 
1.013501e-02 
1.161280e-02 
1.308964e-02 
1.482086e-02 
1.686816e-02 
1.930321e-02 
2.221626e-02 
2.597343e-02 
3.031733e-02 
3.579485e-02 
4.245827e-02 
5.094314e-02 
6.156599e-02 
7.508603e-02 
9.232886e-02 
1.143434e-01 
1.420899e-01 
1.763880e-01 
2.172794e-01 
2.641458e-01 
3.155542e-01 
3.698694e-01 
4.257271e-01 
4.819852e-01 
5.378166e-01 
5.927135e-01 
6.462768e-01 
6.982002e-01 
7.481637e-01 
7.956399e-01 
8.402059e-01 
8.810601e-01 
9.174714e-01 
9.483740e-01 
9.542484e-01 
9.542484e-01 
9.542484e-01 
9.542484e-01 
9.542484e-01 
9.542484e-01 
9.542484e-01 
9.542484e-01 
9.542484e-01 
9.542484e-01 
9.542484e-01 
9.542484e-01 
9.542484e-01 
9.542484e-01 
9.542484e-01 
9.542484e-01 
9.542484e-01 
9.542484e-01 
9.542484e-01 
9.542484e-01 
9.542484e-01 
9.542484e-01 
9.542484e-01 
9.542484e-01 
9.542484e-01 
9.542484e-01 
9.542484e-01 
9.542484e-01 
9.542484e-01 
9.542484e-01 
9.542484e-01 
9.542484e-01 
9.542484e-01 
9.542484e-01 
9.542484e-01 
9.542484e-01 
9.542484e-01 
9.542484e-01 
9.542484e-01 
9.542484e-01 
9.542484e-01 
9.542484e-01 
9.542484e-01 
9.542484e-01 
9.542484e-01 
9.542484e-01 
9.542484e-01 
9.542484e-01 
9.542484e-01 
9.542484e-01 
9.542484e-01 
9.542484e-01 
9.542484e-01 
9.542484e-01 
9.542484e-01 
9.542484e-01 
9.542484e-01 
9.542484e-01 
9.542484e-01 
9.542484e-01 
9.542484e-01 
9.542484e-01 
9.542484e-01 
9.542484e-01 
9.542484e-01 
9.542484e-01 
9.542484e-01 
9.542484e-01 
9.542484e-01 
9.542484e-01 
9.542484e-01 
9.542484e-01 
9.542484e-01 
9.542484e-01 
9.542484e-01 
9.542484e-01 
9.542484e-01 
9.542484e-01 
9.542484e-01 
9.542484e-01 
9.542484e-01 
9.542484e-01 
9.542484e-01 
9.542484e-01 
9.542484e-01 
9.542484e-01 
9.542484e-01 
9.542484e-01 
9.542484e-01 
9.542484e-01 
9.542484e-01 
9.542484e-01 
9.542484e-01 
9.542484e-01 
9.542484e-01 
9.542484e-01 
9.542484e-01 
9.542484e-01 
9.542484e-01 
9.542484e-01 
9.542484e-01 
9.542484e-01 
9.542484e-01 
9.542484e-01 
9.542484e-01 
9.542484e-01 
9.542484e-01 
9.542484e-01 
9.542484e-01 
9.542484e-01 
9.542484e-01 
9.542484e-01 
9.542484e-01 
9.542484e-01 
9.542484e-01 
9.542484e-01 
9.542484e-01 
9.542484e-01 
9.542484e-01 
9.542484e-01 
9.542484e-01 
9.542484e-01 
9.542484e-01 
9.542484e-01 
9.542484e-01 
9.542484e-01 
9.542484e-01 
9.542484e-01 
9.542484e-01 
9.542484e-01 
9.542484e-01 
9.542484e-01 
9.542484e-01 
9.542484e-01 
9.542484e-01 
9.542484e-01 
9.542484e-01 
9.542484e-01 
9.542484e-01 
9.542484e-01 
9.542484e-01 
9.542484e-01 
9.542484e-01 
9.542484e-01 
9.542484e-01 
9.542484e-01 
9.542484e-01 
9.542484e-01 
9.542484e-01 
9.542484e-01 
9.542484e-01 
9.542484e-01 
9.542484e-01 
9.542484e-01 
9.542484e-01 
9.542484e-01 
9.542484e-01 
9.542484e-01 
9.542484e-01 
9.542484e-01 
9.542484e-01 
9.542484e-01 
9.542484e-01 
9.542484e-01 
9.542484e-01 
9.542484e-01 
9.542484e-01 
9.542484e-01 
9.542484e-01 
9.542484e-01 
9.542482e-01 
9.542481e-01 
9.542479e-01 
9.542477e-01 
9.542475e-01 
9.542474e-01 
9.542471e-01 
9.542468e-01 
9.542467e-01 
9.542465e-01 
9.542462e-01 
9.542459e-01 
9.542455e-01 
9.542452e-01 
9.542448e-01 
9.542445e-01 
9.542441e-01 
9.542436e-01 
9.542434e-01 
9.542429e-01 
9.542425e-01 
9.542421e-01 
9.542418e-01 
9.542414e-01 
9.542410e-01 
9.542407e-01 
9.542404e-01 
9.542400e-01 
9.542397e-01 
9.542395e-01 
9.542393e-01 
9.542390e-01 
9.542388e-01 
9.542386e-01 
9.542384e-01 
9.542381e-01 
9.542379e-01 
9.542378e-01 
9.542376e-01 
9.542373e-01 
9.542372e-01 
9.542371e-01 
9.542369e-01 
9.542368e-01 
9.542366e-01 
9.542365e-01 
9.542363e-01 
9.542362e-01 
9.542361e-01 
9.542359e-01 
9.542359e-01 
9.542358e-01 
9.542357e-01 
9.542356e-01 
9.542355e-01 
9.542354e-01 
9.542353e-01 
9.542351e-01 
9.542351e-01 
9.542350e-01 
9.542350e-01 
9.542348e-01 
9.542348e-01 
9.542347e-01 
9.542346e-01 
9.542345e-01 
9.542345e-01 
9.542345e-01 
9.542344e-01 
9.542343e-01 
9.542342e-01 
9.542342e-01 
9.542341e-01 
9.542341e-01 
9.542340e-01 
9.542340e-01 
9.542339e-01 
9.542339e-01 
9.542338e-01 
9.542338e-01 
9.542337e-01 
9.542338e-01 
9.542338e-01 
9.542338e-01 
9.542338e-01 
9.542338e-01 
9.542338e-01 
9.542338e-01 
9.542338e-01 
9.542338e-01 
9.542338e-01 
9.542338e-01 
9.542338e-01 
9.542338e-01 
9.542338e-01 
9.542338e-01 
9.542338e-01 
9.542338e-01 
9.542338e-01 
9.542338e-01 
9.542338e-01 
9.542338e-01 
9.542338e-01 
9.542338e-01 
9.542338e-01 
9.542338e-01 
9.542338e-01 
9.542338e-01 
9.542338e-01 
9.542338e-01 
9.542338e-01 
9.542338e-01 
9.542338e-01 
9.542338e-01 
9.542338e-01 
9.542338e-01 
9.542338e-01 
9.542338e-01 
9.542338e-01 
9.542338e-01 
9.542338e-01 
9.542338e-01 
9.542338e-01 
9.542338e-01 
9.542338e-01 
9.542338e-01 
9.542338e-01 
9.542338e-01 
9.542338e-01 
9.542338e-01 
9.542338e-01 
9.542338e-01 
9.542338e-01 
9.542338e-01 
9.542338e-01 
9.542338e-01 
9.542338e-01 
9.542338e-01 
9.542338e-01 
9.542338e-01 
9.542338e-01 
9.542338e-01 
9.542338e-01 
9.542338e-01 
9.542338e-01 
9.542338e-01 
9.542338e-01 
9.542338e-01 
9.542338e-01 
9.542338e-01 
9.542338e-01 
9.542338e-01 
9.542338e-01 
9.542338e-01 
9.542338e-01 
9.542338e-01 
9.542338e-01 
9.542338e-01 
9.542338e-01 
9.542338e-01 
9.542338e-01 
9.542338e-01 
9.542338e-01 
9.542338e-01 
9.542338e-01 
9.542338e-01 
9.542338e-01 
9.542338e-01 
9.542338e-01 
9.542338e-01 
9.542338e-01 
9.542338e-01 
9.542338e-01 
9.542338e-01 
9.542338e-01 
9.542338e-01 
9.542338e-01 
9.542338e-01 
9.542338e-01 
9.542338e-01 
9.542338e-01 
9.542338e-01 
9.542338e-01 
9.542338e-01 
9.542338e-01 
9.542338e-01 
9.542338e-01 
9.542338e-01 
9.542338e-01 
9.542338e-01 
9.542338e-01 
9.542338e-01 
9.542338e-01 
9.542338e-01 
9.542338e-01 
9.542338e-01 
9.542338e-01 
9.542338e-01 
9.542338e-01 
9.542338e-01 
9.542338e-01 
9.542338e-01 
9.542338e-01 
9.542338e-01 
9.542338e-01 
9.542338e-01 
9.542338e-01 
9.542338e-01 
9.542338e-01 
9.542338e-01 
9.542338e-01 
9.542338e-01 
9.542338e-01 
9.542338e-01 
9.542338e-01 
9.542338e-01 
9.542338e-01 
9.542338e-01 
9.542338e-01 
9.542338e-01 
9.542338e-01 
9.542338e-01 
9.542338e-01 
9.542338e-01 
9.542338e-01 
9.542338e-01 
9.542338e-01 
9.542338e-01 
9.542338e-01 
9.542338e-01 
9.542338e-01 
9.542338e-01 
9.542338e-01 
9.542338e-01 
9.542338e-01 
9.542338e-01 
9.542338e-01 
9.542338e-01 
9.542338e-01 
9.542338e-01 
9.542338e-01 
9.542338e-01 
9.542338e-01 
9.542338e-01 
9.542338e-01 
9.542338e-01 
9.542338e-01 
9.542338e-01 
9.542338e-01 
9.483786e-01 
9.174482e-01 
8.809720e-01 
8.399430e-01 
7.950615e-01 
7.469966e-01 
6.959149e-01 
6.420796e-01 
5.850184e-01 
5.242678e-01 
4.588624e-01 
3.857692e-01 
3.001785e-01 
1.886589e-01 
2.848119e-02 
7.707892e-03 
2.160073e-03 
1.248863e-03 
8.510227e-04 
6.159887e-04 
4.646875e-04 
3.611671e-04 
2.875072e-04 
2.332315e-04 
1.921353e-04 
1.605379e-04 
1.352922e-04 
1.156386e-04 
1.002934e-04 
8.665644e-05 
7.541873e-05 
6.605600e-05 
5.820307e-05 
5.279790e-05 
4.696033e-05 
4.194106e-05 
3.761937e-05 
3.387351e-05 
3.061408e-05 
2.776097e-05 
2.525554e-05 
2.304364e-05 
2.108593e-05 
1.934465e-05 
1.779133e-05 
1.616495e-05 
1.494367e-05 
1.384402e-05 
1.285228e-05 
1.195355e-05 
1.113908e-05 
1.039756e-05 
9.722587e-06 
9.105533e-06 
8.533004e-06 
8.016948e-06 
7.543502e-06 
7.108342e-06 
6.708441e-06 
6.339931e-06 
6.001523e-06 
5.689985e-06 
5.408216e-06 
5.153196e-06 
4.893048e-06 
4.628099e-06 
4.395236e-06 
4.202191e-06 
4.004711e-06 
3.835776e-06 
3.645868e-06 
3.539078e-06 
3.372008e-06 
3.215502e-06 
3.130763e-06 
2.990372e-06 
2.857156e-06 
2.730602e-06 
2.610339e-06 
2.496070e-06 
2.379040e-06 
2.326068e-06 
2.325366e-06 
2.319629e-06 
2.315951e-06 
2.315591e-06 
2.315568e-06 
2.315566e-06 
2.315566e-06 
2.315566e-06 
2.315566e-06 
2.315566e-06 
2.315566e-06 
2.315566e-06 
2.315566e-06 
2.315566e-06 
2.315566e-06 
2.315566e-06 
2.315566e-06 
2.315566e-06 
2.315566e-06 
2.315566e-06 
2.315566e-06 
2.315566e-06 
2.315566e-06 
2.315566e-06 
2.315566e-06 
2.315566e-06 
2.315566e-06 
2.315566e-06 
2.315566e-06 
2.315566e-06 
2.315566e-06 
2.315566e-06 
2.315566e-06 
2.315566e-06 
2.315566e-06 
2.315566e-06 
2.315566e-06 
2.315566e-06 
2.315566e-06 
2.315566e-06 
2.315566e-06 
2.315566e-06 
2.315566e-06 
2.315566e-06 
2.315566e-06 
2.315566e-06 
2.315566e-06 
2.315566e-06 
2.315566e-06 
2.315566e-06 
2.315566e-06 
2.315566e-06 
2.315566e-06 
2.315566e-06 
2.315566e-06 
2.315566e-06 
2.315566e-06 
2.315566e-06 
2.315566e-06 
2.315566e-06 
2.315566e-06 
2.315566e-06 
2.315566e-06 
2.315566e-06 
2.315566e-06 
2.315566e-06 
2.315566e-06 
2.315566e-06 
2.315566e-06 
2.315566e-06 
2.315566e-06 
2.315566e-06 
2.315566e-06 
2.315566e-06 
2.315566e-06 
2.315566e-06 
2.315566e-06 
2.315566e-06 
2.315566e-06 
2.315566e-06 
2.315566e-06 
2.315566e-06 
2.315566e-06 
2.315566e-06 
2.315566e-06 
2.315566e-06 
2.315566e-06 
2.315566e-06 
2.315566e-06 
2.315566e-06 
2.315566e-06 
2.315566e-06 
2.315566e-06 
2.315566e-06 
2.315566e-06 
2.315566e-06 
2.315566e-06 
2.315566e-06 
2.315566e-06 
2.315566e-06 
2.315566e-06 
2.315566e-06 
2.315566e-06 
2.315566e-06 
2.315566e-06 
2.315566e-06 
2.315566e-06 
2.315566e-06 
2.315566e-06 
2.315566e-06 
2.315566e-06 
2.315566e-06 
2.315566e-06 
2.315566e-06 
2.315566e-06 
2.315566e-06 
2.315566e-06 
2.315566e-06 
2.315566e-06 
2.315566e-06 
2.315566e-06 
2.315566e-06 
2.315566e-06 
2.315566e-06 
2.315566e-06 
2.315566e-06 
2.315566e-06 
2.315566e-06 
2.315566e-06 
2.315566e-06 
2.315566e-06 
2.315566e-06 
2.315566e-06 
2.315566e-06 
2.315566e-06 
2.315566e-06 
2.315566e-06 
2.315566e-06 
2.315566e-06 
2.315566e-06 
2.315566e-06 
2.315566e-06 
2.315566e-06 
2.315566e-06 
2.315566e-06 
2.315566e-06 
2.315566e-06 
2.315566e-06 
2.315566e-06 
2.315566e-06 
2.315566e-06 
2.315566e-06 
2.315566e-06 
2.315566e-06 
2.315566e-06 
2.315566e-06 
2.315566e-06 
2.315566e-06 
2.315566e-06 
2.315566e-06 
2.315566e-06 
2.315566e-06 
2.315566e-06 
2.315566e-06 
2.315566e-06 
2.315566e-06 
2.315566e-06 
2.315566e-06 
2.319878e-06 
2.349192e-06 
2.412509e-06 
2.478603e-06 
2.571247e-06 
2.667686e-06 
2.748313e-06 
2.830234e-06 
2.916283e-06 
3.006537e-06 
3.101299e-06 
3.201087e-06 
3.305980e-06 
3.416603e-06 
3.533158e-06 
3.656146e-06 
3.786046e-06 
3.923380e-06 
4.068720e-06 
4.222783e-06 
4.385974e-06 
4.559452e-06 
4.743678e-06 
4.939885e-06 
5.139616e-06 
5.361745e-06 
5.599027e-06 
5.852836e-06 
6.043392e-06 
6.329422e-06 
6.636461e-06 
6.966935e-06 
7.322964e-06 
7.707529e-06 
8.123531e-06 
8.574348e-06 
8.893489e-06 
9.409587e-06 
9.973794e-06 
1.059048e-05 
1.126613e-05 
1.200799e-05 
1.282557e-05 
1.372854e-05 
1.473008e-05 
1.584358e-05 
1.754530e-05 
1.899832e-05 
2.063219e-05 
2.248215e-05 
2.458544e-05 
2.699035e-05 
2.975445e-05 
3.391575e-05 
3.778781e-05 
4.232011e-05 
4.832315e-05 
5.519764e-05 
6.310951e-05 
7.252752e-05 
8.372408e-05 
9.699198e-05 
1.124738e-04 
1.301874e-04 
1.499539e-04 
1.714273e-04 
1.941871e-04 
2.178196e-04 
2.420127e-04 
2.664798e-04 
2.903895e-04 
3.159171e-04 
3.414958e-04 
3.637085e-04 
3.895257e-04 
4.149356e-04 
4.395705e-04 
4.629354e-04 
4.843663e-04 
4.956389e-04 
5.125325e-04 
5.212090e-04 
5.223667e-04 
5.225331e-04 
5.225409e-04 
5.225413e-04 
5.225412e-04 
5.225412e-04 
5.225412e-04 
5.225412e-04 
5.225412e-04 
5.225412e-04 
5.225412e-04 
5.225412e-04 
5.225412e-04 
5.225412e-04 
5.225412e-04 
5.225412e-04 
5.225412e-04 
5.225412e-04 
5.225412e-04 
5.225412e-04 
5.225412e-04 
5.225412e-04 
5.225412e-04 
5.225412e-04 
5.225412e-04 
5.225412e-04 
5.225412e-04 
5.225412e-04 
5.225412e-04 
5.225412e-04 
5.225412e-04 
5.225412e-04 
5.225412e-04 
5.225412e-04 
5.225412e-04 
5.225412e-04 
5.225412e-04 
5.225412e-04 
5.225412e-04 
5.225412e-04 
5.225412e-04 
5.225412e-04 
5.225412e-04 
5.225412e-04 
5.225412e-04 
5.225412e-04 
5.225412e-04 
5.225412e-04 
5.225412e-04 
5.225412e-04 
5.225412e-04 
5.225412e-04 
5.225412e-04 
5.225412e-04 
5.225412e-04 
5.225412e-04 
5.225412e-04 
5.225412e-04 
5.225412e-04 
5.225412e-04 
5.225412e-04 
5.225412e-04 
5.225412e-04 
5.225412e-04 
5.225412e-04 
5.225412e-04 
5.225412e-04 
5.225412e-04 
5.225412e-04 
5.225412e-04 
5.225412e-04 
5.225412e-04 
5.225412e-04 
5.225412e-04 
5.225412e-04 
5.225412e-04 
5.225412e-04 
5.225412e-04 
5.225412e-04 
5.225412e-04 
5.225412e-04 
5.225412e-04 
5.225412e-04 
5.225412e-04 
5.225412e-04 
5.225412e-04 
5.225412e-04 
5.225412e-04 
5.225412e-04 
5.225412e-04 
5.225412e-04 
5.225412e-04 
5.225412e-04 
5.225412e-04 
5.225412e-04 
5.225412e-04 
5.225412e-04 
5.225412e-04 
5.225412e-04 
5.225412e-04 
5.225412e-04 
5.225412e-04 
5.225412e-04 
5.225412e-04 
5.225412e-04 
5.225412e-04 
5.225412e-04 
5.225412e-04 
5.225412e-04 
5.225412e-04 
5.225412e-04 
5.225412e-04 
5.225412e-04 
5.225412e-04 
5.225412e-04 
5.225412e-04 
5.225412e-04 
5.225412e-04 
5.225412e-04 
5.225412e-04 
5.225412e-04 
5.225412e-04 
5.225412e-04 
5.225412e-04 
5.225412e-04 
5.225412e-04 
5.225412e-04 
5.225412e-04 
5.225412e-04 
5.225412e-04 
5.225412e-04 
5.225412e-04 
5.225412e-04 
5.225412e-04 
5.225412e-04 
5.225412e-04 
5.225412e-04 
5.225412e-04 
5.225412e-04 
5.225412e-04 
5.225412e-04 
5.225412e-04 
5.225412e-04 
5.225412e-04 
5.225412e-04 
5.225412e-04 
5.225412e-04 
5.225412e-04 
5.225412e-04 
5.225412e-04 
5.225412e-04 
5.225412e-04 
5.225412e-04 
5.225412e-04 
5.225412e-04 
5.225412e-04 
5.225412e-04 
5.225412e-04 
5.225412e-04 
5.225412e-04 
5.225412e-04 
5.225412e-04 
5.225412e-04 
5.225412e-04 
5.225412e-04 
5.225412e-04 
5.225412e-04 
5.225412e-04 
5.262176e-04 
5.473700e-04 
5.691623e-04 
5.922064e-04 
6.165594e-04 
6.423797e-04 
6.695394e-04 
6.981228e-04 
7.280958e-04 
7.197080e-04 
7.532181e-04 
7.890854e-04 
8.273488e-04 
8.683039e-04 
9.120924e-04 
9.590706e-04 
1.009408e-03 
1.063549e-03 
1.121700e-03 
1.184304e-03 
1.251611e-03 
1.324256e-03 
1.402607e-03 
1.487429e-03 
1.579342e-03 
1.678909e-03 
1.786996e-03 
1.904867e-03 
2.033616e-03 
2.174348e-03 
2.324571e-03 
2.493231e-03 
2.678503e-03 
2.882943e-03 
3.108537e-03 
3.358670e-03 
3.585563e-03 
3.888402e-03 
4.226252e-03 
4.604625e-03 
5.125740e-03 
5.508056e-03 
6.047898e-03 
6.661320e-03 
7.360135e-03 
8.158552e-03 
9.076184e-03 
1.013545e-02 
1.161333e-02 
1.309021e-02 
1.482152e-02 
1.686896e-02 
1.930116e-02 
2.221710e-02 
2.597028e-02 
3.031888e-02 
3.578996e-02 
4.246102e-02 
5.093533e-02 
6.157026e-02 
7.507291e-02 
9.233586e-02 
1.143522e-01 
1.421010e-01 
1.764014e-01 
2.172951e-01 
2.641649e-01 
3.155099e-01 
3.698890e-01 
4.256804e-01 
4.820053e-01 
5.377688e-01 
5.927328e-01 
6.462312e-01 
6.982182e-01 
7.481230e-01 
7.956577e-01 
8.402224e-01 
8.810751e-01 
9.174836e-01 
9.483839e-01 
9.542484e-01 
9.542484e-01 
9.542484e-01 
9.542484e-01 
9.542484e-01 
9.542484e-01 
9.542484e-01 
9.542484e-01 
9.542484e-01 
9.542484e-01 
9.542484e-01 
9.542484e-01 
9.542484e-01 
9.542484e-01 
9.542484e-01 
9.542484e-01 
9.542484e-01 
9.542484e-01 
9.542484e-01 
9.542484e-01 
9.542484e-01 
9.542484e-01 
9.542484e-01 
9.542484e-01 
9.542484e-01 
9.542484e-01 
9.542484e-01 
9.542484e-01 
9.542484e-01 
9.542484e-01 
9.542484e-01 
9.542484e-01 
9.542484e-01 
9.542484e-01 
9.542484e-01 
9.542484e-01 
9.542484e-01 
9.542484e-01 
9.542484e-01 
9.542484e-01 
9.542484e-01 
9.542484e-01 
9.542484e-01 
9.542484e-01 
9.542484e-01 
9.542484e-01 
9.542484e-01 
9.542484e-01 
9.542484e-01 
9.542484e-01 
9.542484e-01 
9.542484e-01 
9.542484e-01 
9.542484e-01 
9.542484e-01 
9.542484e-01 
9.542484e-01 
9.542484e-01 
9.542484e-01 
9.542484e-01 
9.542484e-01 
9.542484e-01 
9.542484e-01 
9.542484e-01 
9.542484e-01 
9.542484e-01 
9.542484e-01 
9.542484e-01 
9.542484e-01 
9.542484e-01 
9.542484e-01 
9.542484e-01 
9.542484e-01 
9.542484e-01 
9.542484e-01 
9.542484e-01 
9.542484e-01 
9.542484e-01 
9.542484e-01 
9.542484e-01 
9.542484e-01 
9.542484e-01 
9.542484e-01 
9.542484e-01 
9.542484e-01 
9.542484e-01 
9.542484e-01 
9.542484e-01 
9.542484e-01 
9.542484e-01 
9.542484e-01 
9.542484e-01 
9.542484e-01 
9.542484e-01 
9.542484e-01 
9.542484e-01 
9.542484e-01 
9.542484e-01 
9.542484e-01 
9.542484e-01 
9.542484e-01 
9.542484e-01 
9.542484e-01 
9.542484e-01 
9.542484e-01 
9.542484e-01 
9.542484e-01 
9.542484e-01 
9.542484e-01 
9.542484e-01 
9.542484e-01 
9.542484e-01 
9.542484e-01 
9.542484e-01 
9.542484e-01 
9.542484e-01 
9.542484e-01 
9.542484e-01 
9.542484e-01 
9.542484e-01 
9.542484e-01 
9.542484e-01 
9.542484e-01 
9.542484e-01 
9.542484e-01 
9.542484e-01 
9.542484e-01 
9.542484e-01 
9.542484e-01 
9.542484e-01 
9.542484e-01 
9.542484e-01 
9.542484e-01 
9.542484e-01 
9.542484e-01 
9.542484e-01 
9.542484e-01 
9.542484e-01 
9.542484e-01 
9.542484e-01 
9.542484e-01 
9.542484e-01 
9.542484e-01 
9.542484e-01 
9.542484e-01 
9.542484e-01 
9.542484e-01 
9.542484e-01 
9.542484e-01 
9.542484e-01 
9.542484e-01 
9.542484e-01 
9.542484e-01 
9.542484e-01 
9.542484e-01 
9.542484e-01 
9.542484e-01 
9.542484e-01 
9.542484e-01 
9.542484e-01 
9.542484e-01 
9.542484e-01 
9.542484e-01 
9.542484e-01 
9.542484e-01 
9.542484e-01 
9.542484e-01 
9.542484e-01 
9.542484e-01 
9.542484e-01 
9.542482e-01 
9.542481e-01 
9.542479e-01 
9.542477e-01 
9.542475e-01 
9.542474e-01 
9.542471e-01 
9.542468e-01 
9.542467e-01 
9.542465e-01 
9.542462e-01 
9.542459e-01 
9.542455e-01 
9.542452e-01 
9.542448e-01 
9.542445e-01 
9.542441e-01 
9.542436e-01 
9.542434e-01 
9.542429e-01 
9.542425e-01 
9.542421e-01 
9.542418e-01 
9.542414e-01 
9.542410e-01 
9.542407e-01 
9.542404e-01 
9.542400e-01 
9.542397e-01 
9.542395e-01 
9.542393e-01 
9.542390e-01 
9.542388e-01 
9.542386e-01 
9.542384e-01 
9.542381e-01 
9.542379e-01 
9.542378e-01 
9.542375e-01 
9.542373e-01 
9.542372e-01 
9.542371e-01 
9.542369e-01 
9.542368e-01 
9.542366e-01 
9.542365e-01 
9.542364e-01 
9.542363e-01 
9.542361e-01 
9.542359e-01 
9.542359e-01 
9.542358e-01 
9.542357e-01 
9.542356e-01 
9.542355e-01 
9.542354e-01 
9.542353e-01 
9.542351e-01 
9.542351e-01 
9.542350e-01 
9.542350e-01 
9.542348e-01 
9.542348e-01 
9.542347e-01 
9.542346e-01 
9.542345e-01 
9.542345e-01 
9.542345e-01 
9.542344e-01 
9.542343e-01 
9.542342e-01 
9.542342e-01 
9.542341e-01 
9.542341e-01 
9.542340e-01 
9.542340e-01 
9.542339e-01 
9.542339e-01 
9.542338e-01 
9.542338e-01 
9.542337e-01 
9.542338e-01 
9.542338e-01 
9.542338e-01 
9.542338e-01 
9.542338e-01 
9.542338e-01 
9.542338e-01 
9.542338e-01 
9.542338e-01 
9.542338e-01 
9.542338e-01 
9.542338e-01 
9.542338e-01 
9.542338e-01 
9.542338e-01 
9.542338e-01 
9.542338e-01 
9.542338e-01 
9.542338e-01 
9.542338e-01 
9.542338e-01 
9.542338e-01 
9.542338e-01 
9.542338e-01 
9.542338e-01 
9.542338e-01 
9.542338e-01 
9.542338e-01 
9.542338e-01 
9.542338e-01 
9.542338e-01 
9.542338e-01 
9.542338e-01 
9.542338e-01 
9.542338e-01 
9.542338e-01 
9.542338e-01 
9.542338e-01 
9.542338e-01 
9.542338e-01 
9.542338e-01 
9.542338e-01 
9.542338e-01 
9.542338e-01 
9.542338e-01 
9.542338e-01 
9.542338e-01 
9.542338e-01 
9.542338e-01 
9.542338e-01 
9.542338e-01 
9.542338e-01 
9.542338e-01 
9.542338e-01 
9.542338e-01 
9.542338e-01 
9.542338e-01 
9.542338e-01 
9.542338e-01 
9.542338e-01 
9.542338e-01 
9.542338e-01 
9.542338e-01 
9.542338e-01 
9.542338e-01 
9.542338e-01 
9.542338e-01 
9.542338e-01 
9.542338e-01 
9.542338e-01 
9.542338e-01 
9.542338e-01 
9.542338e-01 
9.542338e-01 
9.542338e-01 
9.542338e-01 
9.542338e-01 
9.542338e-01 
9.542338e-01 
9.542338e-01 
9.542338e-01 
9.542338e-01 
9.542338e-01 
9.542338e-01 
9.542338e-01 
9.542338e-01 
9.542338e-01 
9.542338e-01 
9.542338e-01 
9.542338e-01 
9.542338e-01 
9.542338e-01 
9.542338e-01 
9.542338e-01 
9.542338e-01 
9.542338e-01 
9.542338e-01 
9.542338e-01 
9.542338e-01 
9.542338e-01 
9.542338e-01 
9.542338e-01 
9.542338e-01 
9.542338e-01 
9.542338e-01 
9.542338e-01 
9.542338e-01 
9.542338e-01 
9.542338e-01 
9.542338e-01 
9.542338e-01 
9.542338e-01 
9.542338e-01 
9.542338e-01 
9.542338e-01 
9.542338e-01 
9.542338e-01 
9.542338e-01 
9.542338e-01 
9.542338e-01 
9.542338e-01 
9.542338e-01 
9.542338e-01 
9.542338e-01 
9.542338e-01 
9.542338e-01 
9.542338e-01 
9.542338e-01 
9.542338e-01 
9.542338e-01 
9.542338e-01 
9.542338e-01 
9.542338e-01 
9.542338e-01 
9.542338e-01 
9.542338e-01 
9.542338e-01 
9.542338e-01 
9.542338e-01 
9.542338e-01 
9.542338e-01 
9.542338e-01 
9.542338e-01 
9.542338e-01 
9.542338e-01 
9.542338e-01 
9.542338e-01 
9.542338e-01 
9.542338e-01 
9.542338e-01 
9.542338e-01 
9.542338e-01 
9.542338e-01 
9.542338e-01 
9.542338e-01 
9.542338e-01 
9.542338e-01 
9.542338e-01 
9.542338e-01 
9.542338e-01 
9.542338e-01 
9.542338e-01 
9.542338e-01 
9.542338e-01 
9.542338e-01 
9.542338e-01 
9.542338e-01 
9.542338e-01 
9.484018e-01 
9.174351e-01 
8.810045e-01 
8.399265e-01 
7.950448e-01 
7.469788e-01 
6.958962e-01 
6.420598e-01 
5.849974e-01 
5.243203e-01 
4.588361e-01 
3.858338e-01 
3.001418e-01 
1.887678e-01 
2.845492e-02 
7.710591e-03 
2.159723e-03 
1.249333e-03 
8.509224e-04 
6.159248e-04 
4.646442e-04 
3.611339e-04 
2.874829e-04 
2.332146e-04 
1.921224e-04 
1.605277e-04 
1.352842e-04 
1.156321e-04 
1.002880e-04 
8.666528e-05 
7.541588e-05 
6.606227e-05 
5.820112e-05 
5.280109e-05 
4.696011e-05 
4.194361e-05 
3.761917e-05 
3.387546e-05 
3.061389e-05 
2.775995e-05 
2.525462e-05 
2.304282e-05 
2.108521e-05 
1.934405e-05 
1.779079e-05 
1.616448e-05 
1.494324e-05 
1.384484e-05 
1.285192e-05 
1.195420e-05 
1.113875e-05 
1.039805e-05 
9.722268e-06 
9.105861e-06 
8.532501e-06 
8.016837e-06 
7.542296e-06 
7.106078e-06 
6.703924e-06 
6.330166e-06 
5.977405e-06 
5.616173e-06 
5.167027e-06 
4.347127e-06 
3.170529e-06 
2.025845e-06 
1.055689e-06 
2.407787e-07 
-5.030057e-07 
-1.138358e-06 
-1.715322e-06 
-2.164825e-06 
-2.594435e-06 
-2.954586e-06 
-3.093627e-06 
-3.352923e-06 
-3.559642e-06 
-3.717028e-06 
-3.827498e-06 
-3.892472e-06 
-3.882423e-06 
-3.952376e-06 
-3.956716e-06 
-3.967672e-06 
-3.967399e-06 
-3.967326e-06 
-3.967320e-06 
-3.967320e-06 
-3.967320e-06 
-3.967320e-06 
-3.967320e-06 
-3.967320e-06 
-3.967320e-06 
-3.967320e-06 
-3.967320e-06 
-3.967320e-06 
-3.967320e-06 
-3.967320e-06 
-3.967320e-06 
-3.967320e-06 
-3.967320e-06 
-3.967320e-06 
-3.967320e-06 
-3.967320e-06 
-3.967320e-06 
-3.967320e-06 
-3.967320e-06 
-3.967320e-06 
-3.967320e-06 
-3.967320e-06 
-3.967320e-06 
-3.967320e-06 
-3.967320e-06 
-3.967320e-06 
-3.967320e-06 
-3.967320e-06 
-3.967320e-06 
-3.967320e-06 
-3.967320e-06 
-3.967320e-06 
-3.967320e-06 
-3.967320e-06 
-3.967320e-06 
-3.967320e-06 
-3.967320e-06 
-3.967320e-06 
-3.967320e-06 
-3.967320e-06 
-3.967320e-06 
-3.967320e-06 
-3.967320e-06 
-3.967320e-06 
-3.967320e-06 
-3.967320e-06 
-3.967320e-06 
-3.967320e-06 
-3.967320e-06 
-3.967320e-06 
-3.967320e-06 
-3.967320e-06 
-3.967320e-06 
-3.967320e-06 
-3.967320e-06 
-3.967320e-06 
-3.967320e-06 
-3.967320e-06 
-3.967320e-06 
-3.967320e-06 
-3.967320e-06 
-3.967320e-06 
-3.967320e-06 
-3.967320e-06 
-3.967320e-06 
-3.967320e-06 
-3.967320e-06 
-3.967320e-06 
-3.967320e-06 
-3.967320e-06 
-3.967320e-06 
-3.967320e-06 
-3.967320e-06 
-3.967320e-06 
-3.967320e-06 
-3.967320e-06 
-3.967320e-06 
-3.967320e-06 
-3.967320e-06 
-3.967320e-06 
-3.967320e-06 
-3.967320e-06 
-3.967320e-06 
-3.967320e-06 
-3.967320e-06 
-3.967320e-06 
-3.967320e-06 
-3.967320e-06 
-3.967320e-06 
-3.967320e-06 
-3.967320e-06 
-3.967320e-06 
-3.967320e-06 
-3.967320e-06 
-3.967320e-06 
-3.967320e-06 
-3.967320e-06 
-3.967320e-06 
-3.967320e-06 
-3.967320e-06 
-3.967320e-06 
-3.967320e-06 
-3.967320e-06 
-3.967320e-06 
-3.967320e-06 
-3.967320e-06 
-3.967320e-06 
-3.967320e-06 
-3.967320e-06 
-3.967320e-06 
-3.967320e-06 
-3.967320e-06 
-3.967320e-06 
-3.967320e-06 
-3.967320e-06 
-3.967320e-06 
-3.967320e-06 
-3.967320e-06 
-3.967320e-06 
-3.967320e-06 
-3.967320e-06 
-3.967320e-06 
-3.967320e-06 
-3.967320e-06 
-3.967320e-06 
-3.967320e-06 
-3.967320e-06 
-3.967320e-06 
-3.967320e-06 
-3.967320e-06 
-3.967320e-06 
-3.967320e-06 
-3.967320e-06 
-3.967320e-06 
-3.967320e-06 
-3.967320e-06 
-3.967320e-06 
-3.967320e-06 
-3.967320e-06 
-3.967320e-06 
-3.967320e-06 
-3.967320e-06 
-3.967320e-06 
-3.967320e-06 
-3.967320e-06 
-3.967320e-06 
-3.967320e-06 
-3.967320e-06 
-3.967320e-06 
-3.967320e-06 
-3.967320e-06 
-3.967320e-06 
-3.967320e-06 
-3.967320e-06 
-3.967320e-06 
-3.967320e-06 
-3.967320e-06 
-3.967320e-06 
-3.967320e-06 
-3.967320e-06 
-3.967320e-06 
-3.967320e-06 
-3.966248e-06 
-3.949999e-06 
-3.890737e-06 
-3.826797e-06 
-3.735987e-06 
-3.662027e-06 
-3.537022e-06 
-3.448774e-06 
-3.377751e-06 
-3.257934e-06 
-3.152522e-06 
-3.040031e-06 
-2.919722e-06 
-2.790952e-06 
-2.652929e-06 
-2.505146e-06 
-2.346387e-06 
-2.176094e-06 
-1.992823e-06 
-1.795752e-06 
-1.583509e-06 
-1.354730e-06 
-1.108277e-06 
-8.475811e-07 
-6.126659e-07 
-3.050166e-07 
2.870984e-08 
3.906428e-07 
6.589872e-07 
1.076812e-06 
1.531938e-06 
2.028449e-06 
2.570906e-06 
3.164479e-06 
3.815205e-06 
4.529293e-06 
5.062132e-06 
5.877721e-06 
6.799827e-06 
7.819268e-06 
8.946984e-06 
1.019729e-05 
1.158603e-05 
1.313145e-05 
1.547866e-05 
1.748979e-05 
1.972911e-05 
2.223918e-05 
2.505670e-05 
2.822294e-05 
3.178105e-05 
3.578091e-05 
4.027647e-05 
4.674987e-05 
5.254975e-05 
5.900401e-05 
6.723518e-05 
7.556146e-05 
8.429281e-05 
9.373663e-05 
1.038935e-04 
1.147380e-04 
1.262475e-04 
1.383728e-04 
1.511240e-04 
1.644644e-04 
1.784411e-04 
1.930667e-04 
2.084056e-04 
2.244923e-04 
2.410537e-04 
2.593459e-04 
2.788970e-04 
2.984385e-04 
3.211214e-04 
3.455121e-04 
3.716228e-04 
3.992783e-04 
4.279117e-04 
4.445672e-04 
4.723306e-04 
4.874648e-04 
4.897627e-04 
4.899015e-04 
4.899100e-04 
4.899106e-04 
4.899106e-04 
4.899106e-04 
4.899106e-04 
4.899106e-04 
4.899106e-04 
4.899106e-04 
4.899106e-04 
4.899106e-04 
4.899106e-04 
4.899106e-04 
4.899106e-04 
4.899106e-04 
4.899106e-04 
4.899106e-04 
4.899106e-04 
4.899106e-04 
4.899106e-04 
4.899106e-04 
4.899106e-04 
4.899106e-04 
4.899106e-04 
4.899106e-04 
4.899106e-04 
4.899106e-04 
4.899106e-04 
4.899106e-04 
4.899106e-04 
4.899106e-04 
4.899106e-04 
4.899106e-04 
4.899106e-04 
4.899106e-04 
4.899106e-04 
4.899106e-04 
4.899106e-04 
4.899106e-04 
4.899106e-04 
4.899106e-04 
4.899106e-04 
4.899106e-04 
4.899106e-04 
4.899106e-04 
4.899106e-04 
4.899106e-04 
4.899106e-04 
4.899106e-04 
4.899106e-04 
4.899106e-04 
4.899106e-04 
4.899106e-04 
4.899106e-04 
4.899106e-04 
4.899106e-04 
4.899106e-04 
4.899106e-04 
4.899106e-04 
4.899106e-04 
4.899106e-04 
4.899106e-04 
4.899106e-04 
4.899106e-04 
4.899106e-04 
4.899106e-04 
4.899106e-04 
4.899106e-04 
4.899106e-04 
4.899106e-04 
4.899106e-04 
4.899106e-04 
4.899106e-04 
4.899106e-04 
4.899106e-04 
4.899106e-04 
4.899106e-04 
4.899106e-04 
4.899106e-04 
4.899106e-04 
4.899106e-04 
4.899106e-04 
4.899106e-04 
4.899106e-04 
4.899106e-04 
4.899106e-04 
4.899106e-04 
4.899106e-04 
4.899106e-04 
4.899106e-04 
4.899106e-04 
4.899106e-04 
4.899106e-04 
4.899106e-04 
4.899106e-04 
4.899106e-04 
4.899106e-04 
4.899106e-04 
4.899106e-04 
4.899106e-04 
4.899106e-04 
4.899106e-04 
4.899106e-04 
4.899106e-04 
4.899106e-04 
4.899106e-04 
4.899106e-04 
4.899106e-04 
4.899106e-04 
4.899106e-04 
4.899106e-04 
4.899106e-04 
4.899106e-04 
4.899106e-04 
4.899106e-04 
4.899106e-04 
4.899106e-04 
4.899106e-04 
4.899106e-04 
4.899106e-04 
4.899106e-04 
4.899106e-04 
4.899106e-04 
4.899106e-04 
4.899106e-04 
4.899106e-04 
4.899106e-04 
4.899106e-04 
4.899106e-04 
4.899106e-04 
4.899106e-04 
4.899106e-04 
4.899106e-04 
4.899106e-04 
4.899106e-04 
4.899106e-04 
4.899106e-04 
4.899106e-04 
4.899106e-04 
4.899106e-04 
4.899106e-04 
4.899106e-04 
4.899106e-04 
4.899106e-04 
4.899106e-04 
4.899106e-04 
4.899106e-04 
4.899106e-04 
4.899106e-04 
4.899106e-04 
4.899106e-04 
4.899106e-04 
4.899106e-04 
4.899106e-04 
4.899106e-04 
4.899106e-04 
4.899106e-04 
4.899106e-04 
4.899106e-04 
4.899106e-04 
4.899106e-04 
4.899106e-04 
4.899106e-04 
4.899106e-04 
4.899106e-04 
4.899106e-04 
4.899106e-04 
4.933752e-04 
5.133661e-04 
5.340724e-04 
5.560243e-04 
5.792899e-04 
6.042616e-04 
6.305245e-04 
6.583707e-04 
6.880220e-04 
7.195502e-04 
7.531905e-04 
7.890310e-04 
8.273502e-04 
8.682659e-04 
9.121098e-04 
9.590305e-04 
1.009427e-03 
1.063501e-03 
1.121722e-03 
1.184327e-03 
1.251636e-03 
1.324284e-03 
1.402631e-03 
1.487474e-03 
1.579376e-03 
1.678946e-03 
1.787037e-03 
1.904910e-03 
2.033664e-03 
2.174226e-03 
2.324624e-03 
2.493090e-03 
2.678572e-03 
2.882771e-03 
3.108613e-03 
3.358453e-03 
3.585594e-03 
3.888206e-03 
4.226290e-03 
4.604768e-03
#[#TRACE_DATA]
#[#TRACE]
