#[TRACE]
#data_labels=Output
#[TRACE_DATA]
5.129009e-03 
5.621657e-03 
6.179197e-03 
6.812564e-03 
7.535190e-03 
8.362717e-03 
9.314910e-03 
1.041600e-02 
1.169561e-02 
1.319116e-02 
1.494937e-02 
1.702963e-02 
1.950782e-02 
2.248177e-02 
2.607879e-02 
3.046587e-02 
3.586381e-02 
4.256621e-02 
5.096436e-02 
6.157766e-02 
7.508450e-02 
9.233972e-02 
1.143439e-01 
1.421114e-01 
1.763930e-01 
2.173172e-01 
2.641755e-01 
3.155661e-01 
3.699260e-01 
4.257684e-01 
4.820338e-01 
5.378484e-01 
5.927590e-01 
6.463176e-01 
6.982517e-01 
7.481780e-01 
7.956809e-01 
8.402200e-01 
8.811033e-01 
9.174872e-01 
9.484048e-01 
9.542484e-01 
9.542484e-01 
9.542484e-01 
9.542484e-01 
9.542484e-01 
9.542484e-01 
9.542484e-01 
9.542484e-01 
9.542484e-01 
9.542484e-01 
9.542484e-01 
9.542484e-01 
9.542484e-01 
9.542484e-01 
9.542484e-01 
9.542484e-01 
9.542484e-01 
9.542484e-01 
9.542484e-01 
9.542484e-01 
9.542484e-01 
9.542484e-01 
9.542484e-01 
9.542484e-01 
9.542484e-01 
9.542484e-01 
9.542484e-01 
9.542484e-01 
9.542484e-01 
9.542484e-01 
9.542484e-01 
9.542484e-01 
9.542484e-01 
9.542484e-01 
9.542484e-01 
9.542484e-01 
9.542484e-01 
9.542484e-01 
9.542484e-01 
9.542484e-01 
9.542484e-01 
9.542484e-01 
9.542484e-01 
9.542484e-01 
9.542484e-01 
9.542484e-01 
9.542484e-01 
9.542484e-01 
9.542484e-01 
9.542484e-01 
9.542484e-01 
9.542484e-01 
9.542484e-01 
9.542484e-01 
9.542484e-01 
9.542484e-01 
9.542484e-01 
9.542484e-01 
9.542484e-01 
9.542484e-01 
9.542484e-01 
9.542484e-01 
9.542484e-01 
9.542484e-01 
9.542484e-01 
9.542484e-01 
9.542484e-01 
9.542484e-01 
9.542484e-01 
9.542484e-01 
9.542484e-01 
9.542484e-01 
9.542484e-01 
9.542484e-01 
9.542484e-01 
9.542484e-01 
9.542484e-01 
9.542484e-01 
9.542484e-01 
9.542484e-01 
9.542484e-01 
9.542484e-01 
9.542484e-01 
9.542484e-01 
9.542484e-01 
9.542484e-01 
9.542484e-01 
9.542484e-01 
9.542484e-01 
9.542484e-01 
9.542484e-01 
9.542484e-01 
9.542484e-01 
9.542484e-01 
9.542484e-01 
9.542484e-01 
9.542484e-01 
9.542484e-01 
9.542484e-01 
9.542484e-01 
9.542484e-01 
9.542484e-01 
9.542484e-01 
9.542484e-01 
9.542484e-01 
9.542484e-01 
9.542484e-01 
9.542484e-01 
9.542484e-01 
9.542484e-01 
9.542484e-01 
9.542484e-01 
9.542484e-01 
9.542484e-01 
9.542484e-01 
9.542484e-01 
9.542484e-01 
9.542484e-01 
9.542484e-01 
9.542484e-01 
9.542484e-01 
9.542484e-01 
9.542484e-01 
9.542484e-01 
9.542484e-01 
9.542484e-01 
9.542484e-01 
9.542484e-01 
9.542484e-01 
9.542484e-01 
9.542484e-01 
9.542484e-01 
9.542484e-01 
9.542484e-01 
9.542484e-01 
9.542484e-01 
9.542484e-01 
9.542484e-01 
9.542484e-01 
9.542484e-01 
9.542484e-01 
9.542484e-01 
9.542484e-01 
9.542484e-01 
9.542484e-01 
9.542484e-01 
9.542484e-01 
9.542484e-01 
9.542484e-01 
9.542484e-01 
9.542484e-01 
9.542484e-01 
9.542484e-01 
9.542484e-01 
9.542484e-01 
9.542484e-01 
9.542484e-01 
9.542484e-01 
9.542484e-01 
9.542484e-01 
9.542484e-01 
9.542484e-01 
9.542484e-01 
9.542484e-01 
9.542484e-01 
9.542484e-01 
9.542484e-01 
9.542484e-01 
9.542484e-01 
9.542483e-01 
9.542482e-01 
9.542481e-01 
9.542479e-01 
9.542477e-01 
9.542475e-01 
9.542473e-01 
9.542471e-01 
9.542469e-01 
9.542466e-01 
9.542464e-01 
9.542461e-01 
9.542458e-01 
9.542455e-01 
9.542452e-01 
9.542448e-01 
9.542445e-01 
9.542441e-01 
9.542437e-01 
9.542433e-01 
9.542429e-01 
9.542425e-01 
9.542421e-01 
9.542418e-01 
9.542414e-01 
9.542410e-01 
9.542407e-01 
9.542404e-01 
9.542401e-01 
9.542398e-01 
9.542395e-01 
9.542392e-01 
9.542390e-01 
9.542387e-01 
9.542385e-01 
9.542383e-01 
9.542381e-01 
9.542379e-01 
9.542377e-01 
9.542375e-01 
9.542374e-01 
9.542372e-01 
9.542370e-01 
9.542369e-01 
9.542367e-01 
9.542366e-01 
9.542365e-01 
9.542363e-01 
9.542362e-01 
9.542361e-01 
9.542360e-01 
9.542359e-01 
9.542358e-01 
9.542357e-01 
9.542356e-01 
9.542355e-01 
9.542354e-01 
9.542353e-01 
9.542352e-01 
9.542351e-01 
9.542350e-01 
9.542349e-01 
9.542349e-01 
9.542348e-01 
9.542347e-01 
9.542346e-01 
9.542346e-01 
9.542345e-01 
9.542344e-01 
9.542344e-01 
9.542343e-01 
9.542343e-01 
9.542342e-01 
9.542341e-01 
9.542341e-01 
9.542340e-01 
9.542340e-01 
9.542339e-01 
9.542339e-01 
9.542338e-01 
9.542338e-01 
9.542338e-01 
9.542338e-01 
9.542338e-01 
9.542338e-01 
9.542338e-01 
9.542338e-01 
9.542338e-01 
9.542338e-01 
9.542338e-01 
9.542338e-01 
9.542338e-01 
9.542338e-01 
9.542338e-01 
9.542338e-01 
9.542338e-01 
9.542338e-01 
9.542338e-01 
9.542338e-01 
9.542338e-01 
9.542338e-01 
9.542338e-01 
9.542338e-01 
9.542338e-01 
9.542338e-01 
9.542338e-01 
9.542338e-01 
9.542338e-01 
9.542338e-01 
9.542338e-01 
9.542338e-01 
9.542338e-01 
9.542338e-01 
9.542338e-01 
9.542338e-01 
9.542338e-01 
9.542338e-01 
9.542338e-01 
9.542338e-01 
9.542338e-01 
9.542338e-01 
9.542338e-01 
9.542338e-01 
9.542338e-01 
9.542338e-01 
9.542338e-01 
9.542338e-01 
9.542338e-01 
9.542338e-01 
9.542338e-01 
9.542338e-01 
9.542338e-01 
9.542338e-01 
9.542338e-01 
9.542338e-01 
9.542338e-01 
9.542338e-01 
9.542338e-01 
9.542338e-01 
9.542338e-01 
9.542338e-01 
9.542338e-01 
9.542338e-01 
9.542338e-01 
9.542338e-01 
9.542338e-01 
9.542338e-01 
9.542338e-01 
9.542338e-01 
9.542338e-01 
9.542338e-01 
9.542338e-01 
9.542338e-01 
9.542338e-01 
9.542338e-01 
9.542338e-01 
9.542338e-01 
9.542338e-01 
9.542338e-01 
9.542338e-01 
9.542338e-01 
9.542338e-01 
9.542338e-01 
9.542338e-01 
9.542338e-01 
9.542338e-01 
9.542338e-01 
9.542338e-01 
9.542338e-01 
9.542338e-01 
9.542338e-01 
9.542338e-01 
9.542338e-01 
9.542338e-01 
9.542338e-01 
9.542338e-01 
9.542338e-01 
9.542338e-01 
9.542338e-01 
9.542338e-01 
9.542338e-01 
9.542338e-01 
9.542338e-01 
9.542338e-01 
9.542338e-01 
9.542338e-01 
9.542338e-01 
9.542338e-01 
9.542338e-01 
9.542338e-01 
9.542338e-01 
9.542338e-01 
9.542338e-01 
9.542338e-01 
9.542338e-01 
9.542338e-01 
9.542338e-01 
9.542338e-01 
9.542338e-01 
9.542338e-01 
9.542338e-01 
9.542338e-01 
9.542338e-01 
9.542338e-01 
9.542338e-01 
9.542338e-01 
9.542338e-01 
9.542338e-01 
9.542338e-01 
9.542338e-01 
9.542338e-01 
9.542338e-01 
9.542338e-01 
9.542338e-01 
9.542338e-01 
9.542338e-01 
9.542338e-01 
9.542338e-01 
9.542338e-01 
9.542338e-01 
9.542338e-01 
9.542338e-01 
9.542338e-01 
9.542338e-01 
9.542338e-01 
9.542338e-01 
9.542338e-01 
9.542338e-01 
9.542338e-01 
9.542338e-01 
9.542338e-01 
9.542338e-01 
9.542338e-01 
9.542338e-01 
9.542338e-01 
9.542338e-01 
9.542338e-01 
9.542338e-01 
9.542338e-01 
9.542338e-01 
9.542338e-01 
9.542338e-01 
9.542338e-01 
9.542338e-01 
9.542338e-01 
9.542338e-01 
9.542338e-01 
9.542338e-01 
9.542338e-01 
9.542338e-01 
9.483858e-01 
9.174323e-01 
8.809684e-01 
8.399196e-01 
7.950572e-01 
7.469424e-01 
6.959046e-01 
6.420044e-01 
5.850068e-01 
5.242888e-01 
4.586221e-01 
3.856825e-01 
3.001366e-01 
1.879483e-01 
2.404512e-02 
4.515117e-03 
2.019425e-03 
1.247740e-03 
8.507865e-04 
6.159423e-04 
4.645724e-04 
3.611272e-04 
2.873893e-04 
2.330738e-04 
1.919517e-04 
1.602182e-04 
1.350919e-04 
1.150400e-04 
9.881944e-05 
8.554280e-05 
7.456261e-05 
6.539770e-05 
5.768457e-05 
5.114471e-05 
4.556196e-05 
4.076665e-05 
3.662423e-05 
3.302697e-05 
2.988793e-05 
2.713633e-05 
2.471418e-05 
2.257361e-05 
2.067660e-05 
1.898623e-05 
1.747676e-05 
1.612469e-05 
1.491006e-05 
1.382010e-05 
1.283118e-05 
1.193585e-05 
1.112334e-05 
1.038435e-05 
9.710811e-06 
9.095691e-06 
8.531668e-06 
8.016022e-06 
7.542625e-06 
7.107487e-06 
6.707181e-06 
6.338778e-06 
6.000009e-06 
5.689946e-06 
5.407996e-06 
5.141786e-06 
4.874660e-06 
4.625478e-06 
4.393641e-06 
4.177302e-06 
3.975188e-06 
3.786183e-06 
3.609268e-06 
3.443506e-06 
3.288033e-06 
3.142060e-06 
3.004875e-06 
2.875842e-06 
2.754394e-06 
2.640037e-06 
2.535802e-06 
2.454775e-06 
2.337258e-06 
2.319014e-06 
2.315906e-06 
2.315589e-06 
2.315568e-06 
2.315567e-06 
2.315567e-06 
2.315567e-06 
2.315567e-06 
2.315567e-06 
2.315567e-06 
2.315567e-06 
2.315567e-06 
2.315567e-06 
2.315567e-06 
2.315567e-06 
2.315567e-06 
2.315567e-06 
2.315567e-06 
2.315567e-06 
2.315567e-06 
2.315567e-06 
2.315567e-06 
2.315567e-06 
2.315567e-06 
2.315567e-06 
2.315567e-06 
2.315567e-06 
2.315567e-06 
2.315567e-06 
2.315567e-06 
2.315567e-06 
2.315567e-06 
2.315567e-06 
2.315567e-06 
2.315567e-06 
2.315567e-06 
2.315567e-06 
2.315567e-06 
2.315567e-06 
2.315567e-06 
2.315567e-06 
2.315567e-06 
2.315567e-06 
2.315567e-06 
2.315567e-06 
2.315567e-06 
2.315567e-06 
2.315567e-06 
2.315567e-06 
2.315567e-06 
2.315567e-06 
2.315567e-06 
2.315567e-06 
2.315567e-06 
2.315567e-06 
2.315567e-06 
2.315567e-06 
2.315567e-06 
2.315567e-06 
2.315567e-06 
2.315567e-06 
2.315567e-06 
2.315567e-06 
2.315567e-06 
2.315567e-06 
2.315567e-06 
2.315567e-06 
2.315567e-06 
2.315567e-06 
2.315567e-06 
2.315567e-06 
2.315567e-06 
2.315567e-06 
2.315567e-06 
2.315567e-06 
2.315567e-06 
2.315567e-06 
2.315567e-06 
2.315567e-06 
2.315567e-06 
2.315567e-06 
2.315567e-06 
2.315567e-06 
2.315567e-06 
2.315567e-06 
2.315567e-06 
2.315567e-06 
2.315567e-06 
2.315567e-06 
2.315567e-06 
2.315567e-06 
2.315567e-06 
2.315567e-06 
2.315567e-06 
2.315567e-06 
2.315567e-06 
2.315567e-06 
2.315567e-06 
2.315567e-06 
2.315567e-06 
2.315567e-06 
2.315567e-06 
2.315567e-06 
2.315567e-06 
2.315567e-06 
2.315567e-06 
2.315567e-06 
2.315567e-06 
2.315567e-06 
2.315567e-06 
2.315567e-06 
2.315567e-06 
2.315567e-06 
2.315567e-06 
2.315567e-06 
2.315567e-06 
2.315567e-06 
2.315567e-06 
2.315567e-06 
2.315567e-06 
2.315567e-06 
2.315567e-06 
2.315567e-06 
2.315567e-06 
2.315567e-06 
2.315567e-06 
2.315567e-06 
2.315567e-06 
2.315567e-06 
2.315567e-06 
2.315567e-06 
2.315567e-06 
2.315567e-06 
2.315567e-06 
2.315567e-06 
2.315567e-06 
2.315567e-06 
2.315567e-06 
2.315567e-06 
2.315567e-06 
2.315567e-06 
2.315567e-06 
2.315567e-06 
2.315567e-06 
2.315567e-06 
2.315567e-06 
2.315567e-06 
2.315567e-06 
2.315567e-06 
2.315567e-06 
2.315567e-06 
2.315567e-06 
2.315567e-06 
2.315567e-06 
2.315567e-06 
2.315567e-06 
2.315567e-06 
2.315567e-06 
2.315567e-06 
2.315567e-06 
2.315567e-06 
2.315567e-06 
2.315567e-06 
2.315567e-06 
2.315567e-06 
2.315567e-06 
2.315567e-06 
2.315567e-06 
2.315567e-06 
2.328650e-06 
2.391015e-06 
2.456196e-06 
2.524297e-06 
2.595569e-06 
2.670167e-06 
2.748333e-06 
2.830282e-06 
2.916259e-06 
3.006526e-06 
3.101369e-06 
3.201107e-06 
3.306074e-06 
3.416638e-06 
3.533202e-06 
3.656201e-06 
3.786113e-06 
3.923459e-06 
4.068810e-06 
4.222794e-06 
4.386097e-06 
4.559481e-06 
4.743780e-06 
4.939924e-06 
5.148922e-06 
5.371968e-06 
5.610214e-06 
5.865119e-06 
6.137445e-06 
6.430384e-06 
6.745236e-06 
7.084206e-06 
7.449784e-06 
7.844783e-06 
8.272395e-06 
8.736252e-06 
9.187646e-06 
9.730793e-06 
1.032360e-05 
1.097218e-05 
1.168363e-05 
1.256150e-05 
1.343783e-05 
1.440837e-05 
1.548685e-05 
1.668955e-05 
1.803583e-05 
1.954891e-05 
2.125677e-05 
2.319328e-05 
2.539972e-05 
2.792667e-05 
3.095734e-05 
3.436161e-05 
3.833165e-05 
4.298953e-05 
4.864575e-05 
5.525027e-05 
6.312962e-05 
7.252882e-05 
8.373328e-05 
9.699484e-05 
1.124781e-04 
1.301938e-04 
1.499621e-04 
1.714406e-04 
1.942112e-04 
2.178787e-04 
2.421638e-04 
2.668341e-04 
2.917814e-04 
3.169366e-04 
3.422413e-04 
3.676085e-04 
3.928850e-04 
4.178160e-04 
4.420176e-04 
4.649642e-04 
4.860228e-04 
5.044569e-04 
5.197074e-04 
5.224393e-04 
5.225367e-04 
5.225411e-04 
5.225413e-04 
5.225413e-04 
5.225413e-04 
5.225413e-04 
5.225413e-04 
5.225413e-04 
5.225413e-04 
5.225413e-04 
5.225413e-04 
5.225413e-04 
5.225413e-04 
5.225413e-04 
5.225413e-04 
5.225413e-04 
5.225413e-04 
5.225413e-04 
5.225413e-04 
5.225413e-04 
5.225413e-04 
5.225413e-04 
5.225413e-04 
5.225413e-04 
5.225413e-04 
5.225413e-04 
5.225413e-04 
5.225413e-04 
5.225413e-04 
5.225413e-04 
5.225413e-04 
5.225413e-04 
5.225413e-04 
5.225413e-04 
5.225413e-04 
5.225413e-04 
5.225413e-04 
5.225413e-04 
5.225413e-04 
5.225413e-04 
5.225413e-04 
5.225413e-04 
5.225413e-04 
5.225413e-04 
5.225413e-04 
5.225413e-04 
5.225413e-04 
5.225413e-04 
5.225413e-04 
5.225413e-04 
5.225413e-04 
5.225413e-04 
5.225413e-04 
5.225413e-04 
5.225413e-04 
5.225413e-04 
5.225413e-04 
5.225413e-04 
5.225413e-04 
5.225413e-04 
5.225413e-04 
5.225413e-04 
5.225413e-04 
5.225413e-04 
5.225413e-04 
5.225413e-04 
5.225413e-04 
5.225413e-04 
5.225413e-04 
5.225413e-04 
5.225413e-04 
5.225413e-04 
5.225413e-04 
5.225413e-04 
5.225413e-04 
5.225413e-04 
5.225413e-04 
5.225413e-04 
5.225413e-04 
5.225413e-04 
5.225413e-04 
5.225413e-04 
5.225413e-04 
5.225413e-04 
5.225413e-04 
5.225413e-04 
5.225413e-04 
5.225413e-04 
5.225413e-04 
5.225413e-04 
5.225413e-04 
5.225413e-04 
5.225413e-04 
5.225413e-04 
5.225413e-04 
5.225413e-04 
5.225413e-04 
5.225413e-04 
5.225413e-04 
5.225413e-04 
5.225413e-04 
5.225413e-04 
5.225413e-04 
5.225413e-04 
5.225413e-04 
5.225413e-04 
5.225413e-04 
5.225413e-04 
5.225413e-04 
5.225413e-04 
5.225413e-04 
5.225413e-04 
5.225413e-04 
5.225413e-04 
5.225413e-04 
5.225413e-04 
5.225413e-04 
5.225413e-04 
5.225413e-04 
5.225413e-04 
5.225413e-04 
5.225413e-04 
5.225413e-04 
5.225413e-04 
5.225413e-04 
5.225413e-04 
5.225413e-04 
5.225413e-04 
5.225413e-04 
5.225413e-04 
5.225413e-04 
5.225413e-04 
5.225413e-04 
5.225413e-04 
5.225413e-04 
5.225413e-04 
5.225413e-04 
5.225413e-04 
5.225413e-04 
5.225413e-04 
5.225413e-04 
5.225413e-04 
5.225413e-04 
5.225413e-04 
5.225413e-04 
5.225413e-04 
5.225413e-04 
5.225413e-04 
5.225413e-04 
5.225413e-04 
5.225413e-04 
5.225413e-04 
5.225413e-04 
5.225413e-04 
5.225413e-04 
5.225413e-04 
5.225413e-04 
5.225413e-04 
5.225413e-04 
5.225413e-04 
5.225413e-04 
5.225413e-04 
5.225413e-04 
5.225413e-04 
5.225413e-04 
5.225413e-04 
5.225413e-04 
5.225413e-04 
5.268143e-04 
5.473545e-04 
5.693117e-04 
5.923458e-04 
6.166828e-04 
6.423840e-04 
6.695295e-04 
6.981379e-04 
7.280954e-04 
7.196794e-04 
7.532114e-04 
7.890672e-04 
8.273654e-04 
8.683049e-04 
9.121117e-04 
9.590625e-04 
1.009436e-03 
1.063548e-03 
1.121741e-03 
1.184312e-03 
1.251663e-03 
1.324273e-03 
1.402677e-03 
1.487473e-03 
1.579330e-03 
1.679001e-03 
1.787308e-03 
1.905295e-03 
2.034016e-03 
2.174716e-03 
2.328821e-03 
2.497958e-03 
2.683998e-03 
2.889095e-03 
3.115738e-03 
3.366813e-03 
3.645679e-03 
3.956257e-03 
4.303149e-03 
4.692148e-03 
5.129009e-03 
5.621657e-03 
6.179197e-03 
6.812564e-03 
7.535190e-03 
8.362717e-03 
9.314910e-03 
1.041600e-02 
1.169561e-02 
1.319116e-02 
1.494937e-02 
1.702963e-02 
1.950782e-02 
2.248177e-02 
2.607879e-02 
3.046587e-02 
3.586381e-02 
4.256621e-02 
5.096436e-02 
6.157766e-02 
7.508450e-02 
9.233972e-02 
1.143439e-01 
1.421114e-01 
1.763930e-01 
2.173172e-01 
2.641755e-01 
3.155661e-01 
3.699260e-01 
4.257684e-01 
4.820338e-01 
5.378484e-01 
5.927590e-01 
6.463176e-01 
6.982517e-01 
7.481780e-01 
7.956809e-01 
8.402200e-01 
8.811033e-01 
9.174872e-01 
9.484048e-01 
9.542484e-01 
9.542484e-01 
9.542484e-01 
9.542484e-01 
9.542484e-01 
9.542484e-01 
9.542484e-01 
9.542484e-01 
9.542484e-01 
9.542484e-01 
9.542484e-01 
9.542484e-01 
9.542484e-01 
9.542484e-01 
9.542484e-01 
9.542484e-01 
9.542484e-01 
9.542484e-01 
9.542484e-01 
9.542484e-01 
9.542484e-01 
9.542484e-01 
9.542484e-01 
9.542484e-01 
9.542484e-01 
9.542484e-01 
9.542484e-01 
9.542484e-01 
9.542484e-01 
9.542484e-01 
9.542484e-01 
9.542484e-01 
9.542484e-01 
9.542484e-01 
9.542484e-01 
9.542484e-01 
9.542484e-01 
9.542484e-01 
9.542484e-01 
9.542484e-01 
9.542484e-01 
9.542484e-01 
9.542484e-01 
9.542484e-01 
9.542484e-01 
9.542484e-01 
9.542484e-01 
9.542484e-01 
9.542484e-01 
9.542484e-01 
9.542484e-01 
9.542484e-01 
9.542484e-01 
9.542484e-01 
9.542484e-01 
9.542484e-01 
9.542484e-01 
9.542484e-01 
9.542484e-01 
9.542484e-01 
9.542484e-01 
9.542484e-01 
9.542484e-01 
9.542484e-01 
9.542484e-01 
9.542484e-01 
9.542484e-01 
9.542484e-01 
9.542484e-01 
9.542484e-01 
9.542484e-01 
9.542484e-01 
9.542484e-01 
9.542484e-01 
9.542484e-01 
9.542484e-01 
9.542484e-01 
9.542484e-01 
9.542484e-01 
9.542484e-01 
9.542484e-01 
9.542484e-01 
9.542484e-01 
9.542484e-01 
9.542484e-01 
9.542484e-01 
9.542484e-01 
9.542484e-01 
9.542484e-01 
9.542484e-01 
9.542484e-01 
9.542484e-01 
9.542484e-01 
9.542484e-01 
9.542484e-01 
9.542484e-01 
9.542484e-01 
9.542484e-01 
9.542484e-01 
9.542484e-01 
9.542484e-01 
9.542484e-01 
9.542484e-01 
9.542484e-01 
9.542484e-01 
9.542484e-01 
9.542484e-01 
9.542484e-01 
9.542484e-01 
9.542484e-01 
9.542484e-01 
9.542484e-01 
9.542484e-01 
9.542484e-01 
9.542484e-01 
9.542484e-01 
9.542484e-01 
9.542484e-01 
9.542484e-01 
9.542484e-01 
9.542484e-01 
9.542484e-01 
9.542484e-01 
9.542484e-01 
9.542484e-01 
9.542484e-01 
9.542484e-01 
9.542484e-01 
9.542484e-01 
9.542484e-01 
9.542484e-01 
9.542484e-01 
9.542484e-01 
9.542484e-01 
9.542484e-01 
9.542484e-01 
9.542484e-01 
9.542484e-01 
9.542484e-01 
9.542484e-01 
9.542484e-01 
9.542484e-01 
9.542484e-01 
9.542484e-01 
9.542484e-01 
9.542484e-01 
9.542484e-01 
9.542484e-01 
9.542484e-01 
9.542484e-01 
9.542484e-01 
9.542484e-01 
9.542484e-01 
9.542484e-01 
9.542484e-01 
9.542484e-01 
9.542484e-01 
9.542484e-01 
9.542484e-01 
9.542484e-01 
9.542484e-01 
9.542484e-01 
9.542484e-01 
9.542484e-01 
9.542484e-01 
9.542484e-01 
9.542484e-01 
9.542484e-01 
9.542484e-01 
9.542483e-01 
9.542482e-01 
9.542481e-01 
9.542479e-01 
9.542477e-01 
9.542475e-01 
9.542473e-01 
9.542471e-01 
9.542469e-01 
9.542466e-01 
9.542464e-01 
9.542461e-01 
9.542458e-01 
9.542455e-01 
9.542452e-01 
9.542448e-01 
9.542445e-01 
9.542441e-01 
9.542437e-01 
9.542433e-01 
9.542429e-01 
9.542425e-01 
9.542421e-01 
9.542418e-01 
9.542414e-01 
9.542410e-01 
9.542407e-01 
9.542404e-01 
9.542401e-01 
9.542398e-01 
9.542395e-01 
9.542392e-01 
9.542390e-01 
9.542387e-01 
9.542385e-01 
9.542383e-01 
9.542381e-01 
9.542379e-01 
9.542377e-01 
9.542375e-01 
9.542374e-01 
9.542372e-01 
9.542370e-01 
9.542369e-01 
9.542367e-01 
9.542366e-01 
9.542365e-01 
9.542363e-01 
9.542362e-01 
9.542361e-01 
9.542360e-01 
9.542359e-01 
9.542358e-01 
9.542357e-01 
9.542356e-01 
9.542355e-01 
9.542354e-01 
9.542353e-01 
9.542352e-01 
9.542351e-01 
9.542350e-01 
9.542349e-01 
9.542349e-01 
9.542348e-01 
9.542347e-01 
9.542346e-01 
9.542346e-01 
9.542345e-01 
9.542344e-01 
9.542344e-01 
9.542343e-01 
9.542343e-01 
9.542342e-01 
9.542341e-01 
9.542341e-01 
9.542340e-01 
9.542340e-01 
9.542339e-01 
9.542339e-01 
9.542338e-01 
9.542338e-01 
9.542338e-01 
9.542338e-01 
9.542338e-01 
9.542338e-01 
9.542338e-01 
9.542338e-01 
9.542338e-01 
9.542338e-01 
9.542338e-01 
9.542338e-01 
9.542338e-01 
9.542338e-01 
9.542338e-01 
9.542338e-01 
9.542338e-01 
9.542338e-01 
9.542338e-01 
9.542338e-01 
9.542338e-01 
9.542338e-01 
9.542338e-01 
9.542338e-01 
9.542338e-01 
9.542338e-01 
9.542338e-01 
9.542338e-01 
9.542338e-01 
9.542338e-01 
9.542338e-01 
9.542338e-01 
9.542338e-01 
9.542338e-01 
9.542338e-01 
9.542338e-01 
9.542338e-01 
9.542338e-01 
9.542338e-01 
9.542338e-01 
9.542338e-01 
9.542338e-01 
9.542338e-01 
9.542338e-01 
9.542338e-01 
9.542338e-01 
9.542338e-01 
9.542338e-01 
9.542338e-01 
9.542338e-01 
9.542338e-01 
9.542338e-01 
9.542338e-01 
9.542338e-01 
9.542338e-01 
9.542338e-01 
9.542338e-01 
9.542338e-01 
9.542338e-01 
9.542338e-01 
9.542338e-01 
9.542338e-01 
9.542338e-01 
9.542338e-01 
9.542338e-01 
9.542338e-01 
9.542338e-01 
9.542338e-01 
9.542338e-01 
9.542338e-01 
9.542338e-01 
9.542338e-01 
9.542338e-01 
9.542338e-01 
9.542338e-01 
9.542338e-01 
9.542338e-01 
9.542338e-01 
9.542338e-01 
9.542338e-01 
9.542338e-01 
9.542338e-01 
9.542338e-01 
9.542338e-01 
9.542338e-01 
9.542338e-01 
9.542338e-01 
9.542338e-01 
9.542338e-01 
9.542338e-01 
9.542338e-01 
9.542338e-01 
9.542338e-01 
9.542338e-01 
9.542338e-01 
9.542338e-01 
9.542338e-01 
9.542338e-01 
9.542338e-01 
9.542338e-01 
9.542338e-01 
9.542338e-01 
9.542338e-01 
9.542338e-01 
9.542338e-01 
9.542338e-01 
9.542338e-01 
9.542338e-01 
9.542338e-01 
9.542338e-01 
9.542338e-01 
9.542338e-01 
9.542338e-01 
9.542338e-01 
9.542338e-01 
9.542338e-01 
9.542338e-01 
9.542338e-01 
9.542338e-01 
9.542338e-01 
9.542338e-01 
9.542338e-01 
9.542338e-01 
9.542338e-01 
9.542338e-01 
9.542338e-01 
9.542338e-01 
9.542338e-01 
9.542338e-01 
9.542338e-01 
9.542338e-01 
9.542338e-01 
9.542338e-01 
9.542338e-01 
9.542338e-01 
9.542338e-01 
9.542338e-01 
9.542338e-01 
9.542338e-01 
9.542338e-01 
9.542338e-01 
9.542338e-01 
9.542338e-01 
9.542338e-01 
9.542338e-01 
9.542338e-01 
9.542338e-01 
9.542338e-01 
9.542338e-01 
9.542338e-01 
9.542338e-01 
9.542338e-01 
9.542338e-01 
9.542338e-01 
9.542338e-01 
9.542338e-01 
9.542338e-01 
9.542338e-01 
9.542338e-01 
9.542338e-01 
9.542338e-01 
9.542338e-01 
9.542338e-01 
9.542338e-01 
9.542338e-01 
9.542338e-01 
9.542338e-01 
9.542338e-01 
9.542338e-01 
9.542338e-01 
9.542338e-01 
9.483858e-01 
9.174323e-01 
8.809684e-01 
8.399196e-01 
7.950572e-01 
7.469424e-01 
6.959046e-01 
6.420044e-01 
5.850068e-01 
5.242888e-01 
4.586221e-01 
3.856545e-01 
3.001366e-01 
1.879484e-01 
2.441503e-02 
6.896826e-03 
2.129453e-03 
1.248588e-03 
8.507894e-04 
6.159457e-04 
4.645744e-04 
3.611284e-04 
2.873902e-04 
2.330745e-04 
1.919524e-04 
1.602187e-04 
1.350924e-04 
1.152156e-04 
9.881999e-05 
8.554319e-05 
7.456299e-05 
6.539806e-05 
5.768492e-05 
5.114505e-05 
4.556229e-05 
4.076698e-05 
3.662456e-05 
3.302731e-05 
2.988827e-05 
2.713668e-05 
2.471453e-05 
2.257613e-05 
2.067697e-05 
1.898661e-05 
1.747717e-05 
1.612512e-05 
1.491051e-05 
1.382056e-05 
1.283167e-05 
1.193637e-05 
1.112391e-05 
1.038496e-05 
9.711450e-06 
9.096353e-06 
8.532338e-06 
8.016592e-06 
7.542856e-06 
7.106988e-06 
6.704657e-06 
6.330513e-06 
5.976665e-06 
5.619039e-06 
5.148562e-06 
4.294029e-06 
3.127306e-06 
2.027775e-06 
1.057226e-06 
2.077261e-07 
-5.334143e-07 
-1.177895e-06 
-1.736017e-06 
-2.216745e-06 
-2.627782e-06 
-2.975630e-06 
-3.265645e-06 
-3.502112e-06 
-3.688332e-06 
-3.826767e-06 
-3.919233e-06 
-3.967147e-06 
-3.971829e-06 
-3.967340e-06 
-3.967321e-06 
-3.967320e-06 
-3.967320e-06 
-3.967320e-06 
-3.967320e-06 
-3.967320e-06 
-3.967320e-06 
-3.967320e-06 
-3.967320e-06 
-3.967320e-06 
-3.967320e-06 
-3.967320e-06 
-3.967320e-06 
-3.967320e-06 
-3.967320e-06 
-3.967320e-06 
-3.967320e-06 
-3.967320e-06 
-3.967320e-06 
-3.967320e-06 
-3.967320e-06 
-3.967320e-06 
-3.967320e-06 
-3.967320e-06 
-3.967320e-06 
-3.967320e-06 
-3.967320e-06 
-3.967320e-06 
-3.967320e-06 
-3.967320e-06 
-3.967320e-06 
-3.967320e-06 
-3.967320e-06 
-3.967320e-06 
-3.967320e-06 
-3.967320e-06 
-3.967320e-06 
-3.967320e-06 
-3.967320e-06 
-3.967320e-06 
-3.967320e-06 
-3.967320e-06 
-3.967320e-06 
-3.967320e-06 
-3.967320e-06 
-3.967320e-06 
-3.967320e-06 
-3.967320e-06 
-3.967320e-06 
-3.967320e-06 
-3.967320e-06 
-3.967320e-06 
-3.967320e-06 
-3.967320e-06 
-3.967320e-06 
-3.967320e-06 
-3.967320e-06 
-3.967320e-06 
-3.967320e-06 
-3.967320e-06 
-3.967320e-06 
-3.967320e-06 
-3.967320e-06 
-3.967320e-06 
-3.967320e-06 
-3.967320e-06 
-3.967320e-06 
-3.967320e-06 
-3.967320e-06 
-3.967320e-06 
-3.967320e-06 
-3.967320e-06 
-3.967320e-06 
-3.967320e-06 
-3.967320e-06 
-3.967320e-06 
-3.967320e-06 
-3.967320e-06 
-3.967320e-06 
-3.967320e-06 
-3.967320e-06 
-3.967320e-06 
-3.967320e-06 
-3.967320e-06 
-3.967320e-06 
-3.967320e-06 
-3.967320e-06 
-3.967320e-06 
-3.967320e-06 
-3.967320e-06 
-3.967320e-06 
-3.967320e-06 
-3.967320e-06 
-3.967320e-06 
-3.967320e-06 
-3.967320e-06 
-3.967320e-06 
-3.967320e-06 
-3.967320e-06 
-3.967320e-06 
-3.967320e-06 
-3.967320e-06 
-3.967320e-06 
-3.967320e-06 
-3.967320e-06 
-3.967320e-06 
-3.967320e-06 
-3.967320e-06 
-3.967320e-06 
-3.967320e-06 
-3.967320e-06 
-3.967320e-06 
-3.967320e-06 
-3.967320e-06 
-3.967320e-06 
-3.967320e-06 
-3.967320e-06 
-3.967320e-06 
-3.967320e-06 
-3.967320e-06 
-3.967320e-06 
-3.967320e-06 
-3.967320e-06 
-3.967320e-06 
-3.967320e-06 
-3.967320e-06 
-3.967320e-06 
-3.967320e-06 
-3.967320e-06 
-3.967320e-06 
-3.967320e-06 
-3.967320e-06 
-3.967320e-06 
-3.967320e-06 
-3.967320e-06 
-3.967320e-06 
-3.967320e-06 
-3.967320e-06 
-3.967320e-06 
-3.967320e-06 
-3.967320e-06 
-3.967320e-06 
-3.967320e-06 
-3.967320e-06 
-3.967320e-06 
-3.967320e-06 
-3.967320e-06 
-3.967320e-06 
-3.967320e-06 
-3.967320e-06 
-3.967320e-06 
-3.967320e-06 
-3.967320e-06 
-3.967320e-06 
-3.967320e-06 
-3.967320e-06 
-3.967320e-06 
-3.967320e-06 
-3.967320e-06 
-3.967320e-06 
-3.967320e-06 
-3.967320e-06 
-3.967320e-06 
-3.967320e-06 
-3.967320e-06 
-3.967320e-06 
-3.967320e-06 
-3.967320e-06 
-3.955278e-06 
-3.895408e-06 
-3.833686e-06 
-3.764676e-06 
-3.693007e-06 
-3.616591e-06 
-3.535316e-06 
-3.448703e-06 
-3.356343e-06 
-3.257769e-06 
-3.152485e-06 
-3.039982e-06 
-2.919661e-06 
-2.790879e-06 
-2.652932e-06 
-2.505044e-06 
-2.346364e-06 
-2.175954e-06 
-1.992777e-06 
-1.795690e-06 
-1.583427e-06 
-1.354587e-06 
-1.107616e-06 
-8.408417e-07 
-5.522234e-07 
-2.406562e-07 
9.809839e-08 
4.658502e-07 
8.517662e-07 
1.285364e-06 
1.757929e-06 
2.273707e-06 
2.837490e-06 
3.454697e-06 
4.131466e-06 
4.874761e-06 
5.485497e-06 
6.365503e-06 
7.337194e-06 
8.411416e-06 
9.601152e-06 
1.126136e-05 
1.276663e-05 
1.444335e-05 
1.631460e-05 
1.840640e-05 
2.074829e-05 
2.337367e-05 
2.632000e-05 
2.962891e-05 
3.334607e-05 
3.752069e-05 
4.249067e-05 
4.777186e-05 
5.366720e-05 
6.022260e-05 
6.759407e-05 
7.558071e-05 
8.429620e-05 
9.373996e-05 
1.038974e-04 
1.147429e-04 
1.262464e-04 
1.383800e-04 
1.511241e-04 
1.644736e-04 
1.784434e-04 
1.930715e-04 
2.084231e-04 
2.245909e-04 
2.416970e-04 
2.598902e-04 
2.793416e-04 
3.002335e-04 
3.227373e-04 
3.467492e-04 
3.727435e-04 
4.002887e-04 
4.288496e-04 
4.574167e-04 
4.844200e-04 
4.896559e-04 
4.898954e-04 
4.899098e-04 
4.899106e-04 
4.899106e-04 
4.899106e-04 
4.899106e-04 
4.899106e-04 
4.899106e-04 
4.899106e-04 
4.899106e-04 
4.899106e-04 
4.899106e-04 
4.899106e-04 
4.899106e-04 
4.899106e-04 
4.899106e-04 
4.899106e-04 
4.899106e-04 
4.899106e-04 
4.899106e-04 
4.899106e-04 
4.899106e-04 
4.899106e-04 
4.899106e-04 
4.899106e-04 
4.899106e-04 
4.899106e-04 
4.899106e-04 
4.899106e-04 
4.899106e-04 
4.899106e-04 
4.899106e-04 
4.899106e-04 
4.899106e-04 
4.899106e-04 
4.899106e-04 
4.899106e-04 
4.899106e-04 
4.899106e-04 
4.899106e-04 
4.899106e-04 
4.899106e-04 
4.899106e-04 
4.899106e-04 
4.899106e-04 
4.899106e-04 
4.899106e-04 
4.899106e-04 
4.899106e-04 
4.899106e-04 
4.899106e-04 
4.899106e-04 
4.899106e-04 
4.899106e-04 
4.899106e-04 
4.899106e-04 
4.899106e-04 
4.899106e-04 
4.899106e-04 
4.899106e-04 
4.899106e-04 
4.899106e-04 
4.899106e-04 
4.899106e-04 
4.899106e-04 
4.899106e-04 
4.899106e-04 
4.899106e-04 
4.899106e-04 
4.899106e-04 
4.899106e-04 
4.899106e-04 
4.899106e-04 
4.899106e-04 
4.899106e-04 
4.899106e-04 
4.899106e-04 
4.899106e-04 
4.899106e-04 
4.899106e-04 
4.899106e-04 
4.899106e-04 
4.899106e-04 
4.899106e-04 
4.899106e-04 
4.899106e-04 
4.899106e-04 
4.899106e-04 
4.899106e-04 
4.899106e-04 
4.899106e-04 
4.899106e-04 
4.899106e-04 
4.899106e-04 
4.899106e-04 
4.899106e-04 
4.899106e-04 
4.899106e-04 
4.899106e-04 
4.899106e-04 
4.899106e-04 
4.899106e-04 
4.899106e-04 
4.899106e-04 
4.899106e-04 
4.899106e-04 
4.899106e-04 
4.899106e-04 
4.899106e-04 
4.899106e-04 
4.899106e-04 
4.899106e-04 
4.899106e-04 
4.899106e-04 
4.899106e-04 
4.899106e-04 
4.899106e-04 
4.899106e-04 
4.899106e-04 
4.899106e-04 
4.899106e-04 
4.899106e-04 
4.899106e-04 
4.899106e-04 
4.899106e-04 
4.899106e-04 
4.899106e-04 
4.899106e-04 
4.899106e-04 
4.899106e-04 
4.899106e-04 
4.899106e-04 
4.899106e-04 
4.899106e-04 
4.899106e-04 
4.899106e-04 
4.899106e-04 
4.899106e-04 
4.899106e-04 
4.899106e-04 
4.899106e-04 
4.899106e-04 
4.899106e-04 
4.899106e-04 
4.899106e-04 
4.899106e-04 
4.899106e-04 
4.899106e-04 
4.899106e-04 
4.899106e-04 
4.899106e-04 
4.899106e-04 
4.899106e-04 
4.899106e-04 
4.899106e-04 
4.899106e-04 
4.899106e-04 
4.899106e-04 
4.899106e-04 
4.899106e-04 
4.899106e-04 
4.899106e-04 
4.899106e-04 
4.899106e-04 
4.899106e-04 
4.899106e-04 
4.899106e-04 
4.899106e-04 
4.939905e-04 
5.135965e-04 
5.343422e-04 
5.563113e-04 
5.795951e-04 
6.042914e-04 
6.305140e-04 
6.583768e-04 
6.880114e-04 
7.195607e-04 
7.531816e-04 
7.890465e-04 
8.273457e-04 
8.682892e-04 
9.121091e-04 
9.590628e-04 
1.009436e-03 
1.063548e-03 
1.121741e-03 
1.184312e-03 
1.251663e-03 
1.324273e-03 
1.402677e-03 
1.487473e-03 
1.579330e-03 
1.679001e-03 
1.787308e-03 
1.905295e-03 
2.034016e-03 
2.174716e-03 
2.328821e-03 
2.497958e-03 
2.683998e-03 
2.889095e-03 
3.115738e-03 
3.366813e-03 
3.645679e-03 
3.956257e-03 
4.303149e-03 
4.692148e-03 
5.129009e-03 
5.621657e-03 
6.179197e-03 
6.812564e-03 
7.535190e-03 
8.362717e-03 
9.314910e-03 
1.041600e-02 
1.169561e-02 
1.319116e-02 
1.494937e-02 
1.702963e-02 
1.950782e-02 
2.248177e-02 
2.607879e-02 
3.046587e-02 
3.586381e-02 
4.256621e-02 
5.096436e-02 
6.157766e-02 
7.508450e-02 
9.233972e-02 
1.143439e-01 
1.421114e-01 
1.763930e-01 
2.173172e-01 
2.641755e-01 
3.155661e-01 
3.699260e-01 
4.257684e-01 
4.820338e-01 
5.378484e-01 
5.927590e-01 
6.463176e-01 
6.982517e-01 
7.481780e-01 
7.956809e-01 
8.402200e-01 
8.811033e-01 
9.174872e-01 
9.484048e-01 
9.542484e-01 
9.542484e-01 
9.542484e-01 
9.542484e-01 
9.542484e-01 
9.542484e-01 
9.542484e-01 
9.542484e-01 
9.542484e-01 
9.542484e-01 
9.542484e-01 
9.542484e-01 
9.542484e-01 
9.542484e-01 
9.542484e-01 
9.542484e-01 
9.542484e-01 
9.542484e-01 
9.542484e-01 
9.542484e-01 
9.542484e-01 
9.542484e-01 
9.542484e-01 
9.542484e-01 
9.542484e-01 
9.542484e-01 
9.542484e-01 
9.542484e-01 
9.542484e-01 
9.542484e-01 
9.542484e-01 
9.542484e-01 
9.542484e-01 
9.542484e-01 
9.542484e-01 
9.542484e-01 
9.542484e-01 
9.542484e-01 
9.542484e-01 
9.542484e-01 
9.542484e-01 
9.542484e-01 
9.542484e-01 
9.542484e-01 
9.542484e-01 
9.542484e-01 
9.542484e-01 
9.542484e-01 
9.542484e-01 
9.542484e-01 
9.542484e-01 
9.542484e-01 
9.542484e-01 
9.542484e-01 
9.542484e-01 
9.542484e-01 
9.542484e-01 
9.542484e-01 
9.542484e-01 
9.542484e-01 
9.542484e-01 
9.542484e-01 
9.542484e-01 
9.542484e-01 
9.542484e-01 
9.542484e-01 
9.542484e-01 
9.542484e-01 
9.542484e-01 
9.542484e-01 
9.542484e-01 
9.542484e-01 
9.542484e-01 
9.542484e-01 
9.542484e-01 
9.542484e-01 
9.542484e-01 
9.542484e-01 
9.542484e-01 
9.542484e-01 
9.542484e-01 
9.542484e-01 
9.542484e-01 
9.542484e-01 
9.542484e-01 
9.542484e-01 
9.542484e-01 
9.542484e-01 
9.542484e-01 
9.542484e-01 
9.542484e-01 
9.542484e-01 
9.542484e-01 
9.542484e-01 
9.542484e-01 
9.542484e-01 
9.542484e-01 
9.542484e-01 
9.542484e-01 
9.542484e-01 
9.542484e-01 
9.542484e-01 
9.542484e-01 
9.542484e-01 
9.542484e-01 
9.542484e-01 
9.542484e-01 
9.542484e-01 
9.542484e-01 
9.542484e-01 
9.542484e-01 
9.542484e-01 
9.542484e-01 
9.542484e-01 
9.542484e-01 
9.542484e-01 
9.542484e-01 
9.542484e-01 
9.542484e-01 
9.542484e-01 
9.542484e-01 
9.542484e-01 
9.542484e-01 
9.542484e-01 
9.542484e-01 
9.542484e-01 
9.542484e-01 
9.542484e-01 
9.542484e-01 
9.542484e-01 
9.542484e-01 
9.542484e-01 
9.542484e-01 
9.542484e-01 
9.542484e-01 
9.542484e-01 
9.542484e-01 
9.542484e-01 
9.542484e-01 
9.542484e-01 
9.542484e-01 
9.542484e-01 
9.542484e-01 
9.542484e-01 
9.542484e-01 
9.542484e-01 
9.542484e-01 
9.542484e-01 
9.542484e-01 
9.542484e-01 
9.542484e-01 
9.542484e-01 
9.542484e-01 
9.542484e-01 
9.542484e-01 
9.542484e-01 
9.542484e-01 
9.542484e-01 
9.542484e-01 
9.542484e-01 
9.542484e-01 
9.542484e-01 
9.542484e-01 
9.542484e-01 
9.542484e-01 
9.542484e-01 
9.542484e-01 
9.542484e-01 
9.542484e-01 
9.542483e-01 
9.542482e-01 
9.542481e-01 
9.542479e-01 
9.542477e-01 
9.542475e-01 
9.542473e-01 
9.542471e-01 
9.542469e-01 
9.542466e-01 
9.542464e-01 
9.542461e-01 
9.542458e-01 
9.542455e-01 
9.542452e-01 
9.542448e-01 
9.542445e-01 
9.542441e-01 
9.542437e-01 
9.542433e-01 
9.542429e-01 
9.542425e-01 
9.542421e-01 
9.542418e-01 
9.542414e-01 
9.542410e-01 
9.542407e-01 
9.542404e-01 
9.542401e-01 
9.542398e-01 
9.542395e-01 
9.542392e-01 
9.542390e-01 
9.542387e-01 
9.542385e-01 
9.542383e-01 
9.542381e-01 
9.542379e-01 
9.542377e-01 
9.542375e-01 
9.542374e-01 
9.542372e-01 
9.542370e-01 
9.542369e-01 
9.542367e-01 
9.542366e-01 
9.542365e-01 
9.542363e-01 
9.542362e-01 
9.542361e-01 
9.542360e-01 
9.542359e-01 
9.542358e-01 
9.542357e-01 
9.542356e-01 
9.542355e-01 
9.542354e-01 
9.542353e-01 
9.542352e-01 
9.542351e-01 
9.542350e-01 
9.542349e-01 
9.542349e-01 
9.542348e-01 
9.542347e-01 
9.542346e-01 
9.542346e-01 
9.542345e-01 
9.542344e-01 
9.542344e-01 
9.542343e-01 
9.542343e-01 
9.542342e-01 
9.542341e-01 
9.542341e-01 
9.542340e-01 
9.542340e-01 
9.542339e-01 
9.542339e-01 
9.542338e-01 
9.542338e-01 
9.542338e-01 
9.542338e-01 
9.542338e-01 
9.542338e-01 
9.542338e-01 
9.542338e-01 
9.542338e-01 
9.542338e-01 
9.542338e-01 
9.542338e-01 
9.542338e-01 
9.542338e-01 
9.542338e-01 
9.542338e-01 
9.542338e-01 
9.542338e-01 
9.542338e-01 
9.542338e-01 
9.542338e-01 
9.542338e-01 
9.542338e-01 
9.542338e-01 
9.542338e-01 
9.542338e-01 
9.542338e-01 
9.542338e-01 
9.542338e-01 
9.542338e-01 
9.542338e-01 
9.542338e-01 
9.542338e-01 
9.542338e-01 
9.542338e-01 
9.542338e-01 
9.542338e-01 
9.542338e-01 
9.542338e-01 
9.542338e-01 
9.542338e-01 
9.542338e-01 
9.542338e-01 
9.542338e-01 
9.542338e-01 
9.542338e-01 
9.542338e-01 
9.542338e-01 
9.542338e-01 
9.542338e-01 
9.542338e-01 
9.542338e-01 
9.542338e-01 
9.542338e-01 
9.542338e-01 
9.542338e-01 
9.542338e-01 
9.542338e-01 
9.542338e-01 
9.542338e-01 
9.542338e-01 
9.542338e-01 
9.542338e-01 
9.542338e-01 
9.542338e-01 
9.542338e-01 
9.542338e-01 
9.542338e-01 
9.542338e-01 
9.542338e-01 
9.542338e-01 
9.542338e-01 
9.542338e-01 
9.542338e-01 
9.542338e-01 
9.542338e-01 
9.542338e-01 
9.542338e-01 
9.542338e-01 
9.542338e-01 
9.542338e-01 
9.542338e-01 
9.542338e-01 
9.542338e-01 
9.542338e-01 
9.542338e-01 
9.542338e-01 
9.542338e-01 
9.542338e-01 
9.542338e-01 
9.542338e-01 
9.542338e-01 
9.542338e-01 
9.542338e-01 
9.542338e-01 
9.542338e-01 
9.542338e-01 
9.542338e-01 
9.542338e-01 
9.542338e-01 
9.542338e-01 
9.542338e-01 
9.542338e-01 
9.542338e-01 
9.542338e-01 
9.542338e-01 
9.542338e-01 
9.542338e-01 
9.542338e-01 
9.542338e-01 
9.542338e-01 
9.542338e-01 
9.542338e-01 
9.542338e-01 
9.542338e-01 
9.542338e-01 
9.542338e-01 
9.542338e-01 
9.542338e-01 
9.542338e-01 
9.542338e-01 
9.542338e-01 
9.542338e-01 
9.542338e-01 
9.542338e-01 
9.542338e-01 
9.542338e-01 
9.542338e-01 
9.542338e-01 
9.542338e-01 
9.542338e-01 
9.542338e-01 
9.542338e-01 
9.542338e-01 
9.542338e-01 
9.542338e-01 
9.542338e-01 
9.542338e-01 
9.542338e-01 
9.542338e-01 
9.542338e-01 
9.542338e-01 
9.542338e-01 
9.542338e-01 
9.542338e-01 
9.542338e-01 
9.542338e-01 
9.542338e-01 
9.542338e-01 
9.542338e-01 
9.542338e-01 
9.542338e-01 
9.542338e-01 
9.542338e-01 
9.542338e-01 
9.542338e-01 
9.542338e-01 
9.542338e-01 
9.542338e-01 
9.542338e-01 
9.542338e-01 
9.542338e-01 
9.542338e-01 
9.542338e-01 
9.542338e-01 
9.542338e-01 
9.542338e-01 
9.542338e-01 
9.542338e-01 
9.542338e-01 
9.542338e-01 
9.483858e-01 
9.174323e-01 
8.809684e-01 
8.399196e-01 
7.950572e-01 
7.469424e-01 
6.959046e-01 
6.420044e-01 
5.850068e-01 
5.242888e-01 
4.586221e-01 
3.856545e-01 
3.001366e-01 
1.881986e-01 
2.812939e-02 
4.617340e-03 
2.019450e-03 
1.247736e-03 
8.507916e-04 
6.159444e-04 
4.645733e-04 
3.611275e-04 
2.873894e-04 
2.330739e-04 
1.919518e-04 
1.602182e-04 
1.350919e-04 
1.150400e-04 
9.881943e-05 
8.554279e-05 
7.456260e-05 
6.539769e-05 
5.768456e-05 
5.114470e-05 
4.556195e-05 
4.076664e-05 
3.662422e-05 
3.302697e-05 
2.988793e-05 
2.713633e-05 
2.471417e-05 
2.257361e-05 
2.067659e-05 
1.898622e-05 
1.747675e-05 
1.612468e-05 
1.491004e-05 
1.382008e-05 
1.283115e-05 
1.193581e-05 
1.112329e-05 
1.038427e-05 
9.710688e-06 
9.095498e-06 
8.531316e-06 
8.015427e-06 
7.541482e-06 
7.105407e-06 
6.702842e-06 
6.328573e-06 
5.974951e-06 
5.618877e-06 
5.152776e-06 
4.293876e-06 
3.122859e-06 
2.024771e-06 
1.055659e-06 
2.069300e-07 
-5.337990e-07 
-1.178077e-06 
-1.736101e-06 
-2.216783e-06 
-2.627798e-06 
-2.975637e-06 
-3.265648e-06 
-3.502113e-06 
-3.688333e-06 
-3.826768e-06 
-3.922088e-06 
-3.985826e-06 
-3.973503e-06 
-3.970202e-06 
-3.967626e-06 
-3.967340e-06 
-3.967321e-06 
-3.967320e-06 
-3.967320e-06 
-3.967320e-06 
-3.967320e-06 
-3.967320e-06 
-3.967320e-06 
-3.967320e-06 
-3.967320e-06 
-3.967320e-06 
-3.967320e-06 
-3.967320e-06 
-3.967320e-06 
-3.967320e-06 
-3.967320e-06 
-3.967320e-06 
-3.967320e-06 
-3.967320e-06 
-3.967320e-06 
-3.967320e-06 
-3.967320e-06 
-3.967320e-06 
-3.967320e-06 
-3.967320e-06 
-3.967320e-06 
-3.967320e-06 
-3.967320e-06 
-3.967320e-06 
-3.967320e-06 
-3.967320e-06 
-3.967320e-06 
-3.967320e-06 
-3.967320e-06 
-3.967320e-06 
-3.967320e-06 
-3.967320e-06 
-3.967320e-06 
-3.967320e-06 
-3.967320e-06 
-3.967320e-06 
-3.967320e-06 
-3.967320e-06 
-3.967320e-06 
-3.967320e-06 
-3.967320e-06 
-3.967320e-06 
-3.967320e-06 
-3.967320e-06 
-3.967320e-06 
-3.967320e-06 
-3.967320e-06 
-3.967320e-06 
-3.967320e-06 
-3.967320e-06 
-3.967320e-06 
-3.967320e-06 
-3.967320e-06 
-3.967320e-06 
-3.967320e-06 
-3.967320e-06 
-3.967320e-06 
-3.967320e-06 
-3.967320e-06 
-3.967320e-06 
-3.967320e-06 
-3.967320e-06 
-3.967320e-06 
-3.967320e-06 
-3.967320e-06 
-3.967320e-06 
-3.967320e-06 
-3.967320e-06 
-3.967320e-06 
-3.967320e-06 
-3.967320e-06 
-3.967320e-06 
-3.967320e-06 
-3.967320e-06 
-3.967320e-06 
-3.967320e-06 
-3.967320e-06 
-3.967320e-06 
-3.967320e-06 
-3.967320e-06 
-3.967320e-06 
-3.967320e-06 
-3.967320e-06 
-3.967320e-06 
-3.967320e-06 
-3.967320e-06 
-3.967320e-06 
-3.967320e-06 
-3.967320e-06 
-3.967320e-06 
-3.967320e-06 
-3.967320e-06 
-3.967320e-06 
-3.967320e-06 
-3.967320e-06 
-3.967320e-06 
-3.967320e-06 
-3.967320e-06 
-3.967320e-06 
-3.967320e-06 
-3.967320e-06 
-3.967320e-06 
-3.967320e-06 
-3.967320e-06 
-3.967320e-06 
-3.967320e-06 
-3.967320e-06 
-3.967320e-06 
-3.967320e-06 
-3.967320e-06 
-3.967320e-06 
-3.967320e-06 
-3.967320e-06 
-3.967320e-06 
-3.967320e-06 
-3.967320e-06 
-3.967320e-06 
-3.967320e-06 
-3.967320e-06 
-3.967320e-06 
-3.967320e-06 
-3.967320e-06 
-3.967320e-06 
-3.967320e-06 
-3.967320e-06 
-3.967320e-06 
-3.967320e-06 
-3.967320e-06 
-3.967320e-06 
-3.967320e-06 
-3.967320e-06 
-3.967320e-06 
-3.967320e-06 
-3.967320e-06 
-3.967320e-06 
-3.967320e-06 
-3.967320e-06 
-3.967320e-06 
-3.967320e-06 
-3.967320e-06 
-3.967320e-06 
-3.967320e-06 
-3.967320e-06 
-3.967320e-06 
-3.967320e-06 
-3.967320e-06 
-3.967320e-06 
-3.967320e-06 
-3.967320e-06 
-3.967320e-06 
-3.967320e-06 
-3.967320e-06 
-3.967320e-06 
-3.967320e-06 
-3.967320e-06 
-3.967320e-06 
-3.967320e-06 
-3.967320e-06 
-3.967320e-06 
-3.967320e-06 
-3.967320e-06 
-3.967320e-06 
-3.955278e-06 
-3.895408e-06 
-3.833686e-06 
-3.764676e-06 
-3.693007e-06 
-3.616718e-06 
-3.535317e-06 
-3.448703e-06 
-3.356343e-06 
-3.257769e-06 
-3.152485e-06 
-3.039982e-06 
-2.919661e-06 
-2.790879e-06 
-2.652932e-06 
-2.505044e-06 
-2.346364e-06 
-2.175954e-06 
-1.992777e-06 
-1.795690e-06 
-1.583427e-06 
-1.354587e-06 
-1.107616e-06 
-8.408417e-07 
-5.522234e-07 
-2.406562e-07 
9.809839e-08 
4.658502e-07 
8.517662e-07 
1.285364e-06 
1.757929e-06 
2.273707e-06 
2.837490e-06 
3.454697e-06 
4.131466e-06 
4.874761e-06 
5.485497e-06 
6.365503e-06 
7.337194e-06 
8.411416e-06 
9.601152e-06 
1.126136e-05 
1.276663e-05 
1.444335e-05 
1.631460e-05 
1.840640e-05 
2.074829e-05 
2.337367e-05 
2.632000e-05 
2.962891e-05 
3.334607e-05 
3.752069e-05 
4.249067e-05 
4.777186e-05 
5.366720e-05 
6.022260e-05 
6.759407e-05 
7.558071e-05 
8.429616e-05 
9.373996e-05 
1.038974e-04 
1.147429e-04 
1.262464e-04 
1.383800e-04 
1.511241e-04 
1.644736e-04 
1.784434e-04 
1.930715e-04 
2.084231e-04 
2.245910e-04 
2.416970e-04 
2.598902e-04 
2.793417e-04 
3.002335e-04 
3.227373e-04 
3.469749e-04 
3.729535e-04 
4.004619e-04 
4.289960e-04 
4.574167e-04 
4.844200e-04 
4.896559e-04 
4.898954e-04 
4.899098e-04 
4.899106e-04 
4.899106e-04 
4.899106e-04 
4.899106e-04 
4.899106e-04 
4.899106e-04 
4.899106e-04 
4.899106e-04 
4.899106e-04 
4.899106e-04 
4.899106e-04 
4.899106e-04 
4.899106e-04 
4.899106e-04 
4.899106e-04 
4.899106e-04 
4.899106e-04 
4.899106e-04 
4.899106e-04 
4.899106e-04 
4.899106e-04 
4.899106e-04 
4.899106e-04 
4.899106e-04 
4.899106e-04 
4.899106e-04 
4.899106e-04 
4.899106e-04 
4.899106e-04 
4.899106e-04 
4.899106e-04 
4.899106e-04 
4.899106e-04 
4.899106e-04 
4.899106e-04 
4.899106e-04 
4.899106e-04 
4.899106e-04 
4.899106e-04 
4.899106e-04 
4.899106e-04 
4.899106e-04 
4.899106e-04 
4.899106e-04 
4.899106e-04 
4.899106e-04 
4.899106e-04 
4.899106e-04 
4.899106e-04 
4.899106e-04 
4.899106e-04 
4.899106e-04 
4.899106e-04 
4.899106e-04 
4.899106e-04 
4.899106e-04 
4.899106e-04 
4.899106e-04 
4.899106e-04 
4.899106e-04 
4.899106e-04 
4.899106e-04 
4.899106e-04 
4.899106e-04 
4.899106e-04 
4.899106e-04 
4.899106e-04 
4.899106e-04 
4.899106e-04 
4.899106e-04 
4.899106e-04 
4.899106e-04 
4.899106e-04 
4.899106e-04 
4.899106e-04 
4.899106e-04 
4.899106e-04 
4.899106e-04 
4.899106e-04 
4.899106e-04 
4.899106e-04 
4.899106e-04 
4.899106e-04 
4.899106e-04 
4.899106e-04 
4.899106e-04 
4.899106e-04 
4.899106e-04 
4.899106e-04 
4.899106e-04 
4.899106e-04 
4.899106e-04 
4.899106e-04 
4.899106e-04 
4.899106e-04 
4.899106e-04 
4.899106e-04 
4.899106e-04 
4.899106e-04 
4.899106e-04 
4.899106e-04 
4.899106e-04 
4.899106e-04 
4.899106e-04 
4.899106e-04 
4.899106e-04 
4.899106e-04 
4.899106e-04 
4.899106e-04 
4.899106e-04 
4.899106e-04 
4.899106e-04 
4.899106e-04 
4.899106e-04 
4.899106e-04 
4.899106e-04 
4.899106e-04 
4.899106e-04 
4.899106e-04 
4.899106e-04 
4.899106e-04 
4.899106e-04 
4.899106e-04 
4.899106e-04 
4.899106e-04 
4.899106e-04 
4.899106e-04 
4.899106e-04 
4.899106e-04 
4.899106e-04 
4.899106e-04 
4.899106e-04 
4.899106e-04 
4.899106e-04 
4.899106e-04 
4.899106e-04 
4.899106e-04 
4.899106e-04 
4.899106e-04 
4.899106e-04 
4.899106e-04 
4.899106e-04 
4.899106e-04 
4.899106e-04 
4.899106e-04 
4.899106e-04 
4.899106e-04 
4.899106e-04 
4.899106e-04 
4.899106e-04 
4.899106e-04 
4.899106e-04 
4.899106e-04 
4.899106e-04 
4.899106e-04 
4.899106e-04 
4.899106e-04 
4.899106e-04 
4.899106e-04 
4.899106e-04 
4.899106e-04 
4.899106e-04 
4.899106e-04 
4.899106e-04 
4.899106e-04 
4.899106e-04 
4.939332e-04 
5.133103e-04 
5.343225e-04 
5.562893e-04 
5.795704e-04 
6.042931e-04 
6.305140e-04 
6.583769e-04 
6.880116e-04 
7.195610e-04 
7.531819e-04 
7.890470e-04 
8.273463e-04 
8.682897e-04 
9.121094e-04 
9.590624e-04 
1.009433e-03 
1.063540e-03 
1.121725e-03 
1.184298e-03 
1.251650e-03 
1.324263e-03 
1.402671e-03 
1.487469e-03 
1.579328e-03 
1.679000e-03 
1.787307e-03 
1.905296e-03 
2.034017e-03 
2.174718e-03 
2.328823e-03 
2.497961e-03 
2.684001e-03 
2.889099e-03 
3.115743e-03 
3.366818e-03 
3.645683e-03 
3.956262e-03 
4.303154e-03 
4.692153e-03 
5.129015e-03 
5.621663e-03 
6.179204e-03 
6.812571e-03 
7.535197e-03 
8.362724e-03 
9.314918e-03 
1.041600e-02 
1.169562e-02 
1.319117e-02 
1.494938e-02 
1.702964e-02 
1.950783e-02 
2.248179e-02 
2.607880e-02 
3.046588e-02 
3.586382e-02 
4.256622e-02 
5.096438e-02 
6.157768e-02 
7.508452e-02 
9.233975e-02 
1.143440e-01 
1.421114e-01 
1.763930e-01 
2.173172e-01 
2.641756e-01 
3.155661e-01 
3.699260e-01 
4.257684e-01 
4.820338e-01 
5.378484e-01 
5.927590e-01 
6.463176e-01 
6.982517e-01 
7.481780e-01 
7.956809e-01 
8.402200e-01 
8.811033e-01 
9.174872e-01 
9.484048e-01 
9.542484e-01 
9.542484e-01 
9.542484e-01 
9.542484e-01 
9.542484e-01 
9.542484e-01 
9.542484e-01 
9.542484e-01 
9.542484e-01 
9.542484e-01 
9.542484e-01 
9.542484e-01 
9.542484e-01 
9.542484e-01 
9.542484e-01 
9.542484e-01 
9.542484e-01 
9.542484e-01 
9.542484e-01 
9.542484e-01 
9.542484e-01 
9.542484e-01 
9.542484e-01 
9.542484e-01 
9.542484e-01 
9.542484e-01 
9.542484e-01 
9.542484e-01 
9.542484e-01 
9.542484e-01 
9.542484e-01 
9.542484e-01 
9.542484e-01 
9.542484e-01 
9.542484e-01 
9.542484e-01 
9.542484e-01 
9.542484e-01 
9.542484e-01 
9.542484e-01 
9.542484e-01 
9.542484e-01 
9.542484e-01 
9.542484e-01 
9.542484e-01 
9.542484e-01 
9.542484e-01 
9.542484e-01 
9.542484e-01 
9.542484e-01 
9.542484e-01 
9.542484e-01 
9.542484e-01 
9.542484e-01 
9.542484e-01 
9.542484e-01 
9.542484e-01 
9.542484e-01 
9.542484e-01 
9.542484e-01 
9.542484e-01 
9.542484e-01 
9.542484e-01 
9.542484e-01 
9.542484e-01 
9.542484e-01 
9.542484e-01 
9.542484e-01 
9.542484e-01 
9.542484e-01 
9.542484e-01 
9.542484e-01 
9.542484e-01 
9.542484e-01 
9.542484e-01 
9.542484e-01 
9.542484e-01 
9.542484e-01 
9.542484e-01 
9.542484e-01 
9.542484e-01 
9.542484e-01 
9.542484e-01 
9.542484e-01 
9.542484e-01 
9.542484e-01 
9.542484e-01 
9.542484e-01 
9.542484e-01 
9.542484e-01 
9.542484e-01 
9.542484e-01 
9.542484e-01 
9.542484e-01 
9.542484e-01 
9.542484e-01 
9.542484e-01 
9.542484e-01 
9.542484e-01 
9.542484e-01 
9.542484e-01 
9.542484e-01 
9.542484e-01 
9.542484e-01 
9.542484e-01 
9.542484e-01 
9.542484e-01 
9.542484e-01 
9.542484e-01 
9.542484e-01 
9.542484e-01 
9.542484e-01 
9.542484e-01 
9.542484e-01 
9.542484e-01 
9.542484e-01 
9.542484e-01 
9.542484e-01 
9.542484e-01 
9.542484e-01 
9.542484e-01 
9.542484e-01 
9.542484e-01 
9.542484e-01 
9.542484e-01 
9.542484e-01 
9.542484e-01 
9.542484e-01 
9.542484e-01 
9.542484e-01 
9.542484e-01 
9.542484e-01 
9.542484e-01 
9.542484e-01 
9.542484e-01 
9.542484e-01 
9.542484e-01 
9.542484e-01 
9.542484e-01 
9.542484e-01 
9.542484e-01 
9.542484e-01 
9.542484e-01 
9.542484e-01 
9.542484e-01 
9.542484e-01 
9.542484e-01 
9.542484e-01 
9.542484e-01 
9.542484e-01 
9.542484e-01 
9.542484e-01 
9.542484e-01 
9.542484e-01 
9.542484e-01 
9.542484e-01 
9.542484e-01 
9.542484e-01 
9.542484e-01 
9.542484e-01 
9.542484e-01 
9.542484e-01 
9.542484e-01 
9.542484e-01 
9.542484e-01 
9.542484e-01 
9.542484e-01 
9.542484e-01 
9.542484e-01 
9.542483e-01 
9.542482e-01 
9.542481e-01 
9.542479e-01 
9.542477e-01 
9.542475e-01 
9.542473e-01 
9.542471e-01 
9.542469e-01 
9.542466e-01 
9.542464e-01 
9.542461e-01 
9.542458e-01 
9.542455e-01 
9.542452e-01 
9.542448e-01 
9.542445e-01 
9.542441e-01 
9.542437e-01 
9.542433e-01 
9.542429e-01 
9.542425e-01 
9.542421e-01 
9.542418e-01 
9.542414e-01 
9.542410e-01 
9.542407e-01 
9.542404e-01 
9.542401e-01 
9.542398e-01 
9.542395e-01 
9.542392e-01 
9.542390e-01 
9.542387e-01 
9.542385e-01 
9.542383e-01 
9.542381e-01 
9.542379e-01 
9.542377e-01 
9.542375e-01 
9.542374e-01 
9.542372e-01 
9.542370e-01 
9.542369e-01 
9.542367e-01 
9.542366e-01 
9.542365e-01 
9.542363e-01 
9.542362e-01 
9.542361e-01 
9.542360e-01 
9.542359e-01 
9.542358e-01 
9.542357e-01 
9.542356e-01 
9.542355e-01 
9.542354e-01 
9.542353e-01 
9.542352e-01 
9.542351e-01 
9.542350e-01 
9.542349e-01 
9.542349e-01 
9.542348e-01 
9.542347e-01 
9.542346e-01 
9.542346e-01 
9.542345e-01 
9.542344e-01 
9.542344e-01 
9.542343e-01 
9.542343e-01 
9.542342e-01 
9.542341e-01 
9.542341e-01 
9.542340e-01 
9.542340e-01 
9.542339e-01 
9.542339e-01 
9.542338e-01 
9.542338e-01 
9.542338e-01 
9.542338e-01 
9.542338e-01 
9.542338e-01 
9.542338e-01 
9.542338e-01 
9.542338e-01 
9.542338e-01 
9.542338e-01 
9.542338e-01 
9.542338e-01 
9.542338e-01 
9.542338e-01 
9.542338e-01 
9.542338e-01 
9.542338e-01 
9.542338e-01 
9.542338e-01 
9.542338e-01 
9.542338e-01 
9.542338e-01 
9.542338e-01 
9.542338e-01 
9.542338e-01 
9.542338e-01 
9.542338e-01 
9.542338e-01 
9.542338e-01 
9.542338e-01 
9.542338e-01 
9.542338e-01 
9.542338e-01 
9.542338e-01 
9.542338e-01 
9.542338e-01 
9.542338e-01 
9.542338e-01 
9.542338e-01 
9.542338e-01 
9.542338e-01 
9.542338e-01 
9.542338e-01 
9.542338e-01 
9.542338e-01 
9.542338e-01 
9.542338e-01 
9.542338e-01 
9.542338e-01 
9.542338e-01 
9.542338e-01 
9.542338e-01 
9.542338e-01 
9.542338e-01 
9.542338e-01 
9.542338e-01 
9.542338e-01 
9.542338e-01 
9.542338e-01 
9.542338e-01 
9.542338e-01 
9.542338e-01 
9.542338e-01 
9.542338e-01 
9.542338e-01 
9.542338e-01 
9.542338e-01 
9.542338e-01 
9.542338e-01 
9.542338e-01 
9.542338e-01 
9.542338e-01 
9.542338e-01 
9.542338e-01 
9.542338e-01 
9.542338e-01 
9.542338e-01 
9.542338e-01 
9.542338e-01 
9.542338e-01 
9.542338e-01 
9.542338e-01 
9.542338e-01 
9.542338e-01 
9.542338e-01 
9.542338e-01 
9.542338e-01 
9.542338e-01 
9.542338e-01 
9.542338e-01 
9.542338e-01 
9.542338e-01 
9.542338e-01 
9.542338e-01 
9.542338e-01 
9.542338e-01 
9.542338e-01 
9.542338e-01 
9.542338e-01 
9.542338e-01 
9.542338e-01 
9.542338e-01 
9.542338e-01 
9.542338e-01 
9.542338e-01 
9.542338e-01 
9.542338e-01 
9.542338e-01 
9.542338e-01 
9.542338e-01 
9.542338e-01 
9.542338e-01 
9.542338e-01 
9.542338e-01 
9.542338e-01 
9.542338e-01 
9.542338e-01 
9.542338e-01 
9.542338e-01 
9.542338e-01 
9.542338e-01 
9.542338e-01 
9.542338e-01 
9.542338e-01 
9.542338e-01 
9.542338e-01 
9.542338e-01 
9.542338e-01 
9.542338e-01 
9.542338e-01 
9.542338e-01 
9.542338e-01 
9.542338e-01 
9.542338e-01 
9.542338e-01 
9.542338e-01 
9.542338e-01 
9.542338e-01 
9.542338e-01 
9.542338e-01 
9.542338e-01 
9.542338e-01 
9.542338e-01 
9.542338e-01 
9.542338e-01 
9.542338e-01 
9.542338e-01 
9.542338e-01 
9.542338e-01 
9.542338e-01 
9.542338e-01 
9.542338e-01 
9.542338e-01 
9.542338e-01 
9.542338e-01 
9.542338e-01 
9.542338e-01 
9.542338e-01 
9.542338e-01 
9.542338e-01 
9.542338e-01 
9.542338e-01 
9.542338e-01 
9.542338e-01 
9.542338e-01 
9.542338e-01 
9.542338e-01 
9.542338e-01 
9.542338e-01 
9.542338e-01 
9.483858e-01 
9.174323e-01 
8.809684e-01 
8.399196e-01 
7.950572e-01 
7.469424e-01 
6.959046e-01 
6.420044e-01 
5.850068e-01 
5.242888e-01 
4.586221e-01 
3.856544e-01 
3.001366e-01 
1.879484e-01 
2.812352e-02 
4.617193e-03 
2.019450e-03 
1.247752e-03 
8.507916e-04 
6.159444e-04 
4.645733e-04 
3.611275e-04 
2.873894e-04 
2.330739e-04 
1.919518e-04 
1.602182e-04 
1.350919e-04 
1.152152e-04 
9.881956e-05 
8.554279e-05 
7.456260e-05 
6.539769e-05 
5.768456e-05 
5.114470e-05 
4.556195e-05 
4.076664e-05 
3.662422e-05 
3.302697e-05 
2.988793e-05 
2.713633e-05 
2.471417e-05 
2.257576e-05 
2.067659e-05 
1.898622e-05 
1.747675e-05 
1.612468e-05 
1.491004e-05 
1.382008e-05 
1.283115e-05 
1.193581e-05 
1.112329e-05 
1.038427e-05 
9.710688e-06 
9.095498e-06 
8.531316e-06 
8.015427e-06 
7.541482e-06 
7.105407e-06 
6.702842e-06 
6.328573e-06 
5.974951e-06 
5.618877e-06 
5.153000e-06 
4.293876e-06 
3.122858e-06 
2.024771e-06 
1.055628e-06 
2.069300e-07 
-5.337990e-07 
-1.178077e-06 
-1.736101e-06 
-2.216783e-06 
-2.627798e-06 
-2.975637e-06 
-3.265648e-06 
-3.502113e-06 
-3.688333e-06 
-3.826767e-06 
-3.919232e-06 
-3.967147e-06 
-3.971829e-06 
-3.967340e-06 
-3.967321e-06 
-3.967320e-06 
-3.967320e-06 
-3.967320e-06 
-3.967320e-06 
-3.967320e-06 
-3.967320e-06 
-3.967320e-06 
-3.967320e-06 
-3.967320e-06 
-3.967320e-06 
-3.967320e-06 
-3.967320e-06 
-3.967320e-06 
-3.967320e-06 
-3.967320e-06 
-3.967320e-06 
-3.967320e-06 
-3.967320e-06 
-3.967320e-06 
-3.967320e-06 
-3.967320e-06 
-3.967320e-06 
-3.967320e-06 
-3.967320e-06 
-3.967320e-06 
-3.967320e-06 
-3.967320e-06 
-3.967320e-06 
-3.967320e-06 
-3.967320e-06 
-3.967320e-06 
-3.967320e-06 
-3.967320e-06 
-3.967320e-06 
-3.967320e-06 
-3.967320e-06 
-3.967320e-06 
-3.967320e-06 
-3.967320e-06 
-3.967320e-06 
-3.967320e-06 
-3.967320e-06 
-3.967320e-06 
-3.967320e-06 
-3.967320e-06 
-3.967320e-06 
-3.967320e-06 
-3.967320e-06 
-3.967320e-06 
-3.967320e-06 
-3.967320e-06 
-3.967320e-06 
-3.967320e-06 
-3.967320e-06 
-3.967320e-06 
-3.967320e-06 
-3.967320e-06 
-3.967320e-06 
-3.967320e-06 
-3.967320e-06 
-3.967320e-06 
-3.967320e-06 
-3.967320e-06 
-3.967320e-06 
-3.967320e-06 
-3.967320e-06 
-3.967320e-06 
-3.967320e-06 
-3.967320e-06 
-3.967320e-06 
-3.967320e-06 
-3.967320e-06 
-3.967320e-06 
-3.967320e-06 
-3.967320e-06 
-3.967320e-06 
-3.967320e-06 
-3.967320e-06 
-3.967320e-06 
-3.967320e-06 
-3.967320e-06 
-3.967320e-06 
-3.967320e-06 
-3.967320e-06 
-3.967320e-06 
-3.967320e-06 
-3.967320e-06 
-3.967320e-06 
-3.967320e-06 
-3.967320e-06 
-3.967320e-06 
-3.967320e-06 
-3.967320e-06 
-3.967320e-06 
-3.967320e-06 
-3.967320e-06 
-3.967320e-06 
-3.967320e-06 
-3.967320e-06 
-3.967320e-06 
-3.967320e-06 
-3.967320e-06 
-3.967320e-06 
-3.967320e-06 
-3.967320e-06 
-3.967320e-06 
-3.967320e-06 
-3.967320e-06 
-3.967320e-06 
-3.967320e-06 
-3.967320e-06 
-3.967320e-06 
-3.967320e-06 
-3.967320e-06 
-3.967320e-06 
-3.967320e-06 
-3.967320e-06 
-3.967320e-06 
-3.967320e-06 
-3.967320e-06 
-3.967320e-06 
-3.967320e-06 
-3.967320e-06 
-3.967320e-06 
-3.967320e-06 
-3.967320e-06 
-3.967320e-06 
-3.967320e-06 
-3.967320e-06 
-3.967320e-06 
-3.967320e-06 
-3.967320e-06 
-3.967320e-06 
-3.967320e-06 
-3.967320e-06 
-3.967320e-06 
-3.967320e-06 
-3.967320e-06 
-3.967320e-06 
-3.967320e-06 
-3.967320e-06 
-3.967320e-06 
-3.967320e-06 
-3.967320e-06 
-3.967320e-06 
-3.967320e-06 
-3.967320e-06 
-3.967320e-06 
-3.967320e-06 
-3.967320e-06 
-3.967320e-06 
-3.967320e-06 
-3.967320e-06 
-3.967320e-06 
-3.967320e-06 
-3.967320e-06 
-3.967320e-06 
-3.967320e-06 
-3.967320e-06 
-3.967320e-06 
-3.967320e-06 
-3.967320e-06 
-3.967320e-06 
-3.967320e-06 
-3.967320e-06 
-3.967320e-06 
-3.967320e-06 
-3.955278e-06 
-3.895408e-06 
-3.833686e-06 
-3.764676e-06 
-3.693007e-06 
-3.616591e-06 
-3.535316e-06 
-3.448703e-06 
-3.356343e-06 
-3.257758e-06 
-3.152485e-06 
-3.039982e-06 
-2.919661e-06 
-2.790879e-06 
-2.652932e-06 
-2.505044e-06 
-2.346364e-06 
-2.175954e-06 
-1.992777e-06 
-1.795690e-06 
-1.583427e-06 
-1.354587e-06 
-1.107616e-06 
-8.408417e-07 
-5.522234e-07 
-2.406562e-07 
9.809839e-08 
4.658502e-07 
8.517662e-07 
1.285364e-06 
1.757929e-06 
2.273707e-06 
2.837490e-06 
3.454697e-06 
4.131466e-06 
4.874761e-06 
5.485497e-06 
6.365503e-06 
7.337194e-06 
8.411416e-06 
9.601152e-06 
1.126136e-05 
1.276663e-05 
1.444335e-05 
1.631460e-05 
1.840640e-05 
2.074829e-05 
2.337367e-05 
2.632000e-05 
2.962891e-05 
3.334607e-05 
3.752069e-05 
4.249067e-05 
4.777186e-05 
5.366720e-05 
6.022260e-05 
6.759407e-05 
7.558071e-05 
8.429616e-05 
9.373996e-05 
1.038974e-04 
1.147429e-04 
1.262464e-04 
1.383800e-04 
1.511241e-04 
1.644736e-04 
1.784434e-04 
1.930715e-04 
2.084231e-04 
2.245909e-04 
2.416970e-04 
2.598902e-04 
2.793417e-04 
3.002335e-04 
3.227373e-04 
3.467492e-04 
3.727435e-04 
4.002887e-04 
4.288496e-04 
4.574167e-04 
4.844200e-04 
4.896559e-04 
4.898954e-04 
4.899098e-04 
4.899106e-04 
4.899106e-04 
4.899106e-04 
4.899106e-04 
4.899106e-04 
4.899106e-04 
4.899106e-04 
4.899106e-04 
4.899106e-04 
4.899106e-04 
4.899106e-04 
4.899106e-04 
4.899106e-04 
4.899106e-04 
4.899106e-04 
4.899106e-04 
4.899106e-04 
4.899106e-04 
4.899106e-04 
4.899106e-04 
4.899106e-04 
4.899106e-04 
4.899106e-04 
4.899106e-04 
4.899106e-04 
4.899106e-04 
4.899106e-04 
4.899106e-04 
4.899106e-04 
4.899106e-04 
4.899106e-04 
4.899106e-04 
4.899106e-04 
4.899106e-04 
4.899106e-04 
4.899106e-04 
4.899106e-04 
4.899106e-04 
4.899106e-04 
4.899106e-04 
4.899106e-04 
4.899106e-04 
4.899106e-04 
4.899106e-04 
4.899106e-04 
4.899106e-04 
4.899106e-04 
4.899106e-04 
4.899106e-04 
4.899106e-04 
4.899106e-04 
4.899106e-04 
4.899106e-04 
4.899106e-04 
4.899106e-04 
4.899106e-04 
4.899106e-04 
4.899106e-04 
4.899106e-04 
4.899106e-04 
4.899106e-04 
4.899106e-04 
4.899106e-04 
4.899106e-04 
4.899106e-04 
4.899106e-04 
4.899106e-04 
4.899106e-04 
4.899106e-04 
4.899106e-04 
4.899106e-04 
4.899106e-04 
4.899106e-04 
4.899106e-04 
4.899106e-04 
4.899106e-04 
4.899106e-04 
4.899106e-04 
4.899106e-04 
4.899106e-04 
4.899106e-04 
4.899106e-04 
4.899106e-04 
4.899106e-04 
4.899106e-04 
4.899106e-04 
4.899106e-04 
4.899106e-04 
4.899106e-04 
4.899106e-04 
4.899106e-04 
4.899106e-04 
4.899106e-04 
4.899106e-04 
4.899106e-04 
4.899106e-04 
4.899106e-04 
4.899106e-04 
4.899106e-04 
4.899106e-04 
4.899106e-04 
4.899106e-04 
4.899106e-04 
4.899106e-04 
4.899106e-04 
4.899106e-04 
4.899106e-04 
4.899106e-04 
4.899106e-04 
4.899106e-04 
4.899106e-04 
4.899106e-04 
4.899106e-04 
4.899106e-04 
4.899106e-04 
4.899106e-04 
4.899106e-04 
4.899106e-04 
4.899106e-04 
4.899106e-04 
4.899106e-04 
4.899106e-04 
4.899106e-04 
4.899106e-04 
4.899106e-04 
4.899106e-04 
4.899106e-04 
4.899106e-04 
4.899106e-04 
4.899106e-04 
4.899106e-04 
4.899106e-04 
4.899106e-04 
4.899106e-04 
4.899106e-04 
4.899106e-04 
4.899106e-04 
4.899106e-04 
4.899106e-04 
4.899106e-04 
4.899106e-04 
4.899106e-04 
4.899106e-04 
4.899106e-04 
4.899106e-04 
4.899106e-04 
4.899106e-04 
4.899106e-04 
4.899106e-04 
4.899106e-04 
4.899106e-04 
4.899106e-04 
4.899106e-04 
4.899106e-04 
4.899106e-04 
4.899106e-04 
4.899106e-04 
4.899106e-04 
4.899106e-04 
4.899106e-04 
4.899106e-04 
4.899106e-04 
4.899106e-04 
4.899106e-04 
4.899106e-04 
4.899106e-04 
4.939905e-04 
5.135965e-04 
5.343422e-04 
5.563113e-04 
5.795951e-04 
6.042932e-04 
6.305141e-04 
6.583769e-04 
6.880116e-04 
7.195610e-04 
7.531819e-04 
7.890470e-04 
8.273463e-04 
8.682897e-04 
9.121094e-04 
9.590624e-04 
1.009433e-03 
1.063540e-03 
1.121725e-03 
1.184298e-03 
1.251650e-03 
1.324263e-03 
1.402671e-03 
1.487469e-03 
1.579328e-03 
1.679000e-03 
1.787307e-03 
1.905296e-03 
2.034017e-03 
2.174718e-03 
2.328823e-03 
2.497961e-03 
2.684001e-03 
2.889099e-03 
3.115743e-03 
3.366818e-03 
3.645683e-03 
3.956262e-03 
4.303154e-03 
4.692153e-03 
5.129015e-03 
5.621663e-03 
6.179204e-03 
6.812571e-03 
7.535197e-03 
8.362724e-03 
9.314918e-03 
1.041600e-02 
1.169562e-02 
1.319117e-02 
1.494938e-02 
1.702964e-02 
1.950783e-02 
2.248179e-02 
2.607880e-02 
3.046588e-02 
3.586382e-02 
4.256622e-02 
5.096438e-02 
6.157768e-02 
7.508452e-02 
9.233975e-02 
1.143440e-01 
1.421114e-01 
1.763930e-01 
2.173172e-01 
2.641756e-01 
3.155661e-01 
3.699260e-01 
4.257684e-01 
4.820338e-01 
5.378484e-01 
5.927590e-01 
6.463176e-01 
6.982517e-01 
7.481780e-01 
7.956809e-01 
8.402200e-01 
8.811033e-01 
9.174872e-01 
9.484048e-01 
9.542484e-01 
9.542484e-01 
9.542484e-01 
9.542484e-01 
9.542484e-01 
9.542484e-01 
9.542484e-01 
9.542484e-01 
9.542484e-01 
9.542484e-01 
9.542484e-01 
9.542484e-01 
9.542484e-01 
9.542484e-01 
9.542484e-01 
9.542484e-01 
9.542484e-01 
9.542484e-01 
9.542484e-01 
9.542484e-01 
9.542484e-01 
9.542484e-01 
9.542484e-01 
9.542484e-01 
9.542484e-01 
9.542484e-01 
9.542484e-01 
9.542484e-01 
9.542484e-01 
9.542484e-01 
9.542484e-01 
9.542484e-01 
9.542484e-01 
9.542484e-01 
9.542484e-01 
9.542484e-01 
9.542484e-01 
9.542484e-01 
9.542484e-01 
9.542484e-01 
9.542484e-01 
9.542484e-01 
9.542484e-01 
9.542484e-01 
9.542484e-01 
9.542484e-01 
9.542484e-01 
9.542484e-01 
9.542484e-01 
9.542484e-01 
9.542484e-01 
9.542484e-01 
9.542484e-01 
9.542484e-01 
9.542484e-01 
9.542484e-01 
9.542484e-01 
9.542484e-01 
9.542484e-01 
9.542484e-01 
9.542484e-01 
9.542484e-01 
9.542484e-01 
9.542484e-01 
9.542484e-01 
9.542484e-01 
9.542484e-01 
9.542484e-01 
9.542484e-01 
9.542484e-01 
9.542484e-01 
9.542484e-01 
9.542484e-01 
9.542484e-01 
9.542484e-01 
9.542484e-01 
9.542484e-01 
9.542484e-01 
9.542484e-01 
9.542484e-01 
9.542484e-01 
9.542484e-01 
9.542484e-01 
9.542484e-01 
9.542484e-01 
9.542484e-01 
9.542484e-01 
9.542484e-01 
9.542484e-01 
9.542484e-01 
9.542484e-01 
9.542484e-01 
9.542484e-01 
9.542484e-01 
9.542484e-01 
9.542484e-01 
9.542484e-01 
9.542484e-01 
9.542484e-01 
9.542484e-01 
9.542484e-01 
9.542484e-01 
9.542484e-01 
9.542484e-01 
9.542484e-01 
9.542484e-01 
9.542484e-01 
9.542484e-01 
9.542484e-01 
9.542484e-01 
9.542484e-01 
9.542484e-01 
9.542484e-01 
9.542484e-01 
9.542484e-01 
9.542484e-01 
9.542484e-01 
9.542484e-01 
9.542484e-01 
9.542484e-01 
9.542484e-01 
9.542484e-01 
9.542484e-01 
9.542484e-01 
9.542484e-01 
9.542484e-01 
9.542484e-01 
9.542484e-01 
9.542484e-01 
9.542484e-01 
9.542484e-01 
9.542484e-01 
9.542484e-01 
9.542484e-01 
9.542484e-01 
9.542484e-01 
9.542484e-01 
9.542484e-01 
9.542484e-01 
9.542484e-01 
9.542484e-01 
9.542484e-01 
9.542484e-01 
9.542484e-01 
9.542484e-01 
9.542484e-01 
9.542484e-01 
9.542484e-01 
9.542484e-01 
9.542484e-01 
9.542484e-01 
9.542484e-01 
9.542484e-01 
9.542484e-01 
9.542484e-01 
9.542484e-01 
9.542484e-01 
9.542484e-01 
9.542484e-01 
9.542484e-01 
9.542484e-01 
9.542484e-01 
9.542484e-01 
9.542484e-01 
9.542484e-01 
9.542484e-01 
9.542484e-01 
9.542484e-01 
9.542484e-01 
9.542483e-01 
9.542482e-01 
9.542481e-01 
9.542479e-01 
9.542477e-01 
9.542475e-01 
9.542473e-01 
9.542471e-01 
9.542469e-01 
9.542466e-01 
9.542464e-01 
9.542461e-01 
9.542458e-01 
9.542455e-01 
9.542452e-01 
9.542448e-01 
9.542445e-01 
9.542441e-01 
9.542437e-01 
9.542433e-01 
9.542429e-01 
9.542425e-01 
9.542421e-01 
9.542418e-01 
9.542414e-01 
9.542410e-01 
9.542407e-01 
9.542404e-01 
9.542401e-01 
9.542398e-01 
9.542395e-01 
9.542392e-01 
9.542390e-01 
9.542387e-01 
9.542385e-01 
9.542383e-01 
9.542381e-01 
9.542379e-01 
9.542377e-01 
9.542375e-01 
9.542374e-01 
9.542372e-01 
9.542370e-01 
9.542369e-01 
9.542367e-01 
9.542366e-01 
9.542365e-01 
9.542363e-01 
9.542362e-01 
9.542361e-01 
9.542360e-01 
9.542359e-01 
9.542358e-01 
9.542357e-01 
9.542356e-01 
9.542355e-01 
9.542354e-01 
9.542353e-01 
9.542352e-01 
9.542351e-01 
9.542350e-01 
9.542349e-01 
9.542349e-01 
9.542348e-01 
9.542347e-01 
9.542346e-01 
9.542346e-01 
9.542345e-01 
9.542344e-01 
9.542344e-01 
9.542343e-01 
9.542343e-01 
9.542342e-01 
9.542341e-01 
9.542341e-01 
9.542340e-01 
9.542340e-01 
9.542339e-01 
9.542339e-01 
9.542338e-01 
9.542338e-01 
9.542338e-01 
9.542338e-01 
9.542338e-01 
9.542338e-01 
9.542338e-01 
9.542338e-01 
9.542338e-01 
9.542338e-01 
9.542338e-01 
9.542338e-01 
9.542338e-01 
9.542338e-01 
9.542338e-01 
9.542338e-01 
9.542338e-01 
9.542338e-01 
9.542338e-01 
9.542338e-01 
9.542338e-01 
9.542338e-01 
9.542338e-01 
9.542338e-01 
9.542338e-01 
9.542338e-01 
9.542338e-01 
9.542338e-01 
9.542338e-01 
9.542338e-01 
9.542338e-01 
9.542338e-01 
9.542338e-01 
9.542338e-01 
9.542338e-01 
9.542338e-01 
9.542338e-01 
9.542338e-01 
9.542338e-01 
9.542338e-01 
9.542338e-01 
9.542338e-01 
9.542338e-01 
9.542338e-01 
9.542338e-01 
9.542338e-01 
9.542338e-01 
9.542338e-01 
9.542338e-01 
9.542338e-01 
9.542338e-01 
9.542338e-01 
9.542338e-01 
9.542338e-01 
9.542338e-01 
9.542338e-01 
9.542338e-01 
9.542338e-01 
9.542338e-01 
9.542338e-01 
9.542338e-01 
9.542338e-01 
9.542338e-01 
9.542338e-01 
9.542338e-01 
9.542338e-01 
9.542338e-01 
9.542338e-01 
9.542338e-01 
9.542338e-01 
9.542338e-01 
9.542338e-01 
9.542338e-01 
9.542338e-01 
9.542338e-01 
9.542338e-01 
9.542338e-01 
9.542338e-01 
9.542338e-01 
9.542338e-01 
9.542338e-01 
9.542338e-01 
9.542338e-01 
9.542338e-01 
9.542338e-01 
9.542338e-01 
9.542338e-01 
9.542338e-01 
9.542338e-01 
9.542338e-01 
9.542338e-01 
9.542338e-01 
9.542338e-01 
9.542338e-01 
9.542338e-01 
9.542338e-01 
9.542338e-01 
9.542338e-01 
9.542338e-01 
9.542338e-01 
9.542338e-01 
9.542338e-01 
9.542338e-01 
9.542338e-01 
9.542338e-01 
9.542338e-01 
9.542338e-01 
9.542338e-01 
9.542338e-01 
9.542338e-01 
9.542338e-01 
9.542338e-01 
9.542338e-01 
9.542338e-01 
9.542338e-01 
9.542338e-01 
9.542338e-01 
9.542338e-01 
9.542338e-01 
9.542338e-01 
9.542338e-01 
9.542338e-01 
9.542338e-01 
9.542338e-01 
9.542338e-01 
9.542338e-01 
9.542338e-01 
9.542338e-01 
9.542338e-01 
9.542338e-01 
9.542338e-01 
9.542338e-01 
9.542338e-01 
9.542338e-01 
9.542338e-01 
9.542338e-01 
9.542338e-01 
9.542338e-01 
9.542338e-01 
9.542338e-01 
9.542338e-01 
9.542338e-01 
9.542338e-01 
9.542338e-01 
9.542338e-01 
9.542338e-01 
9.542338e-01 
9.542338e-01 
9.542338e-01 
9.542338e-01 
9.542338e-01 
9.542338e-01 
9.542338e-01 
9.542338e-01 
9.542338e-01 
9.542338e-01 
9.542338e-01 
9.542338e-01 
9.542338e-01 
9.542338e-01 
9.542338e-01 
9.542338e-01 
9.542338e-01 
9.542338e-01 
9.542338e-01 
9.542338e-01 
9.542338e-01 
9.542338e-01 
9.542338e-01 
9.542338e-01 
9.542338e-01 
9.483858e-01 
9.174323e-01 
8.809684e-01 
8.399196e-01 
7.950572e-01 
7.469424e-01 
6.959046e-01 
6.420044e-01 
5.850068e-01 
5.242888e-01 
4.586221e-01 
3.856544e-01 
3.001366e-01 
1.881986e-01 
2.812939e-02 
4.617340e-03 
2.019450e-03 
1.247736e-03 
8.507916e-04 
6.159444e-04 
4.645733e-04 
3.611275e-04 
2.873894e-04 
2.330739e-04 
1.919518e-04 
1.602182e-04 
1.350919e-04 
1.150400e-04 
9.881943e-05 
8.554279e-05 
7.456260e-05 
6.539769e-05 
5.768456e-05 
5.114470e-05 
4.556195e-05 
4.076664e-05 
3.662422e-05 
3.302697e-05 
2.988793e-05 
2.713633e-05 
2.471417e-05 
2.257361e-05 
2.067659e-05 
1.898622e-05 
1.747675e-05 
1.612468e-05 
1.491004e-05 
1.382008e-05 
1.283115e-05 
1.193581e-05 
1.112329e-05 
1.038427e-05 
9.710688e-06 
9.095498e-06 
8.531316e-06 
8.015427e-06 
7.541482e-06 
7.105407e-06 
6.702842e-06 
6.328573e-06 
5.974951e-06 
5.618877e-06 
5.153000e-06 
4.293876e-06 
3.122858e-06 
2.024771e-06 
1.055628e-06 
2.069300e-07 
-5.337990e-07 
-1.178077e-06 
-1.736101e-06 
-2.216783e-06 
-2.627798e-06 
-2.975637e-06 
-3.265648e-06 
-3.502113e-06 
-3.688333e-06 
-3.826791e-06 
-3.919232e-06 
-3.967147e-06 
-3.971829e-06 
-3.967340e-06 
-3.967321e-06 
-3.967320e-06 
-3.967320e-06 
-3.967320e-06 
-3.967320e-06 
-3.967320e-06 
-3.967320e-06 
-3.967320e-06 
-3.967320e-06 
-3.967320e-06 
-3.967320e-06 
-3.967320e-06 
-3.967320e-06 
-3.967320e-06 
-3.967320e-06 
-3.967320e-06 
-3.967320e-06 
-3.967320e-06 
-3.967320e-06 
-3.967320e-06 
-3.967320e-06 
-3.967320e-06 
-3.967320e-06 
-3.967320e-06 
-3.967320e-06 
-3.967320e-06 
-3.967320e-06 
-3.967320e-06 
-3.967320e-06 
-3.967320e-06 
-3.967320e-06 
-3.967320e-06 
-3.967320e-06 
-3.967320e-06 
-3.967320e-06 
-3.967320e-06 
-3.967320e-06 
-3.967320e-06 
-3.967320e-06 
-3.967320e-06 
-3.967320e-06 
-3.967320e-06 
-3.967320e-06 
-3.967320e-06 
-3.967320e-06 
-3.967320e-06 
-3.967320e-06 
-3.967320e-06 
-3.967320e-06 
-3.967320e-06 
-3.967320e-06 
-3.967320e-06 
-3.967320e-06 
-3.967320e-06 
-3.967320e-06 
-3.967320e-06 
-3.967320e-06 
-3.967320e-06 
-3.967320e-06 
-3.967320e-06 
-3.967320e-06 
-3.967320e-06 
-3.967320e-06 
-3.967320e-06 
-3.967320e-06 
-3.967320e-06 
-3.967320e-06 
-3.967320e-06 
-3.967320e-06 
-3.967320e-06 
-3.967320e-06 
-3.967320e-06 
-3.967320e-06 
-3.967320e-06 
-3.967320e-06 
-3.967320e-06 
-3.967320e-06 
-3.967320e-06 
-3.967320e-06 
-3.967320e-06 
-3.967320e-06 
-3.967320e-06 
-3.967320e-06 
-3.967320e-06 
-3.967320e-06 
-3.967320e-06 
-3.967320e-06 
-3.967320e-06 
-3.967320e-06 
-3.967320e-06 
-3.967320e-06 
-3.967320e-06 
-3.967320e-06 
-3.967320e-06 
-3.967320e-06 
-3.967320e-06 
-3.967320e-06 
-3.967320e-06 
-3.967320e-06 
-3.967320e-06 
-3.967320e-06 
-3.967320e-06 
-3.967320e-06 
-3.967320e-06 
-3.967320e-06 
-3.967320e-06 
-3.967320e-06 
-3.967320e-06 
-3.967320e-06 
-3.967320e-06 
-3.967320e-06 
-3.967320e-06 
-3.967320e-06 
-3.967320e-06 
-3.967320e-06 
-3.967320e-06 
-3.967320e-06 
-3.967320e-06 
-3.967320e-06 
-3.967320e-06 
-3.967320e-06 
-3.967320e-06 
-3.967320e-06 
-3.967320e-06 
-3.967320e-06 
-3.967320e-06 
-3.967320e-06 
-3.967320e-06 
-3.967320e-06 
-3.967320e-06 
-3.967320e-06 
-3.967320e-06 
-3.967320e-06 
-3.967320e-06 
-3.967320e-06 
-3.967320e-06 
-3.967320e-06 
-3.967320e-06 
-3.967320e-06 
-3.967320e-06 
-3.967320e-06 
-3.967320e-06 
-3.967320e-06 
-3.967320e-06 
-3.967320e-06 
-3.967320e-06 
-3.967320e-06 
-3.967320e-06 
-3.967320e-06 
-3.967320e-06 
-3.967320e-06 
-3.967320e-06 
-3.967320e-06 
-3.967320e-06 
-3.967320e-06 
-3.967320e-06 
-3.967320e-06 
-3.967320e-06 
-3.967320e-06 
-3.967320e-06 
-3.967320e-06 
-3.967320e-06 
-3.967320e-06 
-3.967320e-06 
-3.967320e-06 
-3.967320e-06 
-3.967320e-06 
-3.967320e-06 
-3.955278e-06 
-3.895408e-06 
-3.833686e-06 
-3.764676e-06 
-3.693007e-06 
-3.616591e-06 
-3.535316e-06 
-3.448703e-06 
-3.356343e-06 
-3.257758e-06 
-3.152485e-06 
-3.039982e-06 
-2.919661e-06 
-2.790879e-06 
-2.652932e-06 
-2.505044e-06 
-2.346364e-06 
-2.175954e-06 
-1.992777e-06 
-1.795690e-06 
-1.583427e-06 
-1.354587e-06 
-1.107616e-06 
-8.408417e-07 
-5.522234e-07 
-2.406562e-07 
9.809839e-08 
4.658502e-07 
8.517662e-07 
1.285364e-06 
1.757929e-06 
2.273707e-06 
2.837490e-06 
3.454697e-06 
4.131466e-06 
4.874761e-06 
5.485497e-06 
6.365503e-06 
7.337194e-06 
8.411416e-06 
9.601152e-06 
1.126136e-05 
1.276663e-05 
1.444335e-05 
1.631460e-05 
1.840640e-05 
2.074829e-05 
2.337367e-05 
2.632000e-05 
2.962891e-05 
3.334607e-05 
3.752069e-05 
4.249067e-05 
4.777186e-05 
5.366720e-05 
6.022260e-05 
6.759407e-05 
7.558071e-05 
8.429616e-05 
9.373996e-05 
1.038974e-04 
1.147429e-04 
1.262464e-04 
1.383800e-04 
1.511241e-04 
1.644736e-04 
1.784434e-04 
1.930715e-04 
2.084231e-04 
2.245910e-04 
2.416970e-04 
2.598902e-04 
2.793416e-04 
3.002335e-04 
3.227373e-04 
3.469749e-04 
3.729535e-04 
4.004619e-04 
4.289960e-04 
4.574167e-04 
4.844200e-04 
4.896559e-04 
4.898954e-04 
4.899098e-04 
4.899106e-04 
4.899106e-04 
4.899106e-04 
4.899106e-04 
4.899106e-04 
4.899106e-04 
4.899106e-04 
4.899106e-04 
4.899106e-04 
4.899106e-04 
4.899106e-04 
4.899106e-04 
4.899106e-04 
4.899106e-04 
4.899106e-04 
4.899106e-04 
4.899106e-04 
4.899106e-04 
4.899106e-04 
4.899106e-04 
4.899106e-04 
4.899106e-04 
4.899106e-04 
4.899106e-04 
4.899106e-04 
4.899106e-04 
4.899106e-04 
4.899106e-04 
4.899106e-04 
4.899106e-04 
4.899106e-04 
4.899106e-04 
4.899106e-04 
4.899106e-04 
4.899106e-04 
4.899106e-04 
4.899106e-04 
4.899106e-04 
4.899106e-04 
4.899106e-04 
4.899106e-04 
4.899106e-04 
4.899106e-04 
4.899106e-04 
4.899106e-04 
4.899106e-04 
4.899106e-04 
4.899106e-04 
4.899106e-04 
4.899106e-04 
4.899106e-04 
4.899106e-04 
4.899106e-04 
4.899106e-04 
4.899106e-04 
4.899106e-04 
4.899106e-04 
4.899106e-04 
4.899106e-04 
4.899106e-04 
4.899106e-04 
4.899106e-04 
4.899106e-04 
4.899106e-04 
4.899106e-04 
4.899106e-04 
4.899106e-04 
4.899106e-04 
4.899106e-04 
4.899106e-04 
4.899106e-04 
4.899106e-04 
4.899106e-04 
4.899106e-04 
4.899106e-04 
4.899106e-04 
4.899106e-04 
4.899106e-04 
4.899106e-04 
4.899106e-04 
4.899106e-04 
4.899106e-04 
4.899106e-04 
4.899106e-04 
4.899106e-04 
4.899106e-04 
4.899106e-04 
4.899106e-04 
4.899106e-04 
4.899106e-04 
4.899106e-04 
4.899106e-04 
4.899106e-04 
4.899106e-04 
4.899106e-04 
4.899106e-04 
4.899106e-04 
4.899106e-04 
4.899106e-04 
4.899106e-04 
4.899106e-04 
4.899106e-04 
4.899106e-04 
4.899106e-04 
4.899106e-04 
4.899106e-04 
4.899106e-04 
4.899106e-04 
4.899106e-04 
4.899106e-04 
4.899106e-04 
4.899106e-04 
4.899106e-04 
4.899106e-04 
4.899106e-04 
4.899106e-04 
4.899106e-04 
4.899106e-04 
4.899106e-04 
4.899106e-04 
4.899106e-04 
4.899106e-04 
4.899106e-04 
4.899106e-04 
4.899106e-04 
4.899106e-04 
4.899106e-04 
4.899106e-04 
4.899106e-04 
4.899106e-04 
4.899106e-04 
4.899106e-04 
4.899106e-04 
4.899106e-04 
4.899106e-04 
4.899106e-04 
4.899106e-04 
4.899106e-04 
4.899106e-04 
4.899106e-04 
4.899106e-04 
4.899106e-04 
4.899106e-04 
4.899106e-04 
4.899106e-04 
4.899106e-04 
4.899106e-04 
4.899106e-04 
4.899106e-04 
4.899106e-04 
4.899106e-04 
4.899106e-04 
4.899106e-04 
4.899106e-04 
4.899106e-04 
4.899106e-04 
4.899106e-04 
4.899106e-04 
4.899106e-04 
4.899106e-04 
4.899106e-04 
4.899106e-04 
4.899106e-04 
4.899106e-04 
4.899106e-04 
4.899106e-04 
4.939905e-04 
5.135965e-04 
5.343422e-04 
5.563113e-04 
5.795951e-04 
6.042931e-04 
6.305141e-04 
6.583768e-04 
6.880114e-04 
7.195607e-04 
7.531816e-04 
7.890465e-04 
8.273457e-04 
8.682892e-04 
9.121091e-04 
9.590628e-04 
1.009436e-03 
1.063548e-03 
1.121741e-03 
1.184314e-03 
1.251663e-03 
1.324273e-03 
1.402677e-03 
1.487473e-03 
1.579330e-03 
1.679001e-03 
1.787308e-03 
1.905295e-03 
2.034016e-03 
2.174716e-03 
2.328821e-03 
2.497958e-03 
2.683998e-03 
2.889095e-03 
3.115738e-03 
3.366813e-03 
3.645679e-03 
3.956257e-03 
4.303149e-03 
4.692148e-03 
5.129009e-03 
5.621657e-03 
6.179197e-03 
6.812564e-03 
7.535190e-03 
8.362717e-03 
9.314910e-03 
1.041600e-02 
1.169561e-02 
1.319116e-02 
1.494937e-02 
1.702963e-02 
1.950782e-02 
2.248177e-02 
2.607879e-02 
3.046587e-02 
3.586381e-02 
4.256621e-02 
5.096436e-02 
6.157766e-02 
7.508450e-02 
9.233972e-02 
1.143439e-01 
1.421114e-01 
1.763930e-01 
2.173172e-01 
2.641755e-01 
3.155661e-01 
3.699260e-01 
4.257684e-01 
4.820338e-01 
5.378484e-01 
5.927590e-01 
6.463176e-01 
6.982517e-01 
7.481780e-01 
7.956809e-01 
8.402200e-01 
8.811033e-01 
9.174872e-01 
9.484048e-01 
9.542484e-01 
9.542484e-01 
9.542484e-01 
9.542484e-01 
9.542484e-01 
9.542484e-01 
9.542484e-01 
9.542484e-01 
9.542484e-01 
9.542484e-01 
9.542484e-01 
9.542484e-01 
9.542484e-01 
9.542484e-01 
9.542484e-01 
9.542484e-01 
9.542484e-01 
9.542484e-01 
9.542484e-01 
9.542484e-01 
9.542484e-01 
9.542484e-01 
9.542484e-01 
9.542484e-01 
9.542484e-01 
9.542484e-01 
9.542484e-01 
9.542484e-01 
9.542484e-01 
9.542484e-01 
9.542484e-01 
9.542484e-01 
9.542484e-01 
9.542484e-01 
9.542484e-01 
9.542484e-01 
9.542484e-01 
9.542484e-01 
9.542484e-01 
9.542484e-01 
9.542484e-01 
9.542484e-01 
9.542484e-01 
9.542484e-01 
9.542484e-01 
9.542484e-01 
9.542484e-01 
9.542484e-01 
9.542484e-01 
9.542484e-01 
9.542484e-01 
9.542484e-01 
9.542484e-01 
9.542484e-01 
9.542484e-01 
9.542484e-01 
9.542484e-01 
9.542484e-01 
9.542484e-01 
9.542484e-01 
9.542484e-01 
9.542484e-01 
9.542484e-01 
9.542484e-01 
9.542484e-01 
9.542484e-01 
9.542484e-01 
9.542484e-01 
9.542484e-01 
9.542484e-01 
9.542484e-01 
9.542484e-01 
9.542484e-01 
9.542484e-01 
9.542484e-01 
9.542484e-01 
9.542484e-01 
9.542484e-01 
9.542484e-01 
9.542484e-01 
9.542484e-01 
9.542484e-01 
9.542484e-01 
9.542484e-01 
9.542484e-01 
9.542484e-01 
9.542484e-01 
9.542484e-01 
9.542484e-01 
9.542484e-01 
9.542484e-01 
9.542484e-01 
9.542484e-01 
9.542484e-01 
9.542484e-01 
9.542484e-01 
9.542484e-01 
9.542484e-01 
9.542484e-01 
9.542484e-01 
9.542484e-01 
9.542484e-01 
9.542484e-01 
9.542484e-01 
9.542484e-01 
9.542484e-01 
9.542484e-01 
9.542484e-01 
9.542484e-01 
9.542484e-01 
9.542484e-01 
9.542484e-01 
9.542484e-01 
9.542484e-01 
9.542484e-01 
9.542484e-01 
9.542484e-01 
9.542484e-01 
9.542484e-01 
9.542484e-01 
9.542484e-01 
9.542484e-01 
9.542484e-01 
9.542484e-01 
9.542484e-01 
9.542484e-01 
9.542484e-01 
9.542484e-01 
9.542484e-01 
9.542484e-01 
9.542484e-01 
9.542484e-01 
9.542484e-01 
9.542484e-01 
9.542484e-01 
9.542484e-01 
9.542484e-01 
9.542484e-01 
9.542484e-01 
9.542484e-01 
9.542484e-01 
9.542484e-01 
9.542484e-01 
9.542484e-01 
9.542484e-01 
9.542484e-01 
9.542484e-01 
9.542484e-01 
9.542484e-01 
9.542484e-01 
9.542484e-01 
9.542484e-01 
9.542484e-01 
9.542484e-01 
9.542484e-01 
9.542484e-01 
9.542484e-01 
9.542484e-01 
9.542484e-01 
9.542484e-01 
9.542484e-01 
9.542484e-01 
9.542484e-01 
9.542484e-01 
9.542484e-01 
9.542484e-01 
9.542484e-01 
9.542484e-01 
9.542484e-01 
9.542483e-01 
9.542482e-01 
9.542481e-01 
9.542479e-01 
9.542477e-01 
9.542475e-01 
9.542473e-01 
9.542471e-01 
9.542469e-01 
9.542466e-01 
9.542464e-01 
9.542461e-01 
9.542458e-01 
9.542455e-01 
9.542452e-01 
9.542448e-01 
9.542445e-01 
9.542441e-01 
9.542437e-01 
9.542433e-01 
9.542429e-01 
9.542425e-01 
9.542421e-01 
9.542418e-01 
9.542414e-01 
9.542410e-01 
9.542407e-01 
9.542404e-01 
9.542401e-01 
9.542398e-01 
9.542395e-01 
9.542392e-01 
9.542390e-01 
9.542387e-01 
9.542385e-01 
9.542383e-01 
9.542381e-01 
9.542379e-01 
9.542377e-01 
9.542375e-01 
9.542374e-01 
9.542372e-01 
9.542370e-01 
9.542369e-01 
9.542367e-01 
9.542366e-01 
9.542365e-01 
9.542363e-01 
9.542362e-01 
9.542361e-01 
9.542360e-01 
9.542359e-01 
9.542358e-01 
9.542357e-01 
9.542356e-01 
9.542355e-01 
9.542354e-01 
9.542353e-01 
9.542352e-01 
9.542351e-01 
9.542350e-01 
9.542349e-01 
9.542349e-01 
9.542348e-01 
9.542347e-01 
9.542346e-01 
9.542346e-01 
9.542345e-01 
9.542344e-01 
9.542344e-01 
9.542343e-01 
9.542343e-01 
9.542342e-01 
9.542341e-01 
9.542341e-01 
9.542340e-01 
9.542340e-01 
9.542339e-01 
9.542339e-01 
9.542338e-01 
9.542338e-01 
9.542338e-01 
9.542338e-01 
9.542338e-01 
9.542338e-01 
9.542338e-01 
9.542338e-01 
9.542338e-01 
9.542338e-01 
9.542338e-01 
9.542338e-01 
9.542338e-01 
9.542338e-01 
9.542338e-01 
9.542338e-01 
9.542338e-01 
9.542338e-01 
9.542338e-01 
9.542338e-01 
9.542338e-01 
9.542338e-01 
9.542338e-01 
9.542338e-01 
9.542338e-01 
9.542338e-01 
9.542338e-01 
9.542338e-01 
9.542338e-01 
9.542338e-01 
9.542338e-01 
9.542338e-01 
9.542338e-01 
9.542338e-01 
9.542338e-01 
9.542338e-01 
9.542338e-01 
9.542338e-01 
9.542338e-01 
9.542338e-01 
9.542338e-01 
9.542338e-01 
9.542338e-01 
9.542338e-01 
9.542338e-01 
9.542338e-01 
9.542338e-01 
9.542338e-01 
9.542338e-01 
9.542338e-01 
9.542338e-01 
9.542338e-01 
9.542338e-01 
9.542338e-01 
9.542338e-01 
9.542338e-01 
9.542338e-01 
9.542338e-01 
9.542338e-01 
9.542338e-01 
9.542338e-01 
9.542338e-01 
9.542338e-01 
9.542338e-01 
9.542338e-01 
9.542338e-01 
9.542338e-01 
9.542338e-01 
9.542338e-01 
9.542338e-01 
9.542338e-01 
9.542338e-01 
9.542338e-01 
9.542338e-01 
9.542338e-01 
9.542338e-01 
9.542338e-01 
9.542338e-01 
9.542338e-01 
9.542338e-01 
9.542338e-01 
9.542338e-01 
9.542338e-01 
9.542338e-01 
9.542338e-01 
9.542338e-01 
9.542338e-01 
9.542338e-01 
9.542338e-01 
9.542338e-01 
9.542338e-01 
9.542338e-01 
9.542338e-01 
9.542338e-01 
9.542338e-01 
9.542338e-01 
9.542338e-01 
9.542338e-01 
9.542338e-01 
9.542338e-01 
9.542338e-01 
9.542338e-01 
9.542338e-01 
9.542338e-01 
9.542338e-01 
9.542338e-01 
9.542338e-01 
9.542338e-01 
9.542338e-01 
9.542338e-01 
9.542338e-01 
9.542338e-01 
9.542338e-01 
9.542338e-01 
9.542338e-01 
9.542338e-01 
9.542338e-01 
9.542338e-01 
9.542338e-01 
9.542338e-01 
9.542338e-01 
9.542338e-01 
9.542338e-01 
9.542338e-01 
9.542338e-01 
9.542338e-01 
9.542338e-01 
9.542338e-01 
9.542338e-01 
9.542338e-01 
9.542338e-01 
9.542338e-01 
9.542338e-01 
9.542338e-01 
9.542338e-01 
9.542338e-01 
9.542338e-01 
9.542338e-01 
9.542338e-01 
9.542338e-01 
9.542338e-01 
9.542338e-01 
9.542338e-01 
9.542338e-01 
9.542338e-01 
9.542338e-01 
9.542338e-01 
9.542338e-01 
9.542338e-01 
9.542338e-01 
9.542338e-01 
9.542338e-01 
9.542338e-01 
9.542338e-01 
9.542338e-01 
9.542338e-01 
9.542338e-01 
9.542338e-01 
9.542338e-01 
9.542338e-01 
9.542338e-01 
9.542338e-01 
9.542338e-01 
9.542338e-01 
9.542338e-01 
9.542338e-01 
9.542338e-01 
9.542338e-01 
9.542338e-01 
9.542338e-01 
9.542338e-01 
9.483858e-01 
9.174323e-01 
8.809684e-01 
8.399196e-01 
7.950572e-01 
7.469424e-01 
6.959046e-01 
6.420044e-01 
5.850068e-01 
5.242888e-01 
4.586221e-01 
3.856545e-01 
3.001366e-01 
1.879484e-01 
2.812352e-02 
4.617193e-03 
2.019450e-03 
1.247752e-03 
8.507916e-04 
6.159444e-04 
4.645733e-04 
3.611275e-04 
2.873894e-04 
2.330739e-04 
1.919518e-04 
1.602182e-04 
1.350919e-04 
1.152152e-04 
9.881956e-05 
8.554279e-05 
7.456260e-05 
6.539769e-05 
5.768456e-05 
5.114470e-05 
4.556195e-05 
4.076664e-05 
3.662422e-05 
3.302697e-05 
2.988793e-05 
2.713633e-05 
2.471417e-05 
2.257576e-05 
2.067659e-05 
1.898622e-05 
1.747675e-05 
1.612468e-05 
1.491004e-05 
1.382008e-05 
1.283115e-05 
1.193581e-05 
1.112329e-05 
1.038427e-05 
9.710688e-06 
9.095498e-06 
8.531316e-06 
8.015427e-06 
7.541482e-06 
7.105407e-06 
6.702842e-06 
6.328573e-06 
5.974951e-06 
5.618877e-06 
5.153000e-06 
4.293876e-06 
3.122858e-06 
2.024771e-06 
1.055628e-06 
2.069300e-07 
-5.337990e-07 
-1.178077e-06 
-1.736101e-06 
-2.216783e-06 
-2.627798e-06 
-2.975637e-06 
-3.265648e-06 
-3.502113e-06 
-3.688333e-06 
-3.826767e-06 
-3.919232e-06 
-3.967147e-06 
-3.971829e-06 
-3.967340e-06 
-3.967321e-06 
-3.967320e-06 
-3.967320e-06 
-3.967320e-06 
-3.967320e-06 
-3.967320e-06 
-3.967320e-06 
-3.967320e-06 
-3.967320e-06 
-3.967320e-06 
-3.967320e-06 
-3.967320e-06 
-3.967320e-06 
-3.967320e-06 
-3.967320e-06 
-3.967320e-06 
-3.967320e-06 
-3.967320e-06 
-3.967320e-06 
-3.967320e-06 
-3.967320e-06 
-3.967320e-06 
-3.967320e-06 
-3.967320e-06 
-3.967320e-06 
-3.967320e-06 
-3.967320e-06 
-3.967320e-06 
-3.967320e-06 
-3.967320e-06 
-3.967320e-06 
-3.967320e-06 
-3.967320e-06 
-3.967320e-06 
-3.967320e-06 
-3.967320e-06 
-3.967320e-06 
-3.967320e-06 
-3.967320e-06 
-3.967320e-06 
-3.967320e-06 
-3.967320e-06 
-3.967320e-06 
-3.967320e-06 
-3.967320e-06 
-3.967320e-06 
-3.967320e-06 
-3.967320e-06 
-3.967320e-06 
-3.967320e-06 
-3.967320e-06 
-3.967320e-06 
-3.967320e-06 
-3.967320e-06 
-3.967320e-06 
-3.967320e-06 
-3.967320e-06 
-3.967320e-06 
-3.967320e-06 
-3.967320e-06 
-3.967320e-06 
-3.967320e-06 
-3.967320e-06 
-3.967320e-06 
-3.967320e-06 
-3.967320e-06 
-3.967320e-06 
-3.967320e-06 
-3.967320e-06 
-3.967320e-06 
-3.967320e-06 
-3.967320e-06 
-3.967320e-06 
-3.967320e-06 
-3.967320e-06 
-3.967320e-06 
-3.967320e-06 
-3.967320e-06 
-3.967320e-06 
-3.967320e-06 
-3.967320e-06 
-3.967320e-06 
-3.967320e-06 
-3.967320e-06 
-3.967320e-06 
-3.967320e-06 
-3.967320e-06 
-3.967320e-06 
-3.967320e-06 
-3.967320e-06 
-3.967320e-06 
-3.967320e-06 
-3.967320e-06 
-3.967320e-06 
-3.967320e-06 
-3.967320e-06 
-3.967320e-06 
-3.967320e-06 
-3.967320e-06 
-3.967320e-06 
-3.967320e-06 
-3.967320e-06 
-3.967320e-06 
-3.967320e-06 
-3.967320e-06 
-3.967320e-06 
-3.967320e-06 
-3.967320e-06 
-3.967320e-06 
-3.967320e-06 
-3.967320e-06 
-3.967320e-06 
-3.967320e-06 
-3.967320e-06 
-3.967320e-06 
-3.967320e-06 
-3.967320e-06 
-3.967320e-06 
-3.967320e-06 
-3.967320e-06 
-3.967320e-06 
-3.967320e-06 
-3.967320e-06 
-3.967320e-06 
-3.967320e-06 
-3.967320e-06 
-3.967320e-06 
-3.967320e-06 
-3.967320e-06 
-3.967320e-06 
-3.967320e-06 
-3.967320e-06 
-3.967320e-06 
-3.967320e-06 
-3.967320e-06 
-3.967320e-06 
-3.967320e-06 
-3.967320e-06 
-3.967320e-06 
-3.967320e-06 
-3.967320e-06 
-3.967320e-06 
-3.967320e-06 
-3.967320e-06 
-3.967320e-06 
-3.967320e-06 
-3.967320e-06 
-3.967320e-06 
-3.967320e-06 
-3.967320e-06 
-3.967320e-06 
-3.967320e-06 
-3.967320e-06 
-3.967320e-06 
-3.967320e-06 
-3.967320e-06 
-3.967320e-06 
-3.967320e-06 
-3.967320e-06 
-3.967320e-06 
-3.967320e-06 
-3.967320e-06 
-3.967320e-06 
-3.967320e-06 
-3.967320e-06 
-3.967320e-06 
-3.967320e-06 
-3.967320e-06 
-3.955278e-06 
-3.895408e-06 
-3.833686e-06 
-3.764676e-06 
-3.693007e-06 
-3.616591e-06 
-3.535316e-06 
-3.448703e-06 
-3.356343e-06 
-3.257758e-06 
-3.152485e-06 
-3.039982e-06 
-2.919661e-06 
-2.790879e-06 
-2.652932e-06 
-2.505044e-06 
-2.346364e-06 
-2.175954e-06 
-1.992777e-06 
-1.795690e-06 
-1.583427e-06 
-1.354587e-06 
-1.107616e-06 
-8.408417e-07 
-5.522234e-07 
-2.406562e-07 
9.809839e-08 
4.658502e-07 
8.517662e-07 
1.285364e-06 
1.757929e-06 
2.273707e-06 
2.837490e-06 
3.454697e-06 
4.131466e-06 
4.874761e-06 
5.485497e-06 
6.365503e-06 
7.337194e-06 
8.411416e-06 
9.601152e-06 
1.126136e-05 
1.276663e-05 
1.444335e-05 
1.631460e-05 
1.840640e-05 
2.074829e-05 
2.337367e-05 
2.632000e-05 
2.962891e-05 
3.334607e-05 
3.752069e-05 
4.249067e-05 
4.777186e-05 
5.366720e-05 
6.022260e-05 
6.759407e-05 
7.558071e-05 
8.429616e-05 
9.373996e-05 
1.038974e-04 
1.147429e-04 
1.262464e-04 
1.383800e-04 
1.511241e-04 
1.644736e-04 
1.784434e-04 
1.930715e-04 
2.084231e-04 
2.245909e-04 
2.416970e-04 
2.598902e-04 
2.793416e-04 
3.002335e-04 
3.227373e-04 
3.467492e-04 
3.727435e-04 
4.002887e-04 
4.288496e-04 
4.574167e-04 
4.844200e-04 
4.896559e-04 
4.898954e-04 
4.899098e-04 
4.899106e-04 
4.899106e-04 
4.899106e-04 
4.899106e-04 
4.899106e-04 
4.899106e-04 
4.899106e-04 
4.899106e-04 
4.899106e-04 
4.899106e-04 
4.899106e-04 
4.899106e-04 
4.899106e-04 
4.899106e-04 
4.899106e-04 
4.899106e-04 
4.899106e-04 
4.899106e-04 
4.899106e-04 
4.899106e-04 
4.899106e-04 
4.899106e-04 
4.899106e-04 
4.899106e-04 
4.899106e-04 
4.899106e-04 
4.899106e-04 
4.899106e-04 
4.899106e-04 
4.899106e-04 
4.899106e-04 
4.899106e-04 
4.899106e-04 
4.899106e-04 
4.899106e-04 
4.899106e-04 
4.899106e-04 
4.899106e-04 
4.899106e-04 
4.899106e-04 
4.899106e-04 
4.899106e-04 
4.899106e-04 
4.899106e-04 
4.899106e-04 
4.899106e-04 
4.899106e-04 
4.899106e-04 
4.899106e-04 
4.899106e-04 
4.899106e-04 
4.899106e-04 
4.899106e-04 
4.899106e-04 
4.899106e-04 
4.899106e-04 
4.899106e-04 
4.899106e-04 
4.899106e-04 
4.899106e-04 
4.899106e-04 
4.899106e-04 
4.899106e-04 
4.899106e-04 
4.899106e-04 
4.899106e-04 
4.899106e-04 
4.899106e-04 
4.899106e-04 
4.899106e-04 
4.899106e-04 
4.899106e-04 
4.899106e-04 
4.899106e-04 
4.899106e-04 
4.899106e-04 
4.899106e-04 
4.899106e-04 
4.899106e-04 
4.899106e-04 
4.899106e-04 
4.899106e-04 
4.899106e-04 
4.899106e-04 
4.899106e-04 
4.899106e-04 
4.899106e-04 
4.899106e-04 
4.899106e-04 
4.899106e-04 
4.899106e-04 
4.899106e-04 
4.899106e-04 
4.899106e-04 
4.899106e-04 
4.899106e-04 
4.899106e-04 
4.899106e-04 
4.899106e-04 
4.899106e-04 
4.899106e-04 
4.899106e-04 
4.899106e-04 
4.899106e-04 
4.899106e-04 
4.899106e-04 
4.899106e-04 
4.899106e-04 
4.899106e-04 
4.899106e-04 
4.899106e-04 
4.899106e-04 
4.899106e-04 
4.899106e-04 
4.899106e-04 
4.899106e-04 
4.899106e-04 
4.899106e-04 
4.899106e-04 
4.899106e-04 
4.899106e-04 
4.899106e-04 
4.899106e-04 
4.899106e-04 
4.899106e-04 
4.899106e-04 
4.899106e-04 
4.899106e-04 
4.899106e-04 
4.899106e-04 
4.899106e-04 
4.899106e-04 
4.899106e-04 
4.899106e-04 
4.899106e-04 
4.899106e-04 
4.899106e-04 
4.899106e-04 
4.899106e-04 
4.899106e-04 
4.899106e-04 
4.899106e-04 
4.899106e-04 
4.899106e-04 
4.899106e-04 
4.899106e-04 
4.899106e-04 
4.899106e-04 
4.899106e-04 
4.899106e-04 
4.899106e-04 
4.899106e-04 
4.899106e-04 
4.899106e-04 
4.899106e-04 
4.899106e-04 
4.899106e-04 
4.899106e-04 
4.899106e-04 
4.899106e-04 
4.899106e-04 
4.899106e-04 
4.899106e-04 
4.899106e-04 
4.899106e-04 
4.899106e-04 
4.939905e-04 
5.135965e-04 
5.343422e-04 
5.563113e-04 
5.795951e-04 
6.042931e-04 
6.305141e-04 
6.583768e-04 
6.880114e-04 
7.195607e-04 
7.531816e-04 
7.890465e-04 
8.273457e-04 
8.682892e-04 
9.121091e-04 
9.590628e-04 
1.009436e-03 
1.063548e-03 
1.121741e-03 
1.184314e-03 
1.251663e-03 
1.324273e-03 
1.402677e-03 
1.487473e-03 
1.579330e-03 
1.679001e-03 
1.787308e-03 
1.905295e-03 
2.034016e-03 
2.174716e-03 
2.328821e-03 
2.497958e-03 
2.683998e-03 
2.889095e-03 
3.115738e-03 
3.366813e-03 
3.645679e-03 
3.956257e-03 
4.303149e-03 
4.692148e-03 
5.129009e-03 
5.621657e-03 
6.179197e-03 
6.812564e-03 
7.535190e-03 
8.362717e-03 
9.314910e-03 
1.041600e-02 
1.169561e-02 
1.319116e-02 
1.494937e-02 
1.702963e-02 
1.950782e-02 
2.248177e-02 
2.607879e-02 
3.046587e-02 
3.586381e-02 
4.256621e-02 
5.096436e-02 
6.157766e-02 
7.508450e-02 
9.233972e-02 
1.143439e-01 
1.421114e-01 
1.763930e-01 
2.173172e-01 
2.641755e-01 
3.155661e-01 
3.699260e-01 
4.257684e-01 
4.820338e-01 
5.378484e-01 
5.927590e-01 
6.463176e-01 
6.982517e-01 
7.481780e-01 
7.956809e-01 
8.402200e-01 
8.811033e-01 
9.174872e-01 
9.484048e-01 
9.542484e-01 
9.542484e-01 
9.542484e-01 
9.542484e-01 
9.542484e-01 
9.542484e-01 
9.542484e-01 
9.542484e-01 
9.542484e-01 
9.542484e-01 
9.542484e-01 
9.542484e-01 
9.542484e-01 
9.542484e-01 
9.542484e-01 
9.542484e-01 
9.542484e-01 
9.542484e-01 
9.542484e-01 
9.542484e-01 
9.542484e-01 
9.542484e-01 
9.542484e-01 
9.542484e-01 
9.542484e-01 
9.542484e-01 
9.542484e-01 
9.542484e-01 
9.542484e-01 
9.542484e-01 
9.542484e-01 
9.542484e-01 
9.542484e-01 
9.542484e-01 
9.542484e-01 
9.542484e-01 
9.542484e-01 
9.542484e-01 
9.542484e-01 
9.542484e-01 
9.542484e-01 
9.542484e-01 
9.542484e-01 
9.542484e-01 
9.542484e-01 
9.542484e-01 
9.542484e-01 
9.542484e-01 
9.542484e-01 
9.542484e-01 
9.542484e-01 
9.542484e-01 
9.542484e-01 
9.542484e-01 
9.542484e-01 
9.542484e-01 
9.542484e-01 
9.542484e-01 
9.542484e-01 
9.542484e-01 
9.542484e-01 
9.542484e-01 
9.542484e-01 
9.542484e-01 
9.542484e-01 
9.542484e-01 
9.542484e-01 
9.542484e-01 
9.542484e-01 
9.542484e-01 
9.542484e-01 
9.542484e-01 
9.542484e-01 
9.542484e-01 
9.542484e-01 
9.542484e-01 
9.542484e-01 
9.542484e-01 
9.542484e-01 
9.542484e-01 
9.542484e-01 
9.542484e-01 
9.542484e-01 
9.542484e-01 
9.542484e-01 
9.542484e-01 
9.542484e-01 
9.542484e-01 
9.542484e-01 
9.542484e-01 
9.542484e-01 
9.542484e-01 
9.542484e-01 
9.542484e-01 
9.542484e-01 
9.542484e-01 
9.542484e-01 
9.542484e-01 
9.542484e-01 
9.542484e-01 
9.542484e-01 
9.542484e-01 
9.542484e-01 
9.542484e-01 
9.542484e-01 
9.542484e-01 
9.542484e-01 
9.542484e-01 
9.542484e-01 
9.542484e-01 
9.542484e-01 
9.542484e-01 
9.542484e-01 
9.542484e-01 
9.542484e-01 
9.542484e-01 
9.542484e-01 
9.542484e-01 
9.542484e-01 
9.542484e-01 
9.542484e-01 
9.542484e-01 
9.542484e-01 
9.542484e-01 
9.542484e-01 
9.542484e-01 
9.542484e-01 
9.542484e-01 
9.542484e-01 
9.542484e-01 
9.542484e-01 
9.542484e-01 
9.542484e-01 
9.542484e-01 
9.542484e-01 
9.542484e-01 
9.542484e-01 
9.542484e-01 
9.542484e-01 
9.542484e-01 
9.542484e-01 
9.542484e-01 
9.542484e-01 
9.542484e-01 
9.542484e-01 
9.542484e-01 
9.542484e-01 
9.542484e-01 
9.542484e-01 
9.542484e-01 
9.542484e-01 
9.542484e-01 
9.542484e-01 
9.542484e-01 
9.542484e-01 
9.542484e-01 
9.542484e-01 
9.542484e-01 
9.542484e-01 
9.542484e-01 
9.542484e-01 
9.542484e-01 
9.542484e-01 
9.542484e-01 
9.542484e-01 
9.542484e-01 
9.542484e-01 
9.542484e-01 
9.542484e-01 
9.542483e-01 
9.542482e-01 
9.542481e-01 
9.542479e-01 
9.542477e-01 
9.542475e-01 
9.542473e-01 
9.542471e-01 
9.542469e-01 
9.542466e-01 
9.542464e-01 
9.542461e-01 
9.542458e-01 
9.542455e-01 
9.542452e-01 
9.542448e-01 
9.542445e-01 
9.542441e-01 
9.542437e-01 
9.542433e-01 
9.542429e-01 
9.542425e-01 
9.542421e-01 
9.542418e-01 
9.542414e-01 
9.542410e-01 
9.542407e-01 
9.542404e-01 
9.542401e-01 
9.542398e-01 
9.542395e-01 
9.542392e-01 
9.542390e-01 
9.542387e-01 
9.542385e-01 
9.542383e-01 
9.542381e-01 
9.542379e-01 
9.542377e-01 
9.542375e-01 
9.542374e-01 
9.542372e-01 
9.542370e-01 
9.542369e-01 
9.542367e-01 
9.542366e-01 
9.542365e-01 
9.542363e-01 
9.542362e-01 
9.542361e-01 
9.542360e-01 
9.542359e-01 
9.542358e-01 
9.542357e-01 
9.542356e-01 
9.542355e-01 
9.542354e-01 
9.542353e-01 
9.542352e-01 
9.542351e-01 
9.542350e-01 
9.542349e-01 
9.542349e-01 
9.542348e-01 
9.542347e-01 
9.542346e-01 
9.542346e-01 
9.542345e-01 
9.542344e-01 
9.542344e-01 
9.542343e-01 
9.542343e-01 
9.542342e-01 
9.542341e-01 
9.542341e-01 
9.542340e-01 
9.542340e-01 
9.542339e-01 
9.542339e-01 
9.542338e-01 
9.542338e-01 
9.542338e-01 
9.542338e-01 
9.542338e-01 
9.542338e-01 
9.542338e-01 
9.542338e-01 
9.542338e-01 
9.542338e-01 
9.542338e-01 
9.542338e-01 
9.542338e-01 
9.542338e-01 
9.542338e-01 
9.542338e-01 
9.542338e-01 
9.542338e-01 
9.542338e-01 
9.542338e-01 
9.542338e-01 
9.542338e-01 
9.542338e-01 
9.542338e-01 
9.542338e-01 
9.542338e-01 
9.542338e-01 
9.542338e-01 
9.542338e-01 
9.542338e-01 
9.542338e-01 
9.542338e-01 
9.542338e-01 
9.542338e-01 
9.542338e-01 
9.542338e-01 
9.542338e-01 
9.542338e-01 
9.542338e-01 
9.542338e-01 
9.542338e-01 
9.542338e-01 
9.542338e-01 
9.542338e-01 
9.542338e-01 
9.542338e-01 
9.542338e-01 
9.542338e-01 
9.542338e-01 
9.542338e-01 
9.542338e-01 
9.542338e-01 
9.542338e-01 
9.542338e-01 
9.542338e-01 
9.542338e-01 
9.542338e-01 
9.542338e-01 
9.542338e-01 
9.542338e-01 
9.542338e-01 
9.542338e-01 
9.542338e-01 
9.542338e-01 
9.542338e-01 
9.542338e-01 
9.542338e-01 
9.542338e-01 
9.542338e-01 
9.542338e-01 
9.542338e-01 
9.542338e-01 
9.542338e-01 
9.542338e-01 
9.542338e-01 
9.542338e-01 
9.542338e-01 
9.542338e-01 
9.542338e-01 
9.542338e-01 
9.542338e-01 
9.542338e-01 
9.542338e-01 
9.542338e-01 
9.542338e-01 
9.542338e-01 
9.542338e-01 
9.542338e-01 
9.542338e-01 
9.542338e-01 
9.542338e-01 
9.542338e-01 
9.542338e-01 
9.542338e-01 
9.542338e-01 
9.542338e-01 
9.542338e-01 
9.542338e-01 
9.542338e-01 
9.542338e-01 
9.542338e-01 
9.542338e-01 
9.542338e-01 
9.542338e-01 
9.542338e-01 
9.542338e-01 
9.542338e-01 
9.542338e-01 
9.542338e-01 
9.542338e-01 
9.542338e-01 
9.542338e-01 
9.542338e-01 
9.542338e-01 
9.542338e-01 
9.542338e-01 
9.542338e-01 
9.542338e-01 
9.542338e-01 
9.542338e-01 
9.542338e-01 
9.542338e-01 
9.542338e-01 
9.542338e-01 
9.542338e-01 
9.542338e-01 
9.542338e-01 
9.542338e-01 
9.542338e-01 
9.542338e-01 
9.542338e-01 
9.542338e-01 
9.542338e-01 
9.542338e-01 
9.542338e-01 
9.542338e-01 
9.542338e-01 
9.542338e-01 
9.542338e-01 
9.542338e-01 
9.542338e-01 
9.542338e-01 
9.542338e-01 
9.542338e-01 
9.542338e-01 
9.542338e-01 
9.542338e-01 
9.542338e-01 
9.542338e-01 
9.542338e-01 
9.542338e-01 
9.542338e-01 
9.542338e-01 
9.542338e-01 
9.542338e-01 
9.542338e-01 
9.542338e-01 
9.542338e-01 
9.542338e-01 
9.542338e-01 
9.542338e-01 
9.542338e-01 
9.542338e-01 
9.542338e-01 
9.542338e-01 
9.542338e-01 
9.542338e-01 
9.542338e-01 
9.542338e-01 
9.542338e-01 
9.542338e-01 
9.483858e-01 
9.174323e-01 
8.809684e-01 
8.399196e-01 
7.950572e-01 
7.469424e-01 
6.959046e-01 
6.420044e-01 
5.850068e-01 
5.242888e-01 
4.586221e-01 
3.856545e-01 
3.001366e-01 
1.881986e-01 
2.812939e-02 
4.617340e-03 
2.019450e-03 
1.247736e-03 
8.507916e-04 
6.159444e-04 
4.645733e-04 
3.611275e-04 
2.873894e-04 
2.330739e-04 
1.919518e-04 
1.602182e-04 
1.350919e-04 
1.150400e-04 
9.881943e-05 
8.554279e-05 
7.456260e-05 
6.539769e-05 
5.768456e-05 
5.114470e-05 
4.556195e-05 
4.076664e-05 
3.662422e-05 
3.302697e-05 
2.988793e-05 
2.713633e-05 
2.471417e-05 
2.257361e-05 
2.067659e-05 
1.898622e-05 
1.747675e-05 
1.612468e-05 
1.491004e-05 
1.382008e-05 
1.283115e-05 
1.193581e-05 
1.112329e-05 
1.038427e-05 
9.710688e-06 
9.095498e-06 
8.531316e-06 
8.015427e-06 
7.541482e-06 
7.105407e-06 
6.702842e-06 
6.328573e-06 
5.974951e-06 
5.618877e-06 
5.153000e-06 
4.293876e-06 
3.122858e-06 
2.024771e-06 
1.055628e-06 
2.069300e-07 
-5.337990e-07 
-1.178077e-06 
-1.736101e-06 
-2.216783e-06 
-2.627798e-06 
-2.975637e-06 
-3.265648e-06 
-3.502113e-06 
-3.688333e-06 
-3.826791e-06 
-3.919232e-06 
-3.967147e-06 
-3.971829e-06 
-3.967340e-06 
-3.967321e-06 
-3.967320e-06 
-3.967320e-06 
-3.967320e-06 
-3.967320e-06 
-3.967320e-06 
-3.967320e-06 
-3.967320e-06 
-3.967320e-06 
-3.967320e-06 
-3.967320e-06 
-3.967320e-06 
-3.967320e-06 
-3.967320e-06 
-3.967320e-06 
-3.967320e-06 
-3.967320e-06 
-3.967320e-06 
-3.967320e-06 
-3.967320e-06 
-3.967320e-06 
-3.967320e-06 
-3.967320e-06 
-3.967320e-06 
-3.967320e-06 
-3.967320e-06 
-3.967320e-06 
-3.967320e-06 
-3.967320e-06 
-3.967320e-06 
-3.967320e-06 
-3.967320e-06 
-3.967320e-06 
-3.967320e-06 
-3.967320e-06 
-3.967320e-06 
-3.967320e-06 
-3.967320e-06 
-3.967320e-06 
-3.967320e-06 
-3.967320e-06 
-3.967320e-06 
-3.967320e-06 
-3.967320e-06 
-3.967320e-06 
-3.967320e-06 
-3.967320e-06 
-3.967320e-06 
-3.967320e-06 
-3.967320e-06 
-3.967320e-06 
-3.967320e-06 
-3.967320e-06 
-3.967320e-06 
-3.967320e-06 
-3.967320e-06 
-3.967320e-06 
-3.967320e-06 
-3.967320e-06 
-3.967320e-06 
-3.967320e-06 
-3.967320e-06 
-3.967320e-06 
-3.967320e-06 
-3.967320e-06 
-3.967320e-06 
-3.967320e-06 
-3.967320e-06 
-3.967320e-06 
-3.967320e-06 
-3.967320e-06 
-3.967320e-06 
-3.967320e-06 
-3.967320e-06 
-3.967320e-06 
-3.967320e-06 
-3.967320e-06 
-3.967320e-06 
-3.967320e-06 
-3.967320e-06 
-3.967320e-06 
-3.967320e-06 
-3.967320e-06 
-3.967320e-06 
-3.967320e-06 
-3.967320e-06 
-3.967320e-06 
-3.967320e-06 
-3.967320e-06 
-3.967320e-06 
-3.967320e-06 
-3.967320e-06 
-3.967320e-06 
-3.967320e-06 
-3.967320e-06 
-3.967320e-06 
-3.967320e-06 
-3.967320e-06 
-3.967320e-06 
-3.967320e-06 
-3.967320e-06 
-3.967320e-06 
-3.967320e-06 
-3.967320e-06 
-3.967320e-06 
-3.967320e-06 
-3.967320e-06 
-3.967320e-06 
-3.967320e-06 
-3.967320e-06 
-3.967320e-06 
-3.967320e-06 
-3.967320e-06 
-3.967320e-06 
-3.967320e-06 
-3.967320e-06 
-3.967320e-06 
-3.967320e-06 
-3.967320e-06 
-3.967320e-06 
-3.967320e-06 
-3.967320e-06 
-3.967320e-06 
-3.967320e-06 
-3.967320e-06 
-3.967320e-06 
-3.967320e-06 
-3.967320e-06 
-3.967320e-06 
-3.967320e-06 
-3.967320e-06 
-3.967320e-06 
-3.967320e-06 
-3.967320e-06 
-3.967320e-06 
-3.967320e-06 
-3.967320e-06 
-3.967320e-06 
-3.967320e-06 
-3.967320e-06 
-3.967320e-06 
-3.967320e-06 
-3.967320e-06 
-3.967320e-06 
-3.967320e-06 
-3.967320e-06 
-3.967320e-06 
-3.967320e-06 
-3.967320e-06 
-3.967320e-06 
-3.967320e-06 
-3.967320e-06 
-3.967320e-06 
-3.967320e-06 
-3.967320e-06 
-3.967320e-06 
-3.967320e-06 
-3.967320e-06 
-3.967320e-06 
-3.967320e-06 
-3.967320e-06 
-3.967320e-06 
-3.967320e-06 
-3.967320e-06 
-3.967320e-06 
-3.967320e-06 
-3.967320e-06 
-3.967320e-06 
-3.955278e-06 
-3.895408e-06 
-3.833686e-06 
-3.764676e-06 
-3.693007e-06 
-3.616718e-06 
-3.535317e-06 
-3.448703e-06 
-3.356343e-06 
-3.257758e-06 
-3.152485e-06 
-3.039982e-06 
-2.919661e-06 
-2.790879e-06 
-2.652932e-06 
-2.505044e-06 
-2.346364e-06 
-2.175954e-06 
-1.992777e-06 
-1.795690e-06 
-1.583427e-06 
-1.354587e-06 
-1.107616e-06 
-8.408417e-07 
-5.522234e-07 
-2.406562e-07 
9.809839e-08 
4.658502e-07 
8.517662e-07 
1.285364e-06 
1.757929e-06 
2.273707e-06 
2.837490e-06 
3.454697e-06 
4.131466e-06 
4.874761e-06 
5.485497e-06 
6.365503e-06 
7.337194e-06 
8.411416e-06 
9.601152e-06 
1.126136e-05 
1.276663e-05 
1.444335e-05 
1.631460e-05 
1.840640e-05 
2.074829e-05 
2.337367e-05 
2.632000e-05 
2.962891e-05 
3.334607e-05 
3.752069e-05 
4.249067e-05 
4.777186e-05 
5.366720e-05 
6.022260e-05 
6.759407e-05 
7.558071e-05 
8.429616e-05 
9.373996e-05 
1.038974e-04 
1.147429e-04 
1.262464e-04 
1.383800e-04 
1.511241e-04 
1.644736e-04 
1.784434e-04 
1.930715e-04 
2.084231e-04 
2.245910e-04 
2.416970e-04 
2.598902e-04 
2.793417e-04 
3.002335e-04 
3.227373e-04 
3.469749e-04 
3.729535e-04 
4.004619e-04 
4.289960e-04 
4.574167e-04 
4.844200e-04 
4.896559e-04 
4.898954e-04 
4.899098e-04 
4.899106e-04 
4.899106e-04 
4.899106e-04 
4.899106e-04 
4.899106e-04 
4.899106e-04 
4.899106e-04 
4.899106e-04 
4.899106e-04 
4.899106e-04 
4.899106e-04 
4.899106e-04 
4.899106e-04 
4.899106e-04 
4.899106e-04 
4.899106e-04 
4.899106e-04 
4.899106e-04 
4.899106e-04 
4.899106e-04 
4.899106e-04 
4.899106e-04 
4.899106e-04 
4.899106e-04 
4.899106e-04 
4.899106e-04 
4.899106e-04 
4.899106e-04 
4.899106e-04 
4.899106e-04 
4.899106e-04 
4.899106e-04 
4.899106e-04 
4.899106e-04 
4.899106e-04 
4.899106e-04 
4.899106e-04 
4.899106e-04 
4.899106e-04 
4.899106e-04 
4.899106e-04 
4.899106e-04 
4.899106e-04 
4.899106e-04 
4.899106e-04 
4.899106e-04 
4.899106e-04 
4.899106e-04 
4.899106e-04 
4.899106e-04 
4.899106e-04 
4.899106e-04 
4.899106e-04 
4.899106e-04 
4.899106e-04 
4.899106e-04 
4.899106e-04 
4.899106e-04 
4.899106e-04 
4.899106e-04 
4.899106e-04 
4.899106e-04 
4.899106e-04 
4.899106e-04 
4.899106e-04 
4.899106e-04 
4.899106e-04 
4.899106e-04 
4.899106e-04 
4.899106e-04 
4.899106e-04 
4.899106e-04 
4.899106e-04 
4.899106e-04 
4.899106e-04 
4.899106e-04 
4.899106e-04 
4.899106e-04 
4.899106e-04 
4.899106e-04 
4.899106e-04 
4.899106e-04 
4.899106e-04 
4.899106e-04 
4.899106e-04 
4.899106e-04 
4.899106e-04 
4.899106e-04 
4.899106e-04 
4.899106e-04 
4.899106e-04 
4.899106e-04 
4.899106e-04 
4.899106e-04 
4.899106e-04 
4.899106e-04 
4.899106e-04 
4.899106e-04 
4.899106e-04 
4.899106e-04 
4.899106e-04 
4.899106e-04 
4.899106e-04 
4.899106e-04 
4.899106e-04 
4.899106e-04 
4.899106e-04 
4.899106e-04 
4.899106e-04 
4.899106e-04 
4.899106e-04 
4.899106e-04 
4.899106e-04 
4.899106e-04 
4.899106e-04 
4.899106e-04 
4.899106e-04 
4.899106e-04 
4.899106e-04 
4.899106e-04 
4.899106e-04 
4.899106e-04 
4.899106e-04 
4.899106e-04 
4.899106e-04 
4.899106e-04 
4.899106e-04 
4.899106e-04 
4.899106e-04 
4.899106e-04 
4.899106e-04 
4.899106e-04 
4.899106e-04 
4.899106e-04 
4.899106e-04 
4.899106e-04 
4.899106e-04 
4.899106e-04 
4.899106e-04 
4.899106e-04 
4.899106e-04 
4.899106e-04 
4.899106e-04 
4.899106e-04 
4.899106e-04 
4.899106e-04 
4.899106e-04 
4.899106e-04 
4.899106e-04 
4.899106e-04 
4.899106e-04 
4.899106e-04 
4.899106e-04 
4.899106e-04 
4.899106e-04 
4.899106e-04 
4.899106e-04 
4.899106e-04 
4.899106e-04 
4.899106e-04 
4.899106e-04 
4.899106e-04 
4.899106e-04 
4.899106e-04 
4.899106e-04 
4.899106e-04 
4.939905e-04 
5.135965e-04 
5.343422e-04 
5.563113e-04 
5.795951e-04 
6.042932e-04 
6.305141e-04 
6.583769e-04 
6.880116e-04 
7.195610e-04 
7.531819e-04 
7.890470e-04 
8.273463e-04 
8.682897e-04 
9.121094e-04 
9.590624e-04 
1.009433e-03 
1.063540e-03 
1.121725e-03 
1.184298e-03 
1.251650e-03 
1.324263e-03 
1.402671e-03 
1.487469e-03 
1.579328e-03 
1.679000e-03 
1.787307e-03 
1.905296e-03 
2.034017e-03 
2.174718e-03 
2.328823e-03 
2.497961e-03 
2.684001e-03 
2.889099e-03 
3.115743e-03 
3.366818e-03 
3.645683e-03 
3.956262e-03 
4.303154e-03 
4.692153e-03
#[#TRACE_DATA]
#[#TRACE]
