Running 1 simulations with a radial tolerance of 0.001000
Running simulation 0
design_bus_layout_inputs_icUsed = 5

Io host mando questi al device:
10187 10188 10189 10190 10191 

[0, 0]: ESISTO in update inputs!
[0, 0]: ESISTO in kernel!
[0, 0]: ESISTO in kernel!
[0, 0]: ESISTO in kernel!
[0, 0]: ESISTO in kernel!
[0, 0]: ESISTO in kernel!
[0, 0]: ESISTO in kernel!
[0, 0]: ESISTO in kernel!
[0, 0]: ESISTO in kernel!
[0, 0]: ESISTO in kernel!
[0, 0]: ESISTO in kernel!
[0, 0]: ESISTO in kernel!
[0, 0]: ESISTO in kernel!
[0, 0]: ESISTO in kernel!
[0, 0]: ESISTO in kernel!
[0, 0]: ESISTO in kernel!
[0, 0]: ESISTO in kernel!
[0, 0]: ESISTO in kernel!
[0, 0]: ESISTO in kernel!
[0, 0]: ESISTO in kernel!
[0, 0]: ESISTO in kernel!
[0, 0]: ESISTO in kernel!
[0, 0]: ESISTO in kernel!
[0, 0]: ESISTO in kernel!
[0, 0]: ESISTO in kernel!
[0, 0]: ESISTO in kernel!
[0, 0]: ESISTO in kernel!
[0, 0]: ESISTO in kernel!
[0, 0]: ESISTO in kernel!
[0, 0]: ESISTO in kernel!
[0, 0]: ESISTO in kernel!
	Processing time1: 0.000000 (s)
	Processing time2: 6924955.000000 (ns)

Launch conclusa

Simulation Time: 38 seconds
